[SAMPLE]
{
Sample	1
Well	1:A,6
FileName	
SampleID	ASD-E-2601112-001
SampleDescription	Aquired with Galaxy
Date	15-Jan-2026
Time	18:55:20 PRC
JobCode	
TaskCode	
UserName	Congcong_Liu2
LabName	Aquired with Galaxy
Instrument	BAD_L_22_523
Conditions	
Submitter	Huanhuan_Zhang
SampleType	
Plate	
Method	
Process	Galaxy
MSTune	
MSMethod	
InletMethod	
PreRunMethod	
PostRunMethod	
SwitchMethod	
FractionMethod	
AcquisitionProcess	
AcquisitionProcessParameters	
AcquisitionProcessOptions	
InjectionVolume	25
ReportScheme	
SampleReportEnable	0
SampleReportFormat	
AnalysisTime	0
[COMPOUND]
{
;Mono Mass	Formula
}
[FUNCTION]
{
Function	1
IonMode	ES+
Type	MS
Description	(0:0)
[SPECTRUM]
{
ProcDesc	0.00:Combine
State	OK
Peak ID	0
Peak Ref	0
Time	0
TIC	0
BPI	0
BPM	0
Continuum	FALSE
Saved	FALSE
[MASSES]
{
;Mass	Exp. Mass	Obs. Mass	% BPI	Int. Abs
}
[RESULTS]
{
;Mass	Found	% BPI	% Purity
}
[MS]
{
;Mass	% BPI
0	0
}
}
[CHROMATOGRAM]
{
TraceNumber	1
Description	scroll down chrom view to see 2D LC chrom
ProcDesc	
MaxIntensity	0
[TRACE]
{
0	0
}
[PEAK]
{
Peak ID	0
Peak Ref	0
Time	0
Peak	0
Intensity	0	0
Height	0
AreaAbs	0
Area %BP	0
Area %Total	0
}
}
}
[FUNCTION]
{
Function	0
Description	ANALOG
[CHROMATOGRAM]
{
TraceNumber	2
Description	LC
ProcDesc	Result Id:1312, VWD: Signal A, 280 nm
MaxIntensity	0.2227835
[TRACE]
{
;Time	Int. %Max
0.0028125	0.08588202
0.006145834	0.08588202
0.009479167	0.08585526
0.0128125	0.08582851
0.01614583	0.08580175
0.01947917	0.085775
0.0228125	0.085775
0.02614583	0.085775
0.02947917	0.085775
0.0328125	0.08580175
0.03614583	0.08585526
0.03947917	0.08590877
0.0428125	0.08601579
0.04614583	0.08609605
0.04947917	0.08620307
0.0528125	0.08631009
0.05614583	0.08641711
0.05947917	0.08652412
0.0628125	0.0866579
0.06614583	0.08679167
0.06947917	0.08692544
0.0728125	0.08705921
0.07614584	0.08721974
0.07947917	0.08735351
0.0828125	0.08751404
0.08614583	0.08767457
0.08947916	0.08786185
0.0928125	0.08804913
0.09614583	0.08823641
0.09947917	0.08845045
0.1028125	0.08863773
0.1061458	0.08885177
0.1094792	0.08903905
0.1128125	0.08922633
0.1161458	0.0893601
0.1194792	0.08946712
0.1228125	0.08952063
0.1261458	0.08954738
0.1294792	0.08949387
0.1328125	0.08941361
0.1361458	0.08930659
0.1394792	0.08919957
0.1428125	0.0890658
0.1461458	0.08893203
0.1494792	0.08882501
0.1528125	0.08874475
0.1561458	0.08866448
0.1594792	0.08863773
0.1628125	0.08863773
0.1661458	0.08863773
0.1694792	0.08863773
0.1728125	0.08863773
0.1761458	0.08861098
0.1794792	0.08858422
0.1828125	0.08853071
0.1861458	0.0884772
0.1894792	0.08837018
0.1928125	0.08826317
0.1961458	0.08812939
0.1994792	0.08799562
0.2028125	0.0878886
0.2061458	0.08778159
0.2094792	0.08772808
0.2128125	0.08764781
0.2161458	0.08762106
0.2194792	0.0875943
0.2228125	0.08756755
0.2261458	0.08756755
0.2294792	0.08751404
0.2328125	0.08748729
0.2361458	0.08743378
0.2394792	0.08735351
0.2428125	0.08727325
0.2461458	0.08719299
0.2494792	0.08708597
0.2528125	0.08703246
0.2561458	0.08697895
0.2594792	0.0869522
0.2628125	0.0869522
0.2661458	0.08697895
0.2694792	0.08700571
0.2728125	0.08705921
0.2761458	0.08708597
0.2794792	0.08708597
0.2828125	0.08705921
0.2861458	0.08703246
0.2894792	0.0869522
0.2928125	0.08689869
0.2961458	0.08681842
0.2994792	0.08676491
0.3028125	0.08676491
0.3061458	0.08676491
0.3094792	0.08681842
0.3128125	0.08689869
0.3161458	0.08697895
0.3194792	0.08705921
0.3228125	0.08711272
0.3261458	0.08711272
0.3294792	0.08711272
0.3328125	0.08705921
0.3361458	0.08697895
0.3394792	0.08687193
0.3428125	0.08676491
0.3461458	0.0866579
0.3494792	0.08655088
0.3528125	0.08647061
0.3561458	0.08639035
0.3594792	0.08633684
0.3628125	0.08628333
0.3661458	0.08625658
0.3694792	0.08620307
0.3728125	0.08614956
0.3761458	0.08612281
0.3794792	0.08609605
0.3828125	0.0860693
0.3861458	0.08604254
0.3894792	0.08601579
0.3928125	0.08598903
0.3961458	0.08593552
0.3994792	0.08590877
0.4028125	0.08585526
0.4061458	0.085775
0.4094792	0.08566798
0.4128125	0.08553421
0.4161458	0.08542719
0.4194792	0.08529342
0.4228125	0.0851864
0.4261458	0.08507938
0.4294792	0.08502587
0.4328125	0.08497236
0.4361458	0.08494561
0.4394792	0.08491885
0.4428125	0.08494561
0.4461458	0.08494561
0.4494792	0.08497236
0.4528125	0.08497236
0.4561458	0.08497236
0.4594792	0.08497236
0.4628125	0.08494561
0.4661458	0.08494561
0.4694792	0.08494561
0.4728125	0.08497236
0.4761458	0.08499912
0.4794792	0.08499912
0.4828125	0.08502587
0.4861458	0.08502587
0.4894792	0.08502587
0.4928125	0.08497236
0.4961458	0.08491885
0.4994792	0.08483859
0.5028125	0.08475833
0.5061458	0.08462455
0.5094792	0.08451753
0.5128125	0.08438376
0.5161458	0.08427674
0.5194792	0.08419648
0.5228125	0.08411622
0.5261458	0.08408946
0.5294791	0.08406271
0.5328125	0.08408946
0.5361458	0.08411622
0.5394792	0.08419648
0.5428125	0.08424999
0.5461459	0.0843035
0.5494792	0.08433025
0.5528125	0.08435701
0.5561458	0.08435701
0.5594792	0.08433025
0.5628125	0.0843035
0.5661458	0.08424999
0.5694792	0.08422324
0.5728125	0.08416973
0.5761458	0.08416973
0.5794792	0.08416973
0.5828125	0.08419648
0.5861458	0.08419648
0.5894791	0.08422324
0.5928125	0.08427674
0.5961458	0.0843035
0.5994791	0.08433025
0.6028125	0.08438376
0.6061459	0.08443727
0.6094792	0.08449078
0.6128125	0.08457104
0.6161458	0.08467806
0.6194792	0.08475833
0.6228125	0.08486534
0.6261458	0.08491885
0.6294792	0.08494561
0.6328125	0.08494561
0.6361458	0.08486534
0.6394792	0.08475833
0.6428125	0.08462455
0.6461458	0.08443727
0.6494792	0.08422324
0.6528125	0.0840092
0.6561458	0.08379516
0.6594791	0.08363464
0.6628125	0.08350086
0.6661459	0.0834206
0.6694792	0.08336709
0.6728125	0.08339384
0.6761459	0.08344735
0.6794792	0.08358113
0.6828125	0.0837149
0.6861458	0.08387543
0.6894792	0.0840092
0.6928125	0.08414297
0.6961458	0.08424999
0.6994792	0.0843035
0.7028125	0.0843035
0.7061458	0.08424999
0.7094792	0.08416973
0.7128125	0.0840092
0.7161458	0.08384867
0.7194791	0.08368814
0.7228125	0.08352762
0.7261458	0.08339384
0.7294792	0.08331358
0.7328125	0.08326007
0.7361459	0.08326007
0.7394792	0.08328683
0.7428125	0.08334034
0.7461458	0.08339384
0.7494792	0.08347411
0.7528125	0.08355437
0.7561458	0.08363464
0.7594792	0.08368814
0.7628125	0.08374165
0.7661458	0.08376841
0.7694792	0.08379516
0.7728125	0.08379516
0.7761458	0.08379516
0.7794791	0.08376841
0.7828125	0.0837149
0.7861458	0.08366139
0.7894792	0.08360788
0.7928125	0.08358113
0.7961459	0.08355437
0.7994792	0.08352762
0.8028125	0.08350086
0.8061458	0.08350086
0.8094792	0.08350086
0.8128125	0.08350086
0.8161458	0.08350086
0.8194792	0.08347411
0.8228125	0.08344735
0.8261458	0.0834206
0.8294792	0.08336709
0.8328125	0.08331358
0.8361458	0.08323332
0.8394791	0.08315305
0.8428125	0.08307279
0.8461458	0.08296577
0.8494791	0.08288551
0.8528125	0.08277849
0.8561459	0.08272498
0.8594792	0.08267147
0.8628125	0.08264472
0.8661458	0.08264472
0.8694792	0.08267147
0.8728125	0.08267147
0.8761458	0.08269823
0.8794792	0.08269823
0.8828125	0.08267147
0.8861458	0.08264472
0.8894792	0.08259121
0.8928125	0.0825377
0.8961458	0.08248419
0.8994792	0.08243068
0.9028125	0.08235042
0.9061458	0.08229691
0.9094791	0.08227015
0.9128125	0.08221665
0.9161459	0.08221665
0.9194792	0.08218989
0.9228125	0.08218989
0.9261459	0.08221665
0.9294792	0.0822434
0.9328125	0.08229691
0.9361458	0.08235042
0.9394792	0.08245744
0.9428125	0.08256445
0.9461458	0.08269823
0.9494792	0.08285875
0.9528125	0.08301928
0.9561458	0.08320656
0.9594792	0.08339384
0.9628125	0.08358113
0.9661458	0.08374165
0.9694791	0.08384867
0.9728125	0.08390218
0.9761458	0.08392894
0.9794792	0.08390218
0.9828125	0.08379516
0.9861459	0.08366139
0.9894792	0.08347411
0.9928125	0.08328683
0.9961458	0.08307279
0.9994792	0.08288551
1.002813	0.08269823
1.006146	0.08256445
1.009479	0.08243068
1.012812	0.08235042
1.016146	0.08232366
1.019479	0.08229691
1.022812	0.08229691
1.026146	0.08229691
1.029479	0.08229691
1.032812	0.08227015
1.036146	0.0822434
1.039479	0.08221665
1.042812	0.08216314
1.046146	0.08210963
1.049479	0.08208287
1.052812	0.08205612
1.056146	0.08202936
1.059479	0.08202936
1.062812	0.08205612
1.066146	0.08210963
1.069479	0.08216314
1.072813	0.0822434
1.076146	0.08232366
1.079479	0.08237717
1.082813	0.08245744
1.086146	0.0825377
1.089479	0.08259121
1.092813	0.08267147
1.096146	0.08272498
1.099479	0.08275174
1.102813	0.08275174
1.106146	0.08269823
1.109479	0.08267147
1.112813	0.08259121
1.116146	0.0825377
1.119479	0.08248419
1.122813	0.08240393
1.126146	0.08235042
1.129479	0.08232366
1.132813	0.08229691
1.136146	0.08232366
1.139479	0.08232366
1.142812	0.08235042
1.146146	0.08237717
1.149479	0.08240393
1.152812	0.08243068
1.156146	0.08245744
1.159479	0.08248419
1.162812	0.08248419
1.166146	0.08245744
1.169479	0.08237717
1.172812	0.08229691
1.176146	0.08216314
1.179479	0.08200261
1.182812	0.08181533
1.186146	0.08162805
1.189479	0.08146752
1.192812	0.08133375
1.196146	0.08122673
1.199479	0.08117322
1.202813	0.08114646
1.206146	0.08114646
1.209479	0.08117322
1.212813	0.08117322
1.216146	0.08119997
1.219479	0.08119997
1.222813	0.08117322
1.226146	0.08114646
1.229479	0.08114646
1.232813	0.08114646
1.236146	0.08117322
1.239479	0.08125348
1.242813	0.08133375
1.246146	0.08146752
1.249479	0.08160129
1.252813	0.08176182
1.256146	0.08189559
1.259479	0.08205612
1.262812	0.08216314
1.266146	0.08221665
1.269479	0.0822434
1.272812	0.08221665
1.276146	0.08216314
1.279479	0.08205612
1.282812	0.08189559
1.286146	0.08173506
1.289479	0.08157454
1.292812	0.08144076
1.296146	0.08130699
1.299479	0.08122673
1.302812	0.08117322
1.306146	0.08114646
1.309479	0.08114646
1.312812	0.08117322
1.316146	0.08122673
1.319479	0.08128024
1.322813	0.08138726
1.326146	0.08154778
1.329479	0.08173506
1.332813	0.0819491
1.336146	0.08216314
1.339479	0.08237717
1.342813	0.08256445
1.346146	0.08272498
1.349479	0.08280524
1.352813	0.08280524
1.356146	0.08272498
1.359479	0.08256445
1.362813	0.08237717
1.366146	0.08216314
1.369479	0.0819491
1.372813	0.08176182
1.376146	0.08160129
1.379479	0.08149427
1.382813	0.08141401
1.386146	0.08138726
1.389479	0.08138726
1.392812	0.08138726
1.396146	0.08138726
1.399479	0.08138726
1.402812	0.08141401
1.406146	0.08144076
1.409479	0.08146752
1.412812	0.08152103
1.416146	0.08157454
1.419479	0.0816548
1.422812	0.08176182
1.426146	0.08189559
1.429479	0.08202936
1.432812	0.08213638
1.436146	0.0822434
1.439479	0.08229691
1.442812	0.08232366
1.446146	0.08229691
1.449479	0.08221665
1.452813	0.08213638
1.456146	0.08205612
1.459479	0.08197585
1.462813	0.08186884
1.466146	0.08181533
1.469479	0.08178857
1.472813	0.08178857
1.476146	0.08181533
1.479479	0.08184208
1.482813	0.08189559
1.486146	0.08189559
1.489479	0.08189559
1.492813	0.08189559
1.496146	0.08184208
1.499479	0.08176182
1.502813	0.0816548
1.506146	0.08154778
1.509479	0.08141401
1.512812	0.08125348
1.516146	0.08111971
1.519479	0.08098594
1.522812	0.08085217
1.526146	0.08071839
1.529479	0.08063813
1.532812	0.08053111
1.536146	0.08045085
1.539479	0.08039734
1.542812	0.08037058
1.546146	0.08037058
1.549479	0.08037058
1.552812	0.08042409
1.556146	0.0804776
1.559479	0.08058462
1.562812	0.08071839
1.566146	0.08085217
1.569479	0.08101269
1.572813	0.08114646
1.576146	0.08125348
1.579479	0.08130699
1.582813	0.08130699
1.586146	0.08128024
1.589479	0.08122673
1.592813	0.08114646
1.596146	0.08103945
1.599479	0.08095918
1.602813	0.08090567
1.606146	0.08090567
1.609479	0.08095918
1.612813	0.0810662
1.616146	0.08119997
1.619479	0.08133375
1.622813	0.08149427
1.626146	0.08162805
1.629479	0.08170831
1.632813	0.08176182
1.636146	0.08173506
1.639479	0.0816548
1.642812	0.08152103
1.646146	0.0813605
1.649479	0.08119997
1.652812	0.08103945
1.656146	0.08090567
1.659479	0.08079866
1.662812	0.08074515
1.666146	0.08071839
1.669479	0.0807719
1.672812	0.08085217
1.676146	0.08098594
1.679479	0.08111971
1.682812	0.08125348
1.686146	0.08138726
1.689479	0.08149427
1.692812	0.08157454
1.696146	0.08160129
1.699479	0.08157454
1.702813	0.08152103
1.706146	0.08144076
1.709479	0.0813605
1.712813	0.08130699
1.716146	0.08125348
1.719479	0.08122673
1.722813	0.08122673
1.726146	0.08128024
1.729479	0.08133375
1.732813	0.08138726
1.736146	0.08146752
1.739479	0.08152103
1.742813	0.08154778
1.746146	0.08152103
1.749479	0.08149427
1.752813	0.08141401
1.756146	0.08133375
1.759479	0.08125348
1.762812	0.08114646
1.766146	0.0810662
1.769479	0.08095918
1.772812	0.08085217
1.776146	0.0807719
1.779479	0.08069164
1.782812	0.08061137
1.786146	0.08053111
1.789479	0.08050436
1.792812	0.0804776
1.796146	0.08050436
1.799479	0.08055787
1.802812	0.08066488
1.806146	0.0807719
1.809479	0.08090567
1.812812	0.08103945
1.816146	0.08117322
1.819479	0.08125348
1.822813	0.08130699
1.826146	0.08130699
1.829479	0.08125348
1.832813	0.08117322
1.836146	0.08103945
1.839479	0.08090567
1.842813	0.08074515
1.846146	0.08058462
1.849479	0.08042409
1.852813	0.08026357
1.856146	0.08012979
1.859479	0.07996927
1.862813	0.07986225
1.866146	0.07975523
1.869479	0.07964821
1.872813	0.07954119
1.876146	0.07948768
1.879479	0.07940742
1.882813	0.07938067
1.886146	0.07935391
1.889479	0.07938067
1.892812	0.07940742
1.896146	0.07943418
1.899479	0.07948768
1.902812	0.07956795
1.906146	0.07962146
1.909479	0.07970172
1.912812	0.07978198
1.916146	0.07983549
1.919479	0.079889
1.922812	0.07994251
1.926146	0.07996927
1.929479	0.07999602
1.932812	0.08002278
1.936146	0.08007628
1.939479	0.08012979
1.942812	0.08021006
1.946146	0.08031707
1.949479	0.08042409
1.952813	0.08058462
1.956146	0.08071839
1.959479	0.08082541
1.962813	0.08090567
1.966146	0.08090567
1.969479	0.08085217
1.972813	0.08074515
1.976146	0.08058462
1.979479	0.08037058
1.982813	0.08015655
1.986146	0.07994251
1.989479	0.07975523
1.992813	0.07962146
1.996146	0.07956795
1.999479	0.07954119
2.002812	0.07956795
2.006146	0.07964821
2.009479	0.07972848
2.012813	0.07978198
2.016146	0.07986225
2.019479	0.079889
2.022813	0.079889
2.026146	0.079889
2.029479	0.07986225
2.032813	0.07986225
2.036146	0.07986225
2.039479	0.079889
2.042813	0.07991576
2.046146	0.07994251
2.049479	0.07996927
2.052813	0.08002278
2.056146	0.08004953
2.059479	0.08007628
2.062813	0.08007628
2.066146	0.08007628
2.069479	0.08004953
2.072813	0.08004953
2.076146	0.08004953
2.079479	0.08007628
2.082813	0.08010304
2.086146	0.08012979
2.089479	0.08015655
2.092813	0.0801833
2.096146	0.08021006
2.099479	0.08021006
2.102813	0.08021006
2.106146	0.08021006
2.109479	0.0801833
2.112813	0.08012979
2.116146	0.08010304
2.119479	0.08007628
2.122813	0.08004953
2.126146	0.08004953
2.129479	0.08004953
2.132813	0.08002278
2.136146	0.08002278
2.139479	0.08002278
2.142812	0.08002278
2.146146	0.08002278
2.149479	0.08002278
2.152812	0.07999602
2.156146	0.07991576
2.159479	0.07983549
2.162812	0.07970172
2.166146	0.07956795
2.169479	0.07943418
2.172812	0.07927365
2.176146	0.07911312
2.179479	0.0790061
2.182812	0.07892584
2.186146	0.07889909
2.189479	0.07892584
2.192812	0.0790061
2.196146	0.07911312
2.199479	0.07927365
2.202812	0.07943418
2.206146	0.0795947
2.209479	0.07972848
2.212812	0.07986225
2.216146	0.07996927
2.219479	0.08002278
2.222812	0.08004953
2.226146	0.08002278
2.229479	0.07999602
2.232812	0.07994251
2.236146	0.07986225
2.239479	0.07978198
2.242812	0.07970172
2.246146	0.07962146
2.249479	0.07954119
2.252812	0.07946093
2.256146	0.07938067
2.259479	0.0793004
2.262813	0.07922014
2.266146	0.07913988
2.269479	0.07905961
2.272813	0.0790061
2.276146	0.07892584
2.279479	0.07884558
2.282813	0.07876531
2.286146	0.07868505
2.289479	0.07857803
2.292813	0.07847101
2.296146	0.07839075
2.299479	0.07828373
2.302813	0.07820347
2.306146	0.0781232
2.309479	0.07806969
2.312813	0.07804294
2.316146	0.07806969
2.319479	0.0781232
2.322813	0.07823022
2.326146	0.07833724
2.329479	0.07847101
2.332813	0.07863154
2.336146	0.07881882
2.339479	0.07897935
2.342813	0.07913988
2.346146	0.07927365
2.349479	0.07938067
2.352813	0.07943418
2.356146	0.07946093
2.359479	0.07946093
2.362813	0.07940742
2.366146	0.07935391
2.369479	0.07927365
2.372813	0.07919338
2.376146	0.07913988
2.379479	0.07905961
2.382813	0.07903286
2.386146	0.0790061
2.389479	0.07897935
2.392812	0.07895259
2.396146	0.07895259
2.399479	0.07895259
2.402812	0.07897935
2.406146	0.0790061
2.409479	0.07903286
2.412812	0.07903286
2.416146	0.07905961
2.419479	0.07905961
2.422812	0.07908637
2.426146	0.07905961
2.429479	0.07905961
2.432812	0.07903286
2.436146	0.0790061
2.439479	0.07895259
2.442812	0.07892584
2.446146	0.07889909
2.449479	0.07884558
2.452812	0.07879207
2.456146	0.0787118
2.459479	0.07865829
2.462812	0.07860479
2.466146	0.07855128
2.469479	0.07852452
2.472812	0.07849777
2.476146	0.07847101
2.479479	0.07849777
2.482812	0.07852452
2.486146	0.07855128
2.489479	0.07857803
2.492812	0.07860479
2.496146	0.07860479
2.499479	0.07860479
2.502812	0.07855128
2.506146	0.07852452
2.509479	0.07847101
2.512813	0.07844426
2.516146	0.07839075
2.519479	0.07839075
2.522813	0.07839075
2.526146	0.0784175
2.529479	0.07844426
2.532813	0.07852452
2.536146	0.07857803
2.539479	0.07863154
2.542813	0.07865829
2.546146	0.07868505
2.549479	0.07863154
2.552813	0.07857803
2.556146	0.07847101
2.559479	0.07839075
2.562813	0.07831049
2.566146	0.07825698
2.569479	0.07823022
2.572813	0.07825698
2.576146	0.07833724
2.579479	0.0784175
2.582813	0.07852452
2.586146	0.07860479
2.589479	0.07865829
2.592813	0.07865829
2.596146	0.07863154
2.599479	0.07855128
2.602813	0.07847101
2.606146	0.07839075
2.609479	0.07833724
2.612813	0.07833724
2.616146	0.07839075
2.619479	0.07847101
2.622813	0.07860479
2.626146	0.07873856
2.629479	0.07887233
2.632813	0.07895259
2.636146	0.0790061
2.639479	0.0790061
2.642812	0.07895259
2.646146	0.07887233
2.649479	0.07873856
2.652812	0.07863154
2.656146	0.07852452
2.659479	0.0784175
2.662812	0.07831049
2.666146	0.07823022
2.669479	0.07817671
2.672812	0.0781232
2.676146	0.07809645
2.679479	0.07806969
2.682812	0.07806969
2.686146	0.07806969
2.689479	0.07806969
2.692812	0.07806969
2.696146	0.07806969
2.699479	0.07806969
2.702812	0.07801619
2.706146	0.07798943
2.709479	0.07790917
2.712812	0.07785566
2.716146	0.0777754
2.719479	0.07772189
2.722812	0.07769513
2.726146	0.07769513
2.729479	0.07772189
2.732812	0.0777754
2.736146	0.0778289
2.739479	0.07788241
2.742812	0.07793592
2.746146	0.07798943
2.749479	0.07801619
2.752812	0.07801619
2.756146	0.07798943
2.759479	0.07793592
2.762813	0.07785566
2.766146	0.07780215
2.769479	0.07774864
2.772813	0.07772189
2.776146	0.07769513
2.779479	0.07769513
2.782813	0.07772189
2.786146	0.0777754
2.789479	0.07780215
2.792813	0.07785566
2.796146	0.07788241
2.799479	0.07790917
2.802813	0.07790917
2.806146	0.07790917
2.809479	0.07790917
2.812813	0.07788241
2.816146	0.07788241
2.819479	0.07788241
2.822813	0.07785566
2.826146	0.0778289
2.829479	0.07780215
2.832813	0.07774864
2.836146	0.07772189
2.839479	0.07766838
2.842813	0.07761487
2.846146	0.07761487
2.849479	0.07761487
2.852813	0.07766838
2.856146	0.07774864
2.859479	0.07788241
2.862813	0.07801619
2.866146	0.07814996
2.869479	0.07828373
2.872813	0.07836399
2.876146	0.0784175
2.879479	0.07844426
2.882813	0.07839075
2.886146	0.07833724
2.889479	0.07825698
2.892812	0.07817671
2.896146	0.0781232
2.899479	0.0781232
2.902812	0.07814996
2.906146	0.07823022
2.909479	0.07831049
2.912812	0.0784175
2.916146	0.07852452
2.919479	0.07860479
2.922812	0.07865829
2.926146	0.07868505
2.929479	0.07865829
2.932812	0.07860479
2.936146	0.07855128
2.939479	0.07847101
2.942812	0.07839075
2.946146	0.07831049
2.949479	0.07825698
2.952812	0.07823022
2.956146	0.07823022
2.959479	0.07825698
2.962812	0.07828373
2.966146	0.07833724
2.969479	0.07839075
2.972812	0.0784175
2.976146	0.0784175
2.979479	0.07839075
2.982812	0.07831049
2.986146	0.07823022
2.989479	0.07809645
2.992812	0.07793592
2.996146	0.0777754
2.999479	0.07761487
3.002812	0.07750785
3.006146	0.07740083
3.009479	0.07734732
3.012813	0.07732057
3.016146	0.07729381
3.019479	0.07726706
3.022813	0.07726706
3.026146	0.0772403
3.029479	0.07721355
3.032813	0.07716004
3.036146	0.07713329
3.039479	0.07707978
3.042813	0.07705302
3.046146	0.07705302
3.049479	0.07705302
3.052813	0.07707978
3.056146	0.07710653
3.059479	0.07713329
3.062813	0.07713329
3.066146	0.07710653
3.069479	0.07707978
3.072813	0.07699951
3.076146	0.07691925
3.079479	0.07683899
3.082813	0.07675872
3.086146	0.07667846
3.089479	0.07662495
3.092813	0.0765982
3.096146	0.0765982
3.099479	0.0765982
3.102813	0.07662495
3.106146	0.07665171
3.109479	0.07667846
3.112813	0.07670521
3.116146	0.07673197
3.119479	0.07675872
3.122813	0.07681223
3.126146	0.07686574
3.129479	0.07691925
3.132813	0.07697276
3.136146	0.07705302
3.139479	0.07710653
3.142812	0.07713329
3.146146	0.07713329
3.149479	0.07707978
3.152812	0.07699951
3.156146	0.0768925
3.159479	0.07673197
3.162812	0.07657144
3.166146	0.07641091
3.169479	0.07625039
3.172812	0.07614337
3.176146	0.07608986
3.179479	0.07611661
3.182812	0.07619688
3.186146	0.07633065
3.189479	0.07654469
3.192812	0.07681223
3.196146	0.07710653
3.199479	0.07737408
3.202812	0.07764162
3.206146	0.07788241
3.209479	0.07809645
3.212812	0.07823022
3.216146	0.07833724
3.219479	0.0784175
3.222812	0.07849777
3.226146	0.07855128
3.229479	0.07863154
3.232812	0.07873856
3.236146	0.07889909
3.239479	0.07911312
3.242812	0.07946093
3.246146	0.07991576
3.249479	0.08050436
3.252812	0.08125348
3.256146	0.08218989
3.259479	0.08328683
3.262813	0.0845978
3.266146	0.08609605
3.269479	0.08778159
3.272813	0.08962765
3.276146	0.09163424
3.279479	0.09380135
3.282813	0.096129
3.286146	0.09861717
3.289479	0.1013194
3.292813	0.1042089
3.296146	0.1073391
3.299479	0.1107102
3.302813	0.1143221
3.306146	0.1181747
3.309479	0.1222949
3.312813	0.1266024
3.316146	0.1311239
3.319479	0.1357792
3.322813	0.140595
3.326146	0.1454911
3.329479	0.1504674
3.332813	0.155524
3.336146	0.1606074
3.339479	0.165771
3.342813	0.1709346
3.346146	0.1761518
3.349479	0.1813689
3.352813	0.1866128
3.356146	0.1918299
3.359479	0.197047
3.362813	0.2022374
3.366146	0.2073743
3.369479	0.2124844
3.372813	0.217541
3.376146	0.2225441
3.379479	0.2275205
3.382813	0.2324433
3.386146	0.2373394
3.389479	0.2421819
3.392812	0.2470245
3.396146	0.2518671
3.399479	0.2567096
3.402812	0.2616057
3.406146	0.2665285
3.409479	0.2715316
3.412812	0.276615
3.416146	0.2818054
3.419479	0.2871295
3.422812	0.2925607
3.426146	0.2981256
3.429479	0.3037976
3.432812	0.3095766
3.436146	0.3154893
3.439479	0.3214823
3.442812	0.3275823
3.446146	0.3337894
3.449479	0.3401035
3.452812	0.3465513
3.456146	0.3531329
3.459479	0.3598751
3.462812	0.3668045
3.466146	0.3738944
3.469479	0.3811984
3.472812	0.3886629
3.476146	0.396288
3.479479	0.4041003
3.482812	0.4120196
3.486146	0.420046
3.489479	0.4282061
3.492812	0.4364465
3.496146	0.4447672
3.499479	0.4531948
3.502812	0.4617295
3.506146	0.4703445
3.509479	0.4790665
3.512813	0.4878955
3.516146	0.4968047
3.519479	0.5057942
3.522813	0.514864
3.526146	0.524014
3.529479	0.5332443
3.532813	0.5425282
3.536146	0.5518922
3.539479	0.5613633
3.542813	0.5709415
3.546146	0.5806266
3.549479	0.590392
3.552813	0.6002912
3.556146	0.6102974
3.559479	0.6204373
3.562813	0.6307111
3.566146	0.6411186
3.569479	0.6516866
3.572813	0.662442
3.576146	0.6734113
3.579479	0.6846215
3.582813	0.6960724
3.586146	0.7078444
3.589479	0.7199374
3.592813	0.732405
3.596146	0.7452204
3.599479	0.7584104
3.602813	0.771975
3.606146	0.7859141
3.609479	0.8002545
3.612813	0.8149427
3.616146	0.8300055
3.619479	0.8453894
3.622813	0.861121
3.626146	0.8771737
3.629479	0.893494
3.632813	0.9100818
3.636146	0.9269104
3.639479	0.9438995
3.642812	0.9610759
3.646146	0.9783058
3.649479	0.9956159
3.652812	1.012926
3.656146	1.030183
3.659479	1.047359
3.662812	1.064375
3.666146	1.08115
3.669479	1.097658
3.672812	1.113791
3.676146	1.129522
3.679479	1.144746
3.682812	1.159461
3.686146	1.17356
3.689479	1.187018
3.692812	1.199807
3.696146	1.211926
3.699479	1.223351
3.702812	1.234079
3.706146	1.244112
3.709479	1.253449
3.712812	1.262091
3.716146	1.270064
3.719479	1.277368
3.722812	1.284057
3.726146	1.290157
3.729479	1.295695
3.732812	1.300751
3.736146	1.30538
3.739479	1.309741
3.742812	1.313861
3.746146	1.317955
3.749479	1.322101
3.752812	1.326462
3.756146	1.331278
3.759479	1.336656
3.762813	1.342809
3.766146	1.349953
3.769479	1.358247
3.772813	1.367905
3.776146	1.379089
3.779479	1.391984
3.782813	1.406806
3.786146	1.423688
3.789479	1.442818
3.792813	1.464382
3.796146	1.488568
3.799479	1.515483
3.802813	1.545288
3.806146	1.578062
3.809479	1.613886
3.812813	1.652841
3.816146	1.694926
3.819479	1.740114
3.822813	1.788379
3.826146	1.839641
3.829479	1.893792
3.832813	1.950699
3.836146	2.010174
3.839479	2.072057
3.842813	2.136054
3.846146	2.201897
3.849479	2.269318
3.852813	2.337971
3.856146	2.407532
3.859479	2.477603
3.862813	2.547806
3.866146	2.617743
3.869479	2.687037
3.872813	2.755207
3.876146	2.821853
3.879479	2.886545
3.882813	2.948883
3.886146	3.008385
3.889479	3.06473
3.892812	3.117517
3.896146	3.166424
3.899479	3.211131
3.902812	3.25137
3.906146	3.286927
3.909479	3.317587
3.912812	3.343191
3.916146	3.363605
3.919479	3.378748
3.922812	3.388567
3.926146	3.393008
3.929479	3.392125
3.932812	3.385972
3.936146	3.374655
3.939479	3.358308
3.942812	3.337065
3.946146	3.31114
3.949479	3.280746
3.952812	3.246153
3.956146	3.207626
3.959479	3.165434
3.962812	3.119898
3.966146	3.071312
3.969479	3.020024
3.972812	2.966301
3.976146	2.910491
3.979479	2.852915
3.982812	2.793814
3.986146	2.733563
3.989479	2.672375
3.992812	2.610572
3.996146	2.548448
3.999479	2.486271
4.002812	2.424281
4.006146	2.362745
4.009479	2.301906
4.012813	2.241975
4.016146	2.183169
4.019479	2.125647
4.022812	2.069623
4.026146	2.015231
4.029479	1.962605
4.032813	1.911878
4.036146	1.863185
4.039479	1.816659
4.042812	1.772407
4.046146	1.730536
4.049479	1.691207
4.052813	1.6545
4.056146	1.620548
4.059479	1.589486
4.062812	1.561474
4.066146	1.536699
4.069479	1.515349
4.072813	1.497665
4.076146	1.48394
4.079479	1.474442
4.082812	1.469572
4.086146	1.469706
4.089479	1.475298
4.092813	1.486829
4.096146	1.504862
4.099479	1.529984
4.102812	1.562812
4.106146	1.604067
4.109479	1.654553
4.112813	1.715018
4.116146	1.786373
4.119479	1.869526
4.122812	1.965414
4.126146	2.075054
4.129479	2.199462
4.132813	2.339656
4.136146	2.496652
4.139479	2.671439
4.142813	2.864981
4.146146	3.078108
4.149479	3.311621
4.152812	3.56619
4.156146	3.842324
4.159479	4.140369
4.162813	4.46054
4.166146	4.802784
4.169479	5.166914
4.172812	5.552473
4.176146	5.958767
4.179479	6.38486
4.182813	6.829546
4.186146	7.291382
4.189479	7.768576
4.192812	8.259174
4.196146	8.760874
4.199479	9.271218
4.202813	9.787473
4.206146	10.30675
4.209479	10.82595
4.212812	11.34194
4.216146	11.85142
4.219479	12.35109
4.222813	12.83765
4.226146	13.30778
4.229479	13.75827
4.232812	14.186
4.236146	14.58801
4.239479	14.96156
4.242813	15.30404
4.246146	15.61319
4.249479	15.88697
4.252812	16.12372
4.256146	16.32202
4.259479	16.48089
4.262813	16.59955
4.266146	16.6777
4.269479	16.71534
4.272812	16.7128
4.276146	16.67079
4.279479	16.59026
4.282813	16.4726
4.286146	16.31929
4.289479	16.1322
4.292812	15.91335
4.296146	15.66496
4.299479	15.38936
4.302813	15.08901
4.306146	14.76646
4.309479	14.4243
4.312812	14.06512
4.316146	13.69157
4.319479	13.3062
4.322813	12.91154
4.326146	12.51004
4.329479	12.10399
4.332812	11.69561
4.336146	11.2869
4.339479	10.87978
4.342813	10.47597
4.346146	10.07704
4.349479	9.684361
4.352812	9.299176
4.356146	8.922606
4.359479	8.555534
4.362813	8.198762
4.366146	7.852933
4.369479	7.518582
4.372812	7.196029
4.376146	6.885544
4.379479	6.587257
4.382813	6.301171
4.386146	6.027259
4.389479	5.765385
4.392813	5.515311
4.396146	5.276794
4.399479	5.049515
4.402812	4.833124
4.406146	4.627275
4.409479	4.431565
4.412813	4.245568
4.416146	4.068881
4.419479	3.901077
4.422812	3.741807
4.426146	3.59059
4.429479	3.447106
4.432813	3.310952
4.436146	3.181781
4.439479	3.059192
4.442812	2.942864
4.446146	2.832448
4.449479	2.727623
4.452813	2.62807
4.456146	2.533493
4.459479	2.443624
4.462812	2.358224
4.466146	2.277024
4.469479	2.199837
4.472813	2.126449
4.476146	2.056727
4.479479	1.990429
4.482812	1.927449
4.486146	1.867599
4.489479	1.810692
4.492813	1.756595
4.496146	1.705146
4.499479	1.656212
4.502812	1.609632
4.506146	1.5653
4.509479	1.523108
4.512813	1.482976
4.516146	1.444824
4.519479	1.408519
4.522812	1.374032
4.526146	1.341258
4.529479	1.310115
4.532813	1.280552
4.536146	1.252433
4.539479	1.225732
4.542812	1.200342
4.546146	1.176236
4.549479	1.153361
4.552813	1.131636
4.556146	1.111062
4.559479	1.091638
4.562812	1.073284
4.566146	1.056054
4.569479	1.039895
4.572813	1.024805
4.576146	1.010813
4.579479	0.9978901
4.582812	0.9860378
4.586146	0.9753093
4.589479	0.9657044
4.592813	0.95725
4.596146	0.950053
4.599479	0.9441938
4.602812	0.9397258
4.606146	0.9368096
4.609479	0.9355521
4.612813	0.9360604
4.616146	0.9385486
4.619479	0.9431771
4.622812	0.9501066
4.626146	0.9594973
4.629479	0.9715904
4.632813	0.9865462
4.636146	1.004579
4.639479	1.025929
4.642813	1.050784
4.646146	1.079384
4.649479	1.111998
4.652812	1.148839
4.656146	1.190148
4.659479	1.236193
4.662813	1.287214
4.666146	1.343452
4.669479	1.405147
4.672812	1.472542
4.676146	1.545769
4.679479	1.62507
4.682813	1.71055
4.686146	1.802318
4.689479	1.900454
4.692812	2.004984
4.696146	2.115854
4.699479	2.233039
4.702813	2.356405
4.706146	2.485789
4.709479	2.621007
4.712812	2.761789
4.716146	2.907869
4.719479	3.058978
4.722813	3.21477
4.726146	3.374922
4.729479	3.539168
4.732812	3.707187
4.736146	3.87871
4.739479	4.053577
4.742813	4.231629
4.746146	4.412837
4.749479	4.597283
4.752812	4.785153
4.756146	4.976876
4.759479	5.173067
4.762813	5.374555
4.766146	5.582518
4.769479	5.7984
4.772812	6.024048
4.776146	6.261628
4.779479	6.51379
4.782813	6.783609
4.786146	7.074618
4.789479	7.390829
4.792812	7.736738
4.796146	8.117402
4.799479	8.53833
4.802813	9.005519
4.806146	9.525519
4.809479	10.10526
4.812812	10.75205
4.816146	11.4736
4.819479	12.27773
4.822813	13.17245
4.826146	14.16582
4.829479	15.26565
4.832812	16.47955
4.836146	17.81474
4.839479	19.27776
4.842813	20.87447
4.846146	22.60982
4.849479	24.48761
4.852812	26.51039
4.856146	28.67921
4.859479	30.99353
4.862813	33.45096
4.866146	36.04717
4.869479	38.77584
4.872812	41.62854
4.876146	44.59468
4.879479	47.66168
4.882813	50.81489
4.886146	54.03779
4.889479	57.31201
4.892813	60.61755
4.896146	63.93303
4.899479	67.23577
4.902812	70.50226
4.906146	73.70825
4.909479	76.82917
4.912813	79.84047
4.916146	82.71794
4.919479	85.43816
4.922812	87.97882
4.926146	90.31898
4.929479	92.43952
4.932813	94.32331
4.936146	95.95541
4.939479	97.32342
4.942812	98.41758
4.946146	99.23075
4.949479	99.75873
4.952813	100
4.956146	99.95594
4.959479	99.63049
4.962812	99.03034
4.966146	98.16451
4.969479	97.04429
4.972813	95.68302
4.976146	94.09579
4.979479	92.29917
4.982812	90.31106
4.986146	88.15037
4.989479	85.83664
4.992813	83.38991
4.996146	80.83036
4.999479	78.178
5.002812	75.45246
5.006146	72.67288
5.009479	69.85758
5.012813	67.02392
5.016146	64.18824
5.019479	61.36569
5.022812	58.57022
5.026146	55.81448
5.029479	53.10984
5.032813	50.4663
5.036146	47.8926
5.039479	45.39606
5.042812	42.98274
5.046146	40.65746
5.049479	38.42393
5.052813	36.28472
5.056146	34.24142
5.059479	32.29479
5.062812	30.44466
5.066146	28.69024
5.069479	27.03007
5.072813	25.4622
5.076146	23.98412
5.079479	22.59302
5.082812	21.28566
5.086146	20.05864
5.089479	18.90838
5.092813	17.83117
5.096146	16.8233
5.099479	15.88097
5.102812	15.00051
5.106146	14.17826
5.109479	13.4107
5.112813	12.6943
5.116146	12.0257
5.119479	11.40171
5.122812	10.81921
5.126146	10.27529
5.129479	9.767193
5.132813	9.2923
5.136146	8.848228
5.139479	8.432784
5.142813	8.043853
5.146146	7.679564
5.149479	7.338123
5.152812	7.017871
5.156146	6.717258
5.159479	6.434837
5.162813	6.169272
5.166146	5.919304
5.169479	5.683838
5.172812	5.461829
5.176146	5.252341
5.179479	5.054545
5.182813	4.867664
5.186146	4.691031
5.189479	4.524029
5.192812	4.36607
5.196146	4.216593
5.199479	4.075115
5.202813	3.941182
5.206146	3.814338
5.209479	3.694237
5.212812	3.580531
5.216146	3.472897
5.219479	3.37107
5.222813	3.274753
5.226146	3.183788
5.229479	3.097879
5.232812	3.016813
5.236146	2.940375
5.239479	2.868379
5.242813	2.800583
5.246146	2.7368
5.249479	2.676817
5.252812	2.620498
5.256146	2.567685
5.259479	2.518162
5.262813	2.471824
5.266146	2.428454
5.269479	2.387895
5.272812	2.349983
5.276146	2.314507
5.279479	2.281305
5.282813	2.250189
5.286146	2.220946
5.289479	2.193416
5.292812	2.16741
5.296146	2.142769
5.299479	2.119359
5.302813	2.096992
5.306146	2.075509
5.309479	2.054774
5.312812	2.034654
5.316146	2.014963
5.319479	1.99562
5.322813	1.976463
5.326146	1.957361
5.329479	1.938204
5.332812	1.918888
5.336146	1.899357
5.339479	1.879478
5.342813	1.859225
5.346146	1.838544
5.349479	1.817381
5.352812	1.795683
5.356146	1.773423
5.359479	1.750629
5.362813	1.727218
5.366146	1.703273
5.369479	1.678766
5.372812	1.653697
5.376146	1.628093
5.379479	1.60198
5.382813	1.575386
5.386146	1.548338
5.389479	1.520888
5.392813	1.493116
5.396146	1.465024
5.399479	1.436664
5.402812	1.408144
5.406146	1.379517
5.409479	1.350836
5.412813	1.322155
5.416146	1.293581
5.419479	1.265114
5.422812	1.236835
5.426146	1.208796
5.429479	1.181025
5.432813	1.153575
5.436146	1.126472
5.439479	1.099745
5.442812	1.073445
5.446146	1.047573
5.449479	1.022156
5.452813	0.9972212
5.456146	0.9727943
5.459479	0.9489026
5.462812	0.9255459
5.466146	0.9027243
5.469479	0.8804645
5.472813	0.8587666
5.476146	0.8376038
5.479479	0.8170028
5.482812	0.7969904
5.486146	0.7775132
5.489479	0.7586245
5.492813	0.7402709
5.496146	0.7224524
5.499479	0.7051957
5.502812	0.6884474
5.506146	0.6722074
5.509479	0.6564757
5.512813	0.6412256
5.516146	0.6264304
5.519479	0.6120632
5.522812	0.5981508
5.526146	0.5846398
5.529479	0.5715568
5.532813	0.5588484
5.536146	0.5465413
5.539479	0.5346088
5.542812	0.5230509
5.546146	0.5118407
5.549479	0.5009517
5.552813	0.4904104
5.556146	0.4801366
5.559479	0.470184
5.562812	0.4604988
5.566146	0.451108
5.569479	0.4419847
5.572813	0.433129
5.576146	0.424514
5.579479	0.4161398
5.582812	0.4080065
5.586146	0.4000871
5.589479	0.3923551
5.592813	0.384837
5.596146	0.3774795
5.599479	0.3703361
5.602812	0.3633532
5.606146	0.3565843
5.609479	0.3500027
5.612813	0.3436351
5.616146	0.3374548
5.619479	0.3314885
5.622812	0.3257095
5.626146	0.3201178
5.629479	0.3147134
5.632813	0.3094963
5.636146	0.3044129
5.639479	0.2994633
5.642813	0.2946475
5.646146	0.2899655
5.649479	0.2853905
5.652812	0.2808957
5.656146	0.276508
5.659479	0.2722273
5.662813	0.2680268
5.666146	0.2639334
5.669479	0.2599202
5.672812	0.2560408
5.676146	0.2522416
5.679479	0.2485763
5.682813	0.2450179
5.686146	0.2415933
5.689479	0.238249
5.692812	0.2350385
5.696146	0.2319617
5.699479	0.2289652
5.702813	0.226049
5.706146	0.2232397
5.709479	0.220484
5.712812	0.2177818
5.716146	0.2151331
5.719479	0.2125112
5.722813	0.209916
5.726146	0.2073475
5.729479	0.2048326
5.732812	0.2023177
5.736146	0.199883
5.739479	0.1975286
5.742813	0.1952545
5.746146	0.1930606
5.749479	0.1909738
5.752812	0.1889939
5.756146	0.1871211
5.759479	0.1853553
5.762813	0.1836698
5.766146	0.1820378
5.769479	0.1804592
5.772812	0.1789075
5.776146	0.1773557
5.779479	0.175804
5.782813	0.1742254
5.786146	0.1726469
5.789479	0.1710417
5.792812	0.1694899
5.796146	0.1679381
5.799479	0.1664399
5.802813	0.1650219
5.806146	0.1636842
5.809479	0.1624267
5.812812	0.1612763
5.816146	0.1601793
5.819479	0.1591627
5.822813	0.1581995
5.826146	0.1572631
5.829479	0.1563534
5.832812	0.1554705
5.836146	0.1546144
5.839479	0.1537582
5.842813	0.1529021
5.846146	0.1520995
5.849479	0.1513236
5.852812	0.1505744
5.856146	0.1498788
5.859479	0.1492367
5.862813	0.1486214
5.866146	0.1480863
5.869479	0.1475779
5.872812	0.1470964
5.876146	0.1466683
5.879479	0.1462937
5.882813	0.1458924
5.886146	0.1454911
5.889479	0.1450898
5.892813	0.1446082
5.896146	0.1440999
5.899479	0.143538
5.902812	0.1429227
5.906146	0.1422805
5.909479	0.1416117
5.912813	0.1409428
5.916146	0.1403007
5.919479	0.1396854
5.922812	0.1391235
5.926146	0.1385884
5.929479	0.1381336
5.932813	0.1377055
5.936146	0.137331
5.939479	0.1369831
5.942812	0.1366888
5.946146	0.1363945
5.949479	0.136127
5.952813	0.1358862
5.956146	0.1356722
5.959479	0.1354581
5.962812	0.1352709
5.966146	0.1350836
5.969479	0.134923
5.972813	0.1347625
5.976146	0.1346287
5.979479	0.134495
5.982812	0.1343344
5.986146	0.1342007
5.989479	0.1340401
5.992813	0.1338529
5.996146	0.1336388
5.999479	0.1333713
6.002812	0.1331037
6.006146	0.1328094
6.009479	0.1324884
6.012813	0.1321406
6.016146	0.131766
6.019479	0.1314182
6.022812	0.1310704
6.026146	0.1307493
6.029479	0.1304015
6.032813	0.1300805
6.036146	0.1297594
6.039479	0.1294384
6.042812	0.1291708
6.046146	0.1289033
6.049479	0.1286625
6.052813	0.1284752
6.056146	0.1283147
6.059479	0.1281809
6.062812	0.1281006
6.066146	0.1280471
6.069479	0.1279936
6.072813	0.1279669
6.076146	0.1279401
6.079479	0.1278866
6.082812	0.1278063
6.086146	0.1277528
6.089479	0.1276458
6.092813	0.1275388
6.096146	0.127405
6.099479	0.1272445
6.102812	0.1270572
6.106146	0.1268432
6.109479	0.1265756
6.112813	0.1263081
6.116146	0.1259603
6.119479	0.1256125
6.122812	0.1252379
6.126146	0.1248634
6.129479	0.1244888
6.132813	0.1241142
6.136146	0.1237932
6.139479	0.1234721
6.142813	0.1232046
6.146146	0.1229103
6.149479	0.1226427
6.152812	0.1223484
6.156146	0.1220274
6.159479	0.1217063
6.162813	0.1213318
6.166146	0.1209304
6.169479	0.1205291
6.172812	0.120101
6.176146	0.119673
6.179479	0.1192449
6.182813	0.1188168
6.186146	0.1183888
6.189479	0.1179607
6.192812	0.1175059
6.196146	0.1170243
6.199479	0.1165427
6.202813	0.1160076
6.206146	0.1154725
6.209479	0.1149374
6.212812	0.1144023
6.216146	0.1138405
6.219479	0.1133322
6.222813	0.1128238
6.226146	0.1123422
6.229479	0.1118607
6.232812	0.1113791
6.236146	0.1108975
6.239479	0.1103892
6.242813	0.1098808
6.246146	0.1093457
6.249479	0.1087839
6.252812	0.108222
6.256146	0.1076602
6.259479	0.1071251
6.262813	0.1066168
6.266146	0.1061619
6.269479	0.1057606
6.272812	0.1054396
6.276146	0.1051453
6.279479	0.1048777
6.282813	0.1046369
6.286146	0.1044497
6.289479	0.1042356
6.292812	0.1040216
6.296146	0.1037808
6.299479	0.10354
6.302813	0.1032992
6.306146	0.1030317
6.309479	0.1027909
6.312812	0.1025501
6.316146	0.1023093
6.319479	0.1020685
6.322813	0.1018545
6.326146	0.1016404
6.329479	0.1014264
6.332812	0.1012124
6.336146	0.1009716
6.339479	0.1007308
6.342813	0.1004632
6.346146	0.1001689
6.349479	0.09984788
6.352812	0.09952682
6.356146	0.09915226
6.359479	0.09877769
6.362813	0.09840313
6.366146	0.09800181
6.369479	0.0976005
6.372812	0.09722593
6.376146	0.09685137
6.379479	0.09653031
6.382813	0.09626277
6.386146	0.09602198
6.389479	0.0958347
6.392813	0.09572768
6.396146	0.09564742
6.399479	0.09564742
6.402812	0.09567417
6.406146	0.09570092
6.409479	0.09575443
6.412813	0.09578119
6.416146	0.09578119
6.419479	0.09572768
6.422812	0.09562066
6.426146	0.09548689
6.429479	0.09527285
6.432813	0.09505882
6.436146	0.09479127
6.439479	0.09452373
6.442812	0.09428294
6.446146	0.09404214
6.449479	0.09385486
6.452813	0.09372109
6.456146	0.09364083
6.459479	0.09361407
6.462812	0.09364083
6.466146	0.09372109
6.469479	0.09382811
6.472813	0.09396188
6.476146	0.09412241
6.479479	0.09425618
6.482812	0.09438995
6.486146	0.09452373
6.489479	0.09463074
6.492813	0.09471101
6.496146	0.09481803
6.499479	0.0949518
6.502812	0.09511233
6.506146	0.09532636
6.509479	0.09559391
6.512813	0.09594172
6.516146	0.09636979
6.519479	0.09685137
6.522812	0.09738646
6.526146	0.0979483
6.529479	0.0985369
6.532813	0.09909875
6.536146	0.09963384
6.539479	0.1001154
6.542812	0.1005435
6.546146	0.1009181
6.549479	0.1012124
6.552813	0.1014531
6.556146	0.1016404
6.559479	0.101801
6.562812	0.1019347
6.566146	0.1020417
6.569479	0.1021488
6.572813	0.102229
6.576146	0.1022825
6.579479	0.102336
6.582812	0.1023093
6.586146	0.1022558
6.589479	0.102122
6.592813	0.1019615
6.596146	0.1017474
6.599479	0.1015067
6.602812	0.1012391
6.606146	0.1009181
6.609479	0.100597
6.612813	0.1002492
6.616146	0.09990138
6.619479	0.09955358
6.622812	0.09917901
6.626146	0.09880445
6.629479	0.09840313
6.632813	0.09800181
6.636146	0.09754699
6.639479	0.09709216
6.642813	0.09661058
6.646146	0.09604873
6.649479	0.09543338
6.652812	0.09476452
6.656146	0.09398864
6.659479	0.09315925
6.662813	0.09227635
6.666146	0.09133994
6.669479	0.09032326
6.672812	0.08927984
6.676146	0.08820966
6.679479	0.08711272
6.682813	0.08598903
6.686146	0.08483859
6.689479	0.08363464
6.692812	0.08240393
6.696146	0.08111971
6.699479	0.07978198
6.702813	0.07839075
6.706146	0.07697276
6.709479	0.07550126
6.712812	0.07405652
6.716146	0.07263853
6.719479	0.07127405
6.722813	0.06998983
6.726146	0.06878588
6.729479	0.0677157
6.732812	0.06680604
6.736146	0.06603016
6.739479	0.06538805
6.742813	0.06490647
6.746146	0.06458542
6.749479	0.06434463
6.752812	0.06421085
6.756146	0.0641841
6.759479	0.06423761
6.762813	0.06437138
6.766146	0.06453191
6.769479	0.0647727
6.772812	0.06509375
6.776146	0.06544156
6.779479	0.06584288
6.782813	0.06629771
6.786146	0.06677929
6.789479	0.06726087
6.792812	0.06774245
6.796146	0.06817052
6.799479	0.06857184
6.802813	0.06891965
6.806146	0.06921395
6.809479	0.06942798
6.812812	0.069535
6.816146	0.06956176
6.819479	0.06948149
6.822813	0.06926746
6.826146	0.06889289
6.829479	0.06838456
6.832812	0.06768894
6.836146	0.06680604
6.839479	0.06570911
6.842813	0.06442489
6.846146	0.06292664
6.849479	0.06121435
6.852812	0.05926127
6.856146	0.0571209
6.859479	0.054713
6.862813	0.05209105
6.866146	0.04925508
6.869479	0.04620506
6.872812	0.04299452
6.876146	0.03962345
6.879479	0.03614536
6.882813	0.03258701
6.886146	0.0290019
6.889479	0.02544355
6.892813	0.02199222
6.896146	0.01867466
6.899479	0.01551763
6.902812	0.01260139
6.906146	0.009952688
6.909479	0.00759829
6.912813	0.005538186
6.916146	0.003799142
6.919479	0.002407907
6.922812	0.001337726
6.926146	0.0005885994
6.929479	0.0001337726
6.932813	0
6.936146	0.0001605271
6.939479	0.000615354
6.942812	0.001310971
6.946146	0.00224738
6.949479	0.003397824
6.952813	0.004708795
6.956146	0.006153546
6.959479	0.007651799
6.962812	0.009203561
6.966146	0.01072857
6.969479	0.01220007
6.972813	0.01361806
6.976146	0.01492903
6.979479	0.01618649
6.982812	0.01739044
6.986146	0.0185944
6.989479	0.01979835
6.992813	0.02105581
6.996146	0.02242029
6.999479	0.02389179
7.002812	0.02552381
7.006146	0.02731637
7.009479	0.0292962
7.012813	0.03146332
7.016146	0.03381772
7.019479	0.0363594
7.022812	0.03908836
7.026146	0.04192434
7.029479	0.04492084
7.032813	0.04799761
7.036146	0.05112789
7.039479	0.05428493
7.042812	0.05741521
7.046146	0.06051873
7.049479	0.06354199
7.052813	0.06645823
7.056146	0.06926746
7.059479	0.0718894
7.062812	0.07432406
7.066146	0.07651793
7.069479	0.07844426
7.072813	0.08004953
7.076146	0.0813605
7.079479	0.08227015
7.082812	0.082832
7.086146	0.08299253
7.089479	0.08275174
7.092813	0.08216314
7.096146	0.08119997
7.099479	0.07991576
7.102812	0.07833724
7.106146	0.07651793
7.109479	0.07451134
7.112813	0.07237098
7.116146	0.07017711
7.119479	0.06792973
7.122812	0.06568235
7.126146	0.06348848
7.129479	0.06137487
7.132813	0.05934153
7.136146	0.05741521
7.139479	0.0555959
7.142813	0.05388361
7.146146	0.05233185
7.149479	0.05094061
7.152812	0.04973666
7.156146	0.04871999
7.159479	0.04789059
7.162813	0.047302
7.166146	0.04695419
7.169479	0.04676691
7.172812	0.04679366
7.176146	0.04698094
7.179479	0.04732875
7.182813	0.04778358
7.186146	0.04831867
7.189479	0.04893402
7.192812	0.04960288
7.196146	0.0502985
7.199479	0.05104763
7.202813	0.05185026
7.206146	0.05267965
7.209479	0.05358931
7.212812	0.05452572
7.216146	0.05551563
7.219479	0.05655906
7.222813	0.05762924
7.226146	0.05872618
7.229479	0.05982311
7.232812	0.0609468
7.236146	0.06207049
7.239479	0.06316743
7.242813	0.06429112
7.246146	0.06538805
7.249479	0.06651174
7.252812	0.06766219
7.256146	0.06881263
7.259479	0.06998983
7.262813	0.07116703
7.266146	0.07234423
7.269479	0.07349467
7.272812	0.07461836
7.276146	0.0757153
7.279479	0.07673197
7.282813	0.07769513
7.286146	0.07860479
7.289479	0.07943418
7.292812	0.08023681
7.296146	0.08101269
7.299479	0.08173506
7.302813	0.08245744
7.306146	0.08315305
7.309479	0.08382192
7.312812	0.08446403
7.316146	0.08510613
7.319479	0.08569473
7.322813	0.08625658
7.326146	0.08676491
7.329479	0.0872465
7.332812	0.08764781
7.336146	0.08799562
7.339479	0.08831668
7.342813	0.08858422
7.346146	0.08885177
7.349479	0.08909256
7.352812	0.08933335
7.356146	0.08957414
7.359479	0.08986844
7.362813	0.09016274
7.366146	0.09048379
7.369479	0.09080485
7.372812	0.09115265
7.376146	0.09144695
7.379479	0.09174125
7.382813	0.09195529
7.386146	0.09211582
7.389479	0.09222284
7.392813	0.0923031
7.396146	0.09232986
7.399479	0.0923031
7.402812	0.09227635
7.406146	0.09222284
7.409479	0.09211582
7.412813	0.0920088
7.416146	0.09184827
7.419479	0.09166099
7.422812	0.09139345
7.426146	0.09109915
7.429479	0.09077809
7.432813	0.09043028
7.436146	0.09008247
7.439479	0.08973467
7.442812	0.08944037
7.446146	0.08917282
7.449479	0.08895878
7.452813	0.0887715
7.456146	0.08863773
7.459479	0.08850396
7.462812	0.08837018
7.466146	0.08823641
7.469479	0.08810264
7.472813	0.08794211
7.476146	0.08775483
7.479479	0.08756755
7.482812	0.08735351
7.486146	0.08713948
7.489479	0.08689869
7.492813	0.08668465
7.496146	0.08647061
7.499479	0.08628333
7.502812	0.08609605
7.506146	0.08590877
7.509479	0.08572149
7.512813	0.08553421
7.516146	0.08537368
7.519479	0.0851864
7.522812	0.08497236
7.526146	0.08478508
7.529479	0.0845978
7.532813	0.08441052
7.536146	0.08424999
7.539479	0.08411622
7.542812	0.08398244
7.546146	0.08390218
7.549479	0.08384867
7.552813	0.08379516
7.556146	0.08376841
7.559479	0.08374165
7.562812	0.08374165
7.566146	0.0837149
7.569479	0.0837149
7.572813	0.08374165
7.576146	0.08376841
7.579479	0.08379516
7.582812	0.08382192
7.586146	0.08382192
7.589479	0.08384867
7.592813	0.08382192
7.596146	0.08379516
7.599479	0.0837149
7.602812	0.08363464
7.606146	0.08355437
7.609479	0.08347411
7.612813	0.0834206
7.616146	0.08339384
7.619479	0.0834206
7.622812	0.08350086
7.626146	0.08358113
7.629479	0.0837149
7.632813	0.08387543
7.636146	0.0840092
7.639479	0.08408946
7.642813	0.08414297
7.646146	0.08414297
7.649479	0.08406271
7.652812	0.08390218
7.656146	0.08368814
7.659479	0.08344735
7.662813	0.08320656
7.666146	0.08296577
7.669479	0.08277849
7.672812	0.08264472
7.676146	0.08259121
7.679479	0.08259121
7.682813	0.08264472
7.686146	0.08272498
7.689479	0.082832
7.692812	0.08293902
7.696146	0.08299253
7.699479	0.08304604
7.702813	0.08304604
7.706146	0.08304604
7.709479	0.08299253
7.712812	0.08293902
7.716146	0.08288551
7.719479	0.082832
7.722813	0.08277849
7.726146	0.08272498
7.729479	0.08267147
7.732812	0.08264472
7.736146	0.08261796
7.739479	0.08256445
7.742813	0.0825377
7.746146	0.08251094
7.749479	0.08251094
7.752812	0.08251094
7.756146	0.08256445
7.759479	0.08264472
7.762813	0.08275174
7.766146	0.08288551
7.769479	0.08301928
7.772812	0.08317981
7.776146	0.08334034
7.779479	0.08350086
7.782813	0.08366139
7.786146	0.08379516
7.789479	0.08390218
7.792812	0.0840092
7.796146	0.08411622
7.799479	0.08422324
7.802813	0.08435701
7.806146	0.08449078
7.809479	0.08465131
7.812812	0.08483859
7.816146	0.08502587
7.819479	0.08521315
7.822813	0.08542719
7.826146	0.08564122
7.829479	0.08582851
7.832812	0.08601579
7.836146	0.08620307
7.839479	0.08639035
7.842813	0.08657763
7.846146	0.08681842
7.849479	0.08708597
7.852812	0.08738027
7.856146	0.08770132
7.859479	0.08802238
7.862813	0.08837018
7.866146	0.08869124
7.869479	0.08895878
7.872812	0.08917282
7.876146	0.08927984
7.879479	0.08933335
7.882813	0.08927984
7.886146	0.08914607
7.889479	0.08895878
7.892813	0.08871799
7.896146	0.08842369
7.899479	0.08812939
7.902812	0.0878351
7.906146	0.08756755
7.909479	0.08732676
7.912813	0.08708597
7.916146	0.08689869
7.919479	0.08668465
7.922812	0.08649737
7.926146	0.08631009
7.929479	0.0860693
7.932813	0.08582851
7.936146	0.08556096
7.939479	0.08526666
7.942812	0.08494561
7.946146	0.08462455
7.949479	0.08427674
7.952813	0.08398244
7.956146	0.0837149
7.959479	0.08347411
7.962812	0.08328683
7.966146	0.08315305
7.969479	0.08307279
7.972813	0.08299253
7.976146	0.08293902
7.979479	0.08291226
7.982812	0.08285875
7.986146	0.082832
7.989479	0.08275174
7.992813	0.08267147
7.996146	0.0825377
7.999479	0.08240393
8.002812	0.0822434
8.006145	0.08202936
8.00948	0.08181533
8.012813	0.08157454
8.016146	0.08133375
8.019479	0.0810662
8.022813	0.08082541
8.026146	0.08055787
8.029479	0.08034383
8.032812	0.08010304
8.036146	0.07986225
8.039479	0.07964821
8.042812	0.07943418
8.046145	0.07922014
8.049479	0.0790061
8.052813	0.07884558
8.056146	0.07868505
8.059479	0.07860479
8.062813	0.07857803
8.066146	0.07860479
8.069479	0.07865829
8.072812	0.07879207
8.076146	0.07892584
8.079479	0.07905961
8.082812	0.07919338
8.086145	0.07932716
8.089479	0.07940742
8.092813	0.07948768
8.096146	0.07948768
8.099479	0.07948768
8.102813	0.07940742
8.106146	0.07932716
8.109479	0.07919338
8.112812	0.0790061
8.116146	0.07881882
8.119479	0.07857803
8.122812	0.07833724
8.126145	0.0781232
8.129479	0.07790917
8.132813	0.07772189
8.136146	0.07758811
8.13948	0.0775346
8.142813	0.07756136
8.146146	0.07764162
8.149479	0.07774864
8.152813	0.07790917
8.156146	0.07809645
8.159479	0.07823022
8.162812	0.07833724
8.166146	0.0784175
8.169479	0.07844426
8.172812	0.0784175
8.176146	0.07836399
8.17948	0.07828373
8.182813	0.07823022
8.186146	0.07820347
8.189479	0.07820347
8.192813	0.07823022
8.196146	0.07828373
8.199479	0.07836399
8.202812	0.07847101
8.206146	0.07855128
8.209479	0.07860479
8.212812	0.07868505
8.216146	0.0787118
8.21948	0.07876531
8.222813	0.07876531
8.226146	0.07879207
8.229479	0.07876531
8.232813	0.07873856
8.236146	0.0787118
8.239479	0.07865829
8.242812	0.07857803
8.246146	0.07849777
8.249479	0.0784175
8.252812	0.07833724
8.256145	0.07828373
8.25948	0.07823022
8.262813	0.07820347
8.266146	0.07817671
8.269479	0.07814996
8.272813	0.07814996
8.276146	0.07814996
8.279479	0.07814996
8.282812	0.0781232
8.286146	0.0781232
8.289479	0.07809645
8.292812	0.07804294
8.296145	0.07801619
8.299479	0.07801619
8.302813	0.07801619
8.306146	0.07806969
8.309479	0.07814996
8.312813	0.07828373
8.316146	0.07844426
8.319479	0.07865829
8.322812	0.07887233
8.326146	0.07911312
8.329479	0.07932716
8.332812	0.07954119
8.336145	0.07970172
8.339479	0.07983549
8.342813	0.07991576
8.346146	0.07996927
8.349479	0.07994251
8.352813	0.079889
8.356146	0.07980874
8.359479	0.07967497
8.362812	0.07954119
8.366146	0.07938067
8.369479	0.07924689
8.372812	0.07913988
8.376145	0.07905961
8.379479	0.0790061
8.382813	0.07903286
8.386146	0.07908637
8.38948	0.07916663
8.392813	0.07927365
8.396146	0.07938067
8.399479	0.07948768
8.402813	0.07956795
8.406146	0.07964821
8.409479	0.07967497
8.412812	0.07967497
8.416146	0.07964821
8.419479	0.07962146
8.422812	0.0795947
8.426146	0.07954119
8.42948	0.07948768
8.432813	0.07943418
8.436146	0.07935391
8.439479	0.07927365
8.442813	0.07919338
8.446146	0.07908637
8.449479	0.0790061
8.452812	0.07889909
8.456146	0.07881882
8.459479	0.07873856
8.462812	0.07868505
8.466146	0.07863154
8.46948	0.07860479
8.472813	0.07855128
8.476146	0.07849777
8.479479	0.0784175
8.482813	0.07828373
8.486146	0.07817671
8.489479	0.07801619
8.492812	0.07788241
8.496146	0.07774864
8.499479	0.07761487
8.502812	0.07750785
8.506145	0.07740083
8.50948	0.07732057
8.512813	0.07721355
8.516146	0.07710653
8.519479	0.07699951
8.522813	0.07686574
8.526146	0.07673197
8.529479	0.0765982
8.532812	0.07646442
8.536146	0.07635741
8.539479	0.07625039
8.542812	0.07619688
8.546145	0.07611661
8.549479	0.07608986
8.552813	0.07603635
8.556146	0.0760096
8.559479	0.07598284
8.562813	0.07592933
8.566146	0.07587582
8.569479	0.07582232
8.572812	0.07579556
8.576146	0.07574205
8.579479	0.0757153
8.582812	0.07568854
8.586145	0.07568854
8.589479	0.07568854
8.592813	0.0757153
8.596146	0.07576881
8.599479	0.07582232
8.602813	0.07590258
8.606146	0.0760096
8.609479	0.07611661
8.612812	0.07625039
8.616146	0.07638416
8.619479	0.07654469
8.622812	0.07667846
8.626145	0.07683899
8.629479	0.07702627
8.632813	0.07721355
8.636146	0.07740083
8.63948	0.07761487
8.642813	0.07785566
8.646146	0.07809645
8.649479	0.07833724
8.652813	0.07857803
8.656146	0.07881882
8.659479	0.07908637
8.662812	0.07932716
8.666146	0.0795947
8.669479	0.07983549
8.672812	0.08007628
8.676146	0.08031707
8.67948	0.08055787
8.682813	0.08079866
8.686146	0.08103945
8.689479	0.08125348
8.692813	0.08146752
8.696146	0.08162805
8.699479	0.08178857
8.702812	0.08189559
8.706146	0.08197585
8.709479	0.08202936
8.712812	0.08202936
8.716146	0.08200261
8.71948	0.08197585
8.722813	0.08189559
8.726146	0.08178857
8.729479	0.0816548
8.732813	0.08146752
8.736146	0.08128024
8.739479	0.08103945
8.742812	0.0807719
8.746146	0.0804776
8.749479	0.08015655
8.752812	0.07986225
8.756145	0.07954119
8.75948	0.07922014
8.762813	0.07895259
8.766146	0.07865829
8.769479	0.0784175
8.772813	0.07820347
8.776146	0.07798943
8.779479	0.07780215
8.782812	0.07764162
8.786146	0.0774811
8.789479	0.07734732
8.792812	0.0772403
8.796145	0.07716004
8.799479	0.07707978
8.802813	0.07702627
8.806146	0.07697276
8.809479	0.07691925
8.812813	0.07686574
8.816146	0.07681223
8.819479	0.07670521
8.822812	0.0765982
8.826146	0.07646442
8.829479	0.0763039
8.832812	0.07614337
8.836145	0.07595609
8.839479	0.07579556
8.842813	0.07563503
8.846146	0.07550126
8.849479	0.075421
8.852813	0.07534073
8.856146	0.07528722
8.859479	0.07526047
8.862812	0.07523372
8.866146	0.07520696
8.869479	0.07520696
8.872812	0.07518021
8.876145	0.07515345
8.879479	0.07515345
8.882813	0.0751267
8.886146	0.07509994
8.88948	0.07507319
8.892813	0.07504643
8.896146	0.07499292
8.899479	0.07491266
8.902813	0.0748324
8.906146	0.07475213
8.909479	0.07467187
8.912812	0.07459161
8.916146	0.0745381
8.919479	0.07448459
8.922812	0.07448459
8.926146	0.07451134
8.92948	0.07451134
8.932813	0.0745381
8.936146	0.07456485
8.939479	0.07456485
8.942813	0.07456485
8.946146	0.0745381
8.949479	0.07451134
8.952812	0.07448459
8.956146	0.07445783
8.959479	0.07443108
8.962812	0.07443108
8.966146	0.07445783
8.96948	0.07448459
8.972813	0.07448459
8.976146	0.07451134
8.979479	0.0745381
8.982813	0.0745381
8.986146	0.07456485
8.989479	0.07456485
8.992812	0.07456485
8.996146	0.07456485
8.999479	0.07459161
9.002812	0.07464512
9.006145	0.07467187
9.00948	0.07469863
9.012813	0.07472538
9.016146	0.07472538
9.019479	0.07472538
9.022813	0.07467187
9.026146	0.07459161
9.029479	0.07451134
9.032812	0.07440433
9.036146	0.07429731
9.039479	0.07419029
9.042812	0.07411003
9.046145	0.07408327
9.049479	0.07408327
9.052813	0.07413678
9.056146	0.07421704
9.059479	0.07435082
9.062813	0.07451134
9.066146	0.07467187
9.069479	0.0748324
9.072812	0.07499292
9.076146	0.07509994
9.079479	0.07515345
9.082812	0.07515345
9.086145	0.07507319
9.089479	0.07493942
9.092813	0.07477889
9.096146	0.07456485
9.099479	0.07432406
9.102813	0.07411003
9.106146	0.07392274
9.109479	0.07376222
9.112812	0.0736552
9.116146	0.07362844
9.119479	0.07360169
9.122812	0.07362844
9.126145	0.07368195
9.129479	0.07373546
9.132813	0.07378897
9.136146	0.07381573
9.13948	0.07384248
9.142813	0.07384248
9.146146	0.07384248
9.149479	0.07381573
9.152813	0.07381573
9.156146	0.07378897
9.159479	0.07378897
9.162812	0.07378897
9.166146	0.07378897
9.169479	0.07381573
9.172812	0.07384248
9.176146	0.07386924
9.17948	0.07389599
9.182813	0.0739495
9.186146	0.07402976
9.189479	0.07408327
9.192813	0.07416353
9.196146	0.0742438
9.199479	0.07427055
9.202812	0.07429731
9.206146	0.07429731
9.209479	0.07427055
9.212812	0.07421704
9.216146	0.07411003
9.21948	0.07400301
9.222813	0.07386924
9.226146	0.07370871
9.229479	0.07357494
9.232813	0.07344116
9.236146	0.07333414
9.239479	0.07322713
9.242812	0.07314686
9.246146	0.07309335
9.249479	0.07303984
9.252812	0.07301309
9.256145	0.07298634
9.25948	0.07295958
9.262813	0.07290607
9.266146	0.07285256
9.269479	0.07279905
9.272813	0.07274555
9.276146	0.07266528
9.279479	0.07258502
9.282812	0.07250475
9.286146	0.07245125
9.289479	0.07239774
9.292812	0.07234423
9.296145	0.07231747
9.299479	0.07231747
9.302813	0.07231747
9.306146	0.07231747
9.309479	0.07229072
9.312813	0.07226396
9.316146	0.07221045
9.319479	0.07215695
9.322812	0.07207668
9.326146	0.07202317
9.329479	0.07194291
9.332812	0.0718894
9.336145	0.07183589
9.339479	0.07180914
9.342813	0.07178238
9.346146	0.07178238
9.349479	0.07180914
9.352813	0.07183589
9.356146	0.07186265
9.359479	0.07191615
9.362812	0.07196966
9.366146	0.07204993
9.369479	0.07215695
9.372812	0.07226396
9.376145	0.07239774
9.379479	0.07255826
9.382813	0.07271879
9.386146	0.07290607
9.38948	0.07309335
9.392813	0.07325388
9.396146	0.07338765
9.399479	0.07349467
9.402813	0.07354818
9.406146	0.07352143
9.409479	0.07341441
9.412812	0.07328064
9.416146	0.07309335
9.419479	0.07287932
9.422812	0.07266528
9.426146	0.07245125
9.42948	0.07226396
9.432813	0.07210344
9.436146	0.07196966
9.439479	0.0718894
9.442813	0.07183589
9.446146	0.07180914
9.449479	0.07180914
9.452812	0.07183589
9.456146	0.07186265
9.459479	0.07191615
9.462812	0.07199642
9.466146	0.07207668
9.46948	0.0721837
9.472813	0.07229072
9.476146	0.07239774
9.479479	0.072478
9.482813	0.07255826
9.486146	0.07258502
9.489479	0.07261177
9.492812	0.07258502
9.496146	0.07255826
9.499479	0.07253151
9.502812	0.07245125
9.506145	0.07237098
9.50948	0.07229072
9.512813	0.0721837
9.516146	0.07207668
9.519479	0.07194291
9.522813	0.07178238
9.526146	0.07162186
9.529479	0.07143457
9.532812	0.07127405
9.536146	0.07111352
9.539479	0.07097975
9.542812	0.07089948
9.546145	0.07081922
9.549479	0.07081922
9.552813	0.07084597
9.556146	0.07087273
9.559479	0.07095299
9.562813	0.07103326
9.566146	0.07108677
9.569479	0.07116703
9.572812	0.07119378
9.576146	0.07122054
9.579479	0.07122054
9.582812	0.07122054
9.586145	0.07122054
9.589479	0.07119378
9.592813	0.07119378
9.596146	0.07122054
9.599479	0.07127405
9.602813	0.07135431
9.606146	0.07143457
9.609479	0.07154159
9.612812	0.07164861
9.616146	0.07172887
9.619479	0.07175563
9.622812	0.07172887
9.626145	0.07164861
9.629479	0.07151484
9.632813	0.07135431
9.636146	0.07116703
9.63948	0.07097975
9.642813	0.07081922
9.646146	0.0707122
9.649479	0.07063194
9.652813	0.07063194
9.656146	0.07065869
9.659479	0.07073896
9.662812	0.07081922
9.666146	0.07089948
9.669479	0.07095299
9.672812	0.0710065
9.676146	0.0710065
9.67948	0.07095299
9.682813	0.07089948
9.686146	0.07081922
9.689479	0.07073896
9.692813	0.07065869
9.696146	0.07057843
9.699479	0.07052492
9.702812	0.07049817
9.706146	0.07049817
9.709479	0.07049817
9.712812	0.07049817
9.716146	0.07052492
9.71948	0.07052492
9.722813	0.07055167
9.726146	0.07060518
9.729479	0.07068545
9.732813	0.07076571
9.736146	0.07089948
9.739479	0.07103326
9.742812	0.07119378
9.746146	0.07138106
9.749479	0.07154159
9.752812	0.07170212
9.756145	0.07183589
9.75948	0.0718894
9.762813	0.07194291
9.766146	0.07191615
9.769479	0.0718894
9.772813	0.07183589
9.776146	0.07175563
9.779479	0.07167536
9.782812	0.0715951
9.786146	0.07151484
9.789479	0.07146133
9.792812	0.07143457
9.796145	0.07140782
9.799479	0.07143457
9.802813	0.07143457
9.806146	0.07146133
9.809479	0.07148808
9.812813	0.07151484
9.816146	0.07151484
9.819479	0.07148808
9.822812	0.07143457
9.826146	0.07132756
9.829479	0.07119378
9.832812	0.07103326
9.836145	0.07084597
9.839479	0.07065869
9.842813	0.07047141
9.846146	0.07033764
9.849479	0.07023062
9.852813	0.07015036
9.856146	0.0701236
9.859479	0.07009685
9.862812	0.07007009
9.866146	0.07007009
9.869479	0.07004334
9.872812	0.06998983
9.876145	0.06990957
9.879479	0.06977579
9.882813	0.06966878
9.886146	0.069535
9.88948	0.06940123
9.892813	0.06926746
9.896146	0.06918719
9.899479	0.06910693
9.902813	0.06905342
9.906146	0.06908018
9.909479	0.06913368
9.912812	0.0692407
9.916146	0.06937448
9.919479	0.06956176
9.922812	0.06974904
9.926146	0.06996307
9.92948	0.07017711
9.932813	0.07036439
9.936146	0.07052492
9.939479	0.07063194
9.942813	0.07068545
9.946146	0.07068545
9.949479	0.07063194
9.952812	0.07055167
9.956146	0.07044466
9.959479	0.07033764
9.962812	0.07023062
9.966146	0.07009685
9.96948	0.07001658
9.972813	0.06993632
9.976146	0.06988281
9.979479	0.0698293
9.982813	0.06980255
9.986146	0.06977579
9.989479	0.06972228
9.992812	0.06966878
9.996146	0.06961527
9.999479	0.069535
}
[PEAK]
{
Peak ID	1
Peak Ref	1
Time	3.927262
Peak	3.176146	4.082812
Intensity	3.397465e-06	4.243851e-05
Height	0.007381293
AreaAbs	2189.369
Area %BP	0.0905135
Area %Total	0.0733184
Width	0.9066665
}
[PEAK]
{
Peak ID	2
Peak Ref	2
Time	4.270955
Peak	4.082812	4.609479
Intensity	3.397465e-06	4.243851e-05
Height	0.03706517
AreaAbs	7265.292
Area %BP	0.3003637
Area %Total	0.2433028
Width	0.5266666
}
[PEAK]
{
Peak ID	3
Peak Ref	3
Time	4.95398
Peak	4.609479	6.459479
Intensity	3.397465e-06	4.243851e-05
Height	0.2226312
AreaAbs	40313.86
Area %BP	1.666667
Area %Total	1.350045
Width	1.85
}
}
}
}
