[SAMPLE]
{
Sample	1
Well	1:A,2
FileName	
SampleID	251201B-03B-RD01
SampleDescription	Aquired with Galaxy
Date	15-Jan-2026
Time	19:52:42 PRC
JobCode	
TaskCode	
UserName	Congcong_Liu2
LabName	Aquired with Galaxy
Instrument	BAD_L_22_523
Conditions	
Submitter	Huanhuan_Zhang
SampleType	
Plate	
Method	
Process	Galaxy
MSTune	
MSMethod	
InletMethod	
PreRunMethod	
PostRunMethod	
SwitchMethod	
FractionMethod	
AcquisitionProcess	
AcquisitionProcessParameters	
AcquisitionProcessOptions	
InjectionVolume	25
ReportScheme	
SampleReportEnable	0
SampleReportFormat	
AnalysisTime	0
[COMPOUND]
{
;Mono Mass	Formula
}
[FUNCTION]
{
Function	1
IonMode	ES+
Type	MS
Description	(0:0)
[SPECTRUM]
{
ProcDesc	0.00:Combine
State	OK
Peak ID	0
Peak Ref	0
Time	0
TIC	0
BPI	0
BPM	0
Continuum	FALSE
Saved	FALSE
[MASSES]
{
;Mass	Exp. Mass	Obs. Mass	% BPI	Int. Abs
}
[RESULTS]
{
;Mass	Found	% BPI	% Purity
}
[MS]
{
;Mass	% BPI
0	0
}
}
[CHROMATOGRAM]
{
TraceNumber	1
Description	scroll down chrom view to see 2D LC chrom
ProcDesc	
MaxIntensity	0
[TRACE]
{
0	0
}
[PEAK]
{
Peak ID	0
Peak Ref	0
Time	0
Peak	0
Intensity	0	0
Height	0
AreaAbs	0
Area %BP	0
Area %Total	0
}
}
}
[FUNCTION]
{
Function	0
Description	ANALOG
[CHROMATOGRAM]
{
TraceNumber	2
Description	LC
ProcDesc	Result Id:1319, VWD: Signal A, 280 nm
MaxIntensity	0.2738689
[TRACE]
{
;Time	Int. %Max
0.003229167	0.04213498
0.0065625	0.04220028
0.009895833	0.0422438
0.01322917	0.04226557
0.0165625	0.04226557
0.01989583	0.04222204
0.02322917	0.04215675
0.0265625	0.04209146
0.02989583	0.0420044
0.03322917	0.04193911
0.0365625	0.04189558
0.03989583	0.04187382
0.04322917	0.04187382
0.0465625	0.04191734
0.04989583	0.04196087
0.05322917	0.04204793
0.0565625	0.04215675
0.05989583	0.04228733
0.06322917	0.04241792
0.0665625	0.0425485
0.06989583	0.04267908
0.07322916	0.0427879
0.0765625	0.04289672
0.07989583	0.04298378
0.08322917	0.04307083
0.0865625	0.04313613
0.08989584	0.04320142
0.09322917	0.04326671
0.0965625	0.04335376
0.09989583	0.04344082
0.1032292	0.04354964
0.1065625	0.04365846
0.1098958	0.04378904
0.1132292	0.0438761
0.1165625	0.04396315
0.1198958	0.04400668
0.1232292	0.04402845
0.1265625	0.04400668
0.1298958	0.04400668
0.1332292	0.04398492
0.1365625	0.04396315
0.1398958	0.04396315
0.1432292	0.04398492
0.1465625	0.04402845
0.1498958	0.04409374
0.1532292	0.04415903
0.1565625	0.04420256
0.1598958	0.04422432
0.1632292	0.04422432
0.1665625	0.04418079
0.1698958	0.04413727
0.1732292	0.04407197
0.1765625	0.04398492
0.1798958	0.04394139
0.1832292	0.04389786
0.1865625	0.0438761
0.1898958	0.0438761
0.1932292	0.0438761
0.1965625	0.0438761
0.1998958	0.04385434
0.2032292	0.04381081
0.2065625	0.04372375
0.2098958	0.04361493
0.2132292	0.04346258
0.2165625	0.04331024
0.2198958	0.04313613
0.2232292	0.04294025
0.2265625	0.0427879
0.2298958	0.04261379
0.2332292	0.04248321
0.2365625	0.04237439
0.2398958	0.0423091
0.2432292	0.0422438
0.2465625	0.04222204
0.2498958	0.04222204
0.2532292	0.0422438
0.2565625	0.04226557
0.2598958	0.0423091
0.2632292	0.04235262
0.2665625	0.04239615
0.2698958	0.04241792
0.2732292	0.04241792
0.2765625	0.04243968
0.2798958	0.04241792
0.2832292	0.04241792
0.2865625	0.04239615
0.2898958	0.04239615
0.2932292	0.04239615
0.2965625	0.04241792
0.2998958	0.04243968
0.3032292	0.04243968
0.3065625	0.04243968
0.3098958	0.04241792
0.3132292	0.04235262
0.3165625	0.04228733
0.3198958	0.04222204
0.3232292	0.04215675
0.3265625	0.04209146
0.3298958	0.04204793
0.3332292	0.04204793
0.3365625	0.04204793
0.3398958	0.04204793
0.3432292	0.04206969
0.3465625	0.04204793
0.3498958	0.0420044
0.3532292	0.04191734
0.3565625	0.04180852
0.3598958	0.04167794
0.3632292	0.04152559
0.3665625	0.04139501
0.3698958	0.04128619
0.3732292	0.04119913
0.3765625	0.04115561
0.3798958	0.04115561
0.3832292	0.04117737
0.3865625	0.0412209
0.3898958	0.04126443
0.3932292	0.04128619
0.3965625	0.04128619
0.3998958	0.04126443
0.4032292	0.04124266
0.4065625	0.04117737
0.4098958	0.04113384
0.4132292	0.04106855
0.4165625	0.04102502
0.4198958	0.0409815
0.4232292	0.04093797
0.4265625	0.04087268
0.4298958	0.04080738
0.4332292	0.04072033
0.4365625	0.04063327
0.4398958	0.04052445
0.4432292	0.04041563
0.4465625	0.04032858
0.4498958	0.04026329
0.4532292	0.04021976
0.4565625	0.04021976
0.4598958	0.04024152
0.4632292	0.04028505
0.4665625	0.04035034
0.4698958	0.0404374
0.4732292	0.04050269
0.4765625	0.04058974
0.4798958	0.04065504
0.4832292	0.04069856
0.4865625	0.04072033
0.4898958	0.04074209
0.4932292	0.04074209
0.4965625	0.04072033
0.4998958	0.04072033
0.5032291	0.04069856
0.5065625	0.04069856
0.5098959	0.04072033
0.5132292	0.04074209
0.5165625	0.04080738
0.5198959	0.04087268
0.5232292	0.04095973
0.5265625	0.04104679
0.5298958	0.04113384
0.5332292	0.04119913
0.5365625	0.04126443
0.5398958	0.04128619
0.5432292	0.04130795
0.5465625	0.04128619
0.5498958	0.04126443
0.5532292	0.04119913
0.5565625	0.04113384
0.5598958	0.04102502
0.5632291	0.04093797
0.5665625	0.04082915
0.5698958	0.04074209
0.5732292	0.04065504
0.5765625	0.04056798
0.5798959	0.04050269
0.5832292	0.04048092
0.5865625	0.04045916
0.5898958	0.04045916
0.5932292	0.04050269
0.5965625	0.04056798
0.5998958	0.04063327
0.6032292	0.04069856
0.6065625	0.04076386
0.6098958	0.04080738
0.6132292	0.04085091
0.6165625	0.04087268
0.6198958	0.04087268
0.6232291	0.04085091
0.6265625	0.04082915
0.6298958	0.04080738
0.6332292	0.04076386
0.6365625	0.04074209
0.6398959	0.04074209
0.6432292	0.04072033
0.6465625	0.04072033
0.6498958	0.04074209
0.6532292	0.04074209
0.6565625	0.04074209
0.6598958	0.04072033
0.6632292	0.04069856
0.6665625	0.04065504
0.6698958	0.04061151
0.6732292	0.04056798
0.6765625	0.04050269
0.6798958	0.0404374
0.6832291	0.04037211
0.6865625	0.04030681
0.6898958	0.04026329
0.6932291	0.04021976
0.6965625	0.04019799
0.6998959	0.04017623
0.7032292	0.04017623
0.7065625	0.04021976
0.7098958	0.04026329
0.7132292	0.04032858
0.7165625	0.04039387
0.7198958	0.04045916
0.7232292	0.04052445
0.7265625	0.04056798
0.7298958	0.04061151
0.7332292	0.04063327
0.7365625	0.04065504
0.7398958	0.0406768
0.7432292	0.04069856
0.7465625	0.04072033
0.7498958	0.04076386
0.7532291	0.04080738
0.7565625	0.04085091
0.7598959	0.04089444
0.7632292	0.04093797
0.7665625	0.04093797
0.7698959	0.04095973
0.7732292	0.04093797
0.7765625	0.04089444
0.7798958	0.04085091
0.7832292	0.04078562
0.7865625	0.04072033
0.7898958	0.04065504
0.7932292	0.04061151
0.7965625	0.04054622
0.7998958	0.04052445
0.8032292	0.04050269
0.8065625	0.04048092
0.8098958	0.04050269
0.8132291	0.04052445
0.8165625	0.04052445
0.8198958	0.04054622
0.8232292	0.04054622
0.8265625	0.04052445
0.8298959	0.04050269
0.8332292	0.0404374
0.8365625	0.04037211
0.8398958	0.04028505
0.8432292	0.04019799
0.8465625	0.0401327
0.8498958	0.04006741
0.8532292	0.04002388
0.8565625	0.04002388
0.8598958	0.04002388
0.8632292	0.04004565
0.8665625	0.04006741
0.8698958	0.04011094
0.8732291	0.04015447
0.8765625	0.04017623
0.8798958	0.04019799
0.8832292	0.04019799
0.8865625	0.04019799
0.8898959	0.04015447
0.8932292	0.0401327
0.8965625	0.04006741
0.8998958	0.04002388
0.9032292	0.03998035
0.9065625	0.03993683
0.9098958	0.0398933
0.9132292	0.03987153
0.9165625	0.03984977
0.9198958	0.03984977
0.9232292	0.03982801
0.9265625	0.03982801
0.9298958	0.03980624
0.9332291	0.03978448
0.9365625	0.03974095
0.9398958	0.03967566
0.9432291	0.03961037
0.9465625	0.03954508
0.9498959	0.03950155
0.9532292	0.03945802
0.9565625	0.03943626
0.9598958	0.03943626
0.9632292	0.03945802
0.9665625	0.03950155
0.9698958	0.03954508
0.9732292	0.03961037
0.9765625	0.03967566
0.9798958	0.03971919
0.9832292	0.03974095
0.9865625	0.03976271
0.9898958	0.03978448
0.9932292	0.03978448
0.9965625	0.03980624
0.9998958	0.03982801
1.003229	0.03984977
1.006562	0.03987153
1.009896	0.03993683
1.013229	0.04000212
1.016562	0.04006741
1.019896	0.0401327
1.023229	0.04019799
1.026562	0.04024152
1.029896	0.04028505
1.033229	0.04032858
1.036562	0.04037211
1.039896	0.04041563
1.043229	0.04045916
1.046563	0.04050269
1.049896	0.04054622
1.053229	0.04061151
1.056563	0.0406768
1.059896	0.04072033
1.063229	0.04074209
1.066563	0.04074209
1.069896	0.04072033
1.073229	0.04065504
1.076563	0.04058974
1.079896	0.04048092
1.083229	0.04039387
1.086563	0.04028505
1.089896	0.04021976
1.093229	0.04015447
1.096563	0.0401327
1.099896	0.0401327
1.103229	0.04017623
1.106562	0.04019799
1.109896	0.04024152
1.113229	0.04026329
1.116562	0.04030681
1.119896	0.04030681
1.123229	0.04030681
1.126562	0.04028505
1.129896	0.04026329
1.133229	0.04024152
1.136562	0.04019799
1.139896	0.04019799
1.143229	0.04019799
1.146562	0.04021976
1.149896	0.04026329
1.153229	0.04030681
1.156562	0.04037211
1.159896	0.04041563
1.163229	0.04048092
1.166563	0.04050269
1.169896	0.04052445
1.173229	0.04052445
1.176563	0.04050269
1.179896	0.04045916
1.183229	0.04041563
1.186563	0.04035034
1.189896	0.04028505
1.193229	0.04024152
1.196563	0.04019799
1.199896	0.04019799
1.203229	0.04019799
1.206563	0.04024152
1.209896	0.04028505
1.213229	0.04037211
1.216563	0.04045916
1.219896	0.04056798
1.223229	0.0406768
1.226563	0.04076386
1.229896	0.04085091
1.233229	0.0409162
1.236562	0.04095973
1.239896	0.0409815
1.243229	0.0409815
1.246562	0.04095973
1.249896	0.04089444
1.253229	0.04082915
1.256562	0.04074209
1.259896	0.04063327
1.263229	0.04054622
1.266562	0.0404374
1.269896	0.04035034
1.273229	0.04028505
1.276562	0.04021976
1.279896	0.04019799
1.283229	0.04019799
1.286562	0.04019799
1.289896	0.04017623
1.293229	0.04015447
1.296563	0.04011094
1.299896	0.04004565
1.303229	0.03995859
1.306563	0.03984977
1.309896	0.03974095
1.313229	0.03961037
1.316563	0.03950155
1.319896	0.03939273
1.323229	0.03930567
1.326563	0.03924038
1.329896	0.03919685
1.333229	0.03915332
1.336563	0.03913156
1.339896	0.03913156
1.343229	0.03913156
1.346563	0.03915332
1.349896	0.03917509
1.353229	0.03919685
1.356562	0.03924038
1.359896	0.03928391
1.363229	0.03930567
1.366562	0.0393492
1.369896	0.03939273
1.373229	0.03943626
1.376562	0.03945802
1.379896	0.03947978
1.383229	0.03952331
1.386562	0.0395886
1.389896	0.03965389
1.393229	0.03974095
1.396562	0.03982801
1.399896	0.03993683
1.403229	0.04004565
1.406562	0.04017623
1.409896	0.04028505
1.413229	0.04039387
1.416563	0.04048092
1.419896	0.04052445
1.423229	0.04052445
1.426563	0.04050269
1.429896	0.0404374
1.433229	0.04035034
1.436563	0.04021976
1.439896	0.04004565
1.443229	0.03987153
1.446563	0.03969742
1.449896	0.03950155
1.453229	0.03932744
1.456563	0.03915332
1.459896	0.03900098
1.463229	0.03889216
1.466563	0.03882687
1.469896	0.03878334
1.473229	0.03878334
1.476563	0.0388051
1.479896	0.03887039
1.483229	0.03893569
1.486562	0.03902274
1.489896	0.03908803
1.493229	0.03913156
1.496562	0.03917509
1.499896	0.03919685
1.503229	0.03919685
1.506562	0.03919685
1.509896	0.03919685
1.513229	0.03921862
1.516562	0.03926214
1.519896	0.03930567
1.523229	0.03937096
1.526562	0.03945802
1.529896	0.03954508
1.533229	0.03963213
1.536562	0.03971919
1.539896	0.03976271
1.543229	0.03982801
1.546563	0.03984977
1.549896	0.0398933
1.553229	0.03991506
1.556563	0.03993683
1.559896	0.03995859
1.563229	0.03998035
1.566563	0.04004565
1.569896	0.04008917
1.573229	0.04015447
1.576563	0.04019799
1.579896	0.04021976
1.583229	0.04024152
1.586563	0.04019799
1.589896	0.0401327
1.593229	0.04004565
1.596563	0.03991506
1.599896	0.03976271
1.603229	0.0395886
1.606562	0.03943626
1.609896	0.03930567
1.613229	0.03919685
1.616562	0.03913156
1.619896	0.03908803
1.623229	0.03908803
1.626562	0.03906627
1.629896	0.03906627
1.633229	0.0390445
1.636562	0.03900098
1.639896	0.03895745
1.643229	0.03889216
1.646562	0.03884863
1.649896	0.03882687
1.653229	0.03882687
1.656562	0.03887039
1.659896	0.03895745
1.663229	0.03908803
1.666563	0.03926214
1.669896	0.03941449
1.673229	0.03954508
1.676563	0.03965389
1.679896	0.03971919
1.683229	0.03974095
1.686563	0.03969742
1.689896	0.03963213
1.693229	0.03954508
1.696563	0.03945802
1.699896	0.03939273
1.703229	0.03932744
1.706563	0.03932744
1.709896	0.03932744
1.713229	0.03937096
1.716563	0.03943626
1.719896	0.03952331
1.723229	0.0395886
1.726563	0.03965389
1.729896	0.03969742
1.733229	0.03974095
1.736562	0.03976271
1.739896	0.03976271
1.743229	0.03976271
1.746562	0.03974095
1.749896	0.03971919
1.753229	0.03969742
1.756562	0.03967566
1.759896	0.03963213
1.763229	0.03961037
1.766562	0.0395886
1.769896	0.03956684
1.773229	0.03952331
1.776562	0.03947978
1.779896	0.03945802
1.783229	0.03943626
1.786562	0.03941449
1.789896	0.03939273
1.793229	0.03941449
1.796563	0.03941449
1.799896	0.03945802
1.803229	0.03947978
1.806563	0.03947978
1.809896	0.03950155
1.813229	0.03947978
1.816563	0.03943626
1.819896	0.03939273
1.823229	0.03932744
1.826563	0.03924038
1.829896	0.03915332
1.833229	0.0390445
1.836563	0.03895745
1.839896	0.03889216
1.843229	0.03882687
1.846563	0.03878334
1.849896	0.03873981
1.853229	0.03873981
1.856562	0.03873981
1.859896	0.03878334
1.863229	0.03882687
1.866562	0.03887039
1.869896	0.03893569
1.873229	0.03900098
1.876562	0.0390445
1.879896	0.0391098
1.883229	0.03915332
1.886562	0.03919685
1.889896	0.03926214
1.893229	0.03930567
1.896562	0.0393492
1.899896	0.03939273
1.903229	0.03945802
1.906562	0.03950155
1.909896	0.03956684
1.913229	0.0395886
1.916563	0.0395886
1.919896	0.03956684
1.923229	0.03950155
1.926563	0.03941449
1.929896	0.03928391
1.933229	0.03913156
1.936563	0.03897921
1.939896	0.03882687
1.943229	0.03871805
1.946563	0.03865275
1.949896	0.03863099
1.953229	0.03867452
1.956563	0.03873981
1.959896	0.03884863
1.963229	0.03895745
1.966563	0.0390445
1.969896	0.03913156
1.973229	0.03919685
1.976563	0.03921862
1.979896	0.03919685
1.983229	0.03913156
1.986562	0.0390445
1.989896	0.03893569
1.993229	0.03878334
1.996562	0.03863099
1.999896	0.03847864
2.003229	0.03830453
2.006562	0.03815218
2.009896	0.0380216
2.013229	0.03791278
2.016562	0.03784749
2.019896	0.03782572
2.023229	0.03786925
2.026562	0.03795631
2.029896	0.03813042
2.033229	0.03832629
2.036562	0.0385657
2.039896	0.03882687
2.043229	0.03906627
2.046562	0.03930567
2.049896	0.03952331
2.053229	0.03969742
2.056562	0.03980624
2.059896	0.03987153
2.063229	0.03987153
2.066562	0.03984977
2.069896	0.03978448
2.073229	0.03969742
2.076562	0.03961037
2.079896	0.03952331
2.083229	0.03943626
2.086562	0.0393492
2.089896	0.03928391
2.093229	0.03919685
2.096562	0.03913156
2.099896	0.03906627
2.103229	0.03900098
2.106563	0.03893569
2.109896	0.03887039
2.113229	0.03882687
2.116563	0.03882687
2.119896	0.03882687
2.123229	0.03882687
2.126563	0.03884863
2.129896	0.03887039
2.133229	0.03887039
2.136563	0.03887039
2.139896	0.03887039
2.143229	0.03884863
2.146563	0.0388051
2.149896	0.03878334
2.153229	0.03876157
2.156563	0.03876157
2.159896	0.0388051
2.163229	0.03884863
2.166563	0.03893569
2.169896	0.03902274
2.173229	0.0391098
2.176563	0.03917509
2.179896	0.03926214
2.183229	0.03930567
2.186563	0.03932744
2.189896	0.03932744
2.193229	0.03928391
2.196563	0.03924038
2.199896	0.03915332
2.203229	0.0390445
2.206563	0.03895745
2.209896	0.03884863
2.213229	0.03876157
2.216563	0.03867452
2.219896	0.03863099
2.223229	0.03860923
2.226563	0.03860923
2.229896	0.03863099
2.233229	0.03867452
2.236562	0.03873981
2.239896	0.0388051
2.243229	0.03884863
2.246562	0.03889216
2.249896	0.03891392
2.253229	0.03889216
2.256562	0.03887039
2.259896	0.03882687
2.263229	0.03878334
2.266562	0.03876157
2.269896	0.03873981
2.273229	0.03871805
2.276562	0.03873981
2.279896	0.03876157
2.283229	0.03878334
2.286562	0.03882687
2.289896	0.03889216
2.293229	0.03895745
2.296562	0.03900098
2.299896	0.0390445
2.303229	0.03906627
2.306562	0.03906627
2.309896	0.03906627
2.313229	0.0390445
2.316562	0.03897921
2.319896	0.03893569
2.323229	0.03887039
2.326562	0.0388051
2.329896	0.03876157
2.333229	0.03873981
2.336562	0.03871805
2.339896	0.03871805
2.343229	0.03871805
2.346562	0.03871805
2.349896	0.03871805
2.353229	0.03869628
2.356563	0.03867452
2.359896	0.03860923
2.363229	0.0385657
2.366563	0.03850041
2.369896	0.03843511
2.373229	0.03836982
2.376563	0.03834806
2.379896	0.03832629
2.383229	0.03832629
2.386563	0.03834806
2.389896	0.03836982
2.393229	0.03839159
2.396563	0.03841335
2.399896	0.03843511
2.403229	0.03841335
2.406563	0.03839159
2.409896	0.03834806
2.413229	0.03828277
2.416563	0.03819571
2.419896	0.03810866
2.423229	0.0380216
2.426563	0.03793454
2.429896	0.03782572
2.433229	0.03773867
2.436563	0.03765161
2.439896	0.03758632
2.443229	0.03754279
2.446563	0.03749927
2.449896	0.03745574
2.453229	0.03743397
2.456563	0.03741221
2.459896	0.03741221
2.463229	0.03743397
2.466563	0.0374775
2.469896	0.03752103
2.473229	0.03758632
2.476563	0.03767338
2.479896	0.03773867
2.483229	0.03784749
2.486562	0.03793454
2.489896	0.03804336
2.493229	0.03813042
2.496562	0.03823924
2.499896	0.03830453
2.503229	0.03836982
2.506562	0.03839159
2.509896	0.03836982
2.513229	0.03832629
2.516562	0.03821747
2.519896	0.03810866
2.523229	0.03795631
2.526562	0.03780396
2.529896	0.03767338
2.533229	0.03758632
2.536562	0.03754279
2.539896	0.03756456
2.543229	0.03762985
2.546562	0.03776043
2.549896	0.03791278
2.553229	0.03808689
2.556562	0.038261
2.559896	0.03839159
2.563229	0.03852217
2.566562	0.03858746
2.569896	0.03860923
2.573229	0.03860923
2.576562	0.0385657
2.579896	0.03847864
2.583229	0.03839159
2.586562	0.03830453
2.589896	0.03821747
2.593229	0.03813042
2.596562	0.03808689
2.599896	0.03804336
2.603229	0.03804336
2.606563	0.03804336
2.609896	0.03806513
2.613229	0.03810866
2.616563	0.03815218
2.619896	0.03819571
2.623229	0.03821747
2.626563	0.038261
2.629896	0.03830453
2.633229	0.03834806
2.636563	0.03839159
2.639896	0.03841335
2.643229	0.03843511
2.646563	0.03845688
2.649896	0.03845688
2.653229	0.03845688
2.656563	0.03843511
2.659896	0.03839159
2.663229	0.03832629
2.666563	0.03828277
2.669896	0.03821747
2.673229	0.03817395
2.676563	0.03815218
2.679896	0.03813042
2.683229	0.03810866
2.686563	0.03810866
2.689896	0.03808689
2.693229	0.03804336
2.696563	0.03797807
2.699896	0.03791278
2.703229	0.03780396
2.706563	0.03769514
2.709896	0.03760808
2.713229	0.03754279
2.716563	0.03749927
2.719896	0.03749927
2.723229	0.03752103
2.726563	0.03760808
2.729896	0.0377169
2.733229	0.03784749
2.736562	0.03799984
2.739896	0.03813042
2.743229	0.038261
2.746562	0.03836982
2.749896	0.03845688
2.753229	0.03852217
2.756562	0.0385657
2.759896	0.03860923
2.763229	0.03860923
2.766562	0.03860923
2.769896	0.03858746
2.773229	0.03854393
2.776562	0.03850041
2.779896	0.03841335
2.783229	0.03830453
2.786562	0.03819571
2.789896	0.03808689
2.793229	0.03797807
2.796562	0.03791278
2.799896	0.03786925
2.803229	0.03784749
2.806562	0.03784749
2.809896	0.03789102
2.813229	0.03793454
2.816562	0.03797807
2.819896	0.0380216
2.823229	0.03804336
2.826562	0.03808689
2.829896	0.03810866
2.833229	0.03813042
2.836562	0.03815218
2.839896	0.03817395
2.843229	0.03821747
2.846562	0.03823924
2.849896	0.03828277
2.853229	0.03834806
2.856563	0.03841335
2.859896	0.03847864
2.863229	0.03854393
2.866563	0.03860923
2.869896	0.03865275
2.873229	0.03871805
2.876563	0.03873981
2.879896	0.03871805
2.883229	0.03867452
2.886563	0.03860923
2.889896	0.03852217
2.893229	0.03843511
2.896563	0.03832629
2.899896	0.03823924
2.903229	0.03817395
2.906563	0.03813042
2.909896	0.03813042
2.913229	0.03817395
2.916563	0.03823924
2.919896	0.03834806
2.923229	0.03845688
2.926563	0.0385657
2.929896	0.03867452
2.933229	0.03876157
2.936563	0.03884863
2.939896	0.03891392
2.943229	0.03893569
2.946563	0.03895745
2.949896	0.03893569
2.953229	0.03891392
2.956563	0.03887039
2.959896	0.0388051
2.963229	0.03873981
2.966563	0.03865275
2.969896	0.03854393
2.973229	0.03841335
2.976563	0.038261
2.979896	0.03810866
2.983229	0.03791278
2.986562	0.0377169
2.989896	0.03754279
2.993229	0.03736868
2.996562	0.0372381
2.999896	0.03715104
3.003229	0.03708575
3.006562	0.03706399
3.009896	0.03708575
3.013229	0.03712928
3.016562	0.03721633
3.019896	0.03730339
3.023229	0.03741221
3.026562	0.03754279
3.029896	0.03765161
3.033229	0.03776043
3.036562	0.03786925
3.039896	0.03797807
3.043229	0.03806513
3.046562	0.03815218
3.049896	0.03821747
3.053229	0.03828277
3.056562	0.03832629
3.059896	0.03836982
3.063229	0.03836982
3.066562	0.03836982
3.069896	0.03834806
3.073229	0.03830453
3.076562	0.03823924
3.079896	0.03815218
3.083229	0.03804336
3.086562	0.03793454
3.089896	0.03780396
3.093229	0.03765161
3.096562	0.03752103
3.099896	0.03739045
3.103229	0.03725986
3.106563	0.03712928
3.109896	0.03704222
3.113229	0.03695517
3.116563	0.03688987
3.119896	0.03686811
3.123229	0.03682458
3.126563	0.03680282
3.129896	0.03680282
3.133229	0.03680282
3.136563	0.03680282
3.139896	0.03680282
3.143229	0.03680282
3.146563	0.03682458
3.149896	0.03686811
3.153229	0.03691164
3.156563	0.03695517
3.159896	0.03704222
3.163229	0.03710751
3.166563	0.03717281
3.169896	0.03721633
3.173229	0.03721633
3.176563	0.03721633
3.179896	0.03717281
3.183229	0.03712928
3.186563	0.03704222
3.189896	0.03697693
3.193229	0.03688987
3.196563	0.03684635
3.199896	0.03678106
3.203229	0.03675929
3.206563	0.03675929
3.209896	0.03678106
3.213229	0.03682458
3.216563	0.03686811
3.219896	0.03691164
3.223229	0.03695517
3.226563	0.03699869
3.229896	0.03704222
3.233229	0.03708575
3.236562	0.03708575
3.239896	0.03708575
3.243229	0.03706399
3.246562	0.03699869
3.249896	0.0369334
3.253229	0.03686811
3.256562	0.03680282
3.259896	0.03673753
3.263229	0.036694
3.266562	0.03667224
3.269896	0.03667224
3.273229	0.03673753
3.276562	0.03684635
3.279896	0.03697693
3.283229	0.03712928
3.286562	0.03728163
3.289896	0.03743397
3.293229	0.03756456
3.296562	0.03767338
3.299896	0.03776043
3.303229	0.03782572
3.306562	0.03786925
3.309896	0.03791278
3.313229	0.03793454
3.316562	0.03797807
3.319896	0.03804336
3.323229	0.03810866
3.326562	0.03815218
3.329896	0.03819571
3.333229	0.03823924
3.336562	0.03823924
3.339896	0.03821747
3.343229	0.03819571
3.346562	0.03815218
3.349896	0.03813042
3.353229	0.03810866
3.356563	0.03810866
3.359896	0.03813042
3.363229	0.03817395
3.366563	0.03823924
3.369896	0.03830453
3.373229	0.03836982
3.376563	0.03843511
3.379896	0.03850041
3.383229	0.03854393
3.386563	0.03858746
3.389896	0.03858746
3.393229	0.03858746
3.396563	0.0385657
3.399896	0.03852217
3.403229	0.03845688
3.406563	0.03839159
3.409896	0.03832629
3.413229	0.03828277
3.416563	0.03821747
3.419896	0.03819571
3.423229	0.03817395
3.426563	0.03815218
3.429896	0.03815218
3.433229	0.03817395
3.436563	0.03819571
3.439896	0.03821747
3.443229	0.03823924
3.446563	0.03823924
3.449896	0.038261
3.453229	0.038261
3.456563	0.03823924
3.459896	0.03821747
3.463229	0.03819571
3.466563	0.03815218
3.469896	0.03808689
3.473229	0.0380216
3.476563	0.03793454
3.479896	0.03786925
3.483229	0.03780396
3.486562	0.03773867
3.489896	0.03767338
3.493229	0.03760808
3.496562	0.03756456
3.499896	0.03754279
3.503229	0.03752103
3.506562	0.03749927
3.509896	0.03749927
3.513229	0.03752103
3.516562	0.03754279
3.519896	0.03758632
3.523229	0.03765161
3.526562	0.0377169
3.529896	0.0377822
3.533229	0.03784749
3.536562	0.03793454
3.539896	0.03799984
3.543229	0.03804336
3.546562	0.03808689
3.549896	0.03808689
3.553229	0.03808689
3.556562	0.0380216
3.559896	0.03795631
3.563229	0.03789102
3.566562	0.03780396
3.569896	0.0377169
3.573229	0.03762985
3.576562	0.03758632
3.579896	0.03754279
3.583229	0.03752103
3.586562	0.03752103
3.589896	0.03752103
3.593229	0.03749927
3.596562	0.0374775
3.599896	0.03743397
3.603229	0.03734692
3.606563	0.03725986
3.609896	0.03717281
3.613229	0.03708575
3.616563	0.03699869
3.619896	0.03695517
3.623229	0.0369334
3.626563	0.0369334
3.629896	0.03697693
3.633229	0.03704222
3.636563	0.03712928
3.639896	0.03721633
3.643229	0.03732515
3.646563	0.03743397
3.649896	0.03754279
3.653229	0.03765161
3.656563	0.03776043
3.659896	0.03786925
3.663229	0.03797807
3.666563	0.03804336
3.669896	0.03810866
3.673229	0.03815218
3.676563	0.03819571
3.679896	0.03819571
3.683229	0.03819571
3.686563	0.03817395
3.689896	0.03815218
3.693229	0.03810866
3.696563	0.03804336
3.699896	0.03799984
3.703229	0.03793454
3.706563	0.03789102
3.709896	0.03782572
3.713229	0.0377822
3.716563	0.03773867
3.719896	0.0377169
3.723229	0.03769514
3.726563	0.03767338
3.729896	0.03767338
3.733229	0.03765161
3.736562	0.03762985
3.739896	0.03758632
3.743229	0.03752103
3.746562	0.03745574
3.749896	0.03741221
3.753229	0.03739045
3.756562	0.03739045
3.759896	0.03743397
3.763229	0.03749927
3.766562	0.03760808
3.769896	0.0377169
3.773229	0.03780396
3.776562	0.03789102
3.779896	0.03793454
3.783229	0.03793454
3.786562	0.03791278
3.789896	0.03784749
3.793229	0.0377822
3.796562	0.0377169
3.799896	0.03767338
3.803229	0.03762985
3.806562	0.03760808
3.809896	0.03760808
3.813229	0.03762985
3.816562	0.03765161
3.819896	0.0377169
3.823229	0.0377822
3.826562	0.03789102
3.829896	0.03799984
3.833229	0.03815218
3.836562	0.03832629
3.839896	0.03850041
3.843229	0.03869628
3.846562	0.03887039
3.849896	0.0390445
3.853229	0.03919685
3.856563	0.03930567
3.859896	0.03937096
3.863229	0.03941449
3.866563	0.03945802
3.869896	0.03945802
3.873229	0.03945802
3.876563	0.03943626
3.879896	0.03943626
3.883229	0.03943626
3.886563	0.03943626
3.889896	0.03943626
3.893229	0.03943626
3.896563	0.03943626
3.899896	0.03943626
3.903229	0.03943626
3.906563	0.03943626
3.909896	0.03939273
3.913229	0.03937096
3.916563	0.03930567
3.919896	0.03924038
3.923229	0.03917509
3.926563	0.03908803
3.929896	0.0390445
3.933229	0.03902274
3.936563	0.0390445
3.939896	0.03913156
3.943229	0.03926214
3.946563	0.03943626
3.949896	0.03965389
3.953229	0.0398933
3.956563	0.04015447
3.959896	0.04039387
3.963229	0.04063327
3.966563	0.04087268
3.969896	0.04106855
3.973229	0.04126443
3.976563	0.04143854
3.979896	0.04165618
3.983229	0.04187382
3.986562	0.04209146
3.989896	0.04233086
3.993229	0.04259203
3.996562	0.04289672
3.999896	0.04320142
4.003229	0.04352788
4.006563	0.0438761
4.009896	0.04424609
4.013229	0.04463784
4.016562	0.04505135
4.019896	0.04548663
4.023229	0.04596544
4.026563	0.04644424
4.029896	0.04692305
4.033229	0.04742362
4.036562	0.04792419
4.039896	0.04844653
4.043229	0.04896886
4.046563	0.0494912
4.049896	0.05005706
4.053229	0.05062292
4.056562	0.05125407
4.059896	0.05190699
4.063229	0.05264697
4.066563	0.05345223
4.069896	0.05432279
4.073229	0.05530217
4.076562	0.0563686
4.079896	0.05754385
4.083229	0.05882792
4.086563	0.06022082
4.089896	0.06172253
4.093229	0.06333306
4.096562	0.06507417
4.099896	0.06688058
4.103229	0.06881757
4.106563	0.07084162
4.109896	0.07295272
4.113229	0.07515088
4.116562	0.07743609
4.119896	0.07983012
4.123229	0.08228945
4.126563	0.08483583
4.129896	0.08746926
4.133229	0.09018976
4.136562	0.09297554
4.139896	0.09587014
4.143229	0.09883004
4.146563	0.101877
4.149896	0.105011
4.153229	0.1082321
4.156562	0.1115402
4.159896	0.1148918
4.163229	0.1183088
4.166563	0.1217692
4.169896	0.1252297
4.173229	0.1286902
4.176562	0.1320853
4.179896	0.135437
4.183229	0.1386798
4.186563	0.1418573
4.189896	0.1449043
4.193229	0.1478642
4.196562	0.1507153
4.199896	0.1534793
4.203229	0.1561563
4.206563	0.1587244
4.209896	0.1612055
4.213229	0.1635342
4.216562	0.1657324
4.219896	0.1677782
4.223229	0.1696064
4.226563	0.1712387
4.229896	0.1726533
4.233229	0.1738286
4.236563	0.1747644
4.239896	0.1754609
4.243229	0.1759397
4.246562	0.1761791
4.249896	0.1762444
4.253229	0.176092
4.256563	0.1757656
4.259896	0.1752215
4.263229	0.1745033
4.266562	0.1736109
4.269896	0.1725445
4.273229	0.171304
4.276563	0.1698893
4.279896	0.1683441
4.283229	0.1666465
4.286562	0.1648183
4.289896	0.1628813
4.293229	0.1608355
4.296563	0.1587244
4.299896	0.1565262
4.303229	0.1542628
4.306562	0.151934
4.309896	0.1495835
4.313229	0.1471895
4.316563	0.1447955
4.319896	0.1424232
4.323229	0.1400727
4.326562	0.1377657
4.329896	0.135524
4.333229	0.1333912
4.336563	0.1313236
4.339896	0.1293648
4.343229	0.1274931
4.346562	0.1257085
4.349896	0.1239892
4.353229	0.1223569
4.356563	0.1207899
4.359896	0.1192881
4.363229	0.1178517
4.366562	0.1165241
4.369896	0.1152836
4.373229	0.1141519
4.376563	0.1131725
4.379896	0.1123237
4.383229	0.1115837
4.386562	0.1109961
4.389896	0.110539
4.393229	0.1101908
4.396563	0.1099514
4.399896	0.1097991
4.403229	0.1097338
4.406562	0.1097555
4.409896	0.1098426
4.413229	0.1100167
4.416563	0.1102561
4.419896	0.1105826
4.423229	0.1109526
4.426562	0.1114096
4.429896	0.1119102
4.433229	0.1124543
4.436563	0.1130419
4.439896	0.1136513
4.443229	0.1142824
4.446562	0.1149136
4.449896	0.1155447
4.453229	0.1161977
4.456563	0.1168506
4.459896	0.1175035
4.463229	0.1181564
4.466562	0.1188529
4.469896	0.1195493
4.473229	0.1202675
4.476563	0.1209857
4.479896	0.1217257
4.483229	0.1224439
4.486563	0.1231404
4.489896	0.1237933
4.493229	0.1244027
4.496562	0.1249685
4.499896	0.1254473
4.503229	0.1258391
4.506563	0.1261655
4.509896	0.1264267
4.513229	0.1266008
4.516562	0.1267096
4.519896	0.1267749
4.523229	0.1267532
4.526563	0.1267096
4.529896	0.1266226
4.533229	0.1265138
4.536562	0.126405
4.539896	0.1263179
4.543229	0.1262308
4.546563	0.1261873
4.549896	0.1261873
4.553229	0.1262526
4.556562	0.1263397
4.559896	0.1265138
4.563229	0.1267096
4.566563	0.1269491
4.569896	0.1272537
4.573229	0.1276237
4.576562	0.1280372
4.579896	0.1285596
4.583229	0.129169
4.586563	0.1298872
4.589896	0.1307577
4.593229	0.1317806
4.596562	0.1329777
4.599896	0.1343488
4.603229	0.1359376
4.606563	0.137744
4.609896	0.1397462
4.613229	0.1419879
4.616562	0.1444908
4.619896	0.1472548
4.623229	0.1503235
4.626563	0.1536969
4.629896	0.1574186
4.633229	0.1615102
4.636562	0.1660153
4.639896	0.1709557
4.643229	0.176375
4.646563	0.1822947
4.649896	0.1887586
4.653229	0.1957884
4.656562	0.2034493
4.659896	0.2117414
4.663229	0.2207081
4.666563	0.230393
4.669896	0.240818
4.673229	0.2520482
4.676562	0.2640836
4.679896	0.2770114
4.683229	0.2908097
4.686563	0.3055875
4.689896	0.3213228
4.693229	0.3381028
4.696562	0.3559492
4.699896	0.3749274
4.703229	0.3951025
4.706563	0.4164965
4.709896	0.439218
4.713229	0.4633107
4.716562	0.4888833
4.719896	0.5160665
4.723229	0.5449473
4.726563	0.5757215
4.729896	0.6085632
4.733229	0.6437773
4.736563	0.6816465
4.739896	0.722541
4.743229	0.7669611
4.746562	0.8154512
4.749896	0.8687075
4.753229	0.9275572
4.756563	0.9930015
4.759896	1.066215
4.763229	1.148614
4.766562	1.241785
4.769896	1.347688
4.773229	1.4685
4.776563	1.60681
4.779896	1.765512
4.783229	1.947851
4.786562	2.157568
4.789896	2.398778
4.793229	2.67605
4.796563	2.9945
4.799896	3.359655
4.803229	3.777545
4.806562	4.254654
4.809896	4.797925
4.813229	5.414694
4.816563	6.112576
4.819896	6.899494
4.823229	7.783437
4.826562	8.772478
4.829896	9.874625
4.833229	11.09765
4.836563	12.44902
4.839896	13.93562
4.843229	15.56372
4.846562	17.33868
4.849896	19.26474
4.853229	21.34496
4.856563	23.58083
4.859896	25.97223
4.863229	28.51718
4.866562	31.21166
4.869896	34.04964
4.873229	37.02287
4.876563	40.12099
4.879896	43.33141
4.883229	46.63938
4.886562	50.02809
4.889896	53.47869
4.893229	56.97063
4.896563	60.48162
4.899896	63.988
4.903229	67.46505
4.906562	70.88715
4.909896	74.22831
4.913229	77.4624
4.916563	80.56368
4.919896	83.5071
4.923229	86.26868
4.926562	88.82583
4.929896	91.15782
4.933229	93.24589
4.936563	95.07367
4.939896	96.62737
4.943229	97.89595
4.946562	98.87119
4.949896	99.54794
4.953229	99.92396
4.956563	100
4.959896	99.77979
4.963229	99.2698
4.966562	98.47907
4.969896	97.41915
4.973229	96.10367
4.976563	94.54831
4.979896	92.77037
4.983229	90.78855
4.986563	88.62267
4.989896	86.2933
4.993229	83.82143
4.996562	81.22835
4.999896	78.53508
5.003229	75.76245
5.006563	72.93054
5.009896	70.05879
5.013229	67.16556
5.016562	64.26817
5.019896	61.38271
5.023229	58.52404
5.026563	55.70556
5.029896	52.93938
5.033229	50.23611
5.036562	47.60485
5.039896	45.05338
5.043229	42.58807
5.046563	40.21401
5.049896	37.93504
5.053229	35.75386
5.056562	33.67216
5.059896	31.69062
5.063229	29.80911
5.066563	28.02675
5.069896	26.34198
5.073229	24.7526
5.076562	23.25596
5.079896	21.84899
5.083229	20.52829
5.086563	19.29025
5.089896	18.13106
5.093229	17.04682
5.096562	16.03358
5.099896	15.08739
5.103229	14.2043
5.106563	13.38047
5.109896	12.61207
5.113229	11.89545
5.116562	11.22704
5.119896	10.60341
5.123229	10.02138
5.126563	9.477869
5.129896	8.970072
5.133229	8.495314
5.136562	8.051134
5.139896	7.635247
5.143229	7.245563
5.146563	6.880059
5.149896	6.536929
5.153229	6.214474
5.156562	5.911085
5.159896	5.625369
5.163229	5.355953
5.166563	5.101685
5.169896	4.861476
5.173229	4.634348
5.176562	4.419472
5.179896	4.216067
5.183229	4.023369
5.186563	3.840791
5.189896	3.667659
5.193229	3.50345
5.196562	3.347642
5.199896	3.199756
5.203229	3.059357
5.206563	2.926052
5.209896	2.799495
5.213229	2.67938
5.216562	2.565468
5.219896	2.457453
5.223229	2.355098
5.226563	2.258183
5.229896	2.166448
5.233229	2.079653
5.236563	1.997603
5.239896	1.920036
5.243229	1.846757
5.246562	1.77757
5.249896	1.712278
5.253229	1.650729
5.256563	1.592728
5.259896	1.538166
5.263229	1.48689
5.266562	1.438749
5.269896	1.393632
5.273229	1.351323
5.276563	1.311734
5.279896	1.274692
5.283229	1.240066
5.286562	1.207681
5.289896	1.177386
5.293229	1.149071
5.296563	1.122562
5.299896	1.097751
5.303229	1.074486
5.306562	1.052635
5.309896	1.032111
5.313229	1.012763
5.316563	0.9944814
5.319896	0.9771791
5.323229	0.9607473
5.326562	0.9450773
5.329896	0.9301036
5.333229	0.9157176
5.336563	0.901854
5.339896	0.8884474
5.343229	0.8754326
5.346562	0.8627442
5.349896	0.8502952
5.353229	0.8380639
5.356563	0.8259632
5.359896	0.8140148
5.363229	0.8021316
5.366562	0.7902921
5.369896	0.778496
5.373229	0.7666782
5.376563	0.7548822
5.379896	0.7430426
5.383229	0.7311813
5.386562	0.7192764
5.389896	0.7073497
5.393229	0.6953578
5.396563	0.6833441
5.399896	0.6713087
5.403229	0.6592732
5.406562	0.647216
5.409896	0.6351805
5.413229	0.6231451
5.416563	0.6111314
5.419896	0.5991612
5.423229	0.5872563
5.426562	0.5754168
5.429896	0.5636425
5.433229	0.551977
5.436563	0.5403986
5.439896	0.528929
5.443229	0.5176335
5.446562	0.5064686
5.449896	0.4954996
5.453229	0.4847046
5.456563	0.4741274
5.459896	0.463746
5.463229	0.4535604
5.466562	0.4435926
5.469896	0.4338206
5.473229	0.4242227
5.476563	0.4148206
5.479896	0.405571
5.483229	0.3964737
5.486563	0.3875504
5.489896	0.3788013
5.493229	0.3702046
5.496562	0.3618255
5.499896	0.3536205
5.503229	0.3456549
5.506563	0.3378851
5.509896	0.3303113
5.513229	0.3229768
5.516562	0.3158165
5.519896	0.3088738
5.523229	0.3021052
5.526563	0.2955543
5.529896	0.2891557
5.533229	0.2829747
5.536562	0.2769461
5.539896	0.2710916
5.543229	0.2653894
5.546563	0.2598396
5.549896	0.2544422
5.553229	0.2491753
5.556562	0.2440608
5.559896	0.2390768
5.563229	0.2342453
5.566563	0.2295878
5.569896	0.2250609
5.573229	0.2207081
5.576562	0.2164859
5.579896	0.2123943
5.583229	0.2083897
5.586563	0.2045157
5.589896	0.2006853
5.593229	0.1969201
5.596562	0.1932202
5.599896	0.1895857
5.603229	0.1860164
5.606563	0.1825124
5.609896	0.1791172
5.613229	0.1757873
5.616562	0.1725445
5.619896	0.1694105
5.623229	0.1663635
5.626563	0.1634036
5.629896	0.1605526
5.633229	0.157745
5.636562	0.1550463
5.639896	0.1523911
5.643229	0.1498229
5.646563	0.1473201
5.649896	0.1448825
5.653229	0.1424885
5.656562	0.1401598
5.659896	0.1378528
5.663229	0.1356111
5.666563	0.1333912
5.669896	0.1312365
5.673229	0.1291254
5.676562	0.1270796
5.679896	0.1251209
5.683229	0.1232057
5.686563	0.1213557
5.689896	0.1195928
5.693229	0.1178735
5.696562	0.1162412
5.699896	0.1146524
5.703229	0.1131072
5.706563	0.1116272
5.709896	0.1101908
5.713229	0.1087979
5.716562	0.1074268
5.719896	0.1060774
5.723229	0.1047716
5.726563	0.1034658
5.729896	0.1021817
5.733229	0.1009194
5.736563	0.09965707
5.739896	0.09841653
5.743229	0.09719774
5.746562	0.09602249
5.749896	0.094869
5.753229	0.09375904
5.756563	0.09271437
5.759896	0.09171323
5.763229	0.09075562
5.766562	0.08984153
5.769896	0.08897098
5.773229	0.08814395
5.776563	0.08731692
5.779896	0.08651165
5.783229	0.08572815
5.786562	0.08494465
5.789896	0.08416115
5.793229	0.08337765
5.796563	0.08257238
5.799896	0.08176712
5.803229	0.08098361
5.806562	0.08020011
5.809896	0.07943837
5.813229	0.07872016
5.816563	0.07802372
5.819896	0.07741433
5.823229	0.07684847
5.826562	0.07634789
5.829896	0.07591262
5.833229	0.07552087
5.836563	0.07517264
5.839896	0.07484618
5.843229	0.07456325
5.846562	0.07430208
5.849896	0.07404092
5.853229	0.07380151
5.856563	0.07356211
5.859896	0.07332271
5.863229	0.07306154
5.866562	0.07280037
5.869896	0.07251744
5.873229	0.07219098
5.876563	0.07186452
5.879896	0.07149454
5.883229	0.07110279
5.886562	0.07071104
5.889896	0.07031928
5.893229	0.06992753
5.896563	0.06955754
5.899896	0.06920932
5.903229	0.06888286
5.906562	0.06859993
5.909896	0.068317
5.913229	0.06805583
5.916563	0.06781643
5.919896	0.06757703
5.923229	0.06733762
5.926562	0.06709822
5.929896	0.06685882
5.933229	0.06659765
5.936563	0.06631472
5.939896	0.06601002
5.943229	0.06570533
5.946562	0.06540063
5.949896	0.06507417
5.953229	0.06476948
5.956563	0.06448655
5.959896	0.06418185
5.963229	0.06392069
5.966562	0.06365952
5.969896	0.06342012
5.973229	0.06318071
5.976563	0.06291954
5.979896	0.06268014
5.983229	0.06241897
5.986563	0.06215781
5.989896	0.0619184
5.993229	0.06170076
5.996562	0.06152665
5.999896	0.06137431
6.003229	0.06128725
6.006563	0.06122196
6.009896	0.06117843
6.013229	0.06115667
6.016562	0.0611349
6.019896	0.06109137
6.023229	0.06100432
6.026563	0.0608955
6.029896	0.06072139
6.033229	0.06052551
6.036562	0.06028611
6.039896	0.06004671
6.043229	0.05982907
6.046563	0.05963319
6.049896	0.05945908
6.053229	0.0593285
6.056562	0.05921968
6.059896	0.05913262
6.063229	0.05906733
6.066563	0.05898027
6.069896	0.05889322
6.073229	0.05876263
6.076562	0.05863205
6.079896	0.05845794
6.083229	0.05826206
6.086563	0.05804442
6.089896	0.05782678
6.093229	0.05760914
6.096562	0.05741327
6.099896	0.05719563
6.103229	0.05702152
6.106563	0.05686917
6.109896	0.05671682
6.113229	0.056608
6.116562	0.05649918
6.119896	0.05641213
6.123229	0.05630331
6.126563	0.05619449
6.129896	0.0560639
6.133229	0.05593332
6.136562	0.05580274
6.139896	0.05565039
6.143229	0.0555198
6.146563	0.05536746
6.149896	0.05525864
6.153229	0.05512805
6.156562	0.05501923
6.159896	0.05491041
6.163229	0.05477983
6.166563	0.05462748
6.169896	0.05445337
6.173229	0.0542575
6.176562	0.05401809
6.179896	0.05375693
6.183229	0.05349576
6.186563	0.05321283
6.189896	0.0529299
6.193229	0.05264697
6.196562	0.0523858
6.199896	0.05216816
6.203229	0.05197228
6.206563	0.05179817
6.209896	0.05164582
6.213229	0.05153701
6.216562	0.05144995
6.219896	0.05138466
6.223229	0.05131937
6.226563	0.05127584
6.229896	0.05123231
6.233229	0.05116702
6.236563	0.05112349
6.239896	0.05103643
6.243229	0.05097114
6.246562	0.05086232
6.249896	0.0507535
6.253229	0.05060116
6.256563	0.05044881
6.259896	0.05025293
6.263229	0.05005706
6.266562	0.04983942
6.269896	0.04964354
6.273229	0.0494259
6.276563	0.04925179
6.279896	0.04909944
6.283229	0.04899062
6.286562	0.04890357
6.289896	0.04886004
6.293229	0.04881651
6.296563	0.04879475
6.299896	0.04877298
6.303229	0.04875122
6.306562	0.04870769
6.309896	0.0486424
6.313229	0.04857711
6.316563	0.04849005
6.319896	0.048403
6.323229	0.04831594
6.326562	0.04820712
6.329896	0.0480983
6.333229	0.04801125
6.336563	0.04788066
6.339896	0.04777184
6.343229	0.04764126
6.346562	0.04751068
6.349896	0.04738009
6.353229	0.04724951
6.356563	0.04714069
6.359896	0.04703187
6.363229	0.04694481
6.366562	0.04687952
6.369896	0.04683599
6.373229	0.04679247
6.376563	0.0467707
6.379896	0.04674894
6.383229	0.04674894
6.386562	0.04672717
6.389896	0.04670541
6.393229	0.04668365
6.396563	0.04666188
6.399896	0.04664012
6.403229	0.04661836
6.406562	0.04664012
6.409896	0.04666188
6.413229	0.04668365
6.416563	0.04672717
6.419896	0.0467707
6.423229	0.04681423
6.426562	0.04685776
6.429896	0.04690129
6.433229	0.04692305
6.436563	0.04694481
6.439896	0.04696658
6.443229	0.04701011
6.446562	0.04709716
6.449896	0.04722775
6.453229	0.04742362
6.456563	0.04772832
6.459896	0.04814183
6.463229	0.04868593
6.466562	0.04938238
6.469896	0.0502747
6.473229	0.05134113
6.476563	0.0526252
6.479896	0.05412691
6.483229	0.05588979
6.486563	0.0579356
6.489896	0.06028611
6.493229	0.06291954
6.496562	0.06587944
6.499896	0.06916579
6.503229	0.07275685
6.506563	0.07665259
6.509896	0.08083127
6.513229	0.08524934
6.516562	0.0898633
6.519896	0.09465136
6.523229	0.09957002
6.526563	0.1045322
6.529896	0.1095161
6.533229	0.1144348
6.536562	0.1192664
6.539896	0.1239021
6.543229	0.1283202
6.546563	0.1324336
6.549896	0.1361987
6.553229	0.1395286
6.556562	0.1424014
6.559896	0.1447737
6.563229	0.1465801
6.566563	0.1478424
6.569896	0.1485171
6.573229	0.1486259
6.576562	0.1481906
6.579896	0.147233
6.583229	0.1457748
6.586563	0.1438814
6.589896	0.1415962
6.593229	0.1389627
6.596562	0.1360246
6.599896	0.1328471
6.603229	0.1294737
6.606563	0.1259479
6.609896	0.1223569
6.613229	0.1186788
6.616562	0.1150006
6.619896	0.1113661
6.623229	0.1077533
6.626563	0.1042275
6.629896	0.1007888
6.633229	0.09745891
6.636562	0.09428138
6.639896	0.09121266
6.643229	0.08829629
6.646563	0.08548875
6.649896	0.08285531
6.653229	0.08035246
6.656562	0.07800195
6.659896	0.0758038
6.663229	0.07375799
6.666563	0.071821
6.669896	0.07003635
6.673229	0.06838229
6.676562	0.06683705
6.679896	0.06540063
6.683229	0.06405127
6.686563	0.06274543
6.689896	0.06152665
6.693229	0.0603514
6.696562	0.05924144
6.699896	0.05819677
6.703229	0.05723916
6.706563	0.05632507
6.709896	0.05547628
6.713229	0.05469278
6.716562	0.0539528
6.719896	0.05325636
6.723229	0.05260344
6.726563	0.05197228
6.729896	0.05134113
6.733229	0.05073174
6.736563	0.05014411
6.739896	0.04957825
6.743229	0.04905592
6.746562	0.04855535
6.749896	0.04807654
6.753229	0.04766302
6.756563	0.04727127
6.759896	0.04694481
6.763229	0.04661836
6.766562	0.04635719
6.769896	0.04609602
6.773229	0.04585662
6.776563	0.04563898
6.779896	0.0454431
6.783229	0.04526899
6.786562	0.04507312
6.789896	0.044899
6.793229	0.04474666
6.796563	0.04459431
6.799896	0.04444196
6.803229	0.04428961
6.806562	0.04415903
6.809896	0.04405021
6.813229	0.04391963
6.816563	0.04381081
6.819896	0.04370199
6.823229	0.0435714
6.826562	0.04346258
6.829896	0.04331024
6.833229	0.04313613
6.836563	0.04291849
6.839896	0.04263555
6.843229	0.0423091
6.846562	0.04187382
6.849896	0.04137325
6.853229	0.04076386
6.856563	0.04004565
6.859896	0.03924038
6.863229	0.03830453
6.866562	0.03730339
6.869896	0.03619343
6.873229	0.03499641
6.876563	0.03371234
6.879896	0.03231945
6.883229	0.0308395
6.886562	0.02925073
6.889896	0.02757491
6.893229	0.02579027
6.896563	0.0238968
6.899896	0.02193805
6.903229	0.01993577
6.906562	0.01786819
6.909896	0.01580062
6.913229	0.01377657
6.916563	0.01179605
6.919896	0.009902591
6.923229	0.008117948
6.926562	0.006463889
6.929896	0.004962178
6.933229	0.003612813
6.936563	0.002481089
6.939896	0.001523476
6.943229	0.0008052657
6.946562	0.0002829312
6.949896	2.176394e-05
6.953229	0
6.956563	0.0002176394
6.959896	0.000674682
6.963229	0.001349364
6.966562	0.002241685
6.969896	0.003286354
6.973229	0.004483371
6.976563	0.005789207
6.979896	0.007203863
6.983229	0.008662047
6.986563	0.01012023
6.989896	0.01160018
6.993229	0.0130366
6.996562	0.01442949
6.999896	0.01577886
7.003229	0.01708469
7.006563	0.01830347
7.009896	0.01950049
7.013229	0.02063221
7.016562	0.02174217
7.019896	0.02283037
7.023229	0.0238968
7.026563	0.02494147
7.029896	0.02596438
7.033229	0.02694375
7.036562	0.02790137
7.039896	0.02881545
7.043229	0.02966425
7.046563	0.03046951
7.049896	0.03120949
7.053229	0.03188417
7.056562	0.03253709
7.059896	0.03314648
7.063229	0.0337341
7.066563	0.03432173
7.069896	0.03486583
7.073229	0.03540993
7.076562	0.03593226
7.079896	0.0363893
7.083229	0.03680282
7.086563	0.03712928
7.089896	0.03736868
7.093229	0.03752103
7.096562	0.03760808
7.099896	0.03758632
7.103229	0.03752103
7.106563	0.03739045
7.109896	0.03725986
7.113229	0.03710751
7.116562	0.0369334
7.119896	0.03680282
7.123229	0.03667224
7.126563	0.03656342
7.129896	0.03647636
7.133229	0.03643283
7.136562	0.03641107
7.139896	0.03643283
7.143229	0.03649812
7.146563	0.03662871
7.149896	0.03678106
7.153229	0.03699869
7.156562	0.03725986
7.159896	0.03754279
7.163229	0.03786925
7.166563	0.03821747
7.169896	0.03858746
7.173229	0.03895745
7.176562	0.03932744
7.179896	0.03969742
7.183229	0.04004565
7.186563	0.04039387
7.189896	0.04074209
7.193229	0.04104679
7.196562	0.04132972
7.199896	0.04159089
7.203229	0.04183029
7.206563	0.04204793
7.209896	0.04220028
7.213229	0.04235262
7.216562	0.04243968
7.219896	0.04250497
7.223229	0.0425485
7.226563	0.04257026
7.229896	0.0425485
7.233229	0.04250497
7.236563	0.04246144
7.239896	0.04241792
7.243229	0.04235262
7.246562	0.04228733
7.249896	0.04222204
7.253229	0.04211322
7.256563	0.0420044
7.259896	0.04187382
7.263229	0.04172147
7.266562	0.04154736
7.269896	0.04137325
7.273229	0.04119913
7.276563	0.04106855
7.279896	0.04093797
7.283229	0.04085091
7.286562	0.04078562
7.289896	0.04076386
7.293229	0.04078562
7.296563	0.04080738
7.299896	0.04085091
7.303229	0.04089444
7.306562	0.04093797
7.309896	0.0409815
7.313229	0.04100326
7.316563	0.04102502
7.319896	0.04104679
7.323229	0.04106855
7.326562	0.04106855
7.329896	0.04106855
7.333229	0.04109031
7.336563	0.04106855
7.339896	0.04106855
7.343229	0.04104679
7.346562	0.04102502
7.349896	0.04100326
7.353229	0.04095973
7.356563	0.0409162
7.359896	0.04085091
7.363229	0.04078562
7.366562	0.04069856
7.369896	0.04061151
7.373229	0.04052445
7.376563	0.0404374
7.379896	0.04035034
7.383229	0.04028505
7.386562	0.04024152
7.389896	0.04021976
7.393229	0.04021976
7.396563	0.04026329
7.399896	0.04032858
7.403229	0.04041563
7.406562	0.04050269
7.409896	0.04058974
7.413229	0.0406768
7.416563	0.04076386
7.419896	0.04082915
7.423229	0.04089444
7.426562	0.04093797
7.429896	0.04100326
7.433229	0.04104679
7.436563	0.04113384
7.439896	0.0412209
7.443229	0.04132972
7.446562	0.0414603
7.449896	0.04161265
7.453229	0.04174323
7.456563	0.04189558
7.459896	0.04202616
7.463229	0.04211322
7.466562	0.04215675
7.469896	0.04217851
7.473229	0.04215675
7.476563	0.04209146
7.479896	0.04198264
7.483229	0.04187382
7.486563	0.04172147
7.489896	0.04159089
7.493229	0.04148207
7.496562	0.04137325
7.499896	0.04130795
7.503229	0.04124266
7.506563	0.04119913
7.509896	0.04117737
7.513229	0.04117737
7.516562	0.04117737
7.519896	0.04117737
7.523229	0.04119913
7.526563	0.04119913
7.529896	0.04117737
7.533229	0.04115561
7.536562	0.04111208
7.539896	0.04106855
7.543229	0.0409815
7.546563	0.04089444
7.549896	0.04082915
7.553229	0.04074209
7.556562	0.04069856
7.559896	0.04069856
7.563229	0.04072033
7.566563	0.04076386
7.569896	0.04085091
7.573229	0.04093797
7.576562	0.04106855
7.579896	0.04117737
7.583229	0.04128619
7.586563	0.04139501
7.589896	0.04148207
7.593229	0.04154736
7.596562	0.04159089
7.599896	0.04161265
7.603229	0.04163441
7.606563	0.04165618
7.609896	0.04163441
7.613229	0.04161265
7.616562	0.04159089
7.619896	0.04154736
7.623229	0.04148207
7.626563	0.04143854
7.629896	0.04139501
7.633229	0.04137325
7.636562	0.04137325
7.639896	0.04137325
7.643229	0.04141677
7.646563	0.04148207
7.649896	0.04154736
7.653229	0.04161265
7.656562	0.04167794
7.659896	0.04172147
7.663229	0.04172147
7.666563	0.04172147
7.669896	0.04167794
7.673229	0.04159089
7.676562	0.04150383
7.679896	0.04137325
7.683229	0.04124266
7.686563	0.04111208
7.689896	0.04095973
7.693229	0.04080738
7.696562	0.0406768
7.699896	0.04056798
7.703229	0.04045916
7.706563	0.04037211
7.709896	0.04030681
7.713229	0.04024152
7.716562	0.04021976
7.719896	0.04021976
7.723229	0.04024152
7.726563	0.04028505
7.729896	0.04032858
7.733229	0.04039387
7.736563	0.04045916
7.739896	0.04050269
7.743229	0.04054622
7.746562	0.04056798
7.749896	0.04056798
7.753229	0.04052445
7.756563	0.04048092
7.759896	0.04039387
7.763229	0.04030681
7.766562	0.04021976
7.769896	0.0401327
7.773229	0.04004565
7.776563	0.04000212
7.779896	0.03998035
7.783229	0.03998035
7.786562	0.04000212
7.789896	0.04004565
7.793229	0.04011094
7.796563	0.04017623
7.799896	0.04021976
7.803229	0.04026329
7.806562	0.04028505
7.809896	0.04026329
7.813229	0.04024152
7.816563	0.04017623
7.819896	0.04008917
7.823229	0.04002388
7.826562	0.03993683
7.829896	0.03984977
7.833229	0.03980624
7.836563	0.03976271
7.839896	0.03974095
7.843229	0.03976271
7.846562	0.03976271
7.849896	0.03978448
7.853229	0.03980624
7.856563	0.03980624
7.859896	0.03976271
7.863229	0.03971919
7.866562	0.03963213
7.869896	0.03954508
7.873229	0.03941449
7.876563	0.03928391
7.879896	0.03915332
7.883229	0.0390445
7.886562	0.03895745
7.889896	0.03889216
7.893229	0.03889216
7.896563	0.03891392
7.899896	0.03897921
7.903229	0.03906627
7.906562	0.03919685
7.909896	0.03930567
7.913229	0.03943626
7.916563	0.03956684
7.919896	0.03965389
7.923229	0.03971919
7.926562	0.03974095
7.929896	0.03974095
7.933229	0.03969742
7.936563	0.03963213
7.939896	0.03952331
7.943229	0.03941449
7.946562	0.03926214
7.949896	0.03913156
7.953229	0.03897921
7.956563	0.03882687
7.959896	0.03869628
7.963229	0.03858746
7.966562	0.03847864
7.969896	0.03836982
7.973229	0.03828277
7.976563	0.03821747
7.979896	0.03815218
7.983229	0.03808689
7.986563	0.0380216
7.989896	0.03795631
7.993229	0.03789102
7.996562	0.03782572
7.999896	0.0377822
8.003229	0.0377169
8.006562	0.03767338
8.009896	0.03765161
8.013229	0.03762985
8.016562	0.03765161
8.019896	0.03765161
8.02323	0.03767338
8.026563	0.03769514
8.029896	0.03769514
8.033229	0.0377169
8.036563	0.0377169
8.039896	0.03773867
8.043229	0.03773867
8.046562	0.03773867
8.049896	0.03776043
8.053229	0.0377822
8.056562	0.03780396
8.059896	0.03784749
8.06323	0.03786925
8.066563	0.03791278
8.069896	0.03793454
8.073229	0.03795631
8.076563	0.03795631
8.079896	0.03793454
8.083229	0.03789102
8.086562	0.03782572
8.089896	0.03776043
8.093229	0.03769514
8.096562	0.03762985
8.099895	0.03760808
8.10323	0.03758632
8.106563	0.03758632
8.109896	0.03760808
8.113229	0.03762985
8.116563	0.03765161
8.119896	0.03765161
8.123229	0.03765161
8.126562	0.03762985
8.129896	0.03760808
8.133229	0.03758632
8.136562	0.03756456
8.139895	0.03758632
8.143229	0.03760808
8.146563	0.03767338
8.149896	0.03776043
8.153229	0.03786925
8.156563	0.03799984
8.159896	0.03813042
8.163229	0.038261
8.166562	0.03839159
8.169896	0.03850041
8.173229	0.03858746
8.176562	0.03865275
8.179895	0.03869628
8.183229	0.03869628
8.186563	0.03865275
8.189896	0.0385657
8.193229	0.03845688
8.196563	0.03832629
8.199896	0.03815218
8.203229	0.03799984
8.206562	0.03782572
8.209896	0.03769514
8.213229	0.03760808
8.216562	0.03754279
8.219895	0.03752103
8.223229	0.03754279
8.226563	0.03760808
8.229896	0.03769514
8.23323	0.0377822
8.236563	0.03789102
8.239896	0.03795631
8.243229	0.0380216
8.246563	0.03804336
8.249896	0.03806513
8.253229	0.03804336
8.256562	0.0380216
8.259896	0.03795631
8.263229	0.03791278
8.266562	0.03786925
8.269896	0.03784749
8.27323	0.03782572
8.276563	0.03784749
8.279896	0.03789102
8.283229	0.03795631
8.286563	0.03804336
8.289896	0.03813042
8.293229	0.038261
8.296562	0.03836982
8.299896	0.03847864
8.303229	0.03858746
8.306562	0.03867452
8.309896	0.03873981
8.31323	0.0388051
8.316563	0.03887039
8.319896	0.03893569
8.323229	0.03902274
8.326563	0.0391098
8.329896	0.03919685
8.333229	0.03930567
8.336562	0.03941449
8.339896	0.03950155
8.343229	0.03956684
8.346562	0.03961037
8.349895	0.0395886
8.35323	0.03954508
8.356563	0.03945802
8.359896	0.0393492
8.363229	0.03921862
8.366563	0.0391098
8.369896	0.03900098
8.373229	0.03891392
8.376562	0.03884863
8.379896	0.03882687
8.383229	0.03882687
8.386562	0.0388051
8.389895	0.0388051
8.393229	0.03878334
8.396563	0.03873981
8.399896	0.03867452
8.403229	0.0385657
8.406563	0.03843511
8.409896	0.03828277
8.413229	0.03813042
8.416562	0.03797807
8.419896	0.03782572
8.423229	0.03769514
8.426562	0.03758632
8.429895	0.0374775
8.433229	0.03739045
8.436563	0.03730339
8.439896	0.0372381
8.443229	0.03717281
8.446563	0.03712928
8.449896	0.03712928
8.453229	0.03712928
8.456562	0.03715104
8.459896	0.03721633
8.463229	0.03730339
8.466562	0.03741221
8.469895	0.03752103
8.473229	0.03760808
8.476563	0.03769514
8.479896	0.03773867
8.48323	0.0377822
8.486563	0.0377822
8.489896	0.03773867
8.493229	0.03769514
8.496563	0.03760808
8.499896	0.03754279
8.503229	0.03745574
8.506562	0.03739045
8.509896	0.03734692
8.513229	0.03732515
8.516562	0.03730339
8.519896	0.03732515
8.52323	0.03732515
8.526563	0.03736868
8.529896	0.03739045
8.533229	0.03739045
8.536563	0.03739045
8.539896	0.03736868
8.543229	0.03732515
8.546562	0.03728163
8.549896	0.0372381
8.553229	0.03717281
8.556562	0.03712928
8.559896	0.03708575
8.56323	0.03706399
8.566563	0.03704222
8.569896	0.03702046
8.573229	0.03702046
8.576563	0.03699869
8.579896	0.03697693
8.583229	0.0369334
8.586562	0.03686811
8.589896	0.03678106
8.593229	0.03667224
8.596562	0.03651989
8.599895	0.03636754
8.60323	0.03621519
8.606563	0.03608461
8.609896	0.03597579
8.613229	0.03588873
8.616563	0.03582344
8.619896	0.03580168
8.623229	0.03577991
8.626562	0.03580168
8.629896	0.03582344
8.633229	0.03586697
8.636562	0.0359105
8.639895	0.03597579
8.643229	0.03604108
8.646563	0.03612814
8.649896	0.03623696
8.653229	0.03632401
8.656563	0.03643283
8.659896	0.03649812
8.663229	0.03656342
8.666562	0.03658518
8.669896	0.03658518
8.673229	0.03656342
8.676562	0.03654165
8.679895	0.03649812
8.683229	0.03649812
8.686563	0.03649812
8.689896	0.03654165
8.693229	0.03658518
8.696563	0.03665047
8.699896	0.03671576
8.703229	0.03678106
8.706562	0.03682458
8.709896	0.03682458
8.713229	0.03678106
8.716562	0.03673753
8.719895	0.03667224
8.723229	0.03660694
8.726563	0.03654165
8.729896	0.03651989
8.73323	0.03651989
8.736563	0.03656342
8.739896	0.03660694
8.743229	0.03671576
8.746563	0.03682458
8.749896	0.0369334
8.753229	0.03702046
8.756562	0.03710751
8.759896	0.03715104
8.763229	0.03715104
8.766562	0.03710751
8.769896	0.03702046
8.77323	0.03691164
8.776563	0.03680282
8.779896	0.036694
8.783229	0.03658518
8.786563	0.03651989
8.789896	0.03647636
8.793229	0.03649812
8.796562	0.03654165
8.799896	0.03662871
8.803229	0.03671576
8.806562	0.03678106
8.809896	0.03684635
8.81323	0.03684635
8.816563	0.03682458
8.819896	0.03680282
8.823229	0.03673753
8.826563	0.03667224
8.829896	0.03662871
8.833229	0.03658518
8.836562	0.03658518
8.839896	0.03660694
8.843229	0.03665047
8.846562	0.03671576
8.849895	0.03675929
8.85323	0.03680282
8.856563	0.03684635
8.859896	0.03684635
8.863229	0.03684635
8.866563	0.03680282
8.869896	0.03673753
8.873229	0.03665047
8.876562	0.03654165
8.879896	0.03643283
8.883229	0.03634578
8.886562	0.03625872
8.889895	0.03617167
8.893229	0.03612814
8.896563	0.03610637
8.899896	0.03610637
8.903229	0.03610637
8.906563	0.03612814
8.909896	0.03612814
8.913229	0.03612814
8.916562	0.03612814
8.919896	0.03612814
8.923229	0.0361499
8.926562	0.03619343
8.929895	0.03623696
8.933229	0.03630225
8.936563	0.0363893
8.939896	0.03647636
8.943229	0.03654165
8.946563	0.03660694
8.949896	0.03662871
8.953229	0.03665047
8.956562	0.03665047
8.959896	0.03662871
8.963229	0.03658518
8.966562	0.03656342
8.969895	0.03656342
8.973229	0.03656342
8.976563	0.03658518
8.979896	0.03658518
8.98323	0.03660694
8.986563	0.03660694
8.989896	0.03658518
8.993229	0.03656342
8.996563	0.03649812
8.999896	0.03643283
9.003229	0.03634578
9.006562	0.03623696
9.009896	0.0361499
9.013229	0.03606285
9.016562	0.03599755
9.019896	0.03595403
9.02323	0.03593226
9.026563	0.03593226
9.029896	0.03595403
9.033229	0.03599755
9.036563	0.03604108
9.039896	0.03608461
9.043229	0.03610637
9.046562	0.03608461
9.049896	0.03604108
9.053229	0.03595403
9.056562	0.03586697
9.059896	0.03575815
9.06323	0.03564933
9.066563	0.03556228
9.069896	0.03547522
9.073229	0.03545346
9.076563	0.03543169
9.079896	0.03545346
9.083229	0.03549698
9.086562	0.03556228
9.089896	0.03562757
9.093229	0.03569286
9.096562	0.03573639
9.099895	0.03577991
9.10323	0.03580168
9.106563	0.03582344
9.109896	0.03584521
9.113229	0.03584521
9.116563	0.03586697
9.119896	0.03588873
9.123229	0.0359105
9.126562	0.03595403
9.129896	0.03597579
9.133229	0.03599755
9.136562	0.03601932
9.139895	0.03604108
9.143229	0.03604108
9.146563	0.03606285
9.149896	0.03608461
9.153229	0.03612814
9.156563	0.03617167
9.159896	0.03623696
9.163229	0.03630225
9.166562	0.03634578
9.169896	0.0363893
9.173229	0.03641107
9.176562	0.03636754
9.179895	0.03630225
9.183229	0.03621519
9.186563	0.03608461
9.189896	0.03593226
9.193229	0.03577991
9.196563	0.03567109
9.199896	0.03556228
9.203229	0.03547522
9.206562	0.03543169
9.209896	0.03540993
9.213229	0.03540993
9.216562	0.03540993
9.219895	0.03543169
9.223229	0.03543169
9.226563	0.03543169
9.229896	0.03543169
9.23323	0.03545346
9.236563	0.03545346
9.239896	0.03545346
9.243229	0.03547522
9.246563	0.03547522
9.249896	0.03547522
9.253229	0.03547522
9.256562	0.03545346
9.259896	0.03543169
9.263229	0.03538816
9.266562	0.03534464
9.269896	0.03530111
9.27323	0.03523582
9.276563	0.03517052
9.279896	0.035127
9.283229	0.0350617
9.286563	0.03499641
9.289896	0.03493112
9.293229	0.03488759
9.296562	0.03484406
9.299896	0.0348223
9.303229	0.0348223
9.306562	0.03484406
9.309896	0.03486583
9.31323	0.03490936
9.316563	0.03495288
9.319896	0.03499641
9.323229	0.03503994
9.326563	0.03508347
9.329896	0.03510523
9.333229	0.03510523
9.336562	0.035127
9.339896	0.03517052
9.343229	0.03519229
9.346562	0.03525758
9.349895	0.03532287
9.35323	0.03538816
9.356563	0.03547522
9.359896	0.03556228
9.363229	0.03564933
9.366563	0.03573639
9.369896	0.03582344
9.373229	0.0359105
9.376562	0.03599755
9.379896	0.03606285
9.383229	0.03612814
9.386562	0.03619343
9.389895	0.03623696
9.393229	0.03628048
9.396563	0.03628048
9.399896	0.03625872
9.403229	0.03621519
9.406563	0.0361499
9.409896	0.03606285
9.413229	0.03599755
9.416562	0.03593226
9.419896	0.03588873
9.423229	0.03584521
9.426562	0.03582344
9.429895	0.03582344
9.433229	0.03584521
9.436563	0.03586697
9.439896	0.0359105
9.443229	0.03597579
9.446563	0.03604108
9.449896	0.03610637
9.453229	0.03617167
9.456562	0.03623696
9.459896	0.03630225
9.463229	0.03636754
9.466562	0.03641107
9.469895	0.0364546
9.473229	0.03649812
9.476563	0.03651989
9.479896	0.03651989
9.48323	0.03651989
9.486563	0.03649812
9.489896	0.0364546
9.493229	0.0363893
9.496563	0.03630225
9.499896	0.03619343
9.503229	0.03606285
9.506562	0.03593226
9.509896	0.03582344
9.513229	0.03571462
9.516562	0.03562757
9.519896	0.03556228
9.52323	0.03549698
9.526563	0.03547522
9.529896	0.03545346
9.533229	0.03545346
9.536563	0.03540993
9.539896	0.0353664
9.543229	0.03530111
9.546562	0.03521405
9.549896	0.035127
9.553229	0.03499641
9.556562	0.03488759
9.559896	0.03477877
9.56323	0.03466995
9.566563	0.03456113
9.569896	0.03445231
9.573229	0.03438702
9.576563	0.03429997
9.579896	0.03425644
9.583229	0.03423467
9.586562	0.03423467
9.589896	0.03425644
9.593229	0.0342782
9.596562	0.03432173
9.599895	0.03436526
9.60323	0.03440879
9.606563	0.03443055
9.609896	0.03445231
9.613229	0.03447408
9.616563	0.03447408
9.619896	0.03451761
9.623229	0.03456113
9.626562	0.03464819
9.629896	0.03473524
9.633229	0.03484406
9.636562	0.03495288
9.639895	0.03501818
9.643229	0.0350617
9.646563	0.03503994
9.649896	0.03497465
9.653229	0.03486583
9.656563	0.03471348
9.659896	0.03451761
9.663229	0.03436526
9.666562	0.03421291
9.669896	0.03410409
9.673229	0.0340388
9.676562	0.03401703
9.679895	0.0340388
9.683229	0.03408233
9.686563	0.03416938
9.689896	0.0342782
9.693229	0.03436526
9.696563	0.03443055
9.699896	0.03449584
9.703229	0.03453937
9.706562	0.03456113
9.709896	0.0345829
9.713229	0.0345829
9.716562	0.0345829
9.719895	0.0345829
9.723229	0.0345829
9.726563	0.03460466
9.729896	0.03462643
9.73323	0.03469172
9.736563	0.03473524
9.739896	0.03480054
9.743229	0.03484406
9.746563	0.03490936
9.749896	0.03497465
9.753229	0.03501818
9.756562	0.0350617
9.759896	0.03510523
9.763229	0.035127
9.766562	0.03514876
9.769896	0.03517052
9.77323	0.03519229
9.776563	0.03521405
9.779896	0.03523582
9.783229	0.03521405
9.786563	0.03519229
9.789896	0.03514876
9.793229	0.03510523
9.796562	0.03503994
9.799896	0.03495288
9.803229	0.03486583
9.806562	0.03480054
9.809896	0.03475701
9.81323	0.03473524
9.816563	0.03473524
9.819896	0.03475701
9.823229	0.03480054
9.826563	0.0348223
9.829896	0.03484406
9.833229	0.03484406
9.836562	0.0348223
9.839896	0.03475701
9.843229	0.03469172
9.846562	0.03462643
9.849895	0.03456113
9.85323	0.03451761
9.856563	0.03451761
9.859896	0.03453937
9.863229	0.03456113
9.866563	0.03462643
9.869896	0.03469172
9.873229	0.03473524
9.876562	0.03475701
9.879896	0.03477877
9.883229	0.03475701
9.886562	0.03471348
9.889895	0.03464819
9.893229	0.03460466
9.896563	0.0345829
9.899896	0.0345829
9.903229	0.03460466
9.906563	0.03466995
9.909896	0.03475701
9.913229	0.03484406
9.916562	0.03495288
9.919896	0.03508347
9.923229	0.03517052
9.926562	0.03525758
9.929895	0.03530111
9.933229	0.03530111
9.936563	0.03527934
9.939896	0.03519229
9.943229	0.03508347
9.946563	0.03497465
9.949896	0.0348223
9.953229	0.03469172
9.956562	0.0345829
9.959896	0.03449584
9.963229	0.03443055
9.966562	0.03438702
9.969895	0.03438702
9.973229	0.03438702
9.976563	0.03440879
9.979896	0.03440879
9.98323	0.03440879
9.986563	0.03438702
9.989896	0.03436526
9.993229	0.03432173
9.996563	0.03425644
9.999896	0.03421291
}
[PEAK]
{
Peak ID	1
Peak Ref	1
Time	4.248966
Peak	3.933229	4.403229
Intensity	-7.987022e-06	1.2815e-05
Height	0.0003731405
AreaAbs	81.80973
Area %BP	0.002979504
Area %Total	0.002972127
Width	0.47
}
[PEAK]
{
Peak ID	2
Peak Ref	2
Time	4.520841
Peak	4.403229	4.549896
Intensity	-7.987022e-06	1.2815e-05
Height	0.0002353657
AreaAbs	31.77424
Area %BP	0.001157215
Area %Total	0.00115435
Width	0.1466665
}
[PEAK]
{
Peak ID	3
Peak Ref	3
Time	4.955772
Peak	4.549896	6.403229
Intensity	-7.987022e-06	1.2815e-05
Height	0.2737755
AreaAbs	45762.49
Area %BP	1.666667
Area %Total	1.66254
Width	1.853333
}
}
}
}
