[SAMPLE]
{
Sample	1
Well	2:B,2
FileName	
SampleID	251201B-03B-RD01
SampleDescription	Aquired with Galaxy
Date	04-Feb-2026
Time	17:06:11 PRC
JobCode	
TaskCode	
UserName	Congcong_Liu2
LabName	Aquired with Galaxy
Instrument	BAD_L_22_523
Conditions	
Submitter	Mengting_Wang
SampleType	
Plate	
Method	
Process	Galaxy
MSTune	
MSMethod	
InletMethod	
PreRunMethod	
PostRunMethod	
SwitchMethod	
FractionMethod	
AcquisitionProcess	
AcquisitionProcessParameters	
AcquisitionProcessOptions	
InjectionVolume	25
ReportScheme	
SampleReportEnable	0
SampleReportFormat	
AnalysisTime	0
[COMPOUND]
{
;Mono Mass	Formula
}
[FUNCTION]
{
Function	1
IonMode	ES+
Type	MS
Description	(0:0)
[SPECTRUM]
{
ProcDesc	0.00:Combine
State	OK
Peak ID	0
Peak Ref	0
Time	0
TIC	0
BPI	0
BPM	0
Continuum	FALSE
Saved	FALSE
[MASSES]
{
;Mass	Exp. Mass	Obs. Mass	% BPI	Int. Abs
}
[RESULTS]
{
;Mass	Found	% BPI	% Purity
}
[MS]
{
;Mass	% BPI
0	0
}
}
[CHROMATOGRAM]
{
TraceNumber	1
Description	scroll down chrom view to see 2D LC chrom
ProcDesc	
MaxIntensity	0
[TRACE]
{
0	0
}
[PEAK]
{
Peak ID	0
Peak Ref	0
Time	0
Peak	0
Intensity	0	0
Height	0
AreaAbs	0
Area %BP	0
Area %Total	0
}
}
}
[FUNCTION]
{
Function	0
Description	ANALOG
[CHROMATOGRAM]
{
TraceNumber	2
Description	LC
ProcDesc	Result Id:2239, VWD: Signal A, 280 nm
MaxIntensity	0.2893709
[TRACE]
{
;Time	Int. %Max
0.001145833	0.005705649
0.004479167	0.005664453
0.0078125	0.005602659
0.01114583	0.005561463
0.01447917	0.005540865
0.0178125	0.005520267
0.02114583	0.005499669
0.02447917	0.005499669
0.0278125	0.005499669
0.03114583	0.005520267
0.03447917	0.005520267
0.0378125	0.005520267
0.04114584	0.005520267
0.04447917	0.005520267
0.0478125	0.005499669
0.05114583	0.005499669
0.05447917	0.005499669
0.0578125	0.005499669
0.06114583	0.005499669
0.06447916	0.005520267
0.0678125	0.005520267
0.07114583	0.005540865
0.07447917	0.005561463
0.0778125	0.005582061
0.08114583	0.005582061
0.08447917	0.005582061
0.0878125	0.005561463
0.09114584	0.005540865
0.09447917	0.005520267
0.0978125	0.005499669
0.1011458	0.005479071
0.1044792	0.005479071
0.1078125	0.005479071
0.1111458	0.005479071
0.1144792	0.005479071
0.1178125	0.005499669
0.1211458	0.005499669
0.1244792	0.005499669
0.1278125	0.005499669
0.1311458	0.005499669
0.1344792	0.005499669
0.1378125	0.005520267
0.1411458	0.005561463
0.1444792	0.005602659
0.1478125	0.005643855
0.1511458	0.005705649
0.1544792	0.005767443
0.1578125	0.005829237
0.1611458	0.005849835
0.1644792	0.005891031
0.1678125	0.005891031
0.1711458	0.005891031
0.1744792	0.005891031
0.1778125	0.005891031
0.1811458	0.005911629
0.1844792	0.005911629
0.1878125	0.005932227
0.1911458	0.005932227
0.1944792	0.005932227
0.1978125	0.005932227
0.2011458	0.005932227
0.2044792	0.005911629
0.2078125	0.005891031
0.2111458	0.005870433
0.2144792	0.005849835
0.2178125	0.005849835
0.2211458	0.005849835
0.2244792	0.005849835
0.2278125	0.005870433
0.2311458	0.005870433
0.2344792	0.005849835
0.2378125	0.005808639
0.2411458	0.005746845
0.2444792	0.005664453
0.2478125	0.005582061
0.2511458	0.005499669
0.2544792	0.005417277
0.2578125	0.005355483
0.2611458	0.005334885
0.2644792	0.005334885
0.2678125	0.005396679
0.2711458	0.005458473
0.2744792	0.005520267
0.2778125	0.005582061
0.2811458	0.005623257
0.2844792	0.005643855
0.2878125	0.005623257
0.2911458	0.005582061
0.2944792	0.005520267
0.2978125	0.005437875
0.3011458	0.005334885
0.3044792	0.005273091
0.3078125	0.005211297
0.3111458	0.005170101
0.3144792	0.005149503
0.3178125	0.005149503
0.3211458	0.005149503
0.3244792	0.005149503
0.3278125	0.005128905
0.3311458	0.005128905
0.3344792	0.005108307
0.3378125	0.005087709
0.3411458	0.005067111
0.3444792	0.005025915
0.3478125	0.005005317
0.3511458	0.004984718
0.3544792	0.00496412
0.3578125	0.00496412
0.3611458	0.00496412
0.3644792	0.00496412
0.3678125	0.004984718
0.3711458	0.004984718
0.3744792	0.005005317
0.3778125	0.005005317
0.3811458	0.005025915
0.3844792	0.005025915
0.3878125	0.005046513
0.3911458	0.005046513
0.3944792	0.005067111
0.3978125	0.005108307
0.4011458	0.005170101
0.4044792	0.005231895
0.4078125	0.005314287
0.4111458	0.005396679
0.4144792	0.005479071
0.4178125	0.005561463
0.4211458	0.005643855
0.4244792	0.005705649
0.4278125	0.005746845
0.4311458	0.005767443
0.4344792	0.005746845
0.4378125	0.005726247
0.4411458	0.005705649
0.4444792	0.005664453
0.4478125	0.005643855
0.4511458	0.005623257
0.4544792	0.005602659
0.4578125	0.005602659
0.4611458	0.005602659
0.4644792	0.005623257
0.4678125	0.005664453
0.4711458	0.005685051
0.4744792	0.005746845
0.4778125	0.005788041
0.4811458	0.005849835
0.4844792	0.005911629
0.4878125	0.005973423
0.4911458	0.006035217
0.4944792	0.006076413
0.4978125	0.006117609
0.5011458	0.006138207
0.5044792	0.006117609
0.5078125	0.006097011
0.5111458	0.006035217
0.5144792	0.005952825
0.5178125	0.005870433
0.5211458	0.005767443
0.5244792	0.005685051
0.5278125	0.005602659
0.5311458	0.005520267
0.5344791	0.005458473
0.5378125	0.005417277
0.5411459	0.005396679
0.5444792	0.005376081
0.5478125	0.005376081
0.5511459	0.005376081
0.5544792	0.005355483
0.5578125	0.005334885
0.5611458	0.005293689
0.5644792	0.005252493
0.5678125	0.005211297
0.5711458	0.005149503
0.5744792	0.005087709
0.5778125	0.005025915
0.5811458	0.004943522
0.5844792	0.00486113
0.5878125	0.004778738
0.5911458	0.004696346
0.5944791	0.004593356
0.5978125	0.004490366
0.6011458	0.004387376
0.6044792	0.004304984
0.6078125	0.004222592
0.6111459	0.004160798
0.6144792	0.0041402
0.6178125	0.004119602
0.6211458	0.0041402
0.6244792	0.004160798
0.6278125	0.004222592
0.6311458	0.004263788
0.6344792	0.004284386
0.6378125	0.004284386
0.6411458	0.004263788
0.6444792	0.004222592
0.6478125	0.0041402
0.6511458	0.004057808
0.6544791	0.00393422
0.6578125	0.00383123
0.6611458	0.00372824
0.6644792	0.003645848
0.6678125	0.003584054
0.6711459	0.003584054
0.6744792	0.003604652
0.6778125	0.003666446
0.6811458	0.003748838
0.6844792	0.003872426
0.6878125	0.003996014
0.6911458	0.004119602
0.6944792	0.004222592
0.6978125	0.004325582
0.7011458	0.004407974
0.7044792	0.00444917
0.7078125	0.004490366
0.7111458	0.004510964
0.7144791	0.004531562
0.7178125	0.004531562
0.7211458	0.004531562
0.7244791	0.00455216
0.7278125	0.004593356
0.7311459	0.00465515
0.7344792	0.004716944
0.7378125	0.004799336
0.7411458	0.004902326
0.7444792	0.004984718
0.7478125	0.005067111
0.7511458	0.005128905
0.7544792	0.005149503
0.7578125	0.005149503
0.7611458	0.005128905
0.7644792	0.005067111
0.7678125	0.004984718
0.7711458	0.004902326
0.7744792	0.004819934
0.7778125	0.004737542
0.7811458	0.004696346
0.7844791	0.004696346
0.7878125	0.004716944
0.7911459	0.00475814
0.7944792	0.004819934
0.7978125	0.004881728
0.8011459	0.004943522
0.8044792	0.004984718
0.8078125	0.004984718
0.8111458	0.004984718
0.8144792	0.004943522
0.8178125	0.004922924
0.8211458	0.004902326
0.8244792	0.004902326
0.8278125	0.004922924
0.8311458	0.004984718
0.8344792	0.005067111
0.8378125	0.005149503
0.8411458	0.005231895
0.8444791	0.005314287
0.8478125	0.005376081
0.8511458	0.005396679
0.8544792	0.005396679
0.8578125	0.005376081
0.8611459	0.005314287
0.8644792	0.005252493
0.8678125	0.005190699
0.8711458	0.005149503
0.8744792	0.005108307
0.8778125	0.005067111
0.8811458	0.005067111
0.8844792	0.005046513
0.8878125	0.005046513
0.8911458	0.005067111
0.8944792	0.005067111
0.8978125	0.005087709
0.9011458	0.005087709
0.9044791	0.005067111
0.9078125	0.005046513
0.9111458	0.005025915
0.9144792	0.004984718
0.9178125	0.00496412
0.9211459	0.004922924
0.9244792	0.004881728
0.9278125	0.004840532
0.9311458	0.004819934
0.9344792	0.004799336
0.9378125	0.004799336
0.9411458	0.004778738
0.9444792	0.00475814
0.9478125	0.004737542
0.9511458	0.004696346
0.9544792	0.004634552
0.9578125	0.004572758
0.9611458	0.004490366
0.9644791	0.004387376
0.9678125	0.004304984
0.9711458	0.004201994
0.9744791	0.0041402
0.9778125	0.004078406
0.9811459	0.00403721
0.9844792	0.00403721
0.9878125	0.004057808
0.9911458	0.004078406
0.9944792	0.004119602
0.9978125	0.004160798
1.001146	0.004201994
1.004479	0.004222592
1.007813	0.00424319
1.011146	0.004222592
1.014479	0.004201994
1.017812	0.004160798
1.021146	0.004099004
1.024479	0.004057808
1.027812	0.00403721
1.031146	0.003996014
1.034479	0.003996014
1.037812	0.003996014
1.041146	0.004016612
1.044479	0.00403721
1.047812	0.004078406
1.051146	0.004119602
1.054479	0.0041402
1.057812	0.004181396
1.061146	0.00424319
1.064479	0.004284386
1.067812	0.004366778
1.071146	0.00444917
1.074479	0.004531562
1.077813	0.004634552
1.081146	0.004737542
1.084479	0.004819934
1.087813	0.00486113
1.091146	0.004902326
1.094479	0.004881728
1.097813	0.004840532
1.101146	0.004778738
1.104479	0.004716944
1.107813	0.00465515
1.111146	0.004613954
1.114479	0.004613954
1.117813	0.00465515
1.121146	0.004737542
1.124479	0.004840532
1.127813	0.004943522
1.131146	0.005046513
1.134479	0.005128905
1.137812	0.005170101
1.141146	0.005190699
1.144479	0.005190699
1.147812	0.005149503
1.151146	0.005087709
1.154479	0.005005317
1.157812	0.004922924
1.161146	0.004819934
1.164479	0.004737542
1.167812	0.004634552
1.171146	0.004510964
1.174479	0.004407974
1.177812	0.004263788
1.181146	0.0041402
1.184479	0.004016612
1.187812	0.003893024
1.191146	0.003769436
1.194479	0.003666446
1.197813	0.003604652
1.201146	0.003542858
1.204479	0.003542858
1.207813	0.003542858
1.211146	0.003563456
1.214479	0.003604652
1.217813	0.003666446
1.221146	0.003707642
1.224479	0.003748838
1.227813	0.003769436
1.231146	0.003769436
1.234479	0.003748838
1.237813	0.003687044
1.241146	0.003604652
1.244479	0.003501662
1.247813	0.003398672
1.251146	0.00331628
1.254479	0.003275084
1.257813	0.003254486
1.261146	0.003275084
1.264479	0.003357476
1.267812	0.003460466
1.271146	0.003584054
1.274479	0.003687044
1.277812	0.003790034
1.281146	0.003872426
1.284479	0.003893024
1.287812	0.003893024
1.291146	0.003872426
1.294479	0.00383123
1.297812	0.003790034
1.301146	0.003769436
1.304479	0.003769436
1.307812	0.003769436
1.311146	0.003790034
1.314479	0.003810632
1.317812	0.003810632
1.321146	0.003790034
1.324479	0.00372824
1.327813	0.003645848
1.331146	0.003563456
1.334479	0.003481064
1.337813	0.00341927
1.341146	0.003378074
1.344479	0.003357476
1.347813	0.003398672
1.351146	0.003439868
1.354479	0.00352226
1.357813	0.003604652
1.361146	0.003687044
1.364479	0.003748838
1.367813	0.003810632
1.371146	0.003851828
1.374479	0.003872426
1.377813	0.003893024
1.381146	0.003893024
1.384479	0.003893024
1.387812	0.003893024
1.391146	0.003851828
1.394479	0.003810632
1.397812	0.003769436
1.401146	0.003687044
1.404479	0.00362525
1.407812	0.003542858
1.411146	0.003460466
1.414479	0.003398672
1.417812	0.003357476
1.421146	0.003336878
1.424479	0.00331628
1.427812	0.003336878
1.431146	0.003336878
1.434479	0.003357476
1.437812	0.003357476
1.441146	0.003357476
1.444479	0.00331628
1.447813	0.003275084
1.451146	0.003233888
1.454479	0.003192692
1.457813	0.003151496
1.461146	0.003151496
1.464479	0.003192692
1.467813	0.003254486
1.471146	0.003336878
1.474479	0.003460466
1.477813	0.003604652
1.481146	0.00372824
1.484479	0.003851828
1.487813	0.00393422
1.491146	0.003975416
1.494479	0.003975416
1.497813	0.00393422
1.501146	0.003872426
1.504479	0.003769436
1.507813	0.003687044
1.511146	0.003584054
1.514479	0.00352226
1.517812	0.003439868
1.521146	0.003398672
1.524479	0.003357476
1.527812	0.003336878
1.531146	0.003357476
1.534479	0.00341927
1.537812	0.003481064
1.541146	0.003584054
1.544479	0.003707642
1.547812	0.00383123
1.551146	0.00393422
1.554479	0.004016612
1.557812	0.004078406
1.561146	0.004078406
1.564479	0.004016612
1.567812	0.003913622
1.571146	0.003769436
1.574479	0.003563456
1.577813	0.003357476
1.581146	0.003151496
1.584479	0.002945516
1.587813	0.002780731
1.591146	0.002636545
1.594479	0.002574751
1.597813	0.002574751
1.601146	0.002636545
1.604479	0.002760133
1.607813	0.002924918
1.611146	0.0031103
1.614479	0.00331628
1.617813	0.00352226
1.621146	0.003687044
1.624479	0.00383123
1.627813	0.00393422
1.631146	0.003996014
1.634479	0.003996014
1.637812	0.003975416
1.641146	0.003913622
1.644479	0.003851828
1.647812	0.003769436
1.651146	0.003666446
1.654479	0.003563456
1.657812	0.003460466
1.661146	0.003336878
1.664479	0.003233888
1.667812	0.0031103
1.671146	0.003027908
1.674479	0.002945516
1.677812	0.002883722
1.681146	0.002842525
1.684479	0.002821927
1.687812	0.002842525
1.691146	0.002883722
1.694479	0.002945516
1.697813	0.003027908
1.701146	0.003130898
1.704479	0.003233888
1.707813	0.003357476
1.711146	0.003501662
1.714479	0.00362525
1.717813	0.003748838
1.721146	0.00383123
1.724479	0.003893024
1.727813	0.00393422
1.731146	0.003913622
1.734479	0.00383123
1.737813	0.00372824
1.741146	0.003584054
1.744479	0.003439868
1.747813	0.00331628
1.751146	0.003192692
1.754479	0.0031103
1.757813	0.003069104
1.761146	0.003048506
1.764479	0.003069104
1.767812	0.003089702
1.771146	0.003130898
1.774479	0.003172094
1.777812	0.003192692
1.781146	0.003192692
1.784479	0.00321329
1.787812	0.00321329
1.791146	0.003233888
1.794479	0.003233888
1.797812	0.003254486
1.801146	0.003275084
1.804479	0.003295682
1.807812	0.00331628
1.811146	0.003336878
1.814479	0.00331628
1.817812	0.003295682
1.821146	0.003254486
1.824479	0.00321329
1.827813	0.003172094
1.831146	0.003130898
1.834479	0.003089702
1.837813	0.003089702
1.841146	0.003089702
1.844479	0.003130898
1.847813	0.003172094
1.851146	0.003254486
1.854479	0.00331628
1.857813	0.003398672
1.861146	0.003460466
1.864479	0.00352226
1.867813	0.003542858
1.871146	0.003563456
1.874479	0.003563456
1.877813	0.003563456
1.881146	0.003542858
1.884479	0.003542858
1.887812	0.003563456
1.891146	0.003563456
1.894479	0.003584054
1.897812	0.00362525
1.901146	0.003645848
1.904479	0.003666446
1.907812	0.003687044
1.911146	0.003707642
1.914479	0.003707642
1.917812	0.003707642
1.921146	0.003707642
1.924479	0.003687044
1.927812	0.003666446
1.931146	0.00362525
1.934479	0.003563456
1.937812	0.003501662
1.941146	0.003439868
1.944479	0.003378074
1.947813	0.00331628
1.951146	0.003275084
1.954479	0.003254486
1.957813	0.003254486
1.961146	0.003295682
1.964479	0.003357476
1.967813	0.00341927
1.971146	0.00352226
1.974479	0.00362525
1.977813	0.00372824
1.981146	0.003810632
1.984479	0.003872426
1.987813	0.003913622
1.991146	0.00393422
1.994479	0.00393422
1.997813	0.003893024
2.001146	0.00383123
2.004479	0.003748838
2.007813	0.003645848
2.011146	0.00352226
2.014479	0.003398672
2.017812	0.003275084
2.021146	0.003172094
2.024479	0.0031103
2.027812	0.003048506
2.031146	0.003027908
2.034479	0.003048506
2.037812	0.003089702
2.041146	0.003151496
2.044479	0.003233888
2.047812	0.003336878
2.051146	0.003460466
2.054479	0.003563456
2.057812	0.003666446
2.061146	0.003769436
2.064479	0.003872426
2.067812	0.003954818
2.071146	0.00403721
2.074479	0.004119602
2.077812	0.004181396
2.081146	0.00424319
2.084479	0.004284386
2.087812	0.004325582
2.091146	0.00434618
2.094479	0.004366778
2.097812	0.004366778
2.101146	0.004366778
2.104479	0.004366778
2.107812	0.00434618
2.111146	0.004325582
2.114479	0.004304984
2.117812	0.004263788
2.121146	0.00424319
2.124479	0.004222592
2.127812	0.004222592
2.131146	0.004201994
2.134479	0.004201994
2.137813	0.004222592
2.141146	0.004222592
2.144479	0.00424319
2.147813	0.004263788
2.151146	0.004263788
2.154479	0.004284386
2.157813	0.004263788
2.161146	0.004263788
2.164479	0.004263788
2.167813	0.00424319
2.171146	0.00424319
2.174479	0.00424319
2.177813	0.004263788
2.181146	0.004263788
2.184479	0.004284386
2.187813	0.004304984
2.191146	0.004304984
2.194479	0.004304984
2.197813	0.004304984
2.201146	0.004284386
2.204479	0.004284386
2.207813	0.004263788
2.211146	0.004284386
2.214479	0.004304984
2.217813	0.004325582
2.221146	0.004366778
2.224479	0.004407974
2.227813	0.004428572
2.231146	0.00444917
2.234479	0.00444917
2.237813	0.004407974
2.241146	0.004325582
2.244479	0.004201994
2.247813	0.004057808
2.251146	0.003893024
2.254479	0.00372824
2.257813	0.003542858
2.261146	0.003378074
2.264479	0.003254486
2.267812	0.003151496
2.271146	0.003089702
2.274479	0.003069104
2.277812	0.003089702
2.281146	0.003130898
2.284479	0.00321329
2.287812	0.003295682
2.291146	0.003378074
2.294479	0.003439868
2.297812	0.003501662
2.301146	0.003542858
2.304479	0.003584054
2.307812	0.00362525
2.311146	0.003666446
2.314479	0.003687044
2.317812	0.00372824
2.321146	0.003790034
2.324479	0.003851828
2.327812	0.00393422
2.331146	0.003996014
2.334479	0.004057808
2.337812	0.004099004
2.341146	0.004099004
2.344479	0.004099004
2.347812	0.004057808
2.351146	0.003996014
2.354479	0.003913622
2.357812	0.00383123
2.361146	0.00372824
2.364479	0.00362525
2.367812	0.003542858
2.371146	0.003481064
2.374479	0.003439868
2.377812	0.003378074
2.381146	0.003336878
2.384479	0.003295682
2.387813	0.003254486
2.391146	0.00321329
2.394479	0.003172094
2.397813	0.003151496
2.401146	0.0031103
2.404479	0.003089702
2.407813	0.003089702
2.411146	0.0031103
2.414479	0.003151496
2.417813	0.00321329
2.421146	0.003275084
2.424479	0.003357476
2.427813	0.003439868
2.431146	0.00352226
2.434479	0.003584054
2.437813	0.00362525
2.441146	0.003645848
2.444479	0.00362525
2.447813	0.003563456
2.451146	0.003501662
2.454479	0.003398672
2.457813	0.003275084
2.461146	0.003130898
2.464479	0.002986712
2.467813	0.002842525
2.471146	0.002698339
2.474479	0.002574751
2.477813	0.002471761
2.481146	0.002409967
2.484479	0.002348173
2.487813	0.002327575
2.491146	0.002348173
2.494479	0.002368771
2.497813	0.002389369
2.501146	0.002430565
2.504479	0.002471761
2.507813	0.002512957
2.511146	0.002554153
2.514479	0.002595349
2.517812	0.002615947
2.521146	0.002636545
2.524479	0.002657143
2.527812	0.002677741
2.531146	0.002698339
2.534479	0.002718937
2.537812	0.002760133
2.541146	0.002801329
2.544479	0.002863124
2.547812	0.00290432
2.551146	0.002945516
2.554479	0.002986712
2.557812	0.00300731
2.561146	0.00300731
2.564479	0.002986712
2.567812	0.002945516
2.571146	0.002863124
2.574479	0.002780731
2.577812	0.002657143
2.581146	0.002554153
2.584479	0.002430565
2.587812	0.002327575
2.591146	0.002224585
2.594479	0.002142193
2.597812	0.002080399
2.601146	0.002039203
2.604479	0.001998007
2.607812	0.001977409
2.611146	0.001936213
2.614479	0.001915615
2.617812	0.001853821
2.621146	0.001812625
2.624479	0.001750831
2.627812	0.001668439
2.631146	0.001606645
2.634479	0.001565449
2.637813	0.001503655
2.641146	0.001483057
2.644479	0.001462459
2.647813	0.001441861
2.651146	0.001441861
2.654479	0.001421263
2.657813	0.001400665
2.661146	0.001400665
2.664479	0.001380067
2.667813	0.001380067
2.671146	0.001421263
2.674479	0.001462459
2.677813	0.001544851
2.681146	0.001647841
2.684479	0.001750831
2.687813	0.001874419
2.691146	0.001977409
2.694479	0.002059801
2.697813	0.002100997
2.701146	0.002142193
2.704479	0.002142193
2.707813	0.002121595
2.711146	0.002100997
2.714479	0.002100997
2.717813	0.002100997
2.721146	0.002142193
2.724479	0.002203987
2.727813	0.002265781
2.731146	0.002368771
2.734479	0.002471761
2.737813	0.002574751
2.741146	0.002636545
2.744479	0.002677741
2.747813	0.002677741
2.751146	0.002657143
2.754479	0.002595349
2.757813	0.002512957
2.761146	0.002409967
2.764479	0.002286379
2.767812	0.002203987
2.771146	0.002142193
2.774479	0.002100997
2.777812	0.002121595
2.781146	0.002183389
2.784479	0.002286379
2.787812	0.002430565
2.791146	0.002595349
2.794479	0.002760133
2.797812	0.002924918
2.801146	0.003069104
2.804479	0.003192692
2.807812	0.00331628
2.811146	0.003378074
2.814479	0.00341927
2.817812	0.003439868
2.821146	0.003439868
2.824479	0.00341927
2.827812	0.003398672
2.831146	0.003357476
2.834479	0.003336878
2.837812	0.003295682
2.841146	0.003254486
2.844479	0.003233888
2.847812	0.003233888
2.851146	0.003233888
2.854479	0.003254486
2.857812	0.003275084
2.861146	0.003295682
2.864479	0.00331628
2.867812	0.003357476
2.871146	0.003378074
2.874479	0.00341927
2.877812	0.003481064
2.881146	0.003542858
2.884479	0.003604652
2.887813	0.003687044
2.891146	0.003748838
2.894479	0.00383123
2.897813	0.003872426
2.901146	0.00393422
2.904479	0.003954818
2.907813	0.003954818
2.911146	0.00393422
2.914479	0.003893024
2.917813	0.003851828
2.921146	0.003810632
2.924479	0.003790034
2.927813	0.003769436
2.931146	0.003790034
2.934479	0.003810632
2.937813	0.003851828
2.941146	0.003913622
2.944479	0.003975416
2.947813	0.00403721
2.951146	0.004099004
2.954479	0.004181396
2.957813	0.004222592
2.961146	0.004284386
2.964479	0.004325582
2.967813	0.004366778
2.971146	0.004387376
2.974479	0.004407974
2.977813	0.004387376
2.981146	0.00434618
2.984479	0.004284386
2.987813	0.004181396
2.991146	0.004057808
2.994479	0.00393422
2.997813	0.003790034
3.001146	0.003687044
3.004479	0.003584054
3.007813	0.00352226
3.011146	0.003481064
3.014479	0.003460466
3.017812	0.003481064
3.021146	0.003501662
3.024479	0.003542858
3.027812	0.003584054
3.031146	0.00362525
3.034479	0.003645848
3.037812	0.003666446
3.041146	0.003666446
3.044479	0.003666446
3.047812	0.00362525
3.051146	0.003604652
3.054479	0.003542858
3.057812	0.003460466
3.061146	0.003378074
3.064479	0.003295682
3.067812	0.003233888
3.071146	0.003172094
3.074479	0.003130898
3.077812	0.0031103
3.081146	0.003130898
3.084479	0.003192692
3.087812	0.003295682
3.091146	0.00341927
3.094479	0.003542858
3.097812	0.003666446
3.101146	0.003790034
3.104479	0.003913622
3.107812	0.003975416
3.111146	0.00403721
3.114479	0.004057808
3.117812	0.00403721
3.121146	0.004016612
3.124479	0.003954818
3.127812	0.003913622
3.131146	0.003851828
3.134479	0.003790034
3.137813	0.003769436
3.141146	0.00372824
3.144479	0.003707642
3.147813	0.003687044
3.151146	0.003666446
3.154479	0.003645848
3.157813	0.00362525
3.161146	0.003584054
3.164479	0.003542858
3.167813	0.003501662
3.171146	0.003460466
3.174479	0.00341927
3.177813	0.003398672
3.181146	0.003378074
3.184479	0.003378074
3.187813	0.003398672
3.191146	0.003398672
3.194479	0.00341927
3.197813	0.003439868
3.201146	0.003460466
3.204479	0.003460466
3.207813	0.003460466
3.211146	0.003460466
3.214479	0.003439868
3.217813	0.003398672
3.221146	0.003378074
3.224479	0.003336878
3.227813	0.00331628
3.231146	0.003295682
3.234479	0.003275084
3.237813	0.003254486
3.241146	0.003275084
3.244479	0.003295682
3.247813	0.00331628
3.251146	0.003336878
3.254479	0.003357476
3.257813	0.003378074
3.261146	0.003398672
3.264479	0.003398672
3.267812	0.003398672
3.271146	0.003378074
3.274479	0.003336878
3.277812	0.003295682
3.281146	0.003233888
3.284479	0.003192692
3.287812	0.003130898
3.291146	0.003069104
3.294479	0.003027908
3.297812	0.002986712
3.301146	0.002966114
3.304479	0.002945516
3.307812	0.002966114
3.311146	0.002986712
3.314479	0.00300731
3.317812	0.003027908
3.321146	0.003048506
3.324479	0.003089702
3.327812	0.0031103
3.331146	0.003151496
3.334479	0.003192692
3.337812	0.00321329
3.341146	0.00321329
3.344479	0.00321329
3.347812	0.003192692
3.351146	0.003151496
3.354479	0.003089702
3.357812	0.003027908
3.361146	0.002966114
3.364479	0.002924918
3.367812	0.00290432
3.371146	0.00290432
3.374479	0.002966114
3.377812	0.003048506
3.381146	0.003151496
3.384479	0.003275084
3.387813	0.003378074
3.391146	0.003481064
3.394479	0.003542858
3.397813	0.003584054
3.401146	0.003584054
3.404479	0.003542858
3.407813	0.003460466
3.411146	0.003378074
3.414479	0.003275084
3.417813	0.003172094
3.421146	0.003089702
3.424479	0.003027908
3.427813	0.00300731
3.431146	0.002986712
3.434479	0.00300731
3.437813	0.003048506
3.441146	0.003089702
3.444479	0.003151496
3.447813	0.00321329
3.451146	0.003295682
3.454479	0.003357476
3.457813	0.003439868
3.461146	0.003481064
3.464479	0.00352226
3.467813	0.003542858
3.471146	0.00352226
3.474479	0.003481064
3.477813	0.003398672
3.481146	0.003295682
3.484479	0.00321329
3.487813	0.0031103
3.491146	0.00300731
3.494479	0.002945516
3.497813	0.002924918
3.501146	0.002945516
3.504479	0.002986712
3.507813	0.003048506
3.511146	0.003130898
3.514479	0.003192692
3.517812	0.003233888
3.521146	0.003254486
3.524479	0.003233888
3.527812	0.003192692
3.531146	0.003130898
3.534479	0.003048506
3.537812	0.002966114
3.541146	0.002883722
3.544479	0.002821927
3.547812	0.002760133
3.551146	0.002718937
3.554479	0.002677741
3.557812	0.002636545
3.561146	0.002574751
3.564479	0.002512957
3.567812	0.002451163
3.571146	0.002368771
3.574479	0.002265781
3.577812	0.002183389
3.581146	0.002100997
3.584479	0.002039203
3.587812	0.001998007
3.591146	0.001956811
3.594479	0.001956811
3.597812	0.001998007
3.601146	0.002039203
3.604479	0.002121595
3.607812	0.002203987
3.611146	0.002306977
3.614479	0.002409967
3.617812	0.002512957
3.621146	0.002595349
3.624479	0.002677741
3.627812	0.002718937
3.631146	0.002718937
3.634479	0.002718937
3.637813	0.002677741
3.641146	0.002615947
3.644479	0.002533555
3.647813	0.002451163
3.651146	0.002368771
3.654479	0.002286379
3.657813	0.002224585
3.661146	0.002203987
3.664479	0.002183389
3.667813	0.002203987
3.671146	0.002245183
3.674479	0.002306977
3.677813	0.002368771
3.681146	0.002430565
3.684479	0.002492359
3.687813	0.002554153
3.691146	0.002574751
3.694479	0.002595349
3.697813	0.002595349
3.701146	0.002595349
3.704479	0.002595349
3.707813	0.002615947
3.711146	0.002636545
3.714479	0.002677741
3.717813	0.002739535
3.721146	0.002821927
3.724479	0.00290432
3.727813	0.00300731
3.731146	0.0031103
3.734479	0.003192692
3.737813	0.003275084
3.741146	0.003336878
3.744479	0.003398672
3.747813	0.003439868
3.751146	0.003481064
3.754479	0.003501662
3.757813	0.00352226
3.761146	0.003563456
3.764479	0.003604652
3.767812	0.003645848
3.771146	0.003707642
3.774479	0.003769436
3.777812	0.00383123
3.781146	0.003893024
3.784479	0.003954818
3.787812	0.004016612
3.791146	0.004078406
3.794479	0.0041402
3.797812	0.004201994
3.801146	0.004263788
3.804479	0.004325582
3.807812	0.004387376
3.811146	0.004469768
3.814479	0.004531562
3.817812	0.004593356
3.821146	0.00465515
3.824479	0.004696346
3.827812	0.004716944
3.831146	0.004737542
3.834479	0.004716944
3.837812	0.004716944
3.841146	0.004696346
3.844479	0.00465515
3.847812	0.004634552
3.851146	0.004634552
3.854479	0.004634552
3.857812	0.00465515
3.861146	0.004675748
3.864479	0.004716944
3.867812	0.004778738
3.871146	0.004819934
3.874479	0.004902326
3.877812	0.00496412
3.881146	0.005025915
3.884479	0.005108307
3.887813	0.005170101
3.891146	0.005252493
3.894479	0.005314287
3.897813	0.005396679
3.901146	0.005479071
3.904479	0.005540865
3.907813	0.005643855
3.911146	0.005726247
3.914479	0.005849835
3.917813	0.005973423
3.921146	0.006117609
3.924479	0.006282393
3.927813	0.006488374
3.931146	0.006714952
3.934479	0.006982726
3.937813	0.0072505
3.941146	0.007538872
3.944479	0.007847842
3.947813	0.008156812
3.951146	0.00848638
3.954479	0.008815949
3.957813	0.009166115
3.961146	0.009495683
3.964479	0.009866447
3.967813	0.01023721
3.971146	0.01060798
3.974479	0.01099934
3.977813	0.0113907
3.981146	0.01180266
3.984479	0.01219402
3.987813	0.01260598
3.991146	0.01303854
3.994479	0.0134917
3.997813	0.01394485
4.001146	0.0144598
4.004479	0.01499535
4.007813	0.01559269
4.011146	0.01623123
4.014479	0.01689037
4.017813	0.0176113
4.021146	0.01835283
4.024479	0.01911495
4.027812	0.01993887
4.031146	0.02078339
4.034479	0.02168971
4.037813	0.02267841
4.041146	0.02374951
4.044479	0.02492359
4.047812	0.02622127
4.051146	0.02762193
4.054479	0.02916678
4.057813	0.03085582
4.061146	0.03264785
4.064479	0.03456346
4.067812	0.03658207
4.071146	0.03872426
4.074479	0.04096944
4.077813	0.04331762
4.081146	0.04576878
4.084479	0.04832293
4.087812	0.05100067
4.091146	0.0537814
4.094479	0.05668573
4.097813	0.05971364
4.101146	0.06288573
4.104479	0.06616081
4.107812	0.06960068
4.111146	0.07314354
4.114479	0.07680998
4.117813	0.08060002
4.121146	0.08449304
4.124479	0.08844785
4.127812	0.09248506
4.131146	0.09658407
4.134479	0.1007243
4.137813	0.1048851
4.141146	0.1090665
4.144479	0.1132273
4.147812	0.1174087
4.151146	0.1215489
4.154479	0.1256273
4.157813	0.1296439
4.161146	0.1335781
4.164479	0.1373681
4.167812	0.1410346
4.171146	0.1445362
4.174479	0.1478937
4.177813	0.1510864
4.181146	0.1540937
4.184479	0.1569362
4.187812	0.1595728
4.191146	0.162024
4.194479	0.1642691
4.197813	0.1662877
4.201146	0.1680798
4.204479	0.1696246
4.207812	0.1709223
4.211146	0.1719728
4.214479	0.1727761
4.217813	0.1733323
4.221146	0.1736412
4.224479	0.1737236
4.227812	0.1735794
4.231146	0.1732087
4.234479	0.1726113
4.237813	0.1718286
4.241146	0.1708193
4.244479	0.1696246
4.247812	0.1682446
4.251146	0.1666997
4.254479	0.1649489
4.257813	0.1630539
4.261146	0.1609941
4.264479	0.1587901
4.267813	0.1564419
4.271146	0.1540113
4.274479	0.1514572
4.277812	0.1488412
4.281146	0.1461429
4.284479	0.143424
4.287813	0.1406844
4.291146	0.1379655
4.294479	0.1352465
4.297812	0.1325482
4.301146	0.1298911
4.304479	0.1272751
4.307813	0.124721
4.311146	0.122208
4.314479	0.1197362
4.317812	0.1173263
4.321146	0.1149575
4.324479	0.1126711
4.327813	0.1104671
4.331146	0.1083455
4.334479	0.1063269
4.337812	0.1044525
4.341146	0.1027223
4.344479	0.1011568
4.347813	0.09975616
4.351146	0.09852028
4.354479	0.09744918
4.357812	0.09656347
4.361146	0.09582194
4.364479	0.095204
4.367813	0.09473025
4.371146	0.09433888
4.374479	0.09405051
4.377812	0.09384453
4.381146	0.09367975
4.384479	0.09359736
4.387813	0.09357676
4.391146	0.09359736
4.394479	0.09367975
4.397812	0.09382393
4.401146	0.09400932
4.404479	0.09427709
4.407813	0.09460666
4.411146	0.09499802
4.414479	0.09545118
4.417812	0.09596613
4.421146	0.09654287
4.424479	0.09714021
4.427813	0.09777875
4.431146	0.09843789
4.434479	0.09905583
4.437812	0.09965317
4.441146	0.1001887
4.444479	0.1006625
4.447813	0.1010744
4.451146	0.1014246
4.454479	0.1016924
4.457812	0.1018984
4.461146	0.1020631
4.464479	0.1021867
4.467813	0.1022897
4.471146	0.1023721
4.474479	0.1024133
4.477812	0.1024545
4.481146	0.1024751
4.484479	0.1024545
4.487813	0.1024133
4.491146	0.1023103
4.494479	0.1021661
4.497812	0.1019601
4.501146	0.101713
4.504479	0.1014246
4.507813	0.1011156
4.511146	0.1007861
4.514479	0.1004771
4.517813	0.1001681
4.521146	0.09990035
4.524479	0.09965317
4.527812	0.09944719
4.531146	0.099303
4.534479	0.09920001
4.537813	0.09913822
4.541146	0.09913822
4.544479	0.09915882
4.547812	0.09924121
4.551146	0.09940599
4.554479	0.09965317
4.557813	0.1000033
4.561146	0.1004977
4.564479	0.1011362
4.567812	0.1019807
4.571146	0.1030312
4.574479	0.1043289
4.577813	0.1058944
4.581146	0.1077482
4.584479	0.109911
4.587812	0.1124033
4.591146	0.1152459
4.594479	0.1185004
4.597813	0.1221874
4.601146	0.126307
4.604479	0.1309004
4.607812	0.1359881
4.611146	0.1416113
4.614479	0.1477701
4.617813	0.1545263
4.621146	0.1618798
4.624479	0.1698512
4.627812	0.1785024
4.631146	0.1878744
4.634479	0.1979881
4.637813	0.2089256
4.641146	0.2207077
4.644479	0.2333755
4.647812	0.2469908
4.651146	0.2615947
4.654479	0.2772286
4.657813	0.2939748
4.661146	0.3118745
4.664479	0.3309894
4.667812	0.3514432
4.671146	0.3732977
4.674479	0.3966765
4.677813	0.4217031
4.681146	0.4485423
4.684479	0.4773589
4.687812	0.5083795
4.691146	0.5418307
4.694479	0.5780214
4.697813	0.6173224
4.701146	0.6601662
4.704479	0.7071091
4.707812	0.7587483
4.711146	0.8158872
4.714479	0.8793703
4.717813	0.9502893
4.721146	1.029859
4.724479	1.119481
4.727812	1.220844
4.731146	1.33576
4.734479	1.466414
4.737813	1.615172
4.741146	1.784777
4.744479	1.978254
4.747812	2.199023
4.751146	2.450854
4.754479	2.737908
4.757813	3.064737
4.761146	3.436304
4.764479	3.857925
4.767813	4.335284
4.771146	4.874416
4.774479	5.481584
4.777812	6.163275
4.781146	6.926184
4.784479	7.777088
4.787813	8.722866
4.791146	9.770296
4.794479	10.92607
4.797812	12.1966
4.801146	13.58795
4.804479	15.10563
4.807813	16.75448
4.811146	18.53846
4.814479	20.4605
4.817812	22.52234
4.821146	24.72445
4.824479	27.06589
4.827813	29.54418
4.831146	32.15531
4.834479	34.89359
4.837812	37.75156
4.841146	40.7201
4.844479	43.78824
4.847813	46.94323
4.851146	50.17059
4.854479	53.4541
4.857812	56.77601
4.861146	60.11717
4.864479	63.45728
4.867813	66.77507
4.871146	70.04858
4.874479	73.25541
4.877812	76.37302
4.881146	79.37899
4.884479	82.2513
4.887813	84.96863
4.891146	87.51058
4.894479	89.85801
4.897812	91.99337
4.901146	93.90081
4.904479	95.5665
4.907813	96.97887
4.911146	98.12857
4.914479	99.0087
4.917812	99.61486
4.921146	99.94511
4.924479	100
4.927813	99.78253
4.931146	99.29802
4.934479	98.55408
4.937812	97.5605
4.941146	96.32894
4.944479	94.87287
4.947813	93.20723
4.951146	91.34826
4.954479	89.3132
4.957812	87.12002
4.961146	84.7872
4.964479	82.3335
4.967813	79.77776
4.971146	77.13867
4.974479	74.43458
4.977812	71.68337
4.981146	68.90214
4.984479	66.1072
4.987813	63.31384
4.991146	60.53626
4.994479	57.78745
4.997812	55.07919
5.001146	52.422
5.004479	49.82518
5.007813	47.29682
5.011146	44.84382
5.014479	42.47197
5.017813	40.1859
5.021146	37.98914
5.024479	35.88421
5.027812	33.87267
5.031146	31.9551
5.034479	30.13135
5.037813	28.4005
5.041146	26.76108
5.044479	25.21106
5.047812	23.74808
5.051146	22.3694
5.054479	21.07203
5.057813	19.85282
5.061146	18.70831
5.064479	17.63505
5.067812	16.62943
5.071146	15.68775
5.074479	14.80639
5.077813	13.98168
5.081146	13.21014
5.084479	12.48837
5.087812	11.81306
5.091146	11.18118
5.094479	10.58975
5.097813	10.03599
5.101146	9.51729
5.104479	9.031136
5.107812	8.575179
5.111146	8.147234
5.114479	7.745182
5.117813	7.367147
5.121146	7.011357
5.124479	6.676165
5.127812	6.360109
5.131146	6.06185
5.134479	5.780172
5.137813	5.513943
5.141146	5.262153
5.144479	5.023814
5.147812	4.79808
5.151146	4.584149
5.154479	4.381238
5.157813	4.188688
5.161146	4.005881
5.164479	3.83226
5.167812	3.667291
5.171146	3.51056
5.174479	3.361616
5.177813	3.220087
5.181146	3.085582
5.184479	2.957792
5.187812	2.836387
5.191146	2.721079
5.194479	2.61156
5.197813	2.507581
5.201146	2.408896
5.204479	2.315278
5.207812	2.226521
5.211146	2.14242
5.214479	2.062747
5.217813	1.987296
5.221146	1.915903
5.224479	1.848383
5.227812	1.784509
5.231146	1.724115
5.234479	1.667038
5.237813	1.613092
5.241146	1.562112
5.244479	1.513954
5.247812	1.468473
5.251146	1.425506
5.254479	1.384928
5.257813	1.346595
5.261146	1.310363
5.264479	1.276109
5.267813	1.243729
5.271146	1.213058
5.274479	1.183994
5.277812	1.156434
5.281146	1.130254
5.284479	1.105351
5.287813	1.081643
5.291146	1.059006
5.294479	1.037357
5.297812	1.016615
5.301146	0.996676
5.304479	0.977458
5.307813	0.9588992
5.311146	0.9408966
5.314479	0.9234089
5.317812	0.9063537
5.321146	0.8896899
5.324479	0.8733763
5.327813	0.8573716
5.331146	0.8416141
5.334479	0.8261244
5.337812	0.8108407
5.341146	0.7957835
5.344479	0.7809117
5.347813	0.7662048
5.351146	0.7516626
5.354479	0.7372852
5.357812	0.7230519
5.361146	0.7089423
5.364479	0.6949562
5.367813	0.6810938
5.371146	0.667355
5.374479	0.6537397
5.377812	0.640248
5.381146	0.6269005
5.384479	0.6136971
5.387813	0.6006586
5.391146	0.5877848
5.394479	0.5750759
5.397812	0.5625523
5.401146	0.5501935
5.404479	0.5380201
5.407813	0.526032
5.411146	0.5142294
5.414479	0.5026121
5.417812	0.4911802
5.421146	0.4799543
5.424479	0.4689343
5.427813	0.4581204
5.431146	0.4475124
5.434479	0.437131
5.437812	0.4269762
5.441146	0.4170067
5.444479	0.4072638
5.447813	0.3977064
5.451146	0.3883961
5.454479	0.3793329
5.457812	0.3705376
5.461146	0.3620512
5.464479	0.3538944
5.467813	0.3460466
5.471146	0.3384871
5.474479	0.3311954
5.477812	0.3241303
5.481146	0.31723
5.484479	0.3104532
5.487813	0.3036971
5.491146	0.2969615
5.494479	0.2902054
5.497812	0.2834698
5.501146	0.2768167
5.504479	0.2702459
5.507813	0.2638399
5.511146	0.2575987
5.514479	0.2515635
5.517813	0.2457549
5.521146	0.2401728
5.524479	0.2347555
5.527812	0.2295236
5.531146	0.2244153
5.534479	0.2194306
5.537813	0.2145489
5.541146	0.2097701
5.544479	0.205115
5.547812	0.2005834
5.551146	0.1961754
5.554479	0.1919323
5.557813	0.1878127
5.561146	0.1838166
5.564479	0.1799648
5.567812	0.1762366
5.571146	0.1726113
5.574479	0.1690891
5.577813	0.1656698
5.581146	0.1623535
5.584479	0.1591196
5.587812	0.1559475
5.591146	0.1528372
5.594479	0.1497887
5.597813	0.1467814
5.601146	0.1438359
5.604479	0.1408904
5.607812	0.1380067
5.611146	0.1351847
5.614479	0.132404
5.617813	0.1297057
5.621146	0.1270691
5.624479	0.1245562
5.627812	0.1221256
5.631146	0.119798
5.634479	0.1175734
5.637813	0.1154313
5.641146	0.1133715
5.644479	0.1113529
5.647812	0.109396
5.651146	0.107501
5.654479	0.1056266
5.657813	0.103814
5.661146	0.1020219
5.664479	0.1002917
5.667812	0.09858207
5.671146	0.09691364
5.674479	0.09528639
5.677813	0.09370035
5.681146	0.0921349
5.684479	0.09059005
5.687812	0.08908639
5.691146	0.08760334
5.694479	0.08614088
5.697813	0.08474022
5.701146	0.08336015
5.704479	0.08202128
5.707812	0.08072361
5.711146	0.07948772
5.714479	0.07831364
5.717813	0.07716015
5.721146	0.07606845
5.724479	0.07501796
5.727812	0.07398806
5.731146	0.07299935
5.734479	0.07203124
5.737813	0.07106314
5.741146	0.07011563
5.744479	0.06918872
5.747812	0.06826181
5.751146	0.0673349
5.754479	0.06642859
5.757813	0.06552227
5.761146	0.06467776
5.764479	0.06385384
5.767813	0.06307111
5.771146	0.06232958
5.774479	0.06162925
5.777812	0.06097011
5.781146	0.06033158
5.784479	0.05973423
5.787813	0.05915749
5.791146	0.05858074
5.794479	0.0580452
5.797812	0.05753025
5.801146	0.0570153
5.804479	0.05656214
5.807813	0.05612958
5.811146	0.05573822
5.814479	0.05536746
5.817812	0.05503789
5.821146	0.05470831
5.824479	0.05437875
5.827813	0.05402858
5.831146	0.05367841
5.834479	0.05330765
5.837812	0.05289569
5.841146	0.05248373
5.844479	0.05205117
5.847813	0.05159801
5.851146	0.05116546
5.854479	0.0507329
5.857812	0.05030034
5.861146	0.04988838
5.864479	0.04949702
5.867813	0.04910566
5.871146	0.04871429
5.874479	0.04834353
5.877812	0.04799336
5.881146	0.0476432
5.884479	0.04729303
5.887813	0.04696346
5.891146	0.04663389
5.894479	0.04630433
5.897812	0.04597476
5.901146	0.04566579
5.904479	0.04535682
5.907813	0.04504785
5.911146	0.04475948
5.914479	0.0444917
5.917812	0.04424452
5.921146	0.04399735
5.924479	0.04377077
5.927813	0.0435442
5.931146	0.04329702
5.934479	0.04304984
5.937812	0.04278207
5.941146	0.0424731
5.944479	0.04214353
5.947813	0.04179336
5.951146	0.041402
5.954479	0.04096944
5.957812	0.04055748
5.961146	0.04012493
5.964479	0.03971297
5.967813	0.0393216
5.971146	0.03893024
5.974479	0.03858007
5.977812	0.0382711
5.981146	0.03800333
5.984479	0.03777675
5.987813	0.03759137
5.991146	0.03742659
5.994479	0.0372824
5.997812	0.03717941
6.001146	0.03707642
6.004479	0.03697343
6.007813	0.03684984
6.011146	0.03672625
6.014479	0.03658207
6.017813	0.03641728
6.021146	0.0362113
6.024479	0.03600532
6.027812	0.03577875
6.031146	0.03553157
6.034479	0.0352638
6.037813	0.03497542
6.041146	0.03470765
6.044479	0.03441928
6.047812	0.0341515
6.051146	0.03388373
6.054479	0.03361595
6.057813	0.03338938
6.061146	0.0331628
6.064479	0.03295682
6.067812	0.03275084
6.071146	0.03258605
6.074479	0.03242127
6.077813	0.03227708
6.081146	0.0321535
6.084479	0.03200931
6.087812	0.03186512
6.091146	0.03170034
6.094479	0.03153556
6.097813	0.03137077
6.101146	0.03114419
6.104479	0.03091762
6.107812	0.03067044
6.111146	0.03038207
6.114479	0.03011429
6.117813	0.02984652
6.121146	0.02957874
6.124479	0.02931097
6.127812	0.02908439
6.131146	0.02885781
6.134479	0.02865183
6.137813	0.02848705
6.141146	0.02832226
6.144479	0.02817808
6.147812	0.02803389
6.151146	0.0279309
6.154479	0.02780731
6.157813	0.02770432
6.161146	0.02758074
6.164479	0.02747775
6.167812	0.02735416
6.171146	0.02720997
6.174479	0.02706578
6.177813	0.026901
6.181146	0.02671562
6.184479	0.02655083
6.187812	0.02636545
6.191146	0.02620067
6.194479	0.02603588
6.197813	0.0258917
6.201146	0.02576811
6.204479	0.02564452
6.207812	0.02552093
6.211146	0.02539735
6.214479	0.02525316
6.217813	0.02506778
6.221146	0.0248824
6.224479	0.02463522
6.227812	0.02438804
6.231146	0.02412027
6.234479	0.02387309
6.237813	0.02362592
6.241146	0.02341994
6.244479	0.02323456
6.247812	0.02309037
6.251146	0.02298738
6.254479	0.02290499
6.257813	0.02286379
6.261146	0.0228226
6.264479	0.0227814
6.267813	0.0227402
6.271146	0.02269901
6.274479	0.02265781
6.277812	0.02261662
6.281146	0.02259602
6.284479	0.02257542
6.287813	0.02259602
6.291146	0.02263721
6.294479	0.02271961
6.297812	0.02284319
6.301146	0.02298738
6.304479	0.02313157
6.307813	0.02329635
6.311146	0.02346113
6.314479	0.02362592
6.317812	0.0237701
6.321146	0.02389369
6.324479	0.02397608
6.327813	0.02405848
6.331146	0.02409967
6.334479	0.02416147
6.337812	0.02422326
6.341146	0.02432625
6.344479	0.02449103
6.347813	0.02469701
6.351146	0.02496479
6.354479	0.02533555
6.357812	0.02576811
6.361146	0.02628306
6.364479	0.026901
6.367813	0.02760133
6.371146	0.02840466
6.374479	0.02931097
6.377812	0.03029967
6.381146	0.03143257
6.384479	0.03268904
6.387813	0.03411031
6.391146	0.03565516
6.394479	0.03736479
6.397812	0.03923921
6.401146	0.04127841
6.404479	0.0434618
6.407813	0.04583057
6.411146	0.04834353
6.414479	0.05100067
6.417812	0.0538432
6.421146	0.05682991
6.424479	0.06000201
6.427813	0.06331829
6.431146	0.06679935
6.434479	0.0704452
6.437812	0.07421463
6.441146	0.07812826
6.444479	0.08214487
6.447813	0.08624387
6.451146	0.09042526
6.454479	0.09460666
6.457812	0.09880865
6.461146	0.1029695
6.464479	0.1070891
6.467813	0.1110851
6.471146	0.1149781
6.474479	0.1186651
6.477812	0.1221668
6.481146	0.1254213
6.484479	0.128408
6.487813	0.1310651
6.491146	0.1333927
6.494479	0.1353701
6.497812	0.1369562
6.501146	0.1381303
6.504479	0.138913
6.507813	0.1392632
6.511146	0.139222
6.514479	0.1387482
6.517813	0.1378625
6.521146	0.136606
6.524479	0.1349788
6.527812	0.1330014
6.531146	0.1307562
6.534479	0.1282226
6.537813	0.1254831
6.541146	0.1225582
6.544479	0.1194891
6.547812	0.1162758
6.551146	0.1130007
6.554479	0.1096226
6.557813	0.1062033
6.561146	0.1027635
6.564479	0.0993442
6.567812	0.09594553
6.571146	0.09258805
6.574479	0.08931297
6.577813	0.08616148
6.581146	0.08311297
6.584479	0.08018806
6.587812	0.07740733
6.591146	0.07477078
6.594479	0.07225782
6.597813	0.06988905
6.601146	0.06762327
6.604479	0.06550168
6.607812	0.06346247
6.611146	0.06156746
6.614479	0.05973423
6.617813	0.058004
6.621146	0.05633556
6.624479	0.05472891
6.627812	0.05316346
6.631146	0.05165981
6.634479	0.05017675
6.637813	0.04875549
6.641146	0.04739602
6.644479	0.04609835
6.647812	0.04488306
6.651146	0.04377077
6.654479	0.04276147
6.657813	0.04185516
6.661146	0.04103124
6.664479	0.04028971
6.667812	0.03960998
6.671146	0.03897144
6.674479	0.0383535
6.677813	0.03775615
6.681146	0.03715881
6.684479	0.03658207
6.687812	0.03600532
6.691146	0.03542858
6.694479	0.03487243
6.697813	0.03433688
6.701146	0.03382193
6.704479	0.03332758
6.707812	0.03285383
6.711146	0.03240067
6.714479	0.03196811
6.717813	0.03157675
6.721146	0.03118539
6.724479	0.03081463
6.727812	0.03046446
6.731146	0.03013489
6.734479	0.02982592
6.737813	0.02953755
6.741146	0.02929037
6.744479	0.0290432
6.747812	0.02883722
6.751146	0.02865183
6.754479	0.02848705
6.757813	0.02830167
6.761146	0.02813688
6.764479	0.0279515
6.767813	0.02774552
6.771146	0.02749834
6.774479	0.02723057
6.777812	0.026901
6.781146	0.02655083
6.784479	0.02618007
6.787813	0.02576811
6.791146	0.02533555
6.794479	0.02490299
6.797812	0.02442924
6.801146	0.02395549
6.804479	0.02344054
6.807813	0.02290499
6.811146	0.02232824
6.814479	0.02168971
6.817812	0.02100997
6.821146	0.02026844
6.824479	0.01948572
6.827813	0.0186618
6.831146	0.01781728
6.834479	0.01693157
6.837812	0.01604585
6.841146	0.01516014
6.844479	0.01427442
6.847813	0.0134299
6.851146	0.01260598
6.854479	0.01180266
6.857812	0.01106113
6.861146	0.0103402
6.864479	0.009660467
6.867813	0.009021929
6.871146	0.008465782
6.874479	0.007930234
6.877812	0.007477078
6.881146	0.007085716
6.884479	0.006776746
6.887813	0.006570766
6.891146	0.006488374
6.894479	0.00652957
6.897812	0.006714952
6.901146	0.007065118
6.904479	0.007580068
6.907813	0.008300998
6.911146	0.009186713
6.914479	0.01023721
6.917812	0.01145249
6.921146	0.01281196
6.924479	0.01425382
6.927813	0.01577808
6.931146	0.01736412
6.934479	0.01897077
6.937812	0.02057741
6.941146	0.02218406
6.944479	0.0237701
6.947813	0.02531495
6.951146	0.02683921
6.954479	0.02832226
6.957812	0.02976413
6.961146	0.0311236
6.964479	0.03244187
6.967813	0.03365715
6.971146	0.03476944
6.974479	0.03579934
6.977812	0.03670566
6.981146	0.03748838
6.984479	0.03814752
6.987813	0.03870366
6.991146	0.03915682
6.994479	0.03948639
6.997812	0.03973356
7.001146	0.03985715
7.004479	0.03987775
7.007813	0.03981596
7.011146	0.03965117
7.014479	0.0393834
7.017813	0.03903323
7.021146	0.03862127
7.024479	0.03814752
7.027812	0.03763257
7.031146	0.03705582
7.034479	0.03647908
7.037813	0.03588174
7.041146	0.0352638
7.044479	0.03466645
7.047812	0.03406911
7.051146	0.03349237
7.054479	0.03295682
7.057813	0.03242127
7.061146	0.03192692
7.064479	0.03145316
7.067812	0.03100001
7.071146	0.03054685
7.074479	0.03011429
7.077813	0.02966114
7.081146	0.02922858
7.084479	0.02875482
7.087812	0.02830167
7.091146	0.02780731
7.094479	0.02735416
7.097813	0.0268804
7.101146	0.02644784
7.104479	0.02603588
7.107812	0.02564452
7.111146	0.02527376
7.114479	0.02492359
7.117813	0.02459402
7.121146	0.02430565
7.124479	0.02401728
7.127812	0.02374951
7.131146	0.02348173
7.134479	0.02323456
7.137813	0.02298738
7.141146	0.0227814
7.144479	0.02259602
7.147812	0.02245183
7.151146	0.02232824
7.154479	0.02222525
7.157813	0.02214286
7.161146	0.02206047
7.164479	0.02199868
7.167812	0.02189569
7.171146	0.0217927
7.174479	0.02164851
7.177813	0.02146313
7.181146	0.02123655
7.184479	0.02098937
7.187812	0.0207216
7.191146	0.02045383
7.194479	0.02018605
7.197813	0.01991828
7.201146	0.0196917
7.204479	0.01948572
7.207812	0.01934153
7.211146	0.01921794
7.214479	0.01911495
7.217813	0.01905316
7.221146	0.01899137
7.224479	0.01895017
7.227812	0.01890897
7.231146	0.01884718
7.234479	0.01876479
7.237813	0.0186618
7.241146	0.01855881
7.244479	0.01843522
7.247812	0.01829103
7.251146	0.01814685
7.254479	0.01798206
7.257813	0.01781728
7.261146	0.0176525
7.264479	0.01746711
7.267813	0.01728173
7.271146	0.01709635
7.274479	0.01693157
7.277812	0.01678738
7.281146	0.01666379
7.284479	0.0165814
7.287813	0.0165402
7.291146	0.01651961
7.294479	0.01651961
7.297812	0.01649901
7.301146	0.01645781
7.304479	0.01637542
7.307813	0.01627243
7.311146	0.01614884
7.314479	0.01600465
7.317812	0.01586047
7.321146	0.01571628
7.324479	0.01559269
7.327813	0.0154897
7.331146	0.01544851
7.334479	0.01544851
7.337812	0.0155103
7.341146	0.01559269
7.344479	0.01571628
7.347813	0.01583987
7.351146	0.01598406
7.354479	0.01614884
7.357812	0.01629303
7.361146	0.01641662
7.364479	0.01649901
7.367813	0.0165608
7.371146	0.016602
7.374479	0.016602
7.377812	0.0165814
7.381146	0.0165402
7.384479	0.01645781
7.387813	0.01637542
7.391146	0.01625183
7.394479	0.01610764
7.397812	0.01596346
7.401146	0.01577808
7.404479	0.01559269
7.407813	0.01536612
7.411146	0.01511894
7.414479	0.01485117
7.417812	0.01456279
7.421146	0.01427442
7.424479	0.01398605
7.427813	0.01371827
7.431146	0.0134505
7.434479	0.01320332
7.437812	0.01299734
7.441146	0.01283256
7.444479	0.01268837
7.447813	0.01260598
7.451146	0.01254419
7.454479	0.01252359
7.457812	0.01254419
7.461146	0.01254419
7.464479	0.01258538
7.467813	0.01260598
7.471146	0.01260598
7.474479	0.01258538
7.477812	0.01254419
7.481146	0.0124618
7.484479	0.01235881
7.487813	0.01221462
7.491146	0.01207043
7.494479	0.01190565
7.497812	0.01174087
7.501146	0.01159668
7.504479	0.01145249
7.507813	0.01132891
7.511146	0.01124651
7.514479	0.01116412
7.517813	0.01112293
7.521146	0.01108173
7.524479	0.01106113
7.527812	0.01106113
7.531146	0.01104053
7.534479	0.01101994
7.537813	0.01097874
7.541146	0.01091695
7.544479	0.01085515
7.547812	0.01077276
7.551146	0.01069037
7.554479	0.01058738
7.557813	0.01048439
7.561146	0.0103814
7.564479	0.01027841
7.567812	0.01017542
7.571146	0.01007243
7.574479	0.009969437
7.577813	0.009866447
7.581146	0.009742859
7.584479	0.009619271
7.587812	0.009495683
7.591146	0.009372095
7.594479	0.009269105
7.597813	0.009145517
7.601146	0.009021929
7.604479	0.008918939
7.607812	0.008815949
7.611146	0.008733557
7.614479	0.008671763
7.617813	0.008630566
7.621146	0.008609968
7.624479	0.008609968
7.627812	0.008630566
7.631146	0.008692361
7.634479	0.008754155
7.637813	0.008857145
7.641146	0.008939537
7.644479	0.009042527
7.647812	0.009104321
7.651146	0.009166115
7.654479	0.009207311
7.657813	0.009227909
7.661146	0.009227909
7.664479	0.009207311
7.667812	0.009207311
7.671146	0.009207311
7.674479	0.009207311
7.677813	0.009248507
7.681146	0.009289703
7.684479	0.009351497
7.687812	0.009454487
7.691146	0.009557477
7.694479	0.009681065
7.697813	0.009804653
7.701146	0.009969437
7.704479	0.01011362
7.707812	0.01027841
7.711146	0.01046379
7.714479	0.01062857
7.717813	0.01081396
7.721146	0.01097874
7.724479	0.01114352
7.727812	0.01128771
7.731146	0.0114113
7.734479	0.01151429
7.737813	0.01157608
7.741146	0.01161728
7.744479	0.01163788
7.747812	0.01161728
7.751146	0.01159668
7.754479	0.01155548
7.757813	0.01149369
7.761146	0.01145249
7.764479	0.0114113
7.767813	0.0113701
7.771146	0.01130831
7.774479	0.01124651
7.777812	0.01118472
7.781146	0.01108173
7.784479	0.01095814
7.787813	0.01081396
7.791146	0.01064917
7.794479	0.01046379
7.797812	0.01025781
7.801146	0.01007243
7.804479	0.009887045
7.807813	0.009701663
7.811146	0.009557477
7.814479	0.009433889
7.817812	0.009330899
7.821146	0.009248507
7.824479	0.009186713
7.827813	0.009124919
7.831146	0.009063125
7.834479	0.009021929
7.837812	0.008960135
7.841146	0.008898341
7.844479	0.008836547
7.847813	0.008754155
7.851146	0.008651165
7.854479	0.008568772
7.857812	0.008465782
7.861146	0.008342194
7.864479	0.008218606
7.867813	0.00807442
7.871146	0.007930234
7.874479	0.007786048
7.877812	0.007621264
7.881146	0.007477078
7.884479	0.007312294
7.887813	0.00714751
7.891146	0.007003324
7.894479	0.006879736
7.897812	0.006756148
7.901146	0.006673756
7.904479	0.006591364
7.907813	0.006550168
7.911146	0.006508972
7.914479	0.006488374
7.917812	0.006488374
7.921146	0.006488374
7.924479	0.006508972
7.927813	0.00652957
7.931146	0.00652957
7.934479	0.00652957
7.937812	0.00652957
7.941146	0.00652957
7.944479	0.00652957
7.947813	0.006508972
7.951146	0.006488374
7.954479	0.006447177
7.957812	0.006405981
7.961146	0.006323589
7.964479	0.006241197
7.967813	0.006117609
7.971146	0.006014619
7.974479	0.005891031
7.977812	0.005767443
7.981146	0.005664453
7.984479	0.005582061
7.987813	0.005520267
7.991146	0.005499669
7.994479	0.005479071
7.997812	0.005499669
8.001145	0.005520267
8.004479	0.005540865
8.007813	0.005561463
8.011146	0.005561463
8.01448	0.005520267
8.017813	0.005479071
8.021146	0.005396679
8.024479	0.005273091
8.027813	0.005149503
8.031146	0.005005317
8.034479	0.00486113
8.037812	0.004696346
8.041146	0.004572758
8.044479	0.004469768
8.047812	0.004387376
8.051146	0.004325582
8.05448	0.004304984
8.057813	0.004325582
8.061146	0.004366778
8.064479	0.004407974
8.067813	0.00444917
8.071146	0.004510964
8.074479	0.004531562
8.077812	0.004572758
8.081146	0.004572758
8.084479	0.004572758
8.087812	0.004572758
8.091146	0.004572758
8.09448	0.004572758
8.097813	0.004572758
8.101146	0.004572758
8.104479	0.004572758
8.107813	0.004572758
8.111146	0.004572758
8.114479	0.004572758
8.117812	0.004572758
8.121146	0.004572758
8.124479	0.00455216
8.127812	0.00455216
8.131145	0.004531562
8.13448	0.00455216
8.137813	0.004572758
8.141146	0.004593356
8.144479	0.00465515
8.147813	0.00475814
8.151146	0.00486113
8.154479	0.005005317
8.157812	0.005149503
8.161146	0.005293689
8.164479	0.005437875
8.167812	0.005561463
8.171145	0.005643855
8.174479	0.005685051
8.177813	0.005705649
8.181146	0.005705649
8.184479	0.005685051
8.187813	0.005643855
8.191146	0.005623257
8.194479	0.005582061
8.197812	0.005582061
8.201146	0.005561463
8.204479	0.005561463
8.207812	0.005540865
8.211145	0.005540865
8.214479	0.005520267
8.217813	0.005479071
8.221146	0.005458473
8.224479	0.005437875
8.227813	0.005437875
8.231146	0.005437875
8.234479	0.005437875
8.237812	0.005458473
8.241146	0.005458473
8.244479	0.005479071
8.247812	0.005458473
8.251145	0.005437875
8.254479	0.005396679
8.257813	0.005355483
8.261146	0.005314287
8.26448	0.005273091
8.267813	0.005252493
8.271146	0.005252493
8.274479	0.005293689
8.277813	0.005334885
8.281146	0.005417277
8.284479	0.005499669
8.287812	0.005582061
8.291146	0.005643855
8.294479	0.005705649
8.297812	0.005746845
8.301146	0.005726247
8.30448	0.005685051
8.307813	0.005623257
8.311146	0.005520267
8.314479	0.005376081
8.317813	0.005231895
8.321146	0.005087709
8.324479	0.004943522
8.327812	0.004799336
8.331146	0.004675748
8.334479	0.004572758
8.337812	0.004490366
8.341146	0.004428572
8.34448	0.004387376
8.347813	0.00434618
8.351146	0.004325582
8.354479	0.004304984
8.357813	0.004304984
8.361146	0.004325582
8.364479	0.004366778
8.367812	0.004407974
8.371146	0.00444917
8.374479	0.004469768
8.377812	0.004490366
8.381145	0.004510964
8.38448	0.004490366
8.387813	0.004428572
8.391146	0.004366778
8.394479	0.004284386
8.397813	0.004201994
8.401146	0.0041402
8.404479	0.004078406
8.407812	0.004057808
8.411146	0.00403721
8.414479	0.004057808
8.417812	0.004078406
8.421145	0.004119602
8.424479	0.0041402
8.427813	0.0041402
8.431146	0.004119602
8.434479	0.004078406
8.437813	0.004016612
8.441146	0.003954818
8.444479	0.003872426
8.447812	0.003810632
8.451146	0.003748838
8.454479	0.003687044
8.457812	0.003645848
8.461145	0.003604652
8.464479	0.003563456
8.467813	0.003542858
8.471146	0.003501662
8.474479	0.003481064
8.477813	0.003460466
8.481146	0.003439868
8.484479	0.003439868
8.487812	0.003460466
8.491146	0.003501662
8.494479	0.003542858
8.497812	0.003604652
8.501145	0.003666446
8.504479	0.00372824
8.507813	0.003790034
8.511146	0.003810632
8.51448	0.00383123
8.517813	0.003810632
8.521146	0.003769436
8.524479	0.00372824
8.527813	0.003666446
8.531146	0.003584054
8.534479	0.003501662
8.537812	0.00341927
8.541146	0.003336878
8.544479	0.003275084
8.547812	0.00321329
8.551146	0.003172094
8.55448	0.003172094
8.557813	0.003151496
8.561146	0.003172094
8.564479	0.00321329
8.567813	0.003254486
8.571146	0.00331628
8.574479	0.003357476
8.577812	0.00341927
8.581146	0.003460466
8.584479	0.00352226
8.587812	0.003563456
8.591146	0.00362525
8.59448	0.003707642
8.597813	0.003790034
8.601146	0.003893024
8.604479	0.004016612
8.607813	0.0041402
8.611146	0.004263788
8.614479	0.004366778
8.617812	0.004469768
8.621146	0.004510964
8.624479	0.004510964
8.627812	0.004469768
8.631145	0.004387376
8.63448	0.00424319
8.637813	0.004078406
8.641146	0.003893024
8.644479	0.00372824
8.647813	0.003563456
8.651146	0.00341927
8.654479	0.003336878
8.657812	0.003295682
8.661146	0.00331628
8.664479	0.003336878
8.667812	0.003398672
8.671145	0.003460466
8.674479	0.003501662
8.677813	0.003501662
8.681146	0.003481064
8.684479	0.00341927
8.687813	0.00331628
8.691146	0.003192692
8.694479	0.003048506
8.697812	0.002924918
8.701146	0.002780731
8.704479	0.002698339
8.707812	0.002615947
8.711145	0.002595349
8.714479	0.002595349
8.717813	0.002636545
8.721146	0.002698339
8.724479	0.002780731
8.727813	0.002863124
8.731146	0.002945516
8.734479	0.003027908
8.737812	0.003089702
8.741146	0.003130898
8.744479	0.003151496
8.747812	0.003151496
8.751145	0.003151496
8.754479	0.003151496
8.757813	0.003130898
8.761146	0.003130898
8.76448	0.003130898
8.767813	0.003151496
8.771146	0.003151496
8.774479	0.003151496
8.777813	0.003172094
8.781146	0.003172094
8.784479	0.003151496
8.787812	0.003130898
8.791146	0.0031103
8.794479	0.003069104
8.797812	0.003048506
8.801146	0.00300731
8.80448	0.002986712
8.807813	0.002966114
8.811146	0.002945516
8.814479	0.00290432
8.817813	0.002863124
8.821146	0.002821927
8.824479	0.002760133
8.827812	0.002698339
8.831146	0.002636545
8.834479	0.002574751
8.837812	0.002512957
8.841146	0.002471761
8.84448	0.002451163
8.847813	0.002451163
8.851146	0.002492359
8.854479	0.002554153
8.857813	0.002636545
8.861146	0.002739535
8.864479	0.002842525
8.867812	0.002966114
8.871146	0.003089702
8.874479	0.003192692
8.877812	0.003295682
8.881145	0.003398672
8.88448	0.003501662
8.887813	0.003563456
8.891146	0.003584054
8.894479	0.003584054
8.897813	0.00352226
8.901146	0.003398672
8.904479	0.003233888
8.907812	0.003027908
8.911146	0.002801329
8.914479	0.002554153
8.917812	0.002348173
8.921145	0.002162791
8.924479	0.002059801
8.927813	0.001977409
8.931146	0.001977409
8.934479	0.001998007
8.937813	0.002039203
8.941146	0.002080399
8.944479	0.002100997
8.947812	0.002121595
8.951146	0.002121595
8.954479	0.002100997
8.957812	0.002059801
8.961145	0.002018605
8.964479	0.001998007
8.967813	0.001977409
8.971146	0.001998007
8.974479	0.002018605
8.977813	0.002080399
8.981146	0.002162791
8.984479	0.002265781
8.987812	0.002348173
8.991146	0.002451163
8.994479	0.002533555
8.997812	0.002615947
9.001145	0.002677741
9.004479	0.002739535
9.007813	0.002801329
9.011146	0.002842525
9.01448	0.002863124
9.017813	0.00290432
9.021146	0.002924918
9.024479	0.002924918
9.027813	0.002924918
9.031146	0.00290432
9.034479	0.002863124
9.037812	0.002821927
9.041146	0.002739535
9.044479	0.002657143
9.047812	0.002574751
9.051146	0.002471761
9.05448	0.002368771
9.057813	0.002286379
9.061146	0.002203987
9.064479	0.002121595
9.067813	0.002059801
9.071146	0.001998007
9.074479	0.001956811
9.077812	0.001915615
9.081146	0.001915615
9.084479	0.001895017
9.087812	0.001895017
9.091146	0.001915615
9.09448	0.001915615
9.097813	0.001936213
9.101146	0.001977409
9.104479	0.001998007
9.107813	0.002018605
9.111146	0.002039203
9.114479	0.002059801
9.117812	0.002100997
9.121146	0.002162791
9.124479	0.002224585
9.127812	0.002286379
9.131145	0.002348173
9.13448	0.002430565
9.137813	0.002492359
9.141146	0.002554153
9.144479	0.002574751
9.147813	0.002595349
9.151146	0.002595349
9.154479	0.002574751
9.157812	0.002554153
9.161146	0.002512957
9.164479	0.002471761
9.167812	0.002451163
9.171145	0.002409967
9.174479	0.002389369
9.177813	0.002368771
9.181146	0.002327575
9.184479	0.002306977
9.187813	0.002306977
9.191146	0.002286379
9.194479	0.002286379
9.197812	0.002286379
9.201146	0.002306977
9.204479	0.002306977
9.207812	0.002286379
9.211145	0.002265781
9.214479	0.002203987
9.217813	0.002142193
9.221146	0.002039203
9.224479	0.001936213
9.227813	0.001812625
9.231146	0.001709635
9.234479	0.001627243
9.237812	0.001565449
9.241146	0.001524253
9.244479	0.001524253
9.247812	0.001565449
9.251145	0.001627243
9.254479	0.001709635
9.257813	0.001812625
9.261146	0.001915615
9.26448	0.002039203
9.267813	0.002142193
9.271146	0.002224585
9.274479	0.002306977
9.277813	0.002348173
9.281146	0.002368771
9.284479	0.002389369
9.287812	0.002389369
9.291146	0.002389369
9.294479	0.002389369
9.297812	0.002409967
9.301146	0.002451163
9.30448	0.002512957
9.307813	0.002595349
9.311146	0.002698339
9.314479	0.002801329
9.317813	0.00290432
9.321146	0.00300731
9.324479	0.003069104
9.327812	0.003130898
9.331146	0.003172094
9.334479	0.00321329
9.337812	0.00321329
9.341146	0.003233888
9.34448	0.003233888
9.347813	0.00321329
9.351146	0.00321329
9.354479	0.003192692
9.357813	0.003151496
9.361146	0.0031103
9.364479	0.003027908
9.367812	0.002945516
9.371146	0.002842525
9.374479	0.002718937
9.377812	0.002595349
9.381145	0.002471761
9.38448	0.002368771
9.387813	0.002286379
9.391146	0.002245183
9.394479	0.002224585
9.397813	0.002224585
9.401146	0.002265781
9.404479	0.002327575
9.407812	0.002389369
9.411146	0.002471761
9.414479	0.002533555
9.417812	0.002574751
9.421145	0.002636545
9.424479	0.002657143
9.427813	0.002677741
9.431146	0.002718937
9.434479	0.002718937
9.437813	0.002718937
9.441146	0.002718937
9.444479	0.002677741
9.447812	0.002636545
9.451146	0.002595349
9.454479	0.002512957
9.457812	0.002451163
9.461145	0.002368771
9.464479	0.002306977
9.467813	0.002265781
9.471146	0.002245183
9.474479	0.002245183
9.477813	0.002265781
9.481146	0.002286379
9.484479	0.002327575
9.487812	0.002348173
9.491146	0.002348173
9.494479	0.002348173
9.497812	0.002327575
9.501145	0.002265781
9.504479	0.002203987
9.507813	0.002100997
9.511146	0.001998007
9.51448	0.001895017
9.517813	0.001771429
9.521146	0.001668439
9.524479	0.001586047
9.527813	0.001524253
9.531146	0.001462459
9.534479	0.001441861
9.537812	0.001441861
9.541146	0.001441861
9.544479	0.001483057
9.547812	0.001524253
9.551146	0.001586047
9.55448	0.001627243
9.557813	0.001668439
9.561146	0.001709635
9.564479	0.001730233
9.567813	0.001750831
9.571146	0.001730233
9.574479	0.001689037
9.577812	0.001647841
9.581146	0.001565449
9.584479	0.001483057
9.587812	0.001380067
9.591146	0.001277077
9.59448	0.001174087
9.597813	0.001071097
9.601146	0.001009303
9.604479	0.0009475085
9.607813	0.0009063125
9.611146	0.0008857145
9.614479	0.0008857145
9.617812	0.0009063125
9.621146	0.0009475085
9.624479	0.001009303
9.627812	0.001091695
9.631145	0.001194685
9.63448	0.001318273
9.637813	0.001441861
9.641146	0.001586047
9.644479	0.001709635
9.647813	0.001812625
9.651146	0.001874419
9.654479	0.001915615
9.657812	0.001895017
9.661146	0.001833223
9.664479	0.001750831
9.667812	0.001627243
9.671145	0.001483057
9.674479	0.001318273
9.677813	0.001174087
9.681146	0.001029901
9.684479	0.0008857145
9.687813	0.0007827244
9.691146	0.0007003325
9.694479	0.0006591365
9.697812	0.0006179404
9.701146	0.0006179404
9.704479	0.0006591365
9.707812	0.0007003325
9.711145	0.0007621264
9.714479	0.0008239205
9.717813	0.0008857145
9.721146	0.0009269105
9.724479	0.0009681065
9.727813	0.0009681065
9.731146	0.0009269105
9.734479	0.0008857145
9.737812	0.0008033225
9.741146	0.0007003325
9.744479	0.0005973424
9.747812	0.0004943524
9.751145	0.0003913623
9.754479	0.0002677741
9.757813	0.0001853821
9.761146	0.00010299
9.76448	4.119602e-05
9.767813	0
9.771146	0
9.774479	4.119602e-05
9.777813	0.00010299
9.781146	0.0002265781
9.784479	0.0003707643
9.787812	0.0005561464
9.791146	0.0007621264
9.794479	0.0009887045
9.797812	0.001174087
9.801146	0.001359469
9.80448	0.001503655
9.807813	0.001586047
9.811146	0.001647841
9.814479	0.001647841
9.817813	0.001627243
9.821146	0.001565449
9.824479	0.001503655
9.827812	0.001441861
9.831146	0.001380067
9.834479	0.001338871
9.837812	0.001297675
9.841146	0.001256479
9.84448	0.001215283
9.847813	0.001174087
9.851146	0.001112293
9.854479	0.001029901
9.857813	0.0009475085
9.861146	0.0008651165
9.864479	0.0008033225
9.867812	0.0007621264
9.871146	0.0007621264
9.874479	0.0008033225
9.877812	0.0008857145
9.881145	0.0009887045
9.88448	0.001112293
9.887813	0.001235881
9.891146	0.001338871
9.894479	0.001421263
9.897813	0.001483057
9.901146	0.001503655
9.904479	0.001483057
9.907812	0.001462459
9.911146	0.001400665
9.914479	0.001359469
9.917812	0.001297675
9.921145	0.001256479
9.924479	0.001235881
9.927813	0.001235881
9.931146	0.001235881
9.934479	0.001256479
9.937813	0.001277077
9.941146	0.001297675
9.944479	0.001338871
9.947812	0.001380067
9.951146	0.001421263
9.954479	0.001462459
9.957812	0.001483057
9.961145	0.001503655
9.964479	0.001524253
9.967813	0.001503655
9.971146	0.001503655
9.974479	0.001483057
9.977813	0.001462459
9.981146	0.001462459
9.984479	0.001462459
9.987812	0.001462459
9.991146	0.001483057
9.994479	0.001483057
9.997812	0.001483057
}
[PEAK]
{
Peak ID	1
Peak Ref	1
Time	4.223661
Peak	3.861146	4.391146
Intensity	7.688999e-06	5.954504e-05
Height	0.0004814095
AreaAbs	110.4092
Area %BP	0.003647623
Area %Total	0.003636773
Width	0.53
}
[PEAK]
{
Peak ID	2
Peak Ref	2
Time	4.477485
Peak	4.391146	4.544479
Intensity	7.688999e-06	5.954504e-05
Height	0.0002697295
AreaAbs	40.08787
Area %BP	0.001324395
Area %Total	0.001320456
Width	0.1533337
}
[PEAK]
{
Peak ID	3
Peak Ref	3
Time	4.923502
Peak	4.544479	6.281146
Intensity	7.688999e-06	5.954504e-05
Height	0.2893678
AreaAbs	50448.02
Area %BP	1.666667
Area %Total	1.661709
Width	1.736667
}
}
}
}
