[SAMPLE]
{
Sample	1
Well	1:A,8
FileName	
SampleID	ASD-E-2601204-018
SampleDescription	Aquired with Galaxy
Date	28-Jan-2026
Time	16:48:51 PRC
JobCode	
TaskCode	
UserName	Congcong_Liu2
LabName	Aquired with Galaxy
Instrument	BAD_L_22_523
Conditions	
Submitter	Huanhuan_Zhang
SampleType	
Plate	
Method	
Process	Galaxy
MSTune	
MSMethod	
InletMethod	
PreRunMethod	
PostRunMethod	
SwitchMethod	
FractionMethod	
AcquisitionProcess	
AcquisitionProcessParameters	
AcquisitionProcessOptions	
InjectionVolume	25
ReportScheme	
SampleReportEnable	0
SampleReportFormat	
AnalysisTime	0
[COMPOUND]
{
;Mono Mass	Formula
}
[FUNCTION]
{
Function	1
IonMode	ES+
Type	MS
Description	(0:0)
[SPECTRUM]
{
ProcDesc	0.00:Combine
State	OK
Peak ID	0
Peak Ref	0
Time	0
TIC	0
BPI	0
BPM	0
Continuum	FALSE
Saved	FALSE
[MASSES]
{
;Mass	Exp. Mass	Obs. Mass	% BPI	Int. Abs
}
[RESULTS]
{
;Mass	Found	% BPI	% Purity
}
[MS]
{
;Mass	% BPI
0	0
}
}
[CHROMATOGRAM]
{
TraceNumber	1
Description	scroll down chrom view to see 2D LC chrom
ProcDesc	
MaxIntensity	0
[TRACE]
{
0	0
}
[PEAK]
{
Peak ID	0
Peak Ref	0
Time	0
Peak	0
Intensity	0	0
Height	0
AreaAbs	0
Area %BP	0
Area %Total	0
}
}
}
[FUNCTION]
{
Function	0
Description	ANALOG
[CHROMATOGRAM]
{
TraceNumber	2
Description	LC
ProcDesc	Result Id:2273, VWD: Signal A, 280 nm
MaxIntensity	0.2308806
[TRACE]
{
;Time	Int. %Max
0.0003125	0.06861953
0.003645833	0.06867116
0.006979167	0.06874861
0.0103125	0.06880024
0.01364583	0.06885187
0.01697917	0.06887769
0.0203125	0.06887769
0.02364583	0.06885187
0.02697917	0.06880024
0.0303125	0.06874861
0.03364583	0.06867116
0.03697916	0.06859371
0.0403125	0.06854208
0.04364583	0.06849045
0.04697917	0.06851626
0.0503125	0.06854208
0.05364583	0.06861953
0.05697917	0.06869698
0.0603125	0.06877443
0.06364583	0.06885187
0.06697917	0.06890351
0.0703125	0.06892932
0.07364583	0.06892932
0.07697917	0.06892932
0.0803125	0.06890351
0.08364584	0.06887769
0.08697917	0.06885187
0.0903125	0.06885187
0.09364583	0.06887769
0.09697916	0.06892932
0.1003125	0.06898096
0.1036458	0.06908422
0.1069792	0.06916167
0.1103125	0.06926493
0.1136458	0.0693682
0.1169792	0.06944565
0.1203125	0.0695231
0.1236458	0.06957473
0.1269792	0.06957473
0.1303125	0.06957473
0.1336458	0.06957473
0.1369792	0.0695231
0.1403125	0.06944565
0.1436458	0.0693682
0.1469792	0.06931657
0.1503125	0.06923912
0.1536458	0.06918749
0.1569792	0.06916167
0.1603125	0.06916167
0.1636458	0.06916167
0.1669792	0.0692133
0.1703125	0.06923912
0.1736458	0.06929075
0.1769792	0.0693682
0.1803125	0.06939401
0.1836458	0.06944565
0.1869792	0.06949728
0.1903125	0.0695231
0.1936458	0.06954891
0.1969792	0.06957473
0.2003125	0.06954891
0.2036458	0.0695231
0.2069792	0.06944565
0.2103125	0.06934238
0.2136458	0.0692133
0.2169792	0.06908422
0.2203125	0.06892932
0.2236458	0.06874861
0.2269792	0.06861953
0.2303125	0.06849045
0.2336458	0.06838718
0.2369792	0.06830973
0.2403125	0.0682581
0.2436458	0.06820647
0.2469792	0.06818065
0.2503125	0.06815484
0.2536458	0.06812902
0.2569792	0.0681032
0.2603125	0.0681032
0.2636458	0.0681032
0.2669792	0.06812902
0.2703125	0.06820647
0.2736458	0.06828392
0.2769792	0.06838718
0.2803125	0.06851626
0.2836458	0.06861953
0.2869792	0.06872279
0.2903125	0.06877443
0.2936458	0.06880024
0.2969792	0.06877443
0.3003125	0.06869698
0.3036458	0.0685679
0.3069792	0.068413
0.3103125	0.0682581
0.3136458	0.06807739
0.3169792	0.06789667
0.3203125	0.06776759
0.3236458	0.06763851
0.3269792	0.06753525
0.3303125	0.0674578
0.3336458	0.06740617
0.3369792	0.06735453
0.3403125	0.0673029
0.3436458	0.06727708
0.3469792	0.06725127
0.3503125	0.06722545
0.3536458	0.06722545
0.3569792	0.06722545
0.3603125	0.06725127
0.3636458	0.0673029
0.3669792	0.06735453
0.3703125	0.06743198
0.3736458	0.06753525
0.3769792	0.0676127
0.3803125	0.06771596
0.3836458	0.06779341
0.3869792	0.06787086
0.3903125	0.06794831
0.3936458	0.06797412
0.3969792	0.06799994
0.4003125	0.06799994
0.4036458	0.06797412
0.4069792	0.06792249
0.4103125	0.06784504
0.4136458	0.06774178
0.4169792	0.0676127
0.4203125	0.06748361
0.4236458	0.06735453
0.4269792	0.06719964
0.4303125	0.06709637
0.4336458	0.06699311
0.4369792	0.06691566
0.4403125	0.06688984
0.4436458	0.06686402
0.4469792	0.06691566
0.4503125	0.06696729
0.4536458	0.06701892
0.4569792	0.06709637
0.4603125	0.06719964
0.4636458	0.06727708
0.4669792	0.06735453
0.4703125	0.06740617
0.4736458	0.0674578
0.4769792	0.06750943
0.4803125	0.06753525
0.4836458	0.06756106
0.4869792	0.06756106
0.4903125	0.06756106
0.4936458	0.06750943
0.4969792	0.06748361
0.5003125	0.06743198
0.5036458	0.06735453
0.5069792	0.0673029
0.5103125	0.06725127
0.5136458	0.06719964
0.5169792	0.067148
0.5203125	0.06709637
0.5236458	0.06704474
0.5269791	0.06699311
0.5303125	0.06691566
0.5336458	0.06683821
0.5369791	0.06676076
0.5403125	0.06668331
0.5436459	0.06663168
0.5469792	0.06658005
0.5503125	0.06655423
0.5536458	0.06658005
0.5569792	0.06663168
0.5603125	0.06673494
0.5636458	0.06683821
0.5669792	0.06699311
0.5703125	0.06712219
0.5736458	0.06727708
0.5769792	0.06740617
0.5803125	0.06750943
0.5836458	0.0676127
0.5869792	0.06766433
0.5903125	0.06769014
0.5936458	0.06766433
0.5969791	0.06763851
0.6003125	0.06753525
0.6036459	0.06743198
0.6069792	0.0673029
0.6103125	0.067148
0.6136459	0.06696729
0.6169792	0.06678658
0.6203125	0.06663168
0.6236458	0.06647678
0.6269792	0.06632188
0.6303125	0.06621862
0.6336458	0.06614117
0.6369792	0.06608954
0.6403125	0.06603791
0.6436458	0.06601209
0.6469792	0.06601209
0.6503125	0.06598627
0.6536458	0.06596046
0.6569791	0.06593464
0.6603125	0.06588301
0.6636458	0.06580556
0.6669792	0.06572811
0.6703125	0.06562485
0.6736459	0.0655474
0.6769792	0.06546995
0.6803125	0.06541832
0.6836458	0.0653925
0.6869792	0.06536668
0.6903125	0.0653925
0.6936458	0.06546995
0.6969792	0.0655474
0.7003125	0.06567648
0.7036458	0.06577974
0.7069792	0.06588301
0.7103125	0.06598627
0.7136458	0.06606372
0.7169791	0.06611535
0.7203125	0.06611535
0.7236458	0.06608954
0.7269792	0.06603791
0.7303125	0.06596046
0.7336459	0.06583138
0.7369792	0.06572811
0.7403125	0.06559903
0.7436458	0.06546995
0.7469792	0.06536668
0.7503125	0.0652376
0.7536458	0.06510852
0.7569792	0.06500526
0.7603125	0.06487618
0.7636458	0.06477291
0.7669792	0.06466965
0.7703125	0.0645922
0.7736458	0.06454056
0.7769791	0.06451475
0.7803125	0.06451475
0.7836458	0.06454056
0.7869791	0.06461801
0.7903125	0.06472128
0.7936459	0.06485036
0.7969792	0.06500526
0.8003125	0.06513434
0.8036458	0.0652376
0.8069792	0.06534087
0.8103125	0.0653925
0.8136458	0.06541832
0.8169792	0.06541832
0.8203125	0.06541832
0.8236458	0.06536668
0.8269792	0.06534087
0.8303125	0.06531505
0.8336458	0.06526342
0.8369792	0.0652376
0.8403125	0.0652376
0.8436458	0.06521179
0.8469791	0.06521179
0.8503125	0.0652376
0.8536459	0.06526342
0.8569792	0.06531505
0.8603125	0.0653925
0.8636459	0.06544413
0.8669792	0.06546995
0.8703125	0.06549577
0.8736458	0.06546995
0.8769792	0.06541832
0.8803125	0.06531505
0.8836458	0.06518597
0.8869792	0.06503107
0.8903125	0.06487618
0.8936458	0.06474709
0.8969792	0.06461801
0.9003125	0.06451475
0.9036458	0.06446312
0.9069791	0.06446312
0.9103125	0.06448893
0.9136458	0.06454056
0.9169792	0.06464383
0.9203125	0.06474709
0.9236459	0.06487618
0.9269792	0.06503107
0.9303125	0.06518597
0.9336458	0.06534087
0.9369792	0.06546995
0.9403125	0.06559903
0.9436458	0.06570229
0.9469792	0.06577974
0.9503125	0.06585719
0.9536458	0.06593464
0.9569792	0.06598627
0.9603125	0.06601209
0.9636458	0.06601209
0.9669791	0.06601209
0.9703125	0.06598627
0.9736458	0.06596046
0.9769792	0.06590882
0.9803125	0.06583138
0.9836459	0.06575393
0.9869792	0.06567648
0.9903125	0.06562485
0.9936458	0.06557321
0.9969792	0.06552158
1.000312	0.06546995
1.003646	0.06541832
1.006979	0.06536668
1.010313	0.06528924
1.013646	0.06521179
1.016979	0.06510852
1.020313	0.06500526
1.023646	0.06492781
1.026979	0.06485036
1.030313	0.06479873
1.033646	0.06477291
1.036979	0.06479873
1.040313	0.06485036
1.043646	0.06490199
1.046979	0.06500526
1.050313	0.06510852
1.053646	0.06521179
1.056979	0.06534087
1.060313	0.06544413
1.063646	0.06557321
1.066979	0.06567648
1.070313	0.06575393
1.073646	0.06583138
1.076979	0.06590882
1.080312	0.06596046
1.083646	0.06598627
1.086979	0.06598627
1.090312	0.06596046
1.093646	0.06590882
1.096979	0.06585719
1.100312	0.06577974
1.103646	0.06567648
1.106979	0.06557321
1.110312	0.06546995
1.113646	0.06534087
1.116979	0.0652376
1.120312	0.06513434
1.123646	0.06500526
1.126979	0.06490199
1.130312	0.06482454
1.133646	0.06474709
1.136979	0.06469546
1.140313	0.06466965
1.143646	0.06466965
1.146979	0.06469546
1.150313	0.06477291
1.153646	0.06487618
1.156979	0.06497944
1.160313	0.06510852
1.163646	0.0652376
1.166979	0.06536668
1.170313	0.06544413
1.173646	0.06549577
1.176979	0.06552158
1.180313	0.06546995
1.183646	0.06541832
1.186979	0.06531505
1.190313	0.06518597
1.193646	0.06508271
1.196979	0.06497944
1.200312	0.06490199
1.203646	0.06485036
1.206979	0.06482454
1.210312	0.06485036
1.213646	0.06490199
1.216979	0.06495362
1.220312	0.06500526
1.223646	0.06510852
1.226979	0.06518597
1.230312	0.06528924
1.233646	0.06536668
1.236979	0.06546995
1.240312	0.06557321
1.243646	0.06565066
1.246979	0.06572811
1.250312	0.06580556
1.253646	0.06583138
1.256979	0.06585719
1.260313	0.06583138
1.263646	0.06577974
1.266979	0.06570229
1.270313	0.06559903
1.273646	0.06549577
1.276979	0.0653925
1.280313	0.06526342
1.283646	0.06518597
1.286979	0.06513434
1.290313	0.06508271
1.293646	0.06508271
1.296979	0.06513434
1.300313	0.06516015
1.303646	0.06521179
1.306979	0.06526342
1.310313	0.06531505
1.313646	0.06531505
1.316979	0.06531505
1.320313	0.06528924
1.323646	0.06526342
1.326979	0.06521179
1.330312	0.06518597
1.333646	0.06518597
1.336979	0.06518597
1.340312	0.06521179
1.343646	0.0652376
1.346979	0.06526342
1.350312	0.06528924
1.353646	0.06531505
1.356979	0.06531505
1.360312	0.06531505
1.363646	0.06528924
1.366979	0.06526342
1.370312	0.0652376
1.373646	0.06518597
1.376979	0.06513434
1.380312	0.06508271
1.383646	0.06505689
1.386979	0.06503107
1.390313	0.06500526
1.393646	0.06497944
1.396979	0.06500526
1.400313	0.06505689
1.403646	0.06513434
1.406979	0.06521179
1.410313	0.06528924
1.413646	0.06534087
1.416979	0.0653925
1.420313	0.06536668
1.423646	0.06531505
1.426979	0.06521179
1.430313	0.06505689
1.433646	0.06487618
1.436979	0.06466965
1.440313	0.06446312
1.443646	0.0642824
1.446979	0.06412751
1.450312	0.06405006
1.453646	0.06399842
1.456979	0.06399842
1.460312	0.06405006
1.463646	0.06412751
1.466979	0.06420495
1.470312	0.0642824
1.473646	0.06433404
1.476979	0.06438567
1.480312	0.06441148
1.483646	0.06438567
1.486979	0.06435985
1.490312	0.06430822
1.493646	0.06425659
1.496979	0.06420495
1.500312	0.06415332
1.503646	0.06410169
1.506979	0.06410169
1.510313	0.06410169
1.513646	0.06410169
1.516979	0.06410169
1.520313	0.06412751
1.523646	0.06412751
1.526979	0.06415332
1.530313	0.06415332
1.533646	0.06417914
1.536979	0.06417914
1.540313	0.06420495
1.543646	0.06423077
1.546979	0.0642824
1.550313	0.06433404
1.553646	0.06441148
1.556979	0.06446312
1.560313	0.06451475
1.563646	0.06454056
1.566979	0.06456638
1.570313	0.0645922
1.573646	0.06461801
1.576979	0.06464383
1.580312	0.06464383
1.583646	0.06466965
1.586979	0.06472128
1.590312	0.06477291
1.593646	0.06479873
1.596979	0.06485036
1.600312	0.06485036
1.603646	0.06485036
1.606979	0.06482454
1.610312	0.06477291
1.613646	0.06469546
1.616979	0.06461801
1.620312	0.06451475
1.623646	0.06441148
1.626979	0.06433404
1.630312	0.0642824
1.633646	0.0642824
1.636979	0.06430822
1.640313	0.06438567
1.643646	0.06448893
1.646979	0.06466965
1.650313	0.06485036
1.653646	0.06505689
1.656979	0.0652376
1.660313	0.06541832
1.663646	0.06557321
1.666979	0.06567648
1.670313	0.06575393
1.673646	0.06580556
1.676979	0.06580556
1.680313	0.06580556
1.683646	0.06577974
1.686979	0.06575393
1.690313	0.06570229
1.693646	0.06565066
1.696979	0.06559903
1.700312	0.06552158
1.703646	0.06544413
1.706979	0.06536668
1.710312	0.06528924
1.713646	0.0652376
1.716979	0.06518597
1.720312	0.06513434
1.723646	0.06510852
1.726979	0.06505689
1.730312	0.06503107
1.733646	0.06500526
1.736979	0.06497944
1.740312	0.06495362
1.743646	0.06492781
1.746979	0.06492781
1.750312	0.06490199
1.753646	0.06490199
1.756979	0.06490199
1.760313	0.06490199
1.763646	0.06492781
1.766979	0.06492781
1.770313	0.06495362
1.773646	0.06497944
1.776979	0.06500526
1.780313	0.06505689
1.783646	0.06508271
1.786979	0.06516015
1.790313	0.06521179
1.793646	0.06528924
1.796979	0.06534087
1.800313	0.06541832
1.803646	0.06546995
1.806979	0.06552158
1.810313	0.06559903
1.813646	0.06567648
1.816979	0.06575393
1.820313	0.06585719
1.823646	0.06593464
1.826979	0.06603791
1.830312	0.06616699
1.833646	0.06627025
1.836979	0.0663477
1.840312	0.06645097
1.843646	0.06652841
1.846979	0.06658005
1.850312	0.06663168
1.853646	0.06668331
1.856979	0.06673494
1.860312	0.06678658
1.863646	0.06686402
1.866979	0.06691566
1.870312	0.06696729
1.873646	0.06701892
1.876979	0.06704474
1.880312	0.06707055
1.883646	0.06709637
1.886979	0.06709637
1.890313	0.06709637
1.893646	0.06712219
1.896979	0.06717382
1.900313	0.06727708
1.903646	0.06743198
1.906979	0.06763851
1.910313	0.06787086
1.913646	0.06815484
1.916979	0.06846463
1.920313	0.06877443
1.923646	0.0690584
1.926979	0.06929075
1.930313	0.06947146
1.933646	0.06962636
1.936979	0.06970381
1.940313	0.06975544
1.943646	0.06975544
1.946979	0.06975544
1.950312	0.06972963
1.953646	0.06970381
1.956979	0.06967799
1.960312	0.06967799
1.963646	0.06970381
1.966979	0.06972963
1.970312	0.06978126
1.973646	0.06983289
1.976979	0.06988452
1.980312	0.06996197
1.983646	0.07003942
1.986979	0.07009105
1.990312	0.07011687
1.993646	0.07009105
1.996979	0.07006524
2.000313	0.06998779
2.003646	0.06988452
2.006979	0.06978126
2.010313	0.06965218
2.013646	0.0695231
2.016979	0.06941983
2.020313	0.06934238
2.023646	0.06929075
2.026979	0.06926493
2.030313	0.06929075
2.033646	0.06934238
2.036979	0.06939401
2.040313	0.06947146
2.043646	0.06954891
2.046979	0.06962636
2.050313	0.06970381
2.053646	0.06975544
2.056979	0.06980707
2.060313	0.06985871
2.063646	0.06991034
2.066979	0.06993616
2.070313	0.06998779
2.073646	0.0700136
2.076979	0.07003942
2.080312	0.07006524
2.083646	0.07006524
2.086979	0.0700136
2.090312	0.06993616
2.093646	0.06983289
2.096979	0.06970381
2.100312	0.06957473
2.103646	0.06939401
2.106979	0.0692133
2.110312	0.06900677
2.113646	0.06882606
2.116979	0.06859371
2.120312	0.06838718
2.123646	0.06815484
2.126979	0.06794831
2.130312	0.06771596
2.133646	0.06750943
2.136979	0.06732872
2.140312	0.067148
2.143646	0.06699311
2.146979	0.06688984
2.150312	0.06681239
2.153646	0.06673494
2.156979	0.06670913
2.160312	0.0666575
2.163646	0.06663168
2.166979	0.06660586
2.170312	0.06658005
2.173646	0.06655423
2.176979	0.0665026
2.180312	0.06647678
2.183646	0.06645097
2.186979	0.06645097
2.190312	0.06642515
2.193646	0.06639933
2.196979	0.0663477
2.200313	0.06629607
2.203646	0.06621862
2.206979	0.06614117
2.210313	0.06603791
2.213646	0.06590882
2.216979	0.06580556
2.220313	0.06570229
2.223646	0.06559903
2.226979	0.0655474
2.230313	0.06549577
2.233646	0.06549577
2.236979	0.06549577
2.240313	0.06552158
2.243646	0.0655474
2.246979	0.06557321
2.250313	0.06559903
2.253646	0.06562485
2.256979	0.06562485
2.260313	0.06565066
2.263646	0.06565066
2.266979	0.06565066
2.270313	0.06562485
2.273646	0.06562485
2.276979	0.06562485
2.280313	0.06559903
2.283646	0.0655474
2.286979	0.06549577
2.290313	0.06541832
2.293646	0.06531505
2.296979	0.0652376
2.300313	0.06516015
2.303646	0.06508271
2.306979	0.06505689
2.310313	0.06503107
2.313646	0.06505689
2.316979	0.06508271
2.320313	0.06510852
2.323646	0.06516015
2.326979	0.06516015
2.330312	0.06516015
2.333646	0.06510852
2.336979	0.06505689
2.340312	0.06495362
2.343646	0.06482454
2.346979	0.06466965
2.350312	0.06448893
2.353646	0.06433404
2.356979	0.06417914
2.360312	0.06402424
2.363646	0.06389516
2.366979	0.06379189
2.370312	0.06374026
2.373646	0.06371445
2.376979	0.06374026
2.380312	0.06379189
2.383646	0.06384353
2.386979	0.06392098
2.390312	0.06399842
2.393646	0.06407587
2.396979	0.06412751
2.400312	0.06420495
2.403646	0.06425659
2.406979	0.0642824
2.410312	0.06430822
2.413646	0.06433404
2.416979	0.06435985
2.420312	0.06438567
2.423646	0.06441148
2.426979	0.06441148
2.430312	0.0644373
2.433646	0.06441148
2.436979	0.06441148
2.440312	0.06441148
2.443646	0.06441148
2.446979	0.06438567
2.450313	0.06438567
2.453646	0.06438567
2.456979	0.06438567
2.460313	0.06435985
2.463646	0.06433404
2.466979	0.0642824
2.470313	0.06423077
2.473646	0.06420495
2.476979	0.06415332
2.480313	0.06412751
2.483646	0.06410169
2.486979	0.06410169
2.490313	0.06412751
2.493646	0.06415332
2.496979	0.06417914
2.500313	0.06420495
2.503646	0.06420495
2.506979	0.06417914
2.510313	0.06415332
2.513646	0.06412751
2.516979	0.06407587
2.520313	0.06402424
2.523646	0.06397261
2.526979	0.06394679
2.530313	0.06392098
2.533646	0.06392098
2.536979	0.06394679
2.540313	0.06394679
2.543646	0.06397261
2.546979	0.06399842
2.550313	0.06399842
2.553646	0.06397261
2.556979	0.06392098
2.560313	0.06386934
2.563646	0.06379189
2.566979	0.06368863
2.570313	0.06361118
2.573646	0.06355955
2.576979	0.06353373
2.580312	0.06353373
2.583646	0.06355955
2.586979	0.06358536
2.590312	0.063637
2.593646	0.06368863
2.596979	0.06374026
2.600312	0.06376608
2.603646	0.06376608
2.606979	0.06374026
2.610312	0.06366281
2.613646	0.06358536
2.616979	0.06350792
2.620312	0.06343047
2.623646	0.06337883
2.626979	0.06335302
2.630312	0.06335302
2.633646	0.06337883
2.636979	0.06345628
2.640312	0.06355955
2.643646	0.06371445
2.646979	0.06389516
2.650312	0.06407587
2.653646	0.06425659
2.656979	0.0644373
2.660312	0.0645922
2.663646	0.06472128
2.666979	0.06479873
2.670312	0.06487618
2.673646	0.06490199
2.676979	0.06492781
2.680312	0.06492781
2.683646	0.06495362
2.686979	0.06497944
2.690312	0.06503107
2.693646	0.06510852
2.696979	0.06521179
2.700313	0.06531505
2.703646	0.0653925
2.706979	0.06549577
2.710313	0.0655474
2.713646	0.06557321
2.716979	0.06557321
2.720313	0.06557321
2.723646	0.0655474
2.726979	0.06552158
2.730313	0.06552158
2.733646	0.06552158
2.736979	0.06557321
2.740313	0.06562485
2.743646	0.06572811
2.746979	0.06580556
2.750313	0.06590882
2.753646	0.06598627
2.756979	0.06603791
2.760313	0.06606372
2.763646	0.06606372
2.766979	0.06603791
2.770313	0.06603791
2.773646	0.06601209
2.776979	0.06601209
2.780313	0.06606372
2.783646	0.06611535
2.786979	0.06621862
2.790313	0.06637352
2.793646	0.06652841
2.796979	0.06670913
2.800313	0.06688984
2.803646	0.06704474
2.806979	0.06719964
2.810313	0.0673029
2.813646	0.06738035
2.816979	0.06743198
2.820313	0.0674578
2.823646	0.06748361
2.826979	0.06748361
2.830312	0.06748361
2.833646	0.06748361
2.836979	0.0674578
2.840312	0.06740617
2.843646	0.06735453
2.846979	0.06725127
2.850312	0.067148
2.853646	0.06701892
2.856979	0.06688984
2.860312	0.06676076
2.863646	0.0666575
2.866979	0.06658005
2.870312	0.06652841
2.873646	0.06652841
2.876979	0.06655423
2.880312	0.06660586
2.883646	0.06668331
2.886979	0.06678658
2.890312	0.06688984
2.893646	0.06696729
2.896979	0.06704474
2.900312	0.06712219
2.903646	0.06712219
2.906979	0.06712219
2.910312	0.06707055
2.913646	0.06696729
2.916979	0.06688984
2.920312	0.06676076
2.923646	0.0666575
2.926979	0.06655423
2.930312	0.06647678
2.933646	0.06642515
2.936979	0.06639933
2.940312	0.06639933
2.943646	0.06639933
2.946979	0.06642515
2.950313	0.06642515
2.953646	0.06639933
2.956979	0.06637352
2.960313	0.06629607
2.963646	0.06621862
2.966979	0.06608954
2.970313	0.06598627
2.973646	0.06585719
2.976979	0.06575393
2.980313	0.06562485
2.983646	0.06552158
2.986979	0.06541832
2.990313	0.06531505
2.993646	0.06521179
2.996979	0.06508271
3.000313	0.06492781
3.003646	0.06477291
3.006979	0.0645922
3.010313	0.06441148
3.013646	0.06423077
3.016979	0.06405006
3.020313	0.06389516
3.023646	0.06376608
3.026979	0.06368863
3.030313	0.063637
3.033646	0.06361118
3.036979	0.063637
3.040313	0.06371445
3.043646	0.06379189
3.046979	0.06392098
3.050313	0.06405006
3.053646	0.06417914
3.056979	0.06433404
3.060313	0.06448893
3.063646	0.06464383
3.066979	0.06477291
3.070313	0.06487618
3.073646	0.06495362
3.076979	0.06497944
3.080312	0.06497944
3.083646	0.06495362
3.086979	0.06487618
3.090312	0.06479873
3.093646	0.06472128
3.096979	0.06461801
3.100312	0.06451475
3.103646	0.0644373
3.106979	0.06435985
3.110312	0.0642824
3.113646	0.06420495
3.116979	0.06410169
3.120312	0.06399842
3.123646	0.06389516
3.126979	0.06376608
3.130312	0.06366281
3.133646	0.06355955
3.136979	0.0634821
3.140312	0.06343047
3.143646	0.06337883
3.146979	0.06337883
3.150312	0.06340465
3.153646	0.06343047
3.156979	0.0634821
3.160312	0.06350792
3.163646	0.06355955
3.166979	0.06361118
3.170312	0.06366281
3.173646	0.06371445
3.176979	0.06379189
3.180312	0.06384353
3.183646	0.06392098
3.186979	0.06399842
3.190312	0.06407587
3.193646	0.06415332
3.196979	0.06425659
3.200313	0.06433404
3.203646	0.0644373
3.206979	0.06456638
3.210313	0.06466965
3.213646	0.06477291
3.216979	0.06487618
3.220313	0.06497944
3.223646	0.06508271
3.226979	0.06516015
3.230313	0.06521179
3.233646	0.06526342
3.236979	0.06531505
3.240313	0.06536668
3.243646	0.06541832
3.246979	0.06552158
3.250313	0.06567648
3.253646	0.06585719
3.256979	0.06608954
3.260313	0.0663477
3.263646	0.0666575
3.266979	0.06694147
3.270313	0.06722545
3.273646	0.06753525
3.276979	0.06779341
3.280313	0.06807739
3.283646	0.06836137
3.286979	0.06864534
3.290313	0.06895514
3.293646	0.06931657
3.296979	0.06967799
3.300313	0.07009105
3.303646	0.07052993
3.306979	0.0709688
3.310313	0.0714335
3.313646	0.07187237
3.316979	0.07233706
3.320313	0.07280176
3.323646	0.07331808
3.326979	0.07383441
3.330312	0.07442818
3.333646	0.07504777
3.336979	0.07574481
3.340312	0.07649348
3.343646	0.07729378
3.346979	0.0781199
3.350312	0.07894602
3.353646	0.07982377
3.356979	0.08067571
3.360312	0.08157927
3.363646	0.08250866
3.366979	0.08346386
3.370312	0.08447069
3.373646	0.08547752
3.376979	0.08653599
3.380312	0.08764609
3.383646	0.08880782
3.386979	0.08999536
3.390312	0.09120873
3.393646	0.09247372
3.396979	0.09379035
3.400312	0.09515861
3.403646	0.09655268
3.406979	0.09802421
3.410312	0.09957318
3.413646	0.101148
3.416979	0.1028002
3.420312	0.1044783
3.423646	0.106208
3.426979	0.1079893
3.430312	0.1098222
3.433646	0.1117068
3.436979	0.113643
3.440312	0.1156309
3.443646	0.1176704
3.446979	0.1198131
3.450313	0.1220075
3.453646	0.1242535
3.456979	0.1266028
3.460313	0.1290295
3.463646	0.131482
3.466979	0.134012
3.470313	0.1365937
3.473646	0.1392269
3.476979	0.1419118
3.480313	0.1446225
3.483646	0.1474106
3.486979	0.1502504
3.490313	0.1531419
3.493646	0.1561107
3.496979	0.1591312
3.500313	0.1622033
3.503646	0.1653529
3.506979	0.16858
3.510313	0.1718328
3.513646	0.1751631
3.516979	0.178545
3.520313	0.1819786
3.523646	0.1854638
3.526979	0.1890006
3.530313	0.1925632
3.533646	0.1961775
3.536979	0.1998176
3.540313	0.2035093
3.543646	0.2072527
3.546979	0.2110735
3.550313	0.2149717
3.553646	0.2189474
3.556979	0.2230522
3.560313	0.2272602
3.563646	0.2315974
3.566979	0.2360636
3.570313	0.2406589
3.573646	0.245409
3.576979	0.2502625
3.580312	0.2552708
3.583646	0.2604083
3.586979	0.2656748
3.590312	0.271122
3.593646	0.2767241
3.596979	0.2825069
3.600312	0.2884705
3.603646	0.2945889
3.606979	0.3009139
3.610312	0.3073938
3.613646	0.3140285
3.616979	0.3207924
3.620312	0.3276853
3.623646	0.3347074
3.626979	0.3418326
3.630312	0.3490612
3.633646	0.3563672
3.636979	0.3637764
3.640312	0.371289
3.643646	0.3788531
3.646979	0.3864689
3.650312	0.3941363
3.653646	0.4018037
3.656979	0.4094453
3.660312	0.4170095
3.663646	0.4244962
3.666979	0.4318796
3.670312	0.4391082
3.673646	0.4461818
3.676979	0.4531006
3.680312	0.4598644
3.683646	0.4664217
3.686979	0.4727983
3.690312	0.4789684
3.693646	0.4849062
3.696979	0.4905857
3.700313	0.4960071
3.703646	0.5011187
3.706979	0.5059464
3.710313	0.51049
3.713646	0.5147239
3.716979	0.5186996
3.720313	0.5224429
3.723646	0.5259797
3.726979	0.5293617
3.730313	0.5326403
3.733646	0.5358157
3.736979	0.5389911
3.740313	0.5421923
3.743646	0.5454452
3.746979	0.5488271
3.750313	0.5523897
3.753646	0.5562105
3.756979	0.5603411
3.760313	0.564859
3.763646	0.5698673
3.766979	0.575392
3.770313	0.5815879
3.773646	0.5885066
3.776979	0.5962515
3.780313	0.6049
3.783646	0.6145294
3.786979	0.6252432
3.790313	0.637067
3.793646	0.6500784
3.796979	0.6643548
3.800313	0.6799736
3.803646	0.6969606
3.806979	0.7153676
3.810313	0.7352461
3.813646	0.7566219
3.816979	0.7794693
3.820313	0.8038398
3.823646	0.829656
3.826979	0.8568663
3.830312	0.8854449
3.833646	0.9152884
3.836979	0.9462937
3.840312	0.9783574
3.843646	1.011376
3.846979	1.045221
3.850312	1.079738
3.853646	1.11477
3.856979	1.150164
3.860312	1.185662
3.863646	1.221133
3.866979	1.256321
3.870312	1.291044
3.873646	1.325018
3.876979	1.358088
3.880312	1.390023
3.883646	1.420641
3.886979	1.449736
3.890312	1.477179
3.893646	1.502788
3.896979	1.526384
3.900312	1.547915
3.903646	1.5672
3.906979	1.584161
3.910312	1.598721
3.913646	1.610803
3.916979	1.62033
3.920312	1.627274
3.923646	1.631637
3.926979	1.633418
3.930312	1.632592
3.933646	1.62921
3.936979	1.62335
3.940312	1.615011
3.943646	1.604349
3.946979	1.591415
3.950313	1.576365
3.953646	1.5593
3.956979	1.540377
3.960313	1.519724
3.963646	1.497522
3.966979	1.4739
3.970313	1.449039
3.973646	1.423119
3.976979	1.396296
3.980313	1.368699
3.983646	1.340482
3.986979	1.3118
3.990313	1.282782
3.993646	1.253584
3.996979	1.224309
4.000312	1.195085
4.003646	1.166016
4.006979	1.137282
4.010313	1.10891
4.013646	1.08108
4.016979	1.05387
4.020312	1.027331
4.023646	1.00154
4.026979	0.9766019
4.030313	0.9525412
4.033646	0.9294357
4.036979	0.9073629
4.040312	0.8863485
4.043646	0.8665216
4.046979	0.8479081
4.050313	0.8306112
4.053646	0.8146826
4.056979	0.8002255
4.060312	0.7872916
4.063646	0.7759841
4.066979	0.7664321
4.070313	0.7586872
4.073646	0.7529044
4.076979	0.7492643
4.080313	0.7479219
4.083646	0.7490578
4.086979	0.7529302
4.090312	0.7597715
4.093646	0.7698657
4.096979	0.7835224
4.100313	0.8010775
4.103646	0.8228922
4.106979	0.8494313
4.110312	0.8810819
4.113646	0.9183605
4.116979	0.9617834
4.120313	1.011919
4.123646	1.069334
4.126979	1.134649
4.130312	1.208483
4.133646	1.291457
4.136979	1.384163
4.140313	1.487195
4.143646	1.601148
4.146979	1.726538
4.150312	1.863854
4.153646	2.013562
4.156979	2.175998
4.160313	2.351419
4.163646	2.540033
4.166979	2.741864
4.170312	2.956836
4.173646	3.184767
4.176979	3.425271
4.180313	3.677857
4.183646	3.941879
4.186979	4.216512
4.190312	4.500775
4.193646	4.793583
4.196979	5.09367
4.200313	5.399593
4.203646	5.709852
4.206979	6.022719
4.210312	6.336489
4.213646	6.649253
4.216979	6.959047
4.220313	7.263911
4.223646	7.56183
4.226979	7.850791
4.230312	8.128832
4.233646	8.394042
4.236979	8.644563
4.240313	8.878691
4.243646	9.094824
4.246979	9.291492
4.250312	9.467455
4.253646	9.621527
4.256979	9.752828
4.260313	9.860611
4.263646	9.944307
4.266979	10.00363
4.270312	10.03846
4.273646	10.04889
4.276979	10.03523
4.280313	9.998005
4.283646	9.937879
4.286979	9.855731
4.290312	9.752673
4.293646	9.629814
4.296979	9.48847
4.300313	9.330061
4.303646	9.156034
4.306979	8.96786
4.310312	8.767139
4.313646	8.555367
4.316979	8.334148
4.320313	8.104978
4.323646	7.869405
4.326979	7.628901
4.330313	7.384886
4.333646	7.138702
4.336979	6.891692
4.340312	6.645019
4.343646	6.399842
4.346979	6.157144
4.350313	5.917827
4.353646	5.682719
4.356979	5.452542
4.360312	5.227889
4.363646	5.009277
4.366979	4.797119
4.370313	4.591751
4.373646	4.393457
4.376979	4.202391
4.380312	4.018682
4.383646	3.842383
4.386979	3.673468
4.390313	3.51191
4.393646	3.357555
4.396979	3.210273
4.400312	3.069911
4.403646	2.93626
4.406979	2.809089
4.410313	2.688218
4.413646	2.573336
4.416979	2.464262
4.420312	2.360713
4.423646	2.262482
4.426979	2.169286
4.430313	2.080943
4.433646	1.997195
4.436979	1.917784
4.440312	1.842556
4.443646	1.771251
4.446979	1.70369
4.450313	1.639666
4.453646	1.578972
4.456979	1.521376
4.460312	1.466749
4.463646	1.414858
4.466979	1.365523
4.470313	1.318641
4.473646	1.274005
4.476979	1.231537
4.480312	1.191057
4.483646	1.152514
4.486979	1.115803
4.490313	1.080822
4.493646	1.047493
4.496979	1.015739
4.500312	0.9855085
4.503646	0.9566976
4.506979	0.929255
4.510313	0.9031032
4.513646	0.8782163
4.516979	0.8545171
4.520312	0.8319537
4.523646	0.8105004
4.526979	0.7901056
4.530313	0.7707434
4.533646	0.7523364
4.536979	0.7348589
4.540312	0.7182848
4.543646	0.7025111
4.546979	0.6875377
4.550313	0.6733388
4.553646	0.6598627
4.556979	0.6471095
4.560312	0.6350275
4.563646	0.6236426
4.566979	0.6129288
4.570313	0.602938
4.573646	0.5936182
4.576979	0.5850214
4.580313	0.5771475
4.583646	0.5700222
4.586979	0.563594
4.590312	0.5579402
4.593646	0.553061
4.596979	0.5489304
4.600313	0.5456001
4.603646	0.5430959
4.606979	0.5414437
4.610312	0.5406692
4.613646	0.5408757
4.616979	0.5421407
4.620313	0.54449
4.623646	0.5480526
4.626979	0.5529061
4.630312	0.5591536
4.633646	0.5668726
4.636979	0.5761923
4.640313	0.5872158
4.643646	0.6000465
4.646979	0.6148134
4.650312	0.6316456
4.653646	0.6507238
4.656979	0.6722029
4.660313	0.6962378
4.663646	0.7230608
4.666979	0.7528786
4.670312	0.7858717
4.673646	0.8222726
4.676979	0.8622877
4.680313	0.9060979
4.683646	0.9539095
4.686979	1.005929
4.690312	1.062286
4.693646	1.123161
4.696979	1.188708
4.700313	1.259109
4.703646	1.334467
4.706979	1.414936
4.710312	1.500671
4.713646	1.591777
4.716979	1.688381
4.720313	1.790613
4.723646	1.898577
4.726979	2.012375
4.730312	2.13211
4.733646	2.257965
4.736979	2.390092
4.740313	2.528699
4.743646	2.674148
4.746979	2.826748
4.750312	2.987015
4.753646	3.155595
4.756979	3.33321
4.760313	3.520868
4.763646	3.719731
4.766979	3.931191
4.770312	4.156928
4.773646	4.398956
4.776979	4.659622
4.780313	4.941613
4.783646	5.248077
4.786979	5.582552
4.790312	5.949039
4.793646	6.351979
4.796979	6.796302
4.800313	7.287326
4.803646	7.830861
4.806979	8.433128
4.810312	9.10071
4.813646	9.840577
4.816979	10.65996
4.820313	11.56631
4.823646	12.56716
4.826979	13.67003
4.830313	14.88228
4.833646	16.21101
4.836979	17.66274
4.840312	19.24339
4.843646	20.958
4.846979	22.81062
4.850313	24.80415
4.853646	26.94024
4.856979	29.21898
4.860312	31.63892
4.863646	34.19679
4.866979	36.88754
4.870313	39.70406
4.873646	42.63728
4.876979	45.67598
4.880312	48.80681
4.883646	52.01443
4.886979	55.28152
4.890313	58.58902
4.893646	61.91637
4.896979	65.24168
4.900312	68.54195
4.903646	71.79353
4.906979	74.97226
4.910313	78.05391
4.913646	81.01449
4.916979	83.83052
4.920312	86.47935
4.923646	88.93953
4.926979	91.19109
4.930313	93.21591
4.933646	94.99787
4.936979	96.5232
4.940312	97.78058
4.943646	98.76139
4.946979	99.45977
4.950313	99.8727
4.953646	100
4.956979	99.8443
4.960312	99.4109
4.963646	98.70761
4.966979	97.74459
4.970313	96.53409
4.973646	95.09022
4.976979	93.42869
4.980312	91.56654
4.983646	89.52192
4.986979	87.3138
4.990313	84.96164
4.993646	82.48532
4.996979	79.90481
5.000312	77.2399
5.003646	74.51002
5.006979	71.73397
5.010313	68.92968
5.013646	66.11421
5.016979	63.30337
5.020312	60.51178
5.023646	57.75278
5.026979	55.03828
5.030313	52.3789
5.033646	49.78385
5.036979	47.26112
5.040312	44.81743
5.043646	42.45824
5.046979	40.18791
5.050313	38.00964
5.053646	35.92568
5.056979	33.93726
5.060312	32.04475
5.063646	30.24773
5.066979	28.54508
5.070313	26.93502
5.073646	25.41527
5.076979	23.9832
5.080313	22.63574
5.083646	21.36961
5.086979	20.18137
5.090312	19.06737
5.093646	18.02393
5.096979	17.04728
5.100313	16.13369
5.103646	15.27946
5.106979	14.48097
5.110312	13.73457
5.113646	13.03683
5.116979	12.38446
5.120313	11.77421
5.123646	11.20316
5.126979	10.6684
5.130312	10.16728
5.133646	9.697323
5.136979	9.256201
5.140313	8.841748
5.143646	8.451948
5.146979	8.084918
5.150312	7.738878
5.153646	7.412251
5.156979	7.10354
5.160313	6.811353
5.163646	6.534474
5.166979	6.271716
5.170312	6.022099
5.173646	5.784693
5.176979	5.558646
5.180313	5.343236
5.183646	5.137764
5.186979	4.941587
5.190312	4.754187
5.193646	4.574997
5.196979	4.403577
5.200313	4.239514
5.203646	4.082423
5.206979	3.931992
5.210312	3.787937
5.213646	3.649975
5.216979	3.517951
5.220313	3.391607
5.223646	3.270787
5.226979	3.155336
5.230312	3.04505
5.233646	2.939797
5.236979	2.839423
5.240313	2.743748
5.243646	2.652643
5.246979	2.565952
5.250312	2.483547
5.253646	2.405298
5.256979	2.331102
5.260313	2.26083
5.263646	2.194379
5.266979	2.131594
5.270312	2.072346
5.273646	2.016557
5.276979	1.964021
5.280313	1.914609
5.283646	1.868191
5.286979	1.824562
5.290312	1.783565
5.293646	1.745022
5.296979	1.708776
5.300313	1.674673
5.303646	1.642506
5.306979	1.612146
5.310312	1.583361
5.313646	1.556047
5.316979	1.530024
5.320313	1.505138
5.323646	1.481258
5.326979	1.458255
5.330313	1.435976
5.333646	1.414342
5.336979	1.39325
5.340312	1.372545
5.343646	1.352202
5.346979	1.332091
5.350313	1.312161
5.353646	1.292309
5.356979	1.272508
5.360312	1.252707
5.363646	1.232854
5.366979	1.21295
5.370313	1.192942
5.373646	1.172857
5.376979	1.152643
5.380312	1.132351
5.383646	1.111956
5.386979	1.091458
5.390313	1.070909
5.393646	1.050281
5.396979	1.029603
5.400312	1.008975
5.403646	0.9883483
5.406979	0.9678502
5.410313	0.9474812
5.413646	0.9272929
5.416979	0.9073629
5.420312	0.8876651
5.423646	0.8683029
5.426979	0.8492505
5.430313	0.8305338
5.433646	0.8122043
5.436979	0.7942362
5.440312	0.7766553
5.443646	0.7594359
5.446979	0.7426295
5.450313	0.7262104
5.453646	0.7101785
5.456979	0.6945339
5.460312	0.6792765
5.463646	0.6643806
5.466979	0.6498977
5.470313	0.6357762
5.473646	0.6220678
5.476979	0.6087466
5.480312	0.5957868
5.483646	0.5832659
5.486979	0.5711581
5.490313	0.5594634
5.493646	0.5481559
5.496979	0.5372614
5.500312	0.5267542
5.503646	0.5166085
5.506979	0.5067983
5.510313	0.4972979
5.513646	0.4880816
5.516979	0.4791491
5.520312	0.4704491
5.523646	0.4619814
5.526979	0.453746
5.530313	0.4457171
5.533646	0.4379206
5.536979	0.4303307
5.540312	0.4229472
5.543646	0.4157703
5.546979	0.4087999
5.550313	0.4020361
5.553646	0.3954529
5.556979	0.3890505
5.560312	0.382803
5.563646	0.3766845
5.566979	0.370721
5.570313	0.3648865
5.573646	0.3591811
5.576979	0.3536307
5.580313	0.3481834
5.583646	0.3428653
5.586979	0.3376762
5.590312	0.3325904
5.593646	0.3276595
5.596979	0.3228061
5.600313	0.3180817
5.603646	0.3134606
5.606979	0.3089428
5.610312	0.3045282
5.613646	0.3001911
5.616979	0.2959572
5.620313	0.2918266
5.623646	0.2877734
5.626979	0.2838494
5.630312	0.2800286
5.633646	0.2762852
5.636979	0.272671
5.640313	0.2691341
5.643646	0.265649
5.646979	0.2622412
5.650312	0.2588851
5.653646	0.2555548
5.656979	0.2522245
5.660313	0.24892
5.663646	0.2455898
5.666979	0.2422595
5.670312	0.238955
5.673646	0.2356247
5.676979	0.232346
5.680313	0.2290674
5.683646	0.2258145
5.686979	0.2226133
5.690312	0.2194637
5.693646	0.2163658
5.696979	0.2133195
5.700313	0.2103506
5.703646	0.2074334
5.706979	0.2045936
5.710312	0.2018313
5.713646	0.1991464
5.716979	0.1965389
5.720313	0.1940089
5.723646	0.1915564
5.726979	0.1891555
5.730312	0.186832
5.733646	0.1845602
5.736979	0.1823142
5.740313	0.180094
5.743646	0.1778996
5.746979	0.1757569
5.750312	0.1736141
5.753646	0.171523
5.756979	0.1694577
5.760313	0.167444
5.763646	0.1655078
5.766979	0.1636232
5.770312	0.1617903
5.773646	0.1600348
5.776979	0.1583309
5.780313	0.1567303
5.783646	0.1551555
5.786979	0.1536324
5.790312	0.1521866
5.793646	0.1507668
5.796979	0.1493985
5.800313	0.1480561
5.803646	0.1467911
5.806979	0.1455519
5.810312	0.1443643
5.813646	0.1432284
5.816979	0.1421183
5.820313	0.1410857
5.823646	0.140053
5.826979	0.1390462
5.830313	0.1380652
5.833646	0.1370583
5.836979	0.1360515
5.840312	0.1350447
5.843646	0.1340378
5.846979	0.133031
5.850313	0.13205
5.853646	0.1310948
5.856979	0.1301654
5.860312	0.1293135
5.863646	0.1285132
5.866979	0.1277645
5.870313	0.1270416
5.873646	0.1263704
5.876979	0.125725
5.880312	0.1250796
5.883646	0.12446
5.886979	0.1238404
5.890313	0.1232467
5.893646	0.1226529
5.896979	0.1220849
5.900312	0.1215686
5.903646	0.1210781
5.906979	0.1206392
5.910313	0.120252
5.913646	0.1198906
5.916979	0.1195549
5.920312	0.1192451
5.923646	0.1189354
5.926979	0.1186256
5.930313	0.1183158
5.933646	0.1179802
5.936979	0.1176187
5.940312	0.1172315
5.943646	0.1168184
5.946979	0.1163795
5.950313	0.1159149
5.953646	0.1154243
5.956979	0.114908
5.960312	0.1143659
5.963646	0.1137979
5.966979	0.1132558
5.970313	0.1127136
5.973646	0.1121715
5.976979	0.1116552
5.980312	0.1111389
5.983646	0.1106742
5.986979	0.1102095
5.990313	0.1097706
5.993646	0.1093317
5.996979	0.1089445
6.000312	0.1085572
6.003646	0.1081958
6.006979	0.1078602
6.010313	0.1075762
6.013646	0.1072922
6.016979	0.1070341
6.020312	0.1067759
6.023646	0.1065177
6.026979	0.1062596
6.030313	0.1059756
6.033646	0.1056658
6.036979	0.1053302
6.040312	0.104943
6.043646	0.1045557
6.046979	0.1041427
6.050313	0.1037296
6.053646	0.1032907
6.056979	0.1029035
6.060312	0.1025162
6.063646	0.1021806
6.066979	0.1018708
6.070313	0.1016127
6.073646	0.1013803
6.076979	0.1011738
6.080313	0.1009931
6.083646	0.1008382
6.086979	0.1007349
6.090312	0.1006316
6.093646	0.1005542
6.096979	0.1004767
6.100313	0.1004509
6.103646	0.1003993
6.106979	0.1003477
6.110312	0.1002702
6.113646	0.1001928
6.116979	0.1000379
6.120313	0.09985716
6.123646	0.09965063
6.126979	0.09939247
6.130312	0.09908267
6.133646	0.09872124
6.136979	0.09835982
6.140313	0.09799839
6.143646	0.09761115
6.146979	0.0972239
6.150312	0.09681084
6.153646	0.0964236
6.156979	0.09601054
6.160313	0.09559748
6.163646	0.09523605
6.166979	0.09490044
6.170312	0.09461647
6.173646	0.09438412
6.176979	0.09417759
6.180313	0.09399688
6.183646	0.09384198
6.186979	0.0937129
6.190312	0.09353219
6.193646	0.09335147
6.196979	0.09309331
6.200313	0.09278352
6.203646	0.0924479
6.206979	0.09206066
6.210312	0.0916476
6.213646	0.09123454
6.216979	0.0908473
6.220313	0.09046005
6.223646	0.09015026
6.226979	0.08986628
6.230312	0.08965975
6.233646	0.08947904
6.236979	0.08932414
6.240313	0.08916924
6.243646	0.08901435
6.246979	0.08880782
6.250312	0.08860129
6.253646	0.08836894
6.256979	0.08808496
6.260313	0.08777517
6.263646	0.08746537
6.266979	0.08712976
6.270312	0.08676833
6.273646	0.08640691
6.276979	0.08604548
6.280313	0.08565824
6.283646	0.08529681
6.286979	0.08490957
6.290312	0.08457395
6.293646	0.08423834
6.296979	0.08392855
6.300313	0.0836962
6.303646	0.08348967
6.306979	0.08336059
6.310312	0.08323151
6.313646	0.08317988
6.316979	0.08310243
6.320313	0.0830508
6.323646	0.08299916
6.326979	0.08292172
6.330313	0.08284427
6.333646	0.082741
6.336979	0.08263774
6.340312	0.08253447
6.343646	0.08243121
6.346979	0.08230213
6.350313	0.08219886
6.353646	0.0820956
6.356979	0.08196652
6.360312	0.08183743
6.363646	0.08170835
6.366979	0.08155346
6.370313	0.08142438
6.373646	0.08126948
6.376979	0.08111458
6.380312	0.0809855
6.383646	0.08085642
6.386979	0.08072734
6.390313	0.08059826
6.393646	0.08044336
6.396979	0.08031428
6.400312	0.0801852
6.403646	0.08008193
6.406979	0.07997867
6.410313	0.07992703
6.413646	0.07990122
6.416979	0.07995285
6.420312	0.0800303
6.423646	0.08015938
6.426979	0.08034009
6.430313	0.08054662
6.433646	0.08080479
6.436979	0.08106295
6.440312	0.08134693
6.443646	0.08165672
6.446979	0.0819407
6.450313	0.08227631
6.453646	0.08258611
6.456979	0.08292172
6.460312	0.08323151
6.463646	0.08354131
6.466979	0.08382528
6.470313	0.08410926
6.473646	0.08439324
6.476979	0.0846514
6.480312	0.08490957
6.483646	0.08516773
6.486979	0.08540008
6.490313	0.08565824
6.493646	0.08589058
6.496979	0.08609711
6.500312	0.08627783
6.503646	0.08638109
6.506979	0.08640691
6.510313	0.08638109
6.513646	0.08627783
6.516979	0.0860713
6.520312	0.08583895
6.523646	0.08555497
6.526979	0.08527099
6.530313	0.08498702
6.533646	0.08475467
6.536979	0.08452232
6.540312	0.08436742
6.543646	0.08423834
6.546979	0.08416089
6.550313	0.08408345
6.553646	0.08403181
6.556979	0.08392855
6.560312	0.08379947
6.563646	0.08359294
6.566979	0.08333478
6.570313	0.08299916
6.573646	0.08258611
6.576979	0.0820956
6.580313	0.08150182
6.583646	0.08088224
6.586979	0.08021101
6.590312	0.07951398
6.593646	0.0787653
6.596979	0.07799082
6.600313	0.07719052
6.603646	0.0763644
6.606979	0.07543501
6.610312	0.074454
6.613646	0.0733439
6.616979	0.07215635
6.620313	0.07081391
6.623646	0.0693682
6.626979	0.06781923
6.630312	0.06621862
6.633646	0.06454056
6.636979	0.06283669
6.640313	0.06110701
6.643646	0.05942895
6.646979	0.05777671
6.650312	0.05617611
6.653646	0.05467877
6.656979	0.05325888
6.660313	0.05194225
6.663646	0.0507547
6.666979	0.04967042
6.670312	0.04874103
6.673646	0.04794073
6.676979	0.04729533
6.680313	0.04680482
6.683646	0.04644339
6.686979	0.04621104
6.690312	0.0461336
6.693646	0.04618523
6.696979	0.04639176
6.700313	0.04675319
6.703646	0.04726951
6.706979	0.04794073
6.710312	0.04876685
6.713646	0.04972205
6.716979	0.05080633
6.720313	0.05196806
6.723646	0.05323306
6.726979	0.05449805
6.730312	0.05578886
6.733646	0.05705386
6.736979	0.05824141
6.740313	0.05940314
6.743646	0.06048742
6.746979	0.06149425
6.750312	0.06247527
6.753646	0.06340465
6.756979	0.06430822
6.760313	0.06516015
6.763646	0.06596046
6.766979	0.0666575
6.770312	0.06722545
6.773646	0.0676127
6.776979	0.06779341
6.780313	0.06769014
6.783646	0.0673029
6.786979	0.06660586
6.790312	0.06559903
6.793646	0.06425659
6.796979	0.06265598
6.800313	0.0607714
6.803646	0.05860283
6.806979	0.05620192
6.810312	0.05354285
6.813646	0.05065144
6.816979	0.04750186
6.820313	0.04414575
6.823646	0.04055729
6.826979	0.03681394
6.830313	0.03291569
6.833646	0.02896581
6.836979	0.02501592
6.840312	0.02111767
6.843646	0.01740014
6.846979	0.01391495
6.850313	0.01071374
6.853646	0.007899771
6.856979	0.005473046
6.860312	0.00345938
6.863646	0.001910401
6.866979	0.0008261192
6.870313	0.0001807136
6.873646	0
6.876979	0.0002065298
6.880312	0.0008261192
6.883646	0.001781319
6.886979	0.003097953
6.890313	0.004724375
6.893646	0.006634776
6.896979	0.008803339
6.900312	0.01120425
6.903646	0.0138375
6.906979	0.0167031
6.910313	0.01980105
6.913646	0.02310552
6.916979	0.02664235
6.920312	0.03035988
6.923646	0.03430976
6.926979	0.03841455
6.930313	0.04272585
6.933646	0.04719206
6.936979	0.05178735
6.940312	0.05651172
6.943646	0.06136517
6.946979	0.06629607
6.950313	0.07130442
6.953646	0.07633858
6.956979	0.08137274
6.960312	0.08635528
6.963646	0.09126036
6.966979	0.09601054
6.970313	0.1006058
6.973646	0.104943
6.976979	0.1090477
6.980312	0.1128169
6.983646	0.1162505
6.986979	0.119271
6.990313	0.1218784
6.993646	0.1240211
6.996979	0.1256476
7.000312	0.1267577
7.003646	0.1273514
7.006979	0.1273773
7.010313	0.1269126
7.013646	0.1259057
7.016979	0.12446
7.020312	0.1226013
7.023646	0.1203294
7.026979	0.117722
7.030313	0.1148564
7.033646	0.1117068
7.036979	0.1083507
7.040312	0.1048397
7.043646	0.1011738
7.046979	0.0973788
7.050313	0.093558
7.053646	0.08971138
7.056979	0.08589058
7.060312	0.08214723
7.063646	0.07853296
7.066979	0.07507358
7.070313	0.07184656
7.073646	0.06882606
7.076979	0.06608954
7.080313	0.06358536
7.083646	0.06136517
7.086979	0.05940314
7.090312	0.05764763
7.093646	0.05607284
7.096979	0.05470458
7.100313	0.05351704
7.103646	0.05248439
7.106979	0.05158082
7.110312	0.05088378
7.113646	0.05034164
7.116979	0.05000603
7.120313	0.04985113
7.123646	0.04990276
7.126979	0.05016093
7.130312	0.05057399
7.133646	0.05114194
7.136979	0.05181317
7.140313	0.05253602
7.143646	0.05331051
7.146979	0.05408499
7.150312	0.05485948
7.153646	0.05558233
7.156979	0.05630519
7.160313	0.05697641
7.163646	0.05762182
7.166979	0.05826722
7.170312	0.05888681
7.173646	0.0595064
7.176979	0.06012599
7.180313	0.0607714
7.183646	0.0614168
7.186979	0.06208802
7.190312	0.06278506
7.193646	0.06350792
7.196979	0.06425659
7.200313	0.06505689
7.203646	0.06588301
7.206979	0.06673494
7.210312	0.06763851
7.213646	0.06851626
7.216979	0.06941983
7.220313	0.07029758
7.223646	0.07117533
7.226979	0.07200145
7.230312	0.07282757
7.233646	0.07360206
7.236979	0.07435073
7.240313	0.07504777
7.243646	0.07574481
7.246979	0.07639021
7.250312	0.07706143
7.253646	0.07768102
7.256979	0.07830061
7.260313	0.07889439
7.263646	0.07946234
7.266979	0.07997867
7.270312	0.08044336
7.273646	0.08085642
7.276979	0.08121785
7.280313	0.08152764
7.283646	0.08175999
7.286979	0.08196652
7.290312	0.08212141
7.293646	0.08225049
7.296979	0.08232794
7.300313	0.08237958
7.303646	0.08240539
7.306979	0.08237958
7.310312	0.08232794
7.313646	0.08222468
7.316979	0.0820956
7.320313	0.0819407
7.323646	0.0817858
7.326979	0.08160509
7.330313	0.08145019
7.333646	0.08132111
7.336979	0.08124366
7.340312	0.08119203
7.343646	0.08119203
7.346979	0.08119203
7.350313	0.08119203
7.353646	0.08121785
7.356979	0.08119203
7.360312	0.08116621
7.363646	0.08106295
7.366979	0.08093387
7.370313	0.08072734
7.373646	0.08049499
7.376979	0.0801852
7.380312	0.0798754
7.383646	0.07953979
7.386979	0.07917836
7.390313	0.07881694
7.393646	0.07850714
7.396979	0.07819735
7.400312	0.07793919
7.403646	0.07770684
7.406979	0.07752613
7.410313	0.07737123
7.413646	0.07726796
7.416979	0.0771647
7.420312	0.07706143
7.423646	0.07695817
7.426979	0.07688072
7.430313	0.07677746
7.433646	0.07670001
7.436979	0.07659674
7.440312	0.07651929
7.443646	0.07646766
7.446979	0.07641603
7.450313	0.0763644
7.453646	0.07633858
7.456979	0.07628695
7.460312	0.07623531
7.463646	0.07618368
7.466979	0.07610623
7.470313	0.07602878
7.473646	0.07592552
7.476979	0.07582225
7.480312	0.07571899
7.483646	0.07566736
7.486979	0.07561572
7.490313	0.07558991
7.493646	0.07561572
7.496979	0.07566736
7.500312	0.07574481
7.503646	0.07587389
7.506979	0.07597715
7.510313	0.07610623
7.513646	0.07618368
7.516979	0.07626113
7.520312	0.07628695
7.523646	0.07628695
7.526979	0.07626113
7.530313	0.07618368
7.533646	0.0760546
7.536979	0.07592552
7.540312	0.07579644
7.543646	0.07566736
7.546979	0.07553828
7.550313	0.07543501
7.553646	0.07535756
7.556979	0.07530593
7.560312	0.0752543
7.563646	0.07522848
7.566979	0.07520267
7.570313	0.07517685
7.573646	0.07512522
7.576979	0.07507358
7.580313	0.07502195
7.583646	0.07497032
7.586979	0.07489287
7.590312	0.07484124
7.593646	0.07481542
7.596979	0.07476379
7.600313	0.07476379
7.603646	0.07473797
7.606979	0.07471216
7.610312	0.07468634
7.613646	0.07466052
7.616979	0.07463471
7.620313	0.07463471
7.623646	0.07460889
7.626979	0.07460889
7.630312	0.07460889
7.633646	0.07463471
7.636979	0.07468634
7.640313	0.07473797
7.643646	0.07478961
7.646979	0.07484124
7.650312	0.07489287
7.653646	0.0749445
7.656979	0.07497032
7.660313	0.07499614
7.663646	0.07502195
7.666979	0.07504777
7.670312	0.07504777
7.673646	0.07504777
7.676979	0.07504777
7.680313	0.07504777
7.683646	0.07504777
7.686979	0.07502195
7.690312	0.07502195
7.693646	0.07504777
7.696979	0.07507358
7.700313	0.07515103
7.703646	0.0752543
7.706979	0.07538338
7.710312	0.07556409
7.713646	0.07577062
7.716979	0.07597715
7.720313	0.07615787
7.723646	0.07631276
7.726979	0.07644184
7.730312	0.07649348
7.733646	0.07651929
7.736979	0.07651929
7.740313	0.07646766
7.743646	0.07644184
7.746979	0.07639021
7.750312	0.0763644
7.753646	0.0763644
7.756979	0.07633858
7.760313	0.07633858
7.763646	0.07631276
7.766979	0.07628695
7.770312	0.0762095
7.773646	0.07610623
7.776979	0.07597715
7.780313	0.07584807
7.783646	0.07571899
7.786979	0.07558991
7.790312	0.07548664
7.793646	0.0754092
7.796979	0.07533175
7.800313	0.07528011
7.803646	0.07520267
7.806979	0.07512522
7.810312	0.07499614
7.813646	0.07486705
7.816979	0.07466052
7.820313	0.074454
7.823646	0.07419583
7.826979	0.07391185
7.830313	0.07362788
7.833646	0.07336971
7.836979	0.07313737
7.840312	0.07295665
7.843646	0.07280176
7.846979	0.07272431
7.850313	0.07269849
7.853646	0.07269849
7.856979	0.07275012
7.860312	0.07282757
7.863646	0.07287921
7.866979	0.07293084
7.870313	0.07293084
7.873646	0.07287921
7.876979	0.07280176
7.880312	0.07267268
7.883646	0.07249196
7.886979	0.07231125
7.890313	0.07210472
7.893646	0.071924
7.896979	0.07174329
7.900312	0.07156258
7.903646	0.0714335
7.906979	0.07133023
7.910313	0.07122697
7.913646	0.07109789
7.916979	0.07099462
7.920312	0.07086554
7.923646	0.07071064
7.926979	0.07055575
7.930313	0.07040085
7.933646	0.07022013
7.936979	0.07006524
7.940312	0.06993616
7.943646	0.06985871
7.946979	0.06980707
7.950313	0.06980707
7.953646	0.06985871
7.956979	0.06993616
7.960312	0.0700136
7.963646	0.07009105
7.966979	0.0701685
7.970313	0.07022013
7.973646	0.07027177
7.976979	0.07027177
7.980312	0.07024595
7.983646	0.07022013
7.986979	0.07019432
7.990313	0.07014269
7.993646	0.07006524
7.996979	0.0700136
8.000313	0.06991034
8.003646	0.06980707
8.006979	0.06965218
8.010312	0.06947146
8.013646	0.06926493
8.016979	0.0690584
8.020312	0.06882606
8.023645	0.06861953
8.026979	0.068413
8.030313	0.0682581
8.033646	0.06815484
8.036979	0.0681032
8.040313	0.06807739
8.043646	0.06807739
8.046979	0.0681032
8.050312	0.06812902
8.053646	0.06815484
8.056979	0.06815484
8.060312	0.06818065
8.063645	0.06823228
8.066979	0.06828392
8.070313	0.06838718
8.073646	0.06854208
8.07698	0.06869698
8.080313	0.06890351
8.083646	0.06911004
8.086979	0.06929075
8.090313	0.06947146
8.093646	0.06960054
8.096979	0.06970381
8.100312	0.06975544
8.103646	0.06975544
8.106979	0.06970381
8.110312	0.06962636
8.113646	0.06954891
8.11698	0.06941983
8.120313	0.06929075
8.123646	0.06916167
8.126979	0.06903259
8.130313	0.06890351
8.133646	0.06880024
8.136979	0.06872279
8.140312	0.06864534
8.143646	0.06861953
8.146979	0.06861953
8.150312	0.06864534
8.153646	0.06872279
8.15698	0.06882606
8.160313	0.06892932
8.163646	0.0690584
8.166979	0.06918749
8.170313	0.06929075
8.173646	0.06939401
8.176979	0.06947146
8.180312	0.0695231
8.183646	0.06954891
8.186979	0.06960054
8.190312	0.06965218
8.193645	0.06970381
8.19698	0.06978126
8.200313	0.06988452
8.203646	0.0700136
8.206979	0.07011687
8.210313	0.07024595
8.213646	0.07034922
8.216979	0.07040085
8.220312	0.07042666
8.223646	0.07042666
8.226979	0.07034922
8.230312	0.07027177
8.233645	0.07014269
8.236979	0.07003942
8.240313	0.06991034
8.243646	0.06980707
8.246979	0.06972963
8.250313	0.06967799
8.253646	0.06965218
8.256979	0.06962636
8.260312	0.06960054
8.263646	0.06957473
8.266979	0.06954891
8.270312	0.06949728
8.273645	0.06941983
8.276979	0.06931657
8.280313	0.0692133
8.283646	0.06908422
8.286979	0.06898096
8.290313	0.06887769
8.293646	0.06877443
8.296979	0.06869698
8.300312	0.06864534
8.303646	0.06859371
8.306979	0.0685679
8.310312	0.06854208
8.313645	0.06851626
8.316979	0.06849045
8.320313	0.06846463
8.323646	0.06843881
8.32698	0.068413
8.330313	0.06838718
8.333646	0.06836137
8.336979	0.06830973
8.340313	0.0682581
8.343646	0.06823228
8.346979	0.06818065
8.350312	0.0681032
8.353646	0.06805157
8.356979	0.06797412
8.360312	0.06787086
8.363646	0.06776759
8.36698	0.06766433
8.370313	0.06753525
8.373646	0.06740617
8.376979	0.06727708
8.380313	0.067148
8.383646	0.06704474
8.386979	0.06696729
8.390312	0.06694147
8.393646	0.06696729
8.396979	0.06701892
8.400312	0.067148
8.403646	0.06732872
8.40698	0.06753525
8.410313	0.06779341
8.413646	0.06802576
8.416979	0.06828392
8.420313	0.06849045
8.423646	0.06864534
8.426979	0.06874861
8.430312	0.06877443
8.433646	0.06874861
8.436979	0.06864534
8.440312	0.06849045
8.443645	0.06830973
8.44698	0.06807739
8.450313	0.06787086
8.453646	0.06766433
8.456979	0.06748361
8.460313	0.06735453
8.463646	0.06725127
8.466979	0.06719964
8.470312	0.06719964
8.473646	0.06722545
8.476979	0.0673029
8.480312	0.06740617
8.483645	0.06756106
8.486979	0.06774178
8.490313	0.06797412
8.493646	0.06823228
8.496979	0.06854208
8.500313	0.06887769
8.503646	0.06923912
8.506979	0.06962636
8.510312	0.07003942
8.513646	0.07045248
8.516979	0.07086554
8.520312	0.07125278
8.523645	0.07158839
8.526979	0.071924
8.530313	0.07220798
8.533646	0.07244033
8.536979	0.07262104
8.540313	0.07277594
8.543646	0.07287921
8.546979	0.07295665
8.550312	0.07300829
8.553646	0.0730341
8.556979	0.07308574
8.560312	0.07308574
8.563645	0.07311155
8.566979	0.07313737
8.570313	0.07313737
8.573646	0.07316318
8.57698	0.07316318
8.580313	0.07316318
8.583646	0.07313737
8.586979	0.07311155
8.590313	0.0730341
8.593646	0.07295665
8.596979	0.07282757
8.600312	0.07264686
8.603646	0.07244033
8.606979	0.07220798
8.610312	0.071924
8.613646	0.07164003
8.61698	0.07133023
8.620313	0.07102044
8.623646	0.07071064
8.626979	0.07040085
8.630313	0.07009105
8.633646	0.06978126
8.636979	0.06947146
8.640312	0.06918749
8.643646	0.06887769
8.646979	0.06859371
8.650312	0.06828392
8.653646	0.06799994
8.65698	0.06774178
8.660313	0.06750943
8.663646	0.06732872
8.666979	0.06717382
8.670313	0.06704474
8.673646	0.06696729
8.676979	0.06688984
8.680312	0.06681239
8.683646	0.06676076
8.686979	0.06670913
8.690312	0.06668331
8.693645	0.06663168
8.69698	0.06658005
8.700313	0.06652841
8.703646	0.06645097
8.706979	0.06639933
8.710313	0.0663477
8.713646	0.06629607
8.716979	0.0661928
8.720312	0.06608954
8.723646	0.06596046
8.726979	0.06580556
8.730312	0.06565066
8.733645	0.06549577
8.736979	0.06531505
8.740313	0.06513434
8.743646	0.06497944
8.746979	0.06485036
8.750313	0.06474709
8.753646	0.06469546
8.756979	0.06464383
8.760312	0.06464383
8.763646	0.06466965
8.766979	0.06472128
8.770312	0.06474709
8.773645	0.06474709
8.776979	0.06474709
8.780313	0.06469546
8.783646	0.06461801
8.786979	0.06448893
8.790313	0.06435985
8.793646	0.06423077
8.796979	0.06407587
8.800312	0.06397261
8.803646	0.06389516
8.806979	0.06384353
8.810312	0.06381771
8.813645	0.06381771
8.816979	0.06384353
8.820313	0.06389516
8.823646	0.06394679
8.82698	0.06402424
8.830313	0.06407587
8.833646	0.06412751
8.836979	0.06417914
8.840313	0.06420495
8.843646	0.06425659
8.846979	0.06425659
8.850312	0.06425659
8.853646	0.06423077
8.856979	0.06415332
8.860312	0.06407587
8.863646	0.06394679
8.86698	0.06381771
8.870313	0.063637
8.873646	0.06343047
8.876979	0.06322394
8.880313	0.06301741
8.883646	0.06281088
8.886979	0.06265598
8.890312	0.06250108
8.893646	0.06242363
8.896979	0.062372
8.900312	0.062372
8.903646	0.06242363
8.90698	0.06250108
8.910313	0.06260435
8.913646	0.06273343
8.916979	0.06286251
8.920313	0.06299159
8.923646	0.06309486
8.926979	0.0631723
8.930312	0.06324975
8.933646	0.06324975
8.936979	0.06324975
8.940312	0.06319812
8.943645	0.06314649
8.94698	0.06309486
8.950313	0.06301741
8.953646	0.06296577
8.956979	0.06291414
8.960313	0.06288833
8.963646	0.06288833
8.966979	0.06288833
8.970312	0.06288833
8.973646	0.06288833
8.976979	0.06291414
8.980312	0.06291414
8.983645	0.06288833
8.986979	0.06288833
8.990313	0.06288833
8.993646	0.06286251
8.996979	0.06286251
9.000313	0.06283669
9.003646	0.06281088
9.006979	0.06278506
9.010312	0.06273343
9.013646	0.06270761
9.016979	0.0626818
9.020312	0.06263016
9.023645	0.06260435
9.026979	0.06257853
9.030313	0.06255272
9.033646	0.06255272
9.036979	0.06257853
9.040313	0.06263016
9.043646	0.06270761
9.046979	0.06278506
9.050312	0.06286251
9.053646	0.06293996
9.056979	0.06301741
9.060312	0.06309486
9.063645	0.06314649
9.066979	0.0631723
9.070313	0.06319812
9.073646	0.06322394
9.07698	0.06324975
9.080313	0.06327557
9.083646	0.06330139
9.086979	0.0633272
9.090313	0.06337883
9.093646	0.06340465
9.096979	0.06345628
9.100312	0.06350792
9.103646	0.06355955
9.106979	0.063637
9.110312	0.06371445
9.113646	0.06381771
9.11698	0.06394679
9.120313	0.06412751
9.123646	0.06430822
9.126979	0.06451475
9.130313	0.06472128
9.133646	0.06492781
9.136979	0.06508271
9.140312	0.0652376
9.143646	0.06534087
9.146979	0.06544413
9.150312	0.06549577
9.153646	0.0655474
9.15698	0.06559903
9.160313	0.06562485
9.163646	0.06565066
9.166979	0.06567648
9.170313	0.06567648
9.173646	0.06567648
9.176979	0.06562485
9.180312	0.06557321
9.183646	0.06552158
9.186979	0.06544413
9.190312	0.06536668
9.193645	0.06531505
9.19698	0.06526342
9.200313	0.06526342
9.203646	0.06528924
9.206979	0.06531505
9.210313	0.06534087
9.213646	0.0653925
9.216979	0.0653925
9.220312	0.0653925
9.223646	0.06534087
9.226979	0.06528924
9.230312	0.06521179
9.233645	0.06510852
9.236979	0.06500526
9.240313	0.06490199
9.243646	0.06485036
9.246979	0.06482454
9.250313	0.06482454
9.253646	0.06485036
9.256979	0.06492781
9.260312	0.06497944
9.263646	0.06503107
9.266979	0.06503107
9.270312	0.06500526
9.273645	0.06492781
9.276979	0.06477291
9.280313	0.0645922
9.283646	0.06435985
9.286979	0.06412751
9.290313	0.06392098
9.293646	0.06371445
9.296979	0.06358536
9.300312	0.06350792
9.303646	0.06350792
9.306979	0.06353373
9.310312	0.06358536
9.313645	0.06366281
9.316979	0.06374026
9.320313	0.06379189
9.323646	0.06384353
9.32698	0.06386934
9.330313	0.06389516
9.333646	0.06389516
9.336979	0.06389516
9.340313	0.06386934
9.343646	0.06386934
9.346979	0.06381771
9.350312	0.06374026
9.353646	0.063637
9.356979	0.06350792
9.360312	0.0633272
9.363646	0.06309486
9.36698	0.06288833
9.370313	0.06265598
9.373646	0.06244945
9.376979	0.06229455
9.380313	0.06219129
9.383646	0.06213966
9.386979	0.06211384
9.390312	0.06213966
9.393646	0.06219129
9.396979	0.0622171
9.400312	0.06224292
9.403646	0.06224292
9.40698	0.06219129
9.410313	0.06211384
9.413646	0.06201057
9.416979	0.06190731
9.420313	0.06177823
9.423646	0.06164915
9.426979	0.06154588
9.430312	0.06144262
9.433646	0.06136517
9.436979	0.06128772
9.440312	0.06123609
9.443645	0.06121027
9.44698	0.06121027
9.450313	0.06121027
9.453646	0.06121027
9.456979	0.0612619
9.460313	0.06131354
9.463646	0.06139099
9.466979	0.06149425
9.470312	0.06162333
9.473646	0.06175241
9.476979	0.06188149
9.480312	0.06203639
9.483645	0.06216547
9.486979	0.06229455
9.490313	0.062372
9.493646	0.06244945
9.496979	0.06250108
9.500313	0.06250108
9.503646	0.06250108
9.506979	0.06247527
9.510312	0.06244945
9.513646	0.06242363
9.516979	0.062372
9.520312	0.06234619
9.523645	0.06226874
9.526979	0.06219129
9.530313	0.06208802
9.533646	0.06198476
9.536979	0.06182986
9.540313	0.06162333
9.543646	0.0614168
9.546979	0.06118446
9.550312	0.06095211
9.553646	0.06071976
9.556979	0.06053905
9.560312	0.06035834
9.563645	0.06025507
9.566979	0.06015181
9.570313	0.06012599
9.573646	0.06012599
9.57698	0.06017762
9.580313	0.06022926
9.583646	0.0603067
9.586979	0.06038415
9.590313	0.06048742
9.593646	0.06059068
9.596979	0.06066813
9.600312	0.0607714
9.603646	0.06084885
9.606979	0.06092629
9.610312	0.06100374
9.613646	0.06102956
9.61698	0.06105537
9.620313	0.06108119
9.623646	0.06105537
9.626979	0.06102956
9.630313	0.06100374
9.633646	0.06097793
9.636979	0.06095211
9.640312	0.06097793
9.643646	0.06102956
9.646979	0.06110701
9.650312	0.06123609
9.653646	0.06133935
9.65698	0.06146843
9.660313	0.06159752
9.663646	0.06170078
9.666979	0.06175241
9.670313	0.06175241
9.673646	0.0617266
9.676979	0.06164915
9.680312	0.0615717
9.683646	0.06144262
9.686979	0.06133935
9.690312	0.06121027
9.693645	0.06113282
9.69698	0.06108119
9.700313	0.06105537
9.703646	0.06105537
9.706979	0.06110701
9.710313	0.06118446
9.713646	0.06128772
9.716979	0.0614168
9.720312	0.06154588
9.723646	0.06167496
9.726979	0.06180404
9.730312	0.06188149
9.733645	0.06193313
9.736979	0.06193313
9.740313	0.06188149
9.743646	0.06180404
9.746979	0.06164915
9.750313	0.06149425
9.753646	0.06131354
9.756979	0.06113282
9.760312	0.06097793
9.763646	0.06084885
9.766979	0.06074558
9.770312	0.06069395
9.773645	0.06071976
9.776979	0.0607714
9.780313	0.06087466
9.783646	0.06102956
9.786979	0.06118446
9.790313	0.06136517
9.793646	0.06152007
9.796979	0.06164915
9.800312	0.06175241
9.803646	0.06177823
9.806979	0.06177823
9.810312	0.06170078
9.813645	0.06159752
9.816979	0.06144262
9.820313	0.0612619
9.823646	0.06108119
9.82698	0.06092629
9.830313	0.06082303
9.833646	0.06071976
9.836979	0.06066813
9.840313	0.06064232
9.843646	0.0606165
9.846979	0.0606165
9.850312	0.06064232
9.853646	0.06064232
9.856979	0.06066813
9.860312	0.06069395
9.863646	0.06069395
9.86698	0.06071976
9.870313	0.0607714
9.873646	0.06079721
9.876979	0.06082303
9.880313	0.06082303
9.883646	0.06082303
9.886979	0.06079721
9.890312	0.0607714
9.893646	0.06074558
9.896979	0.06074558
9.900312	0.0607714
9.903646	0.06082303
9.90698	0.06092629
9.910313	0.06102956
9.913646	0.06115864
9.916979	0.06128772
9.920313	0.06139099
9.923646	0.06146843
9.926979	0.06149425
9.930312	0.06149425
9.933646	0.06146843
9.936979	0.0614168
9.940312	0.06136517
9.943645	0.06131354
9.94698	0.06128772
9.950313	0.06128772
9.953646	0.06128772
9.956979	0.06131354
9.960313	0.06133935
9.963646	0.06136517
9.966979	0.06136517
9.970312	0.06136517
9.973646	0.06131354
9.976979	0.0612619
9.980312	0.06118446
9.983645	0.06108119
9.986979	0.06095211
9.990313	0.06084885
9.993646	0.06074558
9.996979	0.06066813
}
[PEAK]
{
Peak ID	1
Peak Ref	1
Time	3.92758
Peak	3.156979	4.080313
Intensity	-1.126528e-05	2.670288e-05
Height	0.003615773
AreaAbs	969.0494
Area %BP	0.03923201
Area %Total	0.03465322
Width	0.9233336
}
[PEAK]
{
Peak ID	2
Peak Ref	2
Time	4.273443
Peak	4.080313	4.610312
Intensity	-1.126528e-05	2.670288e-05
Height	0.02304139
AreaAbs	4470.48
Area %BP	0.1809876
Area %Total	0.1598644
Width	0.5299997
}
[PEAK]
{
Peak ID	3
Peak Ref	3
Time	4.953497
Peak	4.610312	6.410313
Intensity	-1.126528e-05	2.670288e-05
Height	0.2307132
AreaAbs	41167.46
Area %BP	1.666667
Area %Total	1.472149
Width	1.8
}
}
}
}
