[SAMPLE]
{
Sample	1
Well	4
FileName	
SampleID	ASD-C-2603015-001
SampleDescription	Aquired with Galaxy
Date	23-Mar-2026
Time	19:03:51 PRC
JobCode	
TaskCode	
UserName	Congcong_Liu2
LabName	Aquired with Galaxy
Instrument	BAD_L_15_101
Conditions	
Submitter	Jinxue_Shen
SampleType	
Plate	
Method	
Process	Galaxy
MSTune	
MSMethod	
InletMethod	
PreRunMethod	
PostRunMethod	
SwitchMethod	
FractionMethod	
AcquisitionProcess	
AcquisitionProcessParameters	
AcquisitionProcessOptions	
InjectionVolume	25
ReportScheme	
SampleReportEnable	0
SampleReportFormat	
AnalysisTime	0
[COMPOUND]
{
;Mono Mass	Formula
}
[FUNCTION]
{
Function	1
IonMode	ES+
Type	MS
Description	(0:0)
[SPECTRUM]
{
ProcDesc	0.00:Combine
State	OK
Peak ID	0
Peak Ref	0
Time	0
TIC	0
BPI	0
BPM	0
Continuum	FALSE
Saved	FALSE
[MASSES]
{
;Mass	Exp. Mass	Obs. Mass	% BPI	Int. Abs
}
[RESULTS]
{
;Mass	Found	% BPI	% Purity
}
[MS]
{
;Mass	% BPI
0	0
}
}
[CHROMATOGRAM]
{
TraceNumber	1
Description	scroll down chrom view to see 2D LC chrom
ProcDesc	
MaxIntensity	0
[TRACE]
{
0	0
}
[PEAK]
{
Peak ID	0
Peak Ref	0
Time	0
Peak	0
Intensity	0	0
Height	0
AreaAbs	0
Area %BP	0
Area %Total	0
}
}
}
[FUNCTION]
{
Function	0
Description	ANALOG
[CHROMATOGRAM]
{
TraceNumber	2
Description	LC
ProcDesc	Result Id:3288, VWD: Signal A, 280 nm
MaxIntensity	0.2862153
[TRACE]
{
;Time	Int. %Max
0.0015625	0.2130825
0.004895833	0.2131242
0.008229166	0.2131658
0.0115625	0.2132283
0.01489583	0.2133116
0.01822917	0.2133949
0.0215625	0.213499
0.02489583	0.213624
0.02822917	0.2137697
0.0315625	0.2139363
0.03489583	0.2141446
0.03822917	0.2143737
0.0415625	0.2146236
0.04489583	0.2148735
0.04822917	0.2151026
0.0515625	0.2153108
0.05489583	0.2154566
0.05822917	0.2155399
0.0615625	0.2155399
0.06489583	0.2154566
0.06822917	0.2153108
0.0715625	0.2151234
0.07489584	0.214936
0.07822917	0.2147694
0.0815625	0.2146444
0.08489583	0.2145819
0.08822916	0.2146236
0.0915625	0.2147485
0.09489583	0.2149568
0.09822917	0.2152483
0.1015625	0.2156024
0.1048958	0.2159772
0.1082292	0.2163937
0.1115625	0.2167686
0.1148958	0.2171642
0.1182292	0.2175183
0.1215625	0.2178515
0.1248958	0.218143
0.1282292	0.2184346
0.1315625	0.2186845
0.1348958	0.2189344
0.1382292	0.2191426
0.1415625	0.2193092
0.1448958	0.2194342
0.1482292	0.2195175
0.1515625	0.2195591
0.1548958	0.2195383
0.1582292	0.2194758
0.1615625	0.2193925
0.1648958	0.2192676
0.1682292	0.2191218
0.1715625	0.2189552
0.1748958	0.2187678
0.1782292	0.2185803
0.1815625	0.2183721
0.1848958	0.2181638
0.1882292	0.2179556
0.1915625	0.2177473
0.1948958	0.2175391
0.1982292	0.2173308
0.2015625	0.2171226
0.2048958	0.2169143
0.2082292	0.2167061
0.2115625	0.2164562
0.2148958	0.2162063
0.2182292	0.2159356
0.2215625	0.215644
0.2248958	0.2153316
0.2282292	0.2149984
0.2315625	0.2146652
0.2348958	0.2143528
0.2382292	0.2140405
0.2415625	0.2137489
0.2448958	0.2134782
0.2482292	0.2131658
0.2515625	0.2128743
0.2548958	0.2125411
0.2582292	0.2121662
0.2615625	0.2117497
0.2648958	0.2113124
0.2682292	0.2108126
0.2715625	0.2102711
0.2748958	0.2097089
0.2782292	0.2091257
0.2815625	0.2085218
0.2848958	0.2079179
0.2882292	0.2073348
0.2915625	0.2067309
0.2948958	0.2061686
0.2982292	0.2056271
0.3015625	0.2051065
0.3048958	0.2046275
0.3082292	0.2041902
0.3115625	0.2037737
0.3148958	0.2033988
0.3182292	0.203024
0.3215625	0.20267
0.3248958	0.2022951
0.3282292	0.2018994
0.3315625	0.2015038
0.3348958	0.2010456
0.3382292	0.2005666
0.3415625	0.200046
0.3448958	0.1995045
0.3482292	0.1989423
0.3515625	0.19838
0.3548958	0.1977969
0.3582292	0.1972138
0.3615625	0.1966515
0.3648958	0.1961101
0.3682292	0.1955894
0.3715625	0.1950688
0.3748958	0.1945898
0.3782292	0.1941108
0.3815625	0.1936527
0.3848958	0.1931945
0.3882292	0.1927572
0.3915625	0.1923199
0.3948958	0.1919034
0.3982292	0.1915077
0.4015625	0.1911329
0.4048958	0.1907788
0.4082292	0.1904248
0.4115625	0.1900916
0.4148958	0.1897792
0.4182292	0.189446
0.4215625	0.1891128
0.4248958	0.1887588
0.4282292	0.1883839
0.4315625	0.1880091
0.4348958	0.1876342
0.4382292	0.1872802
0.4415625	0.1869054
0.4448958	0.1865722
0.4482292	0.1862806
0.4515625	0.1859891
0.4548958	0.1857183
0.4582292	0.1854476
0.4615625	0.1851769
0.4648958	0.1848853
0.4682292	0.1845729
0.4715625	0.1842397
0.4748958	0.1839065
0.4782292	0.1835525
0.4815625	0.1831985
0.4848958	0.1828653
0.4882292	0.1825737
0.4915625	0.182303
0.4948958	0.1820739
0.4982292	0.1818449
0.5015625	0.1816574
0.5048958	0.18147
0.5082292	0.1812826
0.5115625	0.1810951
0.5148959	0.1808869
0.5182292	0.1806786
0.5215625	0.1804496
0.5248958	0.1802205
0.5282292	0.1799914
0.5315625	0.1797415
0.5348958	0.1794708
0.5382292	0.1792209
0.5415625	0.1789293
0.5448958	0.1786378
0.5482292	0.1783462
0.5515625	0.1780339
0.5548958	0.1777007
0.5582291	0.1773675
0.5615625	0.1770134
0.5648958	0.1766802
0.5682291	0.1763262
0.5715625	0.175993
0.5748959	0.1756806
0.5782292	0.1753682
0.5815625	0.1750975
0.5848958	0.1748476
0.5882292	0.1746602
0.5915625	0.1744728
0.5948958	0.1743478
0.5982292	0.174202
0.6015625	0.1740771
0.6048958	0.1739105
0.6082292	0.1737231
0.6115625	0.1734732
0.6148958	0.1731816
0.6182292	0.1728276
0.6215625	0.1724111
0.6248958	0.1719529
0.6282291	0.1714948
0.6315625	0.1710366
0.6348959	0.1705785
0.6382292	0.170162
0.6415625	0.1697871
0.6448959	0.1694539
0.6482292	0.1691415
0.6515625	0.1688708
0.6548958	0.1686417
0.6582292	0.1684335
0.6615625	0.1682252
0.6648958	0.1680378
0.6682292	0.1678504
0.6715625	0.167663
0.6748958	0.1674755
0.6782292	0.1672881
0.6815625	0.167059
0.6848958	0.16683
0.6882291	0.1665384
0.6915625	0.166226
0.6948958	0.1658512
0.6982292	0.1654555
0.7015625	0.165039
0.7048959	0.1646225
0.7082292	0.164206
0.7115625	0.1637687
0.7148958	0.163373
0.7182292	0.1629773
0.7215625	0.1626025
0.7248958	0.1622484
0.7282292	0.1619152
0.7315625	0.1616028
0.7348958	0.1612905
0.7382292	0.1609989
0.7415625	0.1607282
0.7448958	0.1604783
0.7482291	0.1602284
0.7515625	0.1599993
0.7548958	0.1597494
0.7582292	0.1595203
0.7615625	0.1592704
0.7648959	0.1589997
0.7682292	0.158729
0.7715625	0.1584583
0.7748958	0.1581459
0.7782292	0.1578543
0.7815625	0.1575628
0.7848958	0.1572712
0.7882292	0.1569797
0.7915625	0.1566881
0.7948958	0.1564174
0.7982292	0.1561467
0.8015625	0.1558759
0.8048958	0.155626
0.8082291	0.1553553
0.8115625	0.1551054
0.8148958	0.1548555
0.8182291	0.1546056
0.8215625	0.1543557
0.8248959	0.1541266
0.8282292	0.1538976
0.8315625	0.1537101
0.8348958	0.1535435
0.8382292	0.1534186
0.8415625	0.1532936
0.8448958	0.1531895
0.8482292	0.1531062
0.8515625	0.1530229
0.8548958	0.1529396
0.8582292	0.1528355
0.8615625	0.1527105
0.8648958	0.1525648
0.8682292	0.152419
0.8715625	0.1522524
0.8748958	0.1520649
0.8782291	0.1518775
0.8815625	0.1516901
0.8848959	0.1514818
0.8882292	0.1512736
0.8915625	0.1510653
0.8948959	0.1508363
0.8982292	0.1505864
0.9015625	0.1503573
0.9048958	0.1501282
0.9082292	0.1499408
0.9115625	0.1497742
0.9148958	0.1496492
0.9182292	0.1495659
0.9215625	0.1495659
0.9248958	0.1495868
0.9282292	0.1496492
0.9315625	0.1497117
0.9348958	0.149795
0.9382291	0.1498575
0.9415625	0.1498783
0.9448958	0.1498783
0.9482292	0.1498367
0.9515625	0.1497534
0.9548959	0.1496492
0.9582292	0.1495035
0.9615625	0.1493577
0.9648958	0.1492119
0.9682292	0.149087
0.9715625	0.1489828
0.9748958	0.1488995
0.9782292	0.1488371
0.9815625	0.1488162
0.9848958	0.1488162
0.9882292	0.1488371
0.9915625	0.1488787
0.9948958	0.1488995
0.9982291	0.1489412
1.001562	0.148962
1.004896	0.148962
1.008229	0.148962
1.011562	0.1489412
1.014896	0.1489204
1.018229	0.1488787
1.021562	0.1488371
1.024896	0.1487954
1.028229	0.1487746
1.031562	0.1487538
1.034896	0.1487329
1.038229	0.1487121
1.041563	0.1486705
1.044896	0.1486288
1.048229	0.1485663
1.051563	0.1484622
1.054896	0.1483164
1.058229	0.1481082
1.061563	0.1478583
1.064896	0.1475459
1.068229	0.1471711
1.071563	0.1467337
1.074896	0.1462756
1.078229	0.1457966
1.081563	0.1452968
1.084896	0.144797
1.088229	0.1442972
1.091563	0.1437974
1.094896	0.1432976
1.098229	0.1428186
1.101563	0.1423396
1.104896	0.1418398
1.108229	0.1412984
1.111562	0.1407569
1.114896	0.1401946
1.118229	0.1395907
1.121562	0.138966
1.124896	0.1383204
1.128229	0.1376748
1.131562	0.1370292
1.134896	0.1363836
1.138229	0.1357797
1.141562	0.1351966
1.144896	0.1346135
1.148229	0.1340721
1.151562	0.1335306
1.154896	0.13301
1.158229	0.1324477
1.161562	0.1318854
1.164896	0.1312815
1.168229	0.1306567
1.171563	0.1299903
1.174896	0.1293239
1.178229	0.1286575
1.181563	0.1279911
1.184896	0.1273664
1.188229	0.1267624
1.191563	0.1262002
1.194896	0.1257004
1.198229	0.1252214
1.201563	0.1247632
1.204896	0.1243467
1.208229	0.1239094
1.211563	0.1234929
1.214896	0.1230556
1.218229	0.1226182
1.221563	0.1222017
1.224896	0.1217644
1.228229	0.1213479
1.231562	0.1209314
1.234896	0.1205566
1.238229	0.1201817
1.241562	0.1198485
1.244896	0.119557
1.248229	0.1192654
1.251562	0.1190155
1.254896	0.1187656
1.258229	0.1185157
1.261562	0.1182658
1.264896	0.1180159
1.268229	0.1177452
1.271562	0.1174536
1.274896	0.1171412
1.278229	0.116808
1.281562	0.116454
1.284896	0.1161
1.288229	0.115746
1.291563	0.1154128
1.294896	0.1150587
1.298229	0.1147464
1.301563	0.114434
1.304896	0.1141216
1.308229	0.11383
1.311563	0.1135385
1.314896	0.1132469
1.318229	0.1129554
1.321563	0.1126638
1.324896	0.1123931
1.328229	0.1121016
1.331563	0.1117892
1.334896	0.1114768
1.338229	0.1111436
1.341563	0.1107896
1.344896	0.1104147
1.348229	0.1099982
1.351563	0.1095609
1.354896	0.1091027
1.358229	0.1086238
1.361562	0.1081448
1.364896	0.107645
1.368229	0.1071452
1.371562	0.1066454
1.374896	0.1061664
1.378229	0.1056666
1.381562	0.1052085
1.384896	0.1047295
1.388229	0.1042921
1.391562	0.1038548
1.394896	0.1034383
1.398229	0.1030218
1.401562	0.1026261
1.404896	0.1022721
1.408229	0.1019389
1.411562	0.1016265
1.414896	0.1013558
1.418229	0.1011059
1.421563	0.1008768
1.424896	0.1006894
1.428229	0.100502
1.431563	0.1003146
1.434896	0.100148
1.438229	0.09996053
1.441563	0.09975227
1.444896	0.09954402
1.448229	0.0993566
1.451563	0.09914835
1.454896	0.09896092
1.458229	0.09877349
1.461563	0.09862772
1.464896	0.09848194
1.468229	0.09837782
1.471563	0.09831534
1.474896	0.09825287
1.478229	0.09823204
1.481562	0.09821122
1.484896	0.09823204
1.488229	0.09825287
1.491562	0.09829452
1.494896	0.09835699
1.498229	0.09846112
1.501562	0.09858607
1.504896	0.09877349
1.508229	0.09900257
1.511562	0.0992733
1.514896	0.09958567
1.518229	0.09996053
1.521562	0.1003562
1.524896	0.1007727
1.528229	0.10121
1.531562	0.1016265
1.534896	0.1020639
1.538229	0.1024804
1.541563	0.102876
1.544896	0.1032509
1.548229	0.1036049
1.551563	0.1039381
1.554896	0.1042297
1.558229	0.104542
1.561563	0.1048336
1.564896	0.105146
1.568229	0.1054792
1.571563	0.1058332
1.574896	0.1061872
1.578229	0.1066037
1.581563	0.1070202
1.584896	0.1074576
1.588229	0.1079157
1.591563	0.1083947
1.594896	0.1088737
1.598229	0.1093735
1.601563	0.1098733
1.604896	0.1103731
1.608229	0.1108937
1.611562	0.1114143
1.614896	0.1119558
1.618229	0.1125181
1.621562	0.1130803
1.624896	0.1136218
1.628229	0.1141632
1.631562	0.1146839
1.634896	0.1151837
1.638229	0.1156418
1.641562	0.1160583
1.644896	0.1164332
1.648229	0.1167664
1.651562	0.1170579
1.654896	0.1173287
1.658229	0.1175786
1.661562	0.1177868
1.664896	0.1179951
1.668229	0.1182033
1.671563	0.1183907
1.674896	0.1185573
1.678229	0.1187239
1.681563	0.1188905
1.684896	0.1190363
1.688229	0.1191404
1.691563	0.1192446
1.694896	0.1193071
1.698229	0.1193487
1.701563	0.1193487
1.704896	0.1193071
1.708229	0.1192446
1.711563	0.1191196
1.714896	0.1189738
1.718229	0.1188072
1.721563	0.118599
1.724896	0.1183699
1.728229	0.11812
1.731562	0.1178493
1.734896	0.1175369
1.738229	0.1172245
1.741562	0.1168913
1.744896	0.1165165
1.748229	0.1161416
1.751562	0.115746
1.754896	0.1153295
1.758229	0.1148921
1.761562	0.1144132
1.764896	0.1138925
1.768229	0.1133511
1.771562	0.112768
1.774896	0.1121432
1.778229	0.1114976
1.781562	0.1108312
1.784896	0.1101232
1.788229	0.1094151
1.791563	0.1087071
1.794896	0.107999
1.798229	0.1072701
1.801563	0.1065621
1.804896	0.1058332
1.808229	0.1051252
1.811563	0.1044171
1.814896	0.1037299
1.818229	0.1030426
1.821563	0.1023762
1.824896	0.1017307
1.828229	0.1011059
1.831563	0.100502
1.834896	0.09991888
1.838229	0.0993566
1.841563	0.09879432
1.844896	0.09823204
1.848229	0.09766976
1.851563	0.09712831
1.854896	0.09656603
1.858229	0.09602458
1.861562	0.09548313
1.864896	0.09494167
1.868229	0.09440022
1.871562	0.09385877
1.874896	0.09331732
1.878229	0.09273421
1.881562	0.09217194
1.884896	0.09156801
1.888229	0.09096408
1.891562	0.09033933
1.894896	0.08971457
1.898229	0.08908982
1.901562	0.08850672
1.904896	0.08792361
1.908229	0.08738216
1.911562	0.08686153
1.914896	0.08634091
1.918229	0.08586193
1.921563	0.08540378
1.924896	0.08494562
1.928229	0.0845083
1.931563	0.08405014
1.934896	0.08361282
1.938229	0.08317549
1.941563	0.08273816
1.944896	0.08232166
1.948229	0.08194681
1.951563	0.08159278
1.954896	0.08125958
1.958229	0.08096803
1.961563	0.08071813
1.964896	0.08048905
1.968229	0.0802808
1.971563	0.08007255
1.974896	0.07988512
1.978229	0.07967687
1.981562	0.07946862
1.984896	0.07923954
1.988229	0.07903129
1.991562	0.07880222
1.994896	0.07857314
1.998229	0.07836489
2.001563	0.07817746
2.004896	0.07799004
2.008229	0.07784426
2.011563	0.07769849
2.014896	0.07757354
2.018229	0.07746941
2.021563	0.07734446
2.024896	0.07719868
2.028229	0.07703208
2.031563	0.07684466
2.034896	0.07663641
2.038229	0.07640733
2.041563	0.07617825
2.044896	0.07597
2.048229	0.07576175
2.051563	0.07557432
2.054896	0.07540772
2.058229	0.07526195
2.061563	0.07511617
2.064896	0.07499122
2.068229	0.07482462
2.071563	0.07465802
2.074896	0.07442894
2.078229	0.07419987
2.081563	0.07392914
2.084896	0.07365842
2.088229	0.07340851
2.091563	0.07315861
2.094896	0.07295036
2.098229	0.07278376
2.101563	0.07265881
2.104896	0.07257551
2.108229	0.07249221
2.111562	0.07240891
2.114896	0.07230478
2.118229	0.07217983
2.121562	0.07201323
2.124896	0.07180498
2.128229	0.0715759
2.131562	0.07134683
2.134896	0.07111775
2.138229	0.0709095
2.141562	0.07072207
2.144896	0.0705763
2.148229	0.07045135
2.151562	0.07034722
2.154896	0.07028475
2.158229	0.07022227
2.161562	0.0701598
2.164896	0.07011815
2.168229	0.0700765
2.171562	0.07003485
2.174896	0.0699932
2.178229	0.06997237
2.181562	0.06993072
2.184896	0.06988907
2.188229	0.06984742
2.191562	0.06980577
2.194896	0.06974329
2.198229	0.06968082
2.201562	0.06959752
2.204896	0.06953504
2.208229	0.06945174
2.211562	0.06936844
2.214896	0.06928514
2.218229	0.06918102
2.221562	0.06905607
2.224896	0.06891029
2.228229	0.06874369
2.231563	0.06855626
2.234896	0.06834801
2.238229	0.06811894
2.241563	0.06791069
2.244896	0.06770243
2.248229	0.06751501
2.251563	0.06734841
2.254896	0.06724428
2.258229	0.06718181
2.261563	0.06714016
2.264896	0.06714016
2.268229	0.06716098
2.271563	0.06720263
2.274896	0.06720263
2.278229	0.06722346
2.281563	0.06720263
2.284896	0.06716098
2.288229	0.06709851
2.291563	0.06703603
2.294896	0.06695273
2.298229	0.0668486
2.301563	0.06678613
2.304896	0.06670283
2.308229	0.06666118
2.311563	0.06661953
2.314896	0.0665987
2.318229	0.06657788
2.321563	0.06657788
2.324896	0.06657788
2.328229	0.0665987
2.331563	0.0665987
2.334896	0.06661953
2.338229	0.06661953
2.341563	0.06661953
2.344896	0.0665987
2.348229	0.06655705
2.351563	0.06649458
2.354896	0.06639045
2.358229	0.06628633
2.361562	0.06616138
2.364896	0.0660156
2.368229	0.06589065
2.371562	0.06578652
2.374896	0.0656824
2.378229	0.06557827
2.381562	0.0655158
2.384896	0.06545332
2.388229	0.06537002
2.391562	0.06528672
2.394896	0.0651826
2.398229	0.06507847
2.401562	0.0649327
2.404896	0.06480774
2.408229	0.06466197
2.411562	0.06451619
2.414896	0.06437042
2.418229	0.06424547
2.421562	0.06414135
2.424896	0.06403723
2.428229	0.0639331
2.431562	0.06382897
2.434896	0.06372485
2.438229	0.06364155
2.441562	0.06353742
2.444896	0.06345412
2.448229	0.06337082
2.451562	0.06330835
2.454896	0.06324587
2.458229	0.06320422
2.461562	0.0631834
2.464896	0.0631834
2.468229	0.0631834
2.471562	0.0631834
2.474896	0.0631834
2.478229	0.06316257
2.481563	0.06314175
2.484896	0.06307927
2.488229	0.06299597
2.491563	0.06289184
2.494896	0.06276689
2.498229	0.06264194
2.501563	0.06249617
2.504896	0.06237122
2.508229	0.06224627
2.511563	0.06216297
2.514896	0.06210049
2.518229	0.06203802
2.521563	0.06201719
2.524896	0.06199637
2.528229	0.06197554
2.531563	0.06195471
2.534896	0.06191306
2.538229	0.06189224
2.541563	0.06185059
2.544896	0.06182976
2.548229	0.06180894
2.551563	0.06178811
2.554896	0.06178811
2.558229	0.06178811
2.561563	0.06178811
2.564896	0.06178811
2.568229	0.06178811
2.571563	0.06174646
2.574896	0.06168399
2.578229	0.06160069
2.581563	0.06147574
2.584896	0.06132996
2.588229	0.06120501
2.591563	0.06105924
2.594896	0.06093428
2.598229	0.06083016
2.601563	0.06074686
2.604896	0.06068438
2.608229	0.06066356
2.611562	0.06064273
2.614896	0.06062191
2.618229	0.06060108
2.621562	0.06055943
2.624896	0.06051778
2.628229	0.06047613
2.631562	0.06041366
2.634896	0.06030953
2.638229	0.06020541
2.641562	0.06008046
2.644896	0.0599555
2.648229	0.05980973
2.651562	0.05966395
2.654896	0.05951818
2.658229	0.05941405
2.661562	0.05930993
2.664896	0.05924745
2.668229	0.0592058
2.671562	0.0592058
2.674896	0.05922663
2.678229	0.05926828
2.681562	0.05930993
2.684896	0.0593724
2.688229	0.05943488
2.691562	0.05947653
2.694896	0.059539
2.698229	0.05960148
2.701562	0.05964313
2.704896	0.05968478
2.708229	0.0597056
2.711562	0.0597056
2.714896	0.05968478
2.718229	0.05964313
2.721562	0.05955983
2.724896	0.05947653
2.728229	0.0593724
2.731563	0.0592891
2.734896	0.05918498
2.738229	0.05910168
2.741563	0.0590392
2.744896	0.05899755
2.748229	0.0589559
2.751563	0.05891425
2.754896	0.0588726
2.758229	0.05885177
2.761563	0.05881012
2.764896	0.05874765
2.768229	0.058706
2.771563	0.05866435
2.774896	0.0586227
2.778229	0.0586227
2.781563	0.05860187
2.784896	0.0586227
2.788229	0.05864352
2.791563	0.05866435
2.794896	0.05868517
2.798229	0.05872682
2.801563	0.0587893
2.804896	0.05883095
2.808229	0.0588726
2.811563	0.05891425
2.814896	0.0589559
2.818229	0.05899755
2.821563	0.0590392
2.824896	0.05906002
2.828229	0.05906002
2.831563	0.05906002
2.834896	0.0590392
2.838229	0.0590392
2.841563	0.05906002
2.844896	0.05910168
2.848229	0.0592058
2.851563	0.05935158
2.854896	0.059539
2.858229	0.05976808
2.861562	0.06003881
2.864896	0.06033036
2.868229	0.06064273
2.871562	0.06093428
2.874896	0.06120501
2.878229	0.06147574
2.881562	0.06174646
2.884896	0.06199637
2.888229	0.06222544
2.891562	0.06245452
2.894896	0.06268359
2.898229	0.06293349
2.901562	0.0631834
2.904896	0.0634333
2.908229	0.06370402
2.911562	0.06399558
2.914896	0.06428712
2.918229	0.06457867
2.921562	0.06491187
2.924896	0.0652659
2.928229	0.06564075
2.931562	0.06603643
2.934896	0.0664321
2.938229	0.06682778
2.941562	0.06722346
2.944896	0.06761913
2.948229	0.06801481
2.951562	0.06841049
2.954896	0.06882699
2.958229	0.06922267
2.961562	0.06963917
2.964896	0.07003485
2.968229	0.0704097
2.971562	0.07078455
2.974896	0.07111775
2.978229	0.07138848
2.981563	0.07163838
2.984896	0.07184663
2.988229	0.07203406
2.991563	0.07217983
2.994896	0.07234643
2.998229	0.07251303
3.001563	0.07270046
3.004896	0.07290871
3.008229	0.07313779
3.011563	0.07336686
3.014896	0.07361676
3.018229	0.07386667
3.021563	0.07407492
3.024896	0.07426234
3.028229	0.07438729
3.031563	0.07449142
3.034896	0.07451224
3.038229	0.07451224
3.041563	0.07447059
3.044896	0.07438729
3.048229	0.07430399
3.051563	0.07419987
3.054896	0.07411657
3.058229	0.07405409
3.061563	0.07397079
3.064896	0.07392914
3.068229	0.07386667
3.071563	0.07382502
3.074896	0.07376254
3.078229	0.07370007
3.081563	0.07359594
3.084896	0.07349181
3.088229	0.07334604
3.091563	0.07317944
3.094896	0.07297119
3.098229	0.07274211
3.101563	0.07247138
3.104896	0.07217983
3.108229	0.07184663
3.111562	0.07147178
3.114896	0.0710761
3.118229	0.07068042
3.121562	0.07028475
3.124896	0.06988907
3.128229	0.06949339
3.131562	0.06911854
3.134896	0.06876451
3.138229	0.06843131
3.141562	0.06811894
3.144896	0.06780656
3.148229	0.06747336
3.151562	0.06711933
3.154896	0.0667653
3.158229	0.06636963
3.161562	0.06599478
3.164896	0.0655991
3.168229	0.06520342
3.171562	0.06484939
3.174896	0.06449537
3.178229	0.06418299
3.181562	0.06391227
3.184896	0.06364155
3.188229	0.06337082
3.191562	0.06312092
3.194896	0.06285019
3.198229	0.06255864
3.201562	0.06224627
3.204896	0.06191306
3.208229	0.06157986
3.211562	0.06120501
3.214896	0.06083016
3.218229	0.06045531
3.221562	0.06005963
3.224896	0.05964313
3.228229	0.0592058
3.231563	0.0587893
3.234896	0.0583728
3.238229	0.05795629
3.241563	0.05758144
3.244896	0.05722742
3.248229	0.05691504
3.251563	0.05662349
3.254896	0.05637359
3.258229	0.05616534
3.261563	0.05593626
3.264896	0.05572801
3.268229	0.05551976
3.271563	0.05531151
3.274896	0.05510325
3.278229	0.05487418
3.281563	0.0546451
3.284896	0.05443685
3.288229	0.0542286
3.291563	0.05402035
3.294896	0.05383292
3.298229	0.0536455
3.301563	0.05343725
3.304896	0.05322899
3.308229	0.05302074
3.311563	0.05283332
3.314896	0.05262507
3.318229	0.05241682
3.321563	0.05222939
3.324896	0.05204196
3.328229	0.05189619
3.331563	0.05175041
3.334896	0.05162546
3.338229	0.05152134
3.341563	0.05143804
3.344896	0.05137556
3.348229	0.05131308
3.351563	0.05127143
3.354896	0.05122978
3.358229	0.05116731
3.361562	0.05108401
3.364896	0.05097988
3.368229	0.05083411
3.371562	0.05068833
3.374896	0.05050091
3.378229	0.05029265
3.381562	0.05010523
3.384896	0.0499178
3.388229	0.0497512
3.391562	0.04962625
3.394896	0.04952213
3.398229	0.04948048
3.401562	0.04945965
3.404896	0.04948048
3.408229	0.04952213
3.411562	0.0495846
3.414896	0.0496679
3.418229	0.0497512
3.421562	0.04979285
3.424896	0.04981368
3.428229	0.04979285
3.431562	0.04970955
3.434896	0.0495846
3.438229	0.04937635
3.441562	0.04914727
3.444896	0.04887655
3.448229	0.048585
3.451562	0.04831427
3.454896	0.04804354
3.458229	0.04779364
3.461562	0.04758539
3.464896	0.04739796
3.468229	0.04725219
3.471562	0.04712724
3.474896	0.04704394
3.478229	0.04698146
3.481563	0.04693981
3.484896	0.04691899
3.488229	0.04693981
3.491563	0.04698146
3.494896	0.04704394
3.498229	0.04712724
3.501563	0.04723136
3.504896	0.04735631
3.508229	0.04750209
3.511563	0.04762704
3.514896	0.04775199
3.518229	0.04783529
3.521563	0.04789777
3.524896	0.04793942
3.528229	0.04791859
3.531563	0.04785612
3.534896	0.04775199
3.538229	0.04762704
3.541563	0.04750209
3.544896	0.04735631
3.548229	0.04725219
3.551563	0.04716889
3.554896	0.04710641
3.558229	0.04708559
3.561563	0.04710641
3.564896	0.04712724
3.568229	0.04716889
3.571563	0.04721054
3.574896	0.04723136
3.578229	0.04723136
3.581563	0.04718971
3.584896	0.04710641
3.588229	0.04700229
3.591563	0.04683569
3.594896	0.04664826
3.598229	0.04644001
3.601563	0.04621093
3.604896	0.04600268
3.608229	0.04581526
3.611562	0.04566948
3.614896	0.04556536
3.618229	0.04550288
3.621562	0.04548205
3.624896	0.04550288
3.628229	0.04558618
3.631562	0.04566948
3.634896	0.04577361
3.638229	0.04587773
3.641562	0.04598186
3.644896	0.04604433
3.648229	0.04608598
3.651562	0.04608598
3.654896	0.04604433
3.658229	0.04594021
3.661562	0.04581526
3.664896	0.04564866
3.668229	0.0454404
3.671562	0.04523215
3.674896	0.0450239
3.678229	0.04481565
3.681562	0.04462823
3.684896	0.04448245
3.688229	0.04439915
3.691562	0.04433667
3.694896	0.04431585
3.698229	0.04433667
3.701562	0.0443575
3.704896	0.04439915
3.708229	0.04441997
3.711562	0.0444408
3.714896	0.04441997
3.718229	0.0443575
3.721562	0.04429502
3.724896	0.04421172
3.728229	0.0441076
3.731563	0.04400347
3.734896	0.04392017
3.738229	0.04381605
3.741563	0.04373275
3.744896	0.04362862
3.748229	0.04352449
3.751563	0.04342037
3.754896	0.04331624
3.758229	0.04321212
3.761563	0.04310799
3.764896	0.04302469
3.768229	0.04294139
3.771563	0.04292057
3.774896	0.04289974
3.778229	0.04289974
3.781563	0.04294139
3.784896	0.04296222
3.788229	0.04300387
3.791563	0.04300387
3.794896	0.04300387
3.798229	0.04296222
3.801563	0.04289974
3.804896	0.04279562
3.808229	0.04267067
3.811563	0.04252489
3.814896	0.04235829
3.818229	0.04219169
3.821563	0.04202509
3.824896	0.04190014
3.828229	0.04179601
3.831563	0.04175436
3.834896	0.04173354
3.838229	0.04175436
3.841563	0.04179601
3.844896	0.04187931
3.848229	0.04194179
3.851563	0.04198344
3.854896	0.04202509
3.858229	0.04202509
3.861562	0.04198344
3.864896	0.04190014
3.868229	0.04181684
3.871562	0.04173354
3.874896	0.04162941
3.878229	0.04154611
3.881562	0.04148363
3.884896	0.04144198
3.888229	0.04142116
3.891562	0.04142116
3.894896	0.04146281
3.898229	0.04150446
3.901562	0.04156693
3.904896	0.04162941
3.908229	0.04171271
3.911562	0.04179601
3.914896	0.04190014
3.918229	0.04198344
3.921562	0.04206674
3.924896	0.04215004
3.928229	0.04223334
3.931562	0.04231664
3.934896	0.04239994
3.938229	0.04246241
3.941562	0.04254571
3.944896	0.04262902
3.948229	0.04271232
3.951562	0.04281644
3.954896	0.04289974
3.958229	0.04300387
3.961562	0.04308717
3.964896	0.04317047
3.968229	0.04325377
3.971562	0.04331624
3.974896	0.04335789
3.978229	0.04337872
3.981563	0.04339954
3.984896	0.04342037
3.988229	0.04344119
3.991563	0.04346202
3.994896	0.04350367
3.998229	0.04356615
4.001563	0.04367027
4.004896	0.0437744
4.008229	0.04389935
4.011562	0.0440243
4.014896	0.04414925
4.018229	0.04425337
4.021563	0.0443575
4.024896	0.04441997
4.028229	0.04446162
4.031562	0.04448245
4.034896	0.0445241
4.038229	0.04454493
4.041563	0.0446074
4.044896	0.04471153
4.048229	0.04483648
4.051562	0.04500308
4.054896	0.04521133
4.058229	0.0454404
4.061563	0.04571113
4.064896	0.04598186
4.068229	0.04625258
4.071562	0.04654414
4.074896	0.04683569
4.078229	0.04714806
4.081563	0.04748127
4.084896	0.04781447
4.088229	0.04818932
4.091562	0.04856417
4.094896	0.04895985
4.098229	0.04937635
4.101563	0.04979285
4.104896	0.05018853
4.108229	0.05058421
4.111563	0.05097988
4.114896	0.05137556
4.118229	0.05175041
4.121562	0.05214609
4.124896	0.05252094
4.128229	0.05291662
4.131563	0.05333312
4.134896	0.05374962
4.138229	0.05420777
4.141562	0.05468675
4.144896	0.05518655
4.148229	0.05574883
4.151563	0.05633194
4.154896	0.05697751
4.158229	0.05766474
4.161562	0.05841445
4.164896	0.05924745
4.168229	0.06014293
4.171563	0.06110089
4.174896	0.06214214
4.178229	0.0632667
4.181562	0.06447454
4.184896	0.0657657
4.188229	0.06711933
4.191563	0.06853544
4.194896	0.07003485
4.198229	0.07159673
4.201562	0.07324191
4.204896	0.0749704
4.208229	0.07676136
4.211563	0.07863562
4.214896	0.08063483
4.218229	0.08273816
4.221562	0.08496645
4.224896	0.08736134
4.228229	0.089902
4.231563	0.09260926
4.234896	0.09548313
4.238229	0.09854442
4.241562	0.1017723
4.244896	0.1051668
4.248229	0.1087279
4.251563	0.1124556
4.254896	0.1162874
4.258229	0.1202442
4.261562	0.1243467
4.264896	0.1285326
4.268229	0.1328434
4.271563	0.1372583
4.274896	0.1417774
4.278229	0.1464214
4.281562	0.1512111
4.284896	0.156105
4.288229	0.1611447
4.291563	0.1663093
4.294896	0.1715989
4.298229	0.1769718
4.301562	0.1824071
4.304896	0.187905
4.308229	0.1934236
4.311563	0.1989423
4.314896	0.2044401
4.318229	0.2098963
4.321562	0.21529
4.324896	0.2206004
4.328229	0.2258483
4.331563	0.2309713
4.334896	0.2359901
4.338229	0.240884
4.341562	0.2456322
4.344896	0.2502137
4.348229	0.2546078
4.351563	0.2588145
4.354896	0.2627921
4.358229	0.2665197
4.361563	0.2699975
4.364896	0.273163
4.368229	0.276016
4.371562	0.278515
4.374896	0.2806392
4.378229	0.2824093
4.381563	0.2837838
4.384896	0.2848042
4.388229	0.2854498
4.391562	0.2857621
4.394896	0.2857413
4.398229	0.2853873
4.401563	0.2847209
4.404896	0.2837421
4.408229	0.282451
4.411562	0.2808682
4.414896	0.2789732
4.418229	0.2767657
4.421563	0.2743083
4.424896	0.2715594
4.428229	0.2685606
4.431562	0.2653535
4.434896	0.2619382
4.438229	0.2583563
4.441563	0.2546286
4.444896	0.2507551
4.448229	0.2467567
4.451562	0.242675
4.454896	0.2384892
4.458229	0.23422
4.461563	0.2299092
4.464896	0.2255568
4.468229	0.2212043
4.471562	0.2168519
4.474896	0.2125202
4.478229	0.2082303
4.481563	0.2040028
4.484896	0.1998586
4.488229	0.1957769
4.491562	0.1917993
4.494896	0.1879258
4.498229	0.1841564
4.501563	0.180512
4.504896	0.1769926
4.508229	0.1736189
4.511562	0.170391
4.514896	0.1673089
4.518229	0.1643726
4.521563	0.161582
4.524896	0.1589581
4.528229	0.1564799
4.531562	0.1541683
4.534896	0.1519816
4.538229	0.1499408
4.541563	0.1480457
4.544896	0.1462547
4.548229	0.1445887
4.551562	0.1430477
4.554896	0.1416316
4.558229	0.1403196
4.561563	0.1391326
4.564896	0.1380913
4.568229	0.137175
4.571562	0.1364045
4.574896	0.1357589
4.578229	0.1352591
4.581563	0.1348426
4.584896	0.134551
4.588229	0.1343011
4.591562	0.1341137
4.594896	0.1339679
4.598229	0.1338013
4.601563	0.1336556
4.604896	0.133489
4.608229	0.1333432
4.611563	0.1332182
4.614896	0.1331141
4.618229	0.1330725
4.621562	0.1330516
4.624896	0.1330725
4.628229	0.1331766
4.631563	0.1333224
4.634896	0.1335306
4.638229	0.1337805
4.641562	0.1340512
4.644896	0.134322
4.648229	0.1346135
4.651563	0.1349051
4.654896	0.1351758
4.658229	0.1354257
4.661562	0.1356339
4.664896	0.1357589
4.668229	0.1358422
4.671563	0.1358422
4.674896	0.1357797
4.678229	0.1356548
4.681562	0.1354882
4.684896	0.1353007
4.688229	0.1350925
4.691563	0.1349051
4.694896	0.1347176
4.698229	0.1345927
4.701562	0.1344886
4.704896	0.1344469
4.708229	0.1344261
4.711563	0.1344261
4.714896	0.1344677
4.718229	0.1345302
4.721562	0.1346135
4.724896	0.1347593
4.728229	0.1349467
4.731563	0.1351758
4.734896	0.1354882
4.738229	0.1358838
4.741562	0.1363836
4.744896	0.1370084
4.748229	0.1377581
4.751563	0.1386536
4.754896	0.1397157
4.758229	0.1409652
4.761562	0.1424021
4.764896	0.1440473
4.768229	0.1459632
4.771563	0.148129
4.774896	0.1505655
4.778229	0.1533561
4.781562	0.1564799
4.784896	0.1599993
4.788229	0.1639561
4.791563	0.1683502
4.794896	0.1732441
4.798229	0.1786586
4.801562	0.1846354
4.804896	0.1911745
4.808229	0.1983175
4.811563	0.2061061
4.814896	0.2145819
4.818229	0.2237658
4.821562	0.233741
4.824896	0.2445493
4.828229	0.256253
4.831563	0.2689355
4.834896	0.28268
4.838229	0.2975283
4.841562	0.3136053
4.844896	0.3309735
4.848229	0.3497161
4.851563	0.3699372
4.854896	0.3916995
4.858229	0.4151277
4.861563	0.4403053
4.864896	0.4673779
4.868229	0.4964914
4.871562	0.5278124
4.874896	0.5615699
4.878229	0.5979513
4.881563	0.6372691
4.884896	0.679794
4.888229	0.7258592
4.891562	0.7758811
4.894896	0.8302763
4.898229	0.8895653
4.901563	0.9543522
4.904896	1.025324
4.908229	1.103293
4.911562	1.189218
4.914896	1.284243
4.918229	1.389639
4.921563	1.506926
4.924896	1.637832
4.928229	1.784295
4.931562	1.948585
4.934896	2.133178
4.938229	2.34093
4.941563	2.574941
4.944896	2.838733
4.948229	3.136157
4.951562	3.471525
4.954896	3.849459
4.958229	4.275062
4.961563	4.753831
4.964896	5.291681
4.968229	5.894817
4.971562	6.569842
4.974896	7.323566
4.978229	8.163047
4.981563	9.095346
4.984896	10.12765
4.988229	11.26697
4.991562	12.52008
4.994896	13.89345
4.998229	15.39311
5.001563	17.02438
5.004896	18.79193
5.008229	20.69941
5.011562	22.74941
5.014896	24.94323
5.018229	27.2807
5.021563	29.7601
5.024896	32.37786
5.028229	35.12861
5.031562	38.00497
5.034896	40.99756
5.038229	44.09498
5.041563	47.28389
5.044896	50.54901
5.048229	53.87328
5.051562	57.23802
5.054896	60.62304
5.058229	64.00687
5.061563	67.367
5.064896	70.68011
5.068229	73.92237
5.071562	77.06973
5.074896	80.0982
5.078229	82.98429
5.081563	85.70526
5.084896	88.23948
5.088229	90.56679
5.091562	92.66879
5.094896	94.5291
5.098229	96.13355
5.101563	97.47046
5.104896	98.53066
5.108229	99.30771
5.111563	99.79783
5.114896	100
5.118229	99.91587
5.121562	99.54968
5.124896	98.90822
5.128229	98.00056
5.131563	96.83792
5.134896	95.43349
5.138229	93.80216
5.141562	91.96028
5.144896	89.92544
5.148229	87.71623
5.151563	85.35192
5.154896	82.85222
5.158229	80.23714
5.161562	77.52667
5.164896	74.7405
5.168229	71.89788
5.171563	69.01739
5.174896	66.11672
5.178229	63.2126
5.181562	60.32053
5.184896	57.45487
5.188229	54.62867
5.191563	51.85368
5.194896	49.14032
5.198229	46.49774
5.201562	43.93377
5.204896	41.45504
5.208229	39.06697
5.211563	36.77381
5.214896	34.5787
5.218229	32.48371
5.221562	30.48996
5.224896	28.59758
5.228229	26.80597
5.231563	25.11377
5.234896	23.519
5.238229	22.01918
5.241562	20.6114
5.244896	19.29238
5.248229	18.05862
5.251563	16.90643
5.254896	15.83194
5.258229	14.83121
5.261562	13.90022
5.264896	13.03496
5.268229	12.23146
5.271563	11.48573
5.274896	10.79397
5.278229	10.15239
5.281562	9.557413
5.284896	9.00561
5.288229	8.493729
5.291563	8.018687
5.294896	7.577653
5.298229	7.167899
5.301562	6.786882
5.304896	6.432313
5.308229	6.101965
5.311563	5.793857
5.314896	5.506117
5.318229	5.236994
5.321562	4.984948
5.324896	4.7485
5.328229	4.526358
5.331563	4.317357
5.334896	4.120456
5.338229	3.934654
5.341562	3.759099
5.344896	3.592997
5.348229	3.435664
5.351563	3.28641
5.354896	3.144654
5.358229	3.009853
5.361563	2.881529
5.364896	2.759202
5.368229	2.642498
5.371562	2.531105
5.374896	2.424667
5.378229	2.322937
5.381563	2.225704
5.384896	2.132741
5.388229	2.04386
5.391562	1.958914
5.394896	1.877696
5.398229	1.80006
5.401563	1.72586
5.404896	1.654971
5.408229	1.587227
5.411562	1.522524
5.414896	1.460736
5.418229	1.401738
5.421563	1.345469
5.424896	1.291823
5.428229	1.240718
5.431562	1.19205
5.434896	1.145735
5.438229	1.101711
5.441563	1.059852
5.444896	1.020118
5.448229	0.9824036
5.451562	0.9465845
5.454896	0.9126396
5.458229	0.880444
5.461563	0.8499352
5.464896	0.8210507
5.468229	0.7937282
5.471562	0.7678634
5.474896	0.7433939
5.478229	0.7202572
5.481563	0.6983909
5.484896	0.6777115
5.488229	0.6581567
5.491562	0.639664
5.494896	0.6221918
5.498229	0.6056774
5.501563	0.5900586
5.504896	0.5753145
5.508229	0.5614033
5.511562	0.5482626
5.514896	0.5358509
5.518229	0.5241472
5.521563	0.5130682
5.524896	0.5025724
5.528229	0.4925971
5.531562	0.4831009
5.534896	0.4740211
5.538229	0.4653162
5.541563	0.4569445
5.544896	0.4488852
5.548229	0.4411174
5.551562	0.4335996
5.554896	0.4263316
5.558229	0.4193136
5.561563	0.4125037
5.564896	0.4058814
5.568229	0.3994672
5.571562	0.3932197
5.574896	0.3871388
5.578229	0.3812036
5.581563	0.3754142
5.584896	0.369729
5.588229	0.3641687
5.591562	0.3586917
5.594896	0.353298
5.598229	0.3479876
5.601563	0.3427188
5.604896	0.3374917
5.608229	0.3323063
5.611563	0.3271416
5.614896	0.321977
5.618229	0.3168332
5.621562	0.3117311
5.624896	0.3066289
5.628229	0.3015684
5.631563	0.2965704
5.634896	0.291614
5.638229	0.2867409
5.641562	0.2819303
5.644896	0.2772239
5.648229	0.2726007
5.651563	0.2680608
5.654896	0.2636251
5.658229	0.2592518
5.661562	0.254941
5.664896	0.2507135
5.668229	0.2465693
5.671563	0.2425084
5.674896	0.2384892
5.678229	0.2345532
5.681562	0.2306797
5.684896	0.2268687
5.688229	0.2230994
5.691563	0.2193509
5.694896	0.2156232
5.698229	0.2119371
5.701562	0.2082303
5.704896	0.204565
5.708229	0.2009207
5.711563	0.1973179
5.714896	0.1937985
5.718229	0.1903623
5.721562	0.1870511
5.724896	0.1838232
5.728229	0.1806786
5.731563	0.1776174
5.734896	0.1746394
5.738229	0.1716822
5.741562	0.168725
5.744896	0.1657887
5.748229	0.1628315
5.751563	0.1598952
5.754896	0.1569588
5.758229	0.1540642
5.761562	0.1512319
5.764896	0.1484622
5.768229	0.1457966
5.771563	0.1431935
5.774896	0.1406944
5.778229	0.1382787
5.781562	0.1359671
5.784896	0.133718
5.788229	0.1315314
5.791563	0.1294281
5.794896	0.1273872
5.798229	0.1254088
5.801562	0.1234929
5.804896	0.1216186
5.808229	0.1198069
5.811563	0.1180367
5.814896	0.1162874
5.818229	0.1145798
5.821562	0.1129137
5.824896	0.1112686
5.828229	0.109665
5.831563	0.1080823
5.834896	0.1065413
5.838229	0.1050419
5.841562	0.1035841
5.844896	0.102168
5.848229	0.1007727
5.851563	0.0994399
5.854896	0.09812792
5.858229	0.09685758
5.861563	0.09560808
5.864896	0.0943794
5.868229	0.09317154
5.871562	0.09196368
5.874896	0.09077665
5.878229	0.08958962
5.881563	0.08840259
5.884896	0.08725721
5.888229	0.08613265
5.891562	0.08504975
5.894896	0.08398767
5.898229	0.08300889
5.901563	0.08207176
5.904896	0.0811971
5.908229	0.08034327
5.911562	0.0795311
5.914896	0.07873974
5.918229	0.07794839
5.921563	0.07715703
5.924896	0.0763865
5.928229	0.07561598
5.931562	0.07484545
5.934896	0.07409574
5.938229	0.07336686
5.941563	0.07267964
5.944896	0.07201323
5.948229	0.07138848
5.951562	0.07078455
5.954896	0.0702431
5.958229	0.06970164
5.961563	0.06920184
5.964896	0.06874369
5.968229	0.06830636
5.971562	0.06786904
5.974896	0.06745253
5.978229	0.06705686
5.981563	0.06666118
5.984896	0.06628633
5.988229	0.06589065
5.991562	0.0655158
5.994896	0.06514095
5.998229	0.06478692
6.001563	0.06445372
6.004896	0.06412053
6.008229	0.06382897
6.011562	0.06355825
6.014896	0.06330835
6.018229	0.0631001
6.021563	0.06289184
6.024896	0.06270442
6.028229	0.06253782
6.031562	0.06239204
6.034896	0.06226709
6.038229	0.06216297
6.041563	0.06210049
6.044896	0.06203802
6.048229	0.06201719
6.051562	0.06199637
6.054896	0.06201719
6.058229	0.06203802
6.061563	0.06205884
6.064896	0.06210049
6.068229	0.06214214
6.071562	0.06218379
6.074896	0.06222544
6.078229	0.06228792
6.081563	0.06235039
6.084896	0.06243369
6.088229	0.06253782
6.091562	0.06264194
6.094896	0.06276689
6.098229	0.06285019
6.101563	0.06293349
6.104896	0.06297515
6.108229	0.06297515
6.111563	0.06295432
6.114896	0.06285019
6.118229	0.06272524
6.121562	0.06253782
6.124896	0.06230874
6.128229	0.06205884
6.131563	0.06176729
6.134896	0.06147574
6.138229	0.06118419
6.141562	0.06087181
6.144896	0.06053861
6.148229	0.06020541
6.151563	0.05985138
6.154896	0.05947653
6.158229	0.05908085
6.161562	0.05868517
6.164896	0.0582895
6.168229	0.05789382
6.171563	0.05749814
6.174896	0.05710246
6.178229	0.05670679
6.181562	0.05635276
6.184896	0.05597791
6.188229	0.05560306
6.191563	0.05520738
6.194896	0.05479088
6.198229	0.05435355
6.201562	0.0538954
6.204896	0.05341642
6.208229	0.05291662
6.211563	0.05243764
6.214896	0.05193784
6.218229	0.05145886
6.221562	0.05102153
6.224896	0.05058421
6.228229	0.05020935
6.231563	0.04985533
6.234896	0.04954295
6.238229	0.0492514
6.241562	0.0490015
6.244896	0.04877242
6.248229	0.04854335
6.251563	0.04835592
6.254896	0.04818932
6.258229	0.04800189
6.261562	0.04783529
6.264896	0.04766869
6.268229	0.04748127
6.271563	0.04727301
6.274896	0.04706476
6.278229	0.04683569
6.281562	0.04658579
6.284896	0.04629423
6.288229	0.04596103
6.291563	0.04562783
6.294896	0.0452738
6.298229	0.04489895
6.301562	0.04450327
6.304896	0.0441076
6.308229	0.04373275
6.311563	0.04335789
6.314896	0.04298304
6.318229	0.04264984
6.321562	0.04231664
6.324896	0.04200426
6.328229	0.04171271
6.331563	0.04144198
6.334896	0.04119208
6.338229	0.04096301
6.341562	0.04075476
6.344896	0.04052568
6.348229	0.04031743
6.351563	0.04006753
6.354896	0.03981763
6.358229	0.03952607
6.361563	0.0392137
6.364896	0.0388805
6.368229	0.03850564
6.371562	0.03813079
6.374896	0.03775594
6.378229	0.03736026
6.381563	0.03698541
6.384896	0.03663138
6.388229	0.03625653
6.391562	0.03592333
6.394896	0.0355693
6.398229	0.0352361
6.401563	0.03488208
6.404896	0.03452805
6.408229	0.03417402
6.411562	0.03384082
6.414896	0.03348679
6.418229	0.03315359
6.421563	0.03284121
6.424896	0.03254966
6.428229	0.03229976
6.431562	0.03209151
6.434896	0.03190408
6.438229	0.03177913
6.441563	0.03167501
6.444896	0.03161253
6.448229	0.03157088
6.451562	0.03150841
6.454896	0.03144593
6.458229	0.03136263
6.461563	0.03123768
6.464896	0.03109191
6.468229	0.0309253
6.471562	0.03071705
6.474896	0.03052963
6.478229	0.03032138
6.481563	0.03013395
6.484896	0.02998818
6.488229	0.02986322
6.491562	0.0297591
6.494896	0.0296758
6.498229	0.02961332
6.501563	0.02955085
6.504896	0.0295092
6.508229	0.02946755
6.511562	0.0294259
6.514896	0.02938425
6.518229	0.0293426
6.521563	0.02930095
6.524896	0.02923847
6.528229	0.02915517
6.531562	0.02907187
6.534896	0.02894692
6.538229	0.02880114
6.541563	0.02861372
6.544896	0.02844712
6.548229	0.02823887
6.551562	0.02805144
6.554896	0.02786401
6.558229	0.02767659
6.561563	0.02753081
6.564896	0.02740586
6.568229	0.02730174
6.571562	0.02719761
6.574896	0.02713514
6.578229	0.02709349
6.581563	0.02705183
6.584896	0.02701018
6.588229	0.02696853
6.591562	0.02692688
6.594896	0.02688523
6.598229	0.02684358
6.601563	0.02682276
6.604896	0.02678111
6.608229	0.02678111
6.611563	0.02680193
6.614896	0.02684358
6.618229	0.02692688
6.621562	0.02703101
6.624896	0.02715596
6.628229	0.02732256
6.631563	0.02748916
6.634896	0.02767659
6.638229	0.02784319
6.641562	0.02798896
6.644896	0.02813474
6.648229	0.02825969
6.651563	0.02836382
6.654896	0.02842629
6.658229	0.02846794
6.661562	0.02848877
6.664896	0.02850959
6.668229	0.02855124
6.671563	0.02859289
6.674896	0.02867619
6.678229	0.02878032
6.681562	0.02892609
6.684896	0.02911352
6.688229	0.0293426
6.691563	0.02961332
6.694896	0.02988405
6.698229	0.0301756
6.701562	0.03044633
6.704896	0.03069623
6.708229	0.0309253
6.711563	0.03111273
6.714896	0.03125851
6.718229	0.03138346
6.721562	0.03146676
6.724896	0.03152923
6.728229	0.03157088
6.731563	0.03157088
6.734896	0.03157088
6.738229	0.03152923
6.741562	0.03146676
6.744896	0.03136263
6.748229	0.03121686
6.751563	0.03100861
6.754896	0.03077953
6.758229	0.03048798
6.761562	0.03015478
6.764896	0.02982157
6.768229	0.02946755
6.771563	0.02913435
6.774896	0.02880114
6.778229	0.02848877
6.781562	0.02819722
6.784896	0.02794731
6.788229	0.02769741
6.791563	0.02748916
6.794896	0.02730174
6.798229	0.02713514
6.801562	0.02698936
6.804896	0.02686441
6.808229	0.02676028
6.811563	0.02667698
6.814896	0.02659368
6.818229	0.02651038
6.821562	0.02640626
6.824896	0.02630213
6.828229	0.02617718
6.831563	0.02605223
6.834896	0.02592728
6.838229	0.0257815
6.841562	0.02563573
6.844896	0.02548995
6.848229	0.025365
6.851563	0.02524005
6.854896	0.02509427
6.858229	0.02496932
6.861563	0.02480272
6.864896	0.02463612
6.868229	0.0244487
6.871562	0.02424045
6.874896	0.02401137
6.878229	0.02380312
6.881563	0.02357404
6.884896	0.02334497
6.888229	0.02311589
6.891562	0.02290764
6.894896	0.02272021
6.898229	0.02255361
6.901563	0.02238701
6.904896	0.02226206
6.908229	0.02215793
6.911562	0.02207463
6.914896	0.02203298
6.918229	0.02203298
6.921563	0.02207463
6.924896	0.02215793
6.928229	0.02226206
6.931562	0.02240784
6.934896	0.02255361
6.938229	0.02269939
6.941563	0.02282434
6.944896	0.02292846
6.948229	0.02301176
6.951562	0.02305341
6.954896	0.02307424
6.958229	0.02307424
6.961563	0.02307424
6.964896	0.02305341
6.968229	0.02305341
6.971562	0.02305341
6.974896	0.02305341
6.978229	0.02305341
6.981563	0.02307424
6.984896	0.02307424
6.988229	0.02307424
6.991562	0.02307424
6.994896	0.02307424
6.998229	0.02305341
7.001563	0.02303259
7.004896	0.02301176
7.008229	0.02299094
7.011562	0.02297011
7.014896	0.02294929
7.018229	0.02292846
7.021563	0.02286599
7.024896	0.02278269
7.028229	0.02265774
7.031562	0.02247031
7.034896	0.02224124
7.038229	0.02194968
7.041563	0.02161648
7.044896	0.02124163
7.048229	0.02084595
7.051562	0.02040861
7.054896	0.01995045
7.058229	0.01947148
7.061563	0.01897167
7.064896	0.01845105
7.068229	0.01786794
7.071562	0.01726401
7.074896	0.01663926
7.078229	0.01599368
7.081563	0.01532728
7.084896	0.01466088
7.088229	0.0140153
7.091562	0.01341137
7.094896	0.01284909
7.098229	0.01234929
7.101563	0.01191196
7.104896	0.01153711
7.108229	0.01122473
7.111563	0.01095401
7.114896	0.01076658
7.118229	0.0106208
7.121562	0.01055833
7.124896	0.0105375
7.128229	0.01059998
7.131563	0.01072493
7.134896	0.01093318
7.138229	0.01122473
7.141562	0.01157876
7.144896	0.01203691
7.148229	0.01257836
7.151563	0.01322394
7.154896	0.01397365
7.158229	0.01482748
7.161562	0.01580626
7.164896	0.01690999
7.168229	0.01813867
7.171563	0.01945065
7.174896	0.02086678
7.178229	0.02236619
7.181562	0.02390724
7.184896	0.02546913
7.188229	0.02705183
7.191563	0.02859289
7.194896	0.03007148
7.198229	0.03146676
7.201562	0.03277874
7.204896	0.0339866
7.208229	0.03509033
7.211563	0.03604828
7.214896	0.03690211
7.218229	0.03763099
7.221562	0.03825574
7.224896	0.03877637
7.228229	0.03917205
7.231563	0.0394636
7.234896	0.0396302
7.238229	0.03969268
7.241562	0.03967185
7.244896	0.03952607
7.248229	0.039297
7.251563	0.0389638
7.254896	0.03856812
7.258229	0.03810997
7.261562	0.03758934
7.264896	0.03702706
7.268229	0.03644396
7.271563	0.03586086
7.274896	0.0352361
7.278229	0.03461135
7.281562	0.0339866
7.284896	0.03334102
7.288229	0.03271626
7.291563	0.03207069
7.294896	0.03144593
7.298229	0.03082118
7.301562	0.03023808
7.304896	0.02965497
7.308229	0.0290927
7.311563	0.02857207
7.314896	0.02807227
7.318229	0.02759329
7.321562	0.02713514
7.324896	0.02669781
7.328229	0.02628131
7.331563	0.02584398
7.334896	0.0254483
7.338229	0.0250318
7.341562	0.02463612
7.344896	0.02426127
7.348229	0.02392807
7.351563	0.02359487
7.354896	0.02332414
7.358229	0.02307424
7.361563	0.02288681
7.364896	0.02272021
7.368229	0.02259526
7.371562	0.02251196
7.374896	0.02244949
7.378229	0.02240784
7.381563	0.02238701
7.384896	0.02236619
7.388229	0.02236619
7.391562	0.02236619
7.394896	0.02234536
7.398229	0.02232454
7.401563	0.02228289
7.404896	0.02222041
7.408229	0.02213711
7.411562	0.02201216
7.414896	0.02190803
7.418229	0.02178308
7.421563	0.02165813
7.424896	0.02159566
7.428229	0.02155401
7.431562	0.02157483
7.434896	0.02161648
7.438229	0.02172061
7.441563	0.02182473
7.444896	0.02194968
7.448229	0.02203298
7.451562	0.02209546
7.454896	0.02209546
7.458229	0.02207463
7.461563	0.02199133
7.464896	0.02188721
7.468229	0.02178308
7.471562	0.02165813
7.474896	0.02153318
7.478229	0.02144988
7.481563	0.02134576
7.484896	0.02126246
7.488229	0.02119998
7.491562	0.02109585
7.494896	0.0209709
7.498229	0.02082513
7.501563	0.02065851
7.504896	0.02045026
7.508229	0.020242
7.511562	0.02001293
7.514896	0.01980468
7.518229	0.01959643
7.521563	0.01942983
7.524896	0.01928405
7.528229	0.01917992
7.531562	0.01913827
7.534896	0.01911745
7.538229	0.01911745
7.541563	0.0191591
7.544896	0.01920075
7.548229	0.0192424
7.551562	0.01928405
7.554896	0.01930487
7.558229	0.01930487
7.561563	0.01926322
7.564896	0.01917992
7.568229	0.0190758
7.571562	0.01893002
7.574896	0.01876342
7.578229	0.01859682
7.581563	0.01838857
7.584896	0.01818032
7.588229	0.01797207
7.591562	0.01778464
7.594896	0.01759722
7.598229	0.01745144
7.601563	0.01732649
7.604896	0.01726401
7.608229	0.01722236
7.611563	0.01720154
7.614896	0.01724319
7.618229	0.01728484
7.621562	0.01736814
7.624896	0.01747227
7.628229	0.01755557
7.631563	0.01763887
7.634896	0.01772217
7.638229	0.01778464
7.641562	0.01784712
7.644896	0.01790959
7.648229	0.01795124
7.651563	0.01797207
7.654896	0.01801372
7.658229	0.01803454
7.661562	0.01805537
7.664896	0.01805537
7.668229	0.01805537
7.671563	0.01805537
7.674896	0.01801372
7.678229	0.01799289
7.681562	0.01795124
7.684896	0.01790959
7.688229	0.01786794
7.691563	0.01784712
7.694896	0.01780547
7.698229	0.01778464
7.701562	0.01776382
7.704896	0.01774299
7.708229	0.01770134
7.711563	0.01765969
7.714896	0.01761804
7.718229	0.01755557
7.721562	0.01747227
7.724896	0.01738896
7.728229	0.01728484
7.731563	0.01718071
7.734896	0.01707659
7.738229	0.01697246
7.741562	0.01686834
7.744896	0.01676421
7.748229	0.01663926
7.751563	0.01649349
7.754896	0.01632688
7.758229	0.01613946
7.761562	0.01593121
7.764896	0.01572296
7.768229	0.01551471
7.771563	0.01530645
7.774896	0.01513985
7.778229	0.01497325
7.781562	0.0148483
7.784896	0.01474418
7.788229	0.01464005
7.791563	0.01453592
7.794896	0.0144318
7.798229	0.01432767
7.801562	0.01420272
7.804896	0.01407777
7.808229	0.01397365
7.811563	0.01386952
7.814896	0.01378622
7.818229	0.01372375
7.821562	0.01370292
7.824896	0.0136821
7.828229	0.01370292
7.831563	0.01374457
7.834896	0.01378622
7.838229	0.0138487
7.841562	0.01389035
7.844896	0.01391117
7.848229	0.013932
7.851563	0.01391117
7.854896	0.01386952
7.858229	0.01378622
7.861563	0.01370292
7.864896	0.01357797
7.868229	0.01345302
7.871562	0.01330724
7.874896	0.01316147
7.878229	0.01301569
7.881563	0.01291157
7.884896	0.01282827
7.888229	0.01274497
7.891562	0.01270332
7.894896	0.01266167
7.898229	0.01264084
7.901563	0.01262002
7.904896	0.01262002
7.908229	0.01259919
7.911562	0.01257836
7.914896	0.01255754
7.918229	0.01253671
7.921563	0.01251589
7.924896	0.01249506
7.928229	0.01245341
7.931562	0.01243259
7.934896	0.01243259
7.938229	0.01243259
7.941563	0.01243259
7.944896	0.01245341
7.948229	0.01249506
7.951562	0.01253671
7.954896	0.01257836
7.958229	0.01262002
7.961563	0.01264084
7.964896	0.01268249
7.968229	0.01270332
7.971562	0.01270332
7.974896	0.01270332
7.978229	0.01270332
7.981563	0.01268249
7.984896	0.01266167
7.988229	0.01264084
7.991562	0.01259919
7.994896	0.01255754
7.998229	0.01249506
8.001562	0.01239094
8.004896	0.01228681
8.008229	0.01216186
8.011562	0.01201609
8.014895	0.01187031
8.018229	0.01172454
8.021563	0.01159958
8.024896	0.01147463
8.028229	0.01139133
8.031563	0.01132886
8.034896	0.01132886
8.038229	0.01134968
8.041562	0.01139133
8.044896	0.01145381
8.048229	0.01151628
8.051562	0.01157876
8.054895	0.01162041
8.058229	0.01164124
8.061563	0.01164124
8.064896	0.01162041
8.068229	0.01155793
8.071563	0.01147463
8.074896	0.01139133
8.078229	0.01128721
8.081562	0.01120391
8.084896	0.01112061
8.088229	0.01105813
8.091562	0.01101648
8.094895	0.01099566
8.098229	0.01099566
8.101563	0.01101648
8.104896	0.01105813
8.10823	0.01107896
8.111563	0.01112061
8.114896	0.01116226
8.118229	0.01120391
8.121563	0.01122473
8.124896	0.01126638
8.128229	0.01130803
8.131562	0.01134968
8.134896	0.01139133
8.138229	0.01143298
8.141562	0.01147463
8.144896	0.01151628
8.14823	0.01153711
8.151563	0.01153711
8.154896	0.01153711
8.158229	0.01151628
8.161563	0.01149546
8.164896	0.01145381
8.168229	0.01141216
8.171562	0.01137051
8.174896	0.01130803
8.178229	0.01128721
8.181562	0.01124556
8.184896	0.01122473
8.18823	0.01120391
8.191563	0.01120391
8.194896	0.01120391
8.198229	0.01120391
8.201563	0.01122473
8.204896	0.01126638
8.208229	0.01128721
8.211562	0.01132886
8.214896	0.01137051
8.218229	0.01139133
8.221562	0.01143298
8.224895	0.01147463
8.22823	0.01151628
8.231563	0.01155793
8.234896	0.01157876
8.238229	0.01159958
8.241563	0.01162041
8.244896	0.01164124
8.248229	0.01166206
8.251562	0.01168289
8.254896	0.01172454
8.258229	0.01176619
8.261562	0.01182866
8.264895	0.01189114
8.268229	0.01199526
8.271563	0.01207856
8.274896	0.01218269
8.278229	0.01228681
8.281563	0.01237011
8.284896	0.01243259
8.288229	0.01247424
8.291562	0.01249506
8.294896	0.01249506
8.298229	0.01247424
8.301562	0.01243259
8.304895	0.01239094
8.308229	0.01232846
8.311563	0.01228681
8.314896	0.01226599
8.318229	0.01224516
8.321563	0.01224516
8.324896	0.01226599
8.328229	0.01230764
8.331562	0.01234929
8.334896	0.01239094
8.338229	0.01243259
8.341562	0.01247424
8.344895	0.01249506
8.348229	0.01249506
8.351563	0.01249506
8.354896	0.01247424
8.35823	0.01245341
8.361563	0.01241176
8.364896	0.01239094
8.368229	0.01234929
8.371563	0.01230764
8.374896	0.01226599
8.378229	0.01224516
8.381562	0.01222434
8.384896	0.01220351
8.388229	0.01218269
8.391562	0.01216186
8.394896	0.01214104
8.39823	0.01212021
8.401563	0.01209939
8.404896	0.01209939
8.408229	0.01207856
8.411563	0.01207856
8.414896	0.01207856
8.418229	0.01207856
8.421562	0.01207856
8.424896	0.01205774
8.428229	0.01203691
8.431562	0.01197444
8.434896	0.01187031
8.43823	0.01174536
8.441563	0.01159958
8.444896	0.01143298
8.448229	0.01126638
8.451563	0.01109978
8.454896	0.01093318
8.458229	0.01078741
8.461562	0.01064163
8.464896	0.01051668
8.468229	0.01041255
8.471562	0.01030843
8.474895	0.01022513
8.47823	0.01014183
8.481563	0.01007935
8.484896	0.0100377
8.488229	0.009996052
8.491563	0.009975226
8.494896	0.009954401
8.498229	0.009975226
8.501562	0.009975226
8.504896	0.009975226
8.508229	0.009996052
8.511562	0.009996052
8.514895	0.009996052
8.518229	0.009975226
8.521563	0.009954401
8.524896	0.009933576
8.528229	0.009912751
8.531563	0.009871101
8.534896	0.009829451
8.538229	0.009808626
8.541562	0.009766975
8.544896	0.00974615
8.548229	0.009725325
8.551562	0.0097045
8.554895	0.0097045
8.558229	0.0097045
8.561563	0.009725325
8.564896	0.00974615
8.568229	0.009766975
8.571563	0.0097878
8.574896	0.009808626
8.578229	0.009808626
8.581562	0.009829451
8.584896	0.009829451
8.588229	0.009850276
8.591562	0.009850276
8.594895	0.009850276
8.598229	0.009871101
8.601563	0.009912751
8.604896	0.009975226
8.60823	0.0100377
8.611563	0.01014183
8.614896	0.01024595
8.618229	0.01032925
8.621563	0.01041255
8.624896	0.01047503
8.628229	0.01051668
8.631562	0.01049585
8.634896	0.0104542
8.638229	0.01035008
8.641562	0.01018348
8.644896	0.009996052
8.64823	0.009766975
8.651563	0.009537899
8.654896	0.009308823
8.658229	0.009079747
8.661563	0.008892321
8.664896	0.008746545
8.668229	0.008621594
8.671562	0.008559119
8.674896	0.008517469
8.678229	0.008517469
8.681562	0.008517469
8.684896	0.008517469
8.68823	0.008475819
8.691563	0.008392518
8.694896	0.008288393
8.698229	0.008121792
8.701563	0.007955191
8.704896	0.00774694
8.708229	0.007559514
8.711562	0.007372088
8.714896	0.007247137
8.718229	0.007143012
8.721562	0.007080537
8.724895	0.007059711
8.72823	0.007080537
8.731563	0.007122187
8.734896	0.007163837
8.738229	0.007226312
8.741563	0.007247137
8.744896	0.007267962
8.748229	0.007267962
8.751562	0.007267962
8.754896	0.007247137
8.758229	0.007247137
8.761562	0.007247137
8.764895	0.007267962
8.768229	0.007309613
8.771563	0.007351263
8.774896	0.007413738
8.778229	0.007476214
8.781563	0.007517864
8.784896	0.007538689
8.788229	0.007517864
8.791562	0.007476214
8.794896	0.007392913
8.798229	0.007267962
8.801562	0.007122187
8.804895	0.006955586
8.808229	0.006788985
8.811563	0.006622384
8.814896	0.006455783
8.818229	0.006310008
8.821563	0.006185057
8.824896	0.006080931
8.828229	0.006018456
8.831562	0.005955981
8.834896	0.005914331
8.838229	0.005914331
8.841562	0.005914331
8.844895	0.005935156
8.848229	0.005976806
8.851563	0.006018456
8.854896	0.006060106
8.85823	0.006101756
8.861563	0.006143407
8.864896	0.006164232
8.868229	0.006185057
8.871563	0.006185057
8.874896	0.006164232
8.878229	0.006122582
8.881562	0.006039281
8.884896	0.005976806
8.888229	0.00587268
8.891562	0.00578938
8.894896	0.005706079
8.89823	0.005643604
8.901563	0.005581129
8.904896	0.005560304
8.908229	0.005539479
8.911563	0.005539479
8.914896	0.005560304
8.918229	0.005560304
8.921562	0.005581129
8.924896	0.005622779
8.928229	0.005664429
8.931562	0.005706079
8.934896	0.00578938
8.93823	0.00587268
8.941563	0.005955981
8.944896	0.006039281
8.948229	0.006101756
8.951563	0.006143407
8.954896	0.006122582
8.958229	0.006080931
8.961562	0.006018456
8.964896	0.005914331
8.968229	0.00578938
8.971562	0.005685254
8.974895	0.005581129
8.97823	0.005477003
8.981563	0.005393703
8.984896	0.005310402
8.988229	0.005227102
8.991563	0.005143802
8.994896	0.005018851
8.998229	0.004873075
9.001562	0.004706474
9.004896	0.004539873
9.008229	0.004373273
9.011562	0.004227497
9.014895	0.004081721
9.018229	0.003998421
9.021563	0.003935945
9.024896	0.003894295
9.028229	0.003894295
9.031563	0.00391512
9.034896	0.003935945
9.038229	0.00395677
9.041562	0.00395677
9.044896	0.00395677
9.048229	0.00395677
9.051562	0.003935945
9.054895	0.003935945
9.058229	0.003935945
9.061563	0.003935945
9.064896	0.003977596
9.068229	0.004019246
9.071563	0.004081721
9.074896	0.004165021
9.078229	0.004227497
9.081562	0.004310797
9.084896	0.004352447
9.088229	0.004414923
9.091562	0.004435748
9.094895	0.004456573
9.098229	0.004456573
9.101563	0.004456573
9.104896	0.004435748
9.10823	0.004394098
9.111563	0.004331622
9.114896	0.004269147
9.118229	0.004185847
9.121563	0.004102546
9.124896	0.004019246
9.128229	0.003935945
9.131562	0.00387347
9.134896	0.003810995
9.138229	0.00379017
9.141562	0.003769344
9.144896	0.00379017
9.14823	0.003810995
9.151563	0.00383182
9.154896	0.003852645
9.158229	0.00387347
9.161563	0.003852645
9.164896	0.003810995
9.168229	0.003769344
9.171562	0.003686044
9.174896	0.003602744
9.178229	0.003540268
9.181562	0.003477793
9.184896	0.003436143
9.18823	0.003436143
9.191563	0.003456968
9.194896	0.003477793
9.198229	0.003519443
9.201563	0.003561093
9.204896	0.003602744
9.208229	0.003623569
9.211562	0.003623569
9.214896	0.003602744
9.218229	0.003581918
9.221562	0.003540268
9.224895	0.003519443
9.22823	0.003519443
9.231563	0.003519443
9.234896	0.003561093
9.238229	0.003602744
9.241563	0.003686044
9.244896	0.003748519
9.248229	0.00383182
9.251562	0.003894295
9.254896	0.003935945
9.258229	0.00395677
9.261562	0.003935945
9.264895	0.00391512
9.268229	0.003852645
9.271563	0.00379017
9.274896	0.003727694
9.278229	0.003644394
9.281563	0.003540268
9.284896	0.003456968
9.288229	0.003373667
9.291562	0.003290367
9.294896	0.003207067
9.298229	0.003144591
9.301562	0.003102941
9.304895	0.003061291
9.308229	0.003061291
9.311563	0.003061291
9.314896	0.003082116
9.318229	0.003102941
9.321563	0.003165416
9.324896	0.003207067
9.328229	0.003269542
9.331562	0.003311192
9.334896	0.003373667
9.338229	0.003436143
9.341562	0.003519443
9.344895	0.003602744
9.348229	0.003706869
9.351563	0.003769344
9.354896	0.00383182
9.35823	0.003894295
9.361563	0.00391512
9.364896	0.00391512
9.368229	0.00387347
9.371563	0.00383182
9.374896	0.003769344
9.378229	0.003686044
9.381562	0.003602744
9.384896	0.003519443
9.388229	0.003456968
9.391562	0.003394493
9.394896	0.003352842
9.39823	0.003311192
9.401563	0.003269542
9.404896	0.003227892
9.408229	0.003207067
9.411563	0.003186241
9.414896	0.003144591
9.418229	0.003102941
9.421562	0.003040466
9.424896	0.002998815
9.428229	0.002915515
9.431562	0.00285304
9.434896	0.002769739
9.43823	0.002686439
9.441563	0.002603138
9.444896	0.002519838
9.448229	0.002436538
9.451563	0.002353237
9.454896	0.002269937
9.458229	0.002207461
9.461562	0.002165811
9.464896	0.002103336
9.468229	0.002061686
9.471562	0.002020035
9.474895	0.001978385
9.47823	0.001936735
9.481563	0.00191591
9.484896	0.00187426
9.488229	0.001832609
9.491563	0.001811784
9.494896	0.001770134
9.498229	0.001749309
9.501562	0.001728484
9.504896	0.001707659
9.508229	0.001686834
9.511562	0.001645183
9.514895	0.001624358
9.518229	0.001582708
9.521563	0.001541058
9.524896	0.001499408
9.528229	0.001478583
9.531563	0.001478583
9.534896	0.001478583
9.538229	0.001520233
9.541562	0.001582708
9.544896	0.001686834
9.548229	0.001790959
9.551562	0.001895085
9.554895	0.002020035
9.558229	0.002124161
9.561563	0.002207461
9.564896	0.002269937
9.568229	0.002332412
9.571563	0.002374062
9.574896	0.002415712
9.578229	0.002457363
9.581562	0.002478188
9.584896	0.002519838
9.588229	0.002540663
9.591562	0.002561488
9.594895	0.002561488
9.598229	0.002519838
9.601563	0.002478188
9.604896	0.002415712
9.60823	0.002353237
9.611563	0.002269937
9.614896	0.002207461
9.618229	0.002124161
9.621563	0.002040861
9.624896	0.001978385
9.628229	0.00191591
9.631562	0.001853435
9.634896	0.001770134
9.638229	0.001707659
9.641562	0.001645183
9.644896	0.001561883
9.64823	0.001478583
9.651563	0.001374457
9.654896	0.001270332
9.658229	0.001145381
9.661563	0.0009996052
9.664896	0.0008746545
9.668229	0.0007288788
9.671562	0.0006039281
9.674896	0.0004998026
9.678229	0.0004581524
9.681562	0.0004373273
9.684896	0.0004998026
9.68823	0.0006039281
9.691563	0.0007497039
9.694896	0.0009371298
9.698229	0.001124556
9.701563	0.001311982
9.704896	0.001478583
9.708229	0.001624358
9.711562	0.001728484
9.714896	0.001770134
9.718229	0.001770134
9.721562	0.001749309
9.724895	0.001666009
9.72823	0.001561883
9.731563	0.001457758
9.734896	0.001311982
9.738229	0.001166206
9.741563	0.0009996052
9.744896	0.0008538294
9.748229	0.0006872285
9.751562	0.0005414528
9.754896	0.000395677
9.758229	0.0002915515
9.761562	0.0002082511
9.764895	0.0001457758
9.768229	0.0001457758
9.771563	0.0001457758
9.774896	0.0002082511
9.778229	0.0002915515
9.781563	0.0003748519
9.784896	0.0004789775
9.788229	0.0005622779
9.791562	0.0006455783
9.794896	0.0007288788
9.798229	0.0008121792
9.801562	0.0008746545
9.804895	0.0009371298
9.808229	0.0009996052
9.811563	0.00106208
9.814896	0.001124556
9.818229	0.001187031
9.821563	0.001228681
9.824896	0.001270332
9.828229	0.001291157
9.831562	0.001311982
9.834896	0.001332807
9.838229	0.001353632
9.841562	0.001353632
9.844895	0.001353632
9.848229	0.001353632
9.851563	0.001353632
9.854896	0.001332807
9.85823	0.001291157
9.861563	0.001228681
9.864896	0.001145381
9.868229	0.001041255
9.871563	0.0009163047
9.874896	0.0007913541
9.878229	0.0006664034
9.881562	0.0005414528
9.884896	0.0004165021
9.888229	0.0002915515
9.891562	0.000187426
9.894896	0.0001041255
9.89823	4.165021e-05
9.901563	0
9.904896	0
9.908229	0
9.911563	2.082511e-05
9.914896	8.330043e-05
9.918229	0.0001249506
9.921562	0.0002082511
9.924896	0.0002707264
9.928229	0.0003332017
9.931562	0.000395677
9.934896	0.0004373273
9.93823	0.0004789775
9.941563	0.0004998026
9.944896	0.0005206277
9.948229	0.0005414528
9.951563	0.0005414528
9.954896	0.0005622779
9.958229	0.0005622779
9.961562	0.000583103
9.964896	0.0006039281
9.968229	0.0006455783
9.971562	0.0006664034
9.974895	0.0006872285
9.97823	0.0007288788
9.981563	0.0007497039
9.984896	0.0007913541
9.988229	0.0008121792
9.991563	0.0008538294
9.994896	0.0008746545
9.998229	0.0008954796
}
[PEAK]
{
Peak ID	1
Peak Ref	1
Time	4.3932
Peak	3.888229	4.621562
Intensity	-0.0005533695	-0.0005948544
Height	0.0007071804
AreaAbs	184.4767
Area %BP	0.006364329
Area %Total	0.006337018
Width	0.7333333
}
[PEAK]
{
Peak ID	2
Peak Ref	2
Time	5.115599
Peak	4.621562	6.051562
Intensity	-0.0005533695	-0.0005948544
Height	0.2861331
AreaAbs	48310.06
Area %BP	1.666667
Area %Total	1.659514
Width	1.43
}
[PEAK]
{
Peak ID	3
Peak Ref	3
Time	6.108164
Peak	6.051562	6.591562
Intensity	-0.0005533695	-0.0005948544
Height	9.577896e-05
AreaAbs	23.73314
Area %BP	0.0008187784
Area %Total	0.0008152647
Width	0.54
}
}
}
}
