[SAMPLE]
{
Sample	1
Well	1:B,2
FileName	
SampleID	HLX49-Ab 251001B-05B PT
SampleDescription	Aquired with Galaxy
Date	06-Jan-2026
Time	18:59:04 PRC
JobCode	
TaskCode	
UserName	Congcong_Liu2
LabName	Aquired with Galaxy
Instrument	MS_L_19_062
Conditions	
Submitter	Mengting_Wang
SampleType	
Plate	
Method	
Process	Galaxy
MSTune	
MSMethod	
InletMethod	
PreRunMethod	
PostRunMethod	
SwitchMethod	
FractionMethod	
AcquisitionProcess	
AcquisitionProcessParameters	
AcquisitionProcessOptions	
InjectionVolume	25
ReportScheme	
SampleReportEnable	0
SampleReportFormat	
AnalysisTime	0
[COMPOUND]
{
;Mono Mass	Formula
}
[FUNCTION]
{
Function	1
IonMode	ES+
Type	MS
Description	(0:0)
[SPECTRUM]
{
ProcDesc	0.00:Combine
State	OK
Peak ID	0
Peak Ref	0
Time	0
TIC	0
BPI	0
BPM	0
Continuum	FALSE
Saved	FALSE
[MASSES]
{
;Mass	Exp. Mass	Obs. Mass	% BPI	Int. Abs
}
[RESULTS]
{
;Mass	Found	% BPI	% Purity
}
[MS]
{
;Mass	% BPI
0	0
}
}
[CHROMATOGRAM]
{
TraceNumber	1
Description	scroll down chrom view to see 2D LC chrom
ProcDesc	
MaxIntensity	0
[TRACE]
{
0	0
}
[PEAK]
{
Peak ID	0
Peak Ref	0
Time	0
Peak	0
Intensity	0	0
Height	0
AreaAbs	0
Area %BP	0
Area %Total	0
}
}
}
[FUNCTION]
{
Function	0
Description	ANALOG
[CHROMATOGRAM]
{
TraceNumber	2
Description	LC
ProcDesc	Result Id:1093, VWD: Signal A, 280 nm
MaxIntensity	0.2227322
[TRACE]
{
;Time	Int. %Max
0.0028125	0.06443971
0.006145834	0.06449323
0.009479167	0.06454675
0.0128125	0.06460027
0.01614583	0.0646538
0.01947917	0.06473408
0.0228125	0.06476084
0.02614583	0.06481436
0.02947917	0.06484112
0.0328125	0.06486788
0.03614583	0.06486788
0.03947917	0.06486788
0.0428125	0.06489464
0.04614583	0.0649214
0.04947917	0.06494816
0.0528125	0.06497492
0.05614583	0.06500168
0.05947917	0.06500168
0.0628125	0.06502844
0.06614583	0.06505521
0.06947917	0.06508197
0.0728125	0.06508197
0.07614584	0.06508197
0.07947917	0.06505521
0.0828125	0.06497492
0.08614583	0.06489464
0.08947916	0.06476084
0.0928125	0.06460027
0.09614583	0.06441295
0.09947917	0.06419886
0.1028125	0.06398478
0.1061458	0.06379745
0.1094792	0.06363689
0.1128125	0.06350309
0.1161458	0.06344956
0.1194792	0.06344956
0.1228125	0.06350309
0.1261458	0.06355661
0.1294792	0.06363689
0.1328125	0.06371717
0.1361458	0.06371717
0.1394792	0.06369041
0.1428125	0.06361013
0.1461458	0.06347633
0.1494792	0.063289
0.1528125	0.06310168
0.1561458	0.06291435
0.1594792	0.06275379
0.1628125	0.06264674
0.1661458	0.06259322
0.1694792	0.06259322
0.1728125	0.06264674
0.1761458	0.06278055
0.1794792	0.06291435
0.1828125	0.06307492
0.1861458	0.06323548
0.1894792	0.06339604
0.1928125	0.06352985
0.1961458	0.06363689
0.1994792	0.06371717
0.2028125	0.06374393
0.2061458	0.06374393
0.2094792	0.06371717
0.2128125	0.06366365
0.2161458	0.06355661
0.2194792	0.06344956
0.2228125	0.06334252
0.2261458	0.06323548
0.2294792	0.0631552
0.2328125	0.06307492
0.2361458	0.06304815
0.2394792	0.06304815
0.2428125	0.06307492
0.2461458	0.06312844
0.2494792	0.06318196
0.2528125	0.06320872
0.2561458	0.06320872
0.2594792	0.06318196
0.2628125	0.0631552
0.2661458	0.06310168
0.2694792	0.06304815
0.2728125	0.06302139
0.2761458	0.06299463
0.2794792	0.06299463
0.2828125	0.06304815
0.2861458	0.06312844
0.2894792	0.06320872
0.2928125	0.063289
0.2961458	0.06336928
0.2994792	0.0634228
0.3028125	0.06344956
0.3061458	0.0634228
0.3094792	0.06336928
0.3128125	0.06331576
0.3161458	0.06320872
0.3194792	0.06310168
0.3228125	0.06302139
0.3261458	0.06291435
0.3294792	0.06286083
0.3328125	0.06283407
0.3361458	0.06280731
0.3394792	0.06283407
0.3428125	0.06286083
0.3461458	0.06291435
0.3494792	0.06296787
0.3528125	0.06302139
0.3561458	0.06304815
0.3594792	0.06307492
0.3628125	0.06304815
0.3661458	0.06299463
0.3694792	0.06291435
0.3728125	0.06283407
0.3761458	0.06275379
0.3794792	0.06270027
0.3828125	0.06267351
0.3861458	0.06270027
0.3894792	0.06280731
0.3928125	0.06296787
0.3961458	0.0631552
0.3994792	0.06339604
0.4028125	0.06361013
0.4061458	0.06382421
0.4094792	0.06401154
0.4128125	0.06414534
0.4161458	0.06419886
0.4194792	0.06422562
0.4228125	0.06422562
0.4261458	0.0641721
0.4294792	0.06411858
0.4328125	0.06409182
0.4361458	0.06406506
0.4394792	0.06409182
0.4428125	0.06414534
0.4461458	0.06422562
0.4494792	0.06430591
0.4528125	0.06441295
0.4561458	0.06451999
0.4594792	0.06460027
0.4628125	0.0646538
0.4661458	0.06468056
0.4694792	0.0646538
0.4728125	0.06457351
0.4761458	0.06446647
0.4794792	0.06433267
0.4828125	0.06419886
0.4861458	0.0640383
0.4894792	0.06387774
0.4928125	0.06374393
0.4961458	0.06363689
0.4994792	0.06358337
0.5028125	0.06355661
0.5061458	0.06361013
0.5094792	0.06371717
0.5128125	0.06385098
0.5161458	0.0640383
0.5194792	0.06422562
0.5228125	0.06443971
0.5261458	0.06460027
0.5294791	0.06476084
0.5328125	0.0649214
0.5361458	0.06502844
0.5394792	0.06513549
0.5428125	0.06526929
0.5461459	0.06540309
0.5494792	0.0655369
0.5528125	0.06572422
0.5561458	0.06591155
0.5594792	0.06609887
0.5628125	0.06631296
0.5661458	0.06650028
0.5694792	0.06668761
0.5728125	0.06684817
0.5761458	0.06700874
0.5794792	0.0671693
0.5828125	0.0673031
0.5861458	0.06743691
0.5894791	0.06757071
0.5928125	0.06770451
0.5961458	0.06783832
0.5994791	0.06797212
0.6028125	0.06807916
0.6061459	0.06815944
0.6094792	0.06821297
0.6128125	0.06823973
0.6161458	0.06823973
0.6194792	0.06815944
0.6228125	0.0680524
0.6261458	0.0679186
0.6294792	0.06775803
0.6328125	0.06759747
0.6361458	0.06746367
0.6394792	0.06732986
0.6428125	0.06724958
0.6461458	0.06719606
0.6494792	0.06722282
0.6528125	0.06727634
0.6561458	0.06738338
0.6594791	0.06751719
0.6628125	0.06765099
0.6661459	0.0677848
0.6694792	0.0679186
0.6728125	0.06802564
0.6761459	0.06807916
0.6794792	0.06810592
0.6828125	0.0680524
0.6861458	0.06794536
0.6894792	0.0677848
0.6928125	0.06757071
0.6961458	0.06735662
0.6994792	0.06708902
0.7028125	0.06684817
0.7061458	0.06658056
0.7094792	0.06633972
0.7128125	0.06609887
0.7161458	0.06588479
0.7194791	0.06569746
0.7228125	0.0655369
0.7261458	0.06537633
0.7294792	0.06521577
0.7328125	0.06508197
0.7361459	0.0649214
0.7394792	0.0647876
0.7428125	0.0646538
0.7461458	0.06451999
0.7494792	0.06435943
0.7528125	0.06422562
0.7561458	0.06409182
0.7594792	0.06395802
0.7628125	0.06382421
0.7661458	0.06369041
0.7694792	0.06355661
0.7728125	0.06344956
0.7761458	0.06334252
0.7794791	0.06323548
0.7828125	0.06312844
0.7861458	0.06302139
0.7894792	0.06288759
0.7928125	0.06278055
0.7961459	0.06264674
0.7994792	0.06248618
0.8028125	0.06229886
0.8061458	0.06208477
0.8094792	0.06187069
0.8128125	0.0616566
0.8161458	0.06144251
0.8194792	0.06125519
0.8228125	0.06109463
0.8261458	0.06096082
0.8294792	0.06088054
0.8328125	0.06085378
0.8361458	0.06085378
0.8394791	0.06088054
0.8428125	0.0609073
0.8461458	0.06096082
0.8494791	0.06101434
0.8528125	0.0610411
0.8561459	0.06106786
0.8594792	0.06109463
0.8628125	0.06112139
0.8661458	0.06109463
0.8694792	0.06109463
0.8728125	0.06106786
0.8761458	0.06101434
0.8794792	0.06098758
0.8828125	0.06093406
0.8861458	0.0609073
0.8894792	0.06088054
0.8928125	0.06088054
0.8961458	0.06088054
0.8994792	0.06093406
0.9028125	0.06096082
0.9061458	0.06098758
0.9094791	0.06101434
0.9128125	0.06101434
0.9161459	0.06101434
0.9194792	0.06101434
0.9228125	0.06101434
0.9261459	0.06098758
0.9294792	0.06101434
0.9328125	0.06106786
0.9361458	0.06114815
0.9394792	0.06128195
0.9428125	0.06146927
0.9461458	0.06168336
0.9494792	0.06189745
0.9528125	0.06211153
0.9561458	0.06232562
0.9594792	0.06248618
0.9628125	0.06259322
0.9661458	0.06264674
0.9694791	0.06261998
0.9728125	0.0625397
0.9761458	0.0624059
0.9794792	0.06224533
0.9828125	0.06208477
0.9861459	0.06195097
0.9894792	0.06181716
0.9928125	0.06173688
0.9961458	0.06168336
0.9994792	0.0616566
1.002813	0.0616566
1.006146	0.06168336
1.009479	0.06171012
1.012812	0.06171012
1.016146	0.06173688
1.019479	0.06171012
1.022812	0.06162984
1.026146	0.0615228
1.029479	0.06136223
1.032812	0.06117491
1.036146	0.06096082
1.039479	0.06074674
1.042812	0.06053265
1.046146	0.06037209
1.049479	0.06021152
1.052812	0.06013124
1.056146	0.06007772
1.059479	0.06007772
1.062812	0.06007772
1.066146	0.06007772
1.069479	0.06007772
1.072813	0.06005096
1.076146	0.0600242
1.079479	0.05994392
1.082813	0.05986363
1.086146	0.05975659
1.089479	0.05967631
1.092813	0.05959603
1.096146	0.05951575
1.099479	0.05948898
1.102813	0.05946222
1.106146	0.05943546
1.109479	0.05943546
1.112813	0.0594087
1.116146	0.05938194
1.119479	0.05932842
1.122813	0.0592749
1.126146	0.05922138
1.129479	0.0591411
1.132813	0.05906081
1.136146	0.05895377
1.139479	0.05887349
1.142812	0.05881997
1.146146	0.05876645
1.149479	0.05873969
1.152812	0.05876645
1.156146	0.05879321
1.159479	0.05884673
1.162812	0.05892701
1.166146	0.05903405
1.169479	0.0591411
1.172812	0.05924814
1.176146	0.05932842
1.179479	0.05943546
1.182812	0.05954251
1.186146	0.05962279
1.189479	0.05972983
1.192812	0.05983687
1.196146	0.05991716
1.199479	0.05999744
1.202813	0.06005096
1.206146	0.06010448
1.209479	0.06010448
1.212813	0.06007772
1.216146	0.05999744
1.219479	0.05994392
1.222813	0.05986363
1.226146	0.05975659
1.229479	0.05967631
1.232813	0.05959603
1.236146	0.05951575
1.239479	0.05943546
1.242813	0.05938194
1.246146	0.05930166
1.249479	0.05919462
1.252813	0.05908757
1.256146	0.05898053
1.259479	0.05884673
1.262812	0.05871292
1.266146	0.05857912
1.269479	0.05847208
1.272812	0.05831151
1.276146	0.05817771
1.279479	0.05807067
1.282812	0.05796363
1.286146	0.05788334
1.289479	0.05780306
1.292812	0.05772278
1.296146	0.05769602
1.299479	0.05766926
1.302812	0.05766926
1.306146	0.05769602
1.309479	0.05769602
1.312812	0.05772278
1.316146	0.05774954
1.319479	0.05780306
1.322813	0.05785658
1.326146	0.05793687
1.329479	0.05804391
1.332813	0.05820447
1.336146	0.0583918
1.339479	0.05860588
1.342813	0.05884673
1.346146	0.05911434
1.349479	0.05938194
1.352813	0.05962279
1.356146	0.05983687
1.359479	0.0600242
1.362813	0.06013124
1.366146	0.06021152
1.369479	0.06021152
1.372813	0.060158
1.376146	0.06005096
1.379479	0.05994392
1.382813	0.05981011
1.386146	0.05970307
1.389479	0.05962279
1.392812	0.05956927
1.396146	0.05956927
1.399479	0.05962279
1.402812	0.05972983
1.406146	0.05983687
1.409479	0.05999744
1.412812	0.06013124
1.416146	0.06026504
1.419479	0.06037209
1.422812	0.06045237
1.426146	0.06050589
1.429479	0.06053265
1.432812	0.06053265
1.436146	0.06053265
1.439479	0.06047913
1.442812	0.06042561
1.446146	0.06037209
1.449479	0.06031857
1.452813	0.06026504
1.456146	0.06021152
1.459479	0.060158
1.462813	0.060158
1.466146	0.060158
1.469479	0.06018476
1.472813	0.06021152
1.476146	0.06023828
1.479479	0.06029181
1.482813	0.06029181
1.486146	0.06029181
1.489479	0.06023828
1.492813	0.06018476
1.496146	0.06010448
1.499479	0.05999744
1.502813	0.05991716
1.506146	0.05981011
1.509479	0.05972983
1.512812	0.05967631
1.516146	0.05956927
1.519479	0.05948898
1.522812	0.05935518
1.526146	0.05922138
1.529479	0.05903405
1.532812	0.05881997
1.536146	0.05860588
1.539479	0.0583918
1.542812	0.05820447
1.546146	0.05807067
1.549479	0.05799039
1.552812	0.05793687
1.556146	0.05793687
1.559479	0.05796363
1.562812	0.05799039
1.566146	0.05804391
1.569479	0.05809743
1.572813	0.05809743
1.576146	0.05812419
1.579479	0.05809743
1.582813	0.05807067
1.586146	0.05804391
1.589479	0.05799039
1.592813	0.05796363
1.596146	0.0579101
1.599479	0.05785658
1.602813	0.05782982
1.606146	0.0577763
1.609479	0.05772278
1.612813	0.05766926
1.616146	0.05761574
1.619479	0.05756222
1.622813	0.05753546
1.626146	0.05748193
1.629479	0.05745517
1.632813	0.05740165
1.636146	0.05732137
1.639479	0.05724109
1.642812	0.05716081
1.646146	0.05705376
1.649479	0.05691996
1.652812	0.05678616
1.656146	0.05667911
1.659479	0.05657207
1.662812	0.05649179
1.666146	0.05646503
1.669479	0.05646503
1.672812	0.05649179
1.676146	0.05654531
1.679479	0.05659883
1.682812	0.05665235
1.686146	0.05667911
1.689479	0.05665235
1.692812	0.05659883
1.696146	0.05654531
1.699479	0.05646503
1.702813	0.05638475
1.706146	0.05630446
1.709479	0.05625094
1.712813	0.05625094
1.716146	0.05630446
1.719479	0.05641151
1.722813	0.05654531
1.726146	0.05673263
1.729479	0.0568932
1.732813	0.05705376
1.736146	0.05716081
1.739479	0.05721433
1.742813	0.05721433
1.746146	0.05710728
1.749479	0.05694672
1.752813	0.05670587
1.756146	0.05643827
1.759479	0.05617066
1.762812	0.05590305
1.766146	0.05566221
1.769479	0.05550164
1.772812	0.0553946
1.776146	0.05534108
1.779479	0.05534108
1.782812	0.05536784
1.786146	0.0553946
1.789479	0.05544812
1.792812	0.05547488
1.796146	0.05550164
1.799479	0.05550164
1.802812	0.05550164
1.806146	0.05550164
1.809479	0.0555284
1.812812	0.05558193
1.816146	0.05566221
1.819479	0.05576925
1.822813	0.05587629
1.826146	0.05598334
1.829479	0.05611714
1.832813	0.05625094
1.836146	0.05638475
1.839479	0.05651855
1.842813	0.05665235
1.846146	0.05681292
1.849479	0.05694672
1.852813	0.05713404
1.856146	0.05729461
1.859479	0.05745517
1.862813	0.05758898
1.866146	0.05769602
1.869479	0.0577763
1.872813	0.05780306
1.876146	0.05782982
1.879479	0.05780306
1.882813	0.05774954
1.886146	0.05766926
1.889479	0.05756222
1.892812	0.05745517
1.896146	0.05732137
1.899479	0.05721433
1.902812	0.05710728
1.906146	0.057027
1.909479	0.05697348
1.912812	0.05691996
1.916146	0.05691996
1.919479	0.05691996
1.922812	0.05697348
1.926146	0.057027
1.929479	0.05710728
1.932812	0.05716081
1.936146	0.05721433
1.939479	0.05721433
1.942812	0.05721433
1.946146	0.05718757
1.949479	0.05713404
1.952813	0.05705376
1.956146	0.05694672
1.959479	0.05683968
1.962813	0.05673263
1.966146	0.05659883
1.969479	0.05649179
1.972813	0.05635799
1.976146	0.05622418
1.979479	0.05609038
1.982813	0.05595658
1.986146	0.05584953
1.989479	0.05574249
1.992813	0.05568897
1.996146	0.05568897
1.999479	0.05576925
2.002812	0.05587629
2.006146	0.05603686
2.009479	0.05622418
2.012813	0.05643827
2.016146	0.05665235
2.019479	0.05683968
2.022813	0.05697348
2.026146	0.05708052
2.029479	0.05713404
2.032813	0.05713404
2.036146	0.05710728
2.039479	0.057027
2.042813	0.05694672
2.046146	0.05683968
2.049479	0.0567594
2.052813	0.05667911
2.056146	0.05659883
2.059479	0.05657207
2.062813	0.05654531
2.066146	0.05657207
2.069479	0.05665235
2.072813	0.0567594
2.076146	0.05691996
2.079479	0.05708052
2.082813	0.05724109
2.086146	0.05740165
2.089479	0.05753546
2.092813	0.05761574
2.096146	0.0576425
2.099479	0.0576425
2.102813	0.05756222
2.106146	0.05745517
2.109479	0.05734813
2.112813	0.05724109
2.116146	0.05716081
2.119479	0.05713404
2.122813	0.05713404
2.126146	0.05721433
2.129479	0.05729461
2.132813	0.05742841
2.136146	0.05756222
2.139479	0.0576425
2.142812	0.05772278
2.146146	0.05774954
2.149479	0.05772278
2.152812	0.05766926
2.156146	0.05758898
2.159479	0.05750869
2.162812	0.05745517
2.166146	0.05740165
2.169479	0.05737489
2.172812	0.05737489
2.176146	0.05737489
2.179479	0.05740165
2.182812	0.05740165
2.186146	0.05740165
2.189479	0.05742841
2.192812	0.05745517
2.196146	0.05750869
2.199479	0.05756222
2.202812	0.05766926
2.206146	0.05780306
2.209479	0.05793687
2.212812	0.05807067
2.216146	0.05823123
2.219479	0.05833828
2.222812	0.05841856
2.226146	0.05847208
2.229479	0.05849884
2.232812	0.05847208
2.236146	0.05841856
2.239479	0.05831151
2.242812	0.05820447
2.246146	0.05804391
2.249479	0.05788334
2.252812	0.05769602
2.256146	0.05750869
2.259479	0.05732137
2.262813	0.05716081
2.266146	0.057027
2.269479	0.0568932
2.272813	0.05681292
2.276146	0.05670587
2.279479	0.05665235
2.282813	0.05659883
2.286146	0.05654531
2.289479	0.05651855
2.292813	0.05651855
2.296146	0.05651855
2.299479	0.05651855
2.302813	0.05651855
2.306146	0.05651855
2.309479	0.05651855
2.312813	0.05649179
2.316146	0.05646503
2.319479	0.05638475
2.322813	0.0562777
2.326146	0.0561439
2.329479	0.05595658
2.332813	0.05571573
2.336146	0.05550164
2.339479	0.05523404
2.342813	0.05496643
2.346146	0.05469882
2.349479	0.05445798
2.352813	0.05421713
2.356146	0.05402981
2.359479	0.053896
2.362813	0.0537622
2.366146	0.05368192
2.369479	0.0536284
2.372813	0.05360164
2.376146	0.05360164
2.379479	0.05360164
2.382813	0.05360164
2.386146	0.05360164
2.389479	0.05357488
2.392812	0.05354811
2.396146	0.05352135
2.399479	0.05349459
2.402812	0.05346783
2.406146	0.05346783
2.409479	0.05346783
2.412812	0.05352135
2.416146	0.05357488
2.419479	0.05365516
2.422812	0.0537622
2.426146	0.05381572
2.429479	0.05386924
2.432812	0.05386924
2.436146	0.05381572
2.439479	0.05368192
2.442812	0.05352135
2.446146	0.05333403
2.449479	0.05311994
2.452812	0.05290586
2.456146	0.05271853
2.459479	0.05255797
2.462812	0.05245093
2.466146	0.05237064
2.469479	0.05234388
2.472812	0.05237064
2.476146	0.05242417
2.479479	0.05250445
2.482812	0.05258473
2.486146	0.05269177
2.489479	0.05282558
2.492812	0.05295938
2.496146	0.05306642
2.499479	0.05320023
2.502812	0.05333403
2.506146	0.05344107
2.509479	0.05354811
2.512813	0.0536284
2.516146	0.05368192
2.519479	0.05370868
2.522813	0.05370868
2.526146	0.05368192
2.529479	0.05360164
2.532813	0.05349459
2.536146	0.05338755
2.539479	0.05325375
2.542813	0.05311994
2.546146	0.0530129
2.549479	0.05290586
2.552813	0.0528791
2.556146	0.0528791
2.559479	0.05293262
2.562813	0.0530129
2.566146	0.05311994
2.569479	0.05325375
2.572813	0.05336079
2.576146	0.05344107
2.579479	0.05346783
2.582813	0.05341431
2.586146	0.05333403
2.589479	0.05317347
2.592813	0.05295938
2.596146	0.05271853
2.599479	0.05247769
2.602813	0.0522636
2.606146	0.05204952
2.609479	0.05186219
2.612813	0.05170163
2.616146	0.05159458
2.619479	0.05154106
2.622813	0.0515143
2.626146	0.05154106
2.629479	0.05159458
2.632813	0.05167487
2.636146	0.05175515
2.639479	0.05186219
2.642812	0.05196923
2.646146	0.05204952
2.649479	0.0521298
2.652812	0.05215656
2.656146	0.05218332
2.659479	0.05215656
2.662812	0.05210304
2.666146	0.05204952
2.669479	0.05199599
2.672812	0.05194247
2.676146	0.05191571
2.679479	0.05188895
2.682812	0.05186219
2.686146	0.05186219
2.689479	0.05183543
2.692812	0.05183543
2.696146	0.05180867
2.699479	0.05178191
2.702812	0.05172839
2.706146	0.05167487
2.709479	0.05164811
2.712812	0.05162134
2.716146	0.05162134
2.719479	0.05164811
2.722812	0.05167487
2.726146	0.05172839
2.729479	0.05178191
2.732812	0.05183543
2.736146	0.05191571
2.739479	0.05199599
2.742812	0.05204952
2.746146	0.05210304
2.749479	0.0521298
2.752812	0.05218332
2.756146	0.05221008
2.759479	0.0522636
2.762813	0.05229036
2.766146	0.05231712
2.769479	0.05237064
2.772813	0.0523974
2.776146	0.05242417
2.779479	0.05245093
2.782813	0.05247769
2.786146	0.05247769
2.789479	0.05247769
2.792813	0.05245093
2.796146	0.05245093
2.799479	0.05242417
2.802813	0.05242417
2.806146	0.05245093
2.809479	0.05250445
2.812813	0.05255797
2.816146	0.05263825
2.819479	0.05274529
2.822813	0.05285234
2.826146	0.05295938
2.829479	0.05306642
2.832813	0.0531467
2.836146	0.05320023
2.839479	0.05322699
2.842813	0.05320023
2.846146	0.05317347
2.849479	0.05309318
2.852813	0.05303966
2.856146	0.05295938
2.859479	0.05290586
2.862813	0.05285234
2.866146	0.05282558
2.869479	0.05282558
2.872813	0.05285234
2.876146	0.0528791
2.879479	0.05293262
2.882813	0.05298614
2.886146	0.0530129
2.889479	0.05303966
2.892812	0.05306642
2.896146	0.05309318
2.899479	0.05311994
2.902812	0.05311994
2.906146	0.0531467
2.909479	0.0531467
2.912812	0.05317347
2.916146	0.05317347
2.919479	0.05317347
2.922812	0.05317347
2.926146	0.05317347
2.929479	0.05317347
2.932812	0.05317347
2.936146	0.05317347
2.939479	0.05322699
2.942812	0.05328051
2.946146	0.05336079
2.949479	0.05344107
2.952812	0.05352135
2.956146	0.05360164
2.959479	0.0536284
2.962812	0.0536284
2.966146	0.0536284
2.969479	0.05357488
2.972812	0.05352135
2.976146	0.05344107
2.979479	0.05336079
2.982812	0.05330727
2.986146	0.05325375
2.989479	0.05320023
2.992812	0.0531467
2.996146	0.05311994
2.999479	0.05303966
3.002812	0.05298614
3.006146	0.05290586
3.009479	0.05282558
3.012813	0.05274529
3.016146	0.05266501
3.019479	0.05258473
3.022813	0.05253121
3.026146	0.05250445
3.029479	0.05247769
3.032813	0.05245093
3.036146	0.05245093
3.039479	0.05242417
3.042813	0.0523974
3.046146	0.05237064
3.049479	0.05229036
3.052813	0.05221008
3.056146	0.0521298
3.059479	0.05204952
3.062813	0.05199599
3.066146	0.05194247
3.069479	0.05188895
3.072813	0.05188895
3.076146	0.05191571
3.079479	0.05199599
3.082813	0.05207628
3.086146	0.05215656
3.089479	0.0522636
3.092813	0.05231712
3.096146	0.05234388
3.099479	0.05231712
3.102813	0.05223684
3.106146	0.0521298
3.109479	0.05196923
3.112813	0.05180867
3.116146	0.05162134
3.119479	0.05148754
3.122813	0.05140726
3.126146	0.05135374
3.129479	0.0513805
3.132813	0.05146078
3.136146	0.05159458
3.139479	0.05172839
3.142812	0.05188895
3.146146	0.05202276
3.149479	0.05210304
3.152812	0.05215656
3.156146	0.05215656
3.159479	0.05210304
3.162812	0.05202276
3.166146	0.05188895
3.169479	0.05175515
3.172812	0.05159458
3.176146	0.05140726
3.179479	0.0512467
3.182812	0.05108613
3.186146	0.05092557
3.189479	0.05081852
3.192812	0.05073824
3.196146	0.05071148
3.199479	0.05068472
3.202812	0.05071148
3.206146	0.050765
3.209479	0.05084529
3.212812	0.05089881
3.216146	0.05092557
3.219479	0.05095233
3.222812	0.05092557
3.226146	0.05087205
3.229479	0.05079176
3.232812	0.05071148
3.236146	0.05060444
3.239479	0.05052416
3.242812	0.05044388
3.246146	0.05036359
3.249479	0.05031007
3.252812	0.05022979
3.256146	0.05012275
3.259479	0.0500157
3.262813	0.0498819
3.266146	0.0497481
3.269479	0.04956077
3.272813	0.04942697
3.276146	0.04926641
3.279479	0.04915936
3.282813	0.04910584
3.286146	0.04910584
3.289479	0.04915936
3.292813	0.04926641
3.296146	0.04937345
3.299479	0.04950725
3.302813	0.04961429
3.306146	0.04969458
3.309479	0.0497481
3.312813	0.04972134
3.316146	0.04969458
3.319479	0.04958753
3.322813	0.04945373
3.326146	0.04931993
3.329479	0.04915936
3.332813	0.04902556
3.336146	0.048865
3.339479	0.04873119
3.342813	0.04862415
3.346146	0.04851711
3.349479	0.04843682
3.352813	0.0483833
3.356146	0.04835654
3.359479	0.04832978
3.362813	0.04830302
3.366146	0.04830302
3.369479	0.04832978
3.372813	0.04832978
3.376146	0.04832978
3.379479	0.04830302
3.382813	0.0482495
3.386146	0.04816922
3.389479	0.0481157
3.392812	0.04806217
3.396146	0.04803541
3.399479	0.04806217
3.402812	0.0481157
3.406146	0.0482495
3.409479	0.04843682
3.412812	0.04867767
3.416146	0.04894528
3.419479	0.04921288
3.422812	0.04948049
3.426146	0.04969458
3.429479	0.0498819
3.432812	0.04998894
3.436146	0.0500157
3.439479	0.04998894
3.442812	0.04990866
3.446146	0.04977486
3.449479	0.04961429
3.452812	0.04945373
3.456146	0.04931993
3.459479	0.04918612
3.462812	0.04910584
3.466146	0.04905232
3.469479	0.04905232
3.472812	0.04910584
3.476146	0.04918612
3.479479	0.04926641
3.482812	0.04931993
3.486146	0.04937345
3.489479	0.04940021
3.492812	0.04940021
3.496146	0.04937345
3.499479	0.04931993
3.502812	0.04921288
3.506146	0.0491326
3.509479	0.04902556
3.512813	0.04891852
3.516146	0.04883823
3.519479	0.04873119
3.522813	0.04862415
3.526146	0.04849035
3.529479	0.04835654
3.532813	0.04822274
3.536146	0.04808894
3.539479	0.04798189
3.542813	0.04790161
3.546146	0.04784809
3.549479	0.04782133
3.552813	0.04787485
3.556146	0.04798189
3.559479	0.04814246
3.562813	0.04832978
3.566146	0.04854387
3.569479	0.04875795
3.572813	0.04894528
3.576146	0.04907908
3.579479	0.04918612
3.582813	0.04918612
3.586146	0.0491326
3.589479	0.04902556
3.592813	0.04883823
3.596146	0.04862415
3.599479	0.0483833
3.602813	0.04816922
3.606146	0.04795513
3.609479	0.04779457
3.612813	0.04768753
3.616146	0.04766077
3.619479	0.04768753
3.622813	0.04779457
3.626146	0.04795513
3.629479	0.04816922
3.632813	0.04843682
3.636146	0.04867767
3.639479	0.04891852
3.642812	0.0491326
3.646146	0.04929317
3.649479	0.04940021
3.652812	0.04948049
3.656146	0.04948049
3.659479	0.04942697
3.662812	0.04934669
3.666146	0.04926641
3.669479	0.0491326
3.672812	0.0489988
3.676146	0.04883823
3.679479	0.04870443
3.682812	0.04857063
3.686146	0.04843682
3.689479	0.04832978
3.692812	0.0482495
3.696146	0.04819598
3.699479	0.04816922
3.702812	0.04816922
3.706146	0.04816922
3.709479	0.04819598
3.712812	0.04822274
3.716146	0.04822274
3.719479	0.04822274
3.722812	0.04822274
3.726146	0.04822274
3.729479	0.04822274
3.732812	0.0482495
3.736146	0.04830302
3.739479	0.0483833
3.742812	0.04846359
3.746146	0.04854387
3.749479	0.04865091
3.752812	0.04873119
3.756146	0.04878471
3.759479	0.04878471
3.762813	0.04875795
3.766146	0.04873119
3.769479	0.04865091
3.772813	0.04857063
3.776146	0.04851711
3.779479	0.04846359
3.782813	0.04846359
3.786146	0.04849035
3.789479	0.04854387
3.792813	0.04867767
3.796146	0.04883823
3.799479	0.04905232
3.802813	0.04923964
3.806146	0.04945373
3.809479	0.04964105
3.812813	0.04977486
3.816146	0.0498819
3.819479	0.04993542
3.822813	0.04993542
3.826146	0.04985514
3.829479	0.04972134
3.832813	0.04956077
3.836146	0.04937345
3.839479	0.04915936
3.842813	0.0489988
3.846146	0.048865
3.849479	0.04875795
3.852813	0.04873119
3.856146	0.04878471
3.859479	0.04889176
3.862813	0.04907908
3.866146	0.04926641
3.869479	0.04950725
3.872813	0.04972134
3.876146	0.04993542
3.879479	0.05014951
3.882813	0.05031007
3.886146	0.05047064
3.889479	0.0506312
3.892812	0.050765
3.896146	0.05089881
3.899479	0.05105937
3.902812	0.0512467
3.906146	0.05143402
3.909479	0.05167487
3.912812	0.05188895
3.916146	0.0521298
3.919479	0.05234388
3.922812	0.05255797
3.926146	0.05277205
3.929479	0.05293262
3.932812	0.05309318
3.936146	0.05325375
3.939479	0.05338755
3.942812	0.05354811
3.946146	0.05368192
3.949479	0.05381572
3.952812	0.05397629
3.956146	0.05411009
3.959479	0.05427065
3.962812	0.05443122
3.966146	0.05459178
3.969479	0.05472558
3.972812	0.05488615
3.976146	0.05501995
3.979479	0.05515375
3.982812	0.05528756
3.986146	0.05544812
3.989479	0.05558193
3.992812	0.05571573
3.996146	0.05587629
3.999479	0.0560101
4.002812	0.05619742
4.006146	0.05638475
4.009479	0.05657207
4.012813	0.05678616
4.016146	0.05700024
4.019479	0.05721433
4.022812	0.05745517
4.026146	0.05769602
4.029479	0.05793687
4.032813	0.05815095
4.036146	0.05836504
4.039479	0.05855236
4.042812	0.05871292
4.046146	0.05887349
4.049479	0.05900729
4.052813	0.05916786
4.056146	0.05932842
4.059479	0.05951575
4.062812	0.05972983
4.066146	0.05997068
4.069479	0.06023828
4.072813	0.06055941
4.076146	0.06088054
4.079479	0.06122843
4.082812	0.06160308
4.086146	0.06195097
4.089479	0.06235238
4.092813	0.06275379
4.096146	0.06318196
4.099479	0.06369041
4.102812	0.06422562
4.106146	0.06486788
4.109479	0.06559042
4.112813	0.06639324
4.116146	0.06722282
4.119479	0.06813268
4.122812	0.06906931
4.126146	0.07003269
4.129479	0.07099608
4.132813	0.07195946
4.136146	0.07292285
4.139479	0.07391299
4.142813	0.0749299
4.146146	0.07600032
4.149479	0.07715103
4.152812	0.07835526
4.156146	0.07966654
4.159479	0.08105809
4.162813	0.08252993
4.166146	0.08410881
4.169479	0.08576797
4.172812	0.08753418
4.176146	0.08940742
4.179479	0.09141447
4.182813	0.09358209
4.186146	0.09591027
4.189479	0.09842577
4.192812	0.1011554
4.196146	0.104099
4.199479	0.1072836
4.202813	0.1107089
4.206146	0.1143216
4.209479	0.1181484
4.212812	0.122216
4.216146	0.126471
4.219479	0.1309935
4.222813	0.1357837
4.226146	0.1408414
4.229479	0.1461936
4.232812	0.1518668
4.236146	0.1578612
4.239479	0.1642303
4.242813	0.1709472
4.246146	0.1779853
4.249479	0.1853712
4.252812	0.1930783
4.256146	0.2011065
4.259479	0.2094291
4.262813	0.2180728
4.266146	0.2270108
4.269479	0.2362165
4.272812	0.2457165
4.276146	0.2554574
4.279479	0.2654392
4.282813	0.2756082
4.286146	0.2859914
4.289479	0.2965083
4.292812	0.307159
4.296146	0.3179168
4.299479	0.3287549
4.302813	0.3397001
4.306146	0.3506719
4.309479	0.3616706
4.312812	0.372696
4.316146	0.3836411
4.319479	0.3944792
4.322813	0.4051299
4.326146	0.4155398
4.329479	0.4256554
4.332812	0.4353695
4.336146	0.4446822
4.339479	0.4535132
4.342813	0.4618358
4.346146	0.4695696
4.349479	0.4767147
4.352812	0.4832443
4.356146	0.4891049
4.359479	0.4942965
4.362813	0.4987655
4.366146	0.5025388
4.369479	0.5055359
4.372812	0.5077838
4.376146	0.5092824
4.379479	0.510005
4.382813	0.5099515
4.386146	0.5091486
4.389479	0.5075965
4.392813	0.5052951
4.396146	0.5022444
4.399479	0.4984979
4.402812	0.4940289
4.406146	0.4888908
4.409479	0.4831373
4.412813	0.476795
4.416146	0.4699443
4.419479	0.4625851
4.422812	0.4548245
4.426146	0.446716
4.429479	0.4383132
4.432813	0.4296159
4.436146	0.4207314
4.439479	0.4116328
4.442812	0.4024003
4.446146	0.3930341
4.449479	0.3836143
4.452813	0.3741678
4.456146	0.3647481
4.459479	0.3553551
4.462812	0.3460423
4.466146	0.3368634
4.469479	0.3278183
4.472813	0.3189873
4.476146	0.3103703
4.479479	0.3019675
4.482812	0.2938322
4.486146	0.2859646
4.489479	0.2783646
4.492813	0.2710589
4.496146	0.2640209
4.499479	0.2572772
4.502812	0.2508278
4.506146	0.2446461
4.509479	0.238732
4.512813	0.2331123
4.516146	0.2277869
4.519479	0.2227826
4.522812	0.218046
4.526146	0.2136305
4.529479	0.2095361
4.532813	0.2057361
4.536146	0.2022037
4.539479	0.1989389
4.542812	0.1959417
4.546146	0.1931586
4.549479	0.1905628
4.552813	0.1881543
4.556146	0.1859332
4.559479	0.1838726
4.562812	0.1819994
4.566146	0.1802867
4.569479	0.1787613
4.572813	0.1773965
4.576146	0.1761923
4.579479	0.1751219
4.582812	0.1741852
4.586146	0.1733289
4.589479	0.1725528
4.592813	0.1718303
4.596146	0.1711345
4.599479	0.1704388
4.602812	0.1697697
4.606146	0.1691007
4.609479	0.1684585
4.612813	0.167843
4.616146	0.1672275
4.619479	0.166612
4.622812	0.1659965
4.626146	0.165381
4.629479	0.1647387
4.632813	0.164043
4.636146	0.1633204
4.639479	0.1625711
4.642813	0.1617683
4.646146	0.1609655
4.649479	0.1601359
4.652812	0.1593331
4.656146	0.1585303
4.659479	0.157781
4.662813	0.1570317
4.666146	0.1563091
4.669479	0.1556133
4.672812	0.1549176
4.676146	0.154195
4.679479	0.1534992
4.682813	0.1527767
4.686146	0.1520542
4.689479	0.1513316
4.692812	0.1506091
4.696146	0.1499401
4.699479	0.1492711
4.702813	0.1486556
4.706146	0.1481204
4.709479	0.1476654
4.712812	0.1472908
4.716146	0.1470499
4.719479	0.1469696
4.722813	0.1470232
4.726146	0.147264
4.729479	0.1476922
4.732812	0.1483077
4.736146	0.1491908
4.739479	0.1502612
4.742813	0.151626
4.746146	0.1532316
4.749479	0.1551317
4.752812	0.157326
4.756146	0.1598415
4.759479	0.1627317
4.762813	0.1659697
4.766146	0.1695824
4.769479	0.1736233
4.772812	0.1780923
4.776146	0.1829895
4.779479	0.1883952
4.782813	0.1942825
4.786146	0.2006783
4.789479	0.2076629
4.792812	0.2152094
4.796146	0.2233981
4.799479	0.2322292
4.802813	0.241756
4.806146	0.2520053
4.809479	0.2630307
4.812812	0.2748322
4.816146	0.2875167
4.819479	0.3010576
4.822813	0.3155619
4.826146	0.3310563
4.829479	0.347648
4.832812	0.3653635
4.836146	0.3842833
4.839479	0.4045412
4.842813	0.4261906
4.846146	0.4493653
4.849479	0.4741725
4.852812	0.5007725
4.856146	0.5293262
4.859479	0.560101
4.862813	0.5932842
4.866146	0.6292506
4.869479	0.668348
4.872812	0.710951
4.876146	0.7575948
4.879479	0.8088148
4.882813	0.8653065
4.886146	0.9278462
4.889479	0.9972366
4.892813	1.074521
4.896146	1.160878
4.899479	1.257538
4.902812	1.366052
4.906146	1.488081
4.909479	1.625551
4.912813	1.780522
4.916146	1.955429
4.919479	2.152896
4.922812	2.375813
4.926146	2.627444
4.929479	2.911348
4.932813	3.231379
4.936146	3.591684
4.939479	3.996814
4.942812	4.451612
4.946146	4.961189
4.949479	5.531058
4.952813	6.166945
4.956146	6.874845
4.959479	7.66094
4.962812	8.531598
4.966146	9.493324
4.969479	10.55259
4.972813	11.7158
4.976146	12.98921
4.979479	14.37862
4.982812	15.88953
4.986146	17.52672
4.989479	19.29434
4.992813	21.19561
4.996146	23.23271
4.999479	25.40667
5.002812	27.71721
5.006146	30.16276
5.009479	32.74022
5.012813	35.44481
5.016146	38.27015
5.019479	41.20794
5.022812	44.24801
5.026146	47.37834
5.029479	50.58496
5.032813	53.85207
5.036146	57.16198
5.039479	60.49548
5.042812	63.83198
5.046146	67.14968
5.049479	70.42605
5.052813	73.638
5.056146	76.76218
5.059479	79.77519
5.062812	82.65397
5.066146	85.37604
5.069479	87.9198
5.072813	90.26476
5.076146	92.39181
5.079479	94.28352
5.082812	95.92448
5.086146	97.30156
5.089479	98.40413
5.092813	99.22432
5.096146	99.75701
5.099479	100
5.102812	99.95392
5.106146	99.62206
5.109479	99.01044
5.112813	98.1275
5.116146	96.98394
5.119479	95.59246
5.122812	93.96758
5.126146	92.12535
5.129479	90.08322
5.132813	87.85972
5.136146	85.4743
5.139479	82.947
5.142813	80.2982
5.146146	77.54846
5.149479	74.71812
5.152812	71.82719
5.156146	68.89507
5.159479	65.9404
5.162813	62.98069
5.166146	60.03228
5.169479	57.1102
5.172812	54.22811
5.176146	51.39825
5.179479	48.63141
5.182813	45.93711
5.186146	43.3234
5.189479	40.79708
5.192812	38.36379
5.196146	36.02793
5.199479	33.79287
5.202813	31.66085
5.206146	29.63309
5.209479	27.70988
5.212812	25.89058
5.216146	24.17383
5.219479	22.55759
5.222813	21.03922
5.226146	19.61574
5.229479	18.2837
5.232812	17.03951
5.236146	15.87938
5.239479	14.79935
5.242813	13.7954
5.246146	12.86348
5.249479	11.99949
5.252812	11.19929
5.256146	10.45885
5.259479	9.774178
5.262813	9.141421
5.266146	8.556807
5.269479	8.016857
5.272812	7.518145
5.276146	7.057567
5.279479	6.632153
5.282813	6.239065
5.286146	5.875708
5.289479	5.539621
5.292812	5.228501
5.296146	4.940235
5.299479	4.672816
5.302813	4.424396
5.306146	4.193318
5.309479	3.978055
5.312812	3.777189
5.316146	3.589463
5.319479	3.413779
5.322813	3.249094
5.326146	3.094471
5.329479	2.949
5.332812	2.811932
5.336146	2.682544
5.339479	2.560194
5.342813	2.44432
5.346146	2.334388
5.349479	2.229967
5.352812	2.130685
5.356146	2.03622
5.359479	1.946277
5.362813	1.860616
5.366146	1.778996
5.369479	1.70123
5.372812	1.627103
5.376146	1.556481
5.379479	1.489178
5.382813	1.42506
5.386146	1.364019
5.389479	1.305948
5.392813	1.250714
5.396146	1.198263
5.399479	1.148515
5.402812	1.101389
5.406146	1.056779
5.409479	1.014631
5.412813	0.9748112
5.416146	0.9372928
5.419479	0.9019419
5.422812	0.8687319
5.426146	0.837529
5.429479	0.8083063
5.432813	0.7810104
5.436146	0.755561
5.439479	0.7319046
5.442812	0.7099608
5.446146	0.6896762
5.449479	0.670917
5.452813	0.6536296
5.456146	0.6376802
5.459479	0.6230154
5.462812	0.6095279
5.466146	0.597111
5.469479	0.5857109
5.472813	0.5752475
5.476146	0.5656404
5.479479	0.5568094
5.482812	0.5487009
5.486146	0.5412615
5.489479	0.5344107
5.492813	0.5280684
5.496146	0.5222078
5.499479	0.5167219
5.502812	0.5115839
5.506146	0.5067402
5.509479	0.5020838
5.512813	0.4976416
5.516146	0.4933331
5.519479	0.4891317
5.522812	0.4849838
5.526146	0.4809162
5.529479	0.4768485
5.532813	0.4727809
5.536146	0.4686598
5.539479	0.4644851
5.542812	0.4602034
5.546146	0.4557879
5.549479	0.4512653
5.552813	0.446609
5.556146	0.4418188
5.559479	0.4368948
5.562812	0.4318638
5.566146	0.4267525
5.569479	0.4215342
5.572813	0.4162624
5.576146	0.410937
5.579479	0.4055313
5.582812	0.4000454
5.586146	0.3944792
5.589479	0.3888327
5.592813	0.3831326
5.596146	0.3773523
5.599479	0.3715185
5.602812	0.3656847
5.606146	0.3598241
5.609479	0.3539903
5.612813	0.3481564
5.616146	0.3423761
5.619479	0.3366226
5.622812	0.3309225
5.626146	0.3252493
5.629479	0.3196295
5.632813	0.3140365
5.636146	0.3084703
5.639479	0.3029576
5.642813	0.2975252
5.646146	0.2921998
5.649479	0.286928
5.652812	0.2817632
5.656146	0.2767054
5.659479	0.2717279
5.662813	0.2668307
5.666146	0.2620138
5.669479	0.2572772
5.672812	0.2525673
5.676146	0.2479109
5.679479	0.2433081
5.682813	0.2387588
5.686146	0.234263
5.689479	0.2298475
5.692812	0.2254855
5.696146	0.221177
5.699479	0.2169756
5.702813	0.2128544
5.706146	0.2088671
5.709479	0.2049868
5.712812	0.2012135
5.716146	0.1976008
5.719479	0.1940684
5.722813	0.1906698
5.726146	0.1873783
5.729479	0.1841402
5.732812	0.1809825
5.736146	0.1778515
5.739479	0.1748007
5.742813	0.1717768
5.746146	0.1688064
5.749479	0.1659162
5.752812	0.1631063
5.756146	0.1604035
5.759479	0.157781
5.762813	0.1552922
5.766146	0.1529105
5.769479	0.1506359
5.772812	0.1484147
5.776146	0.1462739
5.779479	0.1441865
5.782813	0.1421527
5.786146	0.1401189
5.789479	0.1381119
5.792812	0.1361048
5.796146	0.1341513
5.799479	0.1321978
5.802813	0.130271
5.806146	0.128371
5.809479	0.1264977
5.812812	0.124678
5.816146	0.1229118
5.819479	0.1211723
5.822813	0.1194597
5.826146	0.1178005
5.829479	0.1161681
5.832812	0.1145892
5.836146	0.1130371
5.839479	0.1115385
5.842813	0.1100667
5.846146	0.1086216
5.849479	0.10723
5.852812	0.1058652
5.856146	0.104554
5.859479	0.1032695
5.862813	0.1020385
5.866146	0.100861
5.869479	0.09976381
5.872812	0.09869338
5.876146	0.09770323
5.879479	0.09679337
5.882813	0.09593703
5.886146	0.09513421
5.889479	0.09435815
5.892813	0.09363561
5.896146	0.09288631
5.899479	0.09213701
5.902812	0.09136095
5.906146	0.09058489
5.909479	0.08975531
5.912813	0.08889897
5.916146	0.08806939
5.919479	0.08726657
5.922812	0.08649051
5.926146	0.08576797
5.929479	0.08515248
5.932813	0.0845905
5.936146	0.08410881
5.939479	0.08373416
5.942812	0.08341303
5.946146	0.08314542
5.949479	0.08293134
5.952813	0.08274401
5.956146	0.08263697
5.959479	0.08252993
5.962812	0.08247641
5.966146	0.08244965
5.969479	0.08242289
5.972813	0.08244965
5.976146	0.08247641
5.979479	0.08250317
5.982812	0.08252993
5.986146	0.08258345
5.989479	0.08266373
5.992813	0.08277078
5.996146	0.08293134
5.999479	0.08319895
6.002812	0.08352007
6.006146	0.08392148
6.009479	0.0844567
6.012813	0.08507219
6.016146	0.08579473
6.019479	0.08662431
6.022812	0.08753418
6.026146	0.08857784
6.029479	0.08967503
6.032813	0.09087926
6.036146	0.09216377
6.039479	0.09347504
6.042812	0.09481308
6.046146	0.09617788
6.049479	0.09756943
6.052813	0.09890747
6.056146	0.1002723
6.059479	0.1016103
6.062812	0.1029751
6.066146	0.1043666
6.069479	0.105785
6.072813	0.1072568
6.076146	0.1087554
6.079479	0.1102808
6.082812	0.1118061
6.086146	0.1133047
6.089479	0.1147765
6.092813	0.1161681
6.096146	0.1174794
6.099479	0.1186836
6.102812	0.119754
6.106146	0.1207174
6.109479	0.1215738
6.112813	0.1223231
6.116146	0.1229385
6.119479	0.1234202
6.122812	0.1237949
6.126146	0.124009
6.129479	0.124116
6.132813	0.1240625
6.136146	0.1238752
6.139479	0.1235273
6.142813	0.1230456
6.146146	0.1224569
6.149479	0.1217343
6.152812	0.1209047
6.156146	0.1199681
6.159479	0.1189244
6.162813	0.1178005
6.166146	0.1165427
6.169479	0.115178
6.172812	0.1137061
6.176146	0.1121272
6.179479	0.1104681
6.182813	0.1087554
6.186146	0.107016
6.189479	0.1052497
6.192812	0.1034835
6.196146	0.1017441
6.199479	0.1000582
6.202813	0.09839901
6.206146	0.09676661
6.209479	0.09516097
6.212812	0.09355533
6.216146	0.09200321
6.219479	0.09042433
6.222813	0.08887221
6.226146	0.08732009
6.229479	0.08576797
6.232812	0.08421585
6.236146	0.08271725
6.239479	0.08121866
6.242813	0.07974682
6.246146	0.0783285
6.249479	0.07693695
6.252812	0.07557215
6.256146	0.07428764
6.259479	0.07305665
6.262813	0.07187918
6.266146	0.07078199
6.269479	0.06973832
6.272812	0.06874818
6.276146	0.0677848
6.279479	0.06690169
6.282813	0.06604535
6.286146	0.06524253
6.289479	0.06449323
6.292812	0.06377069
6.296146	0.06310168
6.299479	0.06248618
6.302813	0.06189745
6.306146	0.06133547
6.309479	0.0607735
6.312812	0.06021152
6.316146	0.05964955
6.319479	0.05906081
6.322813	0.05844532
6.326146	0.05782982
6.329479	0.05718757
6.332812	0.05654531
6.336146	0.05595658
6.339479	0.05542136
6.342813	0.05493967
6.346146	0.05456502
6.349479	0.05421713
6.352812	0.05394952
6.356146	0.05370868
6.359479	0.05349459
6.362813	0.05325375
6.366146	0.05303966
6.369479	0.05279881
6.372812	0.05258473
6.376146	0.05234388
6.379479	0.05215656
6.382813	0.05199599
6.386146	0.05191571
6.389479	0.05186219
6.392813	0.05186219
6.396146	0.05191571
6.399479	0.05199599
6.402812	0.0521298
6.406146	0.0522636
6.409479	0.0523974
6.412813	0.05258473
6.416146	0.05277205
6.419479	0.05298614
6.422812	0.05322699
6.426146	0.05349459
6.429479	0.05373544
6.432813	0.05400305
6.436146	0.05424389
6.439479	0.05445798
6.442812	0.0546453
6.446146	0.05480587
6.449479	0.05488615
6.452813	0.05491291
6.456146	0.05491291
6.459479	0.05483263
6.462812	0.05475234
6.466146	0.05459178
6.469479	0.05440446
6.472813	0.05416361
6.476146	0.053896
6.479479	0.05360164
6.482812	0.05330727
6.486146	0.0530129
6.489479	0.05274529
6.492813	0.05250445
6.496146	0.05231712
6.499479	0.05218332
6.502812	0.05215656
6.506146	0.05223684
6.509479	0.05234388
6.512813	0.05253121
6.516146	0.05271853
6.519479	0.0528791
6.522812	0.0530129
6.526146	0.05311994
6.529479	0.0531467
6.532813	0.05311994
6.536146	0.05309318
6.539479	0.05306642
6.542812	0.05309318
6.546146	0.05320023
6.549479	0.05341431
6.552813	0.05378896
6.556146	0.05427065
6.559479	0.05491291
6.562812	0.05568897
6.566146	0.05657207
6.569479	0.05758898
6.572813	0.05868616
6.576146	0.05986363
6.579479	0.06112139
6.582812	0.06248618
6.586146	0.06395802
6.589479	0.0655369
6.592813	0.06722282
6.596146	0.06904255
6.599479	0.07096932
6.602812	0.07302989
6.606146	0.07522426
6.609479	0.07752568
6.612813	0.0799609
6.616146	0.08247641
6.619479	0.08512571
6.622812	0.08788206
6.626146	0.09071869
6.629479	0.09366237
6.632813	0.09668633
6.636146	0.09979057
6.639479	0.1029216
6.642813	0.1060526
6.646146	0.1091568
6.649479	0.1121808
6.652812	0.1150709
6.656146	0.117747
6.659479	0.120209
6.662813	0.1224033
6.666146	0.1242766
6.669479	0.1258555
6.672812	0.1271132
6.676146	0.1280498
6.679479	0.1286921
6.682813	0.12904
6.686146	0.1291203
6.689479	0.1289597
6.692812	0.1285583
6.696146	0.127916
6.699479	0.1270329
6.702813	0.1259625
6.706146	0.1246512
6.709479	0.1231526
6.712812	0.1214935
6.716146	0.1196737
6.719479	0.1177737
6.722813	0.1157935
6.726146	0.1137596
6.729479	0.1117526
6.732812	0.1097991
6.736146	0.1078991
6.739479	0.1060793
6.742813	0.1043934
6.746146	0.1027878
6.749479	0.1013159
6.752812	0.09995113
6.756146	0.0987469
6.759479	0.09764971
6.762813	0.09668633
6.766146	0.09588351
6.769479	0.09521449
6.772812	0.0947328
6.776146	0.09438491
6.779479	0.0942511
6.782813	0.0942511
6.786146	0.09441167
6.789479	0.09470604
6.792812	0.09513421
6.796146	0.09566942
6.799479	0.09628492
6.802813	0.0969807
6.806146	0.09775676
6.809479	0.09858634
6.812812	0.09944268
6.816146	0.1003525
6.819479	0.1012624
6.822813	0.1021455
6.826146	0.1030286
6.829479	0.1038582
6.832812	0.1045807
6.836146	0.105223
6.839479	0.1057582
6.842813	0.1061864
6.846146	0.1064807
6.849479	0.1066948
6.852812	0.1068286
6.856146	0.1068821
6.859479	0.1068554
6.862813	0.1067483
6.866146	0.1066145
6.869479	0.1064005
6.872812	0.1061061
6.876146	0.105785
6.879479	0.1053835
6.882813	0.1049019
6.886146	0.1043399
6.889479	0.1036976
6.892813	0.1029483
6.896146	0.102092
6.899479	0.1011286
6.902812	0.1000047
6.906146	0.09872014
6.909479	0.09730182
6.912813	0.09572294
6.916146	0.09403702
6.919479	0.09216377
6.922812	0.09018348
6.926146	0.08806939
6.929479	0.08579473
6.932813	0.08335951
6.936146	0.08079049
6.939479	0.07803413
6.942812	0.07511722
6.946146	0.07203974
6.949479	0.0688017
6.952813	0.06545662
6.956146	0.06197773
6.959479	0.05841856
6.962812	0.05483263
6.966146	0.05121993
6.969479	0.04758048
6.972813	0.04396779
6.976146	0.04038186
6.979479	0.03682269
6.982812	0.0333438
6.986146	0.02991844
6.989479	0.02657335
6.992813	0.02333531
6.996146	0.02023107
6.999479	0.01728739
7.002812	0.01447752
7.006146	0.0119085
7.009479	0.009526798
7.012813	0.007385944
7.016146	0.005485939
7.019479	0.003880298
7.022812	0.002542264
7.026146	0.001498598
7.029479	0.0007225383
7.032813	0.0002408461
7.036146	0
7.039479	2.676068e-05
7.042812	0.0002676068
7.046146	0.0007225383
7.049479	0.001364795
7.052813	0.002140854
7.056146	0.003077478
7.059479	0.004147905
7.062812	0.005325375
7.066146	0.006609887
7.069479	0.008001439
7.072813	0.009500037
7.076146	0.01110568
7.079479	0.01276484
7.082812	0.01447752
7.086146	0.01624373
7.089479	0.01800993
7.092813	0.0198029
7.096146	0.0215691
7.099479	0.02328179
7.102812	0.02494095
7.106146	0.02654659
7.109479	0.02807195
7.112813	0.02949027
7.116146	0.0308283
7.119479	0.03203253
7.122812	0.03315648
7.126146	0.03420015
7.129479	0.03513677
7.132813	0.03601987
7.136146	0.03684945
7.139479	0.03762551
7.142813	0.03834805
7.146146	0.03901707
7.149479	0.03963256
7.152812	0.04019454
7.156146	0.04070299
7.159479	0.04113116
7.162813	0.04150581
7.166146	0.04180018
7.169479	0.04206778
7.172812	0.04228187
7.176146	0.04249595
7.179479	0.04268328
7.182813	0.0428706
7.186146	0.04305793
7.189479	0.04324525
7.192812	0.04337906
7.196146	0.0434861
7.199479	0.04356638
7.202813	0.04356638
7.206146	0.04353962
7.209479	0.04345934
7.212812	0.04337906
7.216146	0.04324525
7.219479	0.04313821
7.222813	0.04303117
7.226146	0.04295088
7.229479	0.0428706
7.232812	0.04281708
7.236146	0.04276356
7.239479	0.04271004
7.242813	0.04265652
7.246146	0.042603
7.249479	0.04249595
7.252812	0.04238891
7.256146	0.04225511
7.259479	0.04209454
7.262813	0.04190722
7.266146	0.04174665
7.269479	0.04158609
7.272812	0.04145229
7.276146	0.041372
7.279479	0.04131848
7.282813	0.04131848
7.286146	0.041372
7.289479	0.04147905
7.292812	0.04158609
7.296146	0.04171989
7.299479	0.0418537
7.302813	0.04201426
7.306146	0.04214806
7.309479	0.04228187
7.312812	0.04241567
7.316146	0.04252271
7.319479	0.04265652
7.322813	0.0427368
7.326146	0.04284384
7.329479	0.04292412
7.332812	0.04297765
7.336146	0.04300441
7.339479	0.04297765
7.342813	0.04292412
7.346146	0.04284384
7.349479	0.04276356
7.352812	0.04268328
7.356146	0.042603
7.359479	0.04252271
7.362813	0.04244243
7.366146	0.04241567
7.369479	0.04238891
7.372812	0.04238891
7.376146	0.04241567
7.379479	0.04244243
7.382813	0.04246919
7.386146	0.04254947
7.389479	0.04262976
7.392813	0.04271004
7.396146	0.04281708
7.399479	0.04292412
7.402812	0.04303117
7.406146	0.04311145
7.409479	0.04321849
7.412813	0.04329877
7.416146	0.04340582
7.419479	0.0434861
7.422812	0.04359314
7.426146	0.04372694
7.429479	0.04386075
7.432813	0.04402131
7.436146	0.04418188
7.439479	0.04434244
7.442812	0.04447625
7.446146	0.04458329
7.449479	0.04463681
7.452813	0.04466357
7.456146	0.04463681
7.459479	0.04458329
7.462812	0.04450301
7.466146	0.04442272
7.469479	0.0443692
7.472813	0.04428892
7.476146	0.0442354
7.479479	0.04420864
7.482812	0.04420864
7.486146	0.0442354
7.489479	0.0442354
7.492813	0.04426216
7.496146	0.04431568
7.499479	0.04434244
7.502812	0.04439596
7.506146	0.04444948
7.509479	0.04447625
7.512813	0.04450301
7.516146	0.04447625
7.519479	0.04439596
7.522812	0.04428892
7.526146	0.04412835
7.529479	0.04394103
7.532813	0.04375371
7.536146	0.04353962
7.539479	0.04335229
7.542812	0.04321849
7.546146	0.04313821
7.549479	0.04308469
7.552813	0.04305793
7.556146	0.04308469
7.559479	0.04311145
7.562812	0.04313821
7.566146	0.04313821
7.569479	0.04313821
7.572813	0.04313821
7.576146	0.04311145
7.579479	0.04308469
7.582812	0.04305793
7.586146	0.04300441
7.589479	0.04292412
7.592813	0.04281708
7.596146	0.04265652
7.599479	0.04246919
7.602812	0.04222835
7.606146	0.04193398
7.609479	0.04161285
7.612813	0.04129172
7.616146	0.04094383
7.619479	0.04059595
7.622812	0.04027482
7.626146	0.03992693
7.629479	0.03963256
7.632813	0.03933819
7.636146	0.03909735
7.639479	0.0388565
7.642813	0.03869594
7.646146	0.03853537
7.649479	0.03845509
7.652812	0.03840157
7.656146	0.03840157
7.659479	0.03840157
7.662813	0.03842833
7.666146	0.03842833
7.669479	0.03840157
7.672812	0.03834805
7.676146	0.03824101
7.679479	0.03813396
7.682813	0.03800016
7.686146	0.03789312
7.689479	0.03778607
7.692812	0.03773255
7.696146	0.03770579
7.699479	0.03767903
7.702813	0.03770579
7.706146	0.03775931
7.709479	0.03778607
7.712812	0.0378396
7.716146	0.03789312
7.719479	0.03791988
7.722813	0.03794664
7.726146	0.03800016
7.729479	0.03802692
7.732812	0.03808044
7.736146	0.0381072
7.739479	0.0381072
7.742813	0.0381072
7.746146	0.03808044
7.749479	0.03805368
7.752812	0.03800016
7.756146	0.03791988
7.759479	0.03781283
7.762813	0.03770579
7.766146	0.03762551
7.769479	0.03754523
7.772812	0.03749171
7.776146	0.03746495
7.779479	0.03746495
7.782813	0.03749171
7.786146	0.03751847
7.789479	0.03757199
7.792812	0.03762551
7.796146	0.03765227
7.799479	0.03770579
7.802813	0.03773255
7.806146	0.03775931
7.809479	0.03778607
7.812812	0.03781283
7.816146	0.03786636
7.819479	0.03791988
7.822813	0.0379734
7.826146	0.03800016
7.829479	0.03802692
7.832812	0.03800016
7.836146	0.0379734
7.839479	0.03791988
7.842813	0.0378396
7.846146	0.03778607
7.849479	0.03775931
7.852812	0.03775931
7.856146	0.03781283
7.859479	0.03786636
7.862813	0.03794664
7.866146	0.03805368
7.869479	0.03818748
7.872812	0.03826777
7.876146	0.03834805
7.879479	0.03837481
7.882813	0.03840157
7.886146	0.03842833
7.889479	0.03845509
7.892813	0.03850861
7.896146	0.03858889
7.899479	0.03866918
7.902812	0.03877622
7.906146	0.0388565
7.909479	0.03893678
7.912813	0.03901707
7.916146	0.03904383
7.919479	0.03901707
7.922812	0.0389903
7.926146	0.03891002
7.929479	0.03882974
7.932813	0.03877622
7.936146	0.0387227
7.939479	0.03866918
7.942812	0.03864242
7.946146	0.03858889
7.949479	0.03856213
7.952813	0.03850861
7.956146	0.03842833
7.959479	0.03834805
7.962812	0.03821425
7.966146	0.03808044
7.969479	0.03789312
7.972813	0.03773255
7.976146	0.03754523
7.979479	0.0373579
7.982812	0.03719734
7.986146	0.03706354
7.989479	0.03692973
7.992813	0.03682269
7.996146	0.03671565
7.999479	0.03663537
8.002812	0.03655508
8.006145	0.0364748
8.00948	0.03639452
8.012813	0.03628748
8.016146	0.03620719
8.019479	0.03610015
8.022813	0.03601987
8.026146	0.03596635
8.029479	0.03591283
8.032812	0.03591283
8.036146	0.03593959
8.039479	0.03599311
8.042812	0.03607339
8.046145	0.03615367
8.049479	0.03623395
8.052813	0.03628748
8.056146	0.036341
8.059479	0.036341
8.062813	0.036341
8.066146	0.03628748
8.069479	0.03620719
8.072812	0.03610015
8.076146	0.03599311
8.079479	0.03585931
8.082812	0.03569874
8.086145	0.03553818
8.089479	0.03535085
8.092813	0.03516353
8.096146	0.0349762
8.099479	0.03478888
8.102813	0.03462831
8.106146	0.03449451
8.109479	0.03438747
8.112812	0.03433395
8.116146	0.03430719
8.119479	0.03433395
8.122812	0.03438747
8.126145	0.03452127
8.129479	0.03465507
8.132813	0.0348424
8.136146	0.03500296
8.13948	0.03516353
8.142813	0.03527057
8.146146	0.03537761
8.149479	0.03540437
8.152813	0.03537761
8.156146	0.03529733
8.159479	0.03521705
8.162812	0.03508325
8.166146	0.0349762
8.169479	0.03486916
8.172812	0.03476212
8.176146	0.03468184
8.17948	0.03460155
8.182813	0.03452127
8.186146	0.03444099
8.189479	0.03433395
8.192813	0.03420015
8.196146	0.03406634
8.199479	0.03390578
8.202812	0.03374521
8.206146	0.03361141
8.209479	0.03347761
8.212812	0.03339732
8.216146	0.0333438
8.21948	0.03331704
8.222813	0.03331704
8.226146	0.0333438
8.229479	0.03339732
8.232813	0.03347761
8.236146	0.03353113
8.239479	0.03363817
8.242812	0.03374521
8.246146	0.03385226
8.249479	0.03398606
8.252812	0.0340931
8.256145	0.0342269
8.25948	0.03430719
8.262813	0.03436071
8.266146	0.03436071
8.269479	0.03433395
8.272813	0.0342269
8.276146	0.0340931
8.279479	0.0339593
8.282812	0.03379873
8.286146	0.03363817
8.289479	0.03350437
8.292812	0.03339732
8.296145	0.03331704
8.299479	0.03326352
8.302813	0.03326352
8.306146	0.03326352
8.309479	0.03329028
8.312813	0.03331704
8.316146	0.03337056
8.319479	0.03342409
8.322812	0.03350437
8.326146	0.03358465
8.329479	0.03371845
8.332812	0.0338255
8.336145	0.03393254
8.339479	0.03401282
8.342813	0.03406634
8.346146	0.03406634
8.349479	0.03403958
8.352813	0.0339593
8.356146	0.0338255
8.359479	0.03366493
8.362812	0.03350437
8.366146	0.03337056
8.369479	0.03329028
8.372812	0.03326352
8.376145	0.03331704
8.379479	0.03342409
8.382813	0.03358465
8.386146	0.03374521
8.38948	0.0339593
8.392813	0.03411986
8.396146	0.03425366
8.399479	0.03433395
8.402813	0.03436071
8.406146	0.03428043
8.409479	0.03414662
8.412812	0.03398606
8.416146	0.03374521
8.419479	0.03350437
8.422812	0.03326352
8.426146	0.03304944
8.42948	0.03286211
8.432813	0.03275507
8.436146	0.03267479
8.439479	0.03267479
8.442813	0.03272831
8.446146	0.03280859
8.449479	0.03288887
8.452812	0.03299591
8.456146	0.0330762
8.459479	0.03315648
8.462812	0.03318324
8.466146	0.03321
8.46948	0.03318324
8.472813	0.03315648
8.476146	0.03312972
8.479479	0.03310296
8.482813	0.0330762
8.486146	0.03310296
8.489479	0.03315648
8.492812	0.03321
8.496146	0.03331704
8.499479	0.03339732
8.502812	0.03350437
8.506145	0.03361141
8.50948	0.03369169
8.512813	0.03377197
8.516146	0.03379873
8.519479	0.03379873
8.522813	0.03377197
8.526146	0.03374521
8.529479	0.03366493
8.532812	0.03358465
8.536146	0.03350437
8.539479	0.03339732
8.542812	0.03326352
8.546145	0.03315648
8.549479	0.0330762
8.552813	0.03299591
8.556146	0.03294239
8.559479	0.03291563
8.562813	0.03291563
8.566146	0.03294239
8.569479	0.03296915
8.572812	0.03302268
8.576146	0.03304944
8.579479	0.03304944
8.582812	0.03302268
8.586145	0.03296915
8.589479	0.03291563
8.592813	0.03280859
8.596146	0.03272831
8.599479	0.03264803
8.602813	0.03262127
8.606146	0.03264803
8.609479	0.03270155
8.612812	0.03278183
8.616146	0.03291563
8.619479	0.0330762
8.622812	0.03321
8.626145	0.03337056
8.629479	0.03347761
8.632813	0.03355789
8.636146	0.03361141
8.63948	0.03363817
8.642813	0.03363817
8.646146	0.03358465
8.649479	0.03353113
8.652813	0.03342409
8.656146	0.03331704
8.659479	0.03318324
8.662812	0.03304944
8.666146	0.03294239
8.669479	0.03280859
8.672812	0.03267479
8.676146	0.03256774
8.67948	0.03243394
8.682813	0.0323269
8.686146	0.03224662
8.689479	0.03213957
8.692813	0.03203253
8.696146	0.03192549
8.699479	0.03181844
8.702812	0.0317114
8.706146	0.03160436
8.709479	0.03149732
8.712812	0.03139027
8.716146	0.03128323
8.71948	0.03120295
8.722813	0.03109591
8.726146	0.03101562
8.729479	0.0309621
8.732813	0.03093534
8.736146	0.03093534
8.739479	0.0309621
8.742812	0.03098886
8.746146	0.03104239
8.749479	0.03112267
8.752812	0.03117619
8.756145	0.03122971
8.75948	0.03128323
8.762813	0.03130999
8.766146	0.03133675
8.769479	0.03139027
8.772813	0.0314438
8.776146	0.03152408
8.779479	0.03163112
8.782812	0.03173816
8.786146	0.03189873
8.789479	0.03203253
8.792812	0.03216633
8.796145	0.03230014
8.799479	0.03238042
8.802813	0.03240718
8.806146	0.03240718
8.809479	0.0323269
8.812813	0.03221986
8.816146	0.03208605
8.819479	0.03189873
8.822812	0.0317114
8.826146	0.03149732
8.829479	0.03133675
8.832812	0.03117619
8.836145	0.03109591
8.839479	0.03104239
8.842813	0.03101562
8.846146	0.03101562
8.849479	0.03101562
8.852813	0.03101562
8.856146	0.0309621
8.859479	0.03090858
8.862812	0.03080154
8.866146	0.03064098
8.869479	0.03048041
8.872812	0.03031985
8.876145	0.03015928
8.879479	0.03002548
8.882813	0.02989168
8.886146	0.02981139
8.88948	0.02975787
8.892813	0.02973111
8.896146	0.02973111
8.899479	0.02973111
8.902813	0.02975787
8.906146	0.02981139
8.909479	0.02986492
8.912812	0.02991844
8.916146	0.02999872
8.919479	0.030079
8.922812	0.03018604
8.926146	0.03029309
8.92948	0.03040013
8.932813	0.03053393
8.936146	0.03066774
8.939479	0.0308283
8.942813	0.03098886
8.946146	0.03112267
8.949479	0.03128323
8.952812	0.03139027
8.956146	0.03149732
8.959479	0.03155084
8.962812	0.03155084
8.966146	0.03152408
8.96948	0.0314438
8.972813	0.03133675
8.976146	0.03117619
8.979479	0.03098886
8.982813	0.03077478
8.986146	0.03056069
8.989479	0.03031985
8.992812	0.030079
8.996146	0.02986492
8.999479	0.02967759
9.002812	0.02951703
9.006145	0.02940998
9.00948	0.0293297
9.012813	0.0293297
9.016146	0.02935646
9.019479	0.02940998
9.022813	0.02951703
9.026146	0.02959731
9.029479	0.02967759
9.032812	0.02973111
9.036146	0.02975787
9.039479	0.02975787
9.042812	0.02970435
9.046145	0.02965083
9.049479	0.02959731
9.052813	0.02954379
9.056146	0.02949027
9.059479	0.02943674
9.062813	0.02938322
9.066146	0.0293297
9.069479	0.02924942
9.072812	0.0291959
9.076146	0.02911562
9.079479	0.02903533
9.082812	0.02895505
9.086145	0.02890153
9.089479	0.02884801
9.092813	0.02882125
9.096146	0.02884801
9.099479	0.02887477
9.102813	0.02892829
9.106146	0.02898181
9.109479	0.02903533
9.112812	0.02911562
9.116146	0.0291959
9.119479	0.02927618
9.122812	0.02935646
9.126145	0.02943674
9.129479	0.02954379
9.132813	0.02962407
9.136146	0.02973111
9.13948	0.02981139
9.142813	0.02991844
9.146146	0.02999872
9.149479	0.03005224
9.152813	0.03010576
9.156146	0.03013252
9.159479	0.03013252
9.162812	0.03010576
9.166146	0.030079
9.169479	0.03005224
9.172812	0.02997196
9.176146	0.02989168
9.17948	0.02981139
9.182813	0.02973111
9.186146	0.02962407
9.189479	0.02954379
9.192813	0.02946351
9.196146	0.02938322
9.199479	0.02930294
9.202812	0.02924942
9.206146	0.0291959
9.209479	0.02916914
9.212812	0.02916914
9.216146	0.0291959
9.21948	0.02924942
9.222813	0.02935646
9.226146	0.02949027
9.229479	0.02965083
9.232813	0.02983815
9.236146	0.02999872
9.239479	0.03013252
9.242812	0.03023956
9.246146	0.03029309
9.249479	0.03029309
9.252812	0.03026633
9.256145	0.03018604
9.25948	0.030079
9.262813	0.02997196
9.266146	0.02983815
9.269479	0.02975787
9.272813	0.02967759
9.276146	0.02965083
9.279479	0.02962407
9.282812	0.02962407
9.286146	0.02962407
9.289479	0.02965083
9.292812	0.02965083
9.296145	0.02965083
9.299479	0.02959731
9.302813	0.02954379
9.306146	0.02946351
9.309479	0.02935646
9.312813	0.02924942
9.316146	0.02914238
9.319479	0.0290621
9.322812	0.02900857
9.326146	0.02895505
9.329479	0.02895505
9.332812	0.02892829
9.336145	0.02895505
9.339479	0.02895505
9.342813	0.02895505
9.346146	0.02892829
9.349479	0.02890153
9.352813	0.02884801
9.356146	0.02882125
9.359479	0.02879449
9.362812	0.02876773
9.366146	0.02876773
9.369479	0.02879449
9.372812	0.02882125
9.376145	0.02882125
9.379479	0.02882125
9.382813	0.02879449
9.386146	0.02876773
9.38948	0.02871421
9.392813	0.02866068
9.396146	0.02860716
9.399479	0.0285804
9.402813	0.02855364
9.406146	0.02852688
9.409479	0.02852688
9.412812	0.02855364
9.416146	0.0285804
9.419479	0.02863392
9.422812	0.02866068
9.426146	0.02874097
9.42948	0.02882125
9.432813	0.02892829
9.436146	0.02908886
9.439479	0.02924942
9.442813	0.02943674
9.446146	0.02962407
9.449479	0.02978463
9.452812	0.02991844
9.456146	0.02999872
9.459479	0.03005224
9.462812	0.03005224
9.466146	0.02999872
9.46948	0.02991844
9.472813	0.02981139
9.476146	0.02973111
9.479479	0.02965083
9.482813	0.02959731
9.486146	0.02959731
9.489479	0.02959731
9.492812	0.02959731
9.496146	0.02959731
9.499479	0.02957055
9.502812	0.02954379
9.506145	0.02946351
9.50948	0.0293297
9.512813	0.02916914
9.516146	0.02900857
9.519479	0.02882125
9.522813	0.02863392
9.526146	0.02850012
9.529479	0.02841984
9.532812	0.02836632
9.536146	0.02839308
9.539479	0.02847336
9.542812	0.02860716
9.546145	0.02876773
9.549479	0.02892829
9.552813	0.02911562
9.556146	0.02927618
9.559479	0.02940998
9.562813	0.02949027
9.566146	0.02954379
9.569479	0.02957055
9.572812	0.02957055
9.576146	0.02954379
9.579479	0.02951703
9.582812	0.02946351
9.586145	0.02940998
9.589479	0.02935646
9.592813	0.02930294
9.596146	0.02924942
9.599479	0.02922266
9.602813	0.0291959
9.606146	0.02916914
9.609479	0.02914238
9.612812	0.02908886
9.616146	0.0290621
9.619479	0.02900857
9.622812	0.02895505
9.626145	0.02890153
9.629479	0.02884801
9.632813	0.02876773
9.636146	0.02868745
9.63948	0.02860716
9.642813	0.02850012
9.646146	0.02841984
9.649479	0.02833956
9.652813	0.02825927
9.656146	0.02820575
9.659479	0.02812547
9.662812	0.02807195
9.666146	0.02804519
9.669479	0.02801843
9.672812	0.02799167
9.676146	0.02796491
9.67948	0.02793815
9.682813	0.02791139
9.686146	0.02791139
9.689479	0.02788463
9.692813	0.02788463
9.696146	0.02785786
9.699479	0.02780434
9.702812	0.02777758
9.706146	0.02775082
9.709479	0.02772406
9.712812	0.02775082
9.716146	0.02777758
9.71948	0.02785786
9.722813	0.02793815
9.726146	0.02804519
9.729479	0.02817899
9.732813	0.02828604
9.736146	0.02839308
9.739479	0.0284466
9.742812	0.0284466
9.746146	0.02839308
9.749479	0.0283128
9.752812	0.02820575
9.756145	0.02809871
9.75948	0.02796491
9.762813	0.02785786
9.766146	0.02777758
9.769479	0.02767054
9.772813	0.02759026
9.776146	0.02750998
9.779479	0.02742969
9.782812	0.02729589
9.786146	0.02718884
9.789479	0.02705504
9.792812	0.02697476
9.796145	0.02689448
9.799479	0.02686772
9.802813	0.02689448
9.806146	0.02697476
9.809479	0.0270818
9.812813	0.02721561
9.816146	0.02732265
9.819479	0.02742969
9.822812	0.02748322
9.826146	0.02745645
9.829479	0.02740293
9.832812	0.02726913
9.836145	0.02710856
9.839479	0.02689448
9.842813	0.02670715
9.846146	0.02651983
9.849479	0.02635926
9.852813	0.02622546
9.856146	0.02617194
9.859479	0.02611842
9.862812	0.02611842
9.866146	0.02614518
9.869479	0.0261987
9.872812	0.02625222
9.876145	0.02630574
9.879479	0.02635926
9.882813	0.02641278
9.886146	0.02643955
9.88948	0.02646631
9.892813	0.02646631
9.896146	0.02643955
9.899479	0.02638602
9.902813	0.0263325
9.906146	0.02625222
9.909479	0.02617194
9.912812	0.0260649
9.916146	0.02598461
9.919479	0.02590433
9.922812	0.02585081
9.926146	0.02579729
9.92948	0.02574377
9.932813	0.02574377
9.936146	0.02577053
9.939479	0.02582405
9.942813	0.02587757
9.946146	0.02598461
9.949479	0.0260649
9.952812	0.02617194
9.956146	0.02625222
9.959479	0.0263325
9.962812	0.02635926
9.966146	0.02635926
9.96948	0.02635926
9.972813	0.02630574
9.976146	0.02625222
9.979479	0.0261987
9.982813	0.02614518
9.986146	0.02611842
9.989479	0.02614518
9.992812	0.0261987
9.996146	0.02630574
9.999479	0.02641278
}
[PEAK]
{
Peak ID	1
Peak Ref	1
Time	4.380934
Peak	3.732812	4.719479
Intensity	-2.974272e-05	-2.169609e-05
Height	0.00102668
AreaAbs	270.3316
Area %BP	0.01211728
Area %Total	0.0120189
Width	0.9866667
}
[PEAK]
{
Peak ID	2
Peak Ref	2
Time	5.100626
Peak	4.719479	5.969479
Intensity	-2.974272e-05	-2.169609e-05
Height	0.2226581
AreaAbs	37182.66
Area %BP	1.666667
Area %Total	1.653135
Width	1.25
}
[PEAK]
{
Peak ID	3
Peak Ref	3
Time	6.129888
Peak	5.969479	6.392813
Intensity	-2.974272e-05	-2.169609e-05
Height	0.0001617161
AreaAbs	34.03115
Area %BP	0.001525404
Area %Total	0.001513019
Width	0.4233336
}
}
}
}
