[SAMPLE]
{
Sample	1
Well	3
FileName	
SampleID	ASD-E-2602034-001
SampleDescription	Aquired with Galaxy
Date	12-Feb-2026
Time	22:04:06 PRC
JobCode	
TaskCode	
UserName	Congcong_Liu2
LabName	Aquired with Galaxy
Instrument	BAD_L_17_186
Conditions	
Submitter	Siyu_Zhang
SampleType	
Plate	
Method	
Process	Galaxy
MSTune	
MSMethod	
InletMethod	
PreRunMethod	
PostRunMethod	
SwitchMethod	
FractionMethod	
AcquisitionProcess	
AcquisitionProcessParameters	
AcquisitionProcessOptions	
InjectionVolume	25
ReportScheme	
SampleReportEnable	0
SampleReportFormat	
AnalysisTime	0
[COMPOUND]
{
;Mono Mass	Formula
}
[FUNCTION]
{
Function	1
IonMode	ES+
Type	MS
Description	(0:0)
[SPECTRUM]
{
ProcDesc	0.00:Combine
State	OK
Peak ID	0
Peak Ref	0
Time	0
TIC	0
BPI	0
BPM	0
Continuum	FALSE
Saved	FALSE
[MASSES]
{
;Mass	Exp. Mass	Obs. Mass	% BPI	Int. Abs
}
[RESULTS]
{
;Mass	Found	% BPI	% Purity
}
[MS]
{
;Mass	% BPI
0	0
}
}
[CHROMATOGRAM]
{
TraceNumber	1
Description	scroll down chrom view to see 2D LC chrom
ProcDesc	
MaxIntensity	0
[TRACE]
{
0	0
}
[PEAK]
{
Peak ID	0
Peak Ref	0
Time	0
Peak	0
Intensity	0	0
Height	0
AreaAbs	0
Area %BP	0
Area %Total	0
}
}
}
[FUNCTION]
{
Function	0
Description	ANALOG
[CHROMATOGRAM]
{
TraceNumber	2
Description	LC
ProcDesc	Result Id:2607, VWD: Signal A, 280 nm
MaxIntensity	0.2208489
[TRACE]
{
;Time	Int. %Max
0.0021875	0.01263079
0.005520833	0.01271176
0.008854167	0.01290068
0.0121875	0.01311659
0.01552083	0.01338648
0.01885417	0.01365637
0.0221875	0.01392626
0.02552083	0.01416916
0.02885417	0.01435808
0.0321875	0.01446604
0.03552083	0.01452002
0.03885417	0.01449303
0.0421875	0.01443905
0.04552083	0.01433109
0.04885417	0.01422314
0.0521875	0.0140612
0.05552083	0.01392626
0.05885417	0.01373734
0.0621875	0.01354842
0.06552083	0.01335949
0.06885417	0.01317057
0.0721875	0.01300864
0.07552084	0.01281972
0.07885417	0.01265778
0.0821875	0.01252284
0.08552083	0.01244187
0.08885416	0.0123609
0.0921875	0.01233391
0.09552083	0.01233391
0.09885417	0.0123609
0.1021875	0.01238789
0.1055208	0.01241488
0.1088542	0.01246886
0.1121875	0.01249585
0.1155208	0.01252284
0.1188542	0.01252284
0.1221875	0.01249585
0.1255208	0.01246886
0.1288542	0.01246886
0.1321875	0.01244187
0.1355208	0.01241488
0.1388542	0.01241488
0.1421875	0.01241488
0.1455208	0.01244187
0.1488542	0.01246886
0.1521875	0.01252284
0.1555208	0.01257681
0.1588542	0.0126038
0.1621875	0.01263079
0.1655208	0.01263079
0.1688542	0.01263079
0.1721875	0.01265778
0.1755208	0.01265778
0.1788542	0.01271176
0.1821875	0.01276574
0.1855208	0.01284671
0.1888542	0.01292767
0.1921875	0.01303563
0.1955208	0.01311659
0.1988542	0.01317057
0.2021875	0.01319756
0.2055208	0.01317057
0.2088542	0.01311659
0.2121875	0.01300864
0.2155208	0.01287369
0.2188542	0.01271176
0.2221875	0.01252284
0.2255208	0.01230693
0.2288542	0.01206403
0.2321875	0.01182113
0.2355208	0.01157823
0.2388542	0.01133533
0.2421875	0.01111942
0.2455208	0.01093049
0.2488542	0.01076856
0.2521875	0.0106606
0.2555208	0.01057964
0.2588542	0.01052566
0.2621875	0.01052566
0.2655208	0.01055265
0.2688542	0.01063362
0.2721875	0.01074157
0.2755208	0.01087652
0.2788542	0.01103845
0.2821875	0.01122737
0.2855208	0.01144328
0.2888542	0.0116322
0.2921875	0.01179414
0.2955208	0.01190209
0.2988542	0.01192908
0.3021875	0.01190209
0.3055208	0.01179414
0.3088542	0.01160522
0.3121875	0.01136232
0.3155208	0.01111942
0.3188542	0.01084953
0.3221875	0.01057964
0.3255208	0.01036373
0.3288542	0.0101748
0.3321875	0.01009384
0.3355208	0.01006685
0.3388542	0.01009384
0.3421875	0.0101748
0.3455208	0.01028276
0.3488542	0.01036373
0.3521875	0.01044469
0.3555208	0.01049867
0.3588542	0.01049867
0.3621875	0.0104177
0.3655208	0.01030975
0.3688542	0.01014782
0.3721875	0.009985882
0.3755208	0.009823949
0.3788542	0.009715994
0.3821875	0.009608038
0.3855208	0.00955406
0.3888542	0.009500083
0.3921875	0.009500083
0.3955208	0.009473094
0.3988542	0.009446105
0.4021875	0.009419116
0.4055208	0.009365138
0.4088542	0.009338149
0.4121875	0.009311161
0.4155208	0.009284172
0.4188542	0.009284172
0.4221875	0.009311161
0.4255208	0.009338149
0.4288542	0.009392127
0.4321875	0.009446105
0.4355208	0.009500083
0.4388542	0.009527072
0.4421875	0.009527072
0.4455208	0.009527072
0.4488542	0.00955406
0.4521875	0.009581049
0.4555208	0.009608038
0.4588542	0.009689005
0.4621875	0.009769971
0.4655208	0.009877927
0.4688542	0.01001287
0.4721875	0.01014782
0.4755208	0.01022878
0.4788542	0.01030975
0.4821875	0.01033674
0.4855208	0.01030975
0.4888542	0.01022878
0.4921875	0.01012083
0.4955208	0.009958894
0.4988542	0.009742983
0.5021875	0.009500083
0.5055208	0.009230194
0.5088542	0.008933316
0.5121875	0.008636439
0.5155208	0.00836655
0.5188541	0.00812365
0.5221875	0.007934728
0.5255209	0.007772795
0.5288542	0.007691828
0.5321875	0.007664839
0.5355209	0.007664839
0.5388542	0.007718817
0.5421875	0.007745806
0.5455208	0.007772795
0.5488542	0.007745806
0.5521875	0.007691828
0.5555208	0.007556884
0.5588542	0.00739495
0.5621875	0.007233017
0.5655208	0.007044095
0.5688542	0.006882162
0.5721875	0.006774206
0.5755208	0.00669324
0.5788541	0.00669324
0.5821875	0.006720228
0.5855208	0.006828184
0.5888542	0.00693614
0.5921875	0.007071084
0.5955209	0.007206028
0.5988542	0.007340973
0.6021875	0.007421939
0.6055208	0.007502906
0.6088542	0.007529895
0.6121875	0.007529895
0.6155208	0.007502906
0.6188542	0.007475917
0.6221875	0.007448928
0.6255208	0.007421939
0.6288542	0.007448928
0.6321875	0.007502906
0.6355208	0.007610861
0.6388541	0.007745806
0.6421875	0.007907739
0.6455208	0.008069672
0.6488542	0.008231606
0.6521875	0.008339561
0.6555209	0.008420528
0.6588542	0.008393539
0.6621875	0.008339561
0.6655208	0.008177628
0.6688542	0.007934728
0.6721875	0.007664839
0.6755208	0.007367962
0.6788542	0.007071084
0.6821875	0.006828184
0.6855208	0.006585284
0.6888542	0.006423351
0.6921875	0.006288406
0.6955208	0.006234429
0.6988541	0.006261418
0.7021875	0.006315395
0.7055208	0.006396362
0.7088541	0.006477329
0.7121875	0.006558295
0.7155209	0.006639262
0.7188542	0.006666251
0.7221875	0.00669324
0.7255208	0.00669324
0.7288542	0.006666251
0.7321875	0.006639262
0.7355208	0.006612273
0.7388542	0.006612273
0.7421875	0.006666251
0.7455208	0.006720228
0.7488542	0.006801195
0.7521875	0.006882162
0.7555208	0.006963128
0.7588542	0.007017106
0.7621875	0.007017106
0.7655208	0.006990117
0.7688541	0.006909151
0.7721875	0.006801195
0.7755209	0.006666251
0.7788542	0.006504317
0.7821875	0.006369373
0.7855209	0.006234429
0.7888542	0.006126473
0.7921875	0.006018518
0.7955208	0.00596454
0.7988542	0.005910562
0.8021875	0.005883573
0.8055208	0.005829596
0.8088542	0.005775618
0.8121875	0.00572164
0.8155208	0.005640673
0.8188542	0.005532718
0.8221875	0.005397774
0.8255208	0.005262829
0.8288541	0.005100896
0.8321875	0.004911974
0.8355208	0.004750041
0.8388542	0.004588107
0.8421875	0.004507141
0.8455209	0.004426174
0.8488542	0.004426174
0.8521875	0.004453163
0.8555208	0.00453413
0.8588542	0.004669074
0.8621875	0.004804018
0.8655208	0.004938963
0.8688542	0.005046918
0.8721875	0.005127885
0.8755208	0.005181863
0.8788542	0.005181863
0.8821875	0.005154874
0.8855208	0.005100896
0.8888541	0.005019929
0.8921875	0.004938963
0.8955208	0.004857996
0.8988542	0.004777029
0.9021875	0.004696063
0.9055209	0.004669074
0.9088542	0.004669074
0.9121875	0.004696063
0.9155208	0.004750041
0.9188542	0.004831007
0.9221875	0.004938963
0.9255208	0.005046918
0.9288542	0.005127885
0.9321875	0.005181863
0.9355208	0.005181863
0.9388542	0.005181863
0.9421875	0.005127885
0.9455208	0.005046918
0.9488541	0.004938963
0.9521875	0.004857996
0.9555208	0.004777029
0.9588541	0.004750041
0.9621875	0.004723052
0.9655209	0.004777029
0.9688542	0.004831007
0.9721875	0.004911974
0.9755208	0.005019929
0.9788542	0.005100896
0.9821875	0.005181863
0.9855208	0.005208851
0.9888542	0.005208851
0.9921875	0.005154874
0.9955208	0.005073907
0.9988542	0.004938963
1.002187	0.004804018
1.005521	0.004642085
1.008854	0.004507141
1.012187	0.004372196
1.015521	0.004237252
1.018854	0.004156285
1.022187	0.004102308
1.025521	0.004075319
1.028854	0.004075319
1.032187	0.004075319
1.035521	0.004102308
1.038854	0.004129296
1.042187	0.004156285
1.045521	0.004183274
1.048854	0.004210263
1.052187	0.004237252
1.055521	0.004264241
1.058854	0.00429123
1.062188	0.004318219
1.065521	0.004399185
1.068854	0.004507141
1.072188	0.004615096
1.075521	0.004750041
1.078854	0.004857996
1.082188	0.004965952
1.085521	0.005019929
1.088854	0.005046918
1.092188	0.005019929
1.095521	0.004965952
1.098854	0.004857996
1.102188	0.004696063
1.105521	0.004561118
1.108854	0.004453163
1.112188	0.004345207
1.115521	0.00429123
1.118854	0.004264241
1.122187	0.00429123
1.125521	0.004345207
1.128854	0.004426174
1.132187	0.00453413
1.135521	0.004642085
1.138854	0.004696063
1.142187	0.004750041
1.145521	0.004723052
1.148854	0.004669074
1.152187	0.00453413
1.155521	0.004345207
1.158854	0.004102308
1.162187	0.003832419
1.165521	0.003535541
1.168854	0.003265652
1.172187	0.002995764
1.175521	0.002752864
1.178854	0.002536953
1.182188	0.002375021
1.185521	0.002240077
1.188854	0.00215911
1.192188	0.002105132
1.195521	0.002078143
1.198854	0.002078143
1.202188	0.002132121
1.205521	0.002240077
1.208854	0.002375021
1.212188	0.002563942
1.215521	0.002806841
1.218854	0.003049741
1.222188	0.003346619
1.225521	0.003670485
1.228854	0.003994352
1.232188	0.00429123
1.235521	0.004561118
1.238854	0.004750041
1.242188	0.004884985
1.245521	0.004938963
1.248854	0.004938963
1.252187	0.004857996
1.255521	0.004723052
1.258854	0.004588107
1.262187	0.004426174
1.265521	0.00429123
1.268854	0.004183274
1.272187	0.004129296
1.275521	0.004129296
1.278854	0.004156285
1.282187	0.004210263
1.285521	0.004237252
1.288854	0.00429123
1.292187	0.004318219
1.295521	0.004318219
1.298854	0.004264241
1.302187	0.004183274
1.305521	0.004102308
1.308854	0.003967363
1.312188	0.003859408
1.315521	0.003751452
1.318854	0.003670485
1.322188	0.003589519
1.325521	0.003535541
1.328854	0.003454574
1.332188	0.003427586
1.335521	0.003373608
1.338854	0.003346619
1.342188	0.003292641
1.345521	0.003238663
1.348854	0.003157697
1.352188	0.003103719
1.355521	0.003049741
1.358854	0.002995764
1.362188	0.002968775
1.365521	0.002941786
1.368854	0.002941786
1.372187	0.002995764
1.375521	0.003049741
1.378854	0.003130708
1.382187	0.003238663
1.385521	0.003346619
1.388854	0.003454574
1.392187	0.003589519
1.395521	0.003724463
1.398854	0.003832419
1.402187	0.003940374
1.405521	0.003994352
1.408854	0.003994352
1.412187	0.003994352
1.415521	0.003913385
1.418854	0.00380543
1.422187	0.003670485
1.425521	0.003508552
1.428854	0.00331963
1.432188	0.003103719
1.435521	0.002941786
1.438854	0.002779853
1.442188	0.002644908
1.445521	0.002509964
1.448854	0.002428997
1.452188	0.002375021
1.455521	0.002348032
1.458854	0.002348032
1.462188	0.002375021
1.465521	0.002428997
1.468854	0.002482975
1.472188	0.00259093
1.475521	0.002698886
1.478854	0.00283383
1.482188	0.002995764
1.485521	0.003130708
1.488854	0.003238663
1.492188	0.003292641
1.495521	0.003292641
1.498854	0.003265652
1.502187	0.003184686
1.505521	0.003022752
1.508854	0.002860819
1.512187	0.002671897
1.515521	0.002482975
1.518854	0.002294054
1.522187	0.002132121
1.525521	0.001970188
1.528854	0.001862232
1.532187	0.001754277
1.535521	0.001646321
1.538854	0.001565355
1.542187	0.001457399
1.545521	0.001376433
1.548854	0.001268477
1.552187	0.001160522
1.555521	0.001052566
1.558854	0.0009446107
1.562188	0.000863644
1.565521	0.0007826774
1.568854	0.0007556885
1.572188	0.0007826774
1.575521	0.000863644
1.578854	0.001025577
1.582188	0.001241488
1.585521	0.001511377
1.588854	0.001862232
1.592188	0.002213088
1.595521	0.002563942
1.598854	0.002941786
1.602188	0.003265652
1.605521	0.003589519
1.608854	0.003832419
1.612188	0.00404833
1.615521	0.004210263
1.618854	0.00429123
1.622187	0.004318219
1.625521	0.004264241
1.628854	0.004183274
1.632187	0.004021341
1.635521	0.003832419
1.638854	0.003616508
1.642187	0.003400597
1.645521	0.003184686
1.648854	0.002995764
1.652187	0.002860819
1.655521	0.002752864
1.658854	0.002698886
1.662187	0.002698886
1.665521	0.002698886
1.668854	0.002698886
1.672187	0.002725875
1.675521	0.002725875
1.678854	0.002725875
1.682188	0.002725875
1.685521	0.002671897
1.688854	0.002644908
1.692188	0.00259093
1.695521	0.002563942
1.698854	0.002536953
1.702188	0.002536953
1.705521	0.002563942
1.708854	0.00259093
1.712188	0.002644908
1.715521	0.002698886
1.718854	0.002752864
1.722188	0.002806841
1.725521	0.002860819
1.728854	0.002914797
1.732188	0.002968775
1.735521	0.002995764
1.738854	0.003022752
1.742188	0.003049741
1.745521	0.003103719
1.748854	0.003157697
1.752187	0.003211675
1.755521	0.003265652
1.758854	0.00331963
1.762187	0.003373608
1.765521	0.003400597
1.768854	0.003454574
1.772187	0.003481563
1.775521	0.003508552
1.778854	0.00356253
1.782187	0.003589519
1.785521	0.003643497
1.788854	0.003697474
1.792187	0.003751452
1.795521	0.00380543
1.798854	0.003886397
1.802187	0.003940374
1.805521	0.004021341
1.808854	0.004102308
1.812188	0.004183274
1.815521	0.004237252
1.818854	0.004264241
1.822188	0.004264241
1.825521	0.004237252
1.828854	0.004183274
1.832188	0.004102308
1.835521	0.004021341
1.838854	0.003913385
1.842188	0.00380543
1.845521	0.003724463
1.848854	0.003643497
1.852188	0.003589519
1.855521	0.003535541
1.858854	0.003427586
1.862188	0.00331963
1.865521	0.003157697
1.868854	0.002968775
1.872187	0.002752864
1.875521	0.002536953
1.878854	0.002321043
1.882187	0.00215911
1.885521	0.002024166
1.888854	0.001943199
1.892187	0.001943199
1.895521	0.001997177
1.898854	0.002078143
1.902187	0.002213088
1.905521	0.002402008
1.908854	0.00259093
1.912187	0.002806841
1.915521	0.003022752
1.918854	0.003238663
1.922187	0.003454574
1.925521	0.003670485
1.928854	0.003859408
1.932188	0.00404833
1.935521	0.004210263
1.938854	0.004372196
1.942188	0.004480152
1.945521	0.004588107
1.948854	0.004696063
1.952188	0.004777029
1.955521	0.004884985
1.958854	0.004965952
1.962188	0.005019929
1.965521	0.005100896
1.968854	0.005181863
1.972188	0.005208851
1.975521	0.00523584
1.978854	0.00523584
1.982188	0.00523584
1.985521	0.005208851
1.988854	0.005154874
1.992188	0.005127885
1.995521	0.005073907
1.998854	0.005046918
2.002187	0.005019929
2.005521	0.005019929
2.008854	0.005019929
2.012187	0.00499294
2.015521	0.004965952
2.018854	0.004884985
2.022187	0.004777029
2.025521	0.004642085
2.028854	0.004480152
2.032187	0.00429123
2.035521	0.004075319
2.038854	0.003886397
2.042187	0.003670485
2.045521	0.003481563
2.048854	0.003346619
2.052187	0.003265652
2.055521	0.003211675
2.058854	0.003184686
2.062187	0.003211675
2.065521	0.003292641
2.068854	0.003373608
2.072187	0.003508552
2.075521	0.003643497
2.078854	0.00380543
2.082187	0.003967363
2.085521	0.004129296
2.088854	0.00429123
2.092187	0.004453163
2.095521	0.004642085
2.098854	0.004804018
2.102187	0.004965952
2.105521	0.005100896
2.108854	0.005208851
2.112187	0.005262829
2.115521	0.005262829
2.118854	0.00523584
2.122188	0.005127885
2.125521	0.00499294
2.128854	0.004831007
2.132188	0.004669074
2.135521	0.00453413
2.138854	0.004426174
2.142188	0.004345207
2.145521	0.00429123
2.148854	0.00429123
2.152188	0.00429123
2.155521	0.00429123
2.158854	0.00429123
2.162188	0.00429123
2.165521	0.004264241
2.168854	0.004210263
2.172188	0.004156285
2.175521	0.004129296
2.178854	0.004129296
2.182188	0.004129296
2.185521	0.004129296
2.188854	0.004129296
2.192188	0.004129296
2.195521	0.004102308
2.198854	0.004021341
2.202188	0.003913385
2.205521	0.003751452
2.208854	0.00356253
2.212188	0.003373608
2.215521	0.003238663
2.218854	0.003157697
2.222188	0.003157697
2.225521	0.003265652
2.228854	0.003427586
2.232188	0.003697474
2.235521	0.003994352
2.238854	0.004345207
2.242188	0.004669074
2.245521	0.004965952
2.248854	0.005208851
2.252187	0.005397774
2.255521	0.005559707
2.258854	0.005667662
2.262187	0.00572164
2.265521	0.005748629
2.268854	0.005694651
2.272187	0.005640673
2.275521	0.005505729
2.278854	0.005316807
2.282187	0.005100896
2.285521	0.004831007
2.288854	0.004507141
2.292187	0.004183274
2.295521	0.003886397
2.298854	0.003643497
2.302187	0.003454574
2.305521	0.003346619
2.308854	0.003292641
2.312187	0.003292641
2.315521	0.00331963
2.318854	0.003373608
2.322187	0.003427586
2.325521	0.003454574
2.328854	0.003481563
2.332187	0.003454574
2.335521	0.003427586
2.338854	0.003373608
2.342187	0.003346619
2.345521	0.00331963
2.348854	0.003292641
2.352187	0.003292641
2.355521	0.003292641
2.358854	0.003292641
2.362187	0.003292641
2.365521	0.003265652
2.368854	0.003211675
2.372188	0.003157697
2.375521	0.003049741
2.378854	0.002887808
2.382188	0.002698886
2.385521	0.002482975
2.388854	0.002213088
2.392188	0.00191621
2.395521	0.001619333
2.398854	0.001322455
2.402188	0.001025577
2.405521	0.0007826774
2.408854	0.0006207441
2.412188	0.0005127886
2.415521	0.0004857998
2.418854	0.0005397775
2.422188	0.000647733
2.425521	0.0008096663
2.428854	0.0009985884
2.432188	0.001214499
2.435521	0.001403422
2.438854	0.001619333
2.442188	0.001808255
2.445521	0.001970188
2.448854	0.002132121
2.452188	0.002267066
2.455521	0.002375021
2.458854	0.002455986
2.462188	0.002482975
2.465521	0.002455986
2.468854	0.002375021
2.472188	0.002240077
2.475521	0.002024166
2.478854	0.001781266
2.482188	0.001484388
2.485521	0.001187511
2.488854	0.0009176218
2.492188	0.000647733
2.495521	0.0004048331
2.498854	0.000215911
2.502187	8.096663e-05
2.505521	2.698888e-05
2.508854	0
2.512187	5.397775e-05
2.515521	0.0001619333
2.518854	0.0003238665
2.522187	0.0005127886
2.525521	0.0007017108
2.528854	0.000863644
2.532187	0.001025577
2.535521	0.001133533
2.538854	0.001187511
2.542187	0.001187511
2.545521	0.001133533
2.548854	0.001025577
2.552187	0.0009176218
2.555521	0.0008096663
2.558854	0.0007286997
2.562187	0.0007017108
2.565521	0.0007286997
2.568854	0.0008096663
2.572187	0.0009446107
2.575521	0.001133533
2.578854	0.001322455
2.582187	0.001538366
2.585521	0.001727288
2.588854	0.001889221
2.592187	0.002024166
2.595521	0.002078143
2.598854	0.002132121
2.602187	0.002132121
2.605521	0.002105132
2.608854	0.002051155
2.612187	0.001970188
2.615521	0.001889221
2.618854	0.001808255
2.622188	0.001700299
2.625521	0.001619333
2.628854	0.001511377
2.632188	0.00143041
2.635521	0.001376433
2.638854	0.001322455
2.642188	0.001322455
2.645521	0.001349444
2.648854	0.001376433
2.652188	0.00143041
2.655521	0.001457399
2.658854	0.001484388
2.662188	0.001457399
2.665521	0.001376433
2.668854	0.001268477
2.672188	0.001106544
2.675521	0.0009176218
2.678854	0.0007286997
2.682188	0.0005127886
2.685521	0.0003508554
2.688854	0.0002428999
2.692188	0.0001619333
2.695521	0.0001349444
2.698854	0.0001619333
2.702188	0.0002428999
2.705521	0.0003508554
2.708854	0.0004588109
2.712188	0.0005667664
2.715521	0.000647733
2.718854	0.0007017108
2.722188	0.0007556885
2.725521	0.0007556885
2.728854	0.0007556885
2.732188	0.0007556885
2.735521	0.0007826774
2.738854	0.0008096663
2.742188	0.000863644
2.745521	0.0009446107
2.748854	0.001025577
2.752187	0.001133533
2.755521	0.001241488
2.758854	0.001349444
2.762187	0.001403422
2.765521	0.001457399
2.768854	0.001484388
2.772187	0.001484388
2.775521	0.001484388
2.778854	0.001457399
2.782187	0.001403422
2.785521	0.001403422
2.788854	0.001403422
2.792187	0.00143041
2.795521	0.00143041
2.798854	0.001457399
2.802187	0.001457399
2.805521	0.001457399
2.808854	0.00143041
2.812187	0.001403422
2.815521	0.001349444
2.818854	0.001295466
2.822187	0.001214499
2.825521	0.001160522
2.828854	0.001079555
2.832187	0.001025577
2.835521	0.0009446107
2.838854	0.0008906329
2.842187	0.0008366552
2.845521	0.0008096663
2.848854	0.0007826774
2.852187	0.0007556885
2.855521	0.0007556885
2.858854	0.0007826774
2.862187	0.0008366552
2.865521	0.0008906329
2.868854	0.0009446107
2.872188	0.001025577
2.875521	0.001106544
2.878854	0.001187511
2.882188	0.001214499
2.885521	0.001241488
2.888854	0.001241488
2.892188	0.001187511
2.895521	0.001133533
2.898854	0.001079555
2.902188	0.0009715995
2.905521	0.0009176218
2.908854	0.000863644
2.912188	0.0008366552
2.915521	0.000863644
2.918854	0.0009176218
2.922188	0.001025577
2.925521	0.001160522
2.928854	0.001349444
2.932188	0.001538366
2.935521	0.001754277
2.938854	0.001970188
2.942188	0.00215911
2.945521	0.002348032
2.948854	0.002536953
2.952188	0.002671897
2.955521	0.002806841
2.958854	0.002887808
2.962188	0.002914797
2.965521	0.002914797
2.968854	0.002860819
2.972188	0.002779853
2.975521	0.002671897
2.978854	0.002536953
2.982188	0.002402008
2.985521	0.002267066
2.988854	0.002186099
2.992188	0.002132121
2.995521	0.002132121
2.998854	0.002132121
3.002187	0.00215911
3.005521	0.002213088
3.008854	0.002240077
3.012187	0.002294054
3.015521	0.002321043
3.018854	0.002321043
3.022187	0.002294054
3.025521	0.002267066
3.028854	0.002213088
3.032187	0.002186099
3.035521	0.00215911
3.038854	0.002186099
3.042187	0.002213088
3.045521	0.002294054
3.048854	0.002375021
3.052187	0.002455986
3.055521	0.002563942
3.058854	0.002644908
3.062187	0.002725875
3.065521	0.002752864
3.068854	0.002752864
3.072187	0.002725875
3.075521	0.002671897
3.078854	0.00259093
3.082187	0.002509964
3.085521	0.002455986
3.088854	0.002402008
3.092187	0.002375021
3.095521	0.002402008
3.098854	0.002455986
3.102187	0.00259093
3.105521	0.002752864
3.108854	0.002914797
3.112187	0.003130708
3.115521	0.00331963
3.118854	0.003508552
3.122188	0.003643497
3.125521	0.003778441
3.128854	0.003832419
3.132188	0.003859408
3.135521	0.00380543
3.138854	0.003697474
3.142188	0.00356253
3.145521	0.003346619
3.148854	0.00307673
3.152188	0.002779853
3.155521	0.002455986
3.158854	0.002132121
3.162188	0.001835244
3.165521	0.001592344
3.168854	0.001403422
3.172188	0.001295466
3.175521	0.001241488
3.178854	0.001241488
3.182188	0.001322455
3.185521	0.00143041
3.188854	0.001592344
3.192188	0.001808255
3.195521	0.002024166
3.198854	0.002240077
3.202188	0.002482975
3.205521	0.002698886
3.208854	0.002941786
3.212188	0.003157697
3.215521	0.003346619
3.218854	0.003481563
3.222188	0.00356253
3.225521	0.003616508
3.228854	0.003670485
3.232188	0.003697474
3.235521	0.003724463
3.238854	0.003778441
3.242188	0.003886397
3.245521	0.00404833
3.248854	0.004318219
3.252187	0.004723052
3.255521	0.005208851
3.258854	0.005802607
3.262187	0.006531306
3.265521	0.007367962
3.268854	0.008312572
3.272187	0.009338149
3.275521	0.01047168
3.278854	0.0116322
3.282187	0.01281972
3.285521	0.01400723
3.288854	0.01519474
3.292187	0.01638225
3.295521	0.01759675
3.298854	0.01881125
3.302187	0.02005273
3.305521	0.02132121
3.308854	0.02267066
3.312187	0.02412805
3.315521	0.02566642
3.318854	0.02736672
3.322187	0.02917497
3.325521	0.03111817
3.328854	0.03316933
3.332187	0.03538242
3.335521	0.03773045
3.338854	0.04018644
3.342187	0.04275038
3.345521	0.04539529
3.348854	0.04812117
3.352187	0.05090102
3.355521	0.05373485
3.358854	0.05662266
3.362187	0.05953746
3.365521	0.06250624
3.368854	0.06552899
3.372188	0.06860573
3.375521	0.07176342
3.378854	0.07500209
3.382188	0.07832172
3.385521	0.08172232
3.388854	0.08520389
3.392188	0.08873942
3.395521	0.09230196
3.398854	0.09594545
3.402188	0.09961595
3.405521	0.1033404
3.408854	0.1070919
3.412188	0.1108973
3.415521	0.1147297
3.418854	0.1186431
3.422188	0.1226375
3.425521	0.1266858
3.428854	0.1308421
3.432188	0.1351063
3.435521	0.1395055
3.438854	0.1440126
3.442188	0.1486277
3.445521	0.1534048
3.448854	0.1582898
3.452188	0.1633367
3.455521	0.1684916
3.458854	0.1737544
3.462188	0.1791522
3.465521	0.1846039
3.468854	0.1901906
3.472188	0.1958583
3.475521	0.2016069
3.478854	0.2074365
3.482188	0.2133741
3.485521	0.2194196
3.488854	0.2255461
3.492188	0.2318075
3.495521	0.2382308
3.498854	0.2447621
3.502187	0.2514554
3.505521	0.2582835
3.508854	0.2652737
3.512187	0.2723717
3.515521	0.2796317
3.518854	0.2870267
3.522187	0.2945026
3.525521	0.3020865
3.528854	0.3097244
3.532187	0.3174162
3.535521	0.325189
3.538854	0.3329888
3.542187	0.3408156
3.545521	0.3486963
3.548854	0.356604
3.552187	0.3645388
3.555521	0.3725275
3.558854	0.3805432
3.562187	0.3886129
3.565521	0.3967365
3.568854	0.4049141
3.572187	0.4131727
3.575521	0.4215123
3.578854	0.4299328
3.582187	0.4384613
3.585521	0.4471247
3.588854	0.4559231
3.592187	0.4648294
3.595521	0.4738437
3.598854	0.4829929
3.602187	0.4922771
3.605521	0.5016422
3.608854	0.5111153
3.612187	0.5206964
3.615521	0.5303854
3.618854	0.5402363
3.622188	0.5502762
3.625521	0.560532
3.628854	0.5710306
3.632188	0.5818262
3.635521	0.5928917
3.638854	0.604308
3.642188	0.6160481
3.645521	0.6281122
3.648854	0.640527
3.652188	0.6532658
3.655521	0.6663554
3.658854	0.6797419
3.662188	0.6934252
3.665521	0.7074325
3.668854	0.7217366
3.672188	0.7363106
3.675521	0.7511005
3.678854	0.7660793
3.682188	0.7811661
3.685521	0.7963068
3.688854	0.8115016
3.692188	0.8266423
3.695521	0.8417021
3.698854	0.856654
3.702188	0.8714709
3.705521	0.8860988
3.708854	0.9005109
3.712188	0.914653
3.715521	0.9284983
3.718854	0.9419658
3.722188	0.9550284
3.725521	0.9676052
3.728854	0.9796422
3.732188	0.9911125
3.735521	1.001962
3.738854	1.012164
3.742188	1.021718
3.745521	1.030624
3.748854	1.038856
3.752187	1.04644
3.755521	1.053376
3.758854	1.059637
3.762187	1.065278
3.765521	1.070298
3.768854	1.074724
3.772187	1.07861
3.775521	1.082038
3.778854	1.085061
3.782187	1.087814
3.785521	1.090405
3.788854	1.092942
3.792187	1.095586
3.795521	1.098501
3.798854	1.101767
3.802187	1.105572
3.805521	1.110052
3.808854	1.115369
3.812187	1.121658
3.815521	1.129053
3.818854	1.137716
3.822187	1.14781
3.825521	1.159442
3.828854	1.172802
3.832187	1.18805
3.835521	1.205377
3.838854	1.224917
3.842187	1.246832
3.845521	1.271257
3.848854	1.298354
3.852187	1.328177
3.855521	1.360779
3.858854	1.396243
3.862187	1.434567
3.865521	1.475698
3.868854	1.519609
3.872188	1.566219
3.875521	1.615446
3.878854	1.667184
3.882188	1.721297
3.885521	1.777622
3.888854	1.835918
3.892188	1.895942
3.895521	1.957476
3.898854	2.020144
3.902188	2.083676
3.905521	2.147694
3.908854	2.211846
3.912188	2.275729
3.915521	2.338991
3.918854	2.401228
3.922188	2.462087
3.925521	2.52122
3.928854	2.578248
3.932188	2.632792
3.935521	2.68453
3.938854	2.73311
3.942188	2.778262
3.945521	2.819636
3.948854	2.856989
3.952188	2.890131
3.955521	2.91882
3.958854	2.942921
3.962188	2.962326
3.965521	2.976981
3.968854	2.986886
3.972188	2.991987
3.975521	2.992392
3.978854	2.988128
3.982188	2.979329
3.985521	2.966105
3.988854	2.948616
3.992188	2.926998
3.995521	2.901493
3.998854	2.872264
4.002188	2.839581
4.005521	2.803632
4.008854	2.764687
4.012187	2.722989
4.015521	2.678835
4.018854	2.632495
4.022188	2.584185
4.025521	2.534256
4.028854	2.482923
4.032187	2.430483
4.035521	2.377234
4.038854	2.323392
4.042188	2.269252
4.045521	2.215031
4.048854	2.160972
4.052187	2.107291
4.055521	2.05415
4.058854	2.001792
4.062188	1.950324
4.065521	1.899936
4.068854	1.850762
4.072187	1.802911
4.075521	1.756463
4.078854	1.711554
4.082188	1.668264
4.085521	1.626674
4.088854	1.586865
4.092187	1.548892
4.095521	1.512835
4.098854	1.478802
4.102188	1.446847
4.105521	1.417078
4.108854	1.389576
4.112187	1.364396
4.115521	1.341671
4.118854	1.321483
4.122188	1.303995
4.125521	1.289286
4.128854	1.2776
4.132187	1.269071
4.135521	1.263997
4.138854	1.262648
4.142188	1.265374
4.145521	1.27258
4.148854	1.284698
4.152187	1.302213
4.155521	1.325667
4.158854	1.355678
4.162188	1.392896
4.165521	1.437994
4.168854	1.491729
4.172187	1.554883
4.175521	1.628266
4.178854	1.712822
4.182188	1.809388
4.185521	1.918963
4.188854	2.042437
4.192187	2.180809
4.195521	2.334997
4.198854	2.50589
4.202188	2.694354
4.205521	2.901088
4.208854	3.126742
4.212187	3.371882
4.215521	3.636832
4.218854	3.921862
4.222188	4.226971
4.225521	4.552052
4.228854	4.896781
4.232187	5.260591
4.235521	5.642673
4.238854	6.042054
4.242188	6.45744
4.245521	6.887265
4.248854	7.329774
4.252188	7.782863
4.255521	8.244292
4.258854	8.711523
4.262187	9.181886
4.265521	9.652545
4.268854	10.12053
4.272188	10.58285
4.275521	11.03645
4.278854	11.47829
4.282187	11.90531
4.285521	12.31459
4.288854	12.70326
4.292188	13.06864
4.295521	13.4081
4.298854	13.71934
4.302187	14.00018
4.305521	14.24883
4.308854	14.46364
4.312188	14.64338
4.315521	14.78715
4.318854	14.89435
4.322187	14.96474
4.325521	14.99842
4.328854	14.99586
4.332188	14.95777
4.335521	14.88523
4.338854	14.77949
4.342187	14.64209
4.345521	14.47475
4.348854	14.27941
4.352188	14.05802
4.355521	13.8128
4.358854	13.54596
4.362187	13.25985
4.365521	12.95682
4.368854	12.63927
4.372188	12.30957
4.375521	11.97013
4.378854	11.62319
4.382187	11.27093
4.385521	10.91546
4.388854	10.55867
4.392188	10.20231
4.395521	9.848026
4.398854	9.497251
4.402187	9.151227
4.405521	8.811139
4.408854	8.477962
4.412188	8.152611
4.415521	7.835788
4.418854	7.528115
4.422187	7.230023
4.425521	6.941917
4.428854	6.664013
4.432188	6.396445
4.435521	6.139241
4.438854	5.892347
4.442187	5.655627
4.445521	5.428921
4.448854	5.212038
4.452188	5.004683
4.455521	4.806611
4.458854	4.617527
4.462187	4.437106
4.465521	4.264998
4.468854	4.100852
4.472188	3.944316
4.475521	3.795014
4.478854	3.652594
4.482187	3.516678
4.485521	3.386915
4.488854	3.262955
4.492188	3.144528
4.495521	3.031337
4.498854	2.923111
4.502188	2.819582
4.505521	2.720533
4.508854	2.625748
4.512187	2.534984
4.515521	2.448053
4.518854	2.36482
4.522188	2.28504
4.525521	2.208635
4.528854	2.135414
4.532187	2.065243
4.535521	1.99804
4.538854	1.933699
4.542188	1.87211
4.545521	1.813194
4.548854	1.756814
4.552187	1.70289
4.555521	1.651314
4.558854	1.602006
4.562188	1.554856
4.565521	1.509785
4.568854	1.466738
4.572187	1.42558
4.575521	1.386311
4.578854	1.348823
4.582188	1.313117
4.585521	1.279084
4.588854	1.246724
4.592187	1.21593
4.595521	1.186647
4.598854	1.158848
4.602188	1.132426
4.605521	1.107327
4.608854	1.083495
4.612187	1.060852
4.615521	1.039315
4.618854	1.018803
4.622188	0.9993441
4.625521	0.9808297
4.628854	0.96326
4.632187	0.9466618
4.635521	0.9309813
4.638854	0.9162454
4.642188	0.9025081
4.645521	0.8897963
4.648854	0.8781101
4.652187	0.8675035
4.655521	0.8580304
4.658854	0.8496908
4.662188	0.8425388
4.665521	0.8366012
4.668854	0.8319052
4.672187	0.8285046
4.675521	0.8264534
4.678854	0.8258057
4.682188	0.8266423
4.685521	0.8290713
4.688854	0.8332006
4.692187	0.8391382
4.695521	0.8470189
4.698854	0.8570048
4.702188	0.8692308
4.705521	0.8838857
4.708854	0.9011046
4.712187	0.9210494
4.715521	0.943882
4.718854	0.9697913
4.722188	0.9989123
4.725521	1.031434
4.728854	1.067518
4.732187	1.107354
4.735521	1.151103
4.738854	1.198927
4.742188	1.251042
4.745521	1.30753
4.748854	1.368579
4.752188	1.434216
4.755521	1.504603
4.758854	1.579713
4.762187	1.6596
4.765521	1.744264
4.768854	1.833678
4.772188	1.927788
4.775521	2.026541
4.778854	2.129881
4.782187	2.237702
4.785521	2.349922
4.788854	2.466487
4.792188	2.587289
4.795521	2.712301
4.798854	2.841524
4.802187	2.975011
4.805521	3.112924
4.808854	3.255506
4.812188	3.403163
4.815521	3.556432
4.818854	3.716017
4.822187	3.88289
4.825521	4.058182
4.828854	4.243326
4.832188	4.440021
4.835521	4.650292
4.838854	4.876566
4.842187	5.121598
4.845521	5.388626
4.848854	5.681348
4.852188	6.003892
4.855521	6.360955
4.858854	6.757691
4.862187	7.199768
4.865521	7.693449
4.868854	8.245318
4.872188	8.862445
4.875521	9.552201
4.878854	10.32227
4.882187	11.18047
4.885521	12.13466
4.888854	13.19276
4.892188	14.36248
4.895521	15.65125
4.898854	17.06606
4.902187	18.61334
4.905521	20.29866
4.908854	22.12662
4.912188	24.10058
4.915521	26.22256
4.918854	28.49291
4.922187	30.9102
4.925521	33.47112
4.928854	36.17036
4.932188	39.0006
4.935521	41.9524
4.938854	45.01429
4.942187	48.17275
4.945521	51.41222
4.948854	54.7152
4.952188	58.06233
4.955521	61.43267
4.958854	64.80367
4.962187	68.15164
4.965521	71.45195
4.968854	74.67947
4.972188	77.80886
4.975521	80.81512
4.978854	83.67389
4.982187	86.36179
4.985521	88.85681
4.988854	91.13855
4.992188	93.18857
4.995521	94.99057
4.998854	96.53061
5.002188	97.79736
5.005521	98.78213
5.008854	99.47903
5.012187	99.88503
5.015521	100
5.018854	99.82668
5.022188	99.37048
5.025521	98.63957
5.028854	97.64446
5.032187	96.39788
5.035521	94.91459
5.038854	93.21106
5.042188	91.30513
5.045521	89.21581
5.048854	86.96283
5.052187	84.56641
5.055521	82.04695
5.058854	79.42476
5.062188	76.71985
5.065521	73.95174
5.068854	71.13923
5.072187	68.30032
5.075521	65.4521
5.078854	62.61058
5.082188	59.79054
5.085521	57.00561
5.088854	54.26802
5.092187	51.58851
5.095521	48.97645
5.098854	46.43971
5.102188	43.98477
5.105521	41.61682
5.108854	39.33983
5.112187	37.15667
5.115521	35.06921
5.118854	33.07846
5.122188	31.18462
5.125521	29.38716
5.128854	27.68495
5.132187	26.07619
5.135521	24.55856
5.138854	23.12928
5.142188	21.78523
5.145521	20.52299
5.148854	19.33893
5.152187	18.22931
5.155521	17.19035
5.158854	16.21824
5.162188	15.30928
5.165521	14.45978
5.168854	13.66614
5.172187	12.92489
5.175521	12.23257
5.178854	11.58592
5.182188	10.9818
5.185521	10.41714
5.188854	9.889157
5.192187	9.395152
5.195521	8.932617
5.198854	8.499256
5.202188	8.092884
5.205521	7.711559
5.208854	7.353443
5.212187	7.016838
5.215521	6.700232
5.218854	6.402113
5.222188	6.121131
5.225521	5.856074
5.228854	5.605833
5.232187	5.369302
5.235521	5.145619
5.238854	4.933918
5.242188	4.73339
5.245521	4.543389
5.248854	4.363265
5.252188	4.192479
5.255521	4.030492
5.258854	3.876871
5.262187	3.731158
5.265521	3.592921
5.268854	3.461836
5.272188	3.337553
5.275521	3.219746
5.278854	3.10812
5.282187	3.002459
5.285521	2.902492
5.288854	2.808004
5.292188	2.718806
5.295521	2.634654
5.298854	2.555361
5.302187	2.480737
5.305521	2.41062
5.308854	2.344767
5.312188	2.28307
5.315521	2.225287
5.318854	2.171282
5.322187	2.120921
5.325521	2.074014
5.328854	2.030427
5.332188	1.990025
5.335521	1.952645
5.338854	1.918099
5.342187	1.886199
5.345521	1.856754
5.348854	1.829576
5.352188	1.804422
5.355521	1.781104
5.358854	1.759405
5.362187	1.739136
5.365521	1.720082
5.368854	1.702135
5.372188	1.685132
5.375521	1.668911
5.378854	1.653312
5.382187	1.638225
5.385521	1.623543
5.388854	1.609077
5.392188	1.594746
5.395521	1.580442
5.398854	1.566003
5.402187	1.551402
5.405521	1.536504
5.408854	1.521282
5.412188	1.505656
5.415521	1.48957
5.418854	1.473026
5.422187	1.455996
5.425521	1.43848
5.428854	1.420479
5.432188	1.401991
5.435521	1.383072
5.438854	1.363721
5.442187	1.343992
5.445521	1.323885
5.448854	1.303428
5.452188	1.282646
5.455521	1.261568
5.458854	1.240193
5.462187	1.218602
5.465521	1.196795
5.468854	1.174826
5.472188	1.152749
5.475521	1.130618
5.478854	1.108514
5.482187	1.086437
5.485521	1.064495
5.488854	1.042634
5.492188	1.020962
5.495521	0.999479
5.498854	0.9781578
5.502188	0.9571065
5.505521	0.9362711
5.508854	0.9157056
5.512187	0.895464
5.515521	0.8755462
5.518854	0.8559523
5.522188	0.8367362
5.525521	0.817871
5.528854	0.7994106
5.532187	0.781301
5.535521	0.7635693
5.538854	0.7461885
5.542188	0.7292125
5.545521	0.7125873
5.548854	0.69634
5.552187	0.6804976
5.555521	0.6650599
5.558854	0.6500001
5.562188	0.6353722
5.565521	0.621149
5.568854	0.6073577
5.572187	0.5939712
5.575521	0.5810165
5.578854	0.5684127
5.582188	0.5562137
5.585521	0.5443656
5.588854	0.5328414
5.592187	0.521641
5.595521	0.5107645
5.598854	0.5001309
5.602188	0.4897941
5.605521	0.4797273
5.608854	0.4699303
5.612187	0.4603493
5.615521	0.4510381
5.618854	0.4419429
5.622188	0.4330905
5.625521	0.4244811
5.628854	0.4160605
5.632187	0.4078559
5.635521	0.3998672
5.638854	0.3920944
5.642188	0.3845105
5.645521	0.3771426
5.648854	0.3699635
5.652187	0.3630004
5.655521	0.3561992
5.658854	0.3495869
5.662188	0.3431366
5.665521	0.3368212
5.668854	0.3306677
5.672187	0.3246492
5.675521	0.3187387
5.678854	0.312936
5.682188	0.3072953
5.685521	0.3017626
5.688854	0.2963648
5.692187	0.291102
5.695521	0.2859741
5.698854	0.2809812
5.702188	0.2760962
5.705521	0.2713462
5.708854	0.2667041
5.712187	0.2621699
5.715521	0.2577438
5.718854	0.2534525
5.722188	0.2493233
5.725521	0.2453289
5.728854	0.2414965
5.732187	0.237826
5.735521	0.2342904
5.738854	0.2308898
5.742188	0.2275972
5.745521	0.2243855
5.748854	0.2212278
5.752188	0.2181241
5.755521	0.2150474
5.758854	0.2119976
5.762187	0.2090019
5.765521	0.2060871
5.768854	0.2032262
5.772188	0.2004464
5.775521	0.1977475
5.778854	0.1951836
5.782187	0.1927006
5.785521	0.1903256
5.788854	0.1880585
5.792188	0.1858454
5.795521	0.1837133
5.798854	0.1816351
5.802187	0.179584
5.805521	0.1775868
5.808854	0.1756166
5.812188	0.1736734
5.815521	0.1717572
5.818854	0.169895
5.822187	0.1680597
5.825521	0.1662785
5.828854	0.1645782
5.832188	0.1629858
5.835521	0.1614744
5.838854	0.160044
5.842187	0.1586946
5.845521	0.1573991
5.848854	0.1562116
5.852188	0.1550511
5.855521	0.1539715
5.858854	0.152919
5.862187	0.1518934
5.865521	0.1508948
5.868854	0.1498962
5.872188	0.1489516
5.875521	0.148007
5.878854	0.1470624
5.882187	0.1461448
5.885521	0.1452271
5.888854	0.1443095
5.892188	0.1434459
5.895521	0.1426092
5.898854	0.1418265
5.902187	0.1410978
5.905521	0.1404501
5.908854	0.1398294
5.912188	0.1392626
5.915521	0.1386958
5.918854	0.1381291
5.922187	0.1375353
5.925521	0.1369146
5.928854	0.1362668
5.932188	0.1355921
5.935521	0.1349174
5.938854	0.1342427
5.942187	0.133568
5.945521	0.1329472
5.948854	0.1323535
5.952188	0.1318407
5.955521	0.1313279
5.958854	0.1308961
5.962187	0.1304642
5.965521	0.1300864
5.968854	0.1296816
5.972188	0.1293307
5.975521	0.1289259
5.978854	0.128521
5.982187	0.1281162
5.985521	0.1276574
5.988854	0.1271986
5.992188	0.1267398
5.995521	0.126227
5.998854	0.1257412
6.002188	0.1252554
6.005521	0.1247966
6.008854	0.1243378
6.012187	0.1239329
6.015521	0.1235551
6.018854	0.1232042
6.022188	0.1228804
6.025521	0.1225295
6.028854	0.1222056
6.032187	0.1218548
6.035521	0.1215039
6.038854	0.1210991
6.042188	0.1206403
6.045521	0.1201275
6.048854	0.1196147
6.052187	0.1190479
6.055521	0.1184812
6.058854	0.1179144
6.062188	0.1173476
6.065521	0.1167809
6.068854	0.1162411
6.072187	0.1157013
6.075521	0.1152425
6.078854	0.1148107
6.082188	0.1144328
6.085521	0.114082
6.088854	0.1138121
6.092187	0.1135422
6.095521	0.1133533
6.098854	0.1131914
6.102188	0.1130294
6.105521	0.1128945
6.108854	0.1127325
6.112187	0.1125436
6.115521	0.1123277
6.118854	0.1121118
6.122188	0.1118419
6.125521	0.111545
6.128854	0.1112212
6.132187	0.1108973
6.135521	0.1105464
6.138854	0.1101956
6.142188	0.1098447
6.145521	0.1094939
6.148854	0.10917
6.152187	0.1088731
6.155521	0.1085763
6.158854	0.1082794
6.162188	0.1079555
6.165521	0.1076047
6.168854	0.1071998
6.172187	0.106714
6.175521	0.1061742
6.178854	0.1055265
6.182188	0.1047978
6.185521	0.1039881
6.188854	0.1030975
6.192187	0.1021529
6.195521	0.1011813
6.198854	0.1002097
6.202188	0.09921111
6.205521	0.09823951
6.208854	0.0972949
6.212187	0.09637728
6.215521	0.09545965
6.218854	0.09454203
6.222188	0.09362441
6.225521	0.09265281
6.228854	0.09165422
6.232187	0.09057467
6.235521	0.08944114
6.238854	0.08825362
6.242188	0.08703913
6.245521	0.08579764
6.248854	0.08452916
6.252188	0.08331466
6.255521	0.08218113
6.258854	0.08110158
6.262187	0.08010299
6.265521	0.07918537
6.268854	0.07832172
6.272188	0.07751206
6.275521	0.07672938
6.278854	0.07591971
6.282187	0.07511005
6.285521	0.07421941
6.288854	0.0732748
6.292188	0.07224922
6.295521	0.07119666
6.298854	0.07009011
6.302187	0.06898357
6.305521	0.06790402
6.308854	0.06682446
6.312188	0.06579888
6.315521	0.06482728
6.318854	0.06388267
6.322187	0.06301903
6.325521	0.06218237
6.328854	0.06142668
6.332188	0.06075196
6.335521	0.06018519
6.338854	0.0596724
6.342187	0.05926757
6.345521	0.05888973
6.348854	0.05859285
6.352188	0.05832296
6.355521	0.05802608
6.358854	0.05770222
6.362187	0.05735136
6.365521	0.05697352
6.368854	0.05656869
6.372188	0.05610987
6.375521	0.05567805
6.378854	0.05521924
6.382187	0.05478742
6.385521	0.05438259
6.388854	0.05397775
6.392188	0.05359991
6.395521	0.05322207
6.398854	0.05284422
6.402187	0.05249337
6.405521	0.0521695
6.408854	0.05187262
6.412188	0.05157574
6.415521	0.05130586
6.418854	0.05103597
6.422187	0.05076608
6.425521	0.0504692
6.428854	0.05019931
6.432188	0.04990243
6.435521	0.04963254
6.438854	0.04938964
6.442187	0.04917373
6.445521	0.04906578
6.448854	0.04903879
6.452188	0.04914674
6.455521	0.04936266
6.458854	0.04968652
6.462187	0.05011834
6.465521	0.05065812
6.468854	0.05130586
6.472188	0.05200757
6.475521	0.05281723
6.478854	0.05368088
6.482187	0.05465248
6.485521	0.05570504
6.488854	0.05686556
6.492188	0.05813404
6.495521	0.05953746
6.498854	0.06102185
6.502188	0.06261419
6.505521	0.0642875
6.508854	0.06598781
6.512187	0.06776907
6.515521	0.06955034
6.518854	0.0713316
6.522188	0.07308588
6.525521	0.07478618
6.528854	0.0764325
6.532187	0.07802484
6.535521	0.07950923
6.538854	0.08091265
6.542188	0.08220812
6.545521	0.08339563
6.548854	0.08442121
6.552187	0.08533883
6.555521	0.08606753
6.558854	0.08663429
6.562188	0.08701214
6.565521	0.08720106
6.568854	0.08720106
6.572187	0.08701214
6.575521	0.08663429
6.578854	0.08609451
6.582188	0.0853928
6.585521	0.08455615
6.588854	0.08358455
6.592187	0.082505
6.595521	0.08134448
6.598854	0.08010299
6.602188	0.07883451
6.605521	0.07748507
6.608854	0.07613562
6.612187	0.07475919
6.615521	0.07335577
6.618854	0.07192536
6.622188	0.07049495
6.625521	0.06901056
6.628854	0.06752617
6.632187	0.06604178
6.635521	0.06458438
6.638854	0.06315397
6.642188	0.06183152
6.645521	0.06056304
6.648854	0.05940252
6.652187	0.05834995
6.655521	0.05737835
6.658854	0.05646073
6.662188	0.0555701
6.665521	0.05470645
6.668854	0.05378883
6.672187	0.05287121
6.675521	0.05189961
6.678854	0.05084704
6.682188	0.04976749
6.685521	0.04863396
6.688854	0.04747343
6.692187	0.04628592
6.695521	0.04507142
6.698854	0.04385692
6.702188	0.04264243
6.705521	0.04150889
6.708854	0.04045633
6.712187	0.03948473
6.715521	0.03867506
6.718854	0.03802733
6.722188	0.03754153
6.725521	0.03721766
6.728854	0.03700175
6.732187	0.03692078
6.735521	0.03692078
6.738854	0.03694777
6.742188	0.03702874
6.745521	0.0371097
6.748854	0.03721766
6.752188	0.03732562
6.755521	0.03746056
6.758854	0.03762249
6.762187	0.0378384
6.765521	0.03810829
6.768854	0.03843216
6.772188	0.03883699
6.775521	0.03926882
6.778854	0.0397816
6.782187	0.04034837
6.785521	0.0409961
6.788854	0.04167083
6.792188	0.04242651
6.795521	0.04320919
6.798854	0.04401886
6.802187	0.04480153
6.805521	0.04558421
6.808854	0.0463399
6.812188	0.04701462
6.815521	0.04758139
6.818854	0.04801321
6.822187	0.0482831
6.825521	0.04839106
6.828854	0.04833708
6.832188	0.04809418
6.835521	0.04768935
6.838854	0.04712258
6.842187	0.04642087
6.845521	0.04558421
6.848854	0.0446396
6.852188	0.04358704
6.855521	0.04242651
6.858854	0.04118503
6.862187	0.03980859
6.865521	0.03829722
6.868854	0.03667788
6.872188	0.03492361
6.875521	0.03306137
6.878854	0.03109119
6.882187	0.02904003
6.885521	0.02688092
6.888854	0.02466783
6.892188	0.02242776
6.895521	0.02018768
6.898854	0.01797459
6.902187	0.01578849
6.905521	0.01368336
6.908854	0.01168618
6.912188	0.009850938
6.915521	0.008231606
6.918854	0.006882162
6.922187	0.005802607
6.925521	0.005046918
6.928854	0.004615096
6.932188	0.004480152
6.935521	0.004615096
6.938854	0.00499294
6.942187	0.005532718
6.945521	0.00620744
6.948854	0.006990117
6.952188	0.007799784
6.955521	0.008690416
6.958854	0.009635027
6.962187	0.01068759
6.965521	0.0118751
6.968854	0.01327853
6.972188	0.01484388
6.975521	0.01665214
6.978854	0.0186763
6.982187	0.02091638
6.985521	0.02334538
6.988854	0.02588233
6.992188	0.02850025
6.995521	0.03114516
6.998854	0.03370911
7.002188	0.03621907
7.005521	0.03859409
7.008854	0.04086116
7.012187	0.04296629
7.015521	0.04490949
7.018854	0.04669076
7.022188	0.04831009
7.025521	0.04976749
7.028854	0.05106296
7.032187	0.05219649
7.035521	0.05316809
7.038854	0.05400474
7.042188	0.05467946
7.045521	0.05527322
7.048854	0.05575902
7.052187	0.05613686
7.055521	0.05640675
7.058854	0.0565417
7.062188	0.0565417
7.065521	0.05643374
7.068854	0.05613686
7.072187	0.05567805
7.075521	0.05503032
7.078854	0.05416668
7.082188	0.05308712
7.085521	0.05181864
7.088854	0.05036124
7.092187	0.04874191
7.095521	0.04696064
7.098854	0.04509841
7.102188	0.04312822
7.105521	0.04113105
7.108854	0.03913387
7.112187	0.0371097
7.115521	0.03516651
7.118854	0.0332503
7.122188	0.03141505
7.125521	0.02966077
7.128854	0.02798746
7.132187	0.0264491
7.135521	0.02504568
7.138854	0.0237772
7.142188	0.02264367
7.145521	0.02169906
7.148854	0.02088939
7.152187	0.02024166
7.155521	0.01972887
7.158854	0.01935102
7.162188	0.01910812
7.165521	0.01900017
7.168854	0.01902716
7.172187	0.01918909
7.175521	0.01945898
7.178854	0.01986381
7.182188	0.02040359
7.185521	0.02102433
7.188854	0.02172605
7.192187	0.02248173
7.195521	0.0232914
7.198854	0.02412805
7.202188	0.02496471
7.205521	0.02582835
7.208854	0.02666501
7.212187	0.02747468
7.215521	0.02828434
7.218854	0.02906702
7.222188	0.02982271
7.225521	0.03049743
7.228854	0.03111817
7.232187	0.03165795
7.235521	0.03214375
7.238854	0.03254858
7.242188	0.03292643
7.245521	0.0332503
7.248854	0.03354717
7.252188	0.03379007
7.255521	0.03403297
7.258854	0.03427587
7.262187	0.03451877
7.265521	0.03473468
7.268854	0.03492361
7.272188	0.03513952
7.275521	0.03538242
7.278854	0.03562532
7.282187	0.03592219
7.285521	0.03624606
7.288854	0.03662391
7.292188	0.03702874
7.295521	0.03748755
7.298854	0.03800034
7.302187	0.03854012
7.305521	0.03910688
7.308854	0.03970064
7.312188	0.04029439
7.315521	0.04091514
7.318854	0.04150889
7.322187	0.04212964
7.325521	0.0426964
7.328854	0.04323618
7.332188	0.04372198
7.335521	0.0441538
7.338854	0.04450466
7.342187	0.04477455
7.345521	0.04496347
7.348854	0.0451254
7.352188	0.04517938
7.355521	0.04520637
7.358854	0.04520637
7.362187	0.0451254
7.365521	0.04499046
7.368854	0.04477455
7.372188	0.04447767
7.375521	0.04404585
7.378854	0.04353306
7.382187	0.04288532
7.385521	0.04218361
7.388854	0.04142793
7.392188	0.04064525
7.395521	0.03986257
7.398854	0.03907989
7.402187	0.03835119
7.405521	0.03762249
7.408854	0.03689379
7.412188	0.03616509
7.415521	0.03540941
7.418854	0.03465372
7.422187	0.03387104
7.425521	0.03311535
7.428854	0.03238665
7.432188	0.03173892
7.435521	0.03114516
7.438854	0.03065936
7.442187	0.03022754
7.445521	0.02987669
7.448854	0.02955282
7.452188	0.02922895
7.455521	0.02890509
7.458854	0.02852724
7.462187	0.02812241
7.465521	0.02769059
7.468854	0.02723178
7.472188	0.02674598
7.475521	0.02628717
7.478854	0.02580137
7.482187	0.02534255
7.485521	0.02491073
7.488854	0.02453289
7.492188	0.02418203
7.495521	0.02388515
7.498854	0.02364226
7.502188	0.02350731
7.505521	0.02348032
7.508854	0.0235343
7.512187	0.02366924
7.515521	0.02385817
7.518854	0.02410107
7.522188	0.02434397
7.525521	0.02458687
7.528854	0.02477579
7.532187	0.02488374
7.535521	0.02496471
7.538854	0.0249917
7.542188	0.0249917
7.545521	0.02496471
7.548854	0.02488374
7.552187	0.02480278
7.555521	0.02469482
7.558854	0.02455988
7.562188	0.02439794
7.565521	0.02423601
7.568854	0.02410107
7.572187	0.02393913
7.575521	0.02380419
7.578854	0.02369623
7.582188	0.02356129
7.585521	0.02345333
7.588854	0.02334538
7.592187	0.02323742
7.595521	0.02307549
7.598854	0.02291356
7.602188	0.02275162
7.605521	0.0225627
7.608854	0.02237378
7.612187	0.02218486
7.615521	0.02202292
7.618854	0.02186099
7.622188	0.02169906
7.625521	0.02153712
7.628854	0.0213482
7.632187	0.02115928
7.635521	0.02094337
7.638854	0.02072746
7.642188	0.02051154
7.645521	0.02032262
7.648854	0.02016069
7.652187	0.02005273
7.655521	0.01997177
7.658854	0.01997177
7.662188	0.01999876
7.665521	0.02010671
7.668854	0.02021467
7.672187	0.02034961
7.675521	0.02051154
7.678854	0.02070047
7.682188	0.02088939
7.685521	0.02105132
7.688854	0.02124024
7.692187	0.02140218
7.695521	0.02156411
7.698854	0.02167207
7.702188	0.02180701
7.705521	0.02191497
7.708854	0.02202292
7.712187	0.02215787
7.715521	0.02229281
7.718854	0.02242776
7.722188	0.0225627
7.725521	0.02269764
7.728854	0.0228056
7.732187	0.02291356
7.735521	0.02296753
7.738854	0.02296753
7.742188	0.02291356
7.745521	0.0228056
7.748854	0.02261668
7.752188	0.02234679
7.755521	0.0220769
7.758854	0.02175303
7.762187	0.02142917
7.765521	0.02115928
7.768854	0.02094337
7.772188	0.02075444
7.775521	0.02064649
7.778854	0.0206195
7.782187	0.0206195
7.785521	0.0206195
7.788854	0.02059251
7.792188	0.02053853
7.795521	0.0203766
7.798854	0.0201337
7.802187	0.01980983
7.805521	0.01937801
7.808854	0.01889221
7.812188	0.01837942
7.815521	0.01783965
7.818854	0.01732686
7.822187	0.01686805
7.825521	0.01651719
7.828854	0.0162473
7.832188	0.01608537
7.835521	0.01605838
7.838854	0.01611236
7.842187	0.01622031
7.845521	0.01640924
7.848854	0.01657117
7.852188	0.0167331
7.855521	0.01681407
7.858854	0.01686805
7.862187	0.01684106
7.865521	0.0167331
7.868854	0.01659816
7.872188	0.01640924
7.875521	0.01622031
7.878854	0.01603139
7.882187	0.01586946
7.885521	0.0157615
7.888854	0.01568054
7.892188	0.01562656
7.895521	0.01559957
7.898854	0.01559957
7.902187	0.01559957
7.905521	0.01562656
7.908854	0.01565355
7.912188	0.01568054
7.915521	0.01573451
7.918854	0.0157615
7.922187	0.01581548
7.925521	0.01584247
7.928854	0.01586946
7.932188	0.01589645
7.935521	0.01589645
7.938854	0.01592344
7.942187	0.01592344
7.945521	0.01592344
7.948854	0.01595043
7.952188	0.01595043
7.955521	0.01595043
7.958854	0.01595043
7.962187	0.01592344
7.965521	0.01586946
7.968854	0.01578849
7.972188	0.01570753
7.975521	0.01559957
7.978854	0.01549161
7.982187	0.01538366
7.985521	0.01530269
7.988854	0.01522173
7.992188	0.01519474
7.995521	0.01519474
7.998854	0.01516775
8.002188	0.01516775
8.005521	0.01516775
8.008854	0.01516775
8.012188	0.01516775
8.015521	0.01514076
8.018854	0.01514076
8.022187	0.01514076
8.025521	0.01516775
8.028854	0.01522173
8.032187	0.01530269
8.035521	0.01535667
8.038855	0.01543764
8.042188	0.01546463
8.045521	0.01549161
8.048854	0.01546463
8.052188	0.01541065
8.055521	0.0152757
8.058854	0.01514076
8.062187	0.01495184
8.065521	0.01476292
8.068854	0.01457399
8.072187	0.01441206
8.075521	0.0143041
8.078855	0.01422314
8.082188	0.01422314
8.085521	0.01427712
8.088854	0.01438507
8.092188	0.014547
8.095521	0.01473593
8.098854	0.01495184
8.102187	0.01514076
8.105521	0.01535667
8.108854	0.01557258
8.112187	0.01578849
8.11552	0.0160044
8.118855	0.01622031
8.122188	0.01643622
8.125521	0.01667912
8.128854	0.01692202
8.132188	0.01719191
8.135521	0.0174618
8.138854	0.01767771
8.142187	0.01789362
8.145521	0.01808255
8.148854	0.01824448
8.152187	0.01837942
8.15552	0.01851437
8.158854	0.01862232
8.162188	0.01878426
8.165521	0.01897318
8.168854	0.01924307
8.172188	0.01953995
8.175521	0.01986381
8.178854	0.02021467
8.182187	0.02056552
8.185521	0.0208624
8.188854	0.02113229
8.192187	0.02137519
8.19552	0.02151013
8.198854	0.02161809
8.202188	0.02164508
8.205521	0.02167207
8.208854	0.02164508
8.212188	0.0215911
8.215521	0.02153712
8.218854	0.02142917
8.222187	0.02132121
8.225521	0.02115928
8.228854	0.02097036
8.232187	0.02078143
8.23552	0.02053853
8.238854	0.02032262
8.242188	0.02010671
8.245521	0.01991779
8.248855	0.01975586
8.252188	0.0196479
8.255521	0.01953995
8.258854	0.01943199
8.262188	0.01935102
8.265521	0.01927006
8.268854	0.01918909
8.272187	0.01908113
8.275521	0.01897318
8.278854	0.01883823
8.282187	0.01873028
8.285521	0.01862232
8.288855	0.01848738
8.292188	0.01837942
8.295521	0.01821749
8.298854	0.01802857
8.302188	0.01778567
8.305521	0.01748879
8.308854	0.01716492
8.312187	0.01678708
8.315521	0.01638225
8.318854	0.01597741
8.322187	0.01559957
8.325521	0.0152757
8.328855	0.01500582
8.332188	0.01484388
8.335521	0.01473593
8.338854	0.01470894
8.342188	0.01476292
8.345521	0.01484388
8.348854	0.01492485
8.352187	0.0150328
8.355521	0.01508678
8.358854	0.01511377
8.362187	0.01505979
8.36552	0.01497883
8.368855	0.01484388
8.372188	0.01468195
8.375521	0.01452002
8.378854	0.01433109
8.382188	0.01419615
8.385521	0.01403422
8.388854	0.01392626
8.392187	0.0138183
8.395521	0.01371035
8.398854	0.01362938
8.402187	0.0135754
8.40552	0.01349444
8.408854	0.01341347
8.412188	0.01335949
8.415521	0.01327853
8.418854	0.01322455
8.422188	0.01317057
8.425521	0.0130896
8.428854	0.01303563
8.432187	0.01295466
8.435521	0.01290068
8.438854	0.01284671
8.442187	0.01281972
8.44552	0.01281972
8.448854	0.01284671
8.452188	0.01290068
8.455521	0.01300864
8.458854	0.01317057
8.462188	0.01335949
8.465521	0.0135754
8.468854	0.0138183
8.472187	0.01408819
8.475521	0.01433109
8.478854	0.01457399
8.482187	0.01481689
8.48552	0.0150328
8.488854	0.01524871
8.492188	0.01546463
8.495521	0.01568054
8.498855	0.01595043
8.502188	0.01622031
8.505521	0.01657117
8.508854	0.01694901
8.512188	0.01735385
8.515521	0.01775868
8.518854	0.01813652
8.522187	0.01848738
8.525521	0.01878426
8.528854	0.01902716
8.532187	0.01924307
8.535521	0.01937801
8.538855	0.01948597
8.542188	0.01956693
8.545521	0.0196479
8.548854	0.01975586
8.552188	0.0198908
8.555521	0.02002575
8.558854	0.02018768
8.562187	0.02034961
8.565521	0.02051154
8.568854	0.02070047
8.572187	0.0208624
8.575521	0.02105132
8.578855	0.02124024
8.582188	0.02145616
8.585521	0.02164508
8.588854	0.02188798
8.592188	0.02210389
8.595521	0.0223198
8.598854	0.02250872
8.602187	0.02261668
8.605521	0.02267066
8.608854	0.02261668
8.612187	0.02245474
8.61552	0.02218486
8.618855	0.021834
8.622188	0.02140218
8.625521	0.02091638
8.628854	0.0203766
8.632188	0.01983682
8.635521	0.01929705
8.638854	0.01881125
8.642187	0.01835243
8.645521	0.01800158
8.648854	0.01767771
8.652187	0.01743481
8.65552	0.01727288
8.658854	0.01713794
8.662188	0.01702998
8.665521	0.016976
8.668854	0.01692202
8.672188	0.01686805
8.675521	0.01678708
8.678854	0.0167331
8.682187	0.01662515
8.685521	0.01651719
8.688854	0.01638225
8.692187	0.0162473
8.69552	0.01608537
8.698854	0.01589645
8.702188	0.01565355
8.705521	0.01541065
8.708854	0.01508678
8.712188	0.01470894
8.715521	0.0143041
8.718854	0.01387228
8.722187	0.01341347
8.725521	0.01295466
8.728854	0.01254983
8.732187	0.01217198
8.73552	0.0118751
8.738854	0.01165919
8.742188	0.01149726
8.745521	0.01141629
8.748855	0.0113893
8.752188	0.01136232
8.755521	0.01133533
8.758854	0.01128135
8.762188	0.01120038
8.765521	0.01106544
8.768854	0.0109035
8.772187	0.01071458
8.775521	0.01049867
8.778854	0.01028276
8.782187	0.01009384
8.785521	0.009931905
8.788855	0.00979696
8.792188	0.009689005
8.795521	0.009581049
8.798854	0.009500083
8.802188	0.009419116
8.805521	0.009311161
8.808854	0.009203205
8.812187	0.009068261
8.815521	0.008906327
8.818854	0.008744394
8.822187	0.008636439
8.825521	0.008528483
8.828855	0.008447517
8.832188	0.008393539
8.835521	0.008393539
8.838854	0.008393539
8.842188	0.008420528
8.845521	0.008447517
8.848854	0.008447517
8.852187	0.008447517
8.855521	0.008393539
8.858854	0.008312572
8.862187	0.008204617
8.86552	0.00812365
8.868855	0.008042683
8.872188	0.007961717
8.875521	0.00788075
8.878854	0.007826772
8.882188	0.007799784
8.885521	0.007799784
8.888854	0.007826772
8.892187	0.00788075
8.895521	0.007934728
8.898854	0.007988706
8.902187	0.008042683
8.90552	0.008069672
8.908854	0.008069672
8.912188	0.008042683
8.915521	0.007961717
8.918854	0.00788075
8.922188	0.007745806
8.925521	0.007610861
8.928854	0.007475917
8.932187	0.007367962
8.935521	0.007286995
8.938854	0.007260006
8.942187	0.007286995
8.94552	0.007340973
8.948854	0.00739495
8.952188	0.007448928
8.955521	0.007502906
8.958854	0.007556884
8.962188	0.007583873
8.965521	0.007583873
8.968854	0.007583873
8.972187	0.007583873
8.975521	0.007556884
8.978854	0.007529895
8.982187	0.007502906
8.98552	0.007475917
8.988854	0.007448928
8.992188	0.007421939
8.995521	0.007421939
8.998855	0.00739495
9.002188	0.00739495
9.005521	0.00739495
9.008854	0.00739495
9.012188	0.00739495
9.015521	0.007367962
9.018854	0.007313984
9.022187	0.007206028
9.025521	0.007071084
9.028854	0.006882162
9.032187	0.00669324
9.035521	0.006504317
9.038855	0.006315395
9.042188	0.006180451
9.045521	0.006072495
9.048854	0.006045507
9.052188	0.006045507
9.055521	0.006072495
9.058854	0.006126473
9.062187	0.006180451
9.065521	0.006234429
9.068854	0.006288406
9.072187	0.006315395
9.075521	0.006342384
9.078855	0.006369373
9.082188	0.006369373
9.085521	0.006369373
9.088854	0.006369373
9.092188	0.006342384
9.095521	0.006288406
9.098854	0.006234429
9.102187	0.006153462
9.105521	0.006045507
9.108854	0.00596454
9.112187	0.005883573
9.11552	0.005802607
9.118855	0.005775618
9.122188	0.00572164
9.125521	0.00572164
9.128854	0.00572164
9.132188	0.005748629
9.135521	0.005775618
9.138854	0.005829596
9.142187	0.005856584
9.145521	0.005910562
9.148854	0.00596454
9.152187	0.006045507
9.15552	0.006126473
9.158854	0.00620744
9.162188	0.006261418
9.165521	0.006315395
9.168854	0.006342384
9.172188	0.006369373
9.175521	0.006396362
9.178854	0.006423351
9.182187	0.00645034
9.185521	0.006477329
9.188854	0.006531306
9.192187	0.006585284
9.19552	0.006666251
9.198854	0.006747217
9.202188	0.006801195
9.205521	0.006828184
9.208854	0.006855173
9.212188	0.006828184
9.215521	0.006774206
9.218854	0.006720228
9.222187	0.006639262
9.225521	0.006558295
9.228854	0.006477329
9.232187	0.006423351
9.23552	0.006369373
9.238854	0.006315395
9.242188	0.006288406
9.245521	0.006261418
9.248855	0.006234429
9.252188	0.006234429
9.255521	0.006234429
9.258854	0.006234429
9.262188	0.006234429
9.265521	0.006234429
9.268854	0.006234429
9.272187	0.006261418
9.275521	0.006261418
9.278854	0.006261418
9.282187	0.006288406
9.285521	0.006315395
9.288855	0.006315395
9.292188	0.006342384
9.295521	0.006369373
9.298854	0.006396362
9.302188	0.006396362
9.305521	0.006396362
9.308854	0.006369373
9.312187	0.006288406
9.315521	0.006180451
9.318854	0.006072495
9.322187	0.005937551
9.325521	0.005802607
9.328855	0.005694651
9.332188	0.005640673
9.335521	0.005613685
9.338854	0.005613685
9.342188	0.005667662
9.345521	0.00572164
9.348854	0.005802607
9.352187	0.005883573
9.355521	0.00596454
9.358854	0.006018518
9.362187	0.006045507
9.36552	0.006072495
9.368855	0.006099484
9.372188	0.006153462
9.375521	0.00620744
9.378854	0.006288406
9.382188	0.006369373
9.385521	0.006477329
9.388854	0.006558295
9.392187	0.006639262
9.395521	0.006666251
9.398854	0.006666251
9.402187	0.006585284
9.40552	0.006477329
9.408854	0.006315395
9.412188	0.006153462
9.415521	0.005937551
9.418854	0.00572164
9.422188	0.005532718
9.425521	0.005316807
9.428854	0.005127885
9.432187	0.004965952
9.435521	0.004804018
9.438854	0.004642085
9.442187	0.004480152
9.44552	0.004318219
9.448854	0.004210263
9.452188	0.004102308
9.455521	0.004021341
9.458854	0.003967363
9.462188	0.003940374
9.465521	0.003967363
9.468854	0.004021341
9.472187	0.004075319
9.475521	0.004156285
9.478854	0.004237252
9.482187	0.00429123
9.48552	0.004318219
9.488854	0.004318219
9.492188	0.004264241
9.495521	0.004156285
9.498855	0.003994352
9.502188	0.00380543
9.505521	0.003616508
9.508854	0.003427586
9.512188	0.003265652
9.515521	0.003130708
9.518854	0.003022752
9.522187	0.002941786
9.525521	0.002941786
9.528854	0.002941786
9.532187	0.002995764
9.535521	0.00307673
9.538855	0.003157697
9.542188	0.003238663
9.545521	0.003346619
9.548854	0.003427586
9.552188	0.003535541
9.555521	0.003616508
9.558854	0.003643497
9.562187	0.003616508
9.565521	0.003508552
9.568854	0.003373608
9.572187	0.003157697
9.575521	0.002914797
9.578855	0.002644908
9.582188	0.002375021
9.585521	0.002078143
9.588854	0.001808255
9.592188	0.001565355
9.595521	0.001376433
9.598854	0.001214499
9.602187	0.001106544
9.605521	0.001025577
9.608854	0.0009715995
9.612187	0.0009446107
9.61552	0.0009715995
9.618855	0.001025577
9.622188	0.001133533
9.625521	0.001295466
9.628854	0.001484388
9.632188	0.001727288
9.635521	0.002024166
9.638854	0.002321043
9.642187	0.002644908
9.645521	0.002995764
9.648854	0.003292641
9.652187	0.003535541
9.65552	0.003724463
9.658854	0.003832419
9.662188	0.003859408
9.665521	0.003832419
9.668854	0.003724463
9.672188	0.003589519
9.675521	0.003400597
9.678854	0.003211675
9.682187	0.003022752
9.685521	0.002860819
9.688854	0.002725875
9.692187	0.002644908
9.69552	0.002563942
9.698854	0.002536953
9.702188	0.002509964
9.705521	0.002536953
9.708854	0.002563942
9.712188	0.002617919
9.715521	0.002671897
9.718854	0.002752864
9.722187	0.002806841
9.725521	0.002914797
9.728854	0.002995764
9.732187	0.003103719
9.73552	0.003211675
9.738854	0.00331963
9.742188	0.003427586
9.745521	0.003535541
9.748855	0.003643497
9.752188	0.003751452
9.755521	0.003832419
9.758854	0.003913385
9.762188	0.003967363
9.765521	0.003994352
9.768854	0.003994352
9.772187	0.003994352
9.775521	0.003967363
9.778854	0.003940374
9.782187	0.003886397
9.785521	0.00380543
9.788855	0.003697474
9.792188	0.003589519
9.795521	0.003481563
9.798854	0.003373608
9.802188	0.003292641
9.805521	0.003265652
9.808854	0.003238663
9.812187	0.003265652
9.815521	0.003346619
9.818854	0.003400597
9.822187	0.003481563
9.825521	0.003535541
9.828855	0.003508552
9.832188	0.003454574
9.835521	0.003373608
9.838854	0.003238663
9.842188	0.00307673
9.845521	0.002941786
9.848854	0.00283383
9.852187	0.002779853
9.855521	0.002779853
9.858854	0.00283383
9.862187	0.002941786
9.86552	0.00307673
9.868855	0.003238663
9.872188	0.003400597
9.875521	0.00356253
9.878854	0.003724463
9.882188	0.003886397
9.885521	0.004021341
9.888854	0.004183274
9.892187	0.004345207
9.895521	0.004480152
9.898854	0.004642085
9.902187	0.004750041
9.90552	0.004857996
9.908854	0.004884985
9.912188	0.004884985
9.915521	0.004804018
9.918854	0.004696063
9.922188	0.004507141
9.925521	0.004318219
9.928854	0.004129296
9.932187	0.003913385
9.935521	0.003751452
9.938854	0.003589519
9.942187	0.003481563
9.94552	0.003400597
9.948854	0.003346619
9.952188	0.00331963
9.955521	0.00331963
9.958854	0.00331963
9.962188	0.003346619
9.965521	0.003373608
9.968854	0.003454574
9.972187	0.003508552
9.975521	0.003616508
9.978854	0.003697474
9.982187	0.00380543
9.98552	0.003886397
9.988854	0.003967363
9.992188	0.004021341
9.995521	0.004075319
9.998855	0.004129296
}
[PEAK]
{
Peak ID	1
Peak Ref	1
Time	3.974122
Peak	3.185521	4.138854
Intensity	-6.312132e-05	4.23193e-05
Height	0.00658081
AreaAbs	1982.076
Area %BP	0.08431364
Area %Total	0.06907859
Width	0.9533331
}
[PEAK]
{
Peak ID	2
Peak Ref	2
Time	4.326972
Peak	4.138854	4.678854
Intensity	-6.312132e-05	4.23193e-05
Height	0.0330913
AreaAbs	6630.585
Area %BP	0.2820521
Area %Total	0.2310867
Width	0.54
}
[PEAK]
{
Peak ID	3
Peak Ref	3
Time	5.015201
Peak	4.678854	6.078854
Intensity	-6.312132e-05	4.23193e-05
Height	0.2207889
AreaAbs	39180.62
Area %BP	1.666667
Area %Total	1.365508
Width	1.4
}
[PEAK]
{
Peak ID	4
Peak Ref	4
Time	6.17965
Peak	6.078854	6.442187
Intensity	-6.312132e-05	4.23193e-05
Height	0.0001325842
AreaAbs	28.49305
Area %BP	0.001212038
Area %Total	0.0009930292
Width	0.3633332
}
}
}
}
