[SAMPLE]
{
Sample	1
Well	1:A,11
FileName	
SampleID	ASD-E-2601204-021
SampleDescription	Aquired with Galaxy
Date	28-Jan-2026
Time	17:23:16 PRC
JobCode	
TaskCode	
UserName	Congcong_Liu2
LabName	Aquired with Galaxy
Instrument	BAD_L_22_523
Conditions	
Submitter	Huanhuan_Zhang
SampleType	
Plate	
Method	
Process	Galaxy
MSTune	
MSMethod	
InletMethod	
PreRunMethod	
PostRunMethod	
SwitchMethod	
FractionMethod	
AcquisitionProcess	
AcquisitionProcessParameters	
AcquisitionProcessOptions	
InjectionVolume	25
ReportScheme	
SampleReportEnable	0
SampleReportFormat	
AnalysisTime	0
[COMPOUND]
{
;Mono Mass	Formula
}
[FUNCTION]
{
Function	1
IonMode	ES+
Type	MS
Description	(0:0)
[SPECTRUM]
{
ProcDesc	0.00:Combine
State	OK
Peak ID	0
Peak Ref	0
Time	0
TIC	0
BPI	0
BPM	0
Continuum	FALSE
Saved	FALSE
[MASSES]
{
;Mass	Exp. Mass	Obs. Mass	% BPI	Int. Abs
}
[RESULTS]
{
;Mass	Found	% BPI	% Purity
}
[MS]
{
;Mass	% BPI
0	0
}
}
[CHROMATOGRAM]
{
TraceNumber	1
Description	scroll down chrom view to see 2D LC chrom
ProcDesc	
MaxIntensity	0
[TRACE]
{
0	0
}
[PEAK]
{
Peak ID	0
Peak Ref	0
Time	0
Peak	0
Intensity	0	0
Height	0
AreaAbs	0
Area %BP	0
Area %Total	0
}
}
}
[FUNCTION]
{
Function	0
Description	ANALOG
[CHROMATOGRAM]
{
TraceNumber	2
Description	LC
ProcDesc	Result Id:2276, VWD: Signal A, 280 nm
MaxIntensity	0.2330885
[TRACE]
{
;Time	Int. %Max
0.0007291667	0.008898944
0.0040625	0.009026803
0.007395833	0.009103518
0.01072917	0.009154661
0.0140625	0.009154661
0.01739583	0.009103518
0.02072917	0.009026803
0.0240625	0.008898944
0.02739583	0.008771086
0.03072917	0.008668799
0.0340625	0.008592084
0.03739583	0.008540941
0.04072917	0.008566513
0.0440625	0.008592084
0.04739583	0.008668799
0.05072917	0.008771086
0.0540625	0.008873373
0.05739583	0.008975659
0.06072917	0.009026803
0.0640625	0.009026803
0.06739584	0.009001231
0.07072917	0.008950088
0.0740625	0.008873373
0.07739583	0.008771086
0.08072916	0.008694371
0.0840625	0.008617656
0.08739583	0.008592084
0.09072917	0.008592084
0.0940625	0.008643228
0.09739583	0.008719943
0.1007292	0.008847801
0.1040625	0.009001231
0.1073958	0.009154661
0.1107292	0.00928252
0.1140625	0.009384806
0.1173958	0.00943595
0.1207292	0.00943595
0.1240625	0.009410378
0.1273958	0.009333663
0.1307292	0.009231376
0.1340625	0.009103518
0.1373958	0.009026803
0.1407292	0.008975659
0.1440625	0.008950088
0.1473958	0.009026803
0.1507292	0.009129089
0.1540625	0.009256948
0.1573958	0.009410378
0.1607292	0.00958938
0.1640625	0.009691666
0.1673958	0.009768382
0.1707292	0.009768382
0.1740625	0.009666095
0.1773958	0.009487093
0.1807292	0.009256948
0.1840625	0.008975659
0.1873958	0.008668799
0.1907292	0.008387511
0.1940625	0.008131794
0.1973958	0.007927221
0.2007292	0.007799363
0.2040625	0.007722648
0.2073958	0.007748219
0.2107292	0.007799363
0.2140625	0.007901649
0.2173958	0.008029508
0.2207292	0.008182937
0.2240625	0.008285224
0.2273958	0.008387511
0.2307292	0.008464226
0.2340625	0.008489797
0.2373958	0.008489797
0.2407292	0.008464226
0.2440625	0.008413082
0.2473958	0.008336367
0.2507292	0.008285224
0.2540625	0.008234081
0.2573958	0.008208509
0.2607292	0.008208509
0.2640625	0.008234081
0.2673958	0.008285224
0.2707292	0.008336367
0.2740625	0.008438654
0.2773958	0.008515369
0.2807292	0.008566513
0.2840625	0.008617656
0.2873958	0.008617656
0.2907292	0.008617656
0.2940625	0.008617656
0.2973958	0.008566513
0.3007292	0.008515369
0.3040625	0.008489797
0.3073958	0.008438654
0.3107292	0.008438654
0.3140625	0.008464226
0.3173958	0.008489797
0.3207292	0.008540941
0.3240625	0.008566513
0.3273958	0.008617656
0.3307292	0.008643228
0.3340625	0.008668799
0.3373958	0.008643228
0.3407292	0.008592084
0.3440625	0.008540941
0.3473958	0.008489797
0.3507292	0.008413082
0.3540625	0.008387511
0.3573958	0.008336367
0.3607292	0.008336367
0.3640625	0.008310796
0.3673958	0.008310796
0.3707292	0.008285224
0.3740625	0.008234081
0.3773958	0.008182937
0.3807292	0.008106222
0.3840625	0.008003936
0.3873958	0.007901649
0.3907292	0.007799363
0.3940625	0.007722648
0.3973958	0.007620361
0.4007292	0.007569217
0.4040625	0.007543646
0.4073958	0.007518074
0.4107292	0.007518074
0.4140625	0.007543646
0.4173958	0.007594789
0.4207292	0.007645932
0.4240625	0.007748219
0.4273958	0.007824934
0.4307292	0.007927221
0.4340625	0.008003936
0.4373958	0.008080651
0.4407292	0.008131794
0.4440625	0.008157366
0.4473958	0.008157366
0.4507292	0.008106222
0.4540625	0.008055079
0.4573958	0.008003936
0.4607292	0.007901649
0.4640625	0.007799363
0.4673958	0.007697076
0.4707292	0.007594789
0.4740625	0.007492502
0.4773958	0.007390216
0.4807292	0.007313501
0.4840625	0.007236786
0.4873958	0.007160071
0.4907292	0.007134499
0.4940625	0.007108927
0.4973958	0.007108927
0.5007291	0.007134499
0.5040625	0.007160071
0.5073958	0.007160071
0.5107292	0.007185642
0.5140625	0.007185642
0.5173959	0.007160071
0.5207292	0.007160071
0.5240625	0.007134499
0.5273958	0.007134499
0.5307292	0.007134499
0.5340625	0.007160071
0.5373958	0.007185642
0.5407292	0.007236786
0.5440625	0.007262357
0.5473958	0.007287929
0.5507292	0.007313501
0.5540625	0.007287929
0.5573958	0.007262357
0.5607291	0.007236786
0.5640625	0.007160071
0.5673958	0.007108927
0.5707292	0.007032212
0.5740625	0.006981069
0.5773959	0.006904354
0.5807292	0.00685321
0.5840625	0.006776495
0.5873958	0.00669978
0.5907292	0.006648637
0.5940625	0.006623065
0.5973958	0.006597494
0.6007292	0.006623065
0.6040625	0.006674209
0.6073958	0.006776495
0.6107292	0.006878782
0.6140625	0.006981069
0.6173958	0.007083356
0.6207291	0.007134499
0.6240625	0.007185642
0.6273958	0.007185642
0.6307291	0.007134499
0.6340625	0.007057784
0.6373959	0.006981069
0.6407292	0.006904354
0.6440625	0.006827639
0.6473958	0.006802067
0.6507292	0.006776495
0.6540625	0.006776495
0.6573958	0.006802067
0.6607292	0.006827639
0.6640625	0.00685321
0.6673958	0.006878782
0.6707292	0.006878782
0.6740625	0.006904354
0.6773958	0.006904354
0.6807292	0.006929925
0.6840625	0.006929925
0.6873958	0.006955497
0.6907291	0.006981069
0.6940625	0.007032212
0.6973959	0.007057784
0.7007292	0.007083356
0.7040625	0.007108927
0.7073959	0.007108927
0.7107292	0.007083356
0.7140625	0.007057784
0.7173958	0.007032212
0.7207292	0.00700664
0.7240625	0.006981069
0.7273958	0.006981069
0.7307292	0.006955497
0.7340625	0.006955497
0.7373958	0.006981069
0.7407292	0.006981069
0.7440625	0.00700664
0.7473958	0.007032212
0.7507291	0.007057784
0.7540625	0.007057784
0.7573958	0.007057784
0.7607292	0.007057784
0.7640625	0.007032212
0.7673959	0.006981069
0.7707292	0.006929925
0.7740625	0.006878782
0.7773958	0.006802067
0.7807292	0.006725352
0.7840625	0.006648637
0.7873958	0.006597494
0.7907292	0.00654635
0.7940625	0.006495207
0.7973958	0.006495207
0.8007292	0.006495207
0.8040625	0.006520779
0.8073958	0.00654635
0.8107291	0.006597494
0.8140625	0.006648637
0.8173958	0.006725352
0.8207292	0.006802067
0.8240625	0.006878782
0.8273959	0.006955497
0.8307292	0.007057784
0.8340625	0.007134499
0.8373958	0.007236786
0.8407292	0.007313501
0.8440625	0.007390216
0.8473958	0.007466931
0.8507292	0.007543646
0.8540625	0.007594789
0.8573958	0.007645932
0.8607292	0.007671504
0.8640625	0.007671504
0.8673958	0.007645932
0.8707291	0.007569217
0.8740625	0.007518074
0.8773958	0.007415787
0.8807291	0.007313501
0.8840625	0.007211214
0.8873959	0.007134499
0.8907292	0.007083356
0.8940625	0.007057784
0.8973958	0.007032212
0.9007292	0.007032212
0.9040625	0.007032212
0.9073958	0.007032212
0.9107292	0.007032212
0.9140625	0.00700664
0.9173958	0.006981069
0.9207292	0.006904354
0.9240625	0.006802067
0.9273958	0.006674209
0.9307292	0.006520779
0.9340625	0.00639292
0.9373958	0.00623949
0.9407291	0.00608606
0.9440625	0.005983773
0.9473959	0.005881487
0.9507292	0.005830343
0.9540625	0.005804772
0.9573959	0.0057792
0.9607292	0.0057792
0.9640625	0.005804772
0.9673958	0.005804772
0.9707292	0.005804772
0.9740625	0.0057792
0.9773958	0.005753628
0.9807292	0.005728057
0.9840625	0.005676913
0.9873958	0.005651342
0.9907292	0.005600198
0.9940625	0.005574626
0.9973958	0.005523483
1.000729	0.005497911
1.004063	0.005472339
1.007396	0.005446768
1.010729	0.005421196
1.014063	0.005421196
1.017396	0.005395624
1.020729	0.005370053
1.024063	0.005318909
1.027396	0.005293338
1.030729	0.005242194
1.034063	0.005216623
1.037396	0.005165479
1.040729	0.005114336
1.044062	0.005063193
1.047396	0.005037621
1.050729	0.005012049
1.054062	0.005012049
1.057396	0.005037621
1.060729	0.005063193
1.064062	0.005114336
1.067396	0.005191051
1.070729	0.005267766
1.074062	0.005370053
1.077396	0.005446768
1.080729	0.005523483
1.084062	0.005574626
1.087396	0.005574626
1.090729	0.005574626
1.094062	0.005523483
1.097396	0.005446768
1.100729	0.005344481
1.104063	0.005216623
1.107396	0.005088764
1.110729	0.004986477
1.114063	0.004884191
1.117396	0.004858619
1.120729	0.004833047
1.124063	0.004884191
1.127396	0.004960906
1.130729	0.005063193
1.134063	0.005191051
1.137396	0.005318909
1.140729	0.005421196
1.144063	0.005497911
1.147396	0.005549054
1.150729	0.005523483
1.154063	0.005472339
1.157396	0.005370053
1.160729	0.005267766
1.164063	0.005139908
1.167396	0.005012049
1.170729	0.004935334
1.174062	0.004909762
1.177396	0.004935334
1.180729	0.004986477
1.184062	0.005088764
1.187396	0.005191051
1.190729	0.005318909
1.194062	0.005446768
1.197396	0.005549054
1.200729	0.005600198
1.204062	0.005651342
1.207396	0.00562577
1.210729	0.005600198
1.214062	0.005574626
1.217396	0.005549054
1.220729	0.005549054
1.224062	0.005600198
1.227396	0.005651342
1.230729	0.0057792
1.234063	0.005907058
1.237396	0.006034917
1.240729	0.006188347
1.244063	0.006290633
1.247396	0.006367349
1.250729	0.00639292
1.254063	0.006367349
1.257396	0.006265062
1.260729	0.006111632
1.264063	0.005907058
1.267396	0.005651342
1.270729	0.005395624
1.274063	0.005165479
1.277396	0.004935334
1.280729	0.004730761
1.284063	0.004602902
1.287396	0.004526187
1.290729	0.004500616
1.294062	0.004551759
1.297396	0.004602902
1.300729	0.004705189
1.304062	0.004781904
1.307396	0.004884191
1.310729	0.004935334
1.314062	0.004960906
1.317396	0.004935334
1.320729	0.004884191
1.324062	0.004833047
1.327396	0.004756333
1.330729	0.004679618
1.334062	0.004628474
1.337396	0.004551759
1.340729	0.004500616
1.344062	0.004475044
1.347396	0.004423901
1.350729	0.004372757
1.354063	0.004347186
1.357396	0.004270471
1.360729	0.004219327
1.364063	0.004168184
1.367396	0.004142612
1.370729	0.004117041
1.374063	0.004142612
1.377396	0.004168184
1.380729	0.004244899
1.384063	0.004321614
1.387396	0.004449472
1.390729	0.004577331
1.394063	0.004730761
1.397396	0.004858619
1.400729	0.005012049
1.404063	0.005139908
1.407396	0.005242194
1.410729	0.005318909
1.414063	0.005344481
1.417396	0.005344481
1.420729	0.005318909
1.424062	0.005242194
1.427396	0.005165479
1.430729	0.005037621
1.434062	0.004909762
1.437396	0.004781904
1.440729	0.004679618
1.444062	0.004577331
1.447396	0.004500616
1.450729	0.004423901
1.454062	0.004398329
1.457396	0.004372757
1.460729	0.004398329
1.464062	0.004423901
1.467396	0.004475044
1.470729	0.004500616
1.474062	0.004551759
1.477396	0.004577331
1.480729	0.004577331
1.484063	0.004577331
1.487396	0.004526187
1.490729	0.004449472
1.494063	0.004372757
1.497396	0.004296042
1.500729	0.004219327
1.504063	0.004168184
1.507396	0.004142612
1.510729	0.004142612
1.514063	0.004142612
1.517396	0.004219327
1.520729	0.004270471
1.524063	0.004372757
1.527396	0.004449472
1.530729	0.004526187
1.534063	0.004577331
1.537396	0.004628474
1.540729	0.004654046
1.544062	0.004654046
1.547396	0.004628474
1.550729	0.004628474
1.554062	0.004577331
1.557396	0.004551759
1.560729	0.004526187
1.564062	0.004500616
1.567396	0.004475044
1.570729	0.004475044
1.574062	0.004475044
1.577396	0.004500616
1.580729	0.004526187
1.584062	0.004577331
1.587396	0.004628474
1.590729	0.004679618
1.594062	0.004730761
1.597396	0.004756333
1.600729	0.004781904
1.604063	0.004756333
1.607396	0.004730761
1.610729	0.004679618
1.614063	0.004577331
1.617396	0.004500616
1.620729	0.004398329
1.624063	0.004321614
1.627396	0.004270471
1.630729	0.004244899
1.634063	0.004244899
1.637396	0.004244899
1.640729	0.004270471
1.644063	0.004321614
1.647396	0.004372757
1.650729	0.004398329
1.654063	0.004423901
1.657396	0.004423901
1.660729	0.004423901
1.664063	0.004423901
1.667396	0.004372757
1.670729	0.004321614
1.674062	0.004244899
1.677396	0.004117041
1.680729	0.003989182
1.684062	0.00381018
1.687396	0.003631179
1.690729	0.003452177
1.694062	0.003298747
1.697396	0.003170888
1.700729	0.003119745
1.704062	0.003119745
1.707396	0.00319646
1.710729	0.003298747
1.714062	0.003477748
1.717396	0.003631179
1.720729	0.003784609
1.724062	0.003912467
1.727396	0.004014754
1.730729	0.004065897
1.734063	0.004065897
1.737396	0.004014754
1.740729	0.003963611
1.744063	0.003912467
1.747396	0.003886895
1.750729	0.003886895
1.754063	0.003886895
1.757396	0.003938039
1.760729	0.003989182
1.764063	0.004065897
1.767396	0.004142612
1.770729	0.004219327
1.774063	0.004296042
1.777396	0.004347186
1.780729	0.004372757
1.784063	0.004423901
1.787396	0.004423901
1.790729	0.004449472
1.794062	0.004475044
1.797396	0.004500616
1.800729	0.004526187
1.804062	0.004551759
1.807396	0.004577331
1.810729	0.004602902
1.814062	0.004602902
1.817396	0.004602902
1.820729	0.004577331
1.824062	0.004551759
1.827396	0.004500616
1.830729	0.004449472
1.834062	0.004423901
1.837396	0.004398329
1.840729	0.004398329
1.844062	0.004449472
1.847396	0.004551759
1.850729	0.004705189
1.854063	0.004884191
1.857396	0.005088764
1.860729	0.005318909
1.864063	0.005549054
1.867396	0.005753628
1.870729	0.00593263
1.874063	0.00608606
1.877396	0.006188347
1.880729	0.006265062
1.884063	0.006290633
1.887396	0.006316205
1.890729	0.006290633
1.894063	0.006265062
1.897396	0.006265062
1.900729	0.00623949
1.904063	0.006265062
1.907396	0.006316205
1.910729	0.00639292
1.914063	0.006520779
1.917396	0.00669978
1.920729	0.006904354
1.924062	0.007134499
1.927396	0.007339072
1.930729	0.007543646
1.934062	0.007722648
1.937396	0.007850506
1.940729	0.007952793
1.944062	0.008003936
1.947396	0.008055079
1.950729	0.008055079
1.954062	0.008055079
1.957396	0.008055079
1.960729	0.008080651
1.964062	0.008080651
1.967396	0.008106222
1.970729	0.008106222
1.974062	0.008131794
1.977396	0.008131794
1.980729	0.008106222
1.984063	0.008080651
1.987396	0.008055079
1.990729	0.008029508
1.994063	0.008003936
1.997396	0.007952793
2.000729	0.007927221
2.004062	0.007876078
2.007396	0.007824934
2.010729	0.007773791
2.014062	0.007722648
2.017396	0.007671504
2.020729	0.007645932
2.024062	0.007620361
2.027396	0.007594789
2.030729	0.007594789
2.034062	0.007594789
2.037396	0.007620361
2.040729	0.007645932
2.044063	0.007645932
2.047396	0.007671504
2.050729	0.007671504
2.054063	0.007645932
2.057396	0.007645932
2.060729	0.007645932
2.064063	0.007645932
2.067396	0.007645932
2.070729	0.007620361
2.074063	0.007569217
2.077396	0.007518074
2.080729	0.007415787
2.084063	0.007287929
2.087396	0.007134499
2.090729	0.006981069
2.094063	0.006776495
2.097396	0.006597494
2.100729	0.006444064
2.104063	0.006290633
2.107396	0.006188347
2.110729	0.00608606
2.114063	0.006034917
2.117396	0.005983773
2.120729	0.00593263
2.124063	0.005881487
2.127396	0.005804772
2.130729	0.005753628
2.134063	0.005676913
2.137396	0.005574626
2.140729	0.005497911
2.144063	0.005395624
2.147396	0.005318909
2.150729	0.005242194
2.154063	0.005165479
2.157396	0.005139908
2.160729	0.005114336
2.164063	0.005088764
2.167396	0.005088764
2.170729	0.005088764
2.174062	0.005114336
2.177396	0.005139908
2.180729	0.005165479
2.184062	0.005191051
2.187396	0.005191051
2.190729	0.005165479
2.194062	0.005114336
2.197396	0.005037621
2.200729	0.004935334
2.204062	0.004807476
2.207396	0.004654046
2.210729	0.004500616
2.214062	0.004347186
2.217396	0.004219327
2.220729	0.004091469
2.224062	0.004014754
2.227396	0.003938039
2.230729	0.003912467
2.234062	0.003912467
2.237396	0.003938039
2.240729	0.003963611
2.244062	0.004014754
2.247396	0.004065897
2.250729	0.004091469
2.254062	0.004091469
2.257396	0.004091469
2.260729	0.004065897
2.264062	0.004014754
2.267396	0.003963611
2.270729	0.003912467
2.274062	0.003835752
2.277396	0.003733465
2.280729	0.00365675
2.284062	0.003554463
2.287396	0.003452177
2.290729	0.003375462
2.294063	0.003273175
2.297396	0.003170888
2.300729	0.003068602
2.304063	0.002991887
2.307396	0.0028896
2.310729	0.002838457
2.314063	0.002787313
2.317396	0.00273617
2.320729	0.002710598
2.324063	0.002685026
2.327396	0.002659455
2.330729	0.002608311
2.334063	0.00258274
2.337396	0.002531596
2.340729	0.002454881
2.344063	0.002378166
2.347396	0.002301451
2.350729	0.002250308
2.354063	0.002199165
2.357396	0.002199165
2.360729	0.002250308
2.364063	0.002327023
2.367396	0.002403738
2.370729	0.002531596
2.374063	0.002633883
2.377396	0.00273617
2.380729	0.002787313
2.384063	0.002812885
2.387396	0.002812885
2.390729	0.002761742
2.394063	0.002710598
2.397396	0.002633883
2.400729	0.002557168
2.404063	0.002480453
2.407396	0.00242931
2.410729	0.002403738
2.414063	0.002403738
2.417396	0.002403738
2.420729	0.00242931
2.424062	0.002454881
2.427396	0.002480453
2.430729	0.002506025
2.434062	0.002506025
2.437396	0.002531596
2.440729	0.002531596
2.444062	0.002557168
2.447396	0.00258274
2.450729	0.00258274
2.454062	0.002633883
2.457396	0.002685026
2.460729	0.00273617
2.464062	0.002812885
2.467396	0.002915172
2.470729	0.003017458
2.474062	0.003119745
2.477396	0.003222032
2.480729	0.003298747
2.484062	0.003375462
2.487396	0.003426605
2.490729	0.003426605
2.494062	0.003401033
2.497396	0.003324318
2.500729	0.003222032
2.504062	0.003094173
2.507396	0.002940743
2.510729	0.00273617
2.514062	0.002557168
2.517396	0.002352595
2.520729	0.002173593
2.524062	0.001994591
2.527396	0.001866733
2.530729	0.001764446
2.534062	0.001713303
2.537396	0.001687731
2.540729	0.001687731
2.544063	0.001713303
2.547396	0.001738874
2.550729	0.001815589
2.554063	0.001892304
2.557396	0.001943448
2.560729	0.002020163
2.564063	0.002122449
2.567396	0.002199165
2.570729	0.002301451
2.574063	0.002403738
2.577396	0.002506025
2.580729	0.002608311
2.584063	0.002685026
2.587396	0.002761742
2.590729	0.002812885
2.594063	0.002838457
2.597396	0.002812885
2.600729	0.002761742
2.604063	0.002659455
2.607396	0.002557168
2.610729	0.00242931
2.614063	0.00227588
2.617396	0.002122449
2.620729	0.001969019
2.624063	0.001815589
2.627396	0.001662159
2.630729	0.001508729
2.634063	0.001380871
2.637396	0.001304156
2.640729	0.001253012
2.644063	0.001253012
2.647396	0.001304156
2.650729	0.001432014
2.654063	0.001585444
2.657396	0.001790018
2.660729	0.002020163
2.664063	0.002250308
2.667396	0.002454881
2.670729	0.002659455
2.674062	0.002838457
2.677396	0.002991887
2.680729	0.003119745
2.684062	0.003222032
2.687396	0.003324318
2.690729	0.003426605
2.694062	0.00350332
2.697396	0.003580035
2.700729	0.003631179
2.704062	0.003682322
2.707396	0.003707894
2.710729	0.003682322
2.714062	0.00365675
2.717396	0.003631179
2.720729	0.003605607
2.724062	0.003580035
2.727396	0.003605607
2.730729	0.00365675
2.734062	0.003759037
2.737396	0.003886895
2.740729	0.004065897
2.744062	0.004270471
2.747396	0.004449472
2.750729	0.004654046
2.754062	0.004807476
2.757396	0.004935334
2.760729	0.005012049
2.764062	0.005063193
2.767396	0.005114336
2.770729	0.005114336
2.774062	0.005088764
2.777396	0.005037621
2.780729	0.005012049
2.784062	0.004935334
2.787396	0.004884191
2.790729	0.004807476
2.794063	0.004705189
2.797396	0.004628474
2.800729	0.004551759
2.804063	0.004500616
2.807396	0.004475044
2.810729	0.004500616
2.814063	0.004577331
2.817396	0.004679618
2.820729	0.004807476
2.824063	0.004935334
2.827396	0.005088764
2.830729	0.005216623
2.834063	0.005293338
2.837396	0.005370053
2.840729	0.005395624
2.844063	0.005395624
2.847396	0.005370053
2.850729	0.005318909
2.854063	0.005293338
2.857396	0.005267766
2.860729	0.005242194
2.864063	0.005242194
2.867396	0.005267766
2.870729	0.005293338
2.874063	0.005318909
2.877396	0.005395624
2.880729	0.005446768
2.884063	0.005523483
2.887396	0.005600198
2.890729	0.005702485
2.894063	0.0057792
2.897396	0.005855915
2.900729	0.005907058
2.904063	0.005958202
2.907396	0.006009345
2.910729	0.006009345
2.914063	0.006009345
2.917396	0.005983773
2.920729	0.00593263
2.924062	0.005907058
2.927396	0.005855915
2.930729	0.005830343
2.934062	0.005804772
2.937396	0.005804772
2.940729	0.005804772
2.944062	0.005855915
2.947396	0.005881487
2.950729	0.005907058
2.954062	0.00593263
2.957396	0.00593263
2.960729	0.005907058
2.964062	0.005830343
2.967396	0.005728057
2.970729	0.005574626
2.974062	0.005395624
2.977396	0.005191051
2.980729	0.004986477
2.984062	0.004781904
2.987396	0.004628474
2.990729	0.004475044
2.994062	0.004372757
2.997396	0.004321614
3.000729	0.004270471
3.004062	0.004244899
3.007396	0.004244899
3.010729	0.004219327
3.014062	0.004193756
3.017396	0.004168184
3.020729	0.004091469
3.024062	0.004040326
3.027396	0.003938039
3.030729	0.003861324
3.034062	0.003784609
3.037396	0.003707894
3.040729	0.003631179
3.044063	0.003580035
3.047396	0.003554463
3.050729	0.003528892
3.054063	0.003528892
3.057396	0.00350332
3.060729	0.003477748
3.064063	0.003426605
3.067396	0.003375462
3.070729	0.003324318
3.074063	0.003247603
3.077396	0.003170888
3.080729	0.003094173
3.084063	0.00304303
3.087396	0.002991887
3.090729	0.002940743
3.094063	0.0028896
3.097396	0.002838457
3.100729	0.002812885
3.104063	0.002787313
3.107396	0.002761742
3.110729	0.002761742
3.114063	0.002787313
3.117396	0.002812885
3.120729	0.002864028
3.124063	0.002915172
3.127396	0.002966315
3.130729	0.00304303
3.134063	0.003119745
3.137396	0.00319646
3.140729	0.003298747
3.144063	0.003401033
3.147396	0.003528892
3.150729	0.003682322
3.154063	0.003835752
3.157396	0.003989182
3.160729	0.004142612
3.164063	0.004296042
3.167396	0.004423901
3.170729	0.004500616
3.174062	0.004577331
3.177396	0.004654046
3.180729	0.004730761
3.184062	0.004807476
3.187396	0.004935334
3.190729	0.005088764
3.194062	0.005267766
3.197396	0.005472339
3.200729	0.005728057
3.204062	0.006034917
3.207396	0.006367349
3.210729	0.006725352
3.214062	0.007134499
3.217396	0.007594789
3.220729	0.008055079
3.224062	0.008566513
3.227396	0.009077946
3.230729	0.00958938
3.234062	0.01007524
3.237396	0.01050996
3.240729	0.01089354
3.244062	0.0112004
3.247396	0.01148168
3.250729	0.01171183
3.254062	0.01194197
3.257396	0.01214655
3.260729	0.01235112
3.264062	0.01260684
3.267396	0.01288813
3.270729	0.01316942
3.274062	0.01350185
3.277396	0.01383428
3.280729	0.01416671
3.284062	0.01449914
3.287396	0.01483157
3.290729	0.01516401
3.294063	0.01549644
3.297396	0.01585444
3.300729	0.01621244
3.304063	0.01659602
3.307396	0.01700517
3.310729	0.01746546
3.314063	0.01792575
3.317396	0.01843718
3.320729	0.01897419
3.324063	0.01956234
3.327396	0.02017606
3.330729	0.02081535
3.334063	0.02150578
3.337396	0.02227293
3.340729	0.02309123
3.344063	0.02398624
3.347396	0.02493239
3.350729	0.02595526
3.354063	0.02705484
3.357396	0.02820556
3.360729	0.02940743
3.364063	0.03063487
3.367396	0.03193903
3.370729	0.03326875
3.374063	0.03464963
3.377396	0.03608164
3.380729	0.0375648
3.384063	0.03915024
3.387396	0.0408124
3.390729	0.04257685
3.394063	0.04446915
3.397396	0.04648932
3.400729	0.04861176
3.404063	0.05086207
3.407396	0.05324024
3.410729	0.05569512
3.414063	0.05827786
3.417396	0.06093731
3.420729	0.06369905
3.424062	0.06658865
3.427396	0.06955497
3.430729	0.07262357
3.434062	0.07582003
3.437396	0.07914435
3.440729	0.08259653
3.444062	0.08617656
3.447396	0.08988446
3.450729	0.09369464
3.454062	0.09763268
3.457396	0.101673
3.460729	0.1058412
3.464062	0.1100861
3.467396	0.1144588
3.470729	0.1189339
3.474062	0.1235368
3.477396	0.1282675
3.480729	0.1331006
3.484062	0.1380615
3.487396	0.1431503
3.490729	0.1483669
3.494062	0.1536602
3.497396	0.1590814
3.500729	0.1646049
3.504062	0.1702307
3.507396	0.1759843
3.510729	0.1818146
3.514062	0.1877984
3.517396	0.1938845
3.520729	0.200124
3.524062	0.2065169
3.527396	0.2130377
3.530729	0.2197374
3.534062	0.2265651
3.537396	0.2335717
3.540729	0.2407574
3.544063	0.248122
3.547396	0.2556401
3.550729	0.2633883
3.554063	0.2713155
3.557396	0.2794473
3.560729	0.2878093
3.564063	0.2964014
3.567396	0.3052236
3.570729	0.3143015
3.574063	0.3236352
3.577396	0.3332246
3.580729	0.3431208
3.584063	0.3533495
3.587396	0.363885
3.590729	0.374753
3.594063	0.3859789
3.597396	0.3975373
3.600729	0.4094793
3.604063	0.4217793
3.607396	0.4344373
3.610729	0.4474021
3.614063	0.4606738
3.617396	0.4742524
3.620729	0.4881122
3.624063	0.5022022
3.627396	0.5165223
3.630729	0.5310215
3.634063	0.5456741
3.637396	0.5604545
3.640729	0.5752861
3.644063	0.5901433
3.647396	0.6050004
3.650729	0.6198064
3.654063	0.6345101
3.657396	0.649086
3.660729	0.6634573
3.664063	0.677624
3.667396	0.6915094
3.670729	0.7050624
3.674062	0.7182318
3.677396	0.7309921
3.680729	0.743292
3.684062	0.7551062
3.687396	0.7663833
3.690729	0.7771489
3.694062	0.7873776
3.697396	0.7970437
3.700729	0.8061728
3.704062	0.8147905
3.707396	0.8228711
3.710729	0.8304915
3.714062	0.8376515
3.717396	0.8444024
3.720729	0.8507698
3.724062	0.8568302
3.727396	0.8626606
3.730729	0.8683631
3.734062	0.8739888
3.737396	0.8796402
3.740729	0.885445
3.744062	0.8915054
3.747396	0.8979495
3.750729	0.904905
3.754062	0.9125254
3.757396	0.9209129
3.760729	0.9302977
3.764062	0.9407821
3.767396	0.9525706
3.770729	0.9658423
3.774062	0.980725
3.777396	0.9974233
3.780729	1.016091
3.784062	1.036855
3.787396	1.059869
3.790729	1.085288
3.794063	1.113212
3.797396	1.143745
3.800729	1.176962
3.804063	1.212916
3.807396	1.251657
3.810729	1.293185
3.814063	1.337476
3.817396	1.384528
3.820729	1.434239
3.824063	1.486507
3.827396	1.541231
3.830729	1.598256
3.834063	1.657377
3.837396	1.718417
3.840729	1.781119
3.844063	1.845176
3.847396	1.910332
3.850729	1.97623
3.854063	2.042512
3.857396	2.10882
3.860729	2.174744
3.864063	2.239926
3.867396	2.303932
3.870729	2.366403
3.874063	2.426906
3.877396	2.485056
3.880729	2.540546
3.884063	2.592968
3.887396	2.642015
3.890729	2.68743
3.894063	2.728882
3.897396	2.766165
3.900729	2.799102
3.904063	2.827461
3.907396	2.851115
3.910729	2.869961
3.914063	2.883872
3.917396	2.892848
3.920729	2.896837
3.924062	2.895891
3.927396	2.890035
3.930729	2.879371
3.934062	2.864054
3.937396	2.844261
3.940729	2.820147
3.944062	2.791942
3.947396	2.759926
3.950729	2.724305
3.954062	2.685359
3.957396	2.643345
3.960729	2.598594
3.964062	2.551389
3.967396	2.502036
3.970729	2.450841
3.974062	2.398112
3.977396	2.344182
3.980729	2.289279
3.984062	2.233763
3.987396	2.177863
3.990729	2.121861
3.994062	2.065962
3.997396	2.01042
4.000729	1.955466
4.004063	1.901305
4.007396	1.848091
4.010729	1.796052
4.014062	1.745318
4.017396	1.696042
4.020729	1.648376
4.024063	1.602449
4.027396	1.558364
4.030729	1.516222
4.034062	1.4761
4.037396	1.438126
4.040729	1.402351
4.044063	1.368903
4.047396	1.337834
4.050729	1.30927
4.054062	1.283289
4.057396	1.260019
4.060729	1.239536
4.064063	1.221994
4.067396	1.207571
4.070729	1.196448
4.074062	1.188802
4.077396	1.184915
4.080729	1.185043
4.084063	1.189518
4.087396	1.198698
4.090729	1.213018
4.094062	1.232887
4.097396	1.258868
4.100729	1.291472
4.104063	1.331364
4.107396	1.379209
4.110729	1.435696
4.114062	1.501671
4.117396	1.577977
4.120729	1.665458
4.124063	1.76506
4.127396	1.877728
4.130729	2.004436
4.134062	2.146129
4.137396	2.303753
4.140729	2.478254
4.144063	2.670451
4.147396	2.881212
4.150729	3.111204
4.154062	3.361065
4.157396	3.631281
4.160729	3.922235
4.164063	4.234108
4.167396	4.566872
4.170729	4.920375
4.174063	5.294156
4.177396	5.687576
4.180729	6.09969
4.184062	6.529371
4.187396	6.975136
4.190729	7.435324
4.194063	7.908016
4.197396	8.39104
4.200729	8.882017
4.204062	9.378388
4.207396	9.877394
4.210729	10.37612
4.214063	10.87154
4.217396	11.36053
4.220729	11.83987
4.224062	12.30635
4.227396	12.75677
4.230729	13.18795
4.234063	13.59692
4.237396	13.98075
4.240729	14.33676
4.244062	14.66247
4.247396	14.95567
4.250729	15.21446
4.254063	15.43721
4.257396	15.62263
4.260729	15.76975
4.264062	15.87789
4.267396	15.94675
4.270729	15.97639
4.274063	15.96708
4.277396	15.91955
4.280729	15.8347
4.284062	15.71387
4.287396	15.55853
4.290729	15.3705
4.294063	15.15173
4.297396	14.90443
4.300729	14.63091
4.304062	14.33364
4.307396	14.01512
4.310729	13.67793
4.314063	13.32461
4.317396	12.95773
4.320729	12.57981
4.324062	12.19327
4.327396	11.80049
4.330729	11.40372
4.334063	11.00508
4.337396	10.60657
4.340729	10.21003
4.344062	9.817147
4.347396	9.429455
4.350729	9.04836
4.354063	8.675065
4.357396	8.310591
4.360729	7.955886
4.364062	7.611666
4.367396	7.278493
4.370729	6.956852
4.374063	6.647051
4.377396	6.349244
4.380729	6.063582
4.384062	5.790042
4.387396	5.528521
4.390729	5.27889
4.394063	5.040945
4.397396	4.814355
4.400729	4.598862
4.404062	4.394084
4.407396	4.199637
4.410729	4.015112
4.414063	3.840073
4.417396	3.674088
4.420729	3.516694
4.424063	3.367483
4.427396	3.226072
4.430729	3.091974
4.434062	2.964883
4.437396	2.844364
4.440729	2.730033
4.444063	2.621583
4.447396	2.518632
4.450729	2.420845
4.454062	2.327918
4.457396	2.239568
4.460729	2.155514
4.464063	2.0755
4.467396	1.999322
4.470729	1.926749
4.474062	1.857629
4.477396	1.791756
4.480729	1.729029
4.484063	1.669217
4.487396	1.612192
4.490729	1.557801
4.494062	1.505891
4.497396	1.456333
4.500729	1.409
4.504063	1.363789
4.507396	1.320547
4.510729	1.279249
4.514062	1.239792
4.517396	1.202125
4.520729	1.166171
4.524063	1.131905
4.527396	1.09925
4.530729	1.068155
4.534062	1.038594
4.537396	1.010465
4.540729	0.9837681
4.544063	0.958401
4.547396	0.934338
4.550729	0.9115281
4.554062	0.8898944
4.557396	0.8694115
4.560729	0.8500793
4.564063	0.8318212
4.567396	0.8146882
4.570729	0.7986036
4.574062	0.783593
4.577396	0.7696564
4.580729	0.7567939
4.584063	0.7450053
4.587396	0.7342908
4.590729	0.7246759
4.594062	0.7161861
4.597396	0.7087958
4.600729	0.7025819
4.604063	0.6975443
4.607396	0.6937086
4.610729	0.6911258
4.614062	0.6898472
4.617396	0.6899239
4.620729	0.6913815
4.624063	0.6943223
4.627396	0.6988229
4.630729	0.7049601
4.634062	0.7128362
4.637396	0.722579
4.640729	0.7342908
4.644063	0.7480995
4.647396	0.764133
4.650729	0.7825701
4.654062	0.8035645
4.657396	0.8272183
4.660729	0.8537872
4.664063	0.8833736
4.667396	0.9161821
4.670729	0.9523916
4.674063	0.9922067
4.677396	1.035806
4.680729	1.083395
4.684062	1.135127
4.687396	1.191206
4.690729	1.251785
4.694063	1.316993
4.697396	1.386982
4.700729	1.461882
4.704062	1.541768
4.707396	1.626717
4.710729	1.716831
4.714063	1.812188
4.717396	1.912813
4.720729	2.018782
4.724062	2.130121
4.727396	2.246932
4.730729	2.369216
4.734063	2.497075
4.737396	2.630636
4.740729	2.770001
4.744062	2.915478
4.747396	3.067323
4.750729	3.225995
4.754063	3.392083
4.757396	3.566303
4.760729	3.749626
4.764062	3.943204
4.767396	4.148417
4.770729	4.366978
4.774063	4.600857
4.777396	4.852405
4.780729	5.124335
4.784062	5.419739
4.787396	5.742249
4.790729	6.095879
4.794063	6.485157
4.797396	6.915068
4.800729	7.391085
4.804062	7.919165
4.807396	8.505601
4.810729	9.157142
4.814063	9.880846
4.817396	10.68403
4.820729	11.57425
4.824062	12.55915
4.827396	13.6463
4.830729	14.84326
4.834063	16.15716
4.837396	17.59477
4.840729	19.16219
4.844062	20.86465
4.847396	22.70632
4.850729	24.69022
4.854063	26.81802
4.857396	29.0898
4.860729	31.50413
4.864062	34.05767
4.867396	36.7453
4.870729	39.5599
4.874063	42.49233
4.877396	45.5314
4.880729	48.66385
4.884062	51.87433
4.887396	55.14558
4.890729	58.45852
4.894063	61.79238
4.897396	65.12516
4.900729	68.43373
4.904062	71.69417
4.907396	74.88209
4.910729	77.97304
4.914063	80.94278
4.917396	83.76771
4.920729	86.4251
4.924063	88.89343
4.927396	91.15274
4.930729	93.18476
4.934062	94.9734
4.937396	96.50476
4.940729	97.76754
4.944063	98.75302
4.947396	99.4552
4.950729	99.87097
4.954062	100
4.957396	99.84483
4.960729	99.41068
4.964063	98.70533
4.967396	97.73903
4.970729	96.52407
4.974062	95.07466
4.977396	93.4067
4.980729	91.53731
4.984063	89.4848
4.987396	87.26819
4.990729	84.90711
4.994062	82.42139
4.997396	79.83103
5.000729	77.15577
5.004063	74.41505
5.007396	71.62774
5.010729	68.81189
5.014062	65.98462
5.017396	63.16189
5.020729	60.35847
5.024063	57.58786
5.027396	54.86209
5.030729	52.19193
5.034062	49.58668
5.037396	47.05437
5.040729	44.60169
5.044063	42.23419
5.047396	39.95626
5.050729	37.77116
5.054062	35.68116
5.057396	33.6876
5.060729	31.79086
5.064063	29.99059
5.067396	28.28575
5.070729	26.67461
5.074062	25.15491
5.077396	23.72395
5.080729	22.37865
5.084063	21.11571
5.087396	19.93162
5.090729	18.82273
5.094062	17.78531
5.097396	16.81563
5.100729	15.90993
5.104063	15.06453
5.107396	14.27575
5.110729	13.54002
5.114062	12.85391
5.117396	12.21406
5.120729	11.61719
5.124063	11.06026
5.127396	10.54037
5.130729	10.05481
5.134062	9.60099
5.137396	9.176551
5.140729	8.77927
5.144063	8.407047
5.147396	8.05802
5.150729	7.730395
5.154062	7.422487
5.157396	7.132811
5.160729	6.859884
5.164063	6.602429
5.167396	6.359242
5.170729	6.129225
5.174063	5.911354
5.177396	5.704761
5.180729	5.508549
5.184062	5.322029
5.187396	5.144408
5.190729	4.975098
5.194063	4.813434
5.197396	4.658879
5.200729	4.510921
5.204062	4.36905
5.207396	4.23288
5.210729	4.10203
5.214063	3.976191
5.217396	3.855058
5.220729	3.7384
5.224062	3.626013
5.227396	3.517666
5.230729	3.41318
5.234063	3.312402
5.237396	3.215153
5.240729	3.121279
5.244062	3.030653
5.247396	2.943147
5.250729	2.858658
5.254063	2.777136
5.257396	2.698477
5.260729	2.622632
5.264062	2.549548
5.267396	2.479149
5.270729	2.411358
5.274063	2.346099
5.277396	2.283295
5.280729	2.222844
5.284062	2.164668
5.287396	2.108666
5.290729	2.054736
5.294063	2.002825
5.297396	1.952781
5.300729	1.904604
5.304062	1.85814
5.307396	1.813364
5.310729	1.770148
5.314063	1.728441
5.317396	1.688114
5.320729	1.649118
5.324062	1.611348
5.327396	1.57473
5.330729	1.539185
5.334063	1.504663
5.337396	1.471062
5.340729	1.438356
5.344062	1.406442
5.347396	1.375296
5.350729	1.344866
5.354063	1.315075
5.357396	1.285898
5.360729	1.257308
5.364062	1.229231
5.367396	1.201664
5.370729	1.174584
5.374063	1.147964
5.377396	1.121804
5.380729	1.096079
5.384062	1.070763
5.387396	1.045907
5.390729	1.021486
5.394063	0.9974745
5.397396	0.9738974
5.400729	0.9508062
5.404062	0.9281752
5.407396	0.9060557
5.410729	0.8844477
5.414063	0.863351
5.417396	0.8427658
5.420729	0.8226921
5.424063	0.8031042
5.427396	0.7840022
5.430729	0.7653604
5.434062	0.7471022
5.437396	0.7292532
5.440729	0.7117622
5.444063	0.6946803
5.447396	0.677982
5.450729	0.6617184
5.454062	0.6458895
5.457396	0.6305209
5.460729	0.6156638
5.464063	0.6012669
5.467396	0.5873815
5.470729	0.573982
5.474062	0.5610683
5.477396	0.5486148
5.480729	0.5365962
5.484063	0.5249866
5.487396	0.5137862
5.490729	0.5029438
5.494062	0.492485
5.497396	0.4823586
5.500729	0.4725391
5.504063	0.4630008
5.507396	0.4537694
5.510729	0.4447682
5.514062	0.4360483
5.517396	0.427584
5.520729	0.41935
5.524063	0.4113716
5.527396	0.403649
5.530729	0.3961565
5.534062	0.3888941
5.537396	0.3818619
5.540729	0.3750598
5.544063	0.3684112
5.547396	0.3619671
5.550729	0.3557021
5.554062	0.3495649
5.557396	0.3435555
5.560729	0.337674
5.564063	0.3319204
5.567396	0.3262691
5.570729	0.3207456
5.574062	0.3152988
5.577396	0.3099799
5.580729	0.3047889
5.584063	0.2996745
5.587396	0.2946625
5.590729	0.2897783
5.594062	0.2849708
5.597396	0.2802401
5.600729	0.2756372
5.604063	0.2710854
5.607396	0.2666615
5.610729	0.2622887
5.614062	0.2580182
5.617396	0.2538245
5.620729	0.249733
5.624063	0.2457183
5.627396	0.2417802
5.630729	0.2379445
5.634062	0.2341599
5.637396	0.2304264
5.640729	0.2267441
5.644063	0.2231129
5.647396	0.2195073
5.650729	0.2159017
5.654062	0.2123472
5.657396	0.2088183
5.660729	0.2053406
5.664063	0.2018628
5.667396	0.1984874
5.670729	0.1951631
5.674063	0.1919155
5.677396	0.1887957
5.680729	0.1857271
5.684062	0.1827864
5.687396	0.1799223
5.690729	0.1771862
5.694063	0.1745267
5.697396	0.1719696
5.700729	0.1694635
5.704062	0.1670086
5.707396	0.1645793
5.710729	0.1622012
5.714063	0.1598486
5.717396	0.1575216
5.720729	0.1551945
5.724062	0.1529187
5.727396	0.1506939
5.730729	0.1485203
5.734063	0.146449
5.737396	0.14448
5.740729	0.1426133
5.744062	0.1408744
5.747396	0.1392378
5.750729	0.1377035
5.754063	0.1362459
5.757396	0.1348139
5.760729	0.1334586
5.764062	0.1320777
5.767396	0.1307224
5.770729	0.1293927
5.774063	0.1280374
5.777396	0.1267332
5.780729	0.1254547
5.784062	0.1242016
5.787396	0.1229998
5.790729	0.1218746
5.794063	0.1208006
5.797396	0.1197777
5.800729	0.118806
5.804062	0.1178854
5.807396	0.1169649
5.810729	0.1160954
5.814063	0.115226
5.817396	0.1143565
5.820729	0.1135383
5.824062	0.11272
5.827396	0.1119528
5.830729	0.1112112
5.834063	0.1104952
5.837396	0.1098048
5.840729	0.1091399
5.844062	0.1084751
5.847396	0.1077846
5.850729	0.1071198
5.854063	0.1064549
5.857396	0.10579
5.860729	0.1050996
5.864062	0.1044603
5.867396	0.1037955
5.870729	0.1031817
5.874063	0.102568
5.877396	0.1019799
5.880729	0.1013917
5.884062	0.1008291
5.887396	0.100241
5.890729	0.09965284
5.894063	0.09906469
5.897396	0.0984254
5.900729	0.09778611
5.904062	0.0970701
5.907396	0.09635409
5.910729	0.09558694
5.914063	0.09479422
5.917396	0.09395035
5.920729	0.09310649
5.924063	0.09223705
5.927396	0.09136761
5.930729	0.09052375
5.934062	0.08965431
5.937396	0.08878488
5.940729	0.08791544
5.944063	0.08702043
5.947396	0.08607428
5.950729	0.08510255
5.954062	0.08410526
5.957396	0.08305682
5.960729	0.08195724
5.964063	0.08085765
5.967396	0.07978364
5.970729	0.07868406
5.974062	0.0776612
5.977396	0.0766639
5.980729	0.07571775
5.984063	0.07479717
5.987396	0.07392773
5.990729	0.07310944
5.994062	0.07231671
5.997396	0.07152399
6.000729	0.07075684
6.004063	0.06996412
6.007396	0.06919697
6.010729	0.06842982
6.014062	0.0676371
6.017396	0.06686994
6.020729	0.06612836
6.024063	0.06538678
6.027396	0.06469635
6.030729	0.06400591
6.034062	0.06336662
6.037396	0.0627529
6.040729	0.06216475
6.044063	0.06160217
6.047396	0.06106517
6.050729	0.06055374
6.054062	0.0600423
6.057396	0.05958201
6.060729	0.05912172
6.064063	0.05871257
6.067396	0.058329
6.070729	0.05799657
6.074062	0.05766414
6.077396	0.0573317
6.080729	0.05702484
6.084063	0.05671798
6.087396	0.05641112
6.090729	0.05610426
6.094062	0.0557974
6.097396	0.05551611
6.100729	0.0552604
6.104063	0.05503025
6.107396	0.05487682
6.110729	0.05472339
6.114062	0.05464668
6.117396	0.05454439
6.120729	0.05446768
6.124063	0.05439096
6.127396	0.05428867
6.130729	0.05416082
6.134062	0.05398181
6.137396	0.05380282
6.140729	0.05357267
6.144063	0.05331695
6.147396	0.05303567
6.150729	0.05275438
6.154062	0.05242194
6.157396	0.05206394
6.160729	0.05165479
6.164063	0.0511945
6.167396	0.0506575
6.170729	0.05009492
6.174063	0.04950677
6.177396	0.04886748
6.180729	0.04825376
6.184062	0.04761447
6.187396	0.04702632
6.190729	0.04648932
6.194063	0.04600345
6.197396	0.04554316
6.200729	0.04510844
6.204062	0.0446993
6.207396	0.04423901
6.210729	0.04375315
6.214063	0.04324171
6.217396	0.04267914
6.220729	0.04206541
6.224062	0.04142612
6.227396	0.04076126
6.230729	0.0400964
6.234063	0.03948268
6.237396	0.03889453
6.240729	0.03833195
6.244062	0.03782052
6.247396	0.03733465
6.250729	0.03684879
6.254063	0.0363885
6.257396	0.03592821
6.260729	0.03544235
6.264062	0.03493092
6.267396	0.03441948
6.270729	0.03390805
6.274063	0.03339661
6.277396	0.03288518
6.280729	0.03237375
6.284062	0.03191346
6.287396	0.03150431
6.290729	0.03109516
6.294063	0.03073716
6.297396	0.0304303
6.300729	0.03017458
6.304062	0.02991886
6.307396	0.02971429
6.310729	0.02950972
6.314063	0.02933072
6.317396	0.02920286
6.320729	0.02904943
6.324062	0.02894714
6.327396	0.02881928
6.330729	0.02869142
6.334063	0.02856357
6.337396	0.02841014
6.340729	0.02823113
6.344062	0.02802656
6.347396	0.02782199
6.350729	0.02759184
6.354063	0.02733613
6.357396	0.02710598
6.360729	0.02687584
6.364062	0.02667126
6.367396	0.02651783
6.370729	0.02638997
6.374063	0.02628769
6.377396	0.02623654
6.380729	0.02615983
6.384062	0.02613426
6.387396	0.02608311
6.390729	0.02603197
6.394063	0.02595526
6.397396	0.0258274
6.400729	0.02569954
6.404062	0.02554611
6.407396	0.02536711
6.410729	0.02518811
6.414063	0.0250091
6.417396	0.0248301
6.420729	0.0246511
6.424063	0.02452324
6.427396	0.02439538
6.430729	0.02431867
6.434062	0.02426752
6.437396	0.02424195
6.440729	0.02426752
6.444063	0.02431867
6.447396	0.02442095
6.450729	0.02457439
6.454062	0.02475339
6.457396	0.02498353
6.460729	0.02523925
6.464063	0.02554611
6.467396	0.02585297
6.470729	0.0261854
6.474062	0.02649226
6.477396	0.02682469
6.480729	0.02710598
6.484063	0.02738727
6.487396	0.02761741
6.490729	0.02784756
6.494062	0.02802656
6.497396	0.02820556
6.500729	0.02833342
6.504063	0.02843571
6.507396	0.02851242
6.510729	0.02856357
6.514062	0.02858914
6.517396	0.02858914
6.520729	0.02856357
6.524063	0.02851242
6.527396	0.02846128
6.530729	0.02838456
6.534062	0.02830785
6.537396	0.02817999
6.540729	0.02805213
6.544063	0.0278987
6.547396	0.0277197
6.550729	0.0275407
6.554062	0.02733613
6.557396	0.02710598
6.560729	0.02690141
6.564063	0.02667126
6.567396	0.02646669
6.570729	0.02628769
6.574062	0.02610869
6.577396	0.02592968
6.580729	0.02575068
6.584063	0.02559725
6.587396	0.02541825
6.590729	0.02523925
6.594062	0.02503468
6.597396	0.0248301
6.600729	0.02459996
6.604063	0.02436981
6.607396	0.02408852
6.610729	0.02375609
6.614062	0.02342366
6.617396	0.02304008
6.620729	0.02263094
6.624063	0.02222179
6.627396	0.02178707
6.630729	0.02132678
6.634062	0.02089206
6.637396	0.02045734
6.640729	0.0200482
6.644063	0.01963905
6.647396	0.01925548
6.650729	0.01889747
6.654062	0.01853947
6.657396	0.01820704
6.660729	0.0178746
6.664063	0.01754217
6.667396	0.01726088
6.670729	0.01695402
6.674063	0.01669831
6.677396	0.01641702
6.680729	0.01618687
6.684062	0.01593116
6.687396	0.01572658
6.690729	0.01552201
6.694063	0.01536858
6.697396	0.01524072
6.700729	0.01513843
6.704062	0.01511286
6.707396	0.01513843
6.710729	0.01521515
6.714063	0.01536858
6.717396	0.01557315
6.720729	0.01582887
6.724062	0.01613573
6.727396	0.01644259
6.730729	0.01674945
6.734063	0.01705631
6.737396	0.01731203
6.740729	0.0175166
6.744062	0.0176956
6.747396	0.01782346
6.750729	0.01790018
6.754063	0.01797689
6.757396	0.01805361
6.760729	0.01813032
6.764062	0.01825818
6.767396	0.01841161
6.770729	0.01859061
6.774063	0.01876961
6.777396	0.01892304
6.780729	0.01902533
6.784062	0.01907647
6.787396	0.0190509
6.790729	0.01892304
6.794063	0.01871847
6.797396	0.01838604
6.800729	0.01797689
6.804062	0.01749103
6.807396	0.01692845
6.810729	0.01631473
6.814063	0.01567544
6.817396	0.01495943
6.820729	0.01424343
6.824062	0.01347628
6.827396	0.01268355
6.830729	0.01189083
6.834063	0.01107254
6.837396	0.01025424
6.840729	0.009461521
6.844062	0.008668799
6.847396	0.007952793
6.850729	0.007287929
6.854063	0.006674209
6.857396	0.006137203
6.860729	0.005676913
6.864062	0.005293338
6.867396	0.005012049
6.870729	0.004833047
6.874063	0.004756333
6.877396	0.004756333
6.880729	0.004833047
6.884062	0.005012049
6.887396	0.005293338
6.890729	0.00562577
6.894063	0.006034917
6.897396	0.006520779
6.900729	0.007083356
6.904062	0.007722648
6.907396	0.008438654
6.910729	0.009205804
6.914063	0.01004967
6.917396	0.01097025
6.920729	0.01196755
6.924063	0.01301599
6.927396	0.01414114
6.930729	0.01529186
6.934062	0.01646816
6.937396	0.0176956
6.940729	0.01894862
6.944063	0.02020163
6.947396	0.02145464
6.950729	0.02268208
6.954062	0.02388395
6.957396	0.02503468
6.960729	0.02613426
6.964063	0.0271827
6.967396	0.02815442
6.970729	0.02904943
6.974062	0.02989329
6.977396	0.03063487
6.980729	0.03132531
6.984063	0.03191346
6.987396	0.03242489
6.990729	0.03280846
6.994062	0.03306418
6.997396	0.03321761
7.000729	0.03324318
7.004063	0.0331409
7.007396	0.03291075
7.010729	0.03257832
7.014062	0.03216917
7.017396	0.03168331
7.020729	0.0311463
7.024063	0.03058373
7.027396	0.02997001
7.030729	0.02933072
7.034062	0.02866585
7.037396	0.02797542
7.040729	0.02725941
7.044063	0.0265434
7.047396	0.02577625
7.050729	0.02503468
7.054062	0.02426752
7.057396	0.02352595
7.060729	0.02280994
7.064063	0.02214508
7.067396	0.02150578
7.070729	0.02089206
7.074062	0.02035506
7.077396	0.01984362
7.080729	0.01935776
7.084063	0.01889747
7.087396	0.01843718
7.090729	0.01802804
7.094062	0.01761889
7.097396	0.01720974
7.100729	0.01685174
7.104063	0.0165193
7.107396	0.01621244
7.110729	0.0159823
7.114062	0.01582887
7.117396	0.01572658
7.120729	0.01570101
7.124063	0.01575215
7.127396	0.01588001
7.130729	0.01605901
7.134062	0.01628916
7.137396	0.01657045
7.140729	0.01687731
7.144063	0.01723531
7.147396	0.01759332
7.150729	0.01797689
7.154062	0.01836047
7.157396	0.0186929
7.160729	0.01899976
7.164063	0.01925548
7.167396	0.01943448
7.170729	0.01956234
7.174063	0.01961348
7.177396	0.01961348
7.180729	0.01956234
7.184062	0.01948562
7.187396	0.01940891
7.190729	0.01935776
7.194063	0.01933219
7.197396	0.01935776
7.200729	0.01943448
7.204062	0.01956234
7.207396	0.01976691
7.210729	0.01997148
7.214063	0.02020163
7.217396	0.02045734
7.220729	0.02068749
7.224062	0.02089206
7.227396	0.02107107
7.230729	0.0212245
7.234063	0.02130121
7.237396	0.02135235
7.240729	0.02135235
7.244062	0.02132678
7.247396	0.02127564
7.250729	0.02117335
7.254063	0.02107107
7.257396	0.02094321
7.260729	0.02081535
7.264062	0.02071306
7.267396	0.0205852
7.270729	0.02048292
7.274063	0.02038063
7.277396	0.02030391
7.280729	0.0202272
7.284062	0.02020163
7.287396	0.02020163
7.290729	0.02020163
7.294063	0.02020163
7.297396	0.02020163
7.300729	0.0202272
7.304062	0.0202272
7.307396	0.02025277
7.310729	0.02025277
7.314063	0.02025277
7.317396	0.02027834
7.320729	0.02030391
7.324062	0.02035506
7.327396	0.02043177
7.330729	0.02053406
7.334063	0.02063635
7.337396	0.02073863
7.340729	0.02081535
7.344062	0.02086649
7.347396	0.02091763
7.350729	0.02091763
7.354063	0.02089206
7.357396	0.02086649
7.360729	0.02078978
7.364062	0.02068749
7.367396	0.02055963
7.370729	0.02043177
7.374063	0.02025277
7.377396	0.02007377
7.380729	0.01984362
7.384062	0.01961348
7.387396	0.01933219
7.390729	0.01902533
7.394063	0.0186929
7.397396	0.01838604
7.400729	0.01810475
7.404062	0.01784903
7.407396	0.01764446
7.410729	0.01746546
7.414063	0.0173376
7.417396	0.01726088
7.420729	0.01723531
7.424063	0.01720974
7.427396	0.0171586
7.430729	0.01710745
7.434062	0.01703074
7.437396	0.01692845
7.440729	0.01677502
7.444063	0.01659602
7.447396	0.01641702
7.450729	0.01621244
7.454062	0.0159823
7.457396	0.0158033
7.460729	0.01564987
7.464063	0.01552201
7.467396	0.01541972
7.470729	0.01536858
7.474062	0.01534301
7.477396	0.01536858
7.480729	0.01539415
7.484063	0.01541972
7.487396	0.01549644
7.490729	0.01557315
7.494062	0.01564987
7.497396	0.01575215
7.500729	0.01585444
7.504063	0.01595673
7.507396	0.01608459
7.510729	0.01618687
7.514062	0.01626359
7.517396	0.01631473
7.520729	0.0163403
7.524063	0.0163403
7.527396	0.01626359
7.530729	0.01618687
7.534062	0.01608459
7.537396	0.0159823
7.540729	0.01585444
7.544063	0.01575215
7.547396	0.01564987
7.550729	0.01557315
7.554062	0.01549644
7.557396	0.01544529
7.560729	0.01539415
7.564063	0.01534301
7.567396	0.01526629
7.570729	0.01518958
7.574062	0.01511286
7.577396	0.01503615
7.580729	0.01495943
7.584063	0.01490829
7.587396	0.01485715
7.590729	0.01485715
7.594062	0.01488272
7.597396	0.01495943
7.600729	0.01508729
7.604063	0.01524072
7.607396	0.01539415
7.610729	0.01557315
7.614062	0.01572658
7.617396	0.01590558
7.620729	0.01603344
7.624063	0.0161613
7.627396	0.01623802
7.630729	0.01626359
7.634062	0.01623802
7.637396	0.0161613
7.640729	0.01605901
7.644063	0.01593116
7.647396	0.01577773
7.650729	0.01559872
7.654062	0.01544529
7.657396	0.01529186
7.660729	0.01516401
7.664063	0.01506172
7.667396	0.014985
7.670729	0.01493386
7.674063	0.01490829
7.677396	0.01488272
7.680729	0.01485715
7.684062	0.01483157
7.687396	0.014806
7.690729	0.01478043
7.694063	0.01472929
7.697396	0.01467814
7.700729	0.014627
7.704062	0.01455029
7.707396	0.01449914
7.710729	0.014448
7.714063	0.01442243
7.717396	0.01437128
7.720729	0.01434571
7.724062	0.01429457
7.727396	0.01424343
7.730729	0.01416671
7.734063	0.01406442
7.737396	0.01396214
7.740729	0.01385985
7.744062	0.01373199
7.747396	0.01365528
7.750729	0.01360413
7.754063	0.01355299
7.757396	0.01355299
7.760729	0.01357856
7.764062	0.01362971
7.767396	0.01365528
7.770729	0.01368085
7.774063	0.01368085
7.777396	0.01365528
7.780729	0.01357856
7.784062	0.01347628
7.787396	0.01337399
7.790729	0.0132717
7.794063	0.01319499
7.797396	0.01314384
7.800729	0.01311827
7.804062	0.01311827
7.807396	0.01314384
7.810729	0.01319499
7.814063	0.01324613
7.817396	0.0132717
7.820729	0.01329727
7.824062	0.01329727
7.827396	0.01329727
7.830729	0.0132717
7.834063	0.0132717
7.837396	0.0132717
7.840729	0.01329727
7.844062	0.01332285
7.847396	0.01339956
7.850729	0.0134507
7.854063	0.01350185
7.857396	0.01355299
7.860729	0.01355299
7.864062	0.01352742
7.867396	0.0134507
7.870729	0.01334842
7.874063	0.01319499
7.877396	0.01304156
7.880729	0.01288813
7.884062	0.01270913
7.887396	0.0125557
7.890729	0.01245341
7.894063	0.01240227
7.897396	0.01237669
7.900729	0.01237669
7.904062	0.01237669
7.907396	0.01240227
7.910729	0.01240227
7.914063	0.01237669
7.917396	0.01235112
7.920729	0.01229998
7.924063	0.01224884
7.927396	0.01214655
7.930729	0.01206983
7.934062	0.01201869
7.937396	0.01196755
7.940729	0.01194197
7.944063	0.01189083
7.947396	0.01186526
7.950729	0.01183969
7.954062	0.01181412
7.957396	0.0117374
7.960729	0.01166069
7.964063	0.01158397
7.967396	0.01148168
7.970729	0.01140497
7.974062	0.01130268
7.977396	0.01122597
7.980729	0.01114925
7.984063	0.01109811
7.987396	0.01109811
7.990729	0.01109811
7.994062	0.01112368
7.997396	0.0112004
8.00073	0.01125154
8.004063	0.01135383
8.007396	0.01143054
8.010729	0.01148168
8.014063	0.0115584
8.017396	0.01158397
8.020729	0.01158397
8.024062	0.0115584
8.027396	0.01153283
8.030729	0.01145611
8.034062	0.0113794
8.037395	0.01127711
8.04073	0.01117482
8.044063	0.01107254
8.047396	0.01097025
8.050729	0.01089354
8.054063	0.01084239
8.057396	0.01079125
8.060729	0.01079125
8.064062	0.01081682
8.067396	0.01089354
8.070729	0.01097025
8.074062	0.01107254
8.077395	0.01117482
8.080729	0.01125154
8.084063	0.01130268
8.087396	0.01132825
8.090729	0.01132825
8.094063	0.01127711
8.097396	0.01122597
8.100729	0.01117482
8.104062	0.01112368
8.107396	0.01109811
8.110729	0.01107254
8.114062	0.01107254
8.117395	0.01109811
8.120729	0.01114925
8.124063	0.01122597
8.127396	0.01132825
8.130729	0.01143054
8.134063	0.01153283
8.137396	0.01166069
8.140729	0.01178854
8.144062	0.01189083
8.147396	0.01201869
8.150729	0.01212098
8.154062	0.01219769
8.157395	0.01224884
8.160729	0.01229998
8.164063	0.01232555
8.167396	0.01235112
8.17073	0.01237669
8.174063	0.01240227
8.177396	0.01245341
8.180729	0.01250455
8.184063	0.01258127
8.187396	0.01263241
8.190729	0.01268355
8.194062	0.01270913
8.197396	0.01270913
8.200729	0.01265798
8.204062	0.01258127
8.207396	0.01247898
8.21073	0.01237669
8.214063	0.01224884
8.217396	0.01214655
8.220729	0.01206983
8.224063	0.01201869
8.227396	0.01196755
8.230729	0.01196755
8.234062	0.01194197
8.237396	0.01194197
8.240729	0.0119164
8.244062	0.01186526
8.247396	0.01181412
8.25073	0.01176297
8.254063	0.01171183
8.257396	0.01166069
8.260729	0.01166069
8.264063	0.01168626
8.267396	0.0117374
8.270729	0.01183969
8.274062	0.01194197
8.277396	0.01206983
8.280729	0.01219769
8.284062	0.01232555
8.287395	0.01240227
8.29073	0.01242784
8.294063	0.01242784
8.297396	0.01237669
8.300729	0.01227441
8.304063	0.01214655
8.307396	0.01196755
8.310729	0.01176297
8.314062	0.01153283
8.317396	0.01127711
8.320729	0.01102139
8.324062	0.01076568
8.327395	0.01053553
8.330729	0.01030539
8.334063	0.01012639
8.337396	0.009972956
8.340729	0.009870669
8.344063	0.009819526
8.347396	0.009768382
8.350729	0.009742811
8.354062	0.009742811
8.357396	0.009742811
8.360729	0.009768382
8.364062	0.009768382
8.367395	0.009742811
8.370729	0.009742811
8.374063	0.009742811
8.377396	0.009742811
8.380729	0.009742811
8.384063	0.009742811
8.387396	0.009717238
8.390729	0.009691666
8.394062	0.009640523
8.397396	0.009563808
8.400729	0.009461521
8.404062	0.009333663
8.407395	0.009180233
8.410729	0.009001231
8.414063	0.008822229
8.417396	0.008643228
8.42073	0.008489797
8.424063	0.008310796
8.427396	0.008182937
8.430729	0.008055079
8.434063	0.007927221
8.437396	0.007824934
8.440729	0.007722648
8.444062	0.007645932
8.447396	0.007543646
8.450729	0.007466931
8.454062	0.007415787
8.457396	0.007364644
8.46073	0.007339072
8.464063	0.007339072
8.467396	0.007364644
8.470729	0.007415787
8.474063	0.007441359
8.477396	0.007466931
8.480729	0.007492502
8.484062	0.007492502
8.487396	0.007466931
8.490729	0.007441359
8.494062	0.007415787
8.497396	0.007390216
8.50073	0.007364644
8.504063	0.007390216
8.507396	0.007415787
8.510729	0.007441359
8.514063	0.007518074
8.517396	0.007569217
8.520729	0.007594789
8.524062	0.007594789
8.527396	0.007569217
8.530729	0.007518074
8.534062	0.007441359
8.537395	0.007339072
8.54073	0.007236786
8.544063	0.007134499
8.547396	0.007057784
8.550729	0.006981069
8.554063	0.006955497
8.557396	0.006955497
8.560729	0.006981069
8.564062	0.00700664
8.567396	0.007032212
8.570729	0.007057784
8.574062	0.007057784
8.577395	0.007032212
8.580729	0.00700664
8.584063	0.006981069
8.587396	0.006929925
8.590729	0.00685321
8.594063	0.006776495
8.597396	0.00669978
8.600729	0.006623065
8.604062	0.00654635
8.607396	0.006469635
8.610729	0.00639292
8.614062	0.006341777
8.617395	0.006316205
8.620729	0.006341777
8.624063	0.006418492
8.627396	0.006520779
8.630729	0.006648637
8.634063	0.006776495
8.637396	0.006929925
8.640729	0.007057784
8.644062	0.007134499
8.647396	0.007211214
8.650729	0.007236786
8.654062	0.007211214
8.657395	0.007134499
8.660729	0.007057784
8.664063	0.006929925
8.667396	0.006802067
8.67073	0.006674209
8.674063	0.00654635
8.677396	0.006418492
8.680729	0.006316205
8.684063	0.00623949
8.687396	0.006188347
8.690729	0.006162775
8.694062	0.006137203
8.697396	0.006137203
8.700729	0.006162775
8.704062	0.006162775
8.707396	0.006137203
8.71073	0.006111632
8.714063	0.006034917
8.717396	0.005907058
8.720729	0.005753628
8.724063	0.005574626
8.727396	0.005370053
8.730729	0.005191051
8.734062	0.005012049
8.737396	0.004884191
8.740729	0.004781904
8.744062	0.004756333
8.747396	0.004807476
8.75073	0.004884191
8.754063	0.005012049
8.757396	0.005165479
8.760729	0.005344481
8.764063	0.005472339
8.767396	0.005574626
8.770729	0.005651342
8.774062	0.005676913
8.777396	0.005651342
8.780729	0.005574626
8.784062	0.005472339
8.787395	0.005344481
8.79073	0.005216623
8.794063	0.005037621
8.797396	0.004858619
8.800729	0.004654046
8.804063	0.004423901
8.807396	0.004168184
8.810729	0.003938039
8.814062	0.003707894
8.817396	0.003528892
8.820729	0.003401033
8.824062	0.003324318
8.827395	0.00334989
8.830729	0.003452177
8.834063	0.003631179
8.837396	0.003835752
8.840729	0.004065897
8.844063	0.004270471
8.847396	0.004449472
8.850729	0.004577331
8.854062	0.004628474
8.857396	0.004628474
8.860729	0.004577331
8.864062	0.004475044
8.867395	0.004372757
8.870729	0.004296042
8.874063	0.004219327
8.877396	0.004168184
8.880729	0.004142612
8.884063	0.004168184
8.887396	0.004193756
8.890729	0.004244899
8.894062	0.004321614
8.897396	0.004372757
8.900729	0.004423901
8.904062	0.004449472
8.907395	0.004449472
8.910729	0.004423901
8.914063	0.004423901
8.917396	0.004398329
8.92073	0.004372757
8.924063	0.004372757
8.927396	0.004398329
8.930729	0.004423901
8.934063	0.004500616
8.937396	0.004628474
8.940729	0.004756333
8.944062	0.004909762
8.947396	0.005037621
8.950729	0.005139908
8.954062	0.005191051
8.957396	0.005216623
8.96073	0.005191051
8.964063	0.005114336
8.967396	0.004986477
8.970729	0.004833047
8.974063	0.004654046
8.977396	0.004475044
8.980729	0.004296042
8.984062	0.004142612
8.987396	0.003989182
8.990729	0.003861324
8.994062	0.003733465
8.997396	0.00365675
9.00073	0.003580035
9.004063	0.003528892
9.007396	0.00350332
9.010729	0.003528892
9.014063	0.003580035
9.017396	0.003682322
9.020729	0.003835752
9.024062	0.004040326
9.027396	0.004244899
9.030729	0.004475044
9.034062	0.004679618
9.037395	0.004833047
9.04073	0.004935334
9.044063	0.004986477
9.047396	0.004986477
9.050729	0.004909762
9.054063	0.004807476
9.057396	0.004679618
9.060729	0.004551759
9.064062	0.004449472
9.067396	0.004372757
9.070729	0.004321614
9.074062	0.004270471
9.077395	0.004244899
9.080729	0.004244899
9.084063	0.004219327
9.087396	0.004168184
9.090729	0.004117041
9.094063	0.004065897
9.097396	0.003989182
9.100729	0.003938039
9.104062	0.003912467
9.107396	0.003938039
9.110729	0.003989182
9.114062	0.004065897
9.117395	0.004168184
9.120729	0.004270471
9.124063	0.004398329
9.127396	0.004500616
9.130729	0.004577331
9.134063	0.004628474
9.137396	0.004654046
9.140729	0.004628474
9.144062	0.004602902
9.147396	0.004577331
9.150729	0.004551759
9.154062	0.004526187
9.157395	0.004500616
9.160729	0.004500616
9.164063	0.004500616
9.167396	0.004500616
9.17073	0.004500616
9.174063	0.004500616
9.177396	0.004475044
9.180729	0.004423901
9.184063	0.004398329
9.187396	0.004372757
9.190729	0.004347186
9.194062	0.004347186
9.197396	0.004398329
9.200729	0.004449472
9.204062	0.004526187
9.207396	0.004654046
9.21073	0.004781904
9.214063	0.004909762
9.217396	0.005037621
9.220729	0.005191051
9.224063	0.005293338
9.227396	0.005395624
9.230729	0.005472339
9.234062	0.005523483
9.237396	0.005523483
9.240729	0.005472339
9.244062	0.005395624
9.247396	0.005318909
9.25073	0.005216623
9.254063	0.005088764
9.257396	0.004986477
9.260729	0.004884191
9.264063	0.004807476
9.267396	0.004730761
9.270729	0.004654046
9.274062	0.004577331
9.277396	0.004475044
9.280729	0.004372757
9.284062	0.004270471
9.287395	0.004117041
9.29073	0.003989182
9.294063	0.003835752
9.297396	0.003707894
9.300729	0.003580035
9.304063	0.00350332
9.307396	0.003452177
9.310729	0.003452177
9.314062	0.003452177
9.317396	0.003477748
9.320729	0.003528892
9.324062	0.003580035
9.327395	0.003605607
9.330729	0.003631179
9.334063	0.003580035
9.337396	0.003528892
9.340729	0.003426605
9.344063	0.003298747
9.347396	0.003145317
9.350729	0.003017458
9.354062	0.0028896
9.357396	0.002812885
9.360729	0.002761742
9.364062	0.002787313
9.367395	0.002838457
9.370729	0.002940743
9.374063	0.00304303
9.377396	0.003170888
9.380729	0.003247603
9.384063	0.003298747
9.387396	0.003298747
9.390729	0.003247603
9.394062	0.003170888
9.397396	0.00304303
9.400729	0.002915172
9.404062	0.002761742
9.407395	0.002608311
9.410729	0.002480453
9.414063	0.002403738
9.417396	0.002327023
9.42073	0.002301451
9.424063	0.002301451
9.427396	0.002352595
9.430729	0.002403738
9.434063	0.002506025
9.437396	0.002608311
9.440729	0.002710598
9.444062	0.002812885
9.447396	0.0028896
9.450729	0.002915172
9.454062	0.002940743
9.457396	0.0028896
9.46073	0.002838457
9.464063	0.00273617
9.467396	0.002608311
9.470729	0.002506025
9.474063	0.002378166
9.477396	0.002301451
9.480729	0.002224736
9.484062	0.002173593
9.487396	0.002148021
9.490729	0.002148021
9.494062	0.002096878
9.497396	0.002045734
9.50073	0.001969019
9.504063	0.001866733
9.507396	0.001764446
9.510729	0.001611016
9.514063	0.001457586
9.517396	0.001329727
9.520729	0.001227441
9.524062	0.001176297
9.527396	0.001150726
9.530729	0.001150726
9.534062	0.001201869
9.537395	0.001278584
9.54073	0.001355299
9.544063	0.001432014
9.547396	0.001457586
9.550729	0.001483157
9.554063	0.001457586
9.557396	0.001380871
9.560729	0.001278584
9.564062	0.001150726
9.567396	0.0009972956
9.570729	0.0008438655
9.574062	0.0006904354
9.577395	0.0005370054
9.580729	0.0004091469
9.584063	0.0003068601
9.587396	0.0002557168
9.590729	0.0002301451
9.594063	0.0002557168
9.597396	0.0003068601
9.600729	0.0004347185
9.604062	0.0005881487
9.607396	0.0008182938
9.610729	0.001048439
9.614062	0.001329727
9.617395	0.001611016
9.620729	0.001866733
9.624063	0.002122449
9.627396	0.002327023
9.630729	0.002480453
9.634063	0.00258274
9.637396	0.002608311
9.640729	0.002557168
9.644062	0.002454881
9.647396	0.002301451
9.650729	0.002096878
9.654062	0.001892304
9.657395	0.001687731
9.660729	0.001508729
9.664063	0.001380871
9.667396	0.001278584
9.67073	0.001253012
9.674063	0.001253012
9.677396	0.001304156
9.680729	0.001406442
9.684063	0.001483157
9.687396	0.001585444
9.690729	0.001662159
9.694062	0.001687731
9.697396	0.001713303
9.700729	0.001687731
9.704062	0.001636588
9.707396	0.001585444
9.71073	0.001534301
9.714063	0.001457586
9.717396	0.001380871
9.720729	0.001278584
9.724063	0.001201869
9.727396	0.001125154
9.730729	0.001022867
9.734062	0.0009461522
9.737396	0.0008438655
9.740729	0.0007671504
9.744062	0.0006904354
9.747396	0.0006392921
9.75073	0.0005881487
9.754063	0.0005881487
9.757396	0.0006392921
9.760729	0.0007415787
9.764063	0.0008950088
9.767396	0.001074011
9.770729	0.001278584
9.774062	0.001508729
9.777396	0.001713303
9.780729	0.001866733
9.784062	0.001969019
9.787395	0.002020163
9.79073	0.001969019
9.794063	0.001866733
9.797396	0.001713303
9.800729	0.001534301
9.804063	0.001355299
9.807396	0.001227441
9.810729	0.001150726
9.814062	0.001150726
9.817396	0.001176297
9.820729	0.001253012
9.824062	0.001355299
9.827395	0.001457586
9.830729	0.001508729
9.834063	0.001534301
9.837396	0.001508729
9.840729	0.001432014
9.844063	0.001329727
9.847396	0.001176297
9.850729	0.001022867
9.854062	0.0008950088
9.857396	0.0007927221
9.860729	0.0007160071
9.864062	0.0006648637
9.867395	0.0006648637
9.870729	0.0007160071
9.874063	0.0008182938
9.877396	0.0009205805
9.880729	0.001022867
9.884063	0.001099582
9.887396	0.001176297
9.890729	0.001201869
9.894062	0.001227441
9.897396	0.001201869
9.900729	0.001150726
9.904062	0.001074011
9.907395	0.0009972956
9.910729	0.0009461522
9.914063	0.0008950088
9.917396	0.0008438655
9.92073	0.0008438655
9.924063	0.0008438655
9.927396	0.0008438655
9.930729	0.0008182938
9.934063	0.0008182938
9.937396	0.0007927221
9.940729	0.0007415787
9.944062	0.0006904354
9.947396	0.0006137204
9.950729	0.0005370054
9.954062	0.0004347185
9.957396	0.0003324318
9.96073	0.0002301451
9.964063	0.0001534301
9.967396	7.671504e-05
9.970729	2.557168e-05
9.974063	0
9.977396	0
9.980729	0
9.984062	2.557168e-05
9.987396	5.114336e-05
9.990729	5.114336e-05
9.994062	5.114336e-05
9.997396	5.114336e-05
}
[PEAK]
{
Peak ID	1
Peak Ref	1
Time	3.921751
Peak	3.117396	4.077396
Intensity	3.039837e-06	5.298853e-05
Height	0.006734098
AreaAbs	1775.989
Area %BP	0.07082816
Area %Total	0.05828763
Width	0.96
}
[PEAK]
{
Peak ID	2
Peak Ref	2
Time	4.271617
Peak	4.077396	4.614062
Intensity	3.039837e-06	5.298853e-05
Height	0.03721835
AreaAbs	7215.312
Area %BP	0.2877537
Area %Total	0.2368052
Width	0.5366664
}
[PEAK]
{
Peak ID	3
Peak Ref	3
Time	4.953927
Peak	4.614062	6.437396
Intensity	3.039837e-06	5.298853e-05
Height	0.2330543
AreaAbs	41791.02
Area %BP	1.666667
Area %Total	1.371574
Width	1.823334
}
}
}
}
