[SAMPLE]
{
Sample	1
Well	4
FileName	
SampleID	ASD-E-2602034-002
SampleDescription	Aquired with Galaxy
Date	12-Feb-2026
Time	22:15:40 PRC
JobCode	
TaskCode	
UserName	Congcong_Liu2
LabName	Aquired with Galaxy
Instrument	BAD_L_17_186
Conditions	
Submitter	Siyu_Zhang
SampleType	
Plate	
Method	
Process	Galaxy
MSTune	
MSMethod	
InletMethod	
PreRunMethod	
PostRunMethod	
SwitchMethod	
FractionMethod	
AcquisitionProcess	
AcquisitionProcessParameters	
AcquisitionProcessOptions	
InjectionVolume	25
ReportScheme	
SampleReportEnable	0
SampleReportFormat	
AnalysisTime	0
[COMPOUND]
{
;Mono Mass	Formula
}
[FUNCTION]
{
Function	1
IonMode	ES+
Type	MS
Description	(0:0)
[SPECTRUM]
{
ProcDesc	0.00:Combine
State	OK
Peak ID	0
Peak Ref	0
Time	0
TIC	0
BPI	0
BPM	0
Continuum	FALSE
Saved	FALSE
[MASSES]
{
;Mass	Exp. Mass	Obs. Mass	% BPI	Int. Abs
}
[RESULTS]
{
;Mass	Found	% BPI	% Purity
}
[MS]
{
;Mass	% BPI
0	0
}
}
[CHROMATOGRAM]
{
TraceNumber	1
Description	scroll down chrom view to see 2D LC chrom
ProcDesc	
MaxIntensity	0
[TRACE]
{
0	0
}
[PEAK]
{
Peak ID	0
Peak Ref	0
Time	0
Peak	0
Intensity	0	0
Height	0
AreaAbs	0
Area %BP	0
Area %Total	0
}
}
}
[FUNCTION]
{
Function	0
Description	ANALOG
[CHROMATOGRAM]
{
TraceNumber	2
Description	LC
ProcDesc	Result Id:2608, VWD: Signal A, 280 nm
MaxIntensity	0.2095094
[TRACE]
{
;Time	Int. %Max
0.0005208334	0.004665738
0.003854167	0.004921785
0.0071875	0.005149382
0.01052083	0.00526318
0.01385417	0.00532008
0.0171875	0.00532008
0.02052083	0.00526318
0.02385417	0.005177832
0.0271875	0.005064033
0.03052083	0.004893335
0.03385417	0.004694188
0.0371875	0.004466591
0.04052083	0.004210545
0.04385417	0.003926049
0.0471875	0.003613103
0.05052083	0.003328607
0.05385417	0.00304411
0.0571875	0.002816513
0.06052083	0.002645816
0.06385417	0.002532017
0.0671875	0.002446667
0.07052083	0.002446667
0.07385416	0.002503567
0.0771875	0.002560467
0.08052083	0.002645816
0.08385417	0.002702715
0.0871875	0.002731165
0.09052084	0.002731165
0.09385417	0.002674265
0.0971875	0.002588916
0.1005208	0.002446667
0.1038542	0.00227597
0.1071875	0.002076822
0.1105208	0.001906125
0.1138542	0.001735427
0.1171875	0.001621628
0.1205208	0.001593179
0.1238542	0.001621628
0.1271875	0.001706977
0.1305208	0.001906125
0.1338542	0.002105272
0.1371875	0.002361319
0.1405208	0.002645816
0.1438542	0.002873413
0.1471875	0.00310101
0.1505208	0.003300157
0.1538542	0.003470855
0.1571875	0.003613103
0.1605208	0.003726901
0.1638542	0.00381225
0.1671875	0.003869149
0.1705208	0.003954498
0.1738542	0.003982948
0.1771875	0.004011398
0.1805208	0.004011398
0.1838542	0.004011398
0.1871875	0.003954498
0.1905208	0.003897599
0.1938542	0.003783801
0.1971875	0.003613103
0.2005208	0.003413955
0.2038542	0.003157909
0.2071875	0.002844963
0.2105208	0.002532017
0.2138542	0.002162171
0.2171875	0.001792326
0.2205208	0.001450931
0.2238542	0.001166434
0.2271875	0.0009103879
0.2305208	0.0007112405
0.2338542	0.0005689924
0.2371875	0.0004836436
0.2405208	0.0004551939
0.2438542	0.0004836436
0.2471875	0.0005120932
0.2505208	0.0005405428
0.2538542	0.0005974421
0.2571875	0.0006827909
0.2605208	0.0007681398
0.2638542	0.0008819383
0.2671875	0.001024186
0.2705208	0.001166434
0.2738542	0.001308683
0.2771875	0.001450931
0.2805208	0.001593179
0.2838542	0.001706977
0.2871875	0.001792326
0.2905208	0.001849225
0.2938542	0.001877675
0.2971875	0.001877675
0.3005208	0.001849225
0.3038542	0.001820776
0.3071875	0.001792326
0.3105208	0.001763877
0.3138542	0.001792326
0.3171875	0.001849225
0.3205208	0.001906125
0.3238542	0.002019923
0.3271875	0.002105272
0.3305208	0.002190621
0.3338542	0.00227597
0.3371875	0.002304419
0.3405208	0.002304419
0.3438542	0.002304419
0.3471875	0.00224752
0.3505208	0.00221907
0.3538542	0.002162171
0.3571875	0.002105272
0.3605208	0.002076822
0.3638542	0.002048373
0.3671875	0.002048373
0.3705208	0.002019923
0.3738542	0.002019923
0.3771875	0.002019923
0.3805208	0.001991474
0.3838542	0.001991474
0.3871875	0.002019923
0.3905208	0.002048373
0.3938542	0.002105272
0.3971875	0.002190621
0.4005208	0.00227597
0.4038542	0.002389768
0.4071875	0.002475117
0.4105208	0.002532017
0.4138542	0.002532017
0.4171875	0.002503567
0.4205208	0.002446667
0.4238542	0.002332869
0.4271875	0.00221907
0.4305208	0.002076822
0.4338542	0.001991474
0.4371875	0.001906125
0.4405208	0.001906125
0.4438542	0.001906125
0.4471875	0.001991474
0.4505208	0.002105272
0.4538542	0.00221907
0.4571875	0.002361319
0.4605208	0.002503567
0.4638542	0.002617366
0.4671875	0.002702715
0.4705208	0.002788064
0.4738542	0.002816513
0.4771875	0.002816513
0.4805208	0.002816513
0.4838542	0.002788064
0.4871875	0.002759614
0.4905208	0.002759614
0.4938542	0.002788064
0.4971875	0.002844963
0.5005208	0.002958762
0.5038542	0.00310101
0.5071875	0.003271707
0.5105208	0.003442405
0.5138541	0.003613103
0.5171875	0.003726901
0.5205208	0.003783801
0.5238542	0.003783801
0.5271875	0.003698452
0.5305209	0.003556204
0.5338542	0.003328607
0.5371875	0.00310101
0.5405208	0.002844963
0.5438542	0.002617366
0.5471875	0.002418218
0.5505208	0.00227597
0.5538542	0.002190621
0.5571875	0.002190621
0.5605208	0.002190621
0.5638542	0.00227597
0.5671875	0.002361319
0.5705208	0.002446667
0.5738541	0.002560467
0.5771875	0.002645816
0.5805208	0.002702715
0.5838541	0.002731165
0.5871875	0.002759614
0.5905209	0.002788064
0.5938542	0.002816513
0.5971875	0.002844963
0.6005208	0.002873413
0.6038542	0.002901862
0.6071875	0.002958762
0.6105208	0.003015661
0.6138542	0.00310101
0.6171875	0.003186358
0.6205208	0.003300157
0.6238542	0.003442405
0.6271875	0.003613103
0.6305208	0.00381225
0.6338542	0.004011398
0.6371875	0.004210545
0.6405208	0.004409692
0.6438541	0.00455194
0.6471875	0.004637289
0.6505209	0.004665738
0.6538542	0.004608839
0.6571875	0.004495041
0.6605209	0.004267444
0.6638542	0.004011398
0.6671875	0.003698452
0.6705208	0.003357056
0.6738542	0.003015661
0.6771875	0.002702715
0.6805208	0.002389768
0.6838542	0.002133722
0.6871875	0.001934574
0.6905208	0.001763877
0.6938542	0.001621628
0.6971875	0.001564729
0.7005208	0.001593179
0.7038541	0.001650078
0.7071875	0.001763877
0.7105208	0.001934574
0.7138542	0.002105272
0.7171875	0.002304419
0.7205209	0.002475117
0.7238542	0.002588916
0.7271875	0.002617366
0.7305208	0.002617366
0.7338542	0.002532017
0.7371875	0.002418218
0.7405208	0.00227597
0.7438542	0.002133722
0.7471875	0.002019923
0.7505208	0.001991474
0.7538542	0.001991474
0.7571875	0.002019923
0.7605208	0.002105272
0.7638541	0.002162171
0.7671875	0.002190621
0.7705208	0.002190621
0.7738542	0.002133722
0.7771875	0.002048373
0.7805209	0.001934574
0.7838542	0.001849225
0.7871875	0.001792326
0.7905208	0.001763877
0.7938542	0.001820776
0.7971875	0.001963024
0.8005208	0.002162171
0.8038542	0.002418218
0.8071875	0.002674265
0.8105208	0.002930312
0.8138542	0.003129459
0.8171875	0.003300157
0.8205208	0.003385506
0.8238541	0.003413955
0.8271875	0.003385506
0.8305208	0.003300157
0.8338541	0.003214808
0.8371875	0.00307256
0.8405209	0.002958762
0.8438542	0.002844963
0.8471875	0.002759614
0.8505208	0.002645816
0.8538542	0.002560467
0.8571875	0.002446667
0.8605208	0.002361319
0.8638542	0.00221907
0.8671875	0.002105272
0.8705208	0.001991474
0.8738542	0.001877675
0.8771875	0.001820776
0.8805208	0.001820776
0.8838542	0.001849225
0.8871875	0.001963024
0.8905208	0.002133722
0.8938541	0.002332869
0.8971875	0.002532017
0.9005209	0.002674265
0.9038542	0.002788064
0.9071875	0.002844963
0.9105209	0.002844963
0.9138542	0.002759614
0.9171875	0.002617366
0.9205208	0.002475117
0.9238542	0.002304419
0.9271875	0.002133722
0.9305208	0.002019923
0.9338542	0.001906125
0.9371875	0.001849225
0.9405208	0.001820776
0.9438542	0.001820776
0.9471875	0.001849225
0.9505208	0.001877675
0.9538541	0.001934574
0.9571875	0.002019923
0.9605208	0.002105272
0.9638542	0.002190621
0.9671875	0.00227597
0.9705209	0.002361319
0.9738542	0.002446667
0.9771875	0.002503567
0.9805208	0.002560467
0.9838542	0.002617366
0.9871875	0.002645816
0.9905208	0.002674265
0.9938542	0.002674265
0.9971875	0.002674265
1.000521	0.002617366
1.003854	0.002532017
1.007187	0.002389768
1.010521	0.00224752
1.013854	0.002105272
1.017187	0.001934574
1.020521	0.001792326
1.023854	0.001678528
1.027187	0.001593179
1.030521	0.00153628
1.033854	0.00147938
1.037187	0.00147938
1.040521	0.001450931
1.043854	0.001422481
1.047187	0.001365582
1.050521	0.001280233
1.053854	0.001223334
1.057188	0.001166434
1.060521	0.001137985
1.063854	0.001166434
1.067188	0.001223334
1.070521	0.001337132
1.073854	0.00150783
1.077188	0.001735427
1.080521	0.002019923
1.083854	0.002332869
1.087188	0.002645816
1.090521	0.002958762
1.093854	0.003243258
1.097188	0.003442405
1.100521	0.003613103
1.103854	0.003670002
1.107188	0.003613103
1.110521	0.003499304
1.113854	0.003271707
1.117188	0.003015661
1.120521	0.002731165
1.123854	0.002446667
1.127187	0.00224752
1.130521	0.002105272
1.133854	0.002048373
1.137187	0.002105272
1.140521	0.00221907
1.143854	0.002361319
1.147187	0.002532017
1.150521	0.002674265
1.153854	0.002816513
1.157187	0.002873413
1.160521	0.002873413
1.163854	0.002816513
1.167187	0.002702715
1.170521	0.002560467
1.173854	0.002418218
1.177187	0.00224752
1.180521	0.002105272
1.183854	0.001991474
1.187188	0.001877675
1.190521	0.001820776
1.193854	0.001820776
1.197188	0.001820776
1.200521	0.001849225
1.203854	0.001877675
1.207188	0.001906125
1.210521	0.001934574
1.213854	0.001963024
1.217188	0.001963024
1.220521	0.001963024
1.223854	0.001934574
1.227188	0.001906125
1.230521	0.001849225
1.233854	0.001792326
1.237188	0.001706977
1.240521	0.001621628
1.243854	0.00147938
1.247187	0.001337132
1.250521	0.001166434
1.253854	0.001024186
1.257187	0.0008819383
1.260521	0.0007681398
1.263854	0.0007112405
1.267187	0.0007112405
1.270521	0.0007681398
1.273854	0.0008819383
1.277187	0.001024186
1.280521	0.001223334
1.283854	0.001422481
1.287187	0.001621628
1.290521	0.001820776
1.293854	0.001991474
1.297187	0.002162171
1.300521	0.002304419
1.303854	0.002418218
1.307188	0.002532017
1.310521	0.002588916
1.313854	0.002645816
1.317188	0.002645816
1.320521	0.002674265
1.323854	0.002645816
1.327188	0.002617366
1.330521	0.002560467
1.333854	0.002503567
1.337188	0.002446667
1.340521	0.002361319
1.343854	0.002304419
1.347188	0.00221907
1.350521	0.002105272
1.353854	0.002019923
1.357188	0.001963024
1.360521	0.001934574
1.363854	0.001934574
1.367188	0.001991474
1.370521	0.002076822
1.373854	0.002190621
1.377187	0.002332869
1.380521	0.002475117
1.383854	0.002617366
1.387187	0.002731165
1.390521	0.002816513
1.393854	0.002844963
1.397187	0.002873413
1.400521	0.002873413
1.403854	0.002873413
1.407187	0.002844963
1.410521	0.002844963
1.413854	0.002788064
1.417187	0.002731165
1.420521	0.002645816
1.423854	0.002532017
1.427187	0.002361319
1.430521	0.002162171
1.433854	0.001934574
1.437188	0.001706977
1.440521	0.001450931
1.443854	0.001223334
1.447188	0.001024186
1.450521	0.0008534886
1.453854	0.0007112405
1.457188	0.0006258917
1.460521	0.0005974421
1.463854	0.0005974421
1.467188	0.0006258917
1.470521	0.0007396902
1.473854	0.0008819383
1.477188	0.001081086
1.480521	0.001308683
1.483854	0.001564729
1.487188	0.001849225
1.490521	0.002105272
1.493854	0.002332869
1.497187	0.002475117
1.500521	0.002560467
1.503854	0.002560467
1.507187	0.002503567
1.510521	0.002389768
1.513854	0.00224752
1.517187	0.002048373
1.520521	0.001849225
1.523854	0.001650078
1.527187	0.001450931
1.530521	0.001280233
1.533854	0.001109535
1.537187	0.0009672871
1.540521	0.000825039
1.543854	0.0007112405
1.547187	0.0006543413
1.550521	0.0006258917
1.553854	0.0006543413
1.557188	0.0007681398
1.560521	0.0008819383
1.563854	0.001081086
1.567188	0.001251783
1.570521	0.001450931
1.573854	0.001593179
1.577188	0.001706977
1.580521	0.001735427
1.583854	0.001706977
1.587188	0.001621628
1.590521	0.00150783
1.593854	0.001337132
1.597188	0.001166434
1.600521	0.0009957368
1.603854	0.0008534886
1.607188	0.0007396902
1.610521	0.0006543413
1.613854	0.0005974421
1.617188	0.0005689924
1.620521	0.0005974421
1.623854	0.0006543413
1.627187	0.0007396902
1.630521	0.0008819383
1.633854	0.001024186
1.637187	0.001166434
1.640521	0.001308683
1.643854	0.001422481
1.647187	0.001564729
1.650521	0.001650078
1.653854	0.001735427
1.657187	0.001792326
1.660521	0.001820776
1.663854	0.001906125
1.667187	0.001991474
1.670521	0.002076822
1.673854	0.00221907
1.677187	0.002332869
1.680521	0.002475117
1.683854	0.002617366
1.687188	0.002759614
1.690521	0.002844963
1.693854	0.002901862
1.697188	0.002930312
1.700521	0.002901862
1.703854	0.002844963
1.707188	0.002788064
1.710521	0.002702715
1.713854	0.002588916
1.717188	0.002503567
1.720521	0.002418218
1.723854	0.002332869
1.727188	0.00227597
1.730521	0.00224752
1.733854	0.00224752
1.737188	0.00227597
1.740521	0.00227597
1.743854	0.002304419
1.747187	0.002332869
1.750521	0.002332869
1.753854	0.002304419
1.757187	0.00224752
1.760521	0.002162171
1.763854	0.002076822
1.767187	0.001963024
1.770521	0.001877675
1.773854	0.001763877
1.777187	0.001706977
1.780521	0.001678528
1.783854	0.001706977
1.787187	0.001763877
1.790521	0.001877675
1.793854	0.002019923
1.797187	0.002190621
1.800521	0.002361319
1.803854	0.002532017
1.807188	0.002702715
1.810521	0.002844963
1.813854	0.002958762
1.817188	0.00304411
1.820521	0.003129459
1.823854	0.003186358
1.827188	0.003243258
1.830521	0.003300157
1.833854	0.003328607
1.837188	0.003328607
1.840521	0.003300157
1.843854	0.003214808
1.847188	0.00310101
1.850521	0.002901862
1.853854	0.002674265
1.857188	0.002418218
1.860521	0.002133722
1.863854	0.001849225
1.867188	0.001593179
1.870521	0.001365582
1.873854	0.001194884
1.877187	0.001052636
1.880521	0.0009103879
1.883854	0.000825039
1.887187	0.0007112405
1.890521	0.0005974421
1.893854	0.0004836436
1.897187	0.0003413955
1.900521	0.000227597
1.903854	0.0001137985
1.907187	2.844962e-05
1.910521	0
1.913854	2.844962e-05
1.917187	0.0001422481
1.920521	0.0002844962
1.923854	0.0004836436
1.927187	0.0007112405
1.930521	0.0009672871
1.933854	0.001223334
1.937188	0.001450931
1.940521	0.001678528
1.943854	0.001849225
1.947188	0.001991474
1.950521	0.002105272
1.953854	0.002162171
1.957188	0.002162171
1.960521	0.002162171
1.963854	0.002105272
1.967188	0.002019923
1.970521	0.001934574
1.973854	0.001849225
1.977188	0.001763877
1.980521	0.001678528
1.983854	0.001621628
1.987188	0.001593179
1.990521	0.001621628
1.993854	0.001650078
1.997187	0.001735427
2.000521	0.001849225
2.003854	0.001963024
2.007188	0.002076822
2.010521	0.002190621
2.013854	0.00227597
2.017188	0.002304419
2.020521	0.002332869
2.023854	0.002332869
2.027188	0.002304419
2.030521	0.00224752
2.033854	0.00221907
2.037188	0.00221907
2.040521	0.002190621
2.043854	0.002133722
2.047188	0.002105272
2.050521	0.002048373
2.053854	0.001963024
2.057188	0.001934574
2.060521	0.001877675
2.063854	0.001877675
2.067188	0.001906125
2.070521	0.001991474
2.073854	0.002105272
2.077188	0.00227597
2.080521	0.002418218
2.083854	0.002588916
2.087188	0.002702715
2.090521	0.002816513
2.093854	0.002873413
2.097188	0.002901862
2.100521	0.002901862
2.103854	0.002873413
2.107188	0.002844963
2.110521	0.002788064
2.113854	0.002702715
2.117188	0.002645816
2.120521	0.002560467
2.123854	0.002475117
2.127187	0.002446667
2.130521	0.002418218
2.133854	0.002475117
2.137187	0.002588916
2.140521	0.002759614
2.143854	0.003015661
2.147187	0.003271707
2.150521	0.003499304
2.153854	0.003726901
2.157187	0.003926049
2.160521	0.004011398
2.163854	0.004039847
2.167187	0.003982948
2.170521	0.003897599
2.173854	0.003755351
2.177187	0.003641552
2.180521	0.003584653
2.183854	0.003527754
2.187187	0.003556204
2.190521	0.003613103
2.193854	0.003726901
2.197187	0.003869149
2.200521	0.004068297
2.203854	0.004238994
2.207187	0.004409692
2.210521	0.00455194
2.213854	0.004637289
2.217187	0.004694188
2.220521	0.004665738
2.223854	0.004608839
2.227187	0.004495041
2.230521	0.004324343
2.233854	0.004125196
2.237187	0.003954498
2.240521	0.00381225
2.243854	0.003698452
2.247188	0.003698452
2.250521	0.003755351
2.253854	0.003897599
2.257188	0.004125196
2.260521	0.004381243
2.263854	0.004665738
2.267188	0.004893335
2.270521	0.005092483
2.273854	0.005234731
2.277188	0.00529163
2.280521	0.00529163
2.283854	0.005206281
2.287188	0.005092483
2.290521	0.004921785
2.293854	0.004751087
2.297188	0.004580389
2.300521	0.004438141
2.303854	0.004267444
2.307188	0.004096746
2.310521	0.003954498
2.313854	0.00381225
2.317188	0.003670002
2.320521	0.003584653
2.323854	0.003499304
2.327188	0.003470855
2.330521	0.003470855
2.333854	0.003499304
2.337188	0.003527754
2.340521	0.003584653
2.343854	0.003613103
2.347188	0.003613103
2.350521	0.003527754
2.353854	0.003385506
2.357188	0.003157909
2.360521	0.002930312
2.363854	0.002674265
2.367188	0.002446667
2.370521	0.00224752
2.373854	0.002105272
2.377187	0.002019923
2.380521	0.001991474
2.383854	0.002048373
2.387187	0.002105272
2.390521	0.002190621
2.393854	0.00227597
2.397187	0.002332869
2.400521	0.002361319
2.403854	0.002389768
2.407187	0.002389768
2.410521	0.002389768
2.413854	0.002389768
2.417187	0.002418218
2.420521	0.002446667
2.423854	0.002503567
2.427187	0.002560467
2.430521	0.002617366
2.433854	0.002645816
2.437187	0.002645816
2.440521	0.002674265
2.443854	0.002674265
2.447187	0.002702715
2.450521	0.002731165
2.453854	0.002788064
2.457187	0.002844963
2.460521	0.002930312
2.463854	0.002987211
2.467187	0.003015661
2.470521	0.002987211
2.473854	0.002930312
2.477187	0.002816513
2.480521	0.002645816
2.483854	0.002446667
2.487187	0.002190621
2.490521	0.001934574
2.493854	0.001650078
2.497188	0.001365582
2.500521	0.001109535
2.503854	0.0009103879
2.507188	0.0007396902
2.510521	0.0006258917
2.513854	0.0005689924
2.517188	0.0005974421
2.520521	0.0006827909
2.523854	0.000825039
2.527188	0.001024186
2.530521	0.001223334
2.533854	0.00147938
2.537188	0.001706977
2.540521	0.001934574
2.543854	0.002133722
2.547188	0.00227597
2.550521	0.002418218
2.553854	0.002503567
2.557188	0.002588916
2.560521	0.002645816
2.563854	0.002674265
2.567188	0.002731165
2.570521	0.002788064
2.573854	0.002844963
2.577188	0.002901862
2.580521	0.002958762
2.583854	0.002987211
2.587188	0.002987211
2.590521	0.002930312
2.593854	0.002844963
2.597188	0.002702715
2.600521	0.002532017
2.603854	0.002332869
2.607188	0.002105272
2.610521	0.001906125
2.613854	0.001706977
2.617188	0.00153628
2.620521	0.001365582
2.623854	0.001223334
2.627187	0.001052636
2.630521	0.0009103879
2.633854	0.0007396902
2.637187	0.0005974421
2.640521	0.0004836436
2.643854	0.0003698451
2.647187	0.0003129458
2.650521	0.0003129458
2.653854	0.0003982947
2.657187	0.0005689924
2.660521	0.0007965894
2.663854	0.001052636
2.667187	0.001337132
2.670521	0.001593179
2.673854	0.001849225
2.677187	0.002048373
2.680521	0.002162171
2.683854	0.00221907
2.687187	0.002190621
2.690521	0.002133722
2.693854	0.002048373
2.697187	0.001963024
2.700521	0.001906125
2.703854	0.001906125
2.707187	0.001906125
2.710521	0.001963024
2.713854	0.002019923
2.717187	0.002076822
2.720521	0.002162171
2.723854	0.002190621
2.727187	0.00221907
2.730521	0.002190621
2.733854	0.002162171
2.737187	0.002105272
2.740521	0.002048373
2.743854	0.002019923
2.747188	0.001991474
2.750521	0.001963024
2.753854	0.001963024
2.757188	0.001934574
2.760521	0.001934574
2.763854	0.001906125
2.767188	0.001877675
2.770521	0.001849225
2.773854	0.001820776
2.777188	0.001763877
2.780521	0.001706977
2.783854	0.001593179
2.787188	0.00150783
2.790521	0.001365582
2.793854	0.001251783
2.797188	0.001137985
2.800521	0.001024186
2.803854	0.0009672871
2.807188	0.0009103879
2.810521	0.0009103879
2.813854	0.0009388375
2.817188	0.0009672871
2.820521	0.0009957368
2.823854	0.001052636
2.827188	0.001081086
2.830521	0.001081086
2.833854	0.001109535
2.837188	0.001137985
2.840521	0.001194884
2.843854	0.001280233
2.847188	0.001394031
2.850521	0.001564729
2.853854	0.001763877
2.857188	0.001963024
2.860521	0.002133722
2.863854	0.00224752
2.867188	0.002332869
2.870521	0.002389768
2.873854	0.002389768
2.877187	0.002361319
2.880521	0.002332869
2.883854	0.00227597
2.887187	0.00227597
2.890521	0.002304419
2.893854	0.002389768
2.897187	0.002532017
2.900521	0.002674265
2.903854	0.002844963
2.907187	0.003015661
2.910521	0.003186358
2.913854	0.003328607
2.917187	0.003470855
2.920521	0.003584653
2.923854	0.003698452
2.927187	0.003783801
2.930521	0.003869149
2.933854	0.003954498
2.937187	0.004039847
2.940521	0.004125196
2.943854	0.004182095
2.947187	0.004238994
2.950521	0.004267444
2.953854	0.004295894
2.957187	0.004295894
2.960521	0.004295894
2.963854	0.004267444
2.967187	0.004238994
2.970521	0.004210545
2.973854	0.004210545
2.977187	0.004267444
2.980521	0.004381243
2.983854	0.00452349
2.987187	0.004722638
2.990521	0.004921785
2.993854	0.005120932
2.997188	0.00532008
3.000521	0.005462328
3.003854	0.005576126
3.007188	0.005604576
3.010521	0.005604576
3.013854	0.005547677
3.017188	0.005462328
3.020521	0.005376979
3.023854	0.00532008
3.027188	0.00529163
3.030521	0.00526318
3.033854	0.00526318
3.037188	0.00529163
3.040521	0.00529163
3.043854	0.00529163
3.047188	0.00529163
3.050521	0.00526318
3.053854	0.005177832
3.057188	0.005092483
3.060521	0.005007134
3.063854	0.004893335
3.067188	0.004779537
3.070521	0.004637289
3.073854	0.004495041
3.077188	0.004324343
3.080521	0.004153646
3.083854	0.003954498
3.087188	0.003783801
3.090521	0.003613103
3.093854	0.003442405
3.097188	0.003300157
3.100521	0.003214808
3.103854	0.003129459
3.107188	0.00310101
3.110521	0.00307256
3.113854	0.00310101
3.117188	0.003129459
3.120521	0.003157909
3.123854	0.003243258
3.127187	0.003328607
3.130521	0.003470855
3.133854	0.003641552
3.137187	0.0038407
3.140521	0.004068297
3.143854	0.004324343
3.147187	0.004580389
3.150521	0.004779537
3.153854	0.004950235
3.157187	0.005064033
3.160521	0.005149382
3.163854	0.005149382
3.167187	0.005120932
3.170521	0.005092483
3.173854	0.005064033
3.177187	0.005064033
3.180521	0.005092483
3.183854	0.005177832
3.187187	0.00529163
3.190521	0.005433878
3.193854	0.005576126
3.197187	0.005689925
3.200521	0.005803723
3.203854	0.005860622
3.207187	0.005889072
3.210521	0.005917522
3.213854	0.005945971
3.217187	0.005945971
3.220521	0.005974421
3.223854	0.00603132
3.227187	0.006116669
3.230521	0.006202018
3.233854	0.006344266
3.237187	0.006458065
3.240521	0.006600313
3.243854	0.006714111
3.247188	0.00682791
3.250521	0.006941708
3.253854	0.007083956
3.257188	0.007254654
3.260521	0.007482251
3.263854	0.007766748
3.267188	0.008108143
3.270521	0.008563337
3.273854	0.00907543
3.277188	0.009701322
3.280521	0.01044101
3.283854	0.01126605
3.287188	0.01220489
3.290521	0.01325752
3.293854	0.01445241
3.297188	0.01578954
3.300521	0.01724047
3.303854	0.01883365
3.307188	0.02051218
3.310521	0.02230451
3.313854	0.02415373
3.317188	0.0260883
3.320521	0.02805133
3.323854	0.0300428
3.327188	0.03206273
3.330521	0.03408265
3.333854	0.03615947
3.337188	0.03826474
3.340521	0.04042691
3.343854	0.04261753
3.347188	0.04486505
3.350521	0.04714102
3.353854	0.04944545
3.357188	0.05177832
3.360521	0.05416808
3.363854	0.0565863
3.367188	0.05900452
3.370521	0.06147964
3.373854	0.0639832
3.377187	0.06654367
3.380521	0.06916103
3.383854	0.07186374
3.387187	0.07468026
3.390521	0.07761057
3.393854	0.08071158
3.397187	0.08395483
3.400521	0.08734035
3.403854	0.090925
3.407187	0.09462345
3.410521	0.0984926
3.413854	0.1024471
3.417187	0.1064869
3.420521	0.1105552
3.423854	0.1146235
3.427187	0.1186918
3.430521	0.1227886
3.433854	0.1268569
3.437187	0.1309536
3.440521	0.1350219
3.443854	0.1391471
3.447187	0.1433292
3.450521	0.1475966
3.453854	0.1519779
3.457187	0.1564729
3.460521	0.1610818
3.463854	0.1658329
3.467187	0.1707262
3.470521	0.1757333
3.473854	0.1808543
3.477187	0.1861174
3.480521	0.1914944
3.483854	0.1969283
3.487187	0.202476
3.490521	0.2080805
3.493854	0.2137705
3.497188	0.2195457
3.500521	0.2253779
3.503854	0.2313239
3.507188	0.2373552
3.510521	0.2435003
3.513854	0.2497592
3.517188	0.2561888
3.520521	0.2627892
3.523854	0.2695317
3.527188	0.2764165
3.530521	0.2834436
3.533854	0.2906129
3.537188	0.2978391
3.540521	0.3051791
3.543854	0.3125476
3.547188	0.3199729
3.550521	0.3273983
3.553854	0.3348521
3.557188	0.3423059
3.560521	0.3497597
3.563854	0.3572704
3.567188	0.3647811
3.570521	0.3723202
3.573854	0.3799163
3.577188	0.3875408
3.580521	0.3952222
3.583854	0.4029889
3.587188	0.410841
3.590521	0.4187785
3.593854	0.4268297
3.597188	0.4349947
3.600521	0.4432736
3.603854	0.4517516
3.607188	0.4603718
3.610521	0.4692196
3.613854	0.4782666
3.617188	0.4875412
3.620521	0.4971002
3.623854	0.5068869
3.627187	0.5169581
3.630521	0.5273422
3.633854	0.5380108
3.637187	0.5490208
3.640521	0.5603437
3.643854	0.5719512
3.647187	0.5839
3.650521	0.5961049
3.653854	0.6085944
3.657187	0.6213113
3.660521	0.6342559
3.663854	0.6473996
3.667187	0.6607425
3.670521	0.6742276
3.673854	0.6878835
3.677187	0.7016531
3.680521	0.7155649
3.683854	0.7295337
3.687187	0.7435878
3.690521	0.7576135
3.693854	0.7716107
3.697187	0.7855226
3.700521	0.7992922
3.703854	0.8128911
3.707187	0.826234
3.710521	0.8392923
3.713854	0.8520378
3.717187	0.8644418
3.720521	0.8764475
3.723854	0.8880265
3.727187	0.8990934
3.730521	0.9096483
3.733854	0.9196625
3.737187	0.9290509
3.740521	0.9377849
3.743854	0.945893
3.747188	0.9533468
3.750521	0.9601463
3.753854	0.9663198
3.757188	0.9718675
3.760521	0.9768747
3.763854	0.9813412
3.767188	0.9853526
3.770521	0.9889657
3.773854	0.9922375
3.777188	0.9952247
3.780521	0.9980696
3.783854	1.000829
3.787188	1.003589
3.790521	1.006462
3.793854	1.009592
3.797188	1.013063
3.800521	1.017017
3.803854	1.021597
3.807188	1.026918
3.810521	1.033176
3.813854	1.040488
3.817188	1.049023
3.820521	1.05898
3.823854	1.070559
3.827188	1.083845
3.830521	1.099066
3.833854	1.116363
3.837188	1.135823
3.840521	1.157644
3.843854	1.181854
3.847188	1.208597
3.850521	1.2379
3.853854	1.269849
3.857188	1.304444
3.860521	1.341741
3.863854	1.381713
3.867188	1.42433
3.870521	1.469508
3.873854	1.517247
3.877187	1.567347
3.880521	1.619722
3.883854	1.674232
3.887187	1.730619
3.890521	1.788713
3.893854	1.848258
3.897187	1.908941
3.900521	1.970506
3.903854	2.032612
3.907187	2.094916
3.910521	2.15705
3.913854	2.218615
3.917187	2.279241
3.920521	2.338474
3.923854	2.395942
3.927187	2.451277
3.930521	2.504051
3.933854	2.553923
3.937187	2.60058
3.940521	2.643738
3.943854	2.683169
3.947187	2.718618
3.950521	2.749912
3.953854	2.776882
3.957187	2.799443
3.960521	2.817452
3.963854	2.830851
3.967187	2.839614
3.970521	2.843711
3.973854	2.84317
3.977187	2.838078
3.980521	2.828547
3.983854	2.814664
3.987187	2.796598
3.990521	2.774521
3.993854	2.74866
3.997188	2.719158
4.000521	2.686299
4.003854	2.650282
4.007187	2.611363
4.010521	2.569826
4.013854	2.5259
4.017188	2.479925
4.020521	2.432158
4.023854	2.382884
4.027187	2.332442
4.030521	2.281034
4.033854	2.228971
4.037188	2.17651
4.040521	2.12385
4.043854	2.071246
4.047187	2.01887
4.050521	1.966978
4.053854	1.915741
4.057188	1.8653
4.060521	1.815883
4.063854	1.767575
4.067187	1.720548
4.070521	1.674915
4.073854	1.630761
4.077188	1.5882
4.080521	1.547347
4.083854	1.508228
4.087187	1.470988
4.090521	1.435682
4.093854	1.402367
4.097188	1.37113
4.100521	1.342026
4.103854	1.315141
4.107187	1.290475
4.110521	1.268114
4.113854	1.248113
4.117188	1.23056
4.120521	1.21551
4.123854	1.203163
4.127188	1.193604
4.130521	1.187089
4.133854	1.183874
4.137187	1.184216
4.140521	1.188455
4.143854	1.196989
4.147188	1.21019
4.150521	1.228569
4.153854	1.252665
4.157187	1.283021
4.160521	1.32029
4.163854	1.365155
4.167188	1.418356
4.170521	1.480718
4.173854	1.553008
4.177187	1.636138
4.180521	1.730989
4.183854	1.8385
4.187188	1.959553
4.190521	2.095087
4.193854	2.246041
4.197187	2.413268
4.200521	2.597593
4.203854	2.799841
4.207188	3.02061
4.210521	3.260526
4.213854	3.519958
4.217187	3.799191
4.220521	4.098339
4.223854	4.417287
4.227188	4.755725
4.230521	5.113166
4.233854	5.488843
4.237187	5.881817
4.240521	6.290838
4.243854	6.714453
4.247188	7.15087
4.250521	7.598126
4.253854	8.054003
4.257187	8.516081
4.260521	8.981688
4.263854	9.44812
4.267188	9.912418
4.270521	10.37165
4.273854	10.82281
4.277187	11.26284
4.280521	11.68873
4.283854	12.09755
4.287188	12.48645
4.290521	12.85266
4.293854	13.19363
4.297187	13.50694
4.300521	13.79041
4.303854	14.04214
4.307188	14.26049
4.310521	14.44416
4.313854	14.59218
4.317187	14.70385
4.320521	14.7789
4.323854	14.8173
4.327188	14.81947
4.330521	14.78601
4.333854	14.71796
4.337187	14.61645
4.340521	14.48296
4.343854	14.31912
4.347188	14.12683
4.350521	13.90808
4.353854	13.66501
4.357187	13.39983
4.360521	13.11494
4.363854	12.81266
4.367188	12.49542
4.370521	12.16566
4.373854	11.82577
4.377188	11.478
4.380521	11.12454
4.383854	10.76747
4.387187	10.40869
4.390521	10.05
4.393854	9.692986
4.397188	9.339186
4.400521	8.98991
4.403854	8.646352
4.407187	8.309651
4.410521	7.980716
4.413854	7.660459
4.417188	7.349477
4.420521	7.048394
4.423854	6.757554
4.427187	6.477296
4.430521	6.207679
4.433854	5.948816
4.437188	5.70065
4.440521	5.463039
4.443854	5.235783
4.447187	5.018684
4.450521	4.811457
4.453854	4.613846
4.457188	4.425509
4.460521	4.246106
4.463854	4.075294
4.467187	3.912705
4.470521	3.757939
4.473854	3.610684
4.477188	3.470541
4.480521	3.337169
4.483854	3.210256
4.487187	3.089458
4.490521	2.974494
4.493854	2.864991
4.497188	2.760723
4.500521	2.661405
4.503854	2.566697
4.507187	2.476369
4.510521	2.390138
4.513854	2.307776
4.517188	2.229085
4.520521	2.153835
4.523854	2.081915
4.527187	2.013152
4.530521	1.947405
4.533854	1.884617
4.537188	1.824645
4.540521	1.767404
4.543854	1.71281
4.547187	1.660718
4.550521	1.611017
4.553854	1.563648
4.557188	1.518442
4.560521	1.475341
4.563854	1.434231
4.567187	1.394999
4.570521	1.357588
4.573854	1.32194
4.577188	1.287971
4.580521	1.255596
4.583854	1.224813
4.587187	1.195482
4.590521	1.167601
4.593854	1.141057
4.597188	1.115851
4.600521	1.091868
4.603854	1.069051
4.607187	1.047401
4.610521	1.026832
4.613854	1.007316
4.617188	0.9888235
4.620521	0.971327
4.623854	0.9547977
4.627188	0.9392928
4.630521	0.924755
4.633854	0.9111845
4.637187	0.8986098
4.640521	0.8869739
4.643854	0.8763337
4.647188	0.8666609
4.650521	0.8579553
4.653854	0.8501885
4.657187	0.8433606
4.660521	0.8375
4.663854	0.8326351
4.667188	0.8288798
4.670521	0.8262909
4.673854	0.8249822
4.677187	0.8250391
4.680521	0.8266038
4.683854	0.8298186
4.687188	0.8347973
4.690521	0.841739
4.693854	0.8507006
4.697187	0.8618813
4.700521	0.8754234
4.703854	0.8914689
4.707188	0.9101888
4.710521	0.9318105
4.713854	0.9564763
4.717187	0.9844423
4.720521	1.015879
4.723854	1.051043
4.727188	1.090104
4.730521	1.133319
4.733854	1.180915
4.737187	1.233092
4.740521	1.290077
4.743854	1.352125
4.747188	1.419352
4.750521	1.491955
4.753854	1.570106
4.757187	1.653862
4.760521	1.743336
4.763854	1.838528
4.767188	1.939439
4.770521	2.04604
4.773854	2.158274
4.777187	2.276084
4.780521	2.399356
4.783854	2.528062
4.787188	2.662117
4.790521	2.801463
4.793854	2.946072
4.797187	3.095945
4.800521	3.251052
4.803854	3.411508
4.807188	3.577426
4.810521	3.749063
4.813854	3.926787
4.817187	4.111141
4.820521	4.302835
4.823854	4.502892
4.827188	4.712538
4.830521	4.933307
4.833854	5.167078
4.837187	5.416069
4.840521	5.682869
4.843854	5.97058
4.847188	6.282644
4.850521	6.623101
4.853854	6.99636
4.857187	7.407457
4.860521	7.861911
4.863854	8.365697
4.867188	8.925244
4.870521	9.547466
4.873854	10.23959
4.877188	11.00907
4.880521	11.86358
4.883854	12.81098
4.887187	13.85906
4.890521	15.01557
4.893854	16.28801
4.897188	17.68343
4.900521	19.20845
4.903854	20.86877
4.907187	22.6692
4.910521	24.61333
4.913854	26.7033
4.917188	28.93975
4.920521	31.32147
4.923854	33.84546
4.927187	36.50673
4.930521	39.29835
4.933854	42.2113
4.937188	45.23459
4.940521	48.35514
4.943854	51.55789
4.947187	54.8257
4.950521	58.13962
4.953854	61.47898
4.957188	64.82158
4.960521	68.1439
4.963854	71.42152
4.967187	74.62942
4.970521	77.7425
4.973854	80.73574
4.977188	83.58488
4.980521	86.26657
4.983854	88.75879
4.987187	91.04099
4.990521	93.09465
4.993854	94.90325
4.997188	96.45265
5.000521	97.73123
5.003854	98.73001
5.007187	99.44279
5.010521	99.86626
5.013854	100
5.017188	99.84646
5.020521	99.41075
5.023854	98.70076
5.027187	97.7267
5.030521	96.50104
5.033854	95.0383
5.037188	93.35465
5.040521	91.46773
5.043854	89.39629
5.047187	87.15983
5.050521	84.77843
5.053854	82.27233
5.057188	79.66176
5.060521	76.96665
5.063854	74.20646
5.067187	71.40004
5.070521	68.56552
5.073854	65.71996
5.077188	62.87955
5.080521	60.0592
5.083854	57.27268
5.087187	54.53229
5.090521	51.84898
5.093854	49.23224
5.097188	46.69007
5.100521	44.22912
5.103854	41.85466
5.107187	39.57084
5.110521	37.38061
5.113854	35.28598
5.117188	33.28802
5.120521	31.38704
5.123854	29.5826
5.127188	27.87358
5.130521	26.25821
5.133854	24.73424
5.137187	23.2989
5.140521	21.94911
5.143854	20.68143
5.147188	19.49226
5.150521	18.37789
5.153854	17.3345
5.157187	16.35833
5.160521	15.4457
5.163854	14.59286
5.167188	13.79625
5.170521	13.05235
5.173854	12.35772
5.177187	11.70904
5.180521	11.10312
5.183854	10.53694
5.187188	10.00764
5.190521	9.512473
5.193854	9.049
5.197187	8.61483
5.200521	8.207887
5.203854	7.826149
5.207188	7.467827
5.210521	7.131183
5.213854	6.814681
5.217187	6.516813
5.220521	6.236271
5.223854	5.971747
5.227188	5.722101
5.230521	5.486254
5.233854	5.263266
5.237187	5.052226
5.240521	4.852368
5.243854	4.663007
5.247188	4.48349
5.250521	4.313219
5.253854	4.151653
5.257187	3.998338
5.260521	3.852847
5.263854	3.714753
5.267188	3.583714
5.270521	3.459389
5.273854	3.341494
5.277187	3.229772
5.280521	3.123968
5.283854	3.023882
5.287188	2.929287
5.290521	2.839984
5.293854	2.755773
5.297187	2.676512
5.300521	2.601946
5.303854	2.53196
5.307188	2.466326
5.310521	2.404875
5.313854	2.347407
5.317187	2.293779
5.320521	2.243765
5.323854	2.197221
5.327188	2.154006
5.330521	2.113892
5.333854	2.076737
5.337187	2.04237
5.340521	2.010592
5.343854	1.98126
5.347188	1.954148
5.350521	1.929055
5.353854	1.905812
5.357187	1.884162
5.360521	1.863934
5.363854	1.844901
5.367188	1.826921
5.370521	1.809766
5.373854	1.793265
5.377188	1.777305
5.380521	1.761686
5.383854	1.746295
5.387187	1.731017
5.390521	1.71574
5.393854	1.700349
5.397188	1.684758
5.400521	1.668912
5.403854	1.652696
5.407187	1.636109
5.410521	1.619097
5.413854	1.601628
5.417188	1.58362
5.420521	1.565099
5.423854	1.546038
5.427187	1.526408
5.430521	1.506208
5.433854	1.485497
5.437188	1.464245
5.440521	1.442538
5.443854	1.420376
5.447187	1.397844
5.450521	1.375027
5.453854	1.351955
5.457188	1.328654
5.460521	1.305183
5.463854	1.281599
5.467187	1.2579
5.470521	1.234145
5.473854	1.210304
5.477188	1.186463
5.480521	1.162565
5.483854	1.138725
5.487187	1.114941
5.490521	1.091271
5.493854	1.067743
5.497188	1.044443
5.500521	1.02137
5.503854	0.9986102
5.507187	0.9761634
5.510521	0.9540865
5.513854	0.9323795
5.517188	0.9110707
5.520521	0.8901603
5.523854	0.8696765
5.527187	0.8496196
5.530521	0.8300178
5.533854	0.8108427
5.537188	0.7921798
5.540521	0.7740289
5.543854	0.7564186
5.547187	0.7392919
5.550521	0.7227342
5.553854	0.7066602
5.557188	0.6910983
5.560521	0.6759631
5.563854	0.6612262
5.567187	0.6468876
5.570521	0.6328619
5.573854	0.6191492
5.577188	0.6057209
5.580521	0.5926056
5.583854	0.5798033
5.587187	0.5673424
5.590521	0.5551659
5.593854	0.5433309
5.597188	0.5318088
5.600521	0.5206281
5.603854	0.5097603
5.607187	0.4991771
5.610521	0.4889067
5.613854	0.4789494
5.617188	0.4692481
5.620521	0.4598313
5.623854	0.4506705
5.627188	0.4417942
5.630521	0.4331455
5.633854	0.4247244
5.637187	0.4165025
5.640521	0.4084512
5.643854	0.4005991
5.647188	0.3928893
5.650521	0.3853502
5.653854	0.3779533
5.657187	0.3706986
5.660521	0.3636431
5.663854	0.3567583
5.667188	0.3501295
5.670521	0.3436999
5.673854	0.3374979
5.677187	0.3315519
5.680521	0.3258335
5.683854	0.3203428
5.687188	0.3150227
5.690521	0.3098733
5.693854	0.3048093
5.697187	0.299859
5.700521	0.2949657
5.703854	0.2901861
5.707188	0.2854635
5.710521	0.2807978
5.713854	0.2762743
5.717187	0.2718361
5.720521	0.2675402
5.723854	0.2633581
5.727188	0.2592899
5.730521	0.2553069
5.733854	0.2514378
5.737187	0.2476255
5.740521	0.2438702
5.743854	0.2401433
5.747188	0.2364733
5.750521	0.2328317
5.753854	0.2292186
5.757187	0.2256624
5.760521	0.2221347
5.763854	0.2187492
5.767188	0.215449
5.770521	0.2122911
5.773854	0.2093039
5.777187	0.2064874
5.780521	0.2038416
5.783854	0.201338
5.787188	0.1989767
5.790521	0.1967007
5.793854	0.1945101
5.797187	0.1923195
5.800521	0.1901573
5.803854	0.1879951
5.807188	0.1858329
5.810521	0.1836708
5.813854	0.1815655
5.817187	0.1794887
5.820521	0.1774688
5.823854	0.1755626
5.827188	0.1737419
5.830521	0.1720064
5.833854	0.1703563
5.837187	0.1688201
5.840521	0.1673407
5.843854	0.1659182
5.847188	0.1645242
5.850521	0.1631586
5.853854	0.161793
5.857187	0.1604274
5.860521	0.1590618
5.863854	0.1576963
5.867188	0.1563876
5.870521	0.1550789
5.873854	0.1538271
5.877188	0.1526322
5.880521	0.1515227
5.883854	0.1504985
5.887187	0.1495597
5.890521	0.1486777
5.893854	0.1478811
5.897188	0.1471414
5.900521	0.1464302
5.903854	0.145719
5.907187	0.1450362
5.910521	0.1443249
5.913854	0.1435852
5.917188	0.1428171
5.920521	0.1420205
5.923854	0.1412239
5.927187	0.1403989
5.930521	0.1395738
5.933854	0.1387488
5.937188	0.1379522
5.940521	0.1371841
5.943854	0.1364444
5.947187	0.1357331
5.950521	0.1351073
5.953854	0.1345383
5.957188	0.1339977
5.960521	0.1334856
5.963854	0.1330304
5.967187	0.1326037
5.970521	0.1321769
5.973854	0.1318071
5.977188	0.1314088
5.980521	0.1309821
5.983854	0.1305553
5.987187	0.1301001
5.990521	0.1296449
5.993854	0.1291613
5.997188	0.1286492
6.000521	0.1281087
6.003854	0.1275397
6.007187	0.1269422
6.010521	0.1263163
6.013854	0.1256904
6.017188	0.1250645
6.020521	0.1244387
6.023854	0.1238128
6.027187	0.1232153
6.030521	0.1226463
6.033854	0.1221058
6.037188	0.1215937
6.040521	0.12111
6.043854	0.1206549
6.047187	0.1202281
6.050521	0.1198583
6.053854	0.1195169
6.057188	0.1192324
6.060521	0.1190048
6.063854	0.1188056
6.067187	0.1186349
6.070521	0.1184642
6.073854	0.1182935
6.077188	0.1180659
6.080521	0.1177814
6.083854	0.11744
6.087187	0.1170418
6.090521	0.1165581
6.093854	0.1160745
6.097188	0.1155339
6.100521	0.1150218
6.103854	0.1145097
6.107187	0.1140545
6.110521	0.1136562
6.113854	0.1133149
6.117188	0.1130304
6.120521	0.1128028
6.123854	0.1126321
6.127188	0.1124614
6.130521	0.1122907
6.133854	0.11212
6.137187	0.1119208
6.140521	0.1116648
6.143854	0.1113518
6.147188	0.110982
6.150521	0.1105552
6.153854	0.1100716
6.157187	0.1095311
6.160521	0.1089621
6.163854	0.1083646
6.167188	0.1077672
6.170521	0.1071413
6.173854	0.1065438
6.177187	0.1059748
6.180521	0.1054343
6.183854	0.1049222
6.187188	0.1044101
6.190521	0.103898
6.193854	0.1033859
6.197187	0.1028454
6.200521	0.1022195
6.203854	0.1015652
6.207188	0.100797
6.210521	0.09997198
6.213854	0.09909004
6.217187	0.0981512
6.220521	0.09718391
6.223854	0.09615973
6.227188	0.09513554
6.230521	0.09411136
6.233854	0.09305872
6.237187	0.09203453
6.240521	0.09101035
6.243854	0.08995771
6.247188	0.08896197
6.250521	0.08793779
6.253854	0.08694205
6.257187	0.08594631
6.260521	0.08492213
6.263854	0.08392638
6.267188	0.0829022
6.270521	0.08184956
6.273854	0.08082538
6.277187	0.07974429
6.280521	0.07869165
6.283854	0.07763902
6.287188	0.07658638
6.290521	0.07561909
6.293854	0.07465181
6.297187	0.07379832
6.300521	0.07297328
6.303854	0.07223359
6.307188	0.07157925
6.310521	0.07095336
6.313854	0.07035591
6.317187	0.06978693
6.320521	0.06916103
6.323854	0.06853514
6.327188	0.06785235
6.330521	0.06711266
6.333854	0.06634452
6.337187	0.06557638
6.340521	0.06483669
6.343854	0.0641539
6.347188	0.06355646
6.350521	0.06304437
6.353854	0.06261762
6.357187	0.06227623
6.360521	0.06199173
6.363854	0.06173568
6.367188	0.06150809
6.370521	0.06128049
6.373854	0.06102444
6.377188	0.06073995
6.380521	0.060427
6.383854	0.0600856
6.387187	0.05971576
6.390521	0.05931747
6.393854	0.05889072
6.397188	0.05837863
6.400521	0.05783808
6.403854	0.05724064
6.407187	0.0565863
6.410521	0.05596041
6.413854	0.05530607
6.417188	0.05468018
6.420521	0.05408273
6.423854	0.05357064
6.427187	0.0531439
6.430521	0.0528025
6.433854	0.05254646
6.437188	0.05237576
6.440521	0.05226196
6.443854	0.05220506
6.447187	0.05223351
6.450521	0.05231886
6.453854	0.05246111
6.457188	0.05266025
6.460521	0.05288785
6.463854	0.05317235
6.467187	0.05348529
6.470521	0.05388359
6.473854	0.05436723
6.477188	0.05493622
6.480521	0.05564746
6.483854	0.0564725
6.487187	0.05746824
6.490521	0.05860622
6.493854	0.05991491
6.497188	0.06136584
6.500521	0.06293057
6.503854	0.06458065
6.507187	0.06625917
6.510521	0.0679377
6.513854	0.06961623
6.517188	0.07123785
6.520521	0.07285948
6.523854	0.07442421
6.527187	0.07598894
6.530521	0.07749677
6.533854	0.0790046
6.537188	0.08048398
6.540521	0.08190646
6.543854	0.08327204
6.547187	0.08449538
6.550521	0.08560492
6.553854	0.08651531
6.557188	0.0871981
6.560521	0.08768174
6.563854	0.08790934
6.567187	0.08788089
6.570521	0.08762484
6.573854	0.0871412
6.577188	0.08645841
6.580521	0.08563337
6.583854	0.08469452
6.587187	0.08367034
6.590521	0.08258925
6.593854	0.08145127
6.597188	0.08031328
6.600521	0.0791753
6.603854	0.07800886
6.607187	0.07681398
6.610521	0.07561909
6.613854	0.07439576
6.617188	0.07314398
6.620521	0.07189219
6.623854	0.07066886
6.627188	0.06944553
6.630521	0.06830755
6.633854	0.06722646
6.637187	0.06625917
6.640521	0.06532034
6.643854	0.06446685
6.647188	0.06367026
6.650521	0.06290212
6.653854	0.06213398
6.657187	0.06136584
6.660521	0.06056925
6.663854	0.05971576
6.667188	0.05880537
6.670521	0.05783808
6.673854	0.0568139
6.677187	0.05573281
6.680521	0.05465173
6.683854	0.05351374
6.687188	0.05237576
6.690521	0.05123777
6.693854	0.05012824
6.697187	0.0490756
6.700521	0.04805141
6.703854	0.04708412
6.707188	0.04614529
6.710521	0.0452918
6.713854	0.04449521
6.717187	0.04378397
6.720521	0.04312963
6.723854	0.04256063
6.727188	0.04204854
6.730521	0.0416218
6.733854	0.0412804
6.737187	0.0410528
6.740521	0.04093901
6.743854	0.04091056
6.747188	0.04099591
6.750521	0.0411666
6.753854	0.0414511
6.757187	0.04179249
6.760521	0.04221924
6.763854	0.04270288
6.767188	0.04321498
6.770521	0.04378397
6.773854	0.04435296
6.777187	0.04492195
6.780521	0.04549095
6.783854	0.04605994
6.787188	0.04662893
6.790521	0.04719792
6.793854	0.04776692
6.797187	0.04830746
6.800521	0.04879111
6.803854	0.0492463
6.807188	0.04964459
6.810521	0.04992909
6.813854	0.05012824
6.817187	0.05021359
6.820521	0.05018514
6.823854	0.05001444
6.827188	0.04975839
6.830521	0.049417
6.833854	0.04899025
6.837187	0.04850661
6.840521	0.04796606
6.843854	0.04734017
6.847188	0.04662893
6.850521	0.04583234
6.853854	0.04492195
6.857187	0.04389777
6.860521	0.04273133
6.863854	0.0413942
6.867188	0.03991482
6.870521	0.03826474
6.873854	0.03647242
6.877188	0.03456629
6.880521	0.03254637
6.883854	0.0304411
6.887187	0.02822203
6.890521	0.02600296
6.893854	0.02372699
6.897188	0.02147947
6.900521	0.01928884
6.903854	0.01718357
6.907187	0.01522055
6.910521	0.01342822
6.913854	0.01183504
6.917188	0.01046946
6.920521	0.009359926
6.923854	0.008563337
6.927187	0.008022794
6.930521	0.007766748
6.933854	0.007823647
6.937188	0.008136592
6.940521	0.008677135
6.943854	0.009473725
6.947187	0.01044101
6.950521	0.011579
6.953854	0.01285923
6.957188	0.01425326
6.960521	0.01573264
6.963854	0.01724047
6.967187	0.01877675
6.970521	0.02034148
6.973854	0.02193466
6.977188	0.02352784
6.980521	0.02517792
6.983854	0.02685644
6.987187	0.02859187
6.990521	0.0303842
6.993854	0.03229032
6.997188	0.0342818
7.000521	0.03630172
7.003854	0.03840699
7.007187	0.04051226
7.010521	0.04261753
7.013854	0.04466591
7.017188	0.04662893
7.020521	0.04847816
7.023854	0.05024204
7.027187	0.05186366
7.030521	0.05334304
7.033854	0.05470863
7.037188	0.05593196
7.040521	0.05701305
7.043854	0.05795188
7.047187	0.05872002
7.050521	0.05931747
7.053854	0.05971576
7.057188	0.05991491
7.060521	0.05988646
7.063854	0.05965886
7.067187	0.05926057
7.070521	0.05866312
7.073854	0.05792343
7.077188	0.05701305
7.080521	0.05598886
7.083854	0.05485087
7.087187	0.05357064
7.090521	0.05220506
7.093854	0.05069723
7.097188	0.0490756
7.100521	0.04736862
7.103854	0.04557629
7.107187	0.04369862
7.110521	0.04179249
7.113854	0.03988637
7.117188	0.0379518
7.120521	0.03607412
7.123854	0.03425335
7.127188	0.03251792
7.130521	0.03083939
7.133854	0.02927466
7.137187	0.02782373
7.140521	0.02651505
7.143854	0.02534861
7.147188	0.02435288
7.150521	0.02349939
7.153854	0.02284505
7.157187	0.02230451
7.160521	0.02190621
7.163854	0.02162171
7.167188	0.02145102
7.170521	0.02133722
7.173854	0.02128032
7.177187	0.02128032
7.180521	0.02133722
7.183854	0.02142257
7.187188	0.02162171
7.190521	0.02184931
7.193854	0.02216226
7.197187	0.0225321
7.200521	0.02301575
7.203854	0.02352784
7.207188	0.02412528
7.210521	0.02477962
7.213854	0.02546241
7.217187	0.02617365
7.220521	0.02691334
7.223854	0.02765303
7.227188	0.02842117
7.230521	0.02918931
7.233854	0.029929
7.237187	0.03066869
7.240521	0.03137994
7.243854	0.03203428
7.247188	0.03268862
7.250521	0.03325761
7.253854	0.03379815
7.257187	0.0342818
7.260521	0.03470854
7.263854	0.03510684
7.267188	0.03544823
7.270521	0.03573273
7.273854	0.03596032
7.277187	0.03618792
7.280521	0.03638707
7.283854	0.03658622
7.287188	0.03678536
7.290521	0.03698451
7.293854	0.03721211
7.297187	0.03746815
7.300521	0.03775265
7.303854	0.03803715
7.307188	0.03835009
7.310521	0.03869149
7.313854	0.03900443
7.317187	0.03931738
7.320521	0.03965877
7.323854	0.03997172
7.327188	0.04025622
7.330521	0.04051226
7.333854	0.04071141
7.337187	0.04091056
7.340521	0.04108125
7.343854	0.04119505
7.347188	0.04130885
7.350521	0.04136575
7.353854	0.0413942
7.357187	0.0413942
7.360521	0.0413942
7.363854	0.04136575
7.367188	0.0413373
7.370521	0.04130885
7.373854	0.04125195
7.377188	0.04119505
7.380521	0.04113815
7.383854	0.04108125
7.387187	0.04096746
7.390521	0.04085366
7.393854	0.04065451
7.397188	0.04039847
7.400521	0.04008552
7.403854	0.03971567
7.407187	0.03928893
7.410521	0.03880529
7.413854	0.03829319
7.417188	0.03775265
7.420521	0.03718366
7.423854	0.03664312
7.427187	0.03613102
7.430521	0.03561893
7.433854	0.03513529
7.437188	0.03468009
7.440521	0.0342249
7.443854	0.03379815
7.447187	0.03334296
7.450521	0.03285932
7.453854	0.03234722
7.457188	0.03183513
7.460521	0.03129459
7.463854	0.03075404
7.467187	0.0302135
7.470521	0.02970141
7.473854	0.02924621
7.477188	0.02881947
7.480521	0.02847807
7.483854	0.02819358
7.487187	0.02796598
7.490521	0.02782373
7.493854	0.02773838
7.497188	0.02768148
7.500521	0.02768148
7.503854	0.02770993
7.507187	0.02773838
7.510521	0.02782373
7.513854	0.02793753
7.517188	0.02802288
7.520521	0.02813668
7.523854	0.02825048
7.527187	0.02836427
7.530521	0.02847807
7.533854	0.02853497
7.537188	0.02859187
7.540521	0.02856342
7.543854	0.02847807
7.547187	0.02833582
7.550521	0.02813668
7.553854	0.02785218
7.557188	0.02753923
7.560521	0.02719784
7.563854	0.02682799
7.567187	0.0264866
7.570521	0.02617365
7.573854	0.02591761
7.577188	0.02571846
7.580521	0.02560466
7.583854	0.02560466
7.587187	0.02566156
7.590521	0.02577536
7.593854	0.02591761
7.597188	0.0260883
7.600521	0.026259
7.603854	0.02640125
7.607187	0.0264866
7.610521	0.02651505
7.613854	0.02651505
7.617188	0.02645815
7.620521	0.02634435
7.623854	0.026259
7.627188	0.0261452
7.630521	0.02605986
7.633854	0.02600296
7.637187	0.02594606
7.640521	0.02591761
7.643854	0.02588916
7.647188	0.02588916
7.650521	0.02588916
7.653854	0.02586071
7.657187	0.02583226
7.660521	0.02577536
7.663854	0.02569001
7.667188	0.02560466
7.670521	0.02549086
7.673854	0.02534861
7.677187	0.02520637
7.680521	0.02506412
7.683854	0.02495032
7.687188	0.02483652
7.690521	0.02477962
7.693854	0.02475117
7.697187	0.02480807
7.700521	0.02489342
7.703854	0.02500722
7.707188	0.02514947
7.710521	0.02526327
7.713854	0.02532016
7.717187	0.02526327
7.720521	0.02512102
7.723854	0.02486497
7.727188	0.02452358
7.730521	0.02406838
7.733854	0.02361319
7.737187	0.02312954
7.740521	0.02267435
7.743854	0.02230451
7.747188	0.02199156
7.750521	0.02179241
7.753854	0.02165016
7.757187	0.02162171
7.760521	0.02162171
7.763854	0.02165016
7.767188	0.02167861
7.770521	0.02167861
7.773854	0.02165016
7.777187	0.02159326
7.780521	0.02150792
7.783854	0.02142257
7.787188	0.02133722
7.790521	0.02128032
7.793854	0.02125187
7.797187	0.02128032
7.800521	0.02130877
7.803854	0.02136567
7.807188	0.02139412
7.810521	0.02136567
7.813854	0.02128032
7.817187	0.02113807
7.820521	0.02091047
7.823854	0.02065443
7.827188	0.02034148
7.830521	0.02000008
7.833854	0.01968714
7.837187	0.01943109
7.840521	0.01917505
7.843854	0.01900435
7.847188	0.0188621
7.850521	0.01877675
7.853854	0.0187483
7.857187	0.01871985
7.860521	0.0187483
7.863854	0.01877675
7.867188	0.01883365
7.870521	0.01889055
7.873854	0.01900435
7.877188	0.01911815
7.880521	0.01923195
7.883854	0.01937419
7.887187	0.01948799
7.890521	0.01957334
7.893854	0.01965869
7.897188	0.01968714
7.900521	0.01965869
7.903854	0.01957334
7.907187	0.01940264
7.910521	0.01917505
7.913854	0.018919
7.917188	0.01866295
7.920521	0.01840691
7.923854	0.01820776
7.927187	0.01806551
7.930521	0.01798016
7.933854	0.01798016
7.937188	0.01806551
7.940521	0.01817931
7.943854	0.01835001
7.947187	0.01849226
7.950521	0.0185776
7.953854	0.0186345
7.957188	0.0186345
7.960521	0.0185776
7.963854	0.01843536
7.967187	0.01829311
7.970521	0.01809396
7.973854	0.01789481
7.977188	0.01772412
7.980521	0.01761032
7.983854	0.01752497
7.987187	0.01752497
7.990521	0.01758187
7.993854	0.01766722
7.997188	0.01780946
8.000521	0.01798016
8.003854	0.01817931
8.007188	0.01835001
8.010521	0.01849226
8.013854	0.01860605
8.017187	0.01866295
8.020521	0.01866295
8.023854	0.01860605
8.027187	0.01849226
8.03052	0.01835001
8.033854	0.01812241
8.037188	0.01789481
8.040521	0.01763877
8.043854	0.01735427
8.047188	0.01712667
8.050521	0.01689908
8.053854	0.01669993
8.057187	0.01658613
8.060521	0.01652923
8.063854	0.01655768
8.067187	0.01667148
8.07052	0.01687063
8.073854	0.01712667
8.077188	0.01743962
8.080521	0.01778101
8.083854	0.01815086
8.087188	0.01849226
8.090521	0.0188052
8.093854	0.01906125
8.097187	0.01928884
8.100521	0.01945954
8.103854	0.01954489
8.107187	0.01957334
8.11052	0.01957334
8.113854	0.01954489
8.117188	0.01948799
8.120521	0.01940264
8.123855	0.01934574
8.127188	0.01928884
8.130521	0.01928884
8.133854	0.01928884
8.137188	0.01928884
8.140521	0.01928884
8.143854	0.01931729
8.147187	0.01931729
8.150521	0.01934574
8.153854	0.01937419
8.157187	0.01940264
8.160521	0.01943109
8.163855	0.01948799
8.167188	0.01957334
8.170521	0.01965869
8.173854	0.01974404
8.177188	0.01982939
8.180521	0.01988629
8.183854	0.01991474
8.187187	0.01991474
8.190521	0.01991474
8.193854	0.01991474
8.197187	0.01991474
8.200521	0.01991474
8.203855	0.01988629
8.207188	0.01988629
8.210521	0.01991474
8.213854	0.01994319
8.217188	0.01997164
8.220521	0.02000008
8.223854	0.02002853
8.227187	0.02008543
8.230521	0.02017078
8.233854	0.02028458
8.237187	0.02039838
8.24052	0.02051218
8.243855	0.02059753
8.247188	0.02065443
8.250521	0.02065443
8.253854	0.02062598
8.257188	0.02054063
8.260521	0.02039838
8.263854	0.02025613
8.267187	0.02014233
8.270521	0.02000008
8.273854	0.01991474
8.277187	0.01982939
8.28052	0.01974404
8.283854	0.01965869
8.287188	0.01957334
8.290521	0.01943109
8.293854	0.01928884
8.297188	0.0190897
8.300521	0.01889055
8.303854	0.0186914
8.307187	0.01849226
8.310521	0.01829311
8.313854	0.01812241
8.317187	0.01798016
8.32052	0.01783791
8.323854	0.01769567
8.327188	0.01755342
8.330521	0.01741117
8.333854	0.01726892
8.337188	0.01712667
8.340521	0.01701287
8.343854	0.01689908
8.347187	0.01681373
8.350521	0.01675683
8.353854	0.01675683
8.357187	0.01675683
8.36052	0.01678528
8.363854	0.01681373
8.367188	0.01684218
8.370521	0.01687063
8.373855	0.01689908
8.377188	0.01689908
8.380521	0.01689908
8.383854	0.01692753
8.387188	0.01692753
8.390521	0.01692753
8.393854	0.01692753
8.397187	0.01692753
8.400521	0.01689908
8.403854	0.01687063
8.407187	0.01681373
8.410521	0.01675683
8.413855	0.01667148
8.417188	0.01655768
8.420521	0.01647233
8.423854	0.01638698
8.427188	0.01633008
8.430521	0.01627318
8.433854	0.01621629
8.437187	0.01618784
8.440521	0.01613094
8.443854	0.01610249
8.447187	0.01607404
8.450521	0.01601714
8.453855	0.01596024
8.457188	0.01590334
8.460521	0.01584644
8.463854	0.01576109
8.467188	0.01570419
8.470521	0.01564729
8.473854	0.01559039
8.477187	0.01556194
8.480521	0.01556194
8.483854	0.01556194
8.487187	0.01561884
8.49052	0.01564729
8.493855	0.01573264
8.497188	0.01581799
8.500521	0.01590334
8.503854	0.01604559
8.507188	0.01615939
8.510521	0.01630163
8.513854	0.01647233
8.517187	0.01664303
8.520521	0.01687063
8.523854	0.01709822
8.527187	0.01738272
8.53052	0.01769567
8.533854	0.01803706
8.537188	0.01840691
8.540521	0.01877675
8.543854	0.01917505
8.547188	0.01954489
8.550521	0.01985784
8.553854	0.02014233
8.557187	0.02036993
8.560521	0.02051218
8.563854	0.02056908
8.567187	0.02054063
8.57052	0.02042683
8.573854	0.02025613
8.577188	0.02002853
8.580521	0.01977249
8.583854	0.01951644
8.587188	0.01926039
8.590521	0.01906125
8.593854	0.018919
8.597187	0.0188621
8.600521	0.01889055
8.603854	0.0189759
8.607187	0.0191466
8.61052	0.01931729
8.613854	0.01951644
8.617188	0.01968714
8.620521	0.01982939
8.623855	0.01994319
8.627188	0.02000008
8.630521	0.02000008
8.633854	0.01997164
8.637188	0.01991474
8.640521	0.01982939
8.643854	0.01974404
8.647187	0.01963024
8.650521	0.01948799
8.653854	0.01931729
8.657187	0.0190897
8.660521	0.0188052
8.663855	0.01849226
8.667188	0.01809396
8.670521	0.01766722
8.673854	0.01721202
8.677188	0.01675683
8.680521	0.01627318
8.683854	0.01584644
8.687187	0.01547659
8.690521	0.01516365
8.693854	0.0149645
8.697187	0.01482225
8.700521	0.0147938
8.703855	0.0148507
8.707188	0.01499295
8.710521	0.0151352
8.713854	0.01533435
8.717188	0.01547659
8.720521	0.01559039
8.723854	0.01564729
8.727187	0.01559039
8.730521	0.01547659
8.733854	0.01522055
8.737187	0.01487915
8.74052	0.01445241
8.743855	0.01399721
8.747188	0.01348512
8.750521	0.01300148
8.753854	0.01251783
8.757188	0.01211954
8.760521	0.01180659
8.763854	0.011579
8.767187	0.0114652
8.770521	0.0114083
8.773854	0.0114652
8.777187	0.01155055
8.78052	0.0116928
8.783854	0.01186349
8.787188	0.01203419
8.790521	0.01220489
8.793854	0.01234714
8.797188	0.01251783
8.800521	0.01266008
8.803854	0.01283078
8.807187	0.01297303
8.810521	0.01311528
8.813854	0.01325752
8.817187	0.01337132
8.82052	0.01348512
8.823854	0.01359892
8.827188	0.01368427
8.830521	0.01374117
8.833854	0.01374117
8.837188	0.01371272
8.840521	0.01368427
8.843854	0.01362737
8.847187	0.01354202
8.850521	0.01342822
8.853854	0.01328597
8.857187	0.01317218
8.86052	0.01302993
8.863854	0.01291613
8.867188	0.01283078
8.870521	0.01280233
8.873855	0.01280233
8.877188	0.01283078
8.880521	0.01291613
8.883854	0.01302993
8.887188	0.01317218
8.890521	0.01328597
8.893854	0.01342822
8.897187	0.01354202
8.900521	0.01362737
8.903854	0.01368427
8.907187	0.01371272
8.910521	0.01368427
8.913855	0.01365582
8.917188	0.01357047
8.920521	0.01345667
8.923854	0.01328597
8.927188	0.01308683
8.930521	0.01283078
8.933854	0.01257473
8.937187	0.01231869
8.940521	0.01211954
8.943854	0.01194884
8.947187	0.01183504
8.950521	0.01177814
8.953855	0.01177814
8.957188	0.01183504
8.960521	0.01189194
8.963854	0.01200574
8.967188	0.01209109
8.970521	0.01214799
8.973854	0.01220489
8.977187	0.01223334
8.980521	0.01223334
8.983854	0.01226179
8.987187	0.01226179
8.99052	0.01229024
8.993855	0.01231869
8.997188	0.01234714
9.000521	0.01237559
9.003854	0.01240404
9.007188	0.01240404
9.010521	0.01240404
9.013854	0.01234714
9.017187	0.01226179
9.020521	0.01217644
9.023854	0.01203419
9.027187	0.01192039
9.03052	0.01180659
9.033854	0.01174969
9.037188	0.01172124
9.040521	0.01174969
9.043854	0.01186349
9.047188	0.01200574
9.050521	0.01220489
9.053854	0.01243249
9.057187	0.01263163
9.060521	0.01280233
9.063854	0.01294458
9.067187	0.01302993
9.07052	0.01305838
9.073854	0.01305838
9.077188	0.01300148
9.080521	0.01294458
9.083854	0.01288768
9.087188	0.01283078
9.090521	0.01277388
9.093854	0.01271698
9.097187	0.01263163
9.100521	0.01251783
9.103854	0.01240404
9.107187	0.01229024
9.11052	0.01214799
9.113854	0.01203419
9.117188	0.01194884
9.120521	0.01189194
9.123855	0.01192039
9.127188	0.01200574
9.130521	0.01217644
9.133854	0.01237559
9.137188	0.01260318
9.140521	0.01280233
9.143854	0.01297303
9.147187	0.01308683
9.150521	0.01317218
9.153854	0.01314373
9.157187	0.01308683
9.160521	0.01294458
9.163855	0.01274543
9.167188	0.01254628
9.170521	0.01237559
9.173854	0.01217644
9.177188	0.01203419
9.180521	0.01192039
9.183854	0.01183504
9.187187	0.01177814
9.190521	0.01174969
9.193854	0.01174969
9.197187	0.01174969
9.200521	0.01177814
9.203855	0.01183504
9.207188	0.01189194
9.210521	0.01194884
9.213854	0.01200574
9.217188	0.01206264
9.220521	0.01211954
9.223854	0.01220489
9.227187	0.01226179
9.230521	0.01231869
9.233854	0.01231869
9.237187	0.01229024
9.24052	0.01223334
9.243855	0.01209109
9.247188	0.01192039
9.250521	0.01172124
9.253854	0.01149365
9.257188	0.01126605
9.260521	0.0110669
9.263854	0.01086776
9.267187	0.01069706
9.270521	0.01058326
9.273854	0.01052636
9.277187	0.01052636
9.28052	0.01055481
9.283854	0.01058326
9.287188	0.01066861
9.290521	0.01075396
9.293854	0.01086776
9.297188	0.01098155
9.300521	0.0111238
9.303854	0.01126605
9.307187	0.0114083
9.310521	0.011579
9.313854	0.01172124
9.317187	0.01183504
9.32052	0.01197729
9.323854	0.01209109
9.327188	0.01217644
9.330521	0.01223334
9.333854	0.01223334
9.337188	0.01220489
9.340521	0.01211954
9.343854	0.01200574
9.347187	0.01183504
9.350521	0.0116359
9.353854	0.0114083
9.357187	0.01115225
9.36052	0.01089621
9.363854	0.01064016
9.367188	0.01044101
9.370521	0.01027031
9.373855	0.01015652
9.377188	0.01004272
9.380521	0.009985818
9.383854	0.009928919
9.387188	0.009928919
9.390521	0.009928919
9.393854	0.009957368
9.397187	0.01001427
9.400521	0.01007117
9.403854	0.01009962
9.407187	0.01015652
9.410521	0.01024186
9.413855	0.01029876
9.417188	0.01035566
9.420521	0.01035566
9.423854	0.01035566
9.427188	0.01027031
9.430521	0.01015652
9.433854	0.01001427
9.437187	0.009872019
9.440521	0.009672872
9.443854	0.009502174
9.447187	0.009303027
9.450521	0.009132329
9.453855	0.008961631
9.457188	0.008847833
9.460521	0.008790934
9.463854	0.008762484
9.467188	0.008762484
9.470521	0.008790934
9.473854	0.008876283
9.477187	0.008990081
9.480521	0.00910388
9.483854	0.009246128
9.487187	0.009388376
9.49052	0.009530624
9.493855	0.009644423
9.497188	0.009729771
9.500521	0.00981512
9.503854	0.009872019
9.507188	0.009900469
9.510521	0.009928919
9.513854	0.009900469
9.517187	0.009872019
9.520521	0.00981512
9.523854	0.009758221
9.527187	0.009672872
9.53052	0.009644423
9.533854	0.009615973
9.537188	0.009644423
9.540521	0.009729771
9.543854	0.00984357
9.547188	0.01001427
9.550521	0.01021341
9.553854	0.01038411
9.557187	0.01055481
9.560521	0.01066861
9.563854	0.01072551
9.567187	0.01072551
9.57052	0.01069706
9.573854	0.01061171
9.577188	0.01049791
9.580521	0.01038411
9.583854	0.01029876
9.587188	0.01021341
9.590521	0.01012807
9.593854	0.01007117
9.597187	0.01001427
9.600521	0.009985818
9.603854	0.009957368
9.607187	0.009985818
9.61052	0.01004272
9.613854	0.01009962
9.617188	0.01021341
9.620521	0.01032721
9.623855	0.01049791
9.627188	0.01064016
9.630521	0.01078241
9.633854	0.01086776
9.637188	0.01092466
9.640521	0.01089621
9.643854	0.01078241
9.647187	0.01061171
9.650521	0.01038411
9.653854	0.01009962
9.657187	0.009758221
9.660521	0.009416826
9.663855	0.00907543
9.667188	0.008762484
9.670521	0.008449538
9.673854	0.008221941
9.677188	0.007994345
9.680521	0.007823647
9.683854	0.007681399
9.687187	0.007624499
9.690521	0.0075676
9.693854	0.00759605
9.697187	0.007652949
9.700521	0.007766748
9.703855	0.007937445
9.707188	0.008136592
9.710521	0.008364189
9.713854	0.008591786
9.717188	0.008790934
9.720521	0.008961631
9.723854	0.00907543
9.727187	0.00910388
9.730521	0.00907543
9.733854	0.008990081
9.737187	0.008876283
9.74052	0.008734034
9.743855	0.008620236
9.747188	0.008534887
9.750521	0.008506437
9.753854	0.008534887
9.757188	0.008620236
9.760521	0.008705585
9.763854	0.008847833
9.767187	0.008961631
9.770521	0.00904698
9.773854	0.00910388
9.777187	0.009160779
9.78052	0.009189228
9.783854	0.009189228
9.787188	0.009189228
9.790521	0.009217678
9.793854	0.009246128
9.797188	0.009303027
9.800521	0.009359926
9.803854	0.009445275
9.807187	0.009530624
9.810521	0.009615973
9.813854	0.009672872
9.817187	0.009729771
9.82052	0.009758221
9.823854	0.009786671
9.827188	0.009786671
9.830521	0.009758221
9.833854	0.009701322
9.837188	0.009587523
9.840521	0.009473725
9.843854	0.009303027
9.847187	0.009132329
9.850521	0.008961631
9.853854	0.008819383
9.857187	0.008734034
9.86052	0.008705585
9.863854	0.008762484
9.867188	0.008933182
9.870521	0.009132329
9.873855	0.009416826
9.877188	0.009701322
9.880521	0.009985818
9.883854	0.01027031
9.887188	0.01046946
9.890521	0.01061171
9.893854	0.01064016
9.897187	0.01058326
9.900521	0.01046946
9.903854	0.01027031
9.907187	0.01007117
9.910521	0.009872019
9.913855	0.009672872
9.917188	0.009530624
9.920521	0.009416826
9.923854	0.009359926
9.927188	0.009331477
9.930521	0.009359926
9.933854	0.009388376
9.937187	0.009388376
9.940521	0.009388376
9.943854	0.009331477
9.947187	0.009274577
9.950521	0.009160779
9.953855	0.00904698
9.957188	0.008904732
9.960521	0.008734034
9.963854	0.008591786
9.967188	0.008421089
9.970521	0.008278841
9.973854	0.008108143
9.977187	0.007994345
9.980521	0.007852096
9.983854	0.007738298
9.987187	0.007624499
9.99052	0.007539151
9.993855	0.007453802
9.997188	0.007368453
}
[PEAK]
{
Peak ID	1
Peak Ref	1
Time	3.971784
Peak	3.120521	4.133854
Intensity	-1.782179e-05	8.499623e-05
Height	0.00592564
AreaAbs	1740.542
Area %BP	0.07738849
Area %Total	0.06388909
Width	1.013334
}
[PEAK]
{
Peak ID	2
Peak Ref	2
Time	4.325745
Peak	4.133854	4.673854
Intensity	-1.782179e-05	8.499623e-05
Height	0.03101116
AreaAbs	6147.801
Area %BP	0.2733453
Area %Total	0.2256638
Width	0.54
}
[PEAK]
{
Peak ID	3
Peak Ref	3
Time	5.013756
Peak	4.673854	6.047187
Intensity	-1.782179e-05	8.499623e-05
Height	0.2094441
AreaAbs	37484.95
Area %BP	1.666667
Area %Total	1.375939
Width	1.373333
}
[PEAK]
{
Peak ID	4
Peak Ref	4
Time	6.186769
Peak	6.047187	6.447187
Intensity	-1.782179e-05	8.499623e-05
Height	0.0001174987
AreaAbs	32.01465
Area %BP	0.001423445
Area %Total	0.001175143
Width	0.4000001
}
}
}
}
