[SAMPLE]
{
Sample	1
Well	7
FileName	
SampleID	ASD-E-2602034-005
SampleDescription	Aquired with Galaxy
Date	12-Feb-2026
Time	22:50:16 PRC
JobCode	
TaskCode	
UserName	Congcong_Liu2
LabName	Aquired with Galaxy
Instrument	BAD_L_17_186
Conditions	
Submitter	Siyu_Zhang
SampleType	
Plate	
Method	
Process	Galaxy
MSTune	
MSMethod	
InletMethod	
PreRunMethod	
PostRunMethod	
SwitchMethod	
FractionMethod	
AcquisitionProcess	
AcquisitionProcessParameters	
AcquisitionProcessOptions	
InjectionVolume	25
ReportScheme	
SampleReportEnable	0
SampleReportFormat	
AnalysisTime	0
[COMPOUND]
{
;Mono Mass	Formula
}
[FUNCTION]
{
Function	1
IonMode	ES+
Type	MS
Description	(0:0)
[SPECTRUM]
{
ProcDesc	0.00:Combine
State	OK
Peak ID	0
Peak Ref	0
Time	0
TIC	0
BPI	0
BPM	0
Continuum	FALSE
Saved	FALSE
[MASSES]
{
;Mass	Exp. Mass	Obs. Mass	% BPI	Int. Abs
}
[RESULTS]
{
;Mass	Found	% BPI	% Purity
}
[MS]
{
;Mass	% BPI
0	0
}
}
[CHROMATOGRAM]
{
TraceNumber	1
Description	scroll down chrom view to see 2D LC chrom
ProcDesc	
MaxIntensity	0
[TRACE]
{
0	0
}
[PEAK]
{
Peak ID	0
Peak Ref	0
Time	0
Peak	0
Intensity	0	0
Height	0
AreaAbs	0
Area %BP	0
Area %Total	0
}
}
}
[FUNCTION]
{
Function	0
Description	ANALOG
[CHROMATOGRAM]
{
TraceNumber	2
Description	LC
ProcDesc	Result Id:2611, VWD: Signal A, 280 nm
MaxIntensity	0.2204195
[TRACE]
{
;Time	Int. %Max
0.0007291667	0.003028642
0.0040625	0.0030016
0.007395833	0.0030016
0.01072917	0.0030016
0.0140625	0.003028642
0.01739583	0.003055683
0.02072917	0.003109766
0.0240625	0.003136808
0.02739583	0.003163849
0.03072917	0.003163849
0.0340625	0.003136808
0.03739583	0.003109766
0.04072917	0.003055683
0.0440625	0.0030016
0.04739583	0.002947517
0.05072917	0.002920476
0.0540625	0.002947517
0.05739583	0.003028642
0.06072917	0.003136808
0.0640625	0.003299056
0.06739584	0.003488347
0.07072917	0.003677637
0.0740625	0.003866927
0.07739583	0.004056217
0.08072916	0.004218466
0.0840625	0.004380714
0.08739583	0.004515922
0.09072917	0.004624087
0.0940625	0.004732253
0.09739583	0.004786336
0.1007292	0.004840419
0.1040625	0.004867461
0.1073958	0.004894502
0.1107292	0.004867461
0.1140625	0.004840419
0.1173958	0.004759295
0.1207292	0.004705212
0.1240625	0.004624087
0.1273958	0.004570005
0.1307292	0.004515922
0.1340625	0.00448888
0.1373958	0.00448888
0.1407292	0.004461839
0.1440625	0.004461839
0.1473958	0.004461839
0.1507292	0.004461839
0.1540625	0.004434797
0.1573958	0.004407756
0.1607292	0.004380714
0.1640625	0.004326632
0.1673958	0.00429959
0.1707292	0.004245507
0.1740625	0.004218466
0.1773958	0.004164383
0.1807292	0.0041103
0.1840625	0.004029176
0.1873958	0.003975093
0.1907292	0.003866927
0.1940625	0.003785802
0.1973958	0.003650595
0.2007292	0.003542429
0.2040625	0.003407222
0.2073958	0.003272015
0.2107292	0.003109766
0.2140625	0.002947517
0.2173958	0.002785269
0.2207292	0.002623021
0.2240625	0.002460772
0.2273958	0.002325565
0.2307292	0.002190358
0.2340625	0.002109233
0.2373958	0.002028109
0.2407292	0.002001067
0.2440625	0.001974026
0.2473958	0.001946985
0.2507292	0.001919943
0.2540625	0.001892902
0.2573958	0.001892902
0.2607292	0.00186586
0.2640625	0.00186586
0.2673958	0.001838819
0.2707292	0.00186586
0.2740625	0.001892902
0.2773958	0.001919943
0.2807292	0.002001067
0.2840625	0.00205515
0.2873958	0.002136275
0.2907292	0.002190358
0.2940625	0.002217399
0.2973958	0.002244441
0.3007292	0.002244441
0.3040625	0.002217399
0.3073958	0.002190358
0.3107292	0.002163316
0.3140625	0.002136275
0.3173958	0.002136275
0.3207292	0.002136275
0.3240625	0.002136275
0.3273958	0.002163316
0.3307292	0.002190358
0.3340625	0.002217399
0.3373958	0.002217399
0.3407292	0.002244441
0.3440625	0.002244441
0.3473958	0.002271482
0.3507292	0.002298523
0.3540625	0.002325565
0.3573958	0.002352606
0.3607292	0.002379648
0.3640625	0.002433731
0.3673958	0.002460772
0.3707292	0.002487814
0.3740625	0.002514855
0.3773958	0.002541897
0.3807292	0.002568938
0.3840625	0.002595979
0.3873958	0.002623021
0.3907292	0.002650062
0.3940625	0.002704144
0.3973958	0.002758227
0.4007292	0.002785269
0.4040625	0.00281231
0.4073958	0.002839352
0.4107292	0.00281231
0.4140625	0.002758227
0.4173958	0.002677103
0.4207292	0.002568938
0.4240625	0.002487814
0.4273958	0.002406689
0.4307292	0.002379648
0.4340625	0.002406689
0.4373958	0.002487814
0.4407292	0.002623021
0.4440625	0.002839352
0.4473958	0.003082725
0.4507292	0.003326098
0.4540625	0.003569471
0.4573958	0.003758761
0.4607292	0.003866927
0.4640625	0.003893968
0.4673958	0.003839885
0.4707292	0.003704678
0.4740625	0.003515388
0.4773958	0.003272015
0.4807292	0.003028642
0.4840625	0.00281231
0.4873958	0.002623021
0.4907292	0.002487814
0.4940625	0.002406689
0.4973958	0.002379648
0.5007291	0.002433731
0.5040625	0.002541897
0.5073958	0.002677103
0.5107292	0.00281231
0.5140625	0.002974559
0.5173959	0.003082725
0.5207292	0.003163849
0.5240625	0.003244973
0.5273958	0.003272015
0.5307292	0.003272015
0.5340625	0.003299056
0.5373958	0.003299056
0.5407292	0.003353139
0.5440625	0.003407222
0.5473958	0.003488347
0.5507292	0.003596512
0.5540625	0.003677637
0.5573958	0.003704678
0.5607291	0.003704678
0.5640625	0.003623554
0.5673958	0.003488347
0.5707292	0.003272015
0.5740625	0.0030016
0.5773959	0.002704144
0.5807292	0.002433731
0.5840625	0.002190358
0.5873958	0.002028109
0.5907292	0.001946985
0.5940625	0.001974026
0.5973958	0.002082192
0.6007292	0.002298523
0.6040625	0.002568938
0.6073958	0.002893435
0.6107292	0.003217932
0.6140625	0.003542429
0.6173958	0.003839885
0.6207291	0.004056217
0.6240625	0.004245507
0.6273958	0.004326632
0.6307291	0.004353673
0.6340625	0.004326632
0.6373959	0.004272549
0.6407292	0.004164383
0.6440625	0.004056217
0.6473958	0.003948051
0.6507292	0.003839885
0.6540625	0.003758761
0.6573958	0.003650595
0.6607292	0.003542429
0.6640625	0.003407222
0.6673958	0.003244973
0.6707292	0.003055683
0.6740625	0.002839352
0.6773958	0.002623021
0.6807292	0.002406689
0.6840625	0.002244441
0.6873958	0.002109233
0.6907291	0.002028109
0.6940625	0.002028109
0.6973959	0.002082192
0.7007292	0.002190358
0.7040625	0.002325565
0.7073959	0.002487814
0.7107292	0.002650062
0.7140625	0.002839352
0.7173958	0.0030016
0.7207292	0.003163849
0.7240625	0.003299056
0.7273958	0.003434264
0.7307292	0.003569471
0.7340625	0.003677637
0.7373958	0.003785802
0.7407292	0.003839885
0.7440625	0.003893968
0.7473958	0.003866927
0.7507291	0.003839885
0.7540625	0.003785802
0.7573958	0.003704678
0.7607292	0.003569471
0.7640625	0.003434264
0.7673959	0.003272015
0.7707292	0.003136808
0.7740625	0.002974559
0.7773958	0.002839352
0.7807292	0.002731186
0.7840625	0.002650062
0.7873958	0.002595979
0.7907292	0.002595979
0.7940625	0.002677103
0.7973958	0.002839352
0.8007292	0.003082725
0.8040625	0.003353139
0.8073958	0.003677637
0.8107291	0.004002134
0.8140625	0.00429959
0.8173958	0.004542963
0.8207292	0.004705212
0.8240625	0.004786336
0.8273959	0.004786336
0.8307292	0.00467817
0.8340625	0.004542963
0.8373958	0.004353673
0.8407292	0.004191424
0.8440625	0.004029176
0.8473958	0.003893968
0.8507292	0.003785802
0.8540625	0.00373172
0.8573958	0.003677637
0.8607292	0.003650595
0.8640625	0.003623554
0.8673958	0.003569471
0.8707291	0.003488347
0.8740625	0.003434264
0.8773958	0.003326098
0.8807291	0.003217932
0.8840625	0.003082725
0.8873959	0.002947517
0.8907292	0.00281231
0.8940625	0.002704144
0.8973958	0.002568938
0.9007292	0.002460772
0.9040625	0.002352606
0.9073958	0.002271482
0.9107292	0.002163316
0.9140625	0.002082192
0.9173958	0.002028109
0.9207292	0.001974026
0.9240625	0.001919943
0.9273958	0.001919943
0.9307292	0.001919943
0.9340625	0.001946985
0.9373958	0.002001067
0.9407291	0.002082192
0.9440625	0.002163316
0.9473959	0.002244441
0.9507292	0.002352606
0.9540625	0.002460772
0.9573959	0.002568938
0.9607292	0.002704144
0.9640625	0.002866393
0.9673958	0.003028642
0.9707292	0.003163849
0.9740625	0.003299056
0.9773958	0.003380181
0.9807292	0.003434264
0.9840625	0.003407222
0.9873958	0.003272015
0.9907292	0.003082725
0.9940625	0.002839352
0.9973958	0.002514855
1.000729	0.002190358
1.004063	0.001838819
1.007396	0.001514321
1.010729	0.001216865
1.014063	0.0009464508
1.017396	0.0007301192
1.020729	0.0005137876
1.024063	0.0003515389
1.027396	0.0002163316
1.030729	0.0001081658
1.034063	5.40829e-05
1.037396	0
1.040729	0
1.044062	2.704145e-05
1.047396	0.0001352073
1.050729	0.0002433731
1.054062	0.0004056218
1.057396	0.0005949119
1.060729	0.0007842021
1.064062	0.001000534
1.067396	0.001243907
1.070729	0.001460238
1.074062	0.00167657
1.077396	0.001892902
1.080729	0.002109233
1.084062	0.002298523
1.087396	0.002460772
1.090729	0.002568938
1.094062	0.002623021
1.097396	0.002623021
1.100729	0.002595979
1.104063	0.002568938
1.107396	0.002514855
1.110729	0.002460772
1.114063	0.002460772
1.117396	0.002514855
1.120729	0.002623021
1.124063	0.002785269
1.127396	0.0030016
1.130729	0.003190891
1.134063	0.003353139
1.137396	0.003488347
1.140729	0.003515388
1.144063	0.003434264
1.147396	0.003272015
1.150729	0.003055683
1.154063	0.002758227
1.157396	0.002460772
1.160729	0.002136275
1.164063	0.00186586
1.167396	0.001622487
1.170729	0.001433197
1.174062	0.001325031
1.177396	0.001243907
1.180729	0.001243907
1.184062	0.001243907
1.187396	0.001270948
1.190729	0.001352073
1.194062	0.001433197
1.197396	0.001568404
1.200729	0.001730653
1.204062	0.001892902
1.207396	0.002109233
1.210729	0.002352606
1.214062	0.002595979
1.217396	0.002866393
1.220729	0.003109766
1.224062	0.003353139
1.227396	0.003569471
1.230729	0.00373172
1.234063	0.003839885
1.237396	0.00392101
1.240729	0.003893968
1.244063	0.003839885
1.247396	0.003704678
1.250729	0.003515388
1.254063	0.003299056
1.257396	0.003082725
1.260729	0.002866393
1.264063	0.002704144
1.267396	0.002595979
1.270729	0.002541897
1.274063	0.002541897
1.277396	0.002623021
1.280729	0.002731186
1.284063	0.002839352
1.287396	0.002974559
1.290729	0.003055683
1.294062	0.003109766
1.297396	0.003136808
1.300729	0.003109766
1.304062	0.003082725
1.307396	0.003028642
1.310729	0.002974559
1.314062	0.002920476
1.317396	0.002866393
1.320729	0.00281231
1.324062	0.002758227
1.327396	0.002704144
1.330729	0.002650062
1.334062	0.002623021
1.337396	0.002595979
1.340729	0.002595979
1.344062	0.002595979
1.347396	0.002650062
1.350729	0.002704144
1.354063	0.002785269
1.357396	0.002866393
1.360729	0.002920476
1.364063	0.002947517
1.367396	0.002893435
1.370729	0.00281231
1.374063	0.002650062
1.377396	0.002433731
1.380729	0.002163316
1.384063	0.001892902
1.387396	0.001649529
1.390729	0.00148728
1.394063	0.001406156
1.397396	0.001433197
1.400729	0.001568404
1.404063	0.001838819
1.407396	0.002190358
1.410729	0.002623021
1.414063	0.003082725
1.417396	0.003515388
1.420729	0.003866927
1.424062	0.004137341
1.427396	0.00429959
1.430729	0.004326632
1.434062	0.004245507
1.437396	0.004083258
1.440729	0.003866927
1.444062	0.003623554
1.447396	0.003353139
1.450729	0.003136808
1.454062	0.002974559
1.457396	0.002893435
1.460729	0.002893435
1.464062	0.002947517
1.467396	0.003055683
1.470729	0.003190891
1.474062	0.003353139
1.477396	0.003488347
1.480729	0.003596512
1.484063	0.003650595
1.487396	0.003677637
1.490729	0.003623554
1.494063	0.003569471
1.497396	0.003488347
1.500729	0.003434264
1.504063	0.003407222
1.507396	0.003434264
1.510729	0.003461305
1.514063	0.003542429
1.517396	0.003677637
1.520729	0.003812844
1.524063	0.003948051
1.527396	0.004083258
1.530729	0.004191424
1.534063	0.004326632
1.537396	0.004434797
1.540729	0.004515922
1.544062	0.004597046
1.547396	0.004651129
1.550729	0.004705212
1.554062	0.004705212
1.557396	0.00467817
1.560729	0.004624087
1.564062	0.00448888
1.567396	0.004326632
1.570729	0.004137341
1.574062	0.003948051
1.577396	0.003758761
1.580729	0.003569471
1.584062	0.003407222
1.587396	0.003244973
1.590729	0.003136808
1.594062	0.003028642
1.597396	0.002947517
1.600729	0.002893435
1.604063	0.002839352
1.607396	0.002839352
1.610729	0.002893435
1.614063	0.002947517
1.617396	0.003055683
1.620729	0.003136808
1.624063	0.003244973
1.627396	0.003326098
1.630729	0.003326098
1.634063	0.003299056
1.637396	0.003190891
1.640729	0.003055683
1.644063	0.002866393
1.647396	0.002677103
1.650729	0.002487814
1.654063	0.002352606
1.657396	0.002244441
1.660729	0.002163316
1.664063	0.002163316
1.667396	0.002190358
1.670729	0.002217399
1.674062	0.002217399
1.677396	0.002190358
1.680729	0.002136275
1.684062	0.002028109
1.687396	0.001919943
1.690729	0.001784736
1.694062	0.001649529
1.697396	0.001514321
1.700729	0.001433197
1.704062	0.001379114
1.707396	0.001406156
1.710729	0.00148728
1.714062	0.001622487
1.717396	0.001784736
1.720729	0.001974026
1.724062	0.002163316
1.727396	0.002379648
1.730729	0.002568938
1.734063	0.002758227
1.737396	0.002920476
1.740729	0.003055683
1.744063	0.003163849
1.747396	0.003217932
1.750729	0.003217932
1.754063	0.003163849
1.757396	0.003055683
1.760729	0.002893435
1.764063	0.002704144
1.767396	0.002487814
1.770729	0.002271482
1.774063	0.00205515
1.777396	0.001892902
1.780729	0.001784736
1.784063	0.001730653
1.787396	0.001730653
1.790729	0.001757694
1.794062	0.001838819
1.797396	0.001919943
1.800729	0.002001067
1.804062	0.002082192
1.807396	0.002163316
1.810729	0.002190358
1.814062	0.002190358
1.817396	0.002136275
1.820729	0.002082192
1.824062	0.001974026
1.827396	0.00186586
1.830729	0.001730653
1.834062	0.001595446
1.837396	0.001433197
1.840729	0.001270948
1.844062	0.001135741
1.847396	0.001027575
1.850729	0.0009464508
1.854063	0.0008923679
1.857396	0.000838285
1.860729	0.0008112436
1.864063	0.0008112436
1.867396	0.000838285
1.870729	0.0008653265
1.874063	0.0008923679
1.877396	0.0009194094
1.880729	0.0009194094
1.884063	0.0009464508
1.887396	0.0009464508
1.890729	0.0009464508
1.894063	0.0009734923
1.897396	0.001000534
1.900729	0.001054617
1.904063	0.001162782
1.907396	0.00129799
1.910729	0.001460238
1.914063	0.001595446
1.917396	0.001703611
1.920729	0.001784736
1.924062	0.001784736
1.927396	0.001730653
1.930729	0.001622487
1.934062	0.001460238
1.937396	0.001270948
1.940729	0.0011087
1.944062	0.0009734923
1.947396	0.0008923679
1.950729	0.000838285
1.954062	0.000838285
1.957396	0.0008653265
1.960729	0.0009194094
1.964062	0.001000534
1.967396	0.001081658
1.970729	0.001162782
1.974062	0.001243907
1.977396	0.001325031
1.980729	0.001433197
1.984063	0.001568404
1.987396	0.001730653
1.990729	0.001892902
1.994063	0.002082192
1.997396	0.002271482
2.000729	0.002460772
2.004062	0.002623021
2.007396	0.002785269
2.010729	0.002920476
2.014062	0.003028642
2.017396	0.003082725
2.020729	0.003136808
2.024062	0.003163849
2.027396	0.003136808
2.030729	0.003082725
2.034062	0.003028642
2.037396	0.002974559
2.040729	0.002920476
2.044063	0.002893435
2.047396	0.002893435
2.050729	0.002893435
2.054063	0.002947517
2.057396	0.0030016
2.060729	0.003082725
2.064063	0.003190891
2.067396	0.003326098
2.070729	0.003434264
2.074063	0.003515388
2.077396	0.003596512
2.080729	0.003650595
2.084063	0.003650595
2.087396	0.003650595
2.090729	0.003623554
2.094063	0.003569471
2.097396	0.003488347
2.100729	0.003434264
2.104063	0.003380181
2.107396	0.003380181
2.110729	0.003434264
2.114063	0.003515388
2.117396	0.003650595
2.120729	0.003812844
2.124063	0.003975093
2.127396	0.004137341
2.130729	0.004245507
2.134063	0.004326632
2.137396	0.004326632
2.140729	0.004272549
2.144063	0.004164383
2.147396	0.004029176
2.150729	0.00392101
2.154063	0.003866927
2.157396	0.003866927
2.160729	0.003975093
2.164063	0.004164383
2.167396	0.004380714
2.170729	0.004651129
2.174062	0.004894502
2.177396	0.005137875
2.180729	0.005300124
2.184062	0.005381248
2.187396	0.005354207
2.190729	0.005273082
2.194062	0.005164917
2.197396	0.005002668
2.200729	0.004840419
2.204062	0.004732253
2.207396	0.004624087
2.210729	0.004515922
2.214062	0.004461839
2.217396	0.004407756
2.220729	0.004380714
2.224062	0.004353673
2.227396	0.00429959
2.230729	0.004245507
2.234062	0.004137341
2.237396	0.004029176
2.240729	0.003893968
2.244062	0.003758761
2.247396	0.003650595
2.250729	0.003596512
2.254062	0.003569471
2.257396	0.003623554
2.260729	0.00373172
2.264062	0.003893968
2.267396	0.004083258
2.270729	0.004326632
2.274062	0.004570005
2.277396	0.004786336
2.280729	0.004948585
2.284062	0.005083792
2.287396	0.005137875
2.290729	0.005137875
2.294063	0.005083792
2.297396	0.004975626
2.300729	0.004840419
2.304063	0.00467817
2.307396	0.004515922
2.310729	0.00429959
2.314063	0.0041103
2.317396	0.00392101
2.320729	0.003758761
2.324063	0.003596512
2.327396	0.003461305
2.330729	0.003353139
2.334063	0.003272015
2.337396	0.003217932
2.340729	0.003163849
2.344063	0.003163849
2.347396	0.003190891
2.350729	0.003217932
2.354063	0.003299056
2.357396	0.003380181
2.360729	0.003461305
2.364063	0.003542429
2.367396	0.003650595
2.370729	0.003704678
2.374063	0.003758761
2.377396	0.00373172
2.380729	0.003677637
2.384063	0.003542429
2.387396	0.003353139
2.390729	0.003136808
2.394063	0.002866393
2.397396	0.002595979
2.400729	0.002325565
2.404063	0.002109233
2.407396	0.001946985
2.410729	0.001838819
2.414063	0.001811777
2.417396	0.001838819
2.420729	0.001946985
2.424062	0.002109233
2.427396	0.002325565
2.430729	0.002514855
2.434062	0.002704144
2.437396	0.002866393
2.440729	0.002974559
2.444062	0.003028642
2.447396	0.0030016
2.450729	0.002947517
2.454062	0.002839352
2.457396	0.002731186
2.460729	0.002595979
2.464062	0.002487814
2.467396	0.002406689
2.470729	0.002379648
2.474062	0.002352606
2.477396	0.002379648
2.480729	0.002406689
2.484062	0.002433731
2.487396	0.002460772
2.490729	0.002487814
2.494062	0.002487814
2.497396	0.002514855
2.500729	0.002514855
2.504062	0.002541897
2.507396	0.002568938
2.510729	0.002623021
2.514062	0.002677103
2.517396	0.002758227
2.520729	0.00281231
2.524062	0.002866393
2.527396	0.002893435
2.530729	0.002893435
2.534062	0.002839352
2.537396	0.002731186
2.540729	0.002568938
2.544063	0.002379648
2.547396	0.002136275
2.550729	0.001892902
2.554063	0.00167657
2.557396	0.001460238
2.560729	0.00129799
2.564063	0.001216865
2.567396	0.001216865
2.570729	0.00129799
2.574063	0.001460238
2.577396	0.00167657
2.580729	0.001919943
2.584063	0.002163316
2.587396	0.002352606
2.590729	0.002460772
2.594063	0.002487814
2.597396	0.002433731
2.600729	0.002325565
2.604063	0.002190358
2.607396	0.00205515
2.610729	0.001919943
2.614063	0.001838819
2.617396	0.001811777
2.620729	0.00186586
2.624063	0.001974026
2.627396	0.002136275
2.630729	0.002271482
2.634063	0.002433731
2.637396	0.002541897
2.640729	0.002623021
2.644063	0.002650062
2.647396	0.002650062
2.650729	0.002595979
2.654063	0.002514855
2.657396	0.002433731
2.660729	0.002325565
2.664063	0.002244441
2.667396	0.002163316
2.670729	0.002109233
2.674062	0.002082192
2.677396	0.00205515
2.680729	0.00205515
2.684062	0.002109233
2.687396	0.002163316
2.690729	0.002244441
2.694062	0.002325565
2.697396	0.002460772
2.700729	0.002623021
2.704062	0.002785269
2.707396	0.0030016
2.710729	0.003244973
2.714062	0.003461305
2.717396	0.003704678
2.720729	0.003893968
2.724062	0.004083258
2.727396	0.004191424
2.730729	0.004272549
2.734062	0.004245507
2.737396	0.004164383
2.740729	0.004029176
2.744062	0.003812844
2.747396	0.003542429
2.750729	0.003272015
2.754062	0.002947517
2.757396	0.002650062
2.760729	0.002379648
2.764062	0.002163316
2.767396	0.002001067
2.770729	0.001919943
2.774062	0.001919943
2.777396	0.001974026
2.780729	0.002082192
2.784062	0.002217399
2.787396	0.002379648
2.790729	0.002514855
2.794063	0.002595979
2.797396	0.002650062
2.800729	0.002595979
2.804063	0.002514855
2.807396	0.002352606
2.810729	0.002190358
2.814063	0.002001067
2.817396	0.001838819
2.820729	0.001703611
2.824063	0.001622487
2.827396	0.001595446
2.830729	0.001568404
2.834063	0.001595446
2.837396	0.001622487
2.840729	0.001622487
2.844063	0.001595446
2.847396	0.001541363
2.850729	0.001379114
2.854063	0.001216865
2.857396	0.0009734923
2.860729	0.0007571607
2.864063	0.000540829
2.867396	0.0003515389
2.870729	0.0002433731
2.874063	0.0002163316
2.877396	0.0002704145
2.880729	0.0004056218
2.884063	0.0006219534
2.887396	0.0008923679
2.890729	0.001162782
2.894063	0.001460238
2.897396	0.001730653
2.900729	0.001946985
2.904063	0.002109233
2.907396	0.002217399
2.910729	0.002271482
2.914063	0.002271482
2.917396	0.002244441
2.920729	0.002217399
2.924062	0.002163316
2.927396	0.002136275
2.930729	0.002109233
2.934062	0.002136275
2.937396	0.002190358
2.940729	0.002298523
2.944062	0.002406689
2.947396	0.002514855
2.950729	0.002623021
2.954062	0.002758227
2.957396	0.002893435
2.960729	0.003028642
2.964062	0.003190891
2.967396	0.003353139
2.970729	0.003515388
2.974062	0.003677637
2.977396	0.003839885
2.980729	0.004002134
2.984062	0.004164383
2.987396	0.004272549
2.990729	0.004353673
2.994062	0.004380714
2.997396	0.004407756
3.000729	0.004380714
3.004062	0.004380714
3.007396	0.004353673
3.010729	0.004326632
3.014062	0.004326632
3.017396	0.004326632
3.020729	0.004353673
3.024062	0.004380714
3.027396	0.004407756
3.030729	0.004434797
3.034062	0.004461839
3.037396	0.004461839
3.040729	0.004461839
3.044063	0.004461839
3.047396	0.004461839
3.050729	0.004434797
3.054063	0.004407756
3.057396	0.004380714
3.060729	0.004353673
3.064063	0.00429959
3.067396	0.004218466
3.070729	0.004137341
3.074063	0.004056217
3.077396	0.003948051
3.080729	0.003866927
3.084063	0.003758761
3.087396	0.003650595
3.090729	0.003542429
3.094063	0.003434264
3.097396	0.003326098
3.100729	0.003217932
3.104063	0.003082725
3.107396	0.002974559
3.110729	0.002839352
3.114063	0.002731186
3.117396	0.002595979
3.120729	0.002460772
3.124063	0.002352606
3.127396	0.002271482
3.130729	0.002190358
3.134063	0.002163316
3.137396	0.002163316
3.140729	0.002190358
3.144063	0.002244441
3.147396	0.002352606
3.150729	0.002433731
3.154063	0.002541897
3.157396	0.002623021
3.160729	0.002704144
3.164063	0.002785269
3.167396	0.002839352
3.170729	0.002920476
3.174062	0.0030016
3.177396	0.003109766
3.180729	0.003217932
3.184062	0.003380181
3.187396	0.003542429
3.190729	0.00373172
3.194062	0.003893968
3.197396	0.004056217
3.200729	0.004164383
3.204062	0.004245507
3.207396	0.004326632
3.210729	0.004353673
3.214062	0.004380714
3.217396	0.004380714
3.220729	0.004380714
3.224062	0.004380714
3.227396	0.004407756
3.230729	0.004461839
3.234062	0.004515922
3.237396	0.004651129
3.240729	0.004786336
3.244062	0.004975626
3.247396	0.005218999
3.250729	0.005516455
3.254062	0.005840953
3.257396	0.00616545
3.260729	0.006516989
3.264062	0.006895569
3.267396	0.007247108
3.270729	0.007625689
3.274062	0.00800427
3.277396	0.008436933
3.280729	0.008869596
3.284062	0.009329301
3.287396	0.00987013
3.290729	0.010438
3.294063	0.01111404
3.297396	0.01181711
3.300729	0.01262836
3.304063	0.01349368
3.307396	0.01446718
3.310729	0.01549475
3.314063	0.01660345
3.317396	0.01776623
3.320729	0.01901014
3.324063	0.02030813
3.327396	0.0216602
3.330729	0.02301228
3.334063	0.02439139
3.337396	0.02582459
3.340729	0.02731187
3.344063	0.02885323
3.347396	0.03044868
3.350729	0.0320982
3.354063	0.03382886
3.357396	0.03564064
3.360729	0.0375065
3.364063	0.03942644
3.367396	0.04140046
3.370729	0.04340153
3.374063	0.04542964
3.377396	0.04753887
3.380729	0.04970219
3.384063	0.05194663
3.387396	0.05424516
3.390729	0.05665185
3.394063	0.05919374
3.397396	0.0618438
3.400729	0.06460203
3.404063	0.06752251
3.407396	0.07052411
3.410729	0.07363387
3.414063	0.07685181
3.417396	0.08015086
3.420729	0.083504
3.424062	0.08693828
3.427396	0.09039958
3.430729	0.09391497
3.434062	0.09743036
3.437396	0.1009998
3.440729	0.1046234
3.444062	0.108274
3.447396	0.1119787
3.450729	0.1157645
3.454062	0.1196584
3.457396	0.1236606
3.460729	0.1277709
3.464062	0.1320164
3.467396	0.1364512
3.470729	0.1410212
3.474062	0.1457534
3.477396	0.1506209
3.480729	0.1556506
3.484062	0.1608155
3.487396	0.1660886
3.490729	0.1714699
3.494062	0.1769322
3.497396	0.1825298
3.500729	0.1882626
3.504062	0.1941036
3.507396	0.2000797
3.510729	0.2061911
3.514062	0.2124377
3.517396	0.2188194
3.520729	0.2253364
3.524062	0.2319616
3.527396	0.2386679
3.530729	0.2454282
3.534062	0.2522427
3.537396	0.2590842
3.540729	0.2659527
3.544063	0.2728483
3.547396	0.2797438
3.550729	0.2866935
3.554063	0.2936431
3.557396	0.3006199
3.560729	0.3076236
3.564063	0.3146544
3.567396	0.3217663
3.570729	0.3289052
3.574063	0.3360982
3.577396	0.3433994
3.580729	0.3507817
3.584063	0.3582722
3.587396	0.3658709
3.590729	0.3736047
3.594063	0.3814738
3.597396	0.3895051
3.600729	0.3976716
3.604063	0.4060004
3.607396	0.4145184
3.610729	0.4232258
3.614063	0.4321495
3.617396	0.4413165
3.620729	0.450754
3.624063	0.4604618
3.627396	0.4704672
3.630729	0.480797
3.634063	0.4914784
3.637396	0.5024843
3.640729	0.5138687
3.644063	0.5256047
3.647396	0.5376922
3.650729	0.5501043
3.654063	0.5628408
3.657396	0.5759019
3.660729	0.5892874
3.664063	0.6029433
3.667396	0.6168697
3.670729	0.6310123
3.674062	0.6453443
3.677396	0.6598115
3.680729	0.6744409
3.684062	0.6891244
3.687396	0.703862
3.690729	0.7186266
3.694062	0.7333372
3.697396	0.7480207
3.700729	0.7626231
3.704062	0.7770632
3.707396	0.7913141
3.710729	0.8052945
3.714062	0.8189504
3.717396	0.8322007
3.720729	0.8449914
3.724062	0.8572952
3.727396	0.8690312
3.730729	0.8801452
3.734062	0.8906373
3.737396	0.9004804
3.740729	0.9096745
3.744062	0.9181655
3.747396	0.9260075
3.750729	0.9331194
3.754062	0.9395823
3.757396	0.9453692
3.760729	0.95048
3.764062	0.9549689
3.767396	0.9588899
3.770729	0.9622701
3.774062	0.9651906
3.777396	0.9677324
3.780729	0.9699769
3.784062	0.9720861
3.787396	0.9741683
3.790729	0.9763857
3.794063	0.9788735
3.797396	0.981794
3.800729	0.9853094
3.804063	0.9895819
3.807396	0.9947469
3.810729	1.00102
3.814063	1.008484
3.817396	1.017326
3.820729	1.02771
3.824063	1.039771
3.827396	1.05367
3.830729	1.069625
3.834063	1.087742
3.837396	1.108213
3.840729	1.131198
3.844063	1.156779
3.847396	1.185119
3.850729	1.216271
3.854063	1.250289
3.857396	1.287227
3.860729	1.327059
3.864063	1.369812
3.867396	1.415404
3.870729	1.463781
3.874063	1.514862
3.877396	1.568512
3.880729	1.624596
3.884063	1.682925
3.887396	1.743254
3.890729	1.805368
3.894063	1.868943
3.897396	1.93368
3.900729	1.999175
3.904063	2.065102
3.907396	2.131056
3.910729	2.196658
3.914063	2.26145
3.917396	2.325105
3.920729	2.387193
3.924062	2.44736
3.927396	2.505201
3.930729	2.560366
3.934062	2.612529
3.937396	2.661339
3.940729	2.706471
3.944062	2.747682
3.947396	2.784675
3.950729	2.817206
3.954062	2.845085
3.957396	2.868179
3.960729	2.886378
3.964062	2.899574
3.967396	2.907741
3.970729	2.910904
3.974062	2.909066
3.977396	2.902359
3.980729	2.89084
3.984062	2.874696
3.987396	2.854117
3.990729	2.82932
3.994062	2.800494
3.997396	2.767909
4.000729	2.731836
4.004063	2.692572
4.007396	2.65036
4.010729	2.605525
4.014062	2.558338
4.017396	2.509068
4.020729	2.458068
4.024063	2.405608
4.027396	2.351985
4.030729	2.297469
4.034062	2.242386
4.037396	2.186923
4.040729	2.131407
4.044063	2.075999
4.047396	2.020943
4.050729	1.966454
4.054062	1.912723
4.057396	1.859857
4.060729	1.808073
4.064063	1.757478
4.067396	1.708236
4.070729	1.660426
4.074062	1.614213
4.077396	1.569621
4.080729	1.526815
4.084063	1.485847
4.087396	1.446799
4.090729	1.409752
4.094062	1.374788
4.097396	1.341986
4.100729	1.311402
4.104063	1.283144
4.107396	1.257238
4.110729	1.23382
4.114062	1.212917
4.117396	1.194637
4.120729	1.179089
4.124063	1.166433
4.127396	1.156779
4.130729	1.150371
4.134062	1.14745
4.137396	1.148261
4.140729	1.153183
4.144063	1.162566
4.147396	1.176871
4.150729	1.196611
4.154062	1.222328
4.157396	1.254669
4.160729	1.294258
4.164063	1.341905
4.167396	1.398368
4.170729	1.464538
4.174063	1.541309
4.177396	1.629653
4.180729	1.730491
4.184062	1.844849
4.187396	1.973647
4.190729	2.117941
4.194063	2.278621
4.197396	2.456608
4.200729	2.652794
4.204062	2.867881
4.207396	3.102574
4.210729	3.357386
4.214063	3.632749
4.217396	3.92888
4.220729	4.24586
4.224062	4.5835
4.227396	4.941501
4.230729	5.319243
4.234063	5.715969
4.237396	6.130595
4.240729	6.561798
4.244062	7.007982
4.247396	7.467281
4.250729	7.937559
4.254063	8.416436
4.257396	8.901262
4.260729	9.389226
4.264062	9.877351
4.267396	10.36253
4.270729	10.84162
4.274063	11.31144
4.277396	11.76874
4.280729	12.21041
4.284062	12.63333
4.287396	13.03455
4.290729	13.41118
4.294063	13.76061
4.297396	14.08032
4.300729	14.3681
4.304062	14.62204
4.307396	14.84051
4.310729	15.0222
4.314063	15.1662
4.317396	15.27188
4.320729	15.33899
4.324062	15.36768
4.327396	15.35836
4.330729	15.31176
4.334063	15.22896
4.337396	15.1113
4.340729	14.96036
4.344062	14.77796
4.347396	14.56612
4.350729	14.32702
4.354063	14.06299
4.357396	13.77646
4.360729	13.46986
4.364062	13.14577
4.367396	12.80667
4.370729	12.4551
4.374063	12.09353
4.377396	11.72436
4.380729	11.34987
4.384062	10.97226
4.387396	10.59357
4.390729	10.21575
4.394063	9.840466
4.397396	9.469295
4.400729	9.103668
4.404062	8.7448
4.407396	8.393748
4.410729	8.051457
4.414063	7.718712
4.417396	7.396135
4.420729	7.084239
4.424063	6.783376
4.427396	6.493816
4.430729	6.215695
4.434062	5.949039
4.437396	5.69374
4.440729	5.449691
4.444063	5.216621
4.447396	4.994286
4.450729	4.782416
4.454062	4.580687
4.457396	4.388747
4.460729	4.206244
4.464063	4.032773
4.467396	3.867982
4.470729	3.711466
4.474062	3.562819
4.477396	3.421636
4.480729	3.287511
4.484063	3.160064
4.487396	3.038892
4.490729	2.923695
4.494062	2.814123
4.497396	2.709851
4.500729	2.610555
4.504063	2.515991
4.507396	2.425862
4.510729	2.339978
4.514062	2.25807
4.517396	2.179974
4.520729	2.105447
4.524063	2.034383
4.527396	1.96659
4.530729	1.901961
4.534062	1.84036
4.537396	1.781599
4.540729	1.725596
4.544063	1.672189
4.547396	1.62127
4.550729	1.572704
4.554062	1.526409
4.557396	1.482277
4.560729	1.440174
4.564063	1.400071
4.567396	1.361889
4.570729	1.325545
4.574062	1.290986
4.577396	1.258131
4.580729	1.226925
4.584063	1.197287
4.587396	1.169137
4.590729	1.142447
4.594062	1.117082
4.597396	1.093043
4.600729	1.07022
4.604063	1.048559
4.607396	1.028035
4.610729	1.008619
4.614062	0.990258
4.617396	0.9729244
4.620729	0.9565914
4.624063	0.9412048
4.627396	0.9267917
4.630729	0.913298
4.634062	0.9007238
4.637396	0.8890689
4.640729	0.8783605
4.644063	0.8685985
4.647396	0.8598641
4.650729	0.8522114
4.654062	0.8457215
4.657396	0.8405025
4.660729	0.8366085
4.664063	0.8341207
4.667396	0.8332013
4.670729	0.8338773
4.674063	0.8363381
4.677396	0.8406377
4.680729	0.8469924
4.684062	0.8554834
4.687396	0.8663541
4.690729	0.8797396
4.694063	0.8959104
4.697396	0.9150557
4.700729	0.937446
4.704062	0.9632706
4.707396	0.9927999
4.710729	1.02625
4.714063	1.063946
4.717396	1.106104
4.720729	1.153021
4.724062	1.20494
4.727396	1.26216
4.730729	1.324923
4.734063	1.393473
4.737396	1.468026
4.740729	1.548799
4.744062	1.635954
4.747396	1.729625
4.750729	1.829895
4.754063	1.936871
4.757396	2.05058
4.760729	2.170996
4.764062	2.298091
4.767396	2.431784
4.770729	2.571886
4.774063	2.718288
4.777396	2.870721
4.780729	3.028994
4.784062	3.192812
4.787396	3.361929
4.790729	3.536022
4.794063	3.714847
4.797396	3.898161
4.800729	4.085774
4.804062	4.277552
4.807396	4.473387
4.810729	4.673385
4.814063	4.877711
4.817396	5.086741
4.820729	5.301072
4.824062	5.521486
4.827396	5.749094
4.830729	5.985355
4.834063	6.232055
4.837396	6.491328
4.840729	6.765772
4.844062	7.058414
4.847396	7.372798
4.850729	7.712871
4.854063	8.083177
4.857396	8.488772
4.860729	8.935281
4.864062	9.428787
4.867396	9.975917
4.870729	10.58375
4.874063	11.25971
4.877396	12.01152
4.880729	12.84707
4.884062	13.77443
4.887396	14.8016
4.890729	15.93639
4.894063	17.18649
4.897396	18.55909
4.900729	20.06081
4.904062	21.6976
4.907396	23.47439
4.910729	25.39493
4.914063	27.4616
4.917396	29.67524
4.920729	32.03479
4.924063	34.53737
4.927396	37.17803
4.930729	39.94964
4.934062	42.8431
4.937396	45.84716
4.940729	48.94852
4.944063	52.13187
4.947396	55.38001
4.950729	58.67379
4.954062	61.99256
4.957396	65.31403
4.960729	68.61479
4.964063	71.87035
4.967396	75.05567
4.970729	78.1454
4.974062	81.11447
4.977396	83.93835
4.980729	86.59352
4.984063	89.05787
4.987396	91.3108
4.990729	93.33377
4.994062	95.11042
4.997396	96.62674
5.000729	97.87132
5.004063	98.83546
5.007396	99.51317
5.010729	99.90143
5.014062	100
5.017396	99.81144
5.020729	99.34108
5.024063	98.5969
5.027396	97.58928
5.030729	96.33088
5.034062	94.83635
5.037396	93.12206
5.040729	91.20582
5.044063	89.10668
5.047396	86.84444
5.050729	84.43948
5.054062	81.91235
5.057396	79.28346
5.060729	76.57296
5.064063	73.8004
5.067396	70.9846
5.070729	68.14354
5.074062	65.29418
5.077396	62.45245
5.080729	59.63305
5.084063	56.84946
5.087396	54.1139
5.090729	51.43712
5.094062	48.82854
5.097396	46.29608
5.100729	43.84628
5.104063	41.48438
5.107396	39.2143
5.110729	37.03892
5.114062	34.96005
5.117396	32.97857
5.120729	31.09464
5.124063	29.30766
5.127396	27.61641
5.130729	26.01912
5.134062	24.51346
5.137396	23.09665
5.140729	21.76556
5.144063	20.5167
5.147396	19.34648
5.150729	18.25109
5.154062	17.22665
5.157396	16.2693
5.160729	15.37528
5.164063	14.54081
5.167396	13.76234
5.170729	13.03628
5.174063	12.35922
5.177396	11.72785
5.180729	11.13902
5.184062	10.58965
5.187396	10.07692
5.190729	9.598094
5.194063	9.150666
5.197396	8.732253
5.200729	8.340693
5.204062	7.973956
5.207396	7.63026
5.210729	7.307817
5.214063	7.005089
5.217396	6.720585
5.220729	6.452929
5.224062	6.200903
5.227396	5.963344
5.230729	5.73917
5.234063	5.52749
5.237396	5.32741
5.240729	5.138174
5.244062	4.959078
5.247396	4.789474
5.250729	4.628821
5.254063	4.476605
5.257396	4.332392
5.260729	4.195725
5.264062	4.06625
5.267396	3.943617
5.270729	3.827528
5.274063	3.717713
5.277396	3.613901
5.280729	3.515849
5.284062	3.423367
5.287396	3.336158
5.290729	3.25406
5.294063	3.17683
5.297396	3.104251
5.300729	3.036133
5.304062	2.972234
5.307396	2.912392
5.310729	2.856362
5.314063	2.80401
5.317396	2.755146
5.320729	2.709581
5.324062	2.667126
5.327396	2.627618
5.330729	2.590842
5.334063	2.556607
5.337396	2.524698
5.340729	2.494872
5.344062	2.466965
5.347396	2.440708
5.350729	2.415938
5.354063	2.392466
5.357396	2.370075
5.360729	2.348631
5.364062	2.327972
5.367396	2.307934
5.370729	2.288383
5.374063	2.269157
5.377396	2.250092
5.380729	2.231109
5.384062	2.212018
5.387396	2.19271
5.390729	2.173051
5.394063	2.152959
5.397396	2.132381
5.400729	2.111207
5.404062	2.089412
5.407396	2.066967
5.410729	2.043847
5.414063	2.020024
5.417396	1.995497
5.420729	1.970294
5.424063	1.944416
5.427396	1.917888
5.430729	1.890765
5.434062	1.863021
5.437396	1.834708
5.440729	1.805909
5.444063	1.776596
5.447396	1.746878
5.450729	1.716727
5.454062	1.686224
5.457396	1.655397
5.460729	1.624299
5.464063	1.593012
5.467396	1.56159
5.470729	1.530141
5.474062	1.498691
5.477396	1.467377
5.480729	1.436253
5.484063	1.405344
5.487396	1.374679
5.490729	1.344339
5.494062	1.314323
5.497396	1.284604
5.500729	1.255237
5.504063	1.226222
5.507396	1.197585
5.510729	1.169354
5.514062	1.141555
5.517396	1.114243
5.520729	1.087445
5.524063	1.061188
5.527396	1.035498
5.530729	1.010377
5.534062	0.9858773
5.537396	0.9619456
5.540729	0.9386088
5.544063	0.9158669
5.547396	0.893693
5.550729	0.8720598
5.554062	0.8509946
5.557396	0.8304701
5.560729	0.8104594
5.564063	0.7909625
5.567396	0.7719794
5.570729	0.753456
5.574062	0.7354194
5.577396	0.7178965
5.580729	0.7008063
5.584063	0.6842029
5.587396	0.6680321
5.590729	0.652321
5.594062	0.6370426
5.597396	0.6221698
5.600729	0.6077026
5.604063	0.593587
5.607396	0.5798499
5.610729	0.5664643
5.614062	0.5534033
5.617396	0.5406938
5.620729	0.5283089
5.624063	0.5162484
5.627396	0.5044583
5.630729	0.4929927
5.634062	0.4817976
5.637396	0.4708728
5.640729	0.4602185
5.644063	0.4498616
5.647396	0.4398022
5.650729	0.4300132
5.654062	0.4205487
5.657396	0.4113816
5.660729	0.4025661
5.664063	0.394021
5.667396	0.3858004
5.670729	0.3778502
5.674063	0.3701705
5.677396	0.36268
5.680729	0.3554058
5.684062	0.3482939
5.687396	0.3413172
5.690729	0.3344757
5.694063	0.3277695
5.697396	0.3212254
5.700729	0.3148437
5.704062	0.3086512
5.707396	0.302648
5.710729	0.2968881
5.714063	0.2913176
5.717396	0.2859904
5.720729	0.2808255
5.724062	0.2758499
5.727396	0.2710094
5.730729	0.2662772
5.734063	0.2616801
5.737396	0.2571642
5.740729	0.2527565
5.744062	0.2484839
5.747396	0.2443195
5.750729	0.2403174
5.754063	0.2364775
5.757396	0.2327999
5.760729	0.2292845
5.764062	0.2258773
5.767396	0.2226323
5.770729	0.2194684
5.774063	0.2163857
5.777396	0.2134112
5.780729	0.2104636
5.784062	0.2076243
5.787396	0.204812
5.790729	0.2021078
5.794063	0.1995118
5.797396	0.19697
5.800729	0.1945633
5.804062	0.1922377
5.807396	0.1900203
5.810729	0.1879111
5.814063	0.18591
5.817396	0.183963
5.820729	0.1820972
5.824062	0.1802854
5.827396	0.1785277
5.830729	0.17677
5.834063	0.1750393
5.837396	0.1733357
5.840729	0.1716592
5.844062	0.1700367
5.847396	0.1684683
5.850729	0.166981
5.854063	0.1655748
5.857396	0.1642498
5.860729	0.1630059
5.864062	0.1618161
5.867396	0.1606803
5.870729	0.1595716
5.874063	0.15849
5.877396	0.1574353
5.880729	0.1563807
5.884062	0.1553802
5.887396	0.1543797
5.890729	0.1534332
5.894063	0.1525138
5.897396	0.1516485
5.900729	0.1508102
5.904062	0.150053
5.907396	0.1493499
5.910729	0.1487009
5.914063	0.148079
5.917396	0.1475111
5.920729	0.1469973
5.924063	0.1465106
5.927396	0.1460779
5.930729	0.1456453
5.934062	0.1452126
5.937396	0.144807
5.940729	0.1444014
5.944063	0.1440228
5.947396	0.1436442
5.950729	0.1432927
5.954062	0.1429682
5.957396	0.1426707
5.960729	0.1424273
5.964063	0.142238
5.967396	0.1420758
5.970729	0.1419947
5.974062	0.1419135
5.977396	0.1418865
5.980729	0.1418324
5.984063	0.1417783
5.987396	0.1416972
5.990729	0.141589
5.994062	0.1413998
5.997396	0.1411564
6.000729	0.1408319
6.004063	0.1404533
6.007396	0.1399936
6.010729	0.1394798
6.014062	0.1388849
6.017396	0.1382629
6.020729	0.1375869
6.024063	0.1368838
6.027396	0.1361808
6.030729	0.1354777
6.034062	0.1347746
6.037396	0.1341256
6.040729	0.1334766
6.044063	0.1329087
6.047396	0.1323679
6.050729	0.1318812
6.054062	0.1314485
6.057396	0.1310158
6.060729	0.1305832
6.064063	0.1301505
6.067396	0.1297178
6.070729	0.1292581
6.074062	0.1287714
6.077396	0.1283117
6.080729	0.1278249
6.084063	0.1273923
6.087396	0.1270137
6.090729	0.1266622
6.094062	0.1263918
6.097396	0.1262025
6.100729	0.1260402
6.104063	0.1259591
6.107396	0.125878
6.110729	0.125878
6.114062	0.125905
6.117396	0.1259861
6.120729	0.1261213
6.124063	0.1263106
6.127396	0.126554
6.130729	0.1268515
6.134062	0.1272571
6.137396	0.1276897
6.140729	0.1282035
6.144063	0.1287714
6.147396	0.1294204
6.150729	0.1301235
6.154062	0.1309077
6.157396	0.131773
6.160729	0.1326654
6.164063	0.1336118
6.167396	0.1345853
6.170729	0.1355318
6.174063	0.1365053
6.177396	0.1374247
6.180729	0.138317
6.184062	0.1391553
6.187396	0.1399666
6.190729	0.1406967
6.194063	0.1413457
6.197396	0.1419406
6.200729	0.1424544
6.204062	0.14286
6.207396	0.1431304
6.210729	0.1432927
6.214063	0.1432656
6.217396	0.1431034
6.220729	0.1427248
6.224062	0.142211
6.227396	0.141535
6.230729	0.1406967
6.234063	0.1397502
6.237396	0.1386956
6.240729	0.1375599
6.244062	0.13637
6.247396	0.1351261
6.250729	0.1338281
6.254063	0.1324761
6.257396	0.1310699
6.260729	0.1295826
6.264062	0.1280142
6.267396	0.1263377
6.270729	0.1245529
6.274063	0.122633
6.277396	0.1206319
6.280729	0.1185227
6.284062	0.1163594
6.287396	0.114169
6.290729	0.1119246
6.294063	0.1096531
6.297396	0.1073816
6.300729	0.1051101
6.304062	0.1028386
6.307396	0.1005942
6.310729	0.09834977
6.314063	0.09610533
6.317396	0.09388793
6.320729	0.09172461
6.324062	0.08961538
6.327396	0.08758727
6.330729	0.08566732
6.334063	0.08385554
6.337396	0.08217897
6.340729	0.08061057
6.344062	0.07920441
6.347396	0.07790642
6.350729	0.07674364
6.354063	0.07568902
6.357396	0.07468849
6.360729	0.07374204
6.364062	0.07279559
6.367396	0.0718221
6.370729	0.07082157
6.374063	0.06979399
6.377396	0.06873937
6.380729	0.06765772
6.384062	0.06657606
6.387396	0.06552144
6.390729	0.06454795
6.394063	0.06365558
6.397396	0.06287138
6.400729	0.0621683
6.404062	0.06154635
6.407396	0.06095144
6.410729	0.06041061
6.414063	0.05986978
6.417396	0.05932895
6.420729	0.05881516
6.424063	0.05830137
6.427396	0.05786871
6.430729	0.05749013
6.434062	0.05721972
6.437396	0.05705747
6.440729	0.05697634
6.444063	0.05700338
6.447396	0.05713859
6.450729	0.05732788
6.454062	0.0575983
6.457396	0.05792279
6.460729	0.05830137
6.464063	0.05878812
6.467396	0.05935599
6.470729	0.06008611
6.474062	0.06095144
6.477396	0.06203309
6.480729	0.06330404
6.484063	0.06479132
6.487396	0.06649493
6.490729	0.06841488
6.494062	0.07052411
6.497396	0.07282263
6.500729	0.0752834
6.504063	0.07793347
6.507396	0.08071873
6.510729	0.08363921
6.514062	0.08664082
6.517396	0.08972354
6.520729	0.09283331
6.524063	0.09594308
6.527396	0.0990258
6.530729	0.1020544
6.534062	0.1049479
6.537396	0.1077061
6.540729	0.110275
6.544063	0.1126547
6.547396	0.1148451
6.550729	0.1168191
6.554062	0.1185768
6.557396	0.1200911
6.560729	0.1214161
6.564063	0.1225519
6.567396	0.1234713
6.570729	0.1242284
6.574062	0.1248233
6.577396	0.125256
6.580729	0.1255264
6.584063	0.1256616
6.587396	0.1256616
6.590729	0.1255535
6.594062	0.1253642
6.597396	0.1251208
6.600729	0.1248774
6.604063	0.1246611
6.607396	0.1244989
6.610729	0.1244177
6.614062	0.1244718
6.617396	0.1246611
6.620729	0.1250397
6.624063	0.1255535
6.627396	0.1262565
6.630729	0.1271219
6.634062	0.1281224
6.637396	0.1292581
6.640729	0.130475
6.644063	0.131746
6.647396	0.1330439
6.650729	0.1343149
6.654062	0.1355318
6.657396	0.1366405
6.660729	0.137641
6.664063	0.1385063
6.667396	0.1392635
6.670729	0.1399125
6.674063	0.1404533
6.677396	0.1409671
6.680729	0.1413998
6.684062	0.1418595
6.687396	0.1422921
6.690729	0.1427248
6.694063	0.1431574
6.697396	0.143536
6.700729	0.1438876
6.704062	0.144185
6.707396	0.1444284
6.710729	0.1446177
6.714063	0.1447799
6.717396	0.1449422
6.720729	0.1451315
6.724062	0.1453478
6.727396	0.1456723
6.730729	0.1460779
6.734063	0.1466188
6.737396	0.1472407
6.740729	0.1479708
6.744062	0.1487821
6.747396	0.1496474
6.750729	0.1505938
6.754063	0.1515673
6.757396	0.1525679
6.760729	0.1536225
6.764062	0.1547041
6.767396	0.1558129
6.770729	0.1569756
6.774063	0.1581655
6.777396	0.1593823
6.780729	0.1605992
6.784062	0.161789
6.787396	0.1629788
6.790729	0.1641416
6.794063	0.1653044
6.797396	0.1664402
6.800729	0.1675489
6.804062	0.1686846
6.807396	0.1697933
6.810729	0.1708749
6.814063	0.1719836
6.817396	0.1730112
6.820729	0.1739847
6.824062	0.174823
6.827396	0.175499
6.830729	0.1759587
6.834063	0.1761751
6.837396	0.176148
6.840729	0.1758506
6.844062	0.1752827
6.847396	0.1744444
6.850729	0.1733357
6.854063	0.1720107
6.857396	0.1704693
6.860729	0.1686846
6.864062	0.1666565
6.867396	0.164412
6.870729	0.1618972
6.874063	0.159139
6.877396	0.1561103
6.880729	0.1528924
6.884062	0.1494311
6.887396	0.1458346
6.890729	0.1421299
6.894063	0.1383982
6.897396	0.1346935
6.900729	0.1310699
6.904062	0.1276086
6.907396	0.1243096
6.910729	0.1212809
6.914063	0.1184957
6.917396	0.1159808
6.920729	0.1137634
6.924063	0.1118164
6.927396	0.1101939
6.930729	0.1088419
6.934062	0.1077872
6.937396	0.107003
6.940729	0.1064622
6.944063	0.1061647
6.947396	0.1060566
6.950729	0.1061377
6.954062	0.106354
6.957396	0.1066785
6.960729	0.1070842
6.964063	0.1075709
6.967396	0.1081658
6.970729	0.1088148
6.974062	0.109599
6.977396	0.1104643
6.980729	0.1114919
6.984063	0.1126277
6.987396	0.1138716
6.990729	0.1152236
6.994062	0.1166568
6.997396	0.1181712
7.000729	0.1197396
7.004063	0.121362
7.007396	0.1229845
7.010729	0.12458
7.014062	0.1262025
7.017396	0.1277709
7.020729	0.1293393
7.024063	0.1308806
7.027396	0.1323679
7.030729	0.1338011
7.034062	0.1352073
7.037396	0.1365053
7.040729	0.1377762
7.044063	0.138939
7.047396	0.1400206
7.050729	0.14094
7.054062	0.1417243
7.057396	0.1423192
7.060729	0.1426977
7.064063	0.14286
7.067396	0.1427789
7.070729	0.1424814
7.074062	0.1419135
7.077396	0.1411023
7.080729	0.1400477
7.084063	0.1387767
7.087396	0.1372895
7.090729	0.1356129
7.094062	0.133747
7.097396	0.131746
7.100729	0.1296097
7.104063	0.1273382
7.107396	0.1250126
7.110729	0.122606
7.114062	0.1201722
7.117396	0.1177114
7.120729	0.1152777
7.124063	0.112871
7.127396	0.1105725
7.130729	0.1084092
7.134062	0.1064081
7.137396	0.1045693
7.140729	0.1029739
7.144063	0.1015677
7.147396	0.100432
7.150729	0.09951255
7.154062	0.09883651
7.157396	0.09837681
7.160729	0.0981064
7.164063	0.09805231
7.167396	0.09818752
7.170729	0.09851202
7.174063	0.09905285
7.177396	0.09983705
7.180729	0.1008105
7.184062	0.1020274
7.187396	0.1034606
7.190729	0.1051101
7.194063	0.106976
7.197396	0.1090311
7.200729	0.1112485
7.204062	0.1136011
7.207396	0.116116
7.210729	0.1187661
7.214063	0.1215513
7.217396	0.1244989
7.220729	0.1276086
7.224062	0.1309077
7.227396	0.134396
7.230729	0.1380466
7.234063	0.1418865
7.237396	0.1458886
7.240729	0.1500801
7.244062	0.1544337
7.247396	0.1589767
7.250729	0.1636819
7.254063	0.1686035
7.257396	0.1737143
7.260729	0.1790685
7.264062	0.1846661
7.267396	0.190507
7.270729	0.1965643
7.274063	0.2028379
7.277396	0.2092468
7.280729	0.2157908
7.284062	0.2223348
7.287396	0.2288789
7.290729	0.2353147
7.294063	0.2415883
7.297396	0.2475915
7.300729	0.2532702
7.304062	0.2585704
7.307396	0.2634649
7.310729	0.2678456
7.314063	0.2717396
7.317396	0.2750657
7.320729	0.2777968
7.324062	0.2799061
7.327396	0.2813663
7.330729	0.2821776
7.334063	0.2822857
7.337396	0.2817449
7.340729	0.280528
7.344062	0.2786351
7.347396	0.2761203
7.350729	0.2729835
7.354063	0.2692788
7.357396	0.2649521
7.360729	0.2601117
7.364062	0.2547305
7.367396	0.2488625
7.370729	0.2425348
7.374063	0.2358015
7.377396	0.2287437
7.380729	0.2213884
7.384062	0.2138438
7.387396	0.2061911
7.390729	0.1984843
7.394063	0.1907775
7.397396	0.1831788
7.400729	0.1756883
7.404062	0.1683601
7.407396	0.1612212
7.410729	0.1543256
7.414063	0.1476463
7.417396	0.1412375
7.420729	0.1350721
7.424063	0.1292041
7.427396	0.1236335
7.430729	0.1183334
7.434062	0.1133307
7.437396	0.1086255
7.440729	0.1042448
7.444063	0.1001615
7.447396	0.09642983
7.450729	0.09299556
7.454062	0.08988579
7.457396	0.08704644
7.460729	0.0844775
7.464063	0.08215193
7.467396	0.0800427
7.470729	0.0781498
7.474062	0.0763921
7.477396	0.0748237
7.480729	0.07336346
7.484063	0.07206547
7.487396	0.07090269
7.490729	0.06990216
7.494062	0.06903683
7.497396	0.06833375
7.500729	0.06773884
7.504063	0.06727914
7.507396	0.06687351
7.510729	0.06657606
7.514062	0.06633269
7.517396	0.06611635
7.520729	0.06595411
7.524063	0.06576482
7.527396	0.06560257
7.530729	0.06544032
7.534062	0.06527807
7.537396	0.06514286
7.540729	0.06498061
7.544063	0.06481836
7.547396	0.06462907
7.550729	0.06443978
7.554062	0.06422345
7.557396	0.06400712
7.560729	0.06370966
7.564063	0.06335813
7.567396	0.06292546
7.570729	0.06241167
7.574062	0.0618438
7.577396	0.06122185
7.580729	0.06057286
7.584063	0.0599509
7.587396	0.05935599
7.590729	0.05881516
7.594062	0.05832842
7.597396	0.05794984
7.600729	0.05762534
7.604063	0.05730084
7.607396	0.05700338
7.610729	0.05665185
7.614062	0.05627327
7.617396	0.05578652
7.620729	0.05524569
7.624063	0.05462374
7.627396	0.05400178
7.630729	0.05335279
7.634062	0.05275788
7.637396	0.05221705
7.640729	0.05181143
7.644063	0.05151397
7.647396	0.05132468
7.650729	0.05124355
7.654062	0.05124355
7.657396	0.05129764
7.660729	0.0514058
7.664063	0.05151397
7.667396	0.05159509
7.670729	0.05167622
7.674063	0.05170326
7.677396	0.05167622
7.680729	0.05164918
7.684062	0.05162214
7.687396	0.05159509
7.690729	0.05159509
7.694063	0.05159509
7.697396	0.05162214
7.700729	0.05167622
7.704062	0.0517303
7.707396	0.05181143
7.710729	0.05186551
7.714063	0.05191959
7.717396	0.05194663
7.720729	0.05191959
7.724062	0.05189255
7.727396	0.05183847
7.730729	0.05175734
7.734063	0.05167622
7.737396	0.05159509
7.740729	0.05151397
7.744062	0.05143285
7.747396	0.05137876
7.750729	0.05132468
7.754063	0.0512706
7.757396	0.05124355
7.760729	0.05121651
7.764062	0.05118947
7.767396	0.05113539
7.770729	0.05105426
7.774063	0.0509461
7.777396	0.05078385
7.780729	0.05054047
7.784062	0.05021598
7.787396	0.04981035
7.790729	0.04932361
7.794063	0.04878278
7.797396	0.04816083
7.800729	0.04751183
7.804062	0.0468358
7.807396	0.04615976
7.810729	0.04548372
7.814063	0.04483473
7.817396	0.04421277
7.820729	0.04361786
7.824062	0.04307703
7.827396	0.04253621
7.830729	0.04204946
7.834063	0.04158976
7.837396	0.04121117
7.840729	0.04085964
7.844062	0.04061626
7.847396	0.04042697
7.850729	0.04029177
7.854063	0.04021064
7.857396	0.04015656
7.860729	0.04015656
7.864062	0.04012952
7.867396	0.04010248
7.870729	0.04007543
7.874063	0.03999431
7.877396	0.03991319
7.880729	0.03980502
7.884062	0.03966981
7.887396	0.03950756
7.890729	0.03931827
7.894063	0.03910194
7.897396	0.03888561
7.900729	0.03864224
7.904062	0.03842591
7.907396	0.03820957
7.910729	0.03802028
7.914063	0.03788508
7.917396	0.03777691
7.920729	0.03774987
7.924063	0.03777691
7.927396	0.03783099
7.930729	0.03791212
7.934062	0.03799324
7.937396	0.03807437
7.940729	0.03810141
7.944063	0.03807437
7.947396	0.03799324
7.950729	0.03785803
7.954062	0.03769579
7.957396	0.03745241
7.960729	0.037182
7.964063	0.0368575
7.967396	0.03650596
7.970729	0.03612738
7.974062	0.0357488
7.977396	0.03534318
7.980729	0.0349646
7.984063	0.03458602
7.987396	0.03426152
7.990729	0.03393702
7.994062	0.03369365
7.997396	0.03350436
8.00073	0.03339619
8.004063	0.03334211
8.007396	0.03336915
8.010729	0.03345028
8.014063	0.03358548
8.017396	0.03380182
8.020729	0.03401815
8.024062	0.03426152
8.027396	0.03450489
8.030729	0.03469418
8.034062	0.03488347
8.037395	0.03499164
8.04073	0.03504572
8.044063	0.03504572
8.047396	0.0349646
8.050729	0.03485643
8.054063	0.03469418
8.057396	0.03450489
8.060729	0.03428856
8.064062	0.03409927
8.067396	0.03390998
8.070729	0.03377477
8.074062	0.03369365
8.077395	0.03366661
8.080729	0.03369365
8.084063	0.03380182
8.087396	0.03390998
8.090729	0.03407223
8.094063	0.03426152
8.097396	0.03442377
8.100729	0.03455898
8.104062	0.03466714
8.107396	0.03472123
8.110729	0.03477531
8.114062	0.03480235
8.117395	0.03485643
8.120729	0.03491052
8.124063	0.03499164
8.127396	0.03509981
8.130729	0.03523501
8.134063	0.03539726
8.137396	0.03558655
8.140729	0.0357488
8.144062	0.03591105
8.147396	0.03604626
8.150729	0.03620851
8.154062	0.03634371
8.157395	0.036533
8.160729	0.03672229
8.164063	0.03693863
8.167396	0.03715496
8.17073	0.03737129
8.174063	0.03756058
8.177396	0.03772283
8.180729	0.03783099
8.184063	0.03788508
8.187396	0.03785803
8.190729	0.03777691
8.194062	0.0376417
8.197396	0.03747945
8.200729	0.03731721
8.204062	0.037182
8.207396	0.03707383
8.21073	0.03699271
8.214063	0.03693863
8.217396	0.03693863
8.220729	0.03696567
8.224063	0.03701975
8.227396	0.03710087
8.230729	0.03715496
8.234062	0.03720904
8.237396	0.03723608
8.240729	0.03723608
8.244062	0.03712792
8.247396	0.03693863
8.25073	0.03669525
8.254063	0.03634371
8.257396	0.03593809
8.260729	0.03547839
8.264063	0.03504572
8.267396	0.03461306
8.270729	0.03423448
8.274062	0.03390998
8.277396	0.03369365
8.280729	0.0335314
8.284062	0.03342323
8.287395	0.03336915
8.29073	0.03336915
8.294063	0.03334211
8.297396	0.03331507
8.300729	0.03328803
8.304063	0.0332069
8.307396	0.03312578
8.310729	0.03299057
8.314062	0.03285536
8.317396	0.03269312
8.320729	0.03253087
8.324062	0.03236862
8.327395	0.03220637
8.330729	0.03207116
8.334063	0.03190891
8.337396	0.03174666
8.340729	0.03158442
8.344063	0.03139513
8.347396	0.03117879
8.350729	0.0309895
8.354062	0.03080021
8.357396	0.03061092
8.360729	0.03047572
8.364062	0.03036755
8.367395	0.03031347
8.370729	0.03031347
8.374063	0.03036755
8.377396	0.03044868
8.380729	0.0305298
8.384063	0.03061092
8.387396	0.03069205
8.390729	0.03074613
8.394062	0.03077317
8.397396	0.03082726
8.400729	0.0308543
8.404062	0.03090838
8.407395	0.0309895
8.410729	0.03117879
8.414063	0.03142217
8.417396	0.03182779
8.42073	0.03236862
8.424063	0.03309874
8.427396	0.03404519
8.430729	0.03520797
8.434063	0.03661413
8.437396	0.03831774
8.440729	0.04026472
8.444062	0.04253621
8.447396	0.0450781
8.450729	0.04794449
8.454062	0.05110834
8.457396	0.05456965
8.46073	0.05840954
8.464063	0.06254688
8.467396	0.0670628
8.470729	0.07193026
8.474063	0.07712222
8.477396	0.08269276
8.480729	0.08861485
8.484062	0.09486142
8.487396	0.1014055
8.490729	0.1081929
8.494062	0.1151966
8.497396	0.1223355
8.50073	0.1295556
8.504063	0.1368027
8.507396	0.1440769
8.510729	0.1512699
8.514063	0.1584088
8.517396	0.1654396
8.520729	0.1723081
8.524062	0.1790415
8.527396	0.1856125
8.530729	0.1919132
8.534062	0.1979434
8.537395	0.2036221
8.54073	0.2088411
8.544063	0.2135734
8.547396	0.2177648
8.550729	0.2213343
8.554063	0.2242277
8.557396	0.2264181
8.560729	0.2279324
8.564062	0.2287166
8.567396	0.2288248
8.570729	0.2282299
8.574062	0.2269589
8.577395	0.2250931
8.580729	0.2226052
8.584063	0.2195766
8.587396	0.2160342
8.590729	0.211978
8.594063	0.2074891
8.597396	0.2025946
8.600729	0.1973756
8.604062	0.191805
8.607396	0.1859911
8.610729	0.1799609
8.614062	0.1737413
8.617395	0.1674136
8.620729	0.1610048
8.624063	0.1545689
8.627396	0.148106
8.630729	0.1417243
8.634063	0.1353966
8.637396	0.1292041
8.640729	0.1231468
8.644062	0.1172247
8.647396	0.111519
8.650729	0.1060025
8.654062	0.1007024
8.657395	0.09561858
8.660729	0.0908052
8.664063	0.08618111
8.667396	0.08180039
8.67073	0.07760897
8.674063	0.07366092
8.677396	0.06990216
8.680729	0.06635973
8.684063	0.06300659
8.687396	0.05984274
8.690729	0.05692226
8.694062	0.05421811
8.697396	0.05175734
8.700729	0.04953994
8.704062	0.04753887
8.707396	0.04575414
8.71073	0.04415869
8.714063	0.0427255
8.717396	0.04142751
8.720729	0.04023768
8.724063	0.03910194
8.727396	0.03799324
8.730729	0.03691158
8.734062	0.03580288
8.737396	0.03469418
8.740729	0.03358548
8.744062	0.03247678
8.747396	0.03142217
8.75073	0.03042163
8.754063	0.02950223
8.757396	0.02869098
8.760729	0.0279879
8.764063	0.02739299
8.767396	0.0268792
8.770729	0.02647358
8.774062	0.026095
8.777396	0.0257705
8.780729	0.02541897
8.784062	0.02506743
8.787395	0.02471589
8.79073	0.02436435
8.794063	0.02398577
8.797396	0.02363423
8.800729	0.02328269
8.804063	0.02298523
8.807396	0.02271482
8.810729	0.02247145
8.814062	0.0223092
8.817396	0.02217399
8.820729	0.02209287
8.824062	0.02203878
8.827395	0.02201174
8.830729	0.02201174
8.834063	0.02201174
8.837396	0.02206583
8.840729	0.02211991
8.844063	0.02220103
8.847396	0.02228216
8.850729	0.02236328
8.854062	0.02244441
8.857396	0.02255257
8.860729	0.0226337
8.864062	0.02274186
8.867395	0.02282299
8.870729	0.02290411
8.874063	0.02293115
8.877396	0.02295819
8.880729	0.02295819
8.884063	0.02293115
8.887396	0.02290411
8.890729	0.02285003
8.894062	0.02279594
8.897396	0.02274186
8.900729	0.02271482
8.904062	0.02271482
8.907395	0.02271482
8.910729	0.0227689
8.914063	0.02279594
8.917396	0.02285003
8.92073	0.02290411
8.924063	0.02290411
8.927396	0.02290411
8.930729	0.02285003
8.934063	0.0227689
8.937396	0.02266074
8.940729	0.02252553
8.944062	0.02236328
8.947396	0.02222807
8.950729	0.02206583
8.954062	0.02193062
8.957396	0.02179541
8.96073	0.0216602
8.964063	0.02155204
8.967396	0.02141683
8.970729	0.02128162
8.974063	0.02117346
8.977396	0.02103825
8.980729	0.02095713
8.984062	0.02084896
8.987396	0.02079488
8.990729	0.02074079
8.994062	0.02071375
8.997396	0.02071375
9.00073	0.02068671
9.004063	0.02068671
9.007396	0.02065967
9.010729	0.02060559
9.014063	0.0205515
9.017396	0.02049742
9.020729	0.0204163
9.024062	0.02033517
9.027396	0.02025405
9.030729	0.02014588
9.034062	0.02006476
9.037395	0.01995659
9.04073	0.01987547
9.044063	0.0197673
9.047396	0.01968618
9.050729	0.01960505
9.054063	0.01957801
9.057396	0.01955097
9.060729	0.01955097
9.064062	0.01957801
9.067396	0.01960505
9.070729	0.01963209
9.074062	0.01965914
9.077395	0.01965914
9.080729	0.01965914
9.084063	0.01965914
9.087396	0.01965914
9.090729	0.01965914
9.094063	0.01968618
9.097396	0.01971322
9.100729	0.01979434
9.104062	0.01987547
9.107396	0.01998363
9.110729	0.0200918
9.114062	0.02019996
9.117395	0.02030813
9.120729	0.02038925
9.124063	0.02047038
9.127396	0.0205515
9.130729	0.02065967
9.134063	0.02076784
9.137396	0.020876
9.140729	0.02101121
9.144062	0.02117346
9.147396	0.02130866
9.150729	0.02147091
9.154062	0.02157908
9.157395	0.02163316
9.160729	0.0216602
9.164063	0.02163316
9.167396	0.021525
9.17073	0.02138979
9.174063	0.02125458
9.177396	0.02106529
9.180729	0.020876
9.184063	0.02068671
9.187396	0.02052446
9.190729	0.02036221
9.194062	0.02025405
9.197396	0.02017292
9.200729	0.02014588
9.204062	0.02017292
9.207396	0.02019996
9.21073	0.02030813
9.214063	0.0204163
9.217396	0.0205515
9.220729	0.02071375
9.224063	0.020876
9.227396	0.02103825
9.230729	0.02117346
9.234062	0.02128162
9.237396	0.02138979
9.240729	0.02144387
9.244062	0.02147091
9.247396	0.02147091
9.25073	0.02141683
9.254063	0.02133571
9.257396	0.02125458
9.260729	0.02114642
9.264063	0.02106529
9.267396	0.02098417
9.270729	0.02098417
9.274062	0.02101121
9.277396	0.02111937
9.280729	0.02128162
9.284062	0.02147091
9.287395	0.0216602
9.29073	0.02182245
9.294063	0.0219847
9.297396	0.02206583
9.300729	0.02211991
9.304063	0.02209287
9.307396	0.02203878
9.310729	0.02195766
9.314062	0.02187654
9.317396	0.02182245
9.320729	0.02176837
9.324062	0.02176837
9.327395	0.02179541
9.330729	0.02182245
9.334063	0.02184949
9.337396	0.02187654
9.340729	0.02187654
9.344063	0.02182245
9.347396	0.02174133
9.350729	0.02163316
9.354062	0.02149795
9.357396	0.02136275
9.360729	0.02122754
9.364062	0.02109233
9.367395	0.02095713
9.370729	0.02082192
9.374063	0.02068671
9.377396	0.02052446
9.380729	0.02033517
9.384063	0.02017292
9.387396	0.01998363
9.390729	0.01979434
9.394062	0.01963209
9.397396	0.01949689
9.400729	0.01938872
9.404062	0.0193076
9.407395	0.01922647
9.410729	0.01919943
9.414063	0.01917239
9.417396	0.01909127
9.42073	0.01901014
9.424063	0.01890198
9.427396	0.01873973
9.430729	0.01857748
9.434063	0.01841523
9.437396	0.01822594
9.440729	0.01803665
9.444062	0.01784736
9.447396	0.01768511
9.450729	0.01752286
9.454062	0.01738765
9.457396	0.01725245
9.46073	0.01711724
9.464063	0.01698203
9.467396	0.01684682
9.470729	0.01671162
9.474063	0.01660345
9.477396	0.01646824
9.480729	0.016306
9.484062	0.01617079
9.487396	0.01600854
9.490729	0.01584629
9.494062	0.015657
9.497396	0.01549475
9.50073	0.01530546
9.504063	0.01511617
9.507396	0.01495392
9.510729	0.01481872
9.514063	0.01465647
9.517396	0.01449422
9.520729	0.01433197
9.524062	0.01416972
9.527396	0.01400747
9.530729	0.01387226
9.534062	0.0137641
9.537395	0.01365593
9.54073	0.01362889
9.544063	0.01362889
9.547396	0.01365593
9.550729	0.01368297
9.554063	0.01371002
9.557396	0.01368297
9.560729	0.01360185
9.564062	0.01349368
9.567396	0.01330439
9.570729	0.01308806
9.574062	0.01287173
9.577395	0.01268244
9.580729	0.01254723
9.584063	0.01246611
9.587396	0.01243907
9.590729	0.01249315
9.594063	0.01257428
9.597396	0.01270948
9.600729	0.01281765
9.604062	0.01289877
9.607396	0.01300694
9.610729	0.01306102
9.614062	0.0131151
9.617395	0.01314215
9.620729	0.01316919
9.624063	0.01319623
9.627396	0.01319623
9.630729	0.01316919
9.634063	0.01314215
9.637396	0.01308806
9.640729	0.01300694
9.644062	0.01289877
9.647396	0.01279061
9.650729	0.01268244
9.654062	0.01254723
9.657395	0.01243907
9.660729	0.01235794
9.664063	0.01230386
9.667396	0.01227682
9.67073	0.0123309
9.674063	0.01241203
9.677396	0.01257428
9.680729	0.01276357
9.684063	0.01303398
9.687396	0.01333144
9.690729	0.01365593
9.694062	0.01400747
9.697396	0.01430493
9.700729	0.0145483
9.704062	0.01473759
9.707396	0.01484576
9.71073	0.01489984
9.714063	0.0148728
9.717396	0.01481872
9.720729	0.01473759
9.724063	0.01465647
9.727396	0.01462943
9.730729	0.01462943
9.734062	0.01471055
9.737396	0.01484576
9.740729	0.01503505
9.744062	0.01527842
9.747396	0.01557588
9.75073	0.01590037
9.754063	0.01622487
9.757396	0.01657641
9.760729	0.01690091
9.764063	0.01722541
9.767396	0.01749582
9.770729	0.01776623
9.774062	0.01795552
9.777396	0.01811777
9.780729	0.01825298
9.784062	0.0183341
9.787395	0.01844227
9.79073	0.01849635
9.794063	0.01857748
9.797396	0.0186586
9.800729	0.01871269
9.804063	0.01879381
9.807396	0.01884789
9.810729	0.01890198
9.814062	0.01892902
9.817396	0.01890198
9.820729	0.01887493
9.824062	0.01879381
9.827395	0.01871269
9.830729	0.01857748
9.834063	0.01846931
9.837396	0.0183341
9.840729	0.01817186
9.844063	0.01800961
9.847396	0.0178744
9.850729	0.01773919
9.854062	0.01757694
9.857396	0.01744174
9.860729	0.01725245
9.864062	0.01703611
9.867395	0.01679274
9.870729	0.01649529
9.874063	0.01619783
9.877396	0.01584629
9.880729	0.01552179
9.884063	0.0151973
9.887396	0.01489984
9.890729	0.01462943
9.894062	0.01441309
9.897396	0.01425085
9.900729	0.01414268
9.904062	0.01406155
9.907395	0.01398043
9.910729	0.01395339
9.914063	0.01389931
9.917396	0.01387226
9.92073	0.01384522
9.924063	0.01384522
9.927396	0.01381818
9.930729	0.01384522
9.934063	0.01387226
9.937396	0.01392635
9.940729	0.01398043
9.944062	0.0140886
9.947396	0.01419676
9.950729	0.01427789
9.954062	0.01435901
9.957396	0.01441309
9.96073	0.01441309
9.964063	0.01441309
9.967396	0.01438605
9.970729	0.01430493
9.974063	0.0142238
9.977396	0.01411564
9.980729	0.01398043
9.984062	0.01387226
9.987396	0.01373706
9.990729	0.01357481
9.994062	0.01335848
9.997396	0.0131151
}
[PEAK]
{
Peak ID	1
Peak Ref	1
Time	3.971155
Peak	3.154063	4.134062
Intensity	-3.0756e-05	8.922816e-05
Height	0.00638085
AreaAbs	1802.982
Area %BP	0.074968
Area %Total	0.06192478
Width	0.9799998
}
[PEAK]
{
Peak ID	2
Peak Ref	2
Time	4.324929
Peak	4.134062	4.667396
Intensity	-3.0756e-05	8.922816e-05
Height	0.03382782
AreaAbs	6601.997
Area %BP	0.2745111
Area %Total	0.2267506
Width	0.5333338
}
[PEAK]
{
Peak ID	3
Peak Ref	3
Time	5.013556
Peak	4.667396	6.114062
Intensity	-3.0756e-05	8.922816e-05
Height	0.2203528
AreaAbs	40083.37
Area %BP	1.666667
Area %Total	1.376694
Width	1.446666
}
[PEAK]
{
Peak ID	4
Peak Ref	4
Time	6.210884
Peak	6.114062	6.440729
Intensity	-3.0756e-05	8.922816e-05
Height	0.0001986293
AreaAbs	37.78305
Area %BP	0.00157102
Area %Total	0.001297688
Width	0.3266668
}
}
}
}
