[SAMPLE]
{
Sample	1
Well	1:A,9
FileName	
SampleID	ASD-E-2601204-019
SampleDescription	Aquired with Galaxy
Date	28-Jan-2026
Time	17:00:21 PRC
JobCode	
TaskCode	
UserName	Congcong_Liu2
LabName	Aquired with Galaxy
Instrument	BAD_L_22_523
Conditions	
Submitter	Huanhuan_Zhang
SampleType	
Plate	
Method	
Process	Galaxy
MSTune	
MSMethod	
InletMethod	
PreRunMethod	
PostRunMethod	
SwitchMethod	
FractionMethod	
AcquisitionProcess	
AcquisitionProcessParameters	
AcquisitionProcessOptions	
InjectionVolume	25
ReportScheme	
SampleReportEnable	0
SampleReportFormat	
AnalysisTime	0
[COMPOUND]
{
;Mono Mass	Formula
}
[FUNCTION]
{
Function	1
IonMode	ES+
Type	MS
Description	(0:0)
[SPECTRUM]
{
ProcDesc	0.00:Combine
State	OK
Peak ID	0
Peak Ref	0
Time	0
TIC	0
BPI	0
BPM	0
Continuum	FALSE
Saved	FALSE
[MASSES]
{
;Mass	Exp. Mass	Obs. Mass	% BPI	Int. Abs
}
[RESULTS]
{
;Mass	Found	% BPI	% Purity
}
[MS]
{
;Mass	% BPI
0	0
}
}
[CHROMATOGRAM]
{
TraceNumber	1
Description	scroll down chrom view to see 2D LC chrom
ProcDesc	
MaxIntensity	0
[TRACE]
{
0	0
}
[PEAK]
{
Peak ID	0
Peak Ref	0
Time	0
Peak	0
Intensity	0	0
Height	0
AreaAbs	0
Area %BP	0
Area %Total	0
}
}
}
[FUNCTION]
{
Function	0
Description	ANALOG
[CHROMATOGRAM]
{
TraceNumber	2
Description	LC
ProcDesc	Result Id:2274, VWD: Signal A, 280 nm
MaxIntensity	0.2264548
[TRACE]
{
;Time	Int. %Max
0.0021875	0.01171274
0.005520833	0.01173906
0.008854167	0.01176538
0.0121875	0.01176538
0.01552083	0.01173906
0.01885417	0.01173906
0.0221875	0.01173906
0.02552083	0.01176538
0.02885417	0.01181803
0.0321875	0.01187067
0.03552083	0.01194963
0.03885417	0.01205491
0.0421875	0.01218652
0.04552083	0.0122918
0.04885417	0.01237076
0.0521875	0.01244972
0.05552083	0.01250237
0.05885417	0.01250237
0.0621875	0.01250237
0.06552083	0.01250237
0.06885417	0.01247605
0.0721875	0.01244972
0.07552084	0.0124234
0.07885417	0.01239708
0.0821875	0.01239708
0.08552083	0.01239708
0.08885416	0.01239708
0.0921875	0.01239708
0.09552083	0.0124234
0.09885417	0.0124234
0.1021875	0.0124234
0.1055208	0.01244972
0.1088542	0.01247605
0.1121875	0.01252869
0.1155208	0.01258133
0.1188542	0.01266029
0.1221875	0.01271293
0.1255208	0.01279189
0.1288542	0.01284454
0.1321875	0.01287086
0.1355208	0.01287086
0.1388542	0.01284454
0.1421875	0.01279189
0.1455208	0.01268661
0.1488542	0.01258133
0.1521875	0.01247605
0.1555208	0.01234444
0.1588542	0.01226548
0.1621875	0.01218652
0.1655208	0.01213387
0.1688542	0.01208123
0.1721875	0.01205491
0.1755208	0.01202859
0.1788542	0.01202859
0.1821875	0.01202859
0.1855208	0.01205491
0.1888542	0.01208123
0.1921875	0.01210755
0.1955208	0.0121602
0.1988542	0.01223916
0.2021875	0.0122918
0.2055208	0.01237076
0.2088542	0.01239708
0.2121875	0.0124234
0.2155208	0.01239708
0.2188542	0.01231812
0.2221875	0.01223916
0.2255208	0.01213387
0.2288542	0.01202859
0.2321875	0.01192331
0.2355208	0.01181803
0.2388542	0.01173906
0.2421875	0.01168642
0.2455208	0.0116601
0.2488542	0.01163378
0.2521875	0.01158114
0.2555208	0.0115285
0.2588542	0.01144953
0.2621875	0.01137057
0.2655208	0.01126529
0.2688542	0.01116001
0.2721875	0.01105472
0.2755208	0.01097576
0.2788542	0.01094944
0.2821875	0.01094944
0.2855208	0.01097576
0.2888542	0.0110284
0.2921875	0.01113369
0.2955208	0.01121265
0.2988542	0.01129161
0.3021875	0.01134425
0.3055208	0.01139689
0.3088542	0.01142321
0.3121875	0.01144953
0.3155208	0.01147586
0.3188542	0.01150218
0.3221875	0.0115285
0.3255208	0.01158114
0.3288542	0.01163378
0.3321875	0.01171274
0.3355208	0.01176538
0.3388542	0.01181803
0.3421875	0.01184435
0.3455208	0.01184435
0.3488542	0.0117917
0.3521875	0.01171274
0.3555208	0.01158114
0.3588542	0.01142321
0.3621875	0.01121265
0.3655208	0.01100208
0.3688542	0.01076519
0.3721875	0.01055463
0.3755208	0.01037038
0.3788542	0.01021246
0.3821875	0.01008085
0.3855208	0.01002821
0.3888542	0.01002821
0.3921875	0.01005453
0.3955208	0.0101335
0.3988542	0.01023878
0.4021875	0.01037038
0.4055208	0.01050199
0.4088542	0.01060727
0.4121875	0.01068623
0.4155208	0.01071255
0.4188542	0.01071255
0.4221875	0.01065991
0.4255208	0.01058095
0.4288542	0.01050199
0.4321875	0.01044935
0.4355208	0.0103967
0.4388542	0.0103967
0.4421875	0.01042302
0.4455208	0.01050199
0.4488542	0.01060727
0.4521875	0.01073887
0.4555208	0.01087048
0.4588542	0.01100208
0.4621875	0.01113369
0.4655208	0.01126529
0.4688542	0.01137057
0.4721875	0.01144953
0.4755208	0.01150218
0.4788542	0.01155482
0.4821875	0.01158114
0.4855208	0.01158114
0.4888542	0.01155482
0.4921875	0.0115285
0.4955208	0.01144953
0.4988542	0.01137057
0.5021875	0.01126529
0.5055208	0.01116001
0.5088542	0.01108104
0.5121875	0.01097576
0.5155208	0.0108968
0.5188541	0.01081784
0.5221875	0.01076519
0.5255209	0.01071255
0.5288542	0.01065991
0.5321875	0.01058095
0.5355209	0.01052831
0.5388542	0.01042302
0.5421875	0.01029142
0.5455208	0.01015982
0.5488542	0.01000189
0.5521875	0.009817647
0.5555208	0.009633402
0.5588542	0.009449156
0.5621875	0.009291232
0.5655208	0.009133307
0.5688542	0.009028024
0.5721875	0.008949062
0.5755208	0.008949062
0.5788541	0.008949062
0.5821875	0.009001703
0.5855208	0.009080666
0.5888542	0.009133307
0.5921875	0.00921227
0.5955209	0.009264911
0.5988542	0.009264911
0.6021875	0.009264911
0.6055208	0.00921227
0.6088542	0.009159628
0.6121875	0.009106986
0.6155208	0.009028024
0.6188542	0.009001703
0.6221875	0.008975383
0.6255208	0.008975383
0.6288542	0.009001703
0.6321875	0.009028024
0.6355208	0.009080666
0.6388541	0.009106986
0.6421875	0.009133307
0.6455208	0.009106986
0.6488542	0.009106986
0.6521875	0.009054345
0.6555209	0.009028024
0.6588542	0.009001703
0.6621875	0.009028024
0.6655208	0.009054345
0.6688542	0.009133307
0.6721875	0.00923859
0.6755208	0.009343873
0.6788542	0.009422836
0.6821875	0.009475477
0.6855208	0.009475477
0.6888542	0.009449156
0.6921875	0.009343873
0.6955208	0.00921227
0.6988541	0.009080666
0.7021875	0.008922741
0.7055208	0.008791137
0.7088541	0.008712175
0.7121875	0.008685854
0.7155209	0.008659533
0.7188542	0.008685854
0.7221875	0.008712175
0.7255208	0.008738496
0.7288542	0.008764817
0.7321875	0.008791137
0.7355208	0.008817458
0.7388542	0.0088701
0.7421875	0.00889642
0.7455208	0.008922741
0.7488542	0.008975383
0.7521875	0.009028024
0.7555208	0.009080666
0.7588542	0.009106986
0.7621875	0.009133307
0.7655208	0.009133307
0.7688541	0.009133307
0.7721875	0.009080666
0.7755209	0.009054345
0.7788542	0.008975383
0.7821875	0.008922741
0.7855209	0.008843779
0.7888542	0.008791137
0.7921875	0.008712175
0.7955208	0.008633213
0.7988542	0.008580571
0.8021875	0.00855425
0.8055208	0.00852793
0.8088542	0.00852793
0.8121875	0.00855425
0.8155208	0.008606892
0.8188542	0.008685854
0.8221875	0.008791137
0.8255208	0.0088701
0.8288541	0.008975383
0.8321875	0.009054345
0.8355208	0.009106986
0.8388542	0.009133307
0.8421875	0.009159628
0.8455209	0.009159628
0.8488542	0.009133307
0.8521875	0.009106986
0.8555208	0.009106986
0.8588542	0.009080666
0.8621875	0.009080666
0.8655208	0.009106986
0.8688542	0.009106986
0.8721875	0.009133307
0.8755208	0.009133307
0.8788542	0.009133307
0.8821875	0.009133307
0.8855208	0.009080666
0.8888541	0.009054345
0.8921875	0.009001703
0.8955208	0.008949062
0.8988542	0.00889642
0.9021875	0.0088701
0.9055209	0.0088701
0.9088542	0.0088701
0.9121875	0.00889642
0.9155208	0.008949062
0.9188542	0.009028024
0.9221875	0.009080666
0.9255208	0.009159628
0.9288542	0.00923859
0.9321875	0.009291232
0.9355208	0.009317553
0.9388542	0.009317553
0.9421875	0.009264911
0.9455208	0.009185949
0.9488541	0.009054345
0.9521875	0.0088701
0.9555208	0.008659533
0.9588541	0.008396326
0.9621875	0.008159439
0.9655209	0.007922552
0.9688542	0.007738307
0.9721875	0.007606703
0.9755208	0.00752774
0.9788542	0.00752774
0.9821875	0.007606703
0.9855208	0.007685665
0.9888542	0.007817269
0.9921875	0.007948873
0.9955208	0.008027835
0.9988542	0.008106797
1.002187	0.008159439
1.005521	0.00818576
1.008854	0.00818576
1.012187	0.00818576
1.015521	0.00818576
1.018854	0.00821208
1.022187	0.008238401
1.025521	0.008264722
1.028854	0.008291043
1.032187	0.008291043
1.035521	0.008264722
1.038854	0.00821208
1.042187	0.008159439
1.045521	0.008080477
1.048854	0.007975193
1.052187	0.007896231
1.055521	0.00784359
1.058854	0.007817269
1.062188	0.00784359
1.065521	0.007922552
1.068854	0.008027835
1.072188	0.00818576
1.075521	0.008370005
1.078854	0.00852793
1.082188	0.008712175
1.085521	0.008843779
1.088854	0.008949062
1.092188	0.009001703
1.095521	0.008975383
1.098854	0.008922741
1.102188	0.008791137
1.105521	0.008606892
1.108854	0.008396326
1.112188	0.00818576
1.115521	0.007975193
1.118854	0.007790948
1.122187	0.007633023
1.125521	0.00752774
1.128854	0.007475099
1.132187	0.007475099
1.135521	0.00750142
1.138854	0.007554061
1.142187	0.007633023
1.145521	0.007711986
1.148854	0.007817269
1.152187	0.007922552
1.155521	0.008027835
1.158854	0.008133118
1.162187	0.00821208
1.165521	0.008317363
1.168854	0.008396326
1.172187	0.008475288
1.175521	0.008501609
1.178854	0.008501609
1.182188	0.008475288
1.185521	0.008422647
1.188854	0.008343684
1.192188	0.008264722
1.195521	0.008159439
1.198854	0.008054156
1.202188	0.007975193
1.205521	0.007896231
1.208854	0.00784359
1.212188	0.007790948
1.215521	0.007738307
1.218854	0.007685665
1.222188	0.007633023
1.225521	0.007554061
1.228854	0.00750142
1.232188	0.007475099
1.235521	0.007448778
1.238854	0.007422457
1.242188	0.007422457
1.245521	0.007448778
1.248854	0.007448778
1.252187	0.007448778
1.255521	0.007396137
1.258854	0.007343496
1.262187	0.007264534
1.265521	0.00715925
1.268854	0.007027647
1.272187	0.006948684
1.275521	0.006869722
1.278854	0.006843401
1.282187	0.00681708
1.285521	0.006843401
1.288854	0.006843401
1.292187	0.006869722
1.295521	0.006869722
1.298854	0.006869722
1.302187	0.006843401
1.305521	0.00681708
1.308854	0.00679076
1.312188	0.006764439
1.315521	0.00679076
1.318854	0.006843401
1.322188	0.006922364
1.325521	0.007027647
1.328854	0.007106609
1.332188	0.007185571
1.335521	0.007238213
1.338854	0.007264534
1.342188	0.007264534
1.345521	0.007264534
1.348854	0.007211892
1.352188	0.007185571
1.355521	0.00713293
1.358854	0.007106609
1.362188	0.007053967
1.365521	0.007027647
1.368854	0.006975005
1.372187	0.006922364
1.375521	0.006843401
1.378854	0.006738118
1.382187	0.006659156
1.385521	0.006580194
1.388854	0.006501231
1.392187	0.00644859
1.395521	0.006422269
1.398854	0.006422269
1.402187	0.00644859
1.405521	0.006474911
1.408854	0.006527552
1.412187	0.006553873
1.415521	0.006580194
1.418854	0.006580194
1.422187	0.006580194
1.425521	0.006553873
1.428854	0.006527552
1.432188	0.006474911
1.435521	0.00644859
1.438854	0.00644859
1.442188	0.006422269
1.445521	0.006422269
1.448854	0.006474911
1.452188	0.006527552
1.455521	0.006580194
1.458854	0.006659156
1.462188	0.006738118
1.465521	0.006843401
1.468854	0.006922364
1.472188	0.006975005
1.475521	0.007053967
1.478854	0.007106609
1.482188	0.00715925
1.485521	0.007185571
1.488854	0.007185571
1.492188	0.007211892
1.495521	0.007211892
1.498854	0.007211892
1.502187	0.007185571
1.505521	0.00715925
1.508854	0.007106609
1.512187	0.007027647
1.515521	0.006922364
1.518854	0.006843401
1.522187	0.006764439
1.525521	0.006711797
1.528854	0.006711797
1.532187	0.006711797
1.535521	0.006764439
1.538854	0.006869722
1.542187	0.006975005
1.545521	0.007080288
1.548854	0.007185571
1.552187	0.007238213
1.555521	0.007264534
1.558854	0.007238213
1.562188	0.007185571
1.565521	0.007106609
1.568854	0.007001326
1.572188	0.006869722
1.575521	0.006764439
1.578854	0.006659156
1.582188	0.006580194
1.585521	0.006474911
1.588854	0.006395948
1.592188	0.006316986
1.595521	0.006211703
1.598854	0.006132741
1.602188	0.006053778
1.605521	0.006001137
1.608854	0.005974816
1.612188	0.006001137
1.615521	0.006053778
1.618854	0.006159061
1.622187	0.006264344
1.625521	0.006395948
1.628854	0.006527552
1.632187	0.006659156
1.635521	0.006738118
1.638854	0.00681708
1.642187	0.006869722
1.645521	0.006896043
1.648854	0.006948684
1.652187	0.006975005
1.655521	0.007027647
1.658854	0.007106609
1.662187	0.007185571
1.665521	0.007264534
1.668854	0.007317175
1.672187	0.007369816
1.675521	0.007369816
1.678854	0.007369816
1.682188	0.007317175
1.685521	0.007264534
1.688854	0.00715925
1.692188	0.007053967
1.695521	0.006948684
1.698854	0.006869722
1.702188	0.00681708
1.705521	0.006764439
1.708854	0.006738118
1.712188	0.006711797
1.715521	0.006711797
1.718854	0.006711797
1.722188	0.006711797
1.725521	0.006659156
1.728854	0.006632835
1.732188	0.006553873
1.735521	0.006474911
1.738854	0.006395948
1.742188	0.006290665
1.745521	0.006238024
1.748854	0.006159061
1.752187	0.00610642
1.755521	0.006080099
1.758854	0.006080099
1.762187	0.00610642
1.765521	0.006185382
1.768854	0.006264344
1.772187	0.006369627
1.775521	0.006501231
1.778854	0.006659156
1.782187	0.00681708
1.785521	0.006948684
1.788854	0.007053967
1.792187	0.00713293
1.795521	0.00715925
1.798854	0.00713293
1.802187	0.007080288
1.805521	0.006975005
1.808854	0.006896043
1.812188	0.00681708
1.815521	0.00679076
1.818854	0.00681708
1.822188	0.006922364
1.825521	0.007080288
1.828854	0.007317175
1.832188	0.007580382
1.835521	0.007896231
1.838854	0.00818576
1.842188	0.008448967
1.845521	0.008685854
1.848854	0.008843779
1.852188	0.008949062
1.855521	0.009001703
1.858854	0.008975383
1.862188	0.00889642
1.865521	0.008791137
1.868854	0.008659533
1.872187	0.00852793
1.875521	0.008396326
1.878854	0.008291043
1.882187	0.008238401
1.885521	0.008238401
1.888854	0.008264722
1.892187	0.008343684
1.895521	0.008475288
1.898854	0.008659533
1.902187	0.008843779
1.905521	0.009054345
1.908854	0.009291232
1.912187	0.009528119
1.915521	0.009765006
1.918854	0.009975572
1.922187	0.01018614
1.925521	0.01037038
1.928854	0.01052831
1.932188	0.01065991
1.935521	0.01079152
1.938854	0.0108968
1.942188	0.01100208
1.945521	0.01105472
1.948854	0.01108104
1.952188	0.01110736
1.955521	0.01110736
1.958854	0.01110736
1.962188	0.01108104
1.965521	0.0110284
1.968854	0.01097576
1.972188	0.0108968
1.975521	0.01084416
1.978854	0.01079152
1.982188	0.01073887
1.985521	0.01068623
1.988854	0.01063359
1.992188	0.01058095
1.995521	0.01052831
1.998854	0.01044935
2.002187	0.01037038
2.005521	0.01029142
2.008854	0.01021246
2.012187	0.0101335
2.015521	0.01002821
2.018854	0.009975572
2.022187	0.00992293
2.025521	0.00989661
2.028854	0.00989661
2.032187	0.009949251
2.035521	0.01002821
2.038854	0.01015982
2.042187	0.01031774
2.045521	0.01052831
2.048854	0.01071255
2.052187	0.01092312
2.055521	0.01110736
2.058854	0.01126529
2.062187	0.01137057
2.065521	0.01144953
2.068854	0.01147586
2.072187	0.01144953
2.075521	0.01137057
2.078854	0.01129161
2.082187	0.01118633
2.085521	0.01108104
2.088854	0.01097576
2.092187	0.0108968
2.095521	0.01081784
2.098854	0.01073887
2.102187	0.01068623
2.105521	0.01060727
2.108854	0.01055463
2.112187	0.01047567
2.115521	0.0103967
2.118854	0.01031774
2.122188	0.01021246
2.125521	0.01008085
2.128854	0.009949251
2.132188	0.009817647
2.135521	0.009686043
2.138854	0.009528119
2.142188	0.009370194
2.145521	0.00923859
2.148854	0.009106986
2.152188	0.009001703
2.155521	0.008949062
2.158854	0.00889642
2.162188	0.00889642
2.165521	0.008922741
2.168854	0.008949062
2.172188	0.008975383
2.175521	0.009001703
2.178854	0.009028024
2.182188	0.009028024
2.185521	0.009001703
2.188854	0.008975383
2.192188	0.00889642
2.195521	0.008817458
2.198854	0.008738496
2.202188	0.008633213
2.205521	0.00852793
2.208854	0.008396326
2.212188	0.008238401
2.215521	0.008106797
2.218854	0.007948873
2.222188	0.007817269
2.225521	0.007685665
2.228854	0.00752774
2.232188	0.007422457
2.235521	0.007317175
2.238854	0.007238213
2.242188	0.00715925
2.245521	0.007106609
2.248854	0.007027647
2.252187	0.006975005
2.255521	0.006896043
2.258854	0.00681708
2.262187	0.006711797
2.265521	0.006580194
2.268854	0.006422269
2.272187	0.006238024
2.275521	0.006053778
2.278854	0.005869533
2.282187	0.005711608
2.285521	0.005606325
2.288854	0.005527363
2.292187	0.005527363
2.295521	0.005580004
2.298854	0.005658967
2.302187	0.005790571
2.305521	0.005948495
2.308854	0.00610642
2.312187	0.006238024
2.315521	0.006369627
2.318854	0.006501231
2.322187	0.006580194
2.325521	0.006606514
2.328854	0.006632835
2.332187	0.006606514
2.335521	0.006553873
2.338854	0.006501231
2.342187	0.006422269
2.345521	0.006343307
2.348854	0.006238024
2.352187	0.00610642
2.355521	0.006001137
2.358854	0.005895854
2.362187	0.005816891
2.365521	0.005711608
2.368854	0.005632646
2.372188	0.005553684
2.375521	0.005474721
2.378854	0.00542208
2.382188	0.005395759
2.385521	0.005369438
2.388854	0.005369438
2.392188	0.005369438
2.395521	0.00542208
2.398854	0.005474721
2.402188	0.005527363
2.405521	0.005580004
2.408854	0.005632646
2.412188	0.005632646
2.415521	0.005606325
2.418854	0.005527363
2.422188	0.005448401
2.425521	0.005343117
2.428854	0.005264155
2.432188	0.005185193
2.435521	0.005106231
2.438854	0.00507991
2.442188	0.00507991
2.445521	0.00507991
2.448854	0.005106231
2.452188	0.005132551
2.455521	0.005158872
2.458854	0.005185193
2.462188	0.005185193
2.465521	0.005211514
2.468854	0.005211514
2.472188	0.005211514
2.475521	0.005237834
2.478854	0.005237834
2.482188	0.005264155
2.485521	0.005264155
2.488854	0.005264155
2.492188	0.005264155
2.495521	0.005264155
2.498854	0.005264155
2.502187	0.005237834
2.505521	0.005237834
2.508854	0.005237834
2.512187	0.005264155
2.515521	0.005290476
2.518854	0.005316797
2.522187	0.005343117
2.525521	0.005395759
2.528854	0.005395759
2.532187	0.005395759
2.535521	0.005395759
2.538854	0.005369438
2.542187	0.005343117
2.545521	0.005290476
2.548854	0.005211514
2.552187	0.005185193
2.555521	0.005132551
2.558854	0.005132551
2.562187	0.005132551
2.565521	0.005158872
2.568854	0.005211514
2.572187	0.005237834
2.575521	0.005290476
2.578854	0.005369438
2.582187	0.00542208
2.585521	0.005501042
2.588854	0.005527363
2.592187	0.005553684
2.595521	0.005553684
2.598854	0.005527363
2.602187	0.005448401
2.605521	0.005343117
2.608854	0.005185193
2.612187	0.005000948
2.615521	0.004816702
2.618854	0.004632457
2.622188	0.004500853
2.625521	0.004421891
2.628854	0.004369249
2.632188	0.00439557
2.635521	0.004474532
2.638854	0.004606136
2.642188	0.004764061
2.645521	0.004921985
2.648854	0.00507991
2.652188	0.005211514
2.655521	0.005343117
2.658854	0.00542208
2.662188	0.005474721
2.665521	0.005527363
2.668854	0.005553684
2.672188	0.005553684
2.675521	0.005553684
2.678854	0.005553684
2.682188	0.005553684
2.685521	0.005553684
2.688854	0.005527363
2.692188	0.005501042
2.695521	0.005474721
2.698854	0.005395759
2.702188	0.005343117
2.705521	0.005290476
2.708854	0.005264155
2.712188	0.005237834
2.715521	0.005264155
2.718854	0.005316797
2.722188	0.00542208
2.725521	0.005553684
2.728854	0.005711608
2.732188	0.005895854
2.735521	0.006080099
2.738854	0.006264344
2.742188	0.00644859
2.745521	0.006606514
2.748854	0.00679076
2.752187	0.006922364
2.755521	0.007053967
2.758854	0.00715925
2.762187	0.007238213
2.765521	0.007317175
2.768854	0.007343496
2.772187	0.007343496
2.775521	0.007343496
2.778854	0.007317175
2.782187	0.007264534
2.785521	0.007211892
2.788854	0.00715925
2.792187	0.007106609
2.795521	0.007080288
2.798854	0.007053967
2.802187	0.007027647
2.805521	0.007001326
2.808854	0.006975005
2.812187	0.006948684
2.815521	0.006922364
2.818854	0.006896043
2.822187	0.006869722
2.825521	0.006869722
2.828854	0.006869722
2.832187	0.006896043
2.835521	0.006896043
2.838854	0.006922364
2.842187	0.006948684
2.845521	0.006948684
2.848854	0.006975005
2.852187	0.006975005
2.855521	0.006975005
2.858854	0.007001326
2.862187	0.007001326
2.865521	0.007027647
2.868854	0.007053967
2.872188	0.007080288
2.875521	0.007080288
2.878854	0.007080288
2.882188	0.007027647
2.885521	0.006922364
2.888854	0.00679076
2.892188	0.006606514
2.895521	0.006422269
2.898854	0.006211703
2.902188	0.006001137
2.905521	0.005816891
2.908854	0.005685287
2.912188	0.005606325
2.915521	0.005553684
2.918854	0.005580004
2.922188	0.005606325
2.925521	0.005685287
2.928854	0.005737929
2.932188	0.005790571
2.935521	0.005816891
2.938854	0.005816891
2.942188	0.005790571
2.945521	0.00576425
2.948854	0.005737929
2.952188	0.005737929
2.955521	0.005737929
2.958854	0.00576425
2.962188	0.005790571
2.965521	0.005869533
2.968854	0.005948495
2.972188	0.006027457
2.975521	0.006132741
2.978854	0.006238024
2.982188	0.006316986
2.985521	0.006369627
2.988854	0.006422269
2.992188	0.00644859
2.995521	0.006422269
2.998854	0.006395948
3.002187	0.006343307
3.005521	0.006238024
3.008854	0.006080099
3.012187	0.005922174
3.015521	0.00576425
3.018854	0.005606325
3.022187	0.005474721
3.025521	0.005343117
3.028854	0.005264155
3.032187	0.005237834
3.035521	0.005264155
3.038854	0.005316797
3.042187	0.005395759
3.045521	0.005474721
3.048854	0.005501042
3.052187	0.005527363
3.055521	0.005501042
3.058854	0.00542208
3.062187	0.005316797
3.065521	0.005158872
3.068854	0.005000948
3.072187	0.004843023
3.075521	0.004685098
3.078854	0.004553494
3.082187	0.004474532
3.085521	0.00439557
3.088854	0.004369249
3.092187	0.004342928
3.095521	0.004342928
3.098854	0.004369249
3.102187	0.004421891
3.105521	0.004474532
3.108854	0.004527174
3.112187	0.004579815
3.115521	0.004606136
3.118854	0.004658778
3.122188	0.004711419
3.125521	0.00473774
3.128854	0.004790381
3.132188	0.004816702
3.135521	0.004843023
3.138854	0.004921985
3.142188	0.004974627
3.145521	0.00507991
3.148854	0.005158872
3.152188	0.005264155
3.155521	0.005369438
3.158854	0.005474721
3.162188	0.005553684
3.165521	0.005632646
3.168854	0.005658967
3.172188	0.005685287
3.175521	0.005685287
3.178854	0.005685287
3.182188	0.005737929
3.185521	0.005816891
3.188854	0.005948495
3.192188	0.006132741
3.195521	0.006369627
3.198854	0.006685477
3.202188	0.007080288
3.205521	0.00750142
3.208854	0.007948873
3.212188	0.008422647
3.215521	0.0088701
3.218854	0.009317553
3.222188	0.009738685
3.225521	0.0101335
3.228854	0.01047567
3.232188	0.01081784
3.235521	0.01110736
3.238854	0.01139689
3.242188	0.0116601
3.245521	0.01192331
3.248854	0.01221284
3.252187	0.01247605
3.255521	0.01276557
3.258854	0.01308142
3.262187	0.01342359
3.265521	0.01379208
3.268854	0.01421322
3.272187	0.01468699
3.275521	0.01518708
3.278854	0.0157135
3.282187	0.01629256
3.285521	0.01684529
3.288854	0.01742435
3.292187	0.01797709
3.295521	0.0185035
3.298854	0.01902992
3.302187	0.01953001
3.305521	0.02005643
3.308854	0.02058284
3.312187	0.02113558
3.315521	0.02176728
3.318854	0.02245162
3.322187	0.02324124
3.325521	0.0240835
3.328854	0.02500473
3.332187	0.0259786
3.335521	0.02697879
3.338854	0.02803162
3.342187	0.02908445
3.345521	0.03018992
3.348854	0.03126907
3.352187	0.03240087
3.355521	0.0335853
3.358854	0.03479606
3.362187	0.0361121
3.365521	0.0375071
3.368854	0.03895474
3.372188	0.04050767
3.375521	0.04213955
3.378854	0.04382408
3.382188	0.04561389
3.385521	0.04748267
3.388854	0.0494304
3.392188	0.05150974
3.395521	0.05366805
3.398854	0.05595796
3.402188	0.05837947
3.405521	0.06090626
3.408854	0.06351202
3.412188	0.06622306
3.415521	0.06898674
3.418854	0.07182938
3.422188	0.07467202
3.425521	0.07754098
3.428854	0.08048891
3.432188	0.08346316
3.435521	0.08656901
3.438854	0.08980647
3.442188	0.09317553
3.445521	0.09670251
3.448854	0.1003874
3.452188	0.1042566
3.455521	0.10831
3.458854	0.112495
3.462188	0.1168116
3.465521	0.1212861
3.468854	0.1258396
3.472188	0.130551
3.475521	0.1353414
3.478854	0.1402897
3.482188	0.1453696
3.485521	0.1505548
3.488854	0.1558453
3.492188	0.1612674
3.495521	0.1667947
3.498854	0.1724274
3.502187	0.178139
3.505521	0.1839295
3.508854	0.1898254
3.512187	0.1958002
3.515521	0.2018803
3.518854	0.2080394
3.522187	0.21433
3.525521	0.220726
3.528854	0.2272798
3.532187	0.2339653
3.535521	0.2407824
3.538854	0.2477311
3.542187	0.2548377
3.545521	0.2621022
3.548854	0.2694983
3.552187	0.277105
3.555521	0.2848697
3.558854	0.2928186
3.562187	0.300978
3.565521	0.309348
3.568854	0.3179549
3.572187	0.3268513
3.575521	0.336011
3.578854	0.3454601
3.582187	0.3552251
3.585521	0.3652796
3.588854	0.3756763
3.592187	0.3863889
3.595521	0.3974436
3.598854	0.4088142
3.602187	0.4205006
3.605521	0.4325292
3.608854	0.4448736
3.612187	0.4575602
3.615521	0.4705364
3.618854	0.4838547
3.622188	0.4974625
3.625521	0.5113336
3.628854	0.5254415
3.632188	0.53976
3.635521	0.5542627
3.638854	0.5688971
3.642188	0.5836104
3.645521	0.5983764
3.648854	0.6131687
3.652188	0.6279083
3.655521	0.6425953
3.658854	0.6571507
3.662188	0.6715481
3.665521	0.6857613
3.668854	0.699685
3.672188	0.7133455
3.675521	0.7266638
3.678854	0.7395873
3.682188	0.7520897
3.685521	0.7641446
3.688854	0.7757257
3.692188	0.7867804
3.695521	0.7973088
3.698854	0.807258
3.702188	0.8166545
3.705521	0.8254457
3.708854	0.8337104
3.712188	0.841396
3.715521	0.8485553
3.718854	0.8552408
3.722188	0.8615051
3.725521	0.8673746
3.728854	0.872981
3.732188	0.878403
3.735521	0.8836935
3.738854	0.8890103
3.742188	0.894406
3.745521	0.9000123
3.748854	0.9059345
3.752187	0.9123305
3.755521	0.9192791
3.758854	0.9269648
3.762187	0.9355191
3.765521	0.9451261
3.768854	0.9559177
3.772187	0.9680515
3.775521	0.9817383
3.778854	0.9971623
3.782187	1.014429
3.785521	1.033774
3.788854	1.055331
3.792187	1.07923
3.795521	1.105604
3.798854	1.134636
3.802187	1.166352
3.805521	1.200885
3.808854	1.238234
3.812187	1.278452
3.815521	1.321487
3.818854	1.367311
3.822187	1.415899
3.825521	1.46712
3.828854	1.520867
3.832187	1.577009
3.835521	1.635388
3.838854	1.695768
3.842187	1.75799
3.845521	1.821766
3.848854	1.886778
3.852187	1.952738
3.855521	2.019277
3.858854	2.086
3.862187	2.152539
3.865521	2.218499
3.868854	2.283458
3.872188	2.347023
3.875521	2.408824
3.878854	2.468467
3.882188	2.525583
3.885521	2.57983
3.888854	2.630866
3.892188	2.678375
3.895521	2.722041
3.898854	2.761601
3.902188	2.796819
3.905521	2.827456
3.908854	2.853356
3.912188	2.874386
3.915521	2.890442
3.918854	2.901496
3.922188	2.907498
3.925521	2.908498
3.928854	2.904523
3.932188	2.895679
3.935521	2.882098
3.938854	2.863884
3.942188	2.841248
3.945521	2.814375
3.948854	2.783527
3.952188	2.748968
3.955521	2.710934
3.958854	2.669768
3.962188	2.625734
3.965521	2.579146
3.968854	2.530347
3.972188	2.479627
3.975521	2.427275
3.978854	2.373554
3.982188	2.318781
3.985521	2.263218
3.988854	2.207102
3.992188	2.15067
3.995521	2.094212
3.998854	2.037912
4.002188	1.98198
4.005521	1.926707
4.008854	1.872223
4.012187	1.818765
4.015521	1.766492
4.018854	1.715588
4.022188	1.66621
4.025521	1.618464
4.028854	1.572508
4.032187	1.528447
4.035521	1.486413
4.038854	1.446458
4.042188	1.408688
4.045521	1.373207
4.048854	1.340043
4.052187	1.309353
4.055521	1.281216
4.058854	1.255711
4.062188	1.233023
4.065521	1.213256
4.068854	1.196595
4.072187	1.183224
4.075521	1.173354
4.078854	1.167221
4.082188	1.165115
4.085521	1.167326
4.088854	1.174196
4.092187	1.186172
4.095521	1.203675
4.098854	1.227232
4.102188	1.257475
4.105521	1.295008
4.108854	1.340569
4.112187	1.394922
4.115521	1.458908
4.118854	1.533395
4.122188	1.61928
4.125521	1.717509
4.128854	1.829004
4.132187	1.954791
4.135521	2.095791
4.138854	2.252979
4.142188	2.427328
4.145521	2.619706
4.148854	2.830957
4.152187	3.061842
4.155521	3.312969
4.158854	3.584836
4.162188	3.877812
4.165521	4.19203
4.168854	4.527462
4.172187	4.883819
4.175521	5.26068
4.178854	5.657334
4.182188	6.072833
4.185521	6.50602
4.188854	6.955421
4.192187	7.419377
4.195521	7.895915
4.198854	8.382849
4.202188	8.877759
4.205521	9.377985
4.208854	9.880685
4.212187	10.38291
4.215521	10.88148
4.218854	11.37326
4.222188	11.85495
4.225521	12.32336
4.228854	12.77529
4.232187	13.20763
4.235521	13.61739
4.238854	14.00173
4.242188	14.35803
4.245521	14.68388
4.248854	14.97707
4.252188	15.23572
4.255521	15.45819
4.258854	15.64322
4.262187	15.78978
4.265521	15.89724
4.268854	15.96531
4.272188	15.99405
4.275521	15.98384
4.278854	15.93541
4.282187	15.84979
4.285521	15.72834
4.288854	15.57263
4.292188	15.38449
4.295521	15.16592
4.298854	14.91909
4.302187	14.6463
4.305521	14.3499
4.308854	14.03242
4.312188	13.69635
4.315521	13.34421
4.318854	12.97851
4.322187	12.60178
4.325521	12.21644
4.328854	11.8249
4.332188	11.42932
4.335521	11.0319
4.338854	10.63456
4.342187	10.23917
4.345521	9.84739
4.348854	9.460711
4.352188	9.080482
4.355521	8.707858
4.358854	8.343894
4.362187	7.989459
4.365521	7.645288
4.368854	7.311988
4.372188	6.98998
4.375521	6.679632
4.378854	6.381128
4.382187	6.094601
4.385521	5.820075
4.388854	5.55742
4.392188	5.306557
4.395521	5.067196
4.398854	4.8391
4.402187	4.622006
4.405521	4.41552
4.408854	4.219324
4.412188	4.033
4.415521	3.856177
4.418854	3.688434
4.422187	3.529352
4.425521	3.378534
4.428854	3.235507
4.432188	3.099902
4.435521	2.971273
4.438854	2.84925
4.442187	2.733438
4.445521	2.623496
4.448854	2.519108
4.452188	2.419958
4.455521	2.325782
4.458854	2.236265
4.462187	2.15117
4.465521	2.070286
4.468854	1.993324
4.472188	1.920074
4.475521	1.850324
4.478854	1.783864
4.482187	1.720536
4.485521	1.66013
4.488854	1.60254
4.492188	1.547609
4.495521	1.495204
4.498854	1.445247
4.502188	1.397607
4.505521	1.352177
4.508854	1.308906
4.512187	1.267661
4.515521	1.228338
4.518854	1.190883
4.522188	1.155166
4.525521	1.121107
4.528854	1.088653
4.532187	1.057674
4.535521	1.028142
4.538854	0.9999786
4.542188	0.9731314
4.545521	0.9475476
4.548854	0.9232273
4.552187	0.9000913
4.555521	0.8780872
4.558854	0.8572148
4.562188	0.8374479
4.565521	0.8187339
4.568854	0.8010463
4.572187	0.7843853
4.575521	0.7687244
4.578854	0.7540901
4.582188	0.7404822
4.585521	0.7279009
4.588854	0.7163461
4.592187	0.7058704
4.595521	0.6965002
4.598854	0.6882355
4.602188	0.6811289
4.605521	0.6752067
4.608854	0.6704953
4.612187	0.6670473
4.615521	0.6649679
4.618854	0.6642573
4.622188	0.6650732
4.625521	0.6674421
4.628854	0.6715218
4.632187	0.677444
4.635521	0.6853402
4.638854	0.6953684
4.642188	0.7077129
4.645521	0.7225315
4.648854	0.7400084
4.652187	0.7603544
4.655521	0.7837272
4.658854	0.8103639
4.662188	0.8403959
4.665521	0.8740338
4.668854	0.9114882
4.672187	0.952996
4.675521	0.9987679
4.678854	1.049014
4.682188	1.103998
4.685521	1.163904
4.688854	1.228943
4.692187	1.299298
4.695521	1.375102
4.698854	1.456512
4.702188	1.543582
4.705521	1.636362
4.708854	1.734907
4.712187	1.839216
4.715521	1.94929
4.718854	2.065101
4.722188	2.186677
4.725521	2.313991
4.728854	2.447042
4.732187	2.585805
4.735521	2.730359
4.738854	2.880729
4.742188	3.037022
4.745521	3.199421
4.748854	3.36819
4.752188	3.54367
4.755521	3.726389
4.758854	3.91703
4.762187	4.116463
4.765521	4.325845
4.768854	4.546597
4.772188	4.780431
4.775521	5.029425
4.778854	5.296055
4.782187	5.583162
4.785521	5.89401
4.788854	6.232363
4.792188	6.602407
4.795521	7.008799
4.798854	7.456674
4.802187	7.951688
4.805521	8.499924
4.808854	9.107987
4.812188	9.782772
4.815521	10.53165
4.818854	11.3621
4.822187	12.2819
4.825521	13.29878
4.828854	14.42036
4.832188	15.65409
4.835521	17.00698
4.838854	18.48555
4.842187	20.09554
4.845521	21.84198
4.848854	23.72875
4.852188	25.75853
4.855521	27.93265
4.858854	30.25083
4.862187	32.71106
4.865521	35.30947
4.868854	38.04012
4.872188	40.895
4.875521	43.86396
4.878854	46.9348
4.882187	50.09327
4.885521	53.32314
4.888854	56.60642
4.892188	59.92341
4.895521	63.25299
4.898854	66.5728
4.902187	69.85956
4.905521	73.0892
4.908854	76.23729
4.912188	79.27934
4.915521	82.19111
4.918854	84.949
4.922187	87.5304
4.925521	89.91414
4.928854	92.08063
4.932188	94.01229
4.935521	95.69376
4.938854	97.11224
4.942187	98.25749
4.945521	99.1221
4.948854	99.70144
4.952188	99.99374
4.955521	100
4.958854	99.7239
4.962187	99.17169
4.965521	98.35211
4.968854	97.27606
4.972188	95.9565
4.975521	94.40821
4.978854	92.64753
4.982187	90.69216
4.985521	88.56086
4.988854	86.27319
4.992188	83.84929
4.995521	81.30936
4.998854	78.67368
5.002188	75.96203
5.005521	73.19377
5.008854	70.3874
5.012187	67.56046
5.015521	64.72953
5.018854	61.90987
5.022188	59.11563
5.025521	56.35963
5.028854	53.65344
5.032187	51.00726
5.035521	48.43006
5.038854	45.92935
5.042188	43.51144
5.045521	41.18137
5.048854	38.94295
5.052187	36.79891
5.055521	34.75089
5.058854	32.79965
5.062188	30.94504
5.065521	29.18623
5.068854	27.52173
5.072187	25.94957
5.075521	24.46723
5.078854	23.07189
5.082188	21.76041
5.085521	20.52933
5.088854	19.37511
5.092187	18.29401
5.095521	17.28224
5.098854	16.33598
5.102188	15.45134
5.105521	14.62456
5.108854	13.85196
5.112187	13.12996
5.115521	12.45512
5.118854	11.82421
5.122188	11.23413
5.125521	10.68192
5.128854	10.16484
5.132187	9.680358
5.135521	9.226009
5.138854	8.799534
5.142188	8.398799
5.145521	8.021833
5.148854	7.666792
5.152187	7.332018
5.155521	7.015906
5.158854	6.717034
5.162188	6.434112
5.165521	6.165956
5.168854	5.911487
5.172187	5.669731
5.175521	5.439766
5.178854	5.220777
5.182188	5.012027
5.185521	4.812884
5.188854	4.622717
5.192187	4.441051
5.195521	4.267386
5.198854	4.101328
5.202188	3.942456
5.205521	3.790506
5.208854	3.645111
5.212187	3.506005
5.215521	3.372901
5.218854	3.245588
5.222188	3.123802
5.225521	3.007332
5.228854	2.895995
5.232187	2.789607
5.235521	2.688009
5.238854	2.591069
5.242188	2.498604
5.245521	2.410561
5.248854	2.32673
5.252188	2.247057
5.255521	2.171358
5.258854	2.099502
5.262187	2.031384
5.265521	1.966846
5.268854	1.905755
5.272188	1.847955
5.275521	1.793313
5.278854	1.741672
5.282187	1.692899
5.285521	1.646812
5.288854	1.603303
5.292188	1.56219
5.295521	1.523341
5.298854	1.486597
5.302187	1.451827
5.305521	1.418926
5.308854	1.38771
5.312188	1.358099
5.315521	1.329936
5.318854	1.303115
5.322187	1.277505
5.325521	1.253
5.328854	1.229443
5.332188	1.206781
5.335521	1.184829
5.338854	1.163536
5.342187	1.142795
5.345521	1.122502
5.348854	1.102603
5.352188	1.083047
5.355521	1.063728
5.358854	1.044671
5.362187	1.025773
5.365521	1.007059
5.368854	0.9885028
5.372188	0.9701045
5.375521	0.9518116
5.378854	0.9336766
5.382187	0.9156732
5.385521	0.8978014
5.388854	0.8800612
5.392188	0.8624527
5.395521	0.845002
5.398854	0.8277092
5.402187	0.8105744
5.405521	0.7936238
5.408854	0.7768575
5.412188	0.7603281
5.415521	0.7440618
5.418854	0.7280325
5.422187	0.7122664
5.425521	0.6968161
5.428854	0.681629
5.432188	0.6667577
5.435521	0.652176
5.438854	0.6378839
5.442187	0.6238812
5.445521	0.6101681
5.448854	0.5967445
5.452188	0.5836631
5.455521	0.5708975
5.458854	0.5585004
5.462187	0.5464455
5.465521	0.534759
5.468854	0.5234411
5.472188	0.512518
5.475521	0.501937
5.478854	0.4916983
5.482187	0.4817753
5.485521	0.4721946
5.488854	0.4629033
5.492188	0.4539016
5.495521	0.4451895
5.498854	0.4367405
5.502188	0.4285548
5.505521	0.4206059
5.508854	0.4129202
5.512187	0.4054715
5.515521	0.3982332
5.518854	0.3912056
5.522188	0.3843622
5.525521	0.3777294
5.528854	0.3712808
5.532187	0.3649901
5.535521	0.3588837
5.538854	0.3529089
5.542188	0.3470394
5.545521	0.3413277
5.548854	0.3357214
5.552187	0.3302467
5.555521	0.3249036
5.558854	0.3196921
5.562188	0.3145858
5.565521	0.3095849
5.568854	0.3047156
5.572187	0.2999778
5.575521	0.295319
5.578854	0.2907392
5.582188	0.2862384
5.585521	0.2817901
5.588854	0.2774209
5.592187	0.2731043
5.595521	0.2688666
5.598854	0.264708
5.602188	0.2606019
5.605521	0.2566012
5.608854	0.2526267
5.612187	0.2487576
5.615521	0.2449147
5.618854	0.2411246
5.622188	0.2373607
5.625521	0.2335968
5.628854	0.2298856
5.632187	0.2261744
5.635521	0.2225158
5.638854	0.2188572
5.642188	0.2152513
5.645521	0.2116716
5.648854	0.2081446
5.652187	0.204644
5.655521	0.2011696
5.658854	0.1977479
5.662188	0.1943262
5.665521	0.1909572
5.668854	0.1876144
5.672187	0.184298
5.675521	0.1810079
5.678854	0.1777442
5.682188	0.1745067
5.685521	0.1713482
5.688854	0.168216
5.692187	0.1651365
5.695521	0.1621359
5.698854	0.1591617
5.702188	0.1562138
5.705521	0.1533185
5.708854	0.1504495
5.712187	0.1476069
5.715521	0.1447642
5.718854	0.1419742
5.722188	0.1391842
5.725521	0.1364205
5.728854	0.1337358
5.732187	0.1311037
5.735521	0.1285506
5.738854	0.1260765
5.742188	0.1237076
5.745521	0.1213914
5.748854	0.1191804
5.752188	0.1170221
5.755521	0.1149165
5.758854	0.1128635
5.762187	0.1108368
5.765521	0.1088364
5.768854	0.1068886
5.772188	0.1049409
5.775521	0.1030195
5.778854	0.1011507
5.782187	0.09928194
5.785521	0.09751845
5.788854	0.09578128
5.792188	0.09414939
5.795521	0.09257015
5.798854	0.09104354
5.802187	0.0895959
5.805521	0.08817457
5.808854	0.08680589
5.812188	0.08548986
5.815521	0.08422646
5.818854	0.08296306
5.822187	0.08175231
5.825521	0.08056787
5.828854	0.07943608
5.832188	0.07835693
5.835521	0.0773041
5.838854	0.07627759
5.842187	0.07530372
5.845521	0.07432985
5.848854	0.07338231
5.852188	0.07243476
5.855521	0.07151353
5.858854	0.0705923
5.862187	0.0696974
5.865521	0.06882881
5.868854	0.06801287
5.872188	0.06722325
5.875521	0.06651259
5.878854	0.06582825
5.882187	0.06517023
5.885521	0.06456485
5.888854	0.06395947
5.892188	0.06335409
5.895521	0.06274872
5.898854	0.06216966
5.902187	0.06156428
5.905521	0.06098522
5.908854	0.06040617
5.912188	0.05985343
5.915521	0.05932702
5.918854	0.05882692
5.922187	0.05835315
5.925521	0.05787937
5.928854	0.0574056
5.932188	0.05693183
5.935521	0.05643173
5.938854	0.05593164
5.942187	0.05540522
5.945521	0.05485249
5.948854	0.05429975
5.952188	0.05377333
5.955521	0.05322059
5.958854	0.05269418
5.962187	0.05219408
5.965521	0.05169399
5.968854	0.0511939
5.972188	0.0506938
5.975521	0.05016739
5.978854	0.04964097
5.982187	0.04911455
5.985521	0.04856182
5.988854	0.04800908
5.992188	0.04750899
5.995521	0.04700889
5.998854	0.04653512
6.002188	0.04614031
6.005521	0.04577182
6.008854	0.04545597
6.012187	0.04519276
6.015521	0.04492955
6.018854	0.04471899
6.022188	0.04450842
6.025521	0.04432418
6.028854	0.04416625
6.032187	0.04400833
6.035521	0.0438504
6.038854	0.04369248
6.042188	0.04353455
6.045521	0.04335031
6.048854	0.04316606
6.052187	0.0429555
6.055521	0.04271861
6.058854	0.0424554
6.062188	0.04221851
6.065521	0.04195531
6.068854	0.0416921
6.072187	0.04145521
6.075521	0.04124465
6.078854	0.04103408
6.082188	0.04087616
6.085521	0.04071823
6.088854	0.04058663
6.092187	0.0404287
6.095521	0.04032342
6.098854	0.04019182
6.102188	0.04003389
6.105521	0.03987597
6.108854	0.03971804
6.112187	0.03950748
6.115521	0.03929691
6.118854	0.0390337
6.122188	0.03874417
6.125521	0.03842832
6.128854	0.03805983
6.132187	0.03769134
6.135521	0.03727021
6.138854	0.03682276
6.142188	0.0363753
6.145521	0.03590153
6.148854	0.03542776
6.152187	0.03495398
6.155521	0.03448021
6.158854	0.03403276
6.162188	0.03361162
6.165521	0.03324313
6.168854	0.03290096
6.172187	0.03263775
6.175521	0.03240087
6.178854	0.0321903
6.182188	0.03203238
6.185521	0.03190077
6.188854	0.03176917
6.192187	0.03166389
6.195521	0.03153228
6.198854	0.031427
6.202188	0.03134804
6.205521	0.03126907
6.208854	0.03119011
6.212187	0.03116379
6.215521	0.03111115
6.218854	0.03108483
6.222188	0.03100587
6.225521	0.0309269
6.228854	0.03082162
6.232187	0.0306637
6.235521	0.03045313
6.238854	0.03021624
6.242188	0.02990039
6.245521	0.02958455
6.248854	0.02918973
6.252188	0.02882124
6.255521	0.02842643
6.258854	0.02803162
6.262187	0.02766313
6.265521	0.02732096
6.268854	0.02703143
6.272188	0.02676822
6.275521	0.02658398
6.278854	0.02645237
6.282187	0.02634709
6.285521	0.02626813
6.288854	0.02618917
6.292188	0.0261102
6.295521	0.02600492
6.298854	0.02587332
6.302187	0.02568907
6.305521	0.02550483
6.308854	0.02529426
6.312188	0.02508369
6.315521	0.02489945
6.318854	0.0247152
6.322187	0.0245836
6.325521	0.02445199
6.328854	0.02434671
6.332188	0.02426775
6.335521	0.02418879
6.338854	0.0240835
6.342187	0.0239519
6.345521	0.02379398
6.348854	0.02360973
6.352188	0.02339916
6.355521	0.02316228
6.358854	0.02295171
6.362187	0.02274115
6.365521	0.02260954
6.368854	0.02247794
6.372188	0.0224253
6.375521	0.02239898
6.378854	0.02239898
6.382187	0.02237265
6.385521	0.02234633
6.388854	0.02226737
6.392188	0.02216209
6.395521	0.02203048
6.398854	0.02184624
6.402187	0.02163567
6.405521	0.02145143
6.408854	0.02131982
6.412188	0.02121454
6.415521	0.0211619
6.418854	0.02118822
6.422187	0.02126718
6.425521	0.02137247
6.428854	0.02153039
6.432188	0.02171464
6.435521	0.0219252
6.438854	0.02210945
6.442187	0.02232001
6.445521	0.02250426
6.448854	0.02271482
6.452188	0.02295171
6.455521	0.02321492
6.458854	0.02347813
6.462187	0.02379398
6.465521	0.02416247
6.468854	0.02455728
6.472188	0.02500473
6.475521	0.02547851
6.478854	0.02595228
6.482187	0.02645237
6.485521	0.02692615
6.488854	0.0273736
6.492188	0.02776841
6.495521	0.02811058
6.498854	0.02840011
6.502188	0.02861068
6.505521	0.02879492
6.508854	0.02892653
6.512187	0.02903181
6.515521	0.02908445
6.518854	0.02908445
6.522188	0.02905813
6.525521	0.02897917
6.528854	0.02884756
6.532187	0.028637
6.535521	0.02837379
6.538854	0.02808426
6.542188	0.02776841
6.545521	0.02742624
6.548854	0.02708407
6.552187	0.0267419
6.555521	0.02639973
6.558854	0.02605756
6.562188	0.02574171
6.565521	0.02542586
6.568854	0.02511001
6.572187	0.02479416
6.575521	0.02450464
6.578854	0.02421511
6.582188	0.02392558
6.585521	0.02368869
6.588854	0.02345181
6.592187	0.02321492
6.595521	0.02300435
6.598854	0.02282011
6.602188	0.02260954
6.605521	0.02237265
6.608854	0.02210945
6.612187	0.02181992
6.615521	0.02150407
6.618854	0.02110926
6.622188	0.02068813
6.625521	0.02026699
6.628854	0.01979322
6.632187	0.01934577
6.635521	0.01887199
6.638854	0.01842454
6.642188	0.01800341
6.645521	0.0176086
6.648854	0.01726643
6.652187	0.01695058
6.655521	0.01663473
6.658854	0.0163452
6.662188	0.01605567
6.665521	0.01576614
6.668854	0.01547661
6.672187	0.01521341
6.675521	0.01492388
6.678854	0.01466067
6.682188	0.01442378
6.685521	0.01423954
6.688854	0.01408161
6.692187	0.01397633
6.695521	0.01395001
6.698854	0.01397633
6.702188	0.01402897
6.705521	0.01416057
6.708854	0.01429218
6.712187	0.0144501
6.715521	0.01460803
6.718854	0.01479227
6.722188	0.0149502
6.725521	0.0150818
6.728854	0.01521341
6.732187	0.01534501
6.735521	0.01550293
6.738854	0.01563454
6.742188	0.01581878
6.745521	0.01602935
6.748854	0.01623992
6.752188	0.0164768
6.755521	0.01674001
6.758854	0.01700322
6.762187	0.01726643
6.765521	0.01750331
6.768854	0.0177402
6.772188	0.01792444
6.775521	0.01808237
6.778854	0.01818765
6.782187	0.01824029
6.785521	0.01818765
6.788854	0.01805605
6.792188	0.01781916
6.795521	0.01747699
6.798854	0.01700322
6.802187	0.01642416
6.805521	0.01573982
6.808854	0.01500284
6.812188	0.0141869
6.815521	0.01334463
6.818854	0.01247605
6.822187	0.01160746
6.825521	0.01071255
6.828854	0.009817647
6.832188	0.008949062
6.835521	0.008054156
6.838854	0.007185571
6.842187	0.006343307
6.845521	0.005553684
6.848854	0.004790381
6.852188	0.004079721
6.855521	0.003474341
6.858854	0.002947926
6.862187	0.002500473
6.865521	0.002158303
6.868854	0.001921416
6.872188	0.001789812
6.875521	0.001737171
6.878854	0.001789812
6.882187	0.001921416
6.885521	0.002131982
6.888854	0.002421511
6.892188	0.002763681
6.895521	0.003184813
6.898854	0.003711228
6.902187	0.004290287
6.905521	0.005000948
6.908854	0.00576425
6.912188	0.006659156
6.915521	0.007606703
6.918854	0.008659533
6.922187	0.009765006
6.925521	0.01092312
6.928854	0.01210755
6.932188	0.01331831
6.935521	0.01452907
6.938854	0.0157135
6.942187	0.01687161
6.945521	0.01802973
6.948854	0.01916152
6.952188	0.02024067
6.955521	0.02131982
6.958854	0.02239898
6.962187	0.02342549
6.965521	0.02445199
6.968854	0.02545218
6.972188	0.02642605
6.975521	0.0273736
6.978854	0.02824219
6.982187	0.02905813
6.985521	0.02979511
6.988854	0.03045313
6.992188	0.03103219
6.995521	0.03150596
6.998854	0.03190077
7.002188	0.03221662
7.005521	0.03245351
7.008854	0.03261143
7.012187	0.03266408
7.015521	0.03263775
7.018854	0.03250615
7.022188	0.03224294
7.025521	0.03184813
7.028854	0.03134804
7.032187	0.03074266
7.035521	0.030032
7.038854	0.02921605
7.042188	0.02837379
7.045521	0.02745256
7.048854	0.02653134
7.052187	0.02558379
7.055521	0.02466256
7.058854	0.02374133
7.062188	0.02282011
7.065521	0.02195152
7.068854	0.02113558
7.072187	0.02034596
7.075521	0.01963529
7.078854	0.01897728
7.082188	0.01839822
7.085521	0.01789812
7.088854	0.01745067
7.092187	0.01705586
7.095521	0.01674001
7.098854	0.01645048
7.102188	0.01623992
7.105521	0.01610831
7.108854	0.01602935
7.112187	0.01602935
7.115521	0.01608199
7.118854	0.01621359
7.122188	0.01642416
7.125521	0.01668737
7.128854	0.01700322
7.132187	0.01731907
7.135521	0.01766124
7.138854	0.01800341
7.142188	0.01834558
7.145521	0.01866143
7.148854	0.01895095
7.152187	0.01924048
7.155521	0.01947737
7.158854	0.01971426
7.162188	0.01992482
7.165521	0.02010907
7.168854	0.02026699
7.172187	0.0203986
7.175521	0.02050388
7.178854	0.02060916
7.182188	0.02068813
7.185521	0.02076709
7.188854	0.02084605
7.192187	0.02089869
7.195521	0.02097765
7.198854	0.0210303
7.202188	0.02108294
7.205521	0.02113558
7.208854	0.0211619
7.212187	0.02118822
7.215521	0.02121454
7.218854	0.02121454
7.222188	0.02121454
7.225521	0.0211619
7.228854	0.02108294
7.232187	0.02097765
7.235521	0.02081973
7.238854	0.02063548
7.242188	0.02042492
7.245521	0.02021435
7.248854	0.01997746
7.252188	0.01974058
7.255521	0.01953001
7.258854	0.01937209
7.262187	0.01924048
7.265521	0.01918784
7.268854	0.01916152
7.272188	0.01918784
7.275521	0.01929312
7.278854	0.01942473
7.282187	0.01960897
7.285521	0.01979322
7.288854	0.02000379
7.292188	0.02021435
7.295521	0.02042492
7.298854	0.02058284
7.302187	0.02076709
7.305521	0.02089869
7.308854	0.0210303
7.312188	0.02113558
7.315521	0.02124086
7.318854	0.02131982
7.322187	0.02139879
7.325521	0.02145143
7.328854	0.02147775
7.332188	0.02150407
7.335521	0.02150407
7.338854	0.02147775
7.342187	0.02142511
7.345521	0.02131982
7.348854	0.02118822
7.352188	0.02100397
7.355521	0.02079341
7.358854	0.02058284
7.362187	0.02031963
7.365521	0.02008275
7.368854	0.01981954
7.372188	0.01960897
7.375521	0.01939841
7.378854	0.01921416
7.382187	0.01905624
7.385521	0.01892463
7.388854	0.01876671
7.392188	0.01860878
7.395521	0.01845086
7.398854	0.01826661
7.402187	0.01802973
7.405521	0.01776652
7.408854	0.01750331
7.412188	0.01721378
7.415521	0.01692426
7.418854	0.01663473
7.422187	0.01637152
7.425521	0.01616095
7.428854	0.01597671
7.432188	0.01587142
7.435521	0.01579246
7.438854	0.01576614
7.442187	0.01576614
7.445521	0.01579246
7.448854	0.0158451
7.452188	0.0158451
7.455521	0.01581878
7.458854	0.01576614
7.462187	0.01566086
7.465521	0.01550293
7.468854	0.01534501
7.472188	0.01516076
7.475521	0.01500284
7.478854	0.01484491
7.482187	0.01471331
7.485521	0.01460803
7.488854	0.01455539
7.492188	0.01452907
7.495521	0.01452907
7.498854	0.01458171
7.502188	0.01460803
7.505521	0.01466067
7.508854	0.01466067
7.512187	0.01466067
7.515521	0.01463435
7.518854	0.01455539
7.522188	0.0144501
7.525521	0.01429218
7.528854	0.01413425
7.532187	0.01397633
7.535521	0.01379208
7.538854	0.01366048
7.542188	0.0135552
7.545521	0.01347623
7.548854	0.01344991
7.552187	0.01344991
7.555521	0.01347623
7.558854	0.0135552
7.562188	0.01363416
7.565521	0.01373944
7.568854	0.0138184
7.572187	0.01387105
7.575521	0.01387105
7.578854	0.01384473
7.582188	0.01376576
7.585521	0.01366048
7.588854	0.0135552
7.592187	0.01339727
7.595521	0.01329199
7.598854	0.01318671
7.602188	0.01310774
7.605521	0.01308142
7.608854	0.01310774
7.612187	0.01313406
7.615521	0.01321303
7.618854	0.01326567
7.622188	0.01331831
7.625521	0.01334463
7.628854	0.01331831
7.632187	0.01326567
7.635521	0.01318671
7.638854	0.01308142
7.642188	0.01297614
7.645521	0.01287086
7.648854	0.01276557
7.652187	0.01266029
7.655521	0.01258133
7.658854	0.01252869
7.662188	0.01250237
7.665521	0.01247605
7.668854	0.01247605
7.672187	0.01247605
7.675521	0.01250237
7.678854	0.01250237
7.682188	0.01250237
7.685521	0.01250237
7.688854	0.01250237
7.692187	0.01247605
7.695521	0.01244972
7.698854	0.0124234
7.702188	0.01237076
7.705521	0.01231812
7.708854	0.01226548
7.712187	0.01221284
7.715521	0.0121602
7.718854	0.01210755
7.722188	0.01202859
7.725521	0.01194963
7.728854	0.01187067
7.732187	0.01181803
7.735521	0.01173906
7.738854	0.01171274
7.742188	0.0116601
7.745521	0.01163378
7.748854	0.01163378
7.752188	0.01163378
7.755521	0.01168642
7.758854	0.01176538
7.762187	0.01184435
7.765521	0.01194963
7.768854	0.01205491
7.772188	0.01213387
7.775521	0.01221284
7.778854	0.01223916
7.782187	0.01226548
7.785521	0.01226548
7.788854	0.01221284
7.792188	0.01210755
7.795521	0.01200227
7.798854	0.01189699
7.802187	0.01181803
7.805521	0.01173906
7.808854	0.01168642
7.812188	0.0116601
7.815521	0.0116601
7.818854	0.0116601
7.822187	0.0116601
7.825521	0.0116601
7.828854	0.0116601
7.832188	0.01163378
7.835521	0.01163378
7.838854	0.01158114
7.842187	0.01155482
7.845521	0.0115285
7.848854	0.01150218
7.852188	0.01147586
7.855521	0.01144953
7.858854	0.01142321
7.862187	0.01139689
7.865521	0.01137057
7.868854	0.01129161
7.872188	0.01123897
7.875521	0.01116001
7.878854	0.01108104
7.882187	0.01100208
7.885521	0.01094944
7.888854	0.0108968
7.892188	0.0108968
7.895521	0.01092312
7.898854	0.01097576
7.902187	0.01105472
7.905521	0.01116001
7.908854	0.01123897
7.912188	0.01129161
7.915521	0.01129161
7.918854	0.01129161
7.922187	0.01121265
7.925521	0.01110736
7.928854	0.01097576
7.932188	0.01081784
7.935521	0.01063359
7.938854	0.01047567
7.942187	0.01031774
7.945521	0.01015982
7.948854	0.01002821
7.952188	0.00992293
7.955521	0.009843968
7.958854	0.009765006
7.962187	0.009686043
7.965521	0.009633402
7.968854	0.00958076
7.972188	0.009528119
7.975521	0.009449156
7.978854	0.009396515
7.982187	0.009343873
7.985521	0.009291232
7.988854	0.00923859
7.992188	0.00923859
7.995521	0.00923859
7.998854	0.009264911
8.002188	0.009317553
8.005521	0.009370194
8.008854	0.009449156
8.012188	0.009528119
8.015521	0.00958076
8.018854	0.009633402
8.022187	0.009686043
8.025521	0.009712364
8.028854	0.009712364
8.032187	0.009738685
8.035521	0.009738685
8.038855	0.009738685
8.042188	0.009738685
8.045521	0.009738685
8.048854	0.009738685
8.052188	0.009712364
8.055521	0.009686043
8.058854	0.009659723
8.062187	0.009659723
8.065521	0.009633402
8.068854	0.009633402
8.072187	0.009633402
8.075521	0.009633402
8.078855	0.009633402
8.082188	0.009607081
8.085521	0.00958076
8.088854	0.00955444
8.092188	0.009528119
8.095521	0.009501798
8.098854	0.009475477
8.102187	0.009475477
8.105521	0.009528119
8.108854	0.00958076
8.112187	0.009633402
8.11552	0.009712364
8.118855	0.009738685
8.122188	0.009765006
8.125521	0.009738685
8.128854	0.009659723
8.132188	0.00955444
8.135521	0.009422836
8.138854	0.009317553
8.142187	0.00921227
8.145521	0.009159628
8.148854	0.009159628
8.152187	0.00921227
8.15552	0.009317553
8.158854	0.009449156
8.162188	0.00958076
8.165521	0.009765006
8.168854	0.00992293
8.172188	0.01005453
8.175521	0.01018614
8.178854	0.01031774
8.182187	0.0103967
8.185521	0.01047567
8.188854	0.01050199
8.192187	0.01050199
8.19552	0.01047567
8.198854	0.0103967
8.202188	0.01029142
8.205521	0.01018614
8.208854	0.01005453
8.212188	0.009949251
8.215521	0.009817647
8.218854	0.009738685
8.222187	0.009659723
8.225521	0.00958076
8.228854	0.00955444
8.232187	0.009501798
8.23552	0.009475477
8.238854	0.009449156
8.242188	0.009449156
8.245521	0.009449156
8.248855	0.009449156
8.252188	0.009475477
8.255521	0.009528119
8.258854	0.00955444
8.262188	0.00958076
8.265521	0.009607081
8.268854	0.009607081
8.272187	0.00958076
8.275521	0.009528119
8.278854	0.009449156
8.282187	0.009343873
8.285521	0.00921227
8.288855	0.009080666
8.292188	0.008922741
8.295521	0.008791137
8.298854	0.008659533
8.302188	0.00855425
8.305521	0.008475288
8.308854	0.008422647
8.312187	0.008396326
8.315521	0.008396326
8.318854	0.008396326
8.322187	0.008396326
8.325521	0.008422647
8.328855	0.008422647
8.332188	0.008448967
8.335521	0.008448967
8.338854	0.008448967
8.342188	0.008422647
8.345521	0.008422647
8.348854	0.008396326
8.352187	0.008370005
8.355521	0.008343684
8.358854	0.008317363
8.362187	0.008317363
8.36552	0.008317363
8.368855	0.008317363
8.372188	0.008343684
8.375521	0.008343684
8.378854	0.008343684
8.382188	0.008343684
8.385521	0.008317363
8.388854	0.008291043
8.392187	0.008238401
8.395521	0.00818576
8.398854	0.008106797
8.402187	0.008054156
8.40552	0.007975193
8.408854	0.007922552
8.412188	0.007896231
8.415521	0.00786991
8.418854	0.007896231
8.422188	0.007948873
8.425521	0.008001514
8.428854	0.008054156
8.432187	0.008133118
8.435521	0.00818576
8.438854	0.00818576
8.442187	0.00818576
8.44552	0.008106797
8.448854	0.007975193
8.452188	0.007817269
8.455521	0.007606703
8.458854	0.007343496
8.462188	0.007080288
8.465521	0.006843401
8.468854	0.006580194
8.472187	0.006395948
8.475521	0.006238024
8.478854	0.006132741
8.482187	0.00610642
8.48552	0.006132741
8.488854	0.006211703
8.492188	0.006316986
8.495521	0.006474911
8.498855	0.006632835
8.502188	0.00679076
8.505521	0.006948684
8.508854	0.007080288
8.512188	0.00715925
8.515521	0.007211892
8.518854	0.007211892
8.522187	0.00715925
8.525521	0.007106609
8.528854	0.007027647
8.532187	0.006948684
8.535521	0.006869722
8.538855	0.00681708
8.542188	0.006764439
8.545521	0.006764439
8.548854	0.00679076
8.552188	0.00681708
8.555521	0.006869722
8.558854	0.006896043
8.562187	0.006896043
8.565521	0.006843401
8.568854	0.00679076
8.572187	0.006711797
8.575521	0.006606514
8.578855	0.006474911
8.582188	0.006395948
8.585521	0.006316986
8.588854	0.006290665
8.592188	0.006290665
8.595521	0.006343307
8.598854	0.006422269
8.602187	0.006527552
8.605521	0.006632835
8.608854	0.006685477
8.612187	0.006738118
8.61552	0.006738118
8.618855	0.006685477
8.622188	0.006632835
8.625521	0.006553873
8.628854	0.006422269
8.632188	0.006316986
8.635521	0.006211703
8.638854	0.00610642
8.642187	0.006001137
8.645521	0.005922174
8.648854	0.005843212
8.652187	0.00576425
8.65552	0.005711608
8.658854	0.005632646
8.662188	0.005580004
8.665521	0.005527363
8.668854	0.005448401
8.672188	0.005395759
8.675521	0.005316797
8.678854	0.005237834
8.682187	0.005185193
8.685521	0.005158872
8.688854	0.005185193
8.692187	0.005237834
8.69552	0.005343117
8.698854	0.005501042
8.702188	0.005685287
8.705521	0.005895854
8.708854	0.006080099
8.712188	0.006238024
8.715521	0.006343307
8.718854	0.006395948
8.722187	0.006343307
8.725521	0.006238024
8.728854	0.006053778
8.732187	0.005843212
8.73552	0.005553684
8.738854	0.005264155
8.742188	0.004948306
8.745521	0.004658778
8.748855	0.004369249
8.752188	0.004132362
8.755521	0.003921796
8.758854	0.00376387
8.762188	0.003632266
8.765521	0.003579624
8.768854	0.003579624
8.772187	0.003605945
8.775521	0.003684908
8.778854	0.00376387
8.782187	0.003895474
8.785521	0.004000758
8.788855	0.004132362
8.792188	0.004237645
8.795521	0.004316608
8.798854	0.00439557
8.802188	0.004474532
8.805521	0.004527174
8.808854	0.004606136
8.812187	0.004685098
8.815521	0.00473774
8.818854	0.004764061
8.822187	0.004790381
8.825521	0.004764061
8.828855	0.004685098
8.832188	0.004553494
8.835521	0.00439557
8.838854	0.004185004
8.842188	0.003948117
8.845521	0.003737549
8.848854	0.003526983
8.852187	0.003395379
8.855521	0.003290096
8.858854	0.003237454
8.862187	0.003263775
8.86552	0.003316417
8.868855	0.003369058
8.872188	0.003474341
8.875521	0.003553304
8.878854	0.003658587
8.882188	0.003737549
8.885521	0.003816511
8.888854	0.003842832
8.892187	0.003869153
8.895521	0.003895474
8.898854	0.003895474
8.902187	0.003895474
8.90552	0.003869153
8.908854	0.003816511
8.912188	0.00376387
8.915521	0.003684908
8.918854	0.003579624
8.922188	0.003448021
8.925521	0.003316417
8.928854	0.003158492
8.932187	0.003000568
8.935521	0.002842643
8.938854	0.002684718
8.942187	0.002579435
8.94552	0.002474152
8.948854	0.002421511
8.952188	0.00239519
8.955521	0.00239519
8.958854	0.002447831
8.962188	0.002500473
8.965521	0.002605756
8.968854	0.002684718
8.972187	0.002763681
8.975521	0.002842643
8.978854	0.002868964
8.982187	0.002895284
8.98552	0.002895284
8.988854	0.002895284
8.992188	0.002895284
8.995521	0.002895284
8.998855	0.002895284
9.002188	0.002895284
9.005521	0.002895284
9.008854	0.002921605
9.012188	0.002921605
9.015521	0.002921605
9.018854	0.002895284
9.022187	0.002868964
9.025521	0.002816322
9.028854	0.002763681
9.032187	0.00273736
9.035521	0.002684718
9.038855	0.002658398
9.042188	0.002632077
9.045521	0.002605756
9.048854	0.002605756
9.052188	0.002579435
9.055521	0.002579435
9.058854	0.002605756
9.062187	0.002605756
9.065521	0.002632077
9.068854	0.002658398
9.072187	0.002684718
9.075521	0.002711039
9.078855	0.00273736
9.082188	0.002763681
9.085521	0.002763681
9.088854	0.00273736
9.092188	0.00273736
9.095521	0.002763681
9.098854	0.002816322
9.102187	0.002895284
9.105521	0.003026888
9.108854	0.003211134
9.112187	0.003448021
9.11552	0.003684908
9.118855	0.003948117
9.122188	0.004185004
9.125521	0.004369249
9.128854	0.004527174
9.132188	0.004658778
9.135521	0.004711419
9.138854	0.004711419
9.142187	0.004685098
9.145521	0.004606136
9.148854	0.004500853
9.152187	0.00439557
9.15552	0.004263966
9.158854	0.004158683
9.162188	0.0040534
9.165521	0.003948117
9.168854	0.003895474
9.172188	0.003869153
9.175521	0.003895474
9.178854	0.003948117
9.182187	0.0040534
9.185521	0.004158683
9.188854	0.004290287
9.192187	0.004448211
9.19552	0.004579815
9.198854	0.004685098
9.202188	0.004790381
9.205521	0.004816702
9.208854	0.004816702
9.212188	0.004764061
9.215521	0.004685098
9.218854	0.004579815
9.222187	0.004421891
9.225521	0.004263966
9.228854	0.004079721
9.232187	0.003895474
9.23552	0.003737549
9.238854	0.003579624
9.242188	0.003474341
9.245521	0.003369058
9.248855	0.003290096
9.252188	0.003263775
9.255521	0.003263775
9.258854	0.003290096
9.262188	0.003342738
9.265521	0.003448021
9.268854	0.003526983
9.272187	0.003658587
9.275521	0.00376387
9.278854	0.003869153
9.282187	0.003974438
9.285521	0.0040534
9.288855	0.004106041
9.292188	0.004132362
9.295521	0.004158683
9.298854	0.004106041
9.302188	0.0040534
9.305521	0.003948117
9.308854	0.003790191
9.312187	0.003605945
9.315521	0.0034217
9.318854	0.003211134
9.322187	0.003000568
9.325521	0.002842643
9.328855	0.002711039
9.332188	0.002605756
9.335521	0.002553114
9.338854	0.002553114
9.342188	0.002579435
9.345521	0.002605756
9.348854	0.002658398
9.352187	0.002684718
9.355521	0.002711039
9.358854	0.002711039
9.362187	0.002711039
9.36552	0.002711039
9.368855	0.002711039
9.372188	0.00273736
9.375521	0.002763681
9.378854	0.002790001
9.382188	0.002842643
9.385521	0.002895284
9.388854	0.002921605
9.392187	0.002947926
9.395521	0.002947926
9.398854	0.002921605
9.402187	0.002868964
9.40552	0.002816322
9.408854	0.00273736
9.412188	0.002632077
9.415521	0.002526794
9.418854	0.002447831
9.422188	0.002342548
9.425521	0.002263586
9.428854	0.002184624
9.432187	0.002105661
9.435521	0.00205302
9.438854	0.002026699
9.442187	0.002026699
9.44552	0.00205302
9.448854	0.002079341
9.452188	0.002131982
9.455521	0.002158303
9.458854	0.002184624
9.462188	0.002158303
9.465521	0.002105661
9.468854	0.002026699
9.472187	0.001895095
9.475521	0.001737171
9.478854	0.001579246
9.482187	0.001447642
9.48552	0.001316038
9.488854	0.001237076
9.492188	0.001210755
9.495521	0.001210755
9.498855	0.001237076
9.502188	0.001289718
9.505521	0.001342359
9.508854	0.001395001
9.512188	0.001421321
9.515521	0.001447642
9.518854	0.001421321
9.522187	0.001395001
9.525521	0.001316038
9.528854	0.001237076
9.532187	0.001131793
9.535521	0.001052831
9.538855	0.0009475476
9.542188	0.0008949061
9.545521	0.0008422646
9.548854	0.0008422646
9.552188	0.0008685853
9.555521	0.0009212269
9.558854	0.001000189
9.562187	0.001052831
9.565521	0.001105472
9.568854	0.001131793
9.572187	0.001105472
9.575521	0.001052831
9.578855	0.0009475476
9.582188	0.0008159438
9.585521	0.00068434
9.588854	0.0005527361
9.592188	0.0005000946
9.595521	0.0005000946
9.598854	0.0005527361
9.602187	0.00068434
9.605521	0.0008685853
9.608854	0.001079151
9.612187	0.001316038
9.61552	0.001526605
9.618855	0.001684529
9.622188	0.001842454
9.625521	0.001921416
9.628854	0.001974058
9.632188	0.002000378
9.635521	0.002000378
9.638854	0.001974058
9.642187	0.001947737
9.645521	0.001921416
9.648854	0.001895095
9.652187	0.001895095
9.65552	0.001895095
9.658854	0.001921416
9.662188	0.001947737
9.665521	0.002026699
9.668854	0.002105661
9.672188	0.002210945
9.675521	0.002342548
9.678854	0.002447831
9.682187	0.002553114
9.685521	0.002632077
9.688854	0.002684718
9.692187	0.002711039
9.69552	0.00273736
9.698854	0.00273736
9.702188	0.00273736
9.705521	0.002790001
9.708854	0.002842643
9.712188	0.002895284
9.715521	0.002947926
9.718854	0.002974247
9.722187	0.003000568
9.725521	0.002974247
9.728854	0.002921605
9.732187	0.002816322
9.73552	0.002684718
9.738854	0.002553114
9.742188	0.002421511
9.745521	0.002316228
9.748855	0.002237265
9.752188	0.002184624
9.755521	0.002158303
9.758854	0.002158303
9.762188	0.002158303
9.765521	0.002158303
9.768854	0.002158303
9.772187	0.002158303
9.775521	0.002131982
9.778854	0.002105661
9.782187	0.002079341
9.785521	0.00205302
9.788855	0.002026699
9.792188	0.002000378
9.795521	0.001974058
9.798854	0.001947737
9.802188	0.001921416
9.805521	0.001868775
9.808854	0.001816133
9.812187	0.00171085
9.815521	0.001605567
9.818854	0.001473963
9.822187	0.001316038
9.825521	0.001158114
9.828855	0.0009738684
9.832188	0.0008159438
9.835521	0.00068434
9.838854	0.0005790569
9.842188	0.0005000946
9.845521	0.0004474531
9.848854	0.0004474531
9.852187	0.0004737738
9.855521	0.0005264154
9.858854	0.0006316984
9.862187	0.0007369815
9.86552	0.0008685853
9.868855	0.00102651
9.872188	0.001158114
9.875521	0.001289718
9.878854	0.001421321
9.882188	0.001500284
9.885521	0.001579246
9.888854	0.001631888
9.892187	0.001658208
9.895521	0.001631888
9.898854	0.001605567
9.902187	0.001552925
9.90552	0.001473963
9.908854	0.00136868
9.912188	0.001237076
9.915521	0.001079151
9.918854	0.0008949061
9.922188	0.0007106607
9.925521	0.0005264154
9.928854	0.0003684908
9.932187	0.0002368869
9.935521	0.0001579246
9.938854	0.0001316038
9.942187	0.0001842454
9.94552	0.0002632077
9.948854	0.0004211323
9.952188	0.0006053777
9.955521	0.000789623
9.958854	0.0009475476
9.962188	0.001105472
9.965521	0.001210755
9.968854	0.001263397
9.972187	0.001263397
9.975521	0.001210755
9.978854	0.001105472
9.982187	0.0009475476
9.98552	0.000789623
9.988854	0.0005790569
9.992188	0.0003684908
9.995521	0.0001842454
9.998855	0
}
[PEAK]
{
Peak ID	1
Peak Ref	1
Time	3.924526
Peak	3.105521	4.082188
Intensity	-3.701448e-05	7.748604e-07
Height	0.006567422
AreaAbs	1744.434
Area %BP	0.07199532
Area %Total	0.05917744
Width	0.9766669
}
[PEAK]
{
Peak ID	2
Peak Ref	2
Time	4.273
Peak	4.082188	4.618854
Intensity	-3.701448e-05	7.748604e-07
Height	0.03619839
AreaAbs	7002.565
Area %BP	0.2890061
Area %Total	0.2375521
Width	0.5366664
}
[PEAK]
{
Peak ID	3
Peak Ref	3
Time	4.953947
Peak	4.618854	6.415521
Intensity	-3.701448e-05	7.748604e-07
Height	0.2264941
AreaAbs	40383.03
Area %BP	1.666667
Area %Total	1.369937
Width	1.796667
}
}
}
}
