[SAMPLE]
{
Sample	1
Well	1:A,10
FileName	
SampleID	ASD-E-2601112-005
SampleDescription	Aquired with Galaxy
Date	15-Jan-2026
Time	19:41:13 PRC
JobCode	
TaskCode	
UserName	Congcong_Liu2
LabName	Aquired with Galaxy
Instrument	BAD_L_22_523
Conditions	
Submitter	Huanhuan_Zhang
SampleType	
Plate	
Method	
Process	Galaxy
MSTune	
MSMethod	
InletMethod	
PreRunMethod	
PostRunMethod	
SwitchMethod	
FractionMethod	
AcquisitionProcess	
AcquisitionProcessParameters	
AcquisitionProcessOptions	
InjectionVolume	25
ReportScheme	
SampleReportEnable	0
SampleReportFormat	
AnalysisTime	0
[COMPOUND]
{
;Mono Mass	Formula
}
[FUNCTION]
{
Function	1
IonMode	ES+
Type	MS
Description	(0:0)
[SPECTRUM]
{
ProcDesc	0.00:Combine
State	OK
Peak ID	0
Peak Ref	0
Time	0
TIC	0
BPI	0
BPM	0
Continuum	FALSE
Saved	FALSE
[MASSES]
{
;Mass	Exp. Mass	Obs. Mass	% BPI	Int. Abs
}
[RESULTS]
{
;Mass	Found	% BPI	% Purity
}
[MS]
{
;Mass	% BPI
0	0
}
}
[CHROMATOGRAM]
{
TraceNumber	1
Description	scroll down chrom view to see 2D LC chrom
ProcDesc	
MaxIntensity	0
[TRACE]
{
0	0
}
[PEAK]
{
Peak ID	0
Peak Ref	0
Time	0
Peak	0
Intensity	0	0
Height	0
AreaAbs	0
Area %BP	0
Area %Total	0
}
}
}
[FUNCTION]
{
Function	0
Description	ANALOG
[CHROMATOGRAM]
{
TraceNumber	2
Description	LC
ProcDesc	Result Id:1316, VWD: Signal A, 280 nm
MaxIntensity	0.2197061
[TRACE]
{
;Time	Int. %Max
0.003229167	0.06367239
0.0065625	0.06364526
0.009895833	0.06361813
0.01322917	0.06361813
0.0165625	0.06359101
0.01989583	0.06359101
0.02322917	0.06356388
0.0265625	0.06353675
0.02989583	0.06350962
0.03322917	0.06345536
0.0365625	0.0634011
0.03989583	0.06331971
0.04322917	0.06323833
0.0465625	0.06315694
0.04989583	0.06307555
0.05322917	0.06304842
0.0565625	0.06304842
0.05989583	0.06312981
0.06322917	0.06326545
0.0665625	0.06348249
0.06989583	0.06375378
0.07322916	0.06407933
0.0765625	0.06443201
0.07989583	0.06481182
0.08322917	0.0651645
0.0865625	0.06549005
0.08989584	0.06576135
0.09322917	0.06597838
0.0965625	0.06616829
0.09989583	0.06630393
0.1032292	0.06641245
0.1065625	0.06649384
0.1098958	0.06660235
0.1132292	0.06668374
0.1165625	0.06676513
0.1198958	0.06690078
0.1232292	0.06700929
0.1265625	0.06714494
0.1298958	0.06725346
0.1332292	0.06733484
0.1365625	0.0673891
0.1398958	0.0673891
0.1432292	0.06736197
0.1465625	0.06725346
0.1498958	0.06709068
0.1532292	0.06690078
0.1565625	0.06668374
0.1598958	0.06646671
0.1632292	0.06624967
0.1665625	0.06605977
0.1698958	0.06589699
0.1732292	0.06576135
0.1765625	0.06567996
0.1798958	0.06565283
0.1832292	0.0656257
0.1865625	0.06565283
0.1898958	0.06565283
0.1932292	0.06565283
0.1965625	0.0656257
0.1998958	0.06557144
0.2032292	0.06546292
0.2065625	0.06535441
0.2098958	0.06524589
0.2132292	0.06511024
0.2165625	0.0649746
0.2198958	0.06486608
0.2232292	0.06481182
0.2265625	0.06481182
0.2298958	0.06483895
0.2332292	0.06489321
0.2365625	0.06494747
0.2398958	0.06502886
0.2432292	0.06511024
0.2465625	0.06519163
0.2498958	0.06524589
0.2532292	0.06527302
0.2565625	0.06527302
0.2598958	0.06527302
0.2632292	0.06524589
0.2665625	0.06521876
0.2698958	0.06519163
0.2732292	0.06513737
0.2765625	0.06508312
0.2798958	0.0649746
0.2832292	0.06483895
0.2865625	0.06470331
0.2898958	0.0645134
0.2932292	0.0643235
0.2965625	0.06413359
0.2998958	0.06397082
0.3032292	0.06380804
0.3065625	0.06369952
0.3098958	0.06361813
0.3132292	0.06356388
0.3165625	0.06353675
0.3198958	0.06353675
0.3232292	0.06350962
0.3265625	0.06348249
0.3298958	0.06342823
0.3332292	0.06334684
0.3365625	0.06326545
0.3398958	0.06315694
0.3432292	0.06304842
0.3465625	0.0629399
0.3498958	0.06285852
0.3532292	0.06280426
0.3565625	0.06280426
0.3598958	0.06283139
0.3632292	0.06285852
0.3665625	0.06291277
0.3698958	0.06299416
0.3732292	0.06304842
0.3765625	0.06310268
0.3798958	0.06315694
0.3832292	0.06318407
0.3865625	0.0632112
0.3898958	0.06323833
0.3932292	0.06326545
0.3965625	0.06329258
0.3998958	0.06334684
0.4032292	0.06337397
0.4065625	0.06337397
0.4098958	0.0634011
0.4132292	0.06342823
0.4165625	0.06342823
0.4198958	0.06342823
0.4232292	0.06342823
0.4265625	0.06342823
0.4298958	0.06342823
0.4332292	0.06342823
0.4365625	0.06342823
0.4398958	0.0634011
0.4432292	0.06334684
0.4465625	0.06329258
0.4498958	0.06318407
0.4532292	0.06304842
0.4565625	0.0629399
0.4598958	0.06280426
0.4632292	0.06266861
0.4665625	0.06258722
0.4698958	0.06253296
0.4732292	0.06250584
0.4765625	0.06253296
0.4798958	0.06258722
0.4832292	0.06264148
0.4865625	0.06272287
0.4898958	0.06280426
0.4932292	0.06288564
0.4965625	0.0629399
0.4998958	0.06299416
0.5032291	0.06302129
0.5065625	0.06302129
0.5098959	0.06299416
0.5132292	0.06296703
0.5165625	0.06291277
0.5198959	0.06285852
0.5232292	0.06277713
0.5265625	0.06269574
0.5298958	0.06261435
0.5332292	0.06253296
0.5365625	0.06247871
0.5398958	0.06242445
0.5432292	0.06242445
0.5465625	0.06242445
0.5498958	0.06245158
0.5532292	0.06247871
0.5565625	0.06250584
0.5598958	0.06253296
0.5632291	0.06253296
0.5665625	0.06250584
0.5698958	0.06247871
0.5732292	0.06242445
0.5765625	0.06234306
0.5798959	0.06226167
0.5832292	0.06218028
0.5865625	0.0620989
0.5898958	0.06204464
0.5932292	0.06199038
0.5965625	0.06196325
0.5998958	0.06193612
0.6032292	0.06193612
0.6065625	0.06196325
0.6098958	0.06201751
0.6132292	0.06204464
0.6165625	0.0620989
0.6198958	0.06212603
0.6232291	0.06212603
0.6265625	0.0620989
0.6298958	0.06207177
0.6332292	0.06201751
0.6365625	0.06193612
0.6398959	0.0618276
0.6432292	0.06171909
0.6465625	0.06161057
0.6498958	0.06150205
0.6532292	0.06142066
0.6565625	0.06136641
0.6598958	0.06131215
0.6632292	0.06128502
0.6665625	0.06128502
0.6698958	0.06128502
0.6732292	0.06128502
0.6765625	0.06128502
0.6798958	0.06128502
0.6832291	0.06125789
0.6865625	0.06123076
0.6898958	0.06120363
0.6932291	0.0611765
0.6965625	0.06114937
0.6998959	0.06114937
0.7032292	0.06114937
0.7065625	0.0611765
0.7098958	0.06123076
0.7132292	0.06128502
0.7165625	0.06136641
0.7198958	0.06144779
0.7232292	0.06152918
0.7265625	0.06158344
0.7298958	0.0616377
0.7332292	0.06169196
0.7365625	0.06171909
0.7398958	0.06171909
0.7432292	0.06169196
0.7465625	0.0616377
0.7498958	0.06158344
0.7532291	0.06150205
0.7565625	0.06142066
0.7598959	0.06131215
0.7632292	0.06123076
0.7665625	0.06114937
0.7698959	0.06106798
0.7732292	0.06104085
0.7765625	0.06104085
0.7798958	0.06106798
0.7832292	0.06112224
0.7865625	0.0611765
0.7898958	0.06125789
0.7932292	0.06128502
0.7965625	0.06131215
0.7998958	0.06128502
0.8032292	0.06123076
0.8065625	0.06112224
0.8098958	0.06101372
0.8132291	0.06085095
0.8165625	0.0607153
0.8198958	0.06060679
0.8232292	0.06055253
0.8265625	0.06049827
0.8298959	0.06049827
0.8332292	0.06049827
0.8365625	0.0605254
0.8398958	0.06055253
0.8432292	0.06055253
0.8465625	0.06055253
0.8498958	0.06055253
0.8532292	0.06049827
0.8565625	0.06044401
0.8598958	0.06036262
0.8632292	0.06028123
0.8665625	0.06019985
0.8698958	0.06014559
0.8732291	0.06009133
0.8765625	0.06009133
0.8798958	0.06011846
0.8832292	0.06017272
0.8865625	0.06025411
0.8898959	0.06036262
0.8932292	0.06049827
0.8965625	0.06063391
0.8998958	0.06074243
0.9032292	0.06085095
0.9065625	0.06090521
0.9098958	0.06095947
0.9132292	0.06095947
0.9165625	0.06095947
0.9198958	0.06095947
0.9232292	0.06095947
0.9265625	0.0609866
0.9298958	0.06101372
0.9332291	0.06106798
0.9365625	0.06114937
0.9398958	0.06120363
0.9432291	0.06128502
0.9465625	0.06133928
0.9498959	0.06136641
0.9532292	0.06136641
0.9565625	0.06133928
0.9598958	0.06131215
0.9632292	0.06128502
0.9665625	0.06128502
0.9698958	0.06128502
0.9732292	0.06131215
0.9765625	0.06133928
0.9798958	0.06139353
0.9832292	0.06142066
0.9865625	0.06142066
0.9898958	0.06139353
0.9932292	0.06131215
0.9965625	0.0611765
0.9998958	0.06101372
1.003229	0.06085095
1.006562	0.06066104
1.009896	0.06047114
1.013229	0.06033549
1.016562	0.06019985
1.019896	0.06011846
1.023229	0.06009133
1.026562	0.06011846
1.029896	0.06019985
1.033229	0.06028123
1.036562	0.06041688
1.039896	0.06055253
1.043229	0.06068817
1.046563	0.06082382
1.049896	0.06093234
1.053229	0.06104085
1.056563	0.06109511
1.059896	0.06114937
1.063229	0.0611765
1.066563	0.06114937
1.069896	0.06112224
1.073229	0.06106798
1.076563	0.06101372
1.079896	0.06093234
1.083229	0.06085095
1.086563	0.06076956
1.089896	0.0607153
1.093229	0.06063391
1.096563	0.06057966
1.099896	0.06055253
1.103229	0.0605254
1.106562	0.0605254
1.109896	0.06055253
1.113229	0.06060679
1.116562	0.06068817
1.119896	0.06082382
1.123229	0.0609866
1.126562	0.0611765
1.129896	0.06139353
1.133229	0.0616377
1.136562	0.06188186
1.139896	0.0620989
1.143229	0.06226167
1.146562	0.06239732
1.149896	0.06245158
1.153229	0.06247871
1.156562	0.06242445
1.159896	0.06231593
1.163229	0.06215315
1.166563	0.06201751
1.169896	0.06185473
1.173229	0.06174622
1.176563	0.06169196
1.179896	0.06166483
1.183229	0.06171909
1.186563	0.06180047
1.189896	0.06190899
1.193229	0.06201751
1.196563	0.06212603
1.199896	0.06220741
1.203229	0.06226167
1.206563	0.06223454
1.209896	0.06220741
1.213229	0.0620989
1.216563	0.06199038
1.219896	0.06188186
1.223229	0.06177334
1.226563	0.06166483
1.229896	0.06155631
1.233229	0.06147492
1.236562	0.06139353
1.239896	0.06131215
1.243229	0.06123076
1.246562	0.06114937
1.249896	0.06101372
1.253229	0.06087808
1.256562	0.0607153
1.259896	0.0605254
1.263229	0.06030836
1.266562	0.06011846
1.269896	0.05990142
1.273229	0.05973865
1.276562	0.05957587
1.279896	0.05946736
1.283229	0.05938597
1.286562	0.05930458
1.289896	0.05927745
1.293229	0.05930458
1.296563	0.05933171
1.299896	0.05938597
1.303229	0.05946736
1.306563	0.05954874
1.309896	0.05963013
1.313229	0.05973865
1.316563	0.0598743
1.319896	0.06003707
1.323229	0.06019985
1.326563	0.06036262
1.329896	0.06055253
1.333229	0.06074243
1.336563	0.06093234
1.339896	0.06109511
1.343229	0.06125789
1.346563	0.06136641
1.349896	0.06142066
1.353229	0.06144779
1.356562	0.06144779
1.359896	0.06136641
1.363229	0.06128502
1.366562	0.0611765
1.369896	0.06106798
1.373229	0.06093234
1.376562	0.06082382
1.379896	0.06068817
1.383229	0.06055253
1.386562	0.06044401
1.389896	0.06030836
1.393229	0.06019985
1.396562	0.06009133
1.399896	0.05998281
1.403229	0.0598743
1.406562	0.05979291
1.409896	0.05971152
1.413229	0.05965726
1.416563	0.059603
1.419896	0.05954874
1.423229	0.05954874
1.426563	0.05954874
1.429896	0.05954874
1.433229	0.059603
1.436563	0.05963013
1.439896	0.05968439
1.443229	0.05973865
1.446563	0.05976578
1.449896	0.05979291
1.453229	0.05982004
1.456563	0.05982004
1.459896	0.05982004
1.463229	0.05982004
1.466563	0.05982004
1.469896	0.05984717
1.473229	0.0598743
1.476563	0.05992855
1.479896	0.05995568
1.483229	0.06000994
1.486562	0.0600642
1.489896	0.06011846
1.493229	0.06017272
1.496562	0.06019985
1.499896	0.06019985
1.503229	0.06017272
1.506562	0.06014559
1.509896	0.06011846
1.513229	0.0600642
1.516562	0.06000994
1.519896	0.05995568
1.523229	0.05990142
1.526562	0.0598743
1.529896	0.0598743
1.533229	0.0598743
1.536562	0.05992855
1.539896	0.05998281
1.543229	0.06003707
1.546563	0.06011846
1.549896	0.06017272
1.553229	0.06022698
1.556563	0.06022698
1.559896	0.06025411
1.563229	0.06022698
1.566563	0.06019985
1.569896	0.06019985
1.573229	0.06019985
1.576563	0.06022698
1.579896	0.06028123
1.583229	0.06030836
1.586563	0.06036262
1.589896	0.06041688
1.593229	0.06041688
1.596563	0.06038975
1.599896	0.06030836
1.603229	0.06017272
1.606562	0.05998281
1.609896	0.05976578
1.613229	0.05952162
1.616562	0.05927745
1.619896	0.05906042
1.623229	0.05889764
1.626562	0.058762
1.629896	0.05870774
1.633229	0.05870774
1.636562	0.05881625
1.639896	0.0589519
1.643229	0.05914181
1.646562	0.05933171
1.649896	0.05954874
1.653229	0.05973865
1.656562	0.05990142
1.659896	0.06003707
1.663229	0.06014559
1.666563	0.06022698
1.669896	0.06028123
1.673229	0.06030836
1.676563	0.06036262
1.679896	0.06038975
1.683229	0.06041688
1.686563	0.06047114
1.689896	0.06049827
1.693229	0.0605254
1.696563	0.06057966
1.699896	0.06057966
1.703229	0.06060679
1.706563	0.06060679
1.709896	0.06060679
1.713229	0.06060679
1.716563	0.06057966
1.719896	0.0605254
1.723229	0.06047114
1.726563	0.06041688
1.729896	0.06036262
1.733229	0.06033549
1.736562	0.06033549
1.739896	0.06033549
1.743229	0.06038975
1.746562	0.06044401
1.749896	0.06055253
1.753229	0.06066104
1.756562	0.06074243
1.759896	0.06082382
1.763229	0.06085095
1.766562	0.06082382
1.769896	0.06074243
1.773229	0.06060679
1.776562	0.06044401
1.779896	0.06025411
1.783229	0.0600642
1.786562	0.0598743
1.789896	0.05971152
1.793229	0.05957587
1.796563	0.05949449
1.799896	0.05949449
1.803229	0.05949449
1.806563	0.05954874
1.809896	0.059603
1.813229	0.05968439
1.816563	0.05973865
1.819896	0.05982004
1.823229	0.0598743
1.826563	0.05990142
1.829896	0.05990142
1.833229	0.05990142
1.836563	0.05990142
1.839896	0.05990142
1.843229	0.05990142
1.846563	0.0598743
1.849896	0.05984717
1.853229	0.05982004
1.856562	0.05979291
1.859896	0.05973865
1.863229	0.05968439
1.866562	0.05963013
1.869896	0.05954874
1.873229	0.05946736
1.876562	0.05938597
1.879896	0.05930458
1.883229	0.05922319
1.886562	0.05914181
1.889896	0.05908755
1.893229	0.05900616
1.896562	0.0589519
1.899896	0.05889764
1.903229	0.05887051
1.906562	0.05887051
1.909896	0.05887051
1.913229	0.05892477
1.916563	0.05900616
1.919896	0.05908755
1.923229	0.05922319
1.926563	0.05933171
1.929896	0.05944023
1.933229	0.05952162
1.936563	0.059603
1.939896	0.05963013
1.943229	0.05963013
1.946563	0.05963013
1.949896	0.059603
1.953229	0.059603
1.956563	0.059603
1.959896	0.05963013
1.963229	0.05968439
1.966563	0.05973865
1.969896	0.05982004
1.973229	0.05990142
1.976563	0.05995568
1.979896	0.06000994
1.983229	0.06003707
1.986562	0.0600642
1.989896	0.06009133
1.993229	0.06009133
1.996562	0.0600642
1.999896	0.06003707
2.003229	0.05998281
2.006562	0.05992855
2.009896	0.0598743
2.013229	0.05979291
2.016562	0.05971152
2.019896	0.05965726
2.023229	0.05957587
2.026562	0.05949449
2.029896	0.05944023
2.033229	0.05935884
2.036562	0.05927745
2.039896	0.05919606
2.043229	0.05914181
2.046562	0.05906042
2.049896	0.05903329
2.053229	0.05900616
2.056562	0.05900616
2.059896	0.05903329
2.063229	0.05908755
2.066562	0.05914181
2.069896	0.05916893
2.073229	0.05919606
2.076562	0.05919606
2.079896	0.05916893
2.083229	0.05914181
2.086562	0.05908755
2.089896	0.05906042
2.093229	0.05903329
2.096562	0.05903329
2.099896	0.05906042
2.103229	0.05911468
2.106563	0.05916893
2.109896	0.05925032
2.113229	0.05927745
2.116563	0.05930458
2.119896	0.05930458
2.123229	0.05927745
2.126563	0.05922319
2.129896	0.05914181
2.133229	0.05906042
2.136563	0.05897903
2.139896	0.05892477
2.143229	0.05889764
2.146563	0.05889764
2.149896	0.0589519
2.153229	0.05903329
2.156563	0.05916893
2.159896	0.05933171
2.163229	0.05952162
2.166563	0.05973865
2.169896	0.05998281
2.173229	0.06022698
2.176563	0.06044401
2.179896	0.06060679
2.183229	0.0607153
2.186563	0.06079669
2.189896	0.06079669
2.193229	0.06074243
2.196563	0.06066104
2.199896	0.0605254
2.203229	0.06033549
2.206563	0.06014559
2.209896	0.05995568
2.213229	0.05976578
2.216563	0.05957587
2.219896	0.0594131
2.223229	0.05925032
2.226563	0.05908755
2.229896	0.0589519
2.233229	0.05884338
2.236562	0.05873487
2.239896	0.05865348
2.243229	0.05857209
2.246562	0.0584907
2.249896	0.05840932
2.253229	0.05835506
2.256562	0.0583008
2.259896	0.05827367
2.263229	0.05821941
2.266562	0.05816515
2.269896	0.05813802
2.273229	0.05808376
2.276562	0.05802951
2.279896	0.05797525
2.283229	0.05794812
2.286562	0.05792099
2.289896	0.05794812
2.293229	0.05797525
2.296562	0.05805663
2.299896	0.05813802
2.303229	0.05824654
2.306562	0.05835506
2.309896	0.05846357
2.313229	0.05854496
2.316562	0.05862635
2.319896	0.05868061
2.323229	0.05873487
2.326562	0.058762
2.329896	0.05878912
2.333229	0.05878912
2.336562	0.05881625
2.339896	0.05884338
2.343229	0.05884338
2.346562	0.05884338
2.349896	0.05884338
2.353229	0.05884338
2.356563	0.05884338
2.359896	0.05884338
2.363229	0.05884338
2.366563	0.05884338
2.369896	0.05889764
2.373229	0.05892477
2.376563	0.05897903
2.379896	0.05903329
2.383229	0.05903329
2.386563	0.05900616
2.389896	0.05892477
2.393229	0.05878912
2.396563	0.05862635
2.399896	0.05843644
2.403229	0.05821941
2.406563	0.05802951
2.409896	0.05789386
2.413229	0.05778534
2.416563	0.05773108
2.419896	0.05775821
2.423229	0.05781247
2.426563	0.05789386
2.429896	0.05800238
2.433229	0.05811089
2.436563	0.05819228
2.439896	0.0583008
2.443229	0.05835506
2.446563	0.05838219
2.449896	0.05840932
2.453229	0.05840932
2.456563	0.05840932
2.459896	0.05843644
2.463229	0.05843644
2.466563	0.05843644
2.469896	0.05840932
2.473229	0.05840932
2.476563	0.05840932
2.479896	0.05840932
2.483229	0.05843644
2.486562	0.05843644
2.489896	0.05843644
2.493229	0.05846357
2.496562	0.05846357
2.499896	0.0584907
2.503229	0.0584907
2.506562	0.0584907
2.509896	0.05846357
2.513229	0.05843644
2.516562	0.05840932
2.519896	0.05840932
2.523229	0.05838219
2.526562	0.05838219
2.529896	0.05835506
2.533229	0.05835506
2.536562	0.05835506
2.539896	0.05835506
2.543229	0.05832793
2.546562	0.0583008
2.549896	0.05824654
2.553229	0.05819228
2.556562	0.05811089
2.559896	0.05802951
2.563229	0.05797525
2.566562	0.05792099
2.569896	0.05789386
2.573229	0.05789386
2.576562	0.05792099
2.579896	0.05797525
2.583229	0.05802951
2.586562	0.05813802
2.589896	0.05824654
2.593229	0.05832793
2.596562	0.05840932
2.599896	0.0584907
2.603229	0.05851783
2.606563	0.05854496
2.609896	0.05854496
2.613229	0.05854496
2.616563	0.05854496
2.619896	0.05851783
2.623229	0.05851783
2.626563	0.05854496
2.629896	0.05857209
2.633229	0.05859922
2.636563	0.05865348
2.639896	0.05870774
2.643229	0.058762
2.646563	0.05881625
2.649896	0.05887051
2.653229	0.05892477
2.656563	0.0589519
2.659896	0.05900616
2.663229	0.05900616
2.666563	0.05900616
2.669896	0.05900616
2.673229	0.0589519
2.676563	0.05887051
2.679896	0.05881625
2.683229	0.05873487
2.686563	0.05865348
2.689896	0.05862635
2.693229	0.05859922
2.696563	0.05859922
2.699896	0.05859922
2.703229	0.05862635
2.706563	0.05862635
2.709896	0.05862635
2.713229	0.05859922
2.716563	0.05857209
2.719896	0.05851783
2.723229	0.0584907
2.726563	0.05843644
2.729896	0.05843644
2.733229	0.05840932
2.736562	0.05840932
2.739896	0.05840932
2.743229	0.05840932
2.746562	0.05840932
2.749896	0.05838219
2.753229	0.05832793
2.756562	0.0583008
2.759896	0.05824654
2.763229	0.05821941
2.766562	0.05819228
2.769896	0.05821941
2.773229	0.05824654
2.776562	0.05832793
2.779896	0.05840932
2.783229	0.05851783
2.786562	0.05859922
2.789896	0.05865348
2.793229	0.05868061
2.796562	0.05868061
2.799896	0.05865348
2.803229	0.05857209
2.806562	0.05846357
2.809896	0.05838219
2.813229	0.05827367
2.816562	0.05819228
2.819896	0.05811089
2.823229	0.05808376
2.826562	0.05805663
2.829896	0.05808376
2.833229	0.05811089
2.836562	0.05813802
2.839896	0.05816515
2.843229	0.05819228
2.846562	0.05819228
2.849896	0.05816515
2.853229	0.05811089
2.856563	0.05802951
2.859896	0.05794812
2.863229	0.05786673
2.866563	0.05778534
2.869896	0.05773108
2.873229	0.05770395
2.876563	0.05773108
2.879896	0.05778534
2.883229	0.05789386
2.886563	0.05805663
2.889896	0.05821941
2.893229	0.05840932
2.896563	0.05859922
2.899896	0.058762
2.903229	0.05892477
2.906563	0.05903329
2.909896	0.05914181
2.913229	0.05919606
2.916563	0.05922319
2.919896	0.05925032
2.923229	0.05925032
2.926563	0.05925032
2.929896	0.05922319
2.933229	0.05922319
2.936563	0.05919606
2.939896	0.05914181
2.943229	0.05911468
2.946563	0.05906042
2.949896	0.05897903
2.953229	0.05887051
2.956563	0.05873487
2.959896	0.05857209
2.963229	0.05840932
2.966563	0.05824654
2.969896	0.05802951
2.973229	0.0578396
2.976563	0.05762257
2.979896	0.05743266
2.983229	0.05724276
2.986562	0.05705285
2.989896	0.05691721
2.993229	0.05678156
2.996562	0.05664591
2.999896	0.05656453
3.003229	0.05648314
3.006562	0.05640175
3.009896	0.05634749
3.013229	0.05632036
3.016562	0.05629323
3.019896	0.05629323
3.023229	0.05629323
3.026562	0.05632036
3.029896	0.05637462
3.033229	0.05645601
3.036562	0.05656453
3.039896	0.05670017
3.043229	0.05686295
3.046562	0.05699859
3.049896	0.05716137
3.053229	0.05732414
3.056562	0.05743266
3.059896	0.05754118
3.063229	0.05759544
3.066562	0.05762257
3.069896	0.05762257
3.073229	0.05756831
3.076562	0.05751405
3.079896	0.05745979
3.083229	0.0573784
3.086562	0.05732414
3.089896	0.05726989
3.093229	0.05724276
3.096562	0.05726989
3.099896	0.05729702
3.103229	0.0573784
3.106563	0.05748692
3.109896	0.05759544
3.113229	0.05773108
3.116563	0.05786673
3.119896	0.05800238
3.123229	0.05808376
3.126563	0.05816515
3.129896	0.05821941
3.133229	0.05824654
3.136563	0.05824654
3.139896	0.05821941
3.143229	0.05816515
3.146563	0.05811089
3.149896	0.05800238
3.153229	0.05792099
3.156563	0.05781247
3.159896	0.05770395
3.163229	0.05759544
3.166563	0.05748692
3.169896	0.05740553
3.173229	0.05732414
3.176563	0.05726989
3.179896	0.05724276
3.183229	0.05724276
3.186563	0.05724276
3.189896	0.05724276
3.193229	0.05726989
3.196563	0.05729702
3.199896	0.05732414
3.203229	0.05735127
3.206563	0.0573784
3.209896	0.0573784
3.213229	0.05740553
3.216563	0.05745979
3.219896	0.05754118
3.223229	0.0576497
3.226563	0.05781247
3.229896	0.05802951
3.233229	0.05832793
3.236562	0.05870774
3.239896	0.05919606
3.243229	0.05973865
3.246562	0.06036262
3.249896	0.06104085
3.253229	0.06180047
3.256562	0.06264148
3.259896	0.06353675
3.263229	0.0645134
3.266562	0.06557144
3.269896	0.06671087
3.273229	0.06793169
3.276562	0.06928815
3.279896	0.07075313
3.283229	0.07232663
3.286562	0.0740629
3.289896	0.07593482
3.293229	0.07796952
3.296562	0.08016699
3.299896	0.08258149
3.303229	0.08515877
3.306562	0.08792596
3.309896	0.09088305
3.313229	0.09400291
3.316562	0.09728556
3.319896	0.1007038
3.323229	0.1042578
3.326562	0.1078931
3.329896	0.1116098
3.333229	0.1153536
3.336562	0.1191517
3.339896	0.122977
3.343229	0.1268022
3.346562	0.1306003
3.349896	0.1343713
3.353229	0.1381151
3.356563	0.1417776
3.359896	0.1453586
3.363229	0.1489126
3.366563	0.1523851
3.369896	0.1558034
3.373229	0.1592217
3.376563	0.16264
3.379896	0.1660854
3.383229	0.1695579
3.386563	0.1731119
3.389896	0.1767201
3.393229	0.1804096
3.396563	0.1841263
3.399896	0.1878702
3.403229	0.1916683
3.406563	0.1955206
3.409896	0.1994001
3.413229	0.2033339
3.416563	0.207349
3.419896	0.2114455
3.423229	0.2156234
3.426563	0.2199098
3.429896	0.2242777
3.433229	0.228754
3.436563	0.2332846
3.439896	0.2378966
3.443229	0.2425899
3.446563	0.2473375
3.449896	0.2521665
3.453229	0.2571041
3.456563	0.262123
3.459896	0.2673047
3.463229	0.272622
3.466563	0.278075
3.469896	0.2836908
3.473229	0.2894422
3.476563	0.2953563
3.479896	0.301379
3.483229	0.3075374
3.486562	0.3137771
3.489896	0.3201525
3.493229	0.3266092
3.496562	0.3332288
3.499896	0.3399297
3.503229	0.3467663
3.506562	0.3537114
3.509896	0.360765
3.513229	0.3679271
3.516562	0.3751978
3.519896	0.3825227
3.523229	0.389929
3.526562	0.3973624
3.529896	0.4048501
3.533229	0.4123649
3.536562	0.4199339
3.539896	0.4275573
3.543229	0.4352077
3.546562	0.4429396
3.549896	0.4507799
3.553229	0.4587017
3.556562	0.4667319
3.559896	0.4748978
3.563229	0.4832536
3.566562	0.4917451
3.569896	0.5004536
3.573229	0.509352
3.576562	0.5184674
3.579896	0.527827
3.583229	0.5374308
3.586562	0.5473058
3.589896	0.5574793
3.593229	0.5679512
3.596562	0.5787486
3.599896	0.5898716
3.603229	0.6013473
3.606563	0.6131757
3.609896	0.6253838
3.613229	0.6379447
3.616563	0.6508583
3.619896	0.6641245
3.623229	0.6777434
3.626563	0.6916878
3.629896	0.7059307
3.633229	0.7204448
3.636563	0.735176
3.639896	0.7501243
3.643229	0.7652081
3.646563	0.7804277
3.649896	0.7957014
3.653229	0.8109752
3.656563	0.8262219
3.659896	0.84136
3.663229	0.8563625
3.666563	0.871175
3.669896	0.8857163
3.673229	0.8999592
3.676563	0.9138223
3.679896	0.9272512
3.683229	0.9401919
3.686563	0.9526171
3.689896	0.9644183
3.693229	0.9756498
3.696563	0.9862302
3.699896	0.9961595
3.703229	1.005411
3.706563	1.013983
3.709896	1.021905
3.713229	1.029203
3.716563	1.035877
3.719896	1.041954
3.723229	1.047461
3.726563	1.05248
3.729896	1.057065
3.733229	1.06127
3.736562	1.065231
3.739896	1.069002
3.743229	1.072745
3.746562	1.076544
3.749896	1.080504
3.753229	1.084791
3.756562	1.089484
3.759896	1.094774
3.763229	1.100797
3.766562	1.107715
3.769896	1.115691
3.773229	1.124942
3.776562	1.135604
3.779896	1.147866
3.783229	1.161946
3.786562	1.178034
3.789896	1.196292
3.793229	1.216856
3.796562	1.239889
3.799896	1.265526
3.803229	1.293849
3.806562	1.325021
3.809896	1.359041
3.813229	1.396045
3.816562	1.436006
3.819896	1.478952
3.823229	1.524855
3.826562	1.573633
3.829896	1.625233
3.833229	1.679492
3.836562	1.736219
3.839896	1.795252
3.843229	1.85632
3.846562	1.919206
3.849896	1.983583
3.853229	2.049155
3.856563	2.115594
3.859896	2.182549
3.863229	2.24964
3.866563	2.316487
3.869896	2.382655
3.873229	2.447765
3.876563	2.511329
3.879896	2.572994
3.883229	2.632271
3.886563	2.688809
3.889896	2.742172
3.893229	2.792063
3.896563	2.838128
3.899896	2.880043
3.903229	2.917617
3.906563	2.950579
3.909896	2.978794
3.913229	3.002071
3.916563	3.020329
3.919896	3.033486
3.923229	3.041516
3.926563	3.044419
3.929896	3.042222
3.933229	3.034951
3.936563	3.02277
3.939896	3.005706
3.943229	2.984002
3.946563	2.957768
3.949896	2.927248
3.953229	2.892685
3.956563	2.854352
3.959896	2.812545
3.963229	2.767538
3.966563	2.719682
3.969896	2.669276
3.973229	2.616618
3.976563	2.562088
3.979896	2.505958
3.983229	2.448552
3.986562	2.39017
3.989896	2.33111
3.993229	2.271669
3.996562	2.212093
3.999896	2.152653
4.003229	2.09362
4.006563	2.03521
4.009896	1.977669
4.013229	1.921132
4.016562	1.865788
4.019896	1.811855
4.023229	1.759442
4.026563	1.708683
4.029896	1.659741
4.033229	1.612699
4.036562	1.567692
4.039896	1.524855
4.043229	1.484242
4.046563	1.44599
4.049896	1.410179
4.053229	1.376946
4.056562	1.346371
4.059896	1.318591
4.063229	1.293768
4.066563	1.272037
4.069896	1.253589
4.073229	1.238614
4.076562	1.227409
4.079896	1.22022
4.083229	1.217399
4.086563	1.219325
4.089896	1.226433
4.093229	1.239156
4.096562	1.258093
4.099896	1.283784
4.103229	1.316882
4.106563	1.358091
4.109896	1.40809
4.113229	1.467721
4.116562	1.537768
4.119896	1.619156
4.123229	1.712779
4.126563	1.819614
4.129896	1.940665
4.133229	2.076935
4.136562	2.229456
4.139896	2.399231
4.143229	2.587183
4.146563	2.79426
4.149896	3.021197
4.153229	3.26867
4.156562	3.537222
4.159896	3.827207
4.163229	4.138814
4.166563	4.472097
4.169896	4.826867
4.173229	5.202688
4.176562	5.598938
4.179896	6.014776
4.183229	6.449061
4.186563	6.900383
4.189896	7.367088
4.193229	7.847222
4.196562	8.338614
4.199896	8.838796
4.203229	9.345192
4.206563	9.854924
4.209896	10.36501
4.213229	10.87233
4.216562	11.37367
4.219896	11.86577
4.223229	12.34534
4.226563	12.80911
4.229896	13.2539
4.233229	13.67654
4.236563	14.07409
4.239896	14.44378
4.243229	14.78304
4.246562	15.08957
4.249896	15.3613
4.253229	15.59653
4.256563	15.79382
4.259896	15.95212
4.263229	16.07067
4.266562	16.14908
4.269896	16.18735
4.273229	16.18575
4.276563	16.14495
4.279896	16.0659
4.283229	15.94987
4.286562	15.7984
4.289896	15.61322
4.293229	15.39635
4.296563	15.14996
4.299896	14.87631
4.303229	14.57786
4.306562	14.25714
4.309896	13.91669
4.313229	13.55918
4.316563	13.18713
4.319896	12.80314
4.323229	12.40974
4.326562	12.00937
4.329896	11.6043
4.333229	11.19676
4.336563	10.78888
4.339896	10.38253
4.343229	9.979556
4.346562	9.581542
4.349896	9.189958
4.353229	8.806105
4.356563	8.431098
4.359896	8.065856
4.363229	7.711195
4.366562	7.367739
4.369896	7.035948
4.373229	6.716203
4.376563	6.408747
4.379896	6.113689
4.383229	5.831111
4.386562	5.56093
4.389896	5.303067
4.393229	5.05733
4.396563	4.823421
4.399896	4.601043
4.403229	4.389868
4.406562	4.189491
4.409896	3.999505
4.413229	3.819502
4.416563	3.649076
4.419896	3.487766
4.423229	3.335164
4.426562	3.190863
4.429896	3.054457
4.433229	2.925539
4.436563	2.803701
4.439896	2.68851
4.443229	2.579641
4.446562	2.476685
4.449896	2.379291
4.453229	2.28716
4.456563	2.199994
4.459896	2.117493
4.463229	2.039415
4.466562	1.965488
4.469896	1.895495
4.473229	1.829218
4.476563	1.766441
4.479896	1.706946
4.483229	1.650545
4.486563	1.597046
4.489896	1.546287
4.493229	1.498132
4.496562	1.452447
4.499896	1.409094
4.503229	1.367993
4.506563	1.329009
4.509896	1.292086
4.513229	1.257062
4.516562	1.22391
4.519896	1.192494
4.523229	1.162733
4.526563	1.134519
4.529896	1.107824
4.533229	1.082485
4.536562	1.058503
4.539896	1.035795
4.543229	1.014282
4.546563	0.9939349
4.549896	0.9747003
4.553229	0.9565508
4.556562	0.9394051
4.559896	0.9232632
4.563229	0.908098
4.566563	0.8938822
4.569896	0.8805889
4.573229	0.8682451
4.576562	0.8567965
4.579896	0.8462975
4.583229	0.836748
4.586563	0.8282023
4.589896	0.8206875
4.593229	0.8142578
4.596562	0.8089676
4.599896	0.8048711
4.603229	0.8020768
4.606563	0.8006932
4.609896	0.8008017
4.613229	0.8025651
4.616562	0.8061191
4.619896	0.8116263
4.623229	0.8192768
4.626563	0.8292603
4.629896	0.8417669
4.633229	0.8570678
4.636562	0.875353
4.639896	0.8968393
4.643229	0.9218254
4.646563	0.9505824
4.649896	0.9833545
4.653229	1.020494
4.656562	1.062274
4.659896	1.109072
4.663229	1.16116
4.666563	1.218891
4.669896	1.282618
4.673229	1.352611
4.676562	1.429197
4.679896	1.512592
4.683229	1.603068
4.686563	1.700815
4.689896	1.80605
4.693229	1.918907
4.696562	2.03947
4.699896	2.167818
4.703229	2.303926
4.706563	2.447792
4.709896	2.599364
4.713229	2.758477
4.716562	2.924942
4.719896	3.098542
4.723229	3.279006
4.726563	3.466035
4.729896	3.659358
4.733229	3.858595
4.736563	4.063503
4.739896	4.273755
4.743229	4.489134
4.746562	4.709478
4.749896	4.934705
4.753229	5.164897
4.756563	5.400189
4.759896	5.641016
4.763229	5.887974
4.766562	6.141903
4.769896	6.403999
4.773229	6.675726
4.776563	6.958983
4.779896	7.256021
4.783229	7.569554
4.786562	7.902755
4.789896	8.259342
4.793229	8.643493
4.796563	9.059928
4.799896	9.513855
4.803229	10.01103
4.806562	10.55765
4.809896	11.16044
4.813229	11.82646
4.816563	12.56308
4.819896	13.37796
4.823229	14.27892
4.826562	15.27391
4.829896	16.37072
4.833229	17.57702
4.836563	18.90009
4.839896	20.34665
4.843229	21.92275
4.846562	23.6335
4.849896	25.48296
4.853229	27.47381
4.856563	29.60736
4.859896	31.88318
4.863229	34.29921
4.866562	36.85139
4.869896	39.53385
4.873229	42.33864
4.876563	45.25574
4.879896	48.27314
4.883229	51.3767
4.886562	54.55036
4.889896	57.77628
4.893229	61.03474
4.896563	64.30469
4.899896	67.5637
4.903229	70.78839
4.906562	73.95471
4.909896	77.03836
4.913229	80.01504
4.916563	82.86081
4.919896	85.55247
4.923229	88.06779
4.926562	90.38601
4.929896	92.48793
4.933229	94.35643
4.936563	95.97643
4.939896	97.33534
4.943229	98.42308
4.946562	99.23235
4.949896	99.75858
4.953229	100
4.956563	99.95765
4.959896	99.63522
4.963229	99.03905
4.966562	98.17786
4.969896	97.06271
4.973229	95.70663
4.976563	94.12459
4.979896	92.33303
4.983229	90.34969
4.986563	88.19334
4.989896	85.88342
4.993229	83.43989
4.996562	80.88271
4.999896	78.23186
5.003229	75.50691
5.006563	72.72692
5.009896	69.91025
5.013229	67.07429
5.016562	64.23556
5.019896	61.4094
5.023229	58.60985
5.026563	55.84975
5.029896	53.14051
5.033229	50.49226
5.036562	47.91368
5.039896	45.41222
5.043229	42.994
5.046563	40.6639
5.049896	38.42562
5.053229	36.2819
5.056562	34.23439
5.059896	32.28391
5.063229	30.43038
5.066563	28.67306
5.069896	27.01047
5.073229	25.44063
5.076562	23.96106
5.079896	22.56895
5.083229	21.26113
5.086563	20.0342
5.089896	18.88463
5.093229	17.80876
5.096562	16.80284
5.099896	15.86311
5.103229	14.98575
5.106563	14.16709
5.109896	13.40346
5.113229	12.69129
5.116562	12.02716
5.119896	11.4078
5.123229	10.83017
5.126563	10.29127
5.129896	9.788403
5.133229	9.318958
5.136562	8.880521
5.139896	8.470815
5.143229	8.087695
5.146563	7.729182
5.149896	7.393403
5.153229	7.07865
5.156562	6.783348
5.159896	6.506032
5.163229	6.245402
5.166563	6.000234
5.169896	5.769446
5.173229	5.552059
5.176562	5.347124
5.179896	5.153828
5.183229	4.971384
5.186563	4.799086
5.189896	4.636256
5.193229	4.482297
5.196562	4.336667
5.199896	4.198851
5.203229	4.06844
5.206563	3.945002
5.209896	3.828211
5.213229	3.717659
5.216562	3.613103
5.219896	3.514244
5.223229	3.420756
5.226563	3.332396
5.229896	3.248893
5.233229	3.170028
5.236563	3.095585
5.239896	3.02532
5.243229	2.959071
5.246562	2.896673
5.249896	2.837938
5.253229	2.782676
5.256563	2.730778
5.259896	2.682027
5.263229	2.636287
5.266562	2.593341
5.269896	2.553054
5.273229	2.515209
5.276563	2.479615
5.279896	2.446138
5.283229	2.414559
5.286562	2.384744
5.289896	2.356503
5.293229	2.329699
5.296563	2.304089
5.299896	2.279591
5.303229	2.255961
5.306562	2.233091
5.309896	2.210818
5.313229	2.188979
5.316563	2.167438
5.319896	2.146061
5.323229	2.12471
5.326562	2.103332
5.329896	2.081737
5.333229	2.059925
5.336563	2.037733
5.339896	2.015135
5.343229	1.992048
5.346562	1.968418
5.349896	1.944219
5.353229	1.91945
5.356563	1.894057
5.359896	1.868067
5.363229	1.84148
5.366562	1.814324
5.369896	1.786598
5.373229	1.758302
5.376563	1.729518
5.379896	1.700218
5.383229	1.670458
5.386562	1.640263
5.389896	1.609661
5.393229	1.578761
5.396563	1.547589
5.399896	1.516201
5.403229	1.484703
5.406562	1.453152
5.409896	1.421601
5.413229	1.390104
5.416563	1.358769
5.419896	1.327625
5.423229	1.296698
5.426562	1.266096
5.429896	1.23582
5.433229	1.205923
5.436563	1.176433
5.439896	1.147405
5.443229	1.118865
5.446562	1.090841
5.449896	1.063332
5.453229	1.036392
5.456563	1.01005
5.459896	0.9842769
5.463229	0.9591281
5.466562	0.9345761
5.469896	0.9106753
5.473229	0.8873712
5.476563	0.8646912
5.479896	0.8426622
5.483229	0.8212572
5.486563	0.8004762
5.489896	0.780292
5.493229	0.7607318
5.496562	0.7417956
5.499896	0.7234291
5.503229	0.7056865
5.506563	0.6885137
5.509896	0.6718835
5.513229	0.6558229
5.516562	0.640305
5.519896	0.6252482
5.523229	0.6106798
5.526563	0.5965454
5.529896	0.582818
5.533229	0.5695247
5.536562	0.556584
5.539896	0.5440503
5.543229	0.5318693
5.546563	0.5200952
5.549896	0.5086738
5.553229	0.497605
5.556562	0.486889
5.559896	0.4765256
5.563229	0.4665149
5.566563	0.4568026
5.569896	0.4473616
5.573229	0.4382462
5.576562	0.4293749
5.579896	0.4207478
5.583229	0.4123649
5.586563	0.4042261
5.589896	0.3963043
5.593229	0.3886268
5.596562	0.3811662
5.599896	0.3739227
5.603229	0.3668962
5.606563	0.3601139
5.609896	0.3535486
5.613229	0.3471732
5.616562	0.3410149
5.619896	0.3350464
5.623229	0.329295
5.626563	0.3236793
5.629896	0.3182263
5.633229	0.3129361
5.636562	0.3077544
5.639896	0.3026541
5.643229	0.2976352
5.646563	0.2927248
5.649896	0.2878687
5.653229	0.283121
5.656562	0.2784277
5.659896	0.2738157
5.663229	0.2693122
5.666563	0.2649173
5.669896	0.2606309
5.673229	0.256453
5.676562	0.2523836
5.679896	0.2483956
5.683229	0.2445161
5.686563	0.240718
5.689896	0.2369742
5.693229	0.2333117
5.696562	0.2297306
5.699896	0.2262038
5.703229	0.2227313
5.706563	0.219313
5.709896	0.2159761
5.713229	0.2126935
5.716562	0.2094922
5.719896	0.2063452
5.723229	0.2033067
5.726563	0.2003225
5.729896	0.1974197
5.733229	0.1945982
5.736563	0.191831
5.739896	0.1891452
5.743229	0.1865137
5.746562	0.1839364
5.749896	0.1814134
5.753229	0.1789447
5.756563	0.1765573
5.759896	0.1742513
5.763229	0.1720267
5.766562	0.1698835
5.769896	0.1678217
5.773229	0.1658412
5.776563	0.163915
5.779896	0.1620431
5.783229	0.1602255
5.786562	0.1583807
5.789896	0.1565901
5.793229	0.1547996
5.796563	0.1530362
5.799896	0.1512999
5.803229	0.1496179
5.806562	0.1479902
5.809896	0.1464167
5.813229	0.1449517
5.816563	0.143541
5.819896	0.1422116
5.823229	0.1409365
5.826562	0.13977
5.829896	0.1386577
5.833229	0.1375996
5.836563	0.136623
5.839896	0.1357277
5.843229	0.1348596
5.846562	0.1340457
5.849896	0.133259
5.853229	0.1324722
5.856563	0.1317126
5.859896	0.1309258
5.863229	0.1301391
5.866562	0.1293523
5.869896	0.1285656
5.873229	0.127806
5.876563	0.1271006
5.879896	0.1264224
5.883229	0.1258527
5.886562	0.1253372
5.889896	0.124876
5.893229	0.1244691
5.896563	0.1241164
5.899896	0.1237637
5.903229	0.1233839
5.906562	0.122977
5.909896	0.1225158
5.913229	0.1220274
5.916563	0.1215391
5.919896	0.1210237
5.923229	0.1204811
5.926562	0.1199656
5.929896	0.1194773
5.933229	0.1190161
5.936563	0.1186092
5.939896	0.1182022
5.943229	0.1178495
5.946562	0.1174969
5.949896	0.1171442
5.953229	0.1168186
5.956563	0.1164931
5.959896	0.1161675
5.963229	0.115842
5.966562	0.1155164
5.969896	0.115218
5.973229	0.1148925
5.976563	0.1146212
5.979896	0.1143227
5.983229	0.1140243
5.986563	0.113753
5.989896	0.1134817
5.993229	0.1131833
5.996562	0.112912
5.999896	0.1126136
6.003229	0.1123152
6.006563	0.1119625
6.009896	0.1116369
6.013229	0.1112843
6.016562	0.1109316
6.019896	0.1105789
6.023229	0.1102262
6.026563	0.1099007
6.029896	0.1096022
6.033229	0.1093581
6.036562	0.1091953
6.039896	0.1090325
6.043229	0.108924
6.046563	0.1088426
6.049896	0.1087884
6.053229	0.108707
6.056562	0.1086256
6.059896	0.1085442
6.063229	0.1084357
6.066563	0.1083543
6.069896	0.1082458
6.073229	0.1081915
6.076562	0.1081915
6.079896	0.1082187
6.083229	0.1083272
6.086563	0.1084899
6.089896	0.1086798
6.093229	0.1088969
6.096562	0.1091139
6.099896	0.109331
6.103229	0.1094937
6.106563	0.1096294
6.109896	0.1097379
6.113229	0.1097921
6.116562	0.1097921
6.119896	0.1097921
6.123229	0.1097379
6.126563	0.1096836
6.129896	0.1096022
6.133229	0.1094666
6.136562	0.109331
6.139896	0.1091682
6.143229	0.1089511
6.146563	0.1086798
6.149896	0.1083814
6.153229	0.1080287
6.156562	0.1076218
6.159896	0.1071606
6.163229	0.1066452
6.166563	0.1061026
6.169896	0.1054786
6.173229	0.1048546
6.176562	0.1042035
6.179896	0.1035524
6.183229	0.1028742
6.186563	0.1022231
6.189896	0.101572
6.193229	0.1008937
6.196562	0.1002155
6.199896	0.09951015
6.203229	0.09880479
6.206563	0.09804518
6.209896	0.09728556
6.213229	0.09649881
6.216562	0.09571206
6.219896	0.09492531
6.223229	0.09413856
6.226563	0.09340607
6.229896	0.09267358
6.233229	0.09196822
6.236563	0.09128999
6.239896	0.09063889
6.243229	0.08998778
6.246562	0.08933668
6.249896	0.08871271
6.253229	0.08811586
6.256563	0.08754615
6.259896	0.08700356
6.263229	0.08651524
6.266562	0.08605404
6.269896	0.08567423
6.273229	0.08532155
6.276563	0.08502313
6.279896	0.08475183
6.283229	0.08448054
6.286562	0.08423638
6.289896	0.08393796
6.293229	0.0836124
6.296563	0.08325972
6.299896	0.08282566
6.303229	0.08236446
6.306562	0.081849
6.309896	0.08136068
6.313229	0.08084522
6.316563	0.08038402
6.319896	0.07994995
6.323229	0.07959727
6.326562	0.07927172
6.329896	0.07900043
6.333229	0.07875627
6.336563	0.07853923
6.339896	0.07829507
6.343229	0.0780509
6.346562	0.07780674
6.349896	0.07753545
6.353229	0.07723703
6.356563	0.07693861
6.359896	0.07664018
6.363229	0.07634176
6.366562	0.07604334
6.369896	0.07579918
6.373229	0.07555501
6.376563	0.07533798
6.379896	0.0751752
6.383229	0.0749853
6.386562	0.07484965
6.389896	0.074714
6.393229	0.07460549
6.396563	0.0745241
6.399896	0.07444271
6.403229	0.07438845
6.406562	0.07436132
6.409896	0.0743342
6.413229	0.07430707
6.416563	0.07427994
6.419896	0.07425281
6.423229	0.07419855
6.426562	0.07411716
6.429896	0.07400864
6.433229	0.073873
6.436563	0.07371022
6.439896	0.07354745
6.443229	0.07338467
6.446562	0.0732219
6.449896	0.07303199
6.453229	0.07286921
6.456563	0.07273357
6.459896	0.07259792
6.463229	0.07246228
6.466562	0.07235376
6.469896	0.07224524
6.473229	0.07213672
6.476563	0.07208247
6.479896	0.07202821
6.483229	0.07202821
6.486563	0.07205534
6.489896	0.07213672
6.493229	0.0722995
6.496562	0.07251653
6.499896	0.07278783
6.503229	0.07311338
6.506563	0.07346606
6.509896	0.073873
6.513229	0.07427994
6.516562	0.07468688
6.519896	0.07509381
6.523229	0.07547362
6.526563	0.07588056
6.529896	0.07626037
6.533229	0.07669444
6.536562	0.07710138
6.539896	0.07756258
6.543229	0.0780509
6.546563	0.07856636
6.549896	0.07905469
6.553229	0.07957014
6.556562	0.08005847
6.559896	0.08051967
6.563229	0.08089948
6.566563	0.08122503
6.569896	0.08149632
6.573229	0.08168623
6.576562	0.08179474
6.579896	0.081849
6.583229	0.081849
6.586563	0.081849
6.589896	0.08182187
6.593229	0.08179474
6.596562	0.08179474
6.599896	0.08182187
6.603229	0.08187613
6.606563	0.08198465
6.609896	0.0821203
6.613229	0.08228307
6.616562	0.08244585
6.619896	0.08258149
6.623229	0.08271714
6.626563	0.0827714
6.629896	0.0827714
6.633229	0.08271714
6.636562	0.08258149
6.639896	0.08236446
6.643229	0.0821203
6.646563	0.08179474
6.649896	0.08146919
6.653229	0.08108938
6.656562	0.08068244
6.659896	0.08024838
6.663229	0.07976005
6.666563	0.07919033
6.669896	0.07856636
6.673229	0.07783387
6.676562	0.07699286
6.679896	0.0760976
6.683229	0.07509381
6.686563	0.07403577
6.689896	0.07289634
6.693229	0.07172979
6.696562	0.07056323
6.699896	0.06934241
6.703229	0.06812159
6.706563	0.06687365
6.709896	0.06559857
6.713229	0.06435062
6.716562	0.06312981
6.719896	0.06193612
6.723229	0.06082382
6.726563	0.05979291
6.729896	0.05887051
6.733229	0.05808376
6.736563	0.05743266
6.739896	0.05694433
6.743229	0.05659165
6.746562	0.05634749
6.749896	0.05623897
6.753229	0.05621185
6.756563	0.0562661
6.759896	0.05640175
6.763229	0.05659165
6.766562	0.05680869
6.769896	0.05710711
6.773229	0.05745979
6.776563	0.05789386
6.779896	0.05838219
6.783229	0.0589519
6.786562	0.05957587
6.789896	0.06025411
6.793229	0.06095947
6.796563	0.06169196
6.799896	0.06239732
6.803229	0.06302129
6.806562	0.06359101
6.809896	0.0640522
6.813229	0.06440488
6.816563	0.06462192
6.819896	0.06470331
6.823229	0.06464905
6.826562	0.06445914
6.829896	0.06410646
6.833229	0.06364526
6.836563	0.06299416
6.839896	0.06220741
6.843229	0.06120363
6.846562	0.06003707
6.849896	0.05862635
6.853229	0.05702572
6.856563	0.05523519
6.859896	0.0532005
6.863229	0.0509759
6.866562	0.04853426
6.869896	0.04590272
6.873229	0.04310841
6.876563	0.04012419
6.879896	0.03700433
6.883229	0.03374881
6.886562	0.03043904
6.889896	0.02707501
6.893229	0.02373811
6.896563	0.0204826
6.899896	0.01730847
6.903229	0.01432426
6.906562	0.01155707
6.909896	0.009034052
6.913229	0.006809452
6.916563	0.004883274
6.919896	0.003255519
6.923229	0.001980443
6.926562	0.001030919
6.929896	0.0003798097
6.933229	2.712927e-05
6.936563	0
6.939896	0.0002170341
6.943229	0.0006511024
6.946562	0.001302211
6.949896	0.00208896
6.953229	0.002984226
6.956563	0.003960879
6.959896	0.004937533
6.963229	0.005914187
6.966562	0.00689084
6.969896	0.007786106
6.973229	0.008654242
6.976563	0.009440991
6.979896	0.01017348
6.983229	0.01090597
6.986563	0.01161133
6.989896	0.01231669
6.993229	0.01304918
6.996562	0.01386306
6.999896	0.01475833
7.003229	0.01576211
7.006563	0.01692867
7.009896	0.018258
7.013229	0.01977724
7.016562	0.02145925
7.019896	0.0233583
7.023229	0.02544725
7.026563	0.02769898
7.029896	0.03014062
7.033229	0.03269077
7.036562	0.03534944
7.039896	0.03811663
7.043229	0.04091094
7.046563	0.04375951
7.049896	0.04655383
7.053229	0.04932101
7.056562	0.05195255
7.059896	0.05444844
7.063229	0.05675443
7.066563	0.05881625
7.069896	0.06063391
7.073229	0.06220741
7.076562	0.06345536
7.079896	0.06443201
7.083229	0.06511024
7.086563	0.06546292
7.089896	0.06554431
7.093229	0.06532728
7.096562	0.06483895
7.099896	0.0640522
7.103229	0.06302129
7.106563	0.06171909
7.109896	0.06022698
7.113229	0.05854496
7.116562	0.0567273
7.119896	0.05480112
7.123229	0.05284781
7.126563	0.05089451
7.129896	0.04896833
7.133229	0.04712354
7.136562	0.04536014
7.139896	0.04373238
7.143229	0.0422674
7.146563	0.04091094
7.149896	0.03971725
7.153229	0.03868634
7.156562	0.03779107
7.159896	0.03705858
7.163229	0.036516
7.166563	0.03610906
7.169896	0.0358649
7.173229	0.03575638
7.176562	0.03581064
7.179896	0.03597341
7.183229	0.03629896
7.186563	0.03673303
7.189896	0.03727562
7.193229	0.03792672
7.196562	0.03868634
7.199896	0.03952735
7.203229	0.04042261
7.206563	0.04137214
7.209896	0.04240305
7.213229	0.04343396
7.216562	0.044492
7.219896	0.04557717
7.223229	0.04666234
7.226563	0.04777464
7.229896	0.04885981
7.233229	0.04997211
7.236563	0.05105728
7.239896	0.05216958
7.243229	0.05325476
7.246562	0.05436706
7.249896	0.05550648
7.253229	0.05664591
7.256563	0.05781247
7.259896	0.05900616
7.263229	0.06022698
7.266562	0.06150205
7.269896	0.06280426
7.273229	0.06416072
7.276563	0.06554431
7.279896	0.06700929
7.283229	0.0685014
7.286562	0.0700749
7.289896	0.07167553
7.293229	0.07333041
7.296563	0.07501243
7.299896	0.07669444
7.303229	0.07837646
7.306562	0.08003134
7.309896	0.08168623
7.313229	0.08325972
7.316563	0.08480609
7.319896	0.08627107
7.323229	0.08765466
7.326562	0.08895687
7.329896	0.09015056
7.333229	0.09123573
7.336563	0.09221238
7.339896	0.09305339
7.343229	0.09378588
7.346562	0.09435559
7.349896	0.09481679
7.353229	0.09516947
7.356563	0.09538651
7.359896	0.09549502
7.363229	0.09546789
7.366562	0.09535938
7.369896	0.09511521
7.373229	0.09476253
7.376563	0.09430134
7.379896	0.09373162
7.383229	0.09310765
7.386562	0.09240229
7.389896	0.09164267
7.393229	0.09082879
7.396563	0.08998778
7.399896	0.08909252
7.403229	0.08817012
7.406562	0.0872206
7.409896	0.08624394
7.413229	0.08526729
7.416563	0.08431776
7.419896	0.08334111
7.423229	0.08241872
7.426562	0.08155058
7.429896	0.08070957
7.433229	0.0798957
7.436563	0.07913608
7.439896	0.07840358
7.443229	0.07767109
7.446562	0.07691148
7.449896	0.07617899
7.453229	0.07541937
7.456563	0.07465975
7.459896	0.07390013
7.463229	0.07316764
7.466562	0.07248941
7.469896	0.07186543
7.473229	0.07129572
7.476563	0.07083452
7.479896	0.07042758
7.483229	0.07012916
7.486563	0.06985787
7.489896	0.06964083
7.493229	0.06945093
7.496562	0.06923389
7.499896	0.06901686
7.503229	0.0687727
7.506563	0.06847427
7.509896	0.06814872
7.513229	0.06782317
7.516562	0.06749762
7.519896	0.0671992
7.523229	0.06695503
7.526563	0.066738
7.529896	0.06657523
7.533229	0.06646671
7.536562	0.06638532
7.539896	0.06635819
7.543229	0.06633106
7.546563	0.06633106
7.549896	0.06633106
7.553229	0.06633106
7.556562	0.06630393
7.559896	0.06630393
7.563229	0.06630393
7.566563	0.06633106
7.569896	0.06638532
7.573229	0.06643958
7.576562	0.0665481
7.579896	0.06665661
7.583229	0.06679226
7.586563	0.06692791
7.589896	0.06703642
7.593229	0.06709068
7.596562	0.06711781
7.599896	0.06706355
7.603229	0.06698216
7.606563	0.06681939
7.609896	0.06665661
7.613229	0.06646671
7.616562	0.0662768
7.619896	0.0660869
7.623229	0.06595125
7.626563	0.06584273
7.629896	0.06581561
7.633229	0.06578848
7.636562	0.06581561
7.639896	0.06586986
7.643229	0.06592412
7.646563	0.06597838
7.649896	0.06603264
7.653229	0.0660869
7.656562	0.06614116
7.659896	0.06619542
7.663229	0.06619542
7.666563	0.06622254
7.669896	0.06619542
7.673229	0.06616829
7.676562	0.06614116
7.679896	0.0660869
7.683229	0.06603264
7.686563	0.06595125
7.689896	0.06589699
7.693229	0.06584273
7.696562	0.06576135
7.699896	0.06570709
7.703229	0.0656257
7.706563	0.06551718
7.709896	0.06538154
7.713229	0.06521876
7.716562	0.06505599
7.719896	0.06486608
7.723229	0.06470331
7.726563	0.06454053
7.729896	0.06440488
7.733229	0.06429637
7.736563	0.06421498
7.739896	0.06416072
7.743229	0.06413359
7.746562	0.06413359
7.749896	0.06416072
7.753229	0.06416072
7.756563	0.06418785
7.759896	0.06421498
7.763229	0.06424211
7.766562	0.06426924
7.769896	0.0643235
7.773229	0.06435062
7.776563	0.06437775
7.779896	0.06437775
7.783229	0.06437775
7.786562	0.06435062
7.789896	0.0643235
7.793229	0.06424211
7.796563	0.06418785
7.799896	0.06413359
7.803229	0.06407933
7.806562	0.0640522
7.809896	0.06407933
7.813229	0.06413359
7.816563	0.06424211
7.819896	0.06440488
7.823229	0.06459479
7.826562	0.06483895
7.829896	0.06508312
7.833229	0.06532728
7.836563	0.06554431
7.839896	0.06576135
7.843229	0.06592412
7.846562	0.06605977
7.849896	0.06616829
7.853229	0.06622254
7.856563	0.0662768
7.859896	0.06630393
7.863229	0.06635819
7.866562	0.06638532
7.869896	0.06643958
7.873229	0.06652097
7.876563	0.06660235
7.879896	0.06668374
7.883229	0.06676513
7.886562	0.06681939
7.889896	0.06684652
7.893229	0.06681939
7.896563	0.06676513
7.899896	0.06665661
7.903229	0.06649384
7.906562	0.06630393
7.909896	0.06611403
7.913229	0.06589699
7.916563	0.06570709
7.919896	0.06551718
7.923229	0.06532728
7.926562	0.0651645
7.929896	0.0649746
7.933229	0.06481182
7.936563	0.06462192
7.939896	0.06445914
7.943229	0.06426924
7.946562	0.06410646
7.949896	0.06394369
7.953229	0.06380804
7.956563	0.06367239
7.959896	0.06353675
7.963229	0.06342823
7.966562	0.06331971
7.969896	0.0632112
7.973229	0.06312981
7.976563	0.06302129
7.979896	0.0629399
7.983229	0.06288564
7.986563	0.06283139
7.989896	0.06280426
7.993229	0.06275
7.996562	0.06272287
7.999896	0.06266861
8.003229	0.06261435
8.006562	0.06253296
8.009896	0.06242445
8.013229	0.0622888
8.016562	0.06218028
8.019896	0.06204464
8.02323	0.06193612
8.026563	0.06185473
8.029896	0.06177334
8.033229	0.06169196
8.036563	0.0616377
8.039896	0.06158344
8.043229	0.06150205
8.046562	0.06142066
8.049896	0.06133928
8.053229	0.06123076
8.056562	0.06112224
8.059896	0.06104085
8.06323	0.0609866
8.066563	0.06093234
8.069896	0.06095947
8.073229	0.06101372
8.076563	0.06112224
8.079896	0.06128502
8.083229	0.06144779
8.086562	0.0616377
8.089896	0.06180047
8.093229	0.06193612
8.096562	0.06201751
8.099895	0.06207177
8.10323	0.06204464
8.106563	0.06196325
8.109896	0.0618276
8.113229	0.06166483
8.116563	0.06150205
8.119896	0.06131215
8.123229	0.06114937
8.126562	0.06101372
8.129896	0.06087808
8.133229	0.06082382
8.136562	0.06076956
8.139895	0.06076956
8.143229	0.06079669
8.146563	0.06085095
8.149896	0.06090521
8.153229	0.06093234
8.156563	0.06095947
8.159896	0.06095947
8.163229	0.06093234
8.166562	0.06087808
8.169896	0.06079669
8.173229	0.0607153
8.176562	0.06063391
8.179895	0.06055253
8.183229	0.06049827
8.186563	0.06047114
8.189896	0.06047114
8.193229	0.06049827
8.196563	0.06055253
8.199896	0.06063391
8.203229	0.06068817
8.206562	0.06076956
8.209896	0.06082382
8.213229	0.06087808
8.216562	0.06087808
8.219895	0.06087808
8.223229	0.06085095
8.226563	0.06082382
8.229896	0.06076956
8.23323	0.0607153
8.236563	0.0607153
8.239896	0.0607153
8.243229	0.06076956
8.246563	0.06085095
8.249896	0.06095947
8.253229	0.06106798
8.256562	0.06120363
8.259896	0.06133928
8.263229	0.06144779
8.266562	0.06150205
8.269896	0.06152918
8.27323	0.06152918
8.276563	0.06150205
8.279896	0.06147492
8.283229	0.06142066
8.286563	0.06136641
8.289896	0.06131215
8.293229	0.06125789
8.296562	0.06123076
8.299896	0.06123076
8.303229	0.06123076
8.306562	0.06125789
8.309896	0.06128502
8.31323	0.06133928
8.316563	0.06142066
8.319896	0.06150205
8.323229	0.06158344
8.326563	0.06166483
8.329896	0.06174622
8.333229	0.0618276
8.336562	0.06188186
8.339896	0.06193612
8.343229	0.06196325
8.346562	0.06199038
8.349895	0.06199038
8.35323	0.06199038
8.356563	0.06196325
8.359896	0.06193612
8.363229	0.06190899
8.366563	0.06188186
8.369896	0.0618276
8.373229	0.06177334
8.376562	0.06169196
8.379896	0.0616377
8.383229	0.06155631
8.386562	0.06150205
8.389895	0.06144779
8.393229	0.06142066
8.396563	0.06139353
8.399896	0.06136641
8.403229	0.06133928
8.406563	0.06125789
8.409896	0.06114937
8.413229	0.06101372
8.416562	0.06082382
8.419896	0.06063391
8.423229	0.06038975
8.426562	0.06017272
8.429895	0.06000994
8.433229	0.05984717
8.436563	0.05976578
8.439896	0.05973865
8.443229	0.05976578
8.446563	0.05984717
8.449896	0.05990142
8.453229	0.05998281
8.456562	0.06003707
8.459896	0.06003707
8.463229	0.06000994
8.466562	0.05990142
8.469895	0.05976578
8.473229	0.059603
8.476563	0.05935884
8.479896	0.05911468
8.48323	0.05884338
8.486563	0.05857209
8.489896	0.0583008
8.493229	0.05805663
8.496563	0.0578396
8.499896	0.0576497
8.503229	0.05748692
8.506562	0.05740553
8.509896	0.05735127
8.513229	0.05735127
8.516562	0.05740553
8.519896	0.05748692
8.52323	0.05756831
8.526563	0.05767683
8.529896	0.05778534
8.533229	0.05789386
8.536563	0.05800238
8.539896	0.05808376
8.543229	0.05816515
8.546562	0.05824654
8.549896	0.0583008
8.553229	0.0583008
8.556562	0.0583008
8.559896	0.05827367
8.56323	0.05821941
8.566563	0.05816515
8.569896	0.05808376
8.573229	0.05802951
8.576563	0.05802951
8.579896	0.05802951
8.583229	0.05811089
8.586562	0.05824654
8.589896	0.05843644
8.593229	0.05865348
8.596562	0.0589519
8.599895	0.05927745
8.60323	0.059603
8.606563	0.06000994
8.609896	0.06041688
8.613229	0.06085095
8.616563	0.06133928
8.619896	0.06185473
8.623229	0.06239732
8.626562	0.06296703
8.629896	0.06356388
8.633229	0.06416072
8.636562	0.06478469
8.639895	0.0654358
8.643229	0.06605977
8.646563	0.06671087
8.649896	0.06733484
8.653229	0.06798595
8.656563	0.06860992
8.659896	0.06926102
8.663229	0.06985787
8.666562	0.07045471
8.669896	0.0709973
8.673229	0.07153988
8.676562	0.07202821
8.679895	0.07246228
8.683229	0.07289634
8.686563	0.07327615
8.689896	0.07360171
8.693229	0.07392726
8.696563	0.07419855
8.699896	0.07441558
8.703229	0.07457836
8.706562	0.07465975
8.709896	0.07465975
8.713229	0.07455123
8.716562	0.0743342
8.719895	0.07403577
8.723229	0.07362883
8.726563	0.07314051
8.729896	0.07257079
8.73323	0.07194682
8.736563	0.07129572
8.739896	0.07061749
8.743229	0.06991212
8.746563	0.06923389
8.749896	0.06855566
8.753229	0.06793169
8.756562	0.06730772
8.759896	0.066738
8.763229	0.06619542
8.766562	0.06570709
8.769896	0.06524589
8.77323	0.06481182
8.776563	0.06437775
8.779896	0.06397082
8.783229	0.06359101
8.786563	0.0632112
8.789896	0.06283139
8.793229	0.06247871
8.796562	0.06215315
8.799896	0.06185473
8.803229	0.06158344
8.806562	0.06133928
8.809896	0.06109511
8.81323	0.06087808
8.816563	0.06066104
8.819896	0.06041688
8.823229	0.06011846
8.826563	0.05982004
8.829896	0.05949449
8.833229	0.05914181
8.836562	0.058762
8.839896	0.05843644
8.843229	0.05811089
8.846562	0.0578396
8.849895	0.05762257
8.85323	0.05745979
8.856563	0.05732414
8.859896	0.05724276
8.863229	0.05716137
8.866563	0.05713424
8.869896	0.05710711
8.873229	0.05707998
8.876562	0.05705285
8.879896	0.05702572
8.883229	0.05697146
8.886562	0.05694433
8.889895	0.05689008
8.893229	0.05683582
8.896563	0.05678156
8.899896	0.05667304
8.903229	0.05656453
8.906563	0.05642888
8.909896	0.0562661
8.913229	0.0560762
8.916562	0.05588629
8.919896	0.05569639
8.923229	0.05550648
8.926562	0.05534371
8.929895	0.05518093
8.933229	0.05507242
8.936563	0.05501816
8.939896	0.05499103
8.943229	0.05499103
8.946563	0.05504529
8.949896	0.05509955
8.953229	0.05518093
8.956562	0.05531658
8.959896	0.0554251
8.963229	0.05556074
8.966562	0.05569639
8.969895	0.05580491
8.973229	0.05594055
8.976563	0.05604907
8.979896	0.05615759
8.98323	0.05623897
8.986563	0.05629323
8.989896	0.05634749
8.993229	0.05637462
8.996563	0.05637462
8.999896	0.05637462
9.003229	0.05634749
9.006562	0.05629323
9.009896	0.05623897
9.013229	0.05615759
9.016562	0.05604907
9.019896	0.05594055
9.02323	0.05585917
9.026563	0.05577778
9.029896	0.05569639
9.033229	0.05566926
9.036563	0.05566926
9.039896	0.05572352
9.043229	0.05580491
9.046562	0.05591342
9.049896	0.05604907
9.053229	0.05618472
9.056562	0.05632036
9.059896	0.05642888
9.06323	0.05651027
9.066563	0.05656453
9.069896	0.05659165
9.073229	0.05656453
9.076563	0.05651027
9.079896	0.05645601
9.083229	0.05637462
9.086562	0.05629323
9.089896	0.05618472
9.093229	0.05613046
9.096562	0.05604907
9.099895	0.05602194
9.10323	0.05599481
9.106563	0.05599481
9.109896	0.05602194
9.113229	0.05610333
9.116563	0.05618472
9.119896	0.05632036
9.123229	0.05645601
9.126562	0.05664591
9.129896	0.05680869
9.133229	0.05697146
9.136562	0.05710711
9.139895	0.05721563
9.143229	0.05726989
9.146563	0.05729702
9.149896	0.05724276
9.153229	0.0571885
9.156563	0.05710711
9.159896	0.05699859
9.163229	0.05691721
9.166562	0.05686295
9.169896	0.05680869
9.173229	0.05680869
9.176562	0.05680869
9.179895	0.05686295
9.183229	0.05689008
9.186563	0.05691721
9.189896	0.05694433
9.193229	0.05694433
9.196563	0.05689008
9.199896	0.05680869
9.203229	0.05670017
9.206562	0.0565374
9.209896	0.05637462
9.213229	0.05621185
9.216562	0.05604907
9.219895	0.05588629
9.223229	0.05580491
9.226563	0.05572352
9.229896	0.05572352
9.23323	0.05577778
9.236563	0.05585917
9.239896	0.05596768
9.243229	0.05610333
9.246563	0.05621185
9.249896	0.05632036
9.253229	0.05640175
9.256562	0.05648314
9.259896	0.05651027
9.263229	0.05651027
9.266562	0.05648314
9.269896	0.05640175
9.27323	0.05632036
9.276563	0.05621185
9.279896	0.0560762
9.283229	0.05594055
9.286563	0.05580491
9.289896	0.05566926
9.293229	0.05556074
9.296562	0.05547936
9.299896	0.0554251
9.303229	0.05539797
9.306562	0.0554251
9.309896	0.05550648
9.31323	0.055615
9.316563	0.05572352
9.319896	0.05583204
9.323229	0.05596768
9.326563	0.0560762
9.329896	0.05615759
9.333229	0.05621185
9.336562	0.0562661
9.339896	0.05629323
9.343229	0.05629323
9.346562	0.05629323
9.349895	0.05629323
9.35323	0.05629323
9.356563	0.05632036
9.359896	0.05634749
9.363229	0.05640175
9.366563	0.05645601
9.369896	0.05648314
9.373229	0.05651027
9.376562	0.0565374
9.379896	0.05656453
9.383229	0.05656453
9.386562	0.05656453
9.389895	0.05659165
9.393229	0.05664591
9.396563	0.0567273
9.399896	0.05686295
9.403229	0.05699859
9.406563	0.0571885
9.409896	0.0573784
9.413229	0.05756831
9.416562	0.05778534
9.419896	0.05794812
9.423229	0.05811089
9.426562	0.05819228
9.429895	0.05824654
9.433229	0.05824654
9.436563	0.05819228
9.439896	0.05808376
9.443229	0.05792099
9.446563	0.05773108
9.449896	0.05751405
9.453229	0.05732414
9.456562	0.0571885
9.459896	0.05707998
9.463229	0.05705285
9.466562	0.05707998
9.469895	0.05716137
9.473229	0.05726989
9.476563	0.05740553
9.479896	0.05754118
9.48323	0.0576497
9.486563	0.05773108
9.489896	0.05775821
9.493229	0.05775821
9.496563	0.05770395
9.499896	0.0576497
9.503229	0.05756831
9.506562	0.05748692
9.509896	0.05743266
9.513229	0.05735127
9.516562	0.05726989
9.519896	0.05716137
9.52323	0.05702572
9.526563	0.05686295
9.529896	0.05667304
9.533229	0.05648314
9.536563	0.0562661
9.539896	0.05604907
9.543229	0.05583204
9.546562	0.05566926
9.549896	0.05556074
9.553229	0.05547936
9.556562	0.05545223
9.559896	0.05545223
9.56323	0.05547936
9.566563	0.05553361
9.569896	0.05558787
9.573229	0.05564213
9.576563	0.05566926
9.579896	0.05566926
9.583229	0.05566926
9.586562	0.05564213
9.589896	0.05558787
9.593229	0.05553361
9.596562	0.05550648
9.599895	0.05547936
9.60323	0.0554251
9.606563	0.0554251
9.609896	0.0554251
9.613229	0.0554251
9.616563	0.05545223
9.619896	0.05547936
9.623229	0.05550648
9.626562	0.05553361
9.629896	0.05558787
9.633229	0.055615
9.636562	0.05564213
9.639895	0.05566926
9.643229	0.05566926
9.646563	0.05564213
9.649896	0.055615
9.653229	0.05556074
9.656563	0.05550648
9.659896	0.05545223
9.663229	0.05545223
9.666562	0.05545223
9.669896	0.05550648
9.673229	0.05558787
9.676562	0.05572352
9.679895	0.05585917
9.683229	0.05602194
9.686563	0.05615759
9.689896	0.0562661
9.693229	0.05632036
9.696563	0.05634749
9.699896	0.05629323
9.703229	0.05618472
9.706562	0.0560762
9.709896	0.05594055
9.713229	0.05577778
9.716562	0.05564213
9.719895	0.05550648
9.723229	0.05539797
9.726563	0.05531658
9.729896	0.05523519
9.73323	0.05520806
9.736563	0.05518093
9.739896	0.0551538
9.743229	0.05512667
9.746563	0.05507242
9.749896	0.05504529
9.753229	0.05501816
9.756562	0.05499103
9.759896	0.0549639
9.763229	0.0549639
9.766562	0.0549639
9.769896	0.0549639
9.77323	0.05499103
9.776563	0.05499103
9.779896	0.05499103
9.783229	0.0549639
9.786563	0.05493677
9.789896	0.05488251
9.793229	0.05482825
9.796562	0.05477399
9.799896	0.05469261
9.803229	0.05463835
9.806562	0.05458409
9.809896	0.05452983
9.81323	0.05444844
9.816563	0.05439418
9.819896	0.0543128
9.823229	0.05425854
9.826563	0.05423141
9.829896	0.05420428
9.833229	0.05420428
9.836562	0.05420428
9.839896	0.05425854
9.843229	0.05428567
9.846562	0.05433993
9.849895	0.05436706
9.85323	0.05436706
9.856563	0.05433993
9.859896	0.0543128
9.863229	0.05428567
9.866563	0.05423141
9.869896	0.05420428
9.873229	0.05417715
9.876562	0.05415002
9.879896	0.05415002
9.883229	0.05415002
9.886562	0.05412289
9.889895	0.05406863
9.893229	0.05401437
9.896563	0.05393299
9.899896	0.05382447
9.903229	0.05371595
9.906563	0.05360744
9.909896	0.05349892
9.913229	0.05341753
9.916562	0.05336327
9.919896	0.05333614
9.923229	0.05330901
9.926562	0.05328188
9.929895	0.05328188
9.933229	0.05325476
9.936563	0.05325476
9.939896	0.05325476
9.943229	0.05325476
9.946563	0.05325476
9.949896	0.05325476
9.953229	0.05322763
9.956562	0.0532005
9.959896	0.05317337
9.963229	0.05311911
9.966562	0.05301059
9.969895	0.05290207
9.973229	0.0527393
9.976563	0.05257652
9.979896	0.05238662
9.98323	0.05219671
9.986563	0.05203394
9.989896	0.05189829
9.993229	0.05178977
9.996563	0.05170839
9.999896	0.05168126
}
[PEAK]
{
Peak ID	1
Peak Ref	1
Time	3.92679
Peak	3.196563	4.083229
Intensity	-2.878905e-05	3.695488e-06
Height	0.006555685
AreaAbs	1841.845
Area %BP	0.07644736
Area %Total	0.06293097
Width	0.8866665
}
[PEAK]
{
Peak ID	2
Peak Ref	2
Time	4.271448
Peak	4.083229	4.606563
Intensity	-2.878905e-05	3.695488e-06
Height	0.03543747
AreaAbs	6767.041
Area %BP	0.2808719
Area %Total	0.2312119
Width	0.5233335
}
[PEAK]
{
Peak ID	3
Peak Ref	3
Time	4.954412
Peak	4.606563	6.076562
Intensity	-2.878905e-05	3.695488e-06
Height	0.2196015
AreaAbs	40154.96
Area %BP	1.666667
Area %Total	1.371989
Width	1.47
}
[PEAK]
{
Peak ID	4
Peak Ref	4
Time	6.115204
Peak	6.076562	6.476563
Intensity	-2.878905e-05	3.695488e-06
Height	8.645357e-05
AreaAbs	15.64788
Area %BP	0.0006494787
Area %Total	0.0005346466
Width	0.4000001
}
}
}
}
