[SAMPLE]
{
Sample	1
Well	1:A,5
FileName	
SampleID	ASD-E-2601204-014
SampleDescription	Aquired with Galaxy
Date	28-Jan-2026
Time	16:14:32 PRC
JobCode	
TaskCode	
UserName	Congcong_Liu2
LabName	Aquired with Galaxy
Instrument	BAD_L_22_523
Conditions	
Submitter	Huanhuan_Zhang
SampleType	
Plate	
Method	
Process	Galaxy
MSTune	
MSMethod	
InletMethod	
PreRunMethod	
PostRunMethod	
SwitchMethod	
FractionMethod	
AcquisitionProcess	
AcquisitionProcessParameters	
AcquisitionProcessOptions	
InjectionVolume	25
ReportScheme	
SampleReportEnable	0
SampleReportFormat	
AnalysisTime	0
[COMPOUND]
{
;Mono Mass	Formula
}
[FUNCTION]
{
Function	1
IonMode	ES+
Type	MS
Description	(0:0)
[SPECTRUM]
{
ProcDesc	0.00:Combine
State	OK
Peak ID	0
Peak Ref	0
Time	0
TIC	0
BPI	0
BPM	0
Continuum	FALSE
Saved	FALSE
[MASSES]
{
;Mass	Exp. Mass	Obs. Mass	% BPI	Int. Abs
}
[RESULTS]
{
;Mass	Found	% BPI	% Purity
}
[MS]
{
;Mass	% BPI
0	0
}
}
[CHROMATOGRAM]
{
TraceNumber	1
Description	scroll down chrom view to see 2D LC chrom
ProcDesc	
MaxIntensity	0
[TRACE]
{
0	0
}
[PEAK]
{
Peak ID	0
Peak Ref	0
Time	0
Peak	0
Intensity	0	0
Height	0
AreaAbs	0
Area %BP	0
Area %Total	0
}
}
}
[FUNCTION]
{
Function	0
Description	ANALOG
[CHROMATOGRAM]
{
TraceNumber	2
Description	LC
ProcDesc	Result Id:2270, VWD: Signal A, 280 nm
MaxIntensity	0.2212704
[TRACE]
{
;Time	Int. %Max
0.0001041667	0.06104031
0.0034375	0.06098644
0.006770833	0.06093256
0.01010417	0.06093256
0.0134375	0.06093256
0.01677083	0.06098644
0.02010417	0.06109419
0.0234375	0.06120194
0.02677083	0.06133662
0.03010417	0.06147131
0.0334375	0.061606
0.03677083	0.06171375
0.04010417	0.06179456
0.0434375	0.0618215
0.04677083	0.0618215
0.05010417	0.06176762
0.0534375	0.06168681
0.05677084	0.06157906
0.06010417	0.06144437
0.0634375	0.06130969
0.06677084	0.061175
0.07010417	0.06109419
0.0734375	0.06106725
0.07677083	0.06104031
0.08010416	0.06106725
0.0834375	0.06109419
0.08677083	0.06112112
0.09010417	0.061175
0.0934375	0.061175
0.09677083	0.061175
0.1001042	0.06114806
0.1034375	0.06112112
0.1067708	0.06112112
0.1101042	0.06112112
0.1134375	0.06120194
0.1167708	0.06130969
0.1201042	0.06147131
0.1234375	0.06165987
0.1267708	0.06187537
0.1301042	0.06206393
0.1334375	0.0622525
0.1367708	0.06241412
0.1401042	0.06249493
0.1434375	0.06252187
0.1467708	0.06249493
0.1501042	0.06241412
0.1534375	0.06227943
0.1567708	0.06214475
0.1601042	0.062037
0.1634375	0.06192925
0.1667708	0.06187537
0.1701042	0.06187537
0.1734375	0.06190231
0.1767708	0.06195618
0.1801042	0.062037
0.1834375	0.06211781
0.1867708	0.06217168
0.1901042	0.06222556
0.1934375	0.0622525
0.1967708	0.06222556
0.2001042	0.06219862
0.2034375	0.06211781
0.2067708	0.062037
0.2101042	0.06192925
0.2134375	0.06184843
0.2167708	0.06174068
0.2201042	0.06165987
0.2234375	0.06157906
0.2267708	0.06152519
0.2301042	0.06147131
0.2334375	0.06141744
0.2367708	0.0613905
0.2401042	0.06133662
0.2434375	0.06133662
0.2467708	0.06130969
0.2501042	0.06128275
0.2534375	0.06128275
0.2567708	0.06130969
0.2601042	0.06133662
0.2634375	0.0613905
0.2667708	0.06147131
0.2701042	0.06157906
0.2734375	0.06165987
0.2767708	0.06174068
0.2801042	0.06179456
0.2834375	0.0618215
0.2867708	0.06176762
0.2901042	0.06165987
0.2934375	0.06147131
0.2967708	0.06122887
0.3001042	0.0609595
0.3034375	0.06063625
0.3067708	0.06033994
0.3101042	0.06004362
0.3134375	0.05980119
0.3167708	0.05958569
0.3201042	0.059451
0.3234375	0.05937019
0.3267708	0.05934325
0.3301042	0.05939713
0.3334375	0.05947794
0.3367708	0.05961262
0.3401042	0.05977425
0.3434375	0.05996281
0.3467708	0.06012444
0.3501042	0.060313
0.3534375	0.06047462
0.3567708	0.06063625
0.3601042	0.060744
0.3634375	0.06079787
0.3667708	0.06079787
0.3701042	0.06077094
0.3734375	0.060744
0.3767708	0.06069012
0.3801042	0.06063625
0.3834375	0.06063625
0.3867708	0.06063625
0.3901042	0.06069012
0.3934375	0.06077094
0.3967708	0.06085175
0.4001042	0.06093256
0.4034375	0.06098644
0.4067708	0.06098644
0.4101042	0.06090562
0.4134375	0.06079787
0.4167708	0.06063625
0.4201042	0.06044769
0.4234375	0.06025912
0.4267708	0.06007056
0.4301042	0.059882
0.4334375	0.05974731
0.4367708	0.0596665
0.4401042	0.05958569
0.4434375	0.05953181
0.4467708	0.05947794
0.4501042	0.05942406
0.4534375	0.05939713
0.4567708	0.05934325
0.4601042	0.05928938
0.4634375	0.05926244
0.4667708	0.0592355
0.4701042	0.0592355
0.4734375	0.05926244
0.4767708	0.05931631
0.4801042	0.05934325
0.4834375	0.05939713
0.4867708	0.05942406
0.4901042	0.059451
0.4934375	0.05942406
0.4967708	0.05937019
0.5001042	0.05928938
0.5034375	0.05915469
0.5067708	0.05902
0.5101042	0.05885838
0.5134375	0.05872369
0.5167708	0.05861594
0.5201042	0.05853513
0.5234375	0.05850819
0.5267708	0.05850819
0.5301042	0.05856206
0.5334375	0.05864288
0.5367708	0.05875063
0.5401042	0.05885838
0.5434375	0.05899306
0.5467708	0.05910081
0.5501041	0.05920856
0.5534375	0.05928938
0.5567709	0.05937019
0.5601042	0.05942406
0.5634375	0.05947794
0.5667709	0.05950487
0.5701042	0.05950487
0.5734375	0.05950487
0.5767708	0.05950487
0.5801042	0.05947794
0.5834375	0.059451
0.5867708	0.05942406
0.5901042	0.05939713
0.5934375	0.05934325
0.5967708	0.05931631
0.6001042	0.05928938
0.6034375	0.0592355
0.6067708	0.05918163
0.6101041	0.05912775
0.6134375	0.05907388
0.6167708	0.05902
0.6201042	0.05896613
0.6234375	0.05896613
0.6267709	0.05896613
0.6301042	0.05899306
0.6334375	0.05902
0.6367708	0.05910081
0.6401042	0.05918163
0.6434375	0.05926244
0.6467708	0.05931631
0.6501042	0.05934325
0.6534375	0.05931631
0.6567708	0.05928938
0.6601042	0.05920856
0.6634375	0.05912775
0.6667708	0.05902
0.6701041	0.05891225
0.6734375	0.0588045
0.6767708	0.05869675
0.6801042	0.058589
0.6834375	0.05853513
0.6867709	0.05850819
0.6901042	0.05848125
0.6934375	0.05850819
0.6967708	0.05853513
0.7001042	0.058589
0.7034375	0.05866981
0.7067708	0.05877756
0.7101042	0.05885838
0.7134375	0.05896613
0.7167708	0.05904694
0.7201042	0.05912775
0.7234375	0.05918163
0.7267708	0.0592355
0.7301041	0.05926244
0.7334375	0.05926244
0.7367708	0.05926244
0.7401041	0.05926244
0.7434375	0.0592355
0.7467709	0.05918163
0.7501042	0.05912775
0.7534375	0.05907388
0.7567708	0.05902
0.7601042	0.05899306
0.7634375	0.05896613
0.7667708	0.05899306
0.7701042	0.05904694
0.7734375	0.05910081
0.7767708	0.05920856
0.7801042	0.05934325
0.7834375	0.05947794
0.7867708	0.05961262
0.7901042	0.05972037
0.7934375	0.05980119
0.7967708	0.05982812
0.8001041	0.05982812
0.8034375	0.05977425
0.8067709	0.05972037
0.8101042	0.05961262
0.8134375	0.05953181
0.8167709	0.059451
0.8201042	0.05939713
0.8234375	0.05934325
0.8267708	0.05934325
0.8301042	0.05934325
0.8334375	0.05939713
0.8367708	0.059451
0.8401042	0.05953181
0.8434375	0.05958569
0.8467708	0.0596665
0.8501042	0.05974731
0.8534375	0.05977425
0.8567708	0.05982812
0.8601041	0.05985506
0.8634375	0.05985506
0.8667708	0.05982812
0.8701042	0.05977425
0.8734375	0.05969344
0.8767709	0.05958569
0.8801042	0.05950487
0.8834375	0.05939713
0.8867708	0.05931631
0.8901042	0.0592355
0.8934375	0.05918163
0.8967708	0.05912775
0.9001042	0.05910081
0.9034375	0.05912775
0.9067708	0.05912775
0.9101042	0.05918163
0.9134375	0.05920856
0.9167708	0.0592355
0.9201041	0.05928938
0.9234375	0.05931631
0.9267708	0.05931631
0.9301042	0.05934325
0.9334375	0.05934325
0.9367709	0.05934325
0.9401042	0.05931631
0.9434375	0.05928938
0.9467708	0.05928938
0.9501042	0.05926244
0.9534375	0.0592355
0.9567708	0.05920856
0.9601042	0.05918163
0.9634375	0.05915469
0.9667708	0.05910081
0.9701042	0.05904694
0.9734375	0.05896613
0.9767708	0.05885838
0.9801041	0.05872369
0.9834375	0.058589
0.9867708	0.05845431
0.9901041	0.05834656
0.9934375	0.05829269
0.9967709	0.05823881
1.000104	0.05826575
1.003438	0.05834656
1.006771	0.05848125
1.010104	0.05864288
1.013438	0.05883144
1.016771	0.05896613
1.020104	0.05907388
1.023438	0.05912775
1.026771	0.05912775
1.030104	0.05910081
1.033437	0.05899306
1.036771	0.05885838
1.040104	0.05872369
1.043437	0.058589
1.046771	0.05845431
1.050104	0.0583735
1.053437	0.05831963
1.056771	0.05829269
1.060104	0.05829269
1.063437	0.05829269
1.066771	0.05829269
1.070104	0.05831963
1.073437	0.05834656
1.076771	0.05834656
1.080104	0.05834656
1.083437	0.05831963
1.086771	0.05829269
1.090104	0.05823881
1.093438	0.058158
1.096771	0.05805025
1.100104	0.05791557
1.103438	0.05775394
1.106771	0.05759232
1.110104	0.05743069
1.113438	0.05726907
1.116771	0.05713438
1.120104	0.05702663
1.123438	0.05697275
1.126771	0.05697275
1.130104	0.05699969
1.133438	0.0570805
1.136771	0.05718825
1.140104	0.05734988
1.143438	0.0575115
1.146771	0.05770007
1.150104	0.05788863
1.153437	0.05805025
1.156771	0.05823881
1.160104	0.0583735
1.163437	0.05848125
1.166771	0.05856206
1.170104	0.05861594
1.173437	0.05861594
1.176771	0.05861594
1.180104	0.058589
1.183437	0.05853513
1.186771	0.05848125
1.190104	0.05840044
1.193437	0.05831963
1.196771	0.05826575
1.200104	0.05818494
1.203437	0.05813106
1.206771	0.05810413
1.210104	0.05807719
1.213438	0.05807719
1.216771	0.05807719
1.220104	0.05807719
1.223438	0.05807719
1.226771	0.05810413
1.230104	0.05810413
1.233438	0.05807719
1.236771	0.05805025
1.240104	0.05799638
1.243438	0.0579425
1.246771	0.05786169
1.250104	0.05780782
1.253438	0.05775394
1.256771	0.05770007
1.260104	0.05767313
1.263438	0.05764619
1.266771	0.05764619
1.270104	0.05764619
1.273438	0.05764619
1.276771	0.05764619
1.280104	0.05764619
1.283437	0.05767313
1.286771	0.05767313
1.290104	0.05767313
1.293437	0.05770007
1.296771	0.057727
1.300104	0.057727
1.303437	0.057727
1.306771	0.057727
1.310104	0.05770007
1.313437	0.05761925
1.316771	0.0575115
1.320104	0.05740375
1.323437	0.05726907
1.326771	0.05710744
1.330104	0.05697275
1.333437	0.056865
1.336771	0.05675725
1.340104	0.05670338
1.343438	0.05670338
1.346771	0.05673032
1.350104	0.056865
1.353438	0.05702663
1.356771	0.05724213
1.360104	0.05745763
1.363438	0.057727
1.366771	0.0579425
1.370104	0.05813106
1.373438	0.05823881
1.376771	0.05829269
1.380104	0.05823881
1.383438	0.05810413
1.386771	0.05791557
1.390104	0.05770007
1.393438	0.05748457
1.396771	0.057296
1.400104	0.05713438
1.403437	0.05705357
1.406771	0.05699969
1.410104	0.05702663
1.413437	0.05705357
1.416771	0.05713438
1.420104	0.05721519
1.423437	0.05726907
1.426771	0.057296
1.430104	0.05732294
1.433437	0.057296
1.436771	0.05724213
1.440104	0.05721519
1.443437	0.05713438
1.446771	0.0570805
1.450104	0.05702663
1.453437	0.05699969
1.456771	0.05697275
1.460104	0.05697275
1.463438	0.05699969
1.466771	0.05705357
1.470104	0.05713438
1.473438	0.05724213
1.476771	0.05734988
1.480104	0.05748457
1.483438	0.05761925
1.486771	0.05778088
1.490104	0.05791557
1.493438	0.05802331
1.496771	0.05810413
1.500104	0.058158
1.503438	0.058158
1.506771	0.05810413
1.510104	0.05802331
1.513438	0.05791557
1.516771	0.05780782
1.520104	0.05767313
1.523438	0.05753844
1.526771	0.05743069
1.530104	0.05737682
1.533437	0.05732294
1.536771	0.057296
1.540104	0.057296
1.543437	0.05732294
1.546771	0.05734988
1.550104	0.05734988
1.553437	0.05734988
1.556771	0.05732294
1.560104	0.057296
1.563437	0.05721519
1.566771	0.05716132
1.570104	0.05710744
1.573437	0.05705357
1.576771	0.05702663
1.580104	0.05699969
1.583437	0.05699969
1.586771	0.05702663
1.590104	0.0570805
1.593438	0.05713438
1.596771	0.05718825
1.600104	0.05726907
1.603438	0.05732294
1.606771	0.05734988
1.610104	0.05737682
1.613438	0.05737682
1.616771	0.05737682
1.620104	0.05734988
1.623438	0.05732294
1.626771	0.057296
1.630104	0.05724213
1.633438	0.05721519
1.636771	0.05721519
1.640104	0.05721519
1.643438	0.05721519
1.646771	0.05721519
1.650104	0.05721519
1.653437	0.05724213
1.656771	0.05724213
1.660104	0.05724213
1.663437	0.05721519
1.666771	0.05718825
1.670104	0.05716132
1.673437	0.05710744
1.676771	0.0570805
1.680104	0.0570805
1.683437	0.0570805
1.686771	0.05710744
1.690104	0.05713438
1.693437	0.05716132
1.696771	0.05721519
1.700104	0.05724213
1.703437	0.05726907
1.706771	0.05726907
1.710104	0.05726907
1.713438	0.05724213
1.716771	0.05718825
1.720104	0.05710744
1.723438	0.05699969
1.726771	0.05691888
1.730104	0.05681113
1.733438	0.05670338
1.736771	0.05662257
1.740104	0.05654175
1.743438	0.05651482
1.746771	0.05651482
1.750104	0.05656869
1.753438	0.0566495
1.756771	0.05675725
1.760104	0.05689194
1.763438	0.05702663
1.766771	0.05713438
1.770104	0.05721519
1.773438	0.05724213
1.776771	0.05724213
1.780104	0.05718825
1.783437	0.0570805
1.786771	0.05697275
1.790104	0.05683807
1.793437	0.05673032
1.796771	0.05662257
1.800104	0.05656869
1.803437	0.05656869
1.806771	0.05659563
1.810104	0.05670338
1.813437	0.05683807
1.816771	0.05699969
1.820104	0.05716132
1.823437	0.05732294
1.826771	0.05748457
1.830104	0.05759232
1.833437	0.05764619
1.836771	0.05767313
1.840104	0.05764619
1.843438	0.05759232
1.846771	0.0575115
1.850104	0.05745763
1.853438	0.05740375
1.856771	0.05737682
1.860104	0.05740375
1.863438	0.05745763
1.866771	0.05753844
1.870104	0.05764619
1.873438	0.05778088
1.876771	0.0579425
1.880104	0.05813106
1.883438	0.05831963
1.886771	0.05856206
1.890104	0.05877756
1.893438	0.05902
1.896771	0.05928938
1.900104	0.05953181
1.903437	0.05974731
1.906771	0.05996281
1.910104	0.06015137
1.913437	0.060313
1.916771	0.06044769
1.920104	0.06055544
1.923437	0.06066319
1.926771	0.060744
1.930104	0.06082481
1.933437	0.06093256
1.936771	0.06106725
1.940104	0.06125581
1.943437	0.06144437
1.946771	0.06165987
1.950104	0.06190231
1.953437	0.06214475
1.956771	0.06236025
1.960104	0.06257575
1.963438	0.06273737
1.966771	0.06287206
1.970104	0.06295287
1.973438	0.06300675
1.976771	0.06300675
1.980104	0.06300675
1.983438	0.06297981
1.986771	0.06292593
1.990104	0.06287206
1.993438	0.06279125
1.996771	0.06271043
2.000104	0.06260268
2.003438	0.06249493
2.006771	0.06238718
2.010104	0.06227943
2.013438	0.06222556
2.016771	0.06219862
2.020104	0.06219862
2.023438	0.0622525
2.026771	0.06230637
2.030104	0.06241412
2.033437	0.06252187
2.036771	0.06262962
2.040104	0.06271043
2.043437	0.06276431
2.046771	0.06281818
2.050104	0.06281818
2.053437	0.06281818
2.056771	0.06281818
2.060104	0.06276431
2.063437	0.0626835
2.066771	0.06257575
2.070104	0.06241412
2.073437	0.0622525
2.076771	0.062037
2.080104	0.0618215
2.083437	0.061606
2.086771	0.06141744
2.090104	0.06122887
2.093437	0.06112112
2.096771	0.06106725
2.100104	0.06106725
2.103437	0.06109419
2.106771	0.061175
2.110104	0.06128275
2.113437	0.0613905
2.116771	0.06149825
2.120104	0.06155212
2.123437	0.06157906
2.126771	0.06157906
2.130104	0.06152519
2.133437	0.06147131
2.136771	0.0613905
2.140104	0.06130969
2.143437	0.06120194
2.146771	0.06112112
2.150104	0.06098644
2.153438	0.06085175
2.156771	0.06069012
2.160104	0.0605285
2.163438	0.060313
2.166771	0.06012444
2.170104	0.05993587
2.173438	0.05977425
2.176771	0.05963956
2.180104	0.05953181
2.183438	0.05947794
2.186771	0.05942406
2.190104	0.05942406
2.193438	0.05939713
2.196771	0.05937019
2.200104	0.05931631
2.203438	0.05920856
2.206771	0.05910081
2.210104	0.05893919
2.213438	0.05872369
2.216771	0.05853513
2.220104	0.05831963
2.223438	0.05810413
2.226771	0.05791557
2.230104	0.05775394
2.233438	0.05759232
2.236771	0.05745763
2.240104	0.05734988
2.243438	0.05724213
2.246771	0.05713438
2.250104	0.05705357
2.253438	0.05697275
2.256771	0.05691888
2.260104	0.056865
2.263438	0.056865
2.266771	0.05691888
2.270104	0.05702663
2.273438	0.05716132
2.276771	0.05732294
2.280104	0.05748457
2.283437	0.05764619
2.286771	0.05778088
2.290104	0.05783475
2.293437	0.05780782
2.296771	0.057727
2.300104	0.05756538
2.303437	0.05737682
2.306771	0.05713438
2.310104	0.05691888
2.313437	0.05667644
2.316771	0.05648788
2.320104	0.05632625
2.323437	0.0562185
2.326771	0.05611075
2.330104	0.05602994
2.333437	0.05597607
2.336771	0.05592219
2.340104	0.05586832
2.343437	0.05581444
2.346771	0.0557875
2.350104	0.0557875
2.353437	0.05584138
2.356771	0.05589525
2.360104	0.05597607
2.363437	0.05605688
2.366771	0.05616463
2.370104	0.0562185
2.373437	0.05627238
2.376771	0.05627238
2.380104	0.05624544
2.383437	0.05619157
2.386771	0.05611075
2.390104	0.056003
2.393437	0.05592219
2.396771	0.05581444
2.400104	0.05570669
2.403438	0.05562588
2.406771	0.05551813
2.410104	0.05543732
2.413438	0.0553565
2.416771	0.05530263
2.420104	0.05524875
2.423438	0.05519488
2.426771	0.05516794
2.430104	0.05516794
2.433438	0.05516794
2.436771	0.05516794
2.440104	0.055141
2.443438	0.05511407
2.446771	0.05506019
2.450104	0.05500632
2.453438	0.0549255
2.456771	0.05484469
2.460104	0.05479082
2.463438	0.05473694
2.466771	0.05473694
2.470104	0.05476388
2.473438	0.05481775
2.476771	0.05489857
2.480104	0.05500632
2.483438	0.05511407
2.486771	0.05522182
2.490104	0.0553565
2.493438	0.05543732
2.496771	0.05551813
2.500104	0.055572
2.503438	0.05562588
2.506771	0.05565282
2.510104	0.05567975
2.513438	0.05570669
2.516771	0.05570669
2.520104	0.05567975
2.523438	0.05565282
2.526771	0.05559894
2.530104	0.05551813
2.533437	0.05543732
2.536771	0.0553565
2.540104	0.05527569
2.543437	0.05522182
2.546771	0.05516794
2.550104	0.05516794
2.553437	0.05519488
2.556771	0.05527569
2.560104	0.0553565
2.563437	0.05549119
2.566771	0.05559894
2.570104	0.05570669
2.573437	0.05581444
2.576771	0.05586832
2.580104	0.05589525
2.583437	0.05592219
2.586771	0.05589525
2.590104	0.05584138
2.593437	0.05581444
2.596771	0.05576057
2.600104	0.05573363
2.603437	0.05570669
2.606771	0.05567975
2.610104	0.05567975
2.613437	0.05570669
2.616771	0.05570669
2.620104	0.05570669
2.623437	0.05570669
2.626771	0.05565282
2.630104	0.05559894
2.633437	0.05554507
2.636771	0.05546425
2.640104	0.05541038
2.643437	0.05532957
2.646771	0.05527569
2.650104	0.05524875
2.653438	0.05522182
2.656771	0.05524875
2.660104	0.05527569
2.663438	0.05530263
2.666771	0.0553565
2.670104	0.05538344
2.673438	0.05543732
2.676771	0.05551813
2.680104	0.05559894
2.683438	0.05570669
2.686771	0.05584138
2.690104	0.056003
2.693438	0.0562185
2.696771	0.056434
2.700104	0.05667644
2.703438	0.05691888
2.706771	0.05716132
2.710104	0.05737682
2.713438	0.05753844
2.716771	0.05764619
2.720104	0.057727
2.723438	0.05775394
2.726771	0.05775394
2.730104	0.057727
2.733438	0.057727
2.736771	0.057727
2.740104	0.05778088
2.743438	0.05786169
2.746771	0.05799638
2.750104	0.05813106
2.753438	0.05829269
2.756771	0.05845431
2.760104	0.05861594
2.763438	0.05875063
2.766771	0.05883144
2.770104	0.05891225
2.773438	0.05899306
2.776771	0.05902
2.780104	0.05904694
2.783437	0.05907388
2.786771	0.05907388
2.790104	0.05910081
2.793437	0.05912775
2.796771	0.05915469
2.800104	0.05918163
2.803437	0.05920856
2.806771	0.05920856
2.810104	0.05920856
2.813437	0.05920856
2.816771	0.05918163
2.820104	0.05912775
2.823437	0.05904694
2.826771	0.05896613
2.830104	0.05888531
2.833437	0.0588045
2.836771	0.05869675
2.840104	0.05861594
2.843437	0.05850819
2.846771	0.05845431
2.850104	0.0583735
2.853437	0.05831963
2.856771	0.05829269
2.860104	0.05829269
2.863437	0.05829269
2.866771	0.05831963
2.870104	0.0583735
2.873437	0.05845431
2.876771	0.05850819
2.880104	0.058589
2.883437	0.05864288
2.886771	0.05866981
2.890104	0.05869675
2.893437	0.05869675
2.896771	0.05866981
2.900104	0.05864288
2.903438	0.05861594
2.906771	0.05861594
2.910104	0.058589
2.913438	0.058589
2.916771	0.05861594
2.920104	0.05866981
2.923438	0.05869675
2.926771	0.05875063
2.930104	0.0588045
2.933438	0.05883144
2.936771	0.0588045
2.940104	0.05875063
2.943438	0.05866981
2.946771	0.05853513
2.950104	0.0583735
2.953438	0.05818494
2.956771	0.05796944
2.960104	0.05775394
2.963438	0.05759232
2.966771	0.05745763
2.970104	0.05734988
2.973438	0.05726907
2.976771	0.05724213
2.980104	0.05724213
2.983438	0.05724213
2.986771	0.05726907
2.990104	0.05726907
2.993438	0.05724213
2.996771	0.05718825
3.000104	0.05713438
3.003438	0.05705357
3.006771	0.05694582
3.010104	0.05683807
3.013438	0.05670338
3.016771	0.05659563
3.020104	0.05648788
3.023438	0.05640707
3.026771	0.05632625
3.030104	0.05624544
3.033437	0.05619157
3.036771	0.05613769
3.040104	0.05608382
3.043437	0.05602994
3.046771	0.05597607
3.050104	0.05594913
3.053437	0.05589525
3.056771	0.05584138
3.060104	0.05581444
3.063437	0.05581444
3.066771	0.05586832
3.070104	0.05592219
3.073437	0.056003
3.076771	0.05613769
3.080104	0.05627238
3.083437	0.056434
3.086771	0.05659563
3.090104	0.05675725
3.093437	0.056865
3.096771	0.05694582
3.100104	0.05699969
3.103437	0.05697275
3.106771	0.05694582
3.110104	0.05683807
3.113437	0.05673032
3.116771	0.05659563
3.120104	0.056434
3.123437	0.05627238
3.126771	0.05611075
3.130104	0.05597607
3.133437	0.05584138
3.136771	0.05573363
3.140104	0.05562588
3.143437	0.05554507
3.146771	0.05551813
3.150104	0.05549119
3.153438	0.05549119
3.156771	0.05551813
3.160104	0.05554507
3.163438	0.055572
3.166771	0.05559894
3.170104	0.05559894
3.173438	0.05559894
3.176771	0.055572
3.180104	0.05551813
3.183438	0.05546425
3.186771	0.05543732
3.190104	0.05541038
3.193438	0.05538344
3.196771	0.05543732
3.200104	0.05549119
3.203438	0.05559894
3.206771	0.05570669
3.210104	0.05586832
3.213438	0.05602994
3.216771	0.05616463
3.220104	0.05632625
3.223438	0.05646094
3.226771	0.05659563
3.230104	0.05673032
3.233438	0.05683807
3.236771	0.05694582
3.240104	0.0570805
3.243438	0.05718825
3.246771	0.05732294
3.250104	0.05743069
3.253438	0.05759232
3.256771	0.057727
3.260104	0.05791557
3.263438	0.05810413
3.266771	0.05834656
3.270104	0.058589
3.273438	0.05888531
3.276771	0.05918163
3.280104	0.05955875
3.283437	0.05993587
3.286771	0.060313
3.290104	0.06071706
3.293437	0.06112112
3.296771	0.06152519
3.300104	0.06190231
3.303437	0.06227943
3.306771	0.06262962
3.310104	0.06297981
3.313437	0.06333
3.316771	0.06370712
3.320104	0.06408424
3.323437	0.06451524
3.326771	0.06494624
3.330104	0.06540418
3.333437	0.06586212
3.336771	0.06634699
3.340104	0.06683187
3.343437	0.06734368
3.346771	0.06785549
3.350104	0.06839424
3.353437	0.06895993
3.356771	0.06955255
3.360104	0.07022599
3.363437	0.0709533
3.366771	0.07173449
3.370104	0.07256955
3.373437	0.07348542
3.376771	0.07445517
3.380104	0.07545186
3.383437	0.07652936
3.386771	0.07763379
3.390104	0.0787921
3.393437	0.08000429
3.396771	0.08127035
3.400104	0.08256335
3.403438	0.08388329
3.406771	0.08523016
3.410104	0.08660397
3.413438	0.08800472
3.416771	0.0894324
3.420104	0.09086009
3.423438	0.09231471
3.426771	0.09382321
3.430104	0.09538559
3.433438	0.0969749
3.436771	0.09867196
3.440104	0.1004498
3.443438	0.1023085
3.446771	0.1042749
3.450104	0.1062953
3.453438	0.1083964
3.456771	0.1105514
3.460104	0.1127872
3.463438	0.1150769
3.466771	0.1174474
3.470104	0.1198448
3.473438	0.1222961
3.476771	0.1248013
3.480104	0.1273334
3.483438	0.1299464
3.486771	0.1325862
3.490104	0.1353069
3.493438	0.1380545
3.496771	0.140883
3.500104	0.1437653
3.503438	0.1467553
3.506771	0.1498532
3.510104	0.1530587
3.513438	0.156399
3.516771	0.15982
3.520104	0.1633219
3.523438	0.1669315
3.526771	0.1706219
3.530104	0.1743663
3.533437	0.1781644
3.536771	0.1820165
3.540104	0.1858955
3.543437	0.1898014
3.546771	0.1937882
3.550104	0.1978018
3.553437	0.2019233
3.556771	0.2060986
3.560104	0.2103547
3.563437	0.2146916
3.566771	0.2191363
3.570104	0.2237157
3.573437	0.2284567
3.576771	0.2333054
3.580104	0.2383427
3.583437	0.2435417
3.586771	0.2489292
3.590104	0.2545052
3.593437	0.2602429
3.596771	0.2661692
3.600104	0.272284
3.603437	0.2785873
3.606771	0.2850523
3.610104	0.2917059
3.613437	0.298521
3.616771	0.3055248
3.620104	0.3127171
3.623437	0.320098
3.626771	0.3276404
3.630104	0.3353176
3.633437	0.3431025
3.636771	0.3509683
3.640104	0.3588879
3.643437	0.3668345
3.646771	0.3747541
3.650104	0.3826198
3.653438	0.3904586
3.656771	0.3982436
3.660104	0.4059477
3.663438	0.4136249
3.666771	0.4212212
3.670104	0.4287099
3.673438	0.4361177
3.676771	0.4433908
3.680104	0.4505023
3.683438	0.4573983
3.686771	0.4640787
3.690104	0.4705437
3.693438	0.4767394
3.696771	0.4826925
3.700104	0.4883763
3.703438	0.4938447
3.706771	0.4990975
3.710104	0.5041078
3.713438	0.5089296
3.716771	0.513509
3.720104	0.5179267
3.723438	0.5221559
3.726771	0.5262235
3.730104	0.5301563
3.733438	0.5340353
3.736771	0.5378605
3.740104	0.5416856
3.743438	0.5455915
3.746771	0.5496591
3.750104	0.5538882
3.753438	0.5584137
3.756771	0.5632894
3.760104	0.5685692
3.763438	0.5743338
3.766771	0.580691
3.770104	0.5876948
3.773438	0.5954797
3.776771	0.6041266
3.780104	0.6137164
3.783437	0.6243567
3.786771	0.6361015
3.790104	0.6490584
3.793437	0.6632814
3.796771	0.6788782
3.800104	0.6958488
3.803437	0.7142471
3.806771	0.7341538
3.810104	0.7555961
3.813437	0.7785468
3.816771	0.8030599
3.820104	0.8290815
3.823437	0.8565577
3.826771	0.8854616
3.830104	0.9157124
3.833437	0.9472292
3.836771	0.9798774
3.840104	1.013549
3.843437	1.04811
3.846771	1.083452
3.850104	1.119387
3.853437	1.155779
3.856771	1.192441
3.860104	1.229184
3.863437	1.265873
3.866771	1.302238
3.870104	1.338092
3.873437	1.373218
3.876771	1.407402
3.880104	1.440427
3.883437	1.472079
3.886771	1.502195
3.890104	1.530587
3.893437	1.557094
3.896771	1.581553
3.900104	1.603803
3.903438	1.623764
3.906771	1.641273
3.910104	1.656304
3.913438	1.668722
3.916771	1.678501
3.920104	1.685558
3.923438	1.689895
3.926771	1.691538
3.930104	1.690488
3.933438	1.686771
3.936771	1.680521
3.940104	1.671766
3.943438	1.660614
3.946771	1.647172
3.950104	1.631576
3.953438	1.613932
3.956771	1.594402
3.960104	1.573121
3.963438	1.550251
3.966771	1.525954
3.970104	1.50039
3.973438	1.473749
3.976771	1.446219
3.980104	1.417962
3.983438	1.389138
3.986771	1.359857
3.990104	1.330307
3.993438	1.300595
3.996771	1.270829
4.000104	1.241117
4.003438	1.211567
4.006771	1.182259
4.010104	1.153328
4.013437	1.124855
4.016771	1.096975
4.020104	1.069795
4.023438	1.04345
4.026771	1.017967
4.030104	0.9935347
4.033438	0.970153
4.036771	0.9479835
4.040104	0.9270261
4.043437	0.9073348
4.046771	0.8889904
4.050104	0.8720198
4.053438	0.8564769
4.056771	0.8424425
4.060104	0.8299974
4.063437	0.8192493
4.066771	0.8103061
4.070104	0.8032754
4.073438	0.7983189
4.076771	0.7956521
4.080104	0.7954635
4.083437	0.7979418
4.086771	0.8033293
4.090104	0.8119223
4.093438	0.8239903
4.096771	0.8399103
4.100104	0.8600057
4.103437	0.8847343
4.106771	0.9144733
4.110104	0.9497613
4.113438	0.9910834
4.116771	1.038978
4.120104	1.094038
4.123437	1.15691
4.126771	1.22816
4.130104	1.308461
4.133438	1.398432
4.136771	1.498693
4.140104	1.609864
4.143437	1.73251
4.146771	1.867171
4.150104	2.014276
4.153438	2.174285
4.156771	2.34752
4.160104	2.534223
4.163437	2.734557
4.166771	2.948522
4.170104	3.176036
4.173438	3.416857
4.176771	3.67058
4.180104	3.936669
4.183437	4.214421
4.186771	4.502948
4.190104	4.8012
4.193438	5.107964
4.196771	5.421893
4.200104	5.741453
4.203437	6.064972
4.206771	6.390726
4.210104	6.716778
4.213438	7.041159
4.216771	7.361822
4.220104	7.676721
4.223437	7.983781
4.226771	8.280982
4.230104	8.56625
4.233438	8.837672
4.236771	9.093417
4.240104	9.331706
4.243437	9.550923
4.246771	9.749668
4.250104	9.926593
4.253438	10.08059
4.256771	10.21078
4.260104	10.31638
4.263437	10.39692
4.266771	10.45214
4.270104	10.48194
4.273438	10.48649
4.276771	10.46618
4.280104	10.4216
4.283438	10.35347
4.286771	10.26283
4.290104	10.15074
4.293437	10.01845
4.296771	9.86733
4.300104	9.698864
4.303438	9.51453
4.306771	9.31592
4.310104	9.10465
4.313437	8.882307
4.316771	8.650537
4.320104	8.410901
4.323438	8.164989
4.326771	7.914336
4.330104	7.660397
4.333437	7.404571
4.336771	7.148154
4.340104	6.89241
4.343438	6.638416
4.346771	6.387198
4.350104	6.139696
4.353437	5.896693
4.356771	5.658916
4.360104	5.426931
4.363438	5.201276
4.366771	4.982328
4.370104	4.770438
4.373437	4.565821
4.376771	4.368719
4.380104	4.179214
4.383438	3.997305
4.386771	3.823046
4.390104	3.65633
4.393437	3.497076
4.396771	3.345122
4.400104	3.200252
4.403438	3.062306
4.406771	2.931012
4.410104	2.80613
4.413437	2.687444
4.416771	2.574657
4.420104	2.467526
4.423438	2.36581
4.426771	2.269266
4.430104	2.177625
4.433437	2.090671
4.436771	2.008161
4.440104	1.929854
4.443438	1.855507
4.446771	1.784931
4.450104	1.71791
4.453437	1.654257
4.456771	1.593809
4.460104	1.536352
4.463438	1.481749
4.466771	1.429841
4.470104	1.380465
4.473437	1.333486
4.476771	1.288796
4.480104	1.246208
4.483438	1.205667
4.486771	1.167012
4.490104	1.130188
4.493437	1.095062
4.496771	1.061606
4.500104	1.029739
4.503438	0.9993532
4.506771	0.9704223
4.510104	0.9428923
4.513437	0.9166821
4.516771	0.891738
4.520104	0.8679792
4.523438	0.8453787
4.526771	0.8238825
4.530104	0.8034101
4.533438	0.7839612
4.536771	0.7654552
4.540104	0.7479189
4.543437	0.7312715
4.546771	0.7155131
4.550104	0.7006436
4.553438	0.6866361
4.556771	0.6734907
4.560104	0.6611802
4.563437	0.6497049
4.566771	0.6390107
4.570104	0.6291246
4.573438	0.6200197
4.576771	0.6116422
4.580104	0.6040458
4.583437	0.5972037
4.586771	0.5910889
4.590104	0.5857283
4.593438	0.5811759
4.596771	0.5774316
4.600104	0.5745762
4.603437	0.5726098
4.606771	0.57164
4.610104	0.5716939
4.613438	0.5728792
4.616771	0.5752497
4.620104	0.5788862
4.623437	0.5839235
4.626771	0.5904424
4.630104	0.5985236
4.633438	0.608275
4.636771	0.6198581
4.640104	0.6334077
4.643437	0.6490314
4.646771	0.666891
4.650104	0.6871749
4.653438	0.7100448
4.656771	0.7357162
4.660104	0.7643507
4.663437	0.7961908
4.666771	0.8314789
4.670104	0.8703497
4.673438	0.9130456
4.676771	0.959782
4.680104	1.010721
4.683437	1.066077
4.686771	1.12604
4.690104	1.190744
4.693438	1.260323
4.696771	1.334967
4.700104	1.414783
4.703437	1.499851
4.706771	1.590281
4.710104	1.686151
4.713438	1.78749
4.716771	1.894297
4.720104	2.006599
4.723437	2.124424
4.726771	2.247797
4.730104	2.376747
4.733438	2.511354
4.736771	2.651725
4.740104	2.798049
4.743437	2.950569
4.746771	3.109662
4.750104	3.275812
4.753438	3.449613
4.756771	3.631844
4.760104	3.823477
4.763437	4.025724
4.766771	4.240038
4.770104	4.468226
4.773438	4.71236
4.776771	4.974947
4.780104	5.258841
4.783438	5.567383
4.786771	5.90429
4.790104	6.273791
4.793437	6.68052
4.796771	7.129648
4.800104	7.626725
4.803438	8.177758
4.806771	8.789211
4.810104	9.467929
4.813437	10.22107
4.816771	11.05603
4.820104	11.98041
4.823438	13.00188
4.826771	14.12795
4.830104	15.36599
4.833437	16.72292
4.836771	18.2051
4.840104	19.81814
4.843438	21.56681
4.846771	23.45486
4.850104	25.48476
4.853437	27.65767
4.856771	29.97329
4.860104	32.42959
4.863438	35.02275
4.866771	37.7471
4.870104	40.5949
4.873437	43.55636
4.876771	46.61955
4.880104	49.77048
4.883438	52.99317
4.886771	56.26982
4.890104	59.58094
4.893437	62.90562
4.896771	66.22173
4.900104	69.50616
4.903438	72.73519
4.906771	75.88472
4.910104	78.93067
4.913437	81.84921
4.916771	84.61709
4.920104	87.21198
4.923438	89.61278
4.926771	91.80007
4.930104	93.75627
4.933437	95.46591
4.936771	96.91596
4.940104	98.09587
4.943438	98.99785
4.946771	99.61681
4.950104	99.95068
4.953437	100
4.956771	99.76815
4.960104	99.26111
4.963438	98.48719
4.966771	97.45708
4.970104	96.18336
4.973437	94.68058
4.976771	92.96463
4.980104	91.05288
4.983438	88.96361
4.986771	86.71589
4.990104	84.3294
4.993437	81.82405
4.996771	79.21982
5.000104	76.53644
5.003438	73.79318
5.006771	71.0086
5.010104	68.20034
5.013437	65.38505
5.016771	62.57825
5.020104	59.79412
5.023438	57.04561
5.026771	54.3443
5.030104	51.7005
5.033438	49.12312
5.036771	46.61995
5.040104	44.19741
5.043437	41.8608
5.046771	39.61419
5.050104	37.46059
5.053438	35.40198
5.056771	33.43934
5.060104	31.57287
5.063437	29.80186
5.066771	28.12509
5.070104	26.54057
5.073438	25.04598
5.076771	23.63852
5.080104	22.31511
5.083437	21.07235
5.086771	19.90676
5.090104	18.81464
5.093438	17.79225
5.096771	16.83586
5.100104	15.94167
5.103437	15.10594
5.106771	14.32505
5.110104	13.59534
5.113438	12.91345
5.116771	12.27603
5.120104	11.67995
5.123437	11.12219
5.126771	10.59989
5.130104	10.11047
5.133438	9.651373
5.136771	9.220292
5.140104	8.815125
5.143437	8.433771
5.146771	8.074452
5.150104	7.735391
5.153438	7.415023
5.156771	7.111923
5.160104	6.824743
5.163437	6.552324
5.166771	6.293563
5.170104	6.047462
5.173438	5.81316
5.176771	5.589822
5.180104	5.376746
5.183437	5.173261
5.186771	4.978745
5.190104	4.792634
5.193438	4.61447
5.196771	4.443793
5.200104	4.280175
5.203437	4.123318
5.206771	3.9729
5.210104	3.828649
5.213438	3.690326
5.216771	3.557766
5.220104	3.430783
5.223437	3.309214
5.226771	3.192871
5.230104	3.081647
5.233438	2.975378
5.236771	2.873905
5.240104	2.777146
5.243437	2.684966
5.246771	2.59723
5.250104	2.513832
5.253438	2.434716
5.256771	2.359696
5.260104	2.288715
5.263437	2.221587
5.266771	2.158203
5.270104	2.098429
5.273438	2.042103
5.276771	1.989036
5.280104	1.939094
5.283438	1.892115
5.286771	1.847937
5.290104	1.806373
5.293437	1.767314
5.296771	1.730544
5.300104	1.695929
5.303438	1.663254
5.306771	1.632411
5.310104	1.603157
5.313437	1.575384
5.316771	1.548878
5.320104	1.523529
5.323438	1.499151
5.326771	1.475662
5.330104	1.452926
5.333437	1.430811
5.336771	1.409234
5.340104	1.388115
5.343438	1.367346
5.346771	1.34682
5.350104	1.326482
5.353437	1.306252
5.356771	1.286076
5.360104	1.265846
5.363438	1.245562
5.366771	1.225197
5.370104	1.204671
5.373437	1.184037
5.376771	1.163268
5.380104	1.142364
5.383438	1.12138
5.386771	1.100288
5.390104	1.079169
5.393437	1.05805
5.396771	1.036931
5.400104	1.015893
5.403438	0.9949624
5.406771	0.9741666
5.410104	0.9535326
5.413437	0.933087
5.416771	0.9128839
5.420104	0.8929233
5.423438	0.873232
5.426771	0.8537831
5.430104	0.8346306
5.433437	0.8157474
5.436771	0.7971606
5.440104	0.778897
5.443438	0.7609027
5.446771	0.7432587
5.450104	0.7259379
5.453437	0.7089942
5.456771	0.6923738
5.460104	0.6761844
5.463438	0.6603721
5.466771	0.6449639
5.470104	0.6299597
5.473437	0.6153865
5.476771	0.6012713
5.480104	0.5875601
5.483438	0.5742799
5.486771	0.5614038
5.490104	0.5489318
5.493437	0.5368368
5.496771	0.5250921
5.500104	0.5136976
5.503438	0.5026263
5.506771	0.4918513
5.510104	0.4813995
5.513437	0.4711902
5.516771	0.4613042
5.520104	0.4516606
5.523438	0.4423402
5.526771	0.4332892
5.530104	0.4245345
5.533438	0.4160492
5.536771	0.4078603
5.540104	0.3999137
5.543437	0.3922365
5.546771	0.3848018
5.550104	0.3775825
5.553438	0.3705788
5.556771	0.3637636
5.560104	0.3571639
5.563437	0.3507259
5.566771	0.3444764
5.570104	0.3383885
5.573438	0.3324622
5.576771	0.3267246
5.580104	0.3211216
5.583437	0.3157071
5.586771	0.3104543
5.590104	0.3053632
5.593438	0.3004336
5.596771	0.2956387
5.600104	0.2909786
5.603437	0.2864531
5.606771	0.2820623
5.610104	0.2777523
5.613438	0.2735231
5.616771	0.2693747
5.620104	0.2653341
5.623437	0.2613743
5.626771	0.2574953
5.630104	0.253724
5.633438	0.2500336
5.636771	0.2464509
5.640104	0.242976
5.643437	0.2395819
5.646771	0.2362686
5.650104	0.2330361
5.653438	0.2298574
5.656771	0.2267058
5.660104	0.223581
5.663437	0.2204832
5.666771	0.2174123
5.670104	0.2143684
5.673438	0.2113783
5.676771	0.2084152
5.680104	0.2055598
5.683437	0.2027314
5.686771	0.2000107
5.690104	0.1973708
5.693438	0.1947848
5.696771	0.1922797
5.700104	0.1898284
5.703437	0.1874579
5.706771	0.1851143
5.710104	0.1827977
5.713438	0.1805619
5.716771	0.1783799
5.720104	0.1762249
5.723437	0.1741508
5.726771	0.1721574
5.730104	0.1701909
5.733438	0.1682514
5.736771	0.1663928
5.740104	0.164561
5.743437	0.1627293
5.746771	0.1609514
5.750104	0.1591735
5.753438	0.1574495
5.756771	0.1557525
5.760104	0.1540823
5.763437	0.1524661
5.766771	0.1509307
5.770104	0.1494222
5.773438	0.1479675
5.776771	0.1465668
5.780104	0.145193
5.783438	0.1438461
5.786771	0.1424992
5.790104	0.1411793
5.793437	0.1398593
5.796771	0.1385663
5.800104	0.1373003
5.803438	0.136115
5.806771	0.1349567
5.810104	0.1338792
5.813437	0.1328556
5.816771	0.1318859
5.820104	0.1309969
5.823438	0.1301349
5.826771	0.1292999
5.830104	0.1284917
5.833437	0.1276836
5.836771	0.1269024
5.840104	0.1261482
5.843438	0.1254209
5.846771	0.1247205
5.850104	0.1240471
5.853437	0.1234275
5.856771	0.1228887
5.860104	0.1223769
5.863438	0.1218921
5.866771	0.1214611
5.870104	0.1210301
5.873437	0.1205991
5.876771	0.1201681
5.880104	0.1197371
5.883438	0.1193061
5.886771	0.1188481
5.890104	0.1183902
5.893437	0.1179592
5.896771	0.1175282
5.900104	0.1170972
5.903438	0.1166931
5.906771	0.1162891
5.910104	0.115885
5.913437	0.1155079
5.916771	0.1151308
5.920104	0.1147536
5.923438	0.1143765
5.926771	0.1139994
5.930104	0.1135953
5.933437	0.1131913
5.936771	0.1127872
5.940104	0.1123562
5.943438	0.1118713
5.946771	0.1114134
5.950104	0.1109285
5.953437	0.1104167
5.956771	0.1099588
5.960104	0.1094739
5.963438	0.1090429
5.966771	0.1086119
5.970104	0.1082078
5.973437	0.1078307
5.976771	0.1074266
5.980104	0.1070495
5.983438	0.1066724
5.986771	0.1062953
5.990104	0.1059181
5.993437	0.105541
5.996771	0.1051908
6.000104	0.1048406
6.003438	0.1045174
6.006771	0.1042211
6.010104	0.1039248
6.013437	0.1036284
6.016771	0.1033591
6.020104	0.1030897
6.023438	0.1028203
6.026771	0.1025779
6.030104	0.1023355
6.033438	0.102093
6.036771	0.1018506
6.040104	0.1016351
6.043437	0.1014196
6.046771	0.1011771
6.050104	0.1009616
6.053438	0.1007461
6.056771	0.1005306
6.060104	0.1003421
6.063437	0.1001266
6.066771	0.09996496
6.070104	0.09980333
6.073438	0.09966864
6.076771	0.09953396
6.080104	0.09937233
6.083437	0.09918377
6.086771	0.09894133
6.090104	0.09864502
6.093438	0.09832177
6.096771	0.09794465
6.100104	0.09754058
6.103437	0.09713652
6.106771	0.09673246
6.110104	0.09640921
6.113438	0.09613984
6.116771	0.0958974
6.120104	0.09570884
6.123437	0.09554721
6.126771	0.09535865
6.130104	0.09517009
6.133438	0.09492765
6.136771	0.0946044
6.140104	0.09422727
6.143437	0.09376934
6.146771	0.09323059
6.150104	0.0926649
6.153438	0.09207228
6.156771	0.09145272
6.160104	0.09086009
6.163437	0.09026747
6.166771	0.08972872
6.170104	0.08918997
6.173438	0.08873203
6.176771	0.08827409
6.180104	0.08789697
6.183437	0.08751984
6.186771	0.08719659
6.190104	0.08687335
6.193438	0.08657703
6.196771	0.08630766
6.200104	0.08601135
6.203437	0.08571503
6.206771	0.08541872
6.210104	0.08506853
6.213438	0.08471835
6.216771	0.08434122
6.220104	0.08393716
6.223437	0.08350616
6.226771	0.0831021
6.230104	0.08269804
6.233438	0.08232091
6.236771	0.08197073
6.240104	0.08167441
6.243437	0.08143198
6.246771	0.08121648
6.250104	0.08102791
6.253438	0.08086629
6.256771	0.08070466
6.260104	0.08056998
6.263437	0.08040835
6.266771	0.08027366
6.270104	0.08011204
6.273438	0.07995042
6.276771	0.07978879
6.280104	0.07962717
6.283438	0.07949248
6.286771	0.07933085
6.290104	0.07914229
6.293437	0.07895373
6.296771	0.07876517
6.300104	0.07852273
6.303438	0.07828029
6.306771	0.07801092
6.310104	0.07768767
6.313437	0.07739136
6.316771	0.07706811
6.320104	0.07674486
6.323438	0.07642161
6.326771	0.07612529
6.330104	0.07588286
6.333437	0.07561348
6.336771	0.07539798
6.340104	0.07520942
6.343438	0.07502086
6.346771	0.07488617
6.350104	0.07475148
6.353437	0.0746168
6.356771	0.07450905
6.360104	0.07437436
6.363438	0.07423967
6.366771	0.07410498
6.370104	0.0739703
6.373437	0.07380867
6.376771	0.07362011
6.380104	0.07343155
6.383438	0.07321605
6.386771	0.07300055
6.390104	0.07278505
6.393437	0.07256955
6.396771	0.07238099
6.400104	0.07221936
6.403438	0.07208467
6.406771	0.07197692
6.410104	0.07189611
6.413437	0.07184224
6.416771	0.07186917
6.420104	0.07189611
6.423438	0.07194999
6.426771	0.07205774
6.430104	0.07219242
6.433437	0.07235405
6.436771	0.07256955
6.440104	0.07281199
6.443438	0.0731083
6.446771	0.07343155
6.450104	0.07380867
6.453437	0.07421273
6.456771	0.07464373
6.460104	0.0750478
6.463438	0.07542492
6.466771	0.07574817
6.470104	0.07599061
6.473437	0.07617917
6.476771	0.07631386
6.480104	0.07639467
6.483438	0.07642161
6.486771	0.07639467
6.490104	0.07639467
6.493437	0.07636773
6.496771	0.07631386
6.500104	0.07628692
6.503438	0.07625998
6.506771	0.07623304
6.510104	0.07615223
6.513437	0.07607142
6.516771	0.07593673
6.520104	0.07574817
6.523438	0.07555961
6.526771	0.07531717
6.530104	0.0750478
6.533438	0.07477842
6.536771	0.07448211
6.540104	0.07421273
6.543437	0.0739703
6.546771	0.07372786
6.550104	0.07351236
6.553438	0.07329686
6.556771	0.0731083
6.560104	0.0728928
6.563437	0.0726773
6.566771	0.07243486
6.570104	0.07211161
6.573438	0.07176142
6.576771	0.07133042
6.580104	0.07084555
6.583437	0.07027986
6.586771	0.0696603
6.590104	0.0690138
6.593438	0.06831343
6.596771	0.06755918
6.600104	0.06677799
6.603437	0.06596987
6.606771	0.06513481
6.610104	0.06424587
6.613438	0.06327612
6.616771	0.06222556
6.620104	0.06109419
6.623437	0.059882
6.626771	0.058589
6.630104	0.05724213
6.633438	0.05584138
6.636771	0.05444063
6.640104	0.05303988
6.643437	0.05166607
6.646771	0.05034613
6.650104	0.04905314
6.653438	0.04784095
6.656771	0.0466557
6.660104	0.0455782
6.663437	0.04455458
6.666771	0.04361177
6.670104	0.04274977
6.673438	0.04196858
6.676771	0.04132208
6.680104	0.04078333
6.683437	0.04037927
6.686771	0.0401099
6.690104	0.03997521
6.693438	0.04000215
6.696771	0.04013684
6.700104	0.04040621
6.703437	0.04081027
6.706771	0.04129515
6.710104	0.04188777
6.713438	0.04256121
6.716771	0.04328852
6.720104	0.04406971
6.723437	0.04487783
6.726771	0.04568595
6.730104	0.04649408
6.733438	0.04724833
6.736771	0.04800257
6.740104	0.04870295
6.743437	0.04934945
6.746771	0.04996901
6.750104	0.0505347
6.753438	0.05104651
6.756771	0.05153138
6.760104	0.05190851
6.763437	0.05223176
6.766771	0.05242032
6.770104	0.05247419
6.773438	0.05239338
6.776771	0.05212401
6.780104	0.05169301
6.783438	0.05107345
6.786771	0.05023838
6.790104	0.04921476
6.793437	0.04802951
6.796771	0.04662876
6.800104	0.04501252
6.803438	0.04323464
6.806771	0.04121433
6.810104	0.03895159
6.813437	0.03650027
6.816771	0.03383346
6.820104	0.03100503
6.823438	0.02804191
6.826771	0.02497104
6.830104	0.02184629
6.833437	0.01874848
6.836771	0.01575843
6.840104	0.01290305
6.843438	0.01023624
6.846771	0.00783881
6.850104	0.005737687
6.853437	0.00393287
6.856771	0.002478247
6.860104	0.001346873
6.863438	0.0005656868
6.866771	0.0001077499
6.870104	0
6.873437	0.0001885623
6.876771	0.0006464993
6.880104	0.001400748
6.883438	0.002424372
6.886771	0.003690433
6.890104	0.005172001
6.893437	0.006895999
6.896771	0.008835496
6.900104	0.01096356
6.903438	0.01330712
6.906771	0.01586618
6.910104	0.01858686
6.913437	0.0214961
6.916771	0.02456698
6.920104	0.02779947
6.923438	0.03119359
6.926771	0.0347224
6.930104	0.03835896
6.933437	0.04213021
6.936771	0.04598226
6.940104	0.04991514
6.943438	0.05392882
6.946771	0.05796944
6.950104	0.062037
6.953437	0.06613149
6.956771	0.07017211
6.960104	0.07413192
6.963438	0.07801092
6.966771	0.08172829
6.970104	0.0852571
6.973437	0.0885704
6.976771	0.0915874
6.980104	0.09433502
6.983438	0.0967594
6.986771	0.09886052
6.990104	0.1006384
6.993437	0.102093
6.996771	0.1032244
7.000104	0.1040325
7.003438	0.1045174
7.006771	0.104679
7.010104	0.1045174
7.013437	0.1040056
7.016771	0.1031705
7.020104	0.1020122
7.023438	0.1005037
7.026771	0.09869889
7.030104	0.09662471
7.033438	0.09428115
7.036771	0.09174903
7.040104	0.08908222
7.043437	0.08628072
7.046771	0.08345229
7.050104	0.08059691
7.053438	0.07779542
7.056771	0.07502086
7.060104	0.07235405
7.063437	0.06974111
7.066771	0.06726287
7.070104	0.06486543
7.073438	0.06257575
7.076771	0.06042075
7.080104	0.05842738
7.083437	0.05656869
7.086771	0.05489857
7.090104	0.05344394
7.093438	0.05220482
7.096771	0.0511812
7.100104	0.05037307
7.103437	0.04980739
7.106771	0.04940332
7.110104	0.04918782
7.113438	0.04908007
7.116771	0.04910701
7.120104	0.04921476
7.123437	0.04940332
7.126771	0.04964576
7.130104	0.04994207
7.133438	0.05029226
7.136771	0.05072326
7.140104	0.05123507
7.143437	0.05177382
7.146771	0.05239338
7.150104	0.05303988
7.153438	0.05371332
7.156771	0.05441369
7.160104	0.05511407
7.163437	0.05581444
7.166771	0.05648788
7.170104	0.05716132
7.173438	0.05783475
7.176771	0.05850819
7.180104	0.05915469
7.183437	0.05980119
7.186771	0.06044769
7.190104	0.06104031
7.193438	0.061606
7.196771	0.06211781
7.200104	0.06254881
7.203437	0.06292593
7.206771	0.06324918
7.210104	0.06349162
7.213438	0.06370712
7.216771	0.06386874
7.220104	0.06400343
7.223437	0.06413812
7.226771	0.06427281
7.230104	0.06440749
7.233438	0.06456912
7.236771	0.06475768
7.240104	0.06497318
7.243437	0.06521562
7.246771	0.06548499
7.250104	0.06578131
7.253438	0.06610456
7.256771	0.0664278
7.260104	0.06677799
7.263437	0.06712818
7.266771	0.06747837
7.270104	0.06780162
7.273438	0.06809793
7.276771	0.06834037
7.280104	0.06855586
7.283438	0.06869055
7.286771	0.06882524
7.290104	0.06890605
7.293437	0.06898686
7.296771	0.06904074
7.300104	0.06909461
7.303438	0.06914849
7.306771	0.06914849
7.310104	0.06917543
7.313437	0.06914849
7.316771	0.06906768
7.320104	0.06895993
7.323438	0.06882524
7.326771	0.06869055
7.330104	0.06852893
7.333437	0.06839424
7.336771	0.06825955
7.340104	0.0681518
7.343438	0.06807099
7.346771	0.06801712
7.350104	0.06796324
7.353437	0.0679363
7.356771	0.06790937
7.360104	0.06785549
7.363438	0.06782855
7.366771	0.06777468
7.370104	0.06777468
7.373437	0.06774774
7.376771	0.06777468
7.380104	0.06780162
7.383438	0.06782855
7.386771	0.06788243
7.390104	0.06790937
7.393437	0.06790937
7.396771	0.06788243
7.400104	0.06782855
7.403438	0.0677208
7.406771	0.06755918
7.410104	0.06739755
7.413437	0.06718205
7.416771	0.06693962
7.420104	0.06672412
7.423438	0.06648168
7.426771	0.06626618
7.430104	0.06607762
7.433437	0.06591599
7.436771	0.06578131
7.440104	0.06567356
7.443438	0.06559274
7.446771	0.06553887
7.450104	0.06551193
7.453437	0.06545806
7.456771	0.06540418
7.460104	0.06532337
7.463438	0.06524256
7.466771	0.06510787
7.470104	0.06494624
7.473437	0.06475768
7.476771	0.06456912
7.480104	0.06435362
7.483438	0.06413812
7.486771	0.06392262
7.490104	0.06376099
7.493437	0.06359937
7.496771	0.06349162
7.500104	0.06343775
7.503438	0.06341081
7.506771	0.06343775
7.510104	0.06349162
7.513437	0.06357243
7.516771	0.06365325
7.520104	0.06370712
7.523438	0.06378793
7.526771	0.06381487
7.530104	0.06381487
7.533438	0.06378793
7.536771	0.06373406
7.540104	0.06365325
7.543437	0.0635455
7.546771	0.06341081
7.550104	0.06324918
7.553438	0.06308756
7.556771	0.06292593
7.560104	0.06279125
7.563437	0.0626835
7.566771	0.06260268
7.570104	0.06257575
7.573438	0.06260268
7.576771	0.06265656
7.580104	0.06273737
7.583437	0.06284512
7.586771	0.06292593
7.590104	0.06303368
7.593438	0.06308756
7.596771	0.0631145
7.600104	0.06308756
7.603437	0.06306062
7.606771	0.06297981
7.610104	0.062899
7.613438	0.06281818
7.616771	0.06271043
7.620104	0.06262962
7.623437	0.06252187
7.626771	0.06241412
7.630104	0.06230637
7.633438	0.06222556
7.636771	0.06211781
7.640104	0.062037
7.643437	0.06198312
7.646771	0.06192925
7.650104	0.06192925
7.653438	0.06195618
7.656771	0.062037
7.660104	0.06211781
7.663437	0.06222556
7.666771	0.06233331
7.670104	0.062468
7.673438	0.06260268
7.676771	0.06271043
7.680104	0.06279125
7.683437	0.06287206
7.686771	0.06292593
7.690104	0.06295287
7.693438	0.06297981
7.696771	0.06297981
7.700104	0.06300675
7.703437	0.06297981
7.706771	0.06297981
7.710104	0.06297981
7.713438	0.06295287
7.716771	0.06295287
7.720104	0.06297981
7.723437	0.06297981
7.726771	0.06297981
7.730104	0.06300675
7.733438	0.06300675
7.736771	0.06300675
7.740104	0.06297981
7.743437	0.06292593
7.746771	0.06287206
7.750104	0.06276431
7.753438	0.06265656
7.756771	0.06252187
7.760104	0.06241412
7.763437	0.06227943
7.766771	0.06217168
7.770104	0.06209087
7.773438	0.06206393
7.776771	0.062037
7.780104	0.062037
7.783438	0.062037
7.786771	0.062037
7.790104	0.06206393
7.793437	0.06206393
7.796771	0.062037
7.800104	0.06201006
7.803438	0.06192925
7.806771	0.06184843
7.810104	0.06176762
7.813437	0.06165987
7.816771	0.06157906
7.820104	0.06149825
7.823438	0.06144437
7.826771	0.06141744
7.830104	0.0613905
7.833437	0.06136356
7.836771	0.06133662
7.840104	0.06130969
7.843438	0.06122887
7.846771	0.06114806
7.850104	0.06104031
7.853437	0.06090562
7.856771	0.06079787
7.860104	0.06069012
7.863438	0.06058237
7.866771	0.0605285
7.870104	0.06050156
7.873437	0.06050156
7.876771	0.0605285
7.880104	0.06055544
7.883438	0.06060931
7.886771	0.06063625
7.890104	0.06069012
7.893437	0.06071706
7.896771	0.06071706
7.900104	0.06071706
7.903438	0.06069012
7.906771	0.06060931
7.910104	0.0605285
7.913437	0.06042075
7.916771	0.06033994
7.920104	0.06023219
7.923438	0.06015137
7.926771	0.06007056
7.930104	0.06004362
7.933437	0.06001669
7.936771	0.06004362
7.940104	0.0600975
7.943438	0.06012444
7.946771	0.06017831
7.950104	0.06023219
7.953437	0.06023219
7.956771	0.06025912
7.960104	0.06023219
7.963438	0.06017831
7.966771	0.06015137
7.970104	0.0600975
7.973437	0.06004362
7.976771	0.06001669
7.980104	0.05998975
7.983438	0.05996281
7.986771	0.05993587
7.990104	0.059882
7.993437	0.05982812
7.996771	0.05972037
8.000104	0.05958569
8.003437	0.05942406
8.006771	0.0592355
8.010104	0.05902
8.013437	0.05883144
8.01677	0.05861594
8.020104	0.05845431
8.023438	0.05829269
8.026771	0.05818494
8.030105	0.05810413
8.033438	0.05807719
8.036771	0.05807719
8.040104	0.05810413
8.043438	0.05813106
8.046771	0.05818494
8.050104	0.05818494
8.053437	0.05821188
8.056771	0.05821188
8.060104	0.05818494
8.063437	0.05818494
8.066771	0.058158
8.070105	0.05813106
8.073438	0.05813106
8.076771	0.058158
8.080104	0.05818494
8.083438	0.05826575
8.086771	0.05831963
8.090104	0.05840044
8.093437	0.05848125
8.096771	0.05853513
8.100104	0.058589
8.103437	0.05864288
8.106771	0.05866981
8.110105	0.05869675
8.113438	0.05869675
8.116771	0.05869675
8.120104	0.05872369
8.123438	0.05872369
8.126771	0.05872369
8.130104	0.05872369
8.133437	0.05869675
8.136771	0.05864288
8.140104	0.058589
8.143437	0.05853513
8.14677	0.05845431
8.150105	0.0583735
8.153438	0.05831963
8.156771	0.05826575
8.160104	0.05826575
8.163438	0.05829269
8.166771	0.0583735
8.170104	0.05845431
8.173437	0.058589
8.176771	0.05869675
8.180104	0.05883144
8.183437	0.05893919
8.18677	0.05904694
8.190104	0.05912775
8.193438	0.05918163
8.196771	0.05920856
8.200104	0.05920856
8.203438	0.05918163
8.206771	0.05915469
8.210104	0.05910081
8.213437	0.05902
8.216771	0.05893919
8.220104	0.05888531
8.223437	0.0588045
8.22677	0.05875063
8.230104	0.05869675
8.233438	0.05864288
8.236771	0.05861594
8.240104	0.05856206
8.243438	0.05848125
8.246771	0.05840044
8.250104	0.05829269
8.253437	0.058158
8.256771	0.05802331
8.260104	0.05786169
8.263437	0.05770007
8.26677	0.05756538
8.270104	0.05745763
8.273438	0.05737682
8.276771	0.05732294
8.280105	0.05726907
8.283438	0.05726907
8.286771	0.05726907
8.290104	0.057296
8.293438	0.05732294
8.296771	0.05734988
8.300104	0.05737682
8.303437	0.05740375
8.306771	0.05745763
8.310104	0.05748457
8.313437	0.0575115
8.316771	0.0575115
8.320105	0.0575115
8.323438	0.05748457
8.326771	0.05745763
8.330104	0.05740375
8.333438	0.057296
8.336771	0.05721519
8.340104	0.0570805
8.343437	0.05691888
8.346771	0.05675725
8.350104	0.05659563
8.353437	0.05640707
8.356771	0.0562185
8.360105	0.05605688
8.363438	0.05592219
8.366771	0.05581444
8.370104	0.05570669
8.373438	0.05559894
8.376771	0.05554507
8.380104	0.05546425
8.383437	0.05541038
8.386771	0.0553565
8.390104	0.05532957
8.393437	0.05530263
8.39677	0.05527569
8.400105	0.05524875
8.403438	0.05522182
8.406771	0.05519488
8.410104	0.055141
8.413438	0.05508713
8.416771	0.05503325
8.420104	0.05495244
8.423437	0.05487163
8.426771	0.05479082
8.430104	0.05471
8.433437	0.05468307
8.43677	0.05468307
8.440104	0.05473694
8.443438	0.05481775
8.446771	0.05489857
8.450104	0.05500632
8.453438	0.05516794
8.456771	0.05530263
8.460104	0.05543732
8.463437	0.055572
8.466771	0.05567975
8.470104	0.0557875
8.473437	0.05586832
8.47677	0.05592219
8.480104	0.05597607
8.483438	0.05597607
8.486771	0.05597607
8.490104	0.05594913
8.493438	0.05592219
8.496771	0.05586832
8.500104	0.05581444
8.503437	0.05576057
8.506771	0.05573363
8.510104	0.05573363
8.513437	0.05576057
8.51677	0.0557875
8.520104	0.05584138
8.523438	0.05592219
8.526771	0.056003
8.530105	0.05605688
8.533438	0.05608382
8.536771	0.05608382
8.540104	0.05602994
8.543438	0.05594913
8.546771	0.05586832
8.550104	0.05573363
8.553437	0.05562588
8.556771	0.05551813
8.560104	0.05543732
8.563437	0.0553565
8.566771	0.05530263
8.570105	0.05527569
8.573438	0.05524875
8.576771	0.05524875
8.580104	0.05527569
8.583438	0.05532957
8.586771	0.0553565
8.590104	0.05541038
8.593437	0.05546425
8.596771	0.05551813
8.600104	0.05559894
8.603437	0.05565282
8.606771	0.05573363
8.610105	0.05581444
8.613438	0.05589525
8.616771	0.05597607
8.620104	0.05608382
8.623438	0.05616463
8.626771	0.05624544
8.630104	0.05629932
8.633437	0.05629932
8.636771	0.05629932
8.640104	0.0562185
8.643437	0.05611075
8.64677	0.05594913
8.650105	0.05576057
8.653438	0.05554507
8.656771	0.05530263
8.660104	0.05508713
8.663438	0.05487163
8.666771	0.05468307
8.670104	0.05452144
8.673437	0.05441369
8.676771	0.05435982
8.680104	0.05433288
8.683437	0.05435982
8.68677	0.05444063
8.690104	0.0544945
8.693438	0.05457532
8.696771	0.05462919
8.700104	0.05465613
8.703438	0.05465613
8.706771	0.05460225
8.710104	0.05452144
8.713437	0.05441369
8.716771	0.05427901
8.720104	0.05411738
8.723437	0.05398269
8.72677	0.05382107
8.730104	0.05371332
8.733438	0.05363251
8.736771	0.05357863
8.740104	0.05355169
8.743438	0.05355169
8.746771	0.05360557
8.750104	0.05363251
8.753437	0.05368638
8.756771	0.05374026
8.760104	0.05374026
8.763437	0.05374026
8.76677	0.05368638
8.770104	0.05363251
8.773438	0.05355169
8.776771	0.05344394
8.780105	0.05336313
8.783438	0.05328232
8.786771	0.05322844
8.790104	0.05320151
8.793438	0.05320151
8.796771	0.05320151
8.800104	0.05320151
8.803437	0.05320151
8.806771	0.05320151
8.810104	0.05317457
8.813437	0.05317457
8.816771	0.05314763
8.820105	0.05314763
8.823438	0.05314763
8.826771	0.05317457
8.830104	0.05320151
8.833438	0.05325538
8.836771	0.05330926
8.840104	0.05336313
8.843437	0.05344394
8.846771	0.05352476
8.850104	0.05360557
8.853437	0.05368638
8.856771	0.05379413
8.860105	0.05387494
8.863438	0.05395576
8.866771	0.05403657
8.870104	0.05411738
8.873438	0.05417126
8.876771	0.05422513
8.880104	0.05425207
8.883437	0.05425207
8.886771	0.05422513
8.890104	0.05419819
8.893437	0.05414432
8.89677	0.05409044
8.900105	0.05398269
8.903438	0.05390188
8.906771	0.05382107
8.910104	0.05374026
8.913438	0.05368638
8.916771	0.05365944
8.920104	0.05365944
8.923437	0.05368638
8.926771	0.05371332
8.930104	0.05371332
8.933437	0.05371332
8.93677	0.05371332
8.940104	0.05365944
8.943438	0.05357863
8.946771	0.05347088
8.950104	0.05333619
8.953438	0.05322844
8.956771	0.05314763
8.960104	0.05306682
8.963437	0.05303988
8.966771	0.05303988
8.970104	0.05306682
8.973437	0.05312069
8.97677	0.05317457
8.980104	0.05322844
8.983438	0.05325538
8.986771	0.05325538
8.990104	0.05322844
8.993438	0.05320151
8.996771	0.05312069
9.000104	0.05301294
9.003437	0.05290519
9.006771	0.05277051
9.010104	0.05263582
9.013437	0.05247419
9.01677	0.05233951
9.020104	0.05223176
9.023438	0.05209707
9.026771	0.05201626
9.030105	0.05193545
9.033438	0.05185463
9.036771	0.0518277
9.040104	0.05180076
9.043438	0.05177382
9.046771	0.05177382
9.050104	0.05180076
9.053437	0.0518277
9.056771	0.05188157
9.060104	0.05193545
9.063437	0.0520432
9.066771	0.05217788
9.070105	0.05231257
9.073438	0.05244726
9.076771	0.05260888
9.080104	0.05274357
9.083438	0.05285132
9.086771	0.05293213
9.090104	0.05295907
9.093437	0.05293213
9.096771	0.05287826
9.100104	0.05277051
9.103437	0.05263582
9.106771	0.05250113
9.110105	0.05236644
9.113438	0.05223176
9.116771	0.05212401
9.120104	0.0520432
9.123438	0.05198932
9.126771	0.05201626
9.130104	0.05207013
9.133437	0.05215094
9.136771	0.05228563
9.140104	0.05242032
9.143437	0.05255501
9.14677	0.05268969
9.150105	0.05282438
9.153438	0.05293213
9.156771	0.05303988
9.160104	0.05309376
9.163438	0.05314763
9.166771	0.05320151
9.170104	0.05322844
9.173437	0.05328232
9.176771	0.05333619
9.180104	0.05341701
9.183437	0.05349782
9.18677	0.05360557
9.190104	0.05374026
9.193438	0.05387494
9.196771	0.05400963
9.200104	0.05411738
9.203438	0.05422513
9.206771	0.05427901
9.210104	0.05430594
9.213437	0.05430594
9.216771	0.05422513
9.220104	0.05414432
9.223437	0.05400963
9.22677	0.05387494
9.230104	0.05371332
9.233438	0.05357863
9.236771	0.05347088
9.240104	0.05339007
9.243438	0.05330926
9.246771	0.05328232
9.250104	0.05325538
9.253437	0.05322844
9.256771	0.05320151
9.260104	0.05314763
9.263437	0.05309376
9.26677	0.05303988
9.270104	0.05295907
9.273438	0.05287826
9.276771	0.05277051
9.280105	0.05268969
9.283438	0.05258194
9.286771	0.05252807
9.290104	0.05250113
9.293438	0.05250113
9.296771	0.05250113
9.300104	0.05252807
9.303437	0.05255501
9.306771	0.05260888
9.310104	0.05263582
9.313437	0.05263582
9.316771	0.05266276
9.320105	0.05263582
9.323438	0.05260888
9.326771	0.05258194
9.330104	0.05252807
9.333438	0.05247419
9.336771	0.05242032
9.340104	0.05236644
9.343437	0.05231257
9.346771	0.05223176
9.350104	0.05215094
9.353437	0.0520432
9.356771	0.05193545
9.360105	0.0518277
9.363438	0.05171995
9.366771	0.0516122
9.370104	0.05150445
9.373438	0.0513967
9.376771	0.05128895
9.380104	0.05120813
9.383437	0.05115426
9.386771	0.05107345
9.390104	0.05104651
9.393437	0.05101957
9.39677	0.05099263
9.400105	0.05099263
9.403438	0.05099263
9.406771	0.05099263
9.410104	0.05101957
9.413438	0.05101957
9.416771	0.05104651
9.420104	0.05104651
9.423437	0.05104651
9.426771	0.05101957
9.430104	0.05099263
9.433437	0.05093876
9.43677	0.05088488
9.440104	0.05077713
9.443438	0.05066938
9.446771	0.0505347
9.450104	0.05042695
9.453438	0.05029226
9.456771	0.05021145
9.460104	0.05015757
9.463437	0.05015757
9.466771	0.05018451
9.470104	0.05026532
9.473437	0.05037307
9.47677	0.05050776
9.480104	0.05066938
9.483438	0.05085795
9.486771	0.05099263
9.490104	0.05112732
9.493438	0.05120813
9.496771	0.05126201
9.500104	0.05123507
9.503437	0.0511812
9.506771	0.05104651
9.510104	0.05091182
9.513437	0.05072326
9.51677	0.0505347
9.520104	0.05037307
9.523438	0.05023838
9.526771	0.05018451
9.530105	0.05015757
9.533438	0.05021145
9.536771	0.05029226
9.540104	0.05042695
9.543438	0.05058857
9.546771	0.0507502
9.550104	0.05091182
9.553437	0.05104651
9.556771	0.05115426
9.560104	0.05120813
9.563437	0.05126201
9.566771	0.05126201
9.570105	0.05123507
9.573438	0.05120813
9.576771	0.05115426
9.580104	0.05110038
9.583438	0.05104651
9.586771	0.0509657
9.590104	0.05091182
9.593437	0.05085795
9.596771	0.05080407
9.600104	0.05077713
9.603437	0.05072326
9.606771	0.05069632
9.610105	0.05069632
9.613438	0.05069632
9.616771	0.05069632
9.620104	0.05072326
9.623438	0.05077713
9.626771	0.05085795
9.630104	0.0509657
9.633437	0.05107345
9.636771	0.05120813
9.640104	0.05134282
9.643437	0.05150445
9.64677	0.0516122
9.650105	0.05174688
9.653438	0.05180076
9.656771	0.05185463
9.660104	0.05185463
9.663438	0.0518277
9.666771	0.05180076
9.670104	0.05171995
9.673437	0.05163913
9.676771	0.05158526
9.680104	0.05155832
9.683437	0.05155832
9.68677	0.05158526
9.690104	0.05163913
9.693438	0.05171995
9.696771	0.05177382
9.700104	0.0518277
9.703438	0.05188157
9.706771	0.05188157
9.710104	0.0518277
9.713437	0.05174688
9.716771	0.0516122
9.720104	0.05147751
9.723437	0.05128895
9.72677	0.05112732
9.730104	0.0509657
9.733438	0.05083101
9.736771	0.0507502
9.740104	0.05069632
9.743438	0.05069632
9.746771	0.05072326
9.750104	0.05080407
9.753437	0.05088488
9.756771	0.05099263
9.760104	0.05107345
9.763437	0.05112732
9.76677	0.05115426
9.770104	0.05115426
9.773438	0.05110038
9.776771	0.05099263
9.780105	0.05085795
9.783438	0.05066938
9.786771	0.05048082
9.790104	0.05029226
9.793438	0.0501037
9.796771	0.04994207
9.800104	0.04978045
9.803437	0.04964576
9.806771	0.04951107
9.810104	0.04943026
9.813437	0.04934945
9.816771	0.04932251
9.820105	0.04929557
9.823438	0.0492417
9.826771	0.04921476
9.830104	0.04918782
9.833438	0.04916089
9.836771	0.04913395
9.840104	0.04913395
9.843437	0.04910701
9.846771	0.04913395
9.850104	0.04916089
9.853437	0.0492417
9.856771	0.04934945
9.860105	0.0494572
9.863438	0.04961882
9.866771	0.04978045
9.870104	0.04991514
9.873438	0.05004982
9.876771	0.05015757
9.880104	0.05021145
9.883437	0.05023838
9.886771	0.05023838
9.890104	0.05018451
9.893437	0.05013063
9.89677	0.05004982
9.900105	0.04994207
9.903438	0.04983432
9.906771	0.04972657
9.910104	0.04964576
9.913438	0.04953801
9.916771	0.0494572
9.920104	0.04937639
9.923437	0.04929557
9.926771	0.0492417
9.930104	0.04918782
9.933437	0.04918782
9.93677	0.04918782
9.940104	0.0492417
9.943438	0.04929557
9.946771	0.04937639
9.950104	0.0494572
9.953438	0.04953801
9.956771	0.04956495
9.960104	0.04959189
9.963437	0.04959189
9.966771	0.04953801
9.970104	0.0494572
9.973437	0.04937639
9.97677	0.04926864
9.980104	0.04916089
9.983438	0.04905314
9.986771	0.04891845
9.990104	0.04883764
9.993438	0.04872989
9.996771	0.04867601
}
[PEAK]
{
Peak ID	1
Peak Ref	1
Time	3.927124
Peak	3.193438	4.080104
Intensity	-3.951788e-05	-3.099442e-06
Height	0.003612061
AreaAbs	959.06
Area %BP	0.04035914
Area %Total	0.03547003
Width	0.8866668
}
[PEAK]
{
Peak ID	2
Peak Ref	2
Time	4.272402
Peak	4.080104	4.606771
Intensity	-3.951788e-05	-3.099442e-06
Height	0.02307134
AreaAbs	4500.041
Area %BP	0.1893706
Area %Total	0.1664302
Width	0.5266666
}
[PEAK]
{
Peak ID	3
Peak Ref	3
Time	4.952375
Peak	4.606771	6.413437
Intensity	-3.951788e-05	-3.099442e-06
Height	0.221159
AreaAbs	39605.24
Area %BP	1.666667
Area %Total	1.464766
Width	1.806666
}
}
}
}
