[SAMPLE]
{
Sample	1
Well	1:B,6
FileName	
SampleID	ASD-E-2601294-001
SampleDescription	Aquired with Galaxy
Date	05-Mar-2026
Time	17:16:11 PRC
JobCode	
TaskCode	
UserName	Congcong_Liu2
LabName	Aquired with Galaxy
Instrument	MS_L_19_062
Conditions	
Submitter	Siyu_Zhang
SampleType	
Plate	
Method	
Process	Galaxy
MSTune	
MSMethod	
InletMethod	
PreRunMethod	
PostRunMethod	
SwitchMethod	
FractionMethod	
AcquisitionProcess	
AcquisitionProcessParameters	
AcquisitionProcessOptions	
InjectionVolume	25
ReportScheme	
SampleReportEnable	0
SampleReportFormat	
AnalysisTime	0
[COMPOUND]
{
;Mono Mass	Formula
}
[FUNCTION]
{
Function	1
IonMode	ES+
Type	MS
Description	(0:0)
[SPECTRUM]
{
ProcDesc	0.00:Combine
State	OK
Peak ID	0
Peak Ref	0
Time	0
TIC	0
BPI	0
BPM	0
Continuum	FALSE
Saved	FALSE
[MASSES]
{
;Mass	Exp. Mass	Obs. Mass	% BPI	Int. Abs
}
[RESULTS]
{
;Mass	Found	% BPI	% Purity
}
[MS]
{
;Mass	% BPI
0	0
}
}
[CHROMATOGRAM]
{
TraceNumber	1
Description	scroll down chrom view to see 2D LC chrom
ProcDesc	
MaxIntensity	0
[TRACE]
{
0	0
}
[PEAK]
{
Peak ID	0
Peak Ref	0
Time	0
Peak	0
Intensity	0	0
Height	0
AreaAbs	0
Area %BP	0
Area %Total	0
}
}
}
[FUNCTION]
{
Function	0
Description	ANALOG
[CHROMATOGRAM]
{
TraceNumber	2
Description	LC
ProcDesc	Result Id:2850, VWD: Signal A, 280 nm
MaxIntensity	0.2012247
[TRACE]
{
;Time	Int. %Max
0.001145833	0.03323469
0.004479167	0.03326431
0.0078125	0.03326431
0.01114583	0.03320507
0.01447917	0.03311621
0.0178125	0.03299773
0.02114583	0.03287924
0.02447917	0.03270152
0.0278125	0.03252379
0.03114583	0.03234606
0.03447917	0.03213872
0.0378125	0.03193137
0.04114584	0.03175365
0.04447917	0.03160554
0.0478125	0.03148706
0.05114583	0.03142782
0.05447917	0.03139819
0.0578125	0.03142782
0.06114583	0.03148706
0.06447916	0.03157592
0.0678125	0.0316944
0.07114583	0.03184251
0.07447917	0.03196099
0.0778125	0.0321091
0.08114583	0.03222758
0.08447917	0.03231644
0.0878125	0.03243493
0.09114584	0.03249417
0.09447917	0.03255341
0.0978125	0.03255341
0.1011458	0.03255341
0.1044792	0.03255341
0.1078125	0.03252379
0.1111458	0.03249417
0.1144792	0.03246455
0.1178125	0.03240531
0.1211458	0.03234606
0.1244792	0.03231644
0.1278125	0.0322572
0.1311458	0.03222758
0.1344792	0.03219796
0.1378125	0.03216834
0.1411458	0.0321091
0.1444792	0.03207948
0.1478125	0.03204986
0.1511458	0.03202023
0.1544792	0.03199061
0.1578125	0.03196099
0.1611458	0.03196099
0.1644792	0.03193137
0.1678125	0.03193137
0.1711458	0.03196099
0.1744792	0.03196099
0.1778125	0.03196099
0.1811458	0.03199061
0.1844792	0.03199061
0.1878125	0.03199061
0.1911458	0.03199061
0.1944792	0.03202023
0.1978125	0.03202023
0.2011458	0.03204986
0.2044792	0.0321091
0.2078125	0.03213872
0.2111458	0.03216834
0.2144792	0.03216834
0.2178125	0.03216834
0.2211458	0.0321091
0.2244792	0.03202023
0.2278125	0.03187213
0.2311458	0.03172403
0.2344792	0.03151668
0.2378125	0.03133895
0.2411458	0.03119085
0.2444792	0.03107236
0.2478125	0.0309835
0.2511458	0.0309835
0.2544792	0.03104274
0.2578125	0.03116123
0.2611458	0.03130933
0.2644792	0.03151668
0.2678125	0.03175365
0.2711458	0.03196099
0.2744792	0.03216834
0.2778125	0.03231644
0.2811458	0.03243493
0.2844792	0.03252379
0.2878125	0.03255341
0.2911458	0.03258303
0.2944792	0.03258303
0.2978125	0.03258303
0.3011458	0.03261265
0.3044792	0.03270152
0.3078125	0.03279038
0.3111458	0.03290886
0.3144792	0.03302735
0.3178125	0.03314583
0.3211458	0.03323469
0.3244792	0.03326431
0.3278125	0.03323469
0.3311458	0.03317545
0.3344792	0.03305697
0.3378125	0.03287924
0.3411458	0.03270152
0.3444792	0.03252379
0.3478125	0.03234606
0.3511458	0.03219796
0.3544792	0.03202023
0.3578125	0.03187213
0.3611458	0.03175365
0.3644792	0.03160554
0.3678125	0.03148706
0.3711458	0.03136857
0.3744792	0.03122047
0.3778125	0.03110199
0.3811458	0.03095388
0.3844792	0.0308354
0.3878125	0.03074653
0.3911458	0.03062805
0.3944792	0.03053919
0.3978125	0.03047995
0.4011458	0.0304207
0.4044792	0.0304207
0.4078125	0.0304207
0.4111458	0.03045032
0.4144792	0.03047995
0.4178125	0.03050957
0.4211458	0.03053919
0.4244792	0.03056881
0.4278125	0.03056881
0.4311458	0.03059843
0.4344792	0.03056881
0.4378125	0.03056881
0.4411458	0.03059843
0.4444792	0.03062805
0.4478125	0.03068729
0.4511458	0.03077615
0.4544792	0.03089464
0.4578125	0.03104274
0.4611458	0.03116123
0.4644792	0.03130933
0.4678125	0.03148706
0.4711458	0.03163516
0.4744792	0.03175365
0.4778125	0.03187213
0.4811458	0.03196099
0.4844792	0.03202023
0.4878125	0.03204986
0.4911458	0.03204986
0.4944792	0.03202023
0.4978125	0.03196099
0.5011458	0.03187213
0.5044792	0.03178327
0.5078125	0.03166478
0.5111458	0.03157592
0.5144792	0.03145744
0.5178125	0.03133895
0.5211458	0.03125009
0.5244792	0.03116123
0.5278125	0.03110199
0.5311458	0.03107236
0.5344791	0.03104274
0.5378125	0.03104274
0.5411459	0.03107236
0.5444792	0.03110199
0.5478125	0.03113161
0.5511459	0.03116123
0.5544792	0.03119085
0.5578125	0.03122047
0.5611458	0.03125009
0.5644792	0.03127971
0.5678125	0.03133895
0.5711458	0.03145744
0.5744792	0.03157592
0.5778125	0.0316944
0.5811458	0.03184251
0.5844792	0.03199061
0.5878125	0.03213872
0.5911458	0.0322572
0.5944791	0.03234606
0.5978125	0.03240531
0.6011458	0.03243493
0.6044792	0.03243493
0.6078125	0.03240531
0.6111459	0.03237569
0.6144792	0.03231644
0.6178125	0.0322572
0.6211458	0.03216834
0.6244792	0.03204986
0.6278125	0.03196099
0.6311458	0.03187213
0.6344792	0.03178327
0.6378125	0.03175365
0.6411458	0.03178327
0.6444792	0.03187213
0.6478125	0.03202023
0.6511458	0.03219796
0.6544791	0.03243493
0.6578125	0.0326719
0.6611458	0.03287924
0.6644792	0.03302735
0.6678125	0.03308659
0.6711459	0.03308659
0.6744792	0.03299773
0.6778125	0.03282
0.6811458	0.03261265
0.6844792	0.03237569
0.6878125	0.03213872
0.6911458	0.03190175
0.6944792	0.03172403
0.6978125	0.03160554
0.7011458	0.0315463
0.7044792	0.03157592
0.7078125	0.03160554
0.7111458	0.03166478
0.7144791	0.03175365
0.7178125	0.03181289
0.7211458	0.03181289
0.7244791	0.03181289
0.7278125	0.03172403
0.7311459	0.03160554
0.7344792	0.03145744
0.7378125	0.03127971
0.7411458	0.03113161
0.7444792	0.03101312
0.7478125	0.03092426
0.7511458	0.03092426
0.7544792	0.0309835
0.7578125	0.03110199
0.7611458	0.03127971
0.7644792	0.03151668
0.7678125	0.03178327
0.7711458	0.03204986
0.7744792	0.03228682
0.7778125	0.03252379
0.7811458	0.03273114
0.7844791	0.03287924
0.7878125	0.0329681
0.7911459	0.03305697
0.7944792	0.03305697
0.7978125	0.03302735
0.8011459	0.03299773
0.8044792	0.03290886
0.8078125	0.03282
0.8111458	0.03276076
0.8144792	0.0326719
0.8178125	0.03261265
0.8211458	0.03252379
0.8244792	0.03246455
0.8278125	0.03240531
0.8311458	0.03234606
0.8344792	0.03228682
0.8378125	0.03219796
0.8411458	0.0321091
0.8444791	0.03199061
0.8478125	0.03190175
0.8511458	0.03184251
0.8544792	0.03175365
0.8578125	0.0316944
0.8611459	0.03163516
0.8644792	0.03160554
0.8678125	0.03160554
0.8711458	0.03163516
0.8744792	0.03166478
0.8778125	0.03172403
0.8811458	0.03181289
0.8844792	0.03190175
0.8878125	0.03202023
0.8911458	0.03216834
0.8944792	0.03228682
0.8978125	0.03234606
0.9011458	0.03237569
0.9044791	0.03234606
0.9078125	0.0322572
0.9111458	0.0321091
0.9144792	0.03193137
0.9178125	0.03172403
0.9211459	0.03151668
0.9244792	0.03136857
0.9278125	0.03127971
0.9311458	0.03127971
0.9344792	0.03136857
0.9378125	0.03151668
0.9411458	0.0316944
0.9444792	0.03193137
0.9478125	0.03216834
0.9511458	0.03237569
0.9544792	0.03258303
0.9578125	0.03273114
0.9611458	0.03282
0.9644791	0.03284962
0.9678125	0.03284962
0.9711458	0.03282
0.9744791	0.03276076
0.9778125	0.0326719
0.9811459	0.03258303
0.9844792	0.03246455
0.9878125	0.03237569
0.9911458	0.03228682
0.9944792	0.03219796
0.9978125	0.03207948
1.001146	0.03196099
1.004479	0.03184251
1.007813	0.03172403
1.011146	0.03157592
1.014479	0.03142782
1.017812	0.03127971
1.021146	0.03113161
1.024479	0.03104274
1.027812	0.03101312
1.031146	0.03104274
1.034479	0.03113161
1.037812	0.03127971
1.041146	0.03145744
1.044479	0.03163516
1.047812	0.03178327
1.051146	0.03187213
1.054479	0.03193137
1.057812	0.03190175
1.061146	0.03178327
1.064479	0.03160554
1.067812	0.03136857
1.071146	0.03107236
1.074479	0.03080578
1.077813	0.03056881
1.081146	0.03033184
1.084479	0.03018374
1.087813	0.03006525
1.091146	0.03000601
1.094479	0.03003563
1.097813	0.03012449
1.101146	0.0302726
1.104479	0.0304207
1.107813	0.03062805
1.111146	0.03080578
1.114479	0.03101312
1.117813	0.03116123
1.121146	0.03127971
1.124479	0.03136857
1.127813	0.03136857
1.131146	0.03133895
1.134479	0.03125009
1.137812	0.03116123
1.141146	0.03107236
1.144479	0.03095388
1.147812	0.03089464
1.151146	0.0308354
1.154479	0.0308354
1.157812	0.03086502
1.161146	0.03089464
1.164479	0.03095388
1.167812	0.03104274
1.171146	0.03110199
1.174479	0.03119085
1.177812	0.03127971
1.181146	0.03136857
1.184479	0.03145744
1.187812	0.03151668
1.191146	0.03157592
1.194479	0.03166478
1.197813	0.0316944
1.201146	0.03175365
1.204479	0.03181289
1.207813	0.03184251
1.211146	0.03190175
1.214479	0.03196099
1.217813	0.03202023
1.221146	0.0321091
1.224479	0.03219796
1.227813	0.03228682
1.231146	0.03237569
1.234479	0.03246455
1.237813	0.03258303
1.241146	0.0326719
1.244479	0.03276076
1.247813	0.03284962
1.251146	0.03290886
1.254479	0.0329681
1.257813	0.03299773
1.261146	0.03302735
1.264479	0.03302735
1.267812	0.03299773
1.271146	0.0329681
1.274479	0.03290886
1.277812	0.03284962
1.281146	0.03279038
1.284479	0.03273114
1.287812	0.03264227
1.291146	0.03255341
1.294479	0.03246455
1.297812	0.03237569
1.301146	0.03228682
1.304479	0.03222758
1.307812	0.03216834
1.311146	0.03213872
1.314479	0.03213872
1.317812	0.03219796
1.321146	0.0322572
1.324479	0.03234606
1.327813	0.03249417
1.331146	0.03261265
1.334479	0.03276076
1.337813	0.03287924
1.341146	0.03299773
1.344479	0.03305697
1.347813	0.03308659
1.351146	0.03305697
1.354479	0.03299773
1.357813	0.03284962
1.361146	0.03270152
1.364479	0.03249417
1.367813	0.0322572
1.371146	0.03202023
1.374479	0.03181289
1.377813	0.03163516
1.381146	0.03151668
1.384479	0.03142782
1.387812	0.03139819
1.391146	0.03142782
1.394479	0.03148706
1.397812	0.0315463
1.401146	0.03163516
1.404479	0.03172403
1.407812	0.03178327
1.411146	0.03184251
1.414479	0.03193137
1.417812	0.03202023
1.421146	0.03213872
1.424479	0.03228682
1.427812	0.03243493
1.431146	0.03255341
1.434479	0.03270152
1.437812	0.03282
1.441146	0.03287924
1.444479	0.03287924
1.447813	0.03284962
1.451146	0.03273114
1.454479	0.03255341
1.457813	0.03237569
1.461146	0.03213872
1.464479	0.03190175
1.467813	0.03166478
1.471146	0.03145744
1.474479	0.03127971
1.477813	0.03113161
1.481146	0.03107236
1.484479	0.03107236
1.487813	0.03113161
1.491146	0.03125009
1.494479	0.03142782
1.497813	0.03166478
1.501146	0.03190175
1.504479	0.03213872
1.507813	0.03237569
1.511146	0.03258303
1.514479	0.03273114
1.517812	0.03282
1.521146	0.03282
1.524479	0.03279038
1.527812	0.03270152
1.531146	0.03258303
1.534479	0.03246455
1.537812	0.03234606
1.541146	0.0322572
1.544479	0.03219796
1.547812	0.03219796
1.551146	0.03222758
1.554479	0.03228682
1.557812	0.03234606
1.561146	0.03237569
1.564479	0.03237569
1.567812	0.03231644
1.571146	0.03222758
1.574479	0.03204986
1.577813	0.03184251
1.581146	0.03160554
1.584479	0.03136857
1.587813	0.03113161
1.591146	0.03095388
1.594479	0.0308354
1.597813	0.03074653
1.601146	0.03068729
1.604479	0.03068729
1.607813	0.03068729
1.611146	0.03071691
1.614479	0.03071691
1.617813	0.03068729
1.621146	0.03062805
1.624479	0.03053919
1.627813	0.03045032
1.631146	0.03036146
1.634479	0.03024298
1.637812	0.03018374
1.641146	0.03018374
1.644479	0.03018374
1.647812	0.0302726
1.651146	0.03036146
1.654479	0.03045032
1.657812	0.03056881
1.661146	0.03068729
1.664479	0.03074653
1.667812	0.03080578
1.671146	0.0308354
1.674479	0.0308354
1.677812	0.03086502
1.681146	0.03092426
1.684479	0.03101312
1.687812	0.03113161
1.691146	0.03130933
1.694479	0.03151668
1.697813	0.03175365
1.701146	0.03196099
1.704479	0.03213872
1.707813	0.0322572
1.711146	0.03228682
1.714479	0.03222758
1.717813	0.0321091
1.721146	0.03193137
1.724479	0.03175365
1.727813	0.0315463
1.731146	0.03139819
1.734479	0.03127971
1.737813	0.03122047
1.741146	0.03125009
1.744479	0.03130933
1.747813	0.03142782
1.751146	0.03151668
1.754479	0.03163516
1.757813	0.03172403
1.761146	0.03181289
1.764479	0.03184251
1.767812	0.03187213
1.771146	0.03187213
1.774479	0.03184251
1.777812	0.03181289
1.781146	0.03178327
1.784479	0.03175365
1.787812	0.03178327
1.791146	0.03178327
1.794479	0.03184251
1.797812	0.03190175
1.801146	0.03199061
1.804479	0.0321091
1.807812	0.0322572
1.811146	0.03240531
1.814479	0.03255341
1.817812	0.0326719
1.821146	0.03279038
1.824479	0.03284962
1.827813	0.03287924
1.831146	0.03287924
1.834479	0.03279038
1.837813	0.03270152
1.841146	0.03258303
1.844479	0.03243493
1.847813	0.03231644
1.851146	0.03222758
1.854479	0.03216834
1.857813	0.03216834
1.861146	0.03222758
1.864479	0.03231644
1.867813	0.03246455
1.871146	0.03258303
1.874479	0.03273114
1.877813	0.03284962
1.881146	0.03290886
1.884479	0.03290886
1.887812	0.03284962
1.891146	0.03276076
1.894479	0.03261265
1.897812	0.03240531
1.901146	0.03219796
1.904479	0.03202023
1.907812	0.03184251
1.911146	0.03172403
1.914479	0.03166478
1.917812	0.03166478
1.921146	0.0316944
1.924479	0.03181289
1.927812	0.03196099
1.931146	0.0321091
1.934479	0.03228682
1.937812	0.03240531
1.941146	0.03249417
1.944479	0.03252379
1.947813	0.03249417
1.951146	0.03240531
1.954479	0.03231644
1.957813	0.03219796
1.961146	0.0321091
1.964479	0.03202023
1.967813	0.03196099
1.971146	0.03193137
1.974479	0.03193137
1.977813	0.03193137
1.981146	0.03196099
1.984479	0.03196099
1.987813	0.03193137
1.991146	0.03187213
1.994479	0.03181289
1.997813	0.03172403
2.001146	0.03163516
2.004479	0.0315463
2.007813	0.03151668
2.011146	0.03148706
2.014479	0.03151668
2.017812	0.03157592
2.021146	0.03166478
2.024479	0.03175365
2.027812	0.03184251
2.031146	0.03193137
2.034479	0.03202023
2.037812	0.03207948
2.041146	0.03207948
2.044479	0.03207948
2.047812	0.03204986
2.051146	0.03199061
2.054479	0.03190175
2.057812	0.03184251
2.061146	0.03178327
2.064479	0.03172403
2.067812	0.03172403
2.071146	0.03172403
2.074479	0.03172403
2.077812	0.03175365
2.081146	0.03181289
2.084479	0.03184251
2.087812	0.03190175
2.091146	0.03196099
2.094479	0.03204986
2.097812	0.0321091
2.101146	0.03219796
2.104479	0.03231644
2.107812	0.03243493
2.111146	0.03252379
2.114479	0.03264227
2.117812	0.03270152
2.121146	0.03276076
2.124479	0.03279038
2.127812	0.03279038
2.131146	0.03279038
2.134479	0.03279038
2.137813	0.03279038
2.141146	0.03282
2.144479	0.03284962
2.147813	0.03290886
2.151146	0.0329681
2.154479	0.03305697
2.157813	0.03314583
2.161146	0.03323469
2.164479	0.03332356
2.167813	0.03341242
2.171146	0.03344204
2.174479	0.03347166
2.177813	0.03341242
2.181146	0.03332356
2.184479	0.03320507
2.187813	0.03299773
2.191146	0.03279038
2.194479	0.03255341
2.197813	0.03231644
2.201146	0.0321091
2.204479	0.03196099
2.207813	0.03184251
2.211146	0.03181289
2.214479	0.03184251
2.217813	0.03193137
2.221146	0.03207948
2.224479	0.03222758
2.227813	0.03237569
2.231146	0.03246455
2.234479	0.03255341
2.237813	0.03258303
2.241146	0.03255341
2.244479	0.03246455
2.247813	0.03234606
2.251146	0.03219796
2.254479	0.03204986
2.257813	0.03193137
2.261146	0.03181289
2.264479	0.03175365
2.267812	0.03172403
2.271146	0.03178327
2.274479	0.03184251
2.277812	0.03196099
2.281146	0.03207948
2.284479	0.03222758
2.287812	0.03234606
2.291146	0.03243493
2.294479	0.03249417
2.297812	0.03249417
2.301146	0.03246455
2.304479	0.03240531
2.307812	0.03234606
2.311146	0.03222758
2.314479	0.03213872
2.317812	0.03204986
2.321146	0.03196099
2.324479	0.03187213
2.327812	0.03181289
2.331146	0.03178327
2.334479	0.03175365
2.337812	0.03175365
2.341146	0.03175365
2.344479	0.03181289
2.347812	0.03187213
2.351146	0.03196099
2.354479	0.03202023
2.357812	0.0321091
2.361146	0.03216834
2.364479	0.03222758
2.367812	0.03228682
2.371146	0.03234606
2.374479	0.03237569
2.377812	0.03240531
2.381146	0.03246455
2.384479	0.03249417
2.387813	0.03255341
2.391146	0.03261265
2.394479	0.03264227
2.397813	0.0326719
2.401146	0.0326719
2.404479	0.03261265
2.407813	0.03255341
2.411146	0.03243493
2.414479	0.03231644
2.417813	0.0321091
2.421146	0.03190175
2.424479	0.03163516
2.427813	0.03136857
2.431146	0.03107236
2.434479	0.03080578
2.437813	0.03056881
2.441146	0.03036146
2.444479	0.03021336
2.447813	0.03012449
2.451146	0.03009487
2.454479	0.03015412
2.457813	0.03024298
2.461146	0.03039108
2.464479	0.03053919
2.467813	0.03071691
2.471146	0.03086502
2.474479	0.03101312
2.477813	0.03110199
2.481146	0.03116123
2.484479	0.03116123
2.487813	0.03116123
2.491146	0.03113161
2.494479	0.03110199
2.497813	0.03107236
2.501146	0.03107236
2.504479	0.03110199
2.507813	0.03116123
2.511146	0.03119085
2.514479	0.03125009
2.517812	0.03130933
2.521146	0.03133895
2.524479	0.03136857
2.527812	0.03133895
2.531146	0.03130933
2.534479	0.03127971
2.537812	0.03125009
2.541146	0.03125009
2.544479	0.03125009
2.547812	0.03125009
2.551146	0.03125009
2.554479	0.03127971
2.557812	0.03130933
2.561146	0.03133895
2.564479	0.03136857
2.567812	0.03136857
2.571146	0.03136857
2.574479	0.03136857
2.577812	0.03136857
2.581146	0.03139819
2.584479	0.03145744
2.587812	0.03151668
2.591146	0.03157592
2.594479	0.03163516
2.597812	0.03172403
2.601146	0.03181289
2.604479	0.03187213
2.607812	0.03190175
2.611146	0.03193137
2.614479	0.03190175
2.617812	0.03187213
2.621146	0.03181289
2.624479	0.03172403
2.627812	0.03166478
2.631146	0.03160554
2.634479	0.03157592
2.637813	0.03160554
2.641146	0.03166478
2.644479	0.03175365
2.647813	0.03187213
2.651146	0.03199061
2.654479	0.0321091
2.657813	0.03219796
2.661146	0.0322572
2.664479	0.03228682
2.667813	0.0322572
2.671146	0.03219796
2.674479	0.0321091
2.677813	0.03199061
2.681146	0.03187213
2.684479	0.03175365
2.687813	0.03160554
2.691146	0.03151668
2.694479	0.03142782
2.697813	0.03139819
2.701146	0.03139819
2.704479	0.03145744
2.707813	0.03157592
2.711146	0.03175365
2.714479	0.03196099
2.717813	0.03216834
2.721146	0.03237569
2.724479	0.03255341
2.727813	0.03270152
2.731146	0.03279038
2.734479	0.03282
2.737813	0.03279038
2.741146	0.03276076
2.744479	0.03270152
2.747813	0.0326719
2.751146	0.03264227
2.754479	0.03264227
2.757813	0.03264227
2.761146	0.0326719
2.764479	0.03270152
2.767812	0.03273114
2.771146	0.03276076
2.774479	0.03279038
2.777812	0.03279038
2.781146	0.03282
2.784479	0.03284962
2.787812	0.03290886
2.791146	0.03293848
2.794479	0.03299773
2.797812	0.03302735
2.801146	0.03302735
2.804479	0.03299773
2.807812	0.03293848
2.811146	0.03282
2.814479	0.03264227
2.817812	0.03246455
2.821146	0.03222758
2.824479	0.03199061
2.827812	0.03178327
2.831146	0.03157592
2.834479	0.03142782
2.837812	0.03133895
2.841146	0.03130933
2.844479	0.03133895
2.847812	0.03139819
2.851146	0.03151668
2.854479	0.03163516
2.857812	0.03175365
2.861146	0.03184251
2.864479	0.03190175
2.867812	0.03196099
2.871146	0.03196099
2.874479	0.03193137
2.877812	0.03190175
2.881146	0.03187213
2.884479	0.03187213
2.887813	0.03190175
2.891146	0.03190175
2.894479	0.03196099
2.897813	0.03202023
2.901146	0.03207948
2.904479	0.03216834
2.907813	0.03228682
2.911146	0.03240531
2.914479	0.03252379
2.917813	0.0326719
2.921146	0.03279038
2.924479	0.03290886
2.927813	0.03299773
2.931146	0.03302735
2.934479	0.03302735
2.937813	0.03299773
2.941146	0.03290886
2.944479	0.03284962
2.947813	0.03276076
2.951146	0.03273114
2.954479	0.03273114
2.957813	0.03276076
2.961146	0.03284962
2.964479	0.03290886
2.967813	0.03299773
2.971146	0.03305697
2.974479	0.03305697
2.977813	0.03305697
2.981146	0.03299773
2.984479	0.03287924
2.987813	0.03276076
2.991146	0.03264227
2.994479	0.03252379
2.997813	0.03240531
3.001146	0.03234606
3.004479	0.03231644
3.007813	0.03231644
3.011146	0.03237569
3.014479	0.03246455
3.017812	0.03255341
3.021146	0.0326719
3.024479	0.03279038
3.027812	0.03290886
3.031146	0.0329681
3.034479	0.03302735
3.037812	0.03302735
3.041146	0.03302735
3.044479	0.0329681
3.047812	0.03293848
3.051146	0.03290886
3.054479	0.03290886
3.057812	0.03293848
3.061146	0.03302735
3.064479	0.03314583
3.067812	0.03329393
3.071146	0.03347166
3.074479	0.03364939
3.077812	0.03379749
3.081146	0.03391597
3.084479	0.03397522
3.087812	0.03400484
3.091146	0.03400484
3.094479	0.03397522
3.097812	0.03391597
3.101146	0.03385673
3.104479	0.03373825
3.107812	0.03361977
3.111146	0.03350128
3.114479	0.0333828
3.117812	0.03323469
3.121146	0.03308659
3.124479	0.0329681
3.127812	0.03282
3.131146	0.03273114
3.134479	0.0326719
3.137813	0.03264227
3.141146	0.03270152
3.144479	0.03276076
3.147813	0.03287924
3.151146	0.03302735
3.154479	0.03317545
3.157813	0.03329393
3.161146	0.0333828
3.164479	0.03344204
3.167813	0.03347166
3.171146	0.03350128
3.174479	0.03350128
3.177813	0.0335309
3.181146	0.03361977
3.184479	0.03373825
3.187813	0.03391597
3.191146	0.03412332
3.194479	0.03436029
3.197813	0.03456764
3.201146	0.0348046
3.204479	0.03501195
3.207813	0.03518968
3.211146	0.03533778
3.214479	0.03548588
3.217813	0.03566361
3.221146	0.03587096
3.224479	0.03616717
3.227813	0.03655224
3.231146	0.03702617
3.234479	0.03761859
3.237813	0.03829987
3.241146	0.03907002
3.244479	0.0398994
3.247813	0.04078803
3.251146	0.0417359
3.254479	0.04274301
3.257813	0.04377975
3.261146	0.04490534
3.264479	0.04614942
3.267812	0.04751199
3.271146	0.04905228
3.274479	0.05079991
3.277812	0.05272527
3.281146	0.05485798
3.284479	0.05719803
3.287812	0.05971581
3.291146	0.0623817
3.294479	0.06522531
3.297812	0.06815778
3.301146	0.07117912
3.304479	0.07431894
3.307812	0.077518
3.311146	0.08080592
3.314479	0.08415309
3.317812	0.0875595
3.321146	0.09096591
3.324479	0.09437231
3.327812	0.09777872
3.331146	0.1011555
3.334479	0.1045027
3.337812	0.1077906
3.341146	0.1110489
3.344479	0.1143072
3.347812	0.1175655
3.351146	0.1208534
3.354479	0.1242006
3.357812	0.1276366
3.361146	0.1311319
3.364479	0.1346864
3.367812	0.1382705
3.371146	0.1418843
3.374479	0.1454981
3.377812	0.1490526
3.381146	0.1525478
3.384479	0.1559839
3.387813	0.1593606
3.391146	0.1626782
3.394479	0.1659661
3.397813	0.1692837
3.401146	0.1726012
3.404479	0.175978
3.407813	0.1794436
3.411146	0.1829982
3.414479	0.1866712
3.417813	0.1904034
3.421146	0.1941949
3.424479	0.198016
3.427813	0.2018371
3.431146	0.2056878
3.434479	0.2095385
3.437813	0.2133893
3.441146	0.2172696
3.444479	0.2211499
3.447813	0.2251191
3.451146	0.2291476
3.454479	0.2332649
3.457813	0.2375303
3.461146	0.2419142
3.464479	0.2464462
3.467813	0.2510967
3.471146	0.2558953
3.474479	0.2608124
3.477813	0.2658183
3.481146	0.2709131
3.484479	0.2760968
3.487813	0.2813101
3.491146	0.286553
3.494479	0.2917959
3.497813	0.2970684
3.501146	0.3023409
3.504479	0.3076727
3.507813	0.3130045
3.511146	0.3183955
3.514479	0.3238161
3.517812	0.3293256
3.521146	0.3348943
3.524479	0.340552
3.527812	0.3462984
3.531146	0.3521041
3.534479	0.3580283
3.537812	0.3640117
3.541146	0.3700544
3.544479	0.3762156
3.547812	0.382436
3.551146	0.3887452
3.554479	0.3950841
3.557812	0.4014822
3.561146	0.4079692
3.564479	0.4145451
3.567812	0.4212098
3.571146	0.427993
3.574479	0.4349539
3.577812	0.4420629
3.581146	0.4493793
3.584479	0.456903
3.587812	0.4646045
3.591146	0.4725429
3.594479	0.480659
3.597812	0.4889232
3.601146	0.497306
3.604479	0.5058072
3.607812	0.5143972
3.611146	0.5231058
3.614479	0.5319328
3.617812	0.5408783
3.621146	0.5499423
3.624479	0.5591248
3.627812	0.5684554
3.631146	0.5779045
3.634479	0.5874721
3.637813	0.5971581
3.641146	0.606933
3.644479	0.6167672
3.647813	0.626631
3.651146	0.6365244
3.654479	0.6463586
3.657813	0.6561631
3.661146	0.6658491
3.664479	0.6754167
3.667813	0.6848065
3.671146	0.693989
3.674479	0.7029049
3.677813	0.7115542
3.681146	0.7199074
3.684479	0.7279642
3.687813	0.7357249
3.691146	0.7431302
3.694479	0.7502392
3.697813	0.7570224
3.701146	0.7635094
3.704479	0.7696705
3.707813	0.7755355
3.711146	0.7811042
3.714479	0.7863767
3.717813	0.7914123
3.721146	0.7962109
3.724479	0.8008318
3.727813	0.8053045
3.731146	0.8096588
3.734479	0.8139538
3.737813	0.8182489
3.741146	0.8225735
3.744479	0.8270463
3.747813	0.8316968
3.751146	0.8366138
3.754479	0.8418568
3.757813	0.8475144
3.761146	0.8537051
3.764479	0.8604883
3.767812	0.8679824
3.771146	0.8762467
3.774479	0.8853995
3.777812	0.8955003
3.781146	0.9066674
3.784479	0.9189601
3.787812	0.9324376
3.791146	0.9472184
3.794479	0.9633618
3.797812	0.9808974
3.801146	0.9999141
3.804479	1.020441
3.807812	1.042509
3.811146	1.066146
3.814479	1.091354
3.817812	1.118131
3.821146	1.146449
3.824479	1.176307
3.827812	1.207646
3.831146	1.240377
3.834479	1.274471
3.837812	1.309779
3.841146	1.346272
3.844479	1.383742
3.847812	1.422101
3.851146	1.461142
3.854479	1.500745
3.857812	1.540674
3.861146	1.580751
3.864479	1.620799
3.867812	1.66055
3.871146	1.699798
3.874479	1.738394
3.877812	1.776042
3.881146	1.812565
3.884479	1.847725
3.887813	1.881344
3.891146	1.913187
3.894479	1.943134
3.897813	1.970977
3.901146	1.99657
3.904479	2.019763
3.907813	2.040438
3.911146	2.058507
3.914479	2.073851
3.917813	2.08638
3.921146	2.096037
3.924479	2.10282
3.927813	2.106641
3.931146	2.107559
3.934479	2.105634
3.937813	2.100835
3.941146	2.093312
3.944479	2.083122
3.947813	2.070385
3.951146	2.05516
3.954479	2.037565
3.957813	2.017749
3.961146	1.99577
3.964479	1.971777
3.967813	1.945918
3.971146	1.918282
3.974479	1.889046
3.977813	1.858388
3.981146	1.826486
3.984479	1.793489
3.987813	1.759632
3.991146	1.725035
3.994479	1.689934
3.997813	1.654507
4.001146	1.618903
4.004479	1.583299
4.007813	1.547783
4.011146	1.512534
4.014479	1.477641
4.017813	1.44328
4.021146	1.409542
4.024479	1.376633
4.027812	1.344613
4.031146	1.313659
4.034479	1.28392
4.037813	1.255513
4.041146	1.228588
4.044479	1.203291
4.047812	1.179743
4.051146	1.158119
4.054479	1.138481
4.057813	1.121034
4.061146	1.105898
4.064479	1.09322
4.067812	1.083178
4.071146	1.075892
4.074479	1.071567
4.077813	1.070353
4.081146	1.072485
4.084479	1.078202
4.087812	1.08777
4.091146	1.101455
4.094479	1.119583
4.097813	1.142509
4.101146	1.170619
4.104479	1.204269
4.107812	1.243902
4.111146	1.289874
4.114479	1.342628
4.117813	1.402581
4.121146	1.470176
4.124479	1.545858
4.127812	1.63007
4.131146	1.723317
4.134479	1.826072
4.137813	1.93875
4.141146	2.061795
4.144479	2.195652
4.147812	2.340647
4.151146	2.497045
4.154479	2.665115
4.157813	2.844973
4.161146	3.036739
4.164479	3.240353
4.167812	3.455786
4.171146	3.68286
4.174479	3.921309
4.177813	4.170776
4.181146	4.430818
4.184479	4.700843
4.187812	4.98011
4.191146	5.267788
4.194479	5.562902
4.197813	5.864354
4.201146	6.170901
4.204479	6.481269
4.207812	6.793977
4.211146	7.107634
4.214479	7.420668
4.217813	7.73151
4.221146	8.03859
4.224479	8.34019
4.227812	8.634711
4.231146	8.920464
4.234479	9.195761
4.237813	9.459062
4.241146	9.708707
4.244479	9.943217
4.247812	10.1612
4.251146	10.36141
4.254479	10.54266
4.257813	10.70394
4.261146	10.84446
4.264479	10.96348
4.267813	11.06052
4.271146	11.13519
4.274479	11.18733
4.277812	11.21683
4.281146	11.22385
4.284479	11.20862
4.287813	11.17154
4.291146	11.11316
4.294479	11.03413
4.297812	10.93522
4.301146	10.81739
4.304479	10.68158
4.307813	10.52897
4.311146	10.36075
4.314479	10.1782
4.317812	9.982642
4.321146	9.775473
4.324479	9.558084
4.327813	9.331869
4.331146	9.098131
4.334479	8.858171
4.337812	8.613236
4.341146	8.364538
4.344479	8.113175
4.347813	7.860272
4.351146	7.606835
4.354479	7.353843
4.357812	7.102272
4.361146	6.852923
4.364479	6.606684
4.367813	6.364237
4.371146	6.126203
4.374479	5.893145
4.377812	5.665538
4.381146	5.443737
4.384479	5.228096
4.387813	5.018854
4.391146	4.816187
4.394479	4.620244
4.397812	4.431144
4.401146	4.248946
4.404479	4.073679
4.407813	3.905314
4.411146	3.743791
4.414479	3.589021
4.417812	3.440857
4.421146	3.29918
4.424479	3.163783
4.427813	3.034458
4.431146	2.911028
4.434479	2.793314
4.437812	2.68108
4.441146	2.574178
4.444479	2.472341
4.447813	2.375451
4.451146	2.283241
4.454479	2.195563
4.457812	2.11218
4.461146	2.032885
4.464479	1.9575
4.467813	1.885788
4.471146	1.817571
4.474479	1.752701
4.477812	1.690971
4.481146	1.632262
4.484479	1.576426
4.487813	1.523287
4.491146	1.472753
4.494479	1.424708
4.497812	1.378973
4.501146	1.33546
4.504479	1.29405
4.507813	1.254654
4.511146	1.217184
4.514479	1.18152
4.517813	1.147634
4.521146	1.115436
4.524479	1.084896
4.527812	1.055927
4.531146	1.028439
4.534479	1.002402
4.537813	0.9777576
4.541146	0.9543867
4.544479	0.9322895
4.547812	0.9113475
4.551146	0.8915311
4.554479	0.8728106
4.557813	0.8551566
4.561146	0.8385688
4.564479	0.8230178
4.567812	0.808474
4.571146	0.7949668
4.574479	0.7824668
4.577813	0.7709738
4.581146	0.7605473
4.584479	0.7511278
4.587812	0.7428043
4.591146	0.7355472
4.594479	0.7294453
4.597813	0.7245282
4.601146	0.7208552
4.604479	0.7184855
4.607812	0.7175081
4.611146	0.7179524
4.614479	0.7198777
4.617813	0.723373
4.621146	0.728527
4.624479	0.7353991
4.627812	0.7440484
4.631146	0.7546231
4.634479	0.7671527
4.637813	0.7817855
4.641146	0.7986398
4.644479	0.8178342
4.647812	0.8394871
4.651146	0.8637762
4.654479	0.8908202
4.657813	0.9208262
4.661146	0.9539424
4.664479	0.9903169
4.667812	1.030127
4.671146	1.073581
4.674479	1.120797
4.677813	1.172012
4.681146	1.227403
4.684479	1.287208
4.687812	1.351604
4.691146	1.420857
4.694479	1.495176
4.697813	1.574797
4.701146	1.659987
4.704479	1.750953
4.707812	1.847962
4.711146	1.951279
4.714479	2.061173
4.717813	2.177939
4.721146	2.301902
4.724479	2.433479
4.727812	2.573112
4.731146	2.721305
4.734479	2.878593
4.737813	3.045596
4.741146	3.223025
4.744479	3.411592
4.747812	3.612214
4.751146	3.825811
4.754479	4.053448
4.757813	4.29631
4.761146	4.555789
4.764479	4.833397
4.767813	5.130821
4.771146	5.449927
4.774479	5.79276
4.777812	6.161511
4.781146	6.55858
4.784479	6.986573
4.787813	7.448304
4.791146	7.946705
4.794479	8.485066
4.797812	9.066821
4.801146	9.695644
4.804479	10.37542
4.807813	11.11022
4.811146	11.90415
4.814479	12.7615
4.817812	13.6865
4.821146	14.68337
4.824479	15.75627
4.827813	16.9092
4.831146	18.14605
4.834479	19.47049
4.837812	20.88608
4.841146	22.39607
4.844479	24.0033
4.847813	25.71015
4.851146	27.51836
4.854479	29.42894
4.857812	31.44195
4.861146	33.55655
4.864479	35.77081
4.867813	38.08151
4.871146	40.48448
4.874479	42.97436
4.877812	45.54474
4.881146	48.18821
4.884479	50.8963
4.887813	53.6594
4.891146	56.46675
4.894479	59.30657
4.897812	62.16585
4.901146	65.03058
4.904479	67.88577
4.907813	70.71552
4.911146	73.50329
4.914479	76.23224
4.917812	78.8854
4.921146	81.44595
4.924479	83.89755
4.927813	86.22428
4.931146	88.41099
4.934479	90.44334
4.937812	92.30801
4.941146	93.99278
4.944479	95.48663
4.947813	96.77982
4.951146	97.86395
4.954479	98.73228
4.957812	99.37965
4.961146	99.80272
4.964479	100
4.967813	99.97183
4.971146	99.72041
4.974479	99.2497
4.977812	98.56549
4.981146	97.67508
4.984479	96.58722
4.987813	95.31195
4.991146	93.86032
4.994479	92.24414
4.997812	90.47589
5.001146	88.56857
5.004479	86.53557
5.007813	84.39057
5.011146	82.14746
5.014479	79.82029
5.017813	77.42303
5.021146	74.96965
5.024479	72.47388
5.027812	69.94902
5.031146	67.40784
5.034479	64.86239
5.037813	62.32379
5.041146	59.80222
5.044479	57.30701
5.047812	54.84658
5.051146	52.42847
5.054479	50.05945
5.057813	47.74552
5.061146	45.49193
5.064479	43.30339
5.067812	41.18386
5.071146	39.13658
5.074479	37.16409
5.077813	35.26805
5.081146	33.4495
5.084479	31.70883
5.087812	30.04576
5.091146	28.45965
5.094479	26.94937
5.097813	25.51352
5.101146	24.1504
5.104479	22.85821
5.107812	21.63496
5.111146	20.47847
5.114479	19.3864
5.117813	18.35633
5.121146	17.3856
5.124479	16.47149
5.127812	15.6113
5.131146	14.80218
5.134479	14.04145
5.137813	13.32634
5.141146	12.65433
5.144479	12.02287
5.147812	11.42963
5.151146	10.87231
5.154479	10.34873
5.157813	9.856783
5.161146	9.394458
5.164479	8.959771
5.167812	8.550913
5.171146	8.166108
5.174479	7.803725
5.177813	7.462167
5.181146	7.140068
5.184479	6.836069
5.187812	6.549012
5.191146	6.277773
5.194479	6.021286
5.197813	5.778661
5.201146	5.54895
5.204479	5.331355
5.207812	5.125075
5.211146	4.929399
5.214479	4.743734
5.217813	4.567401
5.221146	4.399924
5.224479	4.240771
5.227812	4.089496
5.231146	3.945746
5.234479	3.809105
5.237813	3.679217
5.241146	3.555787
5.244479	3.438458
5.247812	3.326935
5.251146	3.220981
5.254479	3.12027
5.257813	3.024624
5.261146	2.933747
5.264479	2.847461
5.267813	2.76553
5.271146	2.687834
5.274479	2.614167
5.277812	2.54435
5.281146	2.478236
5.284479	2.415647
5.287813	2.356405
5.291146	2.300362
5.294479	2.2474
5.297812	2.197311
5.301146	2.149977
5.304479	2.105219
5.307813	2.062921
5.311146	2.022873
5.314479	1.984958
5.317812	1.948999
5.321146	1.914846
5.324479	1.882352
5.327813	1.851368
5.331146	1.821777
5.334479	1.7934
5.337812	1.766149
5.341146	1.739934
5.344479	1.714579
5.347813	1.690052
5.351146	1.666208
5.354479	1.642925
5.357812	1.620177
5.361146	1.597842
5.364479	1.575834
5.367813	1.554063
5.371146	1.532528
5.374479	1.511112
5.377812	1.489815
5.381146	1.468606
5.384479	1.447427
5.387813	1.426278
5.391146	1.405129
5.394479	1.384009
5.397812	1.36286
5.401146	1.341681
5.404479	1.320472
5.407813	1.299234
5.411146	1.277996
5.414479	1.256698
5.417812	1.235371
5.421146	1.214073
5.424479	1.192746
5.427813	1.171449
5.431146	1.15024
5.434479	1.129091
5.437812	1.10806
5.441146	1.087177
5.444479	1.066472
5.447813	1.045945
5.451146	1.025625
5.454479	1.005572
5.457812	0.9857553
5.461146	0.9662055
5.464479	0.9469222
5.467813	0.9279352
5.471146	0.9092148
5.474479	0.8908202
5.477812	0.8727218
5.481146	0.8549788
5.484479	0.8375913
5.487813	0.8205593
5.491146	0.8039123
5.494479	0.7876801
5.497812	0.7718329
5.501146	0.7563707
5.504479	0.741264
5.507813	0.7265424
5.511146	0.7121467
5.514479	0.6980767
5.517813	0.6843326
5.521146	0.6709143
5.524479	0.6577922
5.527812	0.644996
5.531146	0.6325551
5.534479	0.6204106
5.537813	0.6086214
5.541146	0.5971285
5.544479	0.5859318
5.547812	0.5750313
5.551146	0.564427
5.554479	0.5540893
5.557813	0.5440182
5.561146	0.5342432
5.564479	0.5247053
5.567812	0.5154636
5.571146	0.5065181
5.574479	0.4978095
5.577813	0.4893379
5.581146	0.4811329
5.584479	0.4731353
5.587812	0.4653154
5.591146	0.4576732
5.594479	0.4502087
5.597813	0.4428923
5.601146	0.435724
5.604479	0.4287039
5.607812	0.4218318
5.611146	0.4151079
5.614479	0.4085616
5.617813	0.4021635
5.621146	0.3959431
5.624479	0.3899004
5.627812	0.3840355
5.631146	0.3783483
5.634479	0.3728388
5.637813	0.367507
5.641146	0.3623234
5.644479	0.3572878
5.647812	0.3523411
5.651146	0.3475129
5.654479	0.3427735
5.657813	0.3380934
5.661146	0.3334725
5.664479	0.3288813
5.667812	0.3243789
5.671146	0.3199061
5.674479	0.3154926
5.677813	0.311168
5.681146	0.3068729
5.684479	0.3026964
5.687812	0.2985791
5.691146	0.2945506
5.694479	0.2906406
5.697813	0.2868195
5.701146	0.2830873
5.704479	0.2794736
5.707812	0.2759487
5.711146	0.272483
5.714479	0.2690766
5.717813	0.2656998
5.721146	0.2623527
5.724479	0.2590055
5.727812	0.255688
5.731146	0.2523704
5.734479	0.2491121
5.737813	0.245913
5.741146	0.2427732
5.744479	0.2397519
5.747812	0.2367898
5.751146	0.2339462
5.754479	0.2311914
5.757813	0.2285256
5.761146	0.2259189
5.764479	0.2233419
5.767813	0.2208537
5.771146	0.2183656
5.774479	0.2159367
5.777812	0.213567
5.781146	0.2112269
5.784479	0.2089757
5.787813	0.2067542
5.791146	0.2045622
5.794479	0.2024295
5.797812	0.200356
5.801146	0.1983122
5.804479	0.196298
5.807813	0.194343
5.811146	0.1924473
5.814479	0.1906108
5.817812	0.1888335
5.821146	0.1871451
5.824479	0.1855456
5.827813	0.1840349
5.831146	0.1825835
5.834479	0.1811617
5.837812	0.1798287
5.841146	0.1784958
5.844479	0.1772221
5.847813	0.1759188
5.851146	0.1746154
5.854479	0.1733417
5.857812	0.1720384
5.861146	0.1707943
5.864479	0.1695503
5.867813	0.1683654
5.871146	0.1672398
5.874479	0.1661438
5.877812	0.1651664
5.881146	0.1642481
5.884479	0.1633891
5.887813	0.162619
5.891146	0.1619081
5.894479	0.1612268
5.897812	0.1605455
5.901146	0.1598938
5.904479	0.1592422
5.907813	0.1585609
5.911146	0.1578204
5.914479	0.1570502
5.917812	0.1562208
5.921146	0.1553915
5.924479	0.1545324
5.927813	0.1536734
5.931146	0.1528144
5.934479	0.151985
5.937812	0.1512149
5.941146	0.150504
5.944479	0.1498227
5.947813	0.1492007
5.951146	0.1486083
5.954479	0.1480455
5.957812	0.1474827
5.961146	0.1469495
5.964479	0.1463867
5.967813	0.1458535
5.971146	0.1452907
5.974479	0.1447279
5.977812	0.1441651
5.981146	0.1435727
5.984479	0.1430099
5.987813	0.1424175
5.991146	0.1418251
5.994479	0.1411734
5.997812	0.1404921
6.001146	0.1397812
6.004479	0.1390111
6.007813	0.1382113
6.011146	0.1373819
6.014479	0.1365229
6.017813	0.1356047
6.021146	0.134716
6.024479	0.133857
6.027812	0.132998
6.031146	0.1321983
6.034479	0.1314281
6.037813	0.1307172
6.041146	0.1300655
6.044479	0.1294731
6.047812	0.12894
6.051146	0.1284956
6.054479	0.1280809
6.057813	0.1277255
6.061146	0.1273997
6.064479	0.1271331
6.067812	0.1268961
6.071146	0.1266888
6.074479	0.1264814
6.077813	0.1263037
6.081146	0.1260963
6.084479	0.1258594
6.087812	0.1256224
6.091146	0.1253262
6.094479	0.12503
6.097813	0.1246745
6.101146	0.1242598
6.104479	0.1238155
6.107812	0.1233416
6.111146	0.1228084
6.114479	0.1222456
6.117813	0.1216828
6.121146	0.1210608
6.124479	0.1204387
6.127812	0.1198167
6.131146	0.119165
6.134479	0.1185134
6.137813	0.1178617
6.141146	0.1172101
6.144479	0.1165288
6.147812	0.1158475
6.151146	0.1151366
6.154479	0.1143961
6.157813	0.1135963
6.161146	0.1127965
6.164479	0.1119671
6.167812	0.1111081
6.171146	0.1102195
6.174479	0.1093605
6.177813	0.1085015
6.181146	0.1076721
6.184479	0.106902
6.187812	0.1061318
6.191146	0.1054209
6.194479	0.1047396
6.197813	0.104088
6.201146	0.1034659
6.204479	0.1028439
6.207812	0.1022515
6.211146	0.1016294
6.214479	0.1009778
6.217813	0.1003557
6.221146	0.09967446
6.224479	0.0990228
6.227812	0.09837114
6.231146	0.09768986
6.234479	0.09700857
6.237813	0.09635692
6.241146	0.09567564
6.244479	0.09502397
6.247812	0.09431307
6.251146	0.09357255
6.254479	0.09283203
6.257813	0.09203226
6.261146	0.09123249
6.264479	0.09043273
6.267813	0.08963296
6.271146	0.08889244
6.274479	0.08821116
6.277812	0.0875595
6.281146	0.08702632
6.284479	0.08655239
6.287813	0.08616731
6.291146	0.08584148
6.294479	0.08554527
6.297812	0.08524906
6.301146	0.08495286
6.304479	0.08462703
6.307813	0.08424195
6.311146	0.08379764
6.314479	0.08329408
6.317812	0.08276091
6.321146	0.08216849
6.324479	0.08157607
6.327813	0.08101327
6.331146	0.08045047
6.334479	0.07994692
6.337812	0.07947298
6.341146	0.07902867
6.344479	0.07861397
6.347813	0.0782289
6.351146	0.07787345
6.354479	0.077518
6.357812	0.07716255
6.361146	0.07683672
6.364479	0.07651089
6.367813	0.07621468
6.371146	0.07591847
6.374479	0.07565188
6.377812	0.07538529
6.381146	0.07514832
6.384479	0.07491136
6.387813	0.07467439
6.391146	0.07443742
6.394479	0.07423008
6.397812	0.07402273
6.401146	0.07381538
6.404479	0.07366727
6.407813	0.07351917
6.411146	0.07337106
6.414479	0.0732822
6.417812	0.07322296
6.421146	0.07316372
6.424479	0.07316372
6.427813	0.07319334
6.431146	0.07322296
6.434479	0.07331182
6.437812	0.07343031
6.441146	0.07354879
6.444479	0.0736969
6.447813	0.07381538
6.451146	0.07393386
6.454479	0.07402273
6.457812	0.07411159
6.461146	0.07414121
6.464479	0.07414121
6.467813	0.07411159
6.471146	0.07408197
6.474479	0.07405235
6.477812	0.07405235
6.481146	0.07405235
6.484479	0.07414121
6.487813	0.07423008
6.491146	0.0744078
6.494479	0.07461515
6.497812	0.07488174
6.501146	0.07517795
6.504479	0.07547416
6.507813	0.07579999
6.511146	0.07612582
6.514479	0.07645165
6.517813	0.07674786
6.521146	0.07701444
6.524479	0.07722179
6.527812	0.07739952
6.531146	0.077518
6.534479	0.07757724
6.537813	0.07760686
6.541146	0.07757724
6.544479	0.07748838
6.547812	0.0773699
6.551146	0.07722179
6.554479	0.07704406
6.557813	0.07683672
6.561146	0.07659975
6.564479	0.07636278
6.567812	0.07609619
6.571146	0.07582961
6.574479	0.07559264
6.577813	0.07535567
6.581146	0.07517795
6.584479	0.07500022
6.587812	0.07488174
6.591146	0.07479287
6.594479	0.07470401
6.597813	0.07461515
6.601146	0.07449666
6.604479	0.07434856
6.607812	0.07414121
6.611146	0.07387462
6.614479	0.07357841
6.617813	0.07325258
6.621146	0.07286751
6.624479	0.07245282
6.627812	0.07203812
6.631146	0.07159381
6.634479	0.07111987
6.637813	0.07064594
6.641146	0.07014238
6.644479	0.06960921
6.647812	0.06904641
6.651146	0.06842437
6.654479	0.06774309
6.657813	0.06706181
6.661146	0.06632128
6.664479	0.06555114
6.667812	0.06475137
6.671146	0.06395161
6.674479	0.06312222
6.677813	0.06232246
6.681146	0.06146345
6.684479	0.06060444
6.687812	0.05971581
6.691146	0.05879756
6.694479	0.05782007
6.697813	0.0568722
6.701146	0.05589471
6.704479	0.05494684
6.707812	0.05399897
6.711146	0.05313996
6.714479	0.05236982
6.717813	0.05165892
6.721146	0.0510665
6.724479	0.05053332
6.727812	0.05008901
6.731146	0.04973356
6.734479	0.04940773
6.737813	0.04917076
6.741146	0.04899303
6.744479	0.04887455
6.747812	0.04878569
6.751146	0.04875607
6.754479	0.04878569
6.757813	0.04890417
6.761146	0.04905228
6.764479	0.04923
6.767813	0.04943735
6.771146	0.04964469
6.774479	0.04988166
6.777812	0.05011863
6.781146	0.0503556
6.784479	0.05062219
6.787813	0.05082953
6.791146	0.05103688
6.794479	0.05124422
6.797812	0.05145157
6.801146	0.0516293
6.804479	0.0517774
6.807813	0.05189588
6.811146	0.05195513
6.814479	0.05198475
6.817812	0.05189588
6.821146	0.05174778
6.824479	0.05145157
6.827813	0.05103688
6.831146	0.05047408
6.834479	0.04973356
6.837812	0.04881531
6.841146	0.04771933
6.844479	0.04647525
6.847813	0.04508307
6.851146	0.04351316
6.854479	0.04176552
6.857812	0.03986978
6.861146	0.03782594
6.864479	0.03560437
6.867813	0.03329393
6.871146	0.0308354
6.874479	0.02831762
6.877812	0.02574059
6.881146	0.02310433
6.884479	0.02052731
6.887813	0.01797991
6.891146	0.01552137
6.894479	0.01315169
6.897812	0.01093012
6.901146	0.00888628
6.904479	0.006960919
6.907813	0.005272527
6.911146	0.003761859
6.914479	0.00251778
6.917812	0.001481047
6.921146	0.0007109025
6.924479	0.0002073466
6.927813	0
6.931146	0
6.934479	0.0002962094
6.937812	0.0007997653
6.941146	0.001540289
6.944479	0.002488159
6.947813	0.003613755
6.951146	0.004917076
6.954479	0.0063685
6.957812	0.00793841
6.961146	0.009656424
6.964479	0.01149292
6.967813	0.01341828
6.971146	0.01549175
6.974479	0.01765408
6.977812	0.01996451
6.981146	0.02236381
6.984479	0.02485197
6.987813	0.02748823
6.991146	0.03021336
6.994479	0.03299773
6.997812	0.03590058
7.001146	0.03883305
7.004479	0.04182477
7.007813	0.0448461
7.011146	0.04786744
7.014479	0.05091839
7.017813	0.05391011
7.021146	0.0568722
7.024479	0.05977506
7.027812	0.06258905
7.031146	0.06528455
7.034479	0.06783195
7.037813	0.07023125
7.041146	0.07245282
7.044479	0.07449666
7.047812	0.07636278
7.051146	0.07802156
7.054479	0.0795026
7.057813	0.0807763
7.061146	0.08184266
7.064479	0.08267204
7.067812	0.0833237
7.071146	0.08370878
7.074479	0.0838865
7.077813	0.08382726
7.081146	0.08356067
7.084479	0.08308674
7.087812	0.08237583
7.091146	0.08148721
7.094479	0.08042085
7.097813	0.07920639
7.101146	0.07781421
7.104479	0.07627392
7.107812	0.07461515
7.111146	0.07283789
7.114479	0.07097177
7.117813	0.06907603
7.121146	0.06715067
7.124479	0.06528455
7.127812	0.06347767
7.131146	0.06175966
7.134479	0.06021937
7.137813	0.05879756
7.141146	0.05752386
7.144479	0.05639827
7.147812	0.05539116
7.151146	0.05450253
7.154479	0.05370276
7.157813	0.05296224
7.161146	0.05231058
7.164479	0.05171816
7.167812	0.0512146
7.171146	0.05074067
7.174479	0.05038522
7.177813	0.05008901
7.181146	0.04988166
7.184479	0.04976318
7.187812	0.04976318
7.191146	0.04982242
7.194479	0.04997052
7.197813	0.05020749
7.201146	0.05053332
7.204479	0.05091839
7.207812	0.05136271
7.211146	0.05186626
7.214479	0.05239944
7.217813	0.05296224
7.221146	0.05355466
7.224479	0.05414708
7.227812	0.05473949
7.231146	0.05530229
7.234479	0.05589471
7.237813	0.05645751
7.241146	0.05702031
7.244479	0.05761273
7.247812	0.05820515
7.251146	0.05879756
7.254479	0.0594196
7.257813	0.06004164
7.261146	0.06069331
7.264479	0.06134497
7.267813	0.06199663
7.271146	0.06261867
7.274479	0.06321108
7.277812	0.0638035
7.281146	0.06433668
7.284479	0.06484024
7.287813	0.06531417
7.291146	0.06572886
7.294479	0.06611394
7.297812	0.06646939
7.301146	0.0667656
7.304479	0.06706181
7.307813	0.06729877
7.311146	0.06756536
7.314479	0.06780233
7.317812	0.06800968
7.321146	0.06821702
7.324479	0.06836513
7.327813	0.06851323
7.331146	0.06863171
7.334479	0.06872058
7.337812	0.06877982
7.341146	0.06880944
7.344479	0.06880944
7.347813	0.06883906
7.351146	0.06886868
7.354479	0.06892792
7.357812	0.06901679
7.361146	0.06910565
7.364479	0.06922413
7.367813	0.06937224
7.371146	0.06949072
7.374479	0.06957958
7.377812	0.06960921
7.381146	0.06957958
7.384479	0.06949072
7.387813	0.06934262
7.391146	0.06913527
7.394479	0.06886868
7.397812	0.06857247
7.401146	0.06827626
7.404479	0.06795043
7.407813	0.0676246
7.411146	0.06732839
7.414479	0.06703218
7.417812	0.06673597
7.421146	0.06643977
7.424479	0.06617318
7.427813	0.06590659
7.431146	0.06564
7.434479	0.06534379
7.437812	0.06504758
7.441146	0.06475137
7.444479	0.06439592
7.447813	0.06404047
7.451146	0.06362578
7.454479	0.06318146
7.457812	0.06270753
7.461146	0.06223359
7.464479	0.06175966
7.467813	0.0612561
7.471146	0.06081179
7.474479	0.06036747
7.477812	0.0599824
7.481146	0.05965657
7.484479	0.05938998
7.487813	0.05918264
7.491146	0.05903453
7.494479	0.05897529
7.497812	0.05894567
7.501146	0.05897529
7.504479	0.05900491
7.507813	0.05900491
7.511146	0.05900491
7.514479	0.05897529
7.517813	0.05885681
7.521146	0.05873832
7.524479	0.0585606
7.527812	0.05835325
7.531146	0.0581459
7.534479	0.05793856
7.537813	0.05776083
7.541146	0.05761273
7.544479	0.05746462
7.547812	0.05731652
7.551146	0.05713879
7.554479	0.05696107
7.557813	0.0567241
7.561146	0.05645751
7.564479	0.0561613
7.567812	0.05580585
7.571146	0.0554504
7.574479	0.05506533
7.577813	0.05473949
7.581146	0.05444329
7.584479	0.05420632
7.587812	0.05402859
7.591146	0.05391011
7.594479	0.05388049
7.597813	0.05385087
7.601146	0.05388049
7.604479	0.05391011
7.607812	0.05391011
7.611146	0.05391011
7.614479	0.05385087
7.617813	0.053762
7.621146	0.05364352
7.624479	0.05352504
7.627812	0.05340655
7.631146	0.05334731
7.634479	0.05328807
7.637813	0.05328807
7.641146	0.05334731
7.644479	0.05340655
7.647812	0.05349542
7.651146	0.0536139
7.654479	0.05370276
7.657813	0.05382125
7.661146	0.05391011
7.664479	0.05405821
7.667812	0.05423594
7.671146	0.05444329
7.674479	0.05470987
7.677813	0.05503571
7.681146	0.05539116
7.684479	0.05577623
7.687812	0.0561613
7.691146	0.05651675
7.694479	0.05684258
7.697813	0.05713879
7.701146	0.05737576
7.704479	0.05758311
7.707812	0.05776083
7.711146	0.05793856
7.714479	0.05808666
7.717813	0.05823477
7.721146	0.05838287
7.724479	0.0585606
7.727812	0.05873832
7.731146	0.05897529
7.734479	0.0592715
7.737813	0.05965657
7.741146	0.06013051
7.744479	0.06072293
7.747812	0.06143383
7.751146	0.06226321
7.754479	0.06321108
7.757813	0.06424782
7.761146	0.06534379
7.764479	0.06649901
7.767813	0.06768384
7.771146	0.06886868
7.774479	0.07005352
7.777812	0.07120874
7.781146	0.07236395
7.784479	0.07345993
7.787813	0.07455591
7.791146	0.07565188
7.794479	0.07671823
7.797812	0.07772535
7.801146	0.07870284
7.804479	0.07962109
7.807813	0.08050971
7.811146	0.08127986
7.814479	0.08196114
7.817812	0.08255356
7.821146	0.08302749
7.824479	0.08335332
7.827813	0.08361991
7.831146	0.08376802
7.834479	0.08382726
7.837812	0.08385688
7.841146	0.08379764
7.844479	0.08370878
7.847813	0.08356067
7.851146	0.08335332
7.854479	0.08308674
7.857812	0.08273129
7.861146	0.08231659
7.864479	0.08178342
7.867813	0.08116138
7.871146	0.08045047
7.874479	0.07965071
7.877812	0.07876208
7.881146	0.07781421
7.884479	0.07683672
7.887813	0.07577036
7.891146	0.07467439
7.894479	0.07351917
7.897812	0.07233433
7.901146	0.07114949
7.904479	0.06993504
7.907813	0.0687502
7.911146	0.06759498
7.914479	0.06646939
7.917812	0.06540303
7.921146	0.0643663
7.924479	0.06341843
7.927813	0.06247056
7.931146	0.06158193
7.934479	0.06072293
7.937812	0.0598343
7.941146	0.05900491
7.944479	0.0581459
7.947813	0.05734614
7.951146	0.05654637
7.954479	0.05580585
7.957812	0.05509495
7.961146	0.05441366
7.964479	0.05379162
7.967813	0.05319921
7.971146	0.05266603
7.974479	0.05213285
7.977812	0.0516293
7.981146	0.05112574
7.984479	0.05065181
7.987813	0.05014825
7.991146	0.04964469
7.994479	0.04920038
7.997812	0.04872644
8.001145	0.04831175
8.004479	0.04792668
8.007813	0.04763047
8.011146	0.04736388
8.01448	0.04718616
8.017813	0.04706767
8.021146	0.04697881
8.024479	0.04697881
8.027813	0.04697881
8.031146	0.04697881
8.034479	0.04697881
8.037812	0.04694919
8.041146	0.04688995
8.044479	0.04677146
8.047812	0.04662336
8.051146	0.04644563
8.05448	0.04626791
8.057813	0.04606056
8.061146	0.04585321
8.064479	0.04567549
8.067813	0.04552738
8.071146	0.0454089
8.074479	0.04532004
8.077812	0.04529042
8.081146	0.04526079
8.084479	0.04526079
8.087812	0.04526079
8.091146	0.04526079
8.09448	0.04523117
8.097813	0.04517193
8.101146	0.04511269
8.104479	0.04502383
8.107813	0.04490534
8.111146	0.04481648
8.114479	0.04472762
8.117812	0.044698
8.121146	0.044698
8.124479	0.04472762
8.127812	0.0448461
8.131145	0.04496458
8.13448	0.04508307
8.137813	0.04520155
8.141146	0.04529042
8.144479	0.04534966
8.147813	0.04537928
8.151146	0.04537928
8.154479	0.04532004
8.157812	0.04529042
8.161146	0.04523117
8.164479	0.04520155
8.167812	0.04520155
8.171145	0.04520155
8.174479	0.04523117
8.177813	0.04526079
8.181146	0.04529042
8.184479	0.04532004
8.187813	0.04534966
8.191146	0.04537928
8.194479	0.0454089
8.197812	0.04546814
8.201146	0.04552738
8.204479	0.04561625
8.207812	0.04570511
8.211145	0.04582359
8.214479	0.04591246
8.217813	0.04600132
8.221146	0.04609018
8.224479	0.0461198
8.227813	0.0461198
8.231146	0.04609018
8.234479	0.04600132
8.237812	0.04594208
8.241146	0.04585321
8.244479	0.04579397
8.247812	0.04576435
8.251145	0.04576435
8.254479	0.04582359
8.257813	0.04594208
8.261146	0.04606056
8.26448	0.04620867
8.267813	0.04635677
8.271146	0.04647525
8.274479	0.0465345
8.277813	0.0465345
8.281146	0.04647525
8.284479	0.04638639
8.287812	0.04626791
8.291146	0.04614942
8.294479	0.04603094
8.297812	0.04600132
8.301146	0.04603094
8.30448	0.0461198
8.307813	0.04626791
8.311146	0.04644563
8.314479	0.04665298
8.317813	0.0468307
8.321146	0.04697881
8.324479	0.04709729
8.327812	0.04715654
8.331146	0.04718616
8.334479	0.04721578
8.337812	0.04727502
8.341146	0.04736388
8.34448	0.04748237
8.347813	0.04768971
8.351146	0.04798592
8.354479	0.04831175
8.357813	0.0486672
8.361146	0.04902265
8.364479	0.04937811
8.367812	0.04964469
8.371146	0.04982242
8.374479	0.04991128
8.377812	0.0499409
8.381145	0.04985204
8.38448	0.04973356
8.387813	0.04958545
8.391146	0.04940773
8.394479	0.04925962
8.397813	0.04917076
8.401146	0.0490819
8.404479	0.04905228
8.407812	0.04905228
8.411146	0.04905228
8.414479	0.0490819
8.417812	0.0490819
8.421145	0.04905228
8.424479	0.04899303
8.427813	0.04890417
8.431146	0.04878569
8.434479	0.04863758
8.437813	0.04843024
8.441146	0.04822289
8.444479	0.04801554
8.447812	0.04777857
8.451146	0.04754161
8.454479	0.04730464
8.457812	0.04712691
8.461145	0.04694919
8.464479	0.04680108
8.467813	0.0466826
8.471146	0.04659374
8.474479	0.04650487
8.477813	0.04644563
8.481146	0.04638639
8.484479	0.04632715
8.487812	0.04626791
8.491146	0.04623829
8.494479	0.04620867
8.497812	0.04614942
8.501145	0.04614942
8.504479	0.0461198
8.507813	0.04606056
8.511146	0.04603094
8.51448	0.0459717
8.517813	0.04588283
8.521146	0.04579397
8.524479	0.04567549
8.527813	0.045557
8.531146	0.04546814
8.534479	0.0454089
8.537812	0.04537928
8.541146	0.04537928
8.544479	0.04543852
8.547812	0.04549776
8.551146	0.04564587
8.55448	0.04579397
8.557813	0.04594208
8.561146	0.04609018
8.564479	0.04623829
8.567813	0.04638639
8.571146	0.04650487
8.574479	0.04665298
8.577812	0.04680108
8.581146	0.04694919
8.584479	0.04709729
8.587812	0.04727502
8.591146	0.04742312
8.59448	0.04760085
8.597813	0.04777857
8.601146	0.04792668
8.604479	0.04810441
8.607813	0.04825251
8.611146	0.04840061
8.614479	0.04854872
8.617812	0.04872644
8.621146	0.04890417
8.624479	0.0490819
8.627812	0.04931886
8.631145	0.04952621
8.63448	0.04973356
8.637813	0.0499409
8.641146	0.05014825
8.644479	0.05032598
8.647813	0.0505037
8.651146	0.05065181
8.654479	0.05085915
8.657812	0.05103688
8.661146	0.05127384
8.664479	0.05151081
8.667812	0.0517774
8.671145	0.05204399
8.674479	0.05231058
8.677813	0.05260679
8.681146	0.05287338
8.684479	0.05311034
8.687813	0.05334731
8.691146	0.05355466
8.694479	0.053762
8.697812	0.05393973
8.701146	0.05408783
8.704479	0.05420632
8.707812	0.05426556
8.711145	0.05426556
8.714479	0.05420632
8.717813	0.05411745
8.721146	0.05393973
8.724479	0.05370276
8.727813	0.05346579
8.731146	0.05313996
8.734479	0.05281413
8.737812	0.0524883
8.741146	0.05213285
8.744479	0.05174778
8.747812	0.05139233
8.751145	0.05100726
8.754479	0.05062219
8.757813	0.05023711
8.761146	0.04988166
8.76448	0.04952621
8.767813	0.04917076
8.771146	0.04881531
8.774479	0.04848948
8.777813	0.04813403
8.781146	0.04783782
8.784479	0.04751199
8.787812	0.04718616
8.791146	0.0468307
8.794479	0.04650487
8.797812	0.04614942
8.801146	0.04579397
8.80448	0.04543852
8.807813	0.04508307
8.811146	0.04475724
8.814479	0.04446103
8.817813	0.04419444
8.821146	0.04392785
8.824479	0.04375013
8.827812	0.0435724
8.831146	0.0434243
8.834479	0.04330581
8.837812	0.04321695
8.841146	0.04312809
8.84448	0.04303922
8.847813	0.04295036
8.851146	0.04283188
8.854479	0.04271339
8.857813	0.04259491
8.861146	0.04241718
8.864479	0.04226908
8.867812	0.04209135
8.871146	0.04194325
8.874479	0.04179514
8.877812	0.04161742
8.881145	0.04146931
8.88448	0.04132121
8.887813	0.04117311
8.891146	0.041025
8.894479	0.0408769
8.897813	0.04069917
8.901146	0.04052144
8.904479	0.04034372
8.907812	0.04019561
8.911146	0.04004751
8.914479	0.03992903
8.917812	0.03981054
8.921145	0.03969206
8.924479	0.03957357
8.927813	0.03948471
8.931146	0.03936623
8.934479	0.03924774
8.937813	0.03915888
8.941146	0.0390404
8.944479	0.03895153
8.947812	0.03886267
8.951146	0.03880343
8.954479	0.03874419
8.957812	0.03874419
8.961145	0.03874419
8.964479	0.03880343
8.967813	0.03883305
8.971146	0.03892191
8.974479	0.03898116
8.977813	0.0390404
8.981146	0.03909964
8.984479	0.03912926
8.987812	0.03909964
8.991146	0.0390404
8.994479	0.03895153
8.997812	0.03880343
9.001145	0.03865533
9.004479	0.03850722
9.007813	0.03841836
9.011146	0.03832949
9.01448	0.03832949
9.017813	0.03838874
9.021146	0.03850722
9.024479	0.03868495
9.027813	0.03889229
9.031146	0.03909964
9.034479	0.03930699
9.037812	0.03951433
9.041146	0.03966244
9.044479	0.03981054
9.047812	0.0398994
9.051146	0.03995865
9.05448	0.03998827
9.057813	0.03998827
9.061146	0.03995865
9.064479	0.03992903
9.067813	0.03986978
9.071146	0.03984016
9.074479	0.03981054
9.077812	0.0397513
9.081146	0.03969206
9.084479	0.03963282
9.087812	0.03957357
9.091146	0.03948471
9.09448	0.03939585
9.097813	0.03930699
9.101146	0.03915888
9.104479	0.0390404
9.107813	0.03892191
9.111146	0.03883305
9.114479	0.03877381
9.117812	0.03871457
9.121146	0.03871457
9.124479	0.03877381
9.127812	0.03883305
9.131145	0.03889229
9.13448	0.03898116
9.137813	0.03907002
9.141146	0.03912926
9.144479	0.03915888
9.147813	0.03915888
9.151146	0.03912926
9.154479	0.03907002
9.157812	0.03898116
9.161146	0.03889229
9.164479	0.03874419
9.167812	0.03859608
9.171145	0.03844798
9.174479	0.03829987
9.177813	0.03812215
9.181146	0.03800366
9.184479	0.03788518
9.187813	0.03785556
9.191146	0.03785556
9.194479	0.03788518
9.197812	0.03797404
9.201146	0.03812215
9.204479	0.03832949
9.207812	0.03853684
9.211145	0.03877381
9.214479	0.03901078
9.217813	0.03921812
9.221146	0.03936623
9.224479	0.03945509
9.227813	0.03951433
9.231146	0.03948471
9.234479	0.03939585
9.237812	0.03921812
9.241146	0.03901078
9.244479	0.03880343
9.247812	0.03856646
9.251145	0.03838874
9.254479	0.03827025
9.257813	0.03818139
9.261146	0.03815177
9.26448	0.03818139
9.267813	0.03827025
9.271146	0.03838874
9.274479	0.03853684
9.277813	0.03865533
9.281146	0.03877381
9.284479	0.03883305
9.287812	0.03889229
9.291146	0.03892191
9.294479	0.03892191
9.297812	0.03892191
9.301146	0.03889229
9.30448	0.03886267
9.307813	0.03883305
9.311146	0.03883305
9.314479	0.03883305
9.317813	0.03886267
9.321146	0.03889229
9.324479	0.03892191
9.327812	0.03898116
9.331146	0.03901078
9.334479	0.03907002
9.337812	0.03907002
9.341146	0.03909964
9.34448	0.03909964
9.347813	0.03909964
9.351146	0.03909964
9.354479	0.03909964
9.357813	0.03912926
9.361146	0.03915888
9.364479	0.0391885
9.367812	0.03921812
9.371146	0.03924774
9.374479	0.03924774
9.377812	0.03924774
9.381145	0.03924774
9.38448	0.03921812
9.387813	0.03915888
9.391146	0.03912926
9.394479	0.03907002
9.397813	0.03907002
9.401146	0.0390404
9.404479	0.03907002
9.407812	0.03909964
9.411146	0.03912926
9.414479	0.03915888
9.417812	0.0391885
9.421145	0.0391885
9.424479	0.0391885
9.427813	0.0391885
9.431146	0.03915888
9.434479	0.03915888
9.437813	0.03915888
9.441146	0.0391885
9.444479	0.03924774
9.447812	0.03930699
9.451146	0.03942547
9.454479	0.03951433
9.457812	0.0396032
9.461145	0.03966244
9.464479	0.03969206
9.467813	0.03966244
9.471146	0.03957357
9.474479	0.03945509
9.477813	0.03933661
9.481146	0.0391885
9.484479	0.0390404
9.487812	0.03889229
9.491146	0.03880343
9.494479	0.03871457
9.497812	0.0386257
9.501145	0.03859608
9.504479	0.03853684
9.507813	0.03850722
9.511146	0.03844798
9.51448	0.03838874
9.517813	0.03832949
9.521146	0.03824063
9.524479	0.03815177
9.527813	0.03806291
9.531146	0.03797404
9.534479	0.03788518
9.537812	0.03782594
9.541146	0.03773708
9.544479	0.03764821
9.547812	0.03758897
9.551146	0.03752973
9.55448	0.03744087
9.557813	0.03738162
9.561146	0.03729276
9.564479	0.0372039
9.567813	0.03711504
9.571146	0.03702617
9.574479	0.03696693
9.577812	0.03693731
9.581146	0.03693731
9.584479	0.03699655
9.587812	0.03711504
9.591146	0.03726314
9.59448	0.03747049
9.597813	0.03773708
9.601146	0.03797404
9.604479	0.03821101
9.607813	0.03841836
9.611146	0.03859608
9.614479	0.03868495
9.617812	0.03874419
9.621146	0.03874419
9.624479	0.03871457
9.627812	0.03865533
9.631145	0.03856646
9.63448	0.03850722
9.637813	0.03841836
9.641146	0.03838874
9.644479	0.03832949
9.647813	0.03829987
9.651146	0.03829987
9.654479	0.03827025
9.657812	0.03824063
9.661146	0.03818139
9.664479	0.03806291
9.667812	0.0379148
9.671145	0.03773708
9.674479	0.03752973
9.677813	0.03729276
9.681146	0.03708542
9.684479	0.03690769
9.687813	0.03678921
9.691146	0.03672996
9.694479	0.03670034
9.697812	0.03675958
9.701146	0.03681883
9.704479	0.03696693
9.707812	0.03708542
9.711145	0.03726314
9.714479	0.03744087
9.717813	0.03761859
9.721146	0.03782594
9.724479	0.03806291
9.727813	0.03829987
9.731146	0.03850722
9.734479	0.03874419
9.737812	0.03892191
9.741146	0.03909964
9.744479	0.03921812
9.747812	0.03927736
9.751145	0.03927736
9.754479	0.03924774
9.757813	0.03915888
9.761146	0.03907002
9.76448	0.03892191
9.767813	0.03877381
9.771146	0.03859608
9.774479	0.03844798
9.777813	0.03829987
9.781146	0.03818139
9.784479	0.03812215
9.787812	0.03806291
9.791146	0.03806291
9.794479	0.03809253
9.797812	0.03815177
9.801146	0.03821101
9.80448	0.03829987
9.807813	0.03838874
9.811146	0.03841836
9.814479	0.03844798
9.817813	0.03844798
9.821146	0.03838874
9.824479	0.03832949
9.827812	0.03827025
9.831146	0.03818139
9.834479	0.03812215
9.837812	0.03803329
9.841146	0.03797404
9.84448	0.03794442
9.847813	0.0379148
9.851146	0.03788518
9.854479	0.03788518
9.857813	0.03785556
9.861146	0.03785556
9.864479	0.03785556
9.867812	0.03788518
9.871146	0.03788518
9.874479	0.03788518
9.877812	0.03785556
9.881145	0.03779632
9.88448	0.03770745
9.887813	0.03764821
9.891146	0.03755935
9.894479	0.03750011
9.897813	0.03744087
9.901146	0.03741125
9.904479	0.03744087
9.907812	0.03750011
9.911146	0.03758897
9.914479	0.03770745
9.917812	0.03785556
9.921145	0.03797404
9.924479	0.03812215
9.927813	0.03821101
9.931146	0.03832949
9.934479	0.03838874
9.937813	0.03844798
9.941146	0.03850722
9.944479	0.03850722
9.947812	0.03850722
9.951146	0.03844798
9.954479	0.03835912
9.957812	0.03821101
9.961145	0.03803329
9.964479	0.03782594
9.967813	0.03758897
9.971146	0.037352
9.974479	0.03711504
9.977813	0.03690769
9.981146	0.03678921
9.984479	0.03670034
9.987812	0.03670034
9.991146	0.03672996
9.994479	0.03681883
9.997812	0.03690769
}
[PEAK]
{
Peak ID	1
Peak Ref	1
Time	3.93052
Peak	3.151146	4.077813
Intensity	-5.781651e-06	7.510185e-05
Height	0.004155353
AreaAbs	1279.675
Area %BP	0.05306361
Area %Total	0.04611213
Width	0.9266667
}
[PEAK]
{
Peak ID	2
Peak Ref	2
Time	4.280543
Peak	4.077813	4.607812
Intensity	-5.781651e-06	7.510185e-05
Height	0.02249154
AreaAbs	4759.308
Area %BP	0.1973517
Area %Total	0.1714981
Width	0.5299997
}
[PEAK]
{
Peak ID	3
Peak Ref	3
Time	4.965739
Peak	4.607812	6.054479
Intensity	-5.781651e-06	7.510185e-05
Height	0.2011455
AreaAbs	40193.11
Area %BP	1.666667
Area %Total	1.448329
Width	1.446667
}
[PEAK]
{
Peak ID	4
Peak Ref	4
Time	6.132593
Peak	6.054479	6.431146
Intensity	-5.781651e-06	7.510185e-05
Height	9.923603e-05
AreaAbs	20.20055
Area %BP	0.0008376455
Area %Total	0.0007279115
Width	0.3766665
}
}
}
}
