[SAMPLE]
{
Sample	1
Well	1:B,4
FileName	
SampleID	ASD-E-2601292-002
SampleDescription	Aquired with Galaxy
Date	05-Mar-2026
Time	16:53:16 PRC
JobCode	
TaskCode	
UserName	Congcong_Liu2
LabName	Aquired with Galaxy
Instrument	MS_L_19_062
Conditions	
Submitter	Siyu_Zhang
SampleType	
Plate	
Method	
Process	Galaxy
MSTune	
MSMethod	
InletMethod	
PreRunMethod	
PostRunMethod	
SwitchMethod	
FractionMethod	
AcquisitionProcess	
AcquisitionProcessParameters	
AcquisitionProcessOptions	
InjectionVolume	25
ReportScheme	
SampleReportEnable	0
SampleReportFormat	
AnalysisTime	0
[COMPOUND]
{
;Mono Mass	Formula
}
[FUNCTION]
{
Function	1
IonMode	ES+
Type	MS
Description	(0:0)
[SPECTRUM]
{
ProcDesc	0.00:Combine
State	OK
Peak ID	0
Peak Ref	0
Time	0
TIC	0
BPI	0
BPM	0
Continuum	FALSE
Saved	FALSE
[MASSES]
{
;Mass	Exp. Mass	Obs. Mass	% BPI	Int. Abs
}
[RESULTS]
{
;Mass	Found	% BPI	% Purity
}
[MS]
{
;Mass	% BPI
0	0
}
}
[CHROMATOGRAM]
{
TraceNumber	1
Description	scroll down chrom view to see 2D LC chrom
ProcDesc	
MaxIntensity	0
[TRACE]
{
0	0
}
[PEAK]
{
Peak ID	0
Peak Ref	0
Time	0
Peak	0
Intensity	0	0
Height	0
AreaAbs	0
Area %BP	0
Area %Total	0
}
}
}
[FUNCTION]
{
Function	0
Description	ANALOG
[CHROMATOGRAM]
{
TraceNumber	2
Description	LC
ProcDesc	Result Id:2848, VWD: Signal A, 280 nm
MaxIntensity	0.1694666
[TRACE]
{
;Time	Int. %Max
0.002604167	0.0105164
0.0059375	0.01044606
0.009270833	0.01030537
0.01260417	0.01019986
0.0159375	0.01005917
0.01927083	0.009953653
0.02260417	0.009848137
0.0259375	0.009848137
0.02927083	0.009883309
0.03260417	0.009988825
0.0359375	0.01016468
0.03927083	0.01041089
0.04260417	0.01072744
0.0459375	0.01111433
0.04927083	0.01150122
0.05260416	0.01188811
0.0559375	0.01223983
0.05927083	0.01255638
0.06260417	0.01280258
0.0659375	0.01294327
0.06927083	0.01304878
0.07260416	0.01308395
0.0759375	0.01304878
0.07927083	0.01294327
0.08260417	0.01283775
0.0859375	0.01269706
0.08927083	0.01255638
0.09260417	0.01238052
0.0959375	0.01223983
0.09927084	0.01206397
0.1026042	0.01192328
0.1059375	0.01174742
0.1092708	0.01164191
0.1126042	0.01160673
0.1159375	0.01157156
0.1192708	0.01164191
0.1226042	0.01171225
0.1259375	0.01181777
0.1292708	0.01195845
0.1326042	0.01209914
0.1359375	0.01223983
0.1392708	0.01231017
0.1426042	0.01238052
0.1459375	0.01238052
0.1492708	0.01241569
0.1526042	0.01241569
0.1559375	0.01245086
0.1592708	0.0125212
0.1626042	0.01262672
0.1659375	0.01273224
0.1692708	0.01287292
0.1726042	0.01297844
0.1759375	0.01304878
0.1792708	0.01311913
0.1826042	0.01311913
0.1859375	0.01311913
0.1892708	0.01304878
0.1926042	0.01297844
0.1959375	0.0129081
0.1992708	0.01283775
0.2026042	0.01276741
0.2059375	0.01273224
0.2092708	0.01276741
0.2126042	0.01280258
0.2159375	0.01287292
0.2192708	0.01294327
0.2226042	0.01304878
0.2259375	0.01311913
0.2292708	0.0131543
0.2326042	0.0131543
0.2359375	0.01311913
0.2392708	0.01304878
0.2426042	0.01294327
0.2459375	0.01280258
0.2492708	0.01266189
0.2526042	0.01248603
0.2559375	0.01231017
0.2592708	0.01220466
0.2626042	0.01206397
0.2659375	0.01199363
0.2692708	0.01192328
0.2726042	0.01185294
0.2759375	0.01181777
0.2792708	0.01174742
0.2826042	0.01171225
0.2859375	0.01167708
0.2892708	0.01160673
0.2926042	0.01153639
0.2959375	0.01143087
0.2992708	0.01136053
0.3026042	0.01125501
0.3059375	0.01118467
0.3092708	0.0111495
0.3126042	0.01111433
0.3159375	0.0111495
0.3192708	0.01121984
0.3226042	0.01132536
0.3259375	0.01146605
0.3292708	0.01167708
0.3326042	0.01185294
0.3359375	0.01206397
0.3392708	0.012275
0.3426042	0.01241569
0.3459375	0.01255638
0.3492708	0.01259155
0.3526042	0.01259155
0.3559375	0.0125212
0.3592708	0.01234534
0.3626042	0.01213431
0.3659375	0.01181777
0.3692708	0.01150122
0.3726042	0.01111433
0.3759375	0.01072744
0.3792708	0.01037572
0.3826042	0.010024
0.3859375	0.009742622
0.3892708	0.00953159
0.3926042	0.009390902
0.3959375	0.009320559
0.3992708	0.00935573
0.4026042	0.009426074
0.4059375	0.009566762
0.4092708	0.009742622
0.4126042	0.009918481
0.4159375	0.01009434
0.4192708	0.01023503
0.4226042	0.01037572
0.4259375	0.01048123
0.4292708	0.01055158
0.4326042	0.01058675
0.4359375	0.01062192
0.4392708	0.01062192
0.4426042	0.01062192
0.4459375	0.01065709
0.4492708	0.01065709
0.4526042	0.01069226
0.4559375	0.01072744
0.4592708	0.01076261
0.4626042	0.01083295
0.4659375	0.01086812
0.4692708	0.01086812
0.4726042	0.01083295
0.4759375	0.01076261
0.4792708	0.01062192
0.4826042	0.01044606
0.4859375	0.0102702
0.4892708	0.010024
0.4926042	0.009848137
0.4959375	0.009637106
0.4992708	0.009496418
0.5026042	0.009426074
0.5059375	0.00935573
0.5092708	0.009390902
0.5126042	0.009461246
0.5159375	0.00953159
0.5192708	0.009637106
0.5226042	0.009742622
0.5259375	0.009848137
0.5292708	0.009953653
0.5326042	0.01009434
0.5359375	0.01023503
0.5392708	0.01037572
0.5426041	0.0105164
0.5459375	0.01065709
0.5492708	0.01076261
0.5526041	0.01083295
0.5559375	0.01086812
0.5592709	0.01083295
0.5626042	0.01076261
0.5659375	0.01065709
0.5692708	0.0105164
0.5726042	0.01037572
0.5759375	0.0102702
0.5792708	0.01016468
0.5826042	0.01012951
0.5859375	0.01009434
0.5892708	0.01009434
0.5926042	0.01012951
0.5959375	0.01012951
0.5992708	0.01012951
0.6026042	0.01009434
0.6059375	0.01005917
0.6092708	0.009953653
0.6126041	0.009812965
0.6159375	0.009672278
0.6192709	0.009496418
0.6226042	0.00935573
0.6259375	0.009285387
0.6292709	0.009250215
0.6326042	0.009250215
0.6359375	0.009320559
0.6392708	0.009426074
0.6426042	0.00953159
0.6459375	0.009672278
0.6492708	0.009812965
0.6526042	0.009953653
0.6559375	0.01005917
0.6592708	0.01012951
0.6626042	0.01019986
0.6659375	0.01023503
0.6692708	0.01034054
0.6726041	0.01041089
0.6759375	0.01055158
0.6792708	0.01072744
0.6826042	0.01093847
0.6859375	0.01111433
0.6892709	0.01132536
0.6926042	0.01150122
0.6959375	0.01164191
0.6992708	0.01174742
0.7026042	0.01174742
0.7059375	0.01171225
0.7092708	0.01157156
0.7126042	0.01143087
0.7159375	0.01121984
0.7192708	0.01104398
0.7226042	0.01086812
0.7259375	0.01069226
0.7292708	0.01058675
0.7326041	0.0105164
0.7359375	0.0105164
0.7392708	0.01058675
0.7426042	0.01069226
0.7459375	0.01083295
0.7492709	0.01097364
0.7526042	0.01107915
0.7559375	0.01121984
0.7592708	0.01129019
0.7626042	0.01136053
0.7659375	0.01136053
0.7692708	0.01136053
0.7726042	0.01132536
0.7759375	0.01129019
0.7792708	0.01125501
0.7826042	0.01121984
0.7859375	0.01118467
0.7892708	0.01118467
0.7926041	0.01118467
0.7959375	0.01118467
0.7992708	0.01118467
0.8026041	0.01118467
0.8059375	0.0111495
0.8092709	0.01111433
0.8126042	0.01111433
0.8159375	0.01111433
0.8192708	0.01111433
0.8226042	0.01118467
0.8259375	0.01125501
0.8292708	0.01132536
0.8326042	0.01146605
0.8359375	0.01157156
0.8392708	0.01171225
0.8426042	0.01181777
0.8459375	0.01192328
0.8492708	0.01199363
0.8526042	0.0120288
0.8559375	0.0120288
0.8592708	0.01199363
0.8626041	0.01192328
0.8659375	0.01178259
0.8692709	0.01160673
0.8726042	0.0113957
0.8759375	0.0111495
0.8792709	0.01090329
0.8826042	0.01072744
0.8859375	0.01055158
0.8892708	0.01048123
0.8926042	0.01044606
0.8959375	0.0105164
0.8992708	0.01062192
0.9026042	0.01076261
0.9059375	0.01093847
0.9092708	0.01107915
0.9126042	0.01121984
0.9159375	0.01129019
0.9192708	0.01129019
0.9226041	0.01125501
0.9259375	0.0111495
0.9292708	0.01104398
0.9326042	0.01090329
0.9359375	0.01072744
0.9392709	0.01058675
0.9426042	0.01044606
0.9459375	0.01030537
0.9492708	0.01016468
0.9526042	0.01005917
0.9559375	0.009953653
0.9592708	0.009883309
0.9626042	0.009848137
0.9659375	0.009812965
0.9692708	0.009812965
0.9726042	0.009883309
0.9759375	0.009953653
0.9792708	0.01012951
0.9826041	0.01030537
0.9859375	0.01055158
0.9892708	0.01079778
0.9926042	0.01107915
0.9959375	0.01136053
0.9992709	0.01160673
1.002604	0.01178259
1.005937	0.01188811
1.009271	0.01192328
1.012604	0.01188811
1.015937	0.01181777
1.019271	0.01167708
1.022604	0.01153639
1.025938	0.0113957
1.029271	0.01129019
1.032604	0.01121984
1.035938	0.01118467
1.039271	0.01118467
1.042604	0.0111495
1.045938	0.0111495
1.049271	0.01107915
1.052604	0.01100881
1.055938	0.01086812
1.059271	0.01069226
1.062604	0.0105164
1.065938	0.01030537
1.069271	0.01009434
1.072604	0.009918481
1.075938	0.009812965
1.079271	0.009777793
1.082604	0.009777793
1.085938	0.009848137
1.089271	0.009918481
1.092604	0.010024
1.095937	0.01016468
1.099271	0.0102702
1.102604	0.01034054
1.105937	0.01041089
1.109271	0.01041089
1.112604	0.01041089
1.115937	0.01037572
1.119271	0.01034054
1.122604	0.01030537
1.125937	0.01023503
1.129271	0.01019986
1.132604	0.01016468
1.135937	0.01009434
1.139271	0.01005917
1.142604	0.009953653
1.145937	0.009848137
1.149271	0.00970745
1.152604	0.009566762
1.155938	0.009390902
1.159271	0.009250215
1.162604	0.009109527
1.165938	0.009039183
1.169271	0.009039183
1.172604	0.009109527
1.175938	0.009215043
1.179271	0.009390902
1.182604	0.009566762
1.185938	0.009777793
1.189271	0.009953653
1.192604	0.01012951
1.195938	0.0102702
1.199271	0.01037572
1.202604	0.01044606
1.205938	0.01044606
1.209271	0.01044606
1.212604	0.01037572
1.215937	0.01030537
1.219271	0.01016468
1.222604	0.009988825
1.225937	0.009812965
1.229271	0.009637106
1.232604	0.009496418
1.235937	0.009390902
1.239271	0.009320559
1.242604	0.009320559
1.245937	0.009390902
1.249271	0.009461246
1.252604	0.009601934
1.255937	0.00970745
1.259271	0.009777793
1.262604	0.009777793
1.265937	0.009742622
1.269271	0.009637106
1.272604	0.009461246
1.275938	0.009320559
1.279271	0.009179871
1.282604	0.009074355
1.285938	0.009074355
1.289271	0.009144699
1.292604	0.009285387
1.295938	0.009496418
1.299271	0.009742622
1.302604	0.009988825
1.305938	0.01019986
1.309271	0.01034054
1.312604	0.01041089
1.315938	0.01041089
1.319271	0.01034054
1.322604	0.01019986
1.325938	0.01005917
1.329271	0.009953653
1.332604	0.009812965
1.335938	0.009742622
1.339271	0.00970745
1.342604	0.009672278
1.345937	0.00970745
1.349271	0.009777793
1.352604	0.009848137
1.355937	0.009953653
1.359271	0.01005917
1.362604	0.01016468
1.365937	0.0102702
1.369271	0.01034054
1.372604	0.01041089
1.375937	0.01048123
1.379271	0.01048123
1.382604	0.0105164
1.385937	0.0105164
1.389271	0.0105164
1.392604	0.0105164
1.395937	0.0105164
1.399271	0.0105164
1.402604	0.01055158
1.405938	0.01055158
1.409271	0.01055158
1.412604	0.0105164
1.415938	0.01048123
1.419271	0.01037572
1.422604	0.0102702
1.425938	0.01012951
1.429271	0.009988825
1.432604	0.009848137
1.435938	0.009742622
1.439271	0.009637106
1.442604	0.009566762
1.445938	0.00953159
1.449271	0.009496418
1.452604	0.009566762
1.455938	0.009637106
1.459271	0.009777793
1.462604	0.009918481
1.465937	0.01012951
1.469271	0.01030537
1.472604	0.0105164
1.475937	0.01069226
1.479271	0.01083295
1.482604	0.01086812
1.485937	0.01086812
1.489271	0.01076261
1.492604	0.01062192
1.495937	0.01037572
1.499271	0.01012951
1.502604	0.009883309
1.505937	0.009637106
1.509271	0.009461246
1.512604	0.009320559
1.515937	0.009250215
1.519271	0.009250215
1.522604	0.009250215
1.525938	0.009285387
1.529271	0.009320559
1.532604	0.00935573
1.535938	0.009426074
1.539271	0.009426074
1.542604	0.009461246
1.545938	0.009461246
1.549271	0.009496418
1.552604	0.009496418
1.555938	0.00953159
1.559271	0.00953159
1.562604	0.009566762
1.565938	0.009601934
1.569271	0.009601934
1.572604	0.009637106
1.575938	0.009672278
1.579271	0.00970745
1.582604	0.009742622
1.585938	0.009777793
1.589271	0.009812965
1.592604	0.009812965
1.595937	0.009848137
1.599271	0.009848137
1.602604	0.009848137
1.605937	0.009848137
1.609271	0.009883309
1.612604	0.009918481
1.615937	0.010024
1.619271	0.01012951
1.622604	0.0102702
1.625937	0.01041089
1.629271	0.0105164
1.632604	0.01062192
1.635937	0.01065709
1.639271	0.01069226
1.642604	0.01065709
1.645937	0.01058675
1.649271	0.01048123
1.652604	0.01034054
1.655938	0.01019986
1.659271	0.01005917
1.662604	0.009953653
1.665938	0.009848137
1.669271	0.009777793
1.672604	0.009742622
1.675938	0.009742622
1.679271	0.009742622
1.682604	0.009777793
1.685938	0.009812965
1.689271	0.009848137
1.692604	0.009848137
1.695938	0.009848137
1.699271	0.009848137
1.702604	0.009812965
1.705938	0.009812965
1.709271	0.009777793
1.712604	0.009812965
1.715937	0.009848137
1.719271	0.009883309
1.722604	0.009988825
1.725937	0.01005917
1.729271	0.01016468
1.732604	0.01030537
1.735937	0.01041089
1.739271	0.0105164
1.742604	0.01058675
1.745937	0.01062192
1.749271	0.01065709
1.752604	0.01069226
1.755937	0.01065709
1.759271	0.01065709
1.762604	0.01062192
1.765937	0.01055158
1.769271	0.0105164
1.772604	0.01048123
1.775938	0.01044606
1.779271	0.01044606
1.782604	0.01044606
1.785938	0.01044606
1.789271	0.01048123
1.792604	0.0105164
1.795938	0.01055158
1.799271	0.01058675
1.802604	0.01055158
1.805938	0.01048123
1.809271	0.01034054
1.812604	0.01016468
1.815938	0.009953653
1.819271	0.009672278
1.822604	0.009426074
1.825938	0.009215043
1.829271	0.009074355
1.832604	0.009004011
1.835938	0.009074355
1.839271	0.009250215
1.842604	0.009496418
1.845937	0.009848137
1.849271	0.01023503
1.852604	0.01062192
1.855937	0.01100881
1.859271	0.01132536
1.862604	0.01157156
1.865937	0.01171225
1.869271	0.01181777
1.872604	0.01181777
1.875937	0.01178259
1.879271	0.01167708
1.882604	0.01153639
1.885937	0.01136053
1.889271	0.01118467
1.892604	0.01100881
1.895937	0.01083295
1.899271	0.01069226
1.902604	0.01058675
1.905938	0.0105164
1.909271	0.01048123
1.912604	0.0105164
1.915938	0.01058675
1.919271	0.01065709
1.922604	0.01072744
1.925938	0.01079778
1.929271	0.01083295
1.932604	0.01083295
1.935938	0.01079778
1.939271	0.01069226
1.942604	0.01055158
1.945938	0.01037572
1.949271	0.01019986
1.952604	0.009988825
1.955938	0.009848137
1.959271	0.00970745
1.962604	0.009601934
1.965937	0.00953159
1.969271	0.009496418
1.972604	0.009496418
1.975937	0.00953159
1.979271	0.009601934
1.982604	0.00970745
1.985937	0.009812965
1.989271	0.009883309
1.992604	0.009988825
1.995937	0.010024
1.999271	0.01005917
2.002604	0.01005917
2.005938	0.010024
2.009271	0.009953653
2.012604	0.009812965
2.015938	0.00970745
2.019271	0.009566762
2.022604	0.009461246
2.025938	0.00935573
2.029271	0.009285387
2.032604	0.009250215
2.035938	0.009285387
2.039271	0.009320559
2.042604	0.009390902
2.045938	0.00953159
2.049271	0.009672278
2.052604	0.009812965
2.055938	0.009988825
2.059271	0.01016468
2.062604	0.01034054
2.065938	0.01048123
2.069271	0.01058675
2.072604	0.01062192
2.075938	0.01062192
2.079271	0.01058675
2.082604	0.01048123
2.085938	0.01037572
2.089271	0.01023503
2.092604	0.01012951
2.095937	0.010024
2.099271	0.009953653
2.102604	0.009953653
2.105937	0.009988825
2.109271	0.01005917
2.112604	0.01019986
2.115937	0.01030537
2.119271	0.01044606
2.122604	0.01058675
2.125937	0.01069226
2.129271	0.01076261
2.132604	0.01076261
2.135937	0.01076261
2.139271	0.01069226
2.142604	0.01062192
2.145937	0.01055158
2.149271	0.01048123
2.152604	0.01041089
2.155937	0.01041089
2.159271	0.01044606
2.162604	0.0105164
2.165937	0.01065709
2.169271	0.01086812
2.172604	0.01104398
2.175937	0.01125501
2.179271	0.01143087
2.182604	0.01160673
2.185937	0.01171225
2.189271	0.01178259
2.192604	0.01181777
2.195937	0.01181777
2.199271	0.01178259
2.202604	0.01171225
2.205937	0.01167708
2.209271	0.01167708
2.212604	0.01164191
2.215938	0.01164191
2.219271	0.01164191
2.222604	0.01160673
2.225938	0.01157156
2.229271	0.01153639
2.232604	0.01146605
2.235938	0.0113957
2.239271	0.01136053
2.242604	0.01132536
2.245938	0.01132536
2.249271	0.01132536
2.252604	0.01136053
2.255938	0.01143087
2.259271	0.01150122
2.262604	0.01153639
2.265938	0.01157156
2.269271	0.01153639
2.272604	0.01150122
2.275938	0.0113957
2.279271	0.01125501
2.282604	0.01107915
2.285938	0.01090329
2.289271	0.01072744
2.292604	0.01055158
2.295938	0.01037572
2.299271	0.0102702
2.302604	0.01016468
2.305938	0.01005917
2.309271	0.009988825
2.312604	0.009953653
2.315938	0.009918481
2.319271	0.009883309
2.322604	0.009848137
2.325938	0.009812965
2.329271	0.009777793
2.332604	0.009742622
2.335938	0.00970745
2.339271	0.009672278
2.342604	0.009637106
2.345937	0.009637106
2.349271	0.009672278
2.352604	0.00970745
2.355937	0.009812965
2.359271	0.009953653
2.362604	0.01009434
2.365937	0.0102702
2.369271	0.01041089
2.372604	0.0105164
2.375937	0.01058675
2.379271	0.01062192
2.382604	0.01058675
2.385937	0.0105164
2.389271	0.01041089
2.392604	0.01034054
2.395937	0.0102702
2.399271	0.0102702
2.402604	0.01034054
2.405937	0.01044606
2.409271	0.01062192
2.412604	0.01079778
2.415937	0.01100881
2.419271	0.0111495
2.422604	0.01121984
2.425937	0.01125501
2.429271	0.01118467
2.432604	0.01104398
2.435937	0.01086812
2.439271	0.01062192
2.442604	0.01041089
2.445937	0.01019986
2.449271	0.009988825
2.452604	0.009848137
2.455937	0.009742622
2.459271	0.009672278
2.462604	0.009672278
2.465938	0.009637106
2.469271	0.009672278
2.472604	0.009672278
2.475938	0.00970745
2.479271	0.009742622
2.482604	0.009742622
2.485938	0.009777793
2.489271	0.009812965
2.492604	0.009812965
2.495938	0.009883309
2.499271	0.009918481
2.502604	0.009988825
2.505938	0.010024
2.509271	0.01009434
2.512604	0.01016468
2.515938	0.01019986
2.519271	0.01023503
2.522604	0.01019986
2.525938	0.01019986
2.529271	0.01016468
2.532604	0.01009434
2.535938	0.01005917
2.539271	0.010024
2.542604	0.010024
2.545938	0.010024
2.549271	0.010024
2.552604	0.01005917
2.555938	0.01009434
2.559271	0.01012951
2.562604	0.01016468
2.565938	0.01019986
2.569271	0.01023503
2.572604	0.01030537
2.575938	0.01034054
2.579271	0.01037572
2.582604	0.01041089
2.585938	0.01041089
2.589271	0.01041089
2.592604	0.01034054
2.595937	0.01023503
2.599271	0.01009434
2.602604	0.009918481
2.605937	0.009672278
2.609271	0.009461246
2.612604	0.009250215
2.615937	0.009074355
2.619271	0.008933668
2.622604	0.008828152
2.625937	0.00879298
2.629271	0.00879298
2.632604	0.008863324
2.635937	0.008933668
2.639271	0.009074355
2.642604	0.009215043
2.645937	0.009320559
2.649271	0.009461246
2.652604	0.009566762
2.655937	0.009672278
2.659271	0.00970745
2.662604	0.009672278
2.665937	0.009637106
2.669271	0.00953159
2.672604	0.009426074
2.675937	0.009285387
2.679271	0.009179871
2.682604	0.009109527
2.685937	0.009039183
2.689271	0.009039183
2.692604	0.009109527
2.695937	0.009215043
2.699271	0.009320559
2.702604	0.009461246
2.705937	0.009601934
2.709271	0.00970745
2.712604	0.009742622
2.715938	0.009777793
2.719271	0.009777793
2.722604	0.00970745
2.725938	0.009672278
2.729271	0.009601934
2.732604	0.00953159
2.735938	0.009496418
2.739271	0.009496418
2.742604	0.009566762
2.745938	0.009637106
2.749271	0.009777793
2.752604	0.009918481
2.755938	0.01009434
2.759271	0.01023503
2.762604	0.01034054
2.765938	0.01044606
2.769271	0.01044606
2.772604	0.01041089
2.775938	0.01030537
2.779271	0.01016468
2.782604	0.009988825
2.785938	0.009848137
2.789271	0.00970745
2.792604	0.009566762
2.795938	0.009496418
2.799271	0.009461246
2.802604	0.009461246
2.805938	0.009461246
2.809271	0.00953159
2.812604	0.009601934
2.815938	0.00970745
2.819271	0.009812965
2.822604	0.009953653
2.825938	0.01009434
2.829271	0.0102702
2.832604	0.01044606
2.835938	0.01065709
2.839271	0.01079778
2.842604	0.01090329
2.845937	0.01093847
2.849271	0.01093847
2.852604	0.01086812
2.855937	0.01072744
2.859271	0.0105164
2.862604	0.0102702
2.865937	0.009953653
2.869271	0.009637106
2.872604	0.009320559
2.875937	0.009039183
2.879271	0.008828152
2.882604	0.008687465
2.885937	0.008617121
2.889271	0.008652293
2.892604	0.008757808
2.895937	0.008933668
2.899271	0.009144699
2.902604	0.00935573
2.905937	0.00953159
2.909271	0.009672278
2.912604	0.009742622
2.915937	0.009777793
2.919271	0.009742622
2.922604	0.00970745
2.925937	0.009672278
2.929271	0.009637106
2.932604	0.009672278
2.935937	0.009742622
2.939271	0.009848137
2.942604	0.009988825
2.945937	0.01019986
2.949271	0.01037572
2.952604	0.01058675
2.955937	0.01076261
2.959271	0.01090329
2.962604	0.01100881
2.965938	0.01104398
2.969271	0.01104398
2.972604	0.01097364
2.975938	0.01086812
2.979271	0.01069226
2.982604	0.01048123
2.985938	0.0102702
2.989271	0.01009434
2.992604	0.009918481
2.995938	0.009812965
2.999271	0.009812965
3.002604	0.009918481
3.005938	0.01012951
3.009271	0.01041089
3.012604	0.01076261
3.015938	0.0111495
3.019271	0.01150122
3.022604	0.01178259
3.025938	0.01199363
3.029271	0.01206397
3.032604	0.0120288
3.035938	0.01185294
3.039271	0.01157156
3.042604	0.01121984
3.045938	0.01079778
3.049271	0.01034054
3.052604	0.009883309
3.055938	0.009461246
3.059271	0.009074355
3.062604	0.00879298
3.065938	0.008581949
3.069271	0.008476433
3.072604	0.008476433
3.075938	0.008581949
3.079271	0.00879298
3.082604	0.009074355
3.085938	0.009426074
3.089271	0.009812965
3.092604	0.01016468
3.095937	0.01044606
3.099271	0.01065709
3.102604	0.01076261
3.105937	0.01079778
3.109271	0.01072744
3.112604	0.01058675
3.115937	0.01037572
3.119271	0.01012951
3.122604	0.009918481
3.125937	0.009777793
3.129271	0.009637106
3.132604	0.009601934
3.135937	0.009637106
3.139271	0.00970745
3.142604	0.009812965
3.145937	0.009953653
3.149271	0.01005917
3.152604	0.01012951
3.155937	0.01016468
3.159271	0.01016468
3.162604	0.01009434
3.165937	0.009988825
3.169271	0.009848137
3.172604	0.009672278
3.175937	0.00953159
3.179271	0.009461246
3.182604	0.009426074
3.185937	0.009426074
3.189271	0.00953159
3.192604	0.009637106
3.195937	0.009777793
3.199271	0.009918481
3.202604	0.01005917
3.205937	0.01012951
3.209271	0.01019986
3.212604	0.01016468
3.215938	0.01009434
3.219271	0.009988825
3.222604	0.009848137
3.225938	0.00970745
3.229271	0.009566762
3.232604	0.009426074
3.235938	0.009320559
3.239271	0.009250215
3.242604	0.009179871
3.245938	0.009144699
3.249271	0.009144699
3.252604	0.009144699
3.255938	0.009179871
3.259271	0.009250215
3.262604	0.00935573
3.265938	0.00953159
3.269271	0.00970745
3.272604	0.009883309
3.275938	0.01005917
3.279271	0.01023503
3.282604	0.01037572
3.285938	0.01044606
3.289271	0.0105164
3.292604	0.0105164
3.295938	0.01048123
3.299271	0.01041089
3.302604	0.01034054
3.305938	0.01023503
3.309271	0.01016468
3.312604	0.01005917
3.315938	0.009988825
3.319271	0.009953653
3.322604	0.009953653
3.325938	0.010024
3.329271	0.01012951
3.332604	0.01034054
3.335938	0.01055158
3.339271	0.01083295
3.342604	0.01111433
3.345937	0.0113957
3.349271	0.01164191
3.352604	0.01185294
3.355937	0.01199363
3.359271	0.01206397
3.362604	0.01209914
3.365937	0.01213431
3.369271	0.01209914
3.372604	0.01206397
3.375937	0.0120288
3.379271	0.0120288
3.382604	0.0120288
3.385937	0.01206397
3.389271	0.01209914
3.392604	0.01220466
3.395937	0.01231017
3.399271	0.01248603
3.402604	0.01266189
3.405937	0.0129081
3.409271	0.01318947
3.412604	0.01350602
3.415937	0.01382257
3.419271	0.01413911
3.422604	0.01449083
3.425937	0.01484255
3.429271	0.01519427
3.432604	0.01558116
3.435937	0.01596805
3.439271	0.01639012
3.442604	0.01684735
3.445937	0.01737493
3.449271	0.01797285
3.452604	0.01871146
3.455937	0.01955559
3.459271	0.0205404
3.462604	0.02163073
3.465938	0.02289692
3.469271	0.02423345
3.472604	0.02564033
3.475938	0.02711755
3.479271	0.02866512
3.482604	0.03024785
3.485938	0.03190093
3.489271	0.03362436
3.492604	0.03538295
3.495938	0.03728223
3.499271	0.03925186
3.502604	0.04139735
3.505938	0.0437187
3.509271	0.04618073
3.512604	0.04881863
3.515938	0.05166755
3.519271	0.05472751
3.522604	0.0579985
3.525938	0.06148052
3.529271	0.06520874
3.532604	0.06911283
3.535938	0.07326311
3.539271	0.07762443
3.542604	0.08223195
3.545938	0.0870505
3.549271	0.09211526
3.552604	0.09742622
3.555938	0.1029482
3.559271	0.1087516
3.562604	0.1148363
3.565938	0.1211321
3.569271	0.1277092
3.572604	0.1345326
3.575938	0.1416022
3.579271	0.1489531
3.582604	0.1565854
3.585938	0.1646046
3.589271	0.1729403
3.592604	0.1817333
3.595937	0.1909132
3.599271	0.2005503
3.602604	0.2106798
3.605937	0.2212314
3.609271	0.232205
3.612604	0.2435656
3.615937	0.255313
3.619271	0.2673769
3.622604	0.2796871
3.625937	0.2922786
3.629271	0.3051164
3.632604	0.31813
3.635937	0.331425
3.639271	0.344931
3.642604	0.3586832
3.645937	0.3726817
3.649271	0.3869967
3.652604	0.401593
3.655937	0.4164356
3.659271	0.4315243
3.662604	0.4468241
3.665937	0.4622294
3.669271	0.4777402
3.672604	0.4932862
3.675937	0.508797
3.679271	0.5242727
3.682604	0.5395724
3.685937	0.5547315
3.689271	0.5696444
3.692604	0.5843111
3.695937	0.5987316
3.699271	0.6127652
3.702604	0.626447
3.705937	0.6397069
3.709271	0.6524743
3.712604	0.6647141
3.715938	0.676356
3.719271	0.6873648
3.722604	0.6976702
3.725938	0.7072369
3.729271	0.7160299
3.732604	0.724014
3.735938	0.7311187
3.739271	0.7373794
3.742604	0.7427958
3.745938	0.7472978
3.749271	0.7509909
3.752604	0.7538398
3.755938	0.7558446
3.759271	0.7570756
3.762604	0.7574977
3.765938	0.7572163
3.769271	0.7561963
3.772604	0.7545081
3.775938	0.7521516
3.779271	0.7491971
3.782604	0.7457151
3.785938	0.7417055
3.789271	0.7372738
3.792604	0.7325256
3.795938	0.727496
3.799271	0.722396
3.802604	0.7172609
3.805938	0.7123017
3.809271	0.7075887
3.812604	0.7033329
3.815938	0.6996398
3.819271	0.6966502
3.822604	0.6945047
3.825938	0.6933792
3.829271	0.6934496
3.832604	0.6948564
3.835938	0.6978109
3.839271	0.7025239
3.842604	0.7092066
3.845937	0.7181051
3.849271	0.7294305
3.852604	0.7433937
3.855937	0.7602411
3.859271	0.7802187
3.862604	0.8034674
3.865937	0.830198
3.869271	0.8606569
3.872604	0.8949144
3.875937	0.9331463
3.879271	0.9754932
3.882604	1.022061
3.885937	1.072955
3.889271	1.128139
3.892604	1.187721
3.895937	1.251593
3.899271	1.319791
3.902604	1.39214
3.905937	1.468533
3.909271	1.548796
3.912604	1.632681
3.915937	1.719942
3.919271	1.810193
3.922604	1.903082
3.925937	1.998187
3.929271	2.094945
3.932604	2.192899
3.935937	2.291451
3.939271	2.390037
3.942604	2.487991
3.945937	2.584749
3.949271	2.679678
3.952604	2.77218
3.955937	2.861623
3.959271	2.947477
3.962604	3.029182
3.965938	3.106173
3.969271	3.178029
3.972604	3.244223
3.975938	3.304472
3.979271	3.358391
3.982604	3.405768
3.985938	3.446426
3.989271	3.480226
3.992604	3.507168
3.995938	3.527287
3.999271	3.540757
4.002604	3.547721
4.005938	3.54846
4.009271	3.54336
4.012604	3.532738
4.015937	3.517087
4.019271	3.496863
4.022604	3.4727
4.025938	3.445125
4.029271	3.414772
4.032604	3.382343
4.035937	3.348437
4.039271	3.313828
4.042604	3.279184
4.045938	3.245243
4.049271	3.212709
4.052604	3.18232
4.055937	3.154746
4.059271	3.130653
4.062604	3.110745
4.065938	3.095586
4.069271	3.085738
4.072604	3.081764
4.075937	3.08405
4.079271	3.093089
4.082604	3.109198
4.085938	3.132622
4.089271	3.163644
4.092604	3.202404
4.095938	3.249077
4.099271	3.303628
4.102604	3.366129
4.105937	3.436508
4.109271	3.514589
4.112604	3.600198
4.115938	3.693052
4.119271	3.792835
4.122604	3.899054
4.125937	4.011287
4.129271	4.128973
4.132604	4.251441
4.135938	4.378025
4.139271	4.508055
4.142604	4.640724
4.145937	4.775291
4.149271	4.910985
4.152604	5.046995
4.155938	5.182477
4.159271	5.316658
4.162604	5.448693
4.165937	5.577739
4.169271	5.703056
4.172604	5.823802
4.175938	5.939166
4.179271	6.048445
4.182604	6.150901
4.185937	6.245865
4.189271	6.33274
4.192604	6.410997
4.195938	6.480145
4.199271	6.539797
4.202604	6.5896
4.205937	6.629274
4.209271	6.658643
4.212604	6.677565
4.215938	6.685971
4.219271	6.683896
4.222604	6.67134
4.225937	6.648478
4.229271	6.615416
4.232604	6.572472
4.235938	6.519854
4.239271	6.457917
4.242604	6.38708
4.245937	6.307768
4.249271	6.220436
4.252604	6.125647
4.255938	6.023895
4.259271	5.915706
4.262604	5.801679
4.265937	5.68241
4.269271	5.558429
4.272604	5.430333
4.275938	5.298755
4.279271	5.164223
4.282604	5.027404
4.285937	4.888826
4.289271	4.749053
4.292604	4.608647
4.295938	4.468065
4.299271	4.327799
4.302604	4.188308
4.305937	4.049941
4.309271	3.913017
4.312604	3.777957
4.315938	3.645007
4.319271	3.514414
4.322604	3.386493
4.325937	3.261422
4.329271	3.139411
4.332604	3.020635
4.335938	2.905201
4.339271	2.793213
4.342604	2.684743
4.345938	2.579895
4.349271	2.4786
4.352604	2.380963
4.355937	2.286949
4.359271	2.196557
4.362604	2.109788
4.365938	2.026606
4.369271	1.947012
4.372604	1.87097
4.375937	1.798376
4.379271	1.729228
4.382604	1.663386
4.385938	1.60078
4.389271	1.541304
4.392604	1.484853
4.395937	1.431286
4.399271	1.380533
4.402604	1.332453
4.405938	1.286976
4.409271	1.244031
4.412604	1.203513
4.415937	1.165316
4.419271	1.12937
4.422604	1.095535
4.425938	1.063775
4.429271	1.033949
4.432604	1.005952
4.435937	0.979749
4.439271	0.9552694
4.442604	0.9323725
4.445938	0.9110583
4.449271	0.8912917
4.452604	0.8729671
4.455937	0.8560846
4.459271	0.8405738
4.462604	0.8264346
4.465938	0.8135617
4.469271	0.8019198
4.472604	0.7915441
4.475937	0.7823291
4.479271	0.7742747
4.482604	0.767381
4.485938	0.761648
4.489271	0.7570405
4.492604	0.7536288
4.495937	0.7513426
4.499271	0.7502171
4.502604	0.7502874
4.505938	0.7515185
4.509271	0.7539805
4.512604	0.7576735
4.515937	0.7626328
4.519271	0.7689637
4.522604	0.7767016
4.525938	0.7859166
4.529271	0.7967144
4.532604	0.8092004
4.535937	0.8234099
4.539271	0.8394834
4.542604	0.8574563
4.545938	0.8775043
4.549271	0.8996978
4.552604	0.9242126
4.555937	0.9511894
4.559271	0.9808042
4.562604	1.013268
4.565938	1.048827
4.569271	1.087832
4.572604	1.130566
4.575937	1.177415
4.579271	1.228801
4.582604	1.285217
4.585938	1.34712
4.589271	1.415177
4.592604	1.489988
4.595938	1.572326
4.599271	1.663034
4.602604	1.763098
4.605937	1.873643
4.609271	1.995831
4.612604	2.131172
4.615938	2.28111
4.619271	2.447438
4.622604	2.631985
4.625937	2.836826
4.629271	3.064072
4.632604	3.316114
4.635938	3.595485
4.639271	3.904963
4.642604	4.247396
4.645937	4.626057
4.649271	5.044321
4.652604	5.505812
4.655938	6.014434
4.659271	6.574089
4.662604	7.189
4.665937	7.863386
4.669271	8.60154
4.672604	9.407855
4.675938	10.28659
4.679271	11.24211
4.682604	12.27869
4.685937	13.4005
4.689271	14.61179
4.692604	15.91653
4.695938	17.31848
4.699271	18.82102
4.702604	20.42704
4.705937	22.13882
4.709271	23.95792
4.712604	25.88513
4.715938	27.92032
4.719271	30.06243
4.722604	32.30942
4.725937	34.65834
4.729271	37.10532
4.732604	39.64554
4.735938	42.27302
4.739271	44.98077
4.742604	47.76038
4.745937	50.60234
4.749271	53.49579
4.752604	56.42853
4.755938	59.3873
4.759271	62.3575
4.762604	65.32372
4.765937	68.26982
4.769271	71.17928
4.772604	74.0352
4.775938	76.82064
4.779271	79.51864
4.782604	82.1124
4.785937	84.58551
4.789271	86.92202
4.792604	89.10651
4.795938	91.12446
4.799271	92.96213
4.802604	94.60702
4.805937	96.04798
4.809271	97.27537
4.812604	98.28132
4.815938	99.05989
4.819271	99.60692
4.822604	99.92034
4.825937	100
4.829271	99.84778
4.832604	99.46732
4.835938	98.86409
4.839271	98.04507
4.842604	97.01872
4.845938	95.79467
4.849271	94.38371
4.852604	92.79753
4.855937	91.04884
4.859271	89.15111
4.862604	87.11835
4.865938	84.96523
4.869271	82.70663
4.872604	80.35778
4.875937	77.93383
4.879271	75.44985
4.882604	72.92043
4.885938	70.35953
4.889271	67.78034
4.892604	65.19513
4.895937	62.61552
4.899271	60.05212
4.902604	57.51478
4.905938	55.01251
4.909271	52.5535
4.912604	50.14521
4.915937	47.79439
4.919271	45.50687
4.922604	43.28777
4.925938	41.14112
4.929271	39.0702
4.932604	37.07732
4.935937	35.16408
4.939271	33.33137
4.942604	31.57943
4.945938	29.90795
4.949271	28.31625
4.952604	26.80319
4.955937	25.3675
4.959271	24.00747
4.962604	22.7212
4.965938	21.5065
4.969271	20.36092
4.972604	19.28188
4.975937	18.26654
4.979271	17.31215
4.982604	16.41572
4.985938	15.57441
4.989271	14.78529
4.992604	14.04559
4.995937	13.35267
4.999271	12.70385
5.002604	12.09668
5.005938	11.52872
5.009271	10.99759
5.012604	10.501
5.015937	10.03676
5.019271	9.602743
5.022604	9.19693
5.025938	8.81746
5.029271	8.46254
5.032604	8.130447
5.035937	7.819668
5.039271	7.528761
5.042604	7.25639
5.045938	7.001288
5.049271	6.76233
5.052604	6.53839
5.055937	6.328449
5.059271	6.131556
5.062604	5.946763
5.065938	5.773189
5.069271	5.610062
5.072604	5.456642
5.075937	5.312226
5.079271	5.176181
5.082604	5.047874
5.085938	4.926777
5.089271	4.812363
5.092604	4.704174
5.095938	4.601789
5.099271	4.504714
5.102604	4.412634
5.105937	4.325126
5.109271	4.24191
5.112604	4.162632
5.115938	4.086977
5.119271	4.014769
5.122604	3.945692
5.125937	3.879533
5.129271	3.816118
5.132604	3.755236
5.135938	3.696674
5.139271	3.640329
5.142604	3.586024
5.145937	3.533653
5.149271	3.483075
5.152604	3.434151
5.155938	3.38681
5.159271	3.340946
5.162604	3.296488
5.165937	3.253368
5.169271	3.211548
5.172604	3.170925
5.175938	3.131497
5.179271	3.093195
5.182604	3.056018
5.185937	3.019896
5.189271	2.984865
5.192604	2.950854
5.195938	2.917828
5.199271	2.885821
5.202604	2.854729
5.205937	2.824516
5.209271	2.795183
5.212604	2.766623
5.215938	2.738873
5.219271	2.71179
5.222604	2.685341
5.225937	2.659454
5.229271	2.634131
5.232604	2.609264
5.235938	2.584784
5.239271	2.560692
5.242604	2.536845
5.245937	2.513245
5.249271	2.48975
5.252604	2.466325
5.255938	2.442901
5.259271	2.419371
5.262604	2.395735
5.265937	2.371924
5.269271	2.347901
5.272604	2.323633
5.275938	2.299153
5.279271	2.274427
5.282604	2.249455
5.285937	2.224237
5.289271	2.198702
5.292604	2.172886
5.295938	2.146753
5.299271	2.120234
5.302604	2.093362
5.305937	2.066034
5.309271	2.038318
5.312604	2.010181
5.315938	1.981656
5.319271	1.95278
5.322604	1.923658
5.325937	1.894289
5.329271	1.86478
5.332604	1.835165
5.335938	1.805551
5.339271	1.775936
5.342604	1.746391
5.345938	1.716953
5.349271	1.687654
5.352604	1.658532
5.355937	1.629585
5.359271	1.60085
5.362604	1.572361
5.365938	1.544153
5.369271	1.516191
5.372604	1.488581
5.375937	1.461253
5.379271	1.434276
5.382604	1.407651
5.385938	1.381377
5.389271	1.355491
5.392604	1.330061
5.395937	1.305089
5.399271	1.280539
5.402604	1.256517
5.405938	1.232916
5.409271	1.209808
5.412604	1.187158
5.415937	1.164929
5.419271	1.143087
5.422604	1.121668
5.425938	1.100635
5.429271	1.080024
5.432604	1.059836
5.435937	1.040104
5.439271	1.020865
5.442604	1.002118
5.445938	0.9838642
5.449271	0.9660672
5.452604	0.9487626
5.455937	0.9318097
5.459271	0.9152789
5.462604	0.8990295
5.465938	0.8830263
5.469271	0.8672692
5.472604	0.8516881
5.475937	0.8362828
5.479271	0.8210533
5.482604	0.8059294
5.485938	0.7910165
5.489271	0.7762795
5.492604	0.7617183
5.495937	0.7473682
5.499271	0.7332994
5.502604	0.7195119
5.505938	0.7059708
5.509271	0.6927461
5.512604	0.679838
5.515937	0.6672113
5.519271	0.654866
5.522604	0.642802
5.525938	0.6310194
5.529271	0.619483
5.532604	0.6081928
5.535937	0.5970785
5.539271	0.5861752
5.542604	0.575483
5.545938	0.5649314
5.549271	0.5545205
5.552604	0.5442855
5.555937	0.534156
5.559271	0.5241671
5.562604	0.5142838
5.565938	0.5045412
5.569271	0.4949393
5.572604	0.485478
5.575937	0.4761926
5.579271	0.4670479
5.582604	0.4581143
5.585938	0.4493213
5.589271	0.4407745
5.592604	0.4324036
5.595938	0.4242437
5.599271	0.4162597
5.602604	0.4084867
5.605937	0.4008896
5.609271	0.3934331
5.612604	0.3861525
5.615938	0.3790126
5.619271	0.3720486
5.622604	0.3651901
5.625937	0.3584722
5.629271	0.351895
5.632604	0.3454234
5.635938	0.3390925
5.639271	0.3329022
5.642604	0.3267823
5.645937	0.3208031
5.649271	0.3149294
5.652604	0.309126
5.655938	0.3034281
5.659271	0.2978006
5.662604	0.2922786
5.665937	0.2868622
5.669271	0.2815512
5.672604	0.2763458
5.675938	0.271281
5.679271	0.2663921
5.682604	0.2616439
5.685937	0.2570716
5.689271	0.2526399
5.692604	0.2483489
5.695938	0.2441987
5.699271	0.2401539
5.702604	0.2361795
5.705937	0.2323105
5.709271	0.2284768
5.712604	0.2247134
5.715938	0.2209852
5.719271	0.2173273
5.722604	0.2137046
5.725937	0.2101874
5.729271	0.2067406
5.732604	0.2033992
5.735938	0.2001282
5.739271	0.1969628
5.742604	0.193938
5.745937	0.1909835
5.749271	0.1881346
5.752604	0.1853209
5.755938	0.1826126
5.759271	0.1798692
5.762604	0.1771961
5.765937	0.1744879
5.769271	0.17185
5.772604	0.1692121
5.775938	0.1666094
5.779271	0.1640418
5.782604	0.1615446
5.785937	0.1591529
5.789271	0.1568668
5.792604	0.1546509
5.795938	0.1525054
5.799271	0.1504655
5.802604	0.1484255
5.805937	0.1464559
5.809271	0.1444862
5.812604	0.1425518
5.815938	0.1405822
5.819271	0.1386477
5.822604	0.1367484
5.825937	0.1348491
5.829271	0.1329499
5.832604	0.1310858
5.835938	0.1292216
5.839271	0.1273927
5.842604	0.1255638
5.845938	0.12377
5.849271	0.1219762
5.852604	0.1202176
5.855937	0.1184942
5.859271	0.1168411
5.862604	0.115188
5.865938	0.1136053
5.869271	0.1120226
5.872604	0.1104398
5.875937	0.1088923
5.879271	0.1073095
5.882604	0.1056916
5.885938	0.1041089
5.889271	0.102491
5.892604	0.1008731
5.895937	0.09929034
5.899271	0.09777794
5.902604	0.09633589
5.905938	0.09496419
5.909271	0.093698
5.912604	0.09250216
5.915937	0.09137665
5.919271	0.09028632
5.922604	0.08926633
5.925938	0.08821117
5.929271	0.08719119
5.932604	0.0861712
5.935937	0.08511604
5.939271	0.08399054
5.942604	0.08286504
5.945938	0.08170437
5.949271	0.08054369
5.952604	0.07941819
5.955937	0.07829269
5.959271	0.07727271
5.962604	0.07628789
5.965938	0.07537342
5.969271	0.07456447
5.972604	0.07379069
5.975937	0.07312242
5.979271	0.07245415
5.982604	0.07182106
5.985938	0.07118797
5.989271	0.0705197
5.992604	0.06985144
5.995937	0.069148
5.999271	0.06844456
6.002604	0.06770595
6.005938	0.06696734
6.009271	0.06622873
6.012604	0.06549012
6.015937	0.06478668
6.019271	0.06408324
6.022604	0.0633798
6.025938	0.06271154
6.029271	0.06204327
6.032604	0.06144535
6.035937	0.0608826
6.039271	0.06035502
6.042604	0.05993295
6.045938	0.05951089
6.049271	0.05915917
6.052604	0.05884262
6.055937	0.05852608
6.059271	0.05817436
6.062604	0.05785781
6.065938	0.05747092
6.069271	0.05704886
6.072604	0.05659162
6.075937	0.05606404
6.079271	0.05553646
6.082604	0.05500889
6.085938	0.05448131
6.089271	0.0539889
6.092604	0.05353167
6.095938	0.05314477
6.099271	0.05275788
6.102604	0.05240616
6.105937	0.05208962
6.109271	0.05180824
6.112604	0.05149169
6.115938	0.05113997
6.119271	0.05075308
6.122604	0.05036619
6.125937	0.04990896
6.129271	0.04941655
6.132604	0.04888897
6.135938	0.04836139
6.139271	0.04779864
6.142604	0.04730624
6.145937	0.046849
6.149271	0.04642694
6.152604	0.04607522
6.155938	0.04575867
6.159271	0.04551247
6.162604	0.04530144
6.165937	0.04512557
6.169271	0.04498488
6.172604	0.04487937
6.175938	0.04477385
6.179271	0.04470351
6.182604	0.04459799
6.185937	0.04449248
6.189271	0.04435179
6.192604	0.0442111
6.195938	0.04407041
6.199271	0.04392973
6.202604	0.04378904
6.205937	0.04368352
6.209271	0.04361318
6.212604	0.04357801
6.215938	0.04357801
6.219271	0.04364835
6.222604	0.0437187
6.225937	0.04382421
6.229271	0.04385938
6.232604	0.04382421
6.235938	0.04368352
6.239271	0.04347249
6.242604	0.04315594
6.245937	0.04280423
6.249271	0.04234699
6.252604	0.04192493
6.255938	0.04146769
6.259271	0.0410808
6.262604	0.04076425
6.265937	0.04051805
6.269271	0.04034219
6.272604	0.0402015
6.275938	0.04013116
6.279271	0.04002564
6.282604	0.03992013
6.285937	0.03977944
6.289271	0.03963875
6.292604	0.03946289
6.295938	0.03925186
6.299271	0.03904083
6.302604	0.0388298
6.305937	0.03868911
6.309271	0.03854842
6.312604	0.03847808
6.315938	0.03844291
6.319271	0.03844291
6.322604	0.03847808
6.325937	0.03854842
6.329271	0.03861877
6.332604	0.03868911
6.335938	0.03875945
6.339271	0.03879463
6.342604	0.03879463
6.345938	0.03875945
6.349271	0.03868911
6.352604	0.03861877
6.355937	0.03851325
6.359271	0.03840774
6.362604	0.03833739
6.365938	0.03826705
6.369271	0.03823188
6.372604	0.03823188
6.375937	0.03826705
6.379271	0.03833739
6.382604	0.03847808
6.385938	0.03861877
6.389271	0.03875945
6.392604	0.03890014
6.395937	0.03900566
6.399271	0.039076
6.402604	0.039076
6.405938	0.03904083
6.409271	0.03897049
6.412604	0.03886497
6.415937	0.03872428
6.419271	0.0385836
6.422604	0.03847808
6.425938	0.03833739
6.429271	0.03823188
6.432604	0.03809119
6.435937	0.03802084
6.439271	0.0379505
6.442604	0.03788016
6.445938	0.03788016
6.449271	0.03784498
6.452604	0.03788016
6.455937	0.0379505
6.459271	0.03805602
6.462604	0.0381967
6.465938	0.03833739
6.469271	0.03851325
6.472604	0.03868911
6.475937	0.0388298
6.479271	0.03897049
6.482604	0.039076
6.485938	0.03918152
6.489271	0.03921669
6.492604	0.03928703
6.495937	0.03932221
6.499271	0.03935738
6.502604	0.03939255
6.505938	0.03946289
6.509271	0.03953324
6.512604	0.03963875
6.515937	0.0397091
6.519271	0.03981461
6.522604	0.03988496
6.525938	0.0399553
6.529271	0.04002564
6.532604	0.04006082
6.535937	0.04013116
6.539271	0.04016633
6.542604	0.0402015
6.545938	0.04023668
6.549271	0.04027185
6.552604	0.04034219
6.555937	0.04037736
6.559271	0.04044771
6.562604	0.04048288
6.565938	0.04051805
6.569271	0.04058839
6.572604	0.04062357
6.575937	0.04069391
6.579271	0.04072908
6.582604	0.04072908
6.585938	0.04069391
6.589271	0.04062357
6.592604	0.04048288
6.595938	0.04027185
6.599271	0.03999047
6.602604	0.03960358
6.605937	0.03921669
6.609271	0.03875945
6.612604	0.03833739
6.615938	0.0379505
6.619271	0.03763395
6.622604	0.03738775
6.625937	0.03721189
6.629271	0.0370712
6.632604	0.03700086
6.635938	0.03693051
6.639271	0.036825
6.642604	0.03664914
6.645937	0.03640294
6.649271	0.03608639
6.652604	0.03566433
6.655938	0.03524227
6.659271	0.03478503
6.662604	0.0343278
6.665937	0.0339409
6.669271	0.03358918
6.672604	0.03323747
6.675938	0.03292092
6.679271	0.0325692
6.682604	0.03221748
6.685937	0.03183059
6.689271	0.03137335
6.692604	0.03088095
6.695938	0.0303182
6.699271	0.02972027
6.702604	0.02912235
6.705937	0.02852443
6.709271	0.02792651
6.712604	0.02739893
6.715938	0.02694169
6.719271	0.02651963
6.722604	0.02616791
6.725937	0.02588653
6.729271	0.0256755
6.732604	0.02549964
6.735938	0.02535896
6.739271	0.02525344
6.742604	0.0251831
6.745937	0.02514792
6.749271	0.02511275
6.752604	0.02507758
6.755938	0.02504241
6.759271	0.02500724
6.762604	0.02500724
6.765937	0.02497206
6.769271	0.02493689
6.772604	0.02490172
6.775938	0.02486655
6.779271	0.02483138
6.782604	0.02483138
6.785937	0.02483138
6.789271	0.02483138
6.792604	0.02483138
6.795938	0.02483138
6.799271	0.02479621
6.802604	0.02479621
6.805937	0.02476103
6.809271	0.02472586
6.812604	0.02469069
6.815938	0.02469069
6.819271	0.02472586
6.822604	0.02476103
6.825937	0.02483138
6.829271	0.02493689
6.832604	0.02497206
6.835938	0.02497206
6.839271	0.02490172
6.842604	0.02469069
6.845938	0.02433897
6.849271	0.02388174
6.852604	0.02331898
6.855937	0.02261555
6.859271	0.02184176
6.862604	0.02099764
6.865938	0.02011834
6.869271	0.01923904
6.872604	0.01832457
6.875937	0.01744527
6.879271	0.0165308
6.882604	0.01561633
6.885938	0.01470186
6.889271	0.01382257
6.892604	0.01294327
6.895937	0.01213431
6.899271	0.01136053
6.902604	0.01065709
6.905938	0.01005917
6.909271	0.009566762
6.912604	0.009144699
6.915937	0.008863324
6.919271	0.008687465
6.922604	0.008617121
6.925938	0.008617121
6.929271	0.008687465
6.932604	0.008828152
6.935937	0.009004011
6.939271	0.009215043
6.942604	0.009426074
6.945938	0.009637106
6.949271	0.009883309
6.952604	0.01016468
6.955937	0.0105164
6.959271	0.01093847
6.962604	0.01146605
6.965938	0.01209914
6.969271	0.01287292
6.972604	0.01382257
6.975937	0.01487772
6.979271	0.01600322
6.982604	0.01723424
6.985938	0.0185356
6.989271	0.01983696
6.992604	0.02110315
6.995937	0.02236934
6.999271	0.02360036
7.002604	0.02476103
7.005938	0.02588653
7.009271	0.02697686
7.012604	0.02806719
7.015937	0.02908718
7.019271	0.03014234
7.022604	0.03112715
7.025938	0.03211196
7.029271	0.03302643
7.032604	0.0339409
7.035937	0.03478503
7.039271	0.03555881
7.042604	0.03629742
7.045938	0.03700086
7.049271	0.03763395
7.052604	0.03826705
7.055937	0.03886497
7.059271	0.03946289
7.062604	0.03999047
7.065938	0.04048288
7.069271	0.04094011
7.072604	0.04125666
7.075937	0.04153804
7.079271	0.04167872
7.082604	0.0417139
7.085938	0.04164355
7.089271	0.04150286
7.092604	0.04122149
7.095938	0.04090494
7.099271	0.04048288
7.102604	0.04002564
7.105937	0.03949807
7.109271	0.03890014
7.112604	0.03826705
7.115938	0.03756361
7.119271	0.03678983
7.122604	0.03598088
7.125937	0.03517192
7.129271	0.0343278
7.132604	0.0334485
7.135938	0.0325692
7.139271	0.03172507
7.142604	0.03091612
7.145937	0.03017751
7.149271	0.02947407
7.152604	0.02887615
7.155938	0.02834857
7.159271	0.02789133
7.162604	0.02757479
7.165937	0.02736376
7.169271	0.02725824
7.172604	0.02722307
7.175938	0.02725824
7.179271	0.02732858
7.182604	0.02746927
7.185937	0.02760996
7.189271	0.02775065
7.192604	0.02785616
7.195938	0.02792651
7.199271	0.02799685
7.202604	0.02803202
7.205937	0.02803202
7.209271	0.02803202
7.212604	0.02803202
7.215938	0.02806719
7.219271	0.02813754
7.222604	0.02824305
7.225937	0.02838374
7.229271	0.0285596
7.232604	0.0288058
7.235938	0.02901684
7.239271	0.02926304
7.242604	0.02947407
7.245937	0.02964993
7.249271	0.02979062
7.252604	0.02986096
7.255938	0.02986096
7.259271	0.02986096
7.262604	0.02982579
7.265937	0.02975545
7.269271	0.02972027
7.272604	0.0296851
7.275938	0.02972027
7.279271	0.02975545
7.282604	0.02982579
7.285937	0.02996648
7.289271	0.03007199
7.292604	0.03021268
7.295938	0.0303182
7.299271	0.03042371
7.302604	0.03049406
7.305937	0.03052923
7.309271	0.03052923
7.312604	0.03052923
7.315938	0.03049406
7.319271	0.03042371
7.322604	0.03038854
7.325937	0.03038854
7.329271	0.03035337
7.332604	0.03038854
7.335938	0.03042371
7.339271	0.03045888
7.342604	0.0305644
7.345938	0.03066992
7.349271	0.03084578
7.352604	0.03098646
7.355937	0.03116232
7.359271	0.03133818
7.362604	0.03151404
7.365938	0.03165473
7.369271	0.03176025
7.372604	0.03186576
7.375937	0.03190093
7.379271	0.03190093
7.382604	0.03186576
7.385938	0.03179542
7.389271	0.03172507
7.392604	0.03161956
7.395937	0.03151404
7.399271	0.03140853
7.402604	0.03130301
7.405938	0.03126784
7.409271	0.03126784
7.412604	0.03130301
7.415937	0.03137335
7.419271	0.03147887
7.422604	0.03158439
7.425938	0.03172507
7.429271	0.03186576
7.432604	0.03200645
7.435937	0.03211196
7.439271	0.03221748
7.442604	0.03228782
7.445938	0.03235817
7.449271	0.03242851
7.452604	0.03246368
7.455937	0.03253403
7.459271	0.0325692
7.462604	0.03260437
7.465938	0.03267471
7.469271	0.03267471
7.472604	0.03270989
7.475937	0.03267471
7.479271	0.03260437
7.482604	0.03253403
7.485938	0.03239334
7.489271	0.03221748
7.492604	0.03197128
7.495937	0.03165473
7.499271	0.03126784
7.502604	0.0308106
7.505938	0.03035337
7.509271	0.02989613
7.512604	0.02947407
7.515937	0.02905201
7.519271	0.02873546
7.522604	0.02845408
7.525938	0.02827823
7.529271	0.02817271
7.532604	0.02810237
7.535937	0.02806719
7.539271	0.02796168
7.542604	0.02785616
7.545938	0.0276803
7.549271	0.02739893
7.552604	0.02711755
7.555937	0.02676583
7.559271	0.02637894
7.562604	0.02602722
7.565938	0.02571067
7.569271	0.02546447
7.572604	0.02525344
7.575937	0.02511275
7.579271	0.02500724
7.582604	0.02490172
7.585938	0.02483138
7.589271	0.02472586
7.592604	0.02458517
7.595938	0.02444449
7.599271	0.02426863
7.602604	0.02409277
7.605937	0.02388174
7.609271	0.02370588
7.612604	0.02356519
7.615938	0.02345967
7.619271	0.02335416
7.622604	0.02328381
7.625937	0.02321347
7.629271	0.02314312
7.632604	0.02314312
7.635938	0.02314312
7.639271	0.0231783
7.642604	0.02324864
7.645937	0.02335416
7.649271	0.02353002
7.652604	0.02370588
7.655938	0.02388174
7.659271	0.02409277
7.662604	0.02426863
7.665937	0.02440931
7.669271	0.02451483
7.672604	0.02458517
7.675938	0.02458517
7.679271	0.02458517
7.682604	0.02458517
7.685937	0.02458517
7.689271	0.02462035
7.692604	0.02472586
7.695938	0.02486655
7.699271	0.02507758
7.702604	0.02535896
7.705937	0.0256755
7.709271	0.02602722
7.712604	0.02637894
7.715938	0.02673066
7.719271	0.02708238
7.722604	0.02736376
7.725937	0.02760996
7.729271	0.02782099
7.732604	0.02803202
7.735938	0.02820788
7.739271	0.02838374
7.742604	0.02859477
7.745937	0.02887615
7.749271	0.02919269
7.752604	0.02954441
7.755938	0.02996648
7.759271	0.03045888
7.762604	0.03095129
7.765937	0.03151404
7.769271	0.03214714
7.772604	0.0328154
7.775938	0.03351884
7.779271	0.03425745
7.782604	0.03503123
7.785937	0.03576984
7.789271	0.03654362
7.792604	0.03728223
7.795938	0.0379505
7.799271	0.03851325
7.802604	0.03904083
7.805937	0.03946289
7.809271	0.03981461
7.812604	0.04013116
7.815938	0.04041253
7.819271	0.04069391
7.822604	0.04097529
7.825937	0.04125666
7.829271	0.04153804
7.832604	0.04178424
7.835938	0.04199527
7.839271	0.04217113
7.842604	0.04224147
7.845938	0.0422063
7.849271	0.04206562
7.852604	0.04185458
7.855937	0.04153804
7.859271	0.04111597
7.862604	0.04065874
7.865938	0.0402015
7.869271	0.0397091
7.872604	0.03925186
7.875937	0.03879463
7.879271	0.03833739
7.882604	0.03788016
7.885938	0.03742292
7.889271	0.03689534
7.892604	0.03633259
7.895937	0.03573467
7.899271	0.03503123
7.902604	0.03425745
7.905938	0.03348367
7.909271	0.03267471
7.912604	0.03186576
7.915937	0.03105681
7.919271	0.0303182
7.922604	0.02957959
7.925938	0.02891132
7.929271	0.02824305
7.932604	0.02757479
7.935937	0.02694169
7.939271	0.0263086
7.942604	0.02571067
7.945938	0.02514792
7.949271	0.02458517
7.952604	0.02409277
7.955937	0.02363553
7.959271	0.02321347
7.962604	0.02286175
7.965938	0.0225452
7.969271	0.02222865
7.972604	0.02194728
7.975937	0.0216659
7.979271	0.02138453
7.982604	0.02106798
7.985938	0.0207866
7.989271	0.02047006
7.992604	0.02015351
7.995937	0.01987213
7.999271	0.01955559
8.002604	0.01923904
8.005938	0.01895766
8.009271	0.01867629
8.012604	0.01839491
8.015938	0.01811354
8.019271	0.01786734
8.022604	0.01762113
8.025937	0.0174101
8.029271	0.01719907
8.032604	0.01705838
8.035937	0.01695287
8.03927	0.01684735
8.042604	0.01677701
8.045938	0.01674183
8.049271	0.01667149
8.052604	0.01660115
8.055938	0.0165308
8.059271	0.01642529
8.062604	0.01635494
8.065937	0.0162846
8.069271	0.01621426
8.072604	0.01614391
8.075937	0.01607357
8.07927	0.01600322
8.082604	0.01593288
8.085938	0.01586254
8.089271	0.01575702
8.092605	0.01561633
8.095938	0.01547565
8.099271	0.01537013
8.102604	0.01522944
8.105938	0.01512393
8.109271	0.01508875
8.112604	0.01512393
8.115937	0.01519427
8.119271	0.01533496
8.122604	0.01554599
8.125937	0.01579219
8.129271	0.01610874
8.132605	0.01639012
8.135938	0.01670666
8.139271	0.01698804
8.142604	0.01719907
8.145938	0.0174101
8.149271	0.01758596
8.152604	0.01772665
8.155937	0.01779699
8.159271	0.01790251
8.162604	0.01793768
8.165937	0.01800802
8.169271	0.01804319
8.172605	0.01807837
8.175938	0.01811354
8.179271	0.01811354
8.182604	0.01814871
8.185938	0.01821905
8.189271	0.01825423
8.192604	0.01832457
8.195937	0.01839491
8.199271	0.01846526
8.202604	0.0185356
8.205937	0.0185356
8.20927	0.0185356
8.212605	0.01850043
8.215938	0.01843009
8.219271	0.01832457
8.222604	0.01821905
8.225938	0.01807837
8.229271	0.01793768
8.232604	0.01783216
8.235937	0.01769148
8.239271	0.01762113
8.242604	0.01755079
8.245937	0.01755079
8.24927	0.01755079
8.252604	0.01758596
8.255938	0.01769148
8.259271	0.01779699
8.262604	0.01797285
8.265938	0.01818388
8.269271	0.01839491
8.272604	0.01860595
8.275937	0.01885215
8.279271	0.01909835
8.282604	0.01934456
8.285937	0.01959076
8.28927	0.01980179
8.292604	0.01997765
8.295938	0.02015351
8.299271	0.02022385
8.302604	0.02025903
8.305938	0.02025903
8.309271	0.02015351
8.312604	0.02001282
8.315937	0.01987213
8.319271	0.01973145
8.322604	0.01962593
8.325937	0.01959076
8.32927	0.01959076
8.332604	0.01969627
8.335938	0.01987213
8.339271	0.02008317
8.342605	0.02036454
8.345938	0.02061074
8.349271	0.02089212
8.352604	0.02110315
8.355938	0.02127901
8.359271	0.02138453
8.362604	0.0214197
8.365937	0.0214197
8.369271	0.02134935
8.372604	0.02127901
8.375937	0.0211735
8.379271	0.02106798
8.382605	0.02096246
8.385938	0.02082178
8.389271	0.02068109
8.392604	0.02050523
8.395938	0.02032937
8.399271	0.02008317
8.402604	0.01987213
8.405937	0.01959076
8.409271	0.01934456
8.412604	0.01906318
8.415937	0.01881698
8.419271	0.01857077
8.422605	0.01832457
8.425938	0.01811354
8.429271	0.01790251
8.432604	0.01769148
8.435938	0.01748044
8.439271	0.01730459
8.442604	0.0171639
8.445937	0.01702321
8.449271	0.01688252
8.452604	0.01681218
8.455937	0.01674183
8.45927	0.01670666
8.462605	0.01667149
8.465938	0.01667149
8.469271	0.01667149
8.472604	0.01667149
8.475938	0.01667149
8.479271	0.01663632
8.482604	0.01660115
8.485937	0.0165308
8.489271	0.01642529
8.492604	0.01631977
8.495937	0.01617908
8.49927	0.0160384
8.502604	0.01589771
8.505938	0.01575702
8.509271	0.01568668
8.512604	0.01561633
8.515938	0.01558116
8.519271	0.01558116
8.522604	0.01561633
8.525937	0.01565151
8.529271	0.01568668
8.532604	0.01572185
8.535937	0.01568668
8.53927	0.01558116
8.542604	0.01547565
8.545938	0.01533496
8.549271	0.0151591
8.552604	0.01501841
8.555938	0.01487772
8.559271	0.01477221
8.562604	0.01473704
8.565937	0.01473704
8.569271	0.01480738
8.572604	0.01491289
8.575937	0.01505358
8.57927	0.0151591
8.582604	0.01529979
8.585938	0.0154053
8.589271	0.01547565
8.592605	0.01551082
8.595938	0.01551082
8.599271	0.01551082
8.602604	0.01547565
8.605938	0.01547565
8.609271	0.01547565
8.612604	0.01547565
8.615937	0.01554599
8.619271	0.01561633
8.622604	0.01568668
8.625937	0.01572185
8.629271	0.01575702
8.632605	0.01579219
8.635938	0.01575702
8.639271	0.01568668
8.642604	0.01558116
8.645938	0.01544047
8.649271	0.01529979
8.652604	0.0151591
8.655937	0.01501841
8.659271	0.01494807
8.662604	0.01487772
8.665937	0.01491289
8.669271	0.01498324
8.672605	0.01512393
8.675938	0.01529979
8.679271	0.01554599
8.682604	0.01582736
8.685938	0.01610874
8.689271	0.01635494
8.692604	0.0165308
8.695937	0.01663632
8.699271	0.01667149
8.702604	0.01663632
8.705937	0.0165308
8.70927	0.01635494
8.712605	0.01621426
8.715938	0.0160384
8.719271	0.01589771
8.722604	0.01579219
8.725938	0.01568668
8.729271	0.01561633
8.732604	0.01551082
8.735937	0.0154053
8.739271	0.01526461
8.742604	0.01508875
8.745937	0.01487772
8.74927	0.01466669
8.752604	0.01449083
8.755938	0.01435014
8.759271	0.01424463
8.762604	0.01417428
8.765938	0.01417428
8.769271	0.01417428
8.772604	0.01424463
8.775937	0.0142798
8.779271	0.0142798
8.782604	0.01424463
8.785937	0.01417428
8.78927	0.01406877
8.792604	0.01389291
8.795938	0.01368188
8.799271	0.01347085
8.802604	0.01325981
8.805938	0.01308395
8.809271	0.01297844
8.812604	0.01294327
8.815937	0.01294327
8.819271	0.01294327
8.822604	0.01297844
8.825937	0.01301361
8.82927	0.01304878
8.832604	0.01304878
8.835938	0.01301361
8.839271	0.01294327
8.842605	0.0129081
8.845938	0.01287292
8.849271	0.0129081
8.852604	0.01297844
8.855938	0.01308395
8.859271	0.01325981
8.862604	0.01343567
8.865937	0.01361153
8.869271	0.01371705
8.872604	0.01382257
8.875937	0.01382257
8.879271	0.01375222
8.882605	0.01364671
8.885938	0.01347085
8.889271	0.01333016
8.892604	0.01318947
8.895938	0.01304878
8.899271	0.01297844
8.902604	0.01297844
8.905937	0.01301361
8.909271	0.01311913
8.912604	0.01322464
8.915937	0.01336533
8.919271	0.01357636
8.922605	0.01378739
8.925938	0.01399842
8.929271	0.01424463
8.932604	0.01449083
8.935938	0.01470186
8.939271	0.01487772
8.942604	0.01501841
8.945937	0.01508875
8.949271	0.01505358
8.952604	0.01498324
8.955937	0.01480738
8.95927	0.01459635
8.962605	0.01435014
8.965938	0.01410394
8.969271	0.01389291
8.972604	0.01371705
8.975938	0.01361153
8.979271	0.01354119
8.982604	0.01350602
8.985937	0.01347085
8.989271	0.01343567
8.992604	0.0134005
8.995937	0.01329499
8.99927	0.01318947
9.002604	0.01308395
9.005938	0.01294327
9.009271	0.01280258
9.012604	0.01266189
9.015938	0.01259155
9.019271	0.01255638
9.022604	0.01255638
9.025937	0.01259155
9.029271	0.01269706
9.032604	0.01276741
9.035937	0.0129081
9.03927	0.01301361
9.042604	0.0131543
9.045938	0.01333016
9.049271	0.01347085
9.052604	0.01364671
9.055938	0.01382257
9.059271	0.01399842
9.062604	0.01417428
9.065937	0.01435014
9.069271	0.01445566
9.072604	0.01456118
9.075937	0.014526
9.07927	0.01445566
9.082604	0.01424463
9.085938	0.01399842
9.089271	0.01364671
9.092605	0.01325981
9.095938	0.01283775
9.099271	0.01245086
9.102604	0.01213431
9.105938	0.01188811
9.109271	0.01174742
9.112604	0.01167708
9.115937	0.01167708
9.119271	0.01178259
9.122604	0.01192328
9.125937	0.01209914
9.129271	0.012275
9.132605	0.01241569
9.135938	0.01259155
9.139271	0.01269706
9.142604	0.01283775
9.145938	0.0129081
9.149271	0.01297844
9.152604	0.01301361
9.155937	0.01297844
9.159271	0.01294327
9.162604	0.01287292
9.165937	0.01280258
9.169271	0.01269706
9.172605	0.01259155
9.175938	0.01248603
9.179271	0.01241569
9.182604	0.01238052
9.185938	0.01234534
9.189271	0.01238052
9.192604	0.01241569
9.195937	0.01245086
9.199271	0.0125212
9.202604	0.01259155
9.205937	0.01266189
9.20927	0.01273224
9.212605	0.01273224
9.215938	0.01276741
9.219271	0.01276741
9.222604	0.01276741
9.225938	0.01276741
9.229271	0.01276741
9.232604	0.01280258
9.235937	0.01283775
9.239271	0.01294327
9.242604	0.01304878
9.245937	0.01322464
9.24927	0.0134005
9.252604	0.01357636
9.255938	0.01371705
9.259271	0.01382257
9.262604	0.01392808
9.265938	0.01396325
9.269271	0.01392808
9.272604	0.01385774
9.275937	0.01368188
9.279271	0.01350602
9.282604	0.01329499
9.285937	0.01308395
9.28927	0.0129081
9.292604	0.01276741
9.295938	0.01266189
9.299271	0.01262672
9.302604	0.01262672
9.305938	0.01273224
9.309271	0.01283775
9.312604	0.01301361
9.315937	0.01318947
9.319271	0.01336533
9.322604	0.01350602
9.325937	0.01361153
9.32927	0.01368188
9.332604	0.01364671
9.335938	0.01361153
9.339271	0.01350602
9.342605	0.01333016
9.345938	0.01318947
9.349271	0.01297844
9.352604	0.01280258
9.355938	0.01266189
9.359271	0.0125212
9.362604	0.01241569
9.365937	0.01231017
9.369271	0.01223983
9.372604	0.01216949
9.375937	0.01209914
9.379271	0.0120288
9.382605	0.01192328
9.385938	0.01178259
9.389271	0.01164191
9.392604	0.01146605
9.395938	0.01125501
9.399271	0.01104398
9.402604	0.01086812
9.405937	0.01069226
9.409271	0.01058675
9.412604	0.01048123
9.415937	0.01041089
9.419271	0.01037572
9.422605	0.01041089
9.425938	0.01044606
9.429271	0.01055158
9.432604	0.01065709
9.435938	0.01079778
9.439271	0.01097364
9.442604	0.0111495
9.445937	0.01136053
9.449271	0.01157156
9.452604	0.01181777
9.455937	0.0120288
9.45927	0.01220466
9.462605	0.01234534
9.465938	0.01245086
9.469271	0.0125212
9.472604	0.01255638
9.475938	0.01255638
9.479271	0.01248603
9.482604	0.01241569
9.485937	0.01234534
9.489271	0.012275
9.492604	0.01220466
9.495937	0.01216949
9.49927	0.01216949
9.502604	0.01220466
9.505938	0.01223983
9.509271	0.012275
9.512604	0.01238052
9.515938	0.01245086
9.519271	0.01255638
9.522604	0.01262672
9.525937	0.01269706
9.529271	0.01273224
9.532604	0.01276741
9.535937	0.01276741
9.53927	0.01276741
9.542604	0.01273224
9.545938	0.01269706
9.549271	0.01259155
9.552604	0.01248603
9.555938	0.01238052
9.559271	0.012275
9.562604	0.01216949
9.565937	0.01206397
9.569271	0.0120288
9.572604	0.01199363
9.575937	0.0120288
9.57927	0.01209914
9.582604	0.01220466
9.585938	0.01231017
9.589271	0.01241569
9.592605	0.0125212
9.595938	0.01259155
9.599271	0.01266189
9.602604	0.01266189
9.605938	0.01262672
9.609271	0.01255638
9.612604	0.01245086
9.615937	0.01234534
9.619271	0.012275
9.622604	0.01220466
9.625937	0.01216949
9.629271	0.01216949
9.632605	0.01220466
9.635938	0.01223983
9.639271	0.01234534
9.642604	0.01248603
9.645938	0.01266189
9.649271	0.01280258
9.652604	0.01294327
9.655937	0.01308395
9.659271	0.01318947
9.662604	0.01325981
9.665937	0.01325981
9.669271	0.01325981
9.672605	0.01325981
9.675938	0.01322464
9.679271	0.01322464
9.682604	0.01322464
9.685938	0.01325981
9.689271	0.01329499
9.692604	0.01333016
9.695937	0.01336533
9.699271	0.01336533
9.702604	0.01333016
9.705937	0.01325981
9.70927	0.01311913
9.712605	0.01297844
9.715938	0.01280258
9.719271	0.01266189
9.722604	0.0125212
9.725938	0.01241569
9.729271	0.01234534
9.732604	0.01234534
9.735937	0.01234534
9.739271	0.01238052
9.742604	0.01238052
9.745937	0.01241569
9.74927	0.01241569
9.752604	0.01238052
9.755938	0.01238052
9.759271	0.01231017
9.762604	0.01223983
9.765938	0.01216949
9.769271	0.01209914
9.772604	0.01206397
9.775937	0.01199363
9.779271	0.01195845
9.782604	0.01192328
9.785937	0.01188811
9.78927	0.01188811
9.792604	0.01185294
9.795938	0.01185294
9.799271	0.01185294
9.802604	0.01178259
9.805938	0.01171225
9.809271	0.01157156
9.812604	0.0113957
9.815937	0.01118467
9.819271	0.01093847
9.822604	0.01065709
9.825937	0.01037572
9.82927	0.01012951
9.832604	0.009883309
9.835938	0.009672278
9.839271	0.00953159
9.842605	0.009426074
9.845938	0.009390902
9.849271	0.009426074
9.852604	0.009496418
9.855938	0.009601934
9.859271	0.009742622
9.862604	0.009918481
9.865937	0.01005917
9.869271	0.01019986
9.872604	0.01030537
9.875937	0.01037572
9.879271	0.01037572
9.882605	0.01034054
9.885938	0.01019986
9.889271	0.010024
9.892604	0.009848137
9.895938	0.009637106
9.899271	0.009496418
9.902604	0.009426074
9.905937	0.009426074
9.909271	0.009496418
9.912604	0.009637106
9.915937	0.009848137
9.919271	0.01012951
9.922605	0.01041089
9.925938	0.01065709
9.929271	0.01086812
9.932604	0.01104398
9.935938	0.01118467
9.939271	0.01129019
9.942604	0.01136053
9.945937	0.01146605
9.949271	0.01153639
9.952604	0.01164191
9.955937	0.01174742
9.95927	0.01185294
9.962605	0.01199363
9.965938	0.01206397
9.969271	0.01216949
9.972604	0.01216949
9.975938	0.01216949
9.979271	0.01206397
9.982604	0.01195845
9.985937	0.01178259
9.989271	0.01160673
9.992604	0.0113957
9.995937	0.01118467
9.99927	0.01100881
}
[PEAK]
{
Peak ID	1
Peak Ref	1
Time	3.762849
Peak	3.322604	3.825938
Intensity	1.686811e-05	6.41346e-05
Height	0.00126021
AreaAbs	232.8071
Area %BP	0.01153125
Area %Total	0.0103716
Width	0.5033333
}
[PEAK]
{
Peak ID	2
Peak Ref	2
Time	4.00476
Peak	3.825938	4.072604
Intensity	1.686811e-05	6.41346e-05
Height	0.005986885
AreaAbs	955.858
Area %BP	0.04734495
Area %Total	0.04258364
Width	0.2466667
}
[PEAK]
{
Peak ID	3
Peak Ref	3
Time	4.216936
Peak	4.072604	4.499271
Intensity	1.686811e-05	6.41346e-05
Height	0.01130092
AreaAbs	2573.627
Area %BP	0.1274752
Area %Total	0.1146555
Width	0.4266667
}
[PEAK]
{
Peak ID	4
Peak Ref	4
Time	4.82543
Peak	4.499271	6.449271
Intensity	1.686811e-05	6.41346e-05
Height	0.1694313
AreaAbs	33648.71
Area %BP	1.666667
Area %Total	1.499056
Width	1.95
}
}
}
}
