[SAMPLE]
{
Sample	1
Well	1:B,2
FileName	
SampleID	HLX49-Ab 251001B-05B PT
SampleDescription	Aquired with Galaxy
Date	06-Jan-2026
Time	17:38:54 PRC
JobCode	
TaskCode	
UserName	Congcong_Liu2
LabName	Aquired with Galaxy
Instrument	MS_L_19_062
Conditions	
Submitter	Mengting_Wang
SampleType	
Plate	
Method	
Process	Galaxy
MSTune	
MSMethod	
InletMethod	
PreRunMethod	
PostRunMethod	
SwitchMethod	
FractionMethod	
AcquisitionProcess	
AcquisitionProcessParameters	
AcquisitionProcessOptions	
InjectionVolume	25
ReportScheme	
SampleReportEnable	0
SampleReportFormat	
AnalysisTime	0
[COMPOUND]
{
;Mono Mass	Formula
}
[FUNCTION]
{
Function	1
IonMode	ES+
Type	MS
Description	(0:0)
[SPECTRUM]
{
ProcDesc	0.00:Combine
State	OK
Peak ID	0
Peak Ref	0
Time	0
TIC	0
BPI	0
BPM	0
Continuum	FALSE
Saved	FALSE
[MASSES]
{
;Mass	Exp. Mass	Obs. Mass	% BPI	Int. Abs
}
[RESULTS]
{
;Mass	Found	% BPI	% Purity
}
[MS]
{
;Mass	% BPI
0	0
}
}
[CHROMATOGRAM]
{
TraceNumber	1
Description	scroll down chrom view to see 2D LC chrom
ProcDesc	
MaxIntensity	0
[TRACE]
{
0	0
}
[PEAK]
{
Peak ID	0
Peak Ref	0
Time	0
Peak	0
Intensity	0	0
Height	0
AreaAbs	0
Area %BP	0
Area %Total	0
}
}
}
[FUNCTION]
{
Function	0
Description	ANALOG
[CHROMATOGRAM]
{
TraceNumber	2
Description	LC
ProcDesc	Result Id:1086, VWD: Signal A, 280 nm
MaxIntensity	0.2191283
[TRACE]
{
;Time	Int. %Max
0.0005208334	0.07681505
0.003854167	0.07673345
0.0071875	0.07662464
0.01052083	0.07657024
0.01385417	0.07654304
0.0171875	0.07654304
0.02052083	0.07657024
0.02385417	0.07662464
0.0271875	0.07667905
0.03052083	0.07673345
0.03385417	0.07678785
0.0371875	0.07681505
0.04052083	0.07678785
0.04385417	0.07676065
0.0471875	0.07670625
0.05052083	0.07665184
0.05385417	0.07659744
0.0571875	0.07651584
0.06052083	0.07640704
0.06385417	0.07629823
0.0671875	0.07613503
0.07052083	0.07594462
0.07385416	0.07575422
0.0771875	0.07550941
0.08052083	0.0752646
0.08385417	0.0750198
0.0871875	0.07477499
0.09052084	0.07458458
0.09385417	0.07442138
0.0971875	0.07433978
0.1005208	0.07428537
0.1038542	0.07431258
0.1071875	0.07436698
0.1105208	0.07444858
0.1138542	0.07455738
0.1171875	0.07469339
0.1205208	0.07477499
0.1238542	0.07485659
0.1271875	0.07491099
0.1305208	0.07491099
0.1338542	0.07488379
0.1371875	0.07480219
0.1405208	0.07469339
0.1438542	0.07461178
0.1471875	0.07450298
0.1505208	0.07439418
0.1538542	0.07431258
0.1571875	0.07425817
0.1605208	0.07425817
0.1638542	0.07425817
0.1671875	0.07431258
0.1705208	0.07436698
0.1738542	0.07444858
0.1771875	0.07455738
0.1805208	0.07466619
0.1838542	0.07477499
0.1871875	0.07488379
0.1905208	0.0749926
0.1938542	0.075047
0.1971875	0.075047
0.2005208	0.0750198
0.2038542	0.07496539
0.2071875	0.07485659
0.2105208	0.07472059
0.2138542	0.07455738
0.2171875	0.07442138
0.2205208	0.07428537
0.2238542	0.07414937
0.2271875	0.07406777
0.2305208	0.07401337
0.2338542	0.07398617
0.2371875	0.07395897
0.2405208	0.07395897
0.2438542	0.07395897
0.2471875	0.07393176
0.2505208	0.07387736
0.2538542	0.07379576
0.2571875	0.07371416
0.2605208	0.07357815
0.2638542	0.07346935
0.2671875	0.07336055
0.2705208	0.07325174
0.2738542	0.07319734
0.2771875	0.07317014
0.2805208	0.07317014
0.2838542	0.07319734
0.2871875	0.07322454
0.2905208	0.07327895
0.2938542	0.07330615
0.2971875	0.07333335
0.3005208	0.07333335
0.3038542	0.07333335
0.3071875	0.07330615
0.3105208	0.07327895
0.3138542	0.07325174
0.3171875	0.07319734
0.3205208	0.07319734
0.3238542	0.07319734
0.3271875	0.07319734
0.3305208	0.07319734
0.3338542	0.07317014
0.3371875	0.07317014
0.3405208	0.07314294
0.3438542	0.07308854
0.3471875	0.07303414
0.3505208	0.07295254
0.3538542	0.07289813
0.3571875	0.07281653
0.3605208	0.07273493
0.3638542	0.07270773
0.3671875	0.07268053
0.3705208	0.07265333
0.3738542	0.07262613
0.3771875	0.07262613
0.3805208	0.07259893
0.3838542	0.07257172
0.3871875	0.07249012
0.3905208	0.07240852
0.3938542	0.07227252
0.3971875	0.07213651
0.4005208	0.07200051
0.4038542	0.0718917
0.4071875	0.0717829
0.4105208	0.0717285
0.4138542	0.0717013
0.4171875	0.0717285
0.4205208	0.0717829
0.4238542	0.0718373
0.4271875	0.0718917
0.4305208	0.07194611
0.4338542	0.07194611
0.4371875	0.0718917
0.4405208	0.0718101
0.4438542	0.0717013
0.4471875	0.0715653
0.4505208	0.07140209
0.4538542	0.07123889
0.4571875	0.07110288
0.4605208	0.07096688
0.4638542	0.07085807
0.4671875	0.07077647
0.4705208	0.07072207
0.4738542	0.07069487
0.4771875	0.07066767
0.4805208	0.07066767
0.4838542	0.07066767
0.4871875	0.07066767
0.4905208	0.07064047
0.4938542	0.07058607
0.4971875	0.07050447
0.5005208	0.07036846
0.5038542	0.07023246
0.5071875	0.07006925
0.5105208	0.06987885
0.5138541	0.06971564
0.5171875	0.06955244
0.5205208	0.06941643
0.5238542	0.06930763
0.5271875	0.06925323
0.5305209	0.06922603
0.5338542	0.06922603
0.5371875	0.06925323
0.5405208	0.06928043
0.5438542	0.06933483
0.5471875	0.06938923
0.5505208	0.06947083
0.5538542	0.06955244
0.5571875	0.06963404
0.5605208	0.06974284
0.5638542	0.06985165
0.5671875	0.06998765
0.5705208	0.07012365
0.5738541	0.07025966
0.5771875	0.07036846
0.5805208	0.07047726
0.5838541	0.07050447
0.5871875	0.07050447
0.5905209	0.07045006
0.5938542	0.07036846
0.5971875	0.07020526
0.6005208	0.07004205
0.6038542	0.06982445
0.6071875	0.06963404
0.6105208	0.06947083
0.6138542	0.06930763
0.6171875	0.06922603
0.6205208	0.06919883
0.6238542	0.06922603
0.6271875	0.06928043
0.6305208	0.06936203
0.6338542	0.06949804
0.6371875	0.06960684
0.6405208	0.06974284
0.6438541	0.06982445
0.6471875	0.06990605
0.6505209	0.06996045
0.6538542	0.06998765
0.6571875	0.06996045
0.6605209	0.06996045
0.6638542	0.06990605
0.6671875	0.06985165
0.6705208	0.06977004
0.6738542	0.06968844
0.6771875	0.06955244
0.6805208	0.06941643
0.6838542	0.06925323
0.6871875	0.06909002
0.6905208	0.06895402
0.6938542	0.06881802
0.6971875	0.06870921
0.7005208	0.06865481
0.7038541	0.06860041
0.7071875	0.06862761
0.7105208	0.06865481
0.7138542	0.06870921
0.7171875	0.06879082
0.7205209	0.06887242
0.7238542	0.06895402
0.7271875	0.06903562
0.7305208	0.06911722
0.7338542	0.06922603
0.7371875	0.06930763
0.7405208	0.06938923
0.7438542	0.06949804
0.7471875	0.06955244
0.7505208	0.06960684
0.7538542	0.06966124
0.7571875	0.06966124
0.7605208	0.06968844
0.7638541	0.06968844
0.7671875	0.06971564
0.7705208	0.06974284
0.7738542	0.06979724
0.7771875	0.06987885
0.7805209	0.06998765
0.7838542	0.07006925
0.7871875	0.07015085
0.7905208	0.07020526
0.7938542	0.07023246
0.7971875	0.07023246
0.8005208	0.07020526
0.8038542	0.07015085
0.8071875	0.07004205
0.8105208	0.06993325
0.8138542	0.06982445
0.8171875	0.06968844
0.8205208	0.06955244
0.8238541	0.06938923
0.8271875	0.06919883
0.8305208	0.06900842
0.8338541	0.06881802
0.8371875	0.06862761
0.8405209	0.0684372
0.8438542	0.068274
0.8471875	0.068138
0.8505208	0.06802919
0.8538542	0.06797479
0.8571875	0.06794759
0.8605208	0.06797479
0.8638542	0.06800199
0.8671875	0.06805639
0.8705208	0.0681108
0.8738542	0.0681652
0.8771875	0.0682468
0.8805208	0.0683012
0.8838542	0.0683556
0.8871875	0.0683828
0.8905208	0.06841
0.8938541	0.0684372
0.8971875	0.06846441
0.9005209	0.06846441
0.9038542	0.06846441
0.9071875	0.06849161
0.9105209	0.06849161
0.9138542	0.06849161
0.9171875	0.06851881
0.9205208	0.06854601
0.9238542	0.06857321
0.9271875	0.06862761
0.9305208	0.06865481
0.9338542	0.06865481
0.9371875	0.06862761
0.9405208	0.06860041
0.9438542	0.06857321
0.9471875	0.06851881
0.9505208	0.0684372
0.9538541	0.0683828
0.9571875	0.0683012
0.9605208	0.0682196
0.9638542	0.0681652
0.9671875	0.0681108
0.9705209	0.06808359
0.9738542	0.06805639
0.9771875	0.06802919
0.9805208	0.06800199
0.9838542	0.06797479
0.9871875	0.06797479
0.9905208	0.06794759
0.9938542	0.06792039
0.9971875	0.06786599
1.000521	0.06781159
1.003854	0.06772998
1.007187	0.06764838
1.010521	0.06756678
1.013854	0.06745798
1.017187	0.06734917
1.020521	0.06721317
1.023854	0.06710437
1.027187	0.06702276
1.030521	0.06696836
1.033854	0.06691396
1.037187	0.06694116
1.040521	0.06699556
1.043854	0.06707717
1.047187	0.06724037
1.050521	0.06740357
1.053854	0.06756678
1.057188	0.06772998
1.060521	0.06786599
1.063854	0.06794759
1.067188	0.06797479
1.070521	0.06797479
1.073854	0.06794759
1.077188	0.06786599
1.080521	0.06778439
1.083854	0.06764838
1.087188	0.06753958
1.090521	0.06740357
1.093854	0.06729477
1.097188	0.06718597
1.100521	0.06707717
1.103854	0.06699556
1.107188	0.06694116
1.110521	0.06691396
1.113854	0.06688676
1.117188	0.06688676
1.120521	0.06691396
1.123854	0.06694116
1.127187	0.06699556
1.130521	0.06699556
1.133854	0.06702276
1.137187	0.06702276
1.140521	0.06699556
1.143854	0.06699556
1.147187	0.06696836
1.150521	0.06694116
1.153854	0.06694116
1.157187	0.06696836
1.160521	0.06696836
1.163854	0.06702276
1.167187	0.06707717
1.170521	0.06713157
1.173854	0.06715877
1.177187	0.06715877
1.180521	0.06713157
1.183854	0.06707717
1.187188	0.06699556
1.190521	0.06685956
1.193854	0.06669635
1.197188	0.06650595
1.200521	0.06631554
1.203854	0.06609793
1.207188	0.06588033
1.210521	0.06571712
1.213854	0.06555392
1.217188	0.06541791
1.220521	0.06528191
1.223854	0.06517311
1.227188	0.0650643
1.230521	0.0649827
1.233854	0.0648739
1.237188	0.0647923
1.240521	0.06468349
1.243854	0.06457469
1.247187	0.06446589
1.250521	0.06438428
1.253854	0.06432988
1.257187	0.06432988
1.260521	0.06435708
1.263854	0.06443869
1.267187	0.06457469
1.270521	0.06471069
1.273854	0.0648739
1.277187	0.0650099
1.280521	0.06514591
1.283854	0.06525471
1.287187	0.06530911
1.290521	0.06536351
1.293854	0.06539071
1.297187	0.06541791
1.300521	0.06547232
1.303854	0.06549952
1.307188	0.06555392
1.310521	0.06558112
1.313854	0.06558112
1.317188	0.06558112
1.320521	0.06555392
1.323854	0.06549952
1.327188	0.06544512
1.330521	0.06536351
1.333854	0.06530911
1.337188	0.06525471
1.340521	0.06522751
1.343854	0.06522751
1.347188	0.06522751
1.350521	0.06522751
1.353854	0.06522751
1.357188	0.06522751
1.360521	0.06520031
1.363854	0.06514591
1.367188	0.0650643
1.370521	0.0650099
1.373854	0.0649283
1.377187	0.0648467
1.380521	0.0647923
1.383854	0.06471069
1.387187	0.06465629
1.390521	0.06460189
1.393854	0.06454749
1.397187	0.06449309
1.400521	0.06443869
1.403854	0.06438428
1.407187	0.06432988
1.410521	0.06427548
1.413854	0.06424828
1.417187	0.06424828
1.420521	0.06419388
1.423854	0.06416668
1.427187	0.06408508
1.430521	0.06400347
1.433854	0.06386747
1.437188	0.06373147
1.440521	0.06359546
1.443854	0.06343226
1.447188	0.06329625
1.450521	0.06321465
1.453854	0.06318745
1.457188	0.06318745
1.460521	0.06326905
1.463854	0.06337786
1.467188	0.06351386
1.470521	0.06367706
1.473854	0.06384027
1.477188	0.06397627
1.480521	0.06408508
1.483854	0.06411228
1.487188	0.06405788
1.490521	0.06394907
1.493854	0.06378587
1.497187	0.06356826
1.500521	0.06329625
1.503854	0.06302425
1.507187	0.06277944
1.510521	0.06256183
1.513854	0.06239863
1.517187	0.06231702
1.520521	0.06226262
1.523854	0.06228982
1.527187	0.06237143
1.530521	0.06250743
1.533854	0.06267063
1.537187	0.06283384
1.540521	0.06296984
1.543854	0.06313305
1.547187	0.06324185
1.550521	0.06335065
1.553854	0.06345946
1.557188	0.06354106
1.560521	0.06356826
1.563854	0.06359546
1.567188	0.06359546
1.570521	0.06356826
1.573854	0.06354106
1.577188	0.06351386
1.580521	0.06345946
1.583854	0.06345946
1.587188	0.06345946
1.590521	0.06348666
1.593854	0.06354106
1.597188	0.06364986
1.600521	0.06375867
1.603854	0.06389467
1.607188	0.06400347
1.610521	0.06408508
1.613854	0.06408508
1.617188	0.06405788
1.620521	0.06394907
1.623854	0.06378587
1.627187	0.06354106
1.630521	0.06326905
1.633854	0.06296984
1.637187	0.06264343
1.640521	0.06231702
1.643854	0.06199061
1.647187	0.06171861
1.650521	0.061501
1.653854	0.0613106
1.657187	0.06120179
1.660521	0.06114739
1.663854	0.06112019
1.667187	0.06117459
1.670521	0.06122899
1.673854	0.0613106
1.677187	0.0613922
1.680521	0.0614466
1.683854	0.0614738
1.687188	0.061501
1.690521	0.061501
1.693854	0.061501
1.697188	0.0615282
1.700521	0.0615554
1.703854	0.0616098
1.707188	0.06169141
1.710521	0.06177301
1.713854	0.06185461
1.717188	0.06193621
1.720521	0.06199061
1.723854	0.06201782
1.727188	0.06201782
1.730521	0.06199061
1.733854	0.06196341
1.737188	0.06190901
1.740521	0.06185461
1.743854	0.06182741
1.747187	0.06182741
1.750521	0.06185461
1.753854	0.06188181
1.757187	0.06193621
1.760521	0.06199061
1.763854	0.06201782
1.767187	0.06201782
1.770521	0.06196341
1.773854	0.06185461
1.777187	0.06171861
1.780521	0.061501
1.783854	0.06128339
1.787187	0.06101139
1.790521	0.06073938
1.793854	0.06049457
1.797187	0.06027696
1.800521	0.06008656
1.803854	0.05995056
1.807188	0.05989615
1.810521	0.05986895
1.813854	0.05992335
1.817188	0.06003216
1.820521	0.06019536
1.823854	0.06035857
1.827188	0.06052177
1.830521	0.06071218
1.833854	0.06084818
1.837188	0.06098419
1.840521	0.06106579
1.843854	0.06109299
1.847188	0.06106579
1.850521	0.06103859
1.853854	0.06095698
1.857188	0.06087538
1.860521	0.06073938
1.863854	0.06063058
1.867188	0.06049457
1.870521	0.06035857
1.873854	0.06022256
1.877187	0.06011376
1.880521	0.06003216
1.883854	0.05995056
1.887187	0.05989615
1.890521	0.05986895
1.893854	0.05986895
1.897187	0.05986895
1.900521	0.05989615
1.903854	0.05992335
1.907187	0.05992335
1.910521	0.05995056
1.913854	0.06000496
1.917187	0.06003216
1.920521	0.06008656
1.923854	0.06014096
1.927187	0.06019536
1.930521	0.06024976
1.933854	0.06033137
1.937188	0.06041297
1.940521	0.06049457
1.943854	0.06054897
1.947188	0.06057617
1.950521	0.06057617
1.953854	0.06057617
1.957188	0.06057617
1.960521	0.06057617
1.963854	0.06054897
1.967188	0.06057617
1.970521	0.06057617
1.973854	0.06063058
1.977188	0.06065778
1.980521	0.06071218
1.983854	0.06076658
1.987188	0.06079378
1.990521	0.06076658
1.993854	0.06071218
1.997187	0.06060337
2.000521	0.06049457
2.003854	0.06035857
2.007188	0.06022256
2.010521	0.06011376
2.013854	0.06003216
2.017188	0.06000496
2.020521	0.06005936
2.023854	0.06016816
2.027188	0.06030417
2.030521	0.06052177
2.033854	0.06071218
2.037188	0.06092978
2.040521	0.06112019
2.043854	0.06125619
2.047188	0.0613378
2.050521	0.0613922
2.053854	0.061365
2.057188	0.0613106
2.060521	0.06122899
2.063854	0.06109299
2.067188	0.06095698
2.070521	0.06084818
2.073854	0.06073938
2.077188	0.06065778
2.080521	0.06060337
2.083854	0.06054897
2.087188	0.06052177
2.090521	0.06049457
2.093854	0.06046737
2.097188	0.06041297
2.100521	0.06038577
2.103854	0.06033137
2.107188	0.06027696
2.110521	0.06022256
2.113854	0.06019536
2.117188	0.06019536
2.120521	0.06019536
2.123854	0.06024976
2.127187	0.06033137
2.130521	0.06044017
2.133854	0.06052177
2.137187	0.06060337
2.140521	0.06065778
2.143854	0.06065778
2.147187	0.06065778
2.150521	0.06060337
2.153854	0.06054897
2.157187	0.06049457
2.160521	0.06044017
2.163854	0.06038577
2.167187	0.06038577
2.170521	0.06038577
2.173854	0.06041297
2.177187	0.06044017
2.180521	0.06049457
2.183854	0.06052177
2.187187	0.06054897
2.190521	0.06060337
2.193854	0.06063058
2.197187	0.06068498
2.200521	0.06071218
2.203854	0.06073938
2.207187	0.06073938
2.210521	0.06068498
2.213854	0.06063058
2.217187	0.06052177
2.220521	0.06038577
2.223854	0.06022256
2.227187	0.06005936
2.230521	0.05989615
2.233854	0.05976015
2.237187	0.05962415
2.240521	0.05951534
2.243854	0.05946094
2.247188	0.05940654
2.250521	0.05935214
2.253854	0.05932494
2.257188	0.05929774
2.260521	0.05924333
2.263854	0.05921613
2.267188	0.05921613
2.270521	0.05921613
2.273854	0.05924333
2.277188	0.05927054
2.280521	0.05929774
2.283854	0.05932494
2.287188	0.05935214
2.290521	0.05935214
2.293854	0.05929774
2.297188	0.05921613
2.300521	0.05910733
2.303854	0.05894413
2.307188	0.05875372
2.310521	0.05856331
2.313854	0.05837291
2.317188	0.0581825
2.320521	0.0579921
2.323854	0.05782889
2.327188	0.05766569
2.330521	0.05752968
2.333854	0.05739368
2.337188	0.05725768
2.340521	0.05709447
2.343854	0.05695847
2.347188	0.05682246
2.350521	0.05668646
2.353854	0.05655046
2.357188	0.05644165
2.360521	0.05633285
2.363854	0.05619685
2.367188	0.05608804
2.370521	0.05595204
2.373854	0.05581604
2.377187	0.05568003
2.380521	0.05554403
2.383854	0.05540802
2.387187	0.05527202
2.390521	0.05516322
2.393854	0.05508161
2.397187	0.05497281
2.400521	0.05491841
2.403854	0.05483681
2.407187	0.05475521
2.410521	0.0546736
2.413854	0.0546192
2.417187	0.0545648
2.420521	0.0545648
2.423854	0.0545648
2.427187	0.0546192
2.430521	0.0547008
2.433854	0.05478241
2.437187	0.05486401
2.440521	0.05494561
2.443854	0.05502721
2.447187	0.05508161
2.450521	0.05508161
2.453854	0.05505441
2.457187	0.05502721
2.460521	0.05497281
2.463854	0.05494561
2.467187	0.05491841
2.470521	0.05491841
2.473854	0.05489121
2.477187	0.05486401
2.480521	0.05480961
2.483854	0.05475521
2.487187	0.0546736
2.490521	0.0545648
2.493854	0.054456
2.497188	0.05437439
2.500521	0.05426559
2.503854	0.05421119
2.507188	0.05418399
2.510521	0.05418399
2.513854	0.05421119
2.517188	0.05423839
2.520521	0.05426559
2.523854	0.05429279
2.527188	0.05429279
2.530521	0.05426559
2.533854	0.05423839
2.537188	0.05418399
2.540521	0.05415679
2.543854	0.05412959
2.547188	0.05412959
2.550521	0.05415679
2.553854	0.05421119
2.557188	0.05429279
2.560521	0.05437439
2.563854	0.0544288
2.567188	0.0544832
2.570521	0.0545104
2.573854	0.0545376
2.577188	0.0545104
2.580521	0.0544832
2.583854	0.05440159
2.587188	0.05429279
2.590521	0.05415679
2.593854	0.05399358
2.597188	0.05383038
2.600521	0.05366717
2.603854	0.05347677
2.607188	0.05331356
2.610521	0.05317756
2.613854	0.05304156
2.617188	0.05293275
2.620521	0.05282395
2.623854	0.05274235
2.627187	0.05266074
2.630521	0.05257914
2.633854	0.05252474
2.637187	0.05244314
2.640521	0.05241594
2.643854	0.05238874
2.647187	0.05241594
2.650521	0.05247034
2.653854	0.05257914
2.657187	0.05271515
2.660521	0.05285115
2.663854	0.05298715
2.667187	0.05309596
2.670521	0.05315036
2.673854	0.05315036
2.677187	0.05312316
2.680521	0.05306876
2.683854	0.05298715
2.687187	0.05290555
2.690521	0.05285115
2.693854	0.05279675
2.697187	0.05276955
2.700521	0.05276955
2.703854	0.05279675
2.707187	0.05285115
2.710521	0.05290555
2.713854	0.05295995
2.717187	0.05298715
2.720521	0.05298715
2.723854	0.05298715
2.727187	0.05295995
2.730521	0.05293275
2.733854	0.05287835
2.737187	0.05282395
2.740521	0.05276955
2.743854	0.05274235
2.747188	0.05268794
2.750521	0.05266074
2.753854	0.05266074
2.757188	0.05266074
2.760521	0.05266074
2.763854	0.05268794
2.767188	0.05274235
2.770521	0.05276955
2.773854	0.05279675
2.777188	0.05285115
2.780521	0.05287835
2.783854	0.05290555
2.787188	0.05290555
2.790521	0.05287835
2.793854	0.05282395
2.797188	0.05274235
2.800521	0.05266074
2.803854	0.05257914
2.807188	0.05252474
2.810521	0.05249754
2.813854	0.05249754
2.817188	0.05255194
2.820521	0.05263354
2.823854	0.05274235
2.827188	0.05285115
2.830521	0.05293275
2.833854	0.05298715
2.837188	0.05298715
2.840521	0.05290555
2.843854	0.05276955
2.847188	0.05257914
2.850521	0.05233433
2.853854	0.05208953
2.857188	0.05184472
2.860521	0.05162711
2.863854	0.05143671
2.867188	0.05132791
2.870521	0.0512463
2.873854	0.0512463
2.877187	0.0512735
2.880521	0.05135511
2.883854	0.05143671
2.887187	0.05154551
2.890521	0.05162711
2.893854	0.05168152
2.897187	0.05170872
2.900521	0.05170872
2.903854	0.05170872
2.907187	0.05170872
2.910521	0.05168152
2.913854	0.05165431
2.917187	0.05165431
2.920521	0.05168152
2.923854	0.05170872
2.927187	0.05176312
2.930521	0.05184472
2.933854	0.05189912
2.937187	0.05198072
2.940521	0.05203513
2.943854	0.05211673
2.947187	0.05219833
2.950521	0.05227993
2.953854	0.05236154
2.957187	0.05244314
2.960521	0.05252474
2.963854	0.05257914
2.967187	0.05263354
2.970521	0.05266074
2.973854	0.05266074
2.977187	0.05263354
2.980521	0.05257914
2.983854	0.05252474
2.987187	0.05244314
2.990521	0.05236154
2.993854	0.05230713
2.997188	0.05225273
3.000521	0.05222553
3.003854	0.05222553
3.007188	0.05222553
3.010521	0.05227993
3.013854	0.05233433
3.017188	0.05244314
3.020521	0.05252474
3.023854	0.05266074
3.027188	0.05274235
3.030521	0.05285115
3.033854	0.05293275
3.037188	0.05301435
3.040521	0.05306876
3.043854	0.05309596
3.047188	0.05312316
3.050521	0.05315036
3.053854	0.05315036
3.057188	0.05315036
3.060521	0.05315036
3.063854	0.05309596
3.067188	0.05301435
3.070521	0.05287835
3.073854	0.05268794
3.077188	0.05244314
3.080521	0.05214393
3.083854	0.05181752
3.087188	0.05146391
3.090521	0.0511647
3.093854	0.05091989
3.097188	0.05072949
3.100521	0.05062068
3.103854	0.05062068
3.107188	0.05064789
3.110521	0.05075669
3.113854	0.05089269
3.117188	0.0510287
3.120521	0.0511647
3.123854	0.0512463
3.127187	0.0513007
3.130521	0.05132791
3.133854	0.05132791
3.137187	0.0512735
3.140521	0.0511919
3.143854	0.0510559
3.147187	0.05089269
3.150521	0.05070229
3.153854	0.05051188
3.157187	0.05029428
3.160521	0.05010387
3.163854	0.04991346
3.167187	0.04975026
3.170521	0.04964146
3.173854	0.04958705
3.177187	0.04958705
3.180521	0.04964146
3.183854	0.04972306
3.187187	0.04983186
3.190521	0.04994066
3.193854	0.05007667
3.197187	0.05018547
3.200521	0.05026707
3.203854	0.05032148
3.207187	0.05037588
3.210521	0.05040308
3.213854	0.05040308
3.217187	0.05043028
3.220521	0.05043028
3.223854	0.05043028
3.227187	0.05045748
3.230521	0.05048468
3.233854	0.05053908
3.237187	0.05056628
3.240521	0.05059348
3.243854	0.05062068
3.247188	0.05059348
3.250521	0.05053908
3.253854	0.05043028
3.257188	0.05029428
3.260521	0.05010387
3.263854	0.04988626
3.267188	0.04964146
3.270521	0.04939665
3.273854	0.04917904
3.277188	0.04901583
3.280521	0.04887983
3.283854	0.04882543
3.287188	0.04882543
3.290521	0.04885263
3.293854	0.04890703
3.297188	0.04896143
3.300521	0.04898863
3.303854	0.04901583
3.307188	0.04898863
3.310521	0.04890703
3.313854	0.04879823
3.317188	0.04866222
3.320521	0.04852622
3.323854	0.04839022
3.327188	0.04825421
3.330521	0.04814541
3.333854	0.04806381
3.337188	0.04803661
3.340521	0.04806381
3.343854	0.04814541
3.347188	0.04825421
3.350521	0.04841742
3.353854	0.04858062
3.357188	0.04879823
3.360521	0.04901583
3.363854	0.04920624
3.367188	0.04942385
3.370521	0.04958705
3.373854	0.04975026
3.377187	0.04985906
3.380521	0.04996787
3.383854	0.05004947
3.387187	0.05013107
3.390521	0.05021267
3.393854	0.05029428
3.397187	0.05034868
3.400521	0.05040308
3.403854	0.05043028
3.407187	0.05043028
3.410521	0.05037588
3.413854	0.05029428
3.417187	0.05015827
3.420521	0.04999507
3.423854	0.04975026
3.427187	0.04950545
3.430521	0.04920624
3.433854	0.04890703
3.437187	0.04855342
3.440521	0.04822701
3.443854	0.0479278
3.447187	0.04765579
3.450521	0.04743819
3.453854	0.04730218
3.457187	0.04722058
3.460521	0.04719338
3.463854	0.04724778
3.467187	0.04735659
3.470521	0.04749259
3.473854	0.04765579
3.477187	0.047819
3.480521	0.0480094
3.483854	0.04814541
3.487187	0.04828141
3.490521	0.04839022
3.493854	0.04847182
3.497188	0.04852622
3.500521	0.04855342
3.503854	0.04855342
3.507188	0.04849902
3.510521	0.04839022
3.513854	0.04828141
3.517188	0.04814541
3.520521	0.0479822
3.523854	0.047819
3.527188	0.047683
3.530521	0.04754699
3.533854	0.04743819
3.537188	0.04735659
3.540521	0.04730218
3.543854	0.04724778
3.547188	0.04719338
3.550521	0.04716618
3.553854	0.04713898
3.557188	0.04711178
3.560521	0.04711178
3.563854	0.04713898
3.567188	0.04716618
3.570521	0.04722058
3.573854	0.04732939
3.577188	0.04741099
3.580521	0.04751979
3.583854	0.04762859
3.587188	0.0477374
3.590521	0.0477918
3.593854	0.0478462
3.597188	0.0478462
3.600521	0.047819
3.603854	0.0477374
3.607188	0.04762859
3.610521	0.04746539
3.613854	0.04730218
3.617188	0.04713898
3.620521	0.04694857
3.623854	0.04678537
3.627187	0.04662216
3.630521	0.04651336
3.633854	0.04640456
3.637187	0.04635016
3.640521	0.04632296
3.643854	0.04632296
3.647187	0.04632296
3.650521	0.04632296
3.653854	0.04632296
3.657187	0.04629575
3.660521	0.04629575
3.663854	0.04629575
3.667187	0.04629575
3.670521	0.04629575
3.673854	0.04626855
3.677187	0.04626855
3.680521	0.04624135
3.683854	0.04621415
3.687187	0.04615975
3.690521	0.04610535
3.693854	0.04602375
3.697187	0.04594214
3.700521	0.04586054
3.703854	0.04580614
3.707187	0.04575174
3.710521	0.04575174
3.713854	0.04575174
3.717187	0.04580614
3.720521	0.04586054
3.723854	0.04594214
3.727187	0.04599655
3.730521	0.04607815
3.733854	0.04613255
3.737187	0.04615975
3.740521	0.04615975
3.743854	0.04615975
3.747188	0.04613255
3.750521	0.04607815
3.753854	0.04605095
3.757188	0.04602375
3.760521	0.04599655
3.763854	0.04596935
3.767188	0.04596935
3.770521	0.04596935
3.773854	0.04596935
3.777188	0.04596935
3.780521	0.04599655
3.783854	0.04602375
3.787188	0.04602375
3.790521	0.04605095
3.793854	0.04610535
3.797188	0.04615975
3.800521	0.04624135
3.803854	0.04632296
3.807188	0.04645896
3.810521	0.04659496
3.813854	0.04675817
3.817188	0.04692137
3.820521	0.04711178
3.823854	0.04727498
3.827188	0.04743819
3.830521	0.04754699
3.833854	0.04762859
3.837188	0.047683
3.840521	0.0477102
3.843854	0.0477102
3.847188	0.0477102
3.850521	0.047683
3.853854	0.047683
3.857188	0.047683
3.860521	0.0477102
3.863854	0.0477646
3.867188	0.047819
3.870521	0.0478734
3.873854	0.0479278
3.877187	0.0480094
3.880521	0.04811821
3.883854	0.04822701
3.887187	0.04839022
3.890521	0.04858062
3.893854	0.04879823
3.897187	0.04904304
3.900521	0.04928784
3.903854	0.04950545
3.907187	0.04972306
3.910521	0.04991346
3.913854	0.05007667
3.917187	0.05021267
3.920521	0.05029428
3.923854	0.05037588
3.927187	0.05040308
3.930521	0.05043028
3.933854	0.05045748
3.937187	0.05045748
3.940521	0.05045748
3.943854	0.05045748
3.947187	0.05048468
3.950521	0.05053908
3.953854	0.05059348
3.957187	0.05067509
3.960521	0.05078389
3.963854	0.05091989
3.967187	0.0510831
3.970521	0.0512463
3.973854	0.05140951
3.977187	0.05157271
3.980521	0.05173592
3.983854	0.05187192
3.987187	0.05203513
3.990521	0.05217113
3.993854	0.05233433
3.997188	0.05249754
4.000521	0.05266074
4.003854	0.05285115
4.007187	0.05304156
4.010521	0.05325916
4.013854	0.05347677
4.017188	0.05366717
4.020521	0.05385758
4.023854	0.05404798
4.027187	0.05421119
4.030521	0.05434719
4.033854	0.0544832
4.037188	0.0546192
4.040521	0.05475521
4.043854	0.05491841
4.047187	0.05510882
4.050521	0.05538082
4.053854	0.05568003
4.057188	0.05603364
4.060521	0.05644165
4.063854	0.05690407
4.067187	0.05739368
4.070521	0.05788329
4.073854	0.05840011
4.077188	0.05894413
4.080521	0.05946094
4.083854	0.05997776
4.087187	0.06052177
4.090521	0.06106579
4.093854	0.061637
4.097188	0.06220822
4.100521	0.06280664
4.103854	0.06340506
4.107187	0.06400347
4.110521	0.06465629
4.113854	0.06530911
4.117188	0.06598913
4.120521	0.06669635
4.123854	0.06743078
4.127188	0.0682468
4.130521	0.06911722
4.133854	0.07006925
4.137187	0.07110288
4.140521	0.07224532
4.143854	0.07346935
4.147188	0.07477499
4.150521	0.07621663
4.153854	0.07771268
4.157187	0.07931752
4.160521	0.08097677
4.163854	0.08269042
4.167188	0.08448567
4.170521	0.08633533
4.173854	0.08829378
4.177187	0.09030664
4.180521	0.09242831
4.183854	0.09468597
4.187188	0.09710684
4.190521	0.09969092
4.193854	0.1024654
4.197187	0.1054847
4.200521	0.108776
4.203854	0.1123121
4.207188	0.1161202
4.210521	0.1202003
4.213854	0.1245524
4.217187	0.1291766
4.220521	0.1340999
4.223854	0.1392681
4.227188	0.1447082
4.230521	0.1504204
4.233854	0.1564046
4.237187	0.162688
4.240521	0.1692706
4.243854	0.1761796
4.247188	0.1834422
4.250521	0.1910312
4.253854	0.1989466
4.257187	0.2072429
4.260521	0.2158383
4.263854	0.2247602
4.267188	0.2340085
4.270521	0.2435015
4.273854	0.2532666
4.277187	0.2632765
4.280521	0.2734768
4.283854	0.2838947
4.287188	0.2944486
4.290521	0.3051385
4.293854	0.31591
4.297187	0.3267631
4.300521	0.3376707
4.303854	0.3486054
4.307188	0.3595129
4.310521	0.3703932
4.313854	0.3812192
4.317187	0.3919091
4.320521	0.4024358
4.323854	0.4127449
4.327188	0.422782
4.330521	0.4324927
4.333854	0.4417953
4.337187	0.4506356
4.340521	0.4589318
4.343854	0.4666297
4.347188	0.4737291
4.350521	0.4801757
4.353854	0.4859422
4.357187	0.4910288
4.360521	0.4953809
4.363854	0.4990258
4.367188	0.5019635
4.370521	0.504194
4.373854	0.50569
4.377188	0.5064516
4.380521	0.5064788
4.383854	0.5057716
4.387187	0.50433
4.390521	0.5021539
4.393854	0.4992434
4.397188	0.4955985
4.400521	0.4912736
4.403854	0.4862686
4.407187	0.4805837
4.410521	0.4743003
4.413854	0.4674457
4.417188	0.4600743
4.420521	0.4522676
4.423854	0.4440258
4.427187	0.4354847
4.430521	0.4266445
4.433854	0.4176138
4.437188	0.4084472
4.440521	0.3991989
4.443854	0.389869
4.447187	0.3805391
4.450521	0.3712093
4.453854	0.3619338
4.457188	0.3527127
4.460521	0.3436004
4.463854	0.334597
4.467187	0.3257295
4.470521	0.3169981
4.473854	0.308457
4.477188	0.3001336
4.480521	0.2920549
4.483854	0.2842483
4.487187	0.2767137
4.490521	0.2694783
4.493854	0.2625693
4.497188	0.2559595
4.500521	0.2496489
4.503854	0.2436375
4.507187	0.2378982
4.510521	0.2324308
4.513854	0.2271811
4.517188	0.2221761
4.520521	0.2173888
4.523854	0.212819
4.527187	0.2085213
4.530521	0.2044684
4.533854	0.2006603
4.537188	0.1971514
4.540521	0.1939145
4.543854	0.191004
4.547187	0.1883383
4.550521	0.1859718
4.553854	0.1838502
4.557188	0.1819733
4.560521	0.1802597
4.563854	0.1787364
4.567187	0.1773492
4.570521	0.1760708
4.573854	0.1749011
4.577188	0.1738131
4.580521	0.1728339
4.583854	0.171909
4.587187	0.1710658
4.590521	0.1703042
4.593854	0.169597
4.597188	0.1689169
4.600521	0.1682641
4.603854	0.1675841
4.607187	0.1668769
4.610521	0.1661697
4.613854	0.165408
4.617188	0.1646464
4.620521	0.1638848
4.623854	0.1631232
4.627188	0.162416
4.630521	0.1617359
4.633854	0.1611103
4.637187	0.1605391
4.640521	0.1599679
4.643854	0.1594239
4.647188	0.1588527
4.650521	0.1582814
4.653854	0.1576286
4.657187	0.1569486
4.660521	0.156187
4.663854	0.1553982
4.667188	0.1545549
4.670521	0.1536845
4.673854	0.1528141
4.677187	0.1519708
4.680521	0.1511548
4.683854	0.150366
4.687188	0.1496588
4.690521	0.1489788
4.693854	0.1483531
4.697187	0.1477547
4.700521	0.1471835
4.703854	0.1466667
4.707188	0.1462315
4.710521	0.1458507
4.713854	0.1455787
4.717187	0.1454427
4.720521	0.1454971
4.723854	0.1457147
4.727188	0.1461771
4.730521	0.1468843
4.733854	0.1478363
4.737187	0.149006
4.740521	0.1504204
4.743854	0.1521068
4.747188	0.1540381
4.750521	0.1562142
4.753854	0.1586894
4.757187	0.1614367
4.760521	0.1644832
4.763854	0.1678561
4.767188	0.171637
4.770521	0.1757987
4.773854	0.1803957
4.777187	0.1854822
4.780521	0.1910856
4.783854	0.1972602
4.787188	0.204006
4.790521	0.2114046
4.793854	0.219456
4.797187	0.2282147
4.800521	0.2376806
4.803854	0.2479081
4.807188	0.2589244
4.810521	0.2707295
4.813854	0.2834323
4.817187	0.2970055
4.820521	0.3115307
4.823854	0.3270624
4.827188	0.3436548
4.830521	0.3613898
4.833854	0.3803759
4.837187	0.4007221
4.840521	0.4225372
4.843854	0.4459843
4.847188	0.4711994
4.850521	0.498373
4.853854	0.5277498
4.857187	0.5596019
4.860521	0.5942014
4.863854	0.6319561
4.867188	0.6732469
4.870521	0.7185906
4.873854	0.7685585
4.877188	0.8237761
4.880521	0.8850323
4.883854	0.9530887
4.887187	1.028952
4.890521	1.113682
4.893854	1.208477
4.897188	1.314696
4.900521	1.433917
4.903854	1.567881
4.907187	1.718546
4.910521	1.888116
4.913854	2.078984
4.917188	2.293897
4.920521	2.535767
4.923854	2.807802
4.927187	3.113566
4.930521	3.456868
4.933854	3.841786
4.937188	4.272782
4.940521	4.75459
4.943854	5.292296
4.947187	5.891284
4.950521	6.557187
4.953854	7.295879
4.957188	8.113371
4.960521	9.015839
4.963854	10.0094
4.967187	11.10026
4.970521	12.29452
4.973854	13.59792
4.977188	15.01609
4.980521	16.55408
4.983854	18.21648
4.987187	20.0073
4.990521	21.92966
4.993854	23.98577
4.997188	26.17663
5.000521	28.502
5.003854	30.96019
5.007187	33.54788
5.010521	36.26019
5.013854	39.09032
5.017188	42.02966
5.020521	45.06775
5.023854	48.19222
5.027187	51.38899
5.030521	54.64226
5.033854	57.93465
5.037188	61.24727
5.040521	64.55992
5.043854	67.85124
5.047187	71.09896
5.050521	74.28015
5.053854	77.37141
5.057188	80.34925
5.060521	83.19032
5.063854	85.87185
5.067187	88.3721
5.070521	90.67056
5.073854	92.74849
5.077188	94.589
5.080521	96.17747
5.083854	97.50163
5.087187	98.55172
5.090521	99.32066
5.093854	99.80399
5.097188	100
5.100521	99.90958
5.103854	99.53625
5.107187	98.8861
5.110521	97.96758
5.113854	96.79161
5.117188	95.37113
5.120521	93.7211
5.123854	91.85801
5.127188	89.79984
5.130521	87.56559
5.133854	85.17502
5.137187	82.64853
5.140521	80.00655
5.143854	77.26949
5.147188	74.45742
5.150521	71.58982
5.153854	68.68554
5.157187	65.76246
5.160521	62.83748
5.163854	59.9264
5.167188	57.04374
5.170521	54.20275
5.173854	51.41541
5.177187	48.69234
5.180521	46.04273
5.183854	43.47449
5.187188	40.99405
5.190521	38.60655
5.193854	36.31589
5.197187	34.12484
5.200521	32.03503
5.203854	30.04717
5.207188	28.16109
5.210521	26.37593
5.213854	24.69014
5.217187	23.10164
5.220521	21.6079
5.223854	20.206
5.227188	18.89264
5.230521	17.6642
5.233854	16.51692
5.237187	15.44684
5.240521	14.44991
5.243854	13.52206
5.247188	12.65922
5.250521	11.85743
5.253854	11.1128
5.257187	10.42163
5.260521	9.780318
5.263854	9.185383
5.267188	8.633559
5.270521	8.121695
5.273854	7.646823
5.277187	7.206035
5.280521	6.796717
5.283854	6.416287
5.287188	6.062432
5.290521	5.732949
5.293854	5.425879
5.297187	5.139346
5.300521	4.871635
5.303854	4.621225
5.307188	4.386672
5.310521	4.166726
5.313854	3.960136
5.317187	3.765841
5.320521	3.582834
5.323854	3.410273
5.327188	3.247285
5.330521	3.093166
5.333854	2.947261
5.337187	2.808972
5.340521	2.67781
5.343854	2.553257
5.347188	2.434907
5.350521	2.322377
5.353854	2.215287
5.357187	2.113393
5.360521	2.016368
5.363854	1.923967
5.367188	1.835999
5.370521	1.752248
5.373854	1.67255
5.377188	1.596741
5.380521	1.524713
5.383854	1.456276
5.387187	1.391348
5.390521	1.329793
5.393854	1.271447
5.397188	1.216256
5.400521	1.164031
5.403854	1.114689
5.407187	1.068121
5.410521	1.024219
5.413854	0.9828463
5.417188	0.9439492
5.420521	0.9074458
5.423854	0.8732544
5.427187	0.8412662
5.430521	0.811427
5.433854	0.7836549
5.437188	0.7578686
5.440521	0.7339591
5.443854	0.7118176
5.447187	0.6913626
5.450521	0.6725125
5.453854	0.6551312
5.457188	0.6391643
5.460521	0.6244486
5.463854	0.6109842
5.467187	0.5986079
5.470521	0.5872652
5.473854	0.5769016
5.477188	0.5674086
5.480521	0.5587043
5.483854	0.5506801
5.487187	0.5432815
5.490521	0.5364269
5.493854	0.5300347
5.497188	0.5240233
5.500521	0.5183656
5.503854	0.5129798
5.507187	0.5078389
5.510521	0.5029155
5.513854	0.4981554
5.517188	0.4935312
5.520521	0.4890159
5.523854	0.4845822
5.527187	0.4802029
5.530521	0.4758235
5.533854	0.471417
5.537188	0.4669289
5.540521	0.4623591
5.543854	0.4576806
5.547187	0.4528389
5.550521	0.4478611
5.553854	0.4427202
5.557188	0.4374432
5.560521	0.4320574
5.563854	0.4265629
5.567187	0.4209867
5.570521	0.4153562
5.573854	0.4096712
5.577188	0.403959
5.580521	0.3981925
5.583854	0.3923715
5.587187	0.3864961
5.590521	0.3805663
5.593854	0.3745822
5.597188	0.3685164
5.600521	0.3624234
5.603854	0.3563032
5.607187	0.350183
5.610521	0.3440629
5.613854	0.3379699
5.617188	0.3319041
5.620521	0.3258927
5.623854	0.3199357
5.627188	0.3140332
5.630521	0.3082122
5.633854	0.3024457
5.637187	0.2967607
5.640521	0.2911301
5.643854	0.2856356
5.647188	0.2801954
5.650521	0.2748912
5.653854	0.2696415
5.657187	0.2645277
5.660521	0.2594956
5.663854	0.2545451
5.667188	0.2496761
5.670521	0.2448888
5.673854	0.2401558
5.677187	0.2355045
5.680521	0.230962
5.683854	0.226501
5.687188	0.2221217
5.690521	0.2178784
5.693854	0.2137166
5.697187	0.2096365
5.700521	0.2056652
5.703854	0.2017483
5.707188	0.197913
5.710521	0.1941593
5.713854	0.19046
5.717187	0.1868151
5.720521	0.1832518
5.723854	0.1797701
5.727188	0.1763972
5.730521	0.1731331
5.733854	0.170005
5.737187	0.1669857
5.740521	0.1640752
5.743854	0.1612735
5.747188	0.1585534
5.750521	0.1558878
5.753854	0.1533037
5.757187	0.1508012
5.760521	0.1482987
5.763854	0.1458235
5.767188	0.1434026
5.770521	0.1409545
5.773854	0.1385609
5.777187	0.1361672
5.780521	0.1338007
5.783854	0.1314886
5.787188	0.1292038
5.790521	0.1270005
5.793854	0.1248517
5.797187	0.1227572
5.800521	0.1207715
5.803854	0.1188675
5.807188	0.117045
5.810521	0.115277
5.813854	0.1135633
5.817187	0.1119041
5.820521	0.1102992
5.823854	0.1087216
5.827188	0.1071983
5.830521	0.1057295
5.833854	0.1043151
5.837187	0.102955
5.840521	0.1016494
5.843854	0.1003981
5.847188	0.0992013
5.850521	0.09805887
5.853854	0.09694364
5.857187	0.09588281
5.860521	0.09479478
5.863854	0.09373394
5.867188	0.09267311
5.870521	0.09161228
5.873854	0.09055145
5.877188	0.08949062
5.880521	0.08848419
5.883854	0.08747776
5.887187	0.08652573
5.890521	0.08562811
5.893854	0.08481208
5.897188	0.08402326
5.900521	0.08331604
5.903854	0.08263602
5.907187	0.0819832
5.910521	0.08133038
5.913854	0.08070476
5.917188	0.08007914
5.920521	0.07945353
5.923854	0.07882791
5.927187	0.07822949
5.930521	0.07765827
5.933854	0.07714146
5.937188	0.07665184
5.940521	0.07621663
5.943854	0.07586302
5.947187	0.07559101
5.950521	0.07534621
5.953854	0.0751286
5.957188	0.07496539
5.960521	0.07480219
5.963854	0.07463898
5.967187	0.07450298
5.970521	0.07439418
5.973854	0.07428537
5.977188	0.07420377
5.980521	0.07414937
5.983854	0.07417657
5.987187	0.07423097
5.990521	0.07439418
5.993854	0.07461178
5.997188	0.07491099
6.000521	0.0752918
6.003854	0.07575422
6.007187	0.07627103
6.010521	0.07692385
6.013854	0.07763107
6.017188	0.0784199
6.020521	0.07931752
6.023854	0.08029675
6.027187	0.08135758
6.030521	0.08247281
6.033854	0.08369685
6.037188	0.08497529
6.040521	0.08630813
6.043854	0.08769537
6.047187	0.08913701
6.050521	0.09060585
6.053854	0.09207469
6.057188	0.09357074
6.060521	0.09503958
6.063854	0.09648122
6.067187	0.09792287
6.070521	0.09928291
6.073854	0.1006429
6.077188	0.1019214
6.080521	0.1031726
6.083854	0.1043967
6.087187	0.1055391
6.090521	0.1066543
6.093854	0.1077152
6.097188	0.1087216
6.100521	0.1096464
6.103854	0.1104624
6.107187	0.1111969
6.110521	0.1118497
6.113854	0.1123665
6.117188	0.1127745
6.120521	0.1130737
6.123854	0.1132369
6.127188	0.1132641
6.130521	0.1131825
6.133854	0.1129649
6.137187	0.1126657
6.140521	0.1122305
6.143854	0.1117137
6.147188	0.1110881
6.150521	0.1103536
6.153854	0.1095104
6.157187	0.1085856
6.160521	0.1075519
6.163854	0.1064367
6.167188	0.1051855
6.170521	0.1038526
6.173854	0.1023838
6.177187	0.1008334
6.180521	0.0992013
6.183854	0.09746045
6.187188	0.095638
6.190521	0.09378835
6.193854	0.09188429
6.197187	0.08995303
6.200521	0.08802178
6.203854	0.08609052
6.207188	0.08421367
6.210521	0.08236401
6.213854	0.08056876
6.217187	0.07885511
6.220521	0.07719586
6.223854	0.07559101
6.227188	0.07406777
6.230521	0.07257172
6.233854	0.07115728
6.237187	0.06974284
6.240521	0.0683556
6.243854	0.06699556
6.247188	0.06563552
6.250521	0.06432988
6.253854	0.06302425
6.257187	0.06177301
6.260521	0.06054897
6.263854	0.05937934
6.267188	0.05829131
6.270521	0.05723048
6.273854	0.05622405
6.277187	0.05527202
6.280521	0.05434719
6.283854	0.05344957
6.287188	0.05260634
6.290521	0.05176312
6.293854	0.05097429
6.297187	0.05018547
6.300521	0.04945105
6.303854	0.04877103
6.307188	0.04814541
6.310521	0.04757419
6.313854	0.04708458
6.317187	0.04662216
6.320521	0.04624135
6.323854	0.04591494
6.327188	0.04564294
6.330521	0.04539813
6.333854	0.04518052
6.337187	0.04496292
6.340521	0.04474531
6.343854	0.0445277
6.347188	0.0443101
6.350521	0.04406529
6.353854	0.04382048
6.357187	0.04357568
6.360521	0.04330367
6.363854	0.04308606
6.367188	0.04284125
6.370521	0.04265085
6.373854	0.04246044
6.377188	0.04227004
6.380521	0.04210683
6.383854	0.04194363
6.387187	0.04180762
6.390521	0.04167162
6.393854	0.04153562
6.397188	0.04142681
6.400521	0.04131801
6.403854	0.04126361
6.407187	0.04126361
6.410521	0.04129081
6.413854	0.04134521
6.417188	0.04142681
6.420521	0.04153562
6.423854	0.04167162
6.427187	0.04178042
6.430521	0.04186203
6.433854	0.04194363
6.437188	0.04199803
6.440521	0.04199803
6.443854	0.04197083
6.447187	0.04191643
6.450521	0.04186203
6.453854	0.04178042
6.457188	0.04169882
6.460521	0.04159002
6.463854	0.04145401
6.467187	0.04134521
6.470521	0.04126361
6.473854	0.04118201
6.477188	0.0411276
6.480521	0.0410732
6.483854	0.0411004
6.487187	0.0411276
6.490521	0.04120921
6.493854	0.04134521
6.497188	0.04148121
6.500521	0.04167162
6.503854	0.04183482
6.507187	0.04199803
6.510521	0.04213403
6.513854	0.04227004
6.517188	0.04235164
6.520521	0.04240604
6.523854	0.04246044
6.527187	0.04248764
6.530521	0.04248764
6.533854	0.04251484
6.537188	0.04254205
6.540521	0.04259645
6.543854	0.04270525
6.547187	0.04284125
6.550521	0.04300446
6.553854	0.04322207
6.557188	0.04349407
6.560521	0.04384768
6.563854	0.0442829
6.567187	0.04479971
6.570521	0.04545253
6.573854	0.04618695
6.577188	0.04705738
6.580521	0.04806381
6.583854	0.04917904
6.587187	0.05043028
6.590521	0.05179032
6.593854	0.05328636
6.597188	0.05486401
6.600521	0.05655046
6.603854	0.05837291
6.607187	0.06033137
6.610521	0.06239863
6.613854	0.06457469
6.617188	0.06685956
6.620521	0.06925323
6.623854	0.0717013
6.627188	0.07420377
6.630521	0.07670625
6.633854	0.07915432
6.637187	0.08152079
6.640521	0.08380565
6.643854	0.08595452
6.647188	0.08794017
6.650521	0.08976263
6.653854	0.09142188
6.657187	0.09286352
6.660521	0.09414196
6.663854	0.09525719
6.667188	0.09615481
6.670521	0.09688924
6.673854	0.09740605
6.677187	0.09770526
6.680521	0.09781406
6.683854	0.09770526
6.687188	0.09735165
6.690521	0.09680763
6.693854	0.09604601
6.697187	0.09509398
6.700521	0.09395155
6.703854	0.09267311
6.707188	0.09131307
6.710521	0.08984423
6.713854	0.08837539
6.717187	0.08687934
6.720521	0.0853561
6.723854	0.08388726
6.727188	0.08241841
6.730521	0.08097677
6.733854	0.07961673
6.737187	0.07828389
6.740521	0.07703266
6.743854	0.07580862
6.747188	0.07463898
6.750521	0.07355095
6.753854	0.07251732
6.757187	0.0715653
6.760521	0.07069487
6.763854	0.06987885
6.767188	0.06914443
6.770521	0.06846441
6.773854	0.06789319
6.777187	0.06737637
6.780521	0.06699556
6.783854	0.06666915
6.787188	0.06645155
6.790521	0.06631554
6.793854	0.06626114
6.797187	0.06628834
6.800521	0.06639714
6.803854	0.06656035
6.807188	0.06675075
6.810521	0.06694116
6.813854	0.06715877
6.817187	0.06732197
6.820521	0.06745798
6.823854	0.06753958
6.827188	0.06756678
6.830521	0.06748518
6.833854	0.06734917
6.837187	0.06715877
6.840521	0.06688676
6.843854	0.06658755
6.847188	0.06626114
6.850521	0.06593473
6.853854	0.06560832
6.857187	0.06528191
6.860521	0.0649827
6.863854	0.06468349
6.867188	0.06435708
6.870521	0.06403067
6.873854	0.06364986
6.877188	0.06324185
6.880521	0.06275224
6.883854	0.06220822
6.887187	0.0615826
6.890521	0.06090258
6.893854	0.06014096
6.897188	0.05935214
6.900521	0.05853611
6.903854	0.05769289
6.907187	0.05684966
6.910521	0.05600644
6.913854	0.05516322
6.917188	0.05429279
6.920521	0.05342237
6.923854	0.05247034
6.927187	0.05146391
6.930521	0.05034868
6.933854	0.04909744
6.937188	0.0477374
6.940521	0.04624135
6.943854	0.04460931
6.947187	0.04284125
6.950521	0.0410188
6.953854	0.03911475
6.957188	0.03715629
6.960521	0.03525223
6.963854	0.03334818
6.967187	0.03152572
6.970521	0.02973047
6.973854	0.02804403
6.977188	0.02641198
6.980521	0.02483433
6.983854	0.02333829
6.987187	0.02186945
6.990521	0.0204822
6.993854	0.01912216
6.997188	0.01784373
7.000521	0.01661969
7.003854	0.01550446
7.007187	0.01447082
7.010521	0.013546
7.013854	0.01275717
7.017188	0.01210435
7.020521	0.01158754
7.023854	0.01123393
7.027187	0.01098912
7.030521	0.01088032
7.033854	0.01088032
7.037188	0.01096192
7.040521	0.01115233
7.043854	0.01142433
7.047187	0.01175074
7.050521	0.01215875
7.053854	0.01259397
7.057188	0.01311078
7.060521	0.013682
7.063854	0.01430762
7.067187	0.01498764
7.070521	0.01569486
7.073854	0.01645649
7.077188	0.01724531
7.080521	0.01806133
7.083854	0.01890456
7.087187	0.01977498
7.090521	0.02064541
7.093854	0.02154304
7.097188	0.02244066
7.100521	0.02331109
7.103854	0.02420871
7.107187	0.02505194
7.110521	0.02586796
7.113854	0.02665678
7.117188	0.02741841
7.120521	0.02809843
7.123854	0.02875125
7.127188	0.02932246
7.130521	0.02986648
7.133854	0.03032889
7.137187	0.0307369
7.140521	0.03109051
7.143854	0.03136252
7.147188	0.03155292
7.150521	0.03168893
7.153854	0.03179773
7.157187	0.03185213
7.160521	0.03187933
7.163854	0.03187933
7.167188	0.03187933
7.170521	0.03185213
7.173854	0.03179773
7.177187	0.03174333
7.180521	0.03168893
7.183854	0.03160733
7.187188	0.03155292
7.190521	0.03147132
7.193854	0.03138972
7.197187	0.03133532
7.200521	0.03128092
7.203854	0.03122652
7.207188	0.03122652
7.210521	0.03119931
7.213854	0.03119931
7.217187	0.03122652
7.220521	0.03125372
7.223854	0.03130812
7.227188	0.03136252
7.230521	0.03141692
7.233854	0.03147132
7.237187	0.03149852
7.240521	0.03144412
7.243854	0.03136252
7.247188	0.03119931
7.250521	0.03095451
7.253854	0.0306553
7.257187	0.03027449
7.260521	0.02986648
7.263854	0.02940406
7.267188	0.02896885
7.270521	0.02853364
7.273854	0.02815283
7.277187	0.02779922
7.280521	0.02750001
7.283854	0.0272552
7.287188	0.0270648
7.290521	0.02690159
7.293854	0.02679279
7.297187	0.02668399
7.300521	0.02662958
7.303854	0.02657518
7.307188	0.02654798
7.310521	0.02657518
7.313854	0.02665678
7.317187	0.02676559
7.320521	0.02692879
7.323854	0.0271464
7.327188	0.02736401
7.330521	0.02763601
7.333854	0.02788082
7.337187	0.02815283
7.340521	0.02837043
7.343854	0.02856084
7.347188	0.02869684
7.350521	0.02877845
7.353854	0.02883285
7.357187	0.02883285
7.360521	0.02877845
7.363854	0.02872405
7.367188	0.02864244
7.370521	0.02853364
7.373854	0.02847924
7.377188	0.02842484
7.380521	0.02839764
7.383854	0.02839764
7.387187	0.02842484
7.390521	0.02842484
7.393854	0.02845204
7.397188	0.02842484
7.400521	0.02839764
7.403854	0.02834323
7.407187	0.02823443
7.410521	0.02809843
7.413854	0.02793522
7.417188	0.02779922
7.420521	0.02763601
7.423854	0.02752721
7.427187	0.02744561
7.430521	0.02739121
7.433854	0.02739121
7.437188	0.02741841
7.440521	0.02747281
7.443854	0.02755441
7.447187	0.02763601
7.450521	0.02769042
7.453854	0.02777202
7.457188	0.02785362
7.460521	0.02790802
7.463854	0.02798962
7.467187	0.02804403
7.470521	0.02809843
7.473854	0.02818003
7.477188	0.02820723
7.480521	0.02826163
7.483854	0.02828883
7.487187	0.02828883
7.490521	0.02831603
7.493854	0.02831603
7.497188	0.02831603
7.500521	0.02834323
7.503854	0.02834323
7.507187	0.02834323
7.510521	0.02831603
7.513854	0.02828883
7.517188	0.02826163
7.520521	0.02818003
7.523854	0.02809843
7.527187	0.02801682
7.530521	0.02790802
7.533854	0.02782642
7.537188	0.02771762
7.540521	0.02763601
7.543854	0.02752721
7.547187	0.02744561
7.550521	0.0273368
7.553854	0.027228
7.557188	0.0270648
7.560521	0.02690159
7.563854	0.02673839
7.567187	0.02652078
7.570521	0.02633038
7.573854	0.02611277
7.577188	0.02589516
7.580521	0.02567756
7.583854	0.02543275
7.587187	0.02518794
7.590521	0.02488873
7.593854	0.02456232
7.597188	0.02423591
7.600521	0.0238823
7.603854	0.02350149
7.607187	0.02312068
7.610521	0.02276707
7.613854	0.02244066
7.617188	0.02216865
7.620521	0.02195105
7.623854	0.02181504
7.627188	0.02173344
7.630521	0.02167904
7.633854	0.02167904
7.637187	0.02170624
7.640521	0.02173344
7.643854	0.02176064
7.647188	0.02178784
7.650521	0.02178784
7.653854	0.02178784
7.657187	0.02181504
7.660521	0.02181504
7.663854	0.02186945
7.667188	0.02189665
7.670521	0.02195105
7.673854	0.02203265
7.677187	0.02211425
7.680521	0.02219585
7.683854	0.02225026
7.687188	0.02230466
7.690521	0.02230466
7.693854	0.02222306
7.697187	0.02211425
7.700521	0.02192385
7.703854	0.02170624
7.707188	0.02143423
7.710521	0.02118943
7.713854	0.02094462
7.717187	0.02075421
7.720521	0.02061821
7.723854	0.02056381
7.727188	0.02056381
7.730521	0.02064541
7.733854	0.02072701
7.737187	0.02083581
7.740521	0.02091742
7.743854	0.02097182
7.747188	0.02097182
7.750521	0.02094462
7.753854	0.02086302
7.757187	0.02072701
7.760521	0.02061821
7.763854	0.0204822
7.767188	0.0203734
7.770521	0.0202918
7.773854	0.0202374
7.777187	0.0202102
7.780521	0.020183
7.783854	0.020183
7.787188	0.020183
7.790521	0.020183
7.793854	0.0201558
7.797187	0.02012859
7.800521	0.02012859
7.803854	0.02010139
7.807188	0.02010139
7.810521	0.02007419
7.813854	0.02010139
7.817187	0.02012859
7.820521	0.020183
7.823854	0.0202374
7.827188	0.0202918
7.830521	0.0203462
7.833854	0.0204006
7.837187	0.0204278
7.840521	0.020455
7.843854	0.020455
7.847188	0.0204278
7.850521	0.0203734
7.853854	0.0203462
7.857187	0.020319
7.860521	0.0203462
7.863854	0.0204278
7.867188	0.02053661
7.870521	0.02069981
7.873854	0.02089022
7.877188	0.02110782
7.880521	0.02132543
7.883854	0.02154304
7.887187	0.02170624
7.890521	0.02184224
7.893854	0.02192385
7.897188	0.02195105
7.900521	0.02192385
7.903854	0.02184224
7.907187	0.02167904
7.910521	0.02148863
7.913854	0.02124383
7.917188	0.02097182
7.920521	0.02072701
7.923854	0.020455
7.927187	0.0202374
7.930521	0.02001979
7.933854	0.01988379
7.937188	0.01974778
7.940521	0.01963898
7.943854	0.01955738
7.947187	0.01947578
7.950521	0.01936697
7.953854	0.01923097
7.957188	0.01906776
7.960521	0.01885016
7.963854	0.01857815
7.967187	0.01830614
7.970521	0.01803413
7.973854	0.01773492
7.977188	0.01749012
7.980521	0.01724531
7.983854	0.0170549
7.987187	0.0169189
7.990521	0.0168373
7.993854	0.0167829
7.997188	0.0167557
8.000521	0.0167285
8.003854	0.0167285
8.007188	0.01670129
8.010521	0.01667409
8.013854	0.01664689
8.017187	0.01661969
8.020521	0.01656529
8.023854	0.01656529
8.027187	0.01653809
8.03052	0.01653809
8.033854	0.01651089
8.037188	0.01648369
8.040521	0.01642929
8.043854	0.01632048
8.047188	0.01621168
8.050521	0.01607568
8.053854	0.01593967
8.057187	0.01577647
8.060521	0.01566766
8.063854	0.01558606
8.067187	0.01555886
8.07052	0.01558606
8.073854	0.01561326
8.077188	0.01566766
8.080521	0.01572207
8.083854	0.01577647
8.087188	0.01577647
8.090521	0.01574927
8.093854	0.01569486
8.097187	0.01561326
8.100521	0.01550446
8.103854	0.01539566
8.107187	0.01531405
8.11052	0.01525965
8.113854	0.01520525
8.117188	0.01515085
8.120521	0.01509645
8.123855	0.01506925
8.127188	0.01501485
8.130521	0.01496044
8.133854	0.01490604
8.137188	0.01485164
8.140521	0.01479724
8.143854	0.01477004
8.147187	0.01474284
8.150521	0.01477004
8.153854	0.01479724
8.157187	0.01482444
8.160521	0.01487884
8.163855	0.01493324
8.167188	0.01501485
8.170521	0.01506925
8.173854	0.01512365
8.177188	0.01520525
8.180521	0.01523245
8.183854	0.01525965
8.187187	0.01528685
8.190521	0.01525965
8.193854	0.01520525
8.197187	0.01512365
8.200521	0.01498764
8.203855	0.01485164
8.207188	0.01468844
8.210521	0.01452522
8.213854	0.01436202
8.217188	0.01422602
8.220521	0.01411721
8.223854	0.01406281
8.227187	0.01400841
8.230521	0.01400841
8.233854	0.01400841
8.237187	0.01400841
8.24052	0.01400841
8.243855	0.01400841
8.247188	0.01398121
8.250521	0.01395401
8.253854	0.01389961
8.257188	0.01387241
8.260521	0.013818
8.263854	0.013818
8.267187	0.0137908
8.270521	0.013818
8.273854	0.013818
8.277187	0.0138452
8.28052	0.0138452
8.283854	0.013818
8.287188	0.0137908
8.290521	0.0137636
8.293854	0.0137092
8.297188	0.0136548
8.300521	0.0136004
8.303854	0.01351879
8.307187	0.01346439
8.310521	0.01335559
8.313854	0.01327399
8.317187	0.01319239
8.32052	0.01308358
8.323854	0.01297478
8.327188	0.01283877
8.330521	0.01272997
8.333854	0.01264837
8.337188	0.01262117
8.340521	0.01262117
8.343854	0.01267557
8.347187	0.01278437
8.350521	0.01294758
8.353854	0.01311078
8.357187	0.01330119
8.36052	0.01343719
8.363854	0.013546
8.367188	0.0136004
8.370521	0.0136004
8.373855	0.013546
8.377188	0.01340999
8.380521	0.01324679
8.383854	0.01308358
8.387188	0.01289318
8.390521	0.01275717
8.393854	0.01262117
8.397187	0.01253957
8.400521	0.01248516
8.403854	0.01245796
8.407187	0.01245796
8.410521	0.01248516
8.413855	0.01253957
8.417188	0.01262117
8.420521	0.01270277
8.423854	0.01275717
8.427188	0.01281157
8.430521	0.01286598
8.433854	0.01289318
8.437187	0.01289318
8.440521	0.01286598
8.443854	0.01281157
8.447187	0.01272997
8.450521	0.01264837
8.453855	0.01256677
8.457188	0.01248516
8.460521	0.01240356
8.463854	0.01237636
8.467188	0.01234916
8.470521	0.01232196
8.473854	0.01232196
8.477187	0.01232196
8.480521	0.01229476
8.483854	0.01229476
8.487187	0.01226756
8.49052	0.01224036
8.493855	0.01224036
8.497188	0.01224036
8.500521	0.01229476
8.503854	0.01234916
8.507188	0.01240356
8.510521	0.01245796
8.513854	0.01251237
8.517187	0.01248516
8.520521	0.01243076
8.523854	0.01232196
8.527187	0.01213155
8.53052	0.01191395
8.533854	0.01169634
8.537188	0.01147874
8.540521	0.01128833
8.543854	0.01115233
8.547188	0.01107072
8.550521	0.01107072
8.553854	0.01115233
8.557187	0.01123393
8.560521	0.01134273
8.563854	0.01145153
8.567187	0.01153314
8.57052	0.01156034
8.573854	0.01153314
8.577188	0.01142433
8.580521	0.01128833
8.583854	0.01109792
8.587188	0.01088032
8.590521	0.01066271
8.593854	0.0104451
8.597187	0.0102819
8.600521	0.0101731
8.603854	0.0101187
8.607187	0.0101459
8.61052	0.0102003
8.613854	0.0102819
8.617188	0.0103907
8.620521	0.01049951
8.623855	0.01058111
8.627188	0.01060831
8.630521	0.01060831
8.633854	0.01058111
8.637188	0.01049951
8.640521	0.0104179
8.643854	0.0103091
8.647187	0.0102275
8.650521	0.0101187
8.653854	0.01006429
8.657187	0.009982691
8.660521	0.009955491
8.663855	0.009901089
8.667188	0.009901089
8.670521	0.009873888
8.673854	0.009873888
8.677188	0.009819487
8.680521	0.009765085
8.683854	0.009710684
8.687187	0.00960188
8.690521	0.009493077
8.693854	0.009384274
8.697187	0.00924827
8.700521	0.009166668
8.703855	0.009085065
8.707188	0.009057864
8.710521	0.009085065
8.713854	0.009112266
8.717188	0.009166668
8.720521	0.00924827
8.723854	0.009275471
8.727187	0.009275471
8.730521	0.00924827
8.733854	0.009166668
8.737187	0.009057864
8.74052	0.00892186
8.743855	0.008785857
8.747188	0.008677053
8.750521	0.008595451
8.753854	0.00856825
8.757188	0.008595451
8.760521	0.008677053
8.763854	0.008813057
8.767187	0.008949061
8.770521	0.009112266
8.773854	0.00924827
8.777187	0.009384274
8.78052	0.009465876
8.783854	0.009493077
8.787188	0.009520278
8.790521	0.009493077
8.793854	0.009493077
8.797188	0.009465876
8.800521	0.009465876
8.803854	0.009465876
8.807187	0.009465876
8.810521	0.009493077
8.813854	0.009465876
8.817187	0.009438676
8.82052	0.009384274
8.823854	0.009275471
8.827188	0.009166668
8.830521	0.009003463
8.833854	0.008840258
8.837188	0.008677053
8.840521	0.008541049
8.843854	0.008377845
8.847187	0.00821464
8.850521	0.008051435
8.853854	0.00788823
8.857187	0.007752226
8.86052	0.007589022
8.863854	0.007425817
8.867188	0.007289813
8.870521	0.007126608
8.873855	0.007017805
8.877188	0.006936203
8.880521	0.006881801
8.883854	0.0068546
8.887188	0.0068546
8.890521	0.006909002
8.893854	0.006963403
8.897187	0.007045006
8.900521	0.007126608
8.903854	0.00720821
8.907187	0.007262612
8.910521	0.007317014
8.913855	0.007317014
8.917188	0.007289813
8.920521	0.007262612
8.923854	0.00720821
8.927188	0.007126608
8.930521	0.007045006
8.933854	0.006963403
8.937187	0.0068546
8.940521	0.006772998
8.943854	0.006664195
8.947187	0.006582592
8.950521	0.00650099
8.953855	0.006392187
8.957188	0.006283383
8.960521	0.00617458
8.963854	0.006065777
8.967188	0.005956974
8.970521	0.005848171
8.973854	0.005766568
8.977187	0.005684966
8.980521	0.005603364
8.983854	0.005576163
8.987187	0.005603364
8.99052	0.005657765
8.993855	0.005739368
8.997188	0.005848171
9.000521	0.005956974
9.003854	0.006092978
9.007188	0.006201781
9.010521	0.006310584
9.013854	0.006392187
9.017187	0.006473789
9.020521	0.00650099
9.023854	0.006528191
9.027187	0.006555391
9.03052	0.006555391
9.033854	0.006555391
9.037188	0.006555391
9.040521	0.006555391
9.043854	0.006555391
9.047188	0.006528191
9.050521	0.006528191
9.053854	0.006473789
9.057187	0.006419387
9.060521	0.006337785
9.063854	0.006256183
9.067187	0.006120179
9.07052	0.005984175
9.073854	0.00582097
9.077188	0.005657765
9.080521	0.00549456
9.083854	0.005358556
9.087188	0.005222552
9.090521	0.00514095
9.093854	0.005059348
9.097187	0.005032147
9.100521	0.005032147
9.103854	0.005032147
9.107187	0.005086549
9.11052	0.005113749
9.113854	0.005168151
9.117188	0.005249753
9.120521	0.005331356
9.123855	0.005412958
9.127188	0.00549456
9.130521	0.005576163
9.133854	0.005684966
9.137188	0.005766568
9.140521	0.005875372
9.143854	0.005929773
9.147187	0.005984175
9.150521	0.006011376
9.153854	0.006011376
9.157187	0.005984175
9.160521	0.005929773
9.163855	0.005902572
9.167188	0.005875372
9.170521	0.005848171
9.173854	0.005848171
9.177188	0.005848171
9.180521	0.005875372
9.183854	0.005902572
9.187187	0.005929773
9.190521	0.005929773
9.193854	0.005902572
9.197187	0.005875372
9.200521	0.00582097
9.203855	0.005739368
9.207188	0.005630564
9.210521	0.005521761
9.213854	0.005412958
9.217188	0.005276954
9.220521	0.005168151
9.223854	0.005032147
9.227187	0.004896143
9.230521	0.00478734
9.233854	0.004678537
9.237187	0.004596934
9.24052	0.004569733
9.243855	0.004596934
9.247188	0.004624135
9.250521	0.004705737
9.253854	0.004814541
9.257188	0.004950545
9.260521	0.005059348
9.263854	0.005168151
9.267187	0.005249753
9.270521	0.005276954
9.273854	0.005276954
9.277187	0.005222552
9.28052	0.00514095
9.283854	0.005032147
9.287188	0.004896143
9.290521	0.004732938
9.293854	0.004596934
9.297188	0.004488131
9.300521	0.004379328
9.303854	0.004297725
9.307187	0.004243324
9.310521	0.004188922
9.313854	0.004134521
9.317187	0.00410732
9.32052	0.004080119
9.323854	0.004052918
9.327188	0.004025718
9.330521	0.004025718
9.333854	0.004052918
9.337188	0.004134521
9.340521	0.004243324
9.343854	0.004433729
9.347187	0.004651336
9.350521	0.004896143
9.353854	0.005195352
9.357187	0.00549456
9.36052	0.005793769
9.363854	0.006092978
9.367188	0.006364986
9.370521	0.006582592
9.373855	0.006745797
9.377188	0.006827399
9.380521	0.006881801
9.383854	0.0068546
9.387188	0.006745797
9.390521	0.006582592
9.393854	0.006337785
9.397187	0.006065777
9.400521	0.005712167
9.403854	0.005358556
9.407187	0.005004946
9.410521	0.004624135
9.413855	0.004243324
9.417188	0.003889714
9.420521	0.003590505
9.423854	0.003318497
9.427188	0.003100891
9.430521	0.002964887
9.433854	0.002856083
9.437187	0.002828883
9.440521	0.002883284
9.443854	0.002964887
9.447187	0.003128091
9.450521	0.003318497
9.453855	0.003563304
9.457188	0.00378091
9.460521	0.003998517
9.463854	0.004188922
9.467188	0.004352127
9.470521	0.004515332
9.473854	0.004624135
9.477187	0.004705737
9.480521	0.004760139
9.483854	0.004760139
9.487187	0.004760139
9.49052	0.004732938
9.493855	0.004651336
9.497188	0.004569733
9.500521	0.00446093
9.503854	0.004352127
9.507188	0.004216123
9.510521	0.004080119
9.513854	0.003944115
9.517187	0.003808111
9.520521	0.003644906
9.523854	0.003508902
9.527187	0.003372898
9.53052	0.003236895
9.533854	0.00307369
9.537188	0.002937686
9.540521	0.002801682
9.543854	0.002692879
9.547188	0.002611276
9.550521	0.002584075
9.553854	0.002584075
9.557187	0.002611276
9.560521	0.002720079
9.563854	0.002828883
9.567187	0.002992087
9.57052	0.003128091
9.573854	0.003264095
9.577188	0.003318497
9.580521	0.003345698
9.583854	0.003291296
9.587188	0.003182493
9.590521	0.002992087
9.593854	0.002774481
9.597187	0.002502473
9.600521	0.002230465
9.603854	0.001985658
9.607187	0.001740851
9.61052	0.001577646
9.613854	0.001441642
9.617188	0.00136004
9.620521	0.001332839
9.623855	0.001387241
9.627188	0.001496044
9.630521	0.001659248
9.633854	0.001849654
9.637188	0.002012859
9.640521	0.002203264
9.643854	0.002339268
9.647187	0.002420871
9.650521	0.002448071
9.653854	0.002448071
9.657187	0.002366469
9.660521	0.002230465
9.663855	0.00206726
9.667188	0.001904056
9.670521	0.001768052
9.673854	0.001604847
9.677188	0.001496044
9.680521	0.001387241
9.683854	0.001278437
9.687187	0.001196835
9.690521	0.001142433
9.693854	0.001115233
9.697187	0.001060831
9.700521	0.00103363
9.703855	0.001006429
9.707188	0.0009792286
9.710521	0.0009792286
9.713854	0.0009792286
9.717188	0.0009792286
9.720521	0.0009792286
9.723854	0.0009792286
9.727187	0.0009792286
9.730521	0.0009792286
9.733854	0.001006429
9.737187	0.001060831
9.74052	0.001088032
9.743855	0.001115233
9.747188	0.001142433
9.750521	0.001142433
9.753854	0.001142433
9.757188	0.001088032
9.760521	0.001006429
9.763854	0.000924827
9.767187	0.000788823
9.770521	0.0006528191
9.773854	0.0005440159
9.777187	0.0004352127
9.78052	0.0003264095
9.783854	0.0002448071
9.787188	0.0001904056
9.790521	0.0001632048
9.793854	0.000136004
9.797188	0.0001088032
9.800521	0.0001088032
9.803854	8.160238e-05
9.807187	5.440159e-05
9.810521	5.440159e-05
9.813854	2.720079e-05
9.817187	0
9.82052	0
9.823854	0
9.827188	2.720079e-05
9.830521	8.160238e-05
9.833854	0.0001904056
9.837188	0.0002992087
9.840521	0.0004624135
9.843854	0.0006256183
9.847187	0.0008160238
9.850521	0.00103363
9.853854	0.001224036
9.857187	0.001387241
9.86052	0.001523244
9.863854	0.001632048
9.867188	0.001659248
9.870521	0.001659248
9.873855	0.001604847
9.877188	0.001523244
9.880521	0.001414441
9.883854	0.001305638
9.887188	0.001169634
9.890521	0.001060831
9.893854	0.0009792286
9.897187	0.0008976262
9.900521	0.0008432246
9.903854	0.000788823
9.907187	0.0007616222
9.910521	0.0007344214
9.913855	0.0007072206
9.917188	0.0006528191
9.920521	0.0006256183
9.923854	0.0005984175
9.927188	0.0005984175
9.930521	0.0005712167
9.933854	0.0005712167
9.937187	0.0005440159
9.940521	0.0005440159
9.943854	0.0005440159
9.947187	0.0005440159
9.950521	0.0005440159
9.953855	0.0005712167
9.957188	0.0005712167
9.960521	0.0005984175
9.963854	0.0006256183
9.967188	0.0006528191
9.970521	0.0006800199
9.973854	0.0006800199
9.977187	0.0006528191
9.980521	0.0006256183
9.983854	0.0005440159
9.987187	0.0004352127
9.99052	0.0002992087
9.993855	0.0001904056
9.997188	5.440159e-05
}
[PEAK]
{
Peak ID	1
Peak Ref	1
Time	4.379004
Peak	3.720521	4.717187
Intensity	-8.469821e-05	-9.477139e-05
Height	0.001011989
AreaAbs	269.5237
Area %BP	0.01215233
Area %Total	0.01205389
Width	0.9966667
}
[PEAK]
{
Peak ID	2
Peak Ref	2
Time	5.097814
Peak	4.717187	5.980521
Intensity	-8.469821e-05	-9.477139e-05
Height	0.2190436
AreaAbs	36964.6
Area %BP	1.666667
Area %Total	1.653165
Width	1.263333
}
[PEAK]
{
Peak ID	3
Peak Ref	3
Time	6.126612
Peak	5.980521	6.403854
Intensity	-8.469821e-05	-9.477139e-05
Height	0.0001567492
AreaAbs	32.37556
Area %BP	0.001459755
Area %Total	0.00144793
Width	0.4233336
}
}
}
}
