[SAMPLE]
{
Sample	1
Well	1:A,4
FileName	
SampleID	ASD-E-2601204-013
SampleDescription	Aquired with Galaxy
Date	28-Jan-2026
Time	16:03:04 PRC
JobCode	
TaskCode	
UserName	Congcong_Liu2
LabName	Aquired with Galaxy
Instrument	BAD_L_22_523
Conditions	
Submitter	Huanhuan_Zhang
SampleType	
Plate	
Method	
Process	Galaxy
MSTune	
MSMethod	
InletMethod	
PreRunMethod	
PostRunMethod	
SwitchMethod	
FractionMethod	
AcquisitionProcess	
AcquisitionProcessParameters	
AcquisitionProcessOptions	
InjectionVolume	25
ReportScheme	
SampleReportEnable	0
SampleReportFormat	
AnalysisTime	0
[COMPOUND]
{
;Mono Mass	Formula
}
[FUNCTION]
{
Function	1
IonMode	ES+
Type	MS
Description	(0:0)
[SPECTRUM]
{
ProcDesc	0.00:Combine
State	OK
Peak ID	0
Peak Ref	0
Time	0
TIC	0
BPI	0
BPM	0
Continuum	FALSE
Saved	FALSE
[MASSES]
{
;Mass	Exp. Mass	Obs. Mass	% BPI	Int. Abs
}
[RESULTS]
{
;Mass	Found	% BPI	% Purity
}
[MS]
{
;Mass	% BPI
0	0
}
}
[CHROMATOGRAM]
{
TraceNumber	1
Description	scroll down chrom view to see 2D LC chrom
ProcDesc	
MaxIntensity	0
[TRACE]
{
0	0
}
[PEAK]
{
Peak ID	0
Peak Ref	0
Time	0
Peak	0
Intensity	0	0
Height	0
AreaAbs	0
Area %BP	0
Area %Total	0
}
}
}
[FUNCTION]
{
Function	0
Description	ANALOG
[CHROMATOGRAM]
{
TraceNumber	2
Description	LC
ProcDesc	Result Id:2269, VWD: Signal A, 280 nm
MaxIntensity	0.2215666
[TRACE]
{
;Time	Int. %Max
0.003229167	0.05754222
0.0065625	0.05764983
0.009895833	0.05775744
0.01322917	0.05786504
0.0165625	0.05794575
0.01989583	0.05802645
0.02322917	0.05808025
0.0265625	0.05813406
0.02989583	0.05818786
0.03322917	0.05826856
0.0365625	0.05837617
0.03989583	0.05851068
0.04322917	0.05864518
0.0465625	0.05883349
0.04989583	0.058968
0.05322917	0.05907561
0.0565625	0.05912941
0.05989583	0.05912941
0.06322917	0.05907561
0.0665625	0.0589411
0.06989583	0.05877969
0.07322916	0.05861828
0.0765625	0.05842997
0.07989583	0.05826856
0.08322917	0.05813406
0.0865625	0.05802645
0.08989584	0.05797265
0.09322917	0.05797265
0.0965625	0.05797265
0.09989583	0.05802645
0.1032292	0.05808025
0.1065625	0.05816096
0.1098958	0.05824166
0.1132292	0.05832237
0.1165625	0.05840307
0.1198958	0.05845687
0.1232292	0.05848378
0.1265625	0.05848378
0.1298958	0.05848378
0.1332292	0.05845687
0.1365625	0.05840307
0.1398958	0.05832237
0.1432292	0.05826856
0.1465625	0.05818786
0.1498958	0.05810716
0.1532292	0.05802645
0.1565625	0.05794575
0.1598958	0.05791885
0.1632292	0.05789194
0.1665625	0.05786504
0.1698958	0.05789194
0.1732292	0.05791885
0.1765625	0.05794575
0.1798958	0.05797265
0.1832292	0.05797265
0.1865625	0.05797265
0.1898958	0.05797265
0.1932292	0.05794575
0.1965625	0.05789194
0.1998958	0.05786504
0.2032292	0.05781124
0.2065625	0.05775744
0.2098958	0.05773053
0.2132292	0.05770363
0.2165625	0.05767673
0.2198958	0.05764983
0.2232292	0.05762293
0.2265625	0.05756913
0.2298958	0.05754222
0.2332292	0.05746152
0.2365625	0.05740772
0.2398958	0.05730011
0.2432292	0.05719251
0.2465625	0.0570849
0.2498958	0.05697729
0.2532292	0.05686969
0.2565625	0.05678898
0.2598958	0.05673518
0.2632292	0.05668138
0.2665625	0.05668138
0.2698958	0.05673518
0.2732292	0.05681588
0.2765625	0.05689659
0.2798958	0.0570042
0.2832292	0.0570849
0.2865625	0.0571387
0.2898958	0.0571656
0.2932292	0.05719251
0.2965625	0.0571656
0.2998958	0.0571118
0.3032292	0.057058
0.3065625	0.0570311
0.3098958	0.05697729
0.3132292	0.05697729
0.3165625	0.05697729
0.3198958	0.0570042
0.3232292	0.057058
0.3265625	0.0571118
0.3298958	0.0571656
0.3332292	0.05719251
0.3365625	0.05721941
0.3398958	0.05724631
0.3432292	0.05721941
0.3465625	0.05719251
0.3498958	0.0571387
0.3532292	0.057058
0.3565625	0.05697729
0.3598958	0.05684279
0.3632292	0.05673518
0.3665625	0.05662757
0.3698958	0.05654687
0.3732292	0.05651997
0.3765625	0.05654687
0.3798958	0.05660067
0.3832292	0.05673518
0.3865625	0.05689659
0.3898958	0.0570849
0.3932292	0.05724631
0.3965625	0.05740772
0.3998958	0.05748842
0.4032292	0.05751532
0.4065625	0.05746152
0.4098958	0.05735391
0.4132292	0.05719251
0.4165625	0.0570311
0.4198958	0.05686969
0.4232292	0.05673518
0.4265625	0.05665448
0.4298958	0.05662757
0.4332292	0.05662757
0.4365625	0.05668138
0.4398958	0.05676208
0.4432292	0.05681588
0.4465625	0.05686969
0.4498958	0.05686969
0.4532292	0.05681588
0.4565625	0.05673518
0.4598958	0.05657377
0.4632292	0.05638546
0.4665625	0.05619715
0.4698958	0.05598194
0.4732292	0.05579363
0.4765625	0.05565912
0.4798958	0.05555152
0.4832292	0.05549771
0.4865625	0.05547081
0.4898958	0.05552461
0.4932292	0.05557842
0.4965625	0.05563222
0.4998958	0.05571292
0.5032291	0.05579363
0.5065625	0.05584743
0.5098959	0.05587433
0.5132292	0.05587433
0.5165625	0.05587433
0.5198959	0.05582053
0.5232292	0.05576673
0.5265625	0.05568602
0.5298958	0.05557842
0.5332292	0.05547081
0.5365625	0.05536321
0.5398958	0.0552556
0.5432292	0.05514799
0.5465625	0.05504039
0.5498958	0.05493278
0.5532292	0.05487898
0.5565625	0.05485208
0.5598958	0.05482518
0.5632291	0.05485208
0.5665625	0.05487898
0.5698958	0.05493278
0.5732292	0.05501349
0.5765625	0.05512109
0.5798959	0.0552287
0.5832292	0.0553094
0.5865625	0.05541701
0.5898958	0.05547081
0.5932292	0.05552461
0.5965625	0.05555152
0.5998958	0.05557842
0.6032292	0.05555152
0.6065625	0.05552461
0.6098958	0.05549771
0.6132292	0.05544391
0.6165625	0.05539011
0.6198958	0.0553363
0.6232291	0.0553094
0.6265625	0.0552825
0.6298958	0.0552556
0.6332292	0.0552556
0.6365625	0.0552287
0.6398959	0.0552018
0.6432292	0.0551749
0.6465625	0.05512109
0.6498958	0.05506729
0.6532292	0.05501349
0.6565625	0.05493278
0.6598958	0.05487898
0.6632292	0.05482518
0.6665625	0.05479828
0.6698958	0.05479828
0.6732292	0.05479828
0.6765625	0.05485208
0.6798958	0.05490588
0.6832291	0.05493278
0.6865625	0.05495968
0.6898958	0.05495968
0.6932291	0.05493278
0.6965625	0.05487898
0.6998959	0.05477137
0.7032292	0.05469067
0.7065625	0.05458306
0.7098958	0.05450236
0.7132292	0.05444856
0.7165625	0.05444856
0.7198958	0.05444856
0.7232292	0.05450236
0.7265625	0.05458306
0.7298958	0.05466377
0.7332292	0.05474447
0.7365625	0.05482518
0.7398958	0.05487898
0.7432292	0.05490588
0.7465625	0.05490588
0.7498958	0.05490588
0.7532291	0.05485208
0.7565625	0.05482518
0.7598959	0.05479828
0.7632292	0.05477137
0.7665625	0.05479828
0.7698959	0.05482518
0.7732292	0.05490588
0.7765625	0.05498659
0.7798958	0.05512109
0.7832292	0.0552556
0.7865625	0.05536321
0.7898958	0.05544391
0.7932292	0.05549771
0.7965625	0.05547081
0.7998958	0.05539011
0.8032292	0.0552556
0.8065625	0.05506729
0.8098958	0.05485208
0.8132291	0.05463687
0.8165625	0.05442166
0.8198958	0.05420644
0.8232292	0.05404503
0.8265625	0.05393743
0.8298959	0.05388363
0.8332292	0.05388363
0.8365625	0.05391053
0.8398958	0.05399123
0.8432292	0.05409884
0.8465625	0.05426025
0.8498958	0.05442166
0.8532292	0.05458306
0.8565625	0.05474447
0.8598958	0.05490588
0.8632292	0.05504039
0.8665625	0.05514799
0.8698958	0.0552556
0.8732291	0.0553363
0.8765625	0.05539011
0.8798958	0.05541701
0.8832292	0.05541701
0.8865625	0.05539011
0.8898959	0.05536321
0.8932292	0.0552825
0.8965625	0.0552018
0.8998958	0.05512109
0.9032292	0.05498659
0.9065625	0.05487898
0.9098958	0.05474447
0.9132292	0.05463687
0.9165625	0.05452926
0.9198958	0.05444856
0.9232292	0.05436785
0.9265625	0.05428715
0.9298958	0.05423335
0.9332291	0.05415264
0.9365625	0.05409884
0.9398958	0.05407194
0.9432291	0.05401813
0.9465625	0.05401813
0.9498959	0.05404503
0.9532292	0.05407194
0.9565625	0.05415264
0.9598958	0.05426025
0.9632292	0.05436785
0.9665625	0.05444856
0.9698958	0.05452926
0.9732292	0.05458306
0.9765625	0.05458306
0.9798958	0.05452926
0.9832292	0.05442166
0.9865625	0.05428715
0.9898958	0.05412574
0.9932292	0.05393743
0.9965625	0.05380292
0.9998958	0.05366841
1.003229	0.05358771
1.006562	0.05356081
1.009896	0.05356081
1.013229	0.05361461
1.016562	0.05366841
1.019896	0.05377602
1.023229	0.05385672
1.026562	0.05393743
1.029896	0.05401813
1.033229	0.05407194
1.036562	0.05412574
1.039896	0.05415264
1.043229	0.05417954
1.046563	0.05417954
1.049896	0.05420644
1.053229	0.05426025
1.056563	0.05428715
1.059896	0.05434095
1.063229	0.05436785
1.066563	0.05442166
1.069896	0.05444856
1.073229	0.05444856
1.076563	0.05444856
1.079896	0.05442166
1.083229	0.05436785
1.086563	0.05431405
1.089896	0.05423335
1.093229	0.05412574
1.096563	0.05404503
1.099896	0.05393743
1.103229	0.05385672
1.106562	0.05377602
1.109896	0.05372222
1.113229	0.05369532
1.116562	0.05366841
1.119896	0.05364151
1.123229	0.05361461
1.126562	0.05358771
1.129896	0.05353391
1.133229	0.0534532
1.136562	0.0533725
1.139896	0.05329179
1.143229	0.05315729
1.146562	0.05304968
1.149896	0.05294207
1.153229	0.05283447
1.156562	0.05275376
1.159896	0.05272686
1.163229	0.05269996
1.166563	0.05272686
1.169896	0.05278067
1.173229	0.05286137
1.176563	0.05299588
1.179896	0.05315729
1.183229	0.0533187
1.186563	0.0534532
1.189896	0.05358771
1.193229	0.05369532
1.196563	0.05372222
1.199896	0.05369532
1.203229	0.05361461
1.206563	0.0534801
1.209896	0.0533187
1.213229	0.05310348
1.216563	0.05291517
1.219896	0.05275376
1.223229	0.05261926
1.226563	0.05253855
1.229896	0.05253855
1.233229	0.05256545
1.236562	0.05267306
1.239896	0.05278067
1.243229	0.05288827
1.246562	0.05302278
1.249896	0.05310348
1.253229	0.05315729
1.256562	0.05318419
1.259896	0.05318419
1.263229	0.05315729
1.266562	0.05310348
1.269896	0.05307658
1.273229	0.05307658
1.276562	0.05307658
1.279896	0.05313039
1.283229	0.05321109
1.286562	0.05329179
1.289896	0.0533725
1.293229	0.0534532
1.296563	0.0534801
1.299896	0.0534801
1.303229	0.0534263
1.306563	0.0533725
1.309896	0.05326489
1.313229	0.05318419
1.316563	0.05307658
1.319896	0.05296898
1.323229	0.05288827
1.326563	0.05283447
1.329896	0.05280757
1.333229	0.05278067
1.336563	0.05275376
1.339896	0.05272686
1.343229	0.05272686
1.346563	0.05272686
1.349896	0.05272686
1.353229	0.05272686
1.356562	0.05272686
1.359896	0.05275376
1.363229	0.05275376
1.366562	0.05278067
1.369896	0.05280757
1.373229	0.05280757
1.376562	0.05278067
1.379896	0.05275376
1.383229	0.05267306
1.386562	0.05256545
1.389896	0.05245785
1.393229	0.05232334
1.396562	0.05216193
1.399896	0.05202742
1.403229	0.05191982
1.406562	0.05186602
1.409896	0.05183911
1.413229	0.05186602
1.416563	0.05191982
1.419896	0.05202742
1.423229	0.05216193
1.426563	0.05229644
1.429896	0.05243095
1.433229	0.05253855
1.436563	0.05264616
1.439896	0.05269996
1.443229	0.05275376
1.446563	0.05278067
1.449896	0.05280757
1.453229	0.05280757
1.456563	0.05283447
1.459896	0.05283447
1.463229	0.05286137
1.466563	0.05286137
1.469896	0.05288827
1.473229	0.05286137
1.476563	0.05280757
1.479896	0.05272686
1.483229	0.05261926
1.486562	0.05248475
1.489896	0.05232334
1.493229	0.05218883
1.496562	0.05205433
1.499896	0.05191982
1.503229	0.05183911
1.506562	0.05178531
1.509896	0.05175841
1.513229	0.05175841
1.516562	0.05178531
1.519896	0.05181221
1.523229	0.05186602
1.526562	0.05189292
1.529896	0.05189292
1.533229	0.05189292
1.536562	0.05186602
1.539896	0.05183911
1.543229	0.05178531
1.546563	0.05173151
1.549896	0.05167771
1.553229	0.0516508
1.556563	0.0516239
1.559896	0.0516239
1.563229	0.0516508
1.566563	0.05167771
1.569896	0.05173151
1.573229	0.05178531
1.576563	0.05181221
1.579896	0.05183911
1.583229	0.05186602
1.586563	0.05189292
1.589896	0.05191982
1.593229	0.05194672
1.596563	0.05197362
1.599896	0.05200052
1.603229	0.05200052
1.606562	0.05194672
1.609896	0.05189292
1.613229	0.05178531
1.616562	0.05167771
1.619896	0.0515163
1.623229	0.05132799
1.626562	0.05116658
1.629896	0.05103207
1.633229	0.05095137
1.636562	0.05092446
1.639896	0.05095137
1.643229	0.05105897
1.646562	0.05116658
1.649896	0.05132799
1.653229	0.0514894
1.656562	0.0516508
1.659896	0.05175841
1.663229	0.05183911
1.666563	0.05183911
1.669896	0.05181221
1.673229	0.05170461
1.676563	0.0515701
1.679896	0.05138179
1.683229	0.05119348
1.686563	0.05100517
1.689896	0.05084376
1.693229	0.05068235
1.696563	0.05060165
1.699896	0.05054784
1.703229	0.05057475
1.706563	0.05062855
1.709896	0.05070925
1.713229	0.05084376
1.716563	0.05100517
1.719896	0.05116658
1.723229	0.05130108
1.726563	0.05140869
1.729896	0.0515163
1.733229	0.0515701
1.736562	0.0516239
1.739896	0.0516239
1.743229	0.051597
1.746562	0.0515701
1.749896	0.0515432
1.753229	0.0515432
1.756562	0.0515432
1.759896	0.0515701
1.763229	0.051597
1.766562	0.0516508
1.769896	0.05170461
1.773229	0.05178531
1.776562	0.05186602
1.779896	0.05194672
1.783229	0.05205433
1.786562	0.05216193
1.789896	0.05229644
1.793229	0.05245785
1.796563	0.05261926
1.799896	0.05280757
1.803229	0.05294207
1.806563	0.05307658
1.809896	0.05315729
1.813229	0.05315729
1.816563	0.05310348
1.819896	0.05296898
1.823229	0.05283447
1.826563	0.05264616
1.829896	0.05251165
1.833229	0.05237714
1.836563	0.05232334
1.839896	0.05232334
1.843229	0.05237714
1.846563	0.05251165
1.849896	0.05269996
1.853229	0.05291517
1.856562	0.05315729
1.859896	0.0533994
1.863229	0.05364151
1.866562	0.05385672
1.869896	0.05401813
1.873229	0.05415264
1.876562	0.05426025
1.879896	0.05434095
1.883229	0.05439475
1.886562	0.05444856
1.889896	0.05452926
1.893229	0.05460997
1.896562	0.05471757
1.899896	0.05487898
1.903229	0.05506729
1.906562	0.0552825
1.909896	0.05555152
1.913229	0.05582053
1.916563	0.05611645
1.919896	0.05641236
1.923229	0.05668138
1.926563	0.05692349
1.929896	0.0570849
1.933229	0.05721941
1.936563	0.05732701
1.939896	0.05740772
1.943229	0.05746152
1.946563	0.05751532
1.949896	0.05762293
1.953229	0.05775744
1.956563	0.05791885
1.959896	0.05813406
1.963229	0.05840307
1.966563	0.05867209
1.969896	0.0589411
1.973229	0.05915631
1.976563	0.05934462
1.979896	0.05947913
1.983229	0.05958674
1.986562	0.05966744
1.989896	0.05972124
1.993229	0.05977505
1.996562	0.05982885
1.999896	0.05988265
2.003229	0.05993645
2.006562	0.06001716
2.009896	0.06004406
2.013229	0.06007096
2.016562	0.06004406
2.019896	0.05999026
2.023229	0.05988265
2.026562	0.05972124
2.029896	0.05953293
2.033229	0.05934462
2.036562	0.05915631
2.039896	0.058968
2.043229	0.05877969
2.046562	0.05864518
2.049896	0.05853758
2.053229	0.05845687
2.056562	0.05842997
2.059896	0.05842997
2.063229	0.05840307
2.066562	0.05840307
2.069896	0.05834927
2.073229	0.05829547
2.076562	0.05818786
2.079896	0.05805335
2.083229	0.05786504
2.086562	0.05764983
2.089896	0.05743462
2.093229	0.05719251
2.096562	0.0570042
2.099896	0.05684279
2.103229	0.05670828
2.106563	0.05665448
2.109896	0.05662757
2.113229	0.05662757
2.116563	0.05665448
2.119896	0.05668138
2.123229	0.05670828
2.126563	0.05668138
2.129896	0.05662757
2.133229	0.05654687
2.136563	0.05641236
2.139896	0.05627786
2.143229	0.05608955
2.146563	0.05590124
2.149896	0.05568602
2.153229	0.05547081
2.156563	0.0552556
2.159896	0.05501349
2.163229	0.05477137
2.166563	0.05452926
2.169896	0.05426025
2.173229	0.05401813
2.176563	0.05377602
2.179896	0.05356081
2.183229	0.0533456
2.186563	0.05315729
2.189896	0.05302278
2.193229	0.05288827
2.196563	0.05283447
2.199896	0.05280757
2.203229	0.05283447
2.206563	0.05288827
2.209896	0.05299588
2.213229	0.05310348
2.216563	0.05321109
2.219896	0.0533187
2.223229	0.0534263
2.226563	0.0534801
2.229896	0.05350701
2.233229	0.05350701
2.236562	0.0534801
2.239896	0.0533994
2.243229	0.0533456
2.246562	0.05326489
2.249896	0.05321109
2.253229	0.05315729
2.256562	0.05313039
2.259896	0.05313039
2.263229	0.05313039
2.266562	0.05318419
2.269896	0.05326489
2.273229	0.0533456
2.276562	0.0534801
2.279896	0.05361461
2.283229	0.05377602
2.286562	0.05393743
2.289896	0.05404503
2.293229	0.05415264
2.296562	0.05417954
2.299896	0.05417954
2.303229	0.05412574
2.306562	0.05401813
2.309896	0.05388363
2.313229	0.05369532
2.316562	0.05350701
2.319896	0.0533456
2.323229	0.05315729
2.326562	0.05302278
2.329896	0.05288827
2.333229	0.05280757
2.336562	0.05275376
2.339896	0.05275376
2.343229	0.05278067
2.346562	0.05286137
2.349896	0.05294207
2.353229	0.05302278
2.356563	0.05313039
2.359896	0.05321109
2.363229	0.05326489
2.366563	0.05326489
2.369896	0.05323799
2.373229	0.05315729
2.376563	0.05302278
2.379896	0.05288827
2.383229	0.05275376
2.386563	0.05261926
2.389896	0.05251165
2.393229	0.05243095
2.396563	0.05237714
2.399896	0.05235024
2.403229	0.05235024
2.406563	0.05235024
2.409896	0.05235024
2.413229	0.05229644
2.416563	0.05221573
2.419896	0.05210813
2.423229	0.05191982
2.426563	0.05173151
2.429896	0.0514894
2.433229	0.05127418
2.436563	0.05105897
2.439896	0.05087066
2.443229	0.05076306
2.446563	0.05068235
2.449896	0.05065545
2.453229	0.05065545
2.456563	0.05070925
2.459896	0.05076306
2.463229	0.05084376
2.466563	0.05089756
2.469896	0.05097827
2.473229	0.05103207
2.476563	0.05108587
2.479896	0.05111277
2.483229	0.05113968
2.486562	0.05119348
2.489896	0.05122038
2.493229	0.05127418
2.496562	0.05132799
2.499896	0.05138179
2.503229	0.05143559
2.506562	0.0514894
2.509896	0.0515432
2.513229	0.051597
2.516562	0.0516239
2.519896	0.0516508
2.523229	0.0516508
2.526562	0.0516239
2.529896	0.0515701
2.533229	0.0515163
2.536562	0.05143559
2.539896	0.05132799
2.543229	0.05122038
2.546562	0.05111277
2.549896	0.05100517
2.553229	0.05089756
2.556562	0.05081686
2.559896	0.05070925
2.563229	0.05062855
2.566562	0.05052094
2.569896	0.05044024
2.573229	0.05035953
2.576562	0.05027883
2.579896	0.05025193
2.583229	0.05019813
2.586562	0.05019813
2.589896	0.05019813
2.593229	0.05019813
2.596562	0.05019813
2.599896	0.05017122
2.603229	0.05014432
2.606563	0.05011742
2.609896	0.05003672
2.613229	0.04995601
2.616563	0.04987531
2.619896	0.0497946
2.623229	0.0497139
2.626563	0.0496601
2.629896	0.0496601
2.633229	0.0497139
2.636563	0.0497946
2.639896	0.04992911
2.643229	0.05011742
2.646563	0.05033263
2.649896	0.05057475
2.653229	0.05078996
2.656563	0.05100517
2.659896	0.05116658
2.663229	0.05127418
2.666563	0.05132799
2.669896	0.05132799
2.673229	0.05127418
2.676563	0.05122038
2.679896	0.05113968
2.683229	0.05108587
2.686563	0.05108587
2.689896	0.05111277
2.693229	0.05122038
2.696563	0.05135489
2.699896	0.0515432
2.703229	0.05173151
2.706563	0.05194672
2.709896	0.05216193
2.713229	0.05237714
2.716563	0.05256545
2.719896	0.05275376
2.723229	0.05288827
2.726563	0.05304968
2.729896	0.05321109
2.733229	0.0533725
2.736562	0.05353391
2.739896	0.05372222
2.743229	0.05385672
2.746562	0.05401813
2.749896	0.05412574
2.753229	0.05420644
2.756562	0.05426025
2.759896	0.05428715
2.763229	0.05431405
2.766562	0.05431405
2.769896	0.05431405
2.773229	0.05434095
2.776562	0.05439475
2.779896	0.05447546
2.783229	0.05460997
2.786562	0.05474447
2.789896	0.05487898
2.793229	0.05504039
2.796562	0.0551749
2.799896	0.0552825
2.803229	0.05539011
2.806562	0.05547081
2.809896	0.05552461
2.813229	0.05555152
2.816562	0.05557842
2.819896	0.05557842
2.823229	0.05557842
2.826562	0.05557842
2.829896	0.05557842
2.833229	0.05560532
2.836562	0.05560532
2.839896	0.05563222
2.843229	0.05563222
2.846562	0.05565912
2.849896	0.05563222
2.853229	0.05560532
2.856563	0.05555152
2.859896	0.05547081
2.863229	0.05536321
2.866563	0.0552556
2.869896	0.05514799
2.873229	0.05501349
2.876563	0.05493278
2.879896	0.05485208
2.883229	0.05482518
2.886563	0.05479828
2.889896	0.05479828
2.893229	0.05482518
2.896563	0.05485208
2.899896	0.05485208
2.903229	0.05485208
2.906563	0.05482518
2.909896	0.05479828
2.913229	0.05474447
2.916563	0.05469067
2.919896	0.05466377
2.923229	0.05460997
2.926563	0.05458306
2.929896	0.05455616
2.933229	0.05450236
2.936563	0.05444856
2.939896	0.05436785
2.943229	0.05426025
2.946563	0.05412574
2.949896	0.05399123
2.953229	0.05382982
2.956563	0.05366841
2.959896	0.05353391
2.963229	0.0534263
2.966563	0.0533725
2.969896	0.0533725
2.973229	0.0533994
2.976563	0.0534532
2.979896	0.05350701
2.983229	0.05353391
2.986562	0.05356081
2.989896	0.05353391
2.993229	0.0534532
2.996562	0.0533456
2.999896	0.05318419
3.003229	0.05299588
3.006562	0.05280757
3.009896	0.05261926
3.013229	0.05245785
3.016562	0.05232334
3.019896	0.05224264
3.023229	0.05216193
3.026562	0.05210813
3.029896	0.05208123
3.033229	0.05205433
3.036562	0.05202742
3.039896	0.05200052
3.043229	0.05194672
3.046562	0.05186602
3.049896	0.05178531
3.053229	0.05173151
3.056562	0.05167771
3.059896	0.0516508
3.063229	0.0516239
3.066562	0.0516239
3.069896	0.0516239
3.073229	0.051597
3.076562	0.0515701
3.079896	0.0515163
3.083229	0.05143559
3.086562	0.05130108
3.089896	0.05116658
3.093229	0.05100517
3.096562	0.05081686
3.099896	0.05068235
3.103229	0.05054784
3.106563	0.05046714
3.109896	0.05044024
3.113229	0.05046714
3.116563	0.05054784
3.119896	0.05065545
3.123229	0.05078996
3.126563	0.05095137
3.129896	0.05111277
3.133229	0.05127418
3.136563	0.05140869
3.139896	0.0515163
3.143229	0.051597
3.146563	0.05167771
3.149896	0.05173151
3.153229	0.05175841
3.156563	0.05178531
3.159896	0.05178531
3.163229	0.05181221
3.166563	0.05181221
3.169896	0.05181221
3.173229	0.05183911
3.176563	0.05183911
3.179896	0.05183911
3.183229	0.05186602
3.186563	0.05183911
3.189896	0.05183911
3.193229	0.05183911
3.196563	0.05181221
3.199896	0.05178531
3.203229	0.05175841
3.206563	0.05175841
3.209896	0.05178531
3.213229	0.05183911
3.216563	0.05194672
3.219896	0.05210813
3.223229	0.05229644
3.226563	0.05251165
3.229896	0.05278067
3.233229	0.05304968
3.236562	0.0533456
3.239896	0.05361461
3.243229	0.05385672
3.246562	0.05407194
3.249896	0.05420644
3.253229	0.05431405
3.256562	0.05436785
3.259896	0.05436785
3.263229	0.05436785
3.266562	0.05434095
3.269896	0.05434095
3.273229	0.05436785
3.276562	0.05447546
3.279896	0.05460997
3.283229	0.05482518
3.286562	0.05509419
3.289896	0.05539011
3.293229	0.05571292
3.296562	0.05606264
3.299896	0.05638546
3.303229	0.05673518
3.306562	0.0570311
3.309896	0.05732701
3.313229	0.05762293
3.316562	0.05786504
3.319896	0.05813406
3.323229	0.05842997
3.326562	0.05872589
3.329896	0.05904871
3.333229	0.05942533
3.336562	0.05985575
3.339896	0.06031308
3.343229	0.0608242
3.346562	0.06136223
3.349896	0.06192716
3.353229	0.062519
3.356563	0.06313773
3.359896	0.06381027
3.363229	0.0644828
3.366563	0.06520914
3.369896	0.06598928
3.373229	0.06682323
3.376563	0.06773788
3.379896	0.06870633
3.383229	0.06975549
3.386563	0.07083155
3.389896	0.07196141
3.393229	0.07311817
3.396563	0.07430184
3.399896	0.0754855
3.403229	0.07669606
3.406563	0.07793353
3.409896	0.0791979
3.413229	0.08048917
3.416563	0.08183425
3.419896	0.08323312
3.423229	0.0847127
3.426563	0.08624609
3.429896	0.08783327
3.433229	0.08950116
3.436563	0.09124976
3.439896	0.09305215
3.443229	0.09493526
3.446563	0.09684526
3.449896	0.09883597
3.453229	0.1008267
3.456563	0.1028712
3.459896	0.1049426
3.463229	0.1070409
3.466563	0.1091661
3.469896	0.1113451
3.473229	0.1135511
3.476563	0.1158377
3.479896	0.118205
3.483229	0.12068
3.486562	0.1232625
3.489896	0.1259795
3.493229	0.1288042
3.496562	0.1317634
3.499896	0.134857
3.503229	0.1380314
3.506562	0.1413134
3.509896	0.1446492
3.513229	0.1480387
3.516562	0.1514821
3.519896	0.1549255
3.523229	0.1584227
3.526562	0.1619199
3.529896	0.165444
3.533229	0.1690219
3.536562	0.1726536
3.539896	0.176366
3.543229	0.180186
3.546562	0.1841405
3.549896	0.1882026
3.553229	0.1923723
3.556562	0.1966766
3.559896	0.2010884
3.563229	0.205581
3.566562	0.210208
3.569896	0.2149158
3.573229	0.2197311
3.576562	0.2246541
3.579896	0.2297385
3.583229	0.2349843
3.586562	0.2403915
3.589896	0.2460139
3.593229	0.2518246
3.596562	0.2578505
3.599896	0.2640648
3.603229	0.2704673
3.606563	0.2770851
3.609896	0.2838642
3.613229	0.2908317
3.616563	0.2979606
3.619896	0.3052778
3.623229	0.3127564
3.626563	0.3203695
3.629896	0.328144
3.633229	0.33608
3.636563	0.3441235
3.639896	0.3523016
3.643229	0.3605334
3.646563	0.368846
3.649896	0.3771854
3.653229	0.3855249
3.656563	0.3938912
3.659896	0.4022038
3.663229	0.4104625
3.666563	0.4186675
3.669896	0.4267917
3.673229	0.4347814
3.676563	0.4426636
3.679896	0.4503574
3.683229	0.4578898
3.686563	0.4651801
3.689896	0.4722283
3.693229	0.4790074
3.696563	0.4854638
3.699896	0.4916511
3.703229	0.4975156
3.706563	0.5030842
3.709896	0.50833
3.713229	0.5133068
3.716563	0.5180414
3.719896	0.522534
3.723229	0.5268651
3.726563	0.5310348
3.729896	0.5351239
3.733229	0.5391322
3.736562	0.5431405
3.739896	0.5471757
3.743229	0.5512916
3.746562	0.555569
3.749896	0.5600615
3.753229	0.5648231
3.756562	0.5699343
3.759896	0.575476
3.763229	0.5815289
3.766562	0.5881466
3.769896	0.5954638
3.773229	0.6035074
3.776562	0.6124118
3.779896	0.6222577
3.783229	0.6331259
3.786562	0.645124
3.789896	0.6583595
3.793229	0.6729132
3.796562	0.6888927
3.799896	0.7063517
3.803229	0.7253979
3.806562	0.7460314
3.809896	0.7683058
3.813229	0.7922481
3.816562	0.8178045
3.819896	0.8449749
3.823229	0.8737326
3.826562	0.9039698
3.829896	0.9356598
3.833229	0.9686947
3.836562	1.003021
3.839896	1.038477
3.843229	1.074982
3.846562	1.112375
3.849896	1.150495
3.853229	1.189125
3.856563	1.228106
3.859896	1.267193
3.863229	1.306201
3.866563	1.344885
3.869896	1.383004
3.873229	1.42037
3.876563	1.456741
3.879896	1.491901
3.883229	1.525663
3.886563	1.557837
3.889896	1.588235
3.893229	1.616643
3.896563	1.642953
3.899896	1.666976
3.903229	1.688551
3.906563	1.70757
3.909896	1.723926
3.913229	1.737565
3.916563	1.74838
3.919896	1.75637
3.923229	1.761535
3.926563	1.763848
3.929896	1.763364
3.933229	1.760136
3.936563	1.754244
3.939896	1.74577
3.943229	1.734795
3.946563	1.721425
3.949896	1.705768
3.953229	1.687986
3.956563	1.668213
3.959896	1.646558
3.963229	1.62318
3.966563	1.598243
3.969896	1.571933
3.973229	1.544386
3.976563	1.515763
3.979896	1.486225
3.983229	1.455934
3.986562	1.425024
3.989896	1.393684
3.993229	1.362048
3.996562	1.330277
3.999896	1.298534
4.003229	1.266951
4.006563	1.235692
4.009896	1.20489
4.013229	1.174679
4.016562	1.145168
4.019896	1.116464
4.023229	1.088595
4.026563	1.061693
4.029896	1.035787
4.033229	1.01093
4.036562	0.987176
4.039896	0.9646057
4.043229	0.9432728
4.046563	0.9232582
4.049896	0.9046155
4.053229	0.8874792
4.056562	0.8718764
4.059896	0.8579683
4.063229	0.8458089
4.066563	0.8355325
4.069896	0.8272738
4.073229	0.8212209
4.076562	0.8174816
4.079896	0.8162711
4.083229	0.8178314
4.086563	0.8223777
4.089896	0.8302329
4.093229	0.8416661
4.096562	0.8570268
4.099896	0.8767187
4.103229	0.9011452
4.106563	0.9307906
4.109896	0.9661122
4.113229	1.007675
4.116562	1.056044
4.119896	1.11181
4.123229	1.175621
4.126563	1.248093
4.129896	1.329901
4.133229	1.421662
4.136562	1.524075
4.139896	1.637761
4.143229	1.763337
4.146563	1.901395
4.149896	2.052447
4.153229	2.216976
4.156562	2.395333
4.159896	2.587813
4.163229	2.794578
4.166563	3.015654
4.169896	3.250934
4.173229	3.500203
4.176562	3.76303
4.179896	4.038851
4.183229	4.326939
4.186563	4.626406
4.189896	4.936149
4.193229	5.254932
4.196562	5.5813
4.199896	5.913749
4.203229	6.250474
4.206563	6.589702
4.209896	6.929413
4.213229	7.267645
4.216562	7.602218
4.219896	7.931062
4.223229	8.252023
4.226563	8.562923
4.229896	8.861691
4.233229	9.146309
4.236563	9.414759
4.239896	9.665265
4.243229	9.896053
4.246562	10.10559
4.249896	10.29247
4.253229	10.45558
4.256563	10.59388
4.259896	10.70662
4.263229	10.7933
4.266562	10.85361
4.269896	10.88751
4.273229	10.89512
4.276563	10.87685
4.279896	10.8333
4.283229	10.76521
4.286562	10.67359
4.289896	10.55947
4.293229	10.42418
4.296563	10.2691
4.299896	10.09566
4.303229	9.905495
4.306562	9.700183
4.309896	9.481421
4.313229	9.250902
4.316563	9.010349
4.319896	8.761483
4.323229	8.505892
4.326562	8.245244
4.329896	7.981072
4.333229	7.714801
4.336563	7.447831
4.339896	7.181426
4.343229	6.91677
4.346562	6.654884
4.349896	6.396737
4.353229	6.143191
4.356563	5.894971
4.359896	5.652751
4.363229	5.417067
4.366562	5.188324
4.369896	4.966952
4.373229	4.753166
4.376563	4.547181
4.379896	4.349105
4.383229	4.158993
4.386562	3.976843
4.389896	3.802602
4.393229	3.636163
4.396563	3.477364
4.399896	3.326016
4.403229	3.181932
4.406562	3.044869
4.409896	2.914558
4.413229	2.790758
4.416563	2.673171
4.419896	2.56153
4.423229	2.455592
4.426562	2.355035
4.429896	2.259588
4.433229	2.169038
4.436563	2.083088
4.439896	2.001496
4.443229	1.924046
4.446562	1.850498
4.449896	1.780635
4.453229	1.714269
4.456563	1.651212
4.459896	1.591275
4.463229	1.534271
4.466562	1.480065
4.469896	1.428521
4.473229	1.379426
4.476563	1.332725
4.479896	1.288257
4.483229	1.245914
4.486563	1.205562
4.489896	1.167147
4.493229	1.130588
4.496562	1.09575
4.499896	1.062608
4.503229	1.031079
4.506563	1.001057
4.509896	0.9725147
4.513229	0.9453173
4.516562	0.9194651
4.519896	0.8948502
4.523229	0.8714191
4.526563	0.8491178
4.529896	0.8278656
4.533229	0.8076626
4.536562	0.7884819
4.539896	0.7702696
4.543229	0.7530257
4.546563	0.7367235
4.549896	0.7213358
4.553229	0.7068359
4.556562	0.6931969
4.559896	0.6803918
4.563229	0.6683668
4.566563	0.6571489
4.569896	0.6466843
4.573229	0.6369997
4.576562	0.6280416
4.579896	0.6198904
4.583229	0.6125194
4.586563	0.6059554
4.589896	0.6001985
4.593229	0.5953293
4.596562	0.591321
4.599896	0.5882273
4.603229	0.5860483
4.606563	0.5848378
4.609896	0.5846225
4.613229	0.5854834
4.616562	0.5874741
4.619896	0.5906754
4.623229	0.5951948
4.626563	0.6011131
4.629896	0.6085917
4.633229	0.6177114
4.636562	0.6286603
4.639896	0.6415461
4.643229	0.656584
4.646563	0.6739085
4.649896	0.6936811
4.653229	0.7161438
4.656562	0.7414312
4.659896	0.7697854
4.663229	0.8013677
4.666563	0.8363934
4.669896	0.8750239
4.673229	0.9174744
4.676562	0.9638793
4.679896	1.014454
4.683229	1.069306
4.686563	1.128678
4.689896	1.192649
4.693229	1.261437
4.696562	1.33512
4.699896	1.413833
4.703229	1.497739
4.706563	1.586863
4.709896	1.681341
4.713229	1.781146
4.716562	1.886357
4.719896	1.996976
4.723229	2.113029
4.726563	2.234543
4.729896	2.361545
4.733229	2.494169
4.736563	2.63247
4.739896	2.776688
4.743229	2.927014
4.746562	3.083795
4.749896	3.247464
4.753229	3.418638
4.756563	3.59807
4.759896	3.786677
4.763229	3.985694
4.766562	4.196547
4.769896	4.42104
4.773229	4.661297
4.776563	4.91974
4.779896	5.1993
4.783229	5.503286
4.786562	5.835385
4.789896	6.199819
4.793229	6.601215
4.796563	7.044713
4.799896	7.535933
4.803229	8.080903
4.806562	8.686132
4.809896	9.358454
4.813229	10.10508
4.816563	10.93343
4.819896	11.85106
4.823229	12.86557
4.826562	13.98443
4.829896	15.21496
4.833229	16.56398
4.836563	18.038
4.839896	19.64272
4.843229	21.38309
4.846562	23.26307
4.849896	25.28536
4.853229	27.45136
4.856563	29.76087
4.859896	32.21202
4.863229	34.80099
4.866562	37.522
4.869896	40.36723
4.873229	43.32674
4.876563	46.38861
4.879896	49.53894
4.883229	52.76184
4.886562	56.03967
4.889896	59.35315
4.893229	62.68153
4.896563	66.0029
4.899896	69.29418
4.903229	72.5317
4.906562	75.69117
4.909896	78.7483
4.913229	81.67898
4.916563	84.4597
4.919896	87.06796
4.923229	89.48255
4.926562	91.68384
4.929896	93.65416
4.933229	95.37806
4.936563	96.84247
4.939896	98.03687
4.943229	98.95351
4.946562	99.58733
4.949896	99.936
4.953229	100
4.956563	99.78242
4.959896	99.28897
4.963229	98.52774
4.966562	97.50919
4.969896	96.24574
4.973229	94.75179
4.976563	93.04328
4.979896	91.13764
4.983229	89.05331
4.986563	86.80968
4.989896	84.42658
4.993229	81.92407
4.996562	79.32219
4.999896	76.64057
5.003229	73.89845
5.006563	71.11429
5.009896	68.30563
5.013229	65.48908
5.016562	62.68005
5.019896	59.89285
5.023229	57.14056
5.026563	54.43497
5.029896	51.78658
5.033229	49.20455
5.036562	46.69674
5.039896	44.26964
5.043229	41.92851
5.046563	39.67748
5.049896	37.5195
5.053229	35.45642
5.056562	33.48923
5.059896	31.61804
5.063229	29.84225
5.066563	28.16056
5.069896	26.57117
5.073229	25.07179
5.076562	23.65965
5.079896	22.33174
5.083229	21.08469
5.086563	19.91502
5.089896	18.819
5.093229	17.79284
5.096562	16.83278
5.099896	15.935
5.103229	15.0957
5.106563	14.31125
5.109896	13.57814
5.113229	12.8929
5.116562	12.25227
5.119896	11.65315
5.123229	11.09258
5.126563	10.56773
5.129896	10.07597
5.133229	9.614771
5.136562	9.181846
5.139896	8.774988
5.143229	8.39218
5.146563	8.031539
5.149896	7.691397
5.153229	7.370166
5.156562	7.066395
5.159896	6.778792
5.163229	6.506146
5.166563	6.247354
5.169896	6.001394
5.173229	5.767351
5.176562	5.544365
5.179896	5.331682
5.183229	5.128629
5.186563	4.934589
5.189896	4.749023
5.193229	4.5715
5.196562	4.401536
5.199896	4.238809
5.203229	4.082969
5.206563	3.93372
5.209896	3.790739
5.213229	3.653837
5.216562	3.52272
5.219896	3.39717
5.223229	3.277029
5.226563	3.162106
5.229896	3.05224
5.233229	2.947297
5.236563	2.847143
5.239896	2.75167
5.243229	2.660743
5.246562	2.574228
5.249896	2.492017
5.253229	2.414003
5.256563	2.340024
5.259896	2.269972
5.263229	2.203741
5.266562	2.141141
5.269896	2.082092
5.273229	2.02646
5.276563	1.974056
5.279896	1.924746
5.283229	1.878421
5.286562	1.834868
5.289896	1.793924
5.293229	1.755401
5.296563	1.719138
5.299896	1.684973
5.303229	1.652691
5.306562	1.622158
5.309896	1.593185
5.313229	1.565638
5.316563	1.539302
5.319896	1.514095
5.323229	1.489857
5.326562	1.466453
5.329896	1.443748
5.333229	1.421635
5.336563	1.400006
5.339896	1.378754
5.343229	1.357798
5.346562	1.33703
5.349896	1.316396
5.353229	1.295843
5.356563	1.275318
5.359896	1.254792
5.363229	1.234212
5.366562	1.213579
5.369896	1.192865
5.373229	1.172124
5.376563	1.151302
5.379896	1.130453
5.383229	1.109578
5.386562	1.088675
5.389896	1.0678
5.393229	1.046924
5.396563	1.026102
5.399896	1.005308
5.403229	0.9845935
5.406562	0.96396
5.409896	0.9434342
5.413229	0.9230161
5.416563	0.9027324
5.419896	0.8826639
5.423229	0.8627837
5.426562	0.8431456
5.429896	0.8238035
5.433229	0.8047304
5.436563	0.7860338
5.439896	0.767687
5.443229	0.7497169
5.446562	0.7321233
5.449896	0.7149602
5.453229	0.6981737
5.456563	0.6818176
5.459896	0.6658919
5.463229	0.6503429
5.466562	0.6352242
5.469896	0.6204822
5.473229	0.6061437
5.476563	0.5922088
5.479896	0.5786235
5.483229	0.5654418
5.486563	0.5526098
5.489896	0.5401544
5.493229	0.5280757
5.496562	0.5163197
5.499896	0.5049404
5.503229	0.4939108
5.506563	0.4832041
5.509896	0.472847
5.513229	0.4628128
5.516562	0.4531013
5.519896	0.4437127
5.523229	0.4346469
5.526563	0.4258771
5.529896	0.4174031
5.533229	0.4091981
5.536562	0.4012622
5.539896	0.3935684
5.543229	0.3861167
5.546563	0.3788533
5.549896	0.3717782
5.553229	0.3649183
5.556562	0.3582199
5.559896	0.3517366
5.563229	0.3453879
5.566563	0.3392274
5.569896	0.3332553
5.573229	0.3274177
5.576562	0.3217684
5.579896	0.3162805
5.583229	0.310954
5.586563	0.305762
5.589896	0.3007045
5.593229	0.2958085
5.596562	0.2910469
5.599896	0.2864468
5.603229	0.2819811
5.606563	0.2776231
5.609896	0.2734265
5.613229	0.2693374
5.616562	0.2653829
5.619896	0.261536
5.623229	0.2577967
5.626563	0.254165
5.629896	0.2506409
5.633229	0.2471706
5.636562	0.243808
5.639896	0.240526
5.643229	0.2372978
5.646563	0.2341234
5.649896	0.2310029
5.653229	0.2279361
5.656562	0.2248693
5.659896	0.2218026
5.663229	0.2187627
5.666563	0.2157228
5.669896	0.212683
5.673229	0.20967
5.676562	0.2066839
5.679896	0.2037517
5.683229	0.2008732
5.686563	0.1980755
5.689896	0.1953584
5.693229	0.1926952
5.696562	0.1901126
5.699896	0.1875839
5.703229	0.1851359
5.706563	0.1827147
5.709896	0.1803205
5.713229	0.1779801
5.716562	0.1756665
5.719896	0.1734068
5.723229	0.1712009
5.726563	0.1690219
5.729896	0.1669236
5.733229	0.1648791
5.736563	0.1628884
5.739896	0.1609783
5.743229	0.1591221
5.746562	0.1573197
5.749896	0.1555981
5.753229	0.1539033
5.756563	0.1522623
5.759896	0.1506482
5.763229	0.149061
5.766562	0.1475276
5.769896	0.1459942
5.773229	0.1445147
5.776563	0.143062
5.779896	0.1416362
5.783229	0.1402642
5.786562	0.1389461
5.789896	0.1377086
5.793229	0.1365249
5.796563	0.1353951
5.799896	0.134319
5.803229	0.1333236
5.806562	0.1323552
5.809896	0.1314405
5.813229	0.1305797
5.816563	0.1297188
5.819896	0.1288849
5.823229	0.1280779
5.826562	0.1273246
5.829896	0.1265714
5.833229	0.1258719
5.836563	0.1251994
5.839896	0.1245269
5.843229	0.1239081
5.846562	0.1233163
5.849896	0.1227245
5.853229	0.1221595
5.856563	0.1216215
5.859896	0.1210835
5.863229	0.1205454
5.866562	0.1200074
5.869896	0.1194963
5.873229	0.1190121
5.876563	0.1185278
5.879896	0.1180705
5.883229	0.1176401
5.886562	0.1172366
5.889896	0.116833
5.893229	0.1164564
5.896563	0.1160529
5.899896	0.1156494
5.903229	0.115219
5.906562	0.1147616
5.909896	0.1143043
5.913229	0.1137932
5.916563	0.113309
5.919896	0.1127709
5.923229	0.1122598
5.926562	0.1117487
5.929896	0.1112375
5.933229	0.1107533
5.936563	0.110296
5.939896	0.1098387
5.943229	0.1093813
5.946562	0.108924
5.949896	0.1084667
5.953229	0.1080094
5.956563	0.107552
5.959896	0.1070947
5.963229	0.1066105
5.966562	0.1061263
5.969896	0.105642
5.973229	0.1051578
5.976563	0.1047005
5.979896	0.1042432
5.983229	0.1038127
5.986563	0.1033823
5.989896	0.1029788
5.993229	0.1026022
5.996562	0.1022525
5.999896	0.1019027
6.003229	0.101553
6.006563	0.1012302
6.009896	0.1008805
6.013229	0.1005577
6.016562	0.1002348
6.019896	0.09993893
6.023229	0.09966992
6.026563	0.0994278
6.029896	0.09921259
6.033229	0.09905118
6.036562	0.09888977
6.039896	0.09872836
6.043229	0.09859386
6.046563	0.09845935
6.049896	0.09829794
6.053229	0.09813653
6.056562	0.09797512
6.059896	0.09781371
6.063229	0.09765231
6.066563	0.0974909
6.069896	0.09730259
6.073229	0.09711428
6.076562	0.09695287
6.079896	0.09673766
6.083229	0.09654935
6.086563	0.09633413
6.089896	0.09611892
6.093229	0.09587681
6.096562	0.09566159
6.099896	0.09544638
6.103229	0.09520427
6.106563	0.09498906
6.109896	0.09472004
6.113229	0.09447793
6.116562	0.09415511
6.119896	0.09380539
6.123229	0.09340187
6.126563	0.09294455
6.129896	0.09243342
6.133229	0.09186849
6.136562	0.09127666
6.139896	0.09065792
6.143229	0.09001229
6.146563	0.08942046
6.149896	0.08882863
6.153229	0.0882906
6.156562	0.08780637
6.159896	0.08734904
6.163229	0.08694552
6.166563	0.0865689
6.169896	0.08621918
6.173229	0.08586946
6.176562	0.08551975
6.179896	0.08517003
6.183229	0.08479341
6.186563	0.08441679
6.189896	0.08401326
6.193229	0.08358284
6.196562	0.08315242
6.199896	0.08266819
6.203229	0.08218396
6.206563	0.08167284
6.209896	0.08113481
6.213229	0.08059678
6.216562	0.08005875
6.219896	0.07954762
6.223229	0.0790634
6.226563	0.07860607
6.229896	0.07822945
6.233229	0.07787973
6.236563	0.07758381
6.239896	0.0773417
6.243229	0.07715339
6.246562	0.07699198
6.249896	0.07683057
6.253229	0.07669606
6.256563	0.07653466
6.259896	0.07634635
6.263229	0.07615804
6.266562	0.07594282
6.269896	0.07570071
6.273229	0.0754317
6.276563	0.07513578
6.279896	0.07481296
6.283229	0.07449015
6.286562	0.07416733
6.289896	0.07381761
6.293229	0.07346789
6.296563	0.07311817
6.299896	0.07276845
6.303229	0.07244563
6.306562	0.07214972
6.309896	0.07190761
6.313229	0.07166549
6.316563	0.07147718
6.319896	0.07131577
6.323229	0.07115436
6.326562	0.07101986
6.329896	0.07088535
6.333229	0.07075084
6.336563	0.07061634
6.339896	0.07048183
6.343229	0.07037422
6.346562	0.07026662
6.349896	0.07021281
6.353229	0.07013211
6.356563	0.07010521
6.359896	0.0700514
6.363229	0.0699976
6.366562	0.0699169
6.369896	0.06980929
6.373229	0.06964788
6.376563	0.06945957
6.379896	0.06924436
6.383229	0.06902915
6.386562	0.06878704
6.389896	0.06857182
6.393229	0.06832971
6.396563	0.0681414
6.399896	0.06795309
6.403229	0.06781858
6.406562	0.06771098
6.409896	0.06763027
6.413229	0.06760337
6.416563	0.06760337
6.419896	0.06763027
6.423229	0.06771098
6.426562	0.06781858
6.429896	0.06795309
6.433229	0.0681145
6.436563	0.06827591
6.439896	0.06846422
6.443229	0.06870633
6.446562	0.06892154
6.449896	0.06916366
6.453229	0.06940577
6.456563	0.06964788
6.459896	0.06989
6.463229	0.07013211
6.466562	0.07034732
6.469896	0.07053563
6.473229	0.07072394
6.476563	0.07088535
6.479896	0.07104676
6.483229	0.07118127
6.486563	0.07134267
6.489896	0.07145028
6.493229	0.07158479
6.496562	0.07166549
6.499896	0.0717193
6.503229	0.0717731
6.506563	0.0718
6.509896	0.0718
6.513229	0.0717731
6.516562	0.0717193
6.519896	0.07163859
6.523229	0.07153099
6.526563	0.07139648
6.529896	0.07123507
6.533229	0.07104676
6.536562	0.07085845
6.539896	0.07064324
6.543229	0.07040112
6.546563	0.07015901
6.549896	0.06989
6.553229	0.06962098
6.556562	0.06932506
6.559896	0.06905605
6.563229	0.06876013
6.566563	0.06846422
6.569896	0.0681683
6.573229	0.06787239
6.576562	0.06752267
6.579896	0.06717295
6.583229	0.06674252
6.586563	0.0662852
6.589896	0.06572027
6.593229	0.06504773
6.596562	0.06429449
6.599896	0.06346055
6.603229	0.0625459
6.606563	0.06157744
6.609896	0.06052829
6.613229	0.05947913
6.616562	0.05837617
6.619896	0.05724631
6.623229	0.05608955
6.626563	0.05493278
6.629896	0.05377602
6.633229	0.05259236
6.636562	0.05138179
6.639896	0.05019813
6.643229	0.04901446
6.646563	0.0478308
6.649896	0.04664713
6.653229	0.04551727
6.656562	0.04436051
6.659896	0.04325755
6.663229	0.04218149
6.666563	0.04118613
6.669896	0.04021768
6.673229	0.03935684
6.676562	0.03860359
6.679896	0.03798486
6.683229	0.03750063
6.686563	0.03715092
6.689896	0.03696261
6.693229	0.0369357
6.696562	0.03704331
6.699896	0.03728542
6.703229	0.03766204
6.706563	0.03817317
6.709896	0.0387919
6.713229	0.03949134
6.716562	0.04029839
6.719896	0.04118613
6.723229	0.04212769
6.726563	0.04306924
6.729896	0.04401079
6.733229	0.04492544
6.736563	0.04578629
6.739896	0.04656643
6.743229	0.04726587
6.746562	0.0479115
6.749896	0.04844953
6.753229	0.04893376
6.756563	0.04936418
6.759896	0.0497139
6.763229	0.04998291
6.766562	0.05019813
6.769896	0.05030573
6.773229	0.05033263
6.776563	0.05022503
6.779896	0.04998291
6.783229	0.04957939
6.786562	0.04898756
6.789896	0.04820742
6.793229	0.04721206
6.796563	0.0459746
6.799896	0.04449502
6.803229	0.04280022
6.806562	0.04086332
6.809896	0.0386843
6.813229	0.03631697
6.816563	0.03376133
6.819896	0.03107119
6.823229	0.02824653
6.826562	0.02539498
6.829896	0.02251652
6.833229	0.01966496
6.836563	0.01686721
6.839896	0.01417707
6.843229	0.01162143
6.846562	0.009254099
6.849896	0.007075081
6.853229	0.00516508
6.856563	0.00349719
6.859896	0.002125215
6.863229	0.00110296
6.866562	0.0003766205
6.869896	2.690146e-05
6.873229	0
6.876563	0.0003228175
6.879896	0.0009684526
6.883229	0.001910004
6.886562	0.003093668
6.889896	0.004519445
6.893229	0.006187336
6.896563	0.008043534
6.899896	0.01008804
6.903229	0.01232087
6.906562	0.0147151
6.909896	0.01727073
6.913229	0.01998778
6.916563	0.02289314
6.919896	0.0259061
6.923229	0.02908048
6.926562	0.03236246
6.929896	0.03575204
6.933229	0.03924923
6.936563	0.04282712
6.939896	0.04648572
6.943229	0.05019813
6.946562	0.05396433
6.949896	0.05773053
6.953229	0.06149674
6.956563	0.06523604
6.959896	0.06892154
6.963229	0.07252634
6.966562	0.07599663
6.969896	0.07933241
6.973229	0.08247988
6.976563	0.08543904
6.979896	0.08812919
6.983229	0.09057722
6.986563	0.09270243
6.989896	0.09450483
6.993229	0.09601132
6.996562	0.09719498
6.999896	0.09802893
7.003229	0.09854005
7.006563	0.09872836
7.009896	0.09859386
7.013229	0.09816343
7.016562	0.09741019
7.019896	0.09633413
7.023229	0.09493526
7.026563	0.09321356
7.029896	0.09124976
7.033229	0.08899003
7.036562	0.086542
7.039896	0.08393256
7.043229	0.08116171
7.046563	0.07831015
7.049896	0.07540479
7.053229	0.07247254
7.056562	0.06959408
7.059896	0.06671562
7.063229	0.06394477
7.066563	0.06125463
7.069896	0.05869899
7.073229	0.05627786
7.076562	0.05401813
7.079896	0.05197362
7.083229	0.05009052
7.086563	0.04844953
7.089896	0.04699685
7.093229	0.04578629
7.096562	0.04479093
7.099896	0.04401079
7.103229	0.04344586
7.106563	0.04306924
7.109896	0.04282712
7.113229	0.04274642
7.116562	0.04280022
7.119896	0.04293473
7.123229	0.04317684
7.126563	0.04344586
7.129896	0.04376868
7.133229	0.0441453
7.136562	0.04454882
7.139896	0.04497924
7.143229	0.04546347
7.146563	0.0459477
7.149896	0.04645882
7.153229	0.04696995
7.156562	0.04750798
7.159896	0.04804601
7.163229	0.04858404
7.166563	0.04912207
7.169896	0.0496601
7.173229	0.05019813
7.176562	0.05076306
7.179896	0.05132799
7.183229	0.05189292
7.186563	0.05245785
7.189896	0.05302278
7.193229	0.05358771
7.196562	0.05412574
7.199896	0.05466377
7.203229	0.0551749
7.206563	0.05565912
7.209896	0.05611645
7.213229	0.05657377
7.216562	0.0570042
7.219896	0.05738082
7.223229	0.05773053
7.226563	0.05805335
7.229896	0.05832237
7.233229	0.05853758
7.236563	0.05877969
7.239896	0.0590218
7.243229	0.05926392
7.246562	0.05955983
7.249896	0.05988265
7.253229	0.06020547
7.256563	0.06058209
7.259896	0.06095871
7.263229	0.06130843
7.266562	0.06165815
7.269896	0.06195406
7.273229	0.06222308
7.276563	0.06243829
7.279896	0.0626266
7.283229	0.06278801
7.286562	0.06294942
7.289896	0.06308393
7.293229	0.06321843
7.296563	0.06332604
7.299896	0.06343364
7.303229	0.06354125
7.306562	0.06364886
7.309896	0.06372956
7.313229	0.06383717
7.316563	0.06394477
7.319896	0.06405238
7.323229	0.06418689
7.326562	0.06432139
7.329896	0.0644559
7.333229	0.06461731
7.336563	0.06472491
7.339896	0.06483252
7.343229	0.06488632
7.346562	0.06491322
7.349896	0.06485942
7.353229	0.06472491
7.356563	0.0645366
7.359896	0.06429449
7.363229	0.06402548
7.366562	0.06370266
7.369896	0.06340674
7.373229	0.06311083
7.376563	0.06284181
7.379896	0.0626266
7.383229	0.06246519
7.386562	0.06230378
7.389896	0.06219618
7.393229	0.06208857
7.396563	0.06200787
7.399896	0.06190026
7.403229	0.06179266
7.406562	0.06168505
7.409896	0.06157744
7.413229	0.06144294
7.416563	0.06133533
7.419896	0.06120082
7.423229	0.06109322
7.426562	0.06093181
7.429896	0.0607435
7.433229	0.06052829
7.436563	0.06025927
7.439896	0.05996336
7.443229	0.05961364
7.446562	0.05926392
7.449896	0.0589142
7.453229	0.05859138
7.456563	0.05829547
7.459896	0.05805335
7.463229	0.05783814
7.466562	0.05770363
7.469896	0.05756913
7.473229	0.05746152
7.476563	0.05738082
7.479896	0.05730011
7.483229	0.05724631
7.486563	0.05721941
7.489896	0.05721941
7.493229	0.05724631
7.496562	0.05730011
7.499896	0.05735391
7.503229	0.05743462
7.506563	0.05748842
7.509896	0.05751532
7.513229	0.05751532
7.516562	0.05746152
7.519896	0.05735391
7.523229	0.05724631
7.526563	0.0571118
7.529896	0.05697729
7.533229	0.05686969
7.536562	0.05681588
7.539896	0.05678898
7.543229	0.05678898
7.546563	0.05681588
7.549896	0.05684279
7.553229	0.05689659
7.556562	0.05695039
7.559896	0.05695039
7.563229	0.05692349
7.566563	0.05686969
7.569896	0.05676208
7.573229	0.05660067
7.576562	0.05641236
7.579896	0.05622405
7.583229	0.05600884
7.586563	0.05576673
7.589896	0.05555152
7.593229	0.05536321
7.596562	0.0552018
7.599896	0.05506729
7.603229	0.05498659
7.606563	0.05490588
7.609896	0.05485208
7.613229	0.05482518
7.616562	0.05482518
7.619896	0.05479828
7.623229	0.05474447
7.626563	0.05469067
7.629896	0.05458306
7.633229	0.05447546
7.636562	0.05434095
7.639896	0.05420644
7.643229	0.05407194
7.646563	0.05396433
7.649896	0.05388363
7.653229	0.05385672
7.656562	0.05388363
7.659896	0.05396433
7.663229	0.05407194
7.666563	0.05420644
7.669896	0.05436785
7.673229	0.05452926
7.676562	0.05469067
7.679896	0.05482518
7.683229	0.05498659
7.686563	0.05514799
7.689896	0.0552825
7.693229	0.05544391
7.696562	0.05563222
7.699896	0.05584743
7.703229	0.05606264
7.706563	0.05630476
7.709896	0.05654687
7.713229	0.05681588
7.716562	0.057058
7.719896	0.05732701
7.723229	0.05756913
7.726563	0.05781124
7.729896	0.05802645
7.733229	0.05821476
7.736563	0.05840307
7.739896	0.05856448
7.743229	0.05867209
7.746562	0.05877969
7.749896	0.0588604
7.753229	0.0589142
7.756563	0.0589411
7.759896	0.0589411
7.763229	0.0589411
7.766562	0.0589142
7.769896	0.0589142
7.773229	0.0589142
7.776563	0.0588873
7.779896	0.0588873
7.783229	0.0588604
7.786562	0.05880659
7.789896	0.05872589
7.793229	0.05859138
7.796563	0.05845687
7.799896	0.05824166
7.803229	0.05802645
7.806562	0.05778434
7.809896	0.05754222
7.813229	0.05730011
7.816563	0.0570849
7.819896	0.05689659
7.823229	0.05673518
7.826562	0.05660067
7.829896	0.05643926
7.833229	0.05625095
7.836563	0.05606264
7.839896	0.05582053
7.843229	0.05557842
7.846562	0.0553094
7.849896	0.05504039
7.853229	0.05479828
7.856563	0.05458306
7.859896	0.05442166
7.863229	0.05431405
7.866562	0.05426025
7.869896	0.05423335
7.873229	0.05426025
7.876563	0.05426025
7.879896	0.05423335
7.883229	0.05420644
7.886562	0.05412574
7.889896	0.05404503
7.893229	0.05393743
7.896563	0.05382982
7.899896	0.05374912
7.903229	0.05364151
7.906562	0.05356081
7.909896	0.0534801
7.913229	0.0533994
7.916563	0.0533187
7.919896	0.05323799
7.923229	0.05313039
7.926562	0.05302278
7.929896	0.05288827
7.933229	0.05278067
7.936563	0.05264616
7.939896	0.05253855
7.943229	0.05245785
7.946562	0.05240404
7.949896	0.05235024
7.953229	0.05229644
7.956563	0.05226954
7.959896	0.05224264
7.963229	0.05218883
7.966562	0.05216193
7.969896	0.05210813
7.973229	0.05205433
7.976563	0.05200052
7.979896	0.05191982
7.983229	0.05186602
7.986563	0.05178531
7.989896	0.05170461
7.993229	0.0516239
7.996562	0.0515163
7.999896	0.05140869
8.003229	0.05130108
8.006562	0.05119348
8.009896	0.05108587
8.013229	0.05100517
8.016562	0.05089756
8.019896	0.05084376
8.02323	0.05081686
8.026563	0.05081686
8.029896	0.05084376
8.033229	0.05087066
8.036563	0.05089756
8.039896	0.05095137
8.043229	0.05095137
8.046562	0.05097827
8.049896	0.05095137
8.053229	0.05092446
8.056562	0.05089756
8.059896	0.05084376
8.06323	0.05081686
8.066563	0.05081686
8.069896	0.05084376
8.073229	0.05089756
8.076563	0.05097827
8.079896	0.05108587
8.083229	0.05122038
8.086562	0.05132799
8.089896	0.05143559
8.093229	0.0515163
8.096562	0.0515432
8.099895	0.0515432
8.10323	0.0514894
8.106563	0.05138179
8.109896	0.05124728
8.113229	0.05108587
8.116563	0.05092446
8.119896	0.05073615
8.123229	0.05057475
8.126562	0.05041334
8.129896	0.05027883
8.133229	0.05017122
8.136562	0.05009052
8.139895	0.05003672
8.143229	0.05003672
8.146563	0.05009052
8.149896	0.05017122
8.153229	0.05027883
8.156563	0.05041334
8.159896	0.05054784
8.163229	0.05065545
8.166562	0.05076306
8.169896	0.05081686
8.173229	0.05087066
8.176562	0.05089756
8.179895	0.05089756
8.183229	0.05087066
8.186563	0.05087066
8.189896	0.05089756
8.193229	0.05092446
8.196563	0.05097827
8.199896	0.05105897
8.203229	0.05113968
8.206562	0.05119348
8.209896	0.05124728
8.213229	0.05127418
8.216562	0.05130108
8.219895	0.05132799
8.223229	0.05132799
8.226563	0.05135489
8.229896	0.05138179
8.23323	0.05143559
8.236563	0.0515163
8.239896	0.051597
8.243229	0.05170461
8.246563	0.05181221
8.249896	0.05191982
8.253229	0.05200052
8.256562	0.05205433
8.259896	0.05208123
8.263229	0.05208123
8.266562	0.05200052
8.269896	0.05189292
8.27323	0.05175841
8.276563	0.051597
8.279896	0.05138179
8.283229	0.05119348
8.286563	0.05097827
8.289896	0.05078996
8.293229	0.05060165
8.296562	0.05044024
8.299896	0.05030573
8.303229	0.05019813
8.306562	0.05011742
8.309896	0.05003672
8.31323	0.04995601
8.316563	0.04987531
8.319896	0.0497677
8.323229	0.04963319
8.326563	0.04949869
8.329896	0.04933728
8.333229	0.04914897
8.336562	0.04898756
8.339896	0.04882615
8.343229	0.04866474
8.346562	0.04853023
8.349895	0.04842263
8.35323	0.04834192
8.356563	0.04828812
8.359896	0.04826122
8.363229	0.04826122
8.366563	0.04828812
8.369896	0.04834192
8.373229	0.04836883
8.376562	0.04842263
8.379896	0.04847643
8.383229	0.04847643
8.386562	0.04847643
8.389895	0.04844953
8.393229	0.04839573
8.396563	0.04831502
8.399896	0.04826122
8.403229	0.04820742
8.406563	0.04818052
8.409896	0.04820742
8.413229	0.04828812
8.416562	0.04839573
8.419896	0.04853023
8.423229	0.04866474
8.426562	0.04877235
8.429895	0.04885305
8.433229	0.04885305
8.436563	0.04879925
8.439896	0.04869164
8.443229	0.04850333
8.446563	0.04831502
8.449896	0.04809981
8.453229	0.0479115
8.456562	0.04775009
8.459896	0.04764249
8.463229	0.04756178
8.466562	0.04756178
8.469895	0.04758868
8.473229	0.04761559
8.476563	0.04766939
8.479896	0.04769629
8.48323	0.04769629
8.486563	0.04766939
8.489896	0.04761559
8.493229	0.04753488
8.496563	0.04745418
8.499896	0.04737347
8.503229	0.04734657
8.506562	0.04731967
8.509896	0.04734657
8.513229	0.04742728
8.516562	0.04753488
8.519896	0.04766939
8.52323	0.0478308
8.526563	0.04801911
8.529896	0.04820742
8.533229	0.04839573
8.536563	0.04855714
8.539896	0.04869164
8.543229	0.04882615
8.546562	0.04890685
8.549896	0.04898756
8.553229	0.04904136
8.556562	0.04909517
8.559896	0.04909517
8.56323	0.04912207
8.566563	0.04912207
8.569896	0.04912207
8.573229	0.04912207
8.576563	0.04912207
8.579896	0.04909517
8.583229	0.04909517
8.586562	0.04906826
8.589896	0.04904136
8.593229	0.04904136
8.596562	0.04901446
8.599895	0.04901446
8.60323	0.04901446
8.606563	0.04904136
8.609896	0.04906826
8.613229	0.04912207
8.616563	0.04914897
8.619896	0.04917587
8.623229	0.04917587
8.626562	0.04917587
8.629896	0.04909517
8.633229	0.04901446
8.636562	0.04885305
8.639895	0.04866474
8.643229	0.04844953
8.646563	0.04820742
8.649896	0.0479384
8.653229	0.04769629
8.656563	0.04745418
8.659896	0.04723897
8.663229	0.04705065
8.666562	0.04688925
8.669896	0.04675474
8.673229	0.04664713
8.676562	0.04659333
8.679895	0.04653953
8.683229	0.04651263
8.686563	0.04648572
8.689896	0.04645882
8.693229	0.04643192
8.696563	0.04635122
8.699896	0.04627051
8.703229	0.04613601
8.706562	0.0459746
8.709896	0.04578629
8.713229	0.04559798
8.716562	0.04540967
8.719895	0.04524826
8.723229	0.04511375
8.726563	0.04500614
8.729896	0.04495234
8.73323	0.04495234
8.736563	0.04495234
8.739896	0.04497924
8.743229	0.04500614
8.746563	0.04500614
8.749896	0.04497924
8.753229	0.04495234
8.756562	0.04492544
8.759896	0.04487164
8.763229	0.04479093
8.766562	0.04471023
8.769896	0.04462952
8.77323	0.04457572
8.776563	0.04449502
8.779896	0.04441431
8.783229	0.04436051
8.786563	0.0442798
8.789896	0.0441991
8.793229	0.0441453
8.796562	0.04409149
8.799896	0.04406459
8.803229	0.04403769
8.806562	0.04401079
8.809896	0.04398389
8.81323	0.04398389
8.816563	0.04401079
8.819896	0.04403769
8.823229	0.0441184
8.826563	0.0441722
8.829896	0.0442529
8.833229	0.04436051
8.836562	0.04446811
8.839896	0.04457572
8.843229	0.04465642
8.846562	0.04468333
8.849895	0.04465642
8.85323	0.04460262
8.856563	0.04446811
8.859896	0.04430671
8.863229	0.0441184
8.866563	0.04390318
8.869896	0.04371487
8.873229	0.04355346
8.876562	0.04339205
8.879896	0.04328445
8.883229	0.04323065
8.886562	0.04317684
8.889895	0.04312304
8.893229	0.04309614
8.896563	0.04309614
8.899896	0.04306924
8.903229	0.04306924
8.906563	0.04306924
8.909896	0.04309614
8.913229	0.04314994
8.916562	0.04325755
8.919896	0.04336515
8.923229	0.04349966
8.926562	0.04363417
8.929895	0.04376868
8.933229	0.04390318
8.936563	0.04398389
8.939896	0.04403769
8.943229	0.04406459
8.946563	0.04409149
8.949896	0.0441184
8.953229	0.0441453
8.956562	0.0441991
8.959896	0.0442529
8.963229	0.04433361
8.966562	0.04438741
8.969895	0.04444121
8.973229	0.04444121
8.976563	0.04441431
8.979896	0.04433361
8.98323	0.0441991
8.986563	0.04401079
8.989896	0.04382248
8.993229	0.04360727
8.996563	0.04339205
8.999896	0.04323065
9.003229	0.04312304
9.006562	0.04304234
9.009896	0.04304234
9.013229	0.04309614
9.016562	0.04317684
9.019896	0.04331135
9.02323	0.04341896
9.026563	0.04355346
9.029896	0.04366107
9.033229	0.04376868
9.036563	0.04382248
9.039896	0.04387628
9.043229	0.04393008
9.046562	0.04395699
9.049896	0.04395699
9.053229	0.04395699
9.056562	0.04395699
9.059896	0.04390318
9.06323	0.04384938
9.066563	0.04376868
9.069896	0.04366107
9.073229	0.04352656
9.076563	0.04341896
9.079896	0.04328445
9.083229	0.04317684
9.086562	0.04309614
9.089896	0.04304234
9.093229	0.04301543
9.096562	0.04301543
9.099895	0.04301543
9.10323	0.04304234
9.106563	0.04304234
9.109896	0.04306924
9.113229	0.04312304
9.116563	0.04317684
9.119896	0.04325755
9.123229	0.04336515
9.126562	0.04347276
9.129896	0.04360727
9.133229	0.04374177
9.136562	0.04387628
9.139895	0.04403769
9.143229	0.0441991
9.146563	0.04433361
9.149896	0.04446811
9.153229	0.04457572
9.156563	0.04468333
9.159896	0.04479093
9.163229	0.04487164
9.166562	0.04495234
9.169896	0.04500614
9.173229	0.04505995
9.176562	0.04505995
9.179895	0.04505995
9.183229	0.04503305
9.186563	0.04497924
9.189896	0.04489854
9.193229	0.04479093
9.196563	0.04468333
9.199896	0.04452192
9.203229	0.04438741
9.206562	0.0441991
9.209896	0.04403769
9.213229	0.04390318
9.216562	0.04374177
9.219895	0.04360727
9.223229	0.04347276
9.226563	0.04336515
9.229896	0.04331135
9.23323	0.04325755
9.236563	0.04325755
9.239896	0.04328445
9.243229	0.04333825
9.246563	0.04341896
9.249896	0.04349966
9.253229	0.04363417
9.256562	0.04371487
9.259896	0.04379558
9.263229	0.04382248
9.266562	0.04379558
9.269896	0.04371487
9.27323	0.04355346
9.276563	0.04336515
9.279896	0.04312304
9.283229	0.04288093
9.286563	0.04263881
9.289896	0.0424236
9.293229	0.04226219
9.296562	0.04212769
9.299896	0.04207388
9.303229	0.04204698
9.306562	0.04204698
9.309896	0.04207388
9.31323	0.04210078
9.316563	0.04212769
9.319896	0.04212769
9.323229	0.04212769
9.326563	0.04210078
9.329896	0.04210078
9.333229	0.04210078
9.336562	0.04212769
9.339896	0.04215459
9.343229	0.04218149
9.346562	0.04226219
9.349895	0.042316
9.35323	0.0423967
9.356563	0.0424236
9.359896	0.0424774
9.363229	0.0424774
9.366563	0.0424505
9.369896	0.0423967
9.373229	0.04228909
9.376562	0.04218149
9.379896	0.04204698
9.383229	0.04188557
9.386562	0.04169726
9.389895	0.04150895
9.393229	0.04134754
9.396563	0.04118613
9.399896	0.04105163
9.403229	0.04097092
9.406563	0.04094402
9.409896	0.04094402
9.413229	0.04099782
9.416562	0.04107853
9.419896	0.04115923
9.423229	0.04123994
9.426562	0.04132064
9.429895	0.04140135
9.433229	0.04140135
9.436563	0.04140135
9.439896	0.04134754
9.443229	0.04129374
9.446563	0.04121304
9.449896	0.04113233
9.453229	0.04105163
9.456562	0.04099782
9.459896	0.04094402
9.463229	0.04091712
9.466562	0.04089022
9.469895	0.04089022
9.473229	0.04089022
9.476563	0.04091712
9.479896	0.04094402
9.48323	0.04097092
9.486563	0.04102473
9.489896	0.04105163
9.493229	0.04110543
9.496563	0.04115923
9.499896	0.04121304
9.503229	0.04126684
9.506562	0.04132064
9.509896	0.04140135
9.513229	0.04145515
9.516562	0.04150895
9.519896	0.04156276
9.52323	0.04158966
9.526563	0.04158966
9.529896	0.04156276
9.533229	0.04150895
9.536563	0.04142825
9.539896	0.04126684
9.543229	0.04110543
9.546562	0.04091712
9.549896	0.04070191
9.553229	0.0405136
9.556562	0.04035219
9.559896	0.04021768
9.56323	0.04013698
9.566563	0.04011008
9.569896	0.04011008
9.573229	0.04016388
9.576563	0.04027149
9.579896	0.04037909
9.583229	0.0405136
9.586562	0.04064811
9.589896	0.04080951
9.593229	0.04094402
9.596562	0.04107853
9.599895	0.04121304
9.60323	0.04134754
9.606563	0.04148205
9.609896	0.04161656
9.613229	0.04169726
9.616563	0.04175107
9.619896	0.04177797
9.623229	0.04177797
9.626562	0.04172416
9.629896	0.04161656
9.633229	0.04150895
9.636562	0.04137445
9.639895	0.04121304
9.643229	0.04105163
9.646563	0.04091712
9.649896	0.04078261
9.653229	0.04064811
9.656563	0.0405674
9.659896	0.0404867
9.663229	0.0404598
9.666562	0.0404867
9.669896	0.0405405
9.673229	0.0406212
9.676562	0.04072881
9.679895	0.04083642
9.683229	0.04097092
9.686563	0.04105163
9.689896	0.04107853
9.693229	0.04107853
9.696563	0.04102473
9.699896	0.04094402
9.703229	0.04080951
9.706562	0.04067501
9.709896	0.0405136
9.713229	0.04040599
9.716562	0.04032529
9.719895	0.04029839
9.723229	0.04029839
9.726563	0.04035219
9.729896	0.04043289
9.73323	0.0405136
9.736563	0.0405674
9.739896	0.0405674
9.743229	0.0405405
9.746563	0.0404598
9.749896	0.04035219
9.753229	0.04019078
9.756562	0.04000247
9.759896	0.03986796
9.763229	0.03973346
9.766562	0.03965275
9.769896	0.03962585
9.77323	0.03962585
9.776563	0.03970655
9.779896	0.03978726
9.783229	0.03986796
9.786563	0.03994867
9.789896	0.04000247
9.793229	0.04002937
9.796562	0.04002937
9.799896	0.04000247
9.803229	0.03994867
9.806562	0.03992177
9.809896	0.03986796
9.81323	0.03984106
9.816563	0.03984106
9.819896	0.03986796
9.823229	0.03989486
9.826563	0.03994867
9.829896	0.03997557
9.833229	0.04002937
9.836562	0.04008317
9.839896	0.04011008
9.843229	0.04011008
9.846562	0.04011008
9.849895	0.04011008
9.85323	0.04008317
9.856563	0.04002937
9.859896	0.03994867
9.863229	0.03986796
9.866563	0.03976036
9.869896	0.03962585
9.873229	0.03949134
9.876562	0.03935684
9.879896	0.03919543
9.883229	0.03906092
9.886562	0.03895331
9.889895	0.03887261
9.893229	0.03884571
9.896563	0.03887261
9.899896	0.03892641
9.903229	0.03903402
9.906563	0.03916853
9.909896	0.03930303
9.913229	0.03946444
9.916562	0.03962585
9.919896	0.03976036
9.923229	0.03984106
9.926562	0.03992177
9.929895	0.03994867
9.933229	0.03994867
9.936563	0.03992177
9.939896	0.03986796
9.943229	0.03981416
9.946563	0.03978726
9.949896	0.03978726
9.953229	0.03978726
9.956562	0.03984106
9.959896	0.03989486
9.963229	0.03997557
9.966562	0.04008317
9.969895	0.04019078
9.973229	0.04029839
9.976563	0.04037909
9.979896	0.04043289
9.98323	0.0404598
9.986563	0.04043289
9.989896	0.04037909
9.993229	0.04029839
9.996563	0.04019078
9.999896	0.04005627
}
[PEAK]
{
Peak ID	1
Peak Ref	1
Time	3.927658
Peak	3.206563	4.079896
Intensity	-2.133846e-05	1.376867e-05
Height	0.003785879
AreaAbs	991.6504
Area %BP	0.04173026
Area %Total	0.03650276
Width	0.8733335
}
[PEAK]
{
Peak ID	2
Peak Ref	2
Time	4.272565
Peak	4.079896	4.609896
Intensity	-2.133846e-05	1.376867e-05
Height	0.0240147
AreaAbs	4680.191
Area %BP	0.19695
Area %Total	0.1722784
Width	0.5299997
}
[PEAK]
{
Peak ID	3
Peak Ref	3
Time	4.952338
Peak	4.609896	6.416563
Intensity	-2.133846e-05	1.376867e-05
Height	0.2214545
AreaAbs	39605.57
Area %BP	1.666667
Area %Total	1.457886
Width	1.806667
}
}
}
}
