[SAMPLE]
{
Sample	1
Well	8
FileName	
SampleID	ASD-E-2602034-006
SampleDescription	Aquired with Galaxy
Date	12-Feb-2026
Time	23:01:48 PRC
JobCode	
TaskCode	
UserName	Congcong_Liu2
LabName	Aquired with Galaxy
Instrument	BAD_L_17_186
Conditions	
Submitter	Siyu_Zhang
SampleType	
Plate	
Method	
Process	Galaxy
MSTune	
MSMethod	
InletMethod	
PreRunMethod	
PostRunMethod	
SwitchMethod	
FractionMethod	
AcquisitionProcess	
AcquisitionProcessParameters	
AcquisitionProcessOptions	
InjectionVolume	25
ReportScheme	
SampleReportEnable	0
SampleReportFormat	
AnalysisTime	0
[COMPOUND]
{
;Mono Mass	Formula
}
[FUNCTION]
{
Function	1
IonMode	ES+
Type	MS
Description	(0:0)
[SPECTRUM]
{
ProcDesc	0.00:Combine
State	OK
Peak ID	0
Peak Ref	0
Time	0
TIC	0
BPI	0
BPM	0
Continuum	FALSE
Saved	FALSE
[MASSES]
{
;Mass	Exp. Mass	Obs. Mass	% BPI	Int. Abs
}
[RESULTS]
{
;Mass	Found	% BPI	% Purity
}
[MS]
{
;Mass	% BPI
0	0
}
}
[CHROMATOGRAM]
{
TraceNumber	1
Description	scroll down chrom view to see 2D LC chrom
ProcDesc	
MaxIntensity	0
[TRACE]
{
0	0
}
[PEAK]
{
Peak ID	0
Peak Ref	0
Time	0
Peak	0
Intensity	0	0
Height	0
AreaAbs	0
Area %BP	0
Area %Total	0
}
}
}
[FUNCTION]
{
Function	0
Description	ANALOG
[CHROMATOGRAM]
{
TraceNumber	2
Description	LC
ProcDesc	Result Id:2612, VWD: Signal A, 280 nm
MaxIntensity	0.2177154
[TRACE]
{
;Time	Int. %Max
0.0007291667	0.01787739
0.0040625	0.01785001
0.007395833	0.01779526
0.01072917	0.01776788
0.0140625	0.0177405
0.01739583	0.0177405
0.02072917	0.01776788
0.0240625	0.01785001
0.02739583	0.0179869
0.03072917	0.01815116
0.0340625	0.01834281
0.03739583	0.01850707
0.04072917	0.01869871
0.0440625	0.0188356
0.04739583	0.01891773
0.05072917	0.01897248
0.0540625	0.01897248
0.05739583	0.01899986
0.06072917	0.01905462
0.0640625	0.01913675
0.06739584	0.01927363
0.07072917	0.01946528
0.0740625	0.01971167
0.07739583	0.02001282
0.08072916	0.02034135
0.0840625	0.02066988
0.08739583	0.02094365
0.09072917	0.02119005
0.0940625	0.02135431
0.09739583	0.02146382
0.1007292	0.0214912
0.1040625	0.02146382
0.1073958	0.02140907
0.1107292	0.02129956
0.1140625	0.02119005
0.1173958	0.02108054
0.1207292	0.02097103
0.1240625	0.0208889
0.1273958	0.02080676
0.1307292	0.02069726
0.1340625	0.02061512
0.1373958	0.02047824
0.1407292	0.02034135
0.1440625	0.02017709
0.1473958	0.02001282
0.1507292	0.01987594
0.1540625	0.01973905
0.1573958	0.01962954
0.1607292	0.01954741
0.1640625	0.01949265
0.1673958	0.01946528
0.1707292	0.01946528
0.1740625	0.01946528
0.1773958	0.01941052
0.1807292	0.01930101
0.1840625	0.01913675
0.1873958	0.01891773
0.1907292	0.01864396
0.1940625	0.01834281
0.1973958	0.0179869
0.2007292	0.01760362
0.2040625	0.01724771
0.2073958	0.01689181
0.2107292	0.01659066
0.2140625	0.01631688
0.2173958	0.01609787
0.2207292	0.01590622
0.2240625	0.01574196
0.2273958	0.01560507
0.2307292	0.01544081
0.2340625	0.01524917
0.2373958	0.01503015
0.2407292	0.01481113
0.2440625	0.01453736
0.2473958	0.01426358
0.2507292	0.01398981
0.2540625	0.01371604
0.2573958	0.01346964
0.2607292	0.013278
0.2640625	0.01314111
0.2673958	0.01303161
0.2707292	0.01297685
0.2740625	0.01294947
0.2773958	0.0129221
0.2807292	0.01289472
0.2840625	0.01286734
0.2873958	0.01283996
0.2907292	0.01278521
0.2940625	0.01273045
0.2973958	0.01264832
0.3007292	0.01262095
0.3040625	0.01259357
0.3073958	0.01259357
0.3107292	0.01259357
0.3140625	0.01259357
0.3173958	0.01259357
0.3207292	0.01259357
0.3240625	0.01256619
0.3273958	0.01251144
0.3307292	0.01245668
0.3340625	0.01237455
0.3373958	0.01229242
0.3407292	0.01221029
0.3440625	0.01210078
0.3473958	0.01201864
0.3507292	0.01190913
0.3540625	0.011827
0.3573958	0.01169012
0.3607292	0.01155323
0.3640625	0.01141634
0.3673958	0.01127946
0.3707292	0.01116995
0.3740625	0.01108782
0.3773958	0.01100568
0.3807292	0.01100568
0.3840625	0.01103306
0.3873958	0.01108782
0.3907292	0.01119732
0.3940625	0.01133421
0.3973958	0.01149847
0.4007292	0.01169012
0.4040625	0.01188176
0.4073958	0.0120734
0.4107292	0.01226504
0.4140625	0.01245668
0.4173958	0.01264832
0.4207292	0.01281259
0.4240625	0.01294947
0.4273958	0.01305898
0.4307292	0.01311374
0.4340625	0.01311374
0.4373958	0.01305898
0.4407292	0.0129221
0.4440625	0.01278521
0.4473958	0.01262095
0.4507292	0.01240193
0.4540625	0.01218291
0.4573958	0.01193651
0.4607292	0.01171749
0.4640625	0.01155323
0.4673958	0.01138897
0.4707292	0.01130683
0.4740625	0.01127946
0.4773958	0.01130683
0.4807292	0.01144372
0.4840625	0.01163536
0.4873958	0.01190913
0.4907292	0.01218291
0.4940625	0.01248406
0.4973958	0.01275783
0.5007291	0.01294947
0.5040625	0.01308636
0.5073958	0.01311374
0.5107292	0.01308636
0.5140625	0.01303161
0.5173959	0.01294947
0.5207292	0.01289472
0.5240625	0.01286734
0.5273958	0.0129221
0.5307292	0.01305898
0.5340625	0.01325062
0.5373958	0.01346964
0.5407292	0.01368866
0.5440625	0.0138803
0.5473958	0.01398981
0.5507292	0.01404457
0.5540625	0.01398981
0.5573958	0.0138803
0.5607291	0.01368866
0.5640625	0.01346964
0.5673958	0.01325062
0.5707292	0.01305898
0.5740625	0.01289472
0.5773959	0.01283996
0.5807292	0.01281259
0.5840625	0.01286734
0.5873958	0.01297685
0.5907292	0.01308636
0.5940625	0.01322325
0.5973958	0.01336013
0.6007292	0.01346964
0.6040625	0.01355177
0.6073958	0.01360653
0.6107292	0.01360653
0.6140625	0.01355177
0.6173958	0.01349702
0.6207291	0.01341489
0.6240625	0.01330538
0.6273958	0.01322325
0.6307291	0.01314111
0.6340625	0.01303161
0.6373959	0.0129221
0.6407292	0.01281259
0.6440625	0.0126757
0.6473958	0.01251144
0.6507292	0.01234717
0.6540625	0.01218291
0.6573958	0.01201864
0.6607292	0.01185438
0.6640625	0.01174487
0.6673958	0.01166274
0.6707292	0.01166274
0.6740625	0.01166274
0.6773958	0.01171749
0.6807292	0.01179963
0.6840625	0.01190913
0.6873958	0.01201864
0.6907291	0.01215553
0.6940625	0.01229242
0.6973959	0.0124293
0.7007292	0.01253881
0.7040625	0.0126757
0.7073959	0.01278521
0.7107292	0.01286734
0.7140625	0.0129221
0.7173958	0.01294947
0.7207292	0.0129221
0.7240625	0.01289472
0.7273958	0.01281259
0.7307292	0.01273045
0.7340625	0.0126757
0.7373958	0.01264832
0.7407292	0.0126757
0.7440625	0.01275783
0.7473958	0.01289472
0.7507291	0.01308636
0.7540625	0.013278
0.7573958	0.01346964
0.7607292	0.01366128
0.7640625	0.01379817
0.7673959	0.0138803
0.7707292	0.01393506
0.7740625	0.01390768
0.7773958	0.01385292
0.7807292	0.01377079
0.7840625	0.01366128
0.7873958	0.01357915
0.7907292	0.01346964
0.7940625	0.01338751
0.7973958	0.01330538
0.8007292	0.01325062
0.8040625	0.01325062
0.8073958	0.01325062
0.8107291	0.013278
0.8140625	0.01336013
0.8173958	0.01344226
0.8207292	0.01355177
0.8240625	0.01366128
0.8273959	0.01377079
0.8307292	0.0138803
0.8340625	0.01398981
0.8373958	0.01407194
0.8407292	0.0141267
0.8440625	0.01418145
0.8473958	0.01418145
0.8507292	0.01418145
0.8540625	0.01415408
0.8573958	0.01415408
0.8607292	0.01415408
0.8640625	0.01415408
0.8673958	0.01415408
0.8707291	0.01418145
0.8740625	0.01420883
0.8773958	0.01423621
0.8807291	0.01426358
0.8840625	0.01426358
0.8873959	0.01423621
0.8907292	0.01418145
0.8940625	0.01409932
0.8973958	0.01396243
0.9007292	0.01382555
0.9040625	0.01366128
0.9073958	0.01349702
0.9107292	0.01333276
0.9140625	0.01316849
0.9173958	0.01300423
0.9207292	0.01286734
0.9240625	0.01270308
0.9273958	0.01256619
0.9307292	0.01237455
0.9340625	0.01215553
0.9373958	0.01193651
0.9407291	0.01171749
0.9440625	0.01149847
0.9473959	0.01127946
0.9507292	0.01108782
0.9540625	0.01095093
0.9573959	0.0108688
0.9607292	0.0108688
0.9640625	0.01095093
0.9673958	0.01108782
0.9707292	0.01130683
0.9740625	0.01155323
0.9773958	0.01185438
0.9807292	0.01215553
0.9840625	0.01245668
0.9873958	0.01273045
0.9907292	0.0129221
0.9940625	0.01305898
0.9973958	0.01311374
1.000729	0.01311374
1.004063	0.01303161
1.007396	0.01289472
1.010729	0.01270308
1.014063	0.01248406
1.017396	0.01229242
1.020729	0.0120734
1.024063	0.01190913
1.027396	0.01179963
1.030729	0.01174487
1.034063	0.01174487
1.037396	0.01179963
1.040729	0.01190913
1.044062	0.01210078
1.047396	0.01229242
1.050729	0.01251144
1.054062	0.01273045
1.057396	0.0129221
1.060729	0.01311374
1.064062	0.01322325
1.067396	0.01330538
1.070729	0.01336013
1.074062	0.01333276
1.077396	0.013278
1.080729	0.01314111
1.084062	0.01300423
1.087396	0.01283996
1.090729	0.01264832
1.094062	0.01245668
1.097396	0.01226504
1.100729	0.01210078
1.104063	0.01199127
1.107396	0.01190913
1.110729	0.01185438
1.114063	0.01188176
1.117396	0.01190913
1.120729	0.01199127
1.124063	0.0120734
1.127396	0.01218291
1.130729	0.01229242
1.134063	0.01240193
1.137396	0.01248406
1.140729	0.01253881
1.144063	0.01256619
1.147396	0.01253881
1.150729	0.01245668
1.154063	0.01234717
1.157396	0.01218291
1.160729	0.01201864
1.164063	0.01185438
1.167396	0.01171749
1.170729	0.01163536
1.174062	0.01160798
1.177396	0.01169012
1.180729	0.011827
1.184062	0.01204602
1.187396	0.01226504
1.190729	0.01248406
1.194062	0.01270308
1.197396	0.01289472
1.200729	0.01303161
1.204062	0.01314111
1.207396	0.01322325
1.210729	0.013278
1.214062	0.01330538
1.217396	0.01333276
1.220729	0.01338751
1.224062	0.01346964
1.227396	0.0135244
1.230729	0.01360653
1.234063	0.01366128
1.237396	0.01371604
1.240729	0.01371604
1.244063	0.01366128
1.247396	0.01355177
1.250729	0.01338751
1.254063	0.01314111
1.257396	0.01286734
1.260729	0.01259357
1.264063	0.01231979
1.267396	0.0120734
1.270729	0.01190913
1.274063	0.011827
1.277396	0.011827
1.280729	0.01190913
1.284063	0.01201864
1.287396	0.01218291
1.290729	0.01234717
1.294062	0.01248406
1.297396	0.01256619
1.300729	0.01262095
1.304062	0.01259357
1.307396	0.01251144
1.310729	0.01237455
1.314062	0.01218291
1.317396	0.01199127
1.320729	0.01177225
1.324062	0.01158061
1.327396	0.01138897
1.330729	0.0112247
1.334062	0.01108782
1.337396	0.01100568
1.340729	0.01097831
1.344062	0.01097831
1.347396	0.01100568
1.350729	0.01103306
1.354063	0.01108782
1.357396	0.01114257
1.360729	0.01119732
1.364063	0.01125208
1.367396	0.01133421
1.370729	0.01141634
1.374063	0.01155323
1.377396	0.01171749
1.380729	0.01190913
1.384063	0.01212815
1.387396	0.01237455
1.390729	0.01259357
1.394063	0.01278521
1.397396	0.0129221
1.400729	0.01297685
1.404063	0.01294947
1.407396	0.01286734
1.410729	0.01273045
1.414063	0.01253881
1.417396	0.01234717
1.420729	0.01212815
1.424062	0.01196389
1.427396	0.011827
1.430729	0.01174487
1.434062	0.01169012
1.437396	0.01169012
1.440729	0.01169012
1.444062	0.01169012
1.447396	0.01171749
1.450729	0.01171749
1.454062	0.01171749
1.457396	0.01166274
1.460729	0.01160798
1.464062	0.01149847
1.467396	0.01141634
1.470729	0.01133421
1.474062	0.01125208
1.477396	0.01116995
1.480729	0.01114257
1.484063	0.01111519
1.487396	0.01116995
1.490729	0.01125208
1.494063	0.01136159
1.497396	0.01152585
1.500729	0.01171749
1.504063	0.01190913
1.507396	0.01210078
1.510729	0.01226504
1.514063	0.0124293
1.517396	0.01253881
1.520729	0.01259357
1.524063	0.01262095
1.527396	0.01259357
1.530729	0.01256619
1.534063	0.01248406
1.537396	0.01237455
1.540729	0.01223766
1.544062	0.0120734
1.547396	0.01190913
1.550729	0.01171749
1.554062	0.01149847
1.557396	0.01127946
1.560729	0.01103306
1.564062	0.01078666
1.567396	0.01056765
1.570729	0.01034863
1.574062	0.01015699
1.577396	0.009992722
1.580729	0.009828458
1.584062	0.009691571
1.587396	0.009582062
1.590729	0.009472553
1.594062	0.009417798
1.597396	0.009390421
1.600729	0.009390421
1.604063	0.009417798
1.607396	0.009527308
1.610729	0.009691571
1.614063	0.009937968
1.617396	0.01018436
1.620729	0.01045814
1.624063	0.01073191
1.627396	0.01097831
1.630729	0.01116995
1.634063	0.01133421
1.637396	0.01141634
1.640729	0.0114711
1.644063	0.0114711
1.647396	0.0114711
1.650729	0.01144372
1.654063	0.01144372
1.657396	0.01141634
1.660729	0.01144372
1.664063	0.01144372
1.667396	0.0114711
1.670729	0.01149847
1.674062	0.01149847
1.677396	0.01149847
1.680729	0.0114711
1.684062	0.01141634
1.687396	0.01136159
1.690729	0.01127946
1.694062	0.01119732
1.697396	0.01108782
1.700729	0.01097831
1.704062	0.01089617
1.707396	0.01081404
1.710729	0.01078666
1.714062	0.01078666
1.717396	0.01084142
1.720729	0.01092355
1.724062	0.01103306
1.727396	0.01116995
1.730729	0.01130683
1.734063	0.0114711
1.737396	0.01160798
1.740729	0.01171749
1.744063	0.01179963
1.747396	0.01188176
1.750729	0.01196389
1.754063	0.01199127
1.757396	0.01201864
1.760729	0.01199127
1.764063	0.01196389
1.767396	0.01190913
1.770729	0.01188176
1.774063	0.011827
1.777396	0.011827
1.780729	0.011827
1.784063	0.01188176
1.787396	0.01196389
1.790729	0.0120734
1.794062	0.01218291
1.797396	0.01231979
1.800729	0.0124293
1.804062	0.01248406
1.807396	0.01253881
1.810729	0.01253881
1.814062	0.01251144
1.817396	0.01245668
1.820729	0.01240193
1.824062	0.01237455
1.827396	0.01234717
1.830729	0.01234717
1.834062	0.01237455
1.837396	0.01245668
1.840729	0.01251144
1.844062	0.01259357
1.847396	0.0126757
1.850729	0.01270308
1.854063	0.01270308
1.857396	0.01264832
1.860729	0.01259357
1.864063	0.01251144
1.867396	0.01240193
1.870729	0.01226504
1.874063	0.01212815
1.877396	0.01196389
1.880729	0.01179963
1.884063	0.01166274
1.887396	0.01155323
1.890729	0.0114711
1.894063	0.01138897
1.897396	0.01136159
1.900729	0.01133421
1.904063	0.01138897
1.907396	0.01144372
1.910729	0.01158061
1.914063	0.01171749
1.917396	0.01188176
1.920729	0.01204602
1.924062	0.01223766
1.927396	0.0124293
1.930729	0.01259357
1.934062	0.01273045
1.937396	0.01281259
1.940729	0.01283996
1.944062	0.01281259
1.947396	0.01270308
1.950729	0.01253881
1.954062	0.01234717
1.957396	0.01212815
1.960729	0.01190913
1.964062	0.01174487
1.967396	0.01163536
1.970729	0.01160798
1.974062	0.01163536
1.977396	0.01174487
1.980729	0.01193651
1.984063	0.01212815
1.987396	0.01237455
1.990729	0.01262095
1.994063	0.01281259
1.997396	0.01300423
2.000729	0.01314111
2.004062	0.01322325
2.007396	0.013278
2.010729	0.013278
2.014062	0.01325062
2.017396	0.01314111
2.020729	0.01303161
2.024062	0.01286734
2.027396	0.01270308
2.030729	0.01253881
2.034062	0.01237455
2.037396	0.01226504
2.040729	0.01215553
2.044063	0.01210078
2.047396	0.01210078
2.050729	0.01215553
2.054063	0.01223766
2.057396	0.01234717
2.060729	0.01245668
2.064063	0.01256619
2.067396	0.01264832
2.070729	0.0126757
2.074063	0.0126757
2.077396	0.01262095
2.080729	0.01256619
2.084063	0.01248406
2.087396	0.01240193
2.090729	0.01237455
2.094063	0.01234717
2.097396	0.01231979
2.100729	0.01231979
2.104063	0.01234717
2.107396	0.01237455
2.110729	0.01240193
2.114063	0.01240193
2.117396	0.01240193
2.120729	0.01240193
2.124063	0.01240193
2.127396	0.01240193
2.130729	0.01240193
2.134063	0.0124293
2.137396	0.0124293
2.140729	0.0124293
2.144063	0.01240193
2.147396	0.01237455
2.150729	0.01234717
2.154063	0.01231979
2.157396	0.01229242
2.160729	0.01229242
2.164063	0.01231979
2.167396	0.0124293
2.170729	0.01256619
2.174062	0.01281259
2.177396	0.01305898
2.180729	0.01333276
2.184062	0.01357915
2.187396	0.01377079
2.190729	0.0138803
2.194062	0.01390768
2.197396	0.01382555
2.200729	0.01366128
2.204062	0.01344226
2.207396	0.01319587
2.210729	0.0129221
2.214062	0.01270308
2.217396	0.01251144
2.220729	0.01240193
2.224062	0.01234717
2.227396	0.01231979
2.230729	0.01234717
2.234062	0.01237455
2.237396	0.01240193
2.240729	0.01245668
2.244062	0.01251144
2.247396	0.01256619
2.250729	0.0126757
2.254062	0.01281259
2.257396	0.01294947
2.260729	0.01311374
2.264062	0.013278
2.267396	0.01341489
2.270729	0.01357915
2.274062	0.01368866
2.277396	0.01377079
2.280729	0.01385292
2.284062	0.0138803
2.287396	0.0138803
2.290729	0.0138803
2.294063	0.01385292
2.297396	0.01385292
2.300729	0.01385292
2.304063	0.01382555
2.307396	0.01379817
2.310729	0.01374342
2.314063	0.01366128
2.317396	0.01357915
2.320729	0.01346964
2.324063	0.01336013
2.327396	0.01322325
2.330729	0.01314111
2.334063	0.01305898
2.337396	0.01303161
2.340729	0.01305898
2.344063	0.01308636
2.347396	0.01314111
2.350729	0.01322325
2.354063	0.01325062
2.357396	0.01325062
2.360729	0.01319587
2.364063	0.01311374
2.367396	0.01297685
2.370729	0.01278521
2.374063	0.01262095
2.377396	0.01245668
2.380729	0.01234717
2.384063	0.01223766
2.387396	0.01221029
2.390729	0.01218291
2.394063	0.01223766
2.397396	0.01229242
2.400729	0.01234717
2.404063	0.0124293
2.407396	0.01253881
2.410729	0.01262095
2.414063	0.01270308
2.417396	0.01278521
2.420729	0.01286734
2.424062	0.0129221
2.427396	0.0129221
2.430729	0.0129221
2.434062	0.01289472
2.437396	0.01283996
2.440729	0.01275783
2.444062	0.0126757
2.447396	0.01262095
2.450729	0.01256619
2.454062	0.01256619
2.457396	0.01259357
2.460729	0.01262095
2.464062	0.0126757
2.467396	0.01270308
2.470729	0.01273045
2.474062	0.01273045
2.477396	0.01270308
2.480729	0.0126757
2.484062	0.01259357
2.487396	0.01251144
2.490729	0.0124293
2.494062	0.01234717
2.497396	0.01226504
2.500729	0.01215553
2.504062	0.0120734
2.507396	0.01199127
2.510729	0.01190913
2.514062	0.011827
2.517396	0.01174487
2.520729	0.01169012
2.524062	0.01163536
2.527396	0.01160798
2.530729	0.01158061
2.534062	0.01155323
2.537396	0.01155323
2.540729	0.01152585
2.544063	0.01152585
2.547396	0.01149847
2.550729	0.01152585
2.554063	0.01155323
2.557396	0.01158061
2.560729	0.01163536
2.564063	0.01171749
2.567396	0.01179963
2.570729	0.01185438
2.574063	0.01185438
2.577396	0.01185438
2.580729	0.01179963
2.584063	0.01169012
2.587396	0.01155323
2.590729	0.01138897
2.594063	0.01125208
2.597396	0.01108782
2.600729	0.01097831
2.604063	0.01092355
2.607396	0.01095093
2.610729	0.01103306
2.614063	0.01114257
2.617396	0.01133421
2.620729	0.01149847
2.624063	0.01166274
2.627396	0.01179963
2.630729	0.01185438
2.634063	0.011827
2.637396	0.01169012
2.640729	0.0114711
2.644063	0.01116995
2.647396	0.01084142
2.650729	0.01051289
2.654063	0.01018436
2.657396	0.00991059
2.660729	0.009718949
2.664063	0.00960944
2.667396	0.00960944
2.670729	0.009691571
2.674062	0.009883213
2.677396	0.01012961
2.680729	0.010376
2.684062	0.01064978
2.687396	0.01092355
2.690729	0.01111519
2.694062	0.01125208
2.697396	0.01130683
2.700729	0.01130683
2.704062	0.01119732
2.707396	0.01106044
2.710729	0.01092355
2.714062	0.01075929
2.717396	0.01064978
2.720729	0.01056765
2.724062	0.01059502
2.727396	0.01064978
2.730729	0.01078666
2.734062	0.01097831
2.737396	0.01119732
2.740729	0.01144372
2.744062	0.01169012
2.747396	0.01190913
2.750729	0.01212815
2.754062	0.01231979
2.757396	0.01251144
2.760729	0.01264832
2.764062	0.01275783
2.767396	0.01283996
2.770729	0.01286734
2.774062	0.01286734
2.777396	0.01278521
2.780729	0.0126757
2.784062	0.01253881
2.787396	0.01234717
2.790729	0.01215553
2.794063	0.01199127
2.797396	0.011827
2.800729	0.01171749
2.804063	0.01163536
2.807396	0.01160798
2.810729	0.01160798
2.814063	0.01163536
2.817396	0.01166274
2.820729	0.01171749
2.824063	0.01174487
2.827396	0.01177225
2.830729	0.01177225
2.834063	0.01174487
2.837396	0.01171749
2.840729	0.01163536
2.844063	0.01155323
2.847396	0.01144372
2.850729	0.01133421
2.854063	0.01119732
2.857396	0.01106044
2.860729	0.01092355
2.864063	0.01084142
2.867396	0.01081404
2.870729	0.01084142
2.874063	0.01092355
2.877396	0.01108782
2.880729	0.01130683
2.884063	0.01155323
2.887396	0.011827
2.890729	0.01210078
2.894063	0.01234717
2.897396	0.01251144
2.900729	0.01264832
2.904063	0.01273045
2.907396	0.01275783
2.910729	0.01278521
2.914063	0.01278521
2.917396	0.01281259
2.920729	0.01286734
2.924062	0.01294947
2.927396	0.01311374
2.930729	0.01330538
2.934062	0.01355177
2.937396	0.01385292
2.940729	0.01418145
2.944062	0.01450998
2.947396	0.01483851
2.950729	0.01516704
2.954062	0.01544081
2.957396	0.01571458
2.960729	0.0159336
2.964062	0.01609787
2.967396	0.01618
2.970729	0.01623475
2.974062	0.01620737
2.977396	0.01615262
2.980729	0.01604311
2.984062	0.01587885
2.987396	0.01571458
2.990729	0.01555032
2.994062	0.01538605
2.997396	0.01522179
3.000729	0.01511228
3.004062	0.01505753
3.007396	0.01505753
3.010729	0.01513966
3.014062	0.01527655
3.017396	0.01546819
3.020729	0.01571458
3.024062	0.01596098
3.027396	0.01618
3.030729	0.01637164
3.034062	0.01648115
3.037396	0.01650853
3.040729	0.01645377
3.044063	0.01628951
3.047396	0.01607049
3.050729	0.01582409
3.054063	0.01555032
3.057396	0.0153313
3.060729	0.01516704
3.064063	0.01511228
3.067396	0.01513966
3.070729	0.01524917
3.074063	0.01544081
3.077396	0.01565983
3.080729	0.01590622
3.084063	0.01615262
3.087396	0.01631688
3.090729	0.01637164
3.094063	0.01631688
3.097396	0.01615262
3.100729	0.01590622
3.104063	0.0155777
3.107396	0.01524917
3.110729	0.01492064
3.114063	0.01461949
3.117396	0.01440047
3.120729	0.01426358
3.124063	0.01420883
3.127396	0.01426358
3.130729	0.01437309
3.134063	0.01450998
3.137396	0.01461949
3.140729	0.014729
3.144063	0.01478375
3.147396	0.01478375
3.150729	0.014729
3.154063	0.01461949
3.157396	0.0144826
3.160729	0.01434572
3.164063	0.01420883
3.167396	0.0141267
3.170729	0.01409932
3.174062	0.01415408
3.177396	0.01426358
3.180729	0.01442785
3.184062	0.01464687
3.187396	0.01483851
3.190729	0.01503015
3.194062	0.01519441
3.197396	0.0153313
3.200729	0.01538605
3.204062	0.01541343
3.207396	0.01541343
3.210729	0.01538605
3.214062	0.0153313
3.217396	0.01527655
3.220729	0.01519441
3.224062	0.01513966
3.227396	0.0150849
3.230729	0.01500277
3.234062	0.01489326
3.237396	0.014729
3.240729	0.01453736
3.244062	0.01434572
3.247396	0.01409932
3.250729	0.0138803
3.254062	0.01368866
3.257396	0.0135244
3.260729	0.01341489
3.264062	0.01341489
3.267396	0.01349702
3.270729	0.01368866
3.274062	0.01396243
3.277396	0.01431834
3.280729	0.01470162
3.284062	0.01511228
3.287396	0.01555032
3.290729	0.01601573
3.294063	0.01648115
3.297396	0.01697394
3.300729	0.01746673
3.304063	0.01801428
3.307396	0.01856182
3.310729	0.0191915
3.314063	0.01984856
3.317396	0.02053299
3.320729	0.02121742
3.324063	0.02187448
3.327396	0.02250416
3.330729	0.02310646
3.334063	0.02362663
3.337396	0.0241468
3.340729	0.02461221
3.344063	0.025105
3.347396	0.02562517
3.350729	0.02617272
3.354063	0.02677502
3.357396	0.02745945
3.360729	0.02822602
3.364063	0.02907472
3.367396	0.03000554
3.370729	0.03099113
3.374063	0.03203147
3.377396	0.03309918
3.380729	0.03419428
3.384063	0.0353715
3.387396	0.0365761
3.390729	0.03783546
3.394063	0.03912219
3.397396	0.04049106
3.400729	0.0418873
3.404063	0.0433383
3.407396	0.04484405
3.410729	0.04640456
3.414063	0.04801982
3.417396	0.04966246
3.420729	0.05138724
3.424062	0.05319414
3.427396	0.0550558
3.430729	0.05702696
3.434062	0.05910764
3.437396	0.06129783
3.440729	0.06357014
3.444062	0.06597935
3.447396	0.06849806
3.450729	0.0710989
3.454062	0.07378188
3.457396	0.07654699
3.460729	0.07936686
3.464062	0.08224147
3.467396	0.08517085
3.470729	0.08815498
3.474062	0.09119387
3.477396	0.0942875
3.480729	0.09743589
3.484062	0.1006938
3.487396	0.1040338
3.490729	0.1075107
3.494062	0.1110972
3.497396	0.1148205
3.500729	0.1186533
3.504062	0.1226504
3.507396	0.126757
3.510729	0.1309457
3.514062	0.1352713
3.517396	0.1397065
3.520729	0.1441964
3.524062	0.1487957
3.527396	0.1534499
3.530729	0.1581862
3.534062	0.163032
3.537396	0.1679325
3.540729	0.1729426
3.544063	0.1780621
3.547396	0.1832638
3.550729	0.1886024
3.554063	0.1940778
3.557396	0.1997176
3.560729	0.2054668
3.564063	0.2113803
3.567396	0.2174033
3.570729	0.2235085
3.574063	0.2296957
3.577396	0.2359378
3.580729	0.2422072
3.584063	0.2485039
3.587396	0.2548281
3.590729	0.2612344
3.594063	0.2676681
3.597396	0.2742113
3.600729	0.2808913
3.604063	0.2877357
3.607396	0.2947716
3.610729	0.3019993
3.614063	0.3094459
3.617396	0.3171389
3.620729	0.3251057
3.624063	0.3333737
3.627396	0.3419428
3.630729	0.350813
3.634063	0.3600392
3.637396	0.3695939
3.640729	0.3794771
3.644063	0.3897436
3.647396	0.4003386
3.650729	0.4112622
3.654063	0.4225142
3.657396	0.4340401
3.660729	0.4458945
3.664063	0.4579952
3.667396	0.4703424
3.670729	0.4828812
3.674062	0.4956117
3.677396	0.508479
3.680729	0.5214558
3.684062	0.5344875
3.687396	0.5475464
3.690729	0.5606054
3.694062	0.5736096
3.697396	0.5865592
3.700729	0.5993991
3.704062	0.612157
3.707396	0.6247232
3.710729	0.6370977
3.714062	0.6492259
3.717396	0.6610529
3.720729	0.6724692
3.724062	0.6834475
3.727396	0.6939056
3.730729	0.7038162
3.734062	0.7131245
3.737396	0.7218305
3.740729	0.7299068
3.744062	0.7374356
3.747396	0.7444168
3.750729	0.7508779
3.754062	0.7568735
3.757396	0.7624311
3.760729	0.767578
3.764062	0.7723417
3.767396	0.7767494
3.770729	0.7808286
3.774062	0.7846067
3.777396	0.7881931
3.780729	0.7916427
3.784062	0.7950375
3.787396	0.798487
3.790729	0.8020734
3.794063	0.805961
3.797396	0.8102593
3.800729	0.8151051
3.804063	0.8206353
3.807396	0.8269868
3.810729	0.8343239
3.814063	0.8427561
3.817396	0.8524751
3.820729	0.8636177
3.824063	0.8763481
3.827396	0.890776
3.830729	0.9070381
3.834063	0.925244
3.837396	0.9455032
3.840729	0.9679252
3.844063	0.9925922
3.847396	1.019641
3.850729	1.049099
3.854063	1.081076
3.857396	1.115653
3.860729	1.152859
3.864063	1.192775
3.867396	1.235347
3.870729	1.280574
3.874063	1.32832
3.877396	1.378448
3.880729	1.430821
3.884063	1.48522
3.887396	1.541398
3.890729	1.599055
3.894063	1.657943
3.897396	1.717708
3.900729	1.778048
3.904063	1.838634
3.907396	1.899083
3.910729	1.959066
3.914063	2.018229
3.917396	2.076214
3.920729	2.132666
3.924062	2.187256
3.927396	2.239629
3.930729	2.289511
3.934062	2.336572
3.937396	2.380513
3.940729	2.421086
3.944062	2.458018
3.947396	2.491117
3.950729	2.520137
3.954062	2.544941
3.957396	2.565365
3.960729	2.581381
3.964062	2.592879
3.967396	2.599888
3.970729	2.602461
3.974062	2.600599
3.977396	2.594412
3.980729	2.584036
3.984062	2.569553
3.987396	2.551156
3.990729	2.529008
3.994062	2.5033
3.997396	2.474253
4.000729	2.442057
4.004063	2.407042
4.007396	2.369398
4.010729	2.329427
4.014062	2.287403
4.017396	2.243544
4.020729	2.198125
4.024063	2.151447
4.027396	2.103728
4.030729	2.055216
4.034062	2.006183
4.037396	1.956876
4.040729	1.907515
4.044063	1.858318
4.047396	1.809531
4.050729	1.761293
4.054062	1.713848
4.057396	1.667306
4.060729	1.621805
4.064063	1.577509
4.067396	1.534472
4.070729	1.492803
4.074062	1.452613
4.077396	1.413957
4.080729	1.376888
4.084063	1.341461
4.087396	1.307787
4.090729	1.275893
4.094062	1.245887
4.097396	1.217798
4.100729	1.191708
4.104063	1.16767
4.107396	1.145796
4.110729	1.126111
4.114062	1.108782
4.117396	1.093888
4.120729	1.081541
4.124063	1.071904
4.127396	1.065169
4.130729	1.061583
4.134062	1.061364
4.137396	1.064786
4.140729	1.072205
4.144063	1.08395
4.147396	1.100459
4.150729	1.122142
4.154062	1.149574
4.157396	1.183303
4.160729	1.223985
4.164063	1.272306
4.167396	1.329005
4.170729	1.394929
4.174063	1.470929
4.177396	1.557907
4.180729	1.656711
4.184062	1.768301
4.187396	1.89358
4.190729	2.033423
4.194063	2.188735
4.197396	2.360336
4.200729	2.548993
4.204062	2.755473
4.207396	2.980405
4.210729	3.22431
4.214063	3.487597
4.217396	3.770569
4.220729	4.073225
4.224062	4.395456
4.227396	4.736879
4.230729	5.096864
4.234063	5.474589
4.237396	5.868986
4.240729	6.278661
4.244062	6.702078
4.247396	7.137487
4.250729	7.582834
4.254063	8.035928
4.257396	8.494362
4.260729	8.955587
4.264062	9.416787
4.267396	9.875138
4.270729	10.32766
4.274063	10.77125
4.277396	11.20288
4.280729	11.61959
4.284062	12.0184
4.287396	12.39651
4.290729	12.75126
4.294063	13.0802
4.297396	13.38105
4.300729	13.65181
4.304062	13.89071
4.307396	14.09626
4.310729	14.26725
4.314063	14.40277
4.317396	14.50226
4.320729	14.56545
4.324062	14.59241
4.327396	14.58354
4.330729	14.53952
4.334063	14.46139
4.337396	14.35037
4.340729	14.20798
4.344062	14.03597
4.347396	13.83628
4.350729	13.61094
4.354063	13.36213
4.357396	13.09219
4.360729	12.80339
4.364062	12.4981
4.367396	12.17872
4.370729	11.84754
4.374063	11.50685
4.377396	11.15889
4.380729	10.8058
4.384062	10.44965
4.387396	10.09238
4.390729	9.73576
4.394063	9.381497
4.397396	9.031067
4.400729	8.685866
4.404062	8.347017
4.407396	8.01556
4.410729	7.692316
4.414063	7.377969
4.417396	7.073123
4.420729	6.778187
4.424063	6.49349
4.427396	6.219279
4.430729	5.955663
4.434062	5.702697
4.437396	5.460407
4.440729	5.228631
4.444063	5.007203
4.447396	4.795932
4.450729	4.594517
4.454062	4.402657
4.457396	4.220023
4.460729	4.046231
4.464063	3.880954
4.467396	3.723836
4.470729	3.574493
4.474062	3.432596
4.477396	3.29779
4.480729	3.169719
4.484063	3.048
4.487396	2.93233
4.490729	2.822356
4.494062	2.717774
4.497396	2.618258
4.500729	2.523532
4.504063	2.433379
4.507396	2.347551
4.510729	2.265857
4.514062	2.188105
4.517396	2.114077
4.520729	2.043553
4.524063	1.976396
4.527396	1.912388
4.530729	1.851364
4.534062	1.79316
4.537396	1.737584
4.540729	1.684472
4.544063	1.633742
4.547396	1.585284
4.550729	1.539044
4.554062	1.494911
4.557396	1.45286
4.560729	1.412834
4.564063	1.374725
4.567396	1.33845
4.570729	1.304009
4.574062	1.271239
4.577396	1.240138
4.580729	1.210543
4.584063	1.182427
4.587396	1.155706
4.590729	1.1303
4.594062	1.106181
4.597396	1.083238
4.600729	1.061474
4.604063	1.040804
4.607396	1.021174
4.610729	1.002585
4.614062	0.9849539
4.617396	0.9682811
4.620729	0.9525665
4.624063	0.9377828
4.627396	0.9239299
4.630729	0.9110078
4.634062	0.8990439
4.637396	0.8880382
4.640729	0.8779908
4.644063	0.8689562
4.647396	0.8609347
4.650729	0.8539535
4.654062	0.8480947
4.657396	0.8434132
4.660729	0.8399363
4.664063	0.8377735
4.667396	0.8370069
4.670729	0.8377735
4.674063	0.8401827
4.677396	0.844344
4.680729	0.8504492
4.684062	0.8586076
4.687396	0.8690384
4.690729	0.8818783
4.694063	0.8973191
4.697396	0.9156071
4.700729	0.9369067
4.704062	0.9614915
4.707396	0.989608
4.710729	1.021475
4.714063	1.057394
4.717396	1.097639
4.720729	1.142538
4.724062	1.19231
4.727396	1.247256
4.730729	1.307623
4.734063	1.373657
4.737396	1.445577
4.740729	1.523575
4.744062	1.60787
4.747396	1.698626
4.750729	1.795952
4.754063	1.899986
4.757396	2.010782
4.760729	2.128395
4.764062	2.252825
4.767396	2.38399
4.770729	2.521835
4.774063	2.66625
4.777396	2.817017
4.780729	2.973944
4.784062	3.136839
4.787396	3.305401
4.790729	3.479466
4.794063	3.658787
4.797396	3.843174
4.800729	4.032515
4.804062	4.226757
4.807396	4.425873
4.810729	4.630026
4.814063	4.839462
4.817396	5.054621
4.820729	5.276076
4.824062	5.504731
4.827396	5.741682
4.830729	5.988324
4.834063	6.246465
4.837396	6.518294
4.840729	6.806386
4.844062	7.113751
4.847396	7.443921
4.850729	7.800839
4.854063	8.189022
4.857396	8.613371
4.860729	9.079334
4.864062	9.592823
4.867396	10.16019
4.870729	10.78828
4.874063	11.48429
4.877396	12.25573
4.880729	13.1104
4.884062	14.05615
4.887396	15.10084
4.890729	16.25219
4.894063	17.51768
4.897396	18.90418
4.900729	20.41806
4.904062	22.06484
4.907396	23.84907
4.910729	25.77422
4.914063	27.84252
4.917396	30.05471
4.920729	32.40985
4.924063	34.90529
4.927396	37.53631
4.930729	40.29616
4.934062	43.17596
4.937396	46.16455
4.940729	49.24868
4.944063	52.41304
4.947396	55.64033
4.950729	58.91156
4.954062	62.2062
4.957396	65.50238
4.960729	68.77714
4.964063	72.00668
4.967396	75.16666
4.970729	78.23251
4.974062	81.17971
4.977396	83.98416
4.980729	86.62259
4.984063	89.07286
4.987396	91.31441
4.990729	93.32853
4.994062	95.09875
4.997396	96.61102
5.000729	97.85389
5.004063	98.81864
5.007396	99.49946
5.010729	99.89328
5.014062	100
5.017396	99.82221
5.020729	99.3652
5.024063	98.63677
5.027396	97.64703
5.030729	96.4082
5.034062	94.93446
5.037396	93.24166
5.040729	91.34707
5.044063	89.26908
5.047396	87.02701
5.050729	84.6408
5.054062	82.13082
5.057396	79.51744
5.060729	76.82085
5.064063	74.06084
5.067396	71.25643
5.070729	68.4257
5.074062	65.58571
5.077396	62.75224
5.080729	59.93983
5.084063	57.16177
5.087396	54.42998
5.090729	51.75508
5.094062	49.14646
5.097396	46.61219
5.100729	44.15913
5.104063	41.79288
5.107396	39.51783
5.110729	37.33709
5.114062	35.25279
5.117396	33.26591
5.120729	31.3766
5.124063	29.58418
5.127396	27.88731
5.130729	26.28406
5.134062	24.77212
5.137396	23.34875
5.140729	22.01093
5.144063	20.75538
5.147396	19.57865
5.150729	18.47704
5.154062	17.44677
5.157396	16.48405
5.160729	15.58503
5.164063	14.74586
5.167396	13.96287
5.170729	13.23245
5.174063	12.55113
5.177396	11.91565
5.180729	11.32291
5.184062	10.76997
5.187396	10.25399
5.190729	9.772308
5.194063	9.322444
5.197396	8.90201
5.200729	8.508735
5.204062	8.140564
5.207396	7.795528
5.210729	7.471846
5.214063	7.167903
5.217396	6.882221
5.220729	6.613431
5.224062	6.3603
5.227396	6.121761
5.230729	5.89672
5.234063	5.684272
5.237396	5.483514
5.240729	5.293652
5.244062	5.113975
5.247396	4.943825
5.250729	4.782654
5.254063	4.629861
5.257396	4.485035
5.260729	4.347738
5.264062	4.217641
5.267396	4.094333
5.270729	3.977569
5.274063	3.866992
5.277396	3.762356
5.280729	3.663332
5.284062	3.569729
5.287396	3.481328
5.290729	3.397882
5.294063	3.319199
5.297396	3.245089
5.300729	3.175386
5.304062	3.109845
5.307396	3.048328
5.310729	2.990589
5.314063	2.936464
5.317396	2.885707
5.320729	2.838125
5.324062	2.793527
5.327396	2.751695
5.330729	2.712381
5.334063	2.675449
5.337396	2.640652
5.340729	2.607827
5.344062	2.576754
5.347396	2.547268
5.350729	2.519152
5.354063	2.49224
5.357396	2.466396
5.360729	2.441428
5.364062	2.417226
5.367396	2.393627
5.370729	2.37052
5.374063	2.347742
5.377396	2.325238
5.380729	2.302844
5.384062	2.280476
5.387396	2.257999
5.390729	2.235304
5.394063	2.212307
5.397396	2.188899
5.400729	2.165026
5.404062	2.140578
5.407396	2.115555
5.410729	2.08993
5.414063	2.063648
5.417396	2.036708
5.420729	2.009167
5.424063	1.980941
5.427396	1.952113
5.430729	1.922682
5.434062	1.892649
5.437396	1.862041
5.440729	1.830941
5.444063	1.799402
5.447396	1.76748
5.450729	1.735257
5.454062	1.702815
5.457396	1.670236
5.460729	1.637575
5.464063	1.604886
5.467396	1.572225
5.470729	1.539646
5.474062	1.507149
5.477396	1.474816
5.480729	1.442703
5.484063	1.410808
5.487396	1.379242
5.490729	1.348032
5.494062	1.31726
5.497396	1.286898
5.500729	1.25703
5.504063	1.227627
5.507396	1.198744
5.510729	1.170353
5.514062	1.142483
5.517396	1.115133
5.520729	1.088303
5.524063	1.061994
5.527396	1.036232
5.530729	1.011072
5.534062	0.9865144
5.537396	0.9625319
5.540729	0.9391516
5.544063	0.9163463
5.547396	0.8941434
5.550729	0.8724605
5.554062	0.8513526
5.557396	0.8307375
5.560729	0.8106699
5.564063	0.7911225
5.567396	0.7720679
5.570729	0.7535335
5.574062	0.7355466
5.577396	0.7180524
5.580729	0.7010785
5.584063	0.6845974
5.587396	0.668609
5.590729	0.6530861
5.594062	0.6380285
5.597396	0.6234364
5.600729	0.609255
5.604063	0.5955116
5.607396	0.5822336
5.610729	0.5693388
5.614062	0.5568547
5.617396	0.5447539
5.620729	0.5329817
5.624063	0.521538
5.627396	0.5103407
5.630729	0.4993897
5.634062	0.4886031
5.637396	0.4780354
5.640729	0.467632
5.644063	0.4574203
5.647396	0.4474276
5.650729	0.4377086
5.654062	0.4282635
5.657396	0.4191742
5.660729	0.4104135
5.664063	0.402036
5.667396	0.3940144
5.670729	0.3863214
5.674063	0.3789022
5.677396	0.3717019
5.680729	0.3646933
5.684062	0.357849
5.687396	0.3511142
5.690729	0.3445162
5.694063	0.3380278
5.697396	0.3316489
5.700729	0.3254069
5.704062	0.3193291
5.707396	0.3133882
5.710729	0.3075842
5.714063	0.3019445
5.717396	0.2964417
5.720729	0.2910757
5.724062	0.2858466
5.727396	0.2807818
5.730729	0.2758539
5.734063	0.2710902
5.737396	0.2665182
5.740729	0.2621652
5.744062	0.2579765
5.747396	0.2539794
5.750729	0.250174
5.754063	0.246478
5.757396	0.242919
5.760729	0.2394421
5.764062	0.2360473
5.767396	0.2327072
5.770729	0.229422
5.774063	0.2261914
5.777396	0.2230431
5.780729	0.219922
5.784062	0.2168558
5.787396	0.2138717
5.790729	0.2109423
5.794063	0.208095
5.797396	0.2053299
5.800729	0.2026469
5.804062	0.2000461
5.807396	0.1975548
5.810729	0.1951729
5.814063	0.1929006
5.817396	0.1907652
5.820729	0.1887119
5.824062	0.1867681
5.827396	0.1848791
5.830729	0.1830448
5.834063	0.1812653
5.837396	0.1795131
5.840729	0.1778157
5.844062	0.1761183
5.847396	0.1744483
5.850729	0.1728057
5.854063	0.171163
5.857396	0.1695478
5.860729	0.1679599
5.864062	0.166372
5.867396	0.1647841
5.870729	0.1631962
5.874063	0.1616631
5.877396	0.1601573
5.880729	0.1587337
5.884062	0.1573922
5.887396	0.1561055
5.890729	0.1549557
5.894063	0.1538605
5.897396	0.152875
5.900729	0.1519441
5.904062	0.1510954
5.907396	0.1503015
5.910729	0.1495349
5.914063	0.1487684
5.917396	0.1480292
5.920729	0.14729
5.924063	0.1465508
5.927396	0.1457842
5.930729	0.1450177
5.934062	0.1442511
5.937396	0.1434845
5.940729	0.142718
5.944063	0.1419788
5.947396	0.1412396
5.950729	0.1405278
5.954062	0.1398434
5.957396	0.1391863
5.960729	0.1385292
5.964063	0.1378996
5.967396	0.1372973
5.970729	0.136695
5.974062	0.1361474
5.977396	0.1356273
5.980729	0.1351618
5.984063	0.1347512
5.987396	0.1343405
5.990729	0.1339846
5.994062	0.1336287
5.997396	0.1333002
6.000729	0.1329717
6.004063	0.1326431
6.007396	0.1323146
6.010729	0.1319313
6.014062	0.1315207
6.017396	0.1310826
6.020729	0.1306172
6.024063	0.130097
6.027396	0.1295495
6.030729	0.1289746
6.034062	0.1283723
6.037396	0.1277426
6.040729	0.1270855
6.044063	0.1264285
6.047396	0.125744
6.050729	0.125087
6.054062	0.1243752
6.057396	0.1236907
6.060729	0.1229789
6.064063	0.1222671
6.067396	0.1215827
6.070729	0.120953
6.074062	0.1203507
6.077396	0.1198305
6.080729	0.1193378
6.084063	0.1189271
6.087396	0.1185712
6.090729	0.1182427
6.094062	0.1179141
6.097396	0.117613
6.100729	0.1172845
6.104063	0.1169285
6.107396	0.1165726
6.110729	0.1161894
6.114062	0.1158061
6.117396	0.1154502
6.120729	0.1151216
6.124063	0.1148479
6.127396	0.1146015
6.130729	0.1143825
6.134062	0.1141908
6.137396	0.1139992
6.140729	0.1138075
6.144063	0.1136159
6.147396	0.1133969
6.150729	0.1131231
6.154062	0.1127946
6.157396	0.1123839
6.160729	0.1119185
6.164063	0.111371
6.167396	0.1107413
6.170729	0.1100568
6.174063	0.1092903
6.177396	0.1084963
6.180729	0.1076203
6.184062	0.1067442
6.187396	0.1058681
6.190729	0.104992
6.194063	0.104116
6.197396	0.1032673
6.200729	0.1024459
6.204062	0.101652
6.207396	0.1008581
6.210729	0.1000915
6.214063	0.09935231
6.217396	0.09858574
6.220729	0.09781918
6.224062	0.09702523
6.227396	0.09623129
6.230729	0.09540997
6.234063	0.09458865
6.237396	0.09376733
6.240729	0.09291864
6.244062	0.09206994
6.247396	0.09122124
6.250729	0.09037255
6.254063	0.08952385
6.257396	0.08867515
6.260729	0.08779908
6.264062	0.08695038
6.267396	0.08604693
6.270729	0.08517085
6.274063	0.08432215
6.277396	0.08344608
6.280729	0.08262476
6.284062	0.08183081
6.287396	0.08106425
6.290729	0.08037982
6.294063	0.07975014
6.297396	0.07914784
6.300729	0.07857291
6.304062	0.07802537
6.307396	0.07747782
6.310729	0.07693027
6.314063	0.07632797
6.317396	0.07569829
6.320729	0.07501386
6.324062	0.07430205
6.327396	0.07359024
6.330729	0.07285105
6.334063	0.07211187
6.337396	0.07142743
6.340729	0.070743
6.344062	0.0701407
6.347396	0.06959316
6.350729	0.06912774
6.354063	0.0686897
6.357396	0.06830642
6.360729	0.06795052
6.364062	0.06762199
6.367396	0.06732084
6.370729	0.06707444
6.374063	0.06682805
6.377396	0.06658165
6.380729	0.06639001
6.384062	0.06617099
6.387396	0.06597935
6.390729	0.06581508
6.394063	0.06562344
6.397396	0.0654318
6.400729	0.06521278
6.404062	0.06499377
6.407396	0.06471999
6.410729	0.06444622
6.414063	0.06419982
6.417396	0.06392605
6.420729	0.06367965
6.424063	0.06340588
6.427396	0.06310473
6.430729	0.06283096
6.434062	0.06258456
6.437396	0.06233816
6.440729	0.0621739
6.444063	0.06203701
6.447396	0.06195488
6.450729	0.06200964
6.454062	0.0621739
6.457396	0.06244767
6.460729	0.06285833
6.464063	0.06335113
6.467396	0.06387129
6.470729	0.06444622
6.474062	0.06502114
6.477396	0.06562344
6.480729	0.06622574
6.484063	0.06685542
6.487396	0.06753986
6.490729	0.06827904
6.494062	0.06912774
6.497396	0.07011332
6.500729	0.07126317
6.504063	0.07257728
6.507396	0.07402828
6.510729	0.07561616
6.514062	0.07736831
6.517396	0.07917521
6.520729	0.08109163
6.524063	0.08300804
6.527396	0.08492446
6.530729	0.08681349
6.534062	0.08864777
6.537396	0.09039992
6.540729	0.09201518
6.544063	0.09352094
6.547396	0.09483505
6.550729	0.09601227
6.554062	0.09705261
6.557396	0.09792869
6.560729	0.09861312
6.564063	0.09907853
6.567396	0.09935231
6.570729	0.09940706
6.574062	0.09918804
6.577396	0.09875001
6.580729	0.0980382
6.584063	0.09707999
6.587396	0.09590276
6.590729	0.0945339
6.594062	0.09300077
6.597396	0.09141288
6.600729	0.08974287
6.604063	0.08807285
6.607396	0.08643021
6.610729	0.08481495
6.614062	0.08328181
6.617396	0.08180344
6.620729	0.08035244
6.624063	0.0789562
6.627396	0.07755995
6.630729	0.07616371
6.634062	0.07474009
6.637396	0.07331647
6.640729	0.07186547
6.644063	0.07041447
6.647396	0.06896348
6.650729	0.06751248
6.654062	0.06606148
6.657396	0.06466524
6.660729	0.06332375
6.664063	0.06200964
6.667396	0.0607229
6.670729	0.05946355
6.674063	0.05820419
6.677396	0.05699959
6.680729	0.05582236
6.684062	0.05461776
6.687396	0.05344054
6.690729	0.05229069
6.694063	0.05111346
6.697396	0.04996362
6.700729	0.04881376
6.704062	0.04769129
6.707396	0.0465962
6.710729	0.04550111
6.714063	0.04446077
6.717396	0.04344781
6.720729	0.04251698
6.724062	0.04166829
6.727396	0.04087434
6.730729	0.04021729
6.734063	0.03964236
6.737396	0.03920433
6.740729	0.0388758
6.744062	0.0386294
6.747396	0.03849252
6.750729	0.03843776
6.754063	0.03843776
6.757396	0.03851989
6.760729	0.03865678
6.764062	0.0388758
6.767396	0.03914957
6.770729	0.03950548
6.774063	0.03991614
6.777396	0.04038155
6.780729	0.04090172
6.784062	0.04142189
6.787396	0.04191468
6.790729	0.04240747
6.794063	0.04281813
6.797396	0.04317404
6.800729	0.04350256
6.804062	0.04377634
6.807396	0.04402273
6.810729	0.04424175
6.814063	0.04446077
6.817396	0.04465241
6.820729	0.04481668
6.824062	0.04498094
6.827396	0.04506307
6.830729	0.04506307
6.834063	0.04492618
6.837396	0.04465241
6.840729	0.04421437
6.844062	0.0435847
6.847396	0.04276338
6.850729	0.04175042
6.854063	0.04054582
6.857396	0.03920433
6.860729	0.03769857
6.864062	0.03608331
6.867396	0.03435854
6.870729	0.03257901
6.874063	0.03074473
6.877396	0.02880094
6.880729	0.0268024
6.884062	0.02472172
6.887396	0.02255891
6.890729	0.02034135
6.894063	0.01804166
6.897396	0.01571458
6.900729	0.01338751
6.904062	0.01114257
6.907396	0.009007138
6.910729	0.007035972
6.914063	0.005283822
6.917396	0.003750692
6.920729	0.002463958
6.924063	0.001478375
6.927396	0.0007118095
6.930729	0.0002463951
6.934062	0
6.937396	0
6.940729	0.0002190177
6.944063	0.0006570549
6.947396	0.001314111
6.950729	0.002162808
6.954062	0.003175768
6.957396	0.004380371
6.960729	0.005749238
6.964063	0.00725499
6.967396	0.008897629
6.970729	0.01064978
6.974062	0.01253881
6.977396	0.01450998
6.980729	0.01656328
6.984063	0.01872609
6.987396	0.02094365
6.990729	0.02327072
6.994062	0.02565255
6.997396	0.02811651
7.000729	0.0306626
7.004063	0.03323607
7.007396	0.03586429
7.010729	0.03851989
7.014062	0.04114812
7.017396	0.04377634
7.020729	0.04634981
7.024063	0.04886852
7.027396	0.0513051
7.030729	0.0536048
7.034062	0.05574023
7.037396	0.0577114
7.040729	0.05946355
7.044063	0.06099668
7.047396	0.06228341
7.050729	0.06326899
7.054062	0.06400818
7.057396	0.06444622
7.060729	0.06461048
7.064063	0.06452835
7.067396	0.0642272
7.070729	0.06370703
7.074062	0.06299522
7.077396	0.06211915
7.080729	0.06107881
7.084063	0.05987421
7.087396	0.05853272
7.090729	0.05705434
7.094062	0.0554117
7.097396	0.05365955
7.100729	0.05177052
7.104063	0.04977197
7.107396	0.04771867
7.110729	0.045638
7.114062	0.04352994
7.117396	0.04147664
7.120729	0.03945072
7.124063	0.03753431
7.127396	0.03570003
7.130729	0.03403001
7.134062	0.03249688
7.137396	0.03110064
7.140729	0.02989604
7.144063	0.02880094
7.147396	0.02787011
7.150729	0.02704879
7.154062	0.02630961
7.157396	0.02562517
7.160729	0.0249955
7.164063	0.02442057
7.167396	0.02392778
7.170729	0.02346237
7.174063	0.02310646
7.177396	0.02286006
7.180729	0.02275055
7.184062	0.02275055
7.187396	0.0229422
7.190729	0.02327072
7.194063	0.02373614
7.197396	0.02431106
7.200729	0.0249955
7.204062	0.02573468
7.207396	0.02650125
7.210729	0.02732257
7.214063	0.02817126
7.217396	0.02899258
7.220729	0.02978653
7.224062	0.03055309
7.227396	0.0312649
7.230729	0.03192196
7.234063	0.03255164
7.237396	0.03312656
7.240729	0.03364673
7.244062	0.03411214
7.247396	0.0345228
7.250729	0.03487871
7.254063	0.03515248
7.257396	0.03534412
7.260729	0.03545363
7.264062	0.03548101
7.267396	0.03542626
7.270729	0.03528937
7.274063	0.03515248
7.277396	0.03498822
7.280729	0.03485133
7.284062	0.0347692
7.287396	0.0347692
7.290729	0.03479658
7.294063	0.03487871
7.297396	0.0350156
7.300729	0.03515248
7.304062	0.03531675
7.307396	0.03550839
7.310729	0.03564527
7.314063	0.03578216
7.317396	0.03591905
7.320729	0.03600118
7.324062	0.03608331
7.327396	0.03611069
7.330729	0.03613807
7.334063	0.03611069
7.337396	0.03608331
7.340729	0.03600118
7.344062	0.03591905
7.347396	0.03580954
7.350729	0.03567265
7.354063	0.03556314
7.357396	0.03542626
7.360729	0.03526199
7.364062	0.03509773
7.367396	0.03490609
7.370729	0.03471445
7.374063	0.0345228
7.377396	0.03438592
7.380729	0.03424903
7.384062	0.03419428
7.387396	0.0341669
7.390729	0.03422165
7.394063	0.03430379
7.397396	0.03444067
7.400729	0.03457756
7.404062	0.03471445
7.407396	0.03482395
7.410729	0.03485133
7.414063	0.03482395
7.417396	0.03474182
7.420729	0.03457756
7.424063	0.03438592
7.427396	0.03413952
7.430729	0.03389313
7.434062	0.03367411
7.437396	0.03342771
7.440729	0.03320869
7.444063	0.03301705
7.447396	0.03279803
7.450729	0.03263377
7.454062	0.03244213
7.457396	0.03225049
7.460729	0.03208622
7.464063	0.03192196
7.467396	0.03175769
7.470729	0.03159343
7.474062	0.03148392
7.477396	0.03137441
7.480729	0.0312649
7.484063	0.03115539
7.487396	0.03107326
7.490729	0.03101851
7.494062	0.03096375
7.497396	0.03096375
7.500729	0.03099113
7.504063	0.03104588
7.507396	0.03112801
7.510729	0.03123752
7.514062	0.03137441
7.517396	0.03148392
7.520729	0.03156605
7.524063	0.03162081
7.527396	0.03162081
7.530729	0.03156605
7.534062	0.03145654
7.537396	0.03131966
7.540729	0.03118277
7.544063	0.03104588
7.547396	0.03088162
7.550729	0.03074473
7.554062	0.03060785
7.557396	0.03047096
7.560729	0.03033407
7.564063	0.03019719
7.567396	0.0300603
7.570729	0.02992341
7.574062	0.0298139
7.577396	0.02970439
7.580729	0.02962226
7.584063	0.02954013
7.587396	0.02951275
7.590729	0.02948538
7.594062	0.029458
7.597396	0.029458
7.600729	0.029458
7.604063	0.02943062
7.607396	0.02943062
7.610729	0.02940324
7.614062	0.02937587
7.617396	0.02934849
7.620729	0.02932111
7.624063	0.02932111
7.627396	0.02929373
7.630729	0.02929373
7.634062	0.02929373
7.637396	0.02932111
7.640729	0.02937587
7.644063	0.029458
7.647396	0.02954013
7.650729	0.02962226
7.654062	0.02973177
7.657396	0.02984128
7.660729	0.02995079
7.664063	0.03003292
7.667396	0.0300603
7.670729	0.03008768
7.674063	0.03008768
7.677396	0.03003292
7.680729	0.03000554
7.684062	0.02992341
7.687396	0.02986866
7.690729	0.02978653
7.694063	0.02970439
7.697396	0.02967702
7.700729	0.02962226
7.704062	0.02956751
7.707396	0.02951275
7.710729	0.029458
7.714063	0.02940324
7.717396	0.02932111
7.720729	0.02923898
7.724062	0.02915685
7.727396	0.02907472
7.730729	0.02899258
7.734063	0.02893783
7.737396	0.02888307
7.740729	0.02882832
7.744062	0.02877357
7.747396	0.02869143
7.750729	0.02863668
7.754063	0.02852717
7.757396	0.02839028
7.760729	0.02819864
7.764062	0.028007
7.767396	0.02778798
7.770729	0.02759634
7.774063	0.02745945
7.777396	0.02732257
7.780729	0.02721306
7.784062	0.02713093
7.787396	0.02707617
7.790729	0.02704879
7.794063	0.02699404
7.797396	0.02693929
7.800729	0.02685715
7.804062	0.02672027
7.807396	0.02658338
7.810729	0.02644649
7.814063	0.02630961
7.817396	0.0262001
7.820729	0.02609059
7.824062	0.02603583
7.827396	0.02598108
7.830729	0.0259537
7.834063	0.0259537
7.837396	0.02598108
7.840729	0.02600846
7.844062	0.02603583
7.847396	0.02609059
7.850729	0.02614534
7.854063	0.02617272
7.857396	0.02617272
7.860729	0.02611797
7.864062	0.02603583
7.867396	0.02589895
7.870729	0.02570731
7.874063	0.02548829
7.877396	0.02524189
7.880729	0.0249955
7.884062	0.02477648
7.887396	0.02458484
7.890729	0.02444795
7.894063	0.02436582
7.897396	0.02431106
7.900729	0.02428369
7.904062	0.02428369
7.907396	0.02431106
7.910729	0.02433844
7.914063	0.02433844
7.917396	0.02431106
7.920729	0.02428369
7.924063	0.02422893
7.927396	0.02417418
7.930729	0.02411942
7.934062	0.02406467
7.937396	0.02400991
7.940729	0.02398253
7.944063	0.02398253
7.947396	0.02403729
7.950729	0.02409204
7.954062	0.02420155
7.957396	0.02428369
7.960729	0.02439319
7.964063	0.02447533
7.967396	0.02458484
7.970729	0.02466697
7.974062	0.0247491
7.977396	0.02483123
7.980729	0.02488599
7.984063	0.02494074
7.987396	0.0249955
7.990729	0.02502287
7.994062	0.02502287
7.997396	0.02494074
8.00073	0.02480385
8.004063	0.02458484
8.007396	0.02431106
8.010729	0.02398253
8.014063	0.02365401
8.017396	0.0232981
8.020729	0.02299695
8.024062	0.02275055
8.027396	0.02258629
8.030729	0.02253154
8.034062	0.02258629
8.037395	0.02272318
8.04073	0.02291482
8.044063	0.02316122
8.047396	0.02343499
8.050729	0.02370876
8.054063	0.02395516
8.057396	0.02417418
8.060729	0.02436582
8.064062	0.0245027
8.067396	0.02461221
8.070729	0.02466697
8.074062	0.02472172
8.077395	0.02477648
8.080729	0.02485861
8.084063	0.02494074
8.087396	0.02507763
8.090729	0.02518714
8.094063	0.0253514
8.097396	0.02548829
8.100729	0.0255978
8.104062	0.02570731
8.107396	0.02578944
8.110729	0.02584419
8.114062	0.02584419
8.117395	0.02584419
8.120729	0.02581682
8.124063	0.02581682
8.127396	0.02587157
8.130729	0.0259537
8.134063	0.02606321
8.137396	0.02622748
8.140729	0.02641912
8.144062	0.02663813
8.147396	0.02685715
8.150729	0.02707617
8.154062	0.02732257
8.157395	0.02754159
8.160729	0.02773323
8.164063	0.02789749
8.167396	0.02806176
8.17073	0.02822602
8.174063	0.02833553
8.177396	0.02844504
8.180729	0.02849979
8.184063	0.02855455
8.187396	0.02855455
8.190729	0.02855455
8.194062	0.02852717
8.197396	0.02849979
8.200729	0.02844504
8.204062	0.02839028
8.207396	0.02833553
8.21073	0.02828077
8.214063	0.02819864
8.217396	0.02811651
8.220729	0.028007
8.224063	0.02789749
8.227396	0.02778798
8.230729	0.02770585
8.234062	0.02762372
8.237396	0.02754159
8.240729	0.02748683
8.244062	0.02743208
8.247396	0.0274047
8.25073	0.02734995
8.254063	0.02729519
8.257396	0.02724044
8.260729	0.02713093
8.264063	0.02702142
8.267396	0.02688453
8.270729	0.02674764
8.274062	0.02661076
8.277396	0.02650125
8.280729	0.02639174
8.284062	0.02633698
8.287395	0.02628223
8.29073	0.02625485
8.294063	0.0262001
8.297396	0.02614534
8.300729	0.02609059
8.304063	0.0259537
8.307396	0.02581682
8.310729	0.02565255
8.314062	0.02548829
8.317396	0.02529665
8.320729	0.02513238
8.324062	0.02496812
8.327395	0.02485861
8.330729	0.0247491
8.334063	0.02466697
8.337396	0.02458484
8.340729	0.02455746
8.344063	0.0245027
8.347396	0.02447533
8.350729	0.02444795
8.354062	0.02444795
8.357396	0.02442057
8.360729	0.02439319
8.364062	0.02436582
8.367395	0.02433844
8.370729	0.02428369
8.374063	0.02425631
8.377396	0.02425631
8.380729	0.02422893
8.384063	0.02422893
8.387396	0.02422893
8.390729	0.02422893
8.394062	0.02422893
8.397396	0.02422893
8.400729	0.02417418
8.404062	0.02411942
8.407395	0.02400991
8.410729	0.02387303
8.414063	0.02370876
8.417396	0.0235445
8.42073	0.02335286
8.424063	0.02318859
8.427396	0.02302433
8.430729	0.02288744
8.434063	0.02280531
8.437396	0.02275055
8.440729	0.02275055
8.444062	0.02277793
8.447396	0.02283269
8.450729	0.02288744
8.454062	0.02291482
8.457396	0.0229422
8.46073	0.02291482
8.464063	0.02286006
8.467396	0.02275055
8.470729	0.02264105
8.474063	0.02247678
8.477396	0.02233989
8.480729	0.02217563
8.484062	0.02206612
8.487396	0.02195661
8.490729	0.02187448
8.494062	0.02181973
8.497396	0.02179235
8.50073	0.02179235
8.504063	0.02181973
8.507396	0.0218471
8.510729	0.02190186
8.514063	0.02192923
8.517396	0.02195661
8.520729	0.02198399
8.524062	0.02198399
8.527396	0.02198399
8.530729	0.02198399
8.534062	0.02195661
8.537395	0.02198399
8.54073	0.02201137
8.544063	0.02203874
8.547396	0.0220935
8.550729	0.02214825
8.554063	0.02217563
8.557396	0.02223039
8.560729	0.02225776
8.564062	0.02225776
8.567396	0.02225776
8.570729	0.02223039
8.574062	0.02220301
8.577395	0.02214825
8.580729	0.0220935
8.584063	0.02203874
8.587396	0.02198399
8.590729	0.02190186
8.594063	0.02179235
8.597396	0.02165546
8.600729	0.02151857
8.604062	0.02138169
8.607396	0.0212448
8.610729	0.02113529
8.614062	0.02108054
8.617395	0.02110792
8.620729	0.02116267
8.624063	0.02129956
8.627396	0.02146382
8.630729	0.02162808
8.634063	0.02181973
8.637396	0.02195661
8.640729	0.02206612
8.644062	0.02212088
8.647396	0.02214825
8.650729	0.0220935
8.654062	0.02201137
8.657395	0.02190186
8.660729	0.02179235
8.664063	0.02165546
8.667396	0.02154595
8.67073	0.02140907
8.674063	0.02129956
8.677396	0.02116267
8.680729	0.02099841
8.684063	0.02083414
8.687396	0.02069726
8.690729	0.02053299
8.694062	0.02039611
8.697396	0.02025922
8.700729	0.02020446
8.704062	0.02017709
8.707396	0.02020446
8.71073	0.0202866
8.714063	0.02036873
8.717396	0.02050561
8.720729	0.0206425
8.724063	0.02075201
8.727396	0.02086152
8.730729	0.02094365
8.734062	0.02099841
8.737396	0.02102578
8.740729	0.02102578
8.744062	0.02105316
8.747396	0.02105316
8.75073	0.02102578
8.754063	0.02099841
8.757396	0.02094365
8.760729	0.02083414
8.764063	0.02069726
8.767396	0.02050561
8.770729	0.02031397
8.774062	0.02009495
8.777396	0.01987594
8.780729	0.01971167
8.784062	0.01957479
8.787395	0.01952003
8.79073	0.01954741
8.794063	0.01962954
8.797396	0.01976643
8.800729	0.01993069
8.804063	0.02012233
8.807396	0.02031397
8.810729	0.02045086
8.814062	0.02053299
8.817396	0.02053299
8.820729	0.02050561
8.824062	0.02042348
8.827395	0.0202866
8.830729	0.02009495
8.834063	0.01987594
8.837396	0.01965692
8.840729	0.01941052
8.844063	0.0191915
8.847396	0.01897248
8.850729	0.01878084
8.854062	0.01861658
8.857396	0.01847969
8.860729	0.01839756
8.864062	0.01831543
8.867395	0.01826067
8.870729	0.0182333
8.874063	0.01820592
8.877396	0.01820592
8.880729	0.01820592
8.884063	0.01820592
8.887396	0.0182333
8.890729	0.01828805
8.894062	0.01834281
8.897396	0.01845231
8.900729	0.01856182
8.904062	0.01867133
8.907395	0.01875347
8.910729	0.0188356
8.914063	0.01891773
8.917396	0.01894511
8.92073	0.01894511
8.924063	0.01891773
8.927396	0.01889035
8.930729	0.01880822
8.934063	0.01875347
8.937396	0.01872609
8.940729	0.01875347
8.944062	0.01880822
8.947396	0.01889035
8.950729	0.01899986
8.954062	0.01916413
8.957396	0.01930101
8.96073	0.01946528
8.964063	0.01960216
8.967396	0.01971167
8.970729	0.0197938
8.974063	0.01984856
8.977396	0.01984856
8.980729	0.01984856
8.984062	0.01982118
8.987396	0.01976643
8.990729	0.01971167
8.994062	0.01965692
8.997396	0.01960216
9.00073	0.01952003
9.004063	0.0194379
9.007396	0.01935577
9.010729	0.01924626
9.014063	0.01916413
9.017396	0.01908199
9.020729	0.01899986
9.024062	0.01894511
9.027396	0.01891773
9.030729	0.01889035
9.034062	0.01889035
9.037395	0.01889035
9.04073	0.01889035
9.044063	0.01889035
9.047396	0.01891773
9.050729	0.01889035
9.054063	0.01886298
9.057396	0.01880822
9.060729	0.01869871
9.064062	0.0185892
9.067396	0.01847969
9.070729	0.01839756
9.074062	0.01831543
9.077395	0.01826067
9.080729	0.01826067
9.084063	0.01828805
9.087396	0.01837018
9.090729	0.01850707
9.094063	0.01867133
9.097396	0.01880822
9.100729	0.01897248
9.104062	0.01910937
9.107396	0.01924626
9.110729	0.01930101
9.114062	0.01935577
9.117395	0.01938314
9.120729	0.01938314
9.124063	0.01935577
9.127396	0.01932839
9.130729	0.01930101
9.134063	0.01927363
9.137396	0.01924626
9.140729	0.01921888
9.144062	0.01924626
9.147396	0.01924626
9.150729	0.01927363
9.154062	0.01930101
9.157395	0.01932839
9.160729	0.01938314
9.164063	0.01946528
9.167396	0.01957479
9.17073	0.01968429
9.174063	0.01984856
9.177396	0.01998545
9.180729	0.02017709
9.184063	0.02031397
9.187396	0.02047824
9.190729	0.02058775
9.194062	0.0206425
9.197396	0.02066988
9.200729	0.02066988
9.204062	0.0206425
9.207396	0.02058775
9.21073	0.02056037
9.214063	0.02050561
9.217396	0.02047824
9.220729	0.02047824
9.224063	0.02045086
9.227396	0.02042348
9.230729	0.02034135
9.234062	0.02020446
9.237396	0.0200402
9.240729	0.0197938
9.244062	0.01954741
9.247396	0.01924626
9.25073	0.01897248
9.254063	0.01872609
9.257396	0.01850707
9.260729	0.01837018
9.264063	0.01828805
9.267396	0.01828805
9.270729	0.01834281
9.274062	0.01842494
9.277396	0.01850707
9.280729	0.0185892
9.284062	0.01864396
9.287395	0.01867133
9.29073	0.01864396
9.294063	0.01861658
9.297396	0.01856182
9.300729	0.01853445
9.304063	0.01850707
9.307396	0.01853445
9.310729	0.01856182
9.314062	0.01861658
9.317396	0.01867133
9.320729	0.01872609
9.324062	0.01878084
9.327395	0.01880822
9.330729	0.01878084
9.334063	0.01875347
9.337396	0.01869871
9.340729	0.01861658
9.344063	0.01853445
9.347396	0.01847969
9.350729	0.01839756
9.354062	0.01834281
9.357396	0.01828805
9.360729	0.0182333
9.364062	0.01820592
9.367395	0.01820592
9.370729	0.01817854
9.374063	0.01817854
9.377396	0.01820592
9.380729	0.01820592
9.384063	0.01820592
9.387396	0.0182333
9.390729	0.01828805
9.394062	0.01831543
9.397396	0.01834281
9.400729	0.01834281
9.404062	0.01834281
9.407395	0.01831543
9.410729	0.01828805
9.414063	0.0182333
9.417396	0.01815116
9.42073	0.01809641
9.424063	0.01804166
9.427396	0.0179869
9.430729	0.01795952
9.434063	0.01793215
9.437396	0.01793215
9.440729	0.01790477
9.444062	0.01785001
9.447396	0.01779526
9.450729	0.01768575
9.454062	0.01757624
9.457396	0.01743935
9.46073	0.01730247
9.464063	0.0171382
9.467396	0.01694656
9.470729	0.01680968
9.474063	0.01667279
9.477396	0.01659066
9.480729	0.0165359
9.484062	0.01650853
9.487396	0.0165359
9.490729	0.01659066
9.494062	0.01664541
9.497396	0.01672754
9.50073	0.01683705
9.504063	0.01691919
9.507396	0.01697394
9.510729	0.01702869
9.514063	0.01705607
9.517396	0.01708345
9.520729	0.0171382
9.524062	0.01716558
9.527396	0.01719296
9.530729	0.01722034
9.534062	0.01727509
9.537395	0.01730247
9.54073	0.01732984
9.544063	0.01735722
9.547396	0.01735722
9.550729	0.01735722
9.554063	0.01732984
9.557396	0.01727509
9.560729	0.01722034
9.564062	0.01716558
9.567396	0.01708345
9.570729	0.01700132
9.574062	0.01694656
9.577395	0.01691919
9.580729	0.01694656
9.584063	0.01697394
9.587396	0.01708345
9.590729	0.01719296
9.594063	0.01732984
9.597396	0.01749411
9.600729	0.01760362
9.604062	0.01771313
9.607396	0.01776788
9.610729	0.0177405
9.614062	0.01765837
9.617395	0.01749411
9.620729	0.01730247
9.624063	0.01705607
9.627396	0.0167823
9.630729	0.01648115
9.634063	0.01620737
9.637396	0.01596098
9.640729	0.01574196
9.644062	0.01555032
9.647396	0.01541343
9.650729	0.01535868
9.654062	0.01530392
9.657395	0.0153313
9.660729	0.01538605
9.664063	0.01544081
9.667396	0.01549556
9.67073	0.01555032
9.674063	0.0155777
9.677396	0.0155777
9.680729	0.0155777
9.684063	0.01555032
9.687396	0.01552294
9.690729	0.01549556
9.694062	0.01549556
9.697396	0.01549556
9.700729	0.0155777
9.704062	0.01565983
9.707396	0.01582409
9.71073	0.01598836
9.714063	0.01620737
9.717396	0.01642639
9.720729	0.01664541
9.724063	0.01686443
9.727396	0.01702869
9.730729	0.01716558
9.734062	0.01724771
9.737396	0.01730247
9.740729	0.01730247
9.744062	0.01727509
9.747396	0.01719296
9.75073	0.01708345
9.754063	0.01694656
9.757396	0.01683705
9.760729	0.01670017
9.764063	0.01659066
9.767396	0.01648115
9.770729	0.01637164
9.774062	0.01628951
9.777396	0.01623475
9.780729	0.01620737
9.784062	0.01618
9.787395	0.01620737
9.79073	0.01623475
9.794063	0.01631688
9.797396	0.01642639
9.800729	0.01659066
9.804063	0.01675492
9.807396	0.01697394
9.810729	0.01722034
9.814062	0.01746673
9.817396	0.0177405
9.820729	0.0179869
9.824062	0.01820592
9.827395	0.01837018
9.830729	0.01847969
9.834063	0.01850707
9.837396	0.01847969
9.840729	0.01839756
9.844063	0.01826067
9.847396	0.01809641
9.850729	0.01793215
9.854062	0.01779526
9.857396	0.0177405
9.860729	0.01771313
9.864062	0.01776788
9.867395	0.01790477
9.870729	0.01806903
9.874063	0.0182333
9.877396	0.01842494
9.880729	0.01856182
9.884063	0.01864396
9.887396	0.01867133
9.890729	0.01864396
9.894062	0.01853445
9.897396	0.01837018
9.900729	0.01815116
9.904062	0.01793215
9.907395	0.0177405
9.910729	0.01754886
9.914063	0.01735722
9.917396	0.01719296
9.92073	0.01702869
9.924063	0.01686443
9.927396	0.01670017
9.930729	0.01650853
9.934063	0.01631688
9.937396	0.01612524
9.940729	0.01598836
9.944062	0.01587885
9.947396	0.01585147
9.950729	0.01590622
9.954062	0.01601573
9.957396	0.01620737
9.96073	0.01642639
9.964063	0.01667279
9.967396	0.01689181
9.970729	0.01705607
9.974063	0.01716558
9.977396	0.01722034
9.980729	0.01719296
9.984062	0.01716558
9.987396	0.01711083
9.990729	0.01708345
9.994062	0.01705607
9.997396	0.01705607
}
[PEAK]
{
Peak ID	1
Peak Ref	1
Time	3.970977
Peak	3.264062	4.134062
Intensity	-1.728535e-06	0.0001041293
Height	0.005613234
AreaAbs	1512.102
Area %BP	0.06334749
Area %Total	0.053015
Width	0.8699999
}
[PEAK]
{
Peak ID	2
Peak Ref	2
Time	4.324921
Peak	4.134062	4.667396
Intensity	-1.728535e-06	0.0001041293
Height	0.03170797
AreaAbs	6219.788
Area %BP	0.2605697
Area %Total	0.2180687
Width	0.5333338
}
[PEAK]
{
Peak ID	3
Peak Ref	3
Time	5.013663
Peak	4.667396	6.094062
Intensity	-1.728535e-06	0.0001041293
Height	0.2176319
AreaAbs	39783.26
Area %BP	1.666667
Area %Total	1.39482
Width	1.426666
}
[PEAK]
{
Peak ID	4
Peak Ref	4
Time	6.174472
Peak	6.094062	6.444063
Intensity	-1.728535e-06	0.0001041293
Height	0.0001116403
AreaAbs	21.77236
Area %BP	0.0009121241
Area %Total	0.0007633492
Width	0.3500004
}
}
}
}
