[SAMPLE]
{
Sample	1
Well	1:B,3
FileName	
SampleID	ASD-E-2601292-001
SampleDescription	Aquired with Galaxy
Date	05-Mar-2026
Time	16:41:48 PRC
JobCode	
TaskCode	
UserName	Congcong_Liu2
LabName	Aquired with Galaxy
Instrument	MS_L_19_062
Conditions	
Submitter	Siyu_Zhang
SampleType	
Plate	
Method	
Process	Galaxy
MSTune	
MSMethod	
InletMethod	
PreRunMethod	
PostRunMethod	
SwitchMethod	
FractionMethod	
AcquisitionProcess	
AcquisitionProcessParameters	
AcquisitionProcessOptions	
InjectionVolume	25
ReportScheme	
SampleReportEnable	0
SampleReportFormat	
AnalysisTime	0
[COMPOUND]
{
;Mono Mass	Formula
}
[FUNCTION]
{
Function	1
IonMode	ES+
Type	MS
Description	(0:0)
[SPECTRUM]
{
ProcDesc	0.00:Combine
State	OK
Peak ID	0
Peak Ref	0
Time	0
TIC	0
BPI	0
BPM	0
Continuum	FALSE
Saved	FALSE
[MASSES]
{
;Mass	Exp. Mass	Obs. Mass	% BPI	Int. Abs
}
[RESULTS]
{
;Mass	Found	% BPI	% Purity
}
[MS]
{
;Mass	% BPI
0	0
}
}
[CHROMATOGRAM]
{
TraceNumber	1
Description	scroll down chrom view to see 2D LC chrom
ProcDesc	
MaxIntensity	0
[TRACE]
{
0	0
}
[PEAK]
{
Peak ID	0
Peak Ref	0
Time	0
Peak	0
Intensity	0	0
Height	0
AreaAbs	0
Area %BP	0
Area %Total	0
}
}
}
[FUNCTION]
{
Function	0
Description	ANALOG
[CHROMATOGRAM]
{
TraceNumber	2
Description	LC
ProcDesc	Result Id:2847, VWD: Signal A, 280 nm
MaxIntensity	0.1766661
[TRACE]
{
;Time	Int. %Max
0.002604167	0.00263161
0.0059375	0.002766564
0.009270833	0.002901519
0.01260417	0.003002734
0.0159375	0.00310395
0.01927083	0.003171427
0.02260417	0.003171427
0.0259375	0.003171427
0.02927083	0.003171427
0.03260417	0.003171427
0.0359375	0.003171427
0.03927083	0.003238905
0.04260417	0.003306382
0.0459375	0.003407598
0.04927083	0.003542552
0.05260416	0.003643768
0.0559375	0.003744983
0.05927083	0.003778722
0.06260417	0.003812461
0.0659375	0.003778722
0.06927083	0.003744983
0.07260416	0.003677506
0.0759375	0.003643768
0.07927083	0.003643768
0.08260417	0.003677506
0.0859375	0.003711245
0.08927083	0.003812461
0.09260417	0.003879938
0.0959375	0.003947415
0.09927084	0.003981154
0.1026042	0.003947415
0.1059375	0.003879938
0.1092708	0.003744983
0.1126042	0.003610029
0.1159375	0.003441336
0.1192708	0.00334012
0.1226042	0.003272643
0.1259375	0.003272643
0.1292708	0.00334012
0.1326042	0.003475075
0.1359375	0.003677506
0.1392708	0.003879938
0.1426042	0.004048631
0.1459375	0.004217324
0.1492708	0.004318539
0.1526042	0.004386017
0.1559375	0.004386017
0.1592708	0.004284801
0.1626042	0.004149847
0.1659375	0.003981154
0.1692708	0.003778722
0.1726042	0.003542552
0.1759375	0.00334012
0.1792708	0.00310395
0.1826042	0.00286778
0.1859375	0.00263161
0.1892708	0.00239544
0.1926042	0.00215927
0.1959375	0.001956838
0.1992708	0.001754407
0.2026042	0.001619452
0.2059375	0.001551975
0.2092708	0.001551975
0.2126042	0.001619452
0.2159375	0.001754407
0.2192708	0.0019231
0.2226042	0.002125531
0.2259375	0.002294224
0.2292708	0.002462917
0.2326042	0.002564133
0.2359375	0.00263161
0.2392708	0.002597871
0.2426042	0.002530394
0.2459375	0.002462917
0.2492708	0.002361701
0.2526042	0.002327963
0.2559375	0.002260485
0.2592708	0.002260485
0.2626042	0.002260485
0.2659375	0.002294224
0.2692708	0.002327963
0.2726042	0.002361701
0.2759375	0.002327963
0.2792708	0.002260485
0.2826042	0.00215927
0.2859375	0.002058054
0.2892708	0.0019231
0.2926042	0.001754407
0.2959375	0.001619452
0.2992708	0.001484498
0.3026042	0.001349544
0.3059375	0.001214589
0.3092708	0.001113374
0.3126042	0.000978419
0.3159375	0.0008772033
0.3192708	0.0007759875
0.3226042	0.0007085103
0.3259375	0.0006410332
0.3292708	0.0006072946
0.3326042	0.000573556
0.3359375	0.000573556
0.3392708	0.000573556
0.3426042	0.0005398174
0.3459375	0.0005060788
0.3492708	0.0004723402
0.3526042	0.0004386016
0.3559375	0.000404863
0.3592708	0.0003711245
0.3626042	0.0003373859
0.3659375	0.0003036473
0.3692708	0.0003373859
0.3726042	0.0003711245
0.3759375	0.0004386016
0.3792708	0.0005060788
0.3826042	0.000573556
0.3859375	0.0006410332
0.3892708	0.0007085103
0.3926042	0.0007422489
0.3959375	0.0007759875
0.3992708	0.0007759875
0.4026042	0.0007759875
0.4059375	0.0007759875
0.4092708	0.0007759875
0.4126042	0.0007759875
0.4159375	0.0008097261
0.4192708	0.0008772033
0.4226042	0.0009109419
0.4259375	0.000978419
0.4292708	0.000978419
0.4326042	0.000978419
0.4359375	0.0009446804
0.4392708	0.0008434647
0.4426042	0.0007085103
0.4459375	0.0005398174
0.4492708	0.000404863
0.4526042	0.0002699087
0.4559375	0.0002024315
0.4592708	0.0002361701
0.4626042	0.0003036473
0.4659375	0.0004723402
0.4692708	0.0006747717
0.4726042	0.0009446804
0.4759375	0.001248328
0.4792708	0.001518237
0.4826042	0.001788145
0.4859375	0.001990577
0.4892708	0.002125531
0.4926042	0.002226747
0.4959375	0.002260485
0.4992708	0.002226747
0.5026042	0.002193008
0.5059375	0.002091793
0.5092708	0.001956838
0.5126042	0.001821884
0.5159375	0.001686929
0.5192708	0.001551975
0.5226042	0.001383282
0.5259375	0.001248328
0.5292708	0.001113374
0.5326042	0.001012158
0.5359375	0.0008772033
0.5392708	0.0007759875
0.5426041	0.0006747717
0.5459375	0.0006072946
0.5492708	0.0005398174
0.5526041	0.0005060788
0.5559375	0.0004723402
0.5592709	0.0005060788
0.5626042	0.0005398174
0.5659375	0.0006072946
0.5692708	0.0007422489
0.5726042	0.0008772033
0.5759375	0.001012158
0.5792708	0.001180851
0.5826042	0.001349544
0.5859375	0.001518237
0.5892708	0.001653191
0.5926042	0.001754407
0.5959375	0.001821884
0.5992708	0.001821884
0.6026042	0.001788145
0.6059375	0.001720668
0.6092708	0.001653191
0.6126041	0.001585714
0.6159375	0.001551975
0.6192709	0.001518237
0.6226042	0.001484498
0.6259375	0.001518237
0.6292709	0.001518237
0.6326042	0.001551975
0.6359375	0.001551975
0.6392708	0.001484498
0.6426042	0.001383282
0.6459375	0.001248328
0.6492708	0.001079635
0.6526042	0.0008772033
0.6559375	0.0007085103
0.6592708	0.0005060788
0.6626042	0.0003373859
0.6659375	0.0002361701
0.6692708	0.0001686929
0.6726041	0.0001349543
0.6759375	0.0001349543
0.6792708	0.0001686929
0.6826042	0.0002361701
0.6859375	0.0003036473
0.6892709	0.000404863
0.6926042	0.0004723402
0.6959375	0.000573556
0.6992708	0.0006410332
0.7026042	0.0007422489
0.7059375	0.0008434647
0.7092708	0.0009446804
0.7126042	0.001045896
0.7159375	0.001147112
0.7192708	0.001214589
0.7226042	0.001282067
0.7259375	0.001315805
0.7292708	0.001315805
0.7326041	0.001282067
0.7359375	0.001248328
0.7392708	0.001214589
0.7426042	0.001180851
0.7459375	0.001180851
0.7492709	0.001180851
0.7526042	0.001214589
0.7559375	0.001315805
0.7592708	0.001417021
0.7626042	0.001518237
0.7659375	0.001686929
0.7692708	0.001821884
0.7726042	0.001956838
0.7759375	0.002091793
0.7792708	0.002193008
0.7826042	0.002260485
0.7859375	0.002294224
0.7892708	0.002294224
0.7926041	0.002260485
0.7959375	0.002193008
0.7992708	0.002125531
0.8026041	0.002024315
0.8059375	0.001956838
0.8092709	0.001889361
0.8126042	0.001855622
0.8159375	0.001889361
0.8192708	0.0019231
0.8226042	0.001990577
0.8259375	0.002058054
0.8292708	0.00215927
0.8326042	0.002260485
0.8359375	0.002361701
0.8392708	0.002429179
0.8426042	0.002462917
0.8459375	0.002462917
0.8492708	0.002462917
0.8526042	0.002462917
0.8559375	0.002496656
0.8592708	0.002530394
0.8626041	0.002564133
0.8659375	0.00263161
0.8692709	0.002732826
0.8726042	0.002834042
0.8759375	0.002935257
0.8792709	0.003070212
0.8826042	0.003171427
0.8859375	0.003238905
0.8892708	0.003306382
0.8926042	0.00334012
0.8959375	0.00334012
0.8992708	0.00334012
0.9026042	0.003272643
0.9059375	0.003205166
0.9092708	0.003070212
0.9126042	0.00286778
0.9159375	0.00263161
0.9192708	0.002361701
0.9226041	0.002125531
0.9259375	0.001889361
0.9292708	0.001720668
0.9326042	0.001619452
0.9359375	0.001619452
0.9392709	0.001686929
0.9426042	0.001855622
0.9459375	0.002058054
0.9492708	0.002294224
0.9526042	0.002530394
0.9559375	0.002732826
0.9592708	0.00286778
0.9626042	0.002901519
0.9659375	0.00286778
0.9692708	0.002766564
0.9726042	0.00263161
0.9759375	0.002530394
0.9792708	0.002429179
0.9826041	0.002361701
0.9859375	0.002361701
0.9892708	0.00239544
0.9926042	0.002462917
0.9959375	0.002564133
0.9992709	0.00263161
1.002604	0.002665349
1.005937	0.002699087
1.009271	0.002665349
1.012604	0.002597871
1.015937	0.002564133
1.019271	0.002530394
1.022604	0.002530394
1.025938	0.002564133
1.029271	0.002665349
1.032604	0.002800303
1.035938	0.002935257
1.039271	0.00310395
1.042604	0.003272643
1.045938	0.003373859
1.049271	0.003441336
1.052604	0.003407598
1.055938	0.00334012
1.059271	0.003205166
1.062604	0.003002734
1.065938	0.002732826
1.069271	0.002462917
1.072604	0.00215927
1.075938	0.001821884
1.079271	0.001484498
1.082604	0.001180851
1.085938	0.0008772033
1.089271	0.0006072946
1.092604	0.0003711245
1.095937	0.0001686929
1.099271	6.747717e-05
1.102604	0
1.105937	0
1.109271	6.747717e-05
1.112604	0.0002024315
1.115937	0.0003711245
1.119271	0.0005398174
1.122604	0.0007085103
1.125937	0.0008772033
1.129271	0.001012158
1.132604	0.001079635
1.135937	0.001147112
1.139271	0.001147112
1.142604	0.001113374
1.145937	0.001045896
1.149271	0.000978419
1.152604	0.0008772033
1.155938	0.0007759875
1.159271	0.0006747717
1.162604	0.000573556
1.165938	0.0005060788
1.169271	0.0004386016
1.172604	0.000404863
1.175938	0.000404863
1.179271	0.0004386016
1.182604	0.0005060788
1.185938	0.0005398174
1.189271	0.0006072946
1.192604	0.0006747717
1.195938	0.0007085103
1.199271	0.0007422489
1.202604	0.0008097261
1.205938	0.0008434647
1.209271	0.0009446804
1.212604	0.001079635
1.215937	0.001248328
1.219271	0.001484498
1.222604	0.001720668
1.225937	0.001956838
1.229271	0.002193008
1.232604	0.002361701
1.235937	0.002462917
1.239271	0.002530394
1.242604	0.002530394
1.245937	0.002462917
1.249271	0.002361701
1.252604	0.002226747
1.255937	0.002091793
1.259271	0.0019231
1.262604	0.001754407
1.265937	0.001585714
1.269271	0.001383282
1.272604	0.001180851
1.275938	0.000978419
1.279271	0.0008097261
1.282604	0.0006410332
1.285938	0.0005398174
1.289271	0.0004723402
1.292604	0.0004386016
1.295938	0.0004723402
1.299271	0.000573556
1.302604	0.0006410332
1.305938	0.0007759875
1.309271	0.0008772033
1.312604	0.0009446804
1.315938	0.001045896
1.319271	0.001113374
1.322604	0.001214589
1.325938	0.001315805
1.329271	0.00145076
1.332604	0.001585714
1.335938	0.001720668
1.339271	0.001889361
1.342604	0.002058054
1.345937	0.002193008
1.349271	0.002327963
1.352604	0.002429179
1.355937	0.002496656
1.359271	0.002530394
1.362604	0.002530394
1.365937	0.002564133
1.369271	0.002564133
1.372604	0.002564133
1.375937	0.002530394
1.379271	0.002496656
1.382604	0.002462917
1.385937	0.00239544
1.389271	0.002294224
1.392604	0.002193008
1.395937	0.002058054
1.399271	0.0019231
1.402604	0.001788145
1.405938	0.001653191
1.409271	0.001484498
1.412604	0.001349544
1.415938	0.001214589
1.419271	0.001113374
1.422604	0.000978419
1.425938	0.0008434647
1.429271	0.0007085103
1.432604	0.000573556
1.435938	0.0004386016
1.439271	0.0003373859
1.442604	0.0002361701
1.445938	0.0001686929
1.449271	0.0001349543
1.452604	0.0001686929
1.455938	0.0002024315
1.459271	0.0002699087
1.462604	0.0003711245
1.465937	0.0005398174
1.469271	0.0006747717
1.472604	0.0008772033
1.475937	0.001079635
1.479271	0.001315805
1.482604	0.001551975
1.485937	0.001788145
1.489271	0.002058054
1.492604	0.002294224
1.495937	0.002530394
1.499271	0.002732826
1.502604	0.002901519
1.505937	0.003002734
1.509271	0.003070212
1.512604	0.003070212
1.515937	0.003002734
1.519271	0.002901519
1.522604	0.002732826
1.525938	0.002564133
1.529271	0.00239544
1.532604	0.002226747
1.535938	0.002058054
1.539271	0.0019231
1.542604	0.001821884
1.545938	0.001720668
1.549271	0.001653191
1.552604	0.001619452
1.555938	0.001619452
1.559271	0.001619452
1.562604	0.001619452
1.565938	0.001653191
1.569271	0.001686929
1.572604	0.001720668
1.575938	0.001788145
1.579271	0.001855622
1.582604	0.0019231
1.585938	0.001990577
1.589271	0.002024315
1.592604	0.002058054
1.595937	0.002091793
1.599271	0.002125531
1.602604	0.002125531
1.605937	0.00215927
1.609271	0.002193008
1.612604	0.002260485
1.615937	0.002361701
1.619271	0.002496656
1.622604	0.00263161
1.625937	0.002766564
1.629271	0.00286778
1.632604	0.002935257
1.635937	0.002935257
1.639271	0.00286778
1.642604	0.002766564
1.645937	0.00263161
1.649271	0.002429179
1.652604	0.002193008
1.655938	0.001956838
1.659271	0.001754407
1.662604	0.001585714
1.665938	0.00145076
1.669271	0.001349544
1.672604	0.001282067
1.675938	0.001248328
1.679271	0.001214589
1.682604	0.001147112
1.685938	0.001113374
1.689271	0.001045896
1.692604	0.0009446804
1.695938	0.0008772033
1.699271	0.0008097261
1.702604	0.0007759875
1.705938	0.0007422489
1.709271	0.0007422489
1.712604	0.0007759875
1.715937	0.0008434647
1.719271	0.0008772033
1.722604	0.0009109419
1.725937	0.0009109419
1.729271	0.0008772033
1.732604	0.0008434647
1.735937	0.0007759875
1.739271	0.0006747717
1.742604	0.0006072946
1.745937	0.000573556
1.749271	0.0005398174
1.752604	0.000573556
1.755937	0.0006410332
1.759271	0.0007085103
1.762604	0.0008097261
1.765937	0.0009109419
1.769271	0.001045896
1.772604	0.001113374
1.775938	0.001180851
1.779271	0.001214589
1.782604	0.001214589
1.785938	0.001214589
1.789271	0.001180851
1.792604	0.001147112
1.795938	0.001147112
1.799271	0.001147112
1.802604	0.001147112
1.805938	0.001180851
1.809271	0.001180851
1.812604	0.001180851
1.815938	0.001147112
1.819271	0.001113374
1.822604	0.001045896
1.825938	0.0009446804
1.829271	0.0008772033
1.832604	0.0008434647
1.835938	0.0008434647
1.839271	0.0009446804
1.842604	0.001147112
1.845937	0.001417021
1.849271	0.001720668
1.852604	0.002091793
1.855937	0.002462917
1.859271	0.002834042
1.862604	0.003171427
1.865937	0.003407598
1.869271	0.003542552
1.872604	0.003610029
1.875937	0.003610029
1.879271	0.003542552
1.882604	0.003475075
1.885937	0.003373859
1.889271	0.003272643
1.892604	0.003205166
1.895937	0.003137689
1.899271	0.003137689
1.902604	0.003137689
1.905938	0.003171427
1.909271	0.003205166
1.912604	0.003238905
1.915938	0.003272643
1.919271	0.003306382
1.922604	0.00334012
1.925938	0.00334012
1.929271	0.00334012
1.932604	0.00334012
1.935938	0.003306382
1.939271	0.003272643
1.942604	0.003238905
1.945938	0.003171427
1.949271	0.003070212
1.952604	0.002968996
1.955938	0.002834042
1.959271	0.002699087
1.962604	0.002564133
1.965937	0.002462917
1.969271	0.00239544
1.972604	0.002361701
1.975937	0.00239544
1.979271	0.002530394
1.982604	0.002665349
1.985937	0.002901519
1.989271	0.00310395
1.992604	0.003306382
1.995937	0.003475075
1.999271	0.003610029
2.002604	0.003677506
2.005938	0.003677506
2.009271	0.003610029
2.012604	0.003475075
2.015938	0.003272643
2.019271	0.003070212
2.022604	0.002901519
2.025938	0.002732826
2.029271	0.002597871
2.032604	0.002496656
2.035938	0.002462917
2.039271	0.002496656
2.042604	0.002564133
2.045938	0.002665349
2.049271	0.002800303
2.052604	0.002935257
2.055938	0.003070212
2.059271	0.003171427
2.062604	0.003205166
2.065938	0.003238905
2.069271	0.003205166
2.072604	0.003137689
2.075938	0.003036473
2.079271	0.002968996
2.082604	0.002901519
2.085938	0.00286778
2.089271	0.00286778
2.092604	0.002935257
2.095937	0.003036473
2.099271	0.003171427
2.102604	0.003306382
2.105937	0.003475075
2.109271	0.003610029
2.112604	0.003711245
2.115937	0.003812461
2.119271	0.003879938
2.122604	0.003947415
2.125937	0.003981154
2.129271	0.004014892
2.132604	0.004014892
2.135937	0.004048631
2.139271	0.004116108
2.142604	0.004149847
2.145937	0.004217324
2.149271	0.004251062
2.152604	0.004251062
2.155937	0.004217324
2.159271	0.004116108
2.162604	0.003981154
2.165937	0.003812461
2.169271	0.00357629
2.172604	0.00334012
2.175937	0.00310395
2.179271	0.00286778
2.182604	0.002665349
2.185937	0.002496656
2.189271	0.00239544
2.192604	0.002294224
2.195937	0.002226747
2.199271	0.00215927
2.202604	0.002125531
2.205937	0.002058054
2.209271	0.001956838
2.212604	0.001889361
2.215938	0.001821884
2.219271	0.001788145
2.222604	0.001788145
2.225938	0.001821884
2.229271	0.0019231
2.232604	0.002058054
2.235938	0.002226747
2.239271	0.00239544
2.242604	0.002564133
2.245938	0.002665349
2.249271	0.002766564
2.252604	0.002766564
2.255938	0.002766564
2.259271	0.002699087
2.262604	0.002597871
2.265938	0.002496656
2.269271	0.00239544
2.272604	0.002327963
2.275938	0.002226747
2.279271	0.002193008
2.282604	0.002125531
2.285938	0.002058054
2.289271	0.001990577
2.292604	0.0019231
2.295938	0.001855622
2.299271	0.001754407
2.302604	0.001653191
2.305938	0.001585714
2.309271	0.001551975
2.312604	0.001551975
2.315938	0.001585714
2.319271	0.001619452
2.322604	0.001686929
2.325938	0.001754407
2.329271	0.001821884
2.332604	0.001956838
2.335938	0.002058054
2.339271	0.002193008
2.342604	0.002327963
2.345937	0.002496656
2.349271	0.002665349
2.352604	0.002834042
2.355937	0.003002734
2.359271	0.003171427
2.362604	0.003272643
2.365937	0.003306382
2.369271	0.003306382
2.372604	0.003238905
2.375937	0.00310395
2.379271	0.002901519
2.382604	0.002699087
2.385937	0.002429179
2.389271	0.002193008
2.392604	0.001990577
2.395937	0.001821884
2.399271	0.001754407
2.402604	0.001686929
2.405937	0.001720668
2.409271	0.001754407
2.412604	0.001821884
2.415937	0.0019231
2.419271	0.001956838
2.422604	0.001990577
2.425937	0.001990577
2.429271	0.001956838
2.432604	0.001889361
2.435937	0.001821884
2.439271	0.001720668
2.442604	0.001653191
2.445937	0.001551975
2.449271	0.001518237
2.452604	0.00145076
2.455937	0.00145076
2.459271	0.00145076
2.462604	0.00145076
2.465938	0.001484498
2.469271	0.001518237
2.472604	0.001551975
2.475938	0.001653191
2.479271	0.001720668
2.482604	0.001855622
2.485938	0.001990577
2.489271	0.002125531
2.492604	0.002260485
2.495938	0.00239544
2.499271	0.002530394
2.502604	0.00263161
2.505938	0.002699087
2.509271	0.002732826
2.512604	0.002732826
2.515938	0.002665349
2.519271	0.002564133
2.522604	0.002462917
2.525938	0.002294224
2.529271	0.00215927
2.532604	0.001956838
2.535938	0.001788145
2.539271	0.001619452
2.542604	0.00145076
2.545938	0.001315805
2.549271	0.001214589
2.552604	0.001147112
2.555938	0.001147112
2.559271	0.001180851
2.562604	0.001248328
2.565938	0.001349544
2.569271	0.001484498
2.572604	0.001619452
2.575938	0.001754407
2.579271	0.001855622
2.582604	0.0019231
2.585938	0.001956838
2.589271	0.001990577
2.592604	0.001956838
2.595937	0.0019231
2.599271	0.001855622
2.602604	0.001788145
2.605937	0.001754407
2.609271	0.001686929
2.612604	0.001653191
2.615937	0.001619452
2.619271	0.001585714
2.622604	0.001551975
2.625937	0.001518237
2.629271	0.001484498
2.632604	0.001417021
2.635937	0.001383282
2.639271	0.001383282
2.642604	0.001417021
2.645937	0.00145076
2.649271	0.001518237
2.652604	0.001585714
2.655937	0.001653191
2.659271	0.001754407
2.662604	0.001821884
2.665937	0.001889361
2.669271	0.0019231
2.672604	0.001956838
2.675937	0.001956838
2.679271	0.001956838
2.682604	0.001956838
2.685937	0.0019231
2.689271	0.001889361
2.692604	0.001821884
2.695937	0.001788145
2.699271	0.001720668
2.702604	0.001686929
2.705937	0.001653191
2.709271	0.001619452
2.712604	0.001653191
2.715938	0.001686929
2.719271	0.001754407
2.722604	0.001855622
2.725938	0.001956838
2.729271	0.002091793
2.732604	0.002193008
2.735938	0.002260485
2.739271	0.002327963
2.742604	0.002361701
2.745938	0.00239544
2.749271	0.002361701
2.752604	0.002294224
2.755938	0.002193008
2.759271	0.002058054
2.762604	0.001889361
2.765938	0.001754407
2.769271	0.001619452
2.772604	0.001518237
2.775938	0.00145076
2.779271	0.00145076
2.782604	0.001518237
2.785938	0.001619452
2.789271	0.001754407
2.792604	0.0019231
2.795938	0.002091793
2.799271	0.002226747
2.802604	0.002327963
2.805938	0.00239544
2.809271	0.00239544
2.812604	0.002361701
2.815938	0.002294224
2.819271	0.002226747
2.822604	0.00215927
2.825938	0.002125531
2.829271	0.002125531
2.832604	0.002125531
2.835938	0.002193008
2.839271	0.002294224
2.842604	0.00239544
2.845937	0.002530394
2.849271	0.002699087
2.852604	0.002800303
2.855937	0.002935257
2.859271	0.003002734
2.862604	0.003070212
2.865937	0.00310395
2.869271	0.003070212
2.872604	0.003036473
2.875937	0.003002734
2.879271	0.002935257
2.882604	0.002901519
2.885937	0.00286778
2.889271	0.002834042
2.892604	0.002834042
2.895937	0.002834042
2.899271	0.002834042
2.902604	0.002834042
2.905937	0.002800303
2.909271	0.002766564
2.912604	0.002665349
2.915937	0.002564133
2.919271	0.002462917
2.922604	0.002327963
2.925937	0.002226747
2.929271	0.00215927
2.932604	0.002125531
2.935937	0.002125531
2.939271	0.00215927
2.942604	0.002260485
2.945937	0.00239544
2.949271	0.002597871
2.952604	0.002766564
2.955937	0.002968996
2.959271	0.003137689
2.962604	0.003272643
2.965938	0.003407598
2.969271	0.003508813
2.972604	0.003542552
2.975938	0.00357629
2.979271	0.003542552
2.982604	0.003508813
2.985938	0.003475075
2.989271	0.003407598
2.992604	0.003373859
2.995938	0.003373859
2.999271	0.003407598
3.002604	0.003441336
3.005938	0.003508813
3.009271	0.00357629
3.012604	0.003610029
3.015938	0.003677506
3.019271	0.003711245
3.022604	0.003677506
3.025938	0.003610029
3.029271	0.003508813
3.032604	0.003373859
3.035938	0.003238905
3.039271	0.00310395
3.042604	0.002968996
3.045938	0.002834042
3.049271	0.002699087
3.052604	0.002597871
3.055938	0.002496656
3.059271	0.002429179
3.062604	0.00239544
3.065938	0.002361701
3.069271	0.002294224
3.072604	0.002260485
3.075938	0.002226747
3.079271	0.002226747
3.082604	0.002226747
3.085938	0.002226747
3.089271	0.002294224
3.092604	0.002361701
3.095937	0.002462917
3.099271	0.002597871
3.102604	0.002732826
3.105937	0.002901519
3.109271	0.003070212
3.112604	0.003238905
3.115937	0.003407598
3.119271	0.003542552
3.122604	0.003677506
3.125937	0.003812461
3.129271	0.003879938
3.132604	0.003981154
3.135937	0.004014892
3.139271	0.004014892
3.142604	0.004014892
3.145937	0.003947415
3.149271	0.003812461
3.152604	0.003677506
3.155937	0.003441336
3.159271	0.003205166
3.162604	0.002901519
3.165937	0.002597871
3.169271	0.002294224
3.172604	0.001990577
3.175937	0.001754407
3.179271	0.001551975
3.182604	0.001383282
3.185937	0.001282067
3.189271	0.001248328
3.192604	0.001248328
3.195937	0.001315805
3.199271	0.001383282
3.202604	0.00145076
3.205937	0.001551975
3.209271	0.001653191
3.212604	0.001720668
3.215938	0.001821884
3.219271	0.001889361
3.222604	0.001956838
3.225938	0.002058054
3.229271	0.002193008
3.232604	0.002327963
3.235938	0.002530394
3.239271	0.002766564
3.242604	0.003002734
3.245938	0.003272643
3.249271	0.003542552
3.252604	0.003778722
3.255938	0.004014892
3.259271	0.004217324
3.262604	0.004419755
3.265938	0.00455471
3.269271	0.004723403
3.272604	0.004858357
3.275938	0.004993311
3.279271	0.005094527
3.282604	0.005195743
3.285938	0.00526322
3.289271	0.00526322
3.292604	0.00526322
3.295938	0.005195743
3.299271	0.005094527
3.302604	0.004959573
3.305938	0.00479088
3.309271	0.004655925
3.312604	0.00455471
3.315938	0.004487232
3.319271	0.004453494
3.322604	0.004419755
3.325938	0.004419755
3.329271	0.004419755
3.332604	0.004453494
3.335938	0.004453494
3.339271	0.004487232
3.342604	0.004487232
3.345937	0.004520971
3.349271	0.00455471
3.352604	0.004588448
3.355937	0.004689664
3.359271	0.00479088
3.362604	0.004925834
3.365937	0.00502705
3.369271	0.005162004
3.372604	0.00526322
3.375937	0.005398174
3.379271	0.00549939
3.382604	0.005634344
3.385937	0.005769299
3.389271	0.005870515
3.392604	0.006005469
3.395937	0.006106685
3.399271	0.006241639
3.402604	0.006342855
3.405937	0.006477809
3.409271	0.006646502
3.412604	0.006848934
3.415937	0.007152581
3.419271	0.007557444
3.422604	0.008063523
3.425937	0.008670817
3.429271	0.009379328
3.432604	0.01015532
3.435937	0.01103252
3.439271	0.01194346
3.442604	0.0128544
3.445937	0.01379908
3.449271	0.0147775
3.452604	0.0158234
3.455937	0.01693677
3.459271	0.01811762
3.462604	0.01939969
3.465938	0.02081671
3.469271	0.02233494
3.472604	0.02398814
3.475938	0.02574254
3.479271	0.02756443
3.482604	0.02945379
3.485938	0.03144437
3.489271	0.03346868
3.492604	0.03559421
3.495938	0.03782096
3.499271	0.0402164
3.502604	0.04274679
3.505938	0.04547962
3.509271	0.04841488
3.512604	0.05155257
3.515938	0.05492642
3.519271	0.05850271
3.522604	0.06228144
3.525938	0.06619511
3.529271	0.07027748
3.532604	0.07452854
3.535938	0.07891456
3.539271	0.083503
3.542604	0.08826014
3.545938	0.09321972
3.549271	0.09848294
3.552604	0.1040161
3.555938	0.1098866
3.559271	0.1160945
3.562604	0.1226735
3.565938	0.1295899
3.569271	0.1369112
3.572604	0.1445698
3.575938	0.1525996
3.579271	0.1609668
3.582604	0.1696714
3.585938	0.1787133
3.589271	0.1880589
3.592604	0.1977419
3.595937	0.207796
3.599271	0.2181875
3.602604	0.2289163
3.605937	0.2400501
3.609271	0.2515212
3.612604	0.2633634
3.615937	0.2755431
3.619271	0.2880263
3.622604	0.300847
3.625937	0.3139376
3.629271	0.327298
3.632604	0.3409284
3.635937	0.354795
3.639271	0.3689315
3.642604	0.3832366
3.645937	0.3978117
3.649271	0.4125555
3.652604	0.4275354
3.655937	0.442684
3.659271	0.4580014
3.662604	0.4734536
3.665937	0.4890071
3.669271	0.5046618
3.672604	0.5203503
3.675937	0.536005
3.679271	0.5516259
3.682604	0.5671119
3.685937	0.5824292
3.689271	0.5975779
3.692604	0.6124228
3.695937	0.6269642
3.699271	0.6411681
3.702604	0.6549335
3.705937	0.6682602
3.709271	0.6811146
3.712604	0.6934292
3.715938	0.7051703
3.719271	0.716304
3.722604	0.726763
3.725938	0.7365472
3.729271	0.7455891
3.732604	0.7538551
3.735938	0.7613113
3.739271	0.767924
3.742604	0.7736933
3.745938	0.7785854
3.749271	0.7826341
3.752604	0.7858392
3.755938	0.7881672
3.759271	0.7897192
3.762604	0.7905289
3.765938	0.7905626
3.769271	0.7898879
3.772604	0.7885383
3.775938	0.7865815
3.779271	0.7840174
3.782604	0.7809471
3.785938	0.7774046
3.789271	0.7734572
3.792604	0.7692399
3.795938	0.7648538
3.799271	0.7604003
3.802604	0.7560143
3.805938	0.7518307
3.809271	0.7479171
3.812604	0.7444757
3.815938	0.741608
3.819271	0.7394824
3.822604	0.7382341
3.825938	0.7380317
3.829271	0.7390438
3.832604	0.7414393
3.835938	0.7454542
3.839271	0.7512909
3.842604	0.7591183
3.845937	0.7692061
3.849271	0.7816894
3.852604	0.7968043
3.855937	0.8147869
3.859271	0.8358398
3.862604	0.8601316
3.865937	0.8878647
3.869271	0.9192754
3.872604	0.9544647
3.875937	0.9936352
3.879271	1.036922
3.882604	1.084392
3.885937	1.136147
3.889271	1.192254
3.892604	1.25268
3.895937	1.317424
3.899271	1.38642
3.902604	1.459599
3.905937	1.536793
3.909271	1.617799
3.912604	1.702348
3.915937	1.790203
3.919271	1.880926
3.922604	1.97418
3.925937	2.069525
3.929271	2.166389
3.932604	2.264365
3.935937	2.362882
3.939271	2.461432
3.942604	2.559375
3.945937	2.656205
3.949271	2.751247
3.952604	2.843927
3.955937	2.933638
3.959271	3.019806
3.962604	3.101825
3.965938	3.179154
3.969271	3.251287
3.972604	3.317752
3.975938	3.378178
3.979271	3.43226
3.982604	3.479764
3.985938	3.520453
3.989271	3.554259
3.992604	3.581149
3.995938	3.601156
3.999271	3.614381
4.002604	3.620994
4.005938	3.621332
4.009271	3.615663
4.012604	3.604395
4.015937	3.58793
4.019271	3.56681
4.022604	3.541607
4.025938	3.512862
4.029271	3.481283
4.032604	3.447443
4.035937	3.412051
4.039271	3.375816
4.042604	3.339344
4.045938	3.303413
4.049271	3.26873
4.052604	3.235902
4.055937	3.205672
4.059271	3.178614
4.062604	3.155435
4.065938	3.136643
4.069271	3.122878
4.072604	3.114578
4.075937	3.112284
4.079271	3.116366
4.082604	3.127196
4.085938	3.145078
4.089271	3.170247
4.092604	3.202872
4.095938	3.243156
4.099271	3.291132
4.102604	3.346767
4.105937	3.41006
4.109271	3.48081
4.112604	3.55878
4.115938	3.643768
4.119271	3.735368
4.122604	3.833142
4.125937	3.936652
4.129271	4.045358
4.132604	4.158686
4.135938	4.276063
4.139271	4.396813
4.142604	4.520363
4.145937	4.645972
4.149271	4.77293
4.152604	4.900462
4.155938	5.027825
4.159271	5.154176
4.162604	5.278672
4.165937	5.400569
4.169271	5.518992
4.172604	5.633164
4.175938	5.742342
4.179271	5.845784
4.182604	5.94285
4.185937	6.032932
4.189271	6.115491
4.192604	6.190019
4.195938	6.256147
4.199271	6.313435
4.202604	6.36158
4.205937	6.400345
4.209271	6.429496
4.212604	6.448862
4.215938	6.458308
4.219271	6.457802
4.222604	6.447343
4.225937	6.427033
4.229271	6.396972
4.232604	6.357396
4.235938	6.308577
4.239271	6.250816
4.242604	6.184553
4.245937	6.110194
4.249271	6.028175
4.252604	5.938937
4.255938	5.843051
4.259271	5.740959
4.262604	5.633265
4.265937	5.520476
4.269271	5.403167
4.272604	5.281911
4.275938	5.15728
4.279271	5.02985
4.282604	4.900192
4.285937	4.768781
4.289271	4.636188
4.292604	4.502853
4.295938	4.369215
4.299271	4.235711
4.302604	4.102747
4.305937	3.970661
4.309271	3.839856
4.312604	3.710638
4.315938	3.583308
4.319271	3.458172
4.322604	3.335498
4.325937	3.215524
4.329271	3.098451
4.332604	2.984414
4.335938	2.873617
4.339271	2.766126
4.342604	2.662008
4.345938	2.5614
4.349271	2.464266
4.352604	2.370709
4.355937	2.280695
4.359271	2.19429
4.362604	2.111428
4.365938	2.032143
4.369271	1.9564
4.372604	1.884098
4.375937	1.815204
4.379271	1.749616
4.382604	1.687233
4.385938	1.627988
4.389271	1.57178
4.392604	1.518506
4.395937	1.468067
4.399271	1.420395
4.402604	1.375387
4.405938	1.333012
4.409271	1.293166
4.412604	1.25575
4.415937	1.220662
4.419271	1.187834
4.422604	1.157132
4.425938	1.128488
4.429271	1.101835
4.432604	1.077037
4.435937	1.054027
4.439271	1.032772
4.442604	1.013136
4.445938	0.9951197
4.449271	0.9785878
4.452604	0.9635741
4.455937	0.9499775
4.459271	0.9377304
4.462604	0.9267991
4.465938	0.9171836
4.469271	0.9087827
4.472604	0.9016301
4.475937	0.8956921
4.479271	0.8909012
4.482604	0.8872574
4.485938	0.884727
4.489271	0.8833438
4.492604	0.8830401
4.495937	0.8839173
4.499271	0.8859079
4.502604	0.8890456
4.505938	0.8933979
4.509271	0.8989647
4.512604	0.9058137
4.515937	0.9140121
4.519271	0.9235939
4.522604	0.9345927
4.525938	0.9471097
4.529271	0.9612124
4.532604	0.9769346
4.535937	0.9944112
4.539271	1.013642
4.542604	1.034796
4.545938	1.057941
4.549271	1.083211
4.552604	1.110708
4.555937	1.1406
4.559271	1.173091
4.562604	1.208381
4.565938	1.246742
4.569271	1.288409
4.572604	1.333788
4.575937	1.383215
4.579271	1.437095
4.582604	1.495969
4.585938	1.560309
4.589271	1.630788
4.592604	1.708016
4.595938	1.792801
4.599271	1.886055
4.602604	1.988721
4.605937	2.101948
4.609271	2.226983
4.612604	2.36521
4.615938	2.518181
4.619271	2.687582
4.622604	2.875236
4.625937	3.0831
4.629271	3.313399
4.632604	3.568463
4.635938	3.850821
4.639271	4.163207
4.642604	4.508622
4.645937	4.890273
4.649271	5.311601
4.652604	5.776114
4.655938	6.287625
4.659271	6.84998
4.662604	7.46716
4.665937	8.143315
4.669271	8.882594
4.672604	9.689216
4.675938	10.56753
4.679271	11.52186
4.682604	12.55663
4.685937	13.67614
4.689271	14.88462
4.692604	16.18605
4.695938	17.58405
4.699271	19.08174
4.702604	20.68186
4.705937	22.3864
4.709271	24.19668
4.712604	26.1134
4.715938	28.13636
4.719271	30.26476
4.722604	32.49694
4.725937	34.83037
4.729271	37.26157
4.732604	39.78586
4.735938	42.39749
4.739271	45.08937
4.742604	47.85306
4.745937	50.67887
4.749271	53.55576
4.752604	56.47142
4.755938	59.41248
4.759271	62.3648
4.762604	65.31342
4.765937	68.24284
4.769271	71.13707
4.772604	73.97978
4.775938	76.75424
4.779271	79.44378
4.782604	82.03166
4.785937	84.50126
4.789271	86.83638
4.792604	89.02126
4.795938	91.04099
4.799271	92.88166
4.802604	94.53081
4.805937	95.97728
4.809271	97.21171
4.812604	98.22643
4.815938	99.01558
4.819271	99.57526
4.822604	99.90344
4.825937	100
4.829271	99.86656
4.832604	99.50647
4.835938	98.92468
4.839271	98.12764
4.842604	97.12321
4.845938	95.92067
4.849271	94.53047
4.852604	92.96426
4.855937	91.23468
4.859271	89.35524
4.862604	87.34019
4.865938	85.20434
4.869271	82.96281
4.872604	80.63077
4.875937	78.22325
4.879271	75.7549
4.882604	73.23983
4.885938	70.69156
4.889271	68.12307
4.892604	65.54652
4.895937	62.97352
4.899271	60.41485
4.902604	57.88061
4.905938	55.38017
4.909271	52.92222
4.912604	50.51446
4.915937	48.16376
4.919271	45.87591
4.922604	43.65577
4.925938	41.50727
4.929271	39.43346
4.932604	37.43661
4.935937	35.5183
4.939271	33.67948
4.942604	31.92048
4.945938	30.24135
4.949271	28.64163
4.952604	27.12053
4.955937	25.67679
4.959271	24.30879
4.962604	23.01461
4.965938	21.79202
4.969271	20.63857
4.972604	19.55161
4.975937	18.52842
4.979271	17.5662
4.982604	16.66211
4.985938	15.81331
4.989271	15.01711
4.992604	14.27078
4.995937	13.57165
4.999271	12.91716
5.002604	12.30467
5.005938	11.73168
5.009271	11.19581
5.012604	10.69466
5.015937	10.22606
5.019271	9.787834
5.022604	9.378011
5.025938	8.994707
5.029271	8.636168
5.032604	8.300773
5.035937	7.987004
5.039271	7.693377
5.042604	7.418576
5.045938	7.161286
5.049271	6.920291
5.052604	6.694445
5.055937	6.482668
5.059271	6.283981
5.062604	6.097373
5.065938	5.922
5.069271	5.757086
5.072604	5.601854
5.075937	5.455631
5.079271	5.317775
5.082604	5.187679
5.085938	5.064803
5.089271	4.948607
5.092604	4.838586
5.095938	4.7343
5.099271	4.635311
5.102604	4.54118
5.105937	4.451537
5.109271	4.366043
5.112604	4.284362
5.115938	4.20619
5.119271	4.13129
5.122604	4.059393
5.125937	3.990263
5.129271	3.923697
5.132604	3.859526
5.135938	3.797548
5.139271	3.737628
5.142604	3.679632
5.145937	3.623423
5.149271	3.568902
5.152604	3.516
5.155938	3.464582
5.159271	3.414649
5.162604	3.366099
5.165937	3.318933
5.169271	3.273082
5.172604	3.228479
5.175938	3.185125
5.179271	3.142952
5.182604	3.101926
5.185937	3.062013
5.189271	3.023146
5.192604	2.985325
5.195938	2.948517
5.199271	2.912686
5.202604	2.877801
5.205937	2.843826
5.209271	2.810762
5.212604	2.778609
5.215938	2.747299
5.219271	2.7168
5.222604	2.687042
5.225937	2.65796
5.229271	2.629552
5.232604	2.601684
5.235938	2.574322
5.239271	2.547398
5.242604	2.520812
5.245937	2.494564
5.249271	2.468551
5.252604	2.442707
5.255938	2.416999
5.259271	2.391391
5.262604	2.365817
5.265937	2.34021
5.269271	2.314568
5.272604	2.288826
5.275938	2.262948
5.279271	2.236902
5.282604	2.210687
5.285937	2.184236
5.289271	2.157549
5.292604	2.130659
5.295938	2.1035
5.299271	2.07607
5.302604	2.048371
5.305937	2.020402
5.309271	1.992162
5.312604	1.963653
5.315938	1.934841
5.319271	1.905825
5.322604	1.87654
5.325937	1.84712
5.329271	1.817565
5.332604	1.787977
5.335938	1.758354
5.339271	1.728765
5.342604	1.699312
5.345938	1.669959
5.349271	1.640775
5.352604	1.61176
5.355937	1.582981
5.359271	1.554404
5.362604	1.526098
5.365938	1.498061
5.369271	1.470294
5.372604	1.442898
5.375937	1.41584
5.379271	1.389153
5.382604	1.362904
5.385938	1.33706
5.389271	1.311655
5.392604	1.286722
5.395937	1.262262
5.399271	1.238274
5.402604	1.214792
5.405938	1.191782
5.409271	1.169244
5.412604	1.147146
5.415937	1.125486
5.419271	1.10423
5.422604	1.083414
5.425938	1.063002
5.429271	1.042961
5.432604	1.023359
5.435937	1.004162
5.439271	0.9853355
5.442604	0.9669142
5.445938	0.9488978
5.449271	0.9312188
5.452604	0.9138772
5.455937	0.8968392
5.459271	0.8801049
5.462604	0.8636742
5.465938	0.8475134
5.469271	0.8316562
5.472604	0.816069
5.475937	0.8007854
5.479271	0.7858055
5.482604	0.7711292
5.485938	0.7567566
5.489271	0.7426876
5.492604	0.7288548
5.495937	0.7153256
5.499271	0.7020326
5.502604	0.6890094
5.505938	0.6761888
5.509271	0.663638
5.512604	0.6513234
5.515937	0.639245
5.519271	0.6274028
5.522604	0.6157967
5.525938	0.6043931
5.529271	0.5932256
5.532604	0.5822268
5.535937	0.5713967
5.539271	0.5607691
5.542604	0.5502764
5.545938	0.5399861
5.549271	0.5298308
5.552604	0.5198779
5.555937	0.5100937
5.559271	0.500512
5.562604	0.4910989
5.565938	0.481922
5.569271	0.4729475
5.572604	0.4641755
5.575937	0.4556059
5.579271	0.447205
5.582604	0.4389728
5.585938	0.4308755
5.589271	0.4229807
5.592604	0.4151871
5.595938	0.4075959
5.599271	0.4001397
5.602604	0.3928521
5.605937	0.3856996
5.609271	0.3787157
5.612604	0.3718667
5.615938	0.3651865
5.619271	0.3586412
5.622604	0.3522309
5.625937	0.3459217
5.629271	0.3397476
5.632604	0.3337084
5.635938	0.3277704
5.639271	0.3219673
5.642604	0.3162993
5.645937	0.3107661
5.649271	0.3053342
5.652604	0.3000373
5.655938	0.2948078
5.659271	0.2896458
5.662604	0.284585
5.665937	0.279558
5.669271	0.2746321
5.672604	0.26974
5.675938	0.2649491
5.679271	0.2602595
5.682604	0.255671
5.685937	0.2511838
5.689271	0.2468315
5.692604	0.2425805
5.695938	0.2383969
5.699271	0.2342808
5.702604	0.2301647
5.705937	0.2260486
5.709271	0.2219662
5.712604	0.2178838
5.715938	0.2138014
5.719271	0.2097528
5.722604	0.2057717
5.725937	0.2018917
5.729271	0.198113
5.732604	0.1944692
5.735938	0.1909267
5.739271	0.1875191
5.742604	0.184179
5.745937	0.1809401
5.749271	0.1778024
5.752604	0.1746984
5.755938	0.1716619
5.759271	0.1686592
5.762604	0.1656902
5.765937	0.1627549
5.769271	0.1599209
5.772604	0.1571206
5.775938	0.1543878
5.779271	0.1517224
5.782604	0.1491583
5.785937	0.1466954
5.789271	0.1442999
5.792604	0.1420395
5.795938	0.1398465
5.799271	0.1377209
5.802604	0.1356291
5.805937	0.1335711
5.809271	0.1315805
5.812604	0.1295562
5.815938	0.1275319
5.819271	0.1254738
5.822604	0.1234158
5.825937	0.121324
5.829271	0.1192322
5.832604	0.1172079
5.835938	0.1151835
5.839271	0.1132267
5.842604	0.1113373
5.845938	0.1095155
5.849271	0.1077273
5.852604	0.1060066
5.855937	0.1043197
5.859271	0.1026328
5.862604	0.1009796
5.865938	0.09932641
5.869271	0.09767322
5.872604	0.0960875
5.875937	0.09450179
5.879271	0.09298355
5.882604	0.0915328
5.885938	0.09011577
5.889271	0.08879996
5.892604	0.0875179
5.895937	0.08633704
5.899271	0.08518993
5.902604	0.08407656
5.905938	0.08303066
5.909271	0.08198477
5.912604	0.08093887
5.915937	0.07989297
5.919271	0.07884708
5.922604	0.07773371
5.925938	0.07665407
5.929271	0.07550696
5.932604	0.07435985
5.935937	0.07324647
5.939271	0.0721331
5.942604	0.07101973
5.945938	0.0699401
5.949271	0.06892794
5.952604	0.06791578
5.955937	0.06690362
5.959271	0.0659252
5.962604	0.06491305
5.965938	0.06396837
5.969271	0.06298995
5.972604	0.06204527
5.975937	0.06116806
5.979271	0.0603246
5.982604	0.05954861
5.985938	0.0588401
5.989271	0.05819907
5.992604	0.05762551
5.995937	0.05711943
5.999271	0.05664709
6.002604	0.05617475
6.005938	0.05573615
6.009271	0.05529755
6.012604	0.05482521
6.015937	0.05435287
6.019271	0.05388053
6.022604	0.05337445
6.025938	0.05286837
6.029271	0.05236229
6.032604	0.05182247
6.035937	0.05128266
6.039271	0.05074284
6.042604	0.05020302
6.045938	0.0496632
6.049271	0.04915713
6.052604	0.04865105
6.055937	0.04817871
6.059271	0.04777384
6.062604	0.04740272
6.065938	0.04706533
6.069271	0.04672794
6.072604	0.04645803
6.075937	0.04618813
6.079271	0.04595196
6.082604	0.04568205
6.085938	0.04541214
6.089271	0.04510849
6.092604	0.04477111
6.095938	0.04443372
6.099271	0.04409633
6.102604	0.04375895
6.105937	0.0434553
6.109271	0.04311791
6.112604	0.04278053
6.115938	0.04244314
6.119271	0.04207202
6.122604	0.04170089
6.125937	0.04132977
6.129271	0.04092491
6.132604	0.04055378
6.135938	0.04018266
6.139271	0.03984527
6.142604	0.03954162
6.145937	0.03930545
6.149271	0.03913676
6.152604	0.03900181
6.155938	0.03890059
6.159271	0.03883311
6.162604	0.03879938
6.165937	0.03876564
6.169271	0.0387319
6.172604	0.03866442
6.175938	0.03859694
6.179271	0.03849573
6.182604	0.03839451
6.185937	0.03822582
6.189271	0.03805713
6.192604	0.0378547
6.195938	0.03765227
6.199271	0.03744983
6.202604	0.0372474
6.205937	0.03704497
6.209271	0.03684254
6.212604	0.03664011
6.215938	0.03643768
6.219271	0.03623524
6.222604	0.03603281
6.225937	0.03586412
6.229271	0.03566169
6.232604	0.035493
6.235938	0.0353243
6.239271	0.03518935
6.242604	0.03505439
6.245937	0.03491944
6.249271	0.03481822
6.252604	0.03471701
6.255938	0.03464953
6.259271	0.03458205
6.262604	0.03451458
6.265937	0.03448084
6.269271	0.03448084
6.272604	0.03451458
6.275938	0.03454832
6.279271	0.03458205
6.282604	0.03458205
6.285937	0.03458205
6.289271	0.03454832
6.292604	0.0344471
6.295938	0.03434588
6.299271	0.03421093
6.302604	0.03407598
6.305937	0.03394102
6.309271	0.03383981
6.312604	0.03370485
6.315938	0.03363737
6.319271	0.03353616
6.322604	0.03346868
6.325937	0.0334012
6.329271	0.03333373
6.332604	0.03323251
6.335938	0.03319877
6.339271	0.03313129
6.342604	0.03306382
6.345938	0.03299634
6.349271	0.0329626
6.352604	0.03286139
6.355937	0.03279391
6.359271	0.03269269
6.362604	0.03259148
6.365938	0.03249026
6.369271	0.03238905
6.372604	0.03232157
6.375937	0.03228783
6.379271	0.03235531
6.382604	0.03245652
6.385938	0.03265895
6.389271	0.03292886
6.392604	0.03319877
6.395937	0.03353616
6.399271	0.03383981
6.402604	0.03414345
6.405938	0.03437962
6.409271	0.03458205
6.412604	0.03471701
6.415937	0.03475075
6.419271	0.03475075
6.422604	0.03471701
6.425938	0.03461579
6.429271	0.03448084
6.432604	0.03434588
6.435937	0.03421093
6.439271	0.03407598
6.442604	0.0340085
6.445938	0.03397476
6.449271	0.0340085
6.452604	0.03414345
6.455937	0.03431215
6.459271	0.03454832
6.462604	0.0348857
6.465938	0.03525683
6.469271	0.03569543
6.472604	0.03616777
6.475937	0.03664011
6.479271	0.03711245
6.482604	0.03761853
6.485938	0.03809087
6.489271	0.03856321
6.492604	0.03896807
6.495937	0.03933919
6.499271	0.03964284
6.502604	0.03987901
6.505938	0.04008144
6.509271	0.04018266
6.512604	0.04028387
6.515937	0.04035135
6.519271	0.04038509
6.522604	0.04045257
6.525938	0.04058752
6.529271	0.04075621
6.532604	0.04095865
6.535937	0.04122855
6.539271	0.04149846
6.542604	0.04183585
6.545938	0.0421395
6.549271	0.04244314
6.552604	0.04271305
6.555937	0.04294922
6.559271	0.04315165
6.562604	0.04328661
6.565938	0.04342156
6.569271	0.04352278
6.572604	0.04362399
6.575937	0.04372521
6.579271	0.04382643
6.582604	0.04392764
6.585938	0.04399512
6.589271	0.04402886
6.592604	0.0440626
6.595938	0.04399512
6.599271	0.04392764
6.602604	0.04375895
6.605937	0.04359025
6.609271	0.04338782
6.612604	0.04318539
6.615938	0.04294922
6.619271	0.04278053
6.622604	0.04261184
6.625937	0.04247688
6.629271	0.04237567
6.632604	0.04230819
6.635938	0.04224071
6.639271	0.04220697
6.642604	0.0421395
6.645937	0.04207202
6.649271	0.0419708
6.652604	0.04180211
6.655938	0.04156594
6.659271	0.04129603
6.662604	0.04095865
6.665937	0.04058752
6.669271	0.04018266
6.672604	0.03974406
6.675938	0.03927172
6.679271	0.03879938
6.682604	0.0382933
6.685937	0.03775348
6.689271	0.0372474
6.692604	0.03670759
6.695938	0.03616777
6.699271	0.03562795
6.702604	0.03512187
6.705937	0.03464953
6.709271	0.03421093
6.712604	0.03380607
6.715938	0.03343494
6.719271	0.03309756
6.722604	0.03279391
6.725937	0.03255774
6.729271	0.03235531
6.732604	0.03218661
6.735938	0.0320854
6.739271	0.03201792
6.742604	0.03201792
6.745937	0.03205166
6.749271	0.0320854
6.752604	0.03215288
6.755938	0.03218661
6.759271	0.03225409
6.762604	0.03228783
6.765937	0.03232157
6.769271	0.03232157
6.772604	0.03235531
6.775938	0.03238905
6.779271	0.03245652
6.782604	0.03255774
6.785937	0.03265895
6.789271	0.03276017
6.792604	0.03286139
6.795938	0.03292886
6.799271	0.03292886
6.802604	0.03286139
6.805937	0.03276017
6.809271	0.03259148
6.812604	0.03238905
6.815938	0.03215288
6.819271	0.03195044
6.822604	0.03174801
6.825937	0.03161306
6.829271	0.03154558
6.832604	0.03151184
6.835938	0.03154558
6.839271	0.03161306
6.842604	0.03171427
6.845938	0.03178175
6.849271	0.03178175
6.852604	0.03168054
6.855937	0.0314781
6.859271	0.03114072
6.862604	0.03063464
6.865938	0.02995987
6.869271	0.02918388
6.872604	0.02827294
6.875937	0.02729452
6.879271	0.02628236
6.882604	0.0252702
6.885938	0.02425804
6.889271	0.02331336
6.892604	0.02240242
6.895937	0.02155896
6.899271	0.02078297
6.902604	0.02004072
6.905938	0.01933221
6.909271	0.01865744
6.912604	0.01801641
6.915937	0.01744285
6.919271	0.01693677
6.922604	0.01646443
6.925938	0.01609331
6.929271	0.0158234
6.932604	0.01562097
6.935937	0.01551975
6.939271	0.01551975
6.942604	0.01558723
6.945938	0.01575592
6.949271	0.01595835
6.952604	0.016262
6.955937	0.01663312
6.959271	0.01710546
6.962604	0.01761154
6.965938	0.01825258
6.969271	0.01892735
6.972604	0.0196696
6.975937	0.02051306
6.979271	0.02139026
6.982604	0.02233494
6.985938	0.0233471
6.989271	0.02432552
6.992604	0.02533768
6.995937	0.02634984
6.999271	0.027362
7.002604	0.02837415
7.005938	0.02935257
7.009271	0.03033099
7.012604	0.03127567
7.015937	0.03222035
7.019271	0.03316503
7.022604	0.03410971
7.025938	0.03502066
7.029271	0.0359316
7.032604	0.03684254
7.035937	0.037686
7.039271	0.03849573
7.042604	0.03923798
7.045938	0.03994649
7.049271	0.04058752
7.052604	0.04119482
7.055937	0.04176837
7.059271	0.04227445
7.062604	0.04271305
7.065938	0.04308418
7.069271	0.04335408
7.072604	0.04352278
7.075937	0.04355652
7.079271	0.0434553
7.082604	0.04318539
7.085938	0.04274679
7.089271	0.04217323
7.092604	0.04143099
7.095938	0.04062126
7.099271	0.03971032
7.102604	0.03876564
7.105937	0.0378547
7.109271	0.03691002
7.112604	0.03603281
7.115938	0.03518935
7.119271	0.03437962
7.122604	0.03363737
7.125937	0.03292886
7.129271	0.03228783
7.132604	0.03168054
7.135938	0.03107324
7.139271	0.03049969
7.142604	0.02995987
7.145937	0.02945379
7.149271	0.02898145
7.152604	0.02850911
7.155938	0.02807051
7.159271	0.02769938
7.162604	0.02732826
7.165937	0.02702461
7.169271	0.0267547
7.172604	0.02648479
7.175938	0.02628236
7.179271	0.02607993
7.182604	0.02591124
7.185937	0.02581002
7.189271	0.02570881
7.192604	0.02567507
7.195938	0.02567507
7.199271	0.02577628
7.202604	0.0258775
7.205937	0.02607993
7.209271	0.02628236
7.212604	0.02655227
7.215938	0.02682218
7.219271	0.02709209
7.222604	0.02732826
7.225937	0.02753069
7.229271	0.02766564
7.232604	0.02776686
7.235938	0.02783434
7.239271	0.02790181
7.242604	0.02793555
7.245937	0.02800303
7.249271	0.02807051
7.252604	0.02813798
7.255938	0.0282392
7.259271	0.02830668
7.262604	0.02840789
7.265937	0.02847537
7.269271	0.02850911
7.272604	0.02850911
7.275938	0.02850911
7.279271	0.02847537
7.282604	0.02840789
7.285937	0.02837415
7.289271	0.02830668
7.292604	0.02830668
7.295938	0.02827294
7.299271	0.02827294
7.302604	0.02827294
7.305937	0.02830668
7.309271	0.02837415
7.312604	0.02840789
7.315938	0.02847537
7.319271	0.02850911
7.322604	0.02854285
7.325937	0.02854285
7.329271	0.02854285
7.332604	0.02854285
7.335938	0.02850911
7.339271	0.02847537
7.342604	0.02840789
7.345938	0.02834042
7.349271	0.02827294
7.352604	0.0282392
7.355937	0.02817172
7.359271	0.02810425
7.362604	0.02803677
7.365938	0.02803677
7.369271	0.02807051
7.372604	0.02813798
7.375937	0.02827294
7.379271	0.02847537
7.382604	0.02871154
7.385938	0.02901519
7.389271	0.02931883
7.392604	0.02965622
7.395937	0.03002734
7.399271	0.03036473
7.402604	0.03063464
7.405938	0.03090455
7.409271	0.03114072
7.412604	0.03130941
7.415937	0.03144437
7.419271	0.03154558
7.422604	0.03154558
7.425938	0.03154558
7.429271	0.03151184
7.432604	0.0314781
7.435937	0.03144437
7.439271	0.03141063
7.442604	0.03141063
7.445938	0.03141063
7.449271	0.03144437
7.452604	0.03141063
7.455937	0.03137689
7.459271	0.03134315
7.462604	0.0312082
7.465938	0.03107324
7.469271	0.03090455
7.472604	0.03073586
7.475937	0.03053342
7.479271	0.03036473
7.482604	0.0301623
7.485938	0.02999361
7.489271	0.02982491
7.492604	0.02962248
7.495937	0.02942005
7.499271	0.02915014
7.502604	0.02888023
7.505938	0.02861032
7.509271	0.02837415
7.512604	0.02810425
7.515937	0.02786808
7.519271	0.02769938
7.522604	0.02753069
7.525938	0.02739574
7.529271	0.02729452
7.532604	0.0271933
7.535937	0.02709209
7.539271	0.02695713
7.542604	0.02678844
7.545938	0.02658601
7.549271	0.02638358
7.552604	0.02614741
7.555937	0.02584376
7.559271	0.02554011
7.562604	0.02520272
7.565938	0.0248316
7.569271	0.02446048
7.572604	0.02408935
7.575937	0.02375197
7.579271	0.02344832
7.582604	0.02314467
7.585938	0.0229085
7.589271	0.02270607
7.592604	0.02257112
7.595938	0.02250364
7.599271	0.02243616
7.602604	0.02240242
7.605937	0.02233494
7.609271	0.02226747
7.612604	0.02216625
7.615938	0.0220313
7.619271	0.0218626
7.622604	0.02166017
7.625937	0.021424
7.629271	0.02118783
7.632604	0.02095166
7.635938	0.02081671
7.639271	0.02071549
7.642604	0.02071549
7.645937	0.02074923
7.649271	0.02088419
7.652604	0.02101914
7.655938	0.02118783
7.659271	0.02135653
7.662604	0.02152522
7.665937	0.02166017
7.669271	0.02179513
7.672604	0.02189634
7.675938	0.0220313
7.679271	0.02219999
7.682604	0.02236868
7.685937	0.02260485
7.689271	0.02287476
7.692604	0.02314467
7.695938	0.02344832
7.699271	0.02371823
7.702604	0.02402187
7.705937	0.02432552
7.709271	0.02459543
7.712604	0.02489908
7.715938	0.02520272
7.719271	0.02557385
7.722604	0.02597871
7.725937	0.02641732
7.729271	0.02688966
7.732604	0.02739574
7.735938	0.02790181
7.739271	0.02844163
7.742604	0.02901519
7.745937	0.02958874
7.749271	0.0301623
7.752604	0.03083707
7.755938	0.03154558
7.759271	0.03235531
7.762604	0.03326625
7.765937	0.03427841
7.769271	0.03535804
7.772604	0.03653889
7.775938	0.03782096
7.779271	0.03910302
7.782604	0.04045257
7.785937	0.04180211
7.789271	0.04311791
7.792604	0.04439998
7.795938	0.04568205
7.799271	0.0468629
7.802604	0.04801001
7.805937	0.04908965
7.809271	0.05006807
7.812604	0.05094527
7.815938	0.051755
7.819271	0.05246351
7.822604	0.0530708
7.825937	0.05357688
7.829271	0.05398174
7.832604	0.05428539
7.835938	0.05452156
7.839271	0.05465652
7.842604	0.05469025
7.845938	0.05462278
7.849271	0.05445408
7.852604	0.05415044
7.855937	0.05377931
7.859271	0.05327323
7.862604	0.05266594
7.865938	0.05195743
7.869271	0.0511477
7.872604	0.0502705
7.875937	0.04932582
7.879271	0.0483474
7.882604	0.04733524
7.885938	0.04632308
7.889271	0.04531092
7.892604	0.04429877
7.895937	0.04325287
7.899271	0.04220697
7.902604	0.04116108
7.905938	0.0400477
7.909271	0.03886685
7.912604	0.03765227
7.915937	0.03640394
7.919271	0.03512187
7.922604	0.03380607
7.925938	0.03249026
7.929271	0.03117446
7.932604	0.02992613
7.935937	0.02871154
7.939271	0.02756443
7.942604	0.02651853
7.945938	0.02550637
7.949271	0.02459543
7.952604	0.02375197
7.955937	0.02294224
7.959271	0.02219999
7.962604	0.02145774
7.965938	0.02074923
7.969271	0.02000698
7.972604	0.01926473
7.975937	0.01852249
7.979271	0.01778024
7.982604	0.01707173
7.985938	0.01639695
7.989271	0.01578966
7.992604	0.01524984
7.995937	0.0147775
7.999271	0.01440638
8.002604	0.01406899
8.005938	0.01379908
8.009271	0.01359665
8.012604	0.01342796
8.015938	0.01322553
8.019271	0.01302309
8.022604	0.01282066
8.025937	0.01255075
8.029271	0.01231459
8.032604	0.01204468
8.035937	0.01177477
8.03927	0.0115386
8.042604	0.01130243
8.045938	0.0111
8.049271	0.0109313
8.052604	0.01079635
8.055938	0.01062766
8.059271	0.0104927
8.062604	0.01032401
8.065937	0.01015532
8.069271	0.01002036
8.072604	0.009919145
8.075937	0.009885407
8.07927	0.009851668
8.082604	0.009919145
8.085938	0.01002036
8.089271	0.01015532
8.092605	0.01032401
8.095938	0.01045896
8.099271	0.01059392
8.102604	0.01066139
8.105938	0.01069513
8.109271	0.01069513
8.112604	0.01066139
8.115937	0.01056018
8.119271	0.0104927
8.122604	0.01039149
8.125937	0.01032401
8.129271	0.01029027
8.132605	0.01025653
8.135938	0.01029027
8.139271	0.01039149
8.142604	0.01052644
8.145938	0.01069513
8.149271	0.01089756
8.152604	0.0111
8.155937	0.01130243
8.159271	0.01147112
8.162604	0.01160607
8.165937	0.01170729
8.169271	0.01170729
8.172605	0.01170729
8.175938	0.01163981
8.179271	0.01157234
8.182604	0.01150486
8.185938	0.01150486
8.189271	0.0115386
8.192604	0.01157234
8.195937	0.01170729
8.199271	0.01184224
8.202604	0.0119772
8.205937	0.01211215
8.20927	0.01221337
8.212605	0.01228085
8.215938	0.01234832
8.219271	0.01234832
8.222604	0.01234832
8.225938	0.01234832
8.229271	0.01234832
8.232604	0.01238206
8.235937	0.01238206
8.239271	0.01244954
8.242604	0.01255075
8.245937	0.01268571
8.24927	0.0128544
8.252604	0.01305683
8.255938	0.01332674
8.259271	0.01363039
8.262604	0.01396778
8.265938	0.01430516
8.269271	0.01464255
8.272604	0.01497993
8.275937	0.01524984
8.279271	0.01548601
8.282604	0.01562097
8.285937	0.01575592
8.28927	0.0158234
8.292604	0.01585714
8.295938	0.01589088
8.299271	0.01592461
8.302604	0.01592461
8.305938	0.01595835
8.309271	0.01599209
8.312604	0.01605957
8.315937	0.01616078
8.319271	0.016262
8.322604	0.01639695
8.325937	0.01656565
8.32927	0.01676808
8.332604	0.01700425
8.335938	0.0173079
8.339271	0.01761154
8.342605	0.01794893
8.345938	0.01832005
8.349271	0.01865744
8.352604	0.01896109
8.355938	0.01926473
8.359271	0.01953464
8.362604	0.01973707
8.365937	0.01993951
8.369271	0.02007446
8.372604	0.02017568
8.375937	0.02024315
8.379271	0.02031063
8.382605	0.02031063
8.385938	0.02031063
8.389271	0.02024315
8.392604	0.02014194
8.395938	0.01997324
8.399271	0.01973707
8.402604	0.01943343
8.405937	0.0190623
8.409271	0.01865744
8.412604	0.0181851
8.415937	0.01771276
8.419271	0.01717294
8.422605	0.0167006
8.425938	0.01622826
8.429271	0.0158234
8.432604	0.01545227
8.435938	0.01511489
8.439271	0.01484498
8.442604	0.01457507
8.445937	0.01437264
8.449271	0.01417021
8.452604	0.01396778
8.455937	0.01376534
8.45927	0.01352917
8.462605	0.013293
8.465938	0.01298936
8.469271	0.01268571
8.472604	0.01238206
8.475938	0.01207841
8.479271	0.01180851
8.482604	0.01160607
8.485937	0.01147112
8.489271	0.01143738
8.492604	0.01147112
8.495937	0.01157234
8.49927	0.01170729
8.502604	0.01187598
8.505938	0.01204468
8.509271	0.01214589
8.512604	0.01217963
8.515938	0.01214589
8.519271	0.01201094
8.522604	0.01180851
8.525937	0.01150486
8.529271	0.01116747
8.532604	0.01079635
8.535937	0.01042522
8.53927	0.01008784
8.542604	0.009750452
8.545938	0.009480544
8.549271	0.009278112
8.552604	0.009143157
8.555938	0.00907568
8.559271	0.009041942
8.562604	0.009041942
8.565937	0.009041942
8.569271	0.009041942
8.572604	0.009041942
8.575937	0.009008203
8.57927	0.008940726
8.582604	0.00883951
8.585938	0.008704556
8.589271	0.00860334
8.592605	0.008502124
8.595938	0.008434647
8.599271	0.00836717
8.602604	0.008333431
8.605938	0.008333431
8.609271	0.00836717
8.612604	0.008400908
8.615937	0.008434647
8.619271	0.008434647
8.622604	0.008434647
8.625937	0.008400908
8.629271	0.00836717
8.632605	0.008333431
8.635938	0.008333431
8.639271	0.008333431
8.642604	0.008333431
8.645938	0.00836717
8.649271	0.008434647
8.652604	0.008535863
8.655937	0.008637079
8.659271	0.008772033
8.662604	0.008906987
8.665937	0.009041942
8.669271	0.009176896
8.672605	0.009311851
8.675938	0.009480544
8.679271	0.009615498
8.682604	0.009784191
8.685938	0.009885407
8.689271	0.009952884
8.692604	0.009986623
8.695937	0.009952884
8.699271	0.009919145
8.702604	0.009851668
8.705937	0.009784191
8.70927	0.009716714
8.712605	0.009682975
8.715938	0.009682975
8.719271	0.009682975
8.722604	0.009716714
8.725938	0.009784191
8.729271	0.009851668
8.732604	0.009919145
8.735937	0.009952884
8.739271	0.009986623
8.742604	0.009986623
8.745937	0.009919145
8.74927	0.009851668
8.752604	0.009716714
8.755938	0.009548021
8.759271	0.009345589
8.762604	0.009143157
8.765938	0.008940726
8.769271	0.008738294
8.772604	0.008535863
8.775937	0.008400908
8.779271	0.008265954
8.782604	0.008198477
8.785937	0.008198477
8.78927	0.008198477
8.792604	0.008232216
8.795938	0.008299693
8.799271	0.008333431
8.802604	0.008333431
8.805938	0.008299693
8.809271	0.008232216
8.812604	0.008097261
8.815937	0.00789483
8.819271	0.007692398
8.822604	0.007456228
8.825937	0.00718632
8.82927	0.006950149
8.832604	0.006747718
8.835938	0.006545286
8.839271	0.006376593
8.842605	0.006275377
8.845938	0.006174162
8.849271	0.006106685
8.852604	0.006072946
8.855938	0.006072946
8.859271	0.006106685
8.862604	0.006174162
8.865937	0.006275377
8.869271	0.006410332
8.872604	0.006545286
8.875937	0.006713979
8.879271	0.006882672
8.882605	0.007017627
8.885938	0.007118842
8.889271	0.007220058
8.892604	0.007220058
8.895938	0.007220058
8.899271	0.00718632
8.902604	0.007085104
8.905937	0.006983888
8.909271	0.006848934
8.912604	0.006680241
8.915937	0.006511548
8.919271	0.006309116
8.922605	0.006140423
8.925938	0.006005469
8.929271	0.005870515
8.932604	0.005803037
8.935938	0.00573556
8.939271	0.00573556
8.942604	0.005769299
8.945937	0.005836776
8.949271	0.005904253
8.952604	0.006005469
8.955937	0.006106685
8.95927	0.0062079
8.962605	0.006275377
8.965938	0.006342855
8.969271	0.006376593
8.972604	0.006410332
8.975938	0.006477809
8.979271	0.006511548
8.982604	0.006511548
8.985937	0.006545286
8.989271	0.006545286
8.992604	0.006511548
8.995937	0.00644407
8.99927	0.006342855
9.002604	0.006241639
9.005938	0.006106685
9.009271	0.00597173
9.012604	0.005836776
9.015938	0.00573556
9.019271	0.005668083
9.022604	0.005634344
9.025937	0.005668083
9.029271	0.00573556
9.032604	0.005803037
9.035937	0.005870515
9.03927	0.005937992
9.042604	0.00597173
9.045938	0.006005469
9.049271	0.006005469
9.052604	0.00597173
9.055938	0.005937992
9.059271	0.005870515
9.062604	0.005803037
9.065937	0.005701822
9.069271	0.005600606
9.072604	0.00549939
9.075937	0.005398174
9.07927	0.005330697
9.082604	0.00526322
9.085938	0.005229481
9.089271	0.00526322
9.092605	0.005330697
9.095938	0.005465652
9.099271	0.005600606
9.102604	0.005769299
9.105938	0.005937992
9.109271	0.006106685
9.112604	0.006241639
9.115937	0.006376593
9.119271	0.006511548
9.122604	0.006646502
9.125937	0.006781457
9.129271	0.006916411
9.132605	0.007051365
9.135938	0.007152581
9.139271	0.007220058
9.142604	0.007253797
9.145938	0.007220058
9.149271	0.007118842
9.152604	0.006950149
9.155937	0.006747718
9.159271	0.006477809
9.162604	0.006241639
9.165937	0.006005469
9.169271	0.005769299
9.172605	0.005600606
9.175938	0.005465652
9.179271	0.005398174
9.182604	0.005364436
9.185938	0.005364436
9.189271	0.005431913
9.192604	0.00549939
9.195937	0.005566867
9.199271	0.005668083
9.202604	0.00573556
9.205937	0.005803037
9.20927	0.005870515
9.212605	0.005904253
9.215938	0.005904253
9.219271	0.005904253
9.222604	0.005870515
9.225938	0.005836776
9.229271	0.005803037
9.232604	0.005769299
9.235937	0.00573556
9.239271	0.005701822
9.242604	0.005668083
9.245937	0.005634344
9.24927	0.005634344
9.252604	0.005668083
9.255938	0.005769299
9.259271	0.005870515
9.262604	0.006005469
9.265938	0.006140423
9.269271	0.006309116
9.272604	0.006477809
9.275937	0.006646502
9.279271	0.006815195
9.282604	0.006950149
9.285937	0.007051365
9.28927	0.007085104
9.292604	0.007118842
9.295938	0.007152581
9.299271	0.007118842
9.302604	0.007118842
9.305938	0.007085104
9.309271	0.007017627
9.312604	0.006983888
9.315937	0.006916411
9.319271	0.006815195
9.322604	0.006747718
9.325937	0.006646502
9.32927	0.006545286
9.332604	0.00644407
9.335938	0.006342855
9.339271	0.006241639
9.342605	0.006174162
9.345938	0.006106685
9.349271	0.006072946
9.352604	0.006039207
9.355938	0.006039207
9.359271	0.006039207
9.362604	0.006072946
9.365937	0.006140423
9.369271	0.006174162
9.372604	0.0062079
9.375937	0.0062079
9.379271	0.0062079
9.382605	0.0062079
9.385938	0.006140423
9.389271	0.006106685
9.392604	0.006039207
9.395938	0.006005469
9.399271	0.00597173
9.402604	0.00597173
9.405937	0.00597173
9.409271	0.006005469
9.412604	0.006072946
9.415937	0.006174162
9.419271	0.006275377
9.422605	0.006342855
9.425938	0.00644407
9.429271	0.006545286
9.432604	0.006612764
9.435938	0.006680241
9.439271	0.006713979
9.442604	0.006713979
9.445937	0.006680241
9.449271	0.006612764
9.452604	0.006511548
9.455937	0.006410332
9.45927	0.006275377
9.462605	0.006174162
9.465938	0.006039207
9.469271	0.00597173
9.472604	0.005904253
9.475938	0.005870515
9.479271	0.005870515
9.482604	0.005904253
9.485937	0.00597173
9.489271	0.006005469
9.492604	0.006072946
9.495937	0.006140423
9.49927	0.006174162
9.502604	0.0062079
9.505938	0.006241639
9.509271	0.006275377
9.512604	0.006275377
9.515938	0.006309116
9.519271	0.006275377
9.522604	0.006275377
9.525937	0.006275377
9.529271	0.006275377
9.532604	0.006241639
9.535937	0.006241639
9.53927	0.0062079
9.542604	0.006174162
9.545938	0.006174162
9.549271	0.006140423
9.552604	0.006106685
9.555938	0.006106685
9.559271	0.006106685
9.562604	0.006106685
9.565937	0.006174162
9.569271	0.006241639
9.572604	0.006376593
9.575937	0.006511548
9.57927	0.006680241
9.582604	0.006815195
9.585938	0.006950149
9.589271	0.007017627
9.592605	0.007051365
9.595938	0.007017627
9.599271	0.006950149
9.602604	0.006848934
9.605938	0.006747718
9.609271	0.006680241
9.612604	0.006612764
9.615937	0.006612764
9.619271	0.006646502
9.622604	0.006713979
9.625937	0.006781457
9.629271	0.006781457
9.632605	0.006747718
9.635938	0.006680241
9.639271	0.006511548
9.642604	0.006309116
9.645938	0.006072946
9.649271	0.005836776
9.652604	0.005634344
9.655937	0.005465652
9.659271	0.005364436
9.662604	0.005296959
9.665937	0.00526322
9.669271	0.00526322
9.672605	0.005296959
9.675938	0.005330697
9.679271	0.005364436
9.682604	0.005398174
9.685938	0.005398174
9.689271	0.005398174
9.692604	0.005431913
9.695937	0.005431913
9.699271	0.005431913
9.702604	0.005465652
9.705937	0.005465652
9.70927	0.00549939
9.712605	0.005533129
9.715938	0.005600606
9.719271	0.005634344
9.722604	0.005701822
9.725938	0.005803037
9.729271	0.005904253
9.732604	0.006005469
9.735937	0.006072946
9.739271	0.006174162
9.742604	0.0062079
9.745937	0.006241639
9.74927	0.006241639
9.752604	0.006241639
9.755938	0.006174162
9.759271	0.006140423
9.762604	0.006072946
9.765938	0.006005469
9.769271	0.005937992
9.772604	0.005836776
9.775937	0.005803037
9.779271	0.00573556
9.782604	0.005701822
9.785937	0.005668083
9.78927	0.005634344
9.792604	0.005634344
9.795938	0.005600606
9.799271	0.005566867
9.802604	0.00549939
9.805938	0.005465652
9.809271	0.005431913
9.812604	0.005364436
9.815937	0.005330697
9.819271	0.005364436
9.822604	0.005398174
9.825937	0.005465652
9.82927	0.005600606
9.832604	0.005701822
9.835938	0.005836776
9.839271	0.00597173
9.842605	0.006106685
9.845938	0.006174162
9.849271	0.006241639
9.852604	0.006241639
9.855938	0.006174162
9.859271	0.006072946
9.862604	0.005904253
9.865937	0.00573556
9.869271	0.005566867
9.872604	0.005398174
9.875937	0.005195743
9.879271	0.005060788
9.882605	0.004925834
9.885938	0.004858357
9.889271	0.00479088
9.892604	0.004757141
9.895938	0.004757141
9.899271	0.00479088
9.902604	0.004824618
9.905937	0.004858357
9.909271	0.004892095
9.912604	0.004925834
9.915937	0.004925834
9.919271	0.004925834
9.922605	0.004925834
9.925938	0.004925834
9.929271	0.004959573
9.932604	0.004959573
9.935938	0.004993311
9.939271	0.005060788
9.942604	0.005128266
9.945937	0.005229481
9.949271	0.005364436
9.952604	0.00549939
9.955937	0.005634344
9.95927	0.005769299
9.962605	0.005937992
9.965938	0.006106685
9.969271	0.006241639
9.972604	0.006410332
9.975938	0.006545286
9.979271	0.006680241
9.982604	0.006781457
9.985937	0.006882672
9.989271	0.006916411
9.992604	0.006916411
9.995937	0.006882672
9.99927	0.006815195
}
[PEAK]
{
Peak ID	1
Peak Ref	1
Time	3.764401
Peak	3.342604	3.825938
Intensity	1.251698e-06	5.054474e-05
Height	0.001381974
AreaAbs	259.3894
Area %BP	0.01225264
Area %Total	0.01102735
Width	0.4833333
}
[PEAK]
{
Peak ID	2
Peak Ref	2
Time	4.004507
Peak	3.825938	4.075937
Intensity	1.251698e-06	5.054474e-05
Height	0.006379885
AreaAbs	1044.896
Area %BP	0.04935721
Area %Total	0.0444214
Width	0.2499998
}
[PEAK]
{
Peak ID	3
Peak Ref	3
Time	4.217424
Peak	4.075937	4.492604
Intensity	1.251698e-06	5.054474e-05
Height	0.01138923
AreaAbs	2616.179
Area %BP	0.1235791
Area %Total	0.111221
Width	0.416667
}
[PEAK]
{
Peak ID	4
Peak Ref	4
Time	4.825683
Peak	4.492604	6.369271
Intensity	1.251698e-06	5.054474e-05
Height	0.1766349
AreaAbs	35283.47
Area %BP	1.666667
Area %Total	1.499997
Width	1.876667
}
}
}
}
