[SAMPLE]
{
Sample	1
Well	1:A,10
FileName	
SampleID	ASD-E-2601204-020
SampleDescription	Aquired with Galaxy
Date	28-Jan-2026
Time	17:11:47 PRC
JobCode	
TaskCode	
UserName	Congcong_Liu2
LabName	Aquired with Galaxy
Instrument	BAD_L_22_523
Conditions	
Submitter	Huanhuan_Zhang
SampleType	
Plate	
Method	
Process	Galaxy
MSTune	
MSMethod	
InletMethod	
PreRunMethod	
PostRunMethod	
SwitchMethod	
FractionMethod	
AcquisitionProcess	
AcquisitionProcessParameters	
AcquisitionProcessOptions	
InjectionVolume	25
ReportScheme	
SampleReportEnable	0
SampleReportFormat	
AnalysisTime	0
[COMPOUND]
{
;Mono Mass	Formula
}
[FUNCTION]
{
Function	1
IonMode	ES+
Type	MS
Description	(0:0)
[SPECTRUM]
{
ProcDesc	0.00:Combine
State	OK
Peak ID	0
Peak Ref	0
Time	0
TIC	0
BPI	0
BPM	0
Continuum	FALSE
Saved	FALSE
[MASSES]
{
;Mass	Exp. Mass	Obs. Mass	% BPI	Int. Abs
}
[RESULTS]
{
;Mass	Found	% BPI	% Purity
}
[MS]
{
;Mass	% BPI
0	0
}
}
[CHROMATOGRAM]
{
TraceNumber	1
Description	scroll down chrom view to see 2D LC chrom
ProcDesc	
MaxIntensity	0
[TRACE]
{
0	0
}
[PEAK]
{
Peak ID	0
Peak Ref	0
Time	0
Peak	0
Intensity	0	0
Height	0
AreaAbs	0
Area %BP	0
Area %Total	0
}
}
}
[FUNCTION]
{
Function	0
Description	ANALOG
[CHROMATOGRAM]
{
TraceNumber	2
Description	LC
ProcDesc	Result Id:2275, VWD: Signal A, 280 nm
MaxIntensity	0.2292262
[TRACE]
{
;Time	Int. %Max
0.0021875	0.01170114
0.005520833	0.01164914
0.008854167	0.01162314
0.0121875	0.01162314
0.01552083	0.01164914
0.01885417	0.01167514
0.0221875	0.01172715
0.02552083	0.01180515
0.02885417	0.01188316
0.0321875	0.01198717
0.03552083	0.01209118
0.03885417	0.01216919
0.0421875	0.0122472
0.04552083	0.0123252
0.04885417	0.01240321
0.0521875	0.01242921
0.05552083	0.01248122
0.05885417	0.01250722
0.0621875	0.01253322
0.06552083	0.01255923
0.06885417	0.01258523
0.0721875	0.01258523
0.07552084	0.01261123
0.07885417	0.01258523
0.0821875	0.01255923
0.08552083	0.01253322
0.08885416	0.01245522
0.0921875	0.01235121
0.09552083	0.01222119
0.09885417	0.01206518
0.1021875	0.01193517
0.1055208	0.01177915
0.1088542	0.01164914
0.1121875	0.01154513
0.1155208	0.01146712
0.1188542	0.01144112
0.1221875	0.01141512
0.1255208	0.01141512
0.1288542	0.01144112
0.1321875	0.01149312
0.1355208	0.01154513
0.1388542	0.01162314
0.1421875	0.01172715
0.1455208	0.01183116
0.1488542	0.01193517
0.1521875	0.01206518
0.1555208	0.01219519
0.1588542	0.0123252
0.1621875	0.01242921
0.1655208	0.01248122
0.1688542	0.01253322
0.1721875	0.01253322
0.1755208	0.01248122
0.1788542	0.01242921
0.1821875	0.0123252
0.1855208	0.01219519
0.1888542	0.01209118
0.1921875	0.01201317
0.1955208	0.01193517
0.1988542	0.01190916
0.2021875	0.01193517
0.2055208	0.01198717
0.2088542	0.01206518
0.2121875	0.01216919
0.2155208	0.0122732
0.2188542	0.01237721
0.2221875	0.01242921
0.2255208	0.01248122
0.2288542	0.01248122
0.2321875	0.01248122
0.2355208	0.01242921
0.2388542	0.01237721
0.2421875	0.0123252
0.2455208	0.0122472
0.2488542	0.01219519
0.2521875	0.01214319
0.2555208	0.01206518
0.2588542	0.01198717
0.2621875	0.01190916
0.2655208	0.01183116
0.2688542	0.01175315
0.2721875	0.01164914
0.2755208	0.01157113
0.2788542	0.01149312
0.2821875	0.01141512
0.2855208	0.01136311
0.2888542	0.0112851
0.2921875	0.0112071
0.2955208	0.01112909
0.2988542	0.01105108
0.3021875	0.01097307
0.3055208	0.01092107
0.3088542	0.01086906
0.3121875	0.01081706
0.3155208	0.01079106
0.3188542	0.01079106
0.3221875	0.01079106
0.3255208	0.01081706
0.3288542	0.01084306
0.3321875	0.01084306
0.3355208	0.01084306
0.3388542	0.01086906
0.3421875	0.01086906
0.3455208	0.01086906
0.3488542	0.01086906
0.3521875	0.01089507
0.3555208	0.01094707
0.3588542	0.01097307
0.3621875	0.01102508
0.3655208	0.01107708
0.3688542	0.01110309
0.3721875	0.01110309
0.3755208	0.01107708
0.3788542	0.01099908
0.3821875	0.01092107
0.3855208	0.01079106
0.3888542	0.01066104
0.3921875	0.01050503
0.3955208	0.01037501
0.3988542	0.010271
0.4021875	0.010193
0.4055208	0.01011499
0.4088542	0.01008899
0.4121875	0.01006298
0.4155208	0.01003698
0.4188542	0.01003698
0.4221875	0.01001098
0.4255208	0.009984977
0.4288542	0.009932972
0.4321875	0.009854964
0.4355208	0.009802959
0.4388542	0.009724951
0.4421875	0.009672946
0.4455208	0.009620941
0.4488542	0.009620941
0.4521875	0.009646944
0.4555208	0.009698949
0.4588542	0.009828961
0.4621875	0.01001098
0.4655208	0.010193
0.4688542	0.01040102
0.4721875	0.01060904
0.4755208	0.01079106
0.4788542	0.01094707
0.4821875	0.01105108
0.4855208	0.01110309
0.4888542	0.01110309
0.4921875	0.01102508
0.4955208	0.01094707
0.4988542	0.01084306
0.5021875	0.01073905
0.5055208	0.01063504
0.5088542	0.01055703
0.5121875	0.01047902
0.5155208	0.01042702
0.5188541	0.01037501
0.5221875	0.01029701
0.5255209	0.010219
0.5288542	0.01014099
0.5321875	0.01003698
0.5355209	0.009932972
0.5388542	0.009802959
0.5421875	0.009698949
0.5455208	0.009646944
0.5488542	0.009620941
0.5521875	0.009620941
0.5555208	0.009698949
0.5588542	0.009802959
0.5621875	0.009958974
0.5655208	0.01011499
0.5688542	0.010271
0.5721875	0.01040102
0.5755208	0.01050503
0.5788541	0.01053103
0.5821875	0.01047902
0.5855208	0.01040102
0.5888542	0.010271
0.5921875	0.01011499
0.5955209	0.009958974
0.5988542	0.009828961
0.6021875	0.009724951
0.6055208	0.009646944
0.6088542	0.009594939
0.6121875	0.009568936
0.6155208	0.009568936
0.6188542	0.009568936
0.6221875	0.009568936
0.6255208	0.009568936
0.6288542	0.009568936
0.6321875	0.009594939
0.6355208	0.009620941
0.6388541	0.009672946
0.6421875	0.009750954
0.6455208	0.009828961
0.6488542	0.009932972
0.6521875	0.01003698
0.6555209	0.01014099
0.6588542	0.010245
0.6621875	0.01029701
0.6655208	0.01034901
0.6688542	0.01037501
0.6721875	0.01040102
0.6755208	0.01037501
0.6788542	0.01034901
0.6821875	0.010271
0.6855208	0.010193
0.6888542	0.01008899
0.6921875	0.009984977
0.6955208	0.009854964
0.6988541	0.009724951
0.7021875	0.009620941
0.7055208	0.009542934
0.7088541	0.009464926
0.7121875	0.009438923
0.7155209	0.009412921
0.7188542	0.009386918
0.7221875	0.009360916
0.7255208	0.009308911
0.7288542	0.009230903
0.7321875	0.009126893
0.7355208	0.00899688
0.7388542	0.008866867
0.7421875	0.008736855
0.7455208	0.008606842
0.7488542	0.008502832
0.7521875	0.008424824
0.7555208	0.008398822
0.7588542	0.008398822
0.7621875	0.008450827
0.7655208	0.008502832
0.7688541	0.00858084
0.7721875	0.008710852
0.7755209	0.008814862
0.7788542	0.008970878
0.7821875	0.00910089
0.7855209	0.009230903
0.7888542	0.009360916
0.7921875	0.009490928
0.7955208	0.009568936
0.7988542	0.009646944
0.8021875	0.009698949
0.8055208	0.009698949
0.8088542	0.009698949
0.8121875	0.009672946
0.8155208	0.009620941
0.8188542	0.009594939
0.8221875	0.009568936
0.8255208	0.009542934
0.8288541	0.009490928
0.8321875	0.009438923
0.8355208	0.009386918
0.8388542	0.009308911
0.8421875	0.0092049
0.8455209	0.009126893
0.8488542	0.009074888
0.8521875	0.009022883
0.8555208	0.00899688
0.8588542	0.00899688
0.8621875	0.009048885
0.8655208	0.009126893
0.8688542	0.0092049
0.8721875	0.009282908
0.8755208	0.009334913
0.8788542	0.009386918
0.8821875	0.009386918
0.8855208	0.009360916
0.8888541	0.009308911
0.8921875	0.009256906
0.8955208	0.0092049
0.8988542	0.009152895
0.9021875	0.00910089
0.9055209	0.00910089
0.9088542	0.00910089
0.9121875	0.009152895
0.9155208	0.009230903
0.9188542	0.009308911
0.9221875	0.009386918
0.9255208	0.009464926
0.9288542	0.009542934
0.9321875	0.009620941
0.9355208	0.009672946
0.9388542	0.009698949
0.9421875	0.009698949
0.9455208	0.009672946
0.9488541	0.009646944
0.9521875	0.009594939
0.9555208	0.009542934
0.9588541	0.009490928
0.9621875	0.009464926
0.9655209	0.009438923
0.9688542	0.009438923
0.9721875	0.009464926
0.9755208	0.009542934
0.9788542	0.009594939
0.9821875	0.009672946
0.9855208	0.009750954
0.9888542	0.009776956
0.9921875	0.009750954
0.9955208	0.009698949
0.9988542	0.009568936
1.002187	0.009386918
1.005521	0.009152895
1.008854	0.008866867
1.012187	0.00858084
1.015521	0.008268807
1.018854	0.00798278
1.022187	0.007722754
1.025521	0.007514734
1.028854	0.007384721
1.032187	0.007280711
1.035521	0.007254708
1.038854	0.007280711
1.042187	0.007358719
1.045521	0.007436726
1.048854	0.007566739
1.052187	0.007696752
1.055521	0.007826764
1.058854	0.007930774
1.062188	0.008060787
1.065521	0.008138795
1.068854	0.008216802
1.072188	0.00829481
1.075521	0.008372819
1.078854	0.008398822
1.082188	0.008424824
1.085521	0.008450827
1.088854	0.008424824
1.092188	0.008398822
1.095521	0.008372819
1.098854	0.00829481
1.102188	0.008216802
1.105521	0.008112792
1.108854	0.00798278
1.112188	0.007878769
1.115521	0.007774759
1.118854	0.007696752
1.122187	0.007644747
1.125521	0.007618744
1.128854	0.007644747
1.132187	0.007696752
1.135521	0.007748757
1.138854	0.007826764
1.142187	0.007930774
1.145521	0.00798278
1.148854	0.008060787
1.152187	0.00808679
1.155521	0.008112792
1.158854	0.00808679
1.162187	0.00808679
1.165521	0.008034785
1.168854	0.008008782
1.172187	0.00798278
1.175521	0.007956777
1.178854	0.007904772
1.182188	0.007878769
1.185521	0.007852767
1.188854	0.007826764
1.192188	0.007800762
1.195521	0.007800762
1.198854	0.007800762
1.202188	0.007800762
1.205521	0.007826764
1.208854	0.007852767
1.212188	0.007878769
1.215521	0.007930774
1.218854	0.007956777
1.222188	0.007956777
1.225521	0.007930774
1.228854	0.007878769
1.232188	0.007800762
1.235521	0.007670749
1.238854	0.007540736
1.242188	0.007384721
1.245521	0.007254708
1.248854	0.007124696
1.252187	0.007046688
1.255521	0.007020686
1.258854	0.007046688
1.262187	0.007098693
1.265521	0.007176701
1.268854	0.007280711
1.272187	0.007358719
1.275521	0.007436726
1.278854	0.007462729
1.282187	0.007462729
1.285521	0.007436726
1.288854	0.007358719
1.292187	0.007280711
1.295521	0.007202703
1.298854	0.007124696
1.302187	0.007098693
1.305521	0.007072691
1.308854	0.007072691
1.312188	0.007124696
1.315521	0.007202703
1.318854	0.007280711
1.322188	0.007384721
1.325521	0.007462729
1.328854	0.007540736
1.332188	0.007618744
1.335521	0.007670749
1.338854	0.007696752
1.342188	0.007696752
1.345521	0.007670749
1.348854	0.007618744
1.352188	0.007566739
1.355521	0.007514734
1.358854	0.007436726
1.362188	0.007358719
1.365521	0.007280711
1.368854	0.007228706
1.372187	0.007176701
1.375521	0.007150698
1.378854	0.007150698
1.382187	0.007150698
1.385521	0.007176701
1.388854	0.007228706
1.392187	0.007280711
1.395521	0.007358719
1.398854	0.007410724
1.402187	0.007488731
1.405521	0.007540736
1.408854	0.007592741
1.412187	0.007618744
1.415521	0.007644747
1.418854	0.007670749
1.422187	0.007644747
1.425521	0.007618744
1.428854	0.007592741
1.432188	0.007566739
1.435521	0.007566739
1.438854	0.007566739
1.442188	0.007592741
1.445521	0.007618744
1.448854	0.007670749
1.452188	0.007748757
1.455521	0.007774759
1.458854	0.007800762
1.462188	0.007800762
1.465521	0.007722754
1.468854	0.007644747
1.472188	0.007488731
1.475521	0.007332716
1.478854	0.007176701
1.482188	0.006994683
1.485521	0.006838668
1.488854	0.006708655
1.492188	0.006604645
1.495521	0.00655264
1.498854	0.006526637
1.502187	0.00655264
1.505521	0.006604645
1.508854	0.006682653
1.512187	0.006786663
1.515521	0.00686467
1.518854	0.006968681
1.522187	0.007020686
1.525521	0.007046688
1.528854	0.007020686
1.532187	0.006968681
1.535521	0.00686467
1.538854	0.00676066
1.542187	0.006630648
1.545521	0.006500635
1.548854	0.006422627
1.552187	0.006370622
1.555521	0.006370622
1.558854	0.006396625
1.562188	0.00644863
1.565521	0.006526637
1.568854	0.006604645
1.572188	0.006630648
1.575521	0.00665665
1.578854	0.006630648
1.582188	0.006604645
1.585521	0.00655264
1.588854	0.006474632
1.592188	0.006396625
1.595521	0.006318617
1.598854	0.006266612
1.602188	0.006214607
1.605521	0.006162602
1.608854	0.006136599
1.612188	0.006136599
1.615521	0.006136599
1.618854	0.006162602
1.622187	0.006214607
1.625521	0.006266612
1.628854	0.006370622
1.632187	0.006474632
1.635521	0.006604645
1.638854	0.006734658
1.642187	0.00686467
1.645521	0.006994683
1.648854	0.007098693
1.652187	0.007176701
1.655521	0.007228706
1.658854	0.007254708
1.662187	0.007254708
1.665521	0.007202703
1.668854	0.007150698
1.672187	0.007072691
1.675521	0.006994683
1.678854	0.006916675
1.682188	0.00686467
1.685521	0.006838668
1.688854	0.006838668
1.692188	0.006838668
1.695521	0.006838668
1.698854	0.00686467
1.702188	0.006838668
1.705521	0.006812665
1.708854	0.00676066
1.712188	0.006682653
1.715521	0.006578642
1.718854	0.006474632
1.722188	0.006370622
1.725521	0.006266612
1.728854	0.006214607
1.732188	0.006162602
1.735521	0.006162602
1.738854	0.006188604
1.742188	0.006214607
1.745521	0.006266612
1.748854	0.00634462
1.752187	0.006422627
1.755521	0.006526637
1.758854	0.006604645
1.762187	0.006682653
1.765521	0.006734658
1.768854	0.006786663
1.772187	0.006838668
1.775521	0.00686467
1.778854	0.006890673
1.782187	0.006890673
1.785521	0.006890673
1.788854	0.006890673
1.792187	0.00686467
1.795521	0.00686467
1.798854	0.00686467
1.802187	0.00686467
1.805521	0.006916675
1.808854	0.006968681
1.812188	0.007046688
1.815521	0.007124696
1.818854	0.007254708
1.822188	0.007384721
1.825521	0.007540736
1.828854	0.007670749
1.832188	0.007826764
1.835521	0.00798278
1.838854	0.008112792
1.842188	0.008242805
1.845521	0.008346817
1.848854	0.008424824
1.852188	0.008502832
1.855521	0.008554837
1.858854	0.00858084
1.862188	0.008632845
1.865521	0.008658847
1.868854	0.00868485
1.872187	0.008736855
1.875521	0.00878886
1.878854	0.008866867
1.882187	0.008970878
1.885521	0.009126893
1.888854	0.009282908
1.892187	0.009464926
1.895521	0.009672946
1.898854	0.009906969
1.902187	0.01014099
1.905521	0.01037501
1.908854	0.01063504
1.912187	0.01086906
1.915521	0.01110309
1.918854	0.01131111
1.922187	0.01149312
1.925521	0.01164914
1.928854	0.01175315
1.932188	0.01185716
1.935521	0.01193517
1.938854	0.01196117
1.942188	0.01198717
1.945521	0.01198717
1.948854	0.01196117
1.952188	0.01193517
1.955521	0.01190916
1.958854	0.01188316
1.962188	0.01183116
1.965521	0.01180515
1.968854	0.01177915
1.972188	0.01177915
1.975521	0.01175315
1.978854	0.01175315
1.982188	0.01177915
1.985521	0.01177915
1.988854	0.01180515
1.992188	0.01180515
1.995521	0.01180515
1.998854	0.01180515
2.002187	0.01177915
2.005521	0.01175315
2.008854	0.01170114
2.012187	0.01164914
2.015521	0.01157113
2.018854	0.01151913
2.022187	0.01144112
2.025521	0.01136311
2.028854	0.0112851
2.032187	0.01118109
2.035521	0.01110309
2.038854	0.01099908
2.042187	0.01092107
2.045521	0.01084306
2.048854	0.01076505
2.052187	0.01071305
2.055521	0.01063504
2.058854	0.01058304
2.062187	0.01053103
2.065521	0.01045302
2.068854	0.01037501
2.072187	0.01029701
2.075521	0.010193
2.078854	0.01008899
2.082187	0.01001098
2.085521	0.009932972
2.088854	0.009854964
2.092187	0.009802959
2.095521	0.009750954
2.098854	0.009724951
2.102187	0.009646944
2.105521	0.009568936
2.108854	0.009464926
2.112187	0.009334913
2.115521	0.009178898
2.118854	0.00899688
2.122188	0.008840865
2.125521	0.008710852
2.128854	0.00858084
2.132188	0.008502832
2.135521	0.008424824
2.138854	0.008398822
2.142188	0.008398822
2.145521	0.008372819
2.148854	0.008346817
2.152188	0.008320813
2.155521	0.008268807
2.158854	0.0081908
2.162188	0.00808679
2.165521	0.007956777
2.168854	0.007800762
2.172188	0.007618744
2.175521	0.007462729
2.178854	0.007306714
2.182188	0.007150698
2.185521	0.007020686
2.188854	0.006916675
2.192188	0.006812665
2.195521	0.006734658
2.198854	0.006682653
2.202188	0.00665665
2.205521	0.006630648
2.208854	0.006604645
2.212188	0.006604645
2.215521	0.006578642
2.218854	0.006578642
2.222188	0.006578642
2.225521	0.006578642
2.228854	0.006604645
2.232188	0.006630648
2.235521	0.006630648
2.238854	0.00665665
2.242188	0.006682653
2.245521	0.006734658
2.248854	0.006786663
2.252187	0.006838668
2.255521	0.006890673
2.258854	0.006942678
2.262187	0.006994683
2.265521	0.007046688
2.268854	0.007098693
2.272187	0.007124696
2.275521	0.007124696
2.278854	0.007124696
2.282187	0.007098693
2.285521	0.007072691
2.288854	0.007046688
2.292187	0.007020686
2.295521	0.006968681
2.298854	0.006916675
2.302187	0.006838668
2.305521	0.006734658
2.308854	0.006578642
2.312187	0.006422627
2.315521	0.006240609
2.318854	0.006032589
2.322187	0.005876574
2.325521	0.005720559
2.328854	0.005616548
2.332187	0.005564543
2.335521	0.005564543
2.338854	0.005590546
2.342187	0.005642551
2.345521	0.005720559
2.348854	0.005772564
2.352187	0.005850571
2.355521	0.005876574
2.358854	0.005902576
2.362187	0.005928579
2.365521	0.005902576
2.368854	0.005876574
2.372188	0.005850571
2.375521	0.005798566
2.378854	0.005746561
2.382188	0.005668554
2.385521	0.005590546
2.388854	0.005512538
2.392188	0.005434531
2.395521	0.005356523
2.398854	0.005304518
2.402188	0.005252513
2.405521	0.005200508
2.408854	0.005174505
2.412188	0.005148503
2.415521	0.0051225
2.418854	0.005096498
2.422188	0.005070495
2.425521	0.005044493
2.428854	0.004992488
2.432188	0.004966485
2.435521	0.00491448
2.438854	0.004888477
2.442188	0.004862475
2.445521	0.004836472
2.448854	0.004836472
2.452188	0.004836472
2.455521	0.004862475
2.458854	0.00491448
2.462188	0.004966485
2.465521	0.00501849
2.468854	0.005096498
2.472188	0.005174505
2.475521	0.005252513
2.478854	0.005356523
2.482188	0.005434531
2.485521	0.005486536
2.488854	0.005512538
2.492188	0.005538541
2.495521	0.005538541
2.498854	0.005512538
2.502187	0.005460533
2.505521	0.005382526
2.508854	0.005304518
2.512187	0.005200508
2.515521	0.0051225
2.518854	0.005044493
2.522187	0.004992488
2.525521	0.004966485
2.528854	0.004992488
2.532187	0.00501849
2.535521	0.005096498
2.538854	0.00522651
2.542187	0.005382526
2.545521	0.005538541
2.548854	0.005694556
2.552187	0.005824569
2.555521	0.005928579
2.558854	0.005980584
2.562187	0.005980584
2.565521	0.005902576
2.568854	0.005798566
2.572187	0.005642551
2.575521	0.005434531
2.578854	0.005252513
2.582187	0.005044493
2.585521	0.004888477
2.588854	0.004758465
2.592187	0.004654455
2.595521	0.004628452
2.598854	0.004654455
2.602187	0.004732462
2.605521	0.004836472
2.608854	0.004992488
2.612187	0.0051225
2.615521	0.005278515
2.618854	0.005408528
2.622188	0.005512538
2.625521	0.005564543
2.628854	0.005590546
2.632188	0.005590546
2.635521	0.005564543
2.638854	0.005538541
2.642188	0.005512538
2.645521	0.005512538
2.648854	0.005538541
2.652188	0.005590546
2.655521	0.005694556
2.658854	0.005798566
2.662188	0.005902576
2.665521	0.006006587
2.668854	0.006110597
2.672188	0.006162602
2.675521	0.006162602
2.678854	0.006110597
2.682188	0.006032589
2.685521	0.005928579
2.688854	0.005824569
2.692188	0.005720559
2.695521	0.005642551
2.698854	0.005590546
2.702188	0.005590546
2.705521	0.005616548
2.708854	0.005720559
2.712188	0.005798566
2.715521	0.005928579
2.718854	0.006032589
2.722188	0.006136599
2.725521	0.006240609
2.728854	0.00634462
2.732188	0.00644863
2.735521	0.006578642
2.738854	0.006708655
2.742188	0.00686467
2.745521	0.007020686
2.748854	0.007176701
2.752187	0.007306714
2.755521	0.007436726
2.758854	0.007540736
2.762187	0.007618744
2.765521	0.007644747
2.768854	0.007670749
2.772187	0.007670749
2.775521	0.007670749
2.778854	0.007696752
2.782187	0.007722754
2.785521	0.007774759
2.788854	0.007826764
2.792187	0.007904772
2.795521	0.00798278
2.798854	0.008034785
2.802187	0.00808679
2.805521	0.008112792
2.808854	0.008112792
2.812187	0.00808679
2.815521	0.008034785
2.818854	0.007956777
2.822187	0.007878769
2.825521	0.007800762
2.828854	0.007722754
2.832187	0.007644747
2.835521	0.007566739
2.838854	0.007488731
2.842187	0.007384721
2.845521	0.007306714
2.848854	0.007176701
2.852187	0.007046688
2.855521	0.006916675
2.858854	0.00676066
2.862187	0.006604645
2.865521	0.006474632
2.868854	0.006370622
2.872188	0.006292615
2.875521	0.006214607
2.878854	0.006188604
2.882188	0.006162602
2.885521	0.006136599
2.888854	0.006136599
2.892188	0.006162602
2.895521	0.006162602
2.898854	0.006162602
2.902188	0.006188604
2.905521	0.006214607
2.908854	0.006266612
2.912188	0.006318617
2.915521	0.006370622
2.918854	0.006422627
2.922188	0.006474632
2.925521	0.00655264
2.928854	0.006630648
2.932188	0.006682653
2.935521	0.006734658
2.938854	0.006786663
2.942188	0.006838668
2.945521	0.006890673
2.948854	0.006942678
2.952188	0.007020686
2.955521	0.007072691
2.958854	0.007150698
2.962188	0.007228706
2.965521	0.007280711
2.968854	0.007332716
2.972188	0.007410724
2.975521	0.007462729
2.978854	0.007488731
2.982188	0.007488731
2.985521	0.007462729
2.988854	0.007384721
2.992188	0.007280711
2.995521	0.007150698
2.998854	0.006968681
3.002187	0.00676066
3.005521	0.006526637
3.008854	0.006318617
3.012187	0.006084594
3.015521	0.005876574
3.018854	0.005694556
3.022187	0.005538541
3.025521	0.005408528
3.028854	0.005304518
3.032187	0.00522651
3.035521	0.005148503
3.038854	0.005096498
3.042187	0.005070495
3.045521	0.005070495
3.048854	0.005096498
3.052187	0.0051225
3.055521	0.005174505
3.058854	0.00522651
3.062187	0.005304518
3.065521	0.005408528
3.068854	0.005486536
3.072187	0.005590546
3.075521	0.005668554
3.078854	0.005746561
3.082187	0.005824569
3.085521	0.005902576
3.088854	0.005980584
3.092187	0.006032589
3.095521	0.006084594
3.098854	0.006110597
3.102187	0.006136599
3.105521	0.006110597
3.108854	0.006084594
3.112187	0.006032589
3.115521	0.005954581
3.118854	0.005876574
3.122188	0.005798566
3.125521	0.005746561
3.128854	0.005720559
3.132188	0.005720559
3.135521	0.005694556
3.138854	0.005694556
3.142188	0.005668554
3.145521	0.005616548
3.148854	0.005538541
3.152188	0.005460533
3.155521	0.005356523
3.158854	0.005252513
3.162188	0.005174505
3.165521	0.005148503
3.168854	0.005148503
3.172188	0.00522651
3.175521	0.005330521
3.178854	0.005512538
3.182188	0.005694556
3.185521	0.005928579
3.188854	0.006162602
3.192188	0.006422627
3.195521	0.00665665
3.198854	0.006916675
3.202188	0.007150698
3.205521	0.007384721
3.208854	0.007618744
3.212188	0.007826764
3.215521	0.008034785
3.218854	0.008216802
3.222188	0.008424824
3.225521	0.008606842
3.228854	0.008814862
3.232188	0.00899688
3.235521	0.0092049
3.238854	0.009412921
3.242188	0.009646944
3.245521	0.009854964
3.248854	0.01006298
3.252187	0.010271
3.255521	0.01050503
3.258854	0.01073905
3.262187	0.01097307
3.265521	0.0112071
3.268854	0.01146712
3.272187	0.01172715
3.275521	0.01203918
3.278854	0.0123252
3.282187	0.01266324
3.285521	0.01300127
3.288854	0.01336531
3.292187	0.01372934
3.295521	0.01414538
3.298854	0.01458743
3.302187	0.01508147
3.305521	0.01560152
3.308854	0.01617358
3.312187	0.01674564
3.315521	0.0173697
3.318854	0.01799376
3.322187	0.01866982
3.325521	0.01931989
3.328854	0.02002196
3.332187	0.02072402
3.335521	0.0214781
3.338854	0.02225818
3.342187	0.02309026
3.345521	0.02397434
3.348854	0.02491043
3.352187	0.02592453
3.355521	0.02701664
3.358854	0.02816075
3.362187	0.02935687
3.365521	0.03063099
3.368854	0.03195712
3.372188	0.03333526
3.375521	0.0347654
3.378854	0.03622154
3.382188	0.03770368
3.385521	0.03921183
3.388854	0.04079799
3.392188	0.04238414
3.395521	0.0440483
3.398854	0.04579047
3.402188	0.04761065
3.405521	0.04950884
3.408854	0.05153704
3.412188	0.05369525
3.415521	0.05593146
3.418854	0.0583237
3.422188	0.06084595
3.425521	0.06349821
3.428854	0.06628048
3.432188	0.06921876
3.435521	0.07226106
3.438854	0.07543337
3.442188	0.07873569
3.445521	0.08216803
3.448854	0.08573037
3.452188	0.08939673
3.455521	0.09319311
3.458854	0.09711949
3.462188	0.1011499
3.465521	0.1053103
3.468854	0.1096007
3.472188	0.1139691
3.475521	0.1184676
3.478854	0.123044
3.482188	0.1277245
3.485521	0.1325349
3.488854	0.1374494
3.492188	0.1424679
3.495521	0.1476424
3.498854	0.1529209
3.502187	0.1583295
3.505521	0.163868
3.508854	0.1695366
3.512187	0.1753351
3.515521	0.1812117
3.518854	0.1872183
3.522187	0.1933029
3.525521	0.1994915
3.528854	0.2057841
3.532187	0.2122067
3.535521	0.2187854
3.538854	0.225494
3.542187	0.2323847
3.545521	0.2394314
3.548854	0.2466861
3.552187	0.2541488
3.555521	0.2617936
3.558854	0.2696983
3.562187	0.2778111
3.565521	0.2861839
3.568854	0.2947908
3.572187	0.3036577
3.575521	0.3128106
3.578854	0.3222495
3.582187	0.3320004
3.585521	0.3420374
3.588854	0.3524124
3.592187	0.3630735
3.595521	0.3740726
3.598854	0.3854357
3.602187	0.3971368
3.605521	0.409202
3.608854	0.4216572
3.612187	0.4344765
3.615521	0.4476337
3.618854	0.461155
3.622188	0.4749624
3.625521	0.4890038
3.628854	0.5032531
3.632188	0.5176586
3.635521	0.532116
3.638854	0.5466514
3.642188	0.5611348
3.645521	0.5756183
3.648854	0.5900237
3.652188	0.6043251
3.655521	0.6185485
3.658854	0.6326158
3.662188	0.6465272
3.665521	0.6602305
3.668854	0.6736738
3.672188	0.6868051
3.675521	0.6996244
3.678854	0.7120276
3.682188	0.7240408
3.685521	0.7355599
3.688854	0.746585
3.692188	0.75709
3.695521	0.767075
3.698854	0.7765139
3.702188	0.7854328
3.705521	0.7938316
3.708854	0.8017363
3.712188	0.8091731
3.715521	0.8161938
3.718854	0.8228504
3.722188	0.829221
3.725521	0.8353056
3.728854	0.8412602
3.732188	0.8470848
3.735521	0.8529093
3.738854	0.8588379
3.742188	0.8649745
3.745521	0.8714492
3.748854	0.8783398
3.752187	0.8858025
3.755521	0.8940193
3.758854	0.9030682
3.762187	0.9131832
3.765521	0.9244683
3.768854	0.9371055
3.772187	0.9512509
3.775521	0.9670864
3.778854	0.9847942
3.782187	1.004478
3.785521	1.02632
3.788854	1.050451
3.792187	1.076973
3.795521	1.105966
3.798854	1.137533
3.802187	1.171753
3.805521	1.208676
3.808854	1.248304
3.812187	1.290636
3.815521	1.335699
3.818854	1.383439
3.822187	1.433754
3.825521	1.486591
3.828854	1.541795
3.832187	1.599182
3.835521	1.658546
3.838854	1.719704
3.842187	1.782344
3.845521	1.84618
3.848854	1.910927
3.852187	1.976245
3.855521	2.041771
3.858854	2.107168
3.862187	2.172044
3.865521	2.236037
3.868854	2.298729
3.872188	2.359783
3.875521	2.418808
3.878854	2.47539
3.882188	2.529215
3.885521	2.57992
3.888854	2.627193
3.892188	2.670721
3.895521	2.710245
3.898854	2.74553
3.902188	2.776369
3.905521	2.802632
3.908854	2.824136
3.912188	2.84083
3.915521	2.852609
3.918854	2.859447
3.922188	2.861398
3.925521	2.858459
3.928854	2.850763
3.932188	2.838411
3.935521	2.821536
3.938854	2.800344
3.942188	2.774991
3.945521	2.745738
3.948854	2.712819
3.952188	2.676494
3.955521	2.637048
3.958854	2.594716
3.962188	2.549809
3.965521	2.502641
3.968854	2.45347
3.972188	2.402609
3.975521	2.35037
3.978854	2.297039
3.982188	2.242875
3.985521	2.188166
3.988854	2.133196
3.992188	2.078175
3.995521	2.023362
3.998854	1.96899
4.002188	1.915269
4.005521	1.862406
4.008854	1.810583
4.012187	1.759956
4.015521	1.710681
4.018854	1.662914
4.022188	1.616786
4.025521	1.572374
4.028854	1.529807
4.032187	1.489166
4.035521	1.450526
4.038854	1.413992
4.042188	1.379617
4.045521	1.347556
4.048854	1.317861
4.052187	1.290688
4.055521	1.266116
4.058854	1.244274
4.062188	1.225292
4.065521	1.209352
4.068854	1.196585
4.072187	1.187224
4.075521	1.181425
4.078854	1.179527
4.082188	1.181764
4.085521	1.18855
4.088854	1.200225
4.092187	1.217283
4.095521	1.240217
4.098854	1.269522
4.102188	1.305796
4.105521	1.349714
4.108854	1.401953
4.112187	1.463267
4.115521	1.534436
4.118854	1.616318
4.122188	1.709849
4.125521	1.815913
4.128854	1.935525
4.132187	2.069646
4.135521	2.219239
4.138854	2.385265
4.142188	2.568557
4.145521	2.769999
4.148854	2.990344
4.152187	3.230244
4.155521	3.490269
4.158854	3.770784
4.162188	4.07205
4.165521	4.394196
4.168854	4.737091
4.172187	5.10045
4.175521	5.48365
4.178854	5.885987
4.182188	6.306318
4.185521	6.743395
4.188854	7.195631
4.192187	7.66118
4.195521	8.137989
4.198854	8.623769
4.202188	9.116049
4.205521	9.612125
4.208854	10.10914
4.212187	10.60415
4.215521	11.09404
4.218854	11.57571
4.222188	12.04594
4.225521	12.50155
4.228854	12.93938
4.232187	13.35639
4.235521	13.74962
4.238854	14.11634
4.242188	14.45395
4.245521	14.76016
4.248854	15.0329
4.252188	15.27043
4.255521	15.4713
4.258854	15.63442
4.262187	15.75899
4.265521	15.8446
4.268854	15.89106
4.272188	15.89868
4.275521	15.86797
4.278854	15.79977
4.282187	15.69521
4.285521	15.55573
4.288854	15.38297
4.292188	15.17885
4.295521	14.94543
4.298854	14.68501
4.302187	14.39992
4.305521	14.09267
4.308854	13.7658
4.312188	13.42186
4.315521	13.06336
4.318854	12.69285
4.322187	12.31275
4.325521	11.92544
4.328854	11.53314
4.332188	11.13803
4.335521	10.74212
4.338854	10.34732
4.342187	9.955385
4.345521	9.567921
4.348854	9.18636
4.352188	8.812001
4.355521	8.445937
4.358854	8.089156
4.362187	7.742464
4.365521	7.406485
4.368854	7.081714
4.372188	6.768565
4.375521	6.467222
4.378854	6.17784
4.382187	5.900471
4.385521	5.635063
4.388854	5.381486
4.392188	5.139584
4.395521	4.909072
4.398854	4.689688
4.402187	4.48107
4.405521	4.282904
4.408854	4.09475
4.412188	3.916216
4.415521	3.746888
4.418854	3.586296
4.422187	3.434051
4.425521	3.289737
4.428854	3.152912
4.432188	3.023185
4.435521	2.900167
4.438854	2.78352
4.442187	2.672853
4.445521	2.567829
4.448854	2.468083
4.452188	2.37333
4.455521	2.283231
4.458854	2.197527
4.462187	2.115957
4.465521	2.038261
4.468854	1.964232
4.472188	1.893661
4.475521	1.826418
4.478854	1.76227
4.482187	1.701138
4.485521	1.642841
4.488854	1.587221
4.492188	1.53415
4.495521	1.483497
4.498854	1.435158
4.502188	1.389004
4.505521	1.344929
4.508854	1.302805
4.512187	1.262553
4.515521	1.22407
4.518854	1.187302
4.522188	1.152147
4.525521	1.118577
4.528854	1.08649
4.532187	1.055833
4.535521	1.026606
4.538854	0.9987315
4.542188	0.9722089
4.545521	0.9470125
4.548854	0.9230901
4.552187	0.9004159
4.555521	0.8789898
4.558854	0.8587339
4.562188	0.8396741
4.565521	0.8217323
4.568854	0.8048827
4.572187	0.7891251
4.575521	0.7743817
4.578854	0.7607043
4.582188	0.7480671
4.585521	0.73647
4.588854	0.7259129
4.592187	0.716422
4.595521	0.7080232
4.598854	0.7007165
4.602188	0.6945539
4.605521	0.6895354
4.608854	0.685765
4.612187	0.6832168
4.615521	0.6820207
4.618854	0.6822027
4.622188	0.6838408
4.625521	0.6870391
4.628854	0.6919016
4.632187	0.6985323
4.635521	0.7070091
4.638854	0.7174881
4.642188	0.7300733
4.645521	0.7449468
4.648854	0.7621865
4.652187	0.7820264
4.655521	0.8045706
4.658854	0.8300271
4.662188	0.8585779
4.665521	0.890431
4.668854	0.9257424
4.672187	0.9647462
4.675521	1.007624
4.678854	1.054559
4.682188	1.105732
4.685521	1.161326
4.688854	1.221495
4.692187	1.286372
4.695521	1.356111
4.698854	1.430816
4.702188	1.510592
4.705521	1.595542
4.708854	1.685771
4.712187	1.78133
4.715521	1.882298
4.718854	1.988726
4.722188	2.100641
4.725521	2.218121
4.728854	2.341191
4.732187	2.469877
4.735521	2.604285
4.738854	2.744542
4.742188	2.890807
4.745521	3.043389
4.748854	3.202629
4.752188	3.369019
4.755521	3.543262
4.758854	3.726164
4.762187	3.918817
4.765521	4.122469
4.768854	4.338758
4.772188	4.569453
4.775521	4.816815
4.778854	5.083419
4.782187	5.372203
4.785521	5.686626
4.788854	6.030613
4.792188	6.408456
4.795521	6.825069
4.798854	7.285703
4.802187	7.796211
4.805521	8.362781
4.808854	8.992043
4.812188	9.690913
4.815521	10.46665
4.818854	11.32673
4.822187	12.27876
4.825521	13.33046
4.828854	14.48934
4.832188	15.76277
4.835521	17.15765
4.838854	18.68033
4.842187	20.33641
4.845521	22.13048
4.848854	24.066
4.852188	26.14509
4.855521	28.36838
4.858854	30.73495
4.862187	33.24209
4.865521	35.88533
4.868854	38.65819
4.872188	41.55222
4.875521	44.55686
4.878854	47.65956
4.882187	50.84573
4.885521	54.09873
4.888854	57.40006
4.892188	60.7295
4.895521	64.06537
4.898854	67.3848
4.902187	70.66409
4.905521	73.87889
4.908854	77.00468
4.912188	80.01705
4.915521	82.89202
4.918854	85.60653
4.922187	88.13858
4.925521	90.4676
4.928854	92.57482
4.932188	94.44331
4.935521	96.05848
4.938854	97.40812
4.942187	98.48257
4.945521	99.27495
4.948854	99.78119
4.952188	100
4.955521	99.93294
4.958854	99.58432
4.962187	98.96117
4.965521	98.0729
4.968854	96.93123
4.972188	95.54987
4.975521	93.94432
4.978854	92.13142
4.982187	90.12923
4.985521	87.95672
4.988854	85.63339
4.992188	83.17914
4.995521	80.61394
4.998854	77.95765
5.002188	75.22988
5.005521	72.44969
5.008854	69.63543
5.012187	66.80458
5.015521	63.97361
5.018854	61.15769
5.022188	58.37086
5.025521	55.62567
5.028854	52.93342
5.032187	50.30384
5.035521	47.7454
5.038854	45.26517
5.042188	42.86904
5.045521	40.56162
5.048854	38.34655
5.052187	36.2263
5.055521	34.20241
5.058854	32.27557
5.062188	30.44559
5.065521	28.71161
5.068854	27.07208
5.072187	25.5249
5.075521	24.06748
5.078854	22.69681
5.082188	21.40961
5.085521	20.20236
5.088854	19.07146
5.092187	18.01313
5.095521	17.02358
5.098854	16.09906
5.102188	15.23577
5.105521	14.43006
5.108854	13.67832
5.112187	12.97701
5.115521	12.32273
5.118854	11.71225
5.122188	11.1424
5.125521	10.61028
5.128854	10.11309
5.132187	9.648243
5.135521	9.213351
5.138854	8.806099
5.142188	8.424433
5.145521	8.066404
5.148854	7.730191
5.152187	7.414104
5.155521	7.116609
5.158854	6.83625
5.162188	6.571674
5.165521	6.321686
5.168854	6.085193
5.172187	5.861103
5.175521	5.648558
5.178854	5.446674
5.182188	5.254646
5.185521	5.071796
5.188854	4.897449
5.192187	4.731006
5.195521	4.571897
5.198854	4.4196
5.202188	4.273699
5.205521	4.13378
5.208854	3.999477
5.212187	3.870504
5.215521	3.74655
5.218854	3.62738
5.222188	3.512787
5.225521	3.402536
5.228854	3.296446
5.232187	3.19436
5.235521	3.096045
5.238854	3.001395
5.242188	2.910256
5.245521	2.822472
5.248854	2.737938
5.252188	2.656576
5.255521	2.57823
5.258854	2.502849
5.262187	2.430354
5.265521	2.360667
5.268854	2.293684
5.272188	2.22938
5.275521	2.167624
5.278854	2.108364
5.282187	2.051496
5.285521	1.996969
5.288854	1.944652
5.292188	1.894467
5.295521	1.846336
5.298854	1.800156
5.302187	1.755847
5.305521	1.713281
5.308854	1.672379
5.312188	1.633064
5.315521	1.59523
5.318854	1.558748
5.322187	1.523541
5.325521	1.48953
5.328854	1.45661
5.332188	1.424679
5.335521	1.393658
5.338854	1.363443
5.342187	1.334008
5.345521	1.30525
5.348854	1.277115
5.352188	1.249552
5.355521	1.222509
5.358854	1.195961
5.362187	1.16988
5.365521	1.144242
5.368854	1.119045
5.372188	1.094239
5.375521	1.069848
5.378854	1.045848
5.382187	1.022238
5.385521	0.9990176
5.388854	0.9761873
5.392188	0.9537471
5.395521	0.931697
5.398854	0.9100369
5.402187	0.8887928
5.405521	0.8679648
5.408854	0.8475268
5.412188	0.8275049
5.415521	0.8078989
5.418854	0.7887091
5.422187	0.7699092
5.425521	0.7515254
5.428854	0.7335577
5.432188	0.716032
5.435521	0.6989223
5.438854	0.6823067
5.442187	0.6661071
5.445521	0.6504016
5.448854	0.6351381
5.452188	0.6203426
5.455521	0.6059892
5.458854	0.5920519
5.462187	0.5785305
5.465521	0.5654253
5.468854	0.55271
5.472188	0.5403848
5.475521	0.5284236
5.478854	0.5168525
5.482187	0.5056454
5.485521	0.4947503
5.488854	0.4841933
5.492188	0.4739223
5.495521	0.4639373
5.498854	0.4542384
5.502188	0.4448255
5.505521	0.4356726
5.508854	0.4267797
5.512187	0.4182249
5.515521	0.4099301
5.518854	0.4019473
5.522188	0.3942765
5.525521	0.3868658
5.528854	0.3797151
5.532187	0.3727984
5.535521	0.3660898
5.538854	0.3595631
5.542188	0.3531925
5.545521	0.3469779
5.548854	0.3408933
5.552187	0.3349647
5.555521	0.3291922
5.558854	0.3235496
5.562188	0.3180631
5.565521	0.3126806
5.568854	0.3074541
5.572187	0.3023316
5.575521	0.2973391
5.578854	0.2924766
5.582188	0.2876921
5.585521	0.2830376
5.588854	0.2784872
5.592187	0.2739888
5.595521	0.2695943
5.598854	0.2652779
5.602188	0.2610135
5.605521	0.2568271
5.608854	0.2526667
5.612187	0.2485583
5.615521	0.2445279
5.618854	0.2405495
5.622188	0.2366751
5.625521	0.2328788
5.628854	0.2291604
5.632187	0.22552
5.635521	0.2219577
5.638854	0.2184213
5.642188	0.214937
5.645521	0.2115047
5.648854	0.2081243
5.652187	0.204744
5.655521	0.2014157
5.658854	0.1981394
5.662188	0.194915
5.665521	0.1917427
5.668854	0.1886484
5.672187	0.1856061
5.675521	0.1826158
5.678854	0.1796776
5.682188	0.1767913
5.685521	0.173957
5.688854	0.1711487
5.692187	0.1683925
5.695521	0.1656362
5.698854	0.1629319
5.702188	0.1602537
5.705521	0.1576274
5.708854	0.1550531
5.712187	0.1525309
5.715521	0.1501127
5.718854	0.1477724
5.722188	0.1455102
5.725521	0.143352
5.728854	0.1412978
5.732187	0.1392956
5.735521	0.1373714
5.738854	0.1355252
5.742188	0.1336791
5.745521	0.1319109
5.748854	0.1301427
5.752188	0.1284265
5.755521	0.1267364
5.758854	0.1250722
5.762187	0.1234341
5.765521	0.1217959
5.768854	0.1201577
5.772188	0.1185456
5.775521	0.1169334
5.778854	0.1153473
5.782187	0.1137871
5.785521	0.112279
5.788854	0.1107968
5.792188	0.1093667
5.795521	0.1080146
5.798854	0.1067144
5.802187	0.1054923
5.805521	0.1043482
5.808854	0.1032821
5.812188	0.102294
5.815521	0.1013839
5.818854	0.1005258
5.822187	0.09971975
5.825521	0.09896567
5.828854	0.0982636
5.832188	0.09758754
5.835521	0.09693747
5.838854	0.09628741
5.842187	0.09561134
5.845521	0.09496128
5.848854	0.09428522
5.852188	0.09363515
5.855521	0.09298509
5.858854	0.09236103
5.862187	0.09173696
5.865521	0.0911389
5.868854	0.09051484
5.872188	0.08994278
5.875521	0.08934473
5.878854	0.08877267
5.882187	0.08822662
5.885521	0.08765456
5.888854	0.08710851
5.892188	0.08658846
5.895521	0.08609441
5.898854	0.08560036
5.902187	0.08510631
5.905521	0.08461226
5.908854	0.08411822
5.912188	0.08357216
5.915521	0.08300011
5.918854	0.08240205
5.922187	0.08175199
5.925521	0.08107592
5.928854	0.08034785
5.932188	0.07959377
5.935521	0.0787877
5.938854	0.07798162
5.942187	0.07712354
5.945521	0.07629146
5.948854	0.07543337
5.952188	0.07460129
5.955521	0.07376921
5.958854	0.07293713
5.962187	0.07210505
5.965521	0.07127296
5.968854	0.07046689
5.972188	0.0696348
5.975521	0.06882873
5.978854	0.06802265
5.982187	0.06724257
5.985521	0.0665145
5.988854	0.06581243
5.992188	0.06516237
5.995521	0.06456431
5.998854	0.06401826
6.002188	0.0634722
6.005521	0.06297815
6.008854	0.0624581
6.012187	0.06196406
6.015521	0.06144401
6.018854	0.06089795
6.022188	0.0603259
6.025521	0.05975384
6.028854	0.05918178
6.032187	0.05863573
6.035521	0.05808967
6.038854	0.05756962
6.042188	0.05707558
6.045521	0.05660753
6.048854	0.05616549
6.052187	0.05577545
6.055521	0.05543742
6.058854	0.05512538
6.062188	0.05486536
6.065521	0.05463134
6.068854	0.05444932
6.072187	0.0542933
6.075521	0.05413729
6.078854	0.05400728
6.082188	0.05387726
6.085521	0.05374725
6.088854	0.05359124
6.092187	0.05343522
6.095521	0.0532792
6.098854	0.05309719
6.102188	0.05291517
6.105521	0.05273315
6.108854	0.05249913
6.112187	0.05229111
6.115521	0.05203108
6.118854	0.05177106
6.122188	0.05148503
6.125521	0.051199
6.128854	0.05088697
6.132187	0.05060094
6.135521	0.05031492
6.138854	0.05002889
6.142188	0.04974286
6.145521	0.04948284
6.148854	0.04922281
6.152187	0.04896278
6.155521	0.04870276
6.158854	0.04841673
6.162188	0.0480787
6.165521	0.04771466
6.168854	0.04732462
6.172187	0.04688258
6.175521	0.04641454
6.178854	0.04589448
6.182188	0.04537443
6.185521	0.04480238
6.188854	0.04423032
6.192187	0.04365827
6.195521	0.04308621
6.198854	0.04251415
6.202188	0.0419681
6.205521	0.04144805
6.208854	0.040954
6.212187	0.04051196
6.215521	0.04012192
6.218854	0.03975788
6.222188	0.03941985
6.225521	0.03913382
6.228854	0.0388478
6.232187	0.03856177
6.235521	0.03824974
6.238854	0.03796371
6.242188	0.03765168
6.245521	0.03733965
6.248854	0.03702762
6.252188	0.03671559
6.255521	0.03640356
6.258854	0.03611753
6.262187	0.0358575
6.265521	0.03559748
6.268854	0.03536346
6.272188	0.03510343
6.275521	0.03486941
6.278854	0.03460938
6.282187	0.03432335
6.285521	0.03403733
6.288854	0.0337513
6.292188	0.03346527
6.295521	0.03320524
6.298854	0.03297122
6.302187	0.0327632
6.305521	0.03255518
6.308854	0.03237316
6.312188	0.03216514
6.315521	0.03193112
6.318854	0.03167109
6.322187	0.03138507
6.325521	0.03104703
6.328854	0.030683
6.332188	0.03031896
6.335521	0.02995493
6.338854	0.02961689
6.342187	0.02930486
6.345521	0.02901884
6.348854	0.02878481
6.352188	0.02857679
6.355521	0.02839477
6.358854	0.02823876
6.362187	0.02805674
6.365521	0.02787472
6.368854	0.0276667
6.372188	0.02745868
6.375521	0.02722466
6.378854	0.02699064
6.382187	0.02678262
6.385521	0.0265746
6.388854	0.02639258
6.392188	0.02623656
6.395521	0.02613255
6.398854	0.02605455
6.402187	0.02602854
6.405521	0.02600254
6.408854	0.02600254
6.412188	0.02597654
6.415521	0.02597654
6.418854	0.02595054
6.422187	0.02592453
6.425521	0.02589853
6.428854	0.02587253
6.432188	0.02584653
6.435521	0.02587253
6.438854	0.02592453
6.442187	0.02605455
6.445521	0.02621056
6.448854	0.02641858
6.452188	0.02670461
6.455521	0.02701664
6.458854	0.02735467
6.462187	0.02769271
6.465521	0.02803074
6.468854	0.02834277
6.472188	0.0286548
6.475521	0.02891483
6.478854	0.02914885
6.482187	0.02933087
6.485521	0.02951288
6.488854	0.0296429
6.492188	0.02977291
6.495521	0.02990292
6.498854	0.03000693
6.502188	0.03013695
6.505521	0.03024096
6.508854	0.03034497
6.512187	0.03042297
6.515521	0.03047498
6.518854	0.03047498
6.522188	0.03044898
6.525521	0.03037097
6.528854	0.03021495
6.532187	0.03000693
6.535521	0.02974691
6.538854	0.02946088
6.542188	0.02912285
6.545521	0.02878481
6.548854	0.02844678
6.552187	0.02813475
6.555521	0.02784872
6.558854	0.0276407
6.562188	0.02745868
6.565521	0.02735467
6.568854	0.02727667
6.572187	0.02725066
6.575521	0.02725066
6.578854	0.02725066
6.582188	0.02722466
6.585521	0.02717266
6.588854	0.02709465
6.592187	0.02693863
6.595521	0.02673061
6.598854	0.02649659
6.602188	0.02618456
6.605521	0.02584653
6.608854	0.02550849
6.612187	0.02511845
6.615521	0.02470241
6.618854	0.02428637
6.622188	0.02384433
6.625521	0.02342829
6.628854	0.02298625
6.632187	0.0225182
6.635521	0.02207616
6.638854	0.02160811
6.642188	0.02114007
6.645521	0.02067202
6.648854	0.02025598
6.652187	0.01983994
6.655521	0.0194239
6.658854	0.01903386
6.662188	0.01869583
6.665521	0.01835779
6.668854	0.01807177
6.672187	0.01781174
6.675521	0.01757772
6.678854	0.0173957
6.682188	0.01723969
6.685521	0.01710967
6.688854	0.01703166
6.692187	0.01697966
6.695521	0.01695366
6.698854	0.01697966
6.702188	0.01700566
6.705521	0.01708367
6.708854	0.01716168
6.712187	0.01729169
6.715521	0.0174217
6.718854	0.01755172
6.722188	0.01773373
6.725521	0.01788975
6.728854	0.01807177
6.732187	0.01822778
6.735521	0.0184098
6.738854	0.01861782
6.742188	0.01882584
6.745521	0.01905986
6.748854	0.01931989
6.752188	0.01957991
6.755521	0.01983994
6.758854	0.02009996
6.762187	0.02038599
6.765521	0.02062001
6.768854	0.02082804
6.772188	0.02098405
6.775521	0.02108806
6.778854	0.02114007
6.782187	0.02111406
6.785521	0.02101005
6.788854	0.02085404
6.792188	0.02062001
6.795521	0.02033399
6.798854	0.01996995
6.802187	0.01952791
6.805521	0.01900786
6.808854	0.0184098
6.812188	0.01775974
6.815521	0.01700566
6.818854	0.01622559
6.822187	0.01541951
6.825521	0.01458743
6.828854	0.01372934
6.832188	0.01289726
6.835521	0.01209118
6.838854	0.01131111
6.842187	0.01055703
6.845521	0.009880967
6.848854	0.0092049
6.852188	0.008606842
6.855521	0.008034785
6.858854	0.007540736
6.862187	0.007072691
6.865521	0.006682653
6.868854	0.006370622
6.872188	0.006136599
6.875521	0.006006587
6.878854	0.005954581
6.882187	0.006032589
6.885521	0.006214607
6.888854	0.006526637
6.892188	0.006942678
6.895521	0.007436726
6.898854	0.008060787
6.902187	0.008736855
6.905521	0.009490928
6.908854	0.01032301
6.912188	0.0112071
6.915521	0.01214319
6.918854	0.01315729
6.922187	0.01419739
6.925521	0.01528949
6.928854	0.01643361
6.932188	0.01762972
6.935521	0.01885184
6.938854	0.02009996
6.942187	0.02132208
6.945521	0.0225442
6.948854	0.02376632
6.952188	0.02491043
6.955521	0.02602854
6.958854	0.02712065
6.962187	0.02816075
6.965521	0.02917485
6.968854	0.03016295
6.972188	0.03112504
6.975521	0.03208714
6.978854	0.03299722
6.982187	0.03385531
6.985521	0.03466139
6.988854	0.03536346
6.992188	0.03593551
6.995521	0.03640356
6.998854	0.03668959
7.002188	0.0367936
7.005521	0.03674159
7.008854	0.03650757
7.012187	0.03611753
7.015521	0.03559748
7.018854	0.03497342
7.022188	0.03424535
7.025521	0.03349127
7.028854	0.03268519
7.032187	0.03185311
7.035521	0.03104703
7.038854	0.03026696
7.042188	0.02946088
7.045521	0.0286808
7.048854	0.02787472
7.052187	0.02709465
7.055521	0.02628857
7.058854	0.02548249
7.062188	0.02465041
7.065521	0.02384433
7.068854	0.02303825
7.072187	0.02231018
7.075521	0.02160811
7.078854	0.02101005
7.082188	0.020464
7.085521	0.01999595
7.088854	0.01957991
7.092187	0.01924188
7.095521	0.01895585
7.098854	0.01869583
7.102188	0.0184618
7.105521	0.01825378
7.108854	0.01807177
7.112187	0.01791575
7.115521	0.01781174
7.118854	0.01775974
7.122188	0.01775974
7.125521	0.01783774
7.128854	0.01799376
7.132187	0.01820178
7.135521	0.0184618
7.138854	0.01874783
7.142188	0.01905986
7.145521	0.01934589
7.148854	0.01960592
7.152187	0.01983994
7.155521	0.02004796
7.158854	0.02017797
7.162188	0.02028198
7.165521	0.02035999
7.168854	0.02038599
7.172187	0.020438
7.175521	0.02049
7.178854	0.02054201
7.182188	0.02062001
7.185521	0.02069802
7.188854	0.02080203
7.192187	0.02088004
7.195521	0.02098405
7.198854	0.02106206
7.202188	0.02114007
7.205521	0.02119207
7.208854	0.02124408
7.212187	0.02127008
7.215521	0.02129608
7.218854	0.02132208
7.222188	0.02137409
7.225521	0.02140009
7.228854	0.0214521
7.232187	0.0215041
7.235521	0.0215301
7.238854	0.02158211
7.242188	0.02160811
7.245521	0.02160811
7.248854	0.02158211
7.252188	0.02158211
7.255521	0.02155611
7.258854	0.02155611
7.262187	0.0215301
7.265521	0.02155611
7.268854	0.02155611
7.272188	0.02158211
7.275521	0.02160811
7.278854	0.02163411
7.282187	0.02168612
7.285521	0.02171212
7.288854	0.02173812
7.292188	0.02176413
7.295521	0.02179013
7.298854	0.02181613
7.302187	0.02181613
7.305521	0.02184213
7.308854	0.02181613
7.312188	0.02181613
7.315521	0.02176413
7.318854	0.02173812
7.322187	0.02168612
7.325521	0.02166012
7.328854	0.02163411
7.332188	0.02160811
7.335521	0.02160811
7.338854	0.02163411
7.342187	0.02166012
7.345521	0.02171212
7.348854	0.02179013
7.352188	0.02186814
7.355521	0.02194614
7.358854	0.02199815
7.362187	0.02205015
7.365521	0.02205015
7.368854	0.02199815
7.372188	0.02192014
7.375521	0.02181613
7.378854	0.02166012
7.382187	0.0214781
7.385521	0.02127008
7.388854	0.02108806
7.392188	0.02090604
7.395521	0.02072402
7.398854	0.02059401
7.402187	0.020464
7.405521	0.02035999
7.408854	0.02025598
7.412188	0.02015197
7.415521	0.02004796
7.418854	0.01991795
7.422187	0.01976193
7.425521	0.01957991
7.428854	0.01937189
7.432188	0.01916387
7.435521	0.01898185
7.438854	0.01879984
7.442187	0.01866982
7.445521	0.01856581
7.448854	0.01851381
7.452188	0.0184618
7.455521	0.0184618
7.458854	0.0184618
7.462187	0.01848781
7.465521	0.0184618
7.468854	0.0184618
7.472188	0.0184098
7.475521	0.01835779
7.478854	0.01830579
7.482187	0.01825378
7.485521	0.01822778
7.488854	0.01820178
7.492188	0.01820178
7.495521	0.01822778
7.498854	0.01827979
7.502188	0.01835779
7.505521	0.0184618
7.508854	0.01856581
7.512187	0.01869583
7.515521	0.01882584
7.518854	0.01895585
7.522188	0.01905986
7.525521	0.01916387
7.528854	0.01924188
7.532187	0.01929389
7.535521	0.01934589
7.538854	0.01937189
7.542188	0.01937189
7.545521	0.01934589
7.548854	0.01934589
7.552187	0.01929389
7.555521	0.01926788
7.558854	0.01918988
7.562188	0.01913787
7.565521	0.01903386
7.568854	0.01892985
7.572187	0.01882584
7.575521	0.01869583
7.578854	0.01853981
7.582188	0.0184098
7.585521	0.01825378
7.588854	0.01809777
7.592187	0.01796776
7.595521	0.01783774
7.598854	0.01773373
7.602188	0.01765573
7.605521	0.01757772
7.608854	0.01752571
7.612187	0.01747371
7.615521	0.0173957
7.618854	0.0173437
7.622188	0.01723969
7.625521	0.01710967
7.628854	0.01692765
7.632187	0.01671963
7.635521	0.01651161
7.638854	0.01627759
7.642188	0.01604357
7.645521	0.01583555
7.648854	0.01565353
7.652187	0.01552352
7.655521	0.0153935
7.658854	0.0153155
7.662188	0.01523749
7.665521	0.01518548
7.668854	0.01515948
7.672187	0.01510748
7.675521	0.01508147
7.678854	0.01502947
7.682188	0.01500347
7.685521	0.01500347
7.688854	0.01500347
7.692187	0.01502947
7.695521	0.01508147
7.698854	0.01513348
7.702188	0.01518548
7.705521	0.01526349
7.708854	0.0153415
7.712187	0.0153935
7.715521	0.01544551
7.718854	0.01549751
7.722188	0.01554952
7.725521	0.01557552
7.728854	0.01565353
7.732187	0.01573154
7.735521	0.01583555
7.738854	0.01599156
7.742188	0.01614758
7.745521	0.0163556
7.748854	0.01656362
7.752188	0.01674564
7.755521	0.01692765
7.758854	0.01705767
7.762187	0.01710967
7.765521	0.01708367
7.768854	0.01695366
7.772188	0.01677164
7.775521	0.01651161
7.778854	0.01622559
7.782187	0.01591355
7.785521	0.01560152
7.788854	0.0153415
7.792188	0.01513348
7.795521	0.01500347
7.798854	0.01492546
7.802187	0.01495146
7.805521	0.01502947
7.808854	0.01515948
7.812188	0.0153155
7.815521	0.01544551
7.818854	0.01554952
7.822187	0.01565353
7.825521	0.01570553
7.828854	0.01570553
7.832188	0.01570553
7.835521	0.01565353
7.838854	0.01560152
7.842187	0.01549751
7.845521	0.01541951
7.848854	0.0153415
7.852188	0.01526349
7.855521	0.01515948
7.858854	0.01505547
7.862187	0.01495146
7.865521	0.01484745
7.868854	0.01476944
7.872188	0.01471744
7.875521	0.01466543
7.878854	0.01463943
7.882187	0.01463943
7.885521	0.01461343
7.888854	0.01461343
7.892188	0.01456142
7.895521	0.01450942
7.898854	0.01437941
7.902187	0.01422339
7.905521	0.01404137
7.908854	0.01383335
7.912188	0.01365133
7.915521	0.01346932
7.918854	0.0133393
7.922187	0.0132613
7.925521	0.01323529
7.928854	0.0132613
7.932188	0.0133393
7.935521	0.01344331
7.938854	0.01354732
7.942187	0.01362533
7.945521	0.01370334
7.948854	0.01375534
7.952188	0.01378135
7.955521	0.01378135
7.958854	0.01375534
7.962187	0.01370334
7.965521	0.01362533
7.968854	0.01352132
7.972188	0.01339131
7.975521	0.0132613
7.978854	0.01307928
7.982187	0.01292326
7.985521	0.01271524
7.988854	0.01250722
7.992188	0.0123252
7.995521	0.01214319
7.998854	0.01198717
8.002188	0.01183116
8.005521	0.01172715
8.008854	0.01167514
8.012188	0.01164914
8.015521	0.01167514
8.018854	0.01172715
8.022187	0.01183116
8.025521	0.01193517
8.028854	0.01203918
8.032187	0.01216919
8.035521	0.0122992
8.038855	0.01240321
8.042188	0.01248122
8.045521	0.01253322
8.048854	0.01255923
8.052188	0.01255923
8.055521	0.01255923
8.058854	0.01253322
8.062187	0.01250722
8.065521	0.01248122
8.068854	0.01245522
8.072187	0.01242921
8.075521	0.01240321
8.078855	0.01240321
8.082188	0.01240321
8.085521	0.01240321
8.088854	0.01237721
8.092188	0.01235121
8.095521	0.0122992
8.098854	0.0122472
8.102187	0.01219519
8.105521	0.01214319
8.108854	0.01206518
8.112187	0.01198717
8.11552	0.01193517
8.118855	0.01188316
8.122188	0.01185716
8.125521	0.01183116
8.128854	0.01185716
8.132188	0.01188316
8.135521	0.01196117
8.138854	0.01203918
8.142187	0.01214319
8.145521	0.0122992
8.148854	0.01245522
8.152187	0.01261123
8.15552	0.01279325
8.158854	0.01297527
8.162188	0.01315729
8.165521	0.01336531
8.168854	0.01357333
8.172188	0.01380735
8.175521	0.01401537
8.178854	0.01424939
8.182187	0.01445741
8.185521	0.01463943
8.188854	0.01476944
8.192187	0.01482145
8.19552	0.01482145
8.198854	0.01474344
8.202188	0.01458743
8.205521	0.01437941
8.208854	0.01414538
8.212188	0.01391136
8.215521	0.01367734
8.218854	0.01349532
8.222187	0.01336531
8.225521	0.0132873
8.228854	0.0132613
8.232187	0.0132873
8.23552	0.01336531
8.238854	0.01349532
8.242188	0.01362533
8.245521	0.01378135
8.248855	0.01391136
8.252188	0.01404137
8.255521	0.01414538
8.258854	0.01422339
8.262188	0.01424939
8.265521	0.01424939
8.268854	0.01419739
8.272187	0.01411938
8.275521	0.01401537
8.278854	0.01385935
8.282187	0.01370334
8.285521	0.01349532
8.288855	0.0132873
8.292188	0.01302727
8.295521	0.01276725
8.298854	0.01248122
8.302188	0.01216919
8.305521	0.01188316
8.308854	0.01159713
8.312187	0.01136311
8.315521	0.01115509
8.318854	0.01102508
8.322187	0.01094707
8.325521	0.01092107
8.328855	0.01094707
8.332188	0.01099908
8.335521	0.01107708
8.338854	0.01115509
8.342188	0.01118109
8.345521	0.01115509
8.348854	0.01110309
8.352187	0.01099908
8.355521	0.01086906
8.358854	0.01071305
8.362187	0.01050503
8.36552	0.01032301
8.368855	0.01016699
8.372188	0.01001098
8.375521	0.009906969
8.378854	0.009854964
8.382188	0.009828961
8.385521	0.009828961
8.388854	0.009828961
8.392187	0.009828961
8.395521	0.009802959
8.398854	0.009750954
8.402187	0.009646944
8.40552	0.009490928
8.408854	0.009334913
8.412188	0.009126893
8.415521	0.008918873
8.418854	0.008736855
8.422188	0.008554837
8.425521	0.008424824
8.428854	0.008320813
8.432187	0.008268807
8.435521	0.008242805
8.438854	0.008268807
8.442187	0.008320813
8.44552	0.008398822
8.448854	0.008528834
8.452188	0.008658847
8.455521	0.00878886
8.458854	0.008944875
8.462188	0.00910089
8.465521	0.009230903
8.468854	0.009360916
8.472187	0.009464926
8.475521	0.009516931
8.478854	0.009542934
8.482187	0.009516931
8.48552	0.009464926
8.488854	0.009334913
8.492188	0.0092049
8.495521	0.009022883
8.498855	0.008840865
8.502188	0.008632845
8.505521	0.008450827
8.508854	0.008242805
8.512188	0.00808679
8.515521	0.007930774
8.518854	0.007826764
8.522187	0.007748757
8.525521	0.007722754
8.528854	0.007722754
8.532187	0.007774759
8.535521	0.007826764
8.538855	0.007930774
8.542188	0.008060787
8.545521	0.0081908
8.548854	0.008346817
8.552188	0.008476829
8.555521	0.00858084
8.558854	0.00868485
8.562187	0.008736855
8.565521	0.008762857
8.568854	0.008762857
8.572187	0.008736855
8.575521	0.00868485
8.578855	0.008658847
8.582188	0.008606842
8.585521	0.00858084
8.588854	0.008528834
8.592188	0.008450827
8.595521	0.008398822
8.598854	0.00829481
8.602187	0.0081908
8.605521	0.008060787
8.608854	0.007904772
8.612187	0.007748757
8.61552	0.007618744
8.618855	0.007514734
8.622188	0.007436726
8.625521	0.007410724
8.628854	0.007410724
8.632188	0.007410724
8.635521	0.007462729
8.638854	0.007488731
8.642187	0.007514734
8.645521	0.007540736
8.648854	0.007540736
8.652187	0.007540736
8.65552	0.007514734
8.658854	0.007488731
8.662188	0.007488731
8.665521	0.007462729
8.668854	0.007436726
8.672188	0.007436726
8.675521	0.007384721
8.678854	0.007332716
8.682187	0.007254708
8.685521	0.007150698
8.688854	0.006994683
8.692187	0.006838668
8.69552	0.00665665
8.698854	0.006474632
8.702188	0.006318617
8.705521	0.006162602
8.708854	0.006058592
8.712188	0.005980584
8.715521	0.005954581
8.718854	0.005954581
8.722187	0.006006587
8.725521	0.006058592
8.728854	0.006110597
8.732187	0.006162602
8.73552	0.006214607
8.738854	0.006240609
8.742188	0.006240609
8.745521	0.006240609
8.748855	0.006214607
8.752188	0.006188604
8.755521	0.006136599
8.758854	0.006084594
8.762188	0.006006587
8.765521	0.005876574
8.768854	0.005746561
8.772187	0.005564543
8.775521	0.005356523
8.778854	0.005148503
8.782187	0.004966485
8.785521	0.004784467
8.788855	0.004628452
8.792188	0.004498439
8.795521	0.004420432
8.798854	0.004368427
8.802188	0.004368427
8.805521	0.004368427
8.808854	0.004368427
8.812187	0.004368427
8.815521	0.004368427
8.818854	0.004342424
8.822187	0.004316422
8.825521	0.004290419
8.828855	0.004238414
8.832188	0.004212411
8.835521	0.004186409
8.838854	0.004160406
8.842188	0.004186409
8.845521	0.004212411
8.848854	0.004264416
8.852187	0.004342424
8.855521	0.004420432
8.858854	0.004472437
8.862187	0.004550444
8.86552	0.004576447
8.868855	0.004576447
8.872188	0.004550444
8.875521	0.004524442
8.878854	0.004472437
8.882188	0.004420432
8.885521	0.004394429
8.888854	0.004394429
8.892187	0.004446434
8.895521	0.004524442
8.898854	0.004628452
8.902187	0.004732462
8.90552	0.004862475
8.908854	0.004940482
8.912188	0.00501849
8.915521	0.005044493
8.918854	0.00501849
8.922188	0.004940482
8.925521	0.004836472
8.928854	0.00470646
8.932187	0.004576447
8.935521	0.004420432
8.938854	0.004316422
8.942187	0.004212411
8.94552	0.004134404
8.948854	0.004108401
8.952188	0.004108401
8.955521	0.004134404
8.958854	0.004186409
8.962188	0.004264416
8.965521	0.004316422
8.968854	0.004394429
8.972187	0.004446434
8.975521	0.004498439
8.978854	0.004524442
8.982187	0.004524442
8.98552	0.004524442
8.988854	0.004498439
8.992188	0.004472437
8.995521	0.004420432
8.998855	0.004368427
9.002188	0.004316422
9.005521	0.004238414
9.008854	0.004212411
9.012188	0.004160406
9.015521	0.004134404
9.018854	0.004134404
9.022187	0.004134404
9.025521	0.004160406
9.028854	0.004186409
9.032187	0.004212411
9.035521	0.004238414
9.038855	0.004238414
9.042188	0.004212411
9.045521	0.004160406
9.048854	0.004108401
9.052188	0.004056396
9.055521	0.004004391
9.058854	0.003926383
9.062187	0.003900381
9.065521	0.003848376
9.068854	0.003848376
9.072187	0.003848376
9.075521	0.003874378
9.078855	0.003874378
9.082188	0.003900381
9.085521	0.003926383
9.088854	0.003926383
9.092188	0.003926383
9.095521	0.003952386
9.098854	0.003952386
9.102187	0.003978389
9.105521	0.003978389
9.108854	0.004004391
9.112187	0.004030394
9.11552	0.004082399
9.118855	0.004134404
9.122188	0.004186409
9.125521	0.004238414
9.128854	0.004290419
9.132188	0.004368427
9.135521	0.004446434
9.138854	0.004524442
9.142187	0.004602449
9.145521	0.004680457
9.148854	0.004758465
9.152187	0.004836472
9.15552	0.004888477
9.158854	0.004966485
9.162188	0.004992488
9.165521	0.00501849
9.168854	0.005044493
9.172188	0.00501849
9.175521	0.00501849
9.178854	0.004966485
9.182187	0.00491448
9.185521	0.004836472
9.188854	0.004758465
9.192187	0.004680457
9.19552	0.004602449
9.198854	0.004524442
9.202188	0.004472437
9.205521	0.004446434
9.208854	0.004420432
9.212188	0.004420432
9.215521	0.004420432
9.218854	0.004446434
9.222187	0.004446434
9.225521	0.004420432
9.228854	0.004394429
9.232187	0.004342424
9.23552	0.004316422
9.238854	0.004264416
9.242188	0.004238414
9.245521	0.004238414
9.248855	0.004238414
9.252188	0.004238414
9.255521	0.004238414
9.258854	0.004238414
9.262188	0.004212411
9.265521	0.004186409
9.268854	0.004134404
9.272187	0.004082399
9.275521	0.004004391
9.278854	0.003926383
9.282187	0.003874378
9.285521	0.003822373
9.288855	0.003770368
9.292188	0.003744366
9.295521	0.003692361
9.298854	0.003640355
9.302188	0.00358835
9.305521	0.003536345
9.308854	0.00348434
9.312187	0.003406333
9.315521	0.003354328
9.318854	0.00327632
9.322187	0.003198312
9.325521	0.003094302
9.328855	0.003016295
9.332188	0.002912284
9.335521	0.002782272
9.338854	0.002678262
9.342188	0.002548249
9.345521	0.002418236
9.348854	0.002314226
9.352187	0.002236218
9.355521	0.002184213
9.358854	0.002132208
9.362187	0.002132208
9.36552	0.002132208
9.368855	0.002158211
9.372188	0.002184213
9.375521	0.002210216
9.378854	0.002210216
9.382188	0.002236218
9.385521	0.002236218
9.388854	0.002236218
9.392187	0.002236218
9.395521	0.002236218
9.398854	0.002210216
9.402187	0.002210216
9.40552	0.002210216
9.408854	0.002184213
9.412188	0.002158211
9.415521	0.002132208
9.418854	0.002106206
9.422188	0.002080203
9.425521	0.002028198
9.428854	0.002002196
9.432187	0.001976193
9.435521	0.00195019
9.438854	0.001924188
9.442187	0.001924188
9.44552	0.001898185
9.448854	0.001898185
9.452188	0.001898185
9.455521	0.001872183
9.458854	0.00184618
9.462188	0.001820178
9.465521	0.001768173
9.468854	0.001716168
9.472187	0.001664163
9.475521	0.001612157
9.478854	0.001560152
9.482187	0.001508147
9.48552	0.001482145
9.488854	0.001482145
9.492188	0.001482145
9.495521	0.001482145
9.498855	0.001508147
9.502188	0.00153415
9.505521	0.001560152
9.508854	0.001586155
9.512188	0.001586155
9.515521	0.001560152
9.518854	0.00153415
9.522187	0.00153415
9.525521	0.001508147
9.528854	0.001482145
9.532187	0.001456142
9.535521	0.001404137
9.538855	0.001378135
9.542188	0.00132613
9.545521	0.001300127
9.548854	0.001248122
9.552188	0.001222119
9.555521	0.001222119
9.558854	0.001196117
9.562187	0.001196117
9.565521	0.001222119
9.568854	0.001248122
9.572187	0.001300127
9.575521	0.001352132
9.578855	0.001404137
9.582188	0.001456142
9.585521	0.001482145
9.588854	0.001508147
9.592188	0.001508147
9.595521	0.001482145
9.598854	0.001456142
9.602187	0.001378135
9.605521	0.00132613
9.608854	0.001222119
9.612187	0.001144112
9.61552	0.001040102
9.618855	0.0009360914
9.622188	0.0008580838
9.625521	0.0008060787
9.628854	0.0007800762
9.632188	0.0007540736
9.635521	0.0007800762
9.638854	0.0008320813
9.642187	0.0009100889
9.645521	0.0009880965
9.648854	0.001040102
9.652187	0.001118109
9.65552	0.001144112
9.658854	0.001118109
9.662188	0.001092107
9.665521	0.001014099
9.668854	0.0009360914
9.672188	0.0008320813
9.675521	0.0007020686
9.678854	0.0005980584
9.682187	0.0004940482
9.685521	0.0004160406
9.688854	0.0003640355
9.692187	0.000338033
9.69552	0.0003640355
9.698854	0.0004160406
9.702188	0.0004940482
9.705521	0.0005720559
9.708854	0.0007020686
9.712188	0.0008060787
9.715521	0.0009100889
9.718854	0.0009880965
9.722187	0.001066104
9.725521	0.001118109
9.728854	0.001118109
9.732187	0.001118109
9.73552	0.001066104
9.738854	0.001040102
9.742188	0.0009880965
9.745521	0.000962094
9.748855	0.0009360914
9.752188	0.0009360914
9.755521	0.0009360914
9.758854	0.0009360914
9.762188	0.0009360914
9.765521	0.0009360914
9.768854	0.0009100889
9.772187	0.0008320813
9.775521	0.0007540736
9.778854	0.0006240609
9.782187	0.0005200508
9.785521	0.0004420432
9.788855	0.0003900381
9.792188	0.0003640355
9.795521	0.0003640355
9.798854	0.0004160406
9.802188	0.0004940482
9.805521	0.0006240609
9.808854	0.0007280711
9.812187	0.0008320813
9.815521	0.0009100889
9.818854	0.000962094
9.822187	0.0009880965
9.825521	0.0009880965
9.828855	0.000962094
9.832188	0.000962094
9.835521	0.0009360914
9.838854	0.0009100889
9.842188	0.0009100889
9.845521	0.0009100889
9.848854	0.0009360914
9.852187	0.0009880965
9.855521	0.001040102
9.858854	0.001066104
9.862187	0.001092107
9.86552	0.001092107
9.868855	0.001066104
9.872188	0.001014099
9.875521	0.000962094
9.878854	0.0009100889
9.882188	0.0008580838
9.885521	0.0008320813
9.888854	0.0008320813
9.892187	0.0008840863
9.895521	0.0009880965
9.898854	0.001092107
9.902187	0.001222119
9.90552	0.001352132
9.908854	0.001482145
9.912188	0.001586155
9.915521	0.001664163
9.918854	0.001690165
9.922188	0.001664163
9.925521	0.001612157
9.928854	0.001508147
9.932187	0.001378135
9.935521	0.001222119
9.938854	0.001066104
9.942187	0.0009100889
9.94552	0.0007540736
9.948854	0.0006240609
9.952188	0.0005460533
9.955521	0.0004680457
9.958854	0.0004160406
9.962188	0.0004160406
9.965521	0.0004160406
9.968854	0.0004420432
9.972187	0.0004680457
9.975521	0.0004940482
9.978854	0.0004940482
9.982187	0.0004940482
9.98552	0.0004420432
9.988854	0.0003640355
9.992188	0.0002600254
9.995521	0.0001300127
9.998855	0
}
[PEAK]
{
Peak ID	1
Peak Ref	1
Time	3.921851
Peak	3.168854	4.078854
Intensity	-4.559756e-05	2.026558e-06
Height	0.006536276
AreaAbs	1716.785
Area %BP	0.06982835
Area %Total	0.05750427
Width	0.9099998
}
[PEAK]
{
Peak ID	2
Peak Ref	2
Time	4.271203
Peak	4.078854	4.615521
Intensity	-4.559756e-05	2.026558e-06
Height	0.03641976
AreaAbs	7065.094
Area %BP	0.2873649
Area %Total	0.2366476
Width	0.5366669
}
[PEAK]
{
Peak ID	3
Peak Ref	3
Time	4.953088
Peak	4.615521	6.422187
Intensity	-4.559756e-05	2.026558e-06
Height	0.2292117
AreaAbs	40976.32
Area %BP	1.666667
Area %Total	1.372515
Width	1.806666
}
}
}
}
