[SAMPLE]
{
Sample	1
Well	1:B,2
FileName	
SampleID	HLX49-Ab 251001B-05B PT
SampleDescription	Aquired with Galaxy
Date	07-Jan-2026
Time	18:50:20 PRC
JobCode	
TaskCode	
UserName	Congcong_Liu2
LabName	Aquired with Galaxy
Instrument	MS_L_19_062
Conditions	
Submitter	Mengting_Wang
SampleType	
Plate	
Method	
Process	Galaxy
MSTune	
MSMethod	
InletMethod	
PreRunMethod	
PostRunMethod	
SwitchMethod	
FractionMethod	
AcquisitionProcess	
AcquisitionProcessParameters	
AcquisitionProcessOptions	
InjectionVolume	25
ReportScheme	
SampleReportEnable	0
SampleReportFormat	
AnalysisTime	0
[COMPOUND]
{
;Mono Mass	Formula
}
[FUNCTION]
{
Function	1
IonMode	ES+
Type	MS
Description	(0:0)
[SPECTRUM]
{
ProcDesc	0.00:Combine
State	OK
Peak ID	0
Peak Ref	0
Time	0
TIC	0
BPI	0
BPM	0
Continuum	FALSE
Saved	FALSE
[MASSES]
{
;Mass	Exp. Mass	Obs. Mass	% BPI	Int. Abs
}
[RESULTS]
{
;Mass	Found	% BPI	% Purity
}
[MS]
{
;Mass	% BPI
0	0
}
}
[CHROMATOGRAM]
{
TraceNumber	1
Description	scroll down chrom view to see 2D LC chrom
ProcDesc	
MaxIntensity	0
[TRACE]
{
0	0
}
[PEAK]
{
Peak ID	0
Peak Ref	0
Time	0
Peak	0
Intensity	0	0
Height	0
AreaAbs	0
Area %BP	0
Area %Total	0
}
}
}
[FUNCTION]
{
Function	0
Description	ANALOG
[CHROMATOGRAM]
{
TraceNumber	2
Description	LC
ProcDesc	Result Id:1149, VWD: Signal A, 280 nm
MaxIntensity	0.2259029
[TRACE]
{
;Time	Int. %Max
0.001979167	0.1247486
0.0053125	0.1246167
0.008645833	0.1245111
0.01197917	0.1244056
0.0153125	0.1243528
0.01864583	0.1242737
0.02197917	0.1241945
0.0253125	0.124089
0.02864583	0.1239571
0.03197917	0.1237987
0.0353125	0.123614
0.03864583	0.123403
0.04197917	0.1232183
0.0453125	0.1230072
0.04864583	0.1228489
0.05197917	0.122717
0.0553125	0.1226642
0.05864583	0.1226642
0.06197917	0.122717
0.0653125	0.1228225
0.06864583	0.122928
0.07197917	0.12306
0.0753125	0.1232183
0.07864583	0.1233238
0.08197916	0.123403
0.0853125	0.1234821
0.08864583	0.1235085
0.09197917	0.1235085
0.0953125	0.1235085
0.09864584	0.1235085
0.1019792	0.1235349
0.1053125	0.1235349
0.1086458	0.1235877
0.1119792	0.1236404
0.1153125	0.1236668
0.1186458	0.1237196
0.1219792	0.123746
0.1253125	0.123746
0.1286458	0.123746
0.1319792	0.123746
0.1353125	0.1237196
0.1386458	0.1236932
0.1419792	0.1236668
0.1453125	0.123614
0.1486458	0.1235613
0.1519792	0.1235085
0.1553125	0.1234557
0.1586458	0.1233766
0.1619792	0.1232974
0.1653125	0.1232183
0.1686458	0.1231127
0.1719792	0.1230336
0.1753125	0.1229544
0.1786458	0.1229017
0.1819792	0.1228489
0.1853125	0.1227961
0.1886458	0.1227433
0.1919792	0.1226906
0.1953125	0.1226114
0.1986458	0.1225323
0.2019792	0.1224531
0.2053125	0.122374
0.2086458	0.1222684
0.2119792	0.1221893
0.2153125	0.1221365
0.2186458	0.1220573
0.2219792	0.1219782
0.2253125	0.121899
0.2286458	0.1217935
0.2319792	0.1216879
0.2353125	0.121556
0.2386458	0.1214241
0.2419792	0.1212922
0.2453125	0.1211339
0.2486458	0.1210283
0.2519792	0.1209228
0.2553125	0.12087
0.2586458	0.1208436
0.2619792	0.1208436
0.2653125	0.12087
0.2686458	0.1209228
0.2719792	0.1210019
0.2753125	0.1210811
0.2786458	0.1211866
0.2819792	0.1212658
0.2853125	0.1213449
0.2886458	0.1213713
0.2919792	0.1213977
0.2953125	0.1213977
0.2986458	0.1213713
0.3019792	0.1213185
0.3053125	0.1212922
0.3086458	0.1212394
0.3119792	0.1211866
0.3153125	0.1211339
0.3186458	0.1210811
0.3219792	0.1210283
0.3253125	0.1210019
0.3286458	0.1209228
0.3319792	0.12087
0.3353125	0.1207908
0.3386458	0.1206853
0.3419792	0.1205534
0.3453125	0.1204215
0.3486458	0.1203159
0.3519792	0.120184
0.3553125	0.1200785
0.3586458	0.1199993
0.3619792	0.1199465
0.3653125	0.1199201
0.3686458	0.1199201
0.3719792	0.1199465
0.3753125	0.1199993
0.3786458	0.1200257
0.3819792	0.1200521
0.3853125	0.1200521
0.3886458	0.1200257
0.3919792	0.1199729
0.3953125	0.1198674
0.3986458	0.1197354
0.4019792	0.1195244
0.4053125	0.1192869
0.4086458	0.119023
0.4119792	0.1187592
0.4153125	0.118469
0.4186458	0.1182315
0.4219792	0.117994
0.4253125	0.1178093
0.4286458	0.1177038
0.4319792	0.1176246
0.4353125	0.1176246
0.4386458	0.117651
0.4419792	0.1177038
0.4453125	0.1177829
0.4486458	0.1178357
0.4519792	0.1178885
0.4553125	0.1179413
0.4586458	0.1179413
0.4619792	0.1179149
0.4653125	0.1178621
0.4686458	0.1177829
0.4719792	0.1176774
0.4753125	0.1175983
0.4786458	0.1175191
0.4819792	0.1174399
0.4853125	0.1174136
0.4886458	0.1174399
0.4919792	0.1174663
0.4953125	0.1175719
0.4986458	0.1176774
0.5019792	0.1178621
0.5053125	0.1180204
0.5086458	0.1182315
0.5119792	0.1184162
0.5153125	0.1185745
0.5186458	0.1187064
0.5219792	0.118812
0.5253125	0.1188647
0.5286458	0.1188647
0.5319791	0.1188384
0.5353125	0.118812
0.5386458	0.1187328
0.5419792	0.11868
0.5453125	0.1186009
0.5486459	0.1185481
0.5519792	0.1184953
0.5553125	0.1184426
0.5586458	0.1183634
0.5619792	0.1183107
0.5653125	0.1182315
0.5686458	0.1181523
0.5719792	0.1180732
0.5753125	0.1180204
0.5786458	0.1179413
0.5819792	0.1178885
0.5853125	0.1178357
0.5886458	0.1177829
0.5919791	0.1177829
0.5953125	0.1177566
0.5986458	0.1177566
0.6019792	0.1177566
0.6053125	0.1177302
0.6086459	0.1177038
0.6119792	0.117651
0.6153125	0.1175983
0.6186458	0.1175191
0.6219792	0.1174136
0.6253125	0.117308
0.6286458	0.1172025
0.6319792	0.1170969
0.6353125	0.1170442
0.6386458	0.1169914
0.6419792	0.116965
0.6453125	0.116965
0.6486458	0.116965
0.6519791	0.1169386
0.6553125	0.1169122
0.6586458	0.1168331
0.6619791	0.1166748
0.6653125	0.1164637
0.6686459	0.1161998
0.6719792	0.1158832
0.6753125	0.1155666
0.6786458	0.1151972
0.6819792	0.1148806
0.6853125	0.114564
0.6886458	0.1143001
0.6919792	0.1141154
0.6953125	0.1139835
0.6986458	0.1139043
0.7019792	0.1139043
0.7053125	0.1139307
0.7086458	0.1140363
0.7119792	0.1141418
0.7153125	0.1142737
0.7186458	0.114432
0.7219791	0.114564
0.7253125	0.1146959
0.7286459	0.1148014
0.7319792	0.1148542
0.7353125	0.1148806
0.7386459	0.1148542
0.7419792	0.1148014
0.7453125	0.1147487
0.7486458	0.1146959
0.7519792	0.1146167
0.7553125	0.114564
0.7586458	0.1145376
0.7619792	0.114564
0.7653125	0.1145904
0.7686458	0.1146167
0.7719792	0.1146431
0.7753125	0.1146695
0.7786458	0.1146695
0.7819791	0.1146431
0.7853125	0.1145904
0.7886458	0.1145376
0.7919792	0.114432
0.7953125	0.1143529
0.7986459	0.1142473
0.8019792	0.1141682
0.8053125	0.1141154
0.8086458	0.1140627
0.8119792	0.1139835
0.8153125	0.1139307
0.8186458	0.1138516
0.8219792	0.113746
0.8253125	0.1136405
0.8286458	0.113535
0.8319792	0.1134294
0.8353125	0.1133503
0.8386458	0.1132975
0.8419791	0.1132975
0.8453125	0.1132975
0.8486458	0.1133503
0.8519792	0.1134294
0.8553125	0.1135086
0.8586459	0.1136141
0.8619792	0.1136933
0.8653125	0.1137724
0.8686458	0.1138516
0.8719792	0.113878
0.8753125	0.113878
0.8786458	0.1138516
0.8819792	0.1137724
0.8853125	0.1136669
0.8886458	0.113535
0.8919792	0.1133503
0.8953125	0.1131392
0.8986458	0.1129017
0.9019791	0.1126906
0.9053125	0.1124532
0.9086458	0.1122421
0.9119791	0.1120838
0.9153125	0.1119255
0.9186459	0.1117935
0.9219792	0.111688
0.9253125	0.1116088
0.9286458	0.1115297
0.9319792	0.1115033
0.9353125	0.1114769
0.9386458	0.1114769
0.9419792	0.1114769
0.9453125	0.1115297
0.9486458	0.1116088
0.9519792	0.111688
0.9553125	0.1117935
0.9586458	0.1118463
0.9619792	0.1118991
0.9653125	0.1119255
0.9686458	0.1118991
0.9719791	0.1118199
0.9753125	0.1117144
0.9786459	0.1115825
0.9819792	0.1114241
0.9853125	0.1112922
0.9886459	0.1111603
0.9919792	0.1110811
0.9953125	0.111002
0.9986458	0.1109492
1.001979	0.1109228
1.005312	0.1108964
1.008646	0.1108964
1.011979	0.1108964
1.015313	0.1108701
1.018646	0.1108437
1.021979	0.1108437
1.025313	0.1108173
1.028646	0.1108437
1.031979	0.1108701
1.035313	0.1109228
1.038646	0.111002
1.041979	0.1110811
1.045313	0.1111603
1.048646	0.1111867
1.051979	0.1111867
1.055313	0.1111339
1.058646	0.111002
1.061979	0.1108437
1.065313	0.110659
1.068646	0.1104215
1.071979	0.1102368
1.075312	0.1100521
1.078646	0.1099466
1.081979	0.1098938
1.085312	0.1098674
1.088646	0.1099202
1.091979	0.109973
1.095312	0.1100785
1.098646	0.1101577
1.101979	0.1102368
1.105312	0.1102896
1.108646	0.1102896
1.111979	0.1102632
1.115312	0.1102104
1.118646	0.1101313
1.121979	0.1100785
1.125312	0.1099994
1.128646	0.1099202
1.131979	0.1098938
1.135313	0.1098674
1.138646	0.1098674
1.141979	0.1098938
1.145313	0.1099202
1.148646	0.1099202
1.151979	0.1098938
1.155313	0.109841
1.158646	0.1097091
1.161979	0.1095508
1.165313	0.1093397
1.168646	0.1091023
1.171979	0.1088648
1.175313	0.1086009
1.178646	0.1083899
1.181979	0.1081788
1.185313	0.1079941
1.188646	0.1078358
1.191979	0.1077039
1.195313	0.1075983
1.198646	0.1074664
1.201979	0.1073608
1.205312	0.1072289
1.208646	0.107097
1.211979	0.1069915
1.215312	0.1068859
1.218646	0.1068331
1.221979	0.1067804
1.225312	0.1067804
1.228646	0.1067804
1.231979	0.1068595
1.235312	0.1069387
1.238646	0.1070442
1.241979	0.1071762
1.245312	0.1072817
1.248646	0.1074136
1.251979	0.1074928
1.255312	0.1075719
1.258646	0.1076247
1.261979	0.1076247
1.265313	0.1076511
1.268646	0.1076247
1.271979	0.1075719
1.275313	0.1075192
1.278646	0.1074136
1.281979	0.1072817
1.285313	0.1071498
1.288646	0.1070178
1.291979	0.1068331
1.295313	0.1066748
1.298646	0.1065429
1.301979	0.1064374
1.305313	0.1063582
1.308646	0.1063318
1.311979	0.1063318
1.315313	0.1063846
1.318646	0.106411
1.321979	0.1064374
1.325312	0.1064638
1.328646	0.1064374
1.331979	0.1063582
1.335312	0.1062791
1.338646	0.1061471
1.341979	0.1060416
1.345312	0.1059361
1.348646	0.1058569
1.351979	0.1058041
1.355312	0.1058305
1.358646	0.1058833
1.361979	0.1059624
1.365312	0.1060944
1.368646	0.1062263
1.371979	0.1063318
1.375312	0.1064374
1.378646	0.1065165
1.381979	0.1065693
1.385313	0.1065957
1.388646	0.1065957
1.391979	0.1065957
1.395313	0.1065957
1.398646	0.1065957
1.401979	0.1065957
1.405313	0.1066221
1.408646	0.1066221
1.411979	0.1065957
1.415313	0.1065693
1.418646	0.1064901
1.421979	0.106411
1.425313	0.1062791
1.428646	0.1061471
1.431979	0.1059888
1.435313	0.1058305
1.438646	0.1056722
1.441979	0.1055403
1.445313	0.1054084
1.448646	0.10525
1.451979	0.1051181
1.455312	0.1049862
1.458646	0.1048543
1.461979	0.1047223
1.465312	0.1046168
1.468646	0.1045376
1.471979	0.1044849
1.475312	0.1044585
1.478646	0.1044321
1.481979	0.1044321
1.485312	0.1044321
1.488646	0.1044321
1.491979	0.1044057
1.495312	0.1043266
1.498646	0.1042474
1.501979	0.1041155
1.505312	0.1039836
1.508646	0.1038516
1.511979	0.1037197
1.515313	0.1036142
1.518646	0.103535
1.521979	0.1035086
1.525313	0.1035086
1.528646	0.103535
1.531979	0.1036142
1.535313	0.1037197
1.538646	0.1038516
1.541979	0.1039572
1.545313	0.1040627
1.548646	0.1041683
1.551979	0.104221
1.555313	0.1043002
1.558646	0.1043002
1.561979	0.1043002
1.565313	0.1042474
1.568646	0.1041419
1.571979	0.1040099
1.575312	0.1038516
1.578646	0.1036669
1.581979	0.1034822
1.585312	0.1032712
1.588646	0.1030865
1.591979	0.1029545
1.595312	0.1029018
1.598646	0.1029282
1.601979	0.1030865
1.605312	0.1034031
1.608646	0.103878
1.611979	0.1044849
1.615312	0.1051973
1.618646	0.1059624
1.621979	0.1067276
1.625312	0.1074136
1.628646	0.1079149
1.631979	0.1081788
1.635313	0.1081524
1.638646	0.1078622
1.641979	0.1073345
1.645313	0.1066485
1.648646	0.1058569
1.651979	0.1050126
1.655313	0.104221
1.658646	0.1035086
1.661979	0.1029018
1.665313	0.1024532
1.668646	0.1021366
1.671979	0.1019519
1.675313	0.10182
1.678646	0.1017144
1.681979	0.1016353
1.685313	0.1015561
1.688646	0.1014506
1.691979	0.1013714
1.695313	0.1012395
1.698646	0.1011076
1.701979	0.1009757
1.705312	0.1008174
1.708646	0.1007118
1.711979	0.1005799
1.715312	0.1005007
1.718646	0.1003952
1.721979	0.100316
1.725312	0.1002369
1.728646	0.1001841
1.731979	0.1001049
1.735312	0.1000258
1.738646	0.09994664
1.741979	0.09986748
1.745312	0.09978833
1.748646	0.09970917
1.751979	0.0996564
1.755312	0.09960363
1.758646	0.09957725
1.761979	0.09952448
1.765313	0.09952448
1.768646	0.09949809
1.771979	0.09947171
1.775313	0.09944532
1.778646	0.09944532
1.781979	0.09941894
1.785313	0.09939255
1.788646	0.09933978
1.791979	0.0993134
1.795313	0.09926063
1.798646	0.09923424
1.801979	0.09918147
1.805313	0.09915509
1.808646	0.09910232
1.811979	0.09904955
1.815313	0.09899678
1.818646	0.09894401
1.821979	0.09886485
1.825312	0.09875931
1.828646	0.09868016
1.831979	0.09857462
1.835312	0.09846908
1.838646	0.09836354
1.841979	0.09828438
1.845312	0.09823161
1.848646	0.09820522
1.851979	0.09817884
1.855312	0.09815245
1.858646	0.09815245
1.861979	0.09815245
1.865312	0.09812607
1.868646	0.0980733
1.871979	0.09799414
1.875312	0.09791499
1.878646	0.09783583
1.881979	0.09775668
1.885313	0.09767752
1.888646	0.09762475
1.891979	0.09762475
1.895313	0.09762475
1.898646	0.09767752
1.901979	0.09775668
1.905313	0.09783583
1.908646	0.0978886
1.911979	0.09794137
1.915313	0.09794137
1.918646	0.0978886
1.921979	0.09780945
1.925313	0.09767752
1.928646	0.09751921
1.931979	0.0973609
1.935313	0.09717621
1.938646	0.0970179
1.941979	0.09691236
1.945313	0.0968332
1.948646	0.09678043
1.951979	0.09680682
1.955312	0.09685959
1.958646	0.09693874
1.961979	0.09707067
1.965312	0.09722898
1.968646	0.09738729
1.971979	0.0975456
1.975312	0.09767752
1.978646	0.09778306
1.981979	0.09783583
1.985312	0.09783583
1.988646	0.09780945
1.991979	0.09770391
1.995312	0.09759837
1.998646	0.09744006
2.001979	0.09728175
2.005312	0.09714982
2.008646	0.0970179
2.011979	0.09691236
2.015312	0.09685959
2.018646	0.09680682
2.021979	0.09678043
2.025312	0.09678043
2.028646	0.09675405
2.031979	0.09670128
2.035312	0.09664851
2.038646	0.09656935
2.041979	0.0964902
2.045312	0.09641104
2.048646	0.09633189
2.051979	0.09627911
2.055312	0.09625273
2.058646	0.09625273
2.061979	0.09627911
2.065312	0.09633189
2.068646	0.09641104
2.071979	0.09646381
2.075313	0.0964902
2.078646	0.0964902
2.081979	0.09646381
2.085313	0.09638466
2.088646	0.0963055
2.091979	0.09619996
2.095313	0.09609442
2.098646	0.09598888
2.101979	0.09588334
2.105313	0.09583057
2.108646	0.0957778
2.111979	0.09575141
2.115313	0.09575141
2.118646	0.09575141
2.121979	0.09575141
2.125313	0.09575141
2.128646	0.09575141
2.131979	0.0957778
2.135313	0.0957778
2.138646	0.09580418
2.141979	0.09580418
2.145313	0.09585695
2.148646	0.09588334
2.151979	0.09596249
2.155313	0.09604165
2.158646	0.0961208
2.161979	0.09619996
2.165313	0.09627911
2.168646	0.09633189
2.171979	0.09635827
2.175313	0.09633189
2.178646	0.0963055
2.181979	0.09625273
2.185313	0.09617357
2.188646	0.09609442
2.191979	0.09601526
2.195313	0.09596249
2.198646	0.09593611
2.201979	0.09593611
2.205312	0.09593611
2.208646	0.09596249
2.211979	0.09598888
2.215312	0.09601526
2.218646	0.09604165
2.221979	0.09604165
2.225312	0.09604165
2.228646	0.09601526
2.231979	0.09598888
2.235312	0.09593611
2.238646	0.09585695
2.241979	0.09575141
2.245312	0.09564587
2.248646	0.09548756
2.251979	0.09530287
2.255312	0.09511817
2.258646	0.09490709
2.261979	0.09469601
2.265312	0.09448493
2.268646	0.09430023
2.271979	0.09411554
2.275312	0.09398361
2.278646	0.09387807
2.281979	0.09377253
2.285312	0.09369338
2.288646	0.09366699
2.291979	0.09361422
2.295312	0.09358784
2.298646	0.09353507
2.301979	0.09345591
2.305312	0.09337676
2.308646	0.09324483
2.311979	0.09306014
2.315312	0.09287544
2.318646	0.09261159
2.321979	0.09234774
2.325313	0.09208389
2.328646	0.09179365
2.331979	0.0915298
2.335313	0.09131872
2.338646	0.09110764
2.341979	0.09094933
2.345313	0.09084379
2.348646	0.09076464
2.351979	0.09073825
2.355313	0.09071187
2.358646	0.09073825
2.361979	0.09076464
2.365313	0.09079102
2.368646	0.09084379
2.371979	0.09087018
2.375313	0.09089656
2.378646	0.09089656
2.381979	0.09089656
2.385313	0.09084379
2.388646	0.09079102
2.391979	0.09071187
2.395313	0.09063271
2.398646	0.09055355
2.401979	0.09050078
2.405313	0.09042163
2.408646	0.09036886
2.411979	0.09034247
2.415313	0.09034247
2.418646	0.09031609
2.421979	0.0902897
2.425313	0.09026332
2.428646	0.09018416
2.431979	0.09013139
2.435313	0.09005224
2.438646	0.08999947
2.441979	0.08992031
2.445313	0.08984116
2.448646	0.08978839
2.451979	0.089762
2.455312	0.08973562
2.458646	0.08973562
2.461979	0.08973562
2.465312	0.089762
2.468646	0.089762
2.471979	0.089762
2.475312	0.08973562
2.478646	0.08968285
2.481979	0.08957731
2.485312	0.08947177
2.488646	0.08933984
2.491979	0.08920792
2.495312	0.08907599
2.498646	0.08894407
2.501979	0.08881214
2.505312	0.0887066
2.508646	0.08862744
2.511979	0.0885219
2.515312	0.08838998
2.518646	0.08825805
2.521979	0.08809974
2.525312	0.08791505
2.528646	0.08773035
2.531979	0.08751927
2.535312	0.08733458
2.538646	0.08714988
2.541979	0.08701796
2.545312	0.08691242
2.548646	0.08685965
2.551979	0.08685965
2.555312	0.08691242
2.558646	0.08701796
2.561979	0.0871235
2.565312	0.08725542
2.568646	0.08738735
2.571979	0.08749289
2.575313	0.08754566
2.578646	0.08757204
2.581979	0.08754566
2.585313	0.0874665
2.588646	0.08733458
2.591979	0.08720265
2.595313	0.08707073
2.598646	0.0869388
2.601979	0.08685965
2.605313	0.08680688
2.608646	0.08678049
2.611979	0.08678049
2.615313	0.08680688
2.618646	0.08683326
2.621979	0.08683326
2.625313	0.08685965
2.628646	0.08683326
2.631979	0.08680688
2.635313	0.0867541
2.638646	0.08667495
2.641979	0.08656941
2.645313	0.0864111
2.648646	0.08625279
2.651979	0.08604171
2.655313	0.08580424
2.658646	0.08554039
2.661979	0.08525016
2.665313	0.08498631
2.668646	0.08472245
2.671979	0.08448499
2.675313	0.08430029
2.678646	0.08416837
2.681979	0.08408921
2.685313	0.08403644
2.688646	0.08401006
2.691979	0.08403644
2.695313	0.08408921
2.698646	0.08416837
2.701979	0.08424752
2.705312	0.08432668
2.708646	0.0844586
2.711979	0.08456414
2.715312	0.08466968
2.718646	0.08477522
2.721979	0.08485438
2.725312	0.08490715
2.728646	0.08493354
2.731979	0.08493354
2.735312	0.08490715
2.738646	0.08485438
2.741979	0.08480161
2.745312	0.08474884
2.748646	0.08472245
2.751979	0.08469607
2.755312	0.08466968
2.758646	0.08466968
2.761979	0.0846433
2.765312	0.08461691
2.768646	0.08461691
2.771979	0.08459053
2.775312	0.08459053
2.778646	0.08461691
2.781979	0.08466968
2.785312	0.08477522
2.788646	0.08493354
2.791979	0.08509185
2.795312	0.08527654
2.798646	0.08543485
2.801979	0.08556678
2.805312	0.08567232
2.808646	0.0856987
2.811979	0.0856987
2.815312	0.08567232
2.818646	0.08559316
2.821979	0.08548762
2.825313	0.08540847
2.828646	0.08532931
2.831979	0.08530293
2.835313	0.08530293
2.838646	0.08532931
2.841979	0.08538208
2.845313	0.08546124
2.848646	0.08554039
2.851979	0.08564593
2.855313	0.08572509
2.858646	0.08575147
2.861979	0.08572509
2.865313	0.08567232
2.868646	0.08554039
2.871979	0.08538208
2.875313	0.08522377
2.878646	0.08503908
2.881979	0.08488076
2.885313	0.08474884
2.888646	0.08466968
2.891979	0.0846433
2.895313	0.0846433
2.898646	0.08466968
2.901979	0.08469607
2.905313	0.08469607
2.908646	0.08469607
2.911979	0.0846433
2.915313	0.08456414
2.918646	0.0844586
2.921979	0.08435306
2.925313	0.08427391
2.928646	0.08422114
2.931979	0.08416837
2.935313	0.08414198
2.938646	0.08414198
2.941979	0.08414198
2.945313	0.0841156
2.948646	0.0841156
2.951979	0.08406283
2.955312	0.08401006
2.958646	0.0839309
2.961979	0.08382536
2.965312	0.08374621
2.968646	0.08369344
2.971979	0.08361428
2.975312	0.0835879
2.978646	0.0835879
2.981979	0.0835879
2.985312	0.08361428
2.988646	0.08361428
2.991979	0.08364067
2.995312	0.08364067
2.998646	0.08364067
3.001979	0.08364067
3.005312	0.08361428
3.008646	0.08353513
3.011979	0.08348236
3.015312	0.08337682
3.018646	0.08327128
3.021979	0.08316574
3.025312	0.0830602
3.028646	0.08292827
3.031979	0.08279634
3.035312	0.08266442
3.038646	0.08250611
3.041979	0.08237418
3.045312	0.08221587
3.048646	0.08208395
3.051979	0.08197841
3.055312	0.08187287
3.058646	0.08179371
3.061979	0.08176733
3.065312	0.08176733
3.068646	0.08179371
3.071979	0.08184648
3.075313	0.08189925
3.078646	0.08195202
3.081979	0.08200479
3.085313	0.08203118
3.088646	0.08205756
3.091979	0.08208395
3.095313	0.08208395
3.098646	0.08208395
3.101979	0.08205756
3.105313	0.08200479
3.108646	0.08192564
3.111979	0.08184648
3.115313	0.08174094
3.118646	0.08158263
3.121979	0.08142432
3.125313	0.08123963
3.128646	0.08102854
3.131979	0.08084385
3.135313	0.08065915
3.138646	0.08052723
3.141979	0.0803953
3.145313	0.08031615
3.148646	0.08028976
3.151979	0.08028976
3.155313	0.08031615
3.158646	0.08034253
3.161979	0.08034253
3.165313	0.08034253
3.168646	0.08031615
3.171979	0.08023699
3.175313	0.08018422
3.178646	0.08007869
3.181979	0.08002592
3.185313	0.07997315
3.188646	0.07997315
3.191979	0.07999953
3.195313	0.08007869
3.198646	0.08018422
3.201979	0.08028976
3.205312	0.08042169
3.208646	0.08052723
3.211979	0.08060638
3.215312	0.08063277
3.218646	0.08063277
3.221979	0.08058
3.225312	0.08052723
3.228646	0.08044807
3.231979	0.08034253
3.235312	0.08026338
3.238646	0.08021061
3.241979	0.08015784
3.245312	0.08010507
3.248646	0.08010507
3.251979	0.08010507
3.255312	0.08007869
3.258646	0.08007869
3.261979	0.07999953
3.265312	0.07992038
3.268646	0.07976206
3.271979	0.07957737
3.275312	0.0793399
3.278646	0.07910244
3.281979	0.07883859
3.285312	0.07860112
3.288646	0.07839004
3.291979	0.07820535
3.295312	0.07807342
3.298646	0.07796788
3.301979	0.07794149
3.305312	0.07794149
3.308646	0.07796788
3.311979	0.07802065
3.315312	0.07809981
3.318646	0.07820535
3.321979	0.07831089
3.325313	0.07841643
3.328646	0.07852197
3.331979	0.07860112
3.335313	0.07865389
3.338646	0.07868028
3.341979	0.07868028
3.345313	0.07865389
3.348646	0.07860112
3.351979	0.07854835
3.355313	0.0784692
3.358646	0.07839004
3.361979	0.07831089
3.365313	0.07823173
3.368646	0.07815258
3.371979	0.07807342
3.375313	0.07799427
3.378646	0.07791511
3.381979	0.07780957
3.385313	0.07773041
3.388646	0.07765126
3.391979	0.07754572
3.395313	0.07741379
3.398646	0.07730825
3.401979	0.07717633
3.405313	0.07707079
3.408646	0.07696525
3.411979	0.07691248
3.415313	0.07691248
3.418646	0.07699163
3.421979	0.07712356
3.425313	0.07730825
3.428646	0.07754572
3.431979	0.07778318
3.435313	0.07804704
3.438646	0.07825812
3.441979	0.07841643
3.445313	0.07854835
3.448646	0.07860112
3.451979	0.07862751
3.455312	0.07857474
3.458646	0.07849558
3.461979	0.07836366
3.465312	0.07820535
3.468646	0.07799427
3.471979	0.0777568
3.475312	0.07749295
3.478646	0.07720271
3.481979	0.07691248
3.485312	0.07659586
3.488646	0.07633201
3.491979	0.07606816
3.495312	0.07583069
3.498646	0.07567238
3.501979	0.07554045
3.505312	0.0754613
3.508646	0.07543491
3.511979	0.07543491
3.515312	0.07543491
3.518646	0.0754613
3.521979	0.07548768
3.525312	0.07551407
3.528646	0.07551407
3.531979	0.07551407
3.535312	0.0754613
3.538646	0.07540853
3.541979	0.07532937
3.545312	0.07522383
3.548646	0.07514468
3.551979	0.07506552
3.555312	0.07501275
3.558646	0.0749336
3.561979	0.07490721
3.565312	0.07488083
3.568646	0.07490721
3.571979	0.07490721
3.575313	0.07495998
3.578646	0.07498637
3.581979	0.07501275
3.585313	0.07506552
3.588646	0.07511829
3.591979	0.07517106
3.595313	0.07522383
3.598646	0.07525022
3.601979	0.0752766
3.605313	0.0752766
3.608646	0.07525022
3.611979	0.07519745
3.615313	0.07514468
3.618646	0.07503914
3.621979	0.07495998
3.625313	0.07488083
3.628646	0.07480167
3.631979	0.0747489
3.635313	0.07472252
3.638646	0.07469613
3.641979	0.07464336
3.645313	0.07459059
3.648646	0.07448505
3.651979	0.07435313
3.655313	0.07419482
3.658646	0.07398373
3.661979	0.07377265
3.665313	0.07358796
3.668646	0.07340326
3.671979	0.07324495
3.675313	0.07311303
3.678646	0.07300749
3.681979	0.07290195
3.685313	0.07279641
3.688646	0.07271725
3.691979	0.07258533
3.695313	0.07247979
3.698646	0.07237425
3.701979	0.07226871
3.705312	0.07221593
3.708646	0.07218955
3.711979	0.07221593
3.715312	0.07224232
3.718646	0.07232148
3.721979	0.07240063
3.725312	0.07247979
3.728646	0.07253256
3.731979	0.07258533
3.735312	0.07258533
3.738646	0.07258533
3.741979	0.07255894
3.745312	0.07253256
3.748646	0.07247979
3.751979	0.07242702
3.755312	0.07240063
3.758646	0.07234786
3.761979	0.07232148
3.765312	0.07226871
3.768646	0.07221593
3.771979	0.07213678
3.775312	0.07205762
3.778646	0.07197847
3.781979	0.0719257
3.785312	0.07189931
3.788646	0.07189931
3.791979	0.0719257
3.795312	0.07200485
3.798646	0.07208401
3.801979	0.07216316
3.805312	0.07226871
3.808646	0.07234786
3.811979	0.07237425
3.815312	0.07240063
3.818646	0.07237425
3.821979	0.07234786
3.825313	0.07232148
3.828646	0.07226871
3.831979	0.07224232
3.835313	0.07224232
3.838646	0.07226871
3.841979	0.07229509
3.845313	0.07237425
3.848646	0.07242702
3.851979	0.07250617
3.855313	0.07258533
3.858646	0.0726381
3.861979	0.07271725
3.865313	0.07277002
3.868646	0.07279641
3.871979	0.07279641
3.875313	0.07279641
3.878646	0.07277002
3.881979	0.07277002
3.885313	0.07274364
3.888646	0.07277002
3.891979	0.07279641
3.895313	0.07287556
3.898646	0.07300749
3.901979	0.07319218
3.905313	0.07342965
3.908646	0.07366711
3.911979	0.07393096
3.915313	0.07416843
3.918646	0.07435313
3.921979	0.07451144
3.925313	0.07461698
3.928646	0.07466975
3.931979	0.07466975
3.935313	0.07464336
3.938646	0.07459059
3.941979	0.07453782
3.945313	0.07445867
3.948646	0.0744059
3.951979	0.07437951
3.955312	0.07437951
3.958646	0.0744059
3.961979	0.07443228
3.965312	0.07448505
3.968646	0.07456421
3.971979	0.07464336
3.975312	0.07469613
3.978646	0.07477529
3.981979	0.07480167
3.985312	0.07480167
3.988646	0.07477529
3.991979	0.07472252
3.995312	0.07469613
3.998646	0.07466975
4.001979	0.07466975
4.005312	0.07469613
4.008646	0.07477529
4.011979	0.07490721
4.015313	0.07509191
4.018646	0.0752766
4.021979	0.07551407
4.025312	0.07572515
4.028646	0.07593623
4.031979	0.07614731
4.035313	0.07633201
4.038646	0.07649032
4.041979	0.07664863
4.045312	0.07683332
4.048646	0.07701802
4.051979	0.0772291
4.055313	0.07744018
4.058646	0.07770403
4.061979	0.07796788
4.065312	0.07825812
4.068646	0.07857474
4.071979	0.07891774
4.075313	0.07926075
4.078646	0.07965652
4.081979	0.08007869
4.085312	0.08052723
4.088646	0.08100216
4.091979	0.08155625
4.095313	0.08211033
4.098646	0.08274357
4.101979	0.08337682
4.105312	0.08403644
4.108646	0.08474884
4.111979	0.08546124
4.115313	0.08620002
4.118646	0.0869388
4.121979	0.08770397
4.125312	0.08849552
4.128646	0.08926069
4.131979	0.09005224
4.135313	0.09087018
4.138646	0.09168811
4.141979	0.09250605
4.145312	0.09337676
4.148646	0.09424746
4.151979	0.09514456
4.155313	0.0961208
4.158646	0.09720259
4.161979	0.09838992
4.165312	0.09970917
4.168646	0.1012131
4.171979	0.1029018
4.175313	0.1047487
4.178646	0.1068068
4.181979	0.1090231
4.185312	0.1114241
4.188646	0.1139571
4.191979	0.1166748
4.195313	0.119498
4.198646	0.1225059
4.201979	0.1256457
4.205313	0.1289966
4.208646	0.1325322
4.211979	0.1362789
4.215312	0.1402894
4.218646	0.1445638
4.221979	0.1491548
4.225313	0.1540097
4.228646	0.1592075
4.231979	0.1646956
4.235312	0.1704739
4.238646	0.1765425
4.241979	0.1829013
4.245313	0.1895503
4.248646	0.1964896
4.251979	0.2036927
4.255312	0.2112389
4.258646	0.2190752
4.261979	0.2272282
4.265313	0.2357242
4.268646	0.2445368
4.271979	0.2536661
4.275312	0.2631119
4.278646	0.272848
4.281979	0.2828216
4.285313	0.2930326
4.288646	0.3034019
4.291979	0.3139032
4.295312	0.3245364
4.298646	0.3352487
4.301979	0.3460138
4.305313	0.3567789
4.308646	0.367544
4.311979	0.3782827
4.315312	0.3889159
4.318646	0.3994172
4.321979	0.4097602
4.325313	0.419892
4.328646	0.42976
4.331979	0.439285
4.335312	0.448467
4.338646	0.4572269
4.341979	0.4655118
4.345313	0.4732954
4.348646	0.4805513
4.351979	0.4872267
4.355312	0.4932953
4.358646	0.4987306
4.361979	0.5034799
4.365313	0.5075432
4.368646	0.5108941
4.371979	0.5135326
4.375312	0.5154324
4.378646	0.5165933
4.381979	0.5169627
4.385313	0.5165405
4.388646	0.5153268
4.391979	0.5133216
4.395312	0.5104983
4.398646	0.5068836
4.401979	0.5024773
4.405313	0.4973586
4.408646	0.4915539
4.411979	0.4851423
4.415312	0.4781766
4.418646	0.470736
4.421979	0.4628733
4.425313	0.4546675
4.428646	0.4461715
4.431979	0.4374117
4.435312	0.4284672
4.438646	0.4193379
4.441979	0.4101032
4.445313	0.4007892
4.448646	0.3915017
4.451979	0.3822933
4.455313	0.3733487
4.458646	0.3648527
4.461979	0.3569108
4.465312	0.3496813
4.468646	0.3431115
4.471979	0.3371484
4.475313	0.3316603
4.478646	0.3264097
4.481979	0.3212118
4.485312	0.3157238
4.488646	0.3096816
4.491979	0.3029006
4.495313	0.2953281
4.498646	0.2870696
4.501979	0.2784153
4.505312	0.2696026
4.508646	0.2609747
4.511979	0.2527162
4.515313	0.2450381
4.518646	0.2381253
4.521979	0.2320567
4.525312	0.2268061
4.528646	0.2222942
4.531979	0.2183365
4.535313	0.2148009
4.538646	0.2116346
4.541979	0.2087323
4.545312	0.206041
4.548646	0.2035608
4.551979	0.2012653
4.555313	0.1991545
4.558646	0.1971756
4.561979	0.1953287
4.565312	0.1936136
4.568646	0.1920041
4.571979	0.1905266
4.575313	0.1891018
4.578646	0.1877825
4.581979	0.1865161
4.585312	0.1853023
4.588646	0.1841942
4.591979	0.1831652
4.595313	0.1822153
4.598646	0.181371
4.601979	0.1806058
4.605312	0.1799462
4.608646	0.1793393
4.611979	0.1787852
4.615313	0.1782839
4.618646	0.1777562
4.621979	0.1772285
4.625312	0.1766744
4.628646	0.176094
4.631979	0.1755135
4.635313	0.1748802
4.638646	0.174247
4.641979	0.1735874
4.645312	0.1729277
4.648646	0.1722154
4.651979	0.1714766
4.655313	0.1707114
4.658646	0.1698935
4.661979	0.1690491
4.665312	0.1681784
4.668646	0.1672813
4.671979	0.1664106
4.675313	0.1655663
4.678646	0.1647484
4.681979	0.1639832
4.685312	0.1632444
4.688646	0.162532
4.691979	0.1618724
4.695313	0.1612392
4.698646	0.1606323
4.701979	0.1600518
4.705313	0.1594977
4.708646	0.1590228
4.711979	0.1586534
4.715312	0.1583896
4.718646	0.1582576
4.721979	0.158284
4.725313	0.1584687
4.728646	0.1588381
4.731979	0.1593922
4.735312	0.160131
4.738646	0.1610545
4.741979	0.162189
4.745313	0.1635347
4.748646	0.165065
4.751979	0.1668592
4.755312	0.1689172
4.758646	0.1712919
4.761979	0.1740095
4.765313	0.177123
4.768646	0.1807113
4.771979	0.1847746
4.775312	0.189392
4.778646	0.1945899
4.781979	0.2003946
4.785313	0.2068062
4.788646	0.2138246
4.791979	0.2215027
4.795312	0.229814
4.798646	0.2387849
4.801979	0.2484946
4.805313	0.2589167
4.808646	0.2701304
4.811979	0.2821619
4.815312	0.2950642
4.818646	0.30889
4.821979	0.3236129
4.825313	0.3392856
4.828646	0.3559082
4.831979	0.3734807
4.835312	0.392003
4.838646	0.4115543
4.841979	0.4321875
4.845313	0.4539551
4.848646	0.4769365
4.851979	0.5012636
4.855312	0.5270682
4.858646	0.5545086
4.861979	0.5837433
4.865313	0.6149832
4.868646	0.6484395
4.871979	0.6844024
4.875312	0.7232148
4.878646	0.7652462
4.881979	0.8109979
4.885313	0.8610504
4.888646	0.9161424
4.891979	0.9770656
4.895312	1.044822
4.898646	1.120495
4.901979	1.205455
4.905313	1.30118
4.908646	1.409411
4.911979	1.532128
4.915312	1.671573
4.918646	1.83028
4.921979	2.011123
4.925313	2.217243
4.928646	2.452255
4.931979	2.719984
4.935312	3.024705
4.938646	3.371089
4.941979	3.76412
4.945313	4.209237
4.948646	4.712189
4.951979	5.279099
4.955313	5.916404
4.958646	6.630859
4.961979	7.429455
4.965312	8.319318
4.968646	9.307651
4.971979	10.4016
4.975313	11.60814
4.978646	12.93386
4.981979	14.38501
4.985312	15.96714
4.988646	17.68512
4.991979	19.54289
4.995313	21.54336
4.998646	23.68833
5.001979	25.97837
5.005312	28.41247
5.008646	30.98808
5.011979	33.70073
5.015313	36.54409
5.018646	39.50974
5.021979	42.58725
5.025312	45.76398
5.028646	49.02528
5.031979	52.35452
5.035313	55.73331
5.038646	59.14179
5.041979	62.55874
5.045312	65.9618
5.048646	69.32769
5.051979	72.63243
5.055313	75.85159
5.058646	78.9606
5.061979	81.93507
5.065312	84.75104
5.068646	87.3854
5.071979	89.81637
5.075313	92.02366
5.078646	93.98916
5.081979	95.69696
5.085312	97.13371
5.088646	98.2888
5.091979	99.15438
5.095313	99.72549
5.098646	100
5.101979	99.97863
5.105312	99.66488
5.108646	99.06486
5.111979	98.18719
5.115313	97.04284
5.118646	95.64493
5.121979	94.00845
5.125312	92.15015
5.128646	90.08826
5.131979	87.84218
5.135313	85.43214
5.138646	82.87907
5.141979	80.20421
5.145312	77.42881
5.148646	74.57398
5.151979	71.66022
5.155313	68.70725
5.158646	65.73378
5.161979	62.75731
5.165312	59.79416
5.168646	56.85927
5.171979	53.96631
5.175313	51.12751
5.178646	48.35386
5.181979	45.65493
5.185312	43.03909
5.188646	40.51333
5.191979	38.08339
5.195313	35.75359
5.198646	33.52698
5.201979	31.40538
5.205313	29.38951
5.208646	27.47921
5.211979	25.67344
5.215312	23.97047
5.218646	22.36808
5.221979	20.86355
5.225313	19.45392
5.228646	18.13583
5.231979	16.90576
5.235312	15.7598
5.238646	14.69395
5.241979	13.70396
5.245313	12.78555
5.248646	11.93434
5.251979	11.14611
5.255312	10.41664
5.258646	9.742002
5.261979	9.118311
5.265313	8.541982
5.268646	8.009584
5.271979	7.517898
5.275312	7.063784
5.278646	6.644315
5.281979	6.256692
5.285313	5.898251
5.288646	5.566511
5.291979	5.259152
5.295312	4.974061
5.298646	4.70926
5.301979	4.463034
5.305313	4.233748
5.308646	4.020003
5.311979	3.820453
5.315312	3.633831
5.318646	3.459083
5.321979	3.2951
5.325313	3.140984
5.328646	2.995867
5.331979	2.858928
5.335312	2.729483
5.338646	2.606924
5.341979	2.490724
5.345313	2.380435
5.348646	2.275607
5.351979	2.175898
5.355312	2.080964
5.358646	1.99049
5.361979	1.90421
5.365313	1.821889
5.368646	1.743314
5.371979	1.668302
5.375312	1.596693
5.378646	1.528355
5.381979	1.463184
5.385313	1.401074
5.388646	1.341945
5.391979	1.285692
5.395312	1.232236
5.398646	1.181471
5.401979	1.133291
5.405313	1.087672
5.408646	1.044479
5.411979	1.003688
5.415312	0.9652187
5.418646	0.9290183
5.421979	0.8949816
5.425313	0.8631084
5.428646	0.8332669
5.431979	0.8054043
5.435312	0.779415
5.438646	0.7552199
5.441979	0.7327134
5.445313	0.7118165
5.448646	0.6924234
5.451979	0.6744551
5.455313	0.6578325
5.458646	0.6424501
5.461979	0.6282549
5.465312	0.6151943
5.468646	0.6031891
5.471979	0.5921337
5.475313	0.5820019
5.478646	0.5726879
5.481979	0.5641128
5.485312	0.5562501
5.488646	0.5490205
5.491979	0.5423451
5.495313	0.5361974
5.498646	0.5305246
5.501979	0.5252212
5.505312	0.5202872
5.508646	0.5156434
5.511979	0.5112635
5.515313	0.5070683
5.518646	0.5029786
5.521979	0.4989417
5.525312	0.4949048
5.528646	0.4907887
5.531979	0.4865671
5.535313	0.4821872
5.538646	0.4776489
5.541979	0.4729788
5.545312	0.4681239
5.548646	0.4631371
5.551979	0.4580712
5.555313	0.4529261
5.558646	0.4477283
5.561979	0.4424776
5.565312	0.4372006
5.568646	0.4318445
5.571979	0.4264355
5.575313	0.4209738
5.578646	0.4154329
5.581979	0.4098129
5.585312	0.4041137
5.588646	0.3983882
5.591979	0.3926362
5.595313	0.3868315
5.598646	0.3810532
5.601979	0.3752748
5.605312	0.3695229
5.608646	0.3637446
5.611979	0.3579662
5.615313	0.3521615
5.618646	0.3463832
5.621979	0.3406049
5.625312	0.3348529
5.628646	0.329101
5.631979	0.3234018
5.635313	0.3177554
5.638646	0.3121618
5.641979	0.3066737
5.645312	0.3012647
5.648646	0.2959086
5.651979	0.2906052
5.655313	0.2853282
5.658646	0.2801303
5.661979	0.2749588
5.665312	0.2698137
5.668646	0.2647478
5.671979	0.2597346
5.675313	0.2547742
5.678646	0.249893
5.681979	0.2450909
5.685312	0.2403944
5.688646	0.2358034
5.691979	0.2312915
5.695313	0.2268852
5.698646	0.2225581
5.701979	0.2183365
5.705313	0.2142468
5.708646	0.2102626
5.711979	0.2064368
5.715312	0.2026901
5.718646	0.1990753
5.721979	0.1955661
5.725313	0.1921625
5.728646	0.1888643
5.731979	0.1856454
5.735312	0.1824791
5.738646	0.1793921
5.741979	0.1763314
5.745313	0.1733499
5.748646	0.1704476
5.751979	0.167598
5.755312	0.1648011
5.758646	0.1621099
5.761979	0.1594714
5.765313	0.1569384
5.768646	0.1544582
5.771979	0.1520572
5.775312	0.1497089
5.778646	0.1474134
5.781979	0.145197
5.785313	0.1430335
5.788646	0.1408963
5.791979	0.1388382
5.795312	0.136833
5.798646	0.1348541
5.801979	0.1329807
5.805313	0.1311602
5.808646	0.1294451
5.811979	0.1277829
5.815312	0.1261998
5.818646	0.1246958
5.821979	0.1232447
5.825313	0.1218462
5.828646	0.1205006
5.831979	0.119155
5.835312	0.1178357
5.838646	0.1165428
5.841979	0.11525
5.845313	0.1139571
5.848646	0.1126642
5.851979	0.1113714
5.855312	0.1101049
5.858646	0.1088648
5.861979	0.1076511
5.865313	0.1064374
5.868646	0.10525
5.871979	0.1040627
5.875312	0.1028754
5.878646	0.1017408
5.881979	0.1006063
5.885313	0.09949809
5.888646	0.09844269
5.891979	0.09744006
5.895312	0.0964902
5.898646	0.09561949
5.901979	0.09482794
5.905313	0.09414192
5.908646	0.09350868
5.911979	0.0929546
5.915312	0.09242689
5.918646	0.09197835
5.921979	0.0915298
5.925313	0.09110764
5.928646	0.09068548
5.931979	0.09026332
5.935312	0.08984116
5.938646	0.089419
5.941979	0.08899684
5.945313	0.08860106
5.948646	0.08823167
5.951979	0.08788866
5.955313	0.08762481
5.958646	0.08738735
5.961979	0.08722904
5.965312	0.08714988
5.968646	0.0871235
5.971979	0.08714988
5.975313	0.08725542
5.978646	0.08741373
5.981979	0.08762481
5.985312	0.08788866
5.988646	0.08823167
5.991979	0.08860106
5.995313	0.08902322
5.998646	0.08949815
6.001979	0.08999947
6.005312	0.09055355
6.008646	0.09113403
6.011979	0.09176727
6.015313	0.09245328
6.018646	0.09321845
6.021979	0.09406277
6.025312	0.09498625
6.028646	0.09596249
6.031979	0.09704428
6.035313	0.09817884
6.038646	0.09941894
6.041979	0.1007118
6.045312	0.1020838
6.048646	0.1035086
6.051979	0.1050126
6.055313	0.1065693
6.058646	0.1081788
6.061979	0.109841
6.065312	0.1115561
6.068646	0.1132711
6.071979	0.1149861
6.075313	0.1167012
6.078646	0.1183898
6.081979	0.1200257
6.085312	0.1216088
6.088646	0.1231391
6.091979	0.1245903
6.095313	0.1259887
6.098646	0.127308
6.101979	0.1285217
6.105312	0.1296562
6.108646	0.1306589
6.111979	0.131556
6.115313	0.1323211
6.118646	0.1329544
6.121979	0.1334029
6.125312	0.1337195
6.128646	0.1338778
6.131979	0.1338515
6.135313	0.1336668
6.138646	0.1333238
6.141979	0.1328224
6.145312	0.1321364
6.148646	0.1313185
6.151979	0.1303422
6.155313	0.1292605
6.158646	0.1280467
6.161979	0.1267539
6.165312	0.1253555
6.168646	0.1239043
6.171979	0.1224003
6.175313	0.1208436
6.178646	0.1192605
6.181979	0.117651
6.185312	0.1159888
6.188646	0.1142737
6.191979	0.1124795
6.195313	0.110659
6.198646	0.108812
6.201979	0.1068859
6.205313	0.1049334
6.208646	0.1029809
6.211979	0.1010284
6.215312	0.09910232
6.218646	0.09722898
6.221979	0.09538202
6.225313	0.09358784
6.228646	0.09184642
6.231979	0.09013139
6.235312	0.08846913
6.238646	0.08683326
6.241979	0.08522377
6.245313	0.08366705
6.248646	0.08213672
6.251979	0.08068554
6.255312	0.07926075
6.258646	0.07788872
6.261979	0.07659586
6.265313	0.07535576
6.268646	0.07419482
6.271979	0.07308664
6.275312	0.07205762
6.278646	0.07108138
6.281979	0.07018428
6.285313	0.06933996
6.288646	0.06854841
6.291979	0.06780963
6.295312	0.06712362
6.298646	0.06646399
6.301979	0.06583074
6.305313	0.0651975
6.308646	0.06459064
6.311979	0.06398379
6.315312	0.06337693
6.318646	0.06277007
6.321979	0.06216322
6.325313	0.06155636
6.328646	0.06097589
6.331979	0.06036903
6.335312	0.05976218
6.338646	0.0591817
6.341979	0.05860123
6.345313	0.05804715
6.348646	0.05754583
6.351979	0.0570709
6.355312	0.05664874
6.358646	0.05627935
6.361979	0.05596273
6.365313	0.05569888
6.368646	0.05548779
6.371979	0.0553031
6.375312	0.05517117
6.378646	0.05501286
6.381979	0.05490732
6.385313	0.0547754
6.388646	0.05464347
6.391979	0.05448516
6.395312	0.05435324
6.398646	0.05419493
6.401979	0.05403662
6.405313	0.05387831
6.408646	0.05374638
6.411979	0.05366722
6.415312	0.05358807
6.418646	0.05356168
6.421979	0.05358807
6.425313	0.05364084
6.428646	0.05374638
6.431979	0.05387831
6.435312	0.05403662
6.438646	0.05419493
6.441979	0.05437962
6.445313	0.0545907
6.448646	0.0547754
6.451979	0.05493371
6.455313	0.05506563
6.458646	0.05514479
6.461979	0.05514479
6.465312	0.05503925
6.468646	0.05490732
6.471979	0.05466986
6.475313	0.05440601
6.478646	0.05411577
6.481979	0.05382554
6.485312	0.0535353
6.488646	0.0533506
6.491979	0.05319229
6.495313	0.05311314
6.498646	0.05311314
6.501979	0.05313952
6.505312	0.05319229
6.508646	0.05327145
6.511979	0.0533506
6.515313	0.05340337
6.518646	0.05345614
6.521979	0.05350891
6.525312	0.05358807
6.528646	0.05366722
6.531979	0.05382554
6.535313	0.05403662
6.538646	0.05437962
6.541979	0.05482817
6.545312	0.05538225
6.548646	0.05612104
6.551979	0.05699174
6.555313	0.05799438
6.558646	0.0591817
6.561979	0.06050096
6.565312	0.06200491
6.568646	0.06366717
6.571979	0.06551412
6.575313	0.06754578
6.578646	0.06981489
6.581979	0.07229509
6.585312	0.07506552
6.588646	0.07809981
6.591979	0.08147709
6.595313	0.08514462
6.598646	0.08920792
6.601979	0.09361422
6.605312	0.09838992
6.608646	0.1035614
6.611979	0.1091023
6.615313	0.1150389
6.618646	0.1213185
6.621979	0.1278884
6.625312	0.1346958
6.628646	0.1416878
6.631979	0.148759
6.635313	0.1558038
6.638646	0.1627959
6.641979	0.1695768
6.645312	0.176094
6.648646	0.1822944
6.651979	0.1880728
6.655313	0.1934026
6.658646	0.1982046
6.661979	0.202479
6.665312	0.2061729
6.668646	0.2092072
6.671979	0.2115819
6.675313	0.2132441
6.678646	0.214194
6.681979	0.2143787
6.685312	0.213851
6.688646	0.2125845
6.691979	0.210632
6.695313	0.2080463
6.698646	0.2049328
6.701979	0.2013181
6.705313	0.1973339
6.708646	0.1930332
6.711979	0.1885213
6.715312	0.1838512
6.718646	0.1791282
6.721979	0.1744053
6.725313	0.1697352
6.728646	0.1651441
6.731979	0.1606851
6.735312	0.1564371
6.738646	0.1524002
6.741979	0.1486535
6.745313	0.1451707
6.748646	0.1420572
6.751979	0.1392604
6.755312	0.1368594
6.758646	0.1348541
6.761979	0.1332182
6.765313	0.1319781
6.768646	0.1311338
6.771979	0.1306589
6.775312	0.1305797
6.778646	0.1308699
6.781979	0.1315032
6.785313	0.1325058
6.788646	0.1338778
6.791979	0.1355929
6.795312	0.1375981
6.798646	0.13992
6.801979	0.1425321
6.805313	0.145329
6.808646	0.1483369
6.811979	0.1514503
6.815312	0.1546693
6.818646	0.1578883
6.821979	0.1611336
6.825313	0.1642998
6.828646	0.1673869
6.831979	0.1703156
6.835312	0.1730861
6.838646	0.1756718
6.841979	0.1780465
6.845313	0.1801836
6.848646	0.1820306
6.851979	0.1836137
6.855312	0.1849066
6.858646	0.1859356
6.861979	0.186648
6.865313	0.1871229
6.868646	0.1873604
6.871979	0.187334
6.875312	0.1870965
6.878646	0.186648
6.881979	0.1860147
6.885313	0.1851704
6.888646	0.1840886
6.891979	0.1828221
6.895312	0.1813182
6.898646	0.1795768
6.901979	0.1775979
6.905313	0.1753816
6.908646	0.1729014
6.911979	0.1701573
6.915312	0.1671758
6.918646	0.1639304
6.921979	0.1604476
6.925313	0.1567009
6.928646	0.1527432
6.931979	0.1485743
6.935312	0.1442208
6.938646	0.1397089
6.941979	0.1350388
6.945313	0.1302631
6.948646	0.1253555
6.951979	0.1203687
6.955313	0.1153291
6.958646	0.1102104
6.961979	0.105039
6.965312	0.09981471
6.968646	0.09459047
6.971979	0.08933984
6.975313	0.0841156
6.978646	0.07897051
6.981979	0.07390458
6.985312	0.06897057
6.988646	0.06416848
6.991979	0.05957748
6.995313	0.05517117
6.998646	0.05102872
7.001979	0.04709734
7.005312	0.04342982
7.008646	0.04002614
7.011979	0.03688632
7.015313	0.03401035
7.018646	0.03137184
7.021979	0.0289708
7.025312	0.02678084
7.028646	0.02480197
7.031979	0.02300778
7.035313	0.02142468
7.038646	0.01999988
7.041979	0.01878617
7.045312	0.01770438
7.048646	0.01683367
7.051979	0.01614766
7.055313	0.01564635
7.058646	0.01530334
7.061979	0.01514503
7.065312	0.01511864
7.068646	0.01517141
7.071979	0.01530334
7.075313	0.01546165
7.078646	0.01561996
7.081979	0.01575189
7.085312	0.01583104
7.088646	0.01588381
7.091979	0.01588381
7.095313	0.01588381
7.098646	0.01585743
7.101979	0.01585743
7.105312	0.01588381
7.108646	0.01593658
7.111979	0.01598935
7.115313	0.01609489
7.118646	0.01620043
7.121979	0.01633236
7.125312	0.01646428
7.128646	0.01659621
7.131979	0.01675452
7.135313	0.01691283
7.138646	0.01709752
7.141979	0.01733499
7.145312	0.01759884
7.148646	0.01794185
7.151979	0.01836401
7.155313	0.01886532
7.158646	0.01947218
7.161979	0.02021096
7.165312	0.02105529
7.168646	0.02200515
7.171979	0.02306055
7.175313	0.02422149
7.178646	0.02543521
7.181979	0.02672807
7.185312	0.02804732
7.188646	0.02939296
7.191979	0.0307386
7.195313	0.03211062
7.198646	0.03350903
7.201979	0.03493383
7.205313	0.03641139
7.208646	0.03794172
7.211979	0.03949844
7.215312	0.04108155
7.218646	0.04266465
7.221979	0.04422137
7.225313	0.04572532
7.228646	0.04715011
7.231979	0.04846937
7.235312	0.04965669
7.238646	0.05068571
7.241979	0.05160919
7.245313	0.05234797
7.248646	0.05295483
7.251979	0.05342976
7.255312	0.05377276
7.258646	0.05401023
7.261979	0.05411577
7.265313	0.05411577
7.268646	0.05398385
7.271979	0.05377276
7.275312	0.05345614
7.278646	0.05308675
7.281979	0.05263821
7.285313	0.05213689
7.288646	0.05163557
7.291979	0.05110787
7.295312	0.05055379
7.298646	0.05002609
7.301979	0.04949838
7.305313	0.0489443
7.308646	0.04839021
7.311979	0.04780974
7.315312	0.0471765
7.318646	0.04654326
7.321979	0.04585724
7.325313	0.04517123
7.328646	0.04445884
7.331979	0.04377282
7.335312	0.04308681
7.338646	0.04245357
7.341979	0.04184671
7.345313	0.04131901
7.348646	0.0408177
7.351979	0.04039553
7.355312	0.04002614
7.358646	0.03970952
7.361979	0.03941929
7.365313	0.03920821
7.368646	0.03899713
7.371979	0.03881243
7.375312	0.03862774
7.378646	0.03841665
7.381979	0.03820557
7.385313	0.03796811
7.388646	0.03775703
7.391979	0.03751956
7.395312	0.03730848
7.398646	0.0370974
7.401979	0.03693909
7.405313	0.03680717
7.408646	0.03670163
7.411979	0.03664885
7.415312	0.03662247
7.418646	0.03664885
7.421979	0.03667524
7.425313	0.03672801
7.428646	0.03683355
7.431979	0.03699186
7.435312	0.03717656
7.438646	0.03744041
7.441979	0.03773064
7.445313	0.03804726
7.448646	0.03844304
7.451979	0.0388652
7.455313	0.03931375
7.458646	0.03981506
7.461979	0.04034276
7.465312	0.04087047
7.468646	0.04145094
7.471979	0.04200502
7.475313	0.0425855
7.478646	0.04316597
7.481979	0.04372005
7.485312	0.04427414
7.488646	0.04480184
7.491979	0.04527677
7.495313	0.0457517
7.498646	0.04620025
7.501979	0.04659603
7.505312	0.04696542
7.508646	0.04730842
7.511979	0.04765143
7.515313	0.04796805
7.518646	0.04825829
7.521979	0.04854852
7.525312	0.04881237
7.528646	0.04907622
7.531979	0.04934007
7.535313	0.04957754
7.538646	0.04976223
7.541979	0.04992054
7.545312	0.0499997
7.548646	0.05002609
7.551979	0.04994693
7.555313	0.049815
7.558646	0.04957754
7.561979	0.04926092
7.565312	0.04883876
7.568646	0.04836383
7.571979	0.04778335
7.575313	0.04715011
7.578646	0.04643772
7.581979	0.04567255
7.585312	0.04485461
7.588646	0.0439839
7.591979	0.04313958
7.595313	0.04229526
7.598646	0.04147732
7.601979	0.04071216
7.605312	0.04002614
7.608646	0.03941929
7.611979	0.03889159
7.615313	0.03841665
7.618646	0.03799449
7.621979	0.03759872
7.625312	0.03725571
7.628646	0.03688632
7.631979	0.03651693
7.635313	0.03614754
7.638646	0.03580453
7.641979	0.03543514
7.645312	0.03506575
7.648646	0.03466997
7.651979	0.03430058
7.655313	0.03395758
7.658646	0.03361457
7.661979	0.03327157
7.665312	0.03295495
7.668646	0.03261194
7.671979	0.03229532
7.675313	0.03200508
7.678646	0.03171485
7.681979	0.03147738
7.685312	0.03121353
7.688646	0.03100245
7.691979	0.03076498
7.695313	0.03058029
7.698646	0.03039559
7.701979	0.0302109
7.705313	0.03007897
7.708646	0.02997343
7.711979	0.02986789
7.715312	0.02981512
7.718646	0.02978874
7.721979	0.02978874
7.725313	0.02978874
7.728646	0.02978874
7.731979	0.02978874
7.735312	0.02976235
7.738646	0.02970958
7.741979	0.02960404
7.745313	0.0294985
7.748646	0.02939296
7.751979	0.02928742
7.755312	0.02920827
7.758646	0.0291555
7.761979	0.02918188
7.765313	0.02923465
7.768646	0.02934019
7.771979	0.02947212
7.775312	0.02963043
7.778646	0.02976235
7.781979	0.02986789
7.785313	0.02994705
7.788646	0.02997343
7.791979	0.02992066
7.795312	0.02986789
7.798646	0.02976235
7.801979	0.02963043
7.805313	0.0294985
7.808646	0.02936658
7.811979	0.02923465
7.815312	0.02912911
7.818646	0.02902357
7.821979	0.02894441
7.825313	0.02891803
7.828646	0.02889164
7.831979	0.02889164
7.835312	0.02894441
7.838646	0.02902357
7.841979	0.02912911
7.845313	0.02928742
7.848646	0.02944573
7.851979	0.02960404
7.855312	0.02976235
7.858646	0.02989428
7.861979	0.02997343
7.865313	0.0300262
7.868646	0.0300262
7.871979	0.02997343
7.875312	0.02989428
7.878646	0.02981512
7.881979	0.02970958
7.885313	0.02960404
7.888646	0.02955127
7.891979	0.02952489
7.895312	0.0294985
7.898646	0.02952489
7.901979	0.02955127
7.905313	0.02963043
7.908646	0.02970958
7.911979	0.02978874
7.915312	0.02986789
7.918646	0.02992066
7.921979	0.02997343
7.925313	0.02997343
7.928646	0.02997343
7.931979	0.02994705
7.935312	0.02989428
7.938646	0.02981512
7.941979	0.02970958
7.945313	0.02960404
7.948646	0.0294985
7.951979	0.02939296
7.955313	0.02928742
7.958646	0.02918188
7.961979	0.02907634
7.965312	0.02894441
7.968646	0.02883887
7.971979	0.02870695
7.975313	0.02860141
7.978646	0.02846948
7.981979	0.02836394
7.985312	0.0282584
7.988646	0.02817925
7.991979	0.02812648
7.995313	0.02807371
7.998646	0.02802094
8.001979	0.02794178
8.005313	0.02783624
8.008646	0.02765155
8.011979	0.02744047
8.015312	0.02715023
8.018646	0.02680722
8.021979	0.02641145
8.025312	0.02601568
8.028646	0.0256199
8.03198	0.02525051
8.035313	0.02490751
8.038646	0.02461727
8.041979	0.0243798
8.045313	0.02419511
8.048646	0.02406318
8.051979	0.02395764
8.055312	0.02387849
8.058646	0.0238521
8.061979	0.02379933
8.065312	0.02377295
8.068645	0.02377295
8.07198	0.02377295
8.075313	0.02377295
8.078646	0.02377295
8.081979	0.02374656
8.085313	0.02374656
8.088646	0.02372018
8.091979	0.02372018
8.095312	0.02369379
8.098646	0.02369379
8.101979	0.02369379
8.105312	0.02372018
8.108645	0.02372018
8.111979	0.02372018
8.115313	0.02366741
8.118646	0.02358825
8.121979	0.02348271
8.125313	0.0233244
8.128646	0.02313971
8.131979	0.02295501
8.135312	0.02277031
8.138646	0.02263839
8.141979	0.02253285
8.145312	0.02250646
8.148645	0.02255923
8.151979	0.02263839
8.155313	0.02277031
8.158646	0.02290224
8.161979	0.02303417
8.165313	0.02311332
8.168646	0.02316609
8.171979	0.02316609
8.175312	0.02313971
8.178646	0.02311332
8.181979	0.02303417
8.185312	0.0229814
8.188645	0.02292863
8.191979	0.02290224
8.195313	0.02290224
8.198646	0.02290224
8.20198	0.02292863
8.205313	0.02290224
8.208646	0.02287586
8.211979	0.0227967
8.215313	0.02266477
8.218646	0.02250646
8.221979	0.02229538
8.225312	0.0220843
8.228646	0.02187322
8.231979	0.02168853
8.235312	0.02153022
8.238646	0.02142468
8.24198	0.02137191
8.245313	0.02137191
8.248646	0.02142468
8.251979	0.02150383
8.255313	0.02160937
8.258646	0.02168853
8.261979	0.02176768
8.265312	0.02182045
8.268646	0.02182045
8.271979	0.02179407
8.275312	0.0217413
8.278646	0.02166214
8.28198	0.0215566
8.285313	0.02145106
8.288646	0.02134552
8.291979	0.02123998
8.295313	0.02113444
8.298646	0.0210289
8.301979	0.02094975
8.305312	0.02087059
8.308646	0.02079143
8.311979	0.02071228
8.315312	0.02063312
8.318645	0.02052758
8.32198	0.02039566
8.325313	0.02023735
8.328646	0.02010542
8.331979	0.01994711
8.335313	0.01984157
8.338646	0.01973603
8.341979	0.01968326
8.345312	0.01965688
8.348646	0.01968326
8.351979	0.01973603
8.355312	0.0197888
8.358645	0.01986796
8.361979	0.01992073
8.365313	0.0199735
8.368646	0.01999988
8.371979	0.01999988
8.375313	0.0199735
8.378646	0.01992073
8.381979	0.01989434
8.385312	0.01984157
8.388646	0.01981519
8.391979	0.01976242
8.395312	0.01976242
8.398645	0.01973603
8.401979	0.01970965
8.405313	0.01965688
8.408646	0.01963049
8.411979	0.01957772
8.415313	0.01952495
8.418646	0.01941941
8.421979	0.01928749
8.425312	0.01915556
8.428646	0.01902364
8.431979	0.01889171
8.435312	0.01881255
8.438645	0.0187334
8.441979	0.01870701
8.445313	0.0187334
8.448646	0.01878617
8.45198	0.01889171
8.455313	0.01902364
8.458646	0.01915556
8.461979	0.0192611
8.465313	0.01936664
8.468646	0.0194458
8.471979	0.01949857
8.475312	0.01952495
8.478646	0.01949857
8.481979	0.0194458
8.485312	0.01939303
8.488646	0.01931387
8.49198	0.01923472
8.495313	0.01918195
8.498646	0.01910279
8.501979	0.01905002
8.505313	0.01899725
8.508646	0.01894448
8.511979	0.01886532
8.515312	0.01878617
8.518646	0.01868063
8.521979	0.01860147
8.525312	0.01849593
8.528646	0.01839039
8.53198	0.01828485
8.535313	0.0182057
8.538646	0.01812654
8.541979	0.01807377
8.545313	0.018021
8.548646	0.01796823
8.551979	0.01791546
8.555312	0.01783631
8.558646	0.01778354
8.561979	0.01770438
8.565312	0.01762523
8.568645	0.01751969
8.57198	0.01744053
8.575313	0.01733499
8.578646	0.01720307
8.581979	0.01704475
8.585313	0.01686006
8.588646	0.01664898
8.591979	0.01641151
8.595312	0.01620043
8.598646	0.01598935
8.601979	0.01583104
8.605312	0.0157255
8.608645	0.01569912
8.611979	0.0157255
8.615313	0.01577827
8.618646	0.0159102
8.621979	0.01604212
8.625313	0.01617405
8.628646	0.01630597
8.631979	0.01641151
8.635312	0.01646428
8.638646	0.01649067
8.641979	0.01651705
8.645312	0.01649067
8.648645	0.01646428
8.651979	0.0164379
8.655313	0.01641151
8.658646	0.01638513
8.661979	0.01635874
8.665313	0.01635874
8.668646	0.01633236
8.671979	0.01630597
8.675312	0.01627959
8.678646	0.01622682
8.681979	0.01620043
8.685312	0.01614766
8.688645	0.01612128
8.691979	0.01606851
8.695313	0.01606851
8.698646	0.01604212
8.70198	0.01606851
8.705313	0.01606851
8.708646	0.01606851
8.711979	0.01606851
8.715313	0.01601574
8.718646	0.01596297
8.721979	0.0159102
8.725312	0.01585743
8.728646	0.01577827
8.731979	0.0157255
8.735312	0.01569912
8.738646	0.01567273
8.74198	0.01567273
8.745313	0.01569912
8.748646	0.01569912
8.751979	0.01567273
8.755313	0.01561996
8.758646	0.01551442
8.761979	0.0153825
8.765312	0.0151978
8.768646	0.01498672
8.771979	0.01477564
8.775312	0.01453817
8.778646	0.01435348
8.78198	0.01416878
8.785313	0.01403686
8.788646	0.01393132
8.791979	0.01385216
8.795313	0.01379939
8.798646	0.01377301
8.801979	0.01377301
8.805312	0.01374662
8.808646	0.01374662
8.811979	0.01374662
8.815312	0.01374662
8.818645	0.01372024
8.82198	0.01372024
8.825313	0.01372024
8.828646	0.01374662
8.831979	0.01374662
8.835313	0.01374662
8.838646	0.01374662
8.841979	0.01372024
8.845312	0.01366747
8.848646	0.0136147
8.851979	0.01350916
8.855312	0.01337723
8.858645	0.01321892
8.861979	0.01306061
8.865313	0.01287591
8.868646	0.0127176
8.871979	0.01253291
8.875313	0.01240098
8.878646	0.01224267
8.881979	0.01213713
8.885312	0.01203159
8.888646	0.01192605
8.891979	0.01182051
8.895312	0.01171497
8.898645	0.01163582
8.901979	0.01155666
8.905313	0.01150389
8.908646	0.01147751
8.911979	0.01147751
8.915313	0.01150389
8.918646	0.01158305
8.921979	0.0116622
8.925312	0.01174136
8.928646	0.01182051
8.931979	0.01187328
8.935312	0.01189967
8.938645	0.01187328
8.941979	0.0118469
8.945313	0.01176774
8.948646	0.01171497
8.95198	0.0116622
8.955313	0.01163582
8.958646	0.01163582
8.961979	0.0116622
8.965313	0.01171497
8.968646	0.01176774
8.971979	0.01182051
8.975312	0.01187328
8.978646	0.01189967
8.981979	0.01189967
8.985312	0.01187328
8.988646	0.01182051
8.99198	0.01176774
8.995313	0.01168859
8.998646	0.01158305
9.001979	0.01150389
9.005313	0.01139835
9.008646	0.01131919
9.011979	0.01124004
9.015312	0.01118727
9.018646	0.01116088
9.021979	0.01116088
9.025312	0.01118727
9.028646	0.01124004
9.03198	0.01131919
9.035313	0.01139835
9.038646	0.01150389
9.041979	0.01158305
9.045313	0.0116622
9.048646	0.01168859
9.051979	0.01171497
9.055312	0.0116622
9.058646	0.01160943
9.061979	0.01150389
9.065312	0.01137196
9.068645	0.01121365
9.07198	0.01102896
9.075313	0.01084426
9.078646	0.01068595
9.081979	0.01052764
9.085313	0.0104221
9.088646	0.01031656
9.091979	0.01021102
9.095312	0.01013187
9.098646	0.01005271
9.101979	0.009973556
9.105312	0.009920786
9.108645	0.009868016
9.111979	0.009815246
9.115313	0.009762476
9.118646	0.009736091
9.121979	0.009736091
9.125313	0.009788861
9.128646	0.009841631
9.131979	0.009920786
9.135312	0.009999941
9.138646	0.0100791
9.141979	0.01015825
9.145312	0.01021102
9.148645	0.01021102
9.151979	0.01021102
9.155313	0.01015825
9.158646	0.0100791
9.161979	0.009947171
9.165313	0.009815246
9.168646	0.00968332
9.171979	0.00957778
9.175312	0.00947224
9.178646	0.00941947
9.181979	0.009393085
9.185312	0.0093667
9.188645	0.009393085
9.191979	0.00941947
9.195313	0.009445855
9.198646	0.00941947
9.20198	0.009393085
9.205313	0.009340315
9.208646	0.009261159
9.211979	0.009155619
9.215313	0.009076464
9.218646	0.008997309
9.221979	0.008918153
9.225312	0.008865383
9.228646	0.008838998
9.231979	0.008812613
9.235312	0.008786228
9.238646	0.008733458
9.24198	0.008627918
9.245313	0.008495992
9.248646	0.008337682
9.251979	0.008126601
9.255313	0.007889136
9.258646	0.00765167
9.261979	0.007414204
9.265312	0.007176739
9.268646	0.006992043
9.271979	0.006833733
9.275312	0.006701808
9.278646	0.006649037
9.28198	0.006622652
9.285313	0.006649037
9.288646	0.006728193
9.291979	0.006807348
9.295313	0.006939273
9.298646	0.007071199
9.301979	0.007176739
9.305312	0.007229509
9.308646	0.007229509
9.311979	0.007176739
9.315312	0.007044814
9.318645	0.006886503
9.32198	0.006701808
9.325313	0.006517112
9.328646	0.006332417
9.331979	0.006226876
9.335313	0.006174106
9.338646	0.006200491
9.341979	0.006279647
9.345312	0.006385187
9.348646	0.006517112
9.351979	0.006675423
9.355312	0.006807348
9.358645	0.006886503
9.361979	0.006965658
9.365313	0.006992043
9.368646	0.006992043
9.371979	0.006912888
9.375313	0.006833733
9.378646	0.006728193
9.381979	0.006596267
9.385312	0.006490727
9.388646	0.006358802
9.391979	0.006253261
9.395312	0.006147721
9.398645	0.006068566
9.401979	0.005989411
9.405313	0.005936641
9.408646	0.005857485
9.411979	0.00577833
9.415313	0.00567279
9.418646	0.005593635
9.421979	0.005514479
9.425312	0.005461709
9.428646	0.005435324
9.431979	0.005461709
9.435312	0.005488094
9.438645	0.005540865
9.441979	0.00562002
9.445313	0.00567279
9.448646	0.005699175
9.45198	0.00572556
9.455313	0.005699175
9.458646	0.00567279
9.461979	0.00562002
9.465313	0.00556725
9.468646	0.005514479
9.471979	0.005461709
9.475312	0.005408939
9.478646	0.005382554
9.481979	0.005382554
9.485312	0.005382554
9.488646	0.005408939
9.49198	0.005408939
9.495313	0.005435324
9.498646	0.005435324
9.501979	0.005435324
9.505313	0.005382554
9.508646	0.005329784
9.511979	0.005224244
9.515312	0.005092318
9.518646	0.004960393
9.521979	0.004802083
9.525312	0.004696542
9.528646	0.004617387
9.53198	0.004591002
9.535313	0.004617387
9.538646	0.004696542
9.541979	0.004828468
9.545313	0.004960393
9.548646	0.005065933
9.551979	0.005145089
9.555312	0.005171474
9.558646	0.005145089
9.561979	0.005039548
9.565312	0.004907623
9.568645	0.004722927
9.57198	0.004564617
9.575313	0.004406307
9.578646	0.004274381
9.581979	0.004168841
9.585313	0.004089686
9.588646	0.004063301
9.591979	0.004036916
9.595312	0.004036916
9.598646	0.004036916
9.601979	0.004063301
9.605312	0.004063301
9.608645	0.004089686
9.611979	0.004116071
9.615313	0.004142456
9.618646	0.004195226
9.621979	0.004221611
9.625313	0.004247996
9.628646	0.004274381
9.631979	0.004274381
9.635312	0.004247996
9.638646	0.004195226
9.641979	0.004089686
9.645312	0.00395776
9.648645	0.00379945
9.651979	0.00364114
9.655313	0.003456444
9.658646	0.003271749
9.661979	0.003139823
9.665313	0.003007898
9.668646	0.002928743
9.671979	0.002875973
9.675312	0.002875973
9.678646	0.002902358
9.681979	0.002955128
9.685312	0.002981513
9.688645	0.003034283
9.691979	0.003060668
9.695313	0.003060668
9.698646	0.003034283
9.70198	0.003007898
9.705313	0.002928743
9.708646	0.002875973
9.711979	0.002823202
9.715313	0.002770432
9.718646	0.002744047
9.721979	0.002744047
9.725312	0.002744047
9.728646	0.002770432
9.731979	0.002796817
9.735312	0.002823202
9.738646	0.002823202
9.74198	0.002796817
9.745313	0.002744047
9.748646	0.002638507
9.751979	0.002532967
9.755313	0.002401041
9.758646	0.002242731
9.761979	0.00208442
9.765312	0.00192611
9.768646	0.0017678
9.771979	0.001635874
9.775312	0.001503949
9.778646	0.001398409
9.78198	0.001319253
9.785313	0.001240098
9.788646	0.001213713
9.791979	0.001213713
9.795313	0.001213713
9.798646	0.001266483
9.801979	0.001319253
9.805312	0.001372024
9.808646	0.001398409
9.811979	0.001424794
9.815312	0.001398409
9.818645	0.001345639
9.82198	0.001292868
9.825313	0.001187328
9.828646	0.001055403
9.831979	0.0009234774
9.835313	0.000765167
9.838646	0.0006068566
9.841979	0.0004485462
9.845312	0.0002902358
9.848646	0.0001583104
9.851979	5.277014e-05
9.855312	0
9.858645	0
9.861979	2.638507e-05
9.865313	0.0001319253
9.868646	0.0002374656
9.871979	0.000395776
9.875313	0.0005804715
9.878646	0.000765167
9.881979	0.0009234774
9.885312	0.001081788
9.888646	0.001187328
9.891979	0.001292868
9.895312	0.001372024
9.898645	0.001424794
9.901979	0.001424794
9.905313	0.001372024
9.908646	0.001266483
9.911979	0.001134558
9.915313	0.001002633
9.918646	0.0008443222
9.921979	0.0007387819
9.925312	0.0006332417
9.928646	0.0005804715
9.931979	0.0005804715
9.935312	0.0006332417
9.938645	0.0007387819
9.941979	0.0008443222
9.945313	0.0009234774
9.948646	0.0009762476
9.95198	0.001002633
9.955313	0.0009762476
9.958646	0.0008970924
9.961979	0.0007915521
9.965313	0.0006860118
9.968646	0.0005804715
9.971979	0.0004749312
9.975312	0.000395776
9.978646	0.0003430059
9.981979	0.0002902358
9.985312	0.0002638507
9.988646	0.0002374656
9.99198	0.0002110806
9.995313	0.0001846955
9.998646	0.0001583104
}
[PEAK]
{
Peak ID	1
Peak Ref	1
Time	4.381965
Peak	3.785312	4.718646
Intensity	-0.0001407266	-0.0001819134
Height	0.001014767
AreaAbs	264.3479
Area %BP	0.01183423
Area %Total	0.01173922
Width	0.9333336
}
[PEAK]
{
Peak ID	2
Peak Ref	2
Time	5.100085
Peak	4.718646	5.968646
Intensity	-0.0001407266	-0.0001819134
Height	0.2258227
AreaAbs	37229.28
Area %BP	1.666667
Area %Total	1.653286
Width	1.25
}
[PEAK]
{
Peak ID	3
Peak Ref	3
Time	6.130397
Peak	5.968646	6.411979
Intensity	-0.0001407266	-0.0001819134
Height	0.000176798
AreaAbs	36.95392
Area %BP	0.001654339
Area %Total	0.001641058
Width	0.4433331
}
}
}
}
