[SAMPLE]
{
Sample	1
Well	1:A,6
FileName	
SampleID	ASD-E-2601204-016
SampleDescription	Aquired with Galaxy
Date	28-Jan-2026
Time	16:25:59 PRC
JobCode	
TaskCode	
UserName	Congcong_Liu2
LabName	Aquired with Galaxy
Instrument	BAD_L_22_523
Conditions	
Submitter	Huanhuan_Zhang
SampleType	
Plate	
Method	
Process	Galaxy
MSTune	
MSMethod	
InletMethod	
PreRunMethod	
PostRunMethod	
SwitchMethod	
FractionMethod	
AcquisitionProcess	
AcquisitionProcessParameters	
AcquisitionProcessOptions	
InjectionVolume	25
ReportScheme	
SampleReportEnable	0
SampleReportFormat	
AnalysisTime	0
[COMPOUND]
{
;Mono Mass	Formula
}
[FUNCTION]
{
Function	1
IonMode	ES+
Type	MS
Description	(0:0)
[SPECTRUM]
{
ProcDesc	0.00:Combine
State	OK
Peak ID	0
Peak Ref	0
Time	0
TIC	0
BPI	0
BPM	0
Continuum	FALSE
Saved	FALSE
[MASSES]
{
;Mass	Exp. Mass	Obs. Mass	% BPI	Int. Abs
}
[RESULTS]
{
;Mass	Found	% BPI	% Purity
}
[MS]
{
;Mass	% BPI
0	0
}
}
[CHROMATOGRAM]
{
TraceNumber	1
Description	scroll down chrom view to see 2D LC chrom
ProcDesc	
MaxIntensity	0
[TRACE]
{
0	0
}
[PEAK]
{
Peak ID	0
Peak Ref	0
Time	0
Peak	0
Intensity	0	0
Height	0
AreaAbs	0
Area %BP	0
Area %Total	0
}
}
}
[FUNCTION]
{
Function	0
Description	ANALOG
[CHROMATOGRAM]
{
TraceNumber	2
Description	LC
ProcDesc	Result Id:2271, VWD: Signal A, 280 nm
MaxIntensity	0.2228393
[TRACE]
{
;Time	Int. %Max
0.0001041667	0.04932298
0.0034375	0.04942997
0.006770833	0.04953696
0.01010417	0.04964396
0.0134375	0.0497242
0.01677083	0.04980444
0.02010417	0.04983119
0.0234375	0.04983119
0.02677083	0.04980444
0.03010417	0.04975095
0.0334375	0.0497242
0.03677083	0.0496707
0.04010417	0.04964396
0.0434375	0.04961721
0.04677083	0.04959046
0.05010417	0.04956371
0.0534375	0.04953696
0.05677084	0.04951022
0.06010417	0.04945672
0.0634375	0.04940323
0.06677084	0.04934973
0.07010417	0.04926949
0.0734375	0.04918924
0.07677083	0.049109
0.08010416	0.04908225
0.0834375	0.04908225
0.08677083	0.04913575
0.09010417	0.04924274
0.0934375	0.04937648
0.09677083	0.04959046
0.1001042	0.04983119
0.1034375	0.05009867
0.1067708	0.05036615
0.1101042	0.05063363
0.1134375	0.05082086
0.1167708	0.05098135
0.1201042	0.05106159
0.1234375	0.05108834
0.1267708	0.05108834
0.1301042	0.05103484
0.1334375	0.0509546
0.1367708	0.05087436
0.1401042	0.05082086
0.1434375	0.05076736
0.1467708	0.05074062
0.1501042	0.05074062
0.1534375	0.05074062
0.1567708	0.05074062
0.1601042	0.05074062
0.1634375	0.05071387
0.1667708	0.05066037
0.1701042	0.05055338
0.1734375	0.05044639
0.1767708	0.0502859
0.1801042	0.05012542
0.1834375	0.04993818
0.1867708	0.0497777
0.1901042	0.04961721
0.1934375	0.04948347
0.1967708	0.04937648
0.2001042	0.04932298
0.2034375	0.04929623
0.2067708	0.04929623
0.2101042	0.04932298
0.2134375	0.04934973
0.2167708	0.04940323
0.2201042	0.04945672
0.2234375	0.04951022
0.2267708	0.04956371
0.2301042	0.04959046
0.2334375	0.04961721
0.2367708	0.04964396
0.2401042	0.0496707
0.2434375	0.0496707
0.2467708	0.04964396
0.2501042	0.04961721
0.2534375	0.04959046
0.2567708	0.04953696
0.2601042	0.04945672
0.2634375	0.04934973
0.2667708	0.04924274
0.2701042	0.04913575
0.2734375	0.04902876
0.2767708	0.04894851
0.2801042	0.04892177
0.2834375	0.04894851
0.2867708	0.04900201
0.2901042	0.04908225
0.2934375	0.0491625
0.2967708	0.04926949
0.3001042	0.04937648
0.3034375	0.04940323
0.3067708	0.04940323
0.3101042	0.04934973
0.3134375	0.04921599
0.3167708	0.04908225
0.3201042	0.04889502
0.3234375	0.04873453
0.3267708	0.04857404
0.3301042	0.04841356
0.3334375	0.04827982
0.3367708	0.04817283
0.3401042	0.04809258
0.3434375	0.04806583
0.3467708	0.04803909
0.3501042	0.04803909
0.3534375	0.04803909
0.3567708	0.04806583
0.3601042	0.04806583
0.3634375	0.04806583
0.3667708	0.04806583
0.3701042	0.04803909
0.3734375	0.04798559
0.3767708	0.0479321
0.3801042	0.0478786
0.3834375	0.0478251
0.3867708	0.04777161
0.3901042	0.04774486
0.3934375	0.04771811
0.3967708	0.04771811
0.4001042	0.04769137
0.4034375	0.04766462
0.4067708	0.04763787
0.4101042	0.04755763
0.4134375	0.04745064
0.4167708	0.04734364
0.4201042	0.04723665
0.4234375	0.04715641
0.4267708	0.04707616
0.4301042	0.04704942
0.4334375	0.04704942
0.4367708	0.04707616
0.4401042	0.04712966
0.4434375	0.0472099
0.4467708	0.0473169
0.4501042	0.04737039
0.4534375	0.04742389
0.4567708	0.04742389
0.4601042	0.04742389
0.4634375	0.04739714
0.4667708	0.04734364
0.4701042	0.0473169
0.4734375	0.04729015
0.4767708	0.0472634
0.4801042	0.0472634
0.4834375	0.04729015
0.4867708	0.04729015
0.4901042	0.04729015
0.4934375	0.04729015
0.4967708	0.0472634
0.5001042	0.04718316
0.5034375	0.04710291
0.5067708	0.04699592
0.5101042	0.04686218
0.5134375	0.04675519
0.5167708	0.0466482
0.5201042	0.04654121
0.5234375	0.04648771
0.5267708	0.04643422
0.5301042	0.04643422
0.5334375	0.04643422
0.5367708	0.04646096
0.5401042	0.04648771
0.5434375	0.04654121
0.5467708	0.04656796
0.5501041	0.04656796
0.5534375	0.04656796
0.5567709	0.04654121
0.5601042	0.04648771
0.5634375	0.04643422
0.5667709	0.04638072
0.5701042	0.04632723
0.5734375	0.04627373
0.5767708	0.04627373
0.5801042	0.04627373
0.5834375	0.04630048
0.5867708	0.04635397
0.5901042	0.04643422
0.5934375	0.04648771
0.5967708	0.04654121
0.6001042	0.0465947
0.6034375	0.0465947
0.6067708	0.04656796
0.6101041	0.04651446
0.6134375	0.04646096
0.6167708	0.04638072
0.6201042	0.04632723
0.6234375	0.04632723
0.6267709	0.04635397
0.6301042	0.04640747
0.6334375	0.04648771
0.6367708	0.0465947
0.6401042	0.04672844
0.6434375	0.04683543
0.6467708	0.04691568
0.6501042	0.04696917
0.6534375	0.04699592
0.6567708	0.04696917
0.6601042	0.04696917
0.6634375	0.04694243
0.6667708	0.04691568
0.6701041	0.04694243
0.6734375	0.04694243
0.6767708	0.04696917
0.6801042	0.04699592
0.6834375	0.04699592
0.6867709	0.04696917
0.6901042	0.04694243
0.6934375	0.04688893
0.6967708	0.04680869
0.7001042	0.04672844
0.7034375	0.04662145
0.7067708	0.04654121
0.7101042	0.04646096
0.7134375	0.04638072
0.7167708	0.04632723
0.7201042	0.04630048
0.7234375	0.04624698
0.7267708	0.04622023
0.7301041	0.04619349
0.7334375	0.04616674
0.7367708	0.04616674
0.7401041	0.04616674
0.7434375	0.04616674
0.7467709	0.04619349
0.7501042	0.04622023
0.7534375	0.04630048
0.7567708	0.04640747
0.7601042	0.04654121
0.7634375	0.0467017
0.7667708	0.04686218
0.7701042	0.04704942
0.7734375	0.04723665
0.7767708	0.04739714
0.7801042	0.04753088
0.7834375	0.04761112
0.7867708	0.04763787
0.7901042	0.04758437
0.7934375	0.04750413
0.7967708	0.04737039
0.8001041	0.0472099
0.8034375	0.04704942
0.8067709	0.04688893
0.8101042	0.04675519
0.8134375	0.04667495
0.8167709	0.04667495
0.8201042	0.04672844
0.8234375	0.04686218
0.8267708	0.04699592
0.8301042	0.04718316
0.8334375	0.04737039
0.8367708	0.04753088
0.8401042	0.04766462
0.8434375	0.04777161
0.8467708	0.04779836
0.8501042	0.04777161
0.8534375	0.04771811
0.8567708	0.04763787
0.8601041	0.04753088
0.8634375	0.04739714
0.8667708	0.04729015
0.8701042	0.04715641
0.8734375	0.04704942
0.8767709	0.04694243
0.8801042	0.04683543
0.8834375	0.04675519
0.8867708	0.0467017
0.8901042	0.0466482
0.8934375	0.04662145
0.8967708	0.04662145
0.9001042	0.04662145
0.9034375	0.0466482
0.9067708	0.0467017
0.9101042	0.04672844
0.9134375	0.04675519
0.9167708	0.04675519
0.9201041	0.04672844
0.9234375	0.04667495
0.9267708	0.0465947
0.9301042	0.04654121
0.9334375	0.04648771
0.9367709	0.04648771
0.9401042	0.04648771
0.9434375	0.04656796
0.9467708	0.0466482
0.9501042	0.04678194
0.9534375	0.04691568
0.9567708	0.04702267
0.9601042	0.04710291
0.9634375	0.04715641
0.9667708	0.04715641
0.9701042	0.04707616
0.9734375	0.04699592
0.9767708	0.04688893
0.9801041	0.04675519
0.9834375	0.04667495
0.9867708	0.0465947
0.9901041	0.04656796
0.9934375	0.04656796
0.9967709	0.04656796
1.000104	0.0465947
1.003438	0.0466482
1.006771	0.0467017
1.010104	0.04675519
1.013438	0.04678194
1.016771	0.04678194
1.020104	0.04675519
1.023438	0.04672844
1.026771	0.04667495
1.030104	0.04662145
1.033437	0.04654121
1.036771	0.04643422
1.040104	0.04635397
1.043437	0.04630048
1.046771	0.04624698
1.050104	0.04622023
1.053437	0.04619349
1.056771	0.04619349
1.060104	0.04619349
1.063437	0.04622023
1.066771	0.04622023
1.070104	0.04622023
1.073437	0.04619349
1.076771	0.04613999
1.080104	0.04611324
1.083437	0.04605975
1.086771	0.046033
1.090104	0.046033
1.093438	0.04605975
1.096771	0.0460865
1.100104	0.04616674
1.103438	0.04627373
1.106771	0.04638072
1.110104	0.04651446
1.113438	0.0466482
1.116771	0.04678194
1.120104	0.04691568
1.123438	0.04704942
1.126771	0.04718316
1.130104	0.04729015
1.133438	0.04739714
1.136771	0.04747738
1.140104	0.04753088
1.143438	0.04755763
1.146771	0.04753088
1.150104	0.04750413
1.153437	0.04739714
1.156771	0.04729015
1.160104	0.04715641
1.163437	0.04699592
1.166771	0.04686218
1.170104	0.0467017
1.173437	0.0465947
1.176771	0.04648771
1.180104	0.04640747
1.183437	0.04632723
1.186771	0.04627373
1.190104	0.04622023
1.193437	0.04616674
1.196771	0.04611324
1.200104	0.0460865
1.203437	0.046033
1.206771	0.0459795
1.210104	0.04595276
1.213438	0.04592601
1.216771	0.04592601
1.220104	0.04595276
1.223438	0.0459795
1.226771	0.04600625
1.230104	0.04605975
1.233438	0.04605975
1.236771	0.04605975
1.240104	0.04605975
1.243438	0.04600625
1.246771	0.04595276
1.250104	0.04587251
1.253438	0.04579227
1.256771	0.04571203
1.260104	0.04563178
1.263438	0.04557829
1.266771	0.04549804
1.270104	0.04544455
1.273438	0.04539105
1.276771	0.04533756
1.280104	0.04531081
1.283437	0.04525731
1.286771	0.04520382
1.290104	0.04517707
1.293437	0.04512357
1.296771	0.04509683
1.300104	0.04507008
1.303437	0.04504333
1.306771	0.04501658
1.310104	0.04501658
1.313437	0.04504333
1.316771	0.04509683
1.320104	0.04515032
1.323437	0.04525731
1.326771	0.0453643
1.330104	0.04549804
1.333437	0.04563178
1.336771	0.04573877
1.340104	0.04584576
1.343438	0.04595276
1.346771	0.046033
1.350104	0.04611324
1.353438	0.04616674
1.356771	0.04622023
1.360104	0.04627373
1.363438	0.04632723
1.366771	0.04638072
1.370104	0.04643422
1.373438	0.04648771
1.376771	0.04654121
1.380104	0.04656796
1.383438	0.04656796
1.386771	0.04656796
1.390104	0.04651446
1.393438	0.04646096
1.396771	0.04632723
1.400104	0.04616674
1.403437	0.04600625
1.406771	0.04581902
1.410104	0.04565853
1.413437	0.04552479
1.416771	0.0454178
1.420104	0.0453643
1.423437	0.04539105
1.426771	0.0454713
1.430104	0.04560503
1.433437	0.04579227
1.436771	0.0459795
1.440104	0.04619349
1.443437	0.04640747
1.446771	0.04656796
1.450104	0.0467017
1.453437	0.04678194
1.456771	0.04683543
1.460104	0.04680869
1.463438	0.04678194
1.466771	0.0467017
1.470104	0.04662145
1.473438	0.04654121
1.476771	0.04646096
1.480104	0.04640747
1.483438	0.04638072
1.486771	0.04635397
1.490104	0.04638072
1.493438	0.04638072
1.496771	0.04643422
1.500104	0.04646096
1.503438	0.04651446
1.506771	0.04654121
1.510104	0.0465947
1.513438	0.0465947
1.516771	0.0465947
1.520104	0.04656796
1.523438	0.04651446
1.526771	0.04643422
1.530104	0.04632723
1.533437	0.04622023
1.536771	0.0460865
1.540104	0.0459795
1.543437	0.04584576
1.546771	0.04576552
1.550104	0.04568528
1.553437	0.04563178
1.556771	0.04560503
1.560104	0.04560503
1.563437	0.04560503
1.566771	0.04563178
1.570104	0.04563178
1.573437	0.04565853
1.576771	0.04568528
1.580104	0.04568528
1.583437	0.04568528
1.586771	0.04568528
1.590104	0.04568528
1.593438	0.04568528
1.596771	0.04565853
1.600104	0.04565853
1.603438	0.04565853
1.606771	0.04565853
1.610104	0.04568528
1.613438	0.04571203
1.616771	0.04576552
1.620104	0.04579227
1.623438	0.04581902
1.626771	0.04581902
1.630104	0.04581902
1.633438	0.04576552
1.636771	0.04571203
1.640104	0.04563178
1.643438	0.04552479
1.646771	0.0454178
1.650104	0.04531081
1.653437	0.04517707
1.656771	0.04504333
1.660104	0.04490959
1.663437	0.0447491
1.666771	0.04456187
1.670104	0.04437463
1.673437	0.0441874
1.676771	0.04397342
1.680104	0.04381293
1.683437	0.04365244
1.686771	0.04354545
1.690104	0.0435187
1.693437	0.04354545
1.696771	0.04365244
1.700104	0.04381293
1.703437	0.04402691
1.706771	0.04426764
1.710104	0.04450837
1.713438	0.0447491
1.716771	0.04493634
1.720104	0.04507008
1.723438	0.04515032
1.726771	0.04517707
1.730104	0.04512357
1.733438	0.04498983
1.736771	0.04482935
1.740104	0.04464211
1.743438	0.04442813
1.746771	0.0442409
1.750104	0.04408041
1.753438	0.04397342
1.756771	0.04391992
1.760104	0.04391992
1.763438	0.04397342
1.766771	0.04408041
1.770104	0.04421415
1.773438	0.04437463
1.776771	0.04453512
1.780104	0.04469561
1.783437	0.04482935
1.786771	0.04493634
1.790104	0.04504333
1.793437	0.04512357
1.796771	0.04523057
1.800104	0.0453643
1.803437	0.04549804
1.806771	0.04565853
1.810104	0.04584576
1.813437	0.04605975
1.816771	0.04624698
1.820104	0.04643422
1.823437	0.04656796
1.826771	0.04667495
1.830104	0.04672844
1.833437	0.04675519
1.836771	0.04675519
1.840104	0.04672844
1.843438	0.04667495
1.846771	0.04662145
1.850104	0.0465947
1.853438	0.04656796
1.856771	0.04654121
1.860104	0.04654121
1.863438	0.04654121
1.866771	0.04654121
1.870104	0.04656796
1.873438	0.0465947
1.876771	0.0466482
1.880104	0.04672844
1.883438	0.04686218
1.886771	0.04702267
1.890104	0.0472099
1.893438	0.04742389
1.896771	0.04766462
1.900104	0.04790535
1.903437	0.04817283
1.906771	0.0484403
1.910104	0.04870778
1.913437	0.04897526
1.916771	0.04921599
1.920104	0.04945672
1.923437	0.0496707
1.926771	0.04985794
1.930104	0.05001843
1.933437	0.05015216
1.936771	0.05023241
1.940104	0.05031265
1.943437	0.05036615
1.946771	0.05044639
1.950104	0.05049989
1.953437	0.05058013
1.956771	0.05066037
1.960104	0.05079411
1.963438	0.0509011
1.966771	0.05103484
1.970104	0.05116858
1.973438	0.05127557
1.976771	0.05135582
1.980104	0.05140931
1.983438	0.05143606
1.986771	0.05140931
1.990104	0.05135582
1.993438	0.05127557
1.996771	0.05114183
2.000104	0.05100809
2.003438	0.05084761
2.006771	0.05071387
2.010104	0.05058013
2.013438	0.05047314
2.016771	0.05041964
2.020104	0.05041964
2.023438	0.05047314
2.026771	0.05060688
2.030104	0.05076736
2.033437	0.0509546
2.036771	0.05114183
2.040104	0.05130232
2.043437	0.05143606
2.046771	0.05148956
2.050104	0.05148956
2.053437	0.05143606
2.056771	0.05130232
2.060104	0.05114183
2.063437	0.0509546
2.066771	0.05074062
2.070104	0.05055338
2.073437	0.05036615
2.076771	0.05020566
2.080104	0.05009867
2.083437	0.04999168
2.086771	0.04991143
2.090104	0.04985794
2.093437	0.04980444
2.096771	0.04975095
2.100104	0.0497242
2.103437	0.0496707
2.106771	0.04959046
2.110104	0.04951022
2.113437	0.04937648
2.116771	0.04924274
2.120104	0.049109
2.123437	0.04897526
2.126771	0.04884152
2.130104	0.04870778
2.133437	0.04860079
2.136771	0.0484938
2.140104	0.04841356
2.143437	0.04833331
2.146771	0.04825307
2.150104	0.04814608
2.153438	0.04803909
2.156771	0.04790535
2.160104	0.04774486
2.163438	0.04758437
2.166771	0.04739714
2.170104	0.04723665
2.173438	0.04707616
2.176771	0.04691568
2.180104	0.04680869
2.183438	0.0467017
2.186771	0.04662145
2.190104	0.04654121
2.193438	0.04648771
2.196771	0.04643422
2.200104	0.04640747
2.203438	0.04638072
2.206771	0.04635397
2.210104	0.04630048
2.213438	0.04627373
2.216771	0.04624698
2.220104	0.04624698
2.223438	0.04624698
2.226771	0.04627373
2.230104	0.04632723
2.233438	0.04638072
2.236771	0.04643422
2.240104	0.04648771
2.243438	0.04654121
2.246771	0.04656796
2.250104	0.04656796
2.253438	0.04654121
2.256771	0.04646096
2.260104	0.04638072
2.263438	0.04627373
2.266771	0.04619349
2.270104	0.04611324
2.273438	0.046033
2.276771	0.04600625
2.280104	0.0459795
2.283437	0.04600625
2.286771	0.046033
2.290104	0.0460865
2.293437	0.04613999
2.296771	0.04616674
2.300104	0.04616674
2.303437	0.04613999
2.306771	0.04611324
2.310104	0.0460865
2.313437	0.046033
2.316771	0.0459795
2.320104	0.04592601
2.323437	0.04589926
2.326771	0.04584576
2.330104	0.04581902
2.333437	0.04579227
2.336771	0.04573877
2.340104	0.04565853
2.343437	0.04557829
2.346771	0.04549804
2.350104	0.04539105
2.353437	0.04525731
2.356771	0.04515032
2.360104	0.04504333
2.363437	0.04490959
2.366771	0.0448026
2.370104	0.04472236
2.373437	0.04464211
2.376771	0.04453512
2.380104	0.04445488
2.383437	0.04437463
2.386771	0.04432114
2.390104	0.04426764
2.393437	0.0442409
2.396771	0.04421415
2.400104	0.04421415
2.403438	0.0442409
2.406771	0.04426764
2.410104	0.04429439
2.413438	0.04434789
2.416771	0.04440138
2.420104	0.04445488
2.423438	0.04450837
2.426771	0.04456187
2.430104	0.04461537
2.433438	0.04466886
2.436771	0.0447491
2.440104	0.04482935
2.443438	0.04488284
2.446771	0.04493634
2.450104	0.04498983
2.453438	0.04504333
2.456771	0.04507008
2.460104	0.04509683
2.463438	0.04509683
2.466771	0.04509683
2.470104	0.04507008
2.473438	0.04501658
2.476771	0.04496309
2.480104	0.04490959
2.483438	0.04482935
2.486771	0.04477585
2.490104	0.04472236
2.493438	0.04469561
2.496771	0.04466886
2.500104	0.04464211
2.503438	0.04464211
2.506771	0.04461537
2.510104	0.04461537
2.513438	0.04461537
2.516771	0.04461537
2.520104	0.04458862
2.523438	0.04456187
2.526771	0.04453512
2.530104	0.04448163
2.533437	0.04442813
2.536771	0.04434789
2.540104	0.0442409
2.543437	0.04410716
2.546771	0.04394667
2.550104	0.04378618
2.553437	0.04359895
2.556771	0.04343846
2.560104	0.04327797
2.563437	0.04314424
2.566771	0.04303724
2.570104	0.04298375
2.573437	0.042957
2.576771	0.04293025
2.580104	0.042957
2.583437	0.04298375
2.586771	0.04303724
2.590104	0.04309074
2.593437	0.04314424
2.596771	0.04322448
2.600104	0.04330472
2.603437	0.04341171
2.606771	0.0435187
2.610104	0.04365244
2.613437	0.04378618
2.616771	0.04391992
2.620104	0.04405366
2.623437	0.0441874
2.626771	0.04432114
2.630104	0.04442813
2.633437	0.04450837
2.636771	0.04458862
2.640104	0.04464211
2.643437	0.04466886
2.646771	0.04466886
2.650104	0.04464211
2.653438	0.04458862
2.656771	0.04448163
2.660104	0.04437463
2.663438	0.04426764
2.666771	0.04410716
2.670104	0.04397342
2.673438	0.04383968
2.676771	0.04373269
2.680104	0.04365244
2.683438	0.04359895
2.686771	0.04359895
2.690104	0.0436257
2.693438	0.04367919
2.696771	0.04375943
2.700104	0.04386643
2.703438	0.04397342
2.706771	0.04410716
2.710104	0.0442409
2.713438	0.04437463
2.716771	0.04450837
2.720104	0.04464211
2.723438	0.04477585
2.726771	0.04490959
2.730104	0.04509683
2.733438	0.04525731
2.736771	0.04544455
2.740104	0.04565853
2.743438	0.04587251
2.746771	0.04611324
2.750104	0.04632723
2.753438	0.04654121
2.756771	0.04672844
2.760104	0.04691568
2.763438	0.04704942
2.766771	0.04715641
2.770104	0.0472099
2.773438	0.04723665
2.776771	0.0472634
2.780104	0.0472634
2.783437	0.04729015
2.786771	0.04729015
2.790104	0.0473169
2.793437	0.04737039
2.796771	0.04739714
2.800104	0.04742389
2.803437	0.04745064
2.806771	0.04747738
2.810104	0.04745064
2.813437	0.04742389
2.816771	0.04739714
2.820104	0.04734364
2.823437	0.04729015
2.826771	0.0472634
2.830104	0.0472634
2.833437	0.0472634
2.836771	0.0472634
2.840104	0.0472634
2.843437	0.0472634
2.846771	0.0472634
2.850104	0.0472634
2.853437	0.0472634
2.856771	0.04723665
2.860104	0.0472099
2.863437	0.04718316
2.866771	0.04715641
2.870104	0.04710291
2.873437	0.04704942
2.876771	0.04696917
2.880104	0.04688893
2.883437	0.04678194
2.886771	0.0466482
2.890104	0.04654121
2.893437	0.04640747
2.896771	0.04632723
2.900104	0.04627373
2.903438	0.04624698
2.906771	0.04624698
2.910104	0.04630048
2.913438	0.04638072
2.916771	0.04646096
2.920104	0.04656796
2.923438	0.04662145
2.926771	0.0467017
2.930104	0.04672844
2.933438	0.0467017
2.936771	0.04667495
2.940104	0.0465947
2.943438	0.04651446
2.946771	0.04643422
2.950104	0.04635397
2.953438	0.04627373
2.956771	0.04622023
2.960104	0.04613999
2.963438	0.0460865
2.966771	0.04605975
2.970104	0.04600625
2.973438	0.04595276
2.976771	0.04589926
2.980104	0.04587251
2.983438	0.04584576
2.986771	0.04584576
2.990104	0.04587251
2.993438	0.04592601
2.996771	0.0459795
3.000104	0.04605975
3.003438	0.04611324
3.006771	0.04616674
3.010104	0.04619349
3.013438	0.04622023
3.016771	0.04619349
3.020104	0.04619349
3.023438	0.04616674
3.026771	0.04611324
3.030104	0.0460865
3.033437	0.04605975
3.036771	0.046033
3.040104	0.04600625
3.043437	0.04595276
3.046771	0.04587251
3.050104	0.04576552
3.053437	0.04563178
3.056771	0.04544455
3.060104	0.04523057
3.063437	0.04501658
3.066771	0.04477585
3.070104	0.04456187
3.073437	0.04434789
3.076771	0.0441874
3.080104	0.04405366
3.083437	0.04397342
3.086771	0.04391992
3.090104	0.04386643
3.093437	0.04381293
3.096771	0.04375943
3.100104	0.04370594
3.103437	0.04365244
3.106771	0.0435722
3.110104	0.0435187
3.113437	0.04346521
3.116771	0.04343846
3.120104	0.04343846
3.123437	0.0435187
3.126771	0.04359895
3.130104	0.04370594
3.133437	0.04381293
3.136771	0.04386643
3.140104	0.04391992
3.143437	0.04391992
3.146771	0.04383968
3.150104	0.04373269
3.153438	0.0435722
3.156771	0.04338497
3.160104	0.04325123
3.163438	0.04314424
3.166771	0.04311749
3.170104	0.04317098
3.173438	0.04327797
3.176771	0.04343846
3.180104	0.04367919
3.183438	0.04391992
3.186771	0.04416065
3.190104	0.04434789
3.193438	0.04450837
3.196771	0.04458862
3.200104	0.04461537
3.203438	0.04458862
3.206771	0.04456187
3.210104	0.04450837
3.213438	0.04445488
3.216771	0.04445488
3.220104	0.04448163
3.223438	0.04453512
3.226771	0.04464211
3.230104	0.04477585
3.233438	0.04490959
3.236771	0.04501658
3.240104	0.04512357
3.243438	0.04523057
3.246771	0.04531081
3.250104	0.0454178
3.253438	0.04549804
3.256771	0.04563178
3.260104	0.04579227
3.263438	0.0459795
3.266771	0.04619349
3.270104	0.04643422
3.273438	0.0467017
3.276771	0.04696917
3.280104	0.04723665
3.283437	0.04753088
3.286771	0.04779836
3.290104	0.04806583
3.293437	0.04838681
3.296771	0.04870778
3.300104	0.0490555
3.303437	0.04942997
3.306771	0.04983119
3.310104	0.05023241
3.313437	0.05066037
3.316771	0.05106159
3.320104	0.05148956
3.323437	0.05189077
3.326771	0.05231874
3.330104	0.0527467
3.333437	0.05317467
3.336771	0.05362938
3.340104	0.05408409
3.343437	0.05461905
3.346771	0.05515401
3.350104	0.05576921
3.353437	0.05641116
3.356771	0.05713335
3.360104	0.05793578
3.363437	0.05879171
3.366771	0.05970114
3.370104	0.06069081
3.373437	0.06170722
3.376771	0.06272364
3.380104	0.06376681
3.383437	0.06480997
3.386771	0.06582639
3.390104	0.06686955
3.393437	0.06791272
3.396771	0.06900938
3.400104	0.07013279
3.403438	0.07133644
3.406771	0.07259359
3.410104	0.07393098
3.413438	0.07537536
3.416771	0.07687324
3.420104	0.07847811
3.423438	0.08016322
3.426771	0.08190183
3.430104	0.08369393
3.433438	0.08551278
3.436771	0.08741188
3.440104	0.08931098
3.443438	0.09121007
3.446771	0.09313592
3.450104	0.09508851
3.453438	0.0970411
3.456771	0.09904719
3.460104	0.10108
3.463438	0.1032198
3.466771	0.1054132
3.470104	0.1077135
3.473438	0.1101475
3.476771	0.1126618
3.480104	0.1152831
3.483438	0.1179579
3.486771	0.1207129
3.490104	0.1235214
3.493438	0.1263567
3.496771	0.129192
3.500104	0.1320807
3.503438	0.1349963
3.506771	0.1379385
3.510104	0.1409075
3.513438	0.1439568
3.516771	0.1470863
3.520104	0.1502693
3.523438	0.1535058
3.526771	0.156876
3.530104	0.1602997
3.533437	0.1638572
3.536771	0.1674949
3.540104	0.1712396
3.543437	0.1750645
3.546771	0.1789697
3.550104	0.1829551
3.553437	0.1870208
3.556771	0.1911667
3.560104	0.1953661
3.563437	0.1996725
3.566771	0.2040324
3.570104	0.208526
3.573437	0.2131534
3.576771	0.2178878
3.580104	0.2227826
3.583437	0.227838
3.586771	0.2330805
3.590104	0.2384836
3.593437	0.2440471
3.596771	0.2497712
3.600104	0.2557092
3.603437	0.2617809
3.606771	0.2680132
3.610104	0.2744059
3.613437	0.2809591
3.616771	0.2876461
3.620104	0.2944668
3.623437	0.3014479
3.626771	0.3085629
3.630104	0.3158383
3.633437	0.3232474
3.636771	0.3307903
3.640104	0.3384402
3.643437	0.3462238
3.646771	0.3540877
3.650104	0.3619783
3.653438	0.3698956
3.656771	0.3777595
3.660104	0.3855431
3.663438	0.3932197
3.666771	0.4007626
3.670104	0.4081718
3.673438	0.4153937
3.676771	0.4224819
3.680104	0.4293828
3.683438	0.43615
3.686771	0.4427032
3.690104	0.4490692
3.693438	0.4552479
3.696771	0.4611592
3.700104	0.4668298
3.703438	0.4722061
3.706771	0.4772882
3.710104	0.482076
3.713438	0.4865696
3.716771	0.4907691
3.720104	0.4947277
3.723438	0.4984724
3.726771	0.5020566
3.730104	0.5054803
3.733438	0.5088238
3.736771	0.5121405
3.740104	0.5154573
3.743438	0.5188275
3.746771	0.5223315
3.750104	0.5259959
3.753438	0.5299011
3.756771	0.5341005
3.760104	0.5386744
3.763438	0.5436762
3.766771	0.5492398
3.770104	0.5554185
3.773438	0.5622927
3.776771	0.5699961
3.780104	0.5786356
3.783437	0.5882648
3.786771	0.5990175
3.790104	0.6110005
3.793437	0.6242675
3.796771	0.6388985
3.800104	0.6549472
3.803437	0.6724938
3.806771	0.6915382
3.810104	0.7120806
3.813437	0.7341475
3.816771	0.7577658
3.820104	0.7828553
3.823437	0.8094426
3.826771	0.8374743
3.830104	0.8668969
3.833437	0.8976302
3.836771	0.9296206
3.840104	0.9627076
3.843437	0.9967843
3.846771	1.031663
3.850104	1.067185
3.853437	1.10316
3.856771	1.139404
3.860104	1.175727
3.863437	1.211917
3.866771	1.247813
3.870104	1.283173
3.873437	1.317839
3.876771	1.351621
3.880104	1.384334
3.883437	1.415789
3.886771	1.445773
3.890104	1.474099
3.893437	1.50058
3.896771	1.525081
3.900104	1.547388
3.903438	1.567422
3.906771	1.585023
3.910104	1.600082
3.913438	1.612573
3.916771	1.622389
3.920104	1.629558
3.923438	1.634051
3.926771	1.635897
3.930104	1.635094
3.933438	1.631671
3.936771	1.625733
3.940104	1.617334
3.943438	1.606528
3.946771	1.593475
3.950104	1.578202
3.953438	1.560923
3.956771	1.541718
3.960104	1.520774
3.963438	1.498226
3.966771	1.47426
3.970104	1.44901
3.973438	1.422663
3.976771	1.395354
3.980104	1.367242
3.983438	1.338488
3.986771	1.309226
3.990104	1.279589
3.993438	1.249712
3.996771	1.219754
4.000104	1.189823
4.003438	1.16008
4.006771	1.13063
4.010104	1.101609
4.013437	1.073123
4.016771	1.045225
4.020104	1.018049
4.023438	0.991622
4.026771	0.9660778
4.030104	0.9414431
4.033438	0.917798
4.036771	0.8951694
4.040104	0.8736374
4.043437	0.8532823
4.046771	0.8341844
4.050104	0.8163703
4.053438	0.8000006
4.056771	0.7851021
4.060104	0.7717817
4.063437	0.7601196
4.066771	0.7501962
4.070104	0.7421719
4.073438	0.7361268
4.076771	0.7322217
4.080104	0.7306168
4.083437	0.7314995
4.086771	0.7350837
4.090104	0.7416369
4.093438	0.7514801
4.096771	0.7649075
4.100104	0.7823203
4.103437	0.8040663
4.106771	0.8306269
4.110104	0.8624301
4.113438	0.899984
4.116771	0.9438236
4.120104	0.9945375
4.123437	1.052661
4.126771	1.118808
4.130104	1.193595
4.133438	1.277663
4.136771	1.371655
4.140104	1.476159
4.143437	1.591763
4.146771	1.719056
4.150104	1.858492
4.153438	2.010553
4.156771	2.175561
4.160104	2.353835
4.163437	2.545537
4.166771	2.750773
4.170104	2.969463
4.173438	3.201474
4.176771	3.446403
4.180104	3.703798
4.183437	3.972988
4.186771	4.253144
4.190104	4.543278
4.193438	4.842159
4.196771	5.148528
4.200104	5.460862
4.203437	5.77761
4.206771	6.097006
4.210104	6.417311
4.213438	6.736573
4.216771	7.052866
4.220104	7.364183
4.223437	7.668493
4.226771	7.963736
4.230104	8.247958
4.233438	8.519154
4.236771	8.775425
4.240104	9.015006
4.243437	9.236211
4.246771	9.437568
4.250104	9.617661
4.253438	9.77542
4.256771	9.909801
4.260104	10.02014
4.263437	10.10586
4.266771	10.16669
4.270104	10.2025
4.273438	10.21347
4.276771	10.19988
4.280104	10.16227
4.283438	10.1014
4.286771	10.0181
4.290104	9.913412
4.293437	9.788527
4.296771	9.644704
4.300104	9.483334
4.303438	9.305916
4.306771	9.114
4.310104	8.909112
4.313437	8.692935
4.316771	8.467023
4.320104	8.233033
4.323438	7.992516
4.326771	7.746971
4.330104	7.497896
4.333437	7.246653
4.336771	6.994582
4.340104	6.742832
4.343438	6.492606
4.346771	6.244868
4.350104	6.00058
4.353437	5.760572
4.356771	5.525565
4.360104	5.29623
4.363438	5.073099
4.366771	4.856576
4.370104	4.64706
4.373437	4.444792
4.376771	4.249961
4.380104	4.062673
4.383438	3.882981
4.386771	3.710832
4.390104	3.5462
4.393437	3.388949
4.396771	3.238947
4.400104	3.096034
4.403438	2.960021
4.406771	2.830669
4.410104	2.707762
4.413437	2.591035
4.416771	2.480245
4.420104	2.375127
4.423438	2.275411
4.426771	2.180857
4.430104	2.091171
4.433437	2.006087
4.436771	1.925415
4.440104	1.84889
4.443438	1.776296
4.446771	1.707421
4.450104	1.642076
4.453437	1.580047
4.456771	1.521149
4.460104	1.465192
4.463438	1.412018
4.466771	1.361464
4.470104	1.313398
4.473437	1.26766
4.476771	1.224141
4.480104	1.182735
4.483438	1.143362
4.486771	1.105889
4.490104	1.070234
4.493437	1.036318
4.496771	1.004006
4.500104	0.973273
4.503438	0.9439841
4.506771	0.9160594
4.510104	0.8894186
4.513437	0.8640082
4.516771	0.8397747
4.520104	0.8166645
4.523438	0.7946511
4.526771	0.7737075
4.530104	0.7538072
4.533438	0.7348964
4.536771	0.7169487
4.540104	0.699937
4.543437	0.6837814
4.546771	0.6684549
4.550104	0.6539308
4.553438	0.6401824
4.556771	0.6272097
4.560104	0.614986
4.563437	0.6035111
4.566771	0.592812
4.570104	0.582835
4.573438	0.5736338
4.576771	0.5651547
4.580104	0.5573978
4.583437	0.5503899
4.586771	0.5441042
4.590104	0.5385406
4.593438	0.5337528
4.596771	0.5297139
4.600104	0.5265041
4.603437	0.5241236
4.606771	0.5226524
4.610104	0.5220907
4.613438	0.5225454
4.616771	0.5240433
4.620104	0.5266646
4.623437	0.5304628
4.626771	0.5355449
4.630104	0.5420179
4.633438	0.549962
4.636771	0.5595109
4.640104	0.5707985
4.643437	0.5839584
4.646771	0.5990977
4.650104	0.6163768
4.653438	0.6360097
4.656771	0.6581034
4.660104	0.6828719
4.663437	0.7104757
4.666771	0.7411019
4.670104	0.7749647
4.673438	0.8122244
4.676771	0.8530951
4.680104	0.8977639
4.683437	0.9463647
4.686771	0.9991381
4.690104	1.056191
4.693438	1.117684
4.696771	1.183805
4.700104	1.254687
4.703437	1.33041
4.706771	1.411108
4.710104	1.496888
4.713438	1.587885
4.716771	1.684123
4.720104	1.785738
4.723437	1.89281
4.726771	2.005445
4.730104	2.123724
4.733438	2.247807
4.736771	2.377882
4.740104	2.514108
4.743437	2.656754
4.746771	2.806221
4.750104	2.962883
4.753438	3.127409
4.756771	3.300494
4.760104	3.483075
4.763437	3.676328
4.766771	3.881644
4.770104	4.100735
4.773438	4.335608
4.776771	4.588562
4.780104	4.86238
4.783438	5.16011
4.786771	5.485363
4.790104	5.842126
4.793437	6.234837
4.796771	6.668446
4.800104	7.148355
4.803438	7.68045
4.806771	8.271015
4.810104	8.926792
4.813437	9.654734
4.816771	10.46217
4.820104	11.35648
4.823438	12.34527
4.826771	13.43599
4.830104	14.63609
4.833437	15.95261
4.836771	17.39232
4.840104	18.96126
4.843438	20.66473
4.846771	22.50712
4.850104	24.49162
4.853437	26.62
4.856771	28.89254
4.860104	31.30779
4.863438	33.86245
4.866771	36.5513
4.870104	39.36715
4.873437	42.30083
4.876771	45.34106
4.880104	48.4746
4.883438	51.68621
4.886771	54.95886
4.890104	58.27374
4.893437	61.61042
4.896771	64.94708
4.900104	68.26073
4.903438	71.52751
4.906771	74.72299
4.910104	77.82263
4.913437	80.80202
4.916771	83.63729
4.920104	86.30549
4.923438	88.78493
4.926771	91.0555
4.930104	93.09896
4.933437	94.89916
4.936771	96.44235
4.940104	97.71721
4.943438	98.71495
4.946771	99.42971
4.950104	99.85818
4.953437	100
4.956771	99.85741
4.960104	99.43535
4.963438	98.74141
4.966771	97.78541
4.970104	96.5796
4.973437	95.13805
4.976771	93.47671
4.980104	91.6129
4.983438	89.56511
4.986771	87.35267
4.990104	84.99535
4.993437	82.51329
4.996771	79.92656
5.000104	77.25496
5.003438	74.51783
5.006771	71.73389
5.010104	68.921
5.013437	66.09617
5.016771	63.27531
5.020104	60.47329
5.023438	57.70366
5.026771	54.97863
5.030104	52.30906
5.033438	49.70449
5.036771	47.17308
5.040104	44.72158
5.043437	42.35555
5.046771	40.07926
5.050104	37.89578
5.053438	35.80723
5.056771	33.81476
5.060104	31.91874
5.063437	30.11864
5.066771	28.41338
5.070104	26.80124
5.073438	25.27993
5.076771	23.84686
5.080104	22.49899
5.083437	21.23304
5.086771	20.04543
5.090104	18.93248
5.093438	17.89042
5.096771	16.9154
5.100104	16.00362
5.103437	15.15133
5.106771	14.35486
5.110104	13.6106
5.113438	12.91516
5.116771	12.26516
5.120104	11.65748
5.123437	11.08911
5.126771	10.55713
5.130104	10.05884
5.133438	9.591689
5.136771	9.153266
5.140104	8.741402
5.143437	8.35404
5.146771	7.98928
5.150104	7.645437
5.153438	7.320879
5.156771	7.014215
5.160104	6.724108
5.163437	6.449328
5.166771	6.188697
5.170104	5.941226
5.173438	5.705953
5.176771	5.481993
5.180104	5.268572
5.183437	5.064941
5.186771	4.870511
5.190104	4.684721
5.193438	4.507062
5.196771	4.337106
5.200104	4.174479
5.203437	4.018807
5.206771	3.869768
5.210104	3.727041
5.213438	3.590414
5.216771	3.45959
5.220104	3.334384
5.223437	3.214553
5.226771	3.099966
5.230104	2.990433
5.233438	2.885796
5.236771	2.785946
5.240104	2.690724
5.243437	2.600049
5.246771	2.513734
5.250104	2.431698
5.253438	2.353808
5.256771	2.279931
5.260104	2.209932
5.263437	2.143704
5.266771	2.081087
5.270104	2.022002
5.273438	1.966286
5.276771	1.913833
5.280104	1.864484
5.283438	1.818076
5.286771	1.774477
5.290104	1.7335
5.293437	1.694983
5.296771	1.658766
5.300104	1.624636
5.303438	1.592485
5.306771	1.562126
5.310104	1.533399
5.313437	1.506197
5.316771	1.480332
5.320104	1.45567
5.323438	1.432052
5.326771	1.40937
5.330104	1.387463
5.333437	1.366225
5.336771	1.345496
5.340104	1.325167
5.343438	1.30516
5.346771	1.285393
5.350104	1.265787
5.353437	1.246288
5.356771	1.226842
5.360104	1.207477
5.363438	1.188085
5.366771	1.168666
5.370104	1.14922
5.373437	1.129721
5.376771	1.110142
5.380104	1.090509
5.383438	1.070796
5.386771	1.051029
5.390104	1.031209
5.393437	1.011389
5.396771	0.9915417
5.400104	0.9717216
5.403438	0.951955
5.406771	0.9322686
5.410104	0.9126892
5.413437	0.8932703
5.416771	0.8740386
5.420104	0.8550744
5.423438	0.8363509
5.426771	0.8179484
5.430104	0.7998669
5.433437	0.7821331
5.436771	0.764747
5.440104	0.7477354
5.443438	0.7310983
5.446771	0.7148356
5.450104	0.6989474
5.453437	0.6834069
5.456771	0.6682676
5.460104	0.6535028
5.463438	0.639166
5.466771	0.6252036
5.470104	0.6116692
5.473437	0.598536
5.476771	0.5858308
5.480104	0.5735268
5.483438	0.5615973
5.486771	0.5500422
5.490104	0.5388616
5.493437	0.5279752
5.496771	0.5174366
5.500104	0.5071922
5.503438	0.497242
5.506771	0.4876128
5.510104	0.4782778
5.513437	0.4692371
5.516771	0.4604905
5.520104	0.4520382
5.523438	0.4438801
5.526771	0.4359628
5.530104	0.4283129
5.533438	0.420877
5.536771	0.4136818
5.540104	0.4066472
5.543437	0.3997997
5.546771	0.3931395
5.550104	0.386613
5.553438	0.3802471
5.556771	0.3740148
5.560104	0.3679431
5.563437	0.362005
5.566771	0.3562275
5.570104	0.3506105
5.573438	0.3451807
5.576771	0.3399113
5.580104	0.3348025
5.583437	0.3298541
5.586771	0.3250395
5.590104	0.3203587
5.593438	0.3157848
5.596771	0.3112644
5.600104	0.3067975
5.603437	0.3024109
5.606771	0.298051
5.610104	0.2937713
5.613438	0.2895719
5.616771	0.2854527
5.620104	0.2814138
5.623437	0.2775086
5.626771	0.2737372
5.630104	0.2700728
5.633438	0.2664886
5.636771	0.2629846
5.640104	0.2595074
5.643437	0.2560302
5.646771	0.2525797
5.650104	0.2491292
5.653438	0.2456788
5.656771	0.2422015
5.660104	0.2386976
5.663437	0.2352204
5.666771	0.2317699
5.670104	0.2283194
5.673438	0.2249492
5.676771	0.221579
5.680104	0.218289
5.683437	0.2150257
5.686771	0.2118428
5.690104	0.2087133
5.693438	0.2056373
5.696771	0.2026415
5.700104	0.199726
5.703437	0.1968372
5.706771	0.1940287
5.710104	0.1912202
5.713438	0.1884651
5.716771	0.1857101
5.720104	0.1829818
5.723437	0.1802536
5.726771	0.177552
5.730104	0.1748505
5.733438	0.1722292
5.736771	0.1696347
5.740104	0.1671204
5.743437	0.1646596
5.746771	0.162279
5.750104	0.159952
5.753438	0.1576784
5.756771	0.1555118
5.760104	0.1533988
5.763437	0.1513392
5.766771	0.1493866
5.770104	0.1475142
5.773438	0.1457221
5.776771	0.1439835
5.780104	0.1423252
5.783438	0.1407203
5.786771	0.1391689
5.790104	0.1376443
5.793437	0.1361464
5.796771	0.1346753
5.800104	0.1332309
5.803438	0.1318133
5.806771	0.1304491
5.810104	0.1291117
5.813437	0.1278546
5.816771	0.1266242
5.820104	0.1254473
5.823438	0.1243239
5.826771	0.1232272
5.830104	0.122184
5.833437	0.1211676
5.836771	0.1202047
5.840104	0.1192418
5.843438	0.1183324
5.846771	0.1174497
5.850104	0.1166472
5.853437	0.1158983
5.856771	0.1152029
5.860104	0.1145877
5.863438	0.1140527
5.866771	0.1135445
5.870104	0.1130898
5.873437	0.1126351
5.876771	0.1122071
5.880104	0.1117791
5.883438	0.1113244
5.886771	0.110843
5.890104	0.1103348
5.893437	0.1097998
5.896771	0.1092114
5.900104	0.1086497
5.903438	0.1080879
5.906771	0.107553
5.910104	0.107018
5.913437	0.1064831
5.916771	0.1060016
5.920104	0.1055202
5.923438	0.1050387
5.926771	0.1045572
5.930104	0.1040223
5.933437	0.1034338
5.936771	0.1028186
5.940104	0.1021499
5.943438	0.1014545
5.946771	0.1007323
5.950104	0.1000101
5.953437	0.09928792
5.956771	0.09861922
5.960104	0.09800402
5.963438	0.09744232
5.966771	0.09693411
5.970104	0.09647939
5.973437	0.09607818
5.976771	0.09570371
5.980104	0.09535599
5.983438	0.09498152
5.986771	0.0946338
5.990104	0.09423258
5.993437	0.09380461
5.996771	0.09337665
6.000104	0.09289519
6.003438	0.09238698
6.006771	0.09187877
6.010104	0.09137056
6.013437	0.09086235
6.016771	0.09038089
6.020104	0.08992618
6.023438	0.08952496
6.026771	0.08912374
6.030104	0.08877602
6.033438	0.0884283
6.036771	0.08808058
6.040104	0.08773285
6.043437	0.08735838
6.046771	0.08695717
6.050104	0.0865827
6.053438	0.08620823
6.056771	0.08586051
6.060104	0.08553953
6.063437	0.08527205
6.066771	0.08503132
6.070104	0.08487084
6.073438	0.0847371
6.076771	0.08465685
6.080104	0.08454986
6.083437	0.08441612
6.086771	0.08428239
6.090104	0.08409515
6.093438	0.08390792
6.096771	0.08369393
6.100104	0.0834532
6.103437	0.08321247
6.106771	0.082945
6.110104	0.08267752
6.113438	0.08243679
6.116771	0.08216931
6.120104	0.08192858
6.123437	0.08168785
6.126771	0.08144712
6.130104	0.08120639
6.133438	0.08096566
6.136771	0.08075167
6.140104	0.08051094
6.143437	0.08029696
6.146771	0.08008298
6.150104	0.07984225
6.153438	0.07957477
6.156771	0.07930729
6.160104	0.07901307
6.163437	0.07871884
6.166771	0.07839787
6.170104	0.07805014
6.173438	0.07767567
6.176771	0.07727446
6.180104	0.07684649
6.183437	0.07639178
6.186771	0.07588357
6.190104	0.07534861
6.193438	0.07478691
6.196771	0.07422521
6.200104	0.0736635
6.203437	0.07312855
6.206771	0.07267383
6.210104	0.07224587
6.213438	0.07192489
6.216771	0.07165741
6.220104	0.07144343
6.223437	0.07128294
6.226771	0.0711492
6.230104	0.07101547
6.233438	0.07088173
6.236771	0.07072124
6.240104	0.070534
6.243437	0.07032002
6.246771	0.07005254
6.250104	0.06975832
6.253438	0.06946409
6.256771	0.06914312
6.260104	0.06884889
6.263437	0.06858141
6.266771	0.06834068
6.270104	0.0681267
6.273438	0.06793947
6.276771	0.06777898
6.280104	0.06764524
6.283438	0.06748475
6.286771	0.06732427
6.290104	0.06713703
6.293437	0.06692305
6.296771	0.06668232
6.300104	0.06641484
6.303438	0.06614736
6.306771	0.06587988
6.310104	0.06563915
6.313437	0.06542517
6.316771	0.06523794
6.320104	0.0651042
6.323438	0.06499721
6.326771	0.06489022
6.330104	0.06480997
6.333437	0.06470298
6.336771	0.06459599
6.340104	0.06446225
6.343438	0.06430176
6.346771	0.06416802
6.350104	0.06400754
6.353437	0.06384705
6.356771	0.06371331
6.360104	0.06357957
6.363438	0.06344583
6.366771	0.06333884
6.370104	0.06323185
6.373437	0.06312486
6.376771	0.06299112
6.380104	0.06285738
6.383438	0.06272364
6.386771	0.0625899
6.390104	0.06245616
6.393437	0.06234917
6.396771	0.06226893
6.400104	0.06216194
6.403438	0.06210844
6.406771	0.06205495
6.410104	0.06200145
6.413437	0.06194795
6.416771	0.06189446
6.420104	0.06184096
6.423438	0.06181422
6.426771	0.06181422
6.430104	0.06184096
6.433437	0.06189446
6.436771	0.06200145
6.440104	0.06216194
6.443438	0.06237592
6.446771	0.06261665
6.450104	0.06293762
6.453437	0.06328535
6.456771	0.06368656
6.460104	0.06411453
6.463438	0.06459599
6.466771	0.0651042
6.470104	0.06563915
6.473437	0.06617411
6.476771	0.06670907
6.480104	0.06716378
6.483438	0.067565
6.486771	0.06791272
6.490104	0.0681802
6.493437	0.06836743
6.496771	0.06850117
6.500104	0.06855467
6.503438	0.06858141
6.506771	0.06858141
6.510104	0.06858141
6.513437	0.06858141
6.516771	0.06858141
6.520104	0.06858141
6.523438	0.06855467
6.526771	0.06850117
6.530104	0.06842093
6.533438	0.06834068
6.536771	0.06823369
6.540104	0.0681267
6.543437	0.06799296
6.546771	0.06783248
6.550104	0.06769874
6.553438	0.067565
6.556771	0.06740451
6.560104	0.06724402
6.563437	0.06708354
6.566771	0.06686955
6.570104	0.06662882
6.573438	0.06636135
6.576771	0.06601362
6.580104	0.06561241
6.583437	0.06513095
6.586771	0.06462274
6.590104	0.06400754
6.593438	0.06336559
6.596771	0.0626434
6.600104	0.06189446
6.603437	0.06111877
6.606771	0.06028959
6.610104	0.05946041
6.613438	0.05857773
6.616771	0.0576683
6.620104	0.05667863
6.623437	0.05566222
6.626771	0.05456556
6.630104	0.0533619
6.633438	0.05210476
6.636771	0.05076736
6.640104	0.04934973
6.643437	0.0479321
6.646771	0.04648771
6.650104	0.04509683
6.653438	0.04378618
6.656771	0.04255578
6.660104	0.04145912
6.663437	0.0404962
6.666771	0.03966702
6.670104	0.03899832
6.673438	0.03846337
6.676771	0.03806215
6.680104	0.03779467
6.683437	0.03763418
6.686771	0.03760744
6.690104	0.03768768
6.693438	0.03782142
6.696771	0.0380354
6.700104	0.03832963
6.703437	0.0387041
6.706771	0.03913206
6.710104	0.03964027
6.713438	0.04020198
6.716771	0.04084392
6.720104	0.04159286
6.723437	0.0423953
6.726771	0.04330472
6.730104	0.04426764
6.733438	0.04528406
6.736771	0.04635397
6.740104	0.04739714
6.743437	0.04846705
6.746771	0.04945672
6.750104	0.05041964
6.753438	0.05127557
6.756771	0.05202451
6.760104	0.05269321
6.763437	0.05322816
6.766771	0.05365613
6.770104	0.05392361
6.773438	0.05405735
6.776771	0.05405735
6.780104	0.05387011
6.783438	0.05352239
6.786771	0.05296069
6.790104	0.052185
6.793437	0.05116858
6.796771	0.04991143
6.800104	0.04838681
6.803438	0.0465947
6.806771	0.04453512
6.810104	0.04223481
6.813437	0.03969377
6.816771	0.03691199
6.820104	0.03399648
6.823438	0.03092048
6.826771	0.02776424
6.830104	0.0245545
6.833437	0.02139825
6.836771	0.01829551
6.840104	0.01535325
6.843438	0.01254472
6.846771	0.009976934
6.850104	0.007649874
6.853437	0.005563544
6.856771	0.003798187
6.860104	0.002353805
6.863438	0.001230397
6.866771	0.000454713
6.870104	5.349564e-05
6.873437	0
6.876771	0.000294226
6.880104	0.0009361737
6.883438	0.001872344
6.886771	0.003102744
6.890104	0.004547126
6.893437	0.006205491
6.896771	0.008051091
6.900104	0.01005718
6.903438	0.012197
6.906771	0.01447057
6.910104	0.01687787
6.913437	0.01944566
6.916771	0.02217394
6.920104	0.02503596
6.923438	0.02808521
6.926771	0.03129495
6.930104	0.03466517
6.933437	0.03819589
6.936771	0.04188709
6.940104	0.04568528
6.943438	0.04961721
6.946771	0.05360263
6.950104	0.05761481
6.953437	0.06165373
6.956771	0.06561241
6.960104	0.06949084
6.963438	0.07323554
6.966771	0.07681974
6.970104	0.08021672
6.973437	0.08337296
6.976771	0.08628847
6.980104	0.08893651
6.983438	0.09134381
6.986771	0.09348364
6.990104	0.09535599
6.993437	0.09696086
6.996771	0.09824475
7.000104	0.09920767
7.003438	0.09982287
7.006771	0.1000904
7.010104	0.09995661
7.013437	0.0994484
7.016771	0.09856572
7.020104	0.09730858
7.023438	0.09567696
7.026771	0.09375112
7.030104	0.0915578
7.033438	0.08909699
7.036771	0.08644896
7.040104	0.08364044
7.043437	0.08067143
7.046771	0.07764893
7.050104	0.07457293
7.053438	0.07147018
7.056771	0.06839418
7.060104	0.06539842
7.063437	0.06248291
7.066771	0.05970114
7.070104	0.0571066
7.073438	0.05469929
7.076771	0.05247923
7.080104	0.05047314
7.083437	0.04865429
7.086771	0.04707616
7.090104	0.04568528
7.093438	0.04448163
7.096771	0.04346521
7.100104	0.04263603
7.103437	0.04194058
7.106771	0.04140563
7.110104	0.04103116
7.113438	0.04076368
7.116771	0.04062994
7.120104	0.04062994
7.123437	0.04071018
7.126771	0.04089742
7.130104	0.04119164
7.133438	0.04153937
7.136771	0.04199408
7.140104	0.04247554
7.143437	0.0430105
7.146771	0.0435722
7.150104	0.0441339
7.153438	0.04469561
7.156771	0.04525731
7.160104	0.04581902
7.163437	0.04638072
7.166771	0.04691568
7.170104	0.04747738
7.173438	0.04803909
7.176771	0.04862754
7.180104	0.04921599
7.183437	0.04983119
7.186771	0.05047314
7.190104	0.05108834
7.193438	0.05167679
7.196771	0.05229199
7.200104	0.05290719
7.203437	0.05354914
7.206771	0.05416434
7.210104	0.05480629
7.213438	0.05547498
7.216771	0.05614368
7.220104	0.05683912
7.223437	0.05756131
7.226771	0.05825676
7.230104	0.0589522
7.233438	0.05959415
7.236771	0.06020935
7.240104	0.0607978
7.243437	0.06133275
7.246771	0.06184096
7.250104	0.06234917
7.253438	0.06283063
7.256771	0.06331209
7.260104	0.06379355
7.263437	0.06427501
7.266771	0.06472973
7.270104	0.06515769
7.273438	0.06555891
7.276771	0.06593338
7.280104	0.06622761
7.283438	0.06649508
7.286771	0.06673582
7.290104	0.06692305
7.293437	0.06711028
7.296771	0.06727077
7.300104	0.06740451
7.303438	0.0675115
7.306771	0.06759175
7.310104	0.06761849
7.313437	0.06764524
7.316771	0.06759175
7.320104	0.06753825
7.323438	0.06743126
7.326771	0.06729752
7.330104	0.06713703
7.333437	0.0669498
7.336771	0.06676256
7.340104	0.06654858
7.343438	0.06630785
7.346771	0.06606712
7.350104	0.06582639
7.353437	0.06555891
7.356771	0.06531818
7.360104	0.0650507
7.363438	0.06478322
7.366771	0.06451575
7.370104	0.06427501
7.373437	0.06403428
7.376771	0.06379355
7.380104	0.06355282
7.383438	0.06331209
7.386771	0.06309811
7.390104	0.06285738
7.393437	0.0625899
7.396771	0.06234917
7.400104	0.06208169
7.403438	0.06181422
7.406771	0.06154674
7.410104	0.06125251
7.413437	0.06095829
7.416771	0.06066406
7.420104	0.06039658
7.423438	0.06015585
7.426771	0.05994187
7.430104	0.05975463
7.433437	0.0595674
7.436771	0.05943366
7.440104	0.05935342
7.443438	0.05932667
7.446771	0.05932667
7.450104	0.05935342
7.453437	0.05938016
7.456771	0.05940691
7.460104	0.05940691
7.463438	0.05938016
7.466771	0.05935342
7.470104	0.05924642
7.473437	0.05913943
7.476771	0.05897895
7.480104	0.05884521
7.483438	0.05873822
7.486771	0.05865797
7.490104	0.05863122
7.493437	0.05863122
7.496771	0.05865797
7.500104	0.05868472
7.503438	0.05873822
7.506771	0.05879171
7.510104	0.05879171
7.513437	0.05879171
7.516771	0.05873822
7.520104	0.05865797
7.523438	0.05857773
7.526771	0.05849749
7.530104	0.05841724
7.533438	0.058337
7.536771	0.05823001
7.540104	0.05809627
7.543437	0.05793578
7.546771	0.05777529
7.550104	0.05758806
7.553438	0.05740082
7.556771	0.05718684
7.560104	0.05699961
7.563437	0.05683912
7.566771	0.05670538
7.570104	0.05662514
7.573438	0.05654489
7.576771	0.0564914
7.580104	0.0564379
7.583437	0.05635766
7.586771	0.05625067
7.590104	0.05614368
7.593438	0.05600994
7.596771	0.05590295
7.600104	0.05576921
7.603437	0.05568896
7.606771	0.05563547
7.610104	0.05563547
7.613438	0.05566222
7.616771	0.05568896
7.620104	0.05574246
7.623437	0.05576921
7.626771	0.05576921
7.630104	0.05574246
7.633438	0.05571571
7.636771	0.05568896
7.640104	0.05563547
7.643437	0.05558197
7.646771	0.05555522
7.650104	0.05555522
7.653438	0.05555522
7.656771	0.05555522
7.660104	0.05555522
7.663437	0.05555522
7.666771	0.05550173
7.670104	0.05544823
7.673438	0.05534124
7.676771	0.05523425
7.680104	0.05510051
7.683437	0.05496677
7.686771	0.05485978
7.690104	0.05477954
7.693438	0.05469929
7.696771	0.0546458
7.700104	0.05461905
7.703437	0.0545923
7.706771	0.0545923
7.710104	0.0545923
7.713438	0.0545923
7.716771	0.0545923
7.720104	0.0545923
7.723437	0.0545923
7.726771	0.0545923
7.730104	0.05456556
7.733438	0.05451206
7.736771	0.05448531
7.740104	0.05443182
7.743437	0.05437832
7.746771	0.05429808
7.750104	0.05424458
7.753438	0.05419109
7.756771	0.05416434
7.760104	0.05413759
7.763437	0.05416434
7.766771	0.05421783
7.770104	0.05429808
7.773438	0.05440507
7.776771	0.05453881
7.780104	0.0546458
7.783438	0.05475279
7.786771	0.05480629
7.790104	0.05485978
7.793437	0.05483303
7.796771	0.05477954
7.800104	0.05469929
7.803438	0.05456556
7.806771	0.05440507
7.810104	0.05424458
7.813437	0.05408409
7.816771	0.05392361
7.820104	0.05378987
7.823438	0.05365613
7.826771	0.05357589
7.830104	0.05352239
7.833437	0.05349564
7.836771	0.05349564
7.840104	0.05352239
7.843438	0.05354914
7.846771	0.05354914
7.850104	0.05354914
7.853437	0.05352239
7.856771	0.05346889
7.860104	0.05338865
7.863438	0.05325491
7.866771	0.05312117
7.870104	0.05298743
7.873437	0.05285369
7.876771	0.05271996
7.880104	0.05263971
7.883438	0.05258622
7.886771	0.05255947
7.890104	0.05253272
7.893437	0.05255947
7.896771	0.05258622
7.900104	0.05258622
7.903438	0.05261296
7.906771	0.05261296
7.910104	0.05261296
7.913437	0.05261296
7.916771	0.05261296
7.920104	0.05261296
7.923438	0.05263971
7.926771	0.05269321
7.930104	0.0527467
7.933437	0.0528002
7.936771	0.05285369
7.940104	0.05290719
7.943438	0.05288044
7.946771	0.05285369
7.950104	0.05277345
7.953437	0.05263971
7.956771	0.05247923
7.960104	0.05231874
7.963438	0.0521315
7.966771	0.05191752
7.970104	0.05173029
7.973437	0.05154305
7.976771	0.05138256
7.980104	0.05122208
7.983438	0.05106159
7.986771	0.05092785
7.990104	0.05079411
7.993437	0.05071387
7.996771	0.05066037
8.000104	0.05066037
8.003437	0.05068712
8.006771	0.05076736
8.010104	0.05087436
8.013437	0.05100809
8.01677	0.05114183
8.020104	0.05127557
8.023438	0.05138256
8.026771	0.05146281
8.030105	0.05148956
8.033438	0.05146281
8.036771	0.05140931
8.040104	0.05132907
8.043438	0.05122208
8.046771	0.05108834
8.050104	0.0509546
8.053437	0.05082086
8.056771	0.05068712
8.060104	0.05060688
8.063437	0.05052663
8.066771	0.05049989
8.070105	0.05044639
8.073438	0.05041964
8.076771	0.05041964
8.080104	0.05041964
8.083438	0.05041964
8.086771	0.05044639
8.090104	0.05047314
8.093437	0.05052663
8.096771	0.05058013
8.100104	0.05066037
8.103437	0.05079411
8.106771	0.05092785
8.110105	0.05108834
8.113438	0.05124883
8.116771	0.05143606
8.120104	0.05165004
8.123438	0.05183728
8.126771	0.05202451
8.130104	0.05221175
8.133437	0.05237223
8.136771	0.05250597
8.140104	0.05263971
8.143437	0.0527467
8.14677	0.05282695
8.150105	0.05290719
8.153438	0.05296069
8.156771	0.05298743
8.160104	0.05298743
8.163438	0.05298743
8.166771	0.05293394
8.170104	0.05285369
8.173437	0.0527467
8.176771	0.05261296
8.180104	0.05247923
8.183437	0.05231874
8.18677	0.052185
8.190104	0.05205126
8.193438	0.05197102
8.196771	0.05191752
8.200104	0.05189077
8.203438	0.05191752
8.206771	0.05199776
8.210104	0.0521315
8.213437	0.05229199
8.216771	0.05245248
8.220104	0.05263971
8.223437	0.05282695
8.22677	0.05301418
8.230104	0.05314792
8.233438	0.05322816
8.236771	0.05328166
8.240104	0.05325491
8.243438	0.05322816
8.246771	0.05317467
8.250104	0.05312117
8.253437	0.05306768
8.256771	0.05304093
8.260104	0.05304093
8.263437	0.05304093
8.26677	0.05306768
8.270104	0.05306768
8.273438	0.05306768
8.276771	0.05304093
8.280105	0.05298743
8.283438	0.05288044
8.286771	0.05271996
8.290104	0.05250597
8.293438	0.0522385
8.296771	0.05194427
8.300104	0.05165004
8.303437	0.05132907
8.306771	0.05103484
8.310104	0.05074062
8.313437	0.05049989
8.316771	0.05031265
8.320105	0.05020566
8.323438	0.05015216
8.326771	0.05015216
8.330104	0.05020566
8.333438	0.05031265
8.336771	0.05041964
8.340104	0.05055338
8.343437	0.05066037
8.346771	0.05074062
8.350104	0.05082086
8.353437	0.05084761
8.356771	0.05084761
8.360105	0.05082086
8.363438	0.05079411
8.366771	0.05074062
8.370104	0.05066037
8.373438	0.05058013
8.376771	0.05049989
8.380104	0.05036615
8.383437	0.05023241
8.386771	0.05007192
8.390104	0.04991143
8.393437	0.04969745
8.39677	0.04948347
8.400105	0.04926949
8.403438	0.0490555
8.406771	0.04886827
8.410104	0.04870778
8.413438	0.04860079
8.416771	0.0484938
8.420104	0.04846705
8.423437	0.0484403
8.426771	0.0484403
8.430104	0.04846705
8.433437	0.0484938
8.43677	0.0484938
8.440104	0.04852055
8.443438	0.04852055
8.446771	0.0484938
8.450104	0.04846705
8.453438	0.04846705
8.456771	0.0484938
8.460104	0.0485473
8.463437	0.04865429
8.466771	0.04878803
8.470104	0.04897526
8.473437	0.04921599
8.47677	0.04951022
8.480104	0.04980444
8.483438	0.05012542
8.486771	0.05041964
8.490104	0.05074062
8.493438	0.05103484
8.496771	0.05130232
8.500104	0.0515698
8.503437	0.05181053
8.506771	0.05205126
8.510104	0.05226524
8.513437	0.05250597
8.51677	0.05271996
8.520104	0.05296069
8.523438	0.05317467
8.526771	0.0534154
8.530105	0.05368288
8.533438	0.05392361
8.536771	0.05419109
8.540104	0.05445856
8.543438	0.05475279
8.546771	0.05502027
8.550104	0.055261
8.553437	0.05547498
8.556771	0.05566222
8.560104	0.05579596
8.563437	0.05590295
8.566771	0.05592969
8.570105	0.05592969
8.573438	0.05584945
8.576771	0.05576921
8.580104	0.05566222
8.583438	0.05552848
8.586771	0.05539474
8.590104	0.055261
8.593437	0.05512726
8.596771	0.05502027
8.600104	0.05491328
8.603437	0.05477954
8.606771	0.05467255
8.610105	0.05456556
8.613438	0.05443182
8.616771	0.05427133
8.620104	0.05411084
8.623438	0.05392361
8.626771	0.05370963
8.630104	0.05346889
8.633437	0.05320142
8.636771	0.05290719
8.640104	0.05258622
8.643437	0.05226524
8.64677	0.05194427
8.650105	0.05162329
8.653438	0.05127557
8.656771	0.05098135
8.660104	0.05071387
8.663438	0.05047314
8.666771	0.0502859
8.670104	0.05015216
8.673437	0.05004517
8.676771	0.04996493
8.680104	0.04991143
8.683437	0.04983119
8.68677	0.0497242
8.690104	0.04961721
8.693438	0.04945672
8.696771	0.04926949
8.700104	0.0490555
8.703438	0.04884152
8.706771	0.04862754
8.710104	0.04841356
8.713437	0.04825307
8.716771	0.04809258
8.720104	0.04798559
8.723437	0.04790535
8.72677	0.04785185
8.730104	0.0478251
8.733438	0.04777161
8.736771	0.04771811
8.740104	0.04766462
8.743438	0.04758437
8.746771	0.04747738
8.750104	0.04737039
8.753437	0.0472634
8.756771	0.04712966
8.760104	0.04699592
8.763437	0.04686218
8.76677	0.04675519
8.770104	0.0466482
8.773438	0.04656796
8.776771	0.04651446
8.780105	0.04646096
8.783438	0.04646096
8.786771	0.04646096
8.790104	0.04648771
8.793438	0.04654121
8.796771	0.04656796
8.800104	0.04662145
8.803437	0.04662145
8.806771	0.04662145
8.810104	0.0465947
8.813437	0.04656796
8.816771	0.04651446
8.820105	0.04648771
8.823438	0.04646096
8.826771	0.04643422
8.830104	0.04643422
8.833438	0.04643422
8.836771	0.04648771
8.840104	0.04651446
8.843437	0.04654121
8.846771	0.04654121
8.850104	0.04651446
8.853437	0.04646096
8.856771	0.04635397
8.860105	0.04622023
8.863438	0.04605975
8.866771	0.04589926
8.870104	0.04573877
8.873438	0.04560503
8.876771	0.04552479
8.880104	0.0454713
8.883437	0.0454713
8.886771	0.04549804
8.890104	0.04552479
8.893437	0.04557829
8.89677	0.04560503
8.900105	0.04565853
8.903438	0.04565853
8.906771	0.04568528
8.910104	0.04571203
8.913438	0.04573877
8.916771	0.04579227
8.920104	0.04587251
8.923437	0.04595276
8.926771	0.046033
8.930104	0.04611324
8.933437	0.04613999
8.93677	0.04611324
8.940104	0.04605975
8.943438	0.04592601
8.946771	0.04576552
8.950104	0.04557829
8.953438	0.0453643
8.956771	0.04517707
8.960104	0.04501658
8.963437	0.04488284
8.966771	0.04482935
8.970104	0.0448026
8.973437	0.04482935
8.97677	0.04490959
8.980104	0.04501658
8.983438	0.04517707
8.986771	0.04531081
8.990104	0.0454713
8.993438	0.04557829
8.996771	0.04565853
9.000104	0.04571203
9.003437	0.04571203
9.006771	0.04565853
9.010104	0.04560503
9.013437	0.04549804
9.01677	0.0453643
9.020104	0.04525731
9.023438	0.04517707
9.026771	0.04509683
9.030105	0.04504333
9.033438	0.04504333
9.036771	0.04504333
9.040104	0.04507008
9.043438	0.04512357
9.046771	0.04517707
9.050104	0.04523057
9.053437	0.04531081
9.056771	0.0453643
9.060104	0.04539105
9.063437	0.04544455
9.066771	0.04544455
9.070105	0.0454713
9.073438	0.0454713
9.076771	0.04549804
9.080104	0.04549804
9.083438	0.04555154
9.086771	0.04557829
9.090104	0.04565853
9.093437	0.04571203
9.096771	0.04579227
9.100104	0.04587251
9.103437	0.04595276
9.106771	0.0459795
9.110105	0.04600625
9.113438	0.0459795
9.116771	0.04592601
9.120104	0.04587251
9.123438	0.04579227
9.126771	0.04573877
9.130104	0.04568528
9.133437	0.04568528
9.136771	0.04568528
9.140104	0.04573877
9.143437	0.04579227
9.14677	0.04581902
9.150105	0.04584576
9.153438	0.04584576
9.156771	0.04579227
9.160104	0.04571203
9.163438	0.04560503
9.166771	0.04544455
9.170104	0.04531081
9.173437	0.04520382
9.176771	0.04509683
9.180104	0.04504333
9.183437	0.04507008
9.18677	0.04512357
9.190104	0.04525731
9.193438	0.0454178
9.196771	0.04563178
9.200104	0.04584576
9.203438	0.0460865
9.206771	0.04632723
9.210104	0.04654121
9.213437	0.04672844
9.216771	0.04688893
9.220104	0.04696917
9.223437	0.04699592
9.22677	0.04696917
9.230104	0.04686218
9.233438	0.04672844
9.236771	0.04654121
9.240104	0.04635397
9.243438	0.04616674
9.246771	0.0459795
9.250104	0.04581902
9.253437	0.04571203
9.256771	0.04563178
9.260104	0.04563178
9.263437	0.04565853
9.26677	0.04571203
9.270104	0.04579227
9.273438	0.04584576
9.276771	0.04587251
9.280105	0.04587251
9.283438	0.04579227
9.286771	0.04565853
9.290104	0.0454713
9.293438	0.04523057
9.296771	0.04496309
9.300104	0.04469561
9.303437	0.04442813
9.306771	0.0442409
9.310104	0.04408041
9.313437	0.04400017
9.316771	0.04394667
9.320105	0.04397342
9.323438	0.04402691
9.326771	0.0441339
9.330104	0.04426764
9.333438	0.04440138
9.336771	0.04453512
9.340104	0.04466886
9.343437	0.04477585
9.346771	0.0448561
9.350104	0.04493634
9.353437	0.04496309
9.356771	0.04498983
9.360105	0.04496309
9.363438	0.04490959
9.366771	0.04482935
9.370104	0.04472236
9.373438	0.04458862
9.376771	0.04445488
9.380104	0.04429439
9.383437	0.04416065
9.386771	0.04402691
9.390104	0.04389317
9.393437	0.04375943
9.39677	0.04365244
9.400105	0.0435722
9.403438	0.04349196
9.406771	0.04341171
9.410104	0.04333147
9.413438	0.04325123
9.416771	0.04317098
9.420104	0.04309074
9.423437	0.04303724
9.426771	0.0430105
9.430104	0.0430105
9.433437	0.0430105
9.43677	0.04303724
9.440104	0.04309074
9.443438	0.04319773
9.446771	0.04327797
9.450104	0.04341171
9.453438	0.0435187
9.456771	0.0436257
9.460104	0.04373269
9.463437	0.04381293
9.466771	0.04389317
9.470104	0.04397342
9.473437	0.04400017
9.47677	0.04402691
9.480104	0.04402691
9.483438	0.04402691
9.486771	0.04400017
9.490104	0.04394667
9.493438	0.04391992
9.496771	0.04386643
9.500104	0.04383968
9.503437	0.04381293
9.506771	0.04381293
9.510104	0.04383968
9.513437	0.04389317
9.51677	0.04397342
9.520104	0.04405366
9.523438	0.04416065
9.526771	0.0442409
9.530105	0.04434789
9.533438	0.04440138
9.536771	0.04442813
9.540104	0.04445488
9.543438	0.04442813
9.546771	0.04437463
9.550104	0.04432114
9.553437	0.04426764
9.556771	0.04421415
9.560104	0.04416065
9.563437	0.04410716
9.566771	0.04402691
9.570105	0.04397342
9.573438	0.04391992
9.576771	0.04383968
9.580104	0.04378618
9.583438	0.04370594
9.586771	0.0436257
9.590104	0.04354545
9.593437	0.04349196
9.596771	0.04346521
9.600104	0.04343846
9.603437	0.04343846
9.606771	0.04346521
9.610105	0.0435187
9.613438	0.04359895
9.616771	0.04367919
9.620104	0.04375943
9.623438	0.04383968
9.626771	0.04394667
9.630104	0.04400017
9.633437	0.04408041
9.636771	0.0441339
9.640104	0.04416065
9.643437	0.04421415
9.64677	0.0442409
9.650105	0.04426764
9.653438	0.04429439
9.656771	0.04429439
9.660104	0.04429439
9.663438	0.04426764
9.666771	0.0442409
9.670104	0.0442409
9.673437	0.0441874
9.676771	0.04416065
9.680104	0.0441339
9.683437	0.0441339
9.68677	0.04410716
9.690104	0.0441339
9.693438	0.04410716
9.696771	0.04408041
9.700104	0.04402691
9.703438	0.04394667
9.706771	0.04381293
9.710104	0.04367919
9.713437	0.04349196
9.716771	0.04333147
9.720104	0.04314424
9.723437	0.0430105
9.72677	0.042957
9.730104	0.042957
9.733438	0.0430105
9.736771	0.04314424
9.740104	0.04333147
9.743438	0.0435187
9.746771	0.04370594
9.750104	0.04389317
9.753437	0.04400017
9.756771	0.04402691
9.760104	0.04400017
9.763437	0.04391992
9.76677	0.04378618
9.770104	0.0436257
9.773438	0.04343846
9.776771	0.04330472
9.780105	0.04317098
9.783438	0.04309074
9.786771	0.04303724
9.790104	0.04303724
9.793438	0.04303724
9.796771	0.04306399
9.800104	0.04311749
9.803437	0.04314424
9.806771	0.04319773
9.810104	0.04319773
9.813437	0.04322448
9.816771	0.04322448
9.820105	0.04319773
9.823438	0.04317098
9.826771	0.04311749
9.830104	0.04303724
9.833438	0.042957
9.836771	0.04285001
9.840104	0.04274302
9.843437	0.04263603
9.846771	0.04255578
9.850104	0.04250229
9.853437	0.04247554
9.856771	0.04250229
9.860105	0.04255578
9.863438	0.04266277
9.866771	0.04279651
9.870104	0.04293025
9.873438	0.04306399
9.876771	0.04322448
9.880104	0.04333147
9.883437	0.04343846
9.886771	0.0435187
9.890104	0.04354545
9.893437	0.0435722
9.89677	0.04354545
9.900105	0.0435187
9.903438	0.04349196
9.906771	0.04343846
9.910104	0.04335822
9.913438	0.04330472
9.916771	0.04322448
9.920104	0.04317098
9.923437	0.04309074
9.926771	0.04303724
9.930104	0.04298375
9.933437	0.04293025
9.93677	0.0429035
9.940104	0.04285001
9.943438	0.04276977
9.946771	0.04271627
9.950104	0.04263603
9.953438	0.04255578
9.956771	0.04250229
9.960104	0.04244879
9.963437	0.04242204
9.966771	0.04244879
9.970104	0.04252904
9.973437	0.04263603
9.97677	0.04276977
9.980104	0.04293025
9.983438	0.04311749
9.986771	0.04325123
9.990104	0.04338497
9.993438	0.04343846
9.996771	0.04349196
}
[PEAK]
{
Peak ID	1
Peak Ref	1
Time	3.927412
Peak	3.166771	4.080104
Intensity	-2.855063e-05	1.317263e-05
Height	0.003539694
AreaAbs	933.7428
Area %BP	0.03927751
Area %Total	0.0346303
Width	0.9133334
}
[PEAK]
{
Peak ID	2
Peak Ref	2
Time	4.273279
Peak	4.080104	4.610104
Intensity	-2.855063e-05	1.317263e-05
Height	0.02264936
AreaAbs	4383.28
Area %BP	0.1843809
Area %Total	0.1625654
Width	0.5299997
}
[PEAK]
{
Peak ID	3
Peak Ref	3
Time	4.95345
Peak	4.610104	6.420104
Intensity	-2.855063e-05	1.317263e-05
Height	0.2227197
AreaAbs	39621.6
Area %BP	1.666667
Area %Total	1.469471
Width	1.81
}
}
}
}
