[SAMPLE]
{
Sample	1
Well	1:A,7
FileName	
SampleID	ASD-E-2601112-002
SampleDescription	Aquired with Galaxy
Date	15-Jan-2026
Time	19:06:47 PRC
JobCode	
TaskCode	
UserName	Congcong_Liu2
LabName	Aquired with Galaxy
Instrument	BAD_L_22_523
Conditions	
Submitter	Huanhuan_Zhang
SampleType	
Plate	
Method	
Process	Galaxy
MSTune	
MSMethod	
InletMethod	
PreRunMethod	
PostRunMethod	
SwitchMethod	
FractionMethod	
AcquisitionProcess	
AcquisitionProcessParameters	
AcquisitionProcessOptions	
InjectionVolume	25
ReportScheme	
SampleReportEnable	0
SampleReportFormat	
AnalysisTime	0
[COMPOUND]
{
;Mono Mass	Formula
}
[FUNCTION]
{
Function	1
IonMode	ES+
Type	MS
Description	(0:0)
[SPECTRUM]
{
ProcDesc	0.00:Combine
State	OK
Peak ID	0
Peak Ref	0
Time	0
TIC	0
BPI	0
BPM	0
Continuum	FALSE
Saved	FALSE
[MASSES]
{
;Mass	Exp. Mass	Obs. Mass	% BPI	Int. Abs
}
[RESULTS]
{
;Mass	Found	% BPI	% Purity
}
[MS]
{
;Mass	% BPI
0	0
}
}
[CHROMATOGRAM]
{
TraceNumber	1
Description	scroll down chrom view to see 2D LC chrom
ProcDesc	
MaxIntensity	0
[TRACE]
{
0	0
}
[PEAK]
{
Peak ID	0
Peak Ref	0
Time	0
Peak	0
Intensity	0	0
Height	0
AreaAbs	0
Area %BP	0
Area %Total	0
}
}
}
[FUNCTION]
{
Function	0
Description	ANALOG
[CHROMATOGRAM]
{
TraceNumber	2
Description	LC
ProcDesc	Result Id:1313, VWD: Signal A, 280 nm
MaxIntensity	0.2196353
[TRACE]
{
;Time	Int. %Max
0.001145833	0.07126441
0.004479167	0.07126441
0.0078125	0.07126441
0.01114583	0.07126441
0.01447917	0.07129155
0.0178125	0.07129155
0.02114583	0.07131868
0.02447917	0.07134582
0.0278125	0.0714001
0.03114583	0.07148151
0.03447917	0.07159006
0.0378125	0.07169862
0.04114584	0.07183431
0.04447917	0.07197
0.0478125	0.07207855
0.05114583	0.07213282
0.05447917	0.0721871
0.0578125	0.0721871
0.06114583	0.07215996
0.06447916	0.07210569
0.0678125	0.07199713
0.07114583	0.07188858
0.07447917	0.07180717
0.0778125	0.07175289
0.08114583	0.07172575
0.08447917	0.07175289
0.0878125	0.07180717
0.09114584	0.07191572
0.09447917	0.07205141
0.0978125	0.07221424
0.1011458	0.07243134
0.1044792	0.07262131
0.1078125	0.07283841
0.1111458	0.07308265
0.1144792	0.07329976
0.1178125	0.07351686
0.1211458	0.07373397
0.1244792	0.07395107
0.1278125	0.07416817
0.1311458	0.07438528
0.1344792	0.07457524
0.1378125	0.07473807
0.1411458	0.07487376
0.1444792	0.07498231
0.1478125	0.07503659
0.1511458	0.07506373
0.1544792	0.07509087
0.1578125	0.07509087
0.1611458	0.07506373
0.1644792	0.07503659
0.1678125	0.07500945
0.1711458	0.07498231
0.1744792	0.07495518
0.1778125	0.0749009
0.1811458	0.07484662
0.1844792	0.07476521
0.1878125	0.0746838
0.1911458	0.07454811
0.1944792	0.07438528
0.1978125	0.07422245
0.2011458	0.07405962
0.2044792	0.07389679
0.2078125	0.07378824
0.2111458	0.07370683
0.2144792	0.07367969
0.2178125	0.07370683
0.2211458	0.0737611
0.2244792	0.07386966
0.2278125	0.07395107
0.2311458	0.07397821
0.2344792	0.07400535
0.2378125	0.07392393
0.2411458	0.07381538
0.2444792	0.07362541
0.2478125	0.07340831
0.2511458	0.07316407
0.2544792	0.07291983
0.2578125	0.07267558
0.2611458	0.07248562
0.2644792	0.07237707
0.2678125	0.07229565
0.2711458	0.07229565
0.2744792	0.07234993
0.2778125	0.07243134
0.2811458	0.07253989
0.2844792	0.07267558
0.2878125	0.07281127
0.2911458	0.07289269
0.2944792	0.0729741
0.2978125	0.07294696
0.3011458	0.07289269
0.3044792	0.072757
0.3078125	0.07256703
0.3111458	0.07232279
0.3144792	0.07207855
0.3178125	0.07183431
0.3211458	0.07159006
0.3244792	0.0714001
0.3278125	0.07123727
0.3311458	0.07112872
0.3344792	0.07107444
0.3378125	0.07102017
0.3411458	0.07102017
0.3444792	0.07099303
0.3478125	0.07102017
0.3511458	0.07102017
0.3544792	0.07102017
0.3578125	0.0710473
0.3611458	0.07110158
0.3644792	0.07112872
0.3678125	0.07118299
0.3711458	0.07123727
0.3744792	0.07129155
0.3778125	0.07137296
0.3811458	0.0714001
0.3844792	0.07142724
0.3878125	0.07145437
0.3911458	0.07145437
0.3944792	0.07142724
0.3978125	0.07137296
0.4011458	0.07131868
0.4044792	0.07126441
0.4078125	0.07121013
0.4111458	0.07115586
0.4144792	0.07112872
0.4178125	0.07107444
0.4211458	0.07107444
0.4244792	0.0710473
0.4278125	0.0710473
0.4311458	0.07102017
0.4344792	0.07102017
0.4378125	0.07099303
0.4411458	0.07099303
0.4444792	0.07096589
0.4478125	0.07096589
0.4511458	0.07096589
0.4544792	0.07096589
0.4578125	0.07099303
0.4611458	0.0710473
0.4644792	0.07110158
0.4678125	0.07115586
0.4711458	0.07123727
0.4744792	0.07129155
0.4778125	0.07134582
0.4811458	0.0714001
0.4844792	0.07142724
0.4878125	0.07145437
0.4911458	0.07142724
0.4944792	0.0714001
0.4978125	0.07137296
0.5011458	0.07131868
0.5044792	0.07123727
0.5078125	0.07115586
0.5111458	0.07107444
0.5144792	0.07102017
0.5178125	0.07096589
0.5211458	0.07091161
0.5244792	0.07088448
0.5278125	0.0708302
0.5311458	0.0708302
0.5344791	0.07080306
0.5378125	0.07080306
0.5411459	0.07080306
0.5444792	0.0708302
0.5478125	0.07085734
0.5511459	0.07093875
0.5544792	0.07099303
0.5578125	0.07110158
0.5611458	0.07118299
0.5644792	0.07123727
0.5678125	0.07129155
0.5711458	0.07129155
0.5744792	0.07126441
0.5778125	0.07121013
0.5811458	0.07112872
0.5844792	0.0710473
0.5878125	0.07096589
0.5911458	0.07088448
0.5944791	0.07080306
0.5978125	0.07077592
0.6011458	0.07074879
0.6044792	0.07072165
0.6078125	0.07072165
0.6111459	0.07074879
0.6144792	0.07074879
0.6178125	0.07077592
0.6211458	0.07077592
0.6244792	0.07077592
0.6278125	0.07074879
0.6311458	0.07069451
0.6344792	0.0706131
0.6378125	0.07050454
0.6411458	0.07036885
0.6444792	0.0702603
0.6478125	0.07012461
0.6511458	0.0700432
0.6544791	0.06996178
0.6578125	0.06993465
0.6611458	0.06990751
0.6644792	0.06988037
0.6678125	0.06985323
0.6711459	0.06979896
0.6744792	0.0696904
0.6778125	0.06955471
0.6811458	0.06939189
0.6844792	0.06917478
0.6878125	0.06895768
0.6911458	0.06874057
0.6944792	0.06855061
0.6978125	0.06838778
0.7011458	0.06827923
0.7044792	0.06822495
0.7078125	0.06822495
0.7111458	0.06827923
0.7144791	0.06838778
0.7178125	0.06852347
0.7211458	0.0686863
0.7244791	0.06884913
0.7278125	0.06901195
0.7311459	0.06914764
0.7344792	0.06928333
0.7378125	0.06936475
0.7411458	0.06941902
0.7444792	0.0694733
0.7478125	0.0694733
0.7511458	0.06950044
0.7544792	0.06950044
0.7578125	0.06952758
0.7611458	0.06958185
0.7644792	0.06963613
0.7678125	0.06971754
0.7711458	0.06979896
0.7744792	0.06990751
0.7778125	0.07001606
0.7811458	0.07015175
0.7844791	0.0702603
0.7878125	0.07039599
0.7911459	0.07050454
0.7944792	0.07058596
0.7978125	0.07064023
0.8011459	0.07069451
0.8044792	0.07066737
0.8078125	0.0706131
0.8111458	0.07053168
0.8144792	0.07039599
0.8178125	0.0702603
0.8211458	0.07009747
0.8244792	0.06996178
0.8278125	0.06985323
0.8311458	0.06974468
0.8344792	0.06971754
0.8378125	0.0696904
0.8411458	0.06971754
0.8444791	0.06979896
0.8478125	0.06985323
0.8511458	0.06996178
0.8544792	0.07001606
0.8578125	0.07009747
0.8611459	0.07015175
0.8644792	0.07017889
0.8678125	0.07017889
0.8711458	0.07020603
0.8744792	0.07020603
0.8778125	0.07020603
0.8811458	0.07023316
0.8844792	0.0702603
0.8878125	0.07031458
0.8911458	0.07036885
0.8944792	0.07042313
0.8978125	0.07045027
0.9011458	0.07047741
0.9044791	0.07047741
0.9078125	0.07045027
0.9111458	0.07036885
0.9144792	0.07028744
0.9178125	0.07020603
0.9211459	0.07009747
0.9244792	0.06996178
0.9278125	0.06985323
0.9311458	0.06974468
0.9344792	0.06966327
0.9378125	0.06958185
0.9411458	0.06952758
0.9444792	0.06950044
0.9478125	0.0694733
0.9511458	0.0694733
0.9544792	0.0694733
0.9578125	0.06950044
0.9611458	0.06950044
0.9644791	0.06952758
0.9678125	0.06950044
0.9711458	0.0694733
0.9744791	0.06941902
0.9778125	0.06933761
0.9811459	0.0692562
0.9844792	0.06914764
0.9878125	0.06906623
0.9911458	0.06895768
0.9944792	0.06887626
0.9978125	0.06879485
1.001146	0.06871344
1.004479	0.06865916
1.007813	0.06857775
1.011146	0.06852347
1.014479	0.06846919
1.017812	0.06844206
1.021146	0.06841492
1.024479	0.06841492
1.027812	0.06846919
1.031146	0.06855061
1.034479	0.06863202
1.037812	0.06876771
1.041146	0.06893054
1.044479	0.06909337
1.047812	0.06922906
1.051146	0.06933761
1.054479	0.06941902
1.057812	0.06941902
1.061146	0.06936475
1.064479	0.06928333
1.067812	0.06912051
1.071146	0.06895768
1.074479	0.06876771
1.077813	0.06860488
1.081146	0.06846919
1.084479	0.06841492
1.087813	0.06841492
1.091146	0.06846919
1.094479	0.06860488
1.097813	0.06876771
1.101146	0.06898482
1.104479	0.06922906
1.107813	0.0694733
1.111146	0.06966327
1.114479	0.06979896
1.117813	0.06990751
1.121146	0.06993465
1.124479	0.06990751
1.127813	0.06982609
1.131146	0.0696904
1.134479	0.06955471
1.137812	0.06939189
1.141146	0.06922906
1.144479	0.06909337
1.147812	0.06898482
1.151146	0.06887626
1.154479	0.06876771
1.157812	0.06865916
1.161146	0.06857775
1.164479	0.06846919
1.167812	0.06838778
1.171146	0.06830637
1.174479	0.06822495
1.177812	0.06817068
1.181146	0.06814354
1.184479	0.06814354
1.187812	0.06817068
1.191146	0.06819781
1.194479	0.06825209
1.197813	0.06830637
1.201146	0.06836064
1.204479	0.06838778
1.207813	0.06841492
1.211146	0.06844206
1.214479	0.06844206
1.217813	0.06844206
1.221146	0.06844206
1.224479	0.06841492
1.227813	0.06841492
1.231146	0.06838778
1.234479	0.06836064
1.237813	0.0683335
1.241146	0.06827923
1.244479	0.06825209
1.247813	0.06819781
1.251146	0.06814354
1.254479	0.0681164
1.257813	0.0681164
1.261146	0.06814354
1.264479	0.06822495
1.267812	0.0683335
1.271146	0.06846919
1.274479	0.06865916
1.277812	0.06887626
1.281146	0.06909337
1.284479	0.06928333
1.287812	0.06944616
1.291146	0.06958185
1.294479	0.06966327
1.297812	0.0696904
1.301146	0.0696904
1.304479	0.06960899
1.307812	0.06952758
1.311146	0.06939189
1.314479	0.06922906
1.317812	0.06909337
1.321146	0.06893054
1.324479	0.06879485
1.327813	0.06865916
1.331146	0.06852347
1.334479	0.06841492
1.337813	0.0683335
1.341146	0.06827923
1.344479	0.06822495
1.347813	0.06819781
1.351146	0.06819781
1.354479	0.06819781
1.357813	0.06822495
1.361146	0.06825209
1.364479	0.06827923
1.367813	0.06830637
1.371146	0.06838778
1.374479	0.06844206
1.377813	0.06849633
1.381146	0.06857775
1.384479	0.06863202
1.387812	0.0686863
1.391146	0.06871344
1.394479	0.06871344
1.397812	0.0686863
1.401146	0.06863202
1.404479	0.06855061
1.407812	0.06844206
1.411146	0.0683335
1.414479	0.06825209
1.417812	0.06814354
1.421146	0.06808926
1.424479	0.06803499
1.427812	0.06800785
1.431146	0.06798071
1.434479	0.06792643
1.437812	0.0678993
1.441146	0.06784502
1.444479	0.06781788
1.447813	0.06779074
1.451146	0.06779074
1.454479	0.06779074
1.457813	0.06781788
1.461146	0.0678993
1.464479	0.06798071
1.467813	0.06808926
1.471146	0.06817068
1.474479	0.06825209
1.477813	0.06827923
1.481146	0.06825209
1.484479	0.06822495
1.487813	0.06814354
1.491146	0.06803499
1.494479	0.06792643
1.497813	0.06779074
1.501146	0.06768219
1.504479	0.06760078
1.507813	0.0675465
1.511146	0.06749222
1.514479	0.06746509
1.517812	0.06746509
1.521146	0.06746509
1.524479	0.06746509
1.527812	0.06751936
1.531146	0.06757364
1.534479	0.06765505
1.537812	0.06773647
1.541146	0.06781788
1.544479	0.0678993
1.547812	0.06798071
1.551146	0.06803499
1.554479	0.06808926
1.557812	0.06808926
1.561146	0.06808926
1.564479	0.06806212
1.567812	0.06803499
1.571146	0.06800785
1.574479	0.06798071
1.577813	0.06795357
1.581146	0.06792643
1.584479	0.0678993
1.587813	0.06784502
1.591146	0.06781788
1.594479	0.0677636
1.597813	0.06770933
1.601146	0.06765505
1.604479	0.06760078
1.607813	0.06751936
1.611146	0.06749222
1.614479	0.06743795
1.617813	0.06741081
1.621146	0.06738367
1.624479	0.06735653
1.627813	0.0673294
1.631146	0.06730226
1.634479	0.06727512
1.637812	0.06727512
1.641146	0.06727512
1.644479	0.0673294
1.647812	0.06741081
1.651146	0.0675465
1.654479	0.06770933
1.657812	0.0678993
1.661146	0.0681164
1.664479	0.0683335
1.667812	0.06852347
1.671146	0.0686863
1.674479	0.06879485
1.677812	0.06884913
1.681146	0.06887626
1.684479	0.06884913
1.687812	0.06879485
1.691146	0.06874057
1.694479	0.0686863
1.697813	0.06863202
1.701146	0.06857775
1.704479	0.06852347
1.707813	0.06846919
1.711146	0.06838778
1.714479	0.0683335
1.717813	0.06827923
1.721146	0.06822495
1.724479	0.06817068
1.727813	0.06814354
1.731146	0.06814354
1.734479	0.06814354
1.737813	0.06817068
1.741146	0.06822495
1.744479	0.06825209
1.747813	0.06827923
1.751146	0.06830637
1.754479	0.06836064
1.757813	0.06838778
1.761146	0.06844206
1.764479	0.06846919
1.767812	0.06849633
1.771146	0.06849633
1.774479	0.06849633
1.777812	0.06849633
1.781146	0.06846919
1.784479	0.06838778
1.787812	0.06830637
1.791146	0.06817068
1.794479	0.06803499
1.797812	0.0678993
1.801146	0.06773647
1.804479	0.06757364
1.807812	0.06741081
1.811146	0.06722084
1.814479	0.06705802
1.817812	0.06689519
1.821146	0.0667595
1.824479	0.06665095
1.827813	0.06659667
1.831146	0.06656953
1.834479	0.06656953
1.837813	0.06659667
1.841146	0.06665095
1.844479	0.0667595
1.847813	0.06684091
1.851146	0.06694946
1.854479	0.06700374
1.857813	0.06705802
1.861146	0.06708515
1.864479	0.06708515
1.867813	0.06705802
1.871146	0.06700374
1.874479	0.0669766
1.877813	0.06692233
1.881146	0.06689519
1.884479	0.06692233
1.887812	0.06694946
1.891146	0.06700374
1.894479	0.06711229
1.897812	0.06719371
1.901146	0.06727512
1.904479	0.06735653
1.907812	0.06738367
1.911146	0.06741081
1.914479	0.06738367
1.917812	0.06735653
1.921146	0.06727512
1.924479	0.06719371
1.927812	0.06711229
1.931146	0.06703088
1.934479	0.0669766
1.937812	0.06692233
1.941146	0.06684091
1.944479	0.06678664
1.947813	0.06670522
1.951146	0.06665095
1.954479	0.06659667
1.957813	0.06656953
1.961146	0.06654239
1.964479	0.06656953
1.967813	0.06659667
1.971146	0.06667808
1.974479	0.06681377
1.977813	0.06694946
1.981146	0.06708515
1.984479	0.06722084
1.987813	0.0673294
1.991146	0.06741081
1.994479	0.06749222
1.997813	0.06757364
2.001146	0.06762791
2.004479	0.06768219
2.007813	0.06770933
2.011146	0.06773647
2.014479	0.0677636
2.017812	0.0677636
2.021146	0.06773647
2.024479	0.06768219
2.027812	0.06760078
2.031146	0.06749222
2.034479	0.06738367
2.037812	0.06730226
2.041146	0.06722084
2.044479	0.06719371
2.047812	0.06716657
2.051146	0.06719371
2.054479	0.06722084
2.057812	0.06724798
2.061146	0.06730226
2.064479	0.0673294
2.067812	0.0673294
2.071146	0.0673294
2.074479	0.0673294
2.077812	0.06730226
2.081146	0.06727512
2.084479	0.06724798
2.087812	0.06722084
2.091146	0.06722084
2.094479	0.06724798
2.097812	0.06727512
2.101146	0.06730226
2.104479	0.06735653
2.107812	0.06738367
2.111146	0.06743795
2.114479	0.06749222
2.117812	0.0675465
2.121146	0.06757364
2.124479	0.0675465
2.127812	0.06751936
2.131146	0.06743795
2.134479	0.0673294
2.137813	0.06719371
2.141146	0.06703088
2.144479	0.06689519
2.147813	0.0667595
2.151146	0.06665095
2.154479	0.06659667
2.157813	0.06659667
2.161146	0.06662381
2.164479	0.06670522
2.167813	0.06684091
2.171146	0.0669766
2.174479	0.06708515
2.177813	0.06722084
2.181146	0.0673294
2.184479	0.06738367
2.187813	0.06743795
2.191146	0.06743795
2.194479	0.06743795
2.197813	0.06743795
2.201146	0.06738367
2.204479	0.06735653
2.207813	0.06730226
2.211146	0.06727512
2.214479	0.06722084
2.217813	0.06719371
2.221146	0.06716657
2.224479	0.06711229
2.227813	0.06705802
2.231146	0.06703088
2.234479	0.0669766
2.237813	0.0669766
2.241146	0.06694946
2.244479	0.06694946
2.247813	0.06692233
2.251146	0.06694946
2.254479	0.06694946
2.257813	0.0669766
2.261146	0.06700374
2.264479	0.06703088
2.267812	0.06705802
2.271146	0.06708515
2.274479	0.06708515
2.277812	0.06708515
2.281146	0.06708515
2.284479	0.06708515
2.287812	0.06708515
2.291146	0.06708515
2.294479	0.06711229
2.297812	0.06716657
2.301146	0.06722084
2.304479	0.06727512
2.307812	0.06735653
2.311146	0.06741081
2.314479	0.06749222
2.317812	0.0675465
2.321146	0.06757364
2.324479	0.06757364
2.327812	0.0675465
2.331146	0.06749222
2.334479	0.06743795
2.337812	0.06730226
2.341146	0.06716657
2.344479	0.06700374
2.347812	0.06681377
2.351146	0.06662381
2.354479	0.06643384
2.357812	0.06624388
2.361146	0.06608105
2.364479	0.0659725
2.367812	0.06589108
2.371146	0.06586394
2.374479	0.06589108
2.377812	0.06594536
2.381146	0.06605391
2.384479	0.06616246
2.387813	0.06629815
2.391146	0.06643384
2.394479	0.06656953
2.397813	0.06667808
2.401146	0.0667595
2.404479	0.06681377
2.407813	0.06684091
2.411146	0.06684091
2.414479	0.06681377
2.417813	0.06678664
2.421146	0.0667595
2.424479	0.06670522
2.427813	0.06667808
2.431146	0.06662381
2.434479	0.06659667
2.437813	0.06656953
2.441146	0.06656953
2.444479	0.06659667
2.447813	0.06662381
2.451146	0.06665095
2.454479	0.06667808
2.457813	0.06670522
2.461146	0.06670522
2.464479	0.06670522
2.467813	0.06665095
2.471146	0.06654239
2.474479	0.06643384
2.477813	0.06627101
2.481146	0.06610819
2.484479	0.06594536
2.487813	0.06578253
2.491146	0.06564684
2.494479	0.06556543
2.497813	0.06548401
2.501146	0.06542974
2.504479	0.0654026
2.507813	0.06534832
2.511146	0.06529405
2.514479	0.06523977
2.517812	0.06518549
2.521146	0.06510408
2.524479	0.06507694
2.527812	0.06502267
2.531146	0.06502267
2.534479	0.06507694
2.537812	0.06515836
2.541146	0.06526691
2.544479	0.0654026
2.547812	0.06553829
2.551146	0.06570112
2.554479	0.06583681
2.557812	0.06594536
2.561146	0.06602677
2.564479	0.06608105
2.567812	0.06610819
2.571146	0.06608105
2.574479	0.06605391
2.577812	0.06599963
2.581146	0.0659725
2.584479	0.06589108
2.587812	0.06583681
2.591146	0.06578253
2.594479	0.06575539
2.597812	0.06570112
2.601146	0.06567398
2.604479	0.06564684
2.607812	0.06564684
2.611146	0.0656197
2.614479	0.0656197
2.617812	0.0656197
2.621146	0.06559256
2.624479	0.06556543
2.627812	0.06553829
2.631146	0.06548401
2.634479	0.0654026
2.637813	0.06532118
2.641146	0.06523977
2.644479	0.06515836
2.647813	0.06507694
2.651146	0.0650498
2.654479	0.06502267
2.657813	0.0650498
2.661146	0.06510408
2.664479	0.06515836
2.667813	0.06523977
2.671146	0.06529405
2.674479	0.06532118
2.677813	0.06534832
2.681146	0.06534832
2.684479	0.06534832
2.687813	0.06532118
2.691146	0.06532118
2.694479	0.06529405
2.697813	0.06529405
2.701146	0.06532118
2.704479	0.06534832
2.707813	0.0654026
2.711146	0.06545687
2.714479	0.06551115
2.717813	0.06553829
2.721146	0.06559256
2.724479	0.0656197
2.727813	0.06564684
2.731146	0.06564684
2.734479	0.0656197
2.737813	0.06559256
2.741146	0.06556543
2.744479	0.06551115
2.747813	0.06545687
2.751146	0.0654026
2.754479	0.06534832
2.757813	0.06529405
2.761146	0.06523977
2.764479	0.06518549
2.767812	0.06513122
2.771146	0.06507694
2.774479	0.06502267
2.777812	0.06499553
2.781146	0.06499553
2.784479	0.06499553
2.787812	0.06499553
2.791146	0.06502267
2.794479	0.0650498
2.797812	0.0650498
2.801146	0.0650498
2.804479	0.06499553
2.807812	0.06491411
2.811146	0.06480556
2.814479	0.06469701
2.817812	0.06456132
2.821146	0.06447991
2.824479	0.06442563
2.827812	0.06442563
2.831146	0.06445277
2.834479	0.06453418
2.837812	0.06464273
2.841146	0.06477842
2.844479	0.06491411
2.847812	0.0650498
2.851146	0.06518549
2.854479	0.06532118
2.857812	0.06545687
2.861146	0.06559256
2.864479	0.06570112
2.867812	0.06583681
2.871146	0.06594536
2.874479	0.06608105
2.877812	0.0661896
2.881146	0.06627101
2.884479	0.06637957
2.887813	0.06646098
2.891146	0.06654239
2.894479	0.06659667
2.897813	0.06667808
2.901146	0.0667595
2.904479	0.06684091
2.907813	0.06692233
2.911146	0.06694946
2.914479	0.0669766
2.917813	0.06694946
2.921146	0.06686805
2.924479	0.06673236
2.927813	0.06656953
2.931146	0.06635243
2.934479	0.06613532
2.937813	0.06591822
2.941146	0.06572825
2.944479	0.06556543
2.947813	0.06545687
2.951146	0.0654026
2.954479	0.06537546
2.957813	0.0654026
2.961146	0.06542974
2.964479	0.06545687
2.967813	0.06548401
2.971146	0.06545687
2.974479	0.06537546
2.977813	0.06526691
2.981146	0.06513122
2.984479	0.06494125
2.987813	0.06477842
2.991146	0.06464273
2.994479	0.06450704
2.997813	0.06442563
3.001146	0.06442563
3.004479	0.06445277
3.007813	0.06456132
3.011146	0.06469701
3.014479	0.06485984
3.017812	0.06499553
3.021146	0.06515836
3.024479	0.06526691
3.027812	0.06534832
3.031146	0.0654026
3.034479	0.0654026
3.037812	0.06534832
3.041146	0.06526691
3.044479	0.06513122
3.047812	0.06496839
3.051146	0.06480556
3.054479	0.0646156
3.057812	0.06439849
3.061146	0.06420853
3.064479	0.06401856
3.067812	0.06388287
3.071146	0.06382859
3.074479	0.06382859
3.077812	0.06388287
3.081146	0.06401856
3.084479	0.06420853
3.087812	0.06439849
3.091146	0.0646156
3.094479	0.06480556
3.097812	0.06496839
3.101146	0.06507694
3.104479	0.06513122
3.107812	0.06515836
3.111146	0.06515836
3.114479	0.06515836
3.117812	0.06515836
3.121146	0.06515836
3.124479	0.06518549
3.127812	0.06521263
3.131146	0.06526691
3.134479	0.06532118
3.137813	0.06537546
3.141146	0.06537546
3.144479	0.0654026
3.147813	0.06537546
3.151146	0.06534832
3.154479	0.06532118
3.157813	0.06529405
3.161146	0.06526691
3.164479	0.06529405
3.167813	0.06532118
3.171146	0.06537546
3.174479	0.06545687
3.177813	0.06556543
3.181146	0.06570112
3.184479	0.06580967
3.187813	0.06591822
3.191146	0.06602677
3.194479	0.06613532
3.197813	0.06621674
3.201146	0.06632529
3.204479	0.06646098
3.207813	0.06656953
3.211146	0.06673236
3.214479	0.06689519
3.217813	0.06705802
3.221146	0.06724798
3.224479	0.06746509
3.227813	0.06765505
3.231146	0.0678993
3.234479	0.06814354
3.237813	0.06846919
3.241146	0.06882199
3.244479	0.0692562
3.247813	0.06979896
3.251146	0.07047741
3.254479	0.07129155
3.257813	0.07226851
3.261146	0.07343545
3.264479	0.07476521
3.267812	0.07628494
3.271146	0.07799463
3.274479	0.07992143
3.277812	0.08206533
3.281146	0.0843992
3.284479	0.08695017
3.287812	0.08969111
3.291146	0.09259488
3.294479	0.09568861
3.297812	0.09891803
3.301146	0.1023374
3.304479	0.1059196
3.307812	0.1096375
3.311146	0.1134911
3.314479	0.1175076
3.317812	0.1216868
3.321146	0.1259746
3.324479	0.1304253
3.327812	0.1349573
3.331146	0.1395979
3.334479	0.1443199
3.337812	0.1490962
3.341146	0.1539268
3.344479	0.1587845
3.347812	0.1636422
3.351146	0.1684727
3.354479	0.1733033
3.357812	0.1780796
3.361146	0.1828016
3.364479	0.1874693
3.367812	0.1920557
3.371146	0.1965606
3.374479	0.2009841
3.377812	0.2053533
3.381146	0.2096954
3.384479	0.2140103
3.387813	0.2182981
3.391146	0.2226131
3.394479	0.2269552
3.397813	0.2313244
3.401146	0.2357479
3.404479	0.2402256
3.407813	0.2447305
3.411146	0.2492897
3.414479	0.2538489
3.417813	0.2584352
3.421146	0.2630758
3.424479	0.2677436
3.427813	0.2724385
3.431146	0.2772147
3.434479	0.2820453
3.437813	0.2869844
3.441146	0.2920321
3.444479	0.2972426
3.447813	0.3026159
3.451146	0.3081792
3.454479	0.3139596
3.457813	0.3199028
3.461146	0.326036
3.464479	0.332332
3.467813	0.3387637
3.471146	0.3453311
3.474479	0.35198
3.477813	0.3587373
3.481146	0.3655761
3.484479	0.3724963
3.487813	0.3794979
3.491146	0.3866081
3.494479	0.3938268
3.497813	0.401154
3.501146	0.4086441
3.504479	0.4162699
3.507813	0.4240314
3.511146	0.4319828
3.514479	0.4400971
3.517812	0.448347
3.521146	0.4567327
3.524479	0.4651997
3.527812	0.4737482
3.531146	0.4823238
3.534479	0.4909537
3.537812	0.4995836
3.541146	0.5082406
3.544479	0.5168976
3.547812	0.5255817
3.551146	0.5343745
3.554479	0.5432215
3.557812	0.552177
3.561146	0.5612954
3.564479	0.5705223
3.567812	0.579912
3.571146	0.5894646
3.574479	0.5992072
3.577812	0.6091668
3.581146	0.6193164
3.584479	0.6296832
3.587812	0.6403213
3.591146	0.6512308
3.594479	0.6624659
3.597812	0.6739996
3.601146	0.685886
3.604479	0.6981252
3.607812	0.7107444
3.611146	0.7237435
3.614479	0.7371497
3.617812	0.7509358
3.621146	0.7651018
3.624479	0.7795935
3.627812	0.7944109
3.631146	0.8095267
3.634479	0.8248326
3.637813	0.8403012
3.641146	0.8558785
3.644479	0.8715371
3.647813	0.88725
3.651146	0.9029358
3.654479	0.9185944
3.657813	0.9341716
3.661146	0.9496131
3.664479	0.9649189
3.667813	0.9800348
3.671146	0.9948793
3.674479	1.009425
3.677813	1.023591
3.681146	1.03735
3.684479	1.050648
3.687813	1.06343
3.691146	1.075669
3.694479	1.087311
3.697813	1.098302
3.701146	1.108669
3.704479	1.11833
3.707813	1.127313
3.711146	1.13559
3.714479	1.143188
3.717813	1.150109
3.721146	1.156405
3.724479	1.162104
3.727813	1.167314
3.731146	1.172063
3.734479	1.17646
3.737813	1.180557
3.741146	1.184493
3.744479	1.188319
3.747813	1.1922
3.751146	1.196243
3.754479	1.200558
3.757813	1.205307
3.761146	1.210681
3.764479	1.216814
3.767812	1.223897
3.771146	1.232147
3.774479	1.2417
3.777812	1.252799
3.781146	1.265581
3.784479	1.280208
3.787812	1.296817
3.791146	1.315623
3.794479	1.336683
3.797812	1.360157
3.801146	1.386182
3.804479	1.41484
3.807812	1.446212
3.811146	1.480405
3.814479	1.517476
3.817812	1.557423
3.821146	1.600328
3.824479	1.646083
3.827812	1.694687
3.831146	1.746005
3.834479	1.799928
3.837812	1.856267
3.841146	1.914858
3.844479	1.975403
3.847812	2.037657
3.851146	2.101323
3.854479	2.166047
3.857812	2.231504
3.861146	2.297314
3.864479	2.363096
3.867812	2.428472
3.871146	2.493006
3.874479	2.556373
3.877812	2.618112
3.881146	2.677897
3.884479	2.735321
3.887813	2.790059
3.891146	2.841702
3.894479	2.889954
3.897813	2.93446
3.901146	2.97495
3.904479	3.011152
3.907813	3.042876
3.911146	3.069878
3.914479	3.092023
3.917813	3.109229
3.921146	3.121386
3.924479	3.128497
3.927813	3.130586
3.931146	3.127682
3.934479	3.119894
3.937813	3.107329
3.941146	3.090151
3.944479	3.068522
3.947813	3.042605
3.951146	3.012644
3.954479	2.978885
3.957813	2.941516
3.961146	2.900863
3.964479	2.857144
3.967813	2.810683
3.971146	2.761726
3.974479	2.710598
3.977813	2.657625
3.981146	2.603078
3.984479	2.547255
3.987813	2.490455
3.991146	2.43295
3.994479	2.375037
3.997813	2.316962
4.001146	2.258968
4.004479	2.201326
4.007813	2.144228
4.011146	2.08789
4.014479	2.032501
4.017813	1.978279
4.021146	1.92536
4.024479	1.873906
4.027812	1.824108
4.031146	1.776047
4.034479	1.729912
4.037813	1.685786
4.041146	1.643776
4.044479	1.603965
4.047812	1.56646
4.051146	1.531371
4.054479	1.498805
4.057813	1.468845
4.061146	1.441625
4.064479	1.417337
4.067812	1.396115
4.071146	1.378231
4.074479	1.363875
4.077813	1.353318
4.081146	1.346914
4.084479	1.344933
4.087812	1.347809
4.091146	1.355951
4.094479	1.369818
4.097813	1.3899
4.101146	1.416821
4.104479	1.451178
4.107812	1.493649
4.111146	1.544994
4.114479	1.606
4.117813	1.677536
4.121146	1.760497
4.124479	1.855778
4.127812	1.964384
4.131146	2.087265
4.134479	2.225425
4.137813	2.379786
4.141146	2.551298
4.144479	2.74083
4.147812	2.949196
4.151146	3.177074
4.154479	3.425115
4.157813	3.693781
4.161146	3.983398
4.164479	4.294074
4.167812	4.625836
4.171146	4.978359
4.174479	5.351208
4.177813	5.743623
4.181146	6.154656
4.184479	6.583056
4.187812	7.027387
4.191146	7.48591
4.194479	7.956646
4.197813	8.437423
4.201146	8.925853
4.204479	9.41925
4.207812	9.914898
4.211146	10.40987
4.214479	10.90107
4.217813	11.38537
4.221146	11.85958
4.224479	12.32052
4.227812	12.76504
4.231146	13.19005
4.234479	13.59259
4.237813	13.96986
4.241146	14.31921
4.244479	14.63824
4.247812	14.92484
4.251146	15.17715
4.254479	15.3936
4.257813	15.57293
4.261146	15.71423
4.264479	15.81698
4.267813	15.88092
4.271146	15.9061
4.274479	15.89302
4.277812	15.84238
4.281146	15.75524
4.284479	15.63287
4.287813	15.47686
4.291146	15.28895
4.294479	15.07117
4.297812	14.82563
4.301146	14.55465
4.304479	14.26064
4.307813	13.946
4.311146	13.61329
4.314479	13.26495
4.317812	12.90353
4.321146	12.53144
4.324479	12.15107
4.327813	11.76473
4.331146	11.3746
4.334479	10.98272
4.337812	10.59104
4.341146	10.20139
4.344479	9.815383
4.347813	9.434528
4.351146	9.060078
4.354479	8.693226
4.357812	8.335004
4.361146	7.986226
4.364479	7.647598
4.367813	7.319717
4.371146	7.003017
4.374479	6.697823
4.377812	6.404325
4.381146	6.12266
4.384479	5.8528
4.387813	5.59469
4.391146	5.348141
4.394479	5.112991
4.397812	4.888966
4.401146	4.675743
4.404479	4.473022
4.407813	4.28045
4.411146	4.097622
4.414479	3.924183
4.417812	3.759672
4.421146	3.60371
4.424479	3.455862
4.427813	3.315722
4.431146	3.182827
4.434479	3.056798
4.437812	2.937309
4.441146	2.823954
4.444479	2.71646
4.447813	2.614476
4.451146	2.517756
4.454479	2.425948
4.457812	2.338862
4.461146	2.256227
4.464479	2.177798
4.467813	2.103304
4.471146	2.032582
4.474479	1.965416
4.477812	1.901614
4.481146	1.841015
4.484479	1.783456
4.487813	1.7288
4.491146	1.676912
4.494479	1.627656
4.497812	1.580897
4.501146	1.5365
4.504479	1.494381
4.507813	1.454353
4.511146	1.416387
4.514479	1.380293
4.517813	1.345991
4.521146	1.313398
4.524479	1.282407
4.527812	1.252935
4.531146	1.224901
4.534479	1.198252
4.537813	1.172932
4.541146	1.14886
4.544479	1.125983
4.547812	1.1043
4.551146	1.083756
4.554479	1.064298
4.557813	1.045953
4.561146	1.028666
4.564479	1.01241
4.567812	0.9972131
4.571146	0.9830471
4.574479	0.9698852
4.577813	0.9577274
4.581146	0.9466279
4.584479	0.9365326
4.587812	0.9275228
4.591146	0.9196256
4.594479	0.9128683
4.597813	0.9073321
4.601146	0.9031257
4.604479	0.9003034
4.607812	0.8990008
4.611146	0.8993535
4.614479	0.9014974
4.617813	0.905541
4.621146	0.9116742
4.624479	0.9200327
4.627812	0.9308336
4.631146	0.9442398
4.634479	0.9604683
4.637813	0.9797363
4.641146	1.002288
4.644479	1.02834
4.647812	1.058165
4.651146	1.092033
4.654479	1.130244
4.657813	1.17304
4.661146	1.220722
4.664479	1.27356
4.667812	1.331798
4.671146	1.395708
4.674479	1.465507
4.677813	1.541385
4.681146	1.623586
4.684479	1.712218
4.687812	1.807446
4.691146	1.909321
4.694479	2.017901
4.697813	2.13321
4.701146	2.255195
4.704479	2.383775
4.707812	2.518841
4.711146	2.66023
4.714479	2.80778
4.717813	2.961218
4.721146	3.120301
4.724479	3.284784
4.727812	3.454343
4.731146	3.628677
4.734479	3.807462
4.737813	3.990454
4.741146	4.177435
4.744479	4.368242
4.747812	4.562795
4.751146	4.761146
4.754479	4.963569
4.757813	5.170415
4.761146	5.382335
4.764479	5.600172
4.767813	5.825092
4.771146	6.05856
4.774479	6.302368
4.777812	6.558768
4.781146	6.830392
4.784479	7.12028
4.787813	7.432041
4.791146	7.769719
4.794479	8.137819
4.797812	8.541443
4.801146	8.986126
4.804479	9.477922
4.807813	10.02329
4.811146	10.62914
4.814479	11.30284
4.817812	12.05199
4.821146	12.88447
4.824479	13.80825
4.827813	14.83133
4.831146	15.96162
4.834479	17.20669
4.837812	18.57369
4.841146	20.06899
4.844479	21.6983
4.847813	23.46623
4.851146	25.37621
4.854479	27.43036
4.857812	29.62936
4.861146	31.97212
4.864479	34.45593
4.867813	37.07605
4.871146	39.82579
4.874479	42.69634
4.877812	45.67688
4.881146	48.75441
4.884479	51.91381
4.887813	55.13808
4.891146	58.40837
4.894479	61.70431
4.897812	65.00404
4.901146	68.28473
4.904479	71.5226
4.907813	74.69338
4.911146	77.77262
4.914479	80.73595
4.917812	83.55961
4.921146	86.22049
4.924479	88.6967
4.927813	90.96782
4.931146	93.01517
4.934479	94.8222
4.937812	96.37463
4.941146	97.66068
4.944479	98.67121
4.947813	99.39987
4.951146	99.84303
4.954479	100
4.957812	99.87278
4.961146	99.46611
4.964479	98.78737
4.967813	97.84625
4.971146	96.65462
4.974479	95.2264
4.977812	93.57711
4.981146	91.7238
4.984479	89.6846
4.987813	87.47852
4.991146	85.12523
4.994479	82.64457
4.997812	80.05666
5.001146	77.38134
5.004479	74.63818
5.007813	71.84614
5.011146	69.02334
5.014479	66.18702
5.017813	63.35324
5.021146	60.53688
5.024479	57.75163
5.027812	55.00974
5.031146	52.32216
5.034479	49.69846
5.037813	47.14683
5.041146	44.67434
5.044479	42.28669
5.047812	39.98842
5.051146	37.78297
5.054479	35.67272
5.057813	33.65897
5.061146	31.74218
5.064479	29.92209
5.067812	28.19761
5.071146	26.56705
5.074479	25.0283
5.077813	23.57867
5.081146	22.21523
5.084479	20.93472
5.087812	19.73367
5.091146	18.60845
5.094479	17.55536
5.097813	16.57055
5.101146	15.65032
5.104479	14.79089
5.107812	13.98864
5.111146	13.23998
5.114479	12.5415
5.117813	11.88989
5.121146	11.28206
5.124479	10.71495
5.127812	10.18571
5.131146	9.691661
5.134479	9.230206
5.137813	8.798928
5.141146	8.39563
5.144479	8.018168
5.147812	7.664641
5.151146	7.333286
5.154479	7.022393
5.157813	6.730524
5.161146	6.456268
5.164479	6.198375
5.167812	5.955626
5.171146	5.726988
5.174479	5.511458
5.177813	5.308113
5.181146	5.116139
5.184479	4.934748
5.187812	4.763344
5.191146	4.601249
5.194479	4.447973
5.197813	4.302975
5.201146	4.165765
5.204479	4.035964
5.207812	3.913137
5.211146	3.796905
5.214479	3.686861
5.217813	3.582705
5.221146	3.484113
5.224479	3.390758
5.227812	3.302451
5.231146	3.218975
5.234479	3.140057
5.237813	3.065591
5.241146	2.99533
5.244479	2.929141
5.247812	2.866859
5.251146	2.808295
5.254479	2.753259
5.257813	2.701589
5.261146	2.65312
5.264479	2.607664
5.267813	2.56503
5.271146	2.525083
5.274479	2.487578
5.277812	2.45238
5.281146	2.419299
5.284479	2.38809
5.287813	2.358591
5.291146	2.330585
5.294479	2.303881
5.297812	2.278317
5.301146	2.25373
5.304479	2.229984
5.307813	2.206917
5.311146	2.184392
5.314479	2.162329
5.317812	2.140592
5.321146	2.119044
5.324479	2.097659
5.327813	2.076247
5.331146	2.054754
5.334479	2.033071
5.337812	2.011089
5.341146	1.988727
5.344479	1.965904
5.347813	1.942593
5.351146	1.918738
5.354479	1.894287
5.357812	1.869239
5.361146	1.84362
5.364479	1.817378
5.367813	1.790593
5.371146	1.763211
5.374479	1.73534
5.377812	1.706926
5.381146	1.678052
5.384479	1.648742
5.387813	1.619081
5.391146	1.589066
5.394479	1.55878
5.397812	1.528277
5.401146	1.497611
5.404479	1.466836
5.407813	1.436035
5.411146	1.405287
5.414479	1.374649
5.417812	1.344145
5.421146	1.313887
5.424479	1.283872
5.427813	1.25421
5.431146	1.224901
5.434479	1.196026
5.437812	1.167558
5.441146	1.139525
5.444479	1.111953
5.447813	1.084842
5.451146	1.058192
5.454479	1.032031
5.457812	1.006359
5.461146	0.9812289
5.464479	0.9566419
5.467813	0.9326247
5.471146	0.9092046
5.474479	0.8864359
5.477812	0.8642912
5.481146	0.8427708
5.484479	0.8219017
5.487813	0.8016567
5.491146	0.7820631
5.494479	0.7630665
5.497812	0.7446398
5.501146	0.7268101
5.504479	0.7095232
5.507813	0.6927791
5.511146	0.6765234
5.514479	0.6608105
5.517813	0.6455589
5.521146	0.6307687
5.524479	0.6164127
5.527812	0.602518
5.531146	0.5890304
5.534479	0.575977
5.537813	0.5633307
5.541146	0.5510643
5.544479	0.5391508
5.547812	0.5276171
5.551146	0.5164091
5.554479	0.5054997
5.557813	0.4948887
5.561146	0.4845491
5.564479	0.4744538
5.567812	0.4646027
5.571146	0.4549958
5.574479	0.4456332
5.577813	0.436542
5.581146	0.4277221
5.584479	0.4192008
5.587812	0.4109508
5.591146	0.4030265
5.594479	0.3953465
5.597813	0.387965
5.601146	0.3808548
5.604479	0.3739617
5.607812	0.3672587
5.611146	0.3607455
5.614479	0.3543952
5.617813	0.3482077
5.621146	0.3421831
5.624479	0.3362942
5.627812	0.3305409
5.631146	0.3249505
5.634479	0.3194957
5.637813	0.314231
5.641146	0.3091019
5.644479	0.3041085
5.647812	0.2992508
5.651146	0.2945559
5.654479	0.2899425
5.657813	0.2854918
5.661146	0.2810955
5.664479	0.2768348
5.667812	0.2726013
5.671146	0.2684492
5.674479	0.2643513
5.677813	0.2603078
5.681146	0.2562913
5.684479	0.2523292
5.687812	0.2484213
5.691146	0.2445949
5.694479	0.240877
5.697813	0.2372676
5.701146	0.2337939
5.704479	0.2304288
5.707812	0.2271994
5.711146	0.2240785
5.714479	0.2210933
5.717813	0.2181624
5.721146	0.2153401
5.724479	0.2125177
5.727812	0.2097497
5.731146	0.2070087
5.734479	0.2042949
5.737813	0.2015811
5.741146	0.1988944
5.744479	0.1962621
5.747812	0.1936568
5.751146	0.191133
5.754479	0.1886906
5.757813	0.1863567
5.761146	0.1841314
5.764479	0.1820417
5.767813	0.1800064
5.771146	0.1781067
5.774479	0.1762342
5.777812	0.1744702
5.781146	0.1727063
5.784479	0.1709966
5.787813	0.1692869
5.791146	0.1676315
5.794479	0.1660032
5.797812	0.164402
5.801146	0.1628552
5.804479	0.1613626
5.807813	0.1599514
5.811146	0.1585674
5.814479	0.1572919
5.817812	0.1560707
5.821146	0.1549037
5.824479	0.1537911
5.827813	0.1527327
5.831146	0.1517015
5.834479	0.1506974
5.837812	0.1497475
5.841146	0.1487977
5.844479	0.1478479
5.847813	0.1469252
5.851146	0.1459753
5.854479	0.1450798
5.857812	0.1441842
5.861146	0.1433158
5.864479	0.1425288
5.867813	0.1417961
5.871146	0.1411176
5.874479	0.1404935
5.877812	0.1399507
5.881146	0.1394351
5.884479	0.1390009
5.887813	0.1385667
5.891146	0.1381325
5.894479	0.1376982
5.897812	0.1372369
5.901146	0.1367484
5.904479	0.1362599
5.907813	0.1357714
5.911146	0.1352558
5.914479	0.1347673
5.917812	0.1342789
5.921146	0.1338175
5.924479	0.133329
5.927813	0.1328677
5.931146	0.1323792
5.934479	0.1318907
5.937812	0.1314022
5.941146	0.1309409
5.944479	0.1304524
5.947813	0.1299911
5.951146	0.1295568
5.954479	0.1291498
5.957812	0.1287698
5.961146	0.128417
5.964479	0.1280643
5.967813	0.1277115
5.971146	0.1273858
5.974479	0.1270601
5.977812	0.1267345
5.981146	0.1264088
5.984479	0.1261375
5.987813	0.1258389
5.991146	0.1255676
5.994479	0.1252962
5.997812	0.1250248
6.001146	0.1247263
6.004479	0.1244549
6.007813	0.1241292
6.011146	0.1238307
6.014479	0.1235322
6.017813	0.1232337
6.021146	0.1229894
6.024479	0.1227723
6.027812	0.1226095
6.031146	0.1224467
6.034479	0.1223381
6.037813	0.1222567
6.041146	0.1221753
6.044479	0.122121
6.047812	0.1220396
6.051146	0.1219853
6.054479	0.1218768
6.057813	0.1217682
6.061146	0.1216325
6.064479	0.1214697
6.067812	0.1213069
6.071146	0.1210898
6.074479	0.1208727
6.077813	0.1206284
6.081146	0.1203571
6.084479	0.12014
6.087812	0.1199229
6.091146	0.11976
6.094479	0.1196786
6.097813	0.1196243
6.101146	0.1196515
6.104479	0.1197329
6.107812	0.1198414
6.111146	0.1199771
6.114479	0.1201128
6.117813	0.1202485
6.121146	0.1203842
6.124479	0.1204656
6.127812	0.1204928
6.131146	0.1204928
6.134479	0.1204656
6.137813	0.1203842
6.141146	0.1202756
6.144479	0.1201128
6.147812	0.1198957
6.151146	0.1196243
6.154479	0.1192987
6.157813	0.1189459
6.161146	0.1185117
6.164479	0.1180503
6.167812	0.1175618
6.171146	0.1170191
6.174479	0.1164221
6.177813	0.115825
6.181146	0.1152008
6.184479	0.1145495
6.187812	0.1139254
6.191146	0.1132469
6.194479	0.1125956
6.197813	0.1119171
6.201146	0.1112658
6.204479	0.1105874
6.207812	0.1099089
6.211146	0.1092033
6.214479	0.1085249
6.217813	0.1078464
6.221146	0.107168
6.224479	0.1064624
6.227812	0.105784
6.231146	0.1051326
6.234479	0.1044813
6.237813	0.10383
6.241146	0.1031787
6.244479	0.1025817
6.247812	0.1019846
6.251146	0.1014147
6.254479	0.1008991
6.257813	0.1003835
6.261146	0.099895
6.264479	0.09940652
6.267813	0.09894517
6.271146	0.09851096
6.274479	0.09807676
6.277812	0.09766969
6.281146	0.09726262
6.284479	0.09688269
6.287813	0.09650275
6.291146	0.09614996
6.294479	0.09579717
6.297812	0.09547151
6.301146	0.09511872
6.304479	0.09476592
6.307813	0.09441313
6.311146	0.0940332
6.314479	0.09365326
6.317812	0.09330047
6.321146	0.09294768
6.324479	0.09262202
6.327813	0.0923235
6.331146	0.09207926
6.334479	0.09188929
6.337812	0.09169933
6.341146	0.09156364
6.344479	0.09140081
6.347813	0.09126512
6.351146	0.09112943
6.354479	0.09099374
6.357812	0.09085805
6.361146	0.09069522
6.364479	0.09055953
6.367813	0.0903967
6.371146	0.09023387
6.374479	0.09007105
6.377812	0.08988108
6.381146	0.08963684
6.384479	0.0893926
6.387813	0.08909408
6.391146	0.08879556
6.394479	0.08849704
6.397812	0.08819852
6.401146	0.08790001
6.404479	0.08765576
6.407813	0.08741152
6.411146	0.08719442
6.414479	0.08697731
6.417812	0.08678735
6.421146	0.0865431
6.424479	0.08629886
6.427813	0.08600034
6.431146	0.08572896
6.434479	0.08543045
6.437812	0.08513193
6.441146	0.08488769
6.444479	0.08467058
6.447813	0.08448062
6.451146	0.08431779
6.454479	0.08420924
6.457812	0.08410068
6.461146	0.08401927
6.464479	0.08396499
6.467813	0.08388358
6.471146	0.0838293
6.474479	0.08374789
6.477812	0.08366648
6.481146	0.08355792
6.484479	0.08350365
6.487813	0.08344937
6.491146	0.08344937
6.494479	0.08350365
6.497812	0.0836122
6.501146	0.0838293
6.504479	0.08410068
6.507813	0.08448062
6.511146	0.08491482
6.514479	0.08540331
6.517813	0.08591893
6.521146	0.08646169
6.524479	0.08697731
6.527812	0.08749294
6.531146	0.08795428
6.534479	0.08838849
6.537813	0.08876842
6.541146	0.08912122
6.544479	0.08944687
6.547812	0.08971825
6.551146	0.08996249
6.554479	0.0901796
6.557813	0.09036956
6.561146	0.09053239
6.564479	0.09066808
6.567812	0.09077663
6.571146	0.09083091
6.574479	0.09083091
6.577813	0.09080377
6.581146	0.0907495
6.584479	0.09066808
6.587812	0.09055953
6.591146	0.09047812
6.594479	0.0903967
6.597813	0.09034243
6.601146	0.09031529
6.604479	0.09036956
6.607812	0.09042384
6.611146	0.09053239
6.614479	0.09064094
6.617813	0.09072236
6.621146	0.09080377
6.624479	0.09083091
6.627812	0.09083091
6.631146	0.0907495
6.634479	0.09064094
6.637813	0.09045098
6.641146	0.09023387
6.644479	0.08996249
6.647812	0.08963684
6.651146	0.08925691
6.654479	0.0888227
6.657813	0.08830708
6.661146	0.08771004
6.664479	0.08705873
6.667812	0.08629886
6.671146	0.08548472
6.674479	0.08456203
6.677813	0.08355792
6.681146	0.0824724
6.684479	0.08130547
6.687812	0.08002998
6.691146	0.07870022
6.694479	0.07728904
6.697813	0.07585073
6.701146	0.07441242
6.704479	0.07300124
6.707812	0.0716172
6.711146	0.07031458
6.714479	0.06909337
6.717813	0.06795357
6.721146	0.06692233
6.724479	0.0659725
6.727812	0.06510408
6.731146	0.06431708
6.734479	0.06361149
6.737813	0.06296018
6.741146	0.06241742
6.744479	0.06201035
6.747812	0.06171183
6.751146	0.061549
6.754479	0.06152186
6.757813	0.06163042
6.761146	0.06187466
6.764479	0.06222745
6.767813	0.06266166
6.771146	0.06317728
6.774479	0.06372004
6.777812	0.06428994
6.781146	0.06485984
6.784479	0.0654026
6.787813	0.06591822
6.791146	0.06643384
6.794479	0.06689519
6.797812	0.06730226
6.801146	0.06768219
6.804479	0.06798071
6.807813	0.06825209
6.811146	0.06846919
6.814479	0.06860488
6.817812	0.0686863
6.821146	0.0686863
6.824479	0.06857775
6.827813	0.0683335
6.831146	0.06798071
6.834479	0.06743795
6.837812	0.06670522
6.841146	0.06578253
6.844479	0.0646156
6.847813	0.0632587
6.851146	0.06165755
6.854479	0.05986644
6.857812	0.05783109
6.861146	0.05560578
6.864479	0.05313622
6.867813	0.05047669
6.871146	0.04757293
6.874479	0.0444792
6.877812	0.0411955
6.881146	0.03772183
6.884479	0.03413961
6.887813	0.03050312
6.891146	0.02683949
6.894479	0.02323014
6.897812	0.01975647
6.901146	0.01649991
6.904479	0.01346046
6.907813	0.01069238
6.911146	0.00824996
6.914479	0.006106058
6.917812	0.004314949
6.921146	0.002849497
6.924479	0.001682563
6.927813	0.0008412848
6.931146	0.0002713867
6.934479	0
6.937812	2.7138e-05
6.941146	0.0002713867
6.944479	0.0007598708
6.947813	0.001492597
6.951146	0.002388151
6.954479	0.003473671
6.957812	0.004694881
6.961146	0.005997506
6.964479	0.007354406
6.967813	0.008738444
6.971146	0.01012248
6.974479	0.01145224
6.977812	0.01272773
6.981146	0.01394894
6.984479	0.01511587
6.987813	0.01625567
6.991146	0.01739546
6.994479	0.0185624
6.997812	0.01981075
7.001146	0.02119479
7.004479	0.02271451
7.007813	0.02439707
7.011146	0.02629673
7.014479	0.02841349
7.017813	0.03069309
7.021146	0.03316265
7.024479	0.03582217
7.027812	0.03861739
7.031146	0.04152115
7.034479	0.04450633
7.037813	0.04754579
7.041146	0.05053097
7.044479	0.05348901
7.047812	0.05636564
7.051146	0.05913372
7.054479	0.06173897
7.057813	0.06420853
7.061146	0.06648812
7.064479	0.06855061
7.067812	0.07042313
7.071146	0.07205141
7.074479	0.07346259
7.077813	0.07462952
7.081146	0.07549794
7.084479	0.07609497
7.087812	0.07639349
7.091146	0.07636635
7.094479	0.07598642
7.097813	0.07530797
7.101146	0.07427673
7.104479	0.07294696
7.107812	0.07131868
7.111146	0.0694733
7.114479	0.06741081
7.117813	0.06518549
7.121146	0.06287876
7.124479	0.06054489
7.127812	0.05821103
7.131146	0.05595857
7.134479	0.05378753
7.137813	0.05175218
7.141146	0.04987966
7.144479	0.0481971
7.147812	0.04670451
7.151146	0.04540189
7.154479	0.04428923
7.157813	0.04336654
7.161146	0.04263381
7.164479	0.04206391
7.167812	0.04171112
7.171146	0.04152115
7.174479	0.04149402
7.177813	0.04160257
7.181146	0.04190109
7.184479	0.04230815
7.187812	0.04285091
7.191146	0.04347509
7.194479	0.04420782
7.197813	0.04499482
7.201146	0.0458361
7.204479	0.04673165
7.207812	0.04768148
7.211146	0.04865845
7.214479	0.04971683
7.217813	0.05080235
7.221146	0.05196928
7.224479	0.0531905
7.227812	0.05446598
7.231146	0.05579574
7.234479	0.05715264
7.237813	0.05853668
7.241146	0.05989358
7.244479	0.06127762
7.247812	0.06263452
7.251146	0.06399142
7.254479	0.06532118
7.257813	0.06665095
7.261146	0.06798071
7.264479	0.06931047
7.267813	0.07064023
7.271146	0.07202427
7.274479	0.07340831
7.277812	0.07481949
7.281146	0.0762578
7.284479	0.07772325
7.287813	0.07924298
7.291146	0.08073557
7.294479	0.0822553
7.297812	0.08377503
7.301146	0.08526762
7.304479	0.08673307
7.307813	0.08819852
7.311146	0.0896097
7.314479	0.09099374
7.317812	0.09235064
7.321146	0.0936804
7.324479	0.09495589
7.327813	0.09620424
7.331146	0.09737117
7.334479	0.09842955
7.337812	0.09940652
7.341146	0.1002749
7.344479	0.1009805
7.347813	0.1015504
7.351146	0.1019846
7.354479	0.1022831
7.357812	0.102446
7.361146	0.1024731
7.364479	0.1024188
7.367813	0.1022289
7.371146	0.1019846
7.374479	0.1016318
7.377812	0.1011976
7.381146	0.1007091
7.384479	0.1001664
7.387813	0.09956935
7.391146	0.09894517
7.394479	0.09829386
7.397812	0.09761541
7.401146	0.09690982
7.404479	0.09620424
7.407813	0.09549865
7.411146	0.09479306
7.414479	0.09406033
7.417812	0.09330047
7.421146	0.09254061
7.424479	0.09178074
7.427813	0.09099374
7.431146	0.09023387
7.434479	0.08950115
7.437812	0.08876842
7.441146	0.08806283
7.444479	0.08738438
7.447813	0.08670593
7.451146	0.08605462
7.454479	0.08543045
7.457812	0.08480627
7.461146	0.0841821
7.464479	0.08355792
7.467813	0.08293375
7.471146	0.08230958
7.474479	0.0816854
7.477812	0.08108837
7.481146	0.08051847
7.484479	0.08000285
7.487813	0.07948722
7.491146	0.07905302
7.494479	0.07864595
7.497812	0.07832029
7.501146	0.07804891
7.504479	0.0778318
7.507813	0.07764184
7.511146	0.07750615
7.514479	0.07742473
7.517813	0.07734332
7.521146	0.07728904
7.524479	0.07726191
7.527812	0.07723477
7.531146	0.07723477
7.534479	0.07726191
7.537813	0.07728904
7.541146	0.07731618
7.544479	0.07734332
7.547812	0.07734332
7.551146	0.07734332
7.554479	0.07734332
7.557813	0.07728904
7.561146	0.07726191
7.564479	0.07720763
7.567812	0.07718049
7.571146	0.07712622
7.574479	0.07709908
7.577813	0.0770448
7.581146	0.07701766
7.584479	0.07699053
7.587812	0.07693625
7.591146	0.07688198
7.594479	0.0768277
7.597813	0.07674629
7.601146	0.07666487
7.604479	0.07658346
7.607812	0.07650204
7.611146	0.07642063
7.614479	0.07631208
7.617813	0.07623066
7.621146	0.07614925
7.624479	0.0760407
7.627812	0.07590501
7.631146	0.07576932
7.634479	0.07560649
7.637813	0.07544366
7.641146	0.07522656
7.644479	0.07503659
7.647812	0.07481949
7.651146	0.07462952
7.654479	0.07443955
7.657813	0.07424959
7.661146	0.07405962
7.664479	0.07386966
7.667812	0.07370683
7.671146	0.073544
7.674479	0.07338117
7.677813	0.07324548
7.681146	0.07313693
7.684479	0.07305552
7.687812	0.07302838
7.691146	0.07302838
7.694479	0.07308265
7.697813	0.07316407
7.701146	0.07327262
7.704479	0.07338117
7.707812	0.07346259
7.711146	0.073544
7.714479	0.07357114
7.717813	0.07357114
7.721146	0.073544
7.724479	0.07348972
7.727812	0.07340831
7.731146	0.07335403
7.734479	0.07329976
7.737813	0.07329976
7.741146	0.07329976
7.744479	0.07329976
7.747812	0.0733269
7.751146	0.07335403
7.754479	0.07335403
7.757813	0.0733269
7.761146	0.07327262
7.764479	0.07316407
7.767813	0.07302838
7.771146	0.07289269
7.774479	0.072757
7.777812	0.07262131
7.781146	0.07253989
7.784479	0.07248562
7.787813	0.07248562
7.791146	0.07253989
7.794479	0.07262131
7.797812	0.072757
7.801146	0.07289269
7.804479	0.07300124
7.807813	0.07310979
7.811146	0.07316407
7.814479	0.07321834
7.817812	0.07321834
7.821146	0.07319121
7.824479	0.07316407
7.827813	0.07313693
7.831146	0.07310979
7.834479	0.07310979
7.837812	0.07313693
7.841146	0.07313693
7.844479	0.07319121
7.847813	0.07321834
7.851146	0.07324548
7.854479	0.07327262
7.857812	0.07329976
7.861146	0.07329976
7.864479	0.07327262
7.867813	0.07324548
7.871146	0.07319121
7.874479	0.07316407
7.877812	0.07313693
7.881146	0.07310979
7.884479	0.07310979
7.887813	0.07310979
7.891146	0.07310979
7.894479	0.07310979
7.897812	0.07310979
7.901146	0.07310979
7.904479	0.07308265
7.907813	0.07305552
7.911146	0.07300124
7.914479	0.07294696
7.917812	0.07289269
7.921146	0.07283841
7.924479	0.07281127
7.927813	0.07278414
7.931146	0.07281127
7.934479	0.07283841
7.937812	0.07286555
7.941146	0.07289269
7.944479	0.07291983
7.947813	0.07291983
7.951146	0.07286555
7.954479	0.072757
7.957812	0.07262131
7.961146	0.0724042
7.964479	0.0721871
7.967813	0.07194286
7.971146	0.07169862
7.974479	0.07148151
7.977812	0.07131868
7.981146	0.07121013
7.984479	0.07118299
7.987813	0.07126441
7.991146	0.07137296
7.994479	0.07153579
7.997812	0.07169862
8.001145	0.07186144
8.004479	0.07199713
8.007813	0.07207855
8.011146	0.07205141
8.01448	0.07197
8.017813	0.07178003
8.021146	0.07153579
8.024479	0.07123727
8.027813	0.07093875
8.031146	0.07064023
8.034479	0.07036885
8.037812	0.07015175
8.041146	0.06998892
8.044479	0.06988037
8.047812	0.06982609
8.051146	0.06977182
8.05448	0.06977182
8.057813	0.06977182
8.061146	0.06979896
8.064479	0.06982609
8.067813	0.06985323
8.071146	0.06988037
8.074479	0.06993465
8.077812	0.06998892
8.081146	0.0700432
8.084479	0.07009747
8.087812	0.07015175
8.091146	0.07023316
8.09448	0.07028744
8.097813	0.07034172
8.101146	0.07036885
8.104479	0.07042313
8.107813	0.07045027
8.111146	0.07045027
8.114479	0.07042313
8.117812	0.07036885
8.121146	0.07031458
8.124479	0.0702603
8.127812	0.07020603
8.131145	0.07017889
8.13448	0.07017889
8.137813	0.07020603
8.141146	0.0702603
8.144479	0.07031458
8.147813	0.07039599
8.151146	0.07045027
8.154479	0.07050454
8.157812	0.07053168
8.161146	0.07050454
8.164479	0.07045027
8.167812	0.07034172
8.171145	0.0702603
8.174479	0.07015175
8.177813	0.0700432
8.181146	0.06996178
8.184479	0.06990751
8.187813	0.06990751
8.191146	0.06996178
8.194479	0.0700432
8.197812	0.07015175
8.201146	0.0702603
8.204479	0.07036885
8.207812	0.07045027
8.211145	0.07050454
8.214479	0.07053168
8.217813	0.07053168
8.221146	0.07050454
8.224479	0.07047741
8.227813	0.07045027
8.231146	0.07042313
8.234479	0.07045027
8.237812	0.07050454
8.241146	0.07058596
8.244479	0.07069451
8.247812	0.07077592
8.251145	0.07085734
8.254479	0.07088448
8.257813	0.07091161
8.261146	0.07085734
8.26448	0.07080306
8.267813	0.07072165
8.271146	0.0706131
8.274479	0.07053168
8.277813	0.07045027
8.281146	0.07039599
8.284479	0.07039599
8.287812	0.07042313
8.291146	0.07050454
8.294479	0.07058596
8.297812	0.07072165
8.301146	0.07085734
8.30448	0.07096589
8.307813	0.07107444
8.311146	0.07118299
8.314479	0.07123727
8.317813	0.07123727
8.321146	0.07121013
8.324479	0.07112872
8.327812	0.07102017
8.331146	0.07088448
8.334479	0.07074879
8.337812	0.07064023
8.341146	0.07055882
8.34448	0.07053168
8.347813	0.07050454
8.351146	0.07053168
8.354479	0.0706131
8.357813	0.07072165
8.361146	0.07085734
8.364479	0.07099303
8.367812	0.07112872
8.371146	0.07126441
8.374479	0.07137296
8.377812	0.07145437
8.381145	0.07150865
8.38448	0.07153579
8.387813	0.07150865
8.391146	0.07142724
8.394479	0.07131868
8.397813	0.07115586
8.401146	0.07096589
8.404479	0.07074879
8.407812	0.07053168
8.411146	0.07034172
8.414479	0.07012461
8.417812	0.06996178
8.421145	0.06979896
8.424479	0.06966327
8.427813	0.06955471
8.431146	0.06944616
8.434479	0.06933761
8.437813	0.06922906
8.441146	0.06909337
8.444479	0.06895768
8.447812	0.06879485
8.451146	0.06860488
8.454479	0.06841492
8.457812	0.06825209
8.461145	0.06806212
8.464479	0.0678993
8.467813	0.0677636
8.471146	0.06765505
8.474479	0.06760078
8.477813	0.06757364
8.481146	0.0675465
8.484479	0.06757364
8.487812	0.06760078
8.491146	0.06765505
8.494479	0.06770933
8.497812	0.06779074
8.501145	0.06784502
8.504479	0.0678993
8.507813	0.06795357
8.511146	0.06798071
8.51448	0.06800785
8.517813	0.06800785
8.521146	0.06800785
8.524479	0.06798071
8.527813	0.06792643
8.531146	0.06787216
8.534479	0.06779074
8.537812	0.06773647
8.541146	0.06765505
8.544479	0.06757364
8.547812	0.06749222
8.551146	0.06743795
8.55448	0.06741081
8.557813	0.06738367
8.561146	0.06738367
8.564479	0.06738367
8.567813	0.06743795
8.571146	0.06751936
8.574479	0.06765505
8.577812	0.06781788
8.581146	0.06800785
8.584479	0.06822495
8.587812	0.06844206
8.591146	0.0686863
8.59448	0.06895768
8.597813	0.0692562
8.601146	0.06958185
8.604479	0.06993465
8.607813	0.07034172
8.611146	0.07077592
8.614479	0.07123727
8.617812	0.07175289
8.621146	0.07232279
8.624479	0.07289269
8.627812	0.07351686
8.631145	0.07416817
8.63448	0.07481949
8.637813	0.07552507
8.641146	0.07623066
8.644479	0.07693625
8.647813	0.0776147
8.651146	0.07832029
8.654479	0.0789716
8.657812	0.07959578
8.661146	0.08019281
8.664479	0.08073557
8.667812	0.08122406
8.671145	0.0816854
8.674479	0.08211961
8.677813	0.08252668
8.681146	0.08290661
8.684479	0.08325941
8.687813	0.08355792
8.691146	0.0838293
8.694479	0.08407355
8.697812	0.08420924
8.701146	0.08429065
8.704479	0.08429065
8.707812	0.08423637
8.711145	0.08410068
8.714479	0.08393786
8.717813	0.08372075
8.721146	0.08347651
8.724479	0.08320513
8.727813	0.08285234
8.731146	0.0824724
8.734479	0.0820382
8.737812	0.08152257
8.741146	0.08097981
8.744479	0.08035564
8.747812	0.07967719
8.751145	0.07899874
8.754479	0.07829315
8.757813	0.07758756
8.761146	0.07693625
8.76448	0.07631208
8.767813	0.07571504
8.771146	0.07517228
8.774479	0.0746838
8.777813	0.07422245
8.781146	0.0737611
8.784479	0.07335403
8.787812	0.07294696
8.791146	0.07251276
8.794479	0.07210569
8.797812	0.07172575
8.801146	0.07134582
8.80448	0.07096589
8.807813	0.07064023
8.811146	0.07031458
8.814479	0.07001606
8.817813	0.06971754
8.821146	0.06944616
8.824479	0.06917478
8.827812	0.06887626
8.831146	0.06860488
8.834479	0.06830637
8.837812	0.06803499
8.841146	0.06779074
8.84448	0.06760078
8.847813	0.06743795
8.851146	0.0673294
8.854479	0.06727512
8.857813	0.06727512
8.861146	0.06730226
8.864479	0.0673294
8.867812	0.06735653
8.871146	0.06738367
8.874479	0.06741081
8.877812	0.06738367
8.881145	0.06738367
8.88448	0.06735653
8.887813	0.06730226
8.891146	0.06724798
8.894479	0.06719371
8.897813	0.06708515
8.901146	0.0669766
8.904479	0.06684091
8.907812	0.06665095
8.911146	0.06643384
8.914479	0.0661896
8.917812	0.06591822
8.921145	0.06567398
8.924479	0.0654026
8.927813	0.06518549
8.931146	0.06502267
8.934479	0.06488698
8.937813	0.06480556
8.941146	0.06477842
8.944479	0.06477842
8.947812	0.0648327
8.951146	0.06485984
8.954479	0.06491411
8.957812	0.06496839
8.961145	0.06499553
8.964479	0.06499553
8.967813	0.06499553
8.971146	0.06499553
8.974479	0.06499553
8.977813	0.06499553
8.981146	0.06502267
8.984479	0.06502267
8.987812	0.06499553
8.991146	0.06499553
8.994479	0.06496839
8.997812	0.06491411
9.001145	0.06488698
9.004479	0.06480556
9.007813	0.06475129
9.011146	0.06469701
9.01448	0.06464273
9.017813	0.0646156
9.021146	0.06458846
9.024479	0.06456132
9.027813	0.06453418
9.031146	0.06453418
9.034479	0.06456132
9.037812	0.06458846
9.041146	0.06464273
9.044479	0.06475129
9.047812	0.06488698
9.051146	0.0650498
9.05448	0.06523977
9.057813	0.06545687
9.061146	0.0656197
9.064479	0.06578253
9.067813	0.06589108
9.071146	0.0659725
9.074479	0.0659725
9.077812	0.0659725
9.081146	0.06591822
9.084479	0.06586394
9.087812	0.06580967
9.091146	0.06578253
9.09448	0.06575539
9.097813	0.06578253
9.101146	0.06583681
9.104479	0.06591822
9.107813	0.06599963
9.111146	0.06605391
9.114479	0.06610819
9.117812	0.06610819
9.121146	0.06608105
9.124479	0.06602677
9.127812	0.06594536
9.131145	0.06586394
9.13448	0.06575539
9.137813	0.06564684
9.141146	0.06556543
9.144479	0.06545687
9.147813	0.06537546
9.151146	0.06532118
9.154479	0.06526691
9.157812	0.06523977
9.161146	0.06521263
9.164479	0.06523977
9.167812	0.06529405
9.171145	0.06537546
9.174479	0.06551115
9.177813	0.06567398
9.181146	0.06583681
9.184479	0.06602677
9.187813	0.06616246
9.191146	0.06627101
9.194479	0.06635243
9.197812	0.06635243
9.201146	0.06629815
9.204479	0.0661896
9.207812	0.06602677
9.211145	0.06586394
9.214479	0.06564684
9.217813	0.06548401
9.221146	0.06532118
9.224479	0.06521263
9.227813	0.06515836
9.231146	0.06515836
9.234479	0.06518549
9.237812	0.06523977
9.241146	0.06532118
9.244479	0.0654026
9.247812	0.06545687
9.251145	0.06551115
9.254479	0.06553829
9.257813	0.06553829
9.261146	0.06551115
9.26448	0.06551115
9.267813	0.06551115
9.271146	0.06553829
9.274479	0.06559256
9.277813	0.06564684
9.281146	0.06572825
9.284479	0.06580967
9.287812	0.06589108
9.291146	0.06594536
9.294479	0.0659725
9.297812	0.0659725
9.301146	0.06594536
9.30448	0.06589108
9.307813	0.06580967
9.311146	0.06572825
9.314479	0.0656197
9.317813	0.06551115
9.321146	0.0654026
9.324479	0.06526691
9.327812	0.06513122
9.331146	0.06496839
9.334479	0.0648327
9.337812	0.06466987
9.341146	0.06453418
9.34448	0.06439849
9.347813	0.06428994
9.351146	0.06423566
9.354479	0.06420853
9.357813	0.0642628
9.361146	0.06434422
9.364479	0.06447991
9.367812	0.06464273
9.371146	0.06480556
9.374479	0.06496839
9.377812	0.06513122
9.381145	0.06523977
9.38448	0.06532118
9.387813	0.06534832
9.391146	0.06534832
9.394479	0.06532118
9.397813	0.06526691
9.401146	0.06521263
9.404479	0.06515836
9.407812	0.06513122
9.411146	0.06510408
9.414479	0.06507694
9.417812	0.06502267
9.421145	0.06496839
9.424479	0.06491411
9.427813	0.06485984
9.431146	0.0648327
9.434479	0.06477842
9.437813	0.06475129
9.441146	0.06472415
9.444479	0.06469701
9.447812	0.06469701
9.451146	0.06466987
9.454479	0.06466987
9.457812	0.0646156
9.461145	0.06456132
9.464479	0.06450704
9.467813	0.06439849
9.471146	0.06431708
9.474479	0.06420853
9.477813	0.06412711
9.481146	0.06401856
9.484479	0.06393715
9.487812	0.06388287
9.491146	0.06382859
9.494479	0.06377432
9.497812	0.06374718
9.501145	0.0636929
9.504479	0.06363863
9.507813	0.06361149
9.511146	0.06355721
9.51448	0.06350294
9.517813	0.0634758
9.521146	0.06344866
9.524479	0.06339439
9.527813	0.06336725
9.531146	0.06336725
9.534479	0.06336725
9.537812	0.06339439
9.541146	0.06342152
9.544479	0.06342152
9.547812	0.06344866
9.551146	0.06342152
9.55448	0.06342152
9.557813	0.06336725
9.561146	0.06334011
9.564479	0.0632587
9.567813	0.06320442
9.571146	0.06312301
9.574479	0.06306873
9.577812	0.06301445
9.581146	0.06298732
9.584479	0.06298732
9.587812	0.06298732
9.591146	0.06298732
9.59448	0.06301445
9.597813	0.06301445
9.601146	0.06304159
9.604479	0.06304159
9.607813	0.06304159
9.611146	0.06306873
9.614479	0.06306873
9.617812	0.06304159
9.621146	0.06304159
9.624479	0.06301445
9.627812	0.06301445
9.631145	0.06296018
9.63448	0.06293304
9.637813	0.06287876
9.641146	0.06279735
9.644479	0.06274307
9.647813	0.0626888
9.651146	0.06266166
9.654479	0.06266166
9.657812	0.06266166
9.661146	0.06271594
9.664479	0.06277021
9.667812	0.06282449
9.671145	0.0629059
9.674479	0.06298732
9.677813	0.06304159
9.681146	0.06309587
9.684479	0.06315014
9.687813	0.06320442
9.691146	0.06323156
9.694479	0.0632587
9.697812	0.06331297
9.701146	0.06334011
9.704479	0.06336725
9.707812	0.06334011
9.711145	0.06331297
9.714479	0.0632587
9.717813	0.06317728
9.721146	0.06304159
9.724479	0.06293304
9.727813	0.06282449
9.731146	0.06274307
9.734479	0.06271594
9.737812	0.06271594
9.741146	0.06277021
9.744479	0.06287876
9.747812	0.06298732
9.751145	0.06312301
9.754479	0.06323156
9.757813	0.06328583
9.761146	0.06331297
9.76448	0.06331297
9.767813	0.06323156
9.771146	0.06315014
9.774479	0.06304159
9.777813	0.06293304
9.781146	0.06285163
9.784479	0.06279735
9.787812	0.06279735
9.791146	0.06279735
9.794479	0.06285163
9.797812	0.06287876
9.801146	0.0629059
9.80448	0.0629059
9.807813	0.06287876
9.811146	0.06279735
9.814479	0.06266166
9.817813	0.06249883
9.821146	0.06230887
9.824479	0.0621189
9.827812	0.06195607
9.831146	0.06182038
9.834479	0.06171183
9.837812	0.06163042
9.841146	0.06160328
9.84448	0.06157614
9.847813	0.06160328
9.851146	0.06160328
9.854479	0.06163042
9.857813	0.06165755
9.861146	0.06168469
9.864479	0.06168469
9.867812	0.06171183
9.871146	0.06173897
9.874479	0.06179324
9.877812	0.06184752
9.881145	0.0619018
9.88448	0.06198321
9.887813	0.06203749
9.891146	0.0621189
9.894479	0.06217318
9.897813	0.06220031
9.901146	0.06220031
9.904479	0.06217318
9.907812	0.06209176
9.911146	0.06195607
9.914479	0.06182038
9.917812	0.06163042
9.921145	0.06144045
9.924479	0.06125048
9.927813	0.06103338
9.931146	0.06084341
9.934479	0.06068058
9.937813	0.06054489
9.941146	0.06043634
9.944479	0.06038207
9.947812	0.06035493
9.951146	0.06035493
9.954479	0.06043634
9.957812	0.06057203
9.961145	0.06073486
9.964479	0.06092483
9.967813	0.06111479
9.971146	0.06130476
9.974479	0.06144045
9.977813	0.06157614
9.981146	0.06165755
9.984479	0.06168469
9.987812	0.06165755
9.991146	0.06160328
9.994479	0.061549
9.997812	0.06149473
}
[PEAK]
{
Peak ID	1
Peak Ref	1
Time	3.927545
Peak	3.161146	4.084479
Intensity	-1.03116e-05	2.986193e-05
Height	0.006723267
AreaAbs	1980.921
Area %BP	0.08266438
Area %Total	0.06777361
Width	0.9233334
}
[PEAK]
{
Peak ID	2
Peak Ref	2
Time	4.271693
Peak	4.084479	4.607812
Intensity	-1.03116e-05	2.986193e-05
Height	0.03477972
AreaAbs	6779.427
Area %BP	0.2829073
Area %Total	0.2319457
Width	0.5233331
}
[PEAK]
{
Peak ID	3
Peak Ref	3
Time	4.95467
Peak	4.607812	6.097813
Intensity	-1.03116e-05	2.986193e-05
Height	0.2194708
AreaAbs	39939.04
Area %BP	1.666667
Area %Total	1.366441
Width	1.49
}
[PEAK]
{
Peak ID	4
Peak Ref	4
Time	6.127873
Peak	6.097813	6.481146
Intensity	-1.03116e-05	2.986193e-05
Height	8.540255e-05
AreaAbs	14.79351
Area %BP	0.0006173369
Area %Total	0.0005061328
Width	0.3833332
}
}
}
}
