[SAMPLE]
{
Sample	1
Well	1:A,3
FileName	
SampleID	ASD-C-2605024-001
SampleDescription	Aquired with Galaxy
Date	09-Jun-2026
Time	15:09:50 PRC
JobCode	
TaskCode	
UserName	Congcong_Liu2
LabName	Aquired with Galaxy
Instrument	BAD_L_17_160
Conditions	
Submitter	Huanhuan_Zhang
SampleType	
Plate	
Method	
Process	Galaxy
MSTune	
MSMethod	
InletMethod	
PreRunMethod	
PostRunMethod	
SwitchMethod	
FractionMethod	
AcquisitionProcess	
AcquisitionProcessParameters	
AcquisitionProcessOptions	
InjectionVolume	25
ReportScheme	
SampleReportEnable	0
SampleReportFormat	
AnalysisTime	0
[COMPOUND]
{
;Mono Mass	Formula
}
[FUNCTION]
{
Function	1
IonMode	ES+
Type	MS
Description	(0:0)
[SPECTRUM]
{
ProcDesc	0.00:Combine
State	OK
Peak ID	0
Peak Ref	0
Time	0
TIC	0
BPI	0
BPM	0
Continuum	FALSE
Saved	FALSE
[MASSES]
{
;Mass	Exp. Mass	Obs. Mass	% BPI	Int. Abs
}
[RESULTS]
{
;Mass	Found	% BPI	% Purity
}
[MS]
{
;Mass	% BPI
0	0
}
}
[CHROMATOGRAM]
{
TraceNumber	1
Description	scroll down chrom view to see 2D LC chrom
ProcDesc	
MaxIntensity	0
[TRACE]
{
0	0
}
[PEAK]
{
Peak ID	0
Peak Ref	0
Time	0
Peak	0
Intensity	0	0
Height	0
AreaAbs	0
Area %BP	0
Area %Total	0
}
}
}
[FUNCTION]
{
Function	0
Description	ANALOG
[CHROMATOGRAM]
{
TraceNumber	2
Description	LC
ProcDesc	Result Id:1608, VWD: Signal A, 280 nm
MaxIntensity	0.1934574
[TRACE]
{
;Time	Int. %Max
0.0028125	0.04208676
0.006145834	0.04202514
0.009479167	0.04196352
0.0128125	0.04187109
0.01614583	0.04177866
0.01947917	0.04171704
0.0228125	0.04165542
0.02614583	0.04165542
0.02947917	0.04168623
0.0328125	0.04171704
0.03614583	0.04177866
0.03947917	0.04184028
0.0428125	0.04184028
0.04614583	0.04180947
0.04947917	0.04168623
0.0528125	0.04153218
0.05614583	0.04134732
0.05947917	0.04110084
0.0628125	0.04088517
0.06614583	0.04073111
0.06947917	0.04063868
0.0728125	0.04060787
0.07614584	0.0407003
0.07947917	0.04085435
0.0828125	0.04107003
0.08614583	0.04134732
0.08947916	0.04168623
0.0928125	0.04199433
0.09614583	0.04230244
0.09947917	0.04257973
0.1028125	0.04282621
0.1061458	0.04304188
0.1094792	0.04319593
0.1128125	0.04328836
0.1161458	0.04331917
0.1194792	0.04328836
0.1228125	0.04319593
0.1261458	0.04304188
0.1294792	0.04285702
0.1328125	0.04261054
0.1361458	0.04233325
0.1394792	0.04202514
0.1428125	0.04171704
0.1461458	0.04147056
0.1494792	0.04122408
0.1528125	0.04103922
0.1561458	0.04094679
0.1594792	0.04088517
0.1628125	0.04094679
0.1661458	0.04103922
0.1694792	0.04119327
0.1728125	0.04140894
0.1761458	0.04165542
0.1794792	0.0419019
0.1828125	0.04211757
0.1861458	0.04230244
0.1894792	0.04239487
0.1928125	0.04242568
0.1961458	0.04239487
0.1994792	0.04224081
0.2028125	0.04205595
0.2061458	0.04180947
0.2094792	0.04153218
0.2128125	0.04125489
0.2161458	0.04103922
0.2194792	0.04082354
0.2228125	0.0407003
0.2261458	0.04057706
0.2294792	0.04051544
0.2328125	0.04048463
0.2361458	0.04048463
0.2394792	0.04048463
0.2428125	0.04048463
0.2461458	0.04045382
0.2494792	0.04042301
0.2528125	0.0403922
0.2561458	0.04036139
0.2594792	0.04033058
0.2628125	0.04029977
0.2661458	0.04026896
0.2694792	0.04023815
0.2728125	0.04020734
0.2761458	0.04017653
0.2794792	0.04014572
0.2828125	0.04011491
0.2861458	0.04011491
0.2894792	0.0400841
0.2928125	0.04002248
0.2961458	0.03996086
0.2994792	0.03989924
0.3028125	0.039776
0.3061458	0.03962195
0.3094792	0.03943709
0.3128125	0.03925222
0.3161458	0.03906736
0.3194792	0.03891331
0.3228125	0.03879007
0.3261458	0.03869764
0.3294792	0.03863602
0.3328125	0.03860521
0.3361458	0.0385744
0.3394792	0.03854359
0.3428125	0.03848197
0.3461458	0.03842035
0.3494792	0.03832792
0.3528125	0.03820468
0.3561458	0.03808144
0.3594792	0.03798901
0.3628125	0.03792738
0.3661458	0.03789657
0.3694792	0.03789657
0.3728125	0.03792738
0.3761458	0.03801982
0.3794792	0.03811225
0.3828125	0.03823549
0.3861458	0.03835873
0.3894792	0.03845116
0.3928125	0.0385744
0.3961458	0.03866683
0.3994792	0.03872845
0.4028125	0.03879007
0.4061458	0.03879007
0.4094792	0.03875926
0.4128125	0.03869764
0.4161458	0.03860521
0.4194792	0.03845116
0.4228125	0.03829711
0.4261458	0.03811225
0.4294792	0.0379582
0.4328125	0.03783495
0.4361458	0.03774252
0.4394792	0.0376809
0.4428125	0.03765009
0.4461458	0.03765009
0.4494792	0.0376809
0.4528125	0.03771171
0.4561458	0.03771171
0.4594792	0.03771171
0.4628125	0.03771171
0.4661458	0.0376809
0.4694792	0.03761928
0.4728125	0.03755766
0.4761458	0.03746523
0.4794792	0.03734199
0.4828125	0.03715713
0.4861458	0.03694146
0.4894792	0.03666417
0.4928125	0.03638687
0.4961458	0.03607877
0.4994792	0.03577067
0.5028125	0.03549338
0.5061458	0.03524689
0.5094792	0.03506203
0.5128125	0.03493879
0.5161458	0.03484636
0.5194792	0.03481555
0.5228125	0.03478474
0.5261458	0.03481555
0.5294791	0.03481555
0.5328125	0.03481555
0.5361458	0.03481555
0.5394792	0.03481555
0.5428125	0.03484636
0.5461459	0.03490798
0.5494792	0.0349696
0.5528125	0.03506203
0.5561458	0.03515446
0.5594792	0.03530851
0.5628125	0.03543176
0.5661458	0.035555
0.5694792	0.03564743
0.5728125	0.03573986
0.5761458	0.03573986
0.5794792	0.03573986
0.5828125	0.03567824
0.5861458	0.035555
0.5894791	0.03543176
0.5928125	0.03530851
0.5961458	0.03518527
0.5994791	0.03509284
0.6028125	0.03503122
0.6061459	0.03500041
0.6094792	0.03503122
0.6128125	0.03509284
0.6161458	0.03518527
0.6194792	0.0352777
0.6228125	0.03537013
0.6261458	0.03543176
0.6294792	0.03546257
0.6328125	0.03546257
0.6361458	0.03540094
0.6394792	0.0352777
0.6428125	0.03512365
0.6461458	0.0349696
0.6494792	0.03478474
0.6528125	0.03459988
0.6561458	0.03444583
0.6594791	0.0343534
0.6628125	0.03429178
0.6661459	0.03432259
0.6694792	0.03438421
0.6728125	0.03450745
0.6761459	0.0346615
0.6794792	0.03487717
0.6828125	0.03506203
0.6861458	0.0352777
0.6894792	0.03543176
0.6928125	0.03552419
0.6961458	0.035555
0.6994792	0.03552419
0.7028125	0.03546257
0.7061458	0.03533932
0.7094792	0.03521608
0.7128125	0.03506203
0.7161458	0.03490798
0.7194791	0.03481555
0.7228125	0.03475393
0.7261458	0.03472312
0.7294792	0.03469231
0.7328125	0.03472312
0.7361459	0.03472312
0.7394792	0.03469231
0.7428125	0.0346615
0.7461458	0.03459988
0.7494792	0.03450745
0.7528125	0.03438421
0.7561458	0.03423016
0.7594792	0.03407611
0.7628125	0.03389124
0.7661458	0.03373719
0.7694792	0.03358314
0.7728125	0.03342909
0.7761458	0.03333666
0.7794791	0.03327504
0.7828125	0.03324423
0.7861458	0.03324423
0.7894792	0.03330585
0.7928125	0.03336747
0.7961459	0.03342909
0.7994792	0.0334599
0.8028125	0.03349071
0.8061458	0.0334599
0.8094792	0.03336747
0.8128125	0.03324423
0.8161458	0.03312099
0.8194792	0.03296694
0.8228125	0.03281289
0.8261458	0.03272046
0.8294792	0.03268965
0.8328125	0.03268965
0.8361458	0.03278208
0.8394791	0.03290532
0.8428125	0.03302856
0.8461458	0.03318261
0.8494791	0.03327504
0.8528125	0.03333666
0.8561459	0.03336747
0.8594792	0.03333666
0.8628125	0.03324423
0.8661458	0.0331518
0.8694792	0.03305937
0.8728125	0.03299775
0.8761458	0.03299775
0.8794792	0.03302856
0.8828125	0.03312099
0.8861458	0.03327504
0.8894792	0.03342909
0.8928125	0.03361395
0.8961458	0.033768
0.8994792	0.03386043
0.9028125	0.03389124
0.9061458	0.03386043
0.9094791	0.033768
0.9128125	0.03358314
0.9161459	0.03333666
0.9194792	0.03305937
0.9228125	0.03278208
0.9261459	0.03253559
0.9294792	0.03231992
0.9328125	0.03216587
0.9361458	0.03207344
0.9394792	0.03207344
0.9428125	0.03210425
0.9461458	0.03219668
0.9494792	0.03228911
0.9528125	0.03238154
0.9561458	0.03244316
0.9594792	0.03250478
0.9628125	0.03253559
0.9661458	0.03253559
0.9694791	0.03253559
0.9728125	0.0325664
0.9761458	0.0325664
0.9794792	0.03262803
0.9828125	0.03265884
0.9861459	0.03268965
0.9894792	0.03272046
0.9928125	0.03275127
0.9961458	0.03272046
0.9994792	0.03265884
1.002813	0.03253559
1.006146	0.03241235
1.009479	0.0322583
1.012812	0.03210425
1.016146	0.03198101
1.019479	0.03182696
1.022812	0.03170372
1.026146	0.03161129
1.029479	0.03154967
1.032812	0.03151886
1.036146	0.03158048
1.039479	0.03167291
1.042812	0.03182696
1.046146	0.03201182
1.049479	0.03219668
1.052812	0.03241235
1.056146	0.03259721
1.059479	0.03275127
1.062812	0.0328437
1.066146	0.03287451
1.069479	0.0328437
1.072813	0.03278208
1.076146	0.03265884
1.079479	0.03253559
1.082813	0.03241235
1.086146	0.0322583
1.089479	0.03213506
1.092813	0.03198101
1.096146	0.03185777
1.099479	0.03176534
1.102813	0.03167291
1.106146	0.03158048
1.109479	0.03151886
1.112813	0.03142643
1.116146	0.03136481
1.119479	0.03130319
1.122813	0.03117994
1.126146	0.0310567
1.129479	0.03090265
1.132813	0.03068698
1.136146	0.03050212
1.139479	0.03031726
1.142812	0.03019402
1.146146	0.03010159
1.149479	0.03007078
1.152812	0.0301324
1.156146	0.03022483
1.159479	0.03040969
1.162812	0.03059455
1.166146	0.03077941
1.169479	0.03093346
1.172812	0.0310567
1.176146	0.03111832
1.179479	0.03108751
1.182812	0.03102589
1.186146	0.03087184
1.189479	0.03071779
1.192812	0.03053293
1.196146	0.03037888
1.199479	0.03025564
1.202813	0.03016321
1.206146	0.03010159
1.209479	0.03007078
1.212813	0.03007078
1.216146	0.03010159
1.219479	0.0301324
1.222813	0.03019402
1.226146	0.03022483
1.229479	0.03025564
1.232813	0.03028645
1.236146	0.03028645
1.239479	0.03025564
1.242813	0.03025564
1.246146	0.03022483
1.249479	0.03022483
1.252813	0.03019402
1.256146	0.03022483
1.259479	0.03025564
1.262812	0.03028645
1.266146	0.03031726
1.269479	0.03037888
1.272812	0.03037888
1.276146	0.03037888
1.279479	0.03031726
1.282812	0.03022483
1.286146	0.03010159
1.289479	0.02994754
1.292812	0.0298243
1.296146	0.02973186
1.299479	0.02963943
1.302812	0.02963943
1.306146	0.02967024
1.309479	0.02979348
1.312812	0.02991673
1.316146	0.03010159
1.319479	0.03025564
1.322813	0.03040969
1.326146	0.03050212
1.329479	0.03056374
1.332813	0.03053293
1.336146	0.0304405
1.339479	0.03031726
1.342813	0.0301324
1.346146	0.02994754
1.349479	0.02976267
1.352813	0.02960862
1.356146	0.029547
1.359479	0.029547
1.362813	0.02967024
1.366146	0.02985511
1.369479	0.0301324
1.372813	0.03040969
1.376146	0.03068698
1.379479	0.03093346
1.382813	0.03111832
1.386146	0.03117994
1.389479	0.03117994
1.392812	0.0310567
1.396146	0.03087184
1.399479	0.03062536
1.402812	0.03034807
1.406146	0.03007078
1.409479	0.02979348
1.412812	0.02957781
1.416146	0.02942376
1.419479	0.02926971
1.422812	0.02920809
1.426146	0.02914647
1.429479	0.02911566
1.432812	0.02911566
1.436146	0.02908485
1.439479	0.02905404
1.442812	0.02896161
1.446146	0.02883837
1.449479	0.02868432
1.452813	0.02853027
1.456146	0.0283454
1.459479	0.02819135
1.462813	0.02806811
1.466146	0.02800649
1.469479	0.02797568
1.472813	0.02800649
1.476146	0.02809892
1.479479	0.02819135
1.482813	0.02831459
1.486146	0.02843784
1.489479	0.02853027
1.492813	0.0286227
1.496146	0.02868432
1.499479	0.02874594
1.502813	0.02880756
1.506146	0.02883837
1.509479	0.02883837
1.512812	0.02883837
1.516146	0.02880756
1.519479	0.02877675
1.522812	0.02871513
1.526146	0.02865351
1.529479	0.02856108
1.532812	0.02849946
1.536146	0.02843784
1.539479	0.02843784
1.542812	0.02846865
1.546146	0.02856108
1.549479	0.0286227
1.552812	0.02871513
1.556146	0.02877675
1.559479	0.02877675
1.562812	0.02871513
1.566146	0.02856108
1.569479	0.02831459
1.572813	0.0280373
1.576146	0.02766758
1.579479	0.02732867
1.582813	0.02698975
1.586146	0.02671246
1.589479	0.02649679
1.592813	0.02637355
1.596146	0.02634274
1.599479	0.02637355
1.602813	0.02649679
1.606146	0.02668165
1.609479	0.02689732
1.612813	0.027113
1.616146	0.02729786
1.619479	0.02745191
1.622813	0.02754434
1.626146	0.02760596
1.629479	0.02760596
1.632813	0.02757515
1.636146	0.02757515
1.639479	0.02760596
1.642812	0.02763677
1.646146	0.0277292
1.649479	0.02785244
1.652812	0.02800649
1.656146	0.02812973
1.659479	0.02822216
1.662812	0.02825297
1.666146	0.02822216
1.669479	0.02809892
1.672812	0.02788325
1.676146	0.02763677
1.679479	0.02732867
1.682812	0.02702057
1.686146	0.02671246
1.689479	0.02646598
1.692812	0.02628112
1.696146	0.02612707
1.699479	0.02603464
1.702813	0.02603464
1.706146	0.02606545
1.709479	0.02615788
1.712813	0.02625031
1.716146	0.02637355
1.719479	0.0265276
1.722813	0.02668165
1.726146	0.0268357
1.729479	0.02702057
1.732813	0.02723624
1.736146	0.02745191
1.739479	0.02769839
1.742813	0.02788325
1.746146	0.02806811
1.749479	0.02822216
1.752813	0.02831459
1.756146	0.0283454
1.759479	0.02831459
1.762812	0.02822216
1.766146	0.0280373
1.769479	0.02782163
1.772812	0.02760596
1.776146	0.02735948
1.779479	0.02714381
1.782812	0.02695894
1.786146	0.0268357
1.789479	0.02677408
1.792812	0.02674327
1.796146	0.02677408
1.799479	0.02686651
1.802812	0.02698975
1.806146	0.027113
1.809479	0.02726705
1.812812	0.02739029
1.816146	0.02745191
1.819479	0.02751353
1.822813	0.02754434
1.826146	0.02754434
1.829479	0.02757515
1.832813	0.02760596
1.836146	0.02763677
1.839479	0.02769839
1.842813	0.02779082
1.846146	0.02788325
1.849479	0.02794487
1.852813	0.02800649
1.856146	0.02797568
1.859479	0.02791406
1.862813	0.02779082
1.866146	0.02757515
1.869479	0.02735948
1.872813	0.02708219
1.876146	0.0268357
1.879479	0.02658922
1.882813	0.02634274
1.886146	0.02615788
1.889479	0.02600383
1.892812	0.0259114
1.896146	0.02584978
1.899479	0.02584978
1.902812	0.02588059
1.906146	0.02597302
1.909479	0.02612707
1.912812	0.02631193
1.916146	0.0265276
1.919479	0.02677408
1.922812	0.02702057
1.926146	0.02726705
1.929479	0.02748272
1.932812	0.02766758
1.936146	0.02779082
1.939479	0.02788325
1.942812	0.02794487
1.946146	0.02794487
1.949479	0.02788325
1.952813	0.02782163
1.956146	0.02776001
1.959479	0.02766758
1.962813	0.02757515
1.966146	0.02748272
1.969479	0.0274211
1.972813	0.02735948
1.976146	0.02729786
1.979479	0.02723624
1.982813	0.02720543
1.986146	0.02714381
1.989479	0.02705138
1.992813	0.02698975
1.996146	0.02689732
1.999479	0.02677408
2.002812	0.02668165
2.006146	0.0265276
2.009479	0.02637355
2.012813	0.02615788
2.016146	0.02594221
2.019479	0.02569573
2.022813	0.02544924
2.026146	0.02526438
2.029479	0.02511033
2.032813	0.02507952
2.036146	0.02511033
2.039479	0.02526438
2.042813	0.02548005
2.046146	0.02575735
2.049479	0.02603464
2.052813	0.02631193
2.056146	0.02655841
2.059479	0.02668165
2.062813	0.02674327
2.066146	0.02671246
2.069479	0.02662003
2.072813	0.02646598
2.076146	0.02628112
2.079479	0.02603464
2.082813	0.02581897
2.086146	0.02557248
2.089479	0.025326
2.092813	0.02507952
2.096146	0.02480223
2.099479	0.02458656
2.102813	0.02434008
2.106146	0.02412441
2.109479	0.02393954
2.112813	0.0238163
2.116146	0.02372387
2.119479	0.02369306
2.122813	0.02369306
2.126146	0.02375468
2.129479	0.02390873
2.132813	0.0240936
2.136146	0.02434008
2.139479	0.02461737
2.142812	0.02489466
2.146146	0.02514114
2.149479	0.02538762
2.152812	0.02560329
2.156146	0.02572654
2.159479	0.02578816
2.162812	0.02575735
2.166146	0.02563411
2.169479	0.02544924
2.172812	0.02520276
2.176146	0.02495628
2.179479	0.0247098
2.182812	0.02446332
2.186146	0.02421683
2.189479	0.02403198
2.192812	0.02384711
2.196146	0.02369306
2.199479	0.02356982
2.202812	0.02344658
2.206146	0.02335415
2.209479	0.02326172
2.212812	0.02316929
2.216146	0.02313848
2.219479	0.02310767
2.222812	0.02310767
2.226146	0.02316929
2.229479	0.02323091
2.232812	0.02332334
2.236146	0.02341577
2.239479	0.02353901
2.242812	0.02363144
2.246146	0.02372387
2.249479	0.0238163
2.252812	0.02384711
2.256146	0.02384711
2.259479	0.02384711
2.262813	0.02378549
2.266146	0.02372387
2.269479	0.02366225
2.272813	0.02353901
2.276146	0.02344658
2.279479	0.02338496
2.282813	0.02332334
2.286146	0.02329253
2.289479	0.02332334
2.292813	0.02335415
2.296146	0.02344658
2.299479	0.02356982
2.302813	0.02369306
2.306146	0.02384711
2.309479	0.02400117
2.312813	0.02412441
2.316146	0.02424765
2.319479	0.02430927
2.322813	0.02437089
2.326146	0.0244017
2.329479	0.0244017
2.332813	0.02437089
2.336146	0.02430927
2.339479	0.02427846
2.342813	0.02424765
2.346146	0.02424765
2.349479	0.02430927
2.352813	0.0244017
2.356146	0.02455575
2.359479	0.0247098
2.362813	0.02486385
2.366146	0.0250179
2.369479	0.02514114
2.372813	0.02523357
2.376146	0.02526438
2.379479	0.02526438
2.382813	0.02526438
2.386146	0.02526438
2.389479	0.02529519
2.392812	0.02535681
2.396146	0.02544924
2.399479	0.02557248
2.402812	0.02572654
2.406146	0.02584978
2.409479	0.02597302
2.412812	0.02603464
2.416146	0.02603464
2.419479	0.02600383
2.422812	0.0259114
2.426146	0.02578816
2.429479	0.02563411
2.432812	0.02551086
2.436146	0.02541843
2.439479	0.02535681
2.442812	0.025326
2.446146	0.025326
2.449479	0.02535681
2.452812	0.02538762
2.456146	0.02541843
2.459479	0.02541843
2.462812	0.02541843
2.466146	0.02538762
2.469479	0.025326
2.472812	0.02526438
2.476146	0.02514114
2.479479	0.02504871
2.482812	0.02495628
2.486146	0.02486385
2.489479	0.02477142
2.492812	0.0247098
2.496146	0.02467899
2.499479	0.02464818
2.502812	0.02464818
2.506146	0.02464818
2.509479	0.02461737
2.512813	0.02458656
2.516146	0.02452494
2.519479	0.02443251
2.522813	0.02434008
2.526146	0.02421683
2.529479	0.0240936
2.532813	0.02393954
2.536146	0.02384711
2.539479	0.02375468
2.542813	0.02366225
2.546146	0.02360063
2.549479	0.02356982
2.552813	0.02353901
2.556146	0.02353901
2.559479	0.02353901
2.562813	0.02353901
2.566146	0.0235082
2.569479	0.0235082
2.572813	0.02353901
2.576146	0.02356982
2.579479	0.02363144
2.582813	0.02366225
2.586146	0.02372387
2.589479	0.02375468
2.592813	0.02378549
2.596146	0.02375468
2.599479	0.02372387
2.602813	0.02366225
2.606146	0.02356982
2.609479	0.02344658
2.612813	0.02332334
2.616146	0.0232001
2.619479	0.02310767
2.622813	0.02304605
2.626146	0.02298443
2.629479	0.02292281
2.632813	0.02286119
2.636146	0.02276876
2.639479	0.02267633
2.642812	0.02255308
2.646146	0.02239903
2.649479	0.02224498
2.652812	0.02206012
2.656146	0.02190607
2.659479	0.02175202
2.662812	0.02165959
2.666146	0.02162878
2.669479	0.02162878
2.672812	0.02165959
2.676146	0.02172121
2.679479	0.02181364
2.682812	0.02193688
2.686146	0.02202931
2.689479	0.02209093
2.692812	0.02212174
2.696146	0.02212174
2.699479	0.02209093
2.702812	0.02202931
2.706146	0.02190607
2.709479	0.02178283
2.712812	0.02165959
2.716146	0.02150554
2.719479	0.0213823
2.722812	0.02125906
2.726146	0.02113581
2.729479	0.02101257
2.732812	0.02088933
2.736146	0.02076609
2.739479	0.02064285
2.742812	0.02055042
2.746146	0.02042718
2.749479	0.02033475
2.752812	0.02027313
2.756146	0.02024232
2.759479	0.02021151
2.762813	0.02021151
2.766146	0.02024232
2.769479	0.02027313
2.772813	0.02024232
2.776146	0.0201807
2.779479	0.02008827
2.782813	0.01996503
2.786146	0.01978017
2.789479	0.01962611
2.792813	0.01944125
2.796146	0.0192872
2.799479	0.01916396
2.802813	0.01907153
2.806146	0.01904072
2.809479	0.01904072
2.812813	0.01910234
2.816146	0.01916396
2.819479	0.01922558
2.822813	0.0192872
2.826146	0.01934882
2.829479	0.01941044
2.832813	0.01947206
2.836146	0.01953368
2.839479	0.0195953
2.842813	0.01968773
2.846146	0.01981098
2.849479	0.01993422
2.852813	0.02008827
2.856146	0.02024232
2.859479	0.02039637
2.862813	0.02051961
2.866146	0.02061204
2.869479	0.02064285
2.872813	0.02061204
2.876146	0.02051961
2.879479	0.02039637
2.882813	0.02024232
2.886146	0.02002665
2.889479	0.01981098
2.892812	0.0195953
2.896146	0.01937963
2.899479	0.01919477
2.902812	0.01904072
2.906146	0.01891748
2.909479	0.01885586
2.912812	0.01879424
2.916146	0.01879424
2.919479	0.01885586
2.922812	0.0189791
2.926146	0.01913315
2.929479	0.01931801
2.932812	0.01950287
2.936146	0.01968773
2.939479	0.0198726
2.942812	0.02002665
2.946146	0.02014989
2.949479	0.02027313
2.952812	0.02039637
2.956146	0.02051961
2.959479	0.02067366
2.962812	0.02082771
2.966146	0.02104338
2.969479	0.02128987
2.972812	0.02153635
2.976146	0.02178283
2.979479	0.02206012
2.982812	0.0223066
2.986146	0.02255308
2.989479	0.02279957
2.992812	0.02304605
2.996146	0.02332334
2.999479	0.02360063
3.002812	0.02390873
3.006146	0.02424765
3.009479	0.02458656
3.012813	0.02492547
3.016146	0.02523357
3.019479	0.02554167
3.022813	0.02578816
3.026146	0.02603464
3.029479	0.0262195
3.032813	0.02640436
3.036146	0.02658922
3.039479	0.02677408
3.042813	0.02698975
3.046146	0.02726705
3.049479	0.02760596
3.052813	0.0280373
3.056146	0.02853027
3.059479	0.02911566
3.062813	0.02970105
3.066146	0.03037888
3.069479	0.03102589
3.072813	0.03170372
3.076146	0.03238154
3.079479	0.03305937
3.082813	0.03370638
3.086146	0.0343534
3.089479	0.03503122
3.092813	0.03570905
3.096146	0.03641768
3.099479	0.03712632
3.102813	0.03783495
3.106146	0.03851278
3.109479	0.03915979
3.112813	0.03974519
3.116146	0.04029977
3.119479	0.04079273
3.122813	0.04125489
3.126146	0.04168623
3.129479	0.04214838
3.132813	0.04261054
3.136146	0.04316512
3.139479	0.04378133
3.142812	0.04452077
3.146146	0.04532184
3.149479	0.04618452
3.152812	0.04713964
3.156146	0.04809476
3.159479	0.04908068
3.162812	0.0500358
3.166146	0.05096011
3.169479	0.05182279
3.172812	0.05262386
3.176146	0.05339412
3.179479	0.05416437
3.182812	0.05493463
3.186146	0.05573569
3.189479	0.05659838
3.192812	0.05758431
3.196146	0.05863185
3.199479	0.05974102
3.202812	0.06097343
3.206146	0.06220584
3.209479	0.06349987
3.212812	0.06482471
3.216146	0.06618036
3.219479	0.06753601
3.222812	0.06889166
3.226146	0.07024731
3.229479	0.07160296
3.232812	0.07295861
3.236146	0.07434507
3.239479	0.07570072
3.242812	0.07705637
3.246146	0.07838121
3.249479	0.07967524
3.252812	0.08093845
3.256146	0.08214005
3.259479	0.08337246
3.262813	0.08454325
3.266146	0.08571404
3.269479	0.08685402
3.272813	0.08796318
3.276146	0.08904154
3.279479	0.09008909
3.282813	0.0910442
3.286146	0.09190689
3.289479	0.09264634
3.292813	0.09326254
3.296146	0.09372469
3.299479	0.0940328
3.302813	0.09421766
3.306146	0.09421766
3.309479	0.09409442
3.312813	0.09381712
3.316146	0.09338578
3.319479	0.09280039
3.322813	0.09203013
3.326146	0.09113664
3.329479	0.0901199
3.332813	0.0889183
3.336146	0.08762427
3.339479	0.086207
3.342813	0.0846973
3.346146	0.08315679
3.349479	0.08155466
3.352813	0.07992172
3.356146	0.07825796
3.359479	0.07659421
3.362813	0.07489965
3.366146	0.07317428
3.369479	0.0714181
3.372813	0.0696311
3.376146	0.06787492
3.379479	0.06608793
3.382813	0.06433174
3.386146	0.06263718
3.389479	0.06097343
3.392812	0.0593713
3.396146	0.0578616
3.399479	0.05641352
3.402812	0.05502706
3.406146	0.05370222
3.409479	0.052439
3.412812	0.05120659
3.416146	0.0500358
3.419479	0.04889582
3.422812	0.04781747
3.426146	0.04683154
3.429479	0.04587642
3.432812	0.04501373
3.436146	0.04424348
3.439479	0.04353484
3.442812	0.04291864
3.446146	0.04233325
3.449479	0.04180947
3.452812	0.04131651
3.456146	0.04085435
3.459479	0.04042301
3.462812	0.03999167
3.466146	0.03956033
3.469479	0.03912898
3.472812	0.03869764
3.476146	0.03829711
3.479479	0.03789657
3.482812	0.03752685
3.486146	0.03721875
3.489479	0.03691065
3.492812	0.03669498
3.496146	0.03651011
3.499479	0.03635606
3.502812	0.03626363
3.506146	0.03623282
3.509479	0.03620201
3.512813	0.03620201
3.516146	0.03620201
3.519479	0.03620201
3.522813	0.03623282
3.526146	0.03623282
3.529479	0.03626363
3.532813	0.03626363
3.536146	0.03626363
3.539479	0.03623282
3.542813	0.03623282
3.546146	0.03620201
3.549479	0.0361712
3.552813	0.03610958
3.556146	0.03607877
3.559479	0.03601715
3.562813	0.03598634
3.566146	0.03592472
3.569479	0.03592472
3.572813	0.03589391
3.576146	0.03592472
3.579479	0.03598634
3.582813	0.03607877
3.586146	0.0361712
3.589479	0.03632525
3.592813	0.03651011
3.596146	0.03669498
3.599479	0.03684903
3.602813	0.03700308
3.606146	0.03715713
3.609479	0.03728037
3.612813	0.0373728
3.616146	0.03743442
3.619479	0.03746523
3.622813	0.03749604
3.626146	0.03746523
3.629479	0.03743442
3.632813	0.0373728
3.636146	0.03731118
3.639479	0.03718794
3.642812	0.0370647
3.646146	0.03694146
3.649479	0.03678741
3.652812	0.03666417
3.656146	0.03654092
3.659479	0.03641768
3.662812	0.03629444
3.666146	0.0361712
3.669479	0.03601715
3.672812	0.03583229
3.676146	0.03564743
3.679479	0.03540094
3.682812	0.03515446
3.686146	0.03493879
3.689479	0.03472312
3.692812	0.03453826
3.696146	0.03438421
3.699479	0.03426097
3.702812	0.03419935
3.706146	0.03413773
3.709479	0.03407611
3.712812	0.0340453
3.716146	0.03398367
3.719479	0.03395286
3.722812	0.03392205
3.726146	0.03389124
3.729479	0.03392205
3.732812	0.03395286
3.736146	0.03398367
3.739479	0.03407611
3.742812	0.03413773
3.746146	0.03419935
3.749479	0.03423016
3.752812	0.03419935
3.756146	0.03410692
3.759479	0.03395286
3.762813	0.033768
3.766146	0.03352152
3.769479	0.03324423
3.772813	0.03296694
3.776146	0.03272046
3.779479	0.03253559
3.782813	0.03241235
3.786146	0.03235073
3.789479	0.03238154
3.792813	0.03241235
3.796146	0.03250478
3.799479	0.03262803
3.802813	0.03275127
3.806146	0.03287451
3.809479	0.03296694
3.812813	0.03302856
3.816146	0.03309018
3.819479	0.03309018
3.822813	0.03312099
3.826146	0.03312099
3.829479	0.03309018
3.832813	0.03309018
3.836146	0.03305937
3.839479	0.03302856
3.842813	0.03302856
3.846146	0.03299775
3.849479	0.03296694
3.852813	0.03290532
3.856146	0.0328437
3.859479	0.03275127
3.862813	0.03262803
3.866146	0.03247397
3.869479	0.03231992
3.872813	0.03216587
3.876146	0.03201182
3.879479	0.03188858
3.882813	0.03179615
3.886146	0.03173453
3.889479	0.03173453
3.892812	0.03179615
3.896146	0.03188858
3.899479	0.03201182
3.902812	0.03216587
3.906146	0.03231992
3.909479	0.03250478
3.912812	0.03265884
3.916146	0.03278208
3.919479	0.03290532
3.922812	0.03296694
3.926146	0.03299775
3.929479	0.03302856
3.932812	0.03296694
3.936146	0.03290532
3.939479	0.03275127
3.942812	0.0325664
3.946146	0.03235073
3.949479	0.03210425
3.952812	0.03182696
3.956146	0.03154967
3.959479	0.03127238
3.962812	0.03102589
3.966146	0.03081022
3.969479	0.03062536
3.972812	0.03053293
3.976146	0.03053293
3.979479	0.03059455
3.982812	0.0307486
3.986146	0.03099508
3.989479	0.03124157
3.992812	0.03154967
3.996146	0.03188858
3.999479	0.03222749
4.002812	0.03253559
4.006146	0.03281289
4.009479	0.03309018
4.012813	0.03330585
4.016146	0.03352152
4.019479	0.03373719
4.022812	0.03395286
4.026146	0.03416854
4.029479	0.03438421
4.032813	0.03459988
4.036146	0.03481555
4.039479	0.03503122
4.042812	0.03521608
4.046146	0.03543176
4.049479	0.03561662
4.052813	0.03580148
4.056146	0.03598634
4.059479	0.03620201
4.062812	0.03641768
4.066146	0.03669498
4.069479	0.03697227
4.072813	0.03728037
4.076146	0.03758847
4.079479	0.03789657
4.082812	0.03820468
4.086146	0.03851278
4.089479	0.03882088
4.092813	0.03912898
4.096146	0.0394679
4.099479	0.03980681
4.102812	0.04020734
4.106146	0.04066949
4.109479	0.04116246
4.112813	0.04171704
4.116146	0.04233325
4.119479	0.04298026
4.122812	0.04362727
4.126146	0.04433591
4.129479	0.04507535
4.132813	0.04584561
4.136146	0.04664668
4.139479	0.04747855
4.142813	0.04837205
4.146146	0.04932717
4.149479	0.05037471
4.152812	0.05148388
4.156146	0.05268548
4.159479	0.05397951
4.162813	0.05533516
4.166146	0.05681405
4.169479	0.05835456
4.172812	0.05995669
4.176146	0.06165125
4.179479	0.06337663
4.182813	0.06513281
4.186146	0.0669198
4.189479	0.0687068
4.192812	0.0705246
4.196146	0.0723424
4.199479	0.07419101
4.202813	0.07603963
4.206146	0.07794986
4.209479	0.07992172
4.212812	0.08192438
4.216146	0.08398867
4.219479	0.08614538
4.222813	0.08836372
4.226146	0.09061286
4.229479	0.09295444
4.232812	0.09532683
4.236146	0.09769922
4.239479	0.1001024
4.242813	0.1025056
4.246146	0.104878
4.249479	0.1072196
4.252812	0.1095303
4.256146	0.1118103
4.259479	0.1140286
4.262813	0.116247
4.266146	0.1184345
4.269479	0.120622
4.272812	0.1227787
4.276146	0.1249046
4.279479	0.1269997
4.282813	0.129064
4.286146	0.1311283
4.289479	0.133131
4.292812	0.1351028
4.296146	0.1370439
4.299479	0.1390157
4.302813	0.1409568
4.306146	0.1429286
4.309479	0.1448697
4.312812	0.1468415
4.316146	0.1487518
4.319479	0.150662
4.322813	0.1524798
4.326146	0.1542052
4.329479	0.1558073
4.332812	0.1572554
4.336146	0.1585802
4.339479	0.1597202
4.342813	0.1607677
4.346146	0.1616612
4.349479	0.1624623
4.352812	0.1631709
4.356146	0.1638796
4.359479	0.1645574
4.362813	0.1652352
4.366146	0.1659439
4.369479	0.1667141
4.372812	0.1675768
4.376146	0.1685319
4.379479	0.1695487
4.382813	0.1707194
4.386146	0.1719519
4.389479	0.1733383
4.392813	0.1748172
4.396146	0.1764193
4.399479	0.1781755
4.402812	0.1800857
4.406146	0.1821808
4.409479	0.1844608
4.412813	0.1869256
4.416146	0.1896677
4.419479	0.1927179
4.422812	0.1960762
4.426146	0.1998659
4.429479	0.2040869
4.432813	0.2087701
4.436146	0.2140386
4.439479	0.2198618
4.442812	0.2263319
4.446146	0.2334491
4.449479	0.241244
4.452813	0.2497477
4.456146	0.2590215
4.459479	0.2690349
4.462812	0.2799417
4.466146	0.2917112
4.469479	0.3044358
4.472813	0.3181463
4.476146	0.3329661
4.479479	0.3489257
4.482812	0.366087
4.486146	0.3845116
4.489479	0.4041993
4.492813	0.4252119
4.496146	0.4475801
4.499479	0.4713964
4.502812	0.49663
4.506146	0.5233424
4.509479	0.5515646
4.512813	0.5813272
4.516146	0.612692
4.519479	0.6456898
4.522812	0.6803205
4.526146	0.716615
4.529479	0.7546348
4.532813	0.79438
4.536146	0.8358813
4.539479	0.8791697
4.542812	0.9243067
4.546146	0.9712614
4.549479	1.020034
4.552813	1.070655
4.556146	1.123063
4.559479	1.177228
4.562812	1.233087
4.566146	1.290548
4.569479	1.349549
4.572813	1.409968
4.576146	1.471681
4.579479	1.534596
4.582812	1.598588
4.586146	1.663536
4.589479	1.729316
4.592813	1.795835
4.596146	1.862909
4.599479	1.930414
4.602812	1.998197
4.606146	2.066103
4.609479	2.133977
4.612813	2.201575
4.616146	2.268803
4.619479	2.335384
4.622812	2.401133
4.626146	2.465834
4.629479	2.529273
4.632813	2.591232
4.636146	2.651497
4.639479	2.709821
4.642813	2.766019
4.646146	2.819875
4.649479	2.871174
4.652812	2.919762
4.656146	2.965453
4.659479	3.008156
4.662813	3.047686
4.666146	3.08398
4.669479	3.116885
4.672812	3.14634
4.676146	3.172221
4.679479	3.194465
4.682813	3.213013
4.686146	3.227771
4.689479	3.23874
4.692812	3.245888
4.696146	3.249215
4.699479	3.248784
4.702813	3.244655
4.706146	3.23686
4.709479	3.225491
4.712812	3.210672
4.716146	3.192494
4.719479	3.171081
4.722813	3.146586
4.726146	3.119104
4.729479	3.088786
4.732812	3.055758
4.736146	3.020203
4.739479	2.982214
4.742813	2.942037
4.746146	2.899766
4.749479	2.855553
4.752812	2.809615
4.756146	2.762106
4.759479	2.713179
4.762813	2.66302
4.766146	2.611813
4.769479	2.559713
4.772812	2.506904
4.776146	2.45351
4.779479	2.399685
4.782813	2.345613
4.786146	2.291387
4.789479	2.23713
4.792812	2.182997
4.796146	2.129048
4.799479	2.075438
4.802813	2.02226
4.806146	1.969636
4.809479	1.91769
4.812812	1.866514
4.816146	1.816263
4.819479	1.766966
4.822813	1.718779
4.826146	1.671732
4.829479	1.625886
4.832812	1.581304
4.836146	1.538016
4.839479	1.496021
4.842813	1.455352
4.846146	1.416069
4.849479	1.37811
4.852812	1.341539
4.856146	1.306384
4.859479	1.272647
4.862813	1.240296
4.866146	1.209394
4.869479	1.179939
4.872812	1.151871
4.876146	1.125251
4.879479	1.100017
4.882813	1.076201
4.886146	1.053771
4.889479	1.032789
4.892813	1.013194
4.896146	0.9949853
4.899479	0.9781629
4.902812	0.962727
4.906146	0.9486159
4.909479	0.9358605
4.912813	0.9243991
4.916146	0.9142317
4.919479	0.9053276
4.922812	0.8977483
4.926146	0.8914322
4.929479	0.8864409
4.932813	0.8827745
4.936146	0.8804945
4.939479	0.8795702
4.942812	0.8800324
4.946146	0.8819118
4.949479	0.8852701
4.952813	0.8901689
4.956146	0.8966083
4.959479	0.9047114
4.962812	0.9145706
4.966146	0.9262785
4.969479	0.9399583
4.972813	0.9557947
4.976146	0.9738803
4.979479	0.9944307
4.982812	1.0176
4.986146	1.043542
4.989479	1.072504
4.992813	1.104731
4.996146	1.14044
4.999479	1.180031
5.002812	1.223844
5.006146	1.272339
5.009479	1.32598
5.012813	1.385351
5.016146	1.451007
5.019479	1.523689
5.022812	1.604103
5.026146	1.692991
5.029479	1.791183
5.032813	1.899635
5.036146	2.019302
5.039479	2.151324
5.042812	2.296933
5.046146	2.457516
5.049479	2.634551
5.052813	2.829765
5.056146	3.044882
5.059479	3.281936
5.062812	3.542898
5.066146	3.830019
5.069479	4.145577
5.072813	4.491976
5.076146	4.871774
5.079479	5.287743
5.082812	5.742717
5.086146	6.23984
5.089479	6.782285
5.092813	7.37341
5.096146	8.016635
5.099479	8.715472
5.102812	9.473342
5.106146	10.29366
5.109479	11.17974
5.112813	12.13473
5.116146	13.16179
5.119479	14.2639
5.122812	15.44406
5.126146	16.70499
5.129479	18.04934
5.132813	19.47945
5.136146	20.99732
5.139479	22.60444
5.142813	24.30178
5.146146	26.08954
5.149479	27.96724
5.152812	29.93367
5.156146	31.98686
5.159479	34.12417
5.162813	36.34244
5.166146	38.6378
5.169479	41.00582
5.172812	43.4414
5.176146	45.93863
5.179479	48.49092
5.182813	51.09068
5.186146	53.72952
5.189479	56.39802
5.192812	59.08587
5.196146	61.78217
5.199479	64.47535
5.202813	67.15352
5.206146	69.80459
5.209479	72.41634
5.212812	74.97649
5.216146	77.47288
5.219479	79.89346
5.222813	82.22626
5.226146	84.45954
5.229479	86.58169
5.232812	88.58142
5.236146	90.44791
5.239479	92.17091
5.242813	93.7409
5.246146	95.14933
5.249479	96.38864
5.252812	97.45243
5.256146	98.33548
5.259479	99.03382
5.262813	99.54481
5.266146	99.86696
5.269479	100
5.272812	99.94473
5.276146	99.70302
5.279479	99.27772
5.282813	98.67266
5.286146	97.89264
5.289479	96.94341
5.292812	95.83156
5.296146	94.56458
5.299479	93.15089
5.302813	91.59962
5.306146	89.92071
5.309479	88.12466
5.312812	86.22241
5.316146	84.22511
5.319479	82.14391
5.322813	79.98996
5.326146	77.77421
5.329479	75.50735
5.332812	73.19978
5.336146	70.86166
5.339479	68.50277
5.342813	66.13266
5.346146	63.76058
5.349479	61.3955
5.352812	59.04585
5.356146	56.71952
5.359479	54.42376
5.362813	52.16503
5.366146	49.94907
5.369479	47.78077
5.372812	45.66439
5.376146	43.60346
5.379479	41.60095
5.382813	39.65932
5.386146	37.78063
5.389479	35.9665
5.392813	34.21823
5.396146	32.53658
5.399479	30.92197
5.402812	29.37431
5.406146	27.89311
5.409479	26.47747
5.412813	25.1262
5.416146	23.83778
5.419479	22.61051
5.422812	21.44259
5.426146	20.33213
5.429479	19.27722
5.432813	18.27591
5.436146	17.32625
5.439479	16.42619
5.442812	15.57367
5.446146	14.76657
5.449479	14.00278
5.452813	13.28019
5.456146	12.59673
5.459479	11.95036
5.462812	11.33921
5.466146	10.76149
5.469479	10.21553
5.472813	9.699735
5.476146	9.212595
5.479479	8.752691
5.482812	8.318605
5.486146	7.909015
5.489479	7.522593
5.492813	7.158047
5.496146	6.814204
5.499479	6.489834
5.502812	6.18392
5.506146	5.895413
5.509479	5.62342
5.512813	5.367079
5.516146	5.125589
5.519479	4.898147
5.522812	4.684078
5.526146	4.482641
5.529479	4.293189
5.532813	4.115044
5.536146	3.947621
5.539479	3.790274
5.542812	3.642477
5.546146	3.503677
5.549479	3.373411
5.552813	3.251156
5.556146	3.136511
5.559479	3.029015
5.562812	2.928296
5.566146	2.833893
5.569479	2.745468
5.572813	2.662619
5.576146	2.585008
5.579479	2.512327
5.582812	2.444206
5.586146	2.380398
5.589479	2.320657
5.592813	2.264705
5.596146	2.212297
5.599479	2.163247
5.602812	2.117309
5.606146	2.074237
5.609479	2.033814
5.612813	1.995825
5.616146	1.960023
5.619479	1.926255
5.622812	1.894274
5.626146	1.863926
5.629479	1.835057
5.632813	1.807513
5.636146	1.781108
5.639479	1.755751
5.642813	1.731319
5.646146	1.707718
5.649479	1.684795
5.652812	1.66252
5.656146	1.640737
5.659479	1.619354
5.662813	1.598342
5.666146	1.577607
5.669479	1.557118
5.672812	1.536783
5.676146	1.516572
5.679479	1.496483
5.682813	1.476457
5.686146	1.456461
5.689479	1.436527
5.692812	1.416623
5.696146	1.396689
5.699479	1.376724
5.702813	1.356728
5.706146	1.336671
5.709479	1.316582
5.712812	1.296463
5.716146	1.276252
5.719479	1.25604
5.722813	1.235829
5.726146	1.215648
5.729479	1.195498
5.732812	1.175441
5.736146	1.155476
5.739479	1.135634
5.742813	1.115946
5.746146	1.096413
5.749479	1.077094
5.752812	1.057992
5.756146	1.039136
5.759479	1.020527
5.762813	1.002195
5.766146	0.9842017
5.769479	0.9665167
5.772812	0.9492013
5.776146	0.9322249
5.779479	0.9156182
5.782813	0.8993812
5.786146	0.8835139
5.789479	0.8680164
5.792812	0.8528886
5.796146	0.8381613
5.799479	0.8237729
5.802813	0.8097543
5.806146	0.7961053
5.809479	0.7827953
5.812812	0.769855
5.816146	0.7573153
5.819479	0.7450836
5.822813	0.7332525
5.826146	0.7217603
5.829479	0.710607
5.832812	0.6998234
5.836146	0.6893787
5.839479	0.6792729
5.842813	0.6694753
5.846146	0.6599857
5.849479	0.6507735
5.852812	0.6418077
5.856146	0.6330884
5.859479	0.6245848
5.862813	0.616266
5.866146	0.6081013
5.869479	0.6001215
5.872812	0.5922341
5.876146	0.5845315
5.879479	0.5769214
5.882813	0.5694653
5.886146	0.5621325
5.889479	0.5549229
5.892813	0.5478982
5.896146	0.5409967
5.899479	0.5342184
5.902812	0.5275942
5.906146	0.5210625
5.909479	0.514654
5.912813	0.5083687
5.916146	0.5021758
5.919479	0.4961062
5.922812	0.4900982
5.926146	0.4841826
5.929479	0.4783903
5.932813	0.4726904
5.936146	0.467083
5.939479	0.4616296
5.942812	0.4562686
5.946146	0.4510308
5.949479	0.4459472
5.952813	0.4409867
5.956146	0.4361495
5.959479	0.4314664
5.962812	0.4269064
5.966146	0.422439
5.969479	0.4180947
5.972813	0.4137813
5.976146	0.4095603
5.979479	0.4053701
5.982812	0.4012107
5.986146	0.3970822
5.989479	0.3930152
5.992813	0.3889483
5.996146	0.3849737
5.999479	0.3810608
6.002812	0.3772404
6.006146	0.3735123
6.009479	0.3699075
6.012813	0.366426
6.016146	0.3630676
6.019479	0.3598018
6.022812	0.3566283
6.026146	0.3535165
6.029479	0.3504663
6.032813	0.3474469
6.036146	0.3444275
6.039479	0.3414697
6.042812	0.3384811
6.046146	0.3355233
6.049479	0.3325963
6.052813	0.329731
6.056146	0.3268656
6.059479	0.3240927
6.062812	0.3213506
6.066146	0.3187009
6.069479	0.3161129
6.072813	0.3135864
6.076146	0.3111216
6.079479	0.3087492
6.082812	0.3064385
6.086146	0.3041893
6.089479	0.3020634
6.092813	0.2999991
6.096146	0.2979965
6.099479	0.2960554
6.102812	0.2942068
6.106146	0.2924198
6.109479	0.2906636
6.112813	0.2889691
6.116146	0.2873053
6.119479	0.2856724
6.122812	0.2840394
6.126146	0.2824065
6.129479	0.2808044
6.132813	0.2792022
6.136146	0.2776309
6.139479	0.2760596
6.142813	0.2745191
6.146146	0.2730094
6.149479	0.2715305
6.152812	0.2701132
6.156146	0.2687268
6.159479	0.2674327
6.162813	0.2661695
6.166146	0.2649679
6.169479	0.2638279
6.172812	0.2627496
6.176146	0.2617328
6.179479	0.2608085
6.182813	0.2598842
6.186146	0.2590524
6.189479	0.2582205
6.192812	0.2574194
6.196146	0.25668
6.199479	0.2559097
6.202813	0.2551703
6.206146	0.2544308
6.209479	0.2537222
6.212812	0.2530135
6.216146	0.2523357
6.219479	0.2516887
6.222813	0.2510725
6.226146	0.2504871
6.229479	0.2499325
6.232812	0.2494088
6.236146	0.248885
6.239479	0.248392
6.242813	0.2478991
6.246146	0.2474061
6.249479	0.2468823
6.252812	0.2463585
6.256146	0.245804
6.259479	0.2452494
6.262813	0.244664
6.266146	0.2440786
6.269479	0.2434932
6.272812	0.2428462
6.276146	0.24223
6.279479	0.241583
6.282813	0.2409359
6.286146	0.2402581
6.289479	0.2396111
6.292812	0.2389641
6.296146	0.2382863
6.299479	0.2376701
6.302813	0.2370539
6.306146	0.2364685
6.309479	0.2359139
6.312812	0.2353901
6.316146	0.2348663
6.319479	0.2343426
6.322813	0.2338188
6.326146	0.2332642
6.329479	0.2326788
6.332812	0.2320318
6.336146	0.231354
6.339479	0.2306145
6.342813	0.2298443
6.346146	0.2290124
6.349479	0.2281805
6.352812	0.2273178
6.356146	0.2264859
6.359479	0.2256541
6.362813	0.2248838
6.366146	0.2241136
6.369479	0.2234049
6.372812	0.2226655
6.376146	0.2219568
6.379479	0.2212174
6.382813	0.2204471
6.386146	0.2195845
6.389479	0.218691
6.392813	0.2177358
6.396146	0.2166883
6.399479	0.2156099
6.402812	0.2145008
6.406146	0.2133608
6.409479	0.2122208
6.412813	0.2110808
6.416146	0.2099717
6.419479	0.2088933
6.422812	0.2078149
6.426146	0.2067366
6.429479	0.205689
6.432813	0.2045799
6.436146	0.2034707
6.439479	0.2023615
6.442812	0.2011907
6.446146	0.1999891
6.449479	0.1987875
6.452813	0.1976168
6.456146	0.196446
6.459479	0.195306
6.462812	0.1941968
6.466146	0.1931185
6.469479	0.1920709
6.472813	0.1910234
6.476146	0.1899758
6.479479	0.1888975
6.482812	0.1877883
6.486146	0.1866175
6.489479	0.1854159
6.492813	0.1841527
6.496146	0.1828587
6.499479	0.1815954
6.502812	0.1803014
6.506146	0.1790382
6.509479	0.1778058
6.512813	0.1766042
6.516146	0.1754334
6.519479	0.1742318
6.522812	0.173061
6.526146	0.1718902
6.529479	0.1706886
6.532813	0.1694562
6.536146	0.168193
6.539479	0.166899
6.542812	0.1656049
6.546146	0.1643109
6.549479	0.1630477
6.552813	0.1618153
6.556146	0.1606137
6.559479	0.1595045
6.562812	0.1584262
6.566146	0.1574402
6.569479	0.1564851
6.572813	0.1555916
6.576146	0.1546981
6.579479	0.1538046
6.582812	0.1529111
6.586146	0.1519868
6.589479	0.1510625
6.592813	0.1500766
6.596146	0.1490599
6.599479	0.1480431
6.602812	0.1469956
6.606146	0.145948
6.609479	0.1449005
6.612813	0.1438529
6.616146	0.142867
6.619479	0.1419119
6.622812	0.1410184
6.626146	0.1401865
6.629479	0.1393854
6.632813	0.138646
6.636146	0.1379066
6.639479	0.1372287
6.642813	0.1365509
6.646146	0.1358731
6.649479	0.1351953
6.652812	0.1344866
6.656146	0.133778
6.659479	0.1331002
6.662813	0.1324223
6.666146	0.1317753
6.669479	0.1311899
6.672812	0.1306353
6.676146	0.1301116
6.679479	0.1296186
6.682813	0.1291256
6.686146	0.1286635
6.689479	0.1282013
6.692812	0.12777
6.696146	0.127277
6.699479	0.1268149
6.702813	0.1263835
6.706146	0.1259214
6.709479	0.1255208
6.712812	0.1251203
6.716146	0.1247506
6.719479	0.1243809
6.722813	0.1239803
6.726146	0.123549
6.729479	0.1230868
6.732812	0.1225939
6.736146	0.1220393
6.739479	0.1214847
6.742813	0.1208685
6.746146	0.1202831
6.749479	0.1197593
6.752812	0.1192664
6.756146	0.118835
6.759479	0.1184961
6.762813	0.1182188
6.766146	0.1179723
6.769479	0.1177567
6.772812	0.1175102
6.776146	0.1172021
6.779479	0.1168016
6.782813	0.1162778
6.786146	0.1156924
6.789479	0.1149837
6.792812	0.1142135
6.796146	0.1134124
6.799479	0.1126114
6.802813	0.1118719
6.806146	0.1111633
6.809479	0.1105779
6.812812	0.1100849
6.816146	0.1096844
6.819479	0.1093147
6.822813	0.1090066
6.826146	0.1086985
6.829479	0.1083904
6.832812	0.1080823
6.836146	0.1077433
6.839479	0.1073736
6.842813	0.1069731
6.846146	0.1065726
6.849479	0.1061412
6.852812	0.1057099
6.856146	0.1052785
6.859479	0.1048472
6.862813	0.1044158
6.866146	0.1040153
6.869479	0.1036148
6.872812	0.1032451
6.876146	0.1029061
6.879479	0.102598
6.882813	0.1023207
6.886146	0.1020126
6.889479	0.1017354
6.892813	0.1014273
6.896146	0.1010883
6.899479	0.1007186
6.902812	0.1002565
6.906146	0.09973269
6.909479	0.09917811
6.912813	0.09859271
6.916146	0.09797651
6.919479	0.09739111
6.922812	0.09680572
6.926146	0.09625114
6.929479	0.09575817
6.932813	0.09529601
6.936146	0.09483386
6.939479	0.09440252
6.942812	0.09390955
6.946146	0.09341659
6.949479	0.09289282
6.952813	0.09236904
6.956146	0.09181446
6.959479	0.09129069
6.962812	0.09082853
6.966146	0.09039719
6.969479	0.09005828
6.972813	0.08975018
6.976146	0.0895345
6.979479	0.08931883
6.982812	0.08913397
6.986146	0.08897992
6.989479	0.08876425
6.992813	0.08851777
6.996146	0.08824047
6.999479	0.08790156
7.002812	0.08753184
7.006146	0.08716212
7.009479	0.08673078
7.012813	0.08629943
7.016146	0.08586809
7.019479	0.08543675
7.022812	0.08497459
7.026146	0.08451244
7.029479	0.08401948
7.032813	0.08352651
7.036146	0.08297193
7.039479	0.08238653
7.042812	0.08170871
7.046146	0.08100007
7.049479	0.08019901
7.052813	0.07933632
7.056146	0.07838121
7.059479	0.07739528
7.062812	0.07634773
7.066146	0.07526937
7.069479	0.0741602
7.072813	0.07305104
7.076146	0.07191106
7.079479	0.07074027
7.082812	0.06960029
7.086146	0.0684295
7.089479	0.06725872
7.092813	0.06608793
7.096146	0.06488633
7.099479	0.06371554
7.102812	0.06254475
7.106146	0.06137396
7.109479	0.06026479
7.112813	0.05918644
7.116146	0.05820051
7.119479	0.05733782
7.122812	0.05659838
7.126146	0.0560746
7.129479	0.0557665
7.132813	0.05573569
7.136146	0.05604379
7.139479	0.05675243
7.142813	0.05795403
7.146146	0.05971021
7.149479	0.06211341
7.152812	0.06522524
7.156146	0.06919976
7.159479	0.07403696
7.162813	0.07992172
7.166146	0.08685402
7.169479	0.09492629
7.172812	0.1042002
7.176146	0.1147065
7.179479	0.1265376
7.182813	0.1396935
7.186146	0.154236
7.189479	0.1701649
7.192812	0.1875418
7.196146	0.206336
7.199479	0.2265168
7.202813	0.2480839
7.206146	0.2709143
7.209479	0.2949771
7.212812	0.3200874
7.216146	0.3460912
7.219479	0.3727729
7.222813	0.3998859
7.226146	0.4271837
7.229479	0.4544508
7.232812	0.4813789
7.236146	0.5076908
7.239479	0.5331709
7.242813	0.5576034
7.246146	0.5808343
7.249479	0.6026787
7.252812	0.6230751
7.256146	0.6419001
7.259479	0.6591539
7.262813	0.674713
7.266146	0.6886084
7.269479	0.7007785
7.272812	0.7111308
7.276146	0.719696
7.279479	0.726351
7.282813	0.7310958
7.286146	0.7338379
7.289479	0.7345465
7.292812	0.7332525
7.296146	0.729925
7.299479	0.7246256
7.302813	0.7173852
7.306146	0.7083578
7.309479	0.6976359
7.312812	0.6853117
7.316146	0.6715704
7.319479	0.656535
7.322813	0.6403596
7.326146	0.6231675
7.329479	0.6051435
7.332812	0.5864417
7.336146	0.5671853
7.339479	0.5475285
7.342813	0.5276251
7.346146	0.5075984
7.349479	0.487541
7.352812	0.4676067
7.356146	0.4478882
7.359479	0.4284161
7.362813	0.4093138
7.366146	0.3906736
7.369479	0.3724956
7.372812	0.3548413
7.376146	0.3378033
7.379479	0.3213506
7.382813	0.3056066
7.386146	0.2905404
7.389479	0.2762136
7.392813	0.2625647
7.396146	0.2496552
7.399479	0.2374236
7.402812	0.2259006
7.406146	0.2149937
7.409479	0.2047647
7.412813	0.1951519
7.416146	0.1861245
7.419479	0.1777134
7.422812	0.1699184
7.426146	0.162678
7.429479	0.156023
7.432813	0.1498917
7.436146	0.1442843
7.439479	0.1391082
7.442812	0.1343942
7.446146	0.1300191
7.449479	0.1260138
7.452813	0.1223166
7.456146	0.1188966
7.459479	0.115754
7.462812	0.1129195
7.466146	0.1103314
7.469479	0.1079898
7.472813	0.1058947
7.476146	0.1040153
7.479479	0.1023207
7.482812	0.100811
7.486146	0.0994554
7.489479	0.09816137
7.492813	0.09695977
7.496146	0.09578898
7.499479	0.09467981
7.502812	0.09360145
7.506146	0.09258472
7.509479	0.09159879
7.512813	0.09061286
7.516146	0.08971937
7.519479	0.08882587
7.522812	0.0880248
7.526146	0.08725455
7.529479	0.0865151
7.532813	0.08580647
7.536146	0.08512864
7.539479	0.08451244
7.542812	0.08389624
7.546146	0.08331084
7.549479	0.08275626
7.552813	0.08220167
7.556146	0.08164709
7.559479	0.08109251
7.562812	0.08053792
7.566146	0.07995253
7.569479	0.07930551
7.572813	0.07862769
7.576146	0.07788824
7.579479	0.07708718
7.582812	0.0762553
7.586146	0.07542342
7.589479	0.07456074
7.592813	0.07372886
7.596146	0.07295861
7.599479	0.07221916
7.602812	0.07154134
7.606146	0.07092513
7.609479	0.07040136
7.612813	0.06987758
7.616146	0.06938462
7.619479	0.06886085
7.622812	0.06833707
7.626146	0.06778249
7.629479	0.06719709
7.632813	0.06658089
7.636146	0.06596469
7.639479	0.06534848
7.642813	0.06473228
7.646146	0.06417769
7.649479	0.06371554
7.652812	0.0632842
7.656146	0.06294528
7.659479	0.06263718
7.662813	0.06235989
7.666146	0.06211341
7.669479	0.06186693
7.672812	0.06158963
7.676146	0.06131234
7.679479	0.06097343
7.682813	0.06060371
7.686146	0.06017236
7.689479	0.05971021
7.692812	0.05924806
7.696146	0.0587859
7.699479	0.05835456
7.702813	0.05792322
7.706146	0.05752269
7.709479	0.05718377
7.712812	0.05684486
7.716146	0.05656757
7.719479	0.05632109
7.722813	0.05610541
7.726146	0.05595136
7.729479	0.05579731
7.732812	0.05567407
7.736146	0.05558164
7.739479	0.05548921
7.742813	0.05542759
7.746146	0.05533516
7.749479	0.05527354
7.752812	0.05518111
7.756146	0.05505787
7.759479	0.05493463
7.762813	0.05474977
7.766146	0.05453409
7.769479	0.0542568
7.772812	0.05397951
7.776146	0.0536406
7.779479	0.05327087
7.782813	0.05290115
7.786146	0.05253143
7.789479	0.05219252
7.792812	0.05188441
7.796146	0.05163793
7.799479	0.05142226
7.802813	0.0512374
7.806146	0.05105254
7.809479	0.05089849
7.812812	0.05071363
7.816146	0.05052876
7.819479	0.05031309
7.822813	0.0500358
7.826146	0.04975851
7.829479	0.04948122
7.832812	0.04920392
7.836146	0.04895744
7.839479	0.04871096
7.842813	0.04849529
7.846146	0.04831043
7.849479	0.04809476
7.852812	0.0479099
7.856146	0.04769422
7.859479	0.04747855
7.862813	0.04726288
7.866146	0.04704721
7.869479	0.04689316
7.872812	0.04676992
7.876146	0.0467083
7.879479	0.04673911
7.882813	0.04683154
7.886146	0.04695478
7.889479	0.04710883
7.892813	0.04726288
7.896146	0.04738612
7.899479	0.04747855
7.902812	0.04750936
7.906146	0.04747855
7.909479	0.04741693
7.912813	0.04729369
7.916146	0.04713964
7.919479	0.0470164
7.922812	0.04686235
7.926146	0.04673911
7.929479	0.04661587
7.932813	0.04649263
7.936146	0.04633857
7.939479	0.04615371
7.942812	0.04596885
7.946146	0.04575318
7.949479	0.04556832
7.952813	0.04541427
7.956146	0.04529103
7.959479	0.04522941
7.962812	0.04526022
7.966146	0.04535265
7.969479	0.04547589
7.972813	0.04562994
7.976146	0.0458148
7.979479	0.04593804
7.982812	0.04599966
7.986146	0.04599966
7.989479	0.04593804
7.992813	0.0458148
7.996146	0.04559913
7.999479	0.04538346
8.002812	0.04513698
8.006145	0.04489049
8.00948	0.04464401
8.012813	0.04442834
8.016146	0.04424348
8.019479	0.04408943
8.022813	0.04393538
8.026146	0.04381214
8.029479	0.04365808
8.032812	0.04350403
8.036146	0.04328836
8.039479	0.04307269
8.042812	0.0427954
8.046145	0.04251811
8.049479	0.04224081
8.052813	0.04193271
8.056146	0.04168623
8.059479	0.04143975
8.062813	0.04125489
8.066146	0.04113165
8.069479	0.04103922
8.072812	0.0409776
8.076146	0.0409776
8.079479	0.0409776
8.082812	0.0409776
8.086145	0.04094679
8.089479	0.04088517
8.092813	0.04073111
8.096146	0.04051544
8.099479	0.04020734
8.102813	0.03980681
8.106146	0.03934465
8.109479	0.03885169
8.112812	0.03829711
8.116146	0.03774252
8.119479	0.03721875
8.122812	0.0367566
8.126145	0.03635606
8.129479	0.03604796
8.132813	0.03580148
8.136146	0.03564743
8.13948	0.035555
8.142813	0.03552419
8.146146	0.03552419
8.149479	0.035555
8.152813	0.03558581
8.156146	0.03558581
8.159479	0.03558581
8.162812	0.035555
8.166146	0.03549338
8.169479	0.03540094
8.172812	0.03530851
8.176146	0.03518527
8.17948	0.03503122
8.182813	0.03484636
8.186146	0.0346615
8.189479	0.03444583
8.192813	0.03419935
8.196146	0.03395286
8.199479	0.03367557
8.202812	0.03336747
8.206146	0.03309018
8.209479	0.03281289
8.212812	0.0325664
8.216146	0.03241235
8.21948	0.03228911
8.222813	0.0322583
8.226146	0.0322583
8.229479	0.03228911
8.232813	0.03235073
8.236146	0.03235073
8.239479	0.03235073
8.242812	0.03228911
8.246146	0.03216587
8.249479	0.03201182
8.252812	0.03185777
8.256145	0.03170372
8.25948	0.03154967
8.262813	0.03145724
8.266146	0.03136481
8.269479	0.03130319
8.272813	0.03124157
8.276146	0.03114913
8.279479	0.03099508
8.282812	0.03077941
8.286146	0.03053293
8.289479	0.03022483
8.292812	0.02991673
8.296145	0.02957781
8.299479	0.02930052
8.302813	0.02908485
8.306146	0.0289308
8.309479	0.02886918
8.312813	0.02883837
8.316146	0.02886918
8.319479	0.02889999
8.322812	0.02889999
8.326146	0.02889999
8.329479	0.02883837
8.332812	0.02871513
8.336145	0.02856108
8.339479	0.02837621
8.342813	0.02819135
8.346146	0.02797568
8.349479	0.02779082
8.352813	0.02763677
8.356146	0.02751353
8.359479	0.0274211
8.362812	0.02739029
8.366146	0.02739029
8.369479	0.02745191
8.372812	0.02757515
8.376145	0.0277292
8.379479	0.02794487
8.382813	0.02816054
8.386146	0.0283454
8.38948	0.02853027
8.392813	0.0286227
8.396146	0.0286227
8.399479	0.02849946
8.402813	0.02828378
8.406146	0.02797568
8.409479	0.02763677
8.412812	0.02723624
8.416146	0.0268357
8.419479	0.02643517
8.422812	0.02609626
8.426146	0.02581897
8.42948	0.02560329
8.432813	0.02541843
8.436146	0.02529519
8.439479	0.02517195
8.442813	0.02504871
8.446146	0.02495628
8.449479	0.02486385
8.452812	0.02480223
8.456146	0.02480223
8.459479	0.02486385
8.462812	0.02495628
8.466146	0.02507952
8.46948	0.02526438
8.472813	0.02548005
8.476146	0.02569573
8.479479	0.02588059
8.482813	0.02603464
8.486146	0.02612707
8.489479	0.02615788
8.492812	0.02612707
8.496146	0.02603464
8.499479	0.0259114
8.502812	0.02575735
8.506145	0.02563411
8.50948	0.02551086
8.512813	0.02544924
8.516146	0.02538762
8.519479	0.02538762
8.522813	0.02541843
8.526146	0.02544924
8.529479	0.02548005
8.532812	0.02548005
8.536146	0.02544924
8.539479	0.02535681
8.542812	0.02520276
8.546145	0.02504871
8.549479	0.02483304
8.552813	0.02458656
8.556146	0.02437089
8.559479	0.02415522
8.562813	0.02397036
8.566146	0.02384711
8.569479	0.02378549
8.572812	0.0238163
8.576146	0.02387792
8.579479	0.02400117
8.582812	0.02415522
8.586145	0.02430927
8.589479	0.02446332
8.592813	0.02458656
8.596146	0.02467899
8.599479	0.0247098
8.602813	0.02467899
8.606146	0.02458656
8.609479	0.02443251
8.612812	0.02421683
8.616146	0.02400117
8.619479	0.02375468
8.622812	0.0235082
8.626145	0.02329253
8.629479	0.02310767
8.632813	0.02298443
8.636146	0.02295362
8.63948	0.02295362
8.642813	0.02304605
8.646146	0.02313848
8.649479	0.02323091
8.652813	0.02335415
8.656146	0.02344658
8.659479	0.02353901
8.662812	0.02360063
8.666146	0.02366225
8.669479	0.02372387
8.672812	0.02375468
8.676146	0.02384711
8.67948	0.02390873
8.682813	0.02400117
8.686146	0.0240936
8.689479	0.02415522
8.692813	0.02421683
8.696146	0.02421683
8.699479	0.02418603
8.702812	0.02412441
8.706146	0.02403198
8.709479	0.02390873
8.712812	0.02375468
8.716146	0.02360063
8.71948	0.02344658
8.722813	0.02332334
8.726146	0.0232001
8.729479	0.02310767
8.732813	0.02304605
8.736146	0.02301524
8.739479	0.02301524
8.742812	0.02301524
8.746146	0.02304605
8.749479	0.02307686
8.752812	0.02313848
8.756145	0.0232001
8.75948	0.02329253
8.762813	0.02335415
8.766146	0.02344658
8.769479	0.0235082
8.772813	0.0235082
8.776146	0.0235082
8.779479	0.02344658
8.782812	0.02332334
8.786146	0.02313848
8.789479	0.02292281
8.792812	0.02267633
8.796145	0.02239903
8.799479	0.02215255
8.802813	0.02190607
8.806146	0.0216904
8.809479	0.02150554
8.812813	0.02135149
8.816146	0.02125906
8.819479	0.02116663
8.822812	0.021105
8.826146	0.02107419
8.829479	0.02104338
8.832812	0.02098176
8.836145	0.02092014
8.839479	0.02085852
8.842813	0.02070447
8.846146	0.02055042
8.849479	0.02033475
8.852813	0.02011908
8.856146	0.0198726
8.859479	0.01962611
8.862812	0.01941044
8.866146	0.01919477
8.869479	0.01907153
8.872812	0.0189791
8.876145	0.01894829
8.879479	0.01891748
8.882813	0.01888667
8.886146	0.01885586
8.88948	0.01879424
8.892813	0.018671
8.896146	0.01851695
8.899479	0.01833208
8.902813	0.0180856
8.906146	0.01783912
8.909479	0.01756183
8.912812	0.01731535
8.916146	0.01709968
8.919479	0.01691481
8.922812	0.01676076
8.926146	0.01663752
8.92948	0.0165759
8.932813	0.01651428
8.936146	0.01648347
8.939479	0.01645266
8.942813	0.01642185
8.946146	0.01636023
8.949479	0.01623699
8.952812	0.01608293
8.956146	0.01592888
8.959479	0.01571321
8.962812	0.01549754
8.966146	0.01531268
8.96948	0.01512782
8.972813	0.01500458
8.976146	0.01494296
8.979479	0.01491215
8.982813	0.01494296
8.986146	0.01497377
8.989479	0.0150662
8.992812	0.01518944
8.996146	0.01531268
8.999479	0.01546673
9.002812	0.01565159
9.006145	0.01580564
9.00948	0.0159905
9.012813	0.01617537
9.016146	0.01632942
9.019479	0.01645266
9.022813	0.01654509
9.026146	0.01654509
9.029479	0.01648347
9.032812	0.01632942
9.036146	0.01608293
9.039479	0.01580564
9.042812	0.01549754
9.046145	0.01518944
9.049479	0.01488134
9.052813	0.01457323
9.056146	0.01432675
9.059479	0.01414189
9.062813	0.01395703
9.066146	0.01383379
9.069479	0.01374136
9.072812	0.01364893
9.076146	0.01358731
9.079479	0.01352569
9.082812	0.01343326
9.086145	0.01334083
9.089479	0.01324839
9.092813	0.01309434
9.096146	0.01294029
9.099479	0.01278624
9.102813	0.01263219
9.106146	0.01244733
9.109479	0.01229328
9.112812	0.01213923
9.116146	0.01201599
9.119479	0.01198518
9.122812	0.01195437
9.126145	0.01198518
9.129479	0.0120468
9.132813	0.01210842
9.136146	0.01217004
9.13948	0.01220085
9.142813	0.01223166
9.146146	0.01220085
9.149479	0.01217004
9.152813	0.01207761
9.156146	0.01195437
9.159479	0.01180031
9.162812	0.01167707
9.166146	0.01152302
9.169479	0.01133816
9.172812	0.01118411
9.176146	0.01099925
9.17948	0.0108452
9.182813	0.01066034
9.186146	0.01050629
9.189479	0.01032142
9.192813	0.01016737
9.196146	0.01001332
9.199479	0.009890081
9.202812	0.00979765
9.206146	0.009705219
9.209479	0.009643599
9.212812	0.009581978
9.216146	0.009581978
9.21948	0.009581978
9.222813	0.009581978
9.226146	0.009612789
9.229479	0.009643599
9.232813	0.009674409
9.236146	0.009705219
9.239479	0.00973603
9.242812	0.00979765
9.246146	0.00982846
9.249479	0.00982846
9.252812	0.00982846
9.256145	0.00982846
9.25948	0.00982846
9.262813	0.00979765
9.266146	0.00976684
9.269479	0.009705219
9.272813	0.009612789
9.276146	0.009458738
9.279479	0.009273876
9.282812	0.009058205
9.286146	0.008811723
9.289479	0.008565241
9.292812	0.008318759
9.296145	0.008103088
9.299479	0.007949037
9.302813	0.007856606
9.306146	0.007856606
9.309479	0.007918227
9.312813	0.008041467
9.316146	0.008195519
9.319479	0.00834957
9.322812	0.008503621
9.326146	0.008626862
9.329479	0.008688482
9.332812	0.008657672
9.336145	0.008565241
9.339479	0.00841119
9.342813	0.008195519
9.346146	0.007949037
9.349479	0.007702555
9.352813	0.007425263
9.356146	0.007209592
9.359479	0.00702473
9.362812	0.006901489
9.366146	0.006809059
9.369479	0.006778248
9.372812	0.006778248
9.376145	0.006809059
9.379479	0.006901489
9.382813	0.00696311
9.386146	0.00705554
9.38948	0.007147971
9.392813	0.007240402
9.396146	0.007271212
9.399479	0.007332832
9.402813	0.007332832
9.406146	0.007271212
9.409479	0.007209592
9.412812	0.00705554
9.416146	0.006870679
9.419479	0.006655008
9.422812	0.006439336
9.426146	0.006192854
9.42948	0.006007993
9.432813	0.005823132
9.436146	0.005669081
9.439479	0.00557665
9.442813	0.005484219
9.446146	0.005453409
9.449479	0.005422599
9.452812	0.005391789
9.456146	0.005330168
9.459479	0.005268548
9.462812	0.005176117
9.466146	0.005114497
9.46948	0.005083686
9.472813	0.005052876
9.476146	0.005052876
9.479479	0.005083686
9.482813	0.005145307
9.486146	0.005237737
9.489479	0.005360978
9.492812	0.005484219
9.496146	0.00557665
9.499479	0.00560746
9.502812	0.00560746
9.506145	0.00557665
9.50948	0.005484219
9.512813	0.005360978
9.516146	0.005237737
9.519479	0.005114497
9.522813	0.004991256
9.526146	0.004929635
9.529479	0.004929635
9.532812	0.004991256
9.536146	0.005052876
9.539479	0.005176117
9.542812	0.005330168
9.546145	0.005453409
9.549479	0.00560746
9.552813	0.005699891
9.556146	0.005761511
9.559479	0.005761511
9.562813	0.005761511
9.566146	0.005699891
9.569479	0.00560746
9.572812	0.005484219
9.576146	0.005360978
9.579479	0.005206927
9.582812	0.005083686
9.586145	0.004960445
9.589479	0.004868015
9.592813	0.004806394
9.596146	0.004744774
9.599479	0.004713964
9.602813	0.004683153
9.606146	0.004652343
9.609479	0.004590723
9.612812	0.004529102
9.616146	0.004436672
9.619479	0.004313431
9.622812	0.00415938
9.626145	0.004005329
9.629479	0.003882088
9.632813	0.003758847
9.636146	0.003635606
9.63948	0.003573986
9.642813	0.003512365
9.646146	0.003512365
9.649479	0.003573986
9.652813	0.003635606
9.656146	0.003728037
9.659479	0.003851278
9.662812	0.003974518
9.666146	0.004097759
9.669479	0.004221
9.672812	0.004344241
9.676146	0.004467482
9.67948	0.004559913
9.682813	0.004652343
9.686146	0.004713964
9.689479	0.004775584
9.692813	0.004806394
9.696146	0.004806394
9.699479	0.004775584
9.702812	0.004744774
9.706146	0.004683153
9.709479	0.004652343
9.712812	0.004590723
9.716146	0.004529102
9.71948	0.004467482
9.722813	0.004375051
9.726146	0.004282621
9.729479	0.00415938
9.732813	0.004036139
9.736146	0.003943708
9.739479	0.003820467
9.742812	0.003728037
9.746146	0.003666416
9.749479	0.003604796
9.752812	0.003573986
9.756145	0.003543175
9.75948	0.003512365
9.762813	0.003481555
9.766146	0.003419934
9.769479	0.003358314
9.772813	0.003265883
9.776146	0.003173453
9.779479	0.003050212
9.782812	0.002926971
9.786146	0.00280373
9.789479	0.002711299
9.792812	0.002618869
9.796145	0.002526438
9.799479	0.002495628
9.802813	0.002434007
9.806146	0.002403197
9.809479	0.002403197
9.812813	0.002434007
9.816146	0.002495628
9.819479	0.002557248
9.822812	0.002618869
9.826146	0.002711299
9.829479	0.00280373
9.832812	0.002896161
9.836145	0.002957781
9.839479	0.003019402
9.842813	0.003050212
9.846146	0.003019402
9.849479	0.002988591
9.852813	0.002896161
9.856146	0.00280373
9.859479	0.002711299
9.862812	0.002588058
9.866146	0.002464818
9.869479	0.002310767
9.872812	0.002156715
9.876145	0.002033475
9.879479	0.001879423
9.882813	0.001725372
9.886146	0.001540511
9.88948	0.00135565
9.892813	0.001170788
9.896146	0.001016737
9.899479	0.0008626862
9.902813	0.0007394453
9.906146	0.0007086351
9.909479	0.0006778248
9.912812	0.0007394453
9.916146	0.0008010657
9.919479	0.0009243066
9.922812	0.001016737
9.926146	0.001109168
9.92948	0.001170788
9.932813	0.001170788
9.936146	0.001109168
9.939479	0.001016737
9.942813	0.0008626862
9.946146	0.0006470146
9.949479	0.0004621533
9.952812	0.000277292
9.956146	0.0001232409
9.959479	3.081022e-05
9.962812	0
9.966146	3.081022e-05
9.96948	0.0001232409
9.972813	0.0002464818
9.976146	0.0004313431
9.979479	0.0006470146
9.982813	0.0008626862
9.986146	0.001047547
9.989479	0.001232409
9.992812	0.001324839
9.996146	0.00138646
9.999479	0.00135565
}
[PEAK]
{
Peak ID	1
Peak Ref	1
Time	3.304871
Peak	2.916146	3.976146
Intensity	-7.146597e-05	-4.87566e-05
Height	0.0001376189
AreaAbs	38.1429
Area %BP	0.001566237
Area %Total	0.001499923
Width	1.06
}
[PEAK]
{
Peak ID	2
Peak Ref	2
Time	4.697452
Peak	3.979479	4.939479
Intensity	-4.863739e-05	0.0001100302
Height	0.006186821
AreaAbs	1672.593
Area %BP	0.06868059
Area %Total	0.06577267
Width	0.9600003
}
[PEAK]
{
Peak ID	3
Peak Ref	3
Time	5.270178
Peak	4.939479	6.222813
Intensity	-4.863739e-05	0.0001100302
Height	0.1933334
AreaAbs	40588.68
Area %BP	1.666667
Area %Total	1.5961
Width	1.283333
}
[PEAK]
{
Peak ID	4
Peak Ref	4
Time	6.222813
Peak	6.222813	6.799479
Intensity	-4.863739e-05	0.0001100302
Height	0.0003003095
AreaAbs	83.76099
Area %BP	0.003439424
Area %Total	0.003293799
Width	0.5766664
}
}
}
}
