[SAMPLE]
{
Sample	1
Well	1:C,1
FileName	
SampleID	ASD-E-2601294-007
SampleDescription	Aquired with Galaxy
Date	05-Mar-2026
Time	18:24:50 PRC
JobCode	
TaskCode	
UserName	Congcong_Liu2
LabName	Aquired with Galaxy
Instrument	MS_L_19_062
Conditions	
Submitter	Siyu_Zhang
SampleType	
Plate	
Method	
Process	Galaxy
MSTune	
MSMethod	
InletMethod	
PreRunMethod	
PostRunMethod	
SwitchMethod	
FractionMethod	
AcquisitionProcess	
AcquisitionProcessParameters	
AcquisitionProcessOptions	
InjectionVolume	25
ReportScheme	
SampleReportEnable	0
SampleReportFormat	
AnalysisTime	0
[COMPOUND]
{
;Mono Mass	Formula
}
[FUNCTION]
{
Function	1
IonMode	ES+
Type	MS
Description	(0:0)
[SPECTRUM]
{
ProcDesc	0.00:Combine
State	OK
Peak ID	0
Peak Ref	0
Time	0
TIC	0
BPI	0
BPM	0
Continuum	FALSE
Saved	FALSE
[MASSES]
{
;Mass	Exp. Mass	Obs. Mass	% BPI	Int. Abs
}
[RESULTS]
{
;Mass	Found	% BPI	% Purity
}
[MS]
{
;Mass	% BPI
0	0
}
}
[CHROMATOGRAM]
{
TraceNumber	1
Description	scroll down chrom view to see 2D LC chrom
ProcDesc	
MaxIntensity	0
[TRACE]
{
0	0
}
[PEAK]
{
Peak ID	0
Peak Ref	0
Time	0
Peak	0
Intensity	0	0
Height	0
AreaAbs	0
Area %BP	0
Area %Total	0
}
}
}
[FUNCTION]
{
Function	0
Description	ANALOG
[CHROMATOGRAM]
{
TraceNumber	2
Description	LC
ProcDesc	Result Id:2856, VWD: Signal A, 280 nm
MaxIntensity	0.1932613
[TRACE]
{
;Time	Int. %Max
0.003229167	0.01717871
0.0065625	0.01724039
0.009895833	0.01730207
0.01322917	0.01733291
0.0165625	0.01736376
0.01989583	0.01736376
0.02322917	0.01733291
0.0265625	0.01730207
0.02989583	0.01727123
0.03322917	0.01724039
0.0365625	0.01724039
0.03989583	0.01727123
0.04322917	0.01733291
0.0465625	0.01742544
0.04989583	0.01757965
0.05322917	0.01773385
0.0565625	0.01788806
0.05989583	0.01804227
0.06322917	0.01816563
0.0665625	0.01822732
0.06989583	0.01822732
0.07322916	0.01816563
0.0765625	0.01804227
0.07989583	0.01788806
0.08322917	0.01770301
0.0865625	0.01754881
0.08989584	0.0173946
0.09322917	0.01727123
0.0965625	0.01717871
0.09989583	0.01711702
0.1032292	0.01711702
0.1065625	0.01714787
0.1098958	0.01720955
0.1132292	0.01727123
0.1165625	0.01736376
0.1198958	0.01745628
0.1232292	0.01751796
0.1265625	0.01761049
0.1298958	0.01770301
0.1332292	0.01779554
0.1365625	0.01785722
0.1398958	0.0179189
0.1432292	0.01794974
0.1465625	0.01801143
0.1498958	0.01804227
0.1532292	0.01807311
0.1565625	0.01807311
0.1598958	0.01804227
0.1632292	0.01798059
0.1665625	0.0179189
0.1698958	0.01779554
0.1732292	0.01767217
0.1765625	0.01751796
0.1798958	0.01733291
0.1832292	0.01717871
0.1865625	0.0170245
0.1898958	0.01690113
0.1932292	0.01677777
0.1965625	0.01674693
0.1998958	0.01671609
0.2032292	0.01674693
0.2065625	0.01680861
0.2098958	0.01693198
0.2132292	0.01708618
0.2165625	0.01730207
0.2198958	0.01751796
0.2232292	0.0177647
0.2265625	0.01801143
0.2298958	0.01822732
0.2332292	0.01844321
0.2365625	0.01862826
0.2398958	0.01875162
0.2432292	0.01884415
0.2465625	0.01890583
0.2498958	0.01887499
0.2532292	0.01881331
0.2565625	0.01875162
0.2598958	0.01862826
0.2632292	0.01853573
0.2665625	0.01841237
0.2698958	0.018289
0.2732292	0.01819648
0.2765625	0.01810395
0.2798958	0.01801143
0.2832292	0.01794974
0.2865625	0.0179189
0.2898958	0.01785722
0.2932292	0.01785722
0.2965625	0.01782638
0.2998958	0.01785722
0.3032292	0.01788806
0.3065625	0.0179189
0.3098958	0.01798059
0.3132292	0.01801143
0.3165625	0.01804227
0.3198958	0.01801143
0.3232292	0.01801143
0.3265625	0.01794974
0.3298958	0.01785722
0.3332292	0.01773385
0.3365625	0.01761049
0.3398958	0.01745628
0.3432292	0.01733291
0.3465625	0.01724039
0.3498958	0.01714787
0.3532292	0.01708618
0.3565625	0.01705534
0.3598958	0.01699366
0.3632292	0.01693198
0.3665625	0.01683945
0.3698958	0.01674693
0.3732292	0.01662356
0.3765625	0.01646935
0.3798958	0.01634599
0.3832292	0.01622262
0.3865625	0.01616094
0.3898958	0.0161301
0.3932292	0.01616094
0.3965625	0.01625346
0.3998958	0.01640767
0.4032292	0.01659272
0.4065625	0.01683945
0.4098958	0.01708618
0.4132292	0.01736376
0.4165625	0.01761049
0.4198958	0.01782638
0.4232292	0.01798059
0.4265625	0.01807311
0.4298958	0.01810395
0.4332292	0.01807311
0.4365625	0.01794974
0.4398958	0.01773385
0.4432292	0.01751796
0.4465625	0.01727123
0.4498958	0.0170245
0.4532292	0.01683945
0.4565625	0.01671609
0.4598958	0.0166544
0.4632292	0.0166544
0.4665625	0.01668524
0.4698958	0.01674693
0.4732292	0.01683945
0.4765625	0.01690113
0.4798958	0.01696282
0.4832292	0.01699366
0.4865625	0.0170245
0.4898958	0.01705534
0.4932292	0.01708618
0.4965625	0.01714787
0.4998958	0.01727123
0.5032291	0.01742544
0.5065625	0.01761049
0.5098959	0.01782638
0.5132292	0.01804227
0.5165625	0.018289
0.5198959	0.01853573
0.5232292	0.01878246
0.5265625	0.01896751
0.5298958	0.01915256
0.5332292	0.01924509
0.5365625	0.01933761
0.5398958	0.01933761
0.5432292	0.01927593
0.5465625	0.01915256
0.5498958	0.01896751
0.5532292	0.01878246
0.5565625	0.01853573
0.5598958	0.01831984
0.5632291	0.01813479
0.5665625	0.01794974
0.5698958	0.01782638
0.5732292	0.01770301
0.5765625	0.01767217
0.5798959	0.01764133
0.5832292	0.01764133
0.5865625	0.01761049
0.5898958	0.01757965
0.5932292	0.01751796
0.5965625	0.01742544
0.5998958	0.01733291
0.6032292	0.01724039
0.6065625	0.01714787
0.6098958	0.01705534
0.6132292	0.01699366
0.6165625	0.01699366
0.6198958	0.01699366
0.6232291	0.01705534
0.6265625	0.01708618
0.6298958	0.01714787
0.6332292	0.01714787
0.6365625	0.01711702
0.6398959	0.01705534
0.6432292	0.01693198
0.6465625	0.01674693
0.6498958	0.01656188
0.6532292	0.01637683
0.6565625	0.01622262
0.6598958	0.0161301
0.6632292	0.01606841
0.6665625	0.0161301
0.6698958	0.01622262
0.6732292	0.01637683
0.6765625	0.01659272
0.6798958	0.01680861
0.6832291	0.0170245
0.6865625	0.01724039
0.6898958	0.01736376
0.6932291	0.01745628
0.6965625	0.01748712
0.6998959	0.01748712
0.7032292	0.01742544
0.7065625	0.01733291
0.7098958	0.01724039
0.7132292	0.01711702
0.7165625	0.01696282
0.7198958	0.01677777
0.7232292	0.01662356
0.7265625	0.01646935
0.7298958	0.01631515
0.7332292	0.01616094
0.7365625	0.01606841
0.7398958	0.01600673
0.7432292	0.01600673
0.7465625	0.01603757
0.7498958	0.0161301
0.7532291	0.01625346
0.7565625	0.01637683
0.7598959	0.0165002
0.7632292	0.01659272
0.7665625	0.01671609
0.7698959	0.01683945
0.7732292	0.01693198
0.7765625	0.0170245
0.7798958	0.01711702
0.7832292	0.01720955
0.7865625	0.01730207
0.7898958	0.01736376
0.7932292	0.0173946
0.7965625	0.01736376
0.7998958	0.01730207
0.8032292	0.01720955
0.8065625	0.01708618
0.8098958	0.01696282
0.8132291	0.01683945
0.8165625	0.01674693
0.8198958	0.01668524
0.8232292	0.0166544
0.8265625	0.0166544
0.8298959	0.01671609
0.8332292	0.01680861
0.8365625	0.01690113
0.8398958	0.01699366
0.8432292	0.01708618
0.8465625	0.01717871
0.8498958	0.01724039
0.8532292	0.01730207
0.8565625	0.01736376
0.8598958	0.01742544
0.8632292	0.01748712
0.8665625	0.01754881
0.8698958	0.01757965
0.8732291	0.01764133
0.8765625	0.01767217
0.8798958	0.0177647
0.8832292	0.01779554
0.8865625	0.01785722
0.8898959	0.01785722
0.8932292	0.01785722
0.8965625	0.01785722
0.8998958	0.01782638
0.9032292	0.01779554
0.9065625	0.01773385
0.9098958	0.01764133
0.9132292	0.01757965
0.9165625	0.01748712
0.9198958	0.01745628
0.9232292	0.0173946
0.9265625	0.01736376
0.9298958	0.01730207
0.9332291	0.01720955
0.9365625	0.01714787
0.9398958	0.01705534
0.9432291	0.01696282
0.9465625	0.01687029
0.9498959	0.01677777
0.9532292	0.01668524
0.9565625	0.01662356
0.9598958	0.01656188
0.9632292	0.01656188
0.9665625	0.01659272
0.9698958	0.0166544
0.9732292	0.01677777
0.9765625	0.01690113
0.9798958	0.0170245
0.9832292	0.01717871
0.9865625	0.01730207
0.9898958	0.01742544
0.9932292	0.01748712
0.9965625	0.01751796
0.9998958	0.01748712
1.003229	0.01742544
1.006562	0.01733291
1.009896	0.01724039
1.013229	0.01711702
1.016562	0.01699366
1.019896	0.01687029
1.023229	0.01674693
1.026562	0.01662356
1.029896	0.01653104
1.033229	0.01646935
1.036562	0.01640767
1.039896	0.01640767
1.043229	0.01640767
1.046563	0.01643851
1.049896	0.01653104
1.053229	0.0166544
1.056563	0.01683945
1.059896	0.0170245
1.063229	0.01724039
1.066563	0.01742544
1.069896	0.01757965
1.073229	0.01773385
1.076563	0.01782638
1.079896	0.01785722
1.083229	0.01785722
1.086563	0.0177647
1.089896	0.01764133
1.093229	0.01748712
1.096563	0.01733291
1.099896	0.01714787
1.103229	0.01696282
1.106562	0.01677777
1.109896	0.01659272
1.113229	0.01643851
1.116562	0.01631515
1.119896	0.01619178
1.123229	0.01609926
1.126562	0.01600673
1.129896	0.01594505
1.133229	0.01588337
1.136562	0.01582168
1.139896	0.01579084
1.143229	0.01579084
1.146562	0.01582168
1.149896	0.01585252
1.153229	0.01588337
1.156562	0.01591421
1.159896	0.01594505
1.163229	0.01597589
1.166563	0.01597589
1.169896	0.01597589
1.173229	0.01594505
1.176563	0.01591421
1.179896	0.01585252
1.183229	0.01582168
1.186563	0.01576
1.189896	0.01572916
1.193229	0.01572916
1.196563	0.01572916
1.199896	0.01572916
1.203229	0.01572916
1.206563	0.01572916
1.209896	0.01576
1.213229	0.01579084
1.216563	0.01585252
1.219896	0.01591421
1.223229	0.01594505
1.226563	0.01600673
1.229896	0.01606841
1.233229	0.0161301
1.236562	0.01619178
1.239896	0.0162843
1.243229	0.01634599
1.246562	0.01643851
1.249896	0.0165002
1.253229	0.01659272
1.256562	0.01668524
1.259896	0.01674693
1.263229	0.01680861
1.266562	0.01683945
1.269896	0.01687029
1.273229	0.01683945
1.276562	0.01680861
1.279896	0.01674693
1.283229	0.0166544
1.286562	0.01656188
1.289896	0.01646935
1.293229	0.01634599
1.296563	0.01625346
1.299896	0.0161301
1.303229	0.01600673
1.306563	0.01591421
1.309896	0.01582168
1.313229	0.01572916
1.316563	0.01566748
1.319896	0.01563663
1.323229	0.01563663
1.326563	0.01566748
1.329896	0.01576
1.333229	0.01591421
1.336563	0.01609926
1.339896	0.01631515
1.343229	0.0165002
1.346563	0.0166544
1.349896	0.01680861
1.353229	0.01687029
1.356562	0.01690113
1.359896	0.01683945
1.363229	0.01671609
1.366562	0.01659272
1.369896	0.01643851
1.373229	0.0162843
1.376562	0.01616094
1.379896	0.01606841
1.383229	0.01603757
1.386562	0.01603757
1.389896	0.01606841
1.393229	0.01616094
1.396562	0.01625346
1.399896	0.01637683
1.403229	0.0165002
1.406562	0.01662356
1.409896	0.01671609
1.413229	0.01677777
1.416563	0.01680861
1.419896	0.01680861
1.423229	0.01680861
1.426563	0.01674693
1.429896	0.0166544
1.433229	0.01656188
1.436563	0.01646935
1.439896	0.01634599
1.443229	0.01622262
1.446563	0.0161301
1.449896	0.01603757
1.453229	0.01600673
1.456563	0.01597589
1.459896	0.01597589
1.463229	0.01603757
1.466563	0.0161301
1.469896	0.01622262
1.473229	0.01631515
1.476563	0.01637683
1.479896	0.01643851
1.483229	0.01643851
1.486562	0.01643851
1.489896	0.01637683
1.493229	0.01631515
1.496562	0.01622262
1.499896	0.01616094
1.503229	0.01606841
1.506562	0.01597589
1.509896	0.01591421
1.513229	0.01588337
1.516562	0.01585252
1.519896	0.01585252
1.523229	0.01585252
1.526562	0.01585252
1.529896	0.01585252
1.533229	0.01585252
1.536562	0.01582168
1.539896	0.01579084
1.543229	0.01569832
1.546563	0.01560579
1.549896	0.01548243
1.553229	0.01535906
1.556563	0.01523569
1.559896	0.01514317
1.563229	0.01508149
1.566563	0.01511233
1.569896	0.01517401
1.573229	0.01526654
1.576563	0.01542074
1.579896	0.01563663
1.583229	0.01582168
1.586563	0.01600673
1.589896	0.01616094
1.593229	0.0162843
1.596563	0.01637683
1.599896	0.01640767
1.603229	0.01640767
1.606562	0.01634599
1.609896	0.01622262
1.613229	0.01606841
1.616562	0.01585252
1.619896	0.01560579
1.623229	0.01532822
1.626562	0.0150198
1.629896	0.01474223
1.633229	0.0144955
1.636562	0.01431045
1.639896	0.01415624
1.643229	0.01409456
1.646562	0.01409456
1.649896	0.0141254
1.653229	0.01421792
1.656562	0.01437213
1.659896	0.01452634
1.663229	0.01468055
1.666563	0.0148656
1.669896	0.0150198
1.673229	0.01517401
1.676563	0.01529738
1.679896	0.0153899
1.683229	0.01545158
1.686563	0.01548243
1.689896	0.01548243
1.693229	0.01545158
1.696563	0.01535906
1.699896	0.01523569
1.703229	0.01511233
1.706563	0.01498896
1.709896	0.01483475
1.713229	0.01471139
1.716563	0.01461886
1.719896	0.01452634
1.723229	0.01446466
1.726563	0.01440297
1.729896	0.01437213
1.733229	0.01434129
1.736562	0.01434129
1.739896	0.01434129
1.743229	0.01431045
1.746562	0.01431045
1.749896	0.01427961
1.753229	0.01427961
1.756562	0.01424877
1.759896	0.01421792
1.763229	0.01415624
1.766562	0.0141254
1.769896	0.01406372
1.773229	0.01403288
1.776562	0.01397119
1.779896	0.01387867
1.783229	0.01381699
1.786562	0.0137553
1.789896	0.01372446
1.793229	0.0137553
1.796563	0.01378614
1.799896	0.01390951
1.803229	0.01403288
1.806563	0.01424877
1.809896	0.01443381
1.813229	0.01464971
1.816563	0.01480391
1.819896	0.01492728
1.823229	0.0150198
1.826563	0.0150198
1.829896	0.01498896
1.833229	0.01492728
1.836563	0.01483475
1.839896	0.01477307
1.843229	0.01474223
1.846563	0.01474223
1.849896	0.01477307
1.853229	0.0148656
1.856562	0.01492728
1.859896	0.0150198
1.863229	0.01511233
1.866562	0.01517401
1.869896	0.01520485
1.873229	0.01523569
1.876562	0.01526654
1.879896	0.01526654
1.883229	0.01526654
1.886562	0.01529738
1.889896	0.01529738
1.893229	0.01532822
1.896562	0.01532822
1.899896	0.01532822
1.903229	0.01532822
1.906562	0.01529738
1.909896	0.01526654
1.913229	0.01520485
1.916563	0.01514317
1.919896	0.01508149
1.923229	0.0150198
1.926563	0.01495812
1.929896	0.01489644
1.933229	0.0148656
1.936563	0.01483475
1.939896	0.01483475
1.943229	0.01483475
1.946563	0.0148656
1.949896	0.01492728
1.953229	0.01498896
1.956563	0.01505065
1.959896	0.01514317
1.963229	0.01523569
1.966563	0.01529738
1.969896	0.01535906
1.973229	0.01535906
1.976563	0.0153899
1.979896	0.01535906
1.983229	0.01529738
1.986562	0.01523569
1.989896	0.01514317
1.993229	0.01508149
1.996562	0.01505065
1.999896	0.01505065
2.003229	0.01508149
2.006562	0.01517401
2.009896	0.01526654
2.013229	0.0153899
2.016562	0.01551327
2.019896	0.01560579
2.023229	0.01566748
2.026562	0.01569832
2.029896	0.01563663
2.033229	0.01554411
2.036562	0.01542074
2.039896	0.01526654
2.043229	0.01514317
2.046562	0.01498896
2.049896	0.01489644
2.053229	0.01483475
2.056562	0.01480391
2.059896	0.01480391
2.063229	0.01483475
2.066562	0.0148656
2.069896	0.01492728
2.073229	0.0150198
2.076562	0.01508149
2.079896	0.01514317
2.083229	0.01517401
2.086562	0.01520485
2.089896	0.01520485
2.093229	0.01520485
2.096562	0.01517401
2.099896	0.01514317
2.103229	0.01508149
2.106563	0.01505065
2.109896	0.0150198
2.113229	0.0150198
2.116563	0.01505065
2.119896	0.01508149
2.123229	0.01517401
2.126563	0.01523569
2.129896	0.01532822
2.133229	0.01535906
2.136563	0.0153899
2.139896	0.0153899
2.143229	0.01535906
2.146563	0.01529738
2.149896	0.01520485
2.153229	0.01508149
2.156563	0.0150198
2.159896	0.01498896
2.163229	0.01498896
2.166563	0.0150198
2.169896	0.01508149
2.173229	0.01514317
2.176563	0.01523569
2.179896	0.01532822
2.183229	0.0153899
2.186563	0.0153899
2.189896	0.01529738
2.193229	0.01517401
2.196563	0.01498896
2.199896	0.01477307
2.203229	0.01452634
2.206563	0.01427961
2.209896	0.01400203
2.213229	0.01378614
2.216563	0.01360109
2.219896	0.01347773
2.223229	0.01341605
2.226563	0.01341605
2.229896	0.01344689
2.233229	0.01350857
2.236562	0.01357025
2.239896	0.01366278
2.243229	0.01372446
2.246562	0.0137553
2.249896	0.01378614
2.253229	0.01378614
2.256562	0.01378614
2.259896	0.01378614
2.263229	0.01378614
2.266562	0.01381699
2.269896	0.01387867
2.273229	0.01397119
2.276562	0.01409456
2.279896	0.01424877
2.283229	0.01440297
2.286562	0.01452634
2.289896	0.01461886
2.293229	0.01468055
2.296562	0.01468055
2.299896	0.01458802
2.303229	0.01446466
2.306562	0.01427961
2.309896	0.01406372
2.313229	0.01387867
2.316562	0.01369362
2.319896	0.01353941
2.323229	0.01341605
2.326562	0.01335436
2.329896	0.01332352
2.333229	0.01332352
2.336562	0.01332352
2.339896	0.01329268
2.343229	0.01326184
2.346562	0.01316931
2.349896	0.01307679
2.353229	0.01295342
2.356563	0.0128609
2.359896	0.01276837
2.363229	0.01270669
2.366563	0.01264501
2.369896	0.01264501
2.373229	0.01267585
2.376563	0.01273753
2.379896	0.01283006
2.383229	0.01292258
2.386563	0.01301511
2.389896	0.01307679
2.393229	0.01313847
2.396563	0.01316931
2.399896	0.01320016
2.403229	0.01316931
2.406563	0.01313847
2.409896	0.01310763
2.413229	0.01304595
2.416563	0.01295342
2.419896	0.0128609
2.423229	0.01276837
2.426563	0.01267585
2.429896	0.01258333
2.433229	0.01245996
2.436563	0.01236744
2.439896	0.01224407
2.443229	0.01215155
2.446563	0.01205902
2.449896	0.0119665
2.453229	0.01187397
2.456563	0.01181229
2.459896	0.01175061
2.463229	0.01171976
2.466563	0.01171976
2.469896	0.01175061
2.473229	0.01178145
2.476563	0.01184313
2.479896	0.01190481
2.483229	0.0119665
2.486562	0.01202818
2.489896	0.01205902
2.493229	0.01205902
2.496562	0.01199734
2.499896	0.01193565
2.503229	0.01181229
2.506562	0.01165808
2.509896	0.01153472
2.513229	0.01138051
2.516562	0.01128798
2.519896	0.0112263
2.523229	0.0112263
2.526562	0.01128798
2.529896	0.01141135
2.533229	0.01156556
2.536562	0.01178145
2.539896	0.01199734
2.543229	0.01221323
2.546562	0.01242912
2.549896	0.01258333
2.553229	0.01273753
2.556562	0.01283006
2.559896	0.01289174
2.563229	0.01295342
2.566562	0.01298427
2.569896	0.01298427
2.573229	0.01295342
2.576562	0.01292258
2.579896	0.01292258
2.583229	0.01289174
2.586562	0.01289174
2.589896	0.01292258
2.593229	0.01292258
2.596562	0.01295342
2.599896	0.01301511
2.603229	0.01304595
2.606563	0.01310763
2.609896	0.01313847
2.613229	0.01313847
2.616563	0.01313847
2.619896	0.01310763
2.623229	0.01304595
2.626563	0.01298427
2.629896	0.01289174
2.633229	0.01279922
2.636563	0.01267585
2.639896	0.01255248
2.643229	0.01242912
2.646563	0.01230575
2.649896	0.01218239
2.653229	0.01205902
2.656563	0.01199734
2.659896	0.01193565
2.663229	0.01193565
2.666563	0.0119665
2.669896	0.01202818
2.673229	0.01205902
2.676563	0.0121207
2.679896	0.01215155
2.683229	0.01218239
2.686563	0.01218239
2.689896	0.0121207
2.693229	0.01205902
2.696563	0.01199734
2.699896	0.01190481
2.703229	0.01184313
2.706563	0.01178145
2.709896	0.01175061
2.713229	0.01171976
2.716563	0.01171976
2.719896	0.01171976
2.723229	0.01175061
2.726563	0.01178145
2.729896	0.01181229
2.733229	0.01181229
2.736562	0.01184313
2.739896	0.01181229
2.743229	0.01178145
2.746562	0.01171976
2.749896	0.01162724
2.753229	0.01153472
2.756562	0.01144219
2.759896	0.01138051
2.763229	0.01131883
2.766562	0.01128798
2.769896	0.01131883
2.773229	0.01141135
2.776562	0.01150387
2.779896	0.01165808
2.783229	0.01178145
2.786562	0.01187397
2.789896	0.0119665
2.793229	0.01199734
2.796562	0.01199734
2.799896	0.0119665
2.803229	0.01193565
2.806562	0.01187397
2.809896	0.01187397
2.813229	0.01187397
2.816562	0.01193565
2.819896	0.01205902
2.823229	0.01221323
2.826562	0.01239828
2.829896	0.01258333
2.833229	0.01276837
2.836562	0.01292258
2.839896	0.01301511
2.843229	0.01307679
2.846562	0.01307679
2.849896	0.01301511
2.853229	0.01292258
2.856563	0.01279922
2.859896	0.01270669
2.863229	0.01261417
2.866563	0.01258333
2.869896	0.01258333
2.873229	0.01267585
2.876563	0.01276837
2.879896	0.01292258
2.883229	0.01310763
2.886563	0.01332352
2.889896	0.01353941
2.893229	0.0137553
2.896563	0.01394035
2.899896	0.01406372
2.903229	0.01415624
2.906563	0.01421792
2.909896	0.01427961
2.913229	0.01431045
2.916563	0.01434129
2.919896	0.01434129
2.923229	0.01434129
2.926563	0.01431045
2.929896	0.01427961
2.933229	0.01424877
2.936563	0.01421792
2.939896	0.0141254
2.943229	0.01403288
2.946563	0.01394035
2.949896	0.01384783
2.953229	0.0137553
2.956563	0.01369362
2.959896	0.01369362
2.963229	0.01369362
2.966563	0.01369362
2.969896	0.01372446
2.973229	0.0137553
2.976563	0.0137553
2.979896	0.01378614
2.983229	0.01378614
2.986562	0.01378614
2.989896	0.0137553
2.993229	0.01372446
2.996562	0.01372446
2.999896	0.01369362
3.003229	0.01372446
3.006562	0.0137553
3.009896	0.01378614
3.013229	0.01384783
3.016562	0.01390951
3.019896	0.01397119
3.023229	0.01400203
3.026562	0.01400203
3.029896	0.01400203
3.033229	0.01397119
3.036562	0.01394035
3.039896	0.01390951
3.043229	0.01387867
3.046562	0.01390951
3.049896	0.01397119
3.053229	0.01409456
3.056562	0.01421792
3.059896	0.01440297
3.063229	0.01452634
3.066562	0.01464971
3.069896	0.01468055
3.073229	0.01468055
3.076562	0.01458802
3.079896	0.01446466
3.083229	0.01427961
3.086562	0.01406372
3.089896	0.01387867
3.093229	0.01372446
3.096562	0.01357025
3.099896	0.01347773
3.103229	0.01341605
3.106563	0.0133852
3.109896	0.0133852
3.113229	0.0133852
3.116563	0.01344689
3.119896	0.01350857
3.123229	0.01360109
3.126563	0.01372446
3.129896	0.01387867
3.133229	0.01406372
3.136563	0.01424877
3.139896	0.01440297
3.143229	0.01455718
3.146563	0.01471139
3.149896	0.01480391
3.153229	0.01489644
3.156563	0.01498896
3.159896	0.01505065
3.163229	0.01514317
3.166563	0.01526654
3.169896	0.0153899
3.173229	0.01554411
3.176563	0.01572916
3.179896	0.01588337
3.183229	0.01603757
3.186563	0.0161301
3.189896	0.0161301
3.193229	0.01606841
3.196563	0.01594505
3.199896	0.01572916
3.203229	0.01545158
3.206563	0.01517401
3.209896	0.0148656
3.213229	0.01461886
3.216563	0.01443381
3.219896	0.01434129
3.223229	0.01434129
3.226563	0.01446466
3.229896	0.01464971
3.233229	0.01495812
3.236562	0.01529738
3.239896	0.01566748
3.243229	0.01606841
3.246562	0.01646935
3.249896	0.01683945
3.253229	0.01724039
3.256562	0.01764133
3.259896	0.01807311
3.263229	0.01856657
3.266562	0.01912172
3.269896	0.01976939
3.273229	0.02054043
3.276562	0.02140399
3.279896	0.02242176
3.283229	0.02350121
3.286562	0.02473487
3.289896	0.02606105
3.293229	0.02747976
3.296562	0.028991
3.299896	0.03056391
3.303229	0.03219851
3.306562	0.03386395
3.309896	0.03562192
3.313229	0.03741072
3.316562	0.03926121
3.319896	0.04117338
3.323229	0.04314724
3.326562	0.04518278
3.329896	0.04728
3.333229	0.0494389
3.336562	0.05165949
3.339896	0.05394176
3.343229	0.05628571
3.346562	0.05869134
3.349896	0.06109698
3.353229	0.0635643
3.356563	0.0660933
3.359896	0.06865315
3.363229	0.07130551
3.366563	0.07405041
3.369896	0.07682614
3.373229	0.0796944
3.376563	0.0825935
3.379896	0.08555428
3.383229	0.08857674
3.386563	0.09159921
3.389896	0.09465251
3.393229	0.09773666
3.396563	0.10079
3.399896	0.1039358
3.403229	0.1071125
3.406563	0.1103817
3.409896	0.1137434
3.413229	0.1172285
3.416563	0.1208061
3.419896	0.1245071
3.423229	0.1282697
3.426563	0.1321249
3.429896	0.1360418
3.433229	0.1400203
3.436563	0.1439989
3.439896	0.1480391
3.443229	0.1521102
3.446563	0.156243
3.449896	0.1604682
3.453229	0.1648169
3.456563	0.1692889
3.459896	0.173946
3.463229	0.1787264
3.466563	0.1836919
3.469896	0.1888424
3.473229	0.1941163
3.476563	0.1995444
3.479896	0.2050959
3.483229	0.2107707
3.486562	0.2165689
3.489896	0.2224288
3.493229	0.228412
3.496562	0.234457
3.499896	0.2406253
3.503229	0.2468552
3.506562	0.2531777
3.509896	0.2595619
3.513229	0.265977
3.516562	0.2724845
3.519896	0.2790229
3.523229	0.285623
3.526562	0.2923156
3.529896	0.2991007
3.533229	0.3060092
3.536562	0.3130411
3.539896	0.320258
3.543229	0.3275982
3.546562	0.3351236
3.549896	0.3428031
3.553229	0.3506677
3.556562	0.3586865
3.559896	0.3668595
3.563229	0.3752175
3.566562	0.3837606
3.569896	0.3925196
3.573229	0.4015253
3.576562	0.4107469
3.579896	0.4202461
3.583229	0.4300537
3.586562	0.4401697
3.589896	0.4505633
3.593229	0.4612961
3.596562	0.4723373
3.599896	0.483687
3.603229	0.4953451
3.606563	0.5073116
3.609896	0.5196173
3.613229	0.5322006
3.616563	0.5450615
3.619896	0.5582308
3.623229	0.571616
3.626563	0.5851863
3.629896	0.5989416
3.633229	0.6127894
3.636563	0.6267298
3.639896	0.6406701
3.643229	0.6545796
3.646563	0.6684584
3.649896	0.6822445
3.653229	0.6959381
3.656563	0.7095084
3.659896	0.7229244
3.663229	0.7361863
3.666563	0.7492014
3.669896	0.7619697
3.673229	0.7744297
3.676563	0.7865196
3.679896	0.7981776
3.683229	0.8094348
3.686563	0.8201985
3.689896	0.8305304
3.693229	0.8403688
3.696563	0.8497446
3.699896	0.8586578
3.703229	0.8671392
3.706563	0.8751888
3.709896	0.8828067
3.713229	0.8900236
3.716563	0.8968704
3.719896	0.9033779
3.723229	0.9096696
3.726563	0.9157454
3.729896	0.9217595
3.733229	0.9278044
3.736562	0.9339418
3.739896	0.9403569
3.743229	0.947142
3.746562	0.9543897
3.749896	0.9622852
3.753229	0.9708591
3.756562	0.9802658
3.759896	0.9906285
3.763229	1.002071
3.766562	1.014716
3.769896	1.028656
3.773229	1.044046
3.776562	1.061009
3.779896	1.079668
3.783229	1.100177
3.786562	1.122661
3.789896	1.147241
3.793229	1.174012
3.796562	1.203034
3.799896	1.234461
3.803229	1.268325
3.806562	1.304657
3.809896	1.343517
3.813229	1.384875
3.816562	1.428763
3.819896	1.475087
3.823229	1.523785
3.826562	1.574766
3.829896	1.627875
3.833229	1.682958
3.836562	1.739799
3.839896	1.798213
3.843229	1.857953
3.846562	1.918741
3.849896	1.980363
3.853229	2.042539
3.856563	2.104931
3.859896	2.167293
3.863229	2.229253
3.866563	2.290566
3.869896	2.35083
3.873229	2.409707
3.876563	2.466918
3.879896	2.522062
3.883229	2.574801
3.886563	2.624857
3.889896	2.671921
3.893229	2.715654
3.896563	2.755872
3.899896	2.792296
3.903229	2.824772
3.906563	2.853084
3.909896	2.87714
3.913229	2.896787
3.916563	2.911991
3.919896	2.922632
3.923229	2.928769
3.926563	2.930342
3.929896	2.927443
3.933229	2.920134
3.936563	2.908445
3.939896	2.892561
3.943229	2.872576
3.946563	2.848674
3.949896	2.821071
3.953229	2.789921
3.956563	2.755471
3.959896	2.717906
3.963229	2.677504
3.966563	2.634449
3.969896	2.589081
3.973229	2.541616
3.976563	2.4923
3.979896	2.441473
3.983229	2.389382
3.986562	2.336273
3.989896	2.282455
3.993229	2.228174
3.996562	2.173708
3.999896	2.119272
4.003229	2.065115
4.006563	2.011389
4.009896	1.958373
4.013229	1.90622
4.016562	1.855115
4.019896	1.805245
4.023229	1.756824
4.026563	1.710006
4.029896	1.664947
4.033229	1.621861
4.036562	1.580842
4.039896	1.542136
4.043229	1.505836
4.046563	1.472095
4.049896	1.441038
4.053229	1.412848
4.056562	1.387651
4.059896	1.36563
4.063229	1.346971
4.066563	1.331859
4.069896	1.320571
4.073229	1.313385
4.076562	1.310578
4.079896	1.31249
4.083229	1.319491
4.086563	1.331951
4.089896	1.350333
4.093229	1.375068
4.096562	1.406618
4.099896	1.445479
4.103229	1.492204
4.106563	1.547348
4.109896	1.611529
4.113229	1.685425
4.116562	1.769715
4.119896	1.865046
4.123229	1.97219
4.126563	2.091854
4.129896	2.22475
4.133229	2.371556
4.136562	2.532949
4.139896	2.709548
4.143229	2.901937
4.146563	3.110641
4.149896	3.336123
4.153229	3.578846
4.156562	3.839148
4.159896	4.117245
4.163229	4.413262
4.166563	4.727197
4.169896	5.058805
4.173229	5.407746
4.176562	5.773464
4.179896	6.155251
4.183229	6.552181
4.186563	6.963113
4.189896	7.386844
4.193229	7.821925
4.196562	8.266813
4.199896	8.719812
4.203229	9.179042
4.206563	9.642466
4.209896	10.1079
4.213229	10.57305
4.216562	11.03545
4.219896	11.49252
4.223229	11.94173
4.226563	12.38039
4.229896	12.80588
4.233229	13.21567
4.236563	13.60729
4.239896	13.97844
4.243229	14.32686
4.246562	14.65054
4.249896	14.94754
4.253229	15.2162
4.256563	15.45495
4.259896	15.66245
4.263229	15.83763
4.266562	15.97953
4.269896	16.0875
4.273229	16.16122
4.276563	16.20044
4.279896	16.20535
4.283229	16.17636
4.286562	16.11415
4.289896	16.01956
4.293229	15.89379
4.296563	15.73813
4.299896	15.5541
4.303229	15.34333
4.306562	15.10758
4.309896	14.84866
4.313229	14.56847
4.316563	14.26897
4.319896	13.9521
4.323229	13.61997
4.326562	13.27461
4.329896	12.91802
4.333229	12.55227
4.336563	12.1794
4.339896	11.80128
4.343229	11.41986
4.346562	11.03687
4.349896	10.65391
4.353229	10.2725
4.356563	9.894009
4.359896	9.519686
4.363229	9.150668
4.366562	8.788003
4.369896	8.432586
4.373229	8.08528
4.376563	7.746795
4.379896	7.417778
4.383229	7.098785
4.386562	6.790246
4.389896	6.49241
4.393229	6.205554
4.396563	5.929707
4.399896	5.664902
4.403229	5.411077
4.406562	5.168139
4.409896	4.935871
4.413229	4.71409
4.416563	4.502548
4.419896	4.300968
4.423229	4.109103
4.426562	3.926614
4.429896	3.753193
4.433229	3.588468
4.436563	3.432102
4.439896	3.283755
4.443229	3.143056
4.446562	3.009636
4.449896	2.883124
4.453229	2.763243
4.456563	2.649592
4.459896	2.541924
4.463229	2.439901
4.466562	2.343274
4.469896	2.251706
4.473229	2.164949
4.476563	2.082756
4.479896	2.00482
4.483229	1.930924
4.486563	1.860852
4.489896	1.794327
4.493229	1.731163
4.496562	1.671208
4.499896	1.614243
4.503229	1.560086
4.506563	1.508611
4.509896	1.459635
4.513229	1.413034
4.516562	1.368683
4.519896	1.326492
4.523229	1.286306
4.526563	1.248062
4.529896	1.211638
4.533229	1.177004
4.536562	1.144034
4.539896	1.11273
4.543229	1.082968
4.546563	1.054686
4.549896	1.027823
4.553229	1.002348
4.556562	0.9781994
4.559896	0.9553458
4.563229	0.933726
4.566563	0.9133706
4.569896	0.8941872
4.573229	0.8762374
4.576562	0.8594905
4.579896	0.8439156
4.583229	0.8295434
4.586563	0.8163741
4.589896	0.8044076
4.593229	0.7936439
4.596562	0.7840831
4.599896	0.7757559
4.603229	0.7686932
4.606563	0.762895
4.609896	0.7584847
4.613229	0.7554622
4.616562	0.7538584
4.619896	0.7537967
4.623229	0.7553388
4.626563	0.7585155
4.629896	0.7634501
4.633229	0.7702044
4.636562	0.7789017
4.639896	0.7896654
4.643229	0.8025571
4.646563	0.817762
4.649896	0.8353725
4.653229	0.8555736
4.656562	0.878458
4.659896	0.9042723
4.663229	0.9331091
4.666563	0.9651534
4.669896	1.000559
4.673229	1.039512
4.676562	1.082135
4.679896	1.128613
4.683229	1.179101
4.686563	1.233783
4.689896	1.292813
4.693229	1.356409
4.696562	1.424784
4.699896	1.498094
4.703229	1.576648
4.706563	1.660629
4.709896	1.750285
4.713229	1.845925
4.716562	1.947794
4.719896	2.056202
4.723229	2.171487
4.726563	2.294051
4.729896	2.424264
4.733229	2.562588
4.736563	2.70961
4.739896	2.865883
4.743229	3.03215
4.746562	3.209149
4.749896	3.397837
4.753229	3.59914
4.756563	3.814259
4.759896	4.044398
4.763229	4.291006
4.766562	4.555657
4.769896	4.840077
4.773229	5.146241
4.776563	5.476338
4.779896	5.832742
4.783229	6.218106
4.786562	6.63533
4.789896	7.087497
4.793229	7.577938
4.796563	8.110169
4.799896	8.687892
4.803229	9.315022
4.806562	9.995632
4.809896	10.73385
4.813229	11.53413
4.816563	12.40087
4.819896	13.33876
4.823229	14.35246
4.826562	15.44659
4.829896	16.62569
4.833229	17.89404
4.836563	19.25563
4.839896	20.7141
4.843229	22.27246
4.846562	23.93321
4.849896	25.6982
4.853229	27.56856
4.856563	29.54472
4.859896	31.62646
4.863229	33.8125
4.866562	36.10076
4.869896	38.48789
4.873229	40.9694
4.876563	43.53945
4.879896	46.19086
4.883229	48.91503
4.886562	51.70189
4.889896	54.54021
4.893229	57.41744
4.896563	60.32018
4.899896	63.2342
4.903229	66.14456
4.906562	69.03564
4.909896	71.89134
4.913229	74.69517
4.916563	77.43026
4.919896	80.07966
4.923229	82.62638
4.926562	85.05351
4.929896	87.3446
4.933229	89.48389
4.936563	91.45654
4.939896	93.24905
4.943229	94.84919
4.946562	96.2465
4.949896	97.43205
4.953229	98.39877
4.956563	99.14143
4.959896	99.65664
4.963229	99.94279
4.966562	100
4.969896	99.83009
4.973229	99.43646
4.976563	98.82411
4.979896	97.99941
4.983229	96.97035
4.986563	95.7461
4.989896	94.33726
4.993229	92.75549
4.996562	91.01344
4.999896	89.12474
5.003229	87.10354
5.006563	84.96456
5.009896	82.72263
5.013229	80.39252
5.016562	77.98877
5.019896	75.52549
5.023229	73.01635
5.026563	70.47448
5.029896	67.91245
5.033229	65.34228
5.036562	62.77534
5.039896	60.22238
5.043229	57.6935
5.046563	55.19815
5.049896	52.7448
5.053229	50.34111
5.056562	47.99361
5.059896	45.70785
5.063229	43.4885
5.066563	41.33928
5.069896	39.26315
5.073229	37.26231
5.076562	35.33839
5.079896	33.49246
5.083229	31.72519
5.086563	30.03668
5.089896	28.42678
5.093229	26.89473
5.096562	25.43935
5.099896	24.05907
5.103229	22.75195
5.106563	21.51573
5.109896	20.34792
5.113229	19.24586
5.116562	18.20687
5.119896	17.22818
5.123229	16.30703
5.126563	15.44073
5.129896	14.62654
5.133229	13.86189
5.136562	13.14405
5.139896	12.47048
5.143229	11.83854
5.146563	11.24573
5.149896	10.68963
5.153229	10.16779
5.156562	9.677996
5.159896	9.218118
5.163229	8.786152
5.166563	8.380279
5.169896	7.998739
5.173229	7.639929
5.176562	7.302277
5.179896	6.984394
5.183229	6.684923
5.186563	6.4026
5.189896	6.136222
5.193229	5.884679
5.196562	5.646953
5.199896	5.422118
5.203229	5.209281
5.206563	5.00767
5.209896	4.816576
5.213229	4.63529
5.216562	4.463194
5.219896	4.299765
5.223229	4.144448
5.226563	3.996779
5.229896	3.856296
5.233229	3.722598
5.236563	3.595346
5.239896	3.47417
5.243229	3.358792
5.246562	3.248935
5.249896	3.144289
5.253229	3.04461
5.256563	2.949618
5.259896	2.859098
5.263229	2.772742
5.266562	2.690426
5.269896	2.611873
5.273229	2.536959
5.276563	2.465499
5.279896	2.39737
5.283229	2.332449
5.286562	2.270612
5.289896	2.211704
5.293229	2.155665
5.296563	2.10231
5.299896	2.051514
5.303229	2.003154
5.306562	1.957108
5.309896	1.91319
5.313229	1.871276
5.316563	1.831275
5.319896	1.793062
5.323229	1.756484
5.326562	1.72151
5.329896	1.688016
5.333229	1.655879
5.336563	1.625038
5.339896	1.595399
5.343229	1.56684
5.346562	1.539268
5.349896	1.51259
5.353229	1.486745
5.356563	1.46164
5.359896	1.437182
5.363229	1.413373
5.366562	1.390149
5.369896	1.367419
5.373229	1.345182
5.376563	1.323408
5.379896	1.302035
5.383229	1.281032
5.386562	1.260337
5.389896	1.23992
5.393229	1.219781
5.396563	1.199857
5.399896	1.180149
5.403229	1.160627
5.406562	1.141289
5.409896	1.122137
5.413229	1.103169
5.416563	1.084325
5.419896	1.065697
5.423229	1.047192
5.426562	1.028841
5.429896	1.010645
5.433229	0.9925715
5.436563	0.9746834
5.439896	0.9569804
5.443229	0.9394625
5.446562	0.9221604
5.449896	0.9051051
5.453229	0.8882965
5.456563	0.8717654
5.459896	0.8554811
5.463229	0.8395052
5.466562	0.8238069
5.469896	0.8083862
5.473229	0.793243
5.476563	0.7783774
5.479896	0.7637585
5.483229	0.7494173
5.486563	0.7353535
5.489896	0.7215366
5.493229	0.7080588
5.496562	0.6948587
5.499896	0.6819978
5.503229	0.6694761
5.506563	0.6572628
5.509896	0.6453889
5.513229	0.6338233
5.516562	0.6225662
5.519896	0.6116174
5.523229	0.6009463
5.526563	0.5905527
5.529896	0.5804367
5.533229	0.5705366
5.536562	0.5608832
5.539896	0.5514766
5.543229	0.5422858
5.546563	0.5333109
5.549896	0.524552
5.553229	0.515978
5.556562	0.5075892
5.559896	0.4993853
5.563229	0.4913665
5.566563	0.483502
5.569896	0.4758224
5.573229	0.4683279
5.576562	0.4609877
5.579896	0.4538325
5.583229	0.4468314
5.586563	0.4399846
5.589896	0.433292
5.593229	0.4267228
5.596562	0.4203078
5.599896	0.4140161
5.603229	0.407817
5.606563	0.401772
5.609896	0.3957888
5.613229	0.3899597
5.616562	0.3842232
5.619896	0.3785792
5.623229	0.3730895
5.626563	0.3676613
5.629896	0.3623875
5.633229	0.3572061
5.636562	0.3521172
5.639896	0.3471518
5.643229	0.3423097
5.646563	0.3374983
5.649896	0.3327796
5.653229	0.3280917
5.656562	0.3234346
5.659896	0.3188084
5.663229	0.314213
5.666563	0.3096176
5.669896	0.3050223
5.673229	0.3004577
5.676562	0.2959549
5.679896	0.2914829
5.683229	0.2871034
5.686563	0.2828164
5.689896	0.278622
5.693229	0.2745201
5.696562	0.2705415
5.699896	0.2666863
5.703229	0.2628928
5.706563	0.2591918
5.709896	0.2555834
5.713229	0.2520366
5.716562	0.2485515
5.719896	0.245159
5.723229	0.2417972
5.726563	0.238528
5.729896	0.2353205
5.733229	0.2322055
5.736563	0.2291522
5.739896	0.2261606
5.743229	0.2232615
5.746562	0.2203933
5.749896	0.2175867
5.753229	0.2147801
5.756563	0.2120352
5.759896	0.2092903
5.763229	0.2065763
5.766562	0.2038622
5.769896	0.201179
5.773229	0.1984958
5.776563	0.1958434
5.779896	0.1932527
5.783229	0.1907237
5.786562	0.1882564
5.789896	0.1859125
5.793229	0.1836302
5.796563	0.1814404
5.799896	0.1793432
5.803229	0.1773694
5.806562	0.175488
5.809896	0.1736684
5.813229	0.1719413
5.816563	0.1702758
5.819896	0.1686412
5.823229	0.1670683
5.826562	0.1655571
5.829896	0.1640458
5.833229	0.1625346
5.836563	0.1610851
5.839896	0.1596047
5.843229	0.1581551
5.846562	0.1567056
5.849896	0.1552869
5.853229	0.153899
5.856563	0.152542
5.859896	0.151185
5.863229	0.1498896
5.866562	0.148656
5.869896	0.1474223
5.873229	0.1462195
5.876563	0.1450475
5.879896	0.1438755
5.883229	0.1427344
5.886562	0.1415624
5.889896	0.1404213
5.893229	0.1392493
5.896563	0.1380773
5.899896	0.1368745
5.903229	0.1357025
5.906562	0.1345306
5.909896	0.1333586
5.913229	0.1322174
5.916563	0.1310763
5.919896	0.129966
5.923229	0.1288557
5.926562	0.1277763
5.929896	0.1267277
5.933229	0.1257099
5.936563	0.1247538
5.939896	0.1238594
5.943229	0.1229958
5.946562	0.122194
5.949896	0.1214538
5.953229	0.1207136
5.956563	0.1200042
5.959896	0.119264
5.963229	0.1184621
5.966562	0.1176294
5.969896	0.1167659
5.973229	0.1158406
5.976563	0.1149154
5.979896	0.1139593
5.983229	0.1130032
5.986563	0.112078
5.989896	0.1112144
5.993229	0.1103817
5.996562	0.1095798
5.999896	0.1088396
6.003229	0.1081302
6.006563	0.1074517
6.009896	0.1068349
6.013229	0.1062798
6.016562	0.1057246
6.019896	0.1052003
6.023229	0.104676
6.026563	0.1041208
6.029896	0.1035349
6.033229	0.102918
6.036562	0.1022395
6.039896	0.1014993
6.043229	0.1006974
6.046563	0.09989556
6.049896	0.09906284
6.053229	0.09826097
6.056562	0.09745909
6.059896	0.09671889
6.063229	0.09600954
6.066563	0.09533103
6.069896	0.09468335
6.073229	0.09406652
6.076562	0.09344969
6.079896	0.09283287
6.083229	0.09221604
6.086563	0.09156836
6.089896	0.09095153
6.093229	0.09030386
6.096562	0.08962535
6.099896	0.08897768
6.103229	0.08829917
6.106563	0.0876515
6.109896	0.08700383
6.113229	0.086387
6.116562	0.08577017
6.119896	0.08518418
6.123229	0.08462903
6.126563	0.08410473
6.129896	0.08361127
6.133229	0.08314864
6.136562	0.08271686
6.139896	0.08228508
6.143229	0.08188414
6.146563	0.08151404
6.149896	0.08114395
6.153229	0.08080469
6.156562	0.08046543
6.159896	0.08009534
6.163229	0.07975608
6.166563	0.07941682
6.169896	0.07907757
6.173229	0.07876915
6.176562	0.07846074
6.179896	0.07818316
6.183229	0.07790559
6.186563	0.07762802
6.189896	0.0773196
6.193229	0.07701119
6.196562	0.07667193
6.199896	0.07627099
6.203229	0.07580837
6.206563	0.07531491
6.209896	0.07475976
6.213229	0.07420461
6.216562	0.07361863
6.219896	0.07309432
6.223229	0.07260086
6.226563	0.07213823
6.229896	0.07176814
6.233229	0.07142888
6.236563	0.07115131
6.239896	0.07087373
6.243229	0.070627
6.246562	0.07038027
6.249896	0.07007185
6.253229	0.06976344
6.256563	0.06942418
6.259896	0.06905409
6.263229	0.06865315
6.266562	0.06828305
6.269896	0.06788211
6.273229	0.06748117
6.276563	0.06711107
6.279896	0.06671013
6.283229	0.06627835
6.286562	0.06584657
6.289896	0.06535311
6.293229	0.0648288
6.296563	0.06430449
6.299896	0.06374935
6.303229	0.06322504
6.306562	0.06273158
6.309896	0.06233064
6.313229	0.06196054
6.316563	0.06168297
6.319896	0.06149792
6.323229	0.06134371
6.326562	0.06122035
6.329896	0.06112782
6.333229	0.06097361
6.336563	0.06078856
6.339896	0.06057267
6.343229	0.0602951
6.346562	0.05998669
6.349896	0.05964743
6.353229	0.05927733
6.356563	0.05893808
6.359896	0.05859882
6.363229	0.05825956
6.366562	0.05798199
6.369896	0.05773526
6.373229	0.05748853
6.376563	0.05724179
6.379896	0.0570259
6.383229	0.05677917
6.386562	0.0565016
6.389896	0.05622403
6.393229	0.05588477
6.396563	0.05551467
6.399896	0.05517542
6.403229	0.05480532
6.406562	0.05446606
6.409896	0.05415765
6.413229	0.05391092
6.416563	0.05372587
6.419896	0.05366418
6.423229	0.05366418
6.426562	0.05375671
6.429896	0.05391092
6.433229	0.05409596
6.436563	0.05431186
6.439896	0.05452775
6.443229	0.05474364
6.446562	0.05492868
6.449896	0.05508289
6.453229	0.0552371
6.456563	0.05532962
6.459896	0.05542215
6.463229	0.05548383
6.466562	0.05548383
6.469896	0.05548383
6.473229	0.05548383
6.476563	0.05545299
6.479896	0.05545299
6.483229	0.05545299
6.486563	0.05548383
6.489896	0.05554551
6.493229	0.05563804
6.496562	0.05579225
6.499896	0.05591561
6.503229	0.05606982
6.506563	0.05619319
6.509896	0.05631655
6.513229	0.05637823
6.516562	0.05643992
6.519896	0.05643992
6.523229	0.05643992
6.526563	0.05640908
6.529896	0.05637823
6.533229	0.05634739
6.536562	0.05634739
6.539896	0.05640908
6.543229	0.05647076
6.546563	0.05653244
6.549896	0.05662496
6.553229	0.05671749
6.556562	0.05677917
6.559896	0.05681001
6.563229	0.05681001
6.566563	0.05671749
6.569896	0.05662496
6.573229	0.0565016
6.576562	0.05634739
6.579896	0.05622403
6.583229	0.0561315
6.586563	0.05603898
6.589896	0.05600814
6.593229	0.05600814
6.596562	0.0559773
6.599896	0.0559773
6.603229	0.05591561
6.606563	0.0557614
6.609896	0.05557636
6.613229	0.05526794
6.616562	0.05489784
6.619896	0.05443522
6.623229	0.05391092
6.626563	0.05335577
6.629896	0.05276978
6.633229	0.05215295
6.636562	0.05153612
6.639896	0.05088845
6.643229	0.05024078
6.646563	0.04959311
6.649896	0.04897628
6.653229	0.04832861
6.656562	0.04768094
6.659896	0.04706411
6.663229	0.04644728
6.666563	0.04586129
6.669896	0.0452753
6.673229	0.04472015
6.676562	0.04416501
6.679896	0.0436407
6.683229	0.04305471
6.686563	0.04246872
6.689896	0.04185189
6.693229	0.04120422
6.696562	0.04055655
6.699896	0.03987804
6.703229	0.03919953
6.706563	0.03855186
6.709896	0.03796587
6.713229	0.03741072
6.716562	0.03691726
6.719896	0.03648548
6.723229	0.03614622
6.726563	0.03583781
6.729896	0.03562192
6.733229	0.03540603
6.736563	0.03525182
6.739896	0.03509761
6.743229	0.03497424
6.746562	0.03482004
6.749896	0.03466583
6.753229	0.03451162
6.756563	0.03429573
6.759896	0.03411068
6.763229	0.03392563
6.766562	0.03377143
6.769896	0.0336789
6.773229	0.03361722
6.776563	0.03361722
6.779896	0.0336789
6.783229	0.03380227
6.786562	0.03395647
6.789896	0.03411068
6.793229	0.03426489
6.796563	0.03435741
6.799896	0.0344191
6.803229	0.03438826
6.806562	0.03432657
6.809896	0.03420321
6.813229	0.03398732
6.816563	0.03374058
6.819896	0.03343217
6.823229	0.03309291
6.826562	0.03266113
6.829896	0.03219851
6.833229	0.03164336
6.836563	0.03102653
6.839896	0.03034802
6.843229	0.02957698
6.846562	0.02871342
6.849896	0.02775734
6.853229	0.02670873
6.856563	0.02553675
6.859896	0.02427225
6.863229	0.02294607
6.866562	0.0215582
6.869896	0.02010865
6.873229	0.01859742
6.876563	0.01711702
6.879896	0.01560579
6.883229	0.0141254
6.886562	0.01264501
6.889896	0.0112263
6.893229	0.009807592
6.896563	0.008450568
6.899896	0.007124384
6.903229	0.005859884
6.906562	0.004687905
6.909896	0.003608453
6.913229	0.002621526
6.916563	0.001788806
6.919896	0.001110293
6.923229	0.0005859882
6.926562	0.0002467319
6.929896	6.168297e-05
6.933229	0
6.936563	9.252445e-05
6.939896	0.0003084148
6.943229	0.0005859882
6.946562	0.0009869275
6.949896	0.001480391
6.953229	0.002035538
6.956563	0.002652368
6.959896	0.00333088
6.963229	0.004071076
6.966562	0.004872954
6.969896	0.005736518
6.973229	0.006661762
6.976563	0.00764869
6.979896	0.0086973
6.983229	0.009869275
6.986563	0.01110293
6.989896	0.01245996
6.993229	0.01394035
6.996562	0.01551327
6.999896	0.01717871
7.003229	0.01893667
7.006563	0.02078716
7.009896	0.02266849
7.013229	0.02461151
7.016562	0.02655452
7.019896	0.02849753
7.023229	0.03044055
7.026563	0.03238356
7.029896	0.03435741
7.033229	0.03633127
7.036562	0.03830512
7.039896	0.04024814
7.043229	0.04216031
7.046563	0.04404164
7.049896	0.04583045
7.053229	0.04752673
7.056562	0.04909964
7.059896	0.05054919
7.063229	0.05181369
7.066563	0.05295483
7.069896	0.05391092
7.073229	0.05471279
7.076562	0.05536047
7.079896	0.05585393
7.083229	0.05619319
7.086563	0.05640908
7.089896	0.0565016
7.093229	0.05647076
7.096562	0.05634739
7.099896	0.05616234
7.103229	0.05585393
7.106563	0.05551467
7.109896	0.05511373
7.113229	0.05468195
7.116562	0.05418849
7.119896	0.05366418
7.123229	0.05310904
7.126563	0.05252305
7.129896	0.05190622
7.133229	0.05125855
7.136562	0.05058004
7.139896	0.04990152
7.143229	0.04922301
7.146563	0.0485445
7.149896	0.04789683
7.153229	0.04721831
7.156562	0.04660148
7.159896	0.04598465
7.163229	0.04542951
7.166563	0.0449052
7.169896	0.04444258
7.173229	0.0440108
7.176562	0.04367154
7.179896	0.04342481
7.183229	0.04320892
7.186563	0.04305471
7.189896	0.04296219
7.193229	0.0429005
7.196562	0.04283882
7.199896	0.04283882
7.203229	0.04283882
7.206563	0.0429005
7.209896	0.04299303
7.213229	0.04317808
7.216562	0.04345565
7.219896	0.04379491
7.223229	0.04419585
7.226563	0.04468931
7.229896	0.04521362
7.233229	0.04573792
7.236563	0.04626223
7.239896	0.04672485
7.243229	0.04715663
7.246562	0.04752673
7.249896	0.04783514
7.253229	0.04808188
7.256563	0.04832861
7.259896	0.0485445
7.263229	0.04876039
7.266562	0.04897628
7.269896	0.04922301
7.273229	0.04946974
7.276563	0.04971647
7.279896	0.04993236
7.283229	0.05014825
7.286562	0.05027162
7.289896	0.05039499
7.293229	0.05045667
7.296563	0.05048751
7.299896	0.05045667
7.303229	0.05042583
7.306562	0.05039499
7.309896	0.05036415
7.313229	0.05030246
7.316563	0.05020994
7.319896	0.05011741
7.323229	0.04996321
7.326562	0.04977816
7.329896	0.04953143
7.333229	0.04925385
7.336563	0.04897628
7.339896	0.04872955
7.343229	0.04848281
7.346562	0.04826692
7.349896	0.04808188
7.353229	0.04795851
7.356563	0.04783514
7.359896	0.04777346
7.363229	0.04774262
7.366562	0.04768094
7.369896	0.04765009
7.373229	0.04755757
7.376563	0.04746505
7.379896	0.04737252
7.383229	0.04724916
7.386562	0.04709495
7.389896	0.0469099
7.393229	0.04666317
7.396563	0.04635475
7.399896	0.0460155
7.403229	0.0456454
7.406562	0.04521362
7.409896	0.04478184
7.413229	0.04435005
7.416563	0.04394911
7.419896	0.04360986
7.423229	0.04333229
7.426562	0.04308555
7.429896	0.04293135
7.433229	0.04280798
7.436563	0.04271546
7.439896	0.04262293
7.443229	0.04249957
7.446562	0.04234536
7.449896	0.04219115
7.453229	0.04197526
7.456563	0.04172853
7.459896	0.0414818
7.463229	0.04120422
7.466562	0.04095749
7.469896	0.04067992
7.473229	0.04040235
7.476563	0.04009393
7.479896	0.03975467
7.483229	0.03938458
7.486563	0.03898364
7.489896	0.03855186
7.493229	0.03808923
7.496562	0.03759577
7.499896	0.03710231
7.503229	0.03663968
7.506563	0.0362079
7.509896	0.03583781
7.513229	0.03552939
7.516562	0.03528266
7.519896	0.03509761
7.523229	0.0349434
7.526563	0.03482004
7.529896	0.03469667
7.533229	0.03454246
7.536562	0.03432657
7.539896	0.03407984
7.543229	0.03377143
7.546563	0.03343217
7.549896	0.03303123
7.553229	0.03263029
7.556562	0.03222935
7.559896	0.03182841
7.563229	0.03145831
7.566563	0.03111906
7.569896	0.03081064
7.573229	0.03056391
7.576562	0.03034802
7.579896	0.03016297
7.583229	0.03000877
7.586563	0.0298854
7.589896	0.02979287
7.593229	0.02970035
7.596562	0.02960783
7.599896	0.0295153
7.603229	0.02939194
7.606563	0.02929941
7.609896	0.02920689
7.613229	0.02911436
7.616562	0.02905268
7.619896	0.02902184
7.623229	0.02902184
7.626563	0.02905268
7.629896	0.02908352
7.633229	0.0291452
7.636562	0.02923773
7.639896	0.02929941
7.643229	0.02939194
7.646563	0.02942278
7.649896	0.02945362
7.653229	0.02945362
7.656562	0.02945362
7.659896	0.02945362
7.663229	0.02942278
7.666563	0.02936109
7.669896	0.02929941
7.673229	0.02920689
7.676562	0.02908352
7.679896	0.02896015
7.683229	0.02880595
7.686563	0.02865174
7.689896	0.02849753
7.693229	0.02837417
7.696562	0.0282508
7.699896	0.02818912
7.703229	0.02818912
7.706563	0.0282508
7.709896	0.02831248
7.713229	0.02843585
7.716562	0.02852837
7.719896	0.02865174
7.723229	0.02874426
7.726563	0.02886763
7.729896	0.028991
7.733229	0.0291452
7.736563	0.02933025
7.739896	0.02957698
7.743229	0.02982372
7.746562	0.03016297
7.749896	0.03056391
7.753229	0.03099569
7.756563	0.03145831
7.759896	0.03192094
7.763229	0.03238356
7.766562	0.03284618
7.769896	0.03327796
7.773229	0.0336789
7.776563	0.034049
7.779896	0.0344191
7.783229	0.03475835
7.786562	0.03512845
7.789896	0.03552939
7.793229	0.03596117
7.796563	0.03642379
7.799896	0.03691726
7.803229	0.03741072
7.806562	0.03793503
7.809896	0.03842849
7.813229	0.03889111
7.816563	0.03929205
7.819896	0.03963131
7.823229	0.03993972
7.826562	0.04018646
7.829896	0.0403715
7.833229	0.04049487
7.836563	0.04055655
7.839896	0.04055655
7.843229	0.04049487
7.846562	0.04034066
7.849896	0.04012477
7.853229	0.03987804
7.856563	0.03953878
7.859896	0.03916869
7.863229	0.03876775
7.866562	0.03833597
7.869896	0.03793503
7.873229	0.03753409
7.876563	0.03713315
7.879896	0.03673221
7.883229	0.03630043
7.886562	0.03586865
7.889896	0.03540603
7.893229	0.03491256
7.896563	0.03435741
7.899896	0.03374058
7.903229	0.03312375
7.906562	0.03247608
7.909896	0.03185925
7.913229	0.03127327
7.916563	0.03074896
7.919896	0.03031718
7.923229	0.02997792
7.926562	0.02970035
7.929896	0.0295153
7.933229	0.02942278
7.936563	0.02933025
7.939896	0.02923773
7.943229	0.0291452
7.946562	0.02902184
7.949896	0.02889847
7.953229	0.02877511
7.956563	0.02865174
7.959896	0.02852837
7.963229	0.02846669
7.966562	0.02840501
7.969896	0.02837417
7.973229	0.02831248
7.976563	0.0282508
7.979896	0.02815828
7.983229	0.02803491
7.986563	0.0278807
7.989896	0.02766481
7.993229	0.02744892
7.996562	0.02717135
7.999896	0.02692462
8.003229	0.02667788
8.006562	0.02643115
8.009896	0.02621526
8.013229	0.02599937
8.016562	0.02578348
8.019896	0.02559843
8.02323	0.02541338
8.026563	0.02522833
8.029896	0.02504329
8.033229	0.02485824
8.036563	0.02467319
8.039896	0.02448814
8.043229	0.02430309
8.046562	0.0240872
8.049896	0.02393299
8.053229	0.02374794
8.056562	0.02359374
8.059896	0.02347037
8.06323	0.02337785
8.066563	0.02331616
8.069896	0.02328532
8.073229	0.02331616
8.076563	0.02331616
8.079896	0.023347
8.083229	0.02331616
8.086562	0.02328532
8.089896	0.02316196
8.093229	0.02303859
8.096562	0.02285354
8.099895	0.02269933
8.10323	0.02254513
8.106563	0.02242176
8.109896	0.02236008
8.113229	0.02236008
8.116563	0.02242176
8.119896	0.02254513
8.123229	0.02269933
8.126562	0.0228227
8.129896	0.02294607
8.133229	0.02297691
8.136562	0.02297691
8.139895	0.02288438
8.143229	0.02276102
8.146563	0.02257597
8.149896	0.02239092
8.153229	0.02223671
8.156563	0.0220825
8.159896	0.02198998
8.163229	0.02195914
8.166562	0.02198998
8.169896	0.0220825
8.173229	0.02217503
8.176562	0.02232924
8.179895	0.02248344
8.183229	0.02260681
8.186563	0.02276102
8.189896	0.02288438
8.193229	0.02297691
8.196563	0.02303859
8.199896	0.02306943
8.203229	0.02306943
8.206562	0.02303859
8.209896	0.02297691
8.213229	0.02291522
8.216562	0.0228227
8.219895	0.02269933
8.223229	0.02257597
8.226563	0.02248344
8.229896	0.02239092
8.23323	0.02229839
8.236563	0.02220587
8.239896	0.02211334
8.243229	0.02205166
8.246563	0.02202082
8.249896	0.02198998
8.253229	0.02195914
8.256562	0.02195914
8.259896	0.02198998
8.263229	0.02202082
8.266562	0.0220825
8.269896	0.02214419
8.27323	0.02226755
8.276563	0.02239092
8.279896	0.02251428
8.283229	0.02266849
8.286563	0.0228227
8.289896	0.02297691
8.293229	0.02310027
8.296562	0.0231928
8.299896	0.02322364
8.303229	0.02322364
8.306562	0.02316196
8.309896	0.02306943
8.31323	0.02291522
8.316563	0.02276102
8.319896	0.02260681
8.323229	0.02248344
8.326563	0.02239092
8.329896	0.02236008
8.333229	0.02239092
8.336562	0.0224526
8.339896	0.02257597
8.343229	0.02269933
8.346562	0.02279186
8.349895	0.02291522
8.35323	0.02297691
8.356563	0.02300775
8.359896	0.02300775
8.363229	0.02297691
8.366563	0.02291522
8.369896	0.02285354
8.373229	0.02279186
8.376562	0.02273017
8.379896	0.02269933
8.383229	0.02269933
8.386562	0.02269933
8.389895	0.02273017
8.393229	0.02279186
8.396563	0.02288438
8.399896	0.02294607
8.403229	0.02303859
8.406563	0.02313111
8.409896	0.02322364
8.413229	0.02331616
8.416562	0.02340869
8.419896	0.02347037
8.423229	0.02356289
8.426562	0.02362458
8.429895	0.02365542
8.433229	0.02368626
8.436563	0.02368626
8.439896	0.02365542
8.443229	0.02359374
8.446563	0.02347037
8.449896	0.02331616
8.453229	0.02313111
8.456562	0.02291522
8.459896	0.02269933
8.463229	0.02248344
8.466562	0.02226755
8.469895	0.0220825
8.473229	0.02189745
8.476563	0.02171241
8.479896	0.0215582
8.48323	0.02140399
8.486563	0.02121894
8.489896	0.02100305
8.493229	0.02078716
8.496563	0.02054043
8.499896	0.0202937
8.503229	0.02001612
8.506562	0.01980023
8.509896	0.01958434
8.513229	0.01939929
8.516562	0.01930677
8.519896	0.01927593
8.52323	0.01933761
8.526563	0.01949182
8.529896	0.01970771
8.533229	0.01995444
8.536563	0.02023201
8.539896	0.02047875
8.543229	0.02069464
8.546562	0.02084884
8.549896	0.02091053
8.553229	0.02091053
8.556562	0.02087969
8.559896	0.02078716
8.56323	0.02069464
8.566563	0.02063295
8.569896	0.02063295
8.573229	0.02069464
8.576563	0.02078716
8.579896	0.02094137
8.583229	0.02112642
8.586562	0.02134231
8.589896	0.02152736
8.593229	0.02171241
8.596562	0.02183577
8.599895	0.0219283
8.60323	0.02198998
8.606563	0.02202082
8.609896	0.02205166
8.613229	0.02202082
8.616563	0.02198998
8.619896	0.0219283
8.623229	0.02186661
8.626562	0.02177409
8.629896	0.02168156
8.633229	0.0215582
8.636562	0.02143483
8.639895	0.02131147
8.643229	0.02115726
8.646563	0.02103389
8.649896	0.02094137
8.653229	0.02084884
8.656563	0.02078716
8.659896	0.02072548
8.663229	0.0206638
8.666562	0.02063295
8.669896	0.02057127
8.673229	0.02050959
8.676562	0.02041706
8.679895	0.0202937
8.683229	0.02017033
8.686563	0.02001612
8.689896	0.01989276
8.693229	0.01980023
8.696563	0.01973855
8.699896	0.01973855
8.703229	0.01980023
8.706562	0.01986192
8.709896	0.01998528
8.713229	0.02007781
8.716562	0.02020117
8.719895	0.02026286
8.723229	0.0202937
8.726563	0.02023201
8.729896	0.02013949
8.73323	0.01995444
8.736563	0.01973855
8.739896	0.01949182
8.743229	0.01924509
8.746563	0.01896751
8.749896	0.01875162
8.753229	0.01853573
8.756562	0.01838153
8.759896	0.01825816
8.763229	0.01819648
8.766562	0.01819648
8.769896	0.01819648
8.77323	0.01822732
8.776563	0.01822732
8.779896	0.01825816
8.783229	0.01825816
8.786563	0.01822732
8.789896	0.01816563
8.793229	0.01810395
8.796562	0.01801143
8.799896	0.0179189
8.803229	0.01782638
8.806562	0.01773385
8.809896	0.01767217
8.81323	0.01764133
8.816563	0.01761049
8.819896	0.01757965
8.823229	0.01757965
8.826563	0.01757965
8.829896	0.01757965
8.833229	0.01754881
8.836562	0.01745628
8.839896	0.01736376
8.843229	0.01720955
8.846562	0.0170245
8.849895	0.01680861
8.85323	0.01656188
8.856563	0.0162843
8.859896	0.01603757
8.863229	0.01579084
8.866563	0.01563663
8.869896	0.01551327
8.873229	0.01548243
8.876562	0.01548243
8.879896	0.01551327
8.883229	0.01560579
8.886562	0.01576
8.889895	0.01591421
8.893229	0.01609926
8.896563	0.01622262
8.899896	0.01637683
8.903229	0.01646935
8.906563	0.01656188
8.909896	0.01662356
8.913229	0.0166544
8.916562	0.01662356
8.919896	0.01656188
8.923229	0.01646935
8.926562	0.01634599
8.929895	0.01622262
8.933229	0.01609926
8.936563	0.01600673
8.939896	0.01594505
8.943229	0.01594505
8.946563	0.01597589
8.949896	0.01606841
8.953229	0.01622262
8.956562	0.01640767
8.959896	0.01659272
8.963229	0.01680861
8.966562	0.01696282
8.969895	0.01708618
8.973229	0.01714787
8.976563	0.01714787
8.979896	0.01705534
8.98323	0.01693198
8.986563	0.01671609
8.989896	0.01646935
8.993229	0.01622262
8.996563	0.01597589
8.999896	0.01572916
9.003229	0.01554411
9.006562	0.0153899
9.009896	0.01529738
9.013229	0.01523569
9.016562	0.01517401
9.019896	0.01517401
9.02323	0.01517401
9.026563	0.01514317
9.029896	0.01511233
9.033229	0.01511233
9.036563	0.01511233
9.039896	0.01511233
9.043229	0.01514317
9.046562	0.01517401
9.049896	0.01526654
9.053229	0.01535906
9.056562	0.01548243
9.059896	0.01560579
9.06323	0.01576
9.066563	0.01591421
9.069896	0.01603757
9.073229	0.01616094
9.076563	0.0162843
9.079896	0.01634599
9.083229	0.01637683
9.086562	0.01634599
9.089896	0.0162843
9.093229	0.0161301
9.096562	0.01594505
9.099895	0.01569832
9.10323	0.01545158
9.106563	0.01517401
9.109896	0.01492728
9.113229	0.01471139
9.116563	0.01452634
9.119896	0.01443381
9.123229	0.01437213
9.126562	0.01434129
9.129896	0.01431045
9.133229	0.01427961
9.136562	0.01424877
9.139895	0.01421792
9.143229	0.0141254
9.146563	0.01403288
9.149896	0.01394035
9.153229	0.01387867
9.156563	0.01378614
9.159896	0.01372446
9.163229	0.01369362
9.166562	0.01363194
9.169896	0.01360109
9.173229	0.01357025
9.176562	0.01350857
9.179895	0.01341605
9.183229	0.01332352
9.186563	0.01326184
9.189896	0.01316931
9.193229	0.01313847
9.196563	0.01313847
9.199896	0.01316931
9.203229	0.01326184
9.206562	0.01341605
9.209896	0.01360109
9.213229	0.01381699
9.216562	0.01400203
9.219895	0.01421792
9.223229	0.01437213
9.226563	0.0144955
9.229896	0.01455718
9.23323	0.01458802
9.236563	0.01455718
9.239896	0.0144955
9.243229	0.01440297
9.246563	0.01427961
9.249896	0.01418708
9.253229	0.01406372
9.256562	0.01397119
9.259896	0.01390951
9.263229	0.01387867
9.266562	0.01384783
9.269896	0.01387867
9.27323	0.01387867
9.276563	0.01390951
9.279896	0.01394035
9.283229	0.01394035
9.286563	0.01390951
9.289896	0.01387867
9.293229	0.01378614
9.296562	0.01366278
9.299896	0.01353941
9.303229	0.01344689
9.306562	0.01335436
9.309896	0.01332352
9.31323	0.0133852
9.316563	0.01347773
9.319896	0.01366278
9.323229	0.01387867
9.326563	0.01415624
9.329896	0.01440297
9.333229	0.01464971
9.336562	0.01483475
9.339896	0.01495812
9.343229	0.01498896
9.346562	0.01495812
9.349895	0.0148656
9.35323	0.01468055
9.356563	0.0144955
9.359896	0.01431045
9.363229	0.0141254
9.366563	0.01397119
9.369896	0.01387867
9.373229	0.01381699
9.376562	0.01384783
9.379896	0.01394035
9.383229	0.01403288
9.386562	0.01418708
9.389895	0.01434129
9.393229	0.0144955
9.396563	0.01461886
9.399896	0.01468055
9.403229	0.01471139
9.406563	0.01471139
9.409896	0.01464971
9.413229	0.01455718
9.416562	0.01446466
9.419896	0.01440297
9.423229	0.01434129
9.426562	0.01431045
9.429895	0.01427961
9.433229	0.01424877
9.436563	0.01421792
9.439896	0.01415624
9.443229	0.01409456
9.446563	0.01403288
9.449896	0.01394035
9.453229	0.01381699
9.456562	0.0137553
9.459896	0.01369362
9.463229	0.01369362
9.466562	0.0137553
9.469895	0.01384783
9.473229	0.01397119
9.476563	0.0141254
9.479896	0.01424877
9.48323	0.01440297
9.486563	0.01455718
9.489896	0.01471139
9.493229	0.01483475
9.496563	0.01495812
9.499896	0.01508149
9.503229	0.01523569
9.506562	0.0153899
9.509896	0.01557495
9.513229	0.01576
9.516562	0.01594505
9.519896	0.0161301
9.52323	0.0162843
9.526563	0.01640767
9.529896	0.0165002
9.533229	0.01656188
9.536563	0.01659272
9.539896	0.01656188
9.543229	0.0165002
9.546562	0.01640767
9.549896	0.0162843
9.553229	0.01616094
9.556562	0.01600673
9.559896	0.01585252
9.56323	0.01569832
9.566563	0.01560579
9.569896	0.01551327
9.573229	0.01548243
9.576563	0.01548243
9.579896	0.01551327
9.583229	0.01557495
9.586562	0.01566748
9.589896	0.01576
9.593229	0.01585252
9.596562	0.01591421
9.599895	0.01591421
9.60323	0.01588337
9.606563	0.01582168
9.609896	0.01576
9.613229	0.01563663
9.616563	0.01554411
9.619896	0.01545158
9.623229	0.01535906
9.626562	0.01529738
9.629896	0.01523569
9.633229	0.01520485
9.636562	0.01514317
9.639895	0.01511233
9.643229	0.01508149
9.646563	0.0150198
9.649896	0.01498896
9.653229	0.01492728
9.656563	0.0148656
9.659896	0.01480391
9.663229	0.01471139
9.666562	0.01464971
9.669896	0.01458802
9.673229	0.01455718
9.676562	0.01452634
9.679895	0.01452634
9.683229	0.01452634
9.686563	0.01458802
9.689896	0.01464971
9.693229	0.01477307
9.696563	0.0148656
9.699896	0.01498896
9.703229	0.01508149
9.706562	0.01517401
9.709896	0.01523569
9.713229	0.01529738
9.716562	0.01529738
9.719895	0.01529738
9.723229	0.01526654
9.726563	0.01520485
9.729896	0.01514317
9.73323	0.01505065
9.736563	0.01492728
9.739896	0.01477307
9.743229	0.01461886
9.746563	0.01440297
9.749896	0.01415624
9.753229	0.01390951
9.756562	0.01369362
9.759896	0.01347773
9.763229	0.01329268
9.766562	0.01316931
9.769896	0.01307679
9.77323	0.01310763
9.776563	0.01316931
9.779896	0.01332352
9.783229	0.01350857
9.786563	0.0137553
9.789896	0.01397119
9.793229	0.01418708
9.796562	0.01434129
9.799896	0.0144955
9.803229	0.01458802
9.806562	0.01461886
9.809896	0.01458802
9.81323	0.01455718
9.816563	0.01446466
9.819896	0.01434129
9.823229	0.01424877
9.826563	0.0141254
9.829896	0.01397119
9.833229	0.01384783
9.836562	0.01372446
9.839896	0.01363194
9.843229	0.01350857
9.846562	0.01341605
9.849895	0.01332352
9.85323	0.013231
9.856563	0.01316931
9.859896	0.01307679
9.863229	0.01301511
9.866563	0.01295342
9.869896	0.01292258
9.873229	0.01292258
9.876562	0.01295342
9.879896	0.01301511
9.883229	0.01310763
9.886562	0.01320016
9.889895	0.01332352
9.893229	0.01341605
9.896563	0.01347773
9.899896	0.01347773
9.903229	0.01344689
9.906563	0.01335436
9.909896	0.01326184
9.913229	0.01313847
9.916562	0.01304595
9.919896	0.01298427
9.923229	0.01298427
9.926562	0.01301511
9.929895	0.01310763
9.933229	0.013231
9.936563	0.01332352
9.939896	0.0133852
9.943229	0.01341605
9.946563	0.01335436
9.949896	0.013231
9.953229	0.01307679
9.956562	0.01289174
9.959896	0.01267585
9.963229	0.01252164
9.966562	0.01239828
9.969895	0.01236744
9.973229	0.01242912
9.976563	0.01258333
9.979896	0.01276837
9.98323	0.01301511
9.986563	0.01329268
9.989896	0.01357025
9.993229	0.01378614
9.996563	0.01400203
9.999896	0.0141254
}
[PEAK]
{
Peak ID	1
Peak Ref	1
Time	3.926062
Peak	3.223229	4.076562
Intensity	-2.044439e-05	5.555153e-05
Height	0.0056189
AreaAbs	1549.803
Area %BP	0.0678647
Area %Total	0.05614226
Width	0.8533332
}
[PEAK]
{
Peak ID	2
Peak Ref	2
Time	4.278727
Peak	4.076562	4.619896
Intensity	-2.044439e-05	5.555153e-05
Height	0.03126983
AreaAbs	6397.309
Area %BP	0.2801334
Area %Total	0.2317452
Width	0.5433335
}
[PEAK]
{
Peak ID	3
Peak Ref	3
Time	4.965748
Peak	4.619896	6.423229
Intensity	-2.044439e-05	5.555153e-05
Height	0.193205
AreaAbs	38061.09
Area %BP	1.666667
Area %Total	1.378779
Width	1.803333
}
}
}
}
