[SAMPLE]
{
Sample	1
Well	1:B,9
FileName	
SampleID	ASD-E-2601294-004
SampleDescription	Aquired with Galaxy
Date	05-Mar-2026
Time	17:50:30 PRC
JobCode	
TaskCode	
UserName	Congcong_Liu2
LabName	Aquired with Galaxy
Instrument	MS_L_19_062
Conditions	
Submitter	Siyu_Zhang
SampleType	
Plate	
Method	
Process	Galaxy
MSTune	
MSMethod	
InletMethod	
PreRunMethod	
PostRunMethod	
SwitchMethod	
FractionMethod	
AcquisitionProcess	
AcquisitionProcessParameters	
AcquisitionProcessOptions	
InjectionVolume	25
ReportScheme	
SampleReportEnable	0
SampleReportFormat	
AnalysisTime	0
[COMPOUND]
{
;Mono Mass	Formula
}
[FUNCTION]
{
Function	1
IonMode	ES+
Type	MS
Description	(0:0)
[SPECTRUM]
{
ProcDesc	0.00:Combine
State	OK
Peak ID	0
Peak Ref	0
Time	0
TIC	0
BPI	0
BPM	0
Continuum	FALSE
Saved	FALSE
[MASSES]
{
;Mass	Exp. Mass	Obs. Mass	% BPI	Int. Abs
}
[RESULTS]
{
;Mass	Found	% BPI	% Purity
}
[MS]
{
;Mass	% BPI
0	0
}
}
[CHROMATOGRAM]
{
TraceNumber	1
Description	scroll down chrom view to see 2D LC chrom
ProcDesc	
MaxIntensity	0
[TRACE]
{
0	0
}
[PEAK]
{
Peak ID	0
Peak Ref	0
Time	0
Peak	0
Intensity	0	0
Height	0
AreaAbs	0
Area %BP	0
Area %Total	0
}
}
}
[FUNCTION]
{
Function	0
Description	ANALOG
[CHROMATOGRAM]
{
TraceNumber	2
Description	LC
ProcDesc	Result Id:2853, VWD: Signal A, 280 nm
MaxIntensity	0.1934593
[TRACE]
{
;Time	Int. %Max
0.003020833	0.005946313
0.006354167	0.005946313
0.0096875	0.005915503
0.01302083	0.005823073
0.01635417	0.005699833
0.0196875	0.005545784
0.02302083	0.005360924
0.02635417	0.005176065
0.0296875	0.004960395
0.03302083	0.004806345
0.03635417	0.004652296
0.0396875	0.004529056
0.04302083	0.004436627
0.04635417	0.004405817
0.0496875	0.004405817
0.05302083	0.004498246
0.05635417	0.004590676
0.0596875	0.004775536
0.06302083	0.004991205
0.06635416	0.005206875
0.0696875	0.005453354
0.07302083	0.005699833
0.07635417	0.005915503
0.0796875	0.006100362
0.08302084	0.006285221
0.08635417	0.006408461
0.0896875	0.006500891
0.09302083	0.006593321
0.09635416	0.00668575
0.0996875	0.00677818
0.1030208	0.00690142
0.1063542	0.007024659
0.1096875	0.007209519
0.1130208	0.007363568
0.1163542	0.007548428
0.1196875	0.007702477
0.1230208	0.007856527
0.1263542	0.007918146
0.1296875	0.007948956
0.1330208	0.007856527
0.1363542	0.007733287
0.1396875	0.007517618
0.1430208	0.007240329
0.1463542	0.006963039
0.1496875	0.00662413
0.1530208	0.006316031
0.1563542	0.006007932
0.1596875	0.005761453
0.1630208	0.005514974
0.1663542	0.005299304
0.1696875	0.005114445
0.1730208	0.004960395
0.1763542	0.004837155
0.1796875	0.004713916
0.1830208	0.004652296
0.1863542	0.004590676
0.1896875	0.004590676
0.1930208	0.004621486
0.1963542	0.004683106
0.1996875	0.004744726
0.2030208	0.004837155
0.2063542	0.004960395
0.2096875	0.005052825
0.2130208	0.005145255
0.2163542	0.005237685
0.2196875	0.005330114
0.2230208	0.005422544
0.2263542	0.005484164
0.2296875	0.005545784
0.2330208	0.005576594
0.2363542	0.005638213
0.2396875	0.005699833
0.2430208	0.005699833
0.2463542	0.005699833
0.2496875	0.005699833
0.2530208	0.005638213
0.2563542	0.005576594
0.2596875	0.005514974
0.2630208	0.005391734
0.2663542	0.005299304
0.2696875	0.005206875
0.2730208	0.005114445
0.2763542	0.005052825
0.2796875	0.004991205
0.2830208	0.004960395
0.2863542	0.004929585
0.2896875	0.004898775
0.2930208	0.004867965
0.2963542	0.004806345
0.2996875	0.004713916
0.3030208	0.004590676
0.3063542	0.004467437
0.3096875	0.004313387
0.3130208	0.004190147
0.3163542	0.004097718
0.3196875	0.004066908
0.3230208	0.004128528
0.3263542	0.004251767
0.3296875	0.004436627
0.3330208	0.004683106
0.3363542	0.004960395
0.3396875	0.005268495
0.3430208	0.005545784
0.3463542	0.005792263
0.3496875	0.005977122
0.3530208	0.006069552
0.3563542	0.006069552
0.3596875	0.006007932
0.3630208	0.005884693
0.3663542	0.005699833
0.3696875	0.005514974
0.3730208	0.005299304
0.3763542	0.005083635
0.3796875	0.004867965
0.3830208	0.004713916
0.3863542	0.004559866
0.3896875	0.004405817
0.3930208	0.004313387
0.3963542	0.004190147
0.3996875	0.004097718
0.4030208	0.004005288
0.4063542	0.003943668
0.4096875	0.003882049
0.4130208	0.003820429
0.4163542	0.003789619
0.4196875	0.003789619
0.4230208	0.003789619
0.4263542	0.003851239
0.4296875	0.003912858
0.4330208	0.004005288
0.4363542	0.004066908
0.4396875	0.004159337
0.4430208	0.004251767
0.4463542	0.004344197
0.4496875	0.004436627
0.4530208	0.004559866
0.4563542	0.004652296
0.4596875	0.004775536
0.4630208	0.004867965
0.4663542	0.004991205
0.4696875	0.005114445
0.4730208	0.005206875
0.4763542	0.005268495
0.4796875	0.005330114
0.4830208	0.005330114
0.4863542	0.005299304
0.4896875	0.005268495
0.4930208	0.005206875
0.4963542	0.005145255
0.4996875	0.005114445
0.5030208	0.005052825
0.5063542	0.005022015
0.5096875	0.004991205
0.5130208	0.004991205
0.5163541	0.004991205
0.5196875	0.004991205
0.5230208	0.004991205
0.5263542	0.004929585
0.5296875	0.004867965
0.5330209	0.004806345
0.5363542	0.004683106
0.5396875	0.004529056
0.5430208	0.004344197
0.5463542	0.004159337
0.5496875	0.003912858
0.5530208	0.003666379
0.5563542	0.00338909
0.5596875	0.003142611
0.5630208	0.002896131
0.5663542	0.002711272
0.5696875	0.002588032
0.5730208	0.002495603
0.5763541	0.002495603
0.5796875	0.002557223
0.5830208	0.002649652
0.5863542	0.002803702
0.5896875	0.002957751
0.5930209	0.003080991
0.5963542	0.003173421
0.5996875	0.00323504
0.6030208	0.00323504
0.6063542	0.00323504
0.6096875	0.003204231
0.6130208	0.003142611
0.6163542	0.003111801
0.6196875	0.003111801
0.6230208	0.003111801
0.6263542	0.003142611
0.6296875	0.003204231
0.6330208	0.00326585
0.6363541	0.00335828
0.6396875	0.00348152
0.6430208	0.003604759
0.6463541	0.003727999
0.6496875	0.003882049
0.6530209	0.004005288
0.6563542	0.004128528
0.6596875	0.004220957
0.6630208	0.004251767
0.6663542	0.004220957
0.6696875	0.004097718
0.6730208	0.003912858
0.6763542	0.003697189
0.6796875	0.0034199
0.6830208	0.003142611
0.6863542	0.002896131
0.6896875	0.002742082
0.6930208	0.002649652
0.6963542	0.002649652
0.6996875	0.002772892
0.7030208	0.002957751
0.7063541	0.003173421
0.7096875	0.00338909
0.7130209	0.00354314
0.7163542	0.003635569
0.7196875	0.003635569
0.7230209	0.003573949
0.7263542	0.0034199
0.7296875	0.00323504
0.7330208	0.003050181
0.7363542	0.002865322
0.7396875	0.002742082
0.7430208	0.002649652
0.7463542	0.002649652
0.7496875	0.002680462
0.7530208	0.002742082
0.7563542	0.002834512
0.7596875	0.002926941
0.7630208	0.003019371
0.7663541	0.003142611
0.7696875	0.003204231
0.7730208	0.00329666
0.7763542	0.00338909
0.7796875	0.00348152
0.7830209	0.003573949
0.7863542	0.003666379
0.7896875	0.003758809
0.7930208	0.003851239
0.7963542	0.003912858
0.7996875	0.003974478
0.8030208	0.004005288
0.8063542	0.003974478
0.8096875	0.003943668
0.8130208	0.003851239
0.8163542	0.003727999
0.8196875	0.003604759
0.8230208	0.00348152
0.8263541	0.00335828
0.8296875	0.00323504
0.8330208	0.003142611
0.8363542	0.003080991
0.8396875	0.003050181
0.8430209	0.003019371
0.8463542	0.002988561
0.8496875	0.002957751
0.8530208	0.002957751
0.8563542	0.002926941
0.8596875	0.002896131
0.8630208	0.002865322
0.8663542	0.002834512
0.8696875	0.002834512
0.8730208	0.002803702
0.8763542	0.002803702
0.8796875	0.002834512
0.8830208	0.002865322
0.8863541	0.002926941
0.8896875	0.003019371
0.8930208	0.003142611
0.8963541	0.00332747
0.8996875	0.00354314
0.9030209	0.003789619
0.9063542	0.004036098
0.9096875	0.004313387
0.9130208	0.004559866
0.9163542	0.004775536
0.9196875	0.004960395
0.9230208	0.005083635
0.9263542	0.005176065
0.9296875	0.005237685
0.9330208	0.005268495
0.9363542	0.005268495
0.9396875	0.005237685
0.9430208	0.005206875
0.9463542	0.005145255
0.9496875	0.005114445
0.9530208	0.005052825
0.9563541	0.005022015
0.9596875	0.004960395
0.9630209	0.004898775
0.9663542	0.004837155
0.9696875	0.004744726
0.9730209	0.004652296
0.9763542	0.004529056
0.9796875	0.004344197
0.9830208	0.004159337
0.9863542	0.003974478
0.9896875	0.003758809
0.9930208	0.003573949
0.9963542	0.00338909
0.9996875	0.00323504
1.003021	0.003111801
1.006354	0.003019371
1.009688	0.002926941
1.013021	0.002865322
1.016354	0.002772892
1.019688	0.002711272
1.023021	0.002649652
1.026354	0.002588032
1.029688	0.002557223
1.033021	0.002557223
1.036354	0.002557223
1.039688	0.002618842
1.043021	0.002711272
1.046354	0.002834512
1.049688	0.002988561
1.053021	0.003173421
1.056354	0.00335828
1.059687	0.003573949
1.063021	0.003758809
1.066354	0.003912858
1.069687	0.004066908
1.073021	0.004190147
1.076354	0.004313387
1.079687	0.004375007
1.083021	0.004467437
1.086354	0.004498246
1.089687	0.004529056
1.093021	0.004559866
1.096354	0.004590676
1.099687	0.004652296
1.103021	0.004652296
1.106354	0.004683106
1.109687	0.004683106
1.113021	0.004683106
1.116354	0.004652296
1.119688	0.004652296
1.123021	0.004621486
1.126354	0.004590676
1.129688	0.004529056
1.133021	0.004498246
1.136354	0.004467437
1.139688	0.004467437
1.143021	0.004436627
1.146354	0.004405817
1.149688	0.004344197
1.153021	0.004282577
1.156354	0.004220957
1.159688	0.004128528
1.163021	0.004036098
1.166354	0.003912858
1.169688	0.003820429
1.173021	0.003727999
1.176354	0.003635569
1.179688	0.00354314
1.183021	0.00348152
1.186354	0.00338909
1.189687	0.00335828
1.193021	0.00329666
1.196354	0.00326585
1.199687	0.00323504
1.203021	0.00323504
1.206354	0.00323504
1.209687	0.00326585
1.213021	0.00326585
1.216354	0.00329666
1.219687	0.00329666
1.223021	0.00326585
1.226354	0.00326585
1.229687	0.003204231
1.233021	0.003173421
1.236354	0.003111801
1.239687	0.003050181
1.243021	0.003019371
1.246354	0.003019371
1.249688	0.003050181
1.253021	0.003142611
1.256354	0.00326585
1.259688	0.00345071
1.263021	0.003666379
1.266354	0.003943668
1.269688	0.004251767
1.273021	0.004559866
1.276354	0.004806345
1.279688	0.005052825
1.283021	0.005206875
1.286354	0.005299304
1.289688	0.005299304
1.293021	0.005206875
1.296354	0.005052825
1.299688	0.004837155
1.303021	0.004559866
1.306354	0.004282577
1.309687	0.004005288
1.313021	0.003727999
1.316354	0.00348152
1.319687	0.00326585
1.323021	0.003111801
1.326354	0.002988561
1.329687	0.002896131
1.333021	0.002896131
1.336354	0.002926941
1.339687	0.003019371
1.343021	0.003173421
1.346354	0.00329666
1.349687	0.00345071
1.353021	0.003573949
1.356354	0.003666379
1.359687	0.003697189
1.363021	0.003666379
1.366354	0.003604759
1.369688	0.00348152
1.373021	0.00335828
1.376354	0.00323504
1.379688	0.003111801
1.383021	0.002988561
1.386354	0.002896131
1.389688	0.002834512
1.393021	0.002803702
1.396354	0.002803702
1.399688	0.002772892
1.403021	0.002772892
1.406354	0.002772892
1.409688	0.002772892
1.413021	0.002803702
1.416354	0.002803702
1.419688	0.002834512
1.423021	0.002865322
1.426354	0.002896131
1.429688	0.002957751
1.433021	0.002988561
1.436354	0.003050181
1.439687	0.003111801
1.443021	0.003173421
1.446354	0.00323504
1.449687	0.00329666
1.453021	0.00335828
1.456354	0.0034199
1.459687	0.00348152
1.463021	0.003573949
1.466354	0.003666379
1.469687	0.003789619
1.473021	0.003943668
1.476354	0.004097718
1.479687	0.004282577
1.483021	0.004436627
1.486354	0.004559866
1.489687	0.004652296
1.493021	0.004713916
1.496354	0.004683106
1.499688	0.004652296
1.503021	0.004529056
1.506354	0.004375007
1.509688	0.004159337
1.513021	0.003943668
1.516354	0.003697189
1.519688	0.00348152
1.523021	0.00329666
1.526354	0.003111801
1.529688	0.002988561
1.533021	0.002926941
1.536354	0.002896131
1.539688	0.002896131
1.543021	0.002988561
1.546354	0.003111801
1.549688	0.00326585
1.553021	0.0034199
1.556354	0.003573949
1.559687	0.003727999
1.563021	0.003882049
1.566354	0.003943668
1.569687	0.003974478
1.573021	0.003974478
1.576354	0.003882049
1.579687	0.003789619
1.583021	0.003697189
1.586354	0.003573949
1.589687	0.00351233
1.593021	0.00345071
1.596354	0.00345071
1.599687	0.00348152
1.603021	0.00354314
1.606354	0.003635569
1.609687	0.003697189
1.613021	0.003789619
1.616354	0.003851239
1.619688	0.003851239
1.623021	0.003851239
1.626354	0.003820429
1.629688	0.003789619
1.633021	0.003727999
1.636354	0.003697189
1.639688	0.003635569
1.643021	0.003604759
1.646354	0.00354314
1.649688	0.00348152
1.653021	0.00338909
1.656354	0.00326585
1.659688	0.003142611
1.663021	0.002957751
1.666354	0.002772892
1.669688	0.002557223
1.673021	0.002372363
1.676354	0.002187503
1.679688	0.002064264
1.683021	0.001971834
1.686354	0.001910214
1.689687	0.001910214
1.693021	0.001941024
1.696354	0.002033454
1.699687	0.002156693
1.703021	0.002249123
1.706354	0.002372363
1.709687	0.002464793
1.713021	0.002495603
1.716354	0.002526413
1.719687	0.002495603
1.723021	0.002433983
1.726354	0.002310743
1.729687	0.002187503
1.733021	0.002064264
1.736354	0.001941024
1.739687	0.001848595
1.743021	0.001786975
1.746354	0.001725355
1.749688	0.001725355
1.753021	0.001756165
1.756354	0.001786975
1.759688	0.001817785
1.763021	0.001848595
1.766354	0.001879404
1.769688	0.001879404
1.773021	0.001879404
1.776354	0.001879404
1.779688	0.001910214
1.783021	0.001941024
1.786354	0.002002644
1.789688	0.002064264
1.793021	0.002187503
1.796354	0.002279933
1.799688	0.002403173
1.803021	0.002526413
1.806354	0.002649652
1.809687	0.002742082
1.813021	0.002834512
1.816354	0.002896131
1.819687	0.002988561
1.823021	0.003019371
1.826354	0.003050181
1.829687	0.003080991
1.833021	0.003050181
1.836354	0.002988561
1.839687	0.002926941
1.843021	0.002834512
1.846354	0.002742082
1.849687	0.002618842
1.853021	0.002526413
1.856354	0.002433983
1.859687	0.002372363
1.863021	0.002403173
1.866354	0.002464793
1.869688	0.002557223
1.873021	0.002711272
1.876354	0.002896131
1.879688	0.003111801
1.883021	0.00329666
1.886354	0.00351233
1.889688	0.003635569
1.893021	0.003727999
1.896354	0.003727999
1.899688	0.003666379
1.903021	0.003573949
1.906354	0.00345071
1.909688	0.00329666
1.913021	0.003142611
1.916354	0.002957751
1.919688	0.002834512
1.923021	0.002711272
1.926354	0.002649652
1.929688	0.002588032
1.933021	0.002557223
1.936354	0.002526413
1.939687	0.002526413
1.943021	0.002557223
1.946354	0.002588032
1.949687	0.002649652
1.953021	0.002711272
1.956354	0.002803702
1.959687	0.002865322
1.963021	0.002957751
1.966354	0.003050181
1.969687	0.003111801
1.973021	0.003173421
1.976354	0.003204231
1.979687	0.003173421
1.983021	0.003142611
1.986354	0.003111801
1.989687	0.003050181
1.993021	0.002957751
1.996354	0.002834512
1.999688	0.002742082
2.003021	0.002618842
2.006354	0.002557223
2.009687	0.002526413
2.013021	0.002526413
2.016354	0.002557223
2.019687	0.002649652
2.023021	0.002742082
2.026354	0.002865322
2.029687	0.002988561
2.033021	0.003080991
2.036354	0.003173421
2.039687	0.003173421
2.043021	0.003173421
2.046354	0.003080991
2.049687	0.002988561
2.053021	0.002865322
2.056354	0.002742082
2.059688	0.002649652
2.063021	0.002557223
2.066354	0.002495603
2.069688	0.002464793
2.073021	0.002495603
2.076354	0.002495603
2.079688	0.002526413
2.083021	0.002526413
2.086354	0.002526413
2.089688	0.002526413
2.093021	0.002464793
2.096354	0.002403173
2.099688	0.002310743
2.103021	0.002218313
2.106354	0.002125884
2.109688	0.002033454
2.113021	0.001941024
2.116354	0.001879404
2.119688	0.001848595
2.123021	0.001786975
2.126354	0.001756165
2.129688	0.001756165
2.133021	0.001756165
2.136354	0.001786975
2.139688	0.001848595
2.143021	0.001941024
2.146354	0.002095074
2.149688	0.002249123
2.153021	0.002403173
2.156354	0.002557223
2.159688	0.002711272
2.163021	0.002834512
2.166354	0.002896131
2.169688	0.002896131
2.173021	0.002834512
2.176354	0.002742082
2.179688	0.002618842
2.183021	0.002495603
2.186354	0.002403173
2.189687	0.002341553
2.193021	0.002279933
2.196354	0.002279933
2.199687	0.002341553
2.203021	0.002403173
2.206354	0.002495603
2.209687	0.002588032
2.213021	0.002680462
2.216354	0.002772892
2.219687	0.002865322
2.223021	0.002926941
2.226354	0.003019371
2.229687	0.003080991
2.233021	0.003173421
2.236354	0.00326585
2.239687	0.00335828
2.243021	0.00345071
2.246354	0.00354314
2.249687	0.003573949
2.253021	0.003604759
2.256354	0.003604759
2.259687	0.00354314
2.263021	0.00345071
2.266354	0.00335828
2.269687	0.00323504
2.273021	0.003080991
2.276354	0.002957751
2.279687	0.002834512
2.283021	0.002711272
2.286354	0.002649652
2.289687	0.002588032
2.293021	0.002526413
2.296354	0.002526413
2.299687	0.002526413
2.303021	0.002557223
2.306354	0.002618842
2.309688	0.002680462
2.313021	0.002772892
2.316354	0.002834512
2.319688	0.002865322
2.323021	0.002896131
2.326354	0.002896131
2.329688	0.002896131
2.333021	0.002834512
2.336354	0.002772892
2.339688	0.002711272
2.343021	0.002618842
2.346354	0.002557223
2.349688	0.002495603
2.353021	0.002464793
2.356354	0.002403173
2.359688	0.002372363
2.363021	0.002372363
2.366354	0.002341553
2.369688	0.002279933
2.373021	0.002218313
2.376354	0.002156693
2.379688	0.002064264
2.383021	0.001941024
2.386354	0.001848595
2.389688	0.001725355
2.393021	0.001663735
2.396354	0.001602115
2.399688	0.001571305
2.403021	0.001602115
2.406354	0.001694545
2.409688	0.001786975
2.413021	0.001910214
2.416354	0.002064264
2.419688	0.002187503
2.423021	0.002341553
2.426354	0.002464793
2.429688	0.002557223
2.433021	0.002618842
2.436354	0.002618842
2.439687	0.002557223
2.443021	0.002464793
2.446354	0.002310743
2.449687	0.002125884
2.453021	0.001910214
2.456354	0.001694545
2.459687	0.001478876
2.463021	0.001324826
2.466354	0.001170776
2.469687	0.001109157
2.473021	0.001078347
2.476354	0.001078347
2.479687	0.001139967
2.483021	0.001232396
2.486354	0.001324826
2.489687	0.001417256
2.493021	0.001509686
2.496354	0.001571305
2.499687	0.001632925
2.503021	0.001663735
2.506354	0.001663735
2.509687	0.001663735
2.513021	0.001602115
2.516354	0.001540495
2.519687	0.001478876
2.523021	0.001417256
2.526354	0.001386446
2.529687	0.001355636
2.533021	0.001355636
2.536354	0.001417256
2.539687	0.001478876
2.543021	0.001571305
2.546354	0.001663735
2.549687	0.001756165
2.553021	0.001817785
2.556354	0.001879404
2.559688	0.001910214
2.563021	0.001910214
2.566354	0.001941024
2.569688	0.001941024
2.573021	0.001941024
2.576354	0.001971834
2.579688	0.001971834
2.583021	0.001941024
2.586354	0.001910214
2.589688	0.001879404
2.593021	0.001756165
2.596354	0.001632925
2.599688	0.001448066
2.603021	0.001263206
2.606354	0.001078347
2.609688	0.0008934874
2.613021	0.0007702477
2.616354	0.0007086279
2.619688	0.000677818
2.623021	0.0007394378
2.626354	0.0008626775
2.629688	0.001047537
2.633021	0.001263206
2.636354	0.001478876
2.639688	0.001694545
2.643021	0.001848595
2.646354	0.001971834
2.649688	0.002033454
2.653021	0.002002644
2.656354	0.001941024
2.659688	0.001786975
2.663021	0.001632925
2.666354	0.001448066
2.669688	0.001263206
2.673021	0.001109157
2.676354	0.001047537
2.679688	0.001016727
2.683021	0.001016727
2.686354	0.001078347
2.689687	0.001170776
2.693021	0.001263206
2.696354	0.001324826
2.699687	0.001386446
2.703021	0.001417256
2.706354	0.001417256
2.709687	0.001448066
2.713021	0.001448066
2.716354	0.001509686
2.719687	0.001602115
2.723021	0.001725355
2.726354	0.001879404
2.729687	0.002064264
2.733021	0.002249123
2.736354	0.002433983
2.739687	0.002557223
2.743021	0.002649652
2.746354	0.002711272
2.749687	0.002680462
2.753021	0.002618842
2.756354	0.002526413
2.759687	0.002403173
2.763021	0.002249123
2.766354	0.002064264
2.769687	0.001910214
2.773021	0.001725355
2.776354	0.001540495
2.779687	0.001355636
2.783021	0.001201586
2.786354	0.001078347
2.789687	0.0009551072
2.793021	0.0008626775
2.796354	0.0008010576
2.799687	0.0007702477
2.803021	0.0007702477
2.806354	0.0008010576
2.809688	0.0008626775
2.813021	0.0009551072
2.816354	0.001047537
2.819688	0.001170776
2.823021	0.001294016
2.826354	0.001417256
2.829688	0.001571305
2.833021	0.001694545
2.836354	0.001817785
2.839688	0.001910214
2.843021	0.002002644
2.846354	0.002033454
2.849688	0.002033454
2.853021	0.002033454
2.856354	0.002002644
2.859688	0.001941024
2.863021	0.001910214
2.866354	0.001910214
2.869688	0.001910214
2.873021	0.001910214
2.876354	0.001941024
2.879688	0.002002644
2.883021	0.002033454
2.886354	0.002095074
2.889688	0.002156693
2.893021	0.002187503
2.896354	0.002249123
2.899688	0.002310743
2.903021	0.002372363
2.906354	0.002464793
2.909688	0.002526413
2.913021	0.002618842
2.916354	0.002711272
2.919688	0.002772892
2.923021	0.002834512
2.926354	0.002834512
2.929688	0.002803702
2.933021	0.002742082
2.936354	0.002649652
2.939687	0.002495603
2.943021	0.002341553
2.946354	0.002125884
2.949687	0.001941024
2.953021	0.001725355
2.956354	0.001509686
2.959687	0.001324826
2.963021	0.001170776
2.966354	0.001016727
2.969687	0.0008934874
2.973021	0.0007702477
2.976354	0.000677818
2.979687	0.0006161981
2.983021	0.0005545783
2.986354	0.0005853882
2.989687	0.0006161981
2.993021	0.0007394378
2.996354	0.0008934874
2.999687	0.001109157
3.003021	0.001355636
3.006354	0.001632925
3.009687	0.001879404
3.013021	0.002064264
3.016354	0.002218313
3.019687	0.002279933
3.023021	0.002310743
3.026354	0.002279933
3.029687	0.002249123
3.033021	0.002218313
3.036354	0.002187503
3.039687	0.002218313
3.043021	0.002279933
3.046354	0.002403173
3.049687	0.002526413
3.053021	0.002680462
3.056354	0.002834512
3.059688	0.002926941
3.063021	0.002957751
3.066354	0.002957751
3.069688	0.002865322
3.073021	0.002772892
3.076354	0.002649652
3.079688	0.002526413
3.083021	0.002403173
3.086354	0.002341553
3.089688	0.002341553
3.093021	0.002372363
3.096354	0.002433983
3.099688	0.002557223
3.103021	0.002649652
3.106354	0.002742082
3.109688	0.002834512
3.113021	0.002865322
3.116354	0.002865322
3.119688	0.002834512
3.123021	0.002803702
3.126354	0.002711272
3.129688	0.002649652
3.133021	0.002557223
3.136354	0.002464793
3.139688	0.002372363
3.143021	0.002279933
3.146354	0.002187503
3.149688	0.002095074
3.153021	0.002002644
3.156354	0.001910214
3.159688	0.001817785
3.163021	0.001786975
3.166354	0.001756165
3.169688	0.001756165
3.173021	0.001817785
3.176354	0.001910214
3.179688	0.002033454
3.183021	0.002156693
3.186354	0.002279933
3.189687	0.002403173
3.193021	0.002495603
3.196354	0.002588032
3.199687	0.002680462
3.203021	0.002711272
3.206354	0.002742082
3.209687	0.002742082
3.213021	0.002711272
3.216354	0.002711272
3.219687	0.002711272
3.223021	0.002711272
3.226354	0.002742082
3.229687	0.002834512
3.233021	0.002988561
3.236354	0.00323504
3.239687	0.003573949
3.243021	0.004005288
3.246354	0.004559866
3.249687	0.005206875
3.253021	0.005977122
3.256354	0.00677818
3.259687	0.007702477
3.263021	0.008688394
3.266354	0.009735931
3.269687	0.0108759
3.273021	0.0121391
3.276354	0.01346393
3.279687	0.01494281
3.283021	0.01651411
3.286354	0.01820866
3.289687	0.02005725
3.293021	0.02199828
3.296354	0.02403173
3.299687	0.02615761
3.303021	0.02837593
3.306354	0.03065586
3.309688	0.03299741
3.313021	0.03543139
3.316354	0.03789619
3.319688	0.04045341
3.323021	0.04307225
3.326354	0.04578353
3.329688	0.04858723
3.333021	0.05148336
3.336354	0.05450273
3.339688	0.05761453
3.343021	0.06078795
3.346354	0.0640538
3.349688	0.06738127
3.353021	0.07070874
3.356354	0.07409783
3.359688	0.07745611
3.363021	0.08081439
3.366354	0.08417267
3.369688	0.08753095
3.373021	0.09088923
3.376354	0.09427832
3.379688	0.09766741
3.383021	0.1010873
3.386354	0.1045072
3.389688	0.1079579
3.393021	0.1114394
3.396354	0.1149826
3.399688	0.1185873
3.403021	0.1222537
3.406354	0.1260433
3.409688	0.1299254
3.413021	0.1339307
3.416354	0.13809
3.419688	0.1423418
3.423021	0.1467476
3.426354	0.151215
3.429688	0.1558057
3.433021	0.160458
3.436354	0.1652027
3.439687	0.1700707
3.443021	0.1750003
3.446354	0.1800839
3.449687	0.18526
3.453021	0.1905901
3.456354	0.1960126
3.459687	0.2015892
3.463021	0.2072891
3.466354	0.2131121
3.469687	0.2189968
3.473021	0.2250048
3.476354	0.2311051
3.479687	0.2372671
3.483021	0.2434907
3.486354	0.2497759
3.489687	0.2561228
3.493021	0.262562
3.496354	0.2690937
3.499687	0.2757487
3.503021	0.2825268
3.506354	0.2894591
3.509687	0.2965762
3.513021	0.3038781
3.516354	0.3113649
3.519687	0.3190366
3.523021	0.3268623
3.526354	0.3347805
3.529687	0.3428219
3.533021	0.3508941
3.536354	0.3590587
3.539687	0.3672541
3.543021	0.3755112
3.546354	0.3838299
3.549687	0.392241
3.553021	0.4007753
3.556354	0.4094637
3.559688	0.4183369
3.563021	0.4274259
3.566354	0.4367305
3.569688	0.4462815
3.573021	0.4560791
3.576354	0.4661847
3.579688	0.4765369
3.583021	0.4871971
3.586354	0.4981346
3.589688	0.5093494
3.593021	0.5209031
3.596354	0.5327341
3.599688	0.544904
3.603021	0.557382
3.606354	0.5701681
3.609688	0.5832623
3.613021	0.5967263
3.616354	0.6104675
3.619688	0.6245168
3.623021	0.6388435
3.626354	0.6534166
3.629688	0.6681745
3.633021	0.6831173
3.636354	0.6981834
3.639688	0.713311
3.643021	0.7284387
3.646354	0.7435664
3.649688	0.7586016
3.653021	0.7735444
3.656354	0.7883023
3.659688	0.8028754
3.663021	0.817202
3.666354	0.8312822
3.669688	0.845085
3.673021	0.8585489
3.676354	0.8717048
3.679688	0.8844601
3.683021	0.8968148
3.686354	0.9087383
3.689687	0.9201996
3.693021	0.9311371
3.696354	0.9415816
3.699687	0.9514716
3.703021	0.9608378
3.706354	0.9697111
3.709687	0.9780914
3.713021	0.9860095
3.716354	0.9934963
3.719687	1.000613
3.723021	1.007422
3.726354	1.013954
3.729687	1.020332
3.733021	1.026617
3.736354	1.032933
3.739687	1.039372
3.743021	1.046089
3.746354	1.053175
3.749687	1.060785
3.753021	1.069011
3.756354	1.077977
3.759687	1.087867
3.763021	1.098774
3.766354	1.11082
3.769687	1.124223
3.773021	1.139073
3.776354	1.155556
3.779687	1.173827
3.783021	1.194038
3.786354	1.216314
3.789687	1.240838
3.793021	1.267674
3.796354	1.296912
3.799687	1.328647
3.803021	1.362938
3.806354	1.399817
3.809688	1.439285
3.813021	1.48134
3.816354	1.525953
3.819688	1.573092
3.823021	1.622604
3.826354	1.674488
3.829688	1.728528
3.833021	1.784633
3.836354	1.842587
3.839688	1.902235
3.843021	1.963331
3.846354	2.02569
3.849688	2.089004
3.853021	2.152996
3.856354	2.21742
3.859688	2.281905
3.863021	2.346144
3.866354	2.409828
3.869688	2.472557
3.873021	2.534084
3.876354	2.593979
3.879688	2.651932
3.883021	2.707606
3.886354	2.76066
3.889688	2.810788
3.893021	2.857712
3.896354	2.901154
3.899688	2.940806
3.903021	2.976484
3.906354	3.007941
3.909688	3.035023
3.913021	3.057606
3.916354	3.075568
3.919688	3.088847
3.923021	3.097413
3.926354	3.101264
3.929688	3.100401
3.933021	3.094948
3.936354	3.084935
3.939687	3.070516
3.943021	3.051752
3.946354	3.028861
3.949687	3.001964
3.953021	2.971277
3.956354	2.936985
3.959687	2.899336
3.963021	2.858574
3.966354	2.814947
3.969687	2.768733
3.973021	2.720238
3.976354	2.669709
3.979687	2.617487
3.983021	2.563816
3.986354	2.508974
3.989687	2.453239
3.993021	2.396888
3.996354	2.340136
3.999687	2.283261
4.003021	2.226509
4.006354	2.170096
4.009687	2.114299
4.013021	2.059303
4.016354	2.005325
4.019688	1.952547
4.023021	1.901218
4.026354	1.851491
4.029687	1.80352
4.033021	1.757459
4.036354	1.713493
4.039688	1.671746
4.043021	1.632371
4.046354	1.595584
4.049687	1.561508
4.053021	1.530328
4.056354	1.50223
4.059688	1.477458
4.063021	1.456169
4.066354	1.438638
4.069687	1.425082
4.073021	1.415777
4.076354	1.411001
4.079688	1.411063
4.083021	1.41627
4.086354	1.426961
4.089687	1.443568
4.093021	1.466521
4.096354	1.496252
4.099688	1.533317
4.103021	1.578268
4.106354	1.6316
4.109687	1.694021
4.113021	1.766086
4.116354	1.848471
4.119688	1.941825
4.123021	2.046856
4.126354	2.164242
4.129687	2.294629
4.133021	2.438727
4.136354	2.597214
4.139688	2.770766
4.143021	2.960062
4.146354	3.165657
4.149687	3.388135
4.153021	3.627959
4.156354	3.885438
4.159688	4.160847
4.163021	4.45425
4.166354	4.765646
4.169687	5.094788
4.173021	5.441307
4.176354	5.804741
4.179688	6.184442
4.183021	6.579579
4.186354	6.989259
4.189688	7.41234
4.193021	7.847499
4.196354	8.293288
4.199687	8.74798
4.203021	9.209728
4.206354	9.676498
4.209688	10.14601
4.213021	10.61589
4.216354	11.08371
4.219687	11.54694
4.223021	12.00302
4.226354	12.44939
4.229688	12.88356
4.233021	13.30301
4.236354	13.70533
4.239687	14.08814
4.243021	14.44923
4.246354	14.78638
4.249688	15.09756
4.253021	15.38086
4.256354	15.63461
4.259687	15.85727
4.263021	16.04765
4.266354	16.20469
4.269688	16.32771
4.273021	16.41632
4.276354	16.4703
4.279687	16.4898
4.283021	16.4752
4.286354	16.42707
4.289688	16.34623
4.293021	16.23368
4.296354	16.0906
4.299687	15.91831
4.303021	15.71829
4.306354	15.49218
4.309688	15.24172
4.313021	14.96878
4.316354	14.67535
4.319687	14.36346
4.323021	14.03518
4.326354	13.69269
4.329688	13.3381
4.333021	12.9735
4.336354	12.60088
4.339687	12.22217
4.343021	11.8392
4.346354	11.45371
4.349688	11.06729
4.353021	10.68152
4.356354	10.29781
4.359687	9.917555
4.363021	9.541951
4.366354	9.17214
4.369688	8.80923
4.373021	8.454084
4.376354	8.107535
4.379687	7.770167
4.383021	7.442565
4.386354	7.125069
4.389688	6.818079
4.393021	6.521718
4.396354	6.236203
4.399687	5.961594
4.403021	5.697923
4.406354	5.445159
4.409688	5.203208
4.413021	4.971949
4.416354	4.751227
4.419687	4.540733
4.423021	4.340192
4.426354	4.149293
4.429688	3.967669
4.433021	3.79498
4.436354	3.630825
4.439688	3.474865
4.443021	3.326762
4.446354	3.186114
4.449687	3.052677
4.453021	2.92611
4.456354	2.806074
4.459688	2.692262
4.463021	2.584397
4.466354	2.482139
4.469687	2.385241
4.473021	2.293366
4.476354	2.206236
4.479688	2.123634
4.483021	2.045254
4.486354	1.970941
4.489687	1.900417
4.493021	1.833528
4.496354	1.77006
4.499688	1.709827
4.503021	1.652674
4.506354	1.598387
4.509687	1.546842
4.513021	1.497885
4.516354	1.451301
4.519688	1.406935
4.523021	1.364725
4.526354	1.324487
4.529687	1.28616
4.533021	1.24965
4.536354	1.214896
4.539688	1.181806
4.543021	1.150411
4.546354	1.120587
4.549687	1.092365
4.553021	1.065622
4.556354	1.040327
4.559688	1.01645
4.563021	0.993866
4.566354	0.9725456
4.569687	0.9524267
4.573021	0.9334786
4.576354	0.9156397
4.579688	0.8989407
4.583021	0.8833509
4.586354	0.8689319
4.589687	0.8556836
4.593021	0.8436369
4.596354	0.8328843
4.599688	0.8233948
4.603021	0.8152302
4.606354	0.808452
4.609687	0.8030603
4.613021	0.7990858
4.616354	0.796621
4.619688	0.7956659
4.623021	0.7963745
4.626354	0.7988085
4.629687	0.8030295
4.633021	0.8091606
4.636354	0.8173253
4.639688	0.827585
4.643021	0.840063
4.646354	0.8549134
4.649687	0.8722285
4.653021	0.8921317
4.656354	0.914777
4.659688	0.9403492
4.663021	0.9690024
4.666354	1.000922
4.669687	1.036322
4.673021	1.075358
4.676354	1.118246
4.679688	1.165169
4.683021	1.216314
4.686354	1.271895
4.689688	1.332066
4.693021	1.397014
4.696354	1.466983
4.699687	1.542159
4.703021	1.622789
4.706354	1.709087
4.709688	1.801332
4.713021	1.899739
4.716354	2.004647
4.719687	2.116363
4.723021	2.235228
4.726354	2.361579
4.729688	2.495911
4.733021	2.638715
4.736354	2.790515
4.739687	2.951959
4.743021	3.123724
4.746354	3.306581
4.749688	3.501423
4.753021	3.709205
4.756354	3.931005
4.759687	4.167964
4.763021	4.421437
4.766354	4.692903
4.769688	4.984057
4.773021	5.296778
4.776354	5.633161
4.779687	5.995454
4.783021	6.386216
4.786354	6.808096
4.789688	7.264052
4.793021	7.757196
4.796354	8.290854
4.799687	8.868601
4.803021	9.494134
4.806354	10.17143
4.809688	10.90464
4.813021	11.69812
4.816354	12.55633
4.819687	13.48371
4.823021	14.48479
4.826354	15.56396
4.829688	16.72547
4.833021	17.97333
4.836354	19.31134
4.839687	20.74293
4.843021	22.27113
4.846354	23.89863
4.849688	25.62765
4.853021	27.45986
4.856354	29.3962
4.859687	31.43683
4.863021	33.58089
4.866354	35.82644
4.869688	38.17036
4.873021	40.60826
4.876354	43.13446
4.879687	45.7419
4.883021	48.42236
4.886354	51.16657
4.889688	53.96411
4.893021	56.80361
4.896354	59.67272
4.899687	62.5581
4.903021	65.44551
4.906354	68.31983
4.909688	71.16522
4.913021	73.96516
4.916354	76.70268
4.919687	79.36044
4.923021	81.92121
4.926354	84.36801
4.929688	86.68451
4.933021	88.85519
4.936354	90.86548
4.939688	92.702
4.943021	94.35267
4.946354	95.80674
4.949687	97.0551
4.953021	98.09003
4.956354	98.9056
4.959688	99.49731
4.963021	99.86246
4.966354	100
4.969687	99.91068
4.973021	99.59701
4.976354	99.06316
4.979688	98.31516
4.983021	97.36048
4.986354	96.20822
4.989687	94.86879
4.993021	93.35384
4.996354	91.6759
4.999688	89.84838
5.003021	87.88499
5.006354	85.79987
5.009687	83.6071
5.013021	81.32085
5.016354	78.95516
5.019688	76.52398
5.023021	74.04092
5.026354	71.51928
5.029687	68.97214
5.033021	66.41202
5.036354	63.85098
5.039688	61.30038
5.043021	58.77064
5.046354	56.27131
5.049687	53.81083
5.053021	51.39672
5.056354	49.03545
5.059688	46.73272
5.063021	44.49327
5.066354	42.32108
5.069687	40.21959
5.073021	38.1915
5.076354	36.23911
5.079688	34.36395
5.083021	32.56709
5.086354	30.84888
5.089687	29.20909
5.093021	27.64696
5.096354	26.16131
5.099688	24.75056
5.103021	23.41279
5.106354	22.14582
5.109687	20.94735
5.113021	19.81496
5.116354	18.74626
5.119688	17.73868
5.123021	16.78967
5.126354	15.89656
5.129687	15.05662
5.133021	14.26711
5.136354	13.52533
5.139688	12.82854
5.143021	12.1741
5.146354	11.55948
5.149687	10.98216
5.153021	10.43988
5.156354	9.930372
5.159688	9.451617
5.163021	9.001638
5.166354	8.578526
5.169687	8.180492
5.173021	7.805875
5.176354	7.45304
5.179688	7.120478
5.183021	6.806772
5.186354	6.510627
5.189688	6.230811
5.193021	5.966247
5.196354	5.715916
5.199687	5.478926
5.203021	5.254445
5.206354	5.04161
5.209688	4.839774
5.213021	4.648229
5.216354	4.466358
5.219687	4.293545
5.223021	4.129267
5.226354	3.97303
5.229688	3.824372
5.233021	3.682832
5.236354	3.5481
5.239687	3.419807
5.243021	3.297646
5.246354	3.181339
5.249688	3.070577
5.253021	2.965176
5.256354	2.86489
5.259687	2.769472
5.263021	2.678768
5.266354	2.592561
5.269688	2.510638
5.273021	2.432843
5.276354	2.358991
5.279687	2.28893
5.283021	2.222473
5.286354	2.159436
5.289688	2.099726
5.293021	2.043128
5.296354	1.989519
5.299687	1.938775
5.303021	1.890742
5.306354	1.845329
5.309688	1.802349
5.313021	1.761711
5.316354	1.723229
5.319687	1.686843
5.323021	1.652335
5.326354	1.619646
5.329688	1.588621
5.333021	1.559105
5.336354	1.531006
5.339687	1.504232
5.343021	1.47866
5.346354	1.454197
5.349688	1.43072
5.353021	1.408167
5.356354	1.386446
5.359687	1.365434
5.363021	1.345068
5.366354	1.325288
5.369688	1.30594
5.373021	1.287022
5.376354	1.268413
5.379687	1.250112
5.383021	1.232057
5.386354	1.214218
5.389688	1.196595
5.393021	1.179126
5.396354	1.161811
5.399687	1.144619
5.403021	1.127581
5.406354	1.110666
5.409688	1.093813
5.413021	1.077053
5.416354	1.060385
5.419687	1.043747
5.423021	1.027141
5.426354	1.010627
5.429688	0.9941125
5.433021	0.9776292
5.436354	0.9612075
5.439688	0.9448167
5.443021	0.9284874
5.446354	0.9122198
5.449687	0.8960138
5.453021	0.8799002
5.456354	0.8639715
5.459688	0.848166
5.463021	0.8325454
5.466354	0.8171404
5.469687	0.8019203
5.473021	0.7869467
5.476354	0.7722196
5.479688	0.7577081
5.483021	0.7434123
5.486354	0.7293322
5.489687	0.7154985
5.493021	0.7018806
5.496354	0.6885399
5.499688	0.6754457
5.503021	0.6625979
5.506354	0.6500583
5.509687	0.6377959
5.513021	0.62578
5.516354	0.6140723
5.519688	0.6026418
5.523021	0.5915194
5.526354	0.5806435
5.529687	0.5700449
5.533021	0.5597236
5.536354	0.5496179
5.539688	0.5397896
5.543021	0.5301461
5.546354	0.5207182
5.549687	0.5114753
5.553021	0.5024172
5.556354	0.4935131
5.559688	0.4847939
5.563021	0.4762904
5.566354	0.4679717
5.569687	0.4598687
5.573021	0.4520122
5.576354	0.4443713
5.579688	0.4369769
5.583021	0.4297674
5.586354	0.4227736
5.589687	0.4159646
5.593021	0.4093096
5.596354	0.4027471
5.599688	0.3962771
5.603021	0.3899302
5.606354	0.383645
5.609687	0.3774214
5.613021	0.3713518
5.616354	0.3653439
5.619688	0.35949
5.623021	0.3537286
5.626354	0.3481212
5.629687	0.342637
5.633021	0.3373069
5.636354	0.3320692
5.639688	0.3269856
5.643021	0.3219944
5.646354	0.3170956
5.649687	0.31232
5.653021	0.3076369
5.656354	0.3030462
5.659688	0.298548
5.663021	0.2941422
5.666354	0.289798
5.669687	0.2855462
5.673021	0.2813253
5.676354	0.2771659
5.679688	0.2730682
5.683021	0.2690013
5.686354	0.264996
5.689688	0.2610215
5.693021	0.2571087
5.696354	0.2532266
5.699687	0.249437
5.703021	0.2457398
5.706354	0.2421043
5.709688	0.2385611
5.713021	0.2350796
5.716354	0.2316597
5.719687	0.2282706
5.723021	0.2249431
5.726354	0.2216465
5.729688	0.2183806
5.733021	0.2151148
5.736354	0.2118797
5.739687	0.2086755
5.743021	0.2055329
5.746354	0.2024519
5.749688	0.1994634
5.753021	0.1965364
5.756354	0.1937327
5.759687	0.1910522
5.763021	0.188495
5.766354	0.1860302
5.769688	0.1837195
5.773021	0.1814704
5.776354	0.1792829
5.779687	0.1771878
5.783021	0.1751235
5.786354	0.1730593
5.789688	0.1710566
5.793021	0.1690232
5.796354	0.1670205
5.799687	0.1650179
5.803021	0.163046
5.806354	0.1611358
5.809688	0.1592872
5.813021	0.1575002
5.816354	0.1557441
5.819687	0.1540803
5.823021	0.1524474
5.826354	0.1508761
5.829688	0.1493356
5.833021	0.1478259
5.836354	0.1463471
5.839687	0.144899
5.843021	0.1434509
5.846354	0.1420645
5.849688	0.1407088
5.853021	0.1394148
5.856354	0.1381516
5.859687	0.1369808
5.863021	0.1358717
5.866354	0.1348242
5.869688	0.1338074
5.873021	0.1328215
5.876354	0.1318972
5.879687	0.1310037
5.883021	0.130141
5.886354	0.1293092
5.889688	0.1284465
5.893021	0.1276146
5.896354	0.126752
5.899687	0.1258893
5.903021	0.1249958
5.906354	0.1241023
5.909688	0.1231472
5.913021	0.1221613
5.916354	0.1211754
5.919687	0.1201586
5.923021	0.1191419
5.926354	0.1181252
5.929688	0.1171393
5.933021	0.1161842
5.936354	0.1152599
5.939688	0.1143356
5.943021	0.1134421
5.946354	0.1125794
5.949687	0.1117475
5.953021	0.1109465
5.956354	0.1101762
5.959688	0.1094368
5.963021	0.1086974
5.966354	0.1079887
5.969687	0.1072185
5.973021	0.1064174
5.976354	0.1055856
5.979688	0.1046613
5.983021	0.1036445
5.986354	0.102597
5.989687	0.1014878
5.993021	0.1004095
5.996354	0.09933115
5.999688	0.09831442
6.003021	0.09735931
6.006354	0.09649664
6.009687	0.0957572
6.013021	0.09504857
6.016354	0.09443237
6.019688	0.09384698
6.023021	0.0932616
6.026354	0.0926454
6.029687	0.0920292
6.033021	0.09138219
6.036354	0.09070437
6.039688	0.08999575
6.043021	0.08931793
6.046354	0.0886093
6.049687	0.08790067
6.053021	0.08722285
6.056354	0.08657585
6.059688	0.08595965
6.063021	0.08531264
6.066354	0.08469644
6.069687	0.08404943
6.073021	0.08343324
6.076354	0.08284785
6.079688	0.08226246
6.083021	0.08170788
6.086354	0.08118411
6.089687	0.08072196
6.093021	0.08029063
6.096354	0.07992091
6.099688	0.07955119
6.103021	0.07921228
6.106354	0.07890417
6.109687	0.07856526
6.113021	0.07819554
6.116354	0.07782582
6.119688	0.0774253
6.123021	0.07696315
6.126354	0.076501
6.129687	0.07597723
6.133021	0.07542265
6.136354	0.07486807
6.139688	0.0743135
6.143021	0.07378973
6.146354	0.07326596
6.149687	0.072773
6.153021	0.07237247
6.156354	0.07200275
6.159688	0.07172546
6.163021	0.07144817
6.166354	0.0712325
6.169687	0.07101684
6.173021	0.07077036
6.176354	0.07055469
6.179688	0.0702774
6.183021	0.06993849
6.186354	0.06959958
6.189688	0.06919905
6.193021	0.06879852
6.196354	0.06839799
6.199687	0.06796665
6.203021	0.06753532
6.206354	0.06713479
6.209688	0.06673426
6.213021	0.06633373
6.216354	0.06599482
6.219687	0.0656251
6.223021	0.06528619
6.226354	0.06497809
6.229688	0.0647008
6.233021	0.06439271
6.236354	0.06414623
6.239687	0.06386894
6.243021	0.06359165
6.246354	0.06328355
6.249688	0.06297545
6.253021	0.06263654
6.256354	0.06229764
6.259687	0.06189711
6.263021	0.06146577
6.266354	0.06097281
6.269688	0.06041823
6.273021	0.05983284
6.276354	0.05921664
6.279687	0.05856964
6.283021	0.05792263
6.286354	0.05727562
6.289688	0.05662861
6.293021	0.05607403
6.296354	0.05555027
6.299687	0.05508812
6.303021	0.05468759
6.306354	0.05431787
6.309688	0.05397896
6.313021	0.05364005
6.316354	0.05330114
6.319687	0.05293142
6.323021	0.05259251
6.326354	0.05219199
6.329688	0.05182227
6.333021	0.05142174
6.336354	0.05105202
6.339687	0.05071311
6.343021	0.05040501
6.346354	0.05009691
6.349688	0.04981962
6.353021	0.04948071
6.356354	0.04917262
6.359687	0.04883371
6.363021	0.04846399
6.366354	0.04806346
6.369688	0.04763212
6.373021	0.04723159
6.376354	0.04683106
6.379687	0.04649215
6.383021	0.04621486
6.386354	0.04603
6.389688	0.04590677
6.393021	0.04587596
6.396354	0.04587596
6.399687	0.04590677
6.403021	0.04593758
6.406354	0.04596838
6.409688	0.04596838
6.413021	0.04593758
6.416354	0.04587596
6.419687	0.04581434
6.423021	0.04578353
6.426354	0.04575272
6.429688	0.04575272
6.433021	0.04581434
6.436354	0.04593758
6.439688	0.04606081
6.443021	0.04621486
6.446354	0.0463381
6.449687	0.04643053
6.453021	0.04649215
6.456354	0.04649215
6.459688	0.04646134
6.463021	0.0463381
6.466354	0.04621486
6.469687	0.04609162
6.473021	0.04596838
6.476354	0.04587596
6.479688	0.04581434
6.483021	0.04578353
6.486354	0.04581434
6.489687	0.04587596
6.493021	0.04596838
6.496354	0.04606081
6.499688	0.04618405
6.503021	0.0463381
6.506354	0.04646134
6.509687	0.04658458
6.513021	0.04673863
6.516354	0.04689268
6.519688	0.04704673
6.523021	0.04720078
6.526354	0.04738564
6.529687	0.04753969
6.533021	0.04766293
6.536354	0.04775536
6.539688	0.04781698
6.543021	0.04781698
6.546354	0.04775536
6.549687	0.04763212
6.553021	0.04747807
6.556354	0.04729321
6.559688	0.04707754
6.563021	0.04692349
6.566354	0.04676944
6.569687	0.04667701
6.573021	0.04661539
6.576354	0.04655377
6.579688	0.04655377
6.583021	0.04652296
6.586354	0.04649215
6.589687	0.04643053
6.593021	0.04630729
6.596354	0.04615324
6.599688	0.04590677
6.603021	0.04566029
6.606354	0.04535219
6.609687	0.04501328
6.613021	0.04464356
6.616354	0.04427384
6.619688	0.04387331
6.623021	0.04344197
6.626354	0.04297982
6.629687	0.04251768
6.633021	0.04205553
6.636354	0.04156257
6.639688	0.04106961
6.643021	0.04057665
6.646354	0.04008369
6.649687	0.03959073
6.653021	0.03912858
6.656354	0.03866643
6.659688	0.03820428
6.663021	0.03774214
6.666354	0.03727999
6.669687	0.03684865
6.673021	0.0363865
6.676354	0.03592435
6.679688	0.03543139
6.683021	0.03493843
6.686354	0.03444548
6.689688	0.03395252
6.693021	0.03345956
6.696354	0.03299741
6.699687	0.03253526
6.703021	0.03210392
6.706354	0.03164177
6.709688	0.03124125
6.713021	0.03080991
6.716354	0.03040938
6.719687	0.03003966
6.723021	0.02970075
6.726354	0.02942346
6.729688	0.02917698
6.733021	0.02902293
6.736354	0.0289305
6.739687	0.0289305
6.743021	0.02896131
6.746354	0.02905374
6.749688	0.02914617
6.753021	0.02926941
6.756354	0.02939265
6.759687	0.02945427
6.763021	0.02951589
6.766354	0.0295467
6.769688	0.0295467
6.773021	0.02957751
6.776354	0.02960832
6.779687	0.02963913
6.783021	0.02966994
6.786354	0.02973156
6.789688	0.02979318
6.793021	0.0298548
6.796354	0.02991642
6.799687	0.02994723
6.803021	0.02997804
6.806354	0.02994723
6.809688	0.02991642
6.813021	0.0298548
6.816354	0.02976237
6.819687	0.02963913
6.823021	0.02948508
6.826354	0.02930022
6.829688	0.02905374
6.833021	0.02880726
6.836354	0.02846836
6.839687	0.02809864
6.843021	0.0276673
6.846354	0.02714353
6.849688	0.02652733
6.853021	0.02584951
6.856354	0.02511008
6.859687	0.02427821
6.863021	0.02338472
6.866354	0.0223988
6.869688	0.02138208
6.873021	0.02027292
6.876354	0.01910214
6.879687	0.01790056
6.883021	0.01666816
6.886354	0.01540495
6.889688	0.01414175
6.893021	0.01287854
6.896354	0.01170777
6.899687	0.0105678
6.903021	0.009520261
6.906354	0.008595964
6.909688	0.007733287
6.913021	0.007024659
6.916354	0.006377651
6.919687	0.005884693
6.923021	0.005484164
6.926354	0.005176065
6.929688	0.005022015
6.933021	0.004960395
6.936354	0.005022015
6.939688	0.005237685
6.943021	0.005545784
6.946354	0.005946313
6.949687	0.006470081
6.953021	0.007024659
6.956354	0.007640857
6.959688	0.008257055
6.963021	0.008904063
6.966354	0.009551071
6.969687	0.01019808
6.973021	0.0108759
6.976354	0.01161534
6.979688	0.01238558
6.983021	0.01324826
6.986354	0.01420337
6.989687	0.0152509
6.993021	0.01639087
6.996354	0.01762327
6.999688	0.01891728
7.003021	0.02024211
7.006354	0.02165937
7.009687	0.02310743
7.013021	0.02458631
7.016354	0.0261268
7.019688	0.0276673
7.023021	0.0292386
7.026354	0.03080991
7.029687	0.03238121
7.033021	0.03395252
7.036354	0.03549301
7.039688	0.03697189
7.043021	0.03835833
7.046354	0.03968316
7.049687	0.04091556
7.053021	0.04205553
7.056354	0.04307225
7.059688	0.04396574
7.063021	0.04473599
7.066354	0.04535219
7.069687	0.04581434
7.073021	0.04615324
7.076354	0.0463381
7.079688	0.04643053
7.083021	0.04639972
7.086354	0.04624567
7.089687	0.04603
7.093021	0.04575272
7.096354	0.04541381
7.099688	0.04501328
7.103021	0.04464356
7.106354	0.04421222
7.109687	0.04378088
7.113021	0.04328792
7.116354	0.04279496
7.119688	0.04224039
7.123021	0.04162419
7.126354	0.04094637
7.129687	0.04020693
7.133021	0.03943668
7.136354	0.038574
7.139688	0.03771133
7.143021	0.03681784
7.146354	0.03598597
7.149687	0.03521572
7.153021	0.0345071
7.156354	0.03392171
7.159688	0.03342875
7.163021	0.03305903
7.166354	0.03281255
7.169687	0.03262769
7.173021	0.03250445
7.176354	0.03241202
7.179688	0.0323504
7.183021	0.03228878
7.186354	0.03219635
7.189688	0.03213473
7.193021	0.03210392
7.196354	0.0320423
7.199687	0.03201149
7.203021	0.03201149
7.206354	0.03201149
7.209688	0.0320423
7.213021	0.03207311
7.216354	0.03207311
7.219687	0.03207311
7.223021	0.03207311
7.226354	0.03207311
7.229688	0.03210392
7.233021	0.03216554
7.236354	0.03228878
7.239687	0.03250445
7.243021	0.03278174
7.246354	0.03315146
7.249688	0.0335828
7.253021	0.03410657
7.256354	0.03466115
7.259687	0.03518491
7.263021	0.03564706
7.266354	0.03604759
7.269688	0.03635569
7.273021	0.03657136
7.276354	0.03666379
7.279687	0.03663298
7.283021	0.03654055
7.286354	0.03641731
7.289688	0.03623245
7.293021	0.03610921
7.296354	0.03601678
7.299687	0.03595516
7.303021	0.03595516
7.306354	0.03601678
7.309688	0.03610921
7.313021	0.03620164
7.316354	0.03629407
7.319687	0.03632488
7.323021	0.03629407
7.326354	0.03620164
7.329688	0.03601678
7.333021	0.03573949
7.336354	0.03540058
7.339687	0.03500005
7.343021	0.03453791
7.346354	0.03407576
7.349688	0.03361361
7.353021	0.03318227
7.356354	0.03278174
7.359687	0.03244283
7.363021	0.03213473
7.366354	0.03188825
7.369688	0.03164177
7.373021	0.03142611
7.376354	0.03121044
7.379687	0.03093315
7.383021	0.03062505
7.386354	0.03031695
7.389688	0.02994723
7.393021	0.02957751
7.396354	0.02920779
7.399687	0.02886888
7.403021	0.02856079
7.406354	0.0282835
7.409688	0.02809864
7.413021	0.0279754
7.416354	0.02794459
7.419687	0.02794459
7.423021	0.02800621
7.426354	0.02809864
7.429688	0.02819107
7.433021	0.02831431
7.436354	0.02837593
7.439688	0.02837593
7.443021	0.02831431
7.446354	0.02819107
7.449687	0.02794459
7.453021	0.02763649
7.456354	0.02726677
7.459688	0.02683543
7.463021	0.02637328
7.466354	0.02591113
7.469687	0.02547979
7.473021	0.02507927
7.476354	0.02474036
7.479688	0.02449388
7.483021	0.02427821
7.486354	0.02415497
7.489687	0.02406254
7.493021	0.02400092
7.496354	0.02397011
7.499688	0.0239393
7.503021	0.02390849
7.506354	0.02387768
7.509687	0.02381606
7.513021	0.02372363
7.516354	0.02366201
7.519688	0.02356958
7.523021	0.02347715
7.526354	0.02335391
7.529687	0.02323067
7.533021	0.02310743
7.536354	0.02298419
7.539688	0.02286095
7.543021	0.0227069
7.546354	0.02261447
7.549687	0.02252204
7.553021	0.02246042
7.556354	0.02246042
7.559688	0.02252204
7.563021	0.02264528
7.566354	0.02276852
7.569687	0.02292257
7.573021	0.02307662
7.576354	0.02316905
7.579688	0.02323067
7.583021	0.02319986
7.586354	0.02307662
7.589687	0.02289176
7.593021	0.02264528
7.596354	0.0223988
7.599688	0.02212152
7.603021	0.02187504
7.606354	0.02165937
7.609687	0.02147451
7.613021	0.02135127
7.616354	0.02128965
7.619688	0.02122803
7.623021	0.02122803
7.626354	0.02119722
7.629687	0.0211356
7.633021	0.02107398
7.636354	0.02101236
7.639688	0.02095074
7.643021	0.02085831
7.646354	0.02079669
7.649687	0.02076588
7.653021	0.02073507
7.656354	0.02070426
7.659688	0.02073507
7.663021	0.02073507
7.666354	0.02076588
7.669687	0.02079669
7.673021	0.0208275
7.676354	0.02085831
7.679688	0.02085831
7.683021	0.0208275
7.686354	0.02079669
7.689688	0.02073507
7.693021	0.02064264
7.696354	0.0205194
7.699687	0.02033454
7.703021	0.02018049
7.706354	0.01999563
7.709688	0.01984158
7.713021	0.01974915
7.716354	0.01971834
7.719687	0.01974915
7.723021	0.0199032
7.726354	0.02014968
7.729688	0.02048859
7.733021	0.02091993
7.736354	0.02138208
7.739687	0.02187504
7.743021	0.02236799
7.746354	0.02283014
7.749688	0.02326148
7.753021	0.0236312
7.756354	0.02390849
7.759687	0.02415497
7.763021	0.02433983
7.766354	0.02449388
7.769688	0.02461712
7.773021	0.02477117
7.776354	0.02498684
7.779687	0.02520251
7.783021	0.0255106
7.786354	0.02584951
7.789688	0.02621923
7.793021	0.02665057
7.796354	0.02711272
7.799687	0.02757487
7.803021	0.02800621
7.806354	0.02840674
7.809688	0.02874565
7.813021	0.02905374
7.816354	0.0292386
7.819687	0.02939265
7.823021	0.02945427
7.826354	0.02948508
7.829688	0.02945427
7.833021	0.02939265
7.836354	0.02926941
7.839687	0.02917698
7.843021	0.02902293
7.846354	0.02889969
7.849688	0.02874565
7.853021	0.0285916
7.856354	0.02843755
7.859687	0.0282835
7.863021	0.02809864
7.866354	0.02794459
7.869688	0.02775973
7.873021	0.02760568
7.876354	0.02742082
7.879687	0.02723596
7.883021	0.02702029
7.886354	0.02680462
7.889688	0.02655814
7.893021	0.02621923
7.896354	0.02588032
7.899687	0.02544899
7.903021	0.02495603
7.906354	0.02443226
7.909688	0.02387768
7.913021	0.0233231
7.916354	0.02279933
7.919687	0.02227556
7.923021	0.02181342
7.926354	0.02138208
7.929688	0.02101236
7.933021	0.02067345
7.936354	0.02033454
7.939688	0.02002644
7.943021	0.01968753
7.946354	0.01937943
7.949687	0.01904052
7.953021	0.01873242
7.956354	0.01839351
7.959688	0.01811623
7.963021	0.01783894
7.966354	0.01765408
7.969687	0.01750003
7.973021	0.01737679
7.976354	0.01731517
7.979688	0.01731517
7.983021	0.01728436
7.986354	0.01728436
7.989687	0.01725355
7.993021	0.01719193
7.996354	0.01706869
7.999688	0.01691464
8.003021	0.01669897
8.006354	0.01645249
8.009687	0.01623682
8.013021	0.01602115
8.016355	0.01583629
8.019688	0.01571305
8.023021	0.01568224
8.026354	0.01571305
8.029688	0.01577467
8.033021	0.01589791
8.036354	0.01605196
8.039687	0.0161752
8.043021	0.01626763
8.046354	0.01632925
8.049687	0.01629844
8.05302	0.01623682
8.056355	0.01611358
8.059688	0.01589791
8.063021	0.01568224
8.066354	0.01540495
8.069688	0.01512767
8.073021	0.01488119
8.076354	0.0146039
8.079687	0.01438823
8.083021	0.01420337
8.086354	0.01408013
8.089687	0.0139877
8.09302	0.01395689
8.096354	0.01395689
8.099688	0.0139877
8.103021	0.01401851
8.106354	0.01404932
8.109688	0.01408013
8.113021	0.01411094
8.116354	0.01414175
8.119687	0.01417256
8.123021	0.01420337
8.126354	0.01426499
8.129687	0.01432661
8.13302	0.01438823
8.136354	0.01448066
8.139688	0.0146039
8.143021	0.01469633
8.146354	0.01475795
8.149688	0.01478876
8.153021	0.01478876
8.156354	0.01475795
8.159687	0.01466552
8.163021	0.0146039
8.166354	0.01451147
8.169687	0.01444985
8.17302	0.01444985
8.176354	0.01448066
8.179688	0.01457309
8.183021	0.01469633
8.186355	0.01485038
8.189688	0.01500443
8.193021	0.01512767
8.196354	0.01522009
8.199688	0.01522009
8.203021	0.01515848
8.206354	0.01500443
8.209687	0.01481957
8.213021	0.01457309
8.216354	0.01432661
8.219687	0.01408013
8.223021	0.01392608
8.226355	0.01380284
8.229688	0.01377203
8.233021	0.01383365
8.236354	0.0139877
8.239688	0.01417256
8.243021	0.01438823
8.246354	0.01463471
8.249687	0.01485038
8.253021	0.01506605
8.256354	0.01522009
8.259687	0.01534333
8.263021	0.01543576
8.266355	0.01549738
8.269688	0.015559
8.273021	0.01558981
8.276354	0.01562062
8.279688	0.01562062
8.283021	0.01562062
8.286354	0.01558981
8.289687	0.01552819
8.293021	0.01543576
8.296354	0.01534333
8.299687	0.01528171
8.30302	0.0152509
8.306355	0.01528171
8.309688	0.01534333
8.313021	0.01546657
8.316354	0.01562062
8.319688	0.01580548
8.323021	0.01602115
8.326354	0.01623682
8.329687	0.01645249
8.333021	0.01663735
8.336354	0.01682221
8.339687	0.01700707
8.34302	0.01719193
8.346354	0.01737679
8.349688	0.01756165
8.353021	0.0177157
8.356354	0.01783894
8.359688	0.01790056
8.363021	0.01790056
8.366354	0.01786975
8.369687	0.01774651
8.373021	0.01753084
8.376354	0.01728436
8.379687	0.01697626
8.38302	0.01666816
8.386354	0.01636006
8.389688	0.01611358
8.393021	0.01592872
8.396354	0.01580548
8.399688	0.01577467
8.403021	0.01574386
8.406354	0.01577467
8.409687	0.01580548
8.413021	0.01583629
8.416354	0.01577467
8.419687	0.01568224
8.42302	0.01549738
8.426354	0.01528171
8.429688	0.01503524
8.433021	0.01478876
8.436355	0.0146039
8.439688	0.01444985
8.443021	0.01438823
8.446354	0.01438823
8.449688	0.01448066
8.453021	0.0146039
8.456354	0.01475795
8.459687	0.014912
8.463021	0.01503524
8.466354	0.01512767
8.469687	0.01518929
8.473021	0.01518929
8.476355	0.01515848
8.479688	0.01509686
8.483021	0.01497362
8.486354	0.01485038
8.489688	0.01469633
8.493021	0.01451147
8.496354	0.01432661
8.499687	0.01414175
8.503021	0.01395689
8.506354	0.01380284
8.509687	0.01364879
8.513021	0.01349474
8.516355	0.0133715
8.519688	0.01327907
8.523021	0.01318664
8.526354	0.01312502
8.529688	0.01309421
8.533021	0.0130634
8.536354	0.01303259
8.539687	0.01300178
8.543021	0.01300178
8.546354	0.01297097
8.549687	0.01297097
8.55302	0.01297097
8.556355	0.01297097
8.559688	0.01297097
8.563021	0.01297097
8.566354	0.01297097
8.569688	0.01297097
8.573021	0.01294016
8.576354	0.01290935
8.579687	0.01287854
8.583021	0.01287854
8.586354	0.01287854
8.589687	0.01294016
8.59302	0.01303259
8.596354	0.01318664
8.599688	0.0133715
8.603021	0.01358717
8.606354	0.01386446
8.609688	0.01411094
8.613021	0.01432661
8.616354	0.01451147
8.619687	0.01466552
8.623021	0.01475795
8.626354	0.01481957
8.629687	0.01481957
8.63302	0.01478876
8.636354	0.01475795
8.639688	0.01472714
8.643021	0.01466552
8.646354	0.01466552
8.649688	0.01463471
8.653021	0.01463471
8.656354	0.01463471
8.659687	0.0146039
8.663021	0.01457309
8.666354	0.01448066
8.669687	0.01438823
8.67302	0.01423418
8.676354	0.01408013
8.679688	0.01389527
8.683021	0.01371041
8.686355	0.01352555
8.689688	0.0133715
8.693021	0.01324826
8.696354	0.01315583
8.699688	0.01309421
8.703021	0.0130634
8.706354	0.01303259
8.709687	0.01303259
8.713021	0.01300178
8.716354	0.01294016
8.719687	0.01287854
8.723021	0.0127553
8.726355	0.01260125
8.729688	0.01247801
8.733021	0.01232396
8.736354	0.01220072
8.739688	0.01207748
8.743021	0.01195424
8.746354	0.01183101
8.749687	0.01173858
8.753021	0.01161534
8.756354	0.0114921
8.759687	0.01136886
8.763021	0.01124562
8.766355	0.01112238
8.769688	0.01099914
8.773021	0.0108759
8.776354	0.01075266
8.779688	0.01066023
8.783021	0.0105678
8.786354	0.01044456
8.789687	0.01035213
8.793021	0.01022889
8.796354	0.01010565
8.799687	0.01001322
8.80302	0.009920791
8.806355	0.00982836
8.809688	0.009735931
8.813021	0.009705121
8.816354	0.009674311
8.819688	0.009643501
8.823021	0.009643501
8.826354	0.009612691
8.829687	0.009581881
8.833021	0.009520261
8.836354	0.009397022
8.839687	0.009304592
8.84302	0.009181352
8.846354	0.009088923
8.849688	0.009027303
8.853021	0.009027303
8.856354	0.009058113
8.859688	0.009088923
8.863021	0.009181352
8.866354	0.009242972
8.869687	0.009304592
8.873021	0.009304592
8.876354	0.009242972
8.879687	0.009119732
8.88302	0.008965683
8.886354	0.008811633
8.889688	0.008626774
8.893021	0.008472724
8.896354	0.008287865
8.899688	0.008164625
8.903021	0.008041386
8.906354	0.007948956
8.909687	0.007856527
8.913021	0.007764097
8.916354	0.007640857
8.919687	0.007548428
8.92302	0.007455998
8.926354	0.007363568
8.929688	0.007332758
8.933021	0.007301948
8.936355	0.007301948
8.939688	0.007363568
8.943021	0.007455998
8.946354	0.007579238
8.949688	0.007733287
8.953021	0.007918146
8.956354	0.008072196
8.959687	0.008226245
8.963021	0.008349485
8.966354	0.008441915
8.969687	0.008472724
8.973021	0.008472724
8.976355	0.008441915
8.979688	0.008411105
8.983021	0.008380295
8.986354	0.008380295
8.989688	0.008380295
8.993021	0.008441915
8.996354	0.008534344
8.999687	0.008595964
9.003021	0.008688394
9.006354	0.008750014
9.009687	0.008750014
9.013021	0.008719204
9.016355	0.008657584
9.019688	0.008534344
9.023021	0.008380295
9.026354	0.008164625
9.029688	0.007979766
9.033021	0.007764097
9.036354	0.007548428
9.039687	0.007363568
9.043021	0.007209519
9.046354	0.007086279
9.049687	0.007024659
9.05302	0.007024659
9.056355	0.007055469
9.059688	0.007147899
9.063021	0.007271139
9.066354	0.007363568
9.069688	0.007425188
9.073021	0.007455998
9.076354	0.007455998
9.079687	0.007363568
9.083021	0.007240329
9.086354	0.007086279
9.089687	0.006963039
9.09302	0.00687061
9.096354	0.00680899
9.099688	0.0068398
9.103021	0.00693223
9.106354	0.007024659
9.109688	0.007147899
9.113021	0.007271139
9.116354	0.007363568
9.119687	0.007394378
9.123021	0.007363568
9.126354	0.007332758
9.129687	0.007271139
9.13302	0.007209519
9.136354	0.007178709
9.139688	0.007178709
9.143021	0.007209519
9.146354	0.007240329
9.149688	0.007301948
9.153021	0.007363568
9.156354	0.007394378
9.159687	0.007425188
9.163021	0.007425188
9.166354	0.007394378
9.169687	0.007394378
9.17302	0.007425188
9.176354	0.007455998
9.179688	0.007548428
9.183021	0.007702477
9.186355	0.007856527
9.189688	0.008041386
9.193021	0.008195435
9.196354	0.008349485
9.199688	0.008441915
9.203021	0.008472724
9.206354	0.008411105
9.209687	0.008287865
9.213021	0.008072196
9.216354	0.007825717
9.219687	0.007517618
9.223021	0.007209519
9.226355	0.00693223
9.229688	0.00665494
9.233021	0.006408461
9.236354	0.006223602
9.239688	0.006100362
9.243021	0.006038742
9.246354	0.005977122
9.249687	0.005977122
9.253021	0.005977122
9.256354	0.006007932
9.259687	0.006069552
9.263021	0.006100362
9.266355	0.006161982
9.269688	0.006223602
9.273021	0.006316031
9.276354	0.006408461
9.279688	0.006470081
9.283021	0.006562511
9.286354	0.00665494
9.289687	0.00671656
9.293021	0.00677818
9.296354	0.00680899
9.299687	0.0068398
9.30302	0.00680899
9.306355	0.00677818
9.309688	0.00671656
9.313021	0.00662413
9.316354	0.006562511
9.319688	0.006470081
9.323021	0.006408461
9.326354	0.006346841
9.329687	0.006285221
9.333021	0.006285221
9.336354	0.006316031
9.339687	0.006346841
9.34302	0.006439271
9.346354	0.006531701
9.349688	0.00662413
9.353021	0.00674737
9.356354	0.0068398
9.359688	0.00693223
9.363021	0.007024659
9.366354	0.007055469
9.369687	0.007086279
9.373021	0.007055469
9.376354	0.007024659
9.379687	0.006993849
9.38302	0.00693223
9.386354	0.00687061
9.389688	0.00680899
9.393021	0.00671656
9.396354	0.00662413
9.399688	0.006531701
9.403021	0.006408461
9.406354	0.006285221
9.409687	0.006161982
9.413021	0.006069552
9.416354	0.006007932
9.419687	0.006007932
9.42302	0.006069552
9.426354	0.006192792
9.429688	0.006377651
9.433021	0.00662413
9.436355	0.00687061
9.439688	0.007117089
9.443021	0.007332758
9.446354	0.007486808
9.449688	0.007548428
9.453021	0.007517618
9.456354	0.007425188
9.459687	0.007271139
9.463021	0.007086279
9.466354	0.00690142
9.469687	0.00674737
9.473021	0.00662413
9.476355	0.006593321
9.479688	0.006593321
9.483021	0.00665494
9.486354	0.00677818
9.489688	0.00693223
9.493021	0.007055469
9.496354	0.007209519
9.499687	0.007363568
9.503021	0.007455998
9.506354	0.007548428
9.509687	0.007610047
9.513021	0.007671667
9.516355	0.007733287
9.519688	0.007825717
9.523021	0.007918146
9.526354	0.008041386
9.529688	0.008133815
9.533021	0.008257055
9.536354	0.008349485
9.539687	0.008411105
9.543021	0.008441915
9.546354	0.008441915
9.549687	0.008411105
9.55302	0.008349485
9.556355	0.008257055
9.559688	0.008164625
9.563021	0.008072196
9.566354	0.007979766
9.569688	0.007948956
9.573021	0.007918146
9.576354	0.007948956
9.579687	0.007979766
9.583021	0.008041386
9.586354	0.008133815
9.589687	0.008257055
9.59302	0.008380295
9.596354	0.008472724
9.599688	0.008503534
9.603021	0.008472724
9.606354	0.008411105
9.609688	0.008287865
9.613021	0.008133815
9.616354	0.007979766
9.619687	0.007794907
9.623021	0.007610047
9.626354	0.007425188
9.629687	0.007301948
9.63302	0.007178709
9.636354	0.007086279
9.639688	0.006993849
9.643021	0.00690142
9.646354	0.00680899
9.649688	0.00674737
9.653021	0.00668575
9.656354	0.00665494
9.659687	0.00668575
9.663021	0.00671656
9.666354	0.00680899
9.669687	0.00690142
9.67302	0.007024659
9.676354	0.007147899
9.679688	0.007240329
9.683021	0.007301948
9.686355	0.007332758
9.689688	0.007332758
9.693021	0.007271139
9.696354	0.007209519
9.699688	0.007147899
9.703021	0.007086279
9.706354	0.006993849
9.709687	0.00693223
9.713021	0.00687061
9.716354	0.0068398
9.719687	0.00680899
9.723021	0.00680899
9.726355	0.00680899
9.729688	0.0068398
9.733021	0.00687061
9.736354	0.00687061
9.739688	0.00687061
9.743021	0.0068398
9.746354	0.00674737
9.749687	0.00665494
9.753021	0.006500891
9.756354	0.006316031
9.759687	0.006161982
9.763021	0.006007932
9.766355	0.005884693
9.769688	0.005792263
9.773021	0.005761453
9.776354	0.005761453
9.779688	0.005823073
9.783021	0.005915503
9.786354	0.006007932
9.789687	0.006131172
9.793021	0.006223602
9.796354	0.006316031
9.799687	0.006377651
9.80302	0.006439271
9.806355	0.006470081
9.809688	0.006470081
9.813021	0.006439271
9.816354	0.006346841
9.819688	0.006223602
9.823021	0.006069552
9.826354	0.005853883
9.829687	0.005638213
9.833021	0.005422544
9.836354	0.005176065
9.839687	0.004991205
9.84302	0.004837155
9.846354	0.004713916
9.849688	0.004652296
9.853021	0.004621486
9.856354	0.004621486
9.859688	0.004621486
9.863021	0.004621486
9.866354	0.004621486
9.869687	0.004652296
9.873021	0.004683106
9.876354	0.004713916
9.879687	0.004775536
9.88302	0.004867965
9.886354	0.004991205
9.889688	0.005114445
9.893021	0.005268495
9.896354	0.005391734
9.899688	0.005514974
9.903021	0.005638213
9.906354	0.005730643
9.909687	0.005792263
9.913021	0.005823073
9.916354	0.005853883
9.919687	0.005853883
9.92302	0.005853883
9.926354	0.005823073
9.929688	0.005761453
9.933021	0.005730643
9.936355	0.005669023
9.939688	0.005607404
9.943021	0.005576594
9.946354	0.005545784
9.949688	0.005514974
9.953021	0.005514974
9.956354	0.005514974
9.959687	0.005576594
9.963021	0.005607404
9.966354	0.005699833
9.969687	0.005823073
9.973021	0.005915503
9.976355	0.006069552
9.979688	0.006192792
9.983021	0.006316031
9.986354	0.006408461
9.989688	0.006470081
9.993021	0.006470081
9.996354	0.006439271
9.999687	0.006316031
}
[PEAK]
{
Peak ID	1
Peak Ref	1
Time	3.927405
Peak	3.183021	4.076354
Intensity	4.172325e-06	8.863211e-05
Height	0.005976936
AreaAbs	1692.017
Area %BP	0.07366103
Area %Total	0.0605657
Width	0.8933332
}
[PEAK]
{
Peak ID	2
Peak Ref	2
Time	4.279942
Peak	4.076354	4.619688
Intensity	4.172325e-06	8.863211e-05
Height	0.03186901
AreaAbs	6585.601
Area %BP	0.2867005
Area %Total	0.2357314
Width	0.5433335
}
[PEAK]
{
Peak ID	3
Peak Ref	3
Time	4.966718
Peak	4.619688	6.486354
Intensity	4.172325e-06	8.863211e-05
Height	0.1934119
AreaAbs	38283.86
Area %BP	1.666667
Area %Total	1.37037
Width	1.866667
}
}
}
}
