[SAMPLE]
{
Sample	1
Well	1:A,2
FileName	
SampleID	251201B-03B-RD01
SampleDescription	Aquired with Galaxy
Date	15-Jan-2026
Time	18:43:54 PRC
JobCode	
TaskCode	
UserName	Congcong_Liu2
LabName	Aquired with Galaxy
Instrument	BAD_L_22_523
Conditions	
Submitter	Huanhuan_Zhang
SampleType	
Plate	
Method	
Process	Galaxy
MSTune	
MSMethod	
InletMethod	
PreRunMethod	
PostRunMethod	
SwitchMethod	
FractionMethod	
AcquisitionProcess	
AcquisitionProcessParameters	
AcquisitionProcessOptions	
InjectionVolume	25
ReportScheme	
SampleReportEnable	0
SampleReportFormat	
AnalysisTime	0
[COMPOUND]
{
;Mono Mass	Formula
}
[FUNCTION]
{
Function	1
IonMode	ES+
Type	MS
Description	(0:0)
[SPECTRUM]
{
ProcDesc	0.00:Combine
State	OK
Peak ID	0
Peak Ref	0
Time	0
TIC	0
BPI	0
BPM	0
Continuum	FALSE
Saved	FALSE
[MASSES]
{
;Mass	Exp. Mass	Obs. Mass	% BPI	Int. Abs
}
[RESULTS]
{
;Mass	Found	% BPI	% Purity
}
[MS]
{
;Mass	% BPI
0	0
}
}
[CHROMATOGRAM]
{
TraceNumber	1
Description	scroll down chrom view to see 2D LC chrom
ProcDesc	
MaxIntensity	0
[TRACE]
{
0	0
}
[PEAK]
{
Peak ID	0
Peak Ref	0
Time	0
Peak	0
Intensity	0	0
Height	0
AreaAbs	0
Area %BP	0
Area %Total	0
}
}
}
[FUNCTION]
{
Function	0
Description	ANALOG
[CHROMATOGRAM]
{
TraceNumber	2
Description	LC
ProcDesc	Result Id:1318, VWD: Signal A, 280 nm
MaxIntensity	0.2736306
[TRACE]
{
;Time	Int. %Max
0.0009375	0.04567871
0.004270833	0.04554801
0.007604167	0.04541732
0.0109375	0.04533018
0.01427083	0.04526484
0.01760417	0.04522127
0.0209375	0.04519949
0.02427083	0.04522127
0.02760417	0.04526484
0.0309375	0.0453084
0.03427083	0.04537375
0.03760417	0.0454391
0.0409375	0.04550445
0.04427083	0.0455698
0.04760417	0.04563515
0.0509375	0.04567871
0.05427083	0.04572228
0.05760417	0.04578763
0.0609375	0.04583119
0.06427083	0.04591832
0.06760417	0.04600545
0.0709375	0.04613615
0.07427084	0.04626685
0.07760417	0.04641933
0.0809375	0.04659359
0.08427083	0.04678964
0.08760417	0.0469639
0.0909375	0.04715995
0.09427083	0.04733421
0.09760416	0.04748669
0.1009375	0.04763917
0.1042708	0.04779165
0.1076042	0.04790057
0.1109375	0.04800948
0.1142708	0.04811839
0.1176042	0.04820553
0.1209375	0.04829266
0.1242708	0.04840157
0.1276042	0.04853227
0.1309375	0.04868475
0.1342708	0.04883723
0.1376042	0.04898971
0.1409375	0.04914219
0.1442708	0.04927289
0.1476042	0.0493818
0.1509375	0.04944715
0.1542708	0.04946893
0.1576042	0.04942537
0.1609375	0.04933824
0.1642708	0.04920754
0.1676042	0.04905506
0.1709375	0.04892436
0.1742708	0.04881545
0.1776042	0.04872832
0.1809375	0.04868475
0.1842708	0.04870653
0.1876042	0.04877188
0.1909375	0.04883723
0.1942708	0.04892436
0.1976042	0.04901149
0.2009375	0.04905506
0.2042708	0.04903328
0.2076042	0.04896793
0.2109375	0.04883723
0.2142708	0.04866297
0.2176042	0.04846692
0.2209375	0.04827087
0.2242708	0.04809661
0.2276042	0.0479877
0.2309375	0.04792235
0.2342708	0.04790057
0.2376042	0.04792235
0.2409375	0.0479877
0.2442708	0.04805305
0.2476042	0.04811839
0.2509375	0.04811839
0.2542708	0.04809661
0.2576042	0.04800948
0.2609375	0.04787878
0.2642708	0.04770452
0.2676042	0.04750847
0.2709375	0.04729064
0.2742708	0.0470946
0.2776042	0.04692034
0.2809375	0.04678964
0.2842708	0.04670251
0.2876042	0.04668072
0.2909375	0.04670251
0.2942708	0.04674607
0.2976042	0.04681142
0.3009375	0.04689855
0.3042708	0.04698568
0.3076042	0.04705103
0.3109375	0.0470946
0.3142708	0.04711638
0.3176042	0.04711638
0.3209375	0.04711638
0.3242708	0.0470946
0.3276042	0.04705103
0.3309375	0.04702925
0.3342708	0.04700747
0.3376042	0.04700747
0.3409375	0.04700747
0.3442708	0.04700747
0.3476042	0.04700747
0.3509375	0.04700747
0.3542708	0.04698568
0.3576042	0.04694212
0.3609375	0.04689855
0.3642708	0.04685499
0.3676042	0.04681142
0.3709375	0.04676786
0.3742708	0.04674607
0.3776042	0.04674607
0.3809375	0.04674607
0.3842708	0.04676786
0.3876042	0.04681142
0.3909375	0.0468332
0.3942708	0.04685499
0.3976042	0.04687677
0.4009375	0.04687677
0.4042708	0.04687677
0.4076042	0.04685499
0.4109375	0.0468332
0.4142708	0.04681142
0.4176042	0.04676786
0.4209375	0.04672429
0.4242708	0.04670251
0.4276042	0.04663716
0.4309375	0.04657181
0.4342708	0.04650646
0.4376042	0.04644111
0.4409375	0.04635398
0.4442708	0.04631041
0.4476042	0.04628863
0.4509375	0.04628863
0.4542708	0.0463322
0.4576042	0.04639755
0.4609375	0.04646289
0.4642708	0.04650646
0.4676042	0.04655003
0.4709375	0.04657181
0.4742708	0.04655003
0.4776042	0.04652824
0.4809375	0.04648468
0.4842708	0.04644111
0.4876042	0.04641933
0.4909375	0.04639755
0.4942708	0.04639755
0.4976042	0.04644111
0.5009375	0.04646289
0.5042709	0.04650646
0.5076042	0.04652824
0.5109375	0.04652824
0.5142708	0.04648468
0.5176042	0.04644111
0.5209375	0.04637576
0.5242708	0.04628863
0.5276042	0.0462015
0.5309375	0.04613615
0.5342708	0.0460708
0.5376042	0.04604902
0.5409375	0.04604902
0.5442708	0.04609259
0.5476041	0.04613615
0.5509375	0.0462015
0.5542708	0.04628863
0.5576042	0.04635398
0.5609375	0.04639755
0.5642709	0.04644111
0.5676042	0.04646289
0.5709375	0.04646289
0.5742708	0.04644111
0.5776042	0.04639755
0.5809375	0.0463322
0.5842708	0.04626685
0.5876042	0.0462015
0.5909375	0.04613615
0.5942708	0.04604902
0.5976042	0.04598367
0.6009375	0.04589654
0.6042708	0.04583119
0.6076041	0.04578763
0.6109375	0.04574406
0.6142708	0.04572228
0.6176042	0.04570049
0.6209375	0.04570049
0.6242709	0.04572228
0.6276042	0.04574406
0.6309375	0.04574406
0.6342708	0.04576584
0.6376042	0.04576584
0.6409375	0.04574406
0.6442708	0.04570049
0.6476042	0.04565693
0.6509375	0.04563515
0.6542708	0.04559158
0.6576042	0.0455698
0.6609375	0.04559158
0.6642708	0.04561336
0.6676041	0.04565693
0.6709375	0.04574406
0.6742708	0.04585297
0.6776041	0.04596189
0.6809375	0.0460708
0.6842709	0.04615793
0.6876042	0.04624507
0.6909375	0.04631041
0.6942708	0.04637576
0.6976042	0.04641933
0.7009375	0.04646289
0.7042708	0.04648468
0.7076042	0.04648468
0.7109375	0.04650646
0.7142708	0.04648468
0.7176042	0.04648468
0.7209375	0.04646289
0.7242708	0.04646289
0.7276042	0.04644111
0.7309375	0.04644111
0.7342708	0.04646289
0.7376041	0.04650646
0.7409375	0.04655003
0.7442709	0.04659359
0.7476042	0.04659359
0.7509375	0.04659359
0.7542709	0.04655003
0.7576042	0.04646289
0.7609375	0.0463322
0.7642708	0.04617972
0.7676042	0.04600545
0.7709375	0.04580941
0.7742708	0.04563515
0.7776042	0.04548267
0.7809375	0.04535197
0.7842708	0.04524305
0.7876042	0.0451777
0.7909375	0.04511236
0.7942708	0.04506879
0.7976041	0.04504701
0.8009375	0.04504701
0.8042708	0.04506879
0.8076042	0.04511236
0.8109375	0.04515592
0.8142709	0.04524305
0.8176042	0.04533018
0.8209375	0.04541732
0.8242708	0.04552623
0.8276042	0.04561336
0.8309375	0.04572228
0.8342708	0.04580941
0.8376042	0.04587476
0.8409375	0.04594011
0.8442708	0.04598367
0.8476042	0.04600545
0.8509375	0.04600545
0.8542708	0.04598367
0.8576041	0.04596189
0.8609375	0.04591832
0.8642708	0.04587476
0.8676042	0.04585297
0.8709375	0.04578763
0.8742709	0.04574406
0.8776042	0.04567871
0.8809375	0.04559158
0.8842708	0.04550445
0.8876042	0.04541732
0.8909375	0.04528662
0.8942708	0.04515592
0.8976042	0.04504701
0.9009375	0.04493809
0.9042708	0.04485096
0.9076042	0.0448074
0.9109375	0.04478561
0.9142708	0.04478561
0.9176041	0.0448074
0.9209375	0.04485096
0.9242708	0.04493809
0.9276041	0.04500344
0.9309375	0.04511236
0.9342709	0.04524305
0.9376042	0.04537375
0.9409375	0.04552623
0.9442708	0.04567871
0.9476042	0.04583119
0.9509375	0.04598367
0.9542708	0.04611437
0.9576042	0.04622328
0.9609375	0.04628863
0.9642708	0.04628863
0.9676042	0.04622328
0.9709375	0.04613615
0.9742708	0.04602724
0.9776042	0.04591832
0.9809375	0.04578763
0.9842708	0.04570049
0.9876041	0.04563515
0.9909375	0.04561336
0.9942709	0.04561336
0.9976042	0.04565693
1.000937	0.04572228
1.004271	0.04580941
1.007604	0.04589654
1.010937	0.04596189
1.014271	0.04602724
1.017604	0.04609259
1.020937	0.04613615
1.024271	0.04615793
1.027604	0.04615793
1.030938	0.04615793
1.034271	0.04613615
1.037604	0.04611437
1.040938	0.04609259
1.044271	0.0460708
1.047604	0.04602724
1.050938	0.04596189
1.054271	0.04589654
1.057604	0.04578763
1.060938	0.04567871
1.064271	0.0455698
1.067604	0.0454391
1.070938	0.04533018
1.074271	0.04522127
1.077604	0.04515592
1.080938	0.04511236
1.084271	0.04511236
1.087604	0.04515592
1.090937	0.04519949
1.094271	0.04524305
1.097604	0.04528662
1.100937	0.04533018
1.104271	0.04535197
1.107604	0.04535197
1.110937	0.04533018
1.114271	0.0453084
1.117604	0.0453084
1.120937	0.0453084
1.124271	0.04535197
1.127604	0.04539553
1.130937	0.04548267
1.134271	0.0455698
1.137604	0.04567871
1.140937	0.04576584
1.144271	0.04583119
1.147604	0.04587476
1.150938	0.04589654
1.154271	0.04587476
1.157604	0.04585297
1.160938	0.04580941
1.164271	0.04576584
1.167604	0.04570049
1.170938	0.04565693
1.174271	0.04561336
1.177604	0.0455698
1.180938	0.04554801
1.184271	0.04550445
1.187604	0.0454391
1.190938	0.04539553
1.194271	0.0453084
1.197604	0.04524305
1.200938	0.0451777
1.204271	0.04511236
1.207604	0.04504701
1.210938	0.04500344
1.214271	0.04498166
1.217604	0.04498166
1.220937	0.04500344
1.224271	0.04502522
1.227604	0.04506879
1.230937	0.04509057
1.234271	0.04509057
1.237604	0.04509057
1.240937	0.04504701
1.244271	0.04498166
1.247604	0.04491631
1.250937	0.04485096
1.254271	0.04476383
1.257604	0.04472026
1.260937	0.04469848
1.264271	0.04472026
1.267604	0.04476383
1.270937	0.04487274
1.274271	0.04498166
1.277604	0.04513414
1.280938	0.04528662
1.284271	0.04541732
1.287604	0.04552623
1.290938	0.04559158
1.294271	0.04563515
1.297604	0.04561336
1.300938	0.04554801
1.304271	0.04546088
1.307604	0.04533018
1.310938	0.0451777
1.314271	0.04502522
1.317604	0.04489453
1.320938	0.04476383
1.324271	0.04465492
1.327604	0.044546
1.330938	0.04448065
1.334271	0.04443709
1.337604	0.04443709
1.340937	0.04443709
1.344271	0.04443709
1.347604	0.04448065
1.350937	0.04452422
1.354271	0.04456778
1.357604	0.04463313
1.360937	0.04469848
1.364271	0.04474205
1.367604	0.04478561
1.370937	0.0448074
1.374271	0.0448074
1.377604	0.04476383
1.380937	0.04469848
1.384271	0.04461135
1.387604	0.04450244
1.390937	0.04439352
1.394271	0.04428461
1.397604	0.04417569
1.400938	0.04408856
1.404271	0.04402321
1.407604	0.04397965
1.410938	0.04400143
1.414271	0.04404499
1.417604	0.04413213
1.420938	0.04421926
1.424271	0.04434996
1.427604	0.04448065
1.430938	0.04463313
1.434271	0.04474205
1.437604	0.04485096
1.440938	0.04491631
1.444271	0.04495988
1.447604	0.04498166
1.450938	0.04495988
1.454271	0.04493809
1.457604	0.04489453
1.460938	0.04485096
1.464271	0.0448074
1.467604	0.04478561
1.470937	0.04476383
1.474271	0.04476383
1.477604	0.04476383
1.480937	0.04476383
1.484271	0.04476383
1.487604	0.04474205
1.490937	0.04472026
1.494271	0.0446767
1.497604	0.04461135
1.500937	0.04456778
1.504271	0.04450244
1.507604	0.04445887
1.510937	0.04443709
1.514271	0.0444153
1.517604	0.0444153
1.520937	0.0444153
1.524271	0.04445887
1.527604	0.04448065
1.530938	0.04452422
1.534271	0.04452422
1.537604	0.04452422
1.540938	0.04450244
1.544271	0.04445887
1.547604	0.04439352
1.550938	0.04428461
1.554271	0.04417569
1.557604	0.04408856
1.560938	0.04397965
1.564271	0.0439143
1.567604	0.04384895
1.570938	0.04380538
1.574271	0.04380538
1.577604	0.04382717
1.580938	0.04389251
1.584271	0.04395786
1.587604	0.04402321
1.590937	0.04411034
1.594271	0.04415391
1.597604	0.04421926
1.600937	0.04424104
1.604271	0.04426282
1.607604	0.04426282
1.610937	0.04426282
1.614271	0.04426282
1.617604	0.04428461
1.620937	0.04430639
1.624271	0.04434996
1.627604	0.04437174
1.630937	0.0444153
1.634271	0.04445887
1.637604	0.04448065
1.640937	0.04448065
1.644271	0.04448065
1.647604	0.04448065
1.650938	0.04448065
1.654271	0.04448065
1.657604	0.04448065
1.660938	0.04445887
1.664271	0.04445887
1.667604	0.04443709
1.670938	0.04439352
1.674271	0.04434996
1.677604	0.04428461
1.680938	0.04421926
1.684271	0.04415391
1.687604	0.04408856
1.690938	0.04404499
1.694271	0.04402321
1.697604	0.04400143
1.700938	0.04404499
1.704271	0.04408856
1.707604	0.04415391
1.710938	0.04421926
1.714271	0.04430639
1.717604	0.04439352
1.720937	0.04448065
1.724271	0.044546
1.727604	0.04458957
1.730937	0.04461135
1.734271	0.04461135
1.737604	0.04458957
1.740937	0.04456778
1.744271	0.04450244
1.747604	0.04443709
1.750937	0.04434996
1.754271	0.04426282
1.757604	0.04415391
1.760937	0.04406678
1.764271	0.04397965
1.767604	0.04389251
1.770937	0.04384895
1.774271	0.04380538
1.777604	0.04380538
1.780938	0.04382717
1.784271	0.04389251
1.787604	0.04397965
1.790938	0.04408856
1.794271	0.04421926
1.797604	0.04434996
1.800938	0.04448065
1.804271	0.04456778
1.807604	0.04463313
1.810938	0.0446767
1.814271	0.04469848
1.817604	0.04465492
1.820938	0.04461135
1.824271	0.04452422
1.827604	0.04439352
1.830938	0.04428461
1.834271	0.04413213
1.837604	0.04400143
1.840937	0.04384895
1.844271	0.04371825
1.847604	0.04358755
1.850937	0.04347864
1.854271	0.04339151
1.857604	0.04334794
1.860937	0.04332616
1.864271	0.04336972
1.867604	0.04341329
1.870937	0.04350042
1.874271	0.04360934
1.877604	0.04369647
1.880937	0.04380538
1.884271	0.04389251
1.887604	0.04395786
1.890937	0.04400143
1.894271	0.04402321
1.897604	0.04404499
1.900938	0.04404499
1.904271	0.04404499
1.907604	0.04404499
1.910938	0.04406678
1.914271	0.04408856
1.917604	0.04411034
1.920938	0.04415391
1.924271	0.04417569
1.927604	0.04419747
1.930938	0.04424104
1.934271	0.04426282
1.937604	0.04428461
1.940938	0.04428461
1.944271	0.04428461
1.947604	0.04430639
1.950938	0.04430639
1.954271	0.04430639
1.957604	0.04428461
1.960938	0.04424104
1.964271	0.04419747
1.967604	0.04413213
1.970937	0.04404499
1.974271	0.04395786
1.977604	0.04387073
1.980937	0.0437836
1.984271	0.04371825
1.987604	0.04369647
1.990937	0.04369647
1.994271	0.04374003
1.997604	0.04382717
2.000937	0.0439143
2.004271	0.04404499
2.007604	0.04417569
2.010937	0.04428461
2.014271	0.04439352
2.017604	0.04448065
2.020937	0.04452422
2.024271	0.04452422
2.027604	0.04452422
2.030937	0.04445887
2.034271	0.04439352
2.037604	0.04432817
2.040937	0.04426282
2.044271	0.04421926
2.047604	0.04419747
2.050937	0.04417569
2.054271	0.04419747
2.057604	0.04424104
2.060937	0.04428461
2.064271	0.04434996
2.067604	0.04439352
2.070937	0.04443709
2.074271	0.04448065
2.077604	0.04450244
2.080937	0.04450244
2.084271	0.04450244
2.087604	0.04448065
2.090938	0.04448065
2.094271	0.04445887
2.097604	0.04443709
2.100938	0.04439352
2.104271	0.04434996
2.107604	0.04428461
2.110938	0.04419747
2.114271	0.04406678
2.117604	0.04395786
2.120938	0.04382717
2.124271	0.04367469
2.127604	0.04356577
2.130938	0.04345686
2.134271	0.04336972
2.137604	0.04332616
2.140938	0.04330438
2.144271	0.04330438
2.147604	0.04330438
2.150938	0.04334794
2.154271	0.04336972
2.157604	0.04341329
2.160938	0.04345686
2.164271	0.04350042
2.167604	0.04356577
2.170938	0.04363112
2.174271	0.04369647
2.177604	0.0437836
2.180938	0.04387073
2.184271	0.04393608
2.187604	0.04400143
2.190938	0.04404499
2.194271	0.04406678
2.197604	0.04406678
2.200938	0.04402321
2.204271	0.04397965
2.207604	0.04389251
2.210938	0.04382717
2.214271	0.04376182
2.217604	0.04369647
2.220937	0.04363112
2.224271	0.04356577
2.227604	0.04352221
2.230937	0.04347864
2.234271	0.04343507
2.237604	0.04336972
2.240937	0.04332616
2.244271	0.04328259
2.247604	0.04323903
2.250937	0.04321724
2.254271	0.04319546
2.257604	0.04317368
2.260937	0.04317368
2.264271	0.0431519
2.267604	0.0431519
2.270937	0.04313011
2.274271	0.04310833
2.277604	0.04308655
2.280937	0.04304298
2.284271	0.04299942
2.287604	0.04297763
2.290937	0.04293407
2.294271	0.0428905
2.297604	0.04284694
2.300937	0.04280337
2.304271	0.04273802
2.307604	0.04267267
2.310937	0.04258554
2.314271	0.04254198
2.317604	0.04249841
2.320937	0.04245484
2.324271	0.04245484
2.327604	0.04247663
2.330937	0.04249841
2.334271	0.04252019
2.337604	0.04254198
2.340938	0.04256376
2.344271	0.04254198
2.347604	0.04249841
2.350938	0.04243306
2.354271	0.04236771
2.357604	0.04228058
2.360938	0.04221523
2.364271	0.04214988
2.367604	0.0421281
2.370938	0.04214988
2.374271	0.04221523
2.377604	0.04230236
2.380938	0.04243306
2.384271	0.04258554
2.387604	0.04271624
2.390938	0.04284694
2.394271	0.04297763
2.397604	0.04304298
2.400938	0.04308655
2.404271	0.04308655
2.407604	0.04306476
2.410938	0.0430212
2.414271	0.04295585
2.417604	0.0428905
2.420938	0.04282515
2.424271	0.04278159
2.427604	0.0427598
2.430938	0.04278159
2.434271	0.04282515
2.437604	0.04286872
2.440938	0.04293407
2.444271	0.04299942
2.447604	0.0430212
2.450938	0.04304298
2.454271	0.0430212
2.457604	0.04293407
2.460938	0.04282515
2.464271	0.04269446
2.467604	0.04252019
2.470937	0.04232415
2.474271	0.04214988
2.477604	0.04197562
2.480937	0.04184492
2.484271	0.04173601
2.487604	0.04167066
2.490937	0.04164888
2.494271	0.04167066
2.497604	0.04173601
2.500937	0.04184492
2.504271	0.04195384
2.507604	0.04206275
2.510937	0.04214988
2.514271	0.04221523
2.517604	0.04223701
2.520937	0.04223701
2.524271	0.04219345
2.527604	0.04210632
2.530937	0.0419974
2.534271	0.04186671
2.537604	0.04173601
2.540937	0.04158353
2.544271	0.04145283
2.547604	0.04134392
2.550937	0.04125679
2.554271	0.04121322
2.557604	0.04119144
2.560937	0.04121322
2.564271	0.04125679
2.567604	0.04134392
2.570937	0.04143105
2.574271	0.04151818
2.577604	0.04160531
2.580937	0.04167066
2.584271	0.04171423
2.587604	0.04171423
2.590938	0.04169244
2.594271	0.04162709
2.597604	0.04156175
2.600938	0.04145283
2.604271	0.0413657
2.607604	0.04125679
2.610938	0.04116965
2.614271	0.04110431
2.617604	0.04103896
2.620938	0.04101717
2.624271	0.04101717
2.627604	0.04106074
2.630938	0.04112609
2.634271	0.04121322
2.637604	0.04134392
2.640938	0.04147461
2.644271	0.04160531
2.647604	0.04173601
2.650938	0.04184492
2.654271	0.04193205
2.657604	0.04195384
2.660938	0.04195384
2.664271	0.04193205
2.667604	0.04186671
2.670938	0.04177957
2.674271	0.04169244
2.677604	0.04160531
2.680938	0.04151818
2.684271	0.04143105
2.687604	0.04138748
2.690938	0.0413657
2.694271	0.0413657
2.697604	0.04140927
2.700938	0.04145283
2.704271	0.04153996
2.707604	0.04160531
2.710938	0.04169244
2.714271	0.04175779
2.717604	0.04180136
2.720937	0.04180136
2.724271	0.04177957
2.727604	0.04173601
2.730937	0.04167066
2.734271	0.04160531
2.737604	0.04151818
2.740937	0.04147461
2.744271	0.04143105
2.747604	0.04143105
2.750937	0.04143105
2.754271	0.04147461
2.757604	0.04151818
2.760937	0.04156175
2.764271	0.04160531
2.767604	0.04162709
2.770937	0.04162709
2.774271	0.04160531
2.777604	0.04158353
2.780937	0.04156175
2.784271	0.04153996
2.787604	0.04151818
2.790937	0.0414964
2.794271	0.04151818
2.797604	0.04156175
2.800937	0.04160531
2.804271	0.04169244
2.807604	0.04175779
2.810937	0.04182314
2.814271	0.04188849
2.817604	0.04191027
2.820937	0.04188849
2.824271	0.04184492
2.827604	0.04177957
2.830937	0.04167066
2.834271	0.04156175
2.837604	0.04145283
2.840938	0.0413657
2.844271	0.04130035
2.847604	0.04127857
2.850938	0.04127857
2.854271	0.04132213
2.857604	0.0413657
2.860938	0.04143105
2.864271	0.0414964
2.867604	0.04151818
2.870938	0.04151818
2.874271	0.04147461
2.877604	0.04138748
2.880938	0.04127857
2.884271	0.04114787
2.887604	0.04101717
2.890938	0.04088648
2.894271	0.04079934
2.897604	0.040734
2.900938	0.04071221
2.904271	0.040734
2.907604	0.04077756
2.910938	0.04084291
2.914271	0.04090826
2.917604	0.04099539
2.920938	0.04108252
2.924271	0.04119144
2.927604	0.04127857
2.930938	0.0413657
2.934271	0.04147461
2.937604	0.04153996
2.940938	0.04160531
2.944271	0.04167066
2.947604	0.04169244
2.950938	0.04167066
2.954271	0.04162709
2.957604	0.04156175
2.960938	0.04145283
2.964271	0.04132213
2.967604	0.04119144
2.970937	0.04106074
2.974271	0.04095182
2.977604	0.04084291
2.980937	0.04075578
2.984271	0.04066865
2.987604	0.0406033
2.990937	0.04053795
2.994271	0.0404726
2.997604	0.04036369
3.000937	0.04025477
3.004271	0.04012407
3.007604	0.03999338
3.010937	0.03986268
3.014271	0.03977555
3.017604	0.0397102
3.020937	0.03968842
3.024271	0.03968842
3.027604	0.03975377
3.030937	0.0398409
3.034271	0.03997159
3.037604	0.04010229
3.040937	0.04021121
3.044271	0.04027655
3.047604	0.04032012
3.050937	0.04029834
3.054271	0.04023299
3.057604	0.04012407
3.060937	0.04001516
3.064271	0.03990625
3.067604	0.03981911
3.070937	0.03977555
3.074271	0.03977555
3.077604	0.03981911
3.080937	0.03988446
3.084271	0.03999338
3.087604	0.04008051
3.090938	0.04016764
3.094271	0.04023299
3.097604	0.04027655
3.100938	0.04027655
3.104271	0.04025477
3.107604	0.04023299
3.110938	0.04018942
3.114271	0.04016764
3.117604	0.04014586
3.120938	0.04012407
3.124271	0.04012407
3.127604	0.04012407
3.130938	0.04012407
3.134271	0.04014586
3.137604	0.04014586
3.140938	0.04016764
3.144271	0.04016764
3.147604	0.04018942
3.150938	0.04021121
3.154271	0.04021121
3.157604	0.04023299
3.160938	0.04023299
3.164271	0.04023299
3.167604	0.04025477
3.170938	0.04029834
3.174271	0.0403419
3.177604	0.04040725
3.180938	0.0404726
3.184271	0.04053795
3.187604	0.04062508
3.190938	0.04066865
3.194271	0.04069043
3.197604	0.04066865
3.200938	0.04064686
3.204271	0.0406033
3.207604	0.04053795
3.210938	0.04051617
3.214271	0.04049438
3.217604	0.04053795
3.220937	0.0406033
3.224271	0.04071221
3.227604	0.04086469
3.230937	0.04101717
3.234271	0.04119144
3.237604	0.04134392
3.240937	0.0414964
3.244271	0.04162709
3.247604	0.04171423
3.250937	0.04180136
3.254271	0.04184492
3.257604	0.04188849
3.260937	0.04191027
3.264271	0.04191027
3.267604	0.04191027
3.270937	0.04188849
3.274271	0.04184492
3.277604	0.04182314
3.280937	0.04180136
3.284271	0.04180136
3.287604	0.04177957
3.290937	0.04180136
3.294271	0.04180136
3.297604	0.04180136
3.300937	0.04180136
3.304271	0.04180136
3.307604	0.04177957
3.310937	0.04175779
3.314271	0.04171423
3.317604	0.04169244
3.320937	0.04164888
3.324271	0.04164888
3.327604	0.04164888
3.330937	0.04164888
3.334271	0.04162709
3.337604	0.04160531
3.340938	0.04156175
3.344271	0.04151818
3.347604	0.04143105
3.350938	0.04134392
3.354271	0.04127857
3.357604	0.04125679
3.360938	0.04125679
3.364271	0.04132213
3.367604	0.04145283
3.370938	0.04160531
3.374271	0.04180136
3.377604	0.0419974
3.380938	0.04219345
3.384271	0.04234593
3.387604	0.04245484
3.390938	0.04252019
3.394271	0.04252019
3.397604	0.04247663
3.400938	0.04241128
3.404271	0.04234593
3.407604	0.0422588
3.410938	0.04219345
3.414271	0.04214988
3.417604	0.04210632
3.420938	0.04208453
3.424271	0.04208453
3.427604	0.04210632
3.430938	0.0421281
3.434271	0.04217167
3.437604	0.04221523
3.440938	0.04228058
3.444271	0.04232415
3.447604	0.0423895
3.450938	0.04243306
3.454271	0.04245484
3.457604	0.04245484
3.460938	0.04241128
3.464271	0.04234593
3.467604	0.04223701
3.470937	0.04210632
3.474271	0.04197562
3.477604	0.04184492
3.480937	0.04173601
3.484271	0.04164888
3.487604	0.04160531
3.490937	0.04160531
3.494271	0.04162709
3.497604	0.04169244
3.500937	0.04177957
3.504271	0.04188849
3.507604	0.04197562
3.510937	0.04206275
3.514271	0.04214988
3.517604	0.04223701
3.520937	0.04232415
3.524271	0.0423895
3.527604	0.04247663
3.530937	0.04254198
3.534271	0.04262911
3.537604	0.04269446
3.540937	0.0427598
3.544271	0.04282515
3.547604	0.04284694
3.550937	0.04286872
3.554271	0.04284694
3.557604	0.04278159
3.560937	0.04269446
3.564271	0.04256376
3.567604	0.04243306
3.570937	0.04228058
3.574271	0.0421281
3.577604	0.04197562
3.580937	0.04184492
3.584271	0.04173601
3.587604	0.04162709
3.590938	0.04156175
3.594271	0.0414964
3.597604	0.04143105
3.600938	0.04138748
3.604271	0.0413657
3.607604	0.04134392
3.610938	0.04132213
3.614271	0.04132213
3.617604	0.04134392
3.620938	0.04134392
3.624271	0.04134392
3.627604	0.04132213
3.630938	0.04127857
3.634271	0.04121322
3.637604	0.04112609
3.640938	0.04101717
3.644271	0.04088648
3.647604	0.04077756
3.650938	0.04066865
3.654271	0.0406033
3.657604	0.04055973
3.660938	0.04058152
3.664271	0.04066865
3.667604	0.04075578
3.670938	0.04086469
3.674271	0.04099539
3.677604	0.04110431
3.680938	0.04119144
3.684271	0.041235
3.687604	0.041235
3.690938	0.04121322
3.694271	0.04114787
3.697604	0.04106074
3.700938	0.04097361
3.704271	0.04088648
3.707604	0.04079934
3.710938	0.040734
3.714271	0.04069043
3.717604	0.04069043
3.720937	0.04069043
3.724271	0.040734
3.727604	0.04077756
3.730937	0.04084291
3.734271	0.04088648
3.737604	0.04093004
3.740937	0.04095182
3.744271	0.04097361
3.747604	0.04099539
3.750937	0.04101717
3.754271	0.04101717
3.757604	0.04101717
3.760937	0.04101717
3.764271	0.04101717
3.767604	0.04101717
3.770937	0.04101717
3.774271	0.04101717
3.777604	0.04103896
3.780937	0.04106074
3.784271	0.04110431
3.787604	0.04116965
3.790937	0.04125679
3.794271	0.0413657
3.797604	0.04145283
3.800937	0.04153996
3.804271	0.04160531
3.807604	0.04164888
3.810937	0.04164888
3.814271	0.04162709
3.817604	0.04156175
3.820937	0.0414964
3.824271	0.04143105
3.827604	0.0413657
3.830937	0.04132213
3.834271	0.04130035
3.837604	0.04130035
3.840938	0.04132213
3.844271	0.04138748
3.847604	0.04145283
3.850938	0.04151818
3.854271	0.04160531
3.857604	0.04169244
3.860938	0.04177957
3.864271	0.04184492
3.867604	0.04191027
3.870938	0.0419974
3.874271	0.04206275
3.877604	0.04214988
3.880938	0.04223701
3.884271	0.04232415
3.887604	0.04241128
3.890938	0.04252019
3.894271	0.04260732
3.897604	0.04269446
3.900938	0.04278159
3.904271	0.04284694
3.907604	0.04291228
3.910938	0.04297763
3.914271	0.0430212
3.917604	0.04306476
3.920938	0.04308655
3.924271	0.04313011
3.927604	0.0431519
3.930938	0.04319546
3.934271	0.04323903
3.937604	0.04330438
3.940938	0.04339151
3.944271	0.04350042
3.947604	0.04363112
3.950938	0.0437836
3.954271	0.04393608
3.957604	0.04411034
3.960938	0.04426282
3.964271	0.0444153
3.967604	0.04456778
3.970937	0.04469848
3.974271	0.04485096
3.977604	0.04500344
3.980937	0.0451777
3.984271	0.04535197
3.987604	0.04552623
3.990937	0.04572228
3.994271	0.04594011
3.997604	0.04617972
4.000937	0.04641933
4.004271	0.04665894
4.007604	0.04692034
4.010938	0.04720351
4.014271	0.04750847
4.017604	0.04781343
4.020937	0.04816196
4.024271	0.04853227
4.027604	0.04894614
4.030938	0.04936002
4.034271	0.04981746
4.037604	0.05029668
4.040937	0.05081947
4.044271	0.05138583
4.047604	0.05201753
4.050938	0.0526928
4.054271	0.05341164
4.057604	0.05419582
4.060937	0.05506714
4.064271	0.05598202
4.067604	0.05694046
4.070938	0.05796426
4.074271	0.0590534
4.077604	0.06016433
4.080937	0.06136239
4.084271	0.06260401
4.087604	0.06393277
4.090938	0.06534866
4.094271	0.06687346
4.097604	0.06852896
4.100937	0.07031515
4.104271	0.07223205
4.107604	0.07432321
4.110938	0.07654506
4.114271	0.0789194
4.117604	0.08140265
4.120937	0.08397303
4.124271	0.08660876
4.127604	0.08930983
4.130938	0.09203269
4.134271	0.0948209
4.137604	0.09763089
4.140937	0.1005062
4.144271	0.1034251
4.147604	0.106453
4.150938	0.1095461
4.154271	0.1127482
4.157604	0.1160592
4.160937	0.1194356
4.164271	0.1228773
4.167604	0.1263407
4.170938	0.129826
4.174271	0.1332895
4.177604	0.1367312
4.180937	0.1401075
4.184271	0.1433967
4.187604	0.1466206
4.190938	0.1497573
4.194271	0.1528069
4.197604	0.1557258
4.200937	0.1585141
4.204271	0.1611934
4.207604	0.1637202
4.210938	0.1660945
4.214271	0.1683164
4.217604	0.1703422
4.220938	0.1722155
4.224271	0.173871
4.227604	0.1753522
4.230937	0.1766156
4.234271	0.1776612
4.237604	0.178489
4.240938	0.1790989
4.244271	0.1794692
4.247604	0.1795999
4.250937	0.1795128
4.254271	0.1792296
4.257604	0.1787286
4.260938	0.1780533
4.264271	0.1772038
4.267604	0.17618
4.270937	0.1750037
4.274271	0.1736967
4.277604	0.1722373
4.280938	0.1706254
4.284271	0.1688827
4.287604	0.1670312
4.290937	0.1650489
4.294271	0.1629796
4.297604	0.1608231
4.300938	0.158623
4.304271	0.1563576
4.307604	0.1540704
4.310937	0.1517831
4.314271	0.1494742
4.317604	0.147187
4.320938	0.1448998
4.324271	0.1426343
4.327604	0.1404343
4.330937	0.138256
4.334271	0.136143
4.337604	0.1340954
4.340938	0.1321132
4.344271	0.1302181
4.347604	0.1284319
4.350937	0.1267328
4.354271	0.1251427
4.357604	0.1236614
4.360938	0.1222673
4.364271	0.1210039
4.367604	0.1198277
4.370937	0.1187603
4.374271	0.1177801
4.377604	0.1169305
4.380938	0.1161899
4.384271	0.11558
4.387604	0.115079
4.390937	0.1147087
4.394271	0.1144473
4.397604	0.1142512
4.400938	0.1141641
4.404271	0.1141205
4.407604	0.1141205
4.410937	0.1141859
4.414271	0.114273
4.417604	0.1144037
4.420938	0.114578
4.424271	0.1147958
4.427604	0.115079
4.430937	0.1154275
4.434271	0.1158414
4.437604	0.1163206
4.440938	0.116887
4.444271	0.1174751
4.447604	0.1181286
4.450937	0.1187821
4.454271	0.1194791
4.457604	0.1201544
4.460938	0.1208515
4.464271	0.1215267
4.467604	0.122202
4.470938	0.1228773
4.474271	0.1235307
4.477604	0.1241842
4.480937	0.1248377
4.484271	0.1254912
4.487604	0.1261447
4.490938	0.1267982
4.494271	0.1274081
4.497604	0.1279962
4.500937	0.1285408
4.504271	0.1290418
4.507604	0.1294775
4.510938	0.1298478
4.514271	0.1301092
4.517604	0.1303052
4.520937	0.1304141
4.524271	0.1304577
4.527604	0.1304577
4.530938	0.1304141
4.534271	0.130327
4.537604	0.1301963
4.540937	0.1300656
4.544271	0.1299567
4.547604	0.1298478
4.550938	0.1297824
4.554271	0.1297389
4.557604	0.1297171
4.560937	0.1297389
4.564271	0.129826
4.567604	0.1299785
4.570938	0.1302181
4.574271	0.1305231
4.577604	0.1309587
4.580937	0.1314815
4.584271	0.132135
4.587604	0.1329192
4.590938	0.1338558
4.594271	0.1349668
4.597604	0.1362302
4.600937	0.1376896
4.604271	0.1393451
4.607604	0.1412402
4.610938	0.143375
4.614271	0.1457711
4.617604	0.1484504
4.620937	0.1514564
4.624271	0.1547892
4.627604	0.1584923
4.630938	0.1625657
4.634271	0.167053
4.637604	0.1719541
4.640937	0.1772909
4.644271	0.1831069
4.647604	0.189424
4.650938	0.1962856
4.654271	0.2036918
4.657604	0.2117297
4.660937	0.2203775
4.664271	0.2297441
4.667604	0.2398514
4.670938	0.2507428
4.674271	0.262462
4.677604	0.2750525
4.680937	0.2885361
4.684271	0.3029782
4.687604	0.3184005
4.690938	0.3348465
4.694271	0.3523382
4.697604	0.370919
4.700937	0.3906107
4.704271	0.4115223
4.707604	0.4336755
4.710938	0.4571574
4.714271	0.4820553
4.717604	0.5084997
4.720938	0.5366214
4.724271	0.5665947
4.727604	0.5985937
4.730937	0.63288
4.734271	0.6697584
4.737604	0.709534
4.740938	0.7526641
4.744271	0.7996715
4.747604	0.8511663
4.750937	0.9079107
4.754271	0.9708197
4.757604	1.041026
4.760938	1.119815
4.764271	1.208754
4.767604	1.309674
4.770937	1.424666
4.774271	1.556191
4.777604	1.706994
4.780938	1.880234
4.784271	2.079482
4.787604	2.308638
4.790937	2.572167
4.794271	2.874949
4.797604	3.222299
4.800938	3.620098
4.804271	4.074642
4.807604	4.59266
4.810937	5.181299
4.814271	5.848117
4.817604	6.600846
4.820938	7.44746
4.824271	8.395996
4.827604	9.454448
4.830937	10.63068
4.834271	11.93229
4.837604	13.36639
4.840938	14.93947
4.844271	16.65724
4.847604	18.52441
4.850937	20.54444
4.854271	22.71942
4.857604	25.04984
4.860938	27.53435
4.864271	30.16973
4.867604	32.95067
4.870937	35.86982
4.874271	38.91761
4.877604	42.08238
4.880938	45.35025
4.884271	48.70529
4.887604	52.12956
4.890937	55.60321
4.894271	59.10473
4.897604	62.61112
4.900938	66.09804
4.904271	69.54028
4.907604	72.91201
4.910937	76.18719
4.914271	79.33998
4.917604	82.34509
4.920938	85.17817
4.924271	87.81614
4.927604	90.23761
4.930937	92.42315
4.934271	94.35551
4.937604	96.01998
4.940938	97.40444
4.944271	98.49957
4.947604	99.299
4.950937	99.79929
4.954271	100
4.957604	99.90357
4.960938	99.51529
4.964271	98.84309
4.967604	97.89745
4.970938	96.69111
4.974271	95.23887
4.977604	93.55734
4.980937	91.66463
4.984271	89.58005
4.987604	87.32383
4.990938	84.91671
4.994271	82.37979
4.997604	79.73412
5.000937	77.00048
5.004271	74.1992
5.007604	71.34983
5.010938	68.47109
5.014271	65.58072
5.017604	62.69522
5.020937	59.82999
5.024271	56.99902
5.027604	54.21494
5.030938	51.48895
5.034271	48.83078
5.037604	46.24875
5.040937	43.74977
5.044271	41.33948
5.047604	39.02219
5.050938	36.8011
5.054271	34.67829
5.057604	32.6549
5.060937	30.73125
5.064271	28.90674
5.067604	27.18018
5.070938	25.54967
5.074271	24.01276
5.077604	22.56659
5.080937	21.20791
5.084271	19.93322
5.087604	18.73875
5.090938	17.62068
5.094271	16.57506
5.097604	15.59796
5.100937	14.68548
5.104271	13.83374
5.107604	13.03895
5.110938	12.29742
5.114271	11.60555
5.117604	10.95995
5.120937	10.35728
5.124271	9.794501
5.127604	9.268662
5.130938	8.777022
5.134271	8.317077
5.137604	7.886451
5.140937	7.482923
5.144271	7.104466
5.147604	6.749209
5.150938	6.415387
5.154271	6.101386
5.157604	5.805727
5.160937	5.527059
5.164271	5.264161
5.167604	5.01588
5.170938	4.781257
5.174271	4.559354
5.177604	4.349346
5.180937	4.15049
5.184271	3.962089
5.187604	3.783492
5.190938	3.614107
5.194271	3.453393
5.197604	3.30087
5.200937	3.156057
5.204271	3.018563
5.207604	2.888019
5.210938	2.764074
5.214271	2.646447
5.217604	2.534831
5.220938	2.428988
5.224271	2.328656
5.227604	2.233661
5.230937	2.143719
5.234271	2.058635
5.237604	1.978213
5.240938	1.902234
5.244271	1.830503
5.247604	1.762845
5.250937	1.699043
5.254271	1.638944
5.257604	1.582374
5.260938	1.52918
5.264271	1.479189
5.267604	1.432247
5.270937	1.388202
5.274271	1.346923
5.277604	1.308215
5.280938	1.271968
5.284271	1.238009
5.287604	1.206206
5.290937	1.176428
5.294271	1.148525
5.297604	1.122407
5.300938	1.097901
5.304271	1.074942
5.307604	1.053377
5.310937	1.033097
5.314271	1.014015
5.317604	0.9959572
5.320938	0.9788576
5.324271	0.962564
5.327604	0.947011
5.330937	0.9320679
5.334271	0.9176912
5.337604	0.9037719
5.340938	0.8902448
5.344271	0.8770661
5.347604	0.8641924
5.350937	0.8515366
5.354271	0.8390768
5.357604	0.8267694
5.360938	0.814571
5.364271	0.8024597
5.367604	0.790392
5.370937	0.7783679
5.374271	0.7663655
5.377604	0.7543414
5.380938	0.7422954
5.384271	0.7302495
5.387604	0.71816
5.390937	0.7060487
5.394271	0.6939156
5.397604	0.681739
5.400938	0.6695624
5.404271	0.6573857
5.407604	0.6452091
5.410937	0.6330543
5.414271	0.620943
5.417604	0.6088535
5.420938	0.5968293
5.424271	0.5848923
5.427604	0.5730424
5.430937	0.5613014
5.434271	0.5496476
5.437604	0.5381462
5.440938	0.5267756
5.444271	0.5155574
5.447604	0.5044917
5.450937	0.4936002
5.454271	0.482883
5.457604	0.4723619
5.460938	0.4619932
5.464271	0.4518206
5.467604	0.4418223
5.470938	0.43202
5.474271	0.4223919
5.477604	0.4129599
5.480937	0.403724
5.484271	0.3946841
5.487604	0.3858838
5.490938	0.3772796
5.494271	0.3688932
5.497604	0.3607464
5.500937	0.3528174
5.504271	0.3450845
5.507604	0.3375912
5.510938	0.3302721
5.514271	0.3231273
5.517604	0.3161568
5.520937	0.3093606
5.524271	0.3027168
5.527604	0.2962473
5.530938	0.2899302
5.534271	0.2837875
5.537604	0.2777972
5.540937	0.2719811
5.544271	0.2663393
5.547604	0.2608501
5.550938	0.255535
5.554271	0.2503507
5.557604	0.2452971
5.560937	0.2403959
5.564271	0.2356473
5.567604	0.2310075
5.570938	0.2264984
5.574271	0.2221201
5.577604	0.2178506
5.580937	0.2136901
5.584271	0.2096385
5.587604	0.205674
5.590938	0.2017967
5.594271	0.1980064
5.597604	0.1943251
5.600937	0.190731
5.604271	0.1872457
5.607604	0.1838476
5.610938	0.1805801
5.614271	0.1773998
5.617604	0.1743067
5.620937	0.1712788
5.624271	0.1683382
5.627604	0.1654628
5.630938	0.1626528
5.634271	0.1598864
5.637604	0.1572071
5.640937	0.1545714
5.644271	0.1520228
5.647604	0.1495613
5.650938	0.1471434
5.654271	0.1448344
5.657604	0.142569
5.660937	0.1403689
5.664271	0.1382342
5.667604	0.1361648
5.670938	0.134139
5.674271	0.1321786
5.677604	0.1302617
5.680937	0.1284101
5.684271	0.1266239
5.687604	0.1248813
5.690938	0.1231822
5.694271	0.1215267
5.697604	0.119893
5.700937	0.1182811
5.704271	0.1167127
5.707604	0.1151443
5.710938	0.1136195
5.714271	0.1120947
5.717604	0.1106135
5.720938	0.109154
5.724271	0.1077164
5.727604	0.1063005
5.730937	0.1049499
5.734271	0.1036212
5.737604	0.102336
5.740938	0.1010944
5.744271	0.09989631
5.747604	0.0987636
5.750937	0.09769624
5.754271	0.09665066
5.757604	0.09567043
5.760938	0.09473377
5.764271	0.09381889
5.767604	0.09292579
5.770937	0.09207626
5.774271	0.09122673
5.777604	0.09039898
5.780938	0.08959301
5.784271	0.08878704
5.787604	0.08802464
5.790937	0.08728403
5.794271	0.08656519
5.797604	0.08588992
5.800938	0.08521465
5.804271	0.08456116
5.807604	0.08392946
5.810937	0.08329776
5.814271	0.08268784
5.817604	0.08207792
5.820938	0.08144621
5.824271	0.08083629
5.827604	0.08024815
5.830937	0.07966002
5.834271	0.07909366
5.837604	0.07852731
5.840938	0.07800452
5.844271	0.07750351
5.847604	0.0770025
5.850937	0.07654506
5.854271	0.07613119
5.857604	0.0757391
5.860938	0.07539057
5.864271	0.07510739
5.867604	0.07484599
5.870937	0.07460638
5.874271	0.07438855
5.877604	0.07419251
5.880938	0.07399646
5.884271	0.07380042
5.887604	0.0735608
5.890937	0.07332119
5.894271	0.07301623
5.897604	0.07271127
5.900938	0.07236275
5.904271	0.072036
5.907604	0.07170926
5.910937	0.07138252
5.914271	0.07107756
5.917604	0.07081616
5.920938	0.07055477
5.924271	0.07031515
5.927604	0.07009733
5.930937	0.0698795
5.934271	0.06963989
5.937604	0.06940027
5.940938	0.06913888
5.944271	0.06887749
5.947604	0.06859431
5.950937	0.06828935
5.954271	0.06800617
5.957604	0.06772299
5.960938	0.06743982
5.964271	0.06715664
5.967604	0.06691703
5.970938	0.06667741
5.974271	0.0664378
5.977604	0.06621997
5.980937	0.06598036
5.984271	0.06576253
5.987604	0.06556649
5.990938	0.06537044
5.994271	0.0651744
5.997604	0.06497835
6.000937	0.06480409
6.004271	0.06462982
6.007604	0.06445556
6.010938	0.06430308
6.014271	0.06412882
6.017604	0.06397634
6.020937	0.06380207
6.024271	0.06360603
6.027604	0.06340998
6.030938	0.06321394
6.034271	0.06299611
6.037604	0.06277828
6.040937	0.06253867
6.044271	0.06229905
6.047604	0.06205944
6.050938	0.06181983
6.054271	0.06158022
6.057604	0.06134061
6.060937	0.06112278
6.064271	0.06092673
6.067604	0.06073069
6.070938	0.0605782
6.074271	0.06042572
6.077604	0.06031681
6.080937	0.0602079
6.084271	0.06012076
6.087604	0.06001185
6.090938	0.05992472
6.094271	0.0598158
6.097604	0.05970689
6.100937	0.05957619
6.104271	0.05944549
6.107604	0.0593148
6.110938	0.0591841
6.114271	0.05903162
6.117604	0.05890092
6.120937	0.05874844
6.124271	0.05861775
6.127604	0.05848705
6.130938	0.05835635
6.134271	0.05820387
6.137604	0.05807317
6.140937	0.05792069
6.144271	0.05779
6.147604	0.0576593
6.150938	0.05750682
6.154271	0.05735434
6.157604	0.05718008
6.160937	0.05698403
6.164271	0.0567662
6.167604	0.05654837
6.170938	0.05633054
6.174271	0.0561345
6.177604	0.05591667
6.180937	0.05572062
6.184271	0.05554636
6.187604	0.05539388
6.190938	0.0552414
6.194271	0.0551107
6.197604	0.05498
6.200937	0.05484931
6.204271	0.05474039
6.207604	0.05463148
6.210938	0.05452256
6.214271	0.05441365
6.217604	0.05430473
6.220938	0.05419582
6.224271	0.05406512
6.227604	0.05393442
6.230937	0.05378194
6.234271	0.05362946
6.237604	0.0534552
6.240938	0.05328094
6.244271	0.05310668
6.247604	0.05293241
6.250937	0.05277993
6.254271	0.05262745
6.257604	0.05247497
6.260938	0.05232249
6.264271	0.05219179
6.267604	0.05203931
6.270937	0.05188683
6.274271	0.05175614
6.277604	0.05160366
6.280938	0.05142939
6.284271	0.05127691
6.287604	0.05110265
6.290937	0.05095017
6.294271	0.05079769
6.297604	0.05064521
6.300938	0.05051451
6.304271	0.05038381
6.307604	0.0502749
6.310937	0.05016599
6.314271	0.05010064
6.317604	0.05005707
6.320938	0.05001351
6.324271	0.05001351
6.327604	0.04999172
6.330937	0.04999172
6.334271	0.04994816
6.337604	0.04988281
6.340938	0.04981746
6.344271	0.04970855
6.347604	0.04957785
6.350937	0.04944715
6.354271	0.04929467
6.357604	0.04916397
6.360938	0.04903328
6.364271	0.04894614
6.367604	0.0488808
6.370937	0.04883723
6.374271	0.04881545
6.377604	0.04877188
6.380938	0.04872832
6.384271	0.04868475
6.387604	0.04859762
6.390937	0.04851049
6.394271	0.04842335
6.397604	0.04829266
6.400938	0.04818374
6.404271	0.04809661
6.407604	0.04800948
6.410937	0.04794413
6.414271	0.04790057
6.417604	0.04787878
6.420938	0.04787878
6.424271	0.04787878
6.427604	0.04790057
6.430937	0.04794413
6.434271	0.0479877
6.437604	0.04805305
6.440938	0.04814018
6.444271	0.04824909
6.447604	0.04842335
6.450937	0.04864118
6.454271	0.04890258
6.457604	0.0492511
6.460938	0.04966498
6.464271	0.05020955
6.467604	0.05084126
6.470938	0.05160366
6.474271	0.05249675
6.477604	0.05354233
6.480937	0.05474039
6.484271	0.05609093
6.487604	0.0576593
6.490938	0.05940193
6.494271	0.06138417
6.497604	0.06358424
6.500937	0.06602393
6.504271	0.06872501
6.507604	0.07168748
6.510938	0.07484599
6.514271	0.07824413
6.517604	0.08179474
6.520937	0.08547605
6.524271	0.08924449
6.527604	0.09305649
6.530938	0.09682493
6.534271	0.100528
6.537604	0.104144
6.540937	0.1075857
6.544271	0.1108313
6.547604	0.1138374
6.550938	0.1165602
6.554271	0.1189563
6.557604	0.1209822
6.560937	0.1226159
6.564271	0.1238139
6.567604	0.1245763
6.570938	0.1248813
6.574271	0.1247724
6.577604	0.1242714
6.580937	0.1234001
6.584271	0.122202
6.587604	0.120699
6.590938	0.1189346
6.594271	0.1169523
6.597604	0.114774
6.600937	0.1124215
6.604271	0.1099382
6.607604	0.1073025
6.610938	0.1045796
6.614271	0.1017696
6.617604	0.09891608
6.620937	0.09606253
6.624271	0.09323075
6.627604	0.09046433
6.630938	0.08778503
6.634271	0.08519287
6.637604	0.0827314
6.640937	0.08042242
6.644271	0.07826591
6.647604	0.0762401
6.650938	0.07436677
6.654271	0.07260236
6.657604	0.07096864
6.660937	0.06946562
6.664271	0.06802795
6.667604	0.06667741
6.670938	0.06541401
6.674271	0.06419417
6.677604	0.06303967
6.680937	0.06195053
6.684271	0.06088317
6.687604	0.05988115
6.690938	0.05894449
6.694271	0.05802961
6.697604	0.05715829
6.700937	0.05633054
6.704271	0.05552458
6.707604	0.05476218
6.710938	0.05402156
6.714271	0.0533245
6.717604	0.05262745
6.720938	0.05199575
6.724271	0.05140761
6.727604	0.05086304
6.730937	0.05038381
6.734271	0.04996994
6.737604	0.04959963
6.740938	0.04929467
6.744271	0.04903328
6.747604	0.04879366
6.750937	0.04859762
6.754271	0.04840157
6.757604	0.04820553
6.760938	0.04803126
6.764271	0.04783522
6.767604	0.04768274
6.770937	0.04753026
6.774271	0.04737778
6.777604	0.0472253
6.780938	0.0470946
6.784271	0.04694212
6.787604	0.04681142
6.790937	0.04665894
6.794271	0.04650646
6.797604	0.04635398
6.800938	0.0462015
6.804271	0.04604902
6.807604	0.04589654
6.810937	0.04576584
6.814271	0.04563515
6.817604	0.04550445
6.820938	0.04535197
6.824271	0.04519949
6.827604	0.04502522
6.830937	0.0448074
6.834271	0.044546
6.837604	0.04424104
6.840938	0.04387073
6.844271	0.04345686
6.847604	0.04295585
6.850937	0.04241128
6.854271	0.04177957
6.857604	0.04106074
6.860938	0.04027655
6.864271	0.03938346
6.867604	0.03838144
6.870937	0.03724873
6.874271	0.03602889
6.877604	0.03467835
6.880938	0.03319712
6.884271	0.03160697
6.887604	0.0299079
6.890937	0.02809992
6.894271	0.02620481
6.897604	0.024179
6.900938	0.02210963
6.904271	0.01995312
6.907604	0.01777483
6.910937	0.01559654
6.914271	0.01341825
6.917604	0.01130531
6.920938	0.009279507
6.924271	0.007384396
6.927604	0.00568533
6.930937	0.004160528
6.934271	0.002853558
6.937604	0.00180798
6.940938	0.0009802299
6.944271	0.0004138748
6.947604	8.713154e-05
6.950937	0
6.954271	0.0001742631
6.957604	0.0005445721
6.960938	0.00113271
6.964271	0.001916894
6.967604	0.002897124
6.970938	0.004029831
6.974271	0.005293239
6.977604	0.006687343
6.980937	0.008146797
6.984271	0.009671599
6.987604	0.01123997
6.990938	0.01280833
6.994271	0.0143767
6.997604	0.0159015
7.000937	0.01738274
7.004271	0.01882041
7.007604	0.02017095
7.010938	0.02147793
7.014271	0.02271955
7.017604	0.02389583
7.020937	0.02502854
7.024271	0.02611768
7.027604	0.02718504
7.030938	0.02823062
7.034271	0.0292762
7.037604	0.03029999
7.040937	0.03134557
7.044271	0.03236937
7.047604	0.03339316
7.050938	0.03437339
7.054271	0.03531006
7.057604	0.03618137
7.060937	0.03696556
7.064271	0.03766261
7.067604	0.03825075
7.070938	0.03875175
7.074271	0.03912206
7.077604	0.03942702
7.080937	0.03962307
7.084271	0.03977555
7.087604	0.0398409
7.090938	0.03988446
7.094271	0.03988446
7.097604	0.03986268
7.100937	0.03981911
7.104271	0.03975377
7.107604	0.03964485
7.110938	0.03951415
7.114271	0.03933989
7.117604	0.03912206
7.120937	0.03888245
7.124271	0.03862106
7.127604	0.03833788
7.130938	0.03807648
7.134271	0.03783687
7.137604	0.03764083
7.140937	0.03751013
7.144271	0.03744478
7.147604	0.03744478
7.150938	0.03753191
7.154271	0.03768439
7.157604	0.03788044
7.160937	0.03816361
7.164271	0.03846858
7.167604	0.03879532
7.170938	0.03916563
7.174271	0.03951415
7.177604	0.03986268
7.180937	0.04021121
7.184271	0.04055973
7.187604	0.04088648
7.190938	0.04121322
7.194271	0.04151818
7.197604	0.04180136
7.200937	0.04206275
7.204271	0.04232415
7.207604	0.04254198
7.210938	0.04273802
7.214271	0.04286872
7.217604	0.04297763
7.220938	0.04304298
7.224271	0.04306476
7.227604	0.04304298
7.230937	0.04299942
7.234271	0.04293407
7.237604	0.04286872
7.240938	0.0427598
7.244271	0.04267267
7.247604	0.04258554
7.250937	0.04249841
7.254271	0.0423895
7.257604	0.04230236
7.260938	0.04219345
7.264271	0.04210632
7.267604	0.04201919
7.270937	0.04193205
7.274271	0.04188849
7.277604	0.04186671
7.280938	0.04188849
7.284271	0.04193205
7.287604	0.0419974
7.290937	0.04208453
7.294271	0.04217167
7.297604	0.0422588
7.300938	0.04230236
7.304271	0.04232415
7.307604	0.04230236
7.310937	0.0422588
7.314271	0.04217167
7.317604	0.04206275
7.320938	0.04195384
7.324271	0.04186671
7.327604	0.04177957
7.330937	0.04175779
7.334271	0.04177957
7.337604	0.04186671
7.340938	0.04197562
7.344271	0.04214988
7.347604	0.04232415
7.350937	0.04249841
7.354271	0.04265089
7.357604	0.0427598
7.360938	0.04280337
7.364271	0.04278159
7.367604	0.04271624
7.370937	0.04258554
7.374271	0.04243306
7.377604	0.0422588
7.380938	0.04210632
7.384271	0.0419974
7.387604	0.04193205
7.390937	0.04193205
7.394271	0.04197562
7.397604	0.04208453
7.400938	0.04223701
7.404271	0.04243306
7.407604	0.04260732
7.410937	0.04278159
7.414271	0.04291228
7.417604	0.0430212
7.420938	0.04308655
7.424271	0.04308655
7.427604	0.04306476
7.430937	0.04297763
7.434271	0.04286872
7.437604	0.04271624
7.440938	0.04256376
7.444271	0.04241128
7.447604	0.04223701
7.450937	0.04208453
7.454271	0.04195384
7.457604	0.04182314
7.460938	0.04173601
7.464271	0.04169244
7.467604	0.04167066
7.470938	0.04167066
7.474271	0.04171423
7.477604	0.04175779
7.480937	0.04180136
7.484271	0.04184492
7.487604	0.04186671
7.490938	0.04186671
7.494271	0.04184492
7.497604	0.04177957
7.500937	0.04169244
7.504271	0.04162709
7.507604	0.04153996
7.510938	0.04147461
7.514271	0.04143105
7.517604	0.04140927
7.520937	0.04143105
7.524271	0.04147461
7.527604	0.04153996
7.530938	0.04162709
7.534271	0.04169244
7.537604	0.04175779
7.540937	0.04180136
7.544271	0.04182314
7.547604	0.04182314
7.550938	0.04177957
7.554271	0.04171423
7.557604	0.04164888
7.560937	0.04153996
7.564271	0.04143105
7.567604	0.04130035
7.570938	0.04119144
7.574271	0.04110431
7.577604	0.04103896
7.580937	0.04099539
7.584271	0.04097361
7.587604	0.04099539
7.590938	0.04106074
7.594271	0.04116965
7.597604	0.04127857
7.600937	0.04138748
7.604271	0.0414964
7.607604	0.04158353
7.610938	0.04164888
7.614271	0.04167066
7.617604	0.04164888
7.620937	0.04158353
7.624271	0.04147461
7.627604	0.04134392
7.630938	0.04121322
7.634271	0.04108252
7.637604	0.04097361
7.640937	0.04088648
7.644271	0.04084291
7.647604	0.04079934
7.650938	0.04079934
7.654271	0.04079934
7.657604	0.04082113
7.660937	0.04084291
7.664271	0.04084291
7.667604	0.04084291
7.670938	0.04082113
7.674271	0.04079934
7.677604	0.04075578
7.680937	0.040734
7.684271	0.04071221
7.687604	0.04071221
7.690938	0.040734
7.694271	0.04079934
7.697604	0.04088648
7.700937	0.04101717
7.704271	0.04116965
7.707604	0.04134392
7.710938	0.04151818
7.714271	0.04167066
7.717604	0.04180136
7.720938	0.04188849
7.724271	0.04193205
7.727604	0.04193205
7.730937	0.04186671
7.734271	0.04175779
7.737604	0.04160531
7.740938	0.04140927
7.744271	0.041235
7.747604	0.04103896
7.750937	0.04084291
7.754271	0.04066865
7.757604	0.0404726
7.760938	0.04029834
7.764271	0.04014586
7.767604	0.03999338
7.770937	0.03986268
7.774271	0.03975377
7.777604	0.03966663
7.780938	0.03962307
7.784271	0.03960129
7.787604	0.03960129
7.790937	0.03964485
7.794271	0.0397102
7.797604	0.03977555
7.800938	0.0398409
7.804271	0.03990625
7.807604	0.03997159
7.810937	0.03999338
7.814271	0.04001516
7.817604	0.04001516
7.820938	0.03997159
7.824271	0.03994981
7.827604	0.03990625
7.830937	0.0398409
7.834271	0.03979733
7.837604	0.03975377
7.840938	0.03973198
7.844271	0.03973198
7.847604	0.03977555
7.850937	0.0398409
7.854271	0.03992803
7.857604	0.04003694
7.860938	0.04014586
7.864271	0.04025477
7.867604	0.04038547
7.870937	0.0404726
7.874271	0.04051617
7.877604	0.04053795
7.880938	0.04049438
7.884271	0.04045082
7.887604	0.0403419
7.890937	0.04023299
7.894271	0.04008051
7.897604	0.03990625
7.900938	0.03973198
7.904271	0.0395795
7.907604	0.03944881
7.910937	0.03936167
7.914271	0.03931811
7.917604	0.03929632
7.920938	0.03931811
7.924271	0.03938346
7.927604	0.03947059
7.930937	0.0395795
7.934271	0.03966663
7.937604	0.03975377
7.940938	0.03981911
7.944271	0.03988446
7.947604	0.03990625
7.950937	0.03990625
7.954271	0.03990625
7.957604	0.03988446
7.960938	0.03988446
7.964271	0.03986268
7.967604	0.0398409
7.970938	0.03981911
7.974271	0.03981911
7.977604	0.03979733
7.980937	0.03979733
7.984271	0.03977555
7.987604	0.03973198
7.990938	0.0397102
7.994271	0.03966663
7.997604	0.03964485
8.000937	0.03962307
8.004271	0.03962307
8.007605	0.03962307
8.010938	0.03962307
8.014271	0.03964485
8.017604	0.03964485
8.020938	0.03964485
8.024271	0.03962307
8.027604	0.03960129
8.030937	0.03953594
8.034271	0.03947059
8.037604	0.03938346
8.040937	0.03931811
8.044271	0.03923098
8.047605	0.03918741
8.050938	0.03912206
8.054271	0.0390785
8.057604	0.03901315
8.060938	0.0389478
8.064271	0.03886067
8.067604	0.03875175
8.070937	0.03859927
8.074271	0.03846858
8.077604	0.03833788
8.080937	0.03820718
8.08427	0.03812005
8.087605	0.0380547
8.090938	0.0380547
8.094271	0.03807648
8.097604	0.03816361
8.100938	0.03825075
8.104271	0.03838144
8.107604	0.03853392
8.110937	0.03866462
8.114271	0.03879532
8.117604	0.03892602
8.120937	0.03901315
8.12427	0.03910028
8.127604	0.03914384
8.130938	0.03916563
8.134271	0.03914384
8.137604	0.03912206
8.140938	0.03910028
8.144271	0.03905671
8.147604	0.03903493
8.150937	0.03903493
8.154271	0.03903493
8.157604	0.03905671
8.160937	0.0390785
8.16427	0.03910028
8.167604	0.03910028
8.170938	0.0390785
8.174271	0.03903493
8.177604	0.03896958
8.180938	0.03888245
8.184271	0.03877354
8.187604	0.0386864
8.190937	0.03859927
8.194271	0.03853392
8.197604	0.03849036
8.200937	0.03846858
8.20427	0.03849036
8.207604	0.03851214
8.210938	0.03855571
8.214271	0.03862106
8.217605	0.0386864
8.220938	0.03875175
8.224271	0.0388171
8.227604	0.03888245
8.230938	0.0389478
8.234271	0.03901315
8.237604	0.03910028
8.240937	0.03916563
8.244271	0.03925276
8.247604	0.03929632
8.250937	0.03936167
8.254271	0.03938346
8.257605	0.03942702
8.260938	0.03944881
8.264271	0.03947059
8.267604	0.03947059
8.270938	0.03951415
8.274271	0.03953594
8.277604	0.0395795
8.280937	0.03960129
8.284271	0.03964485
8.287604	0.03964485
8.290937	0.03962307
8.294271	0.0395795
8.297605	0.03947059
8.300938	0.03933989
8.304271	0.03916563
8.307604	0.0389478
8.310938	0.03875175
8.314271	0.03855571
8.317604	0.03840323
8.320937	0.03827253
8.324271	0.0381854
8.327604	0.03814183
8.330937	0.03814183
8.33427	0.0381854
8.337605	0.03822896
8.340938	0.03829431
8.344271	0.03833788
8.347604	0.03835966
8.350938	0.03838144
8.354271	0.03840323
8.357604	0.03840323
8.360937	0.03840323
8.364271	0.03842501
8.367604	0.03842501
8.370937	0.03844679
8.37427	0.03844679
8.377604	0.03846858
8.380938	0.03849036
8.384271	0.03849036
8.387604	0.03849036
8.390938	0.03849036
8.394271	0.03849036
8.397604	0.03846858
8.400937	0.03844679
8.404271	0.03842501
8.407604	0.03840323
8.410937	0.03838144
8.41427	0.03833788
8.417604	0.03829431
8.420938	0.03825075
8.424271	0.03820718
8.427604	0.0381854
8.430938	0.03814183
8.434271	0.03809827
8.437604	0.0380547
8.440937	0.03801113
8.444271	0.03794579
8.447604	0.03788044
8.450937	0.03781509
8.45427	0.03774974
8.457604	0.03770617
8.460938	0.03766261
8.464271	0.03766261
8.467605	0.03766261
8.470938	0.03768439
8.474271	0.03772796
8.477604	0.03777152
8.480938	0.03781509
8.484271	0.03783687
8.487604	0.03785865
8.490937	0.03783687
8.494271	0.03783687
8.497604	0.03781509
8.500937	0.03781509
8.504271	0.03779331
8.507605	0.03781509
8.510938	0.03781509
8.514271	0.03781509
8.517604	0.03781509
8.520938	0.03779331
8.524271	0.03774974
8.527604	0.03768439
8.530937	0.03759726
8.534271	0.03748835
8.537604	0.03740121
8.540937	0.03731408
8.544271	0.03722695
8.547605	0.03718339
8.550938	0.0371616
8.554271	0.03718339
8.557604	0.03720517
8.560938	0.03727052
8.564271	0.03735765
8.567604	0.03744478
8.570937	0.03751013
8.574271	0.03757548
8.577604	0.03761904
8.580937	0.03764083
8.58427	0.03764083
8.587605	0.03759726
8.590938	0.03751013
8.594271	0.03744478
8.597604	0.03733587
8.600938	0.03727052
8.604271	0.03718339
8.607604	0.03711804
8.610937	0.03707447
8.614271	0.03705269
8.617604	0.0370309
8.620937	0.03700912
8.62427	0.03698734
8.627604	0.03698734
8.630938	0.03694377
8.634271	0.03692199
8.637604	0.03690021
8.640938	0.03690021
8.644271	0.03690021
8.647604	0.03690021
8.650937	0.03690021
8.654271	0.03687842
8.657604	0.03685664
8.660937	0.03683486
8.66427	0.03679129
8.667604	0.03674773
8.670938	0.03668238
8.674271	0.03659525
8.677604	0.0365299
8.680938	0.03646455
8.684271	0.03644277
8.687604	0.03644277
8.690937	0.03646455
8.694271	0.0365299
8.697604	0.03659525
8.700937	0.03668238
8.70427	0.03679129
8.707604	0.03687842
8.710938	0.03696556
8.714271	0.03700912
8.717605	0.03705269
8.720938	0.0370309
8.724271	0.03700912
8.727604	0.03694377
8.730938	0.03685664
8.734271	0.03674773
8.737604	0.03661703
8.740937	0.03648633
8.744271	0.03635564
8.747604	0.03624672
8.750937	0.03613781
8.754271	0.03605068
8.757605	0.03598533
8.760938	0.03594176
8.764271	0.03591998
8.767604	0.03594176
8.770938	0.03598533
8.774271	0.03607246
8.777604	0.03618137
8.780937	0.03629029
8.784271	0.03642098
8.787604	0.0365299
8.790937	0.03663881
8.794271	0.03672594
8.797605	0.03679129
8.800938	0.03681308
8.804271	0.03683486
8.807604	0.03683486
8.810938	0.03683486
8.814271	0.03683486
8.817604	0.03681308
8.820937	0.03679129
8.824271	0.03676951
8.827604	0.03672594
8.830937	0.03668238
8.83427	0.03661703
8.837605	0.0365299
8.840938	0.03644277
8.844271	0.03633385
8.847604	0.03622494
8.850938	0.03611602
8.854271	0.03600711
8.857604	0.0358982
8.860937	0.03583285
8.864271	0.0357675
8.867604	0.03572393
8.870937	0.03570215
8.87427	0.03568037
8.877604	0.03568037
8.880938	0.03568037
8.884271	0.03565858
8.887604	0.0356368
8.890938	0.03559324
8.894271	0.03552789
8.897604	0.03544075
8.900937	0.03533184
8.904271	0.03526649
8.907604	0.03517936
8.910937	0.03513579
8.91427	0.03513579
8.917604	0.03517936
8.920938	0.03524471
8.924271	0.03537541
8.927604	0.03552789
8.930938	0.03570215
8.934271	0.03591998
8.937604	0.03615959
8.940937	0.0363992
8.944271	0.0366606
8.947604	0.03692199
8.950937	0.0371616
8.95427	0.03737943
8.957604	0.03755369
8.960938	0.03766261
8.964271	0.03770617
8.967605	0.03766261
8.970938	0.03755369
8.974271	0.03737943
8.977604	0.0371616
8.980938	0.03692199
8.984271	0.03670416
8.987604	0.03648633
8.990937	0.03633385
8.994271	0.03624672
8.997604	0.03620316
9.000937	0.03620316
9.004271	0.03624672
9.007605	0.03631207
9.010938	0.03637742
9.014271	0.03642098
9.017604	0.03644277
9.020938	0.03644277
9.024271	0.03642098
9.027604	0.03635564
9.030937	0.03629029
9.034271	0.03620316
9.037604	0.03611602
9.040937	0.03602889
9.044271	0.03596354
9.047605	0.0358982
9.050938	0.03583285
9.054271	0.03578928
9.057604	0.0357675
9.060938	0.03574572
9.064271	0.03574572
9.067604	0.03574572
9.070937	0.0357675
9.074271	0.03578928
9.077604	0.03581106
9.080937	0.03583285
9.08427	0.03585463
9.087605	0.03587641
9.090938	0.03587641
9.094271	0.03587641
9.097604	0.03585463
9.100938	0.03581106
9.104271	0.0357675
9.107604	0.03572393
9.110937	0.03568037
9.114271	0.03565858
9.117604	0.03568037
9.120937	0.03572393
9.12427	0.0357675
9.127604	0.03585463
9.130938	0.03594176
9.134271	0.03600711
9.137604	0.03609424
9.140938	0.03611602
9.144271	0.03613781
9.147604	0.03609424
9.150937	0.03602889
9.154271	0.03591998
9.157604	0.03578928
9.160937	0.03565858
9.16427	0.0355061
9.167604	0.03535362
9.170938	0.03522293
9.174271	0.03511401
9.177604	0.03502688
9.180938	0.03496153
9.184271	0.03491797
9.187604	0.03489618
9.190937	0.0348744
9.194271	0.0348744
9.197604	0.03485262
9.200937	0.03483083
9.20427	0.03480905
9.207604	0.03476549
9.210938	0.03472192
9.214271	0.03467835
9.217605	0.03463479
9.220938	0.03461301
9.224271	0.03463479
9.227604	0.03465657
9.230938	0.03472192
9.234271	0.03478727
9.237604	0.0348744
9.240937	0.03498331
9.244271	0.03507045
9.247604	0.03515758
9.250937	0.03524471
9.254271	0.03528827
9.257605	0.03531006
9.260938	0.03533184
9.264271	0.03533184
9.267604	0.03531006
9.270938	0.03528827
9.274271	0.03526649
9.277604	0.03520114
9.280937	0.03515758
9.284271	0.03511401
9.287604	0.03507045
9.290937	0.03504866
9.294271	0.03504866
9.297605	0.03504866
9.300938	0.03507045
9.304271	0.03511401
9.307604	0.03515758
9.310938	0.03522293
9.314271	0.03528827
9.317604	0.03535362
9.320937	0.03539719
9.324271	0.03544075
9.327604	0.03546254
9.330937	0.0355061
9.33427	0.03554967
9.337605	0.03557145
9.340938	0.03561502
9.344271	0.03568037
9.347604	0.03572393
9.350938	0.03578928
9.354271	0.03585463
9.357604	0.0358982
9.360937	0.03596354
9.364271	0.03598533
9.367604	0.03600711
9.370937	0.03598533
9.37427	0.03594176
9.377604	0.03587641
9.380938	0.03578928
9.384271	0.03565858
9.387604	0.03552789
9.390938	0.03539719
9.394271	0.03524471
9.397604	0.03511401
9.400937	0.0350051
9.404271	0.03493975
9.407604	0.0348744
9.410937	0.03485262
9.41427	0.0348744
9.417604	0.03491797
9.420938	0.03498331
9.424271	0.03507045
9.427604	0.03517936
9.430938	0.03528827
9.434271	0.03539719
9.437604	0.0355061
9.440937	0.03559324
9.444271	0.03565858
9.447604	0.03568037
9.450937	0.03565858
9.45427	0.03561502
9.457604	0.03552789
9.460938	0.03541897
9.464271	0.03526649
9.467605	0.03511401
9.470938	0.03493975
9.474271	0.03478727
9.477604	0.03465657
9.480938	0.03452587
9.484271	0.03443874
9.487604	0.03439518
9.490937	0.03437339
9.494271	0.03439518
9.497604	0.03443874
9.500937	0.03452587
9.504271	0.03461301
9.507605	0.03470014
9.510938	0.03476549
9.514271	0.03483083
9.517604	0.0348744
9.520938	0.03489618
9.524271	0.0348744
9.527604	0.03483083
9.530937	0.03478727
9.534271	0.03472192
9.537604	0.03465657
9.540937	0.03459122
9.544271	0.03452587
9.547605	0.03448231
9.550938	0.03446053
9.554271	0.03441696
9.557604	0.03441696
9.560938	0.03439518
9.564271	0.03439518
9.567604	0.03439518
9.570937	0.03441696
9.574271	0.03441696
9.577604	0.03441696
9.580937	0.03441696
9.58427	0.03441696
9.587605	0.03441696
9.590938	0.03437339
9.594271	0.03435161
9.597604	0.03430804
9.600938	0.03428626
9.604271	0.03426448
9.607604	0.03426448
9.610937	0.03428626
9.614271	0.03432983
9.617604	0.03441696
9.620937	0.03450409
9.62427	0.03463479
9.627604	0.03476549
9.630938	0.0348744
9.634271	0.03498331
9.637604	0.03504866
9.640938	0.03504866
9.644271	0.03502688
9.647604	0.03496153
9.650937	0.03483083
9.654271	0.03470014
9.657604	0.03454766
9.660937	0.03439518
9.66427	0.03426448
9.667604	0.03415556
9.670938	0.03406843
9.674271	0.03402487
9.677604	0.03402487
9.680938	0.03402487
9.684271	0.03406843
9.687604	0.034112
9.690937	0.03415556
9.694271	0.03419913
9.697604	0.03426448
9.700937	0.03430804
9.70427	0.03435161
9.707604	0.03437339
9.710938	0.03441696
9.714271	0.03446053
9.717605	0.03450409
9.720938	0.03454766
9.724271	0.03456944
9.727604	0.03461301
9.730938	0.03463479
9.734271	0.03465657
9.737604	0.03465657
9.740937	0.03465657
9.744271	0.03463479
9.747604	0.03463479
9.750937	0.03461301
9.754271	0.03459122
9.757605	0.03456944
9.760938	0.03452587
9.764271	0.03446053
9.767604	0.03439518
9.770938	0.03432983
9.774271	0.03422091
9.777604	0.03413378
9.780937	0.03402487
9.784271	0.03391595
9.787604	0.0338506
9.790937	0.03378526
9.794271	0.03374169
9.797605	0.03371991
9.800938	0.03369812
9.804271	0.03369812
9.807604	0.03369812
9.810938	0.03369812
9.814271	0.03371991
9.817604	0.03371991
9.820937	0.03374169
9.824271	0.03376347
9.827604	0.03378526
9.830937	0.03382882
9.83427	0.03389417
9.837605	0.03395952
9.840938	0.03400308
9.844271	0.03406843
9.847604	0.034112
9.850938	0.03417735
9.854271	0.03422091
9.857604	0.0342427
9.860937	0.03426448
9.864271	0.03428626
9.867604	0.03428626
9.870937	0.03428626
9.87427	0.03426448
9.877604	0.0342427
9.880938	0.03419913
9.884271	0.03413378
9.887604	0.03409022
9.890938	0.03404665
9.894271	0.03402487
9.897604	0.03400308
9.900937	0.03402487
9.904271	0.03404665
9.907604	0.03409022
9.910937	0.03415556
9.91427	0.03422091
9.917604	0.03430804
9.920938	0.03437339
9.924271	0.03443874
9.927604	0.03448231
9.930938	0.03452587
9.934271	0.03456944
9.937604	0.03461301
9.940937	0.03463479
9.944271	0.03467835
9.947604	0.03470014
9.950937	0.03472192
9.95427	0.03472192
9.957604	0.03472192
9.960938	0.03470014
9.964271	0.03467835
9.967605	0.03463479
9.970938	0.03456944
9.974271	0.03450409
9.977604	0.03441696
9.980938	0.03432983
9.984271	0.03422091
9.987604	0.03409022
9.990937	0.03395952
9.994271	0.03380704
9.997604	0.03367634
}
[PEAK]
{
Peak ID	1
Peak Ref	1
Time	4.247941
Peak	3.837604	4.407604
Intensity	-1.728535e-05	7.152558e-07
Height	0.0003755761
AreaAbs	84.08157
Area %BP	0.003058643
Area %Total	0.003050834
Width	0.5699999
}
[PEAK]
{
Peak ID	2
Peak Ref	2
Time	4.525453
Peak	4.407604	4.557604
Intensity	-1.728535e-05	7.152558e-07
Height	0.0002391908
AreaAbs	33.1835
Area %BP	0.001207119
Area %Total	0.001204037
Width	0.1500001
}
[PEAK]
{
Peak ID	3
Peak Ref	3
Time	4.954875
Peak	4.557604	6.420938
Intensity	-1.728535e-05	7.152558e-07
Height	0.2735225
AreaAbs	45816.38
Area %BP	1.666667
Area %Total	1.662412
Width	1.863333
}
}
}
}
