[SAMPLE]
{
Sample	1
Well	1:B,8
FileName	
SampleID	ASD-E-2601294-003
SampleDescription	Aquired with Galaxy
Date	05-Mar-2026
Time	17:39:05 PRC
JobCode	
TaskCode	
UserName	Congcong_Liu2
LabName	Aquired with Galaxy
Instrument	MS_L_19_062
Conditions	
Submitter	Siyu_Zhang
SampleType	
Plate	
Method	
Process	Galaxy
MSTune	
MSMethod	
InletMethod	
PreRunMethod	
PostRunMethod	
SwitchMethod	
FractionMethod	
AcquisitionProcess	
AcquisitionProcessParameters	
AcquisitionProcessOptions	
InjectionVolume	25
ReportScheme	
SampleReportEnable	0
SampleReportFormat	
AnalysisTime	0
[COMPOUND]
{
;Mono Mass	Formula
}
[FUNCTION]
{
Function	1
IonMode	ES+
Type	MS
Description	(0:0)
[SPECTRUM]
{
ProcDesc	0.00:Combine
State	OK
Peak ID	0
Peak Ref	0
Time	0
TIC	0
BPI	0
BPM	0
Continuum	FALSE
Saved	FALSE
[MASSES]
{
;Mass	Exp. Mass	Obs. Mass	% BPI	Int. Abs
}
[RESULTS]
{
;Mass	Found	% BPI	% Purity
}
[MS]
{
;Mass	% BPI
0	0
}
}
[CHROMATOGRAM]
{
TraceNumber	1
Description	scroll down chrom view to see 2D LC chrom
ProcDesc	
MaxIntensity	0
[TRACE]
{
0	0
}
[PEAK]
{
Peak ID	0
Peak Ref	0
Time	0
Peak	0
Intensity	0	0
Height	0
AreaAbs	0
Area %BP	0
Area %Total	0
}
}
}
[FUNCTION]
{
Function	0
Description	ANALOG
[CHROMATOGRAM]
{
TraceNumber	2
Description	LC
ProcDesc	Result Id:2852, VWD: Signal A, 280 nm
MaxIntensity	0.1852755
[TRACE]
{
;Time	Int. %Max
0.003020833	0.005308185
0.006354167	0.005372527
0.0096875	0.005469039
0.01302083	0.005597722
0.01635417	0.005758576
0.0196875	0.00588726
0.02302083	0.006015943
0.02635417	0.006144626
0.0296875	0.006208968
0.03302083	0.006241139
0.03635417	0.006241139
0.0396875	0.006273309
0.04302083	0.006273309
0.04635417	0.006273309
0.0496875	0.00630548
0.05302083	0.00630548
0.05635417	0.006337651
0.0596875	0.006369822
0.06302083	0.006401993
0.06635416	0.006401993
0.0696875	0.006401993
0.07302083	0.006434163
0.07635417	0.006434163
0.0796875	0.006434163
0.08302084	0.006498506
0.08635417	0.006562847
0.0896875	0.006627189
0.09302083	0.006755872
0.09635416	0.006852385
0.0996875	0.006948897
0.1030208	0.007045409
0.1063542	0.007045409
0.1096875	0.007045409
0.1130208	0.006948897
0.1163542	0.006788043
0.1196875	0.006562847
0.1230208	0.00630548
0.1263542	0.006015943
0.1296875	0.005726406
0.1330208	0.005469039
0.1363542	0.005243843
0.1396875	0.005082989
0.1430208	0.004986477
0.1463542	0.004986477
0.1496875	0.005050819
0.1530208	0.005147331
0.1563542	0.005243843
0.1596875	0.005340356
0.1630208	0.005372527
0.1663542	0.005372527
0.1696875	0.005340356
0.1730208	0.005276014
0.1763542	0.005179502
0.1796875	0.005082989
0.1830208	0.005018648
0.1863542	0.005018648
0.1896875	0.005082989
0.1930208	0.005211673
0.1963542	0.005372527
0.1996875	0.005533381
0.2030208	0.005694235
0.2063542	0.005790747
0.2096875	0.005855089
0.2130208	0.005855089
0.2163542	0.005855089
0.2196875	0.005822918
0.2230208	0.005758576
0.2263542	0.005726406
0.2296875	0.005694235
0.2330208	0.005694235
0.2363542	0.005694235
0.2396875	0.005662064
0.2430208	0.005629893
0.2463542	0.00550121
0.2496875	0.005340356
0.2530208	0.005147331
0.2563542	0.004889965
0.2596875	0.004632598
0.2630208	0.004343061
0.2663542	0.004117865
0.2696875	0.00392484
0.2730208	0.003796156
0.2763542	0.003763986
0.2796875	0.003796156
0.2830208	0.003892669
0.2863542	0.004053523
0.2896875	0.004214377
0.2930208	0.004375231
0.2963542	0.004536086
0.2996875	0.004664769
0.3030208	0.00472911
0.3063542	0.00472911
0.3096875	0.00469694
0.3130208	0.004600427
0.3163542	0.004503915
0.3196875	0.004343061
0.3230208	0.004214377
0.3263542	0.004117865
0.3296875	0.003989182
0.3330208	0.00392484
0.3363542	0.003892669
0.3396875	0.003860498
0.3430208	0.003828327
0.3463542	0.003828327
0.3496875	0.003796156
0.3530208	0.003731815
0.3563542	0.003635302
0.3596875	0.00353879
0.3630208	0.003377936
0.3663542	0.003217082
0.3696875	0.003056228
0.3730208	0.002895374
0.3763542	0.00273452
0.3796875	0.002670178
0.3830208	0.002638007
0.3863542	0.002670178
0.3896875	0.00276669
0.3930208	0.002927545
0.3963542	0.003120569
0.3996875	0.003345765
0.4030208	0.003570961
0.4063542	0.003763986
0.4096875	0.00392484
0.4130208	0.004021352
0.4163542	0.004085694
0.4196875	0.004053523
0.4230208	0.003989182
0.4263542	0.003892669
0.4296875	0.003763986
0.4330208	0.003603132
0.4363542	0.003442278
0.4396875	0.003281424
0.4430208	0.003088399
0.4463542	0.002895374
0.4496875	0.002670178
0.4530208	0.002444982
0.4563542	0.002219787
0.4596875	0.001994591
0.4630208	0.001769395
0.4663542	0.001640712
0.4696875	0.001544199
0.4730208	0.00157637
0.4763542	0.001672883
0.4796875	0.001865907
0.4830208	0.002123274
0.4863542	0.002412811
0.4896875	0.002702349
0.4930208	0.002991886
0.4963542	0.003184911
0.4996875	0.003345765
0.5030208	0.003410107
0.5063542	0.003377936
0.5096875	0.003249253
0.5130208	0.003088399
0.5163541	0.002895374
0.5196875	0.002670178
0.5230208	0.002444982
0.5263542	0.002219787
0.5296875	0.002058932
0.5330209	0.001930249
0.5363542	0.001833737
0.5396875	0.001801566
0.5430208	0.001833737
0.5463542	0.001930249
0.5496875	0.002091103
0.5530208	0.002316299
0.5563542	0.002541495
0.5596875	0.002798861
0.5630208	0.003056228
0.5663542	0.003249253
0.5696875	0.003410107
0.5730208	0.00353879
0.5763541	0.00353879
0.5796875	0.003506619
0.5830208	0.003442278
0.5863542	0.003281424
0.5896875	0.00315274
0.5930209	0.002959715
0.5963542	0.002798861
0.5996875	0.002638007
0.6030208	0.002509324
0.6063542	0.002380641
0.6096875	0.002284128
0.6130208	0.002187616
0.6163542	0.002091103
0.6196875	0.001994591
0.6230208	0.001930249
0.6263542	0.001898078
0.6296875	0.001865907
0.6330208	0.001865907
0.6363541	0.001865907
0.6396875	0.001930249
0.6430208	0.001994591
0.6463541	0.002123274
0.6496875	0.002219787
0.6530209	0.00234847
0.6563542	0.002509324
0.6596875	0.002670178
0.6630208	0.002798861
0.6663542	0.002927545
0.6696875	0.003056228
0.6730208	0.00315274
0.6763542	0.003249253
0.6796875	0.003345765
0.6830208	0.003410107
0.6863542	0.003506619
0.6896875	0.003635302
0.6930208	0.003763986
0.6963542	0.00392484
0.6996875	0.004150036
0.7030208	0.004375231
0.7063541	0.004600427
0.7096875	0.004825623
0.7130209	0.004986477
0.7163542	0.005082989
0.7196875	0.005147331
0.7230209	0.00511516
0.7263542	0.005018648
0.7296875	0.004857794
0.7330208	0.00469694
0.7363542	0.004536086
0.7396875	0.004375231
0.7430208	0.004278719
0.7463542	0.004182207
0.7496875	0.004150036
0.7530208	0.004117865
0.7563542	0.004085694
0.7596875	0.004053523
0.7630208	0.003989182
0.7663541	0.003957011
0.7696875	0.003892669
0.7730208	0.003828327
0.7763542	0.003796156
0.7796875	0.003763986
0.7830209	0.003796156
0.7863542	0.003828327
0.7896875	0.003892669
0.7930208	0.003957011
0.7963542	0.004053523
0.7996875	0.004117865
0.8030208	0.004150036
0.8063542	0.004182207
0.8096875	0.004182207
0.8130208	0.004150036
0.8163542	0.004117865
0.8196875	0.004053523
0.8230208	0.003989182
0.8263541	0.00392484
0.8296875	0.003892669
0.8330208	0.003892669
0.8363542	0.003892669
0.8396875	0.00392484
0.8430209	0.003989182
0.8463542	0.004053523
0.8496875	0.004117865
0.8530208	0.004182207
0.8563542	0.004246548
0.8596875	0.004278719
0.8630208	0.004278719
0.8663542	0.004278719
0.8696875	0.004278719
0.8730208	0.004246548
0.8763542	0.004214377
0.8796875	0.004214377
0.8830208	0.004214377
0.8863541	0.004182207
0.8896875	0.004182207
0.8930208	0.004182207
0.8963541	0.004150036
0.8996875	0.004117865
0.9030209	0.004021352
0.9063542	0.003892669
0.9096875	0.003763986
0.9130208	0.003635302
0.9163542	0.003474448
0.9196875	0.003345765
0.9230208	0.003249253
0.9263542	0.00315274
0.9296875	0.003120569
0.9330208	0.003056228
0.9363542	0.003056228
0.9396875	0.002991886
0.9430208	0.002959715
0.9463542	0.002895374
0.9496875	0.002863203
0.9530208	0.002798861
0.9563541	0.00276669
0.9596875	0.00273452
0.9630209	0.00273452
0.9663542	0.00276669
0.9696875	0.002798861
0.9730209	0.002863203
0.9763542	0.002927545
0.9796875	0.002991886
0.9830208	0.003056228
0.9863542	0.003056228
0.9896875	0.003024057
0.9930208	0.002991886
0.9963542	0.002895374
0.9996875	0.002798861
1.003021	0.002670178
1.006354	0.002541495
1.009688	0.002444982
1.013021	0.00234847
1.016354	0.002284128
1.019688	0.002251957
1.023021	0.002251957
1.026354	0.002251957
1.029688	0.002251957
1.033021	0.002251957
1.036354	0.002219787
1.039688	0.002187616
1.043021	0.002155445
1.046354	0.002091103
1.049688	0.002026762
1.053021	0.001930249
1.056354	0.001898078
1.059687	0.001833737
1.063021	0.001833737
1.066354	0.001865907
1.069687	0.001930249
1.073021	0.002026762
1.076354	0.002123274
1.079687	0.002219787
1.083021	0.00234847
1.086354	0.002477153
1.089687	0.002573665
1.093021	0.002670178
1.096354	0.002702349
1.099687	0.00273452
1.103021	0.00273452
1.106354	0.00273452
1.109687	0.002702349
1.113021	0.002670178
1.116354	0.002605836
1.119688	0.002605836
1.123021	0.002605836
1.126354	0.002638007
1.129688	0.00276669
1.133021	0.002895374
1.136354	0.003088399
1.139688	0.003313594
1.143021	0.00353879
1.146354	0.003731815
1.149688	0.003892669
1.153021	0.004021352
1.156354	0.004053523
1.159688	0.004021352
1.163021	0.00392484
1.166354	0.003763986
1.169688	0.003570961
1.173021	0.003377936
1.176354	0.003184911
1.179688	0.002991886
1.183021	0.002831032
1.186354	0.00273452
1.189687	0.002702349
1.193021	0.002702349
1.196354	0.00273452
1.199687	0.002863203
1.203021	0.002991886
1.206354	0.003184911
1.209687	0.003345765
1.213021	0.00353879
1.216354	0.003667473
1.219687	0.003731815
1.223021	0.003731815
1.226354	0.003635302
1.229687	0.003474448
1.233021	0.003217082
1.236354	0.002927545
1.239687	0.002573665
1.243021	0.002251957
1.246354	0.00196242
1.249688	0.001705053
1.253021	0.001479858
1.256354	0.001351174
1.259688	0.001254662
1.263021	0.001254662
1.266354	0.001254662
1.269688	0.001319004
1.273021	0.001383345
1.276354	0.001479858
1.279688	0.001544199
1.283021	0.001608541
1.286354	0.001672883
1.289688	0.001705053
1.293021	0.001737224
1.296354	0.001737224
1.299688	0.001769395
1.303021	0.001801566
1.306354	0.001833737
1.309687	0.001833737
1.313021	0.001833737
1.316354	0.001833737
1.319687	0.001865907
1.323021	0.001865907
1.326354	0.001898078
1.329687	0.001898078
1.333021	0.00196242
1.336354	0.001994591
1.339687	0.002058932
1.343021	0.002123274
1.346354	0.002155445
1.349687	0.002187616
1.353021	0.002187616
1.356354	0.002123274
1.359687	0.002026762
1.363021	0.001898078
1.366354	0.001769395
1.369688	0.001672883
1.373021	0.00157637
1.376354	0.001512029
1.379688	0.001479858
1.383021	0.001512029
1.386354	0.00157637
1.389688	0.001672883
1.393021	0.001801566
1.396354	0.001898078
1.399688	0.00196242
1.403021	0.001994591
1.406354	0.00196242
1.409688	0.001865907
1.413021	0.001737224
1.416354	0.001544199
1.419688	0.001351174
1.423021	0.00115815
1.426354	0.0009651246
1.429688	0.0008364413
1.433021	0.0007077581
1.436354	0.0006434164
1.439687	0.0005790748
1.443021	0.0005469039
1.446354	0.0005469039
1.449687	0.0005790748
1.453021	0.0006112456
1.456354	0.0006434164
1.459687	0.0006755873
1.463021	0.0007720997
1.466354	0.0008686121
1.469687	0.0009972954
1.473021	0.001125979
1.476354	0.001286833
1.479687	0.001447687
1.483021	0.001608541
1.486354	0.001769395
1.489687	0.001898078
1.493021	0.002026762
1.496354	0.002155445
1.499688	0.002251957
1.503021	0.002316299
1.506354	0.002380641
1.509688	0.002477153
1.513021	0.002509324
1.516354	0.002573665
1.519688	0.002573665
1.523021	0.002605836
1.526354	0.002573665
1.529688	0.002541495
1.533021	0.002509324
1.536354	0.002444982
1.539688	0.002380641
1.543021	0.002316299
1.546354	0.002284128
1.549688	0.002284128
1.553021	0.002284128
1.556354	0.002284128
1.559687	0.002316299
1.563021	0.002380641
1.566354	0.002444982
1.569687	0.002509324
1.573021	0.002605836
1.576354	0.002670178
1.579687	0.00273452
1.583021	0.00273452
1.586354	0.00273452
1.589687	0.002670178
1.593021	0.002605836
1.596354	0.002509324
1.599687	0.002380641
1.603021	0.002251957
1.606354	0.002123274
1.609687	0.001994591
1.613021	0.001930249
1.616354	0.001865907
1.619688	0.001833737
1.623021	0.001833737
1.626354	0.001865907
1.629688	0.001930249
1.633021	0.002026762
1.636354	0.002123274
1.639688	0.002219787
1.643021	0.002316299
1.646354	0.002380641
1.649688	0.002412811
1.653021	0.002412811
1.656354	0.00234847
1.659688	0.002284128
1.663021	0.002219787
1.666354	0.002123274
1.669688	0.002091103
1.673021	0.002091103
1.676354	0.002123274
1.679688	0.002187616
1.683021	0.002316299
1.686354	0.002477153
1.689687	0.002638007
1.693021	0.00276669
1.696354	0.002863203
1.699687	0.002863203
1.703021	0.002798861
1.706354	0.002638007
1.709687	0.002412811
1.713021	0.002155445
1.716354	0.001833737
1.719687	0.001512029
1.723021	0.00115815
1.726354	0.0008686121
1.729687	0.0006112456
1.733021	0.0003860499
1.736354	0.000193025
1.739687	6.434176e-05
1.743021	0
1.746354	0
1.749688	6.434176e-05
1.753021	0.0001608542
1.756354	0.0003217082
1.759688	0.0004825623
1.763021	0.0006755873
1.766354	0.0008686121
1.769688	0.001029466
1.773021	0.001125979
1.776354	0.00115815
1.779688	0.001125979
1.783021	0.001061637
1.786354	0.0009329538
1.789688	0.0008042705
1.793021	0.0007077581
1.796354	0.0006434164
1.799688	0.0006434164
1.803021	0.0007077581
1.806354	0.0008364413
1.809687	0.001029466
1.813021	0.001254662
1.816354	0.001512029
1.819687	0.001737224
1.823021	0.001930249
1.826354	0.002091103
1.829687	0.002155445
1.833021	0.002187616
1.836354	0.002123274
1.839687	0.001994591
1.843021	0.001833737
1.846354	0.001640712
1.849687	0.001447687
1.853021	0.001254662
1.856354	0.001093808
1.859687	0.0009972954
1.863021	0.0009329538
1.866354	0.0009651246
1.869688	0.001029466
1.873021	0.00115815
1.876354	0.001286833
1.879688	0.001415516
1.883021	0.001544199
1.886354	0.001640712
1.889688	0.001672883
1.893021	0.001672883
1.896354	0.001608541
1.899688	0.001512029
1.903021	0.001383345
1.906354	0.001222491
1.909688	0.001093808
1.913021	0.0009972954
1.916354	0.000900783
1.919688	0.000900783
1.923021	0.0009329538
1.926354	0.0009972954
1.929688	0.00115815
1.933021	0.001319004
1.936354	0.001479858
1.939687	0.001672883
1.943021	0.001833737
1.946354	0.001994591
1.949687	0.002123274
1.953021	0.002219787
1.956354	0.00234847
1.959687	0.002444982
1.963021	0.002509324
1.966354	0.002605836
1.969687	0.002670178
1.973021	0.002702349
1.976354	0.002702349
1.979687	0.002638007
1.983021	0.002509324
1.986354	0.00234847
1.989687	0.002155445
1.993021	0.001930249
1.996354	0.001737224
1.999688	0.00157637
2.003021	0.001479858
2.006354	0.001447687
2.009687	0.001479858
2.013021	0.001608541
2.016354	0.001737224
2.019687	0.001898078
2.023021	0.002058932
2.026354	0.002187616
2.029687	0.002284128
2.033021	0.002380641
2.036354	0.002444982
2.039687	0.002541495
2.043021	0.002638007
2.046354	0.002798861
2.049687	0.002959715
2.053021	0.003120569
2.056354	0.003313594
2.059688	0.003506619
2.063021	0.003635302
2.066354	0.003699644
2.069688	0.003699644
2.073021	0.003603132
2.076354	0.003410107
2.079688	0.00315274
2.083021	0.002798861
2.086354	0.002444982
2.089688	0.002058932
2.093021	0.001640712
2.096354	0.001286833
2.099688	0.0009972954
2.103021	0.0007399289
2.106354	0.0006112456
2.109688	0.0005790748
2.113021	0.0006112456
2.116354	0.0007720997
2.119688	0.0009651246
2.123021	0.00119032
2.126354	0.001479858
2.129688	0.001769395
2.133021	0.002026762
2.136354	0.002251957
2.139688	0.002444982
2.143021	0.002541495
2.146354	0.002638007
2.149688	0.002702349
2.153021	0.002702349
2.156354	0.002702349
2.159688	0.002670178
2.163021	0.002605836
2.166354	0.002541495
2.169688	0.002477153
2.173021	0.002380641
2.176354	0.002316299
2.179688	0.002219787
2.183021	0.002155445
2.186354	0.002091103
2.189687	0.002091103
2.193021	0.002123274
2.196354	0.002219787
2.199687	0.002316299
2.203021	0.002380641
2.206354	0.002477153
2.209687	0.002541495
2.213021	0.002605836
2.216354	0.002605836
2.219687	0.002605836
2.223021	0.002541495
2.226354	0.002509324
2.229687	0.002444982
2.233021	0.002412811
2.236354	0.002412811
2.239687	0.002380641
2.243021	0.002380641
2.246354	0.00234847
2.249687	0.00234847
2.253021	0.002316299
2.256354	0.002284128
2.259687	0.002316299
2.263021	0.00234847
2.266354	0.002444982
2.269687	0.002573665
2.273021	0.00273452
2.276354	0.002927545
2.279687	0.003120569
2.283021	0.003313594
2.286354	0.003442278
2.289687	0.00353879
2.293021	0.00353879
2.296354	0.003442278
2.299687	0.003313594
2.303021	0.003088399
2.306354	0.002895374
2.309688	0.002670178
2.313021	0.002509324
2.316354	0.002380641
2.319688	0.002316299
2.323021	0.002284128
2.326354	0.00234847
2.329688	0.002412811
2.333021	0.002509324
2.336354	0.002573665
2.339688	0.002605836
2.343021	0.002573665
2.346354	0.002541495
2.349688	0.002477153
2.353021	0.002412811
2.356354	0.00234847
2.359688	0.002284128
2.363021	0.002219787
2.366354	0.002187616
2.369688	0.002155445
2.373021	0.002155445
2.376354	0.002123274
2.379688	0.002091103
2.383021	0.002058932
2.386354	0.001994591
2.389688	0.00196242
2.393021	0.001898078
2.396354	0.001865907
2.399688	0.001833737
2.403021	0.001801566
2.406354	0.001801566
2.409688	0.001833737
2.413021	0.001865907
2.416354	0.001898078
2.419688	0.00196242
2.423021	0.002026762
2.426354	0.002058932
2.429688	0.002091103
2.433021	0.002058932
2.436354	0.002026762
2.439687	0.001930249
2.443021	0.001769395
2.446354	0.00157637
2.449687	0.001319004
2.453021	0.001093808
2.456354	0.0008364413
2.459687	0.0006112456
2.463021	0.0004825623
2.466354	0.0004182207
2.469687	0.0004503915
2.473021	0.0005469039
2.476354	0.0007720997
2.479687	0.001029466
2.483021	0.001319004
2.486354	0.001608541
2.489687	0.001898078
2.493021	0.002123274
2.496354	0.002316299
2.499687	0.002412811
2.503021	0.002444982
2.506354	0.002412811
2.509687	0.002316299
2.513021	0.002155445
2.516354	0.001930249
2.519687	0.001705053
2.523021	0.001479858
2.526354	0.001222491
2.529687	0.001029466
2.533021	0.0008686121
2.536354	0.0007399289
2.539687	0.0006755873
2.543021	0.0006755873
2.546354	0.0006755873
2.549687	0.0007077581
2.553021	0.0007077581
2.556354	0.0007399289
2.559688	0.0007720997
2.563021	0.0008042705
2.566354	0.0008364413
2.569688	0.0008686121
2.573021	0.0009651246
2.576354	0.001093808
2.579688	0.001254662
2.583021	0.001479858
2.586354	0.001705053
2.589688	0.001930249
2.593021	0.002123274
2.596354	0.002284128
2.599688	0.002380641
2.603021	0.002412811
2.606354	0.002380641
2.609688	0.002316299
2.613021	0.002187616
2.616354	0.002058932
2.619688	0.001930249
2.623021	0.001865907
2.626354	0.001833737
2.629688	0.001865907
2.633021	0.00196242
2.636354	0.002123274
2.639688	0.002316299
2.643021	0.002541495
2.646354	0.00276669
2.649688	0.002991886
2.653021	0.00315274
2.656354	0.003281424
2.659688	0.003345765
2.663021	0.003345765
2.666354	0.003281424
2.669688	0.003217082
2.673021	0.003088399
2.676354	0.002927545
2.679688	0.00276669
2.683021	0.002541495
2.686354	0.00234847
2.689687	0.002155445
2.693021	0.00196242
2.696354	0.001801566
2.699687	0.001608541
2.703021	0.001415516
2.706354	0.001254662
2.709687	0.001093808
2.713021	0.0009651246
2.716354	0.0008364413
2.719687	0.0007720997
2.723021	0.0007399289
2.726354	0.0007399289
2.729687	0.0008042705
2.733021	0.000900783
2.736354	0.001029466
2.739687	0.00115815
2.743021	0.001254662
2.746354	0.001351174
2.749687	0.001415516
2.753021	0.001447687
2.756354	0.001415516
2.759687	0.001351174
2.763021	0.001254662
2.766354	0.00115815
2.769687	0.001029466
2.773021	0.0009329538
2.776354	0.0008042705
2.779687	0.0006755873
2.783021	0.0006112456
2.786354	0.0005469039
2.789687	0.0005147331
2.793021	0.0005147331
2.796354	0.0005790748
2.799687	0.0006434164
2.803021	0.0007720997
2.806354	0.0008686121
2.809688	0.0009651246
2.813021	0.001061637
2.816354	0.001125979
2.819688	0.00115815
2.823021	0.00119032
2.826354	0.00119032
2.829688	0.001222491
2.833021	0.001222491
2.836354	0.001254662
2.839688	0.001286833
2.843021	0.001383345
2.846354	0.001447687
2.849688	0.001544199
2.853021	0.00157637
2.856354	0.001608541
2.859688	0.001608541
2.863021	0.00157637
2.866354	0.001479858
2.869688	0.001351174
2.873021	0.001222491
2.876354	0.001125979
2.879688	0.001029466
2.883021	0.0009651246
2.886354	0.0009972954
2.889688	0.001061637
2.893021	0.001222491
2.896354	0.001383345
2.899688	0.00157637
2.903021	0.001769395
2.906354	0.00196242
2.909688	0.002091103
2.913021	0.002187616
2.916354	0.002251957
2.919688	0.002219787
2.923021	0.002155445
2.926354	0.002026762
2.929688	0.001898078
2.933021	0.001737224
2.936354	0.001544199
2.939687	0.001383345
2.943021	0.001254662
2.946354	0.00115815
2.949687	0.001093808
2.953021	0.001061637
2.956354	0.001029466
2.959687	0.0009972954
2.963021	0.0009651246
2.966354	0.0009329538
2.969687	0.0008686121
2.973021	0.0008042705
2.976354	0.0007399289
2.979687	0.0006755873
2.983021	0.0006755873
2.986354	0.0007077581
2.989687	0.0008364413
2.993021	0.001029466
2.996354	0.001286833
2.999687	0.00157637
3.003021	0.001930249
3.006354	0.002251957
3.009687	0.002541495
3.013021	0.00276669
3.016354	0.002927545
3.019687	0.002991886
3.023021	0.002991886
3.026354	0.002895374
3.029687	0.00276669
3.033021	0.002605836
3.036354	0.002412811
3.039687	0.002251957
3.043021	0.002123274
3.046354	0.002026762
3.049687	0.00196242
3.053021	0.001898078
3.056354	0.001833737
3.059688	0.001769395
3.063021	0.001705053
3.066354	0.001640712
3.069688	0.00157637
3.073021	0.001544199
3.076354	0.001544199
3.079688	0.001608541
3.083021	0.001672883
3.086354	0.001801566
3.089688	0.00196242
3.093021	0.002123274
3.096354	0.002251957
3.099688	0.00234847
3.103021	0.002412811
3.106354	0.002412811
3.109688	0.002380641
3.113021	0.002316299
3.116354	0.002251957
3.119688	0.002155445
3.123021	0.002058932
3.126354	0.001994591
3.129688	0.001930249
3.133021	0.001898078
3.136354	0.001898078
3.139688	0.001930249
3.143021	0.00196242
3.146354	0.001994591
3.149688	0.002058932
3.153021	0.002155445
3.156354	0.002219787
3.159688	0.002284128
3.163021	0.00234847
3.166354	0.002380641
3.169688	0.002412811
3.173021	0.002444982
3.176354	0.002444982
3.179688	0.002444982
3.183021	0.002477153
3.186354	0.002573665
3.189687	0.002670178
3.193021	0.002863203
3.196354	0.003088399
3.199687	0.003410107
3.203021	0.003763986
3.206354	0.004246548
3.209687	0.004793452
3.213021	0.005436868
3.216354	0.006176797
3.219687	0.007013239
3.223021	0.007978363
3.226354	0.009007829
3.229687	0.01016598
3.233021	0.01142064
3.236354	0.01277182
3.239687	0.01418733
3.243021	0.01569936
3.246354	0.01727573
3.249687	0.01894861
3.253021	0.02071801
3.256354	0.02261609
3.259687	0.02461068
3.263021	0.02676612
3.266354	0.02908242
3.269687	0.0315274
3.273021	0.03410107
3.276354	0.03680341
3.279687	0.03963445
3.283021	0.04256199
3.286354	0.04561822
3.289687	0.04877096
3.293021	0.05202021
3.296354	0.05539815
3.299687	0.0588726
3.303021	0.06241139
3.306354	0.06604669
3.309688	0.06971416
3.313021	0.07338163
3.316354	0.07701694
3.319688	0.08065224
3.323021	0.08425538
3.326354	0.08782634
3.329688	0.09136513
3.333021	0.09490392
3.336354	0.09844271
3.339688	0.1020137
3.343021	0.1055846
3.346354	0.1092199
3.349688	0.1128552
3.353021	0.1164905
3.356354	0.1200937
3.359688	0.1236968
3.363021	0.1272678
3.366354	0.1307744
3.369688	0.1342488
3.373021	0.1377554
3.376354	0.1412299
3.379688	0.1447365
3.383021	0.1483075
3.386354	0.1519428
3.389688	0.1556746
3.393021	0.1595029
3.396354	0.1634599
3.399688	0.1675778
3.403021	0.1717922
3.406354	0.1761674
3.409688	0.1807035
3.413021	0.1853361
3.416354	0.1900974
3.419688	0.194923
3.423021	0.199813
3.426354	0.2047029
3.429688	0.2096251
3.433021	0.214515
3.436354	0.2194372
3.439687	0.2243593
3.443021	0.2293458
3.446354	0.2344288
3.449687	0.2396404
3.453021	0.245013
3.456354	0.2505785
3.459687	0.2563693
3.463021	0.2623852
3.466354	0.268562
3.469687	0.2749318
3.473021	0.2814625
3.476354	0.2880575
3.479687	0.294749
3.483021	0.3014727
3.486354	0.3082286
3.489687	0.3149845
3.493021	0.3218047
3.496354	0.3286571
3.499687	0.335606
3.503021	0.3426514
3.506354	0.3498255
3.509687	0.3571283
3.513021	0.3645919
3.516354	0.3722164
3.519687	0.3800017
3.523021	0.3879479
3.526354	0.3959906
3.529687	0.404162
3.533021	0.4124299
3.536354	0.4207943
3.539687	0.4291909
3.543021	0.437684
3.546354	0.4462093
3.549687	0.4547989
3.553021	0.4635172
3.556354	0.472332
3.559688	0.4812755
3.563021	0.4903798
3.566354	0.4996772
3.569688	0.5091997
3.573021	0.5189153
3.576354	0.5289204
3.579688	0.5392151
3.583021	0.5497993
3.586354	0.560673
3.589688	0.5718684
3.593021	0.5833534
3.596354	0.5951279
3.599688	0.6072242
3.603021	0.6195778
3.606354	0.6321887
3.609688	0.645057
3.613021	0.6581506
3.616354	0.6714693
3.619688	0.6850133
3.623021	0.6988145
3.626354	0.7127767
3.629688	0.726964
3.633021	0.7413444
3.636354	0.7558534
3.639688	0.7704911
3.643021	0.7851932
3.646354	0.7999274
3.649688	0.8146617
3.653021	0.8293315
3.656354	0.8439049
3.659688	0.8583496
3.663021	0.8726335
3.666354	0.8866921
3.669688	0.9004612
3.673021	0.913973
3.676354	0.9271308
3.679688	0.9398705
3.683021	0.9521919
3.686354	0.9640629
3.689687	0.9754192
3.693021	0.9862608
3.696354	0.9966198
3.699687	1.006496
3.703021	1.015922
3.706354	1.024898
3.709687	1.033455
3.713021	1.041659
3.716354	1.049476
3.719687	1.056972
3.723021	1.064211
3.726354	1.071224
3.729687	1.078012
3.733021	1.084736
3.736354	1.091395
3.739687	1.098119
3.743021	1.105035
3.746354	1.112209
3.749687	1.119834
3.753021	1.128005
3.756354	1.136884
3.759687	1.146632
3.763021	1.157345
3.766354	1.169184
3.769687	1.18231
3.773021	1.196819
3.776354	1.212904
3.779687	1.23063
3.783021	1.250158
3.786354	1.271552
3.789687	1.294972
3.793021	1.320483
3.796354	1.348183
3.799687	1.378166
3.803021	1.410465
3.806354	1.445178
3.809688	1.482335
3.813021	1.521937
3.816354	1.563952
3.819688	1.608412
3.823021	1.655221
3.826354	1.704281
3.829688	1.755529
3.833021	1.808772
3.836354	1.863881
3.839688	1.920694
3.843021	1.978956
3.846354	2.038472
3.849688	2.098985
3.853021	2.160238
3.856354	2.221942
3.859688	2.283806
3.863021	2.345574
3.866354	2.406924
3.869688	2.467534
3.873021	2.527082
3.876354	2.585279
3.879688	2.641803
3.883021	2.696333
3.886354	2.748578
3.889688	2.798218
3.893021	2.845026
3.896354	2.888682
3.899688	2.92896
3.903021	2.965603
3.906354	2.998385
3.909688	3.027145
3.913021	3.051692
3.916354	3.071895
3.919688	3.087659
3.923021	3.098919
3.926354	3.105674
3.929688	3.107862
3.933021	3.10561
3.936354	3.098919
3.939687	3.087884
3.943021	3.072667
3.946354	3.053365
3.949687	3.030137
3.953021	3.003146
3.956354	2.972648
3.959687	2.938804
3.963021	2.901872
3.966354	2.862045
3.969687	2.819611
3.973021	2.774798
3.976354	2.72786
3.979687	2.679057
3.983021	2.628613
3.986354	2.576818
3.989687	2.523929
3.993021	2.470204
3.996354	2.4159
3.999687	2.361306
4.003021	2.306648
4.006354	2.252215
4.009687	2.198168
4.013021	2.144828
4.016354	2.092326
4.019688	2.040885
4.023021	1.990666
4.026354	1.941895
4.029687	1.894733
4.033021	1.849372
4.036354	1.806005
4.039688	1.764795
4.043021	1.725964
4.046354	1.689644
4.049687	1.656057
4.053021	1.625366
4.056354	1.597764
4.059688	1.573475
4.063021	1.55266
4.066354	1.535545
4.069687	1.522388
4.073021	1.513444
4.076354	1.509004
4.079688	1.509326
4.083021	1.514827
4.086354	1.525862
4.089687	1.542816
4.093021	1.56614
4.096354	1.596348
4.099688	1.633924
4.103021	1.679381
4.106354	1.733364
4.109687	1.796386
4.113021	1.869092
4.116354	1.952093
4.119688	2.046
4.123021	2.151552
4.126354	2.269329
4.129687	2.400039
4.133021	2.544358
4.136354	2.702896
4.139688	2.876264
4.143021	3.065043
4.146354	3.269746
4.149687	3.490856
4.153021	3.728662
4.156354	3.983519
4.159688	4.255588
4.163021	4.544964
4.166354	4.851617
4.169687	5.175351
4.173021	5.515912
4.176354	5.872847
4.179688	6.245482
4.183021	6.633044
4.186354	7.034439
4.189688	7.44851
4.193021	7.87384
4.196354	8.308854
4.199687	8.751781
4.203021	9.200757
4.206354	9.653787
4.209688	10.10878
4.213021	10.56358
4.216354	11.01593
4.219687	11.46349
4.223021	11.90394
4.226354	12.33481
4.229688	12.75367
4.233021	13.15806
4.236354	13.54556
4.239687	13.91378
4.243021	14.26046
4.246354	14.58351
4.249688	14.88093
4.253021	15.15101
4.256354	15.39219
4.259687	15.6033
4.263021	15.78323
4.266354	15.93121
4.269688	16.04671
4.273021	16.12939
4.276354	16.17912
4.279687	16.19604
4.283021	16.18044
4.286354	16.13286
4.289688	16.05401
4.293021	15.94482
4.296354	15.80639
4.299687	15.64007
4.303021	15.44737
4.306354	15.22986
4.309688	14.98941
4.313021	14.72783
4.316354	14.44711
4.319687	14.14924
4.323021	13.83619
4.326354	13.50991
4.329688	13.17231
4.333021	12.82532
4.336354	12.47073
4.339687	12.11032
4.343021	11.74582
4.346354	11.37885
4.349688	11.01098
4.353021	10.64375
4.356354	10.27854
4.359687	9.916654
4.363021	9.559236
4.366354	9.207352
4.369688	8.861805
4.373021	8.523465
4.376354	8.192975
4.379687	7.870848
4.383021	7.557569
4.386354	7.253587
4.389688	6.959127
4.393021	6.674544
4.396354	6.399902
4.399687	6.135393
4.403021	5.880954
4.406354	5.636585
4.409688	5.402124
4.413021	5.17741
4.416354	4.96222
4.419687	4.756359
4.423021	4.559506
4.426354	4.371403
4.429688	4.191826
4.433021	4.020452
4.436354	3.856992
4.439688	3.701221
4.443021	3.552817
4.446354	3.411458
4.449687	3.276823
4.453021	3.148622
4.456354	3.026566
4.459688	2.910301
4.463021	2.799537
4.466354	2.694017
4.469687	2.593483
4.473021	2.49771
4.476354	2.406441
4.479688	2.319484
4.483021	2.236644
4.486354	2.157729
4.489687	2.082514
4.493021	2.010869
4.496354	1.942571
4.499688	1.877489
4.503021	1.815399
4.506354	1.756173
4.509687	1.699681
4.513021	1.645795
4.516354	1.594418
4.519688	1.545454
4.523021	1.498774
4.526354	1.454282
4.529687	1.411913
4.533021	1.371539
4.536354	1.333094
4.539688	1.296516
4.543021	1.261675
4.546354	1.228539
4.549687	1.19698
4.553021	1.166964
4.556354	1.138461
4.559688	1.111437
4.563021	1.085862
4.566354	1.061669
4.569687	1.038892
4.573021	1.017466
4.576354	0.9974241
4.579688	0.9787006
4.583021	0.9613284
4.586354	0.9452752
4.589687	0.9305731
4.593021	0.9172222
4.596354	0.9052547
4.599688	0.8947026
4.603021	0.8855983
4.606354	0.8780382
4.609687	0.8720866
4.613021	0.8677435
4.616354	0.8650733
4.619688	0.8641725
4.623021	0.8650733
4.626354	0.86784
4.629687	0.8725691
4.633021	0.8793572
4.636354	0.8882685
4.639688	0.8994318
4.643021	0.9129435
4.646354	0.9289646
4.649687	0.9476236
4.653021	0.9690172
4.656354	0.9933705
4.659688	1.020812
4.663021	1.051503
4.666354	1.085604
4.669687	1.123341
4.673021	1.164905
4.676354	1.210491
4.679688	1.260292
4.683021	1.314532
4.686354	1.373469
4.689688	1.437264
4.693021	1.506109
4.696354	1.580295
4.699687	1.65995
4.703021	1.745299
4.706354	1.836536
4.709688	1.933852
4.713021	2.037571
4.716354	2.147917
4.719687	2.265244
4.723021	2.389873
4.726354	2.522256
4.729688	2.662811
4.733021	2.812116
4.736354	2.970686
4.739687	3.139164
4.743021	3.318195
4.746354	3.50855
4.749688	3.711065
4.753021	3.926706
4.756354	4.156534
4.759687	4.401804
4.763021	4.6639
4.766354	4.944268
4.769688	5.244712
4.773021	5.566999
4.776354	5.913286
4.779687	6.285728
4.783021	6.686737
4.786354	7.118984
4.789688	7.5853
4.793021	8.088741
4.796354	8.632685
4.799687	9.220735
4.803021	9.856591
4.806354	10.54431
4.809688	11.28787
4.813021	12.0916
4.816354	12.95972
4.819687	13.89657
4.823021	14.90638
4.826354	15.9934
4.829688	17.16178
4.833021	18.4156
4.836354	19.7588
4.839687	21.1951
4.843021	22.72782
4.846354	24.35978
4.849688	26.09324
4.853021	27.92964
4.856354	29.86967
4.859687	31.91303
4.863021	34.05834
4.866354	36.30325
4.869688	38.64426
4.873021	41.07702
4.876354	43.59606
4.879687	46.19492
4.883021	48.86599
4.886354	51.60048
4.889688	54.38837
4.893021	57.21844
4.896354	60.0782
4.899687	62.95398
4.903021	65.83092
4.906354	68.69335
4.909688	71.52486
4.913021	74.30867
4.916354	77.02781
4.919687	79.66537
4.923021	82.20467
4.926354	84.62939
4.929688	86.92372
4.933021	89.07264
4.936354	91.06179
4.939688	92.8779
4.943021	94.5087
4.946354	95.94307
4.949687	97.17135
4.953021	98.18547
4.956354	98.97899
4.959688	99.54739
4.963021	99.88798
4.966354	100
4.969687	99.8846
4.973021	99.54488
4.976354	98.98562
4.979688	98.21333
4.983021	97.23601
4.986354	96.06294
4.989687	94.70446
4.993021	93.17187
4.996354	91.47724
4.999688	89.63337
5.003021	87.65355
5.006354	85.55164
5.009687	83.34172
5.013021	81.03829
5.016354	78.65581
5.019688	76.20887
5.023021	73.71177
5.026354	71.17851
5.029687	68.62235
5.033021	66.05583
5.036354	63.49056
5.039688	60.93732
5.043021	58.40593
5.046354	55.90539
5.049687	53.44384
5.053021	51.02861
5.056354	48.66637
5.059688	46.36304
5.063021	44.12389
5.066354	41.95338
5.069687	39.85523
5.073021	37.8323
5.076354	35.88661
5.079688	34.01942
5.083021	32.23133
5.086354	30.52239
5.089687	28.89203
5.093021	27.33928
5.096354	25.86289
5.099688	24.46134
5.103021	23.13288
5.106354	21.87551
5.109687	20.68715
5.113021	19.56539
5.116354	18.50771
5.119688	17.51138
5.123021	16.57367
5.126354	15.6917
5.129687	14.86263
5.133021	14.08364
5.136354	13.35195
5.139688	12.66491
5.143021	12.01998
5.146354	11.41469
5.149687	10.84668
5.153021	10.31367
5.156354	9.813515
5.159688	9.344014
5.163021	8.903177
5.166354	8.489042
5.169687	8.099776
5.173021	7.733607
5.176354	7.388929
5.179688	7.064261
5.183021	6.758253
5.186354	6.469584
5.189688	6.197129
5.193021	5.939763
5.196354	5.696519
5.199687	5.466434
5.203021	5.248637
5.206354	5.042261
5.209688	4.846566
5.213021	4.660844
5.216354	4.484451
5.219687	4.316841
5.223021	4.157467
5.226354	4.005878
5.229688	3.861624
5.233021	3.724319
5.236354	3.593577
5.239687	3.469044
5.243021	3.350398
5.246354	3.237317
5.249688	3.129513
5.253021	3.026695
5.256354	2.928574
5.259687	2.834989
5.263021	2.745683
5.266354	2.660495
5.269688	2.579295
5.273021	2.501892
5.276354	2.428189
5.279687	2.358024
5.283021	2.291302
5.286354	2.227861
5.289688	2.167541
5.293021	2.110213
5.296354	2.055715
5.299687	2.003856
5.303021	1.954506
5.306354	1.907472
5.309688	1.862658
5.313021	1.819935
5.316354	1.779143
5.319687	1.740216
5.323021	1.703059
5.326354	1.667542
5.329688	1.633634
5.333021	1.601174
5.336354	1.570129
5.339687	1.540371
5.343021	1.511803
5.346354	1.484362
5.349688	1.457885
5.353021	1.432341
5.356354	1.407602
5.359687	1.383603
5.363021	1.360247
5.366354	1.337502
5.369688	1.31524
5.373021	1.29346
5.376354	1.272066
5.379687	1.251091
5.383021	1.230437
5.386354	1.210137
5.389688	1.190127
5.393021	1.170439
5.396354	1.150975
5.399687	1.131802
5.403021	1.112821
5.406354	1.094033
5.409688	1.075438
5.413021	1.057037
5.416354	1.038796
5.419687	1.020748
5.423021	1.002829
5.426354	0.9850705
5.429688	0.967473
5.433021	0.9500365
5.436354	0.9327929
5.439688	0.9157424
5.443021	0.8988527
5.446354	0.882156
5.449687	0.8656846
5.453021	0.849374
5.456354	0.8333207
5.459688	0.8174927
5.463021	0.8019542
5.466354	0.786673
5.469687	0.7716814
5.473021	0.7569794
5.476354	0.742599
5.479688	0.7285404
5.483021	0.7148356
5.486354	0.7014204
5.489687	0.6883269
5.493021	0.6755229
5.496354	0.6630084
5.499688	0.6507513
5.503021	0.6387837
5.506354	0.6270414
5.509687	0.6155886
5.513021	0.6043931
5.516354	0.5934551
5.519688	0.5828065
5.523021	0.5724153
5.526354	0.5623459
5.529687	0.5525338
5.533021	0.542979
5.536354	0.5337138
5.539688	0.5247061
5.543021	0.5159234
5.546354	0.507366
5.549687	0.4990659
5.553021	0.4909589
5.556354	0.4830448
5.559688	0.4753238
5.563021	0.4677959
5.566354	0.4604288
5.569687	0.4532547
5.573021	0.4462093
5.576354	0.4392604
5.579688	0.4324723
5.583021	0.4257486
5.586354	0.4191536
5.589687	0.4126873
5.593021	0.4063174
5.596354	0.4001085
5.599688	0.3940282
5.603021	0.3881409
5.606354	0.3824145
5.609687	0.376849
5.613021	0.3714765
5.616354	0.3662326
5.619688	0.3610853
5.623021	0.3560666
5.626354	0.3510802
5.629687	0.346158
5.633021	0.3412681
5.636354	0.3363781
5.639688	0.3315203
5.643021	0.3266625
5.646354	0.321869
5.649687	0.3171077
5.653021	0.3124108
5.656354	0.3078425
5.659688	0.3033708
5.663021	0.2989956
5.666354	0.294749
5.669687	0.2906312
5.673021	0.2865776
5.676354	0.2826206
5.679688	0.2786958
5.683021	0.2748353
5.686354	0.271007
5.689688	0.2671786
5.693021	0.2634147
5.696354	0.2596507
5.699687	0.2559189
5.703021	0.2522192
5.706354	0.2486161
5.709688	0.245013
5.713021	0.2415063
5.716354	0.2380641
5.719687	0.234654
5.723021	0.2313404
5.726354	0.2280589
5.729688	0.2248419
5.733021	0.2216569
5.736354	0.2185364
5.739687	0.2154801
5.743021	0.2124561
5.746354	0.2094964
5.749688	0.2065367
5.753021	0.2036413
5.756354	0.2007781
5.759687	0.1979471
5.763021	0.1951482
5.766354	0.1924137
5.769688	0.1897435
5.773021	0.1871377
5.776354	0.1845962
5.779687	0.182119
5.783021	0.1797062
5.786354	0.1773256
5.789688	0.1750093
5.793021	0.172693
5.796354	0.1704088
5.799687	0.1681569
5.803021	0.1659371
5.806354	0.1637495
5.809688	0.1616262
5.813021	0.1595351
5.816354	0.1575083
5.819687	0.1555459
5.823021	0.1536478
5.826354	0.1518141
5.829688	0.1500447
5.833021	0.1483396
5.836354	0.1466989
5.839687	0.1450582
5.843021	0.1434818
5.846354	0.1419376
5.849688	0.1404256
5.853021	0.1389779
5.856354	0.1375302
5.859687	0.1361791
5.863021	0.1348279
5.866354	0.1335089
5.869688	0.1322221
5.873021	0.1309674
5.876354	0.1297127
5.879687	0.1284903
5.883021	0.1272356
5.886354	0.1259809
5.889688	0.1247584
5.893021	0.1235359
5.896354	0.1223778
5.899687	0.1212196
5.903021	0.1201258
5.906354	0.1190642
5.909688	0.1180669
5.913021	0.1171018
5.916354	0.116201
5.919687	0.1153002
5.923021	0.1143994
5.926354	0.1135308
5.929688	0.1126944
5.933021	0.1118579
5.936354	0.1110215
5.939688	0.1102172
5.943021	0.1093808
5.946354	0.1085765
5.949687	0.1077401
5.953021	0.1069358
5.956354	0.1060672
5.959688	0.1052307
5.963021	0.10433
5.966354	0.1034614
5.969687	0.1025606
5.973021	0.101692
5.976354	0.1008233
5.979688	0.09998691
5.983021	0.09915047
5.986354	0.09834619
5.989687	0.09754192
5.993021	0.09676982
5.996354	0.09599773
5.999688	0.0952578
6.003021	0.0944857
6.006354	0.09374577
6.009687	0.09297367
6.013021	0.09220157
6.016354	0.0913973
6.019688	0.0906252
6.023021	0.08982093
6.026354	0.08898449
6.029687	0.08818022
6.033021	0.08734378
6.036354	0.08653951
6.039688	0.08573523
6.043021	0.08496313
6.046354	0.08425538
6.049687	0.08354761
6.053021	0.08293637
6.056354	0.08235729
6.059688	0.08184256
6.063021	0.08139217
6.066354	0.08100612
6.069687	0.08065224
6.073021	0.08033053
6.076354	0.08004099
6.079688	0.07975145
6.083021	0.07942975
6.086354	0.07910804
6.089687	0.07868982
6.093021	0.07823943
6.096354	0.07772469
6.099688	0.07714562
6.103021	0.07653437
6.106354	0.07589096
6.109687	0.07527971
6.113021	0.07473281
6.116354	0.07421807
6.119688	0.07376768
6.123021	0.07338163
6.126354	0.0730921
6.129687	0.07283473
6.133021	0.07260953
6.136354	0.07241651
6.139688	0.07222348
6.143021	0.07203046
6.146354	0.07180526
6.149687	0.07158007
6.153021	0.0713227
6.156354	0.07103316
6.159688	0.07074363
6.163021	0.07042192
6.166354	0.07006804
6.169687	0.06971416
6.173021	0.06929594
6.176354	0.06887772
6.179688	0.06839516
6.183021	0.06788042
6.186354	0.06733352
6.189688	0.06675445
6.193021	0.06617537
6.196354	0.0655963
6.199687	0.0650494
6.203021	0.06450249
6.206354	0.06398776
6.209688	0.06353737
6.213021	0.06311915
6.216354	0.06276527
6.219687	0.06247573
6.223021	0.06221836
6.226354	0.06199317
6.229688	0.06183231
6.233021	0.06170363
6.236354	0.06157495
6.239687	0.06144626
6.243021	0.06131758
6.246354	0.06115673
6.249688	0.06093153
6.253021	0.06064199
6.256354	0.06028811
6.259687	0.05986989
6.263021	0.0594195
6.266354	0.05893694
6.269688	0.05842221
6.273021	0.05790747
6.276354	0.05742491
6.279687	0.05697452
6.283021	0.05658847
6.286354	0.05626676
6.289688	0.05597723
6.293021	0.05575203
6.296354	0.05552683
6.299687	0.05533381
6.303021	0.05514078
6.306354	0.05494776
6.309688	0.05472256
6.313021	0.0544652
6.316354	0.05420783
6.319687	0.05391829
6.323021	0.05362876
6.326354	0.05340356
6.329688	0.05321053
6.333021	0.05304968
6.336354	0.052921
6.339687	0.05285666
6.343021	0.05279231
6.346354	0.05276014
6.349688	0.05276014
6.353021	0.05272797
6.356354	0.0526958
6.359687	0.05266363
6.363021	0.05263146
6.366354	0.05259929
6.369688	0.05256712
6.373021	0.05259929
6.376354	0.05259929
6.379687	0.05266363
6.383021	0.0526958
6.386354	0.05272797
6.389688	0.05276014
6.393021	0.05276014
6.396354	0.05276014
6.399687	0.05279231
6.403021	0.05279231
6.406354	0.05285666
6.409688	0.05288883
6.413021	0.05295317
6.416354	0.05301751
6.419687	0.05308185
6.423021	0.05308185
6.426354	0.05308185
6.429688	0.05301751
6.433021	0.05295317
6.436354	0.05288883
6.439688	0.05282449
6.443021	0.05282449
6.446354	0.05288883
6.449687	0.05304968
6.453021	0.05333922
6.456354	0.0536931
6.459688	0.05417566
6.463021	0.05475473
6.466354	0.05536598
6.469687	0.05604157
6.473021	0.05668498
6.476354	0.05736057
6.479688	0.05800399
6.483021	0.05861523
6.486354	0.05919431
6.489687	0.05970904
6.493021	0.06015943
6.496354	0.06057765
6.499688	0.06093153
6.503021	0.06128541
6.506354	0.06160712
6.509687	0.061961
6.513021	0.06234705
6.516354	0.06276527
6.519688	0.06324783
6.523021	0.06379473
6.526354	0.06440598
6.529687	0.06501722
6.533021	0.06566064
6.536354	0.06627189
6.539688	0.06681879
6.543021	0.06733352
6.546354	0.06775174
6.549687	0.06810562
6.553021	0.06839516
6.556354	0.06862035
6.559688	0.06881338
6.563021	0.06894206
6.566354	0.06910291
6.569687	0.06926377
6.573021	0.06945679
6.576354	0.06964982
6.579688	0.06987501
6.583021	0.07010021
6.586354	0.07035758
6.589687	0.07058277
6.593021	0.07080797
6.596354	0.07100099
6.599688	0.07116185
6.603021	0.07129053
6.606354	0.07141921
6.609687	0.0715479
6.613021	0.07170875
6.616354	0.0718696
6.619688	0.07203046
6.623021	0.07219131
6.626354	0.07235217
6.629687	0.07251302
6.633021	0.07260953
6.636354	0.07267388
6.639688	0.07267388
6.643021	0.07260953
6.646354	0.07251302
6.649687	0.07241651
6.653021	0.07228783
6.656354	0.07219131
6.659688	0.07212697
6.663021	0.07206263
6.666354	0.07203046
6.669687	0.07203046
6.673021	0.07203046
6.676354	0.07203046
6.679688	0.07206263
6.683021	0.07212697
6.686354	0.07219131
6.689688	0.07228783
6.693021	0.07238434
6.696354	0.07254519
6.699687	0.07270605
6.703021	0.0728669
6.706354	0.07299558
6.709688	0.07312427
6.713021	0.07315644
6.716354	0.07318861
6.719687	0.07318861
6.723021	0.07315644
6.726354	0.07312427
6.729688	0.07312427
6.733021	0.07312427
6.736354	0.07315644
6.739687	0.07322078
6.743021	0.07328512
6.746354	0.07334946
6.749688	0.07338163
6.753021	0.0734138
6.756354	0.0734138
6.759687	0.0734138
6.763021	0.0734138
6.766354	0.0734138
6.769688	0.0734138
6.773021	0.07347815
6.776354	0.07354249
6.779687	0.07360683
6.783021	0.07370334
6.786354	0.07376768
6.789688	0.07379985
6.793021	0.07379985
6.796354	0.07376768
6.799687	0.07370334
6.803021	0.07360683
6.806354	0.07351032
6.809688	0.07338163
6.813021	0.07325295
6.816354	0.0730921
6.819687	0.07293124
6.823021	0.07273822
6.826354	0.07254519
6.829688	0.07225565
6.833021	0.07196612
6.836354	0.07161224
6.839687	0.07122619
6.843021	0.07084014
6.846354	0.07042192
6.849688	0.0700037
6.853021	0.06958548
6.856354	0.06910291
6.859687	0.06858818
6.863021	0.06804128
6.866354	0.0674622
6.869688	0.06681879
6.873021	0.06611103
6.876354	0.0653711
6.879687	0.064599
6.883021	0.0638269
6.886354	0.06302263
6.889688	0.06225053
6.893021	0.06147843
6.896354	0.06070634
6.899687	0.05999858
6.903021	0.05929082
6.906354	0.0586474
6.909688	0.05800399
6.913021	0.05742491
6.916354	0.05691018
6.919687	0.05642762
6.923021	0.05604157
6.926354	0.05568769
6.929688	0.05543032
6.933021	0.0552373
6.936354	0.05510861
6.939688	0.05504427
6.943021	0.0550121
6.946354	0.0550121
6.949687	0.0550121
6.953021	0.0550121
6.956354	0.0550121
6.959688	0.0550121
6.963021	0.0550121
6.966354	0.0550121
6.969687	0.05507644
6.973021	0.05514078
6.976354	0.05526947
6.979688	0.05543032
6.983021	0.05565552
6.986354	0.05594505
6.989687	0.05629893
6.993021	0.05671715
6.996354	0.05716755
6.999688	0.05768228
7.003021	0.05819701
7.006354	0.05871174
7.009687	0.05925865
7.013021	0.05980555
7.016354	0.06032029
7.019688	0.06086719
7.023021	0.06138192
7.026354	0.06189666
7.029687	0.06237922
7.033021	0.06286178
7.036354	0.06331217
7.039688	0.06373039
7.043021	0.06408427
7.046354	0.06440598
7.049687	0.064599
7.053021	0.06472769
7.056354	0.06472769
7.059688	0.06463117
7.063021	0.06443815
7.066354	0.06418078
7.069687	0.0638269
7.073021	0.06340868
7.076354	0.06295829
7.079688	0.06247573
7.083021	0.06199317
7.086354	0.06147843
7.089687	0.0609637
7.093021	0.06038463
7.096354	0.05977338
7.099688	0.05912997
7.103021	0.05842221
7.106354	0.05771445
7.109687	0.05694235
7.113021	0.05617025
7.116354	0.05536598
7.119688	0.05459388
7.123021	0.05382178
7.126354	0.05308185
7.129687	0.05237409
7.133021	0.05173068
7.136354	0.05111943
7.139688	0.05054036
7.143021	0.05005779
7.146354	0.0496074
7.149687	0.04922135
7.153021	0.0488353
7.156354	0.04848142
7.159688	0.04815972
7.163021	0.04780584
7.166354	0.04745196
7.169687	0.04706591
7.173021	0.04667986
7.176354	0.04629381
7.179688	0.04587559
7.183021	0.04548954
7.186354	0.04513566
7.189688	0.04481395
7.193021	0.04455659
7.196354	0.04436356
7.199687	0.04426705
7.203021	0.04420271
7.206354	0.04423488
7.209688	0.04429922
7.213021	0.0444279
7.216354	0.04458876
7.219687	0.04478178
7.223021	0.04497481
7.226354	0.04516783
7.229688	0.04536086
7.233021	0.04555388
7.236354	0.04577908
7.239687	0.0459721
7.243021	0.0461973
7.246354	0.04642249
7.249688	0.04667986
7.253021	0.04687288
7.256354	0.04706591
7.259687	0.04716242
7.263021	0.04719459
7.266354	0.04709808
7.269688	0.04693723
7.273021	0.04664769
7.276354	0.04632598
7.279687	0.04590776
7.283021	0.04545737
7.286354	0.04503915
7.289688	0.0446531
7.293021	0.04429922
7.296354	0.04400968
7.299687	0.04378449
7.303021	0.0436558
7.306354	0.04352712
7.309688	0.04349495
7.313021	0.04346278
7.316354	0.04346278
7.319687	0.04349495
7.323021	0.04352712
7.326354	0.04352712
7.329688	0.04355929
7.333021	0.04355929
7.336354	0.04355929
7.339687	0.04355929
7.343021	0.04352712
7.346354	0.04349495
7.349688	0.04346278
7.353021	0.04346278
7.356354	0.04346278
7.359687	0.04346278
7.363021	0.04349495
7.366354	0.04355929
7.369688	0.04362363
7.373021	0.04368797
7.376354	0.04375231
7.379687	0.04384883
7.383021	0.04391317
7.386354	0.04400968
7.389688	0.04410619
7.393021	0.04420271
7.396354	0.04433139
7.399687	0.04446007
7.403021	0.04458876
7.406354	0.04471744
7.409688	0.04484612
7.413021	0.04494264
7.416354	0.04497481
7.419687	0.04500698
7.423021	0.04497481
7.426354	0.04491046
7.429688	0.04481395
7.433021	0.0446531
7.436354	0.04449224
7.439688	0.04429922
7.443021	0.04407402
7.446354	0.043881
7.449687	0.04362363
7.453021	0.04339844
7.456354	0.04317324
7.459688	0.04294804
7.463021	0.04272285
7.466354	0.04252982
7.469687	0.04230462
7.473021	0.04204726
7.476354	0.04175772
7.479688	0.04143601
7.483021	0.04108213
7.486354	0.04066391
7.489687	0.04018135
7.493021	0.03969879
7.496354	0.03918405
7.499688	0.03870149
7.503021	0.0382511
7.506354	0.03783288
7.509687	0.03751117
7.513021	0.03722164
7.516354	0.03699644
7.519688	0.03677124
7.523021	0.03657822
7.526354	0.03638519
7.529687	0.03616
7.533021	0.0359348
7.536354	0.03567744
7.539688	0.03542007
7.543021	0.03513053
7.546354	0.03487317
7.549687	0.03464797
7.553021	0.03442277
7.556354	0.03422975
7.559688	0.0340689
7.563021	0.03390804
7.566354	0.03371502
7.569687	0.03355416
7.573021	0.03332897
7.576354	0.03310377
7.579688	0.03284641
7.583021	0.03255687
7.586354	0.03223516
7.589687	0.03191345
7.593021	0.03159174
7.596354	0.03130221
7.599688	0.03104484
7.603021	0.03085182
7.606354	0.03069096
7.609687	0.03062662
7.613021	0.03062662
7.616354	0.03069096
7.619688	0.03078747
7.623021	0.03091616
7.626354	0.03104484
7.629687	0.03114135
7.633021	0.03123787
7.636354	0.03130221
7.639688	0.03136655
7.643021	0.03139872
7.646354	0.03143089
7.649687	0.03146306
7.653021	0.0315274
7.656354	0.03159174
7.659688	0.03168826
7.663021	0.0317526
7.666354	0.03184911
7.669687	0.03197779
7.673021	0.03207431
7.676354	0.03220299
7.679688	0.03233167
7.683021	0.03246036
7.686354	0.03262121
7.689688	0.03281424
7.693021	0.03300726
7.696354	0.03326463
7.699687	0.03355416
7.703021	0.03387587
7.706354	0.03422975
7.709688	0.0346158
7.713021	0.03503402
7.716354	0.03551658
7.719687	0.03606349
7.723021	0.03667473
7.726354	0.03731815
7.729688	0.03805808
7.733021	0.03883018
7.736354	0.03973096
7.739687	0.04066391
7.743021	0.04169338
7.746354	0.04281936
7.749688	0.04400968
7.753021	0.04526434
7.756354	0.04661552
7.759687	0.04803103
7.763021	0.04954306
7.766354	0.05111943
7.769688	0.05279231
7.773021	0.05452954
7.776354	0.05636327
7.779687	0.05822918
7.783021	0.06009509
7.786354	0.06199317
7.789688	0.06385908
7.793021	0.06569281
7.796354	0.06749437
7.799687	0.0692316
7.803021	0.07093665
7.806354	0.07254519
7.809688	0.07412156
7.813021	0.07563359
7.816354	0.07704911
7.819687	0.07833594
7.823021	0.07946192
7.826354	0.08042704
7.829688	0.08119914
7.833021	0.08171387
7.836354	0.08203558
7.839687	0.0821321
7.843021	0.08203558
7.846354	0.08171387
7.849688	0.08119914
7.853021	0.08055573
7.856354	0.07975145
7.859687	0.0788185
7.863021	0.07778904
7.866354	0.07663089
7.869688	0.07534405
7.873021	0.07399288
7.876354	0.07251302
7.879687	0.07093665
7.883021	0.06926377
7.886354	0.06752654
7.889688	0.06575715
7.893021	0.06392342
7.896354	0.06208968
7.899687	0.06025594
7.903021	0.05845438
7.906354	0.05668498
7.909688	0.05494776
7.913021	0.05324271
7.916354	0.05163416
7.919687	0.05005779
7.923021	0.04854577
7.926354	0.04709808
7.929688	0.04565039
7.933021	0.04426705
7.936354	0.0428837
7.939688	0.04153252
7.943021	0.04021352
7.946354	0.03886235
7.949687	0.03754334
7.953021	0.03622434
7.956354	0.03493751
7.959688	0.03374719
7.963021	0.03258904
7.966354	0.0315274
7.969687	0.03056228
7.973021	0.02969367
7.976354	0.0288894
7.979688	0.02818164
7.983021	0.02753822
7.986354	0.02692698
7.989687	0.02638007
7.993021	0.025801
7.996354	0.02525409
7.999688	0.02470719
8.003021	0.02419246
8.006354	0.02370989
8.009687	0.02322733
8.013021	0.02277694
8.016355	0.02232655
8.019688	0.02190833
8.023021	0.02149011
8.026354	0.02107189
8.029688	0.02065366
8.033021	0.02023544
8.036354	0.01981722
8.039687	0.01943117
8.043021	0.01904512
8.046354	0.01872342
8.049687	0.01843388
8.05302	0.01824085
8.056355	0.01808
8.059688	0.01798349
8.063021	0.01791915
8.066354	0.01788697
8.069688	0.0178548
8.073021	0.01782263
8.076354	0.01775829
8.079687	0.01769395
8.083021	0.01756527
8.086354	0.01743658
8.089687	0.01727573
8.09302	0.01711488
8.096354	0.01695402
8.099688	0.01685751
8.103021	0.016761
8.106354	0.01669665
8.109688	0.01669665
8.113021	0.01669665
8.116354	0.01669665
8.119687	0.01672883
8.123021	0.01672883
8.126354	0.016761
8.129687	0.016761
8.13302	0.016761
8.136354	0.01672883
8.139688	0.01672883
8.143021	0.01669665
8.146354	0.01669665
8.149688	0.01669665
8.153021	0.01669665
8.156354	0.01669665
8.159687	0.01669665
8.163021	0.01672883
8.166354	0.01672883
8.169687	0.01679317
8.17302	0.01685751
8.176354	0.01695402
8.179688	0.01705053
8.183021	0.01711488
8.186355	0.01717922
8.189688	0.01721139
8.193021	0.01721139
8.196354	0.01721139
8.199688	0.01714705
8.203021	0.0170827
8.206354	0.01698619
8.209687	0.01692185
8.213021	0.01685751
8.216354	0.01685751
8.219687	0.01688968
8.223021	0.01695402
8.226355	0.01701836
8.229688	0.0170827
8.233021	0.01717922
8.236354	0.01724356
8.239688	0.01734007
8.243021	0.01740441
8.246354	0.01743658
8.249687	0.01750093
8.253021	0.01756527
8.256354	0.01766178
8.259687	0.01779046
8.263021	0.01795132
8.266355	0.01811217
8.269688	0.01833737
8.273021	0.01856256
8.276354	0.01878776
8.279688	0.01904512
8.283021	0.01927032
8.286354	0.01946334
8.289687	0.01965637
8.293021	0.01981722
8.296354	0.01994591
8.299687	0.02004242
8.30302	0.02013893
8.306355	0.02020327
8.309688	0.02029979
8.313021	0.02036413
8.316354	0.02042847
8.319688	0.02052498
8.323021	0.02062149
8.326354	0.02075018
8.329687	0.02087886
8.333021	0.02103971
8.336354	0.0211684
8.339687	0.02132925
8.34302	0.02145793
8.346354	0.02158662
8.349688	0.02168313
8.353021	0.02177964
8.356354	0.02187616
8.359688	0.0219405
8.363021	0.02200484
8.366354	0.02203701
8.369687	0.02210135
8.373021	0.02213352
8.376354	0.02216569
8.379687	0.02216569
8.38302	0.02213352
8.386354	0.02210135
8.389688	0.02200484
8.393021	0.02190833
8.396354	0.02177964
8.399688	0.02161879
8.403021	0.02149011
8.406354	0.02139359
8.409687	0.02129708
8.413021	0.02126491
8.416354	0.02126491
8.419687	0.02126491
8.42302	0.02129708
8.426354	0.02129708
8.429688	0.02126491
8.433021	0.02120057
8.436355	0.02107189
8.439688	0.02087886
8.443021	0.02068584
8.446354	0.02042847
8.449688	0.0201711
8.453021	0.01988156
8.456354	0.01959203
8.459687	0.01927032
8.463021	0.01898078
8.466354	0.01865907
8.469687	0.01836954
8.473021	0.01804783
8.476355	0.01775829
8.479688	0.01746875
8.483021	0.01721139
8.486354	0.01698619
8.489688	0.01679317
8.493021	0.01660014
8.496354	0.01647146
8.499687	0.01631061
8.503021	0.01621409
8.506354	0.01611758
8.509687	0.01602107
8.513021	0.01595673
8.516355	0.01589238
8.519688	0.01586021
8.523021	0.01582804
8.526354	0.0157637
8.529688	0.01573153
8.533021	0.01566719
8.536354	0.01557068
8.539687	0.01544199
8.543021	0.01531331
8.546354	0.01515246
8.549687	0.01495943
8.55302	0.01479858
8.556355	0.01466989
8.559688	0.01454121
8.563021	0.01447687
8.566354	0.0144447
8.569688	0.01447687
8.573021	0.01457338
8.576354	0.01470206
8.579687	0.01486292
8.583021	0.01502377
8.586354	0.0152168
8.589687	0.01540982
8.59302	0.01563502
8.596354	0.01582804
8.599688	0.01602107
8.603021	0.01614975
8.606354	0.01631061
8.609688	0.01640712
8.613021	0.01650363
8.616354	0.01656797
8.619687	0.01660014
8.623021	0.01663231
8.626354	0.01660014
8.629687	0.01656797
8.63302	0.01650363
8.636354	0.01643929
8.639688	0.01631061
8.643021	0.01618192
8.646354	0.01605324
8.649688	0.01595673
8.653021	0.01586021
8.656354	0.01582804
8.659687	0.01582804
8.663021	0.01586021
8.666354	0.01595673
8.669687	0.01605324
8.67302	0.01614975
8.676354	0.01627843
8.679688	0.01637495
8.683021	0.01643929
8.686355	0.01650363
8.689688	0.01650363
8.693021	0.01647146
8.696354	0.01643929
8.699688	0.01640712
8.703021	0.01634278
8.706354	0.01627843
8.709687	0.01618192
8.713021	0.01605324
8.716354	0.01592456
8.719687	0.01579587
8.723021	0.01563502
8.726355	0.01544199
8.729688	0.01524897
8.733021	0.01508811
8.736354	0.01492726
8.739688	0.01479858
8.743021	0.01470206
8.746354	0.01466989
8.749687	0.01466989
8.753021	0.01470206
8.756354	0.01473424
8.759687	0.01479858
8.763021	0.01483075
8.766355	0.01483075
8.769688	0.01479858
8.773021	0.01473424
8.776354	0.01460555
8.779688	0.0144447
8.783021	0.01425167
8.786354	0.01402648
8.789687	0.01383345
8.793021	0.01360826
8.796354	0.01341523
8.799687	0.01322221
8.80302	0.01302918
8.806355	0.01283616
8.809688	0.01264313
8.813021	0.01245011
8.816354	0.01222491
8.819688	0.01203189
8.823021	0.01183886
8.826354	0.01171018
8.829687	0.01158149
8.833021	0.01151715
8.836354	0.01148498
8.839687	0.01151715
8.84302	0.01158149
8.846354	0.01167801
8.849688	0.01177452
8.853021	0.01183886
8.856354	0.01187103
8.859688	0.01187103
8.863021	0.01180669
8.866354	0.01171018
8.869687	0.01154932
8.873021	0.01138847
8.876354	0.01122762
8.879687	0.01103459
8.88302	0.01090591
8.886354	0.01077722
8.889688	0.01071288
8.893021	0.01064854
8.896354	0.01061637
8.899688	0.0105842
8.903021	0.01055203
8.906354	0.01048769
8.909687	0.01042334
8.913021	0.01032683
8.916354	0.01019815
8.919687	0.01006947
8.92302	0.009940782
8.926354	0.009812099
8.929688	0.009683416
8.933021	0.009586904
8.936355	0.009522562
8.939688	0.009490392
8.943021	0.009458221
8.946354	0.009490392
8.949688	0.009522562
8.953021	0.009554733
8.956354	0.009619074
8.959687	0.009683416
8.963021	0.009715587
8.966354	0.009715587
8.969687	0.009715587
8.973021	0.009651245
8.976355	0.009554733
8.979688	0.009393879
8.983021	0.009233025
8.986354	0.00904
8.989688	0.008846975
8.993021	0.008686121
8.996354	0.008557438
8.999687	0.008525267
9.003021	0.008557438
9.006354	0.00865395
9.009687	0.008846975
9.013021	0.009072171
9.016355	0.009329537
9.019688	0.009554733
9.023021	0.009779928
9.026354	0.009908612
9.029688	0.01003729
9.033021	0.01010164
9.036354	0.01010164
9.039687	0.01010164
9.043021	0.01006947
9.046354	0.01003729
9.049687	0.01000512
9.05302	0.009972953
9.056355	0.009940782
9.059688	0.009908612
9.063021	0.00984427
9.066354	0.009779928
9.069688	0.009683416
9.073021	0.009619074
9.076354	0.009554733
9.079687	0.009554733
9.083021	0.009522562
9.086354	0.009554733
9.089687	0.009554733
9.09302	0.009586904
9.096354	0.009586904
9.099688	0.009586904
9.103021	0.009554733
9.106354	0.009490392
9.109688	0.00942605
9.113021	0.009297367
9.116354	0.009200854
9.119687	0.009104342
9.123021	0.00904
9.126354	0.009007829
9.129687	0.009007829
9.13302	0.00904
9.136354	0.009104342
9.139688	0.009200854
9.143021	0.009329537
9.146354	0.00942605
9.149688	0.009522562
9.153021	0.009554733
9.156354	0.009554733
9.159687	0.009490392
9.163021	0.009393879
9.166354	0.009233025
9.169687	0.009072171
9.17302	0.008911317
9.176354	0.008750463
9.179688	0.00865395
9.183021	0.008589609
9.186355	0.008557438
9.189688	0.008557438
9.193021	0.008589609
9.196354	0.00865395
9.199688	0.008686121
9.203021	0.008718292
9.206354	0.008718292
9.209687	0.008686121
9.213021	0.00865395
9.216354	0.00862178
9.219687	0.008557438
9.223021	0.008525267
9.226355	0.008525267
9.229688	0.008525267
9.233021	0.008557438
9.236354	0.008589609
9.239688	0.00862178
9.243021	0.00865395
9.246354	0.008686121
9.249687	0.008718292
9.253021	0.008718292
9.256354	0.008750463
9.259687	0.008750463
9.263021	0.008782634
9.266355	0.008814804
9.269688	0.008879146
9.273021	0.008975658
9.276354	0.00904
9.279688	0.009104342
9.283021	0.009168683
9.286354	0.009168683
9.289687	0.009104342
9.293021	0.00904
9.296354	0.008911317
9.299687	0.008782634
9.30302	0.00862178
9.306355	0.008428755
9.309688	0.008300071
9.313021	0.008171388
9.316354	0.008107046
9.319688	0.008074876
9.323021	0.008107046
9.326354	0.008203559
9.329687	0.008300071
9.333021	0.008396584
9.336354	0.008525267
9.339687	0.00862178
9.34302	0.008686121
9.346354	0.008750463
9.349688	0.008750463
9.353021	0.008718292
9.356354	0.008686121
9.359688	0.00862178
9.363021	0.008557438
9.366354	0.008493096
9.369687	0.008428755
9.373021	0.008364413
9.376354	0.008300071
9.379687	0.00823573
9.38302	0.008171388
9.386354	0.008107046
9.389688	0.008074876
9.393021	0.008010534
9.396354	0.008010534
9.399688	0.007978363
9.403021	0.007978363
9.406354	0.008010534
9.409687	0.008042705
9.413021	0.008107046
9.416354	0.008139217
9.419687	0.008171388
9.42302	0.008171388
9.426354	0.008203559
9.429688	0.008171388
9.433021	0.008171388
9.436355	0.008139217
9.439688	0.008074876
9.443021	0.008042705
9.446354	0.007946192
9.449688	0.00784968
9.453021	0.007720997
9.456354	0.007592313
9.459687	0.007431459
9.463021	0.007302776
9.466354	0.007174093
9.469687	0.007045409
9.473021	0.006981068
9.476355	0.006948897
9.479688	0.006948897
9.483021	0.007013239
9.486354	0.007109751
9.489688	0.007238434
9.493021	0.007367118
9.496354	0.007495801
9.499687	0.007624484
9.503021	0.007720997
9.506354	0.007817509
9.509687	0.007914022
9.513021	0.008010534
9.516355	0.008074876
9.519688	0.008171388
9.523021	0.008267901
9.526354	0.008364413
9.529688	0.008493096
9.533021	0.00862178
9.536354	0.008718292
9.539687	0.008814804
9.543021	0.008911317
9.546354	0.008975658
9.549687	0.00904
9.55302	0.009104342
9.556355	0.009200854
9.559688	0.009297367
9.563021	0.009393879
9.566354	0.009490392
9.569688	0.009586904
9.573021	0.009683416
9.576354	0.009747758
9.579687	0.009747758
9.583021	0.009715587
9.586354	0.009683416
9.589687	0.009586904
9.59302	0.009522562
9.596354	0.009458221
9.599688	0.009393879
9.603021	0.009329537
9.606354	0.009329537
9.609688	0.009329537
9.613021	0.009329537
9.616354	0.009297367
9.619687	0.009265196
9.623021	0.009200854
9.626354	0.009104342
9.629687	0.009007829
9.63302	0.008846975
9.636354	0.008718292
9.639688	0.008557438
9.643021	0.008428755
9.646354	0.008300071
9.649688	0.008203559
9.653021	0.008107046
9.656354	0.008042705
9.659687	0.007978363
9.663021	0.007946192
9.666354	0.007914022
9.669687	0.007881851
9.67302	0.007881851
9.676354	0.007881851
9.679688	0.007914022
9.683021	0.007946192
9.686355	0.008042705
9.689688	0.008139217
9.693021	0.008267901
9.696354	0.008396584
9.699688	0.008557438
9.703021	0.008686121
9.706354	0.008814804
9.709687	0.008911317
9.713021	0.008975658
9.716354	0.008975658
9.719687	0.008943488
9.723021	0.008879146
9.726355	0.008750463
9.729688	0.008557438
9.733021	0.008364413
9.736354	0.008139217
9.739688	0.007914022
9.743021	0.007688826
9.746354	0.007495801
9.749687	0.007302776
9.753021	0.007174093
9.756354	0.007045409
9.759687	0.006948897
9.763021	0.006884555
9.766355	0.006820214
9.769688	0.006820214
9.773021	0.006788043
9.776354	0.006820214
9.779688	0.006820214
9.783021	0.006852385
9.786354	0.006884555
9.789687	0.006948897
9.793021	0.006948897
9.796354	0.006981068
9.799687	0.006981068
9.80302	0.006981068
9.806355	0.006981068
9.809688	0.006981068
9.813021	0.007013239
9.816354	0.00707758
9.819688	0.007141922
9.823021	0.007238434
9.826354	0.007302776
9.829687	0.007399288
9.833021	0.00746363
9.836354	0.007495801
9.839687	0.00746363
9.84302	0.007431459
9.846354	0.007334947
9.849688	0.007238434
9.853021	0.007109751
9.856354	0.006948897
9.859688	0.006755872
9.863021	0.006562847
9.866354	0.006337651
9.869687	0.006112455
9.873021	0.005855089
9.876354	0.005629893
9.879687	0.005469039
9.88302	0.005372527
9.886354	0.005340356
9.889688	0.005372527
9.893021	0.00550121
9.896354	0.005694235
9.899688	0.005951601
9.903021	0.006241139
9.906354	0.006498506
9.909687	0.006788043
9.913021	0.006981068
9.916354	0.007141922
9.919687	0.007238434
9.92302	0.007270605
9.926354	0.007206264
9.929688	0.007109751
9.933021	0.006981068
9.936355	0.006788043
9.939688	0.006562847
9.943021	0.006369822
9.946354	0.006176797
9.949688	0.006015943
9.953021	0.00591943
9.956354	0.00588726
9.959687	0.00588726
9.963021	0.005983772
9.966354	0.006112455
9.969687	0.00630548
9.973021	0.006466334
9.976355	0.00665936
9.979688	0.006788043
9.983021	0.006916726
9.986354	0.006981068
9.989688	0.007045409
9.993021	0.00707758
9.996354	0.00707758
9.999687	0.007141922
}
[PEAK]
{
Peak ID	1
Peak Ref	1
Time	3.929644
Peak	3.183021	4.076354
Intensity	2.145767e-06	9.590388e-05
Height	0.005731932
AreaAbs	1692.604
Area %BP	0.07683102
Area %Total	0.06304075
Width	0.8933332
}
[PEAK]
{
Peak ID	2
Peak Ref	2
Time	4.279767
Peak	4.076354	4.619688
Intensity	2.145767e-06	9.590388e-05
Height	0.02997096
AreaAbs	6339.305
Area %BP	0.287755
Area %Total	0.2361063
Width	0.5433335
}
[PEAK]
{
Peak ID	3
Peak Ref	3
Time	4.966341
Peak	4.619688	6.423021
Intensity	2.145767e-06	9.590388e-05
Height	0.185219
AreaAbs	36717.03
Area %BP	1.666667
Area %Total	1.36752
Width	1.803333
}
}
}
}
