[SAMPLE]
{
Sample	1
Well	1:A,2
FileName	
SampleID	BWS202503-RM01
SampleDescription	Aquired with Galaxy
Date	09-Jun-2026
Time	14:47:24 PRC
JobCode	
TaskCode	
UserName	Congcong_Liu2
LabName	Aquired with Galaxy
Instrument	BAD_L_17_160
Conditions	
Submitter	Huanhuan_Zhang
SampleType	
Plate	
Method	
Process	Galaxy
MSTune	
MSMethod	
InletMethod	
PreRunMethod	
PostRunMethod	
SwitchMethod	
FractionMethod	
AcquisitionProcess	
AcquisitionProcessParameters	
AcquisitionProcessOptions	
InjectionVolume	25
ReportScheme	
SampleReportEnable	0
SampleReportFormat	
AnalysisTime	0
[COMPOUND]
{
;Mono Mass	Formula
}
[FUNCTION]
{
Function	1
IonMode	ES+
Type	MS
Description	(0:0)
[SPECTRUM]
{
ProcDesc	0.00:Combine
State	OK
Peak ID	0
Peak Ref	0
Time	0
TIC	0
BPI	0
BPM	0
Continuum	FALSE
Saved	FALSE
[MASSES]
{
;Mass	Exp. Mass	Obs. Mass	% BPI	Int. Abs
}
[RESULTS]
{
;Mass	Found	% BPI	% Purity
}
[MS]
{
;Mass	% BPI
0	0
}
}
[CHROMATOGRAM]
{
TraceNumber	1
Description	scroll down chrom view to see 2D LC chrom
ProcDesc	
MaxIntensity	0
[TRACE]
{
0	0
}
[PEAK]
{
Peak ID	0
Peak Ref	0
Time	0
Peak	0
Intensity	0	0
Height	0
AreaAbs	0
Area %BP	0
Area %Total	0
}
}
}
[FUNCTION]
{
Function	0
Description	ANALOG
[CHROMATOGRAM]
{
TraceNumber	2
Description	LC
ProcDesc	Result Id:1606, VWD: Signal A, 280 nm
MaxIntensity	0.1886612
[TRACE]
{
;Time	Int. %Max
0.0009375	0.04486276
0.004270833	0.04492594
0.007604167	0.04502072
0.0109375	0.0451471
0.01427083	0.04524188
0.01760417	0.04530506
0.0209375	0.04533666
0.02427083	0.04533666
0.02760417	0.04530506
0.0309375	0.04527347
0.03427083	0.04524188
0.03760417	0.04521028
0.0409375	0.0451471
0.04427083	0.04508391
0.04760417	0.04505232
0.0509375	0.04498913
0.05427083	0.04495754
0.05760417	0.04489435
0.0609375	0.04486276
0.06427083	0.04486276
0.06760417	0.04489435
0.0709375	0.04498913
0.07427084	0.04517869
0.07760417	0.04543144
0.0809375	0.04577897
0.08427083	0.04615809
0.08760417	0.0466004
0.0909375	0.0470743
0.09427083	0.04751661
0.09760416	0.04799051
0.1009375	0.04840123
0.1042708	0.04874876
0.1076042	0.0490331
0.1109375	0.04925425
0.1142708	0.04941222
0.1176042	0.04947541
0.1209375	0.049507
0.1242708	0.049507
0.1276042	0.04947541
0.1309375	0.04947541
0.1342708	0.04944381
0.1376042	0.04941222
0.1409375	0.04934903
0.1442708	0.04931744
0.1476042	0.04928584
0.1509375	0.04922266
0.1542708	0.04915947
0.1576042	0.04912788
0.1609375	0.04906469
0.1642708	0.0490015
0.1676042	0.04896991
0.1709375	0.04893832
0.1742708	0.04893832
0.1776042	0.04890672
0.1809375	0.04884354
0.1842708	0.04874876
0.1876042	0.04859079
0.1909375	0.04843282
0.1942708	0.04821167
0.1976042	0.04799051
0.2009375	0.04776936
0.2042708	0.0475798
0.2076042	0.04742183
0.2109375	0.04732705
0.2142708	0.04726386
0.2176042	0.04723227
0.2209375	0.04723227
0.2242708	0.04723227
0.2276042	0.04723227
0.2309375	0.04723227
0.2342708	0.04716908
0.2376042	0.04710589
0.2409375	0.04697952
0.2442708	0.04678996
0.2476042	0.0466004
0.2509375	0.04644243
0.2542708	0.04628446
0.2576042	0.04615809
0.2609375	0.0460949
0.2642708	0.0460949
0.2676042	0.0461265
0.2709375	0.04622128
0.2742708	0.04634765
0.2776042	0.04647402
0.2809375	0.0465688
0.2842708	0.0465688
0.2876042	0.04650562
0.2909375	0.04637924
0.2942708	0.04618968
0.2976042	0.04593694
0.3009375	0.04568419
0.3042708	0.04539984
0.3076042	0.04517869
0.3109375	0.04498913
0.3142708	0.04489435
0.3176042	0.04483116
0.3209375	0.04483116
0.3242708	0.04486276
0.3276042	0.04486276
0.3309375	0.04486276
0.3342708	0.04483116
0.3376042	0.04476798
0.3409375	0.0446416
0.3442708	0.04448363
0.3476042	0.04432567
0.3509375	0.0441677
0.3542708	0.04404132
0.3576042	0.04394654
0.3609375	0.04388336
0.3642708	0.04385176
0.3676042	0.04385176
0.3709375	0.04388336
0.3742708	0.04391495
0.3776042	0.04397814
0.3809375	0.04400973
0.3842708	0.04400973
0.3876042	0.04397814
0.3909375	0.04391495
0.3942708	0.04378858
0.3976042	0.04363061
0.4009375	0.04347264
0.4042708	0.04331467
0.4076042	0.04312511
0.4109375	0.04299874
0.4142708	0.04290396
0.4176042	0.04287237
0.4209375	0.04293555
0.4242708	0.04306193
0.4276042	0.04321989
0.4309375	0.04344105
0.4342708	0.0436938
0.4376042	0.04394654
0.4409375	0.0441677
0.4442708	0.04438885
0.4476042	0.04451523
0.4509375	0.04461001
0.4542708	0.0446416
0.4576042	0.0446416
0.4609375	0.04454682
0.4642708	0.04442045
0.4676042	0.04426248
0.4709375	0.04407292
0.4742708	0.04385176
0.4776042	0.04363061
0.4809375	0.04340946
0.4842708	0.04321989
0.4876042	0.04306193
0.4909375	0.04290396
0.4942708	0.04280918
0.4976042	0.0427144
0.5009375	0.04265121
0.5042709	0.04252484
0.5076042	0.04239846
0.5109375	0.0422405
0.5142708	0.04205094
0.5176042	0.04182978
0.5209375	0.04160863
0.5242708	0.04138747
0.5276042	0.04119791
0.5309375	0.04103994
0.5342708	0.04097676
0.5376042	0.04097676
0.5409375	0.04103994
0.5442708	0.04113472
0.5476041	0.04129269
0.5509375	0.04145066
0.5542708	0.04164022
0.5576042	0.04179819
0.5609375	0.04195615
0.5642709	0.04208253
0.5676042	0.0422089
0.5709375	0.04230368
0.5742708	0.04239846
0.5776042	0.04246165
0.5809375	0.04255643
0.5842708	0.04261962
0.5876042	0.0426828
0.5909375	0.0427144
0.5942708	0.0427144
0.5976042	0.0427144
0.6009375	0.0426828
0.6042708	0.04261962
0.6076041	0.04252484
0.6109375	0.04239846
0.6142708	0.04230368
0.6176042	0.04217731
0.6209375	0.04211412
0.6242709	0.04205094
0.6276042	0.04198775
0.6309375	0.04195615
0.6342708	0.04192456
0.6376042	0.04186137
0.6409375	0.04179819
0.6442708	0.04167181
0.6476042	0.04151385
0.6509375	0.04129269
0.6542708	0.04110313
0.6576042	0.04088198
0.6609375	0.04069242
0.6642708	0.04053445
0.6676041	0.04043967
0.6709375	0.04043967
0.6742708	0.04050285
0.6776041	0.04059763
0.6809375	0.04072401
0.6842709	0.04088198
0.6876042	0.04100835
0.6909375	0.04110313
0.6942708	0.04119791
0.6976042	0.0412611
0.7009375	0.04132429
0.7042708	0.04138747
0.7076042	0.04141907
0.7109375	0.04148225
0.7142708	0.04157703
0.7176042	0.04167181
0.7209375	0.04176659
0.7242708	0.04186137
0.7276042	0.04192456
0.7309375	0.04192456
0.7342708	0.04189297
0.7376041	0.04182978
0.7409375	0.04170341
0.7442709	0.04157703
0.7476042	0.04141907
0.7509375	0.04129269
0.7542709	0.04113472
0.7576042	0.04100835
0.7609375	0.04091357
0.7642708	0.04081879
0.7676042	0.0407556
0.7709375	0.04069242
0.7742708	0.04066082
0.7776042	0.04059763
0.7809375	0.04056604
0.7842708	0.04050285
0.7876042	0.04043967
0.7909375	0.04037648
0.7942708	0.04031329
0.7976041	0.04025011
0.8009375	0.04015533
0.8042708	0.04006055
0.8076042	0.03996577
0.8109375	0.03993417
0.8142709	0.03990258
0.8176042	0.03990258
0.8209375	0.03996577
0.8242708	0.04006055
0.8276042	0.04018692
0.8309375	0.04031329
0.8342708	0.04043967
0.8376042	0.04056604
0.8409375	0.04062923
0.8442708	0.04066082
0.8476042	0.04066082
0.8509375	0.04059763
0.8542708	0.04050285
0.8576041	0.04034489
0.8609375	0.04018692
0.8642708	0.03999736
0.8676042	0.0398078
0.8709375	0.03961824
0.8742709	0.03946027
0.8776042	0.0393339
0.8809375	0.03920752
0.8842708	0.03911274
0.8876042	0.03904955
0.8909375	0.03901796
0.8942708	0.03901796
0.8976042	0.03901796
0.9009375	0.03904955
0.9042708	0.03904955
0.9076042	0.03904955
0.9109375	0.03901796
0.9142708	0.03898637
0.9176041	0.03892318
0.9209375	0.03889159
0.9242708	0.0388284
0.9276041	0.03879681
0.9309375	0.03876521
0.9342709	0.03876521
0.9376042	0.0388284
0.9409375	0.03889159
0.9442708	0.03895477
0.9476042	0.03908115
0.9509375	0.03917593
0.9542708	0.03927071
0.9576042	0.03936549
0.9609375	0.03942868
0.9642708	0.03949186
0.9676042	0.03952346
0.9709375	0.03955505
0.9742708	0.03952346
0.9776042	0.03949186
0.9809375	0.03939708
0.9842708	0.03923912
0.9876041	0.03908115
0.9909375	0.03885999
0.9942709	0.03857565
0.9976042	0.03829131
1.000937	0.03797538
1.004271	0.03769103
1.007604	0.03743829
1.010937	0.03724873
1.014271	0.03715395
1.017604	0.03712235
1.020937	0.03718554
1.024271	0.0373751
1.027604	0.03759625
1.030938	0.037849
1.034271	0.03810175
1.037604	0.0383229
1.040938	0.03848087
1.044271	0.03860725
1.047604	0.03863884
1.050938	0.03860725
1.054271	0.03851247
1.057604	0.03838609
1.060938	0.03825972
1.064271	0.03813334
1.067604	0.03800697
1.070938	0.03794378
1.074271	0.03791219
1.077604	0.03791219
1.080938	0.03791219
1.084271	0.03797538
1.087604	0.03800697
1.090937	0.03803856
1.094271	0.03803856
1.097604	0.03797538
1.100937	0.03791219
1.104271	0.03781741
1.107604	0.03769103
1.110937	0.03756466
1.114271	0.03746988
1.117604	0.03740669
1.120937	0.0373751
1.124271	0.0373751
1.127604	0.0373751
1.130937	0.03743829
1.134271	0.03750147
1.137604	0.03756466
1.140937	0.03759625
1.144271	0.03759625
1.147604	0.03756466
1.150938	0.03750147
1.154271	0.03743829
1.157604	0.03734351
1.160938	0.03724873
1.164271	0.03715395
1.167604	0.03705917
1.170938	0.03699598
1.174271	0.03693279
1.177604	0.03693279
1.180938	0.03693279
1.184271	0.03696438
1.187604	0.03702757
1.190938	0.03712235
1.194271	0.03721713
1.197604	0.03731191
1.200938	0.03743829
1.204271	0.03756466
1.207604	0.03765944
1.210938	0.03772263
1.214271	0.03775422
1.217604	0.03775422
1.220937	0.03769103
1.224271	0.03759625
1.227604	0.03743829
1.230937	0.03724873
1.234271	0.03702757
1.237604	0.03680642
1.240937	0.03661686
1.244271	0.03645889
1.247604	0.03636411
1.250937	0.03633251
1.254271	0.03636411
1.257604	0.0364273
1.260937	0.03655367
1.264271	0.03668004
1.267604	0.03680642
1.270937	0.03693279
1.274271	0.03699598
1.277604	0.03702757
1.280938	0.03702757
1.284271	0.03699598
1.287604	0.0369012
1.290938	0.03677482
1.294271	0.03664845
1.297604	0.03652208
1.300938	0.03636411
1.304271	0.03623773
1.307604	0.03614295
1.310938	0.03604817
1.314271	0.03598499
1.317604	0.0359218
1.320938	0.0359218
1.324271	0.03589021
1.327604	0.0359218
1.330938	0.0359218
1.334271	0.0359218
1.337604	0.03589021
1.340937	0.03582702
1.344271	0.03570065
1.347604	0.03554268
1.350937	0.03535312
1.354271	0.03513196
1.357604	0.0349424
1.360937	0.03475284
1.364271	0.03462646
1.367604	0.03456328
1.370937	0.03459487
1.374271	0.03468965
1.377604	0.03484762
1.380937	0.03500559
1.384271	0.03519515
1.387604	0.03535312
1.390937	0.0354479
1.394271	0.03547949
1.397604	0.0354479
1.400938	0.03535312
1.404271	0.03522674
1.407604	0.03506877
1.410938	0.03487921
1.414271	0.03468965
1.417604	0.03450009
1.420938	0.03434212
1.424271	0.03418416
1.427604	0.03405778
1.430938	0.03389981
1.434271	0.03377344
1.437604	0.03367866
1.440938	0.03361547
1.444271	0.03361547
1.447604	0.03364707
1.450938	0.03377344
1.454271	0.03393141
1.457604	0.03415256
1.460938	0.03440531
1.464271	0.03465806
1.467604	0.03491081
1.470937	0.03513196
1.474271	0.03528993
1.477604	0.03535312
1.480937	0.03538471
1.484271	0.03532152
1.487604	0.03522674
1.490937	0.03506877
1.494271	0.03487921
1.497604	0.03468965
1.500937	0.03453168
1.504271	0.03440531
1.507604	0.03431053
1.510937	0.03424734
1.514271	0.03424734
1.517604	0.03424734
1.520937	0.03427894
1.524271	0.03431053
1.527604	0.03437372
1.530938	0.0344369
1.534271	0.03450009
1.537604	0.03453168
1.540938	0.03459487
1.544271	0.03462646
1.547604	0.03468965
1.550938	0.03468965
1.554271	0.03468965
1.557604	0.03462646
1.560938	0.03456328
1.564271	0.03450009
1.567604	0.03437372
1.570938	0.03427894
1.574271	0.03418416
1.577604	0.03408938
1.580938	0.03402619
1.584271	0.033963
1.587604	0.03393141
1.590937	0.03386822
1.594271	0.03383663
1.597604	0.03377344
1.600937	0.03367866
1.604271	0.03361547
1.607604	0.03352069
1.610937	0.03342591
1.614271	0.03336273
1.617604	0.03329954
1.620937	0.03326794
1.624271	0.03323635
1.627604	0.03323635
1.630937	0.03326794
1.634271	0.03326794
1.637604	0.03329954
1.640937	0.03333113
1.644271	0.03333113
1.647604	0.03336273
1.650938	0.03339432
1.654271	0.03342591
1.657604	0.03345751
1.660938	0.03345751
1.664271	0.03342591
1.667604	0.03339432
1.670938	0.03329954
1.674271	0.03323635
1.677604	0.03314157
1.680938	0.03304679
1.684271	0.03295201
1.687604	0.03292042
1.690938	0.03288882
1.694271	0.03292042
1.697604	0.0329836
1.700938	0.03307838
1.704271	0.03323635
1.707604	0.03339432
1.710938	0.03355229
1.714271	0.03367866
1.717604	0.03380503
1.720937	0.03389981
1.724271	0.033963
1.727604	0.03399459
1.730937	0.03399459
1.734271	0.033963
1.737604	0.03386822
1.740937	0.03377344
1.744271	0.03367866
1.747604	0.03355229
1.750937	0.03342591
1.754271	0.03329954
1.757604	0.03317316
1.760937	0.03304679
1.764271	0.03295201
1.767604	0.03288882
1.770937	0.03279404
1.774271	0.03276245
1.777604	0.03273086
1.780938	0.03273086
1.784271	0.03273086
1.787604	0.03279404
1.790938	0.03288882
1.794271	0.0330152
1.797604	0.03314157
1.800938	0.03326794
1.804271	0.03342591
1.807604	0.03352069
1.810938	0.03358388
1.814271	0.03361547
1.817604	0.03355229
1.820938	0.03345751
1.824271	0.03329954
1.827604	0.03310998
1.830938	0.03292042
1.834271	0.03273086
1.837604	0.03257289
1.840937	0.03244651
1.844271	0.03235173
1.847604	0.03228855
1.850937	0.03225695
1.854271	0.03222536
1.857604	0.03222536
1.860937	0.03225695
1.864271	0.03225695
1.867604	0.03225695
1.870937	0.03225695
1.874271	0.03228855
1.877604	0.03225695
1.880937	0.03225695
1.884271	0.03222536
1.887604	0.03216217
1.890937	0.03209899
1.894271	0.03206739
1.897604	0.03200421
1.900938	0.03197261
1.904271	0.03197261
1.907604	0.03197261
1.910938	0.03200421
1.914271	0.0320358
1.917604	0.0320358
1.920938	0.0320358
1.924271	0.0320358
1.927604	0.03197261
1.930938	0.03190942
1.934271	0.03181464
1.937604	0.03175146
1.940938	0.03168827
1.944271	0.03162508
1.947604	0.03159349
1.950938	0.03159349
1.954271	0.03159349
1.957604	0.03159349
1.960938	0.0315619
1.964271	0.0315619
1.967604	0.03149871
1.970937	0.03146712
1.974271	0.03140393
1.977604	0.03134074
1.980937	0.03130915
1.984271	0.03130915
1.987604	0.03134074
1.990937	0.03143552
1.994271	0.0315303
1.997604	0.03165668
2.000937	0.03181464
2.004271	0.03190942
2.007604	0.03200421
2.010937	0.03200421
2.014271	0.03197261
2.017604	0.03184624
2.020937	0.03168827
2.024271	0.03146712
2.027604	0.03124596
2.030937	0.03102481
2.034271	0.03080365
2.037604	0.03067728
2.040937	0.0305825
2.044271	0.0305509
2.047604	0.0305509
2.050937	0.0305825
2.054271	0.03064569
2.057604	0.03074047
2.060937	0.03080365
2.064271	0.03083525
2.067604	0.03089843
2.070937	0.03093003
2.074271	0.03096162
2.077604	0.03099321
2.080937	0.03102481
2.084271	0.0310564
2.087604	0.03108799
2.090938	0.03111959
2.094271	0.03115118
2.097604	0.03118277
2.100938	0.03118277
2.104271	0.03118277
2.107604	0.03121437
2.110938	0.03124596
2.114271	0.03127755
2.117604	0.03130915
2.120938	0.03137234
2.124271	0.03140393
2.127604	0.03143552
2.130938	0.03143552
2.134271	0.03146712
2.137604	0.03146712
2.140938	0.03143552
2.144271	0.03143552
2.147604	0.03140393
2.150938	0.03140393
2.154271	0.03140393
2.157604	0.03140393
2.160938	0.03143552
2.164271	0.03146712
2.167604	0.03149871
2.170938	0.0315303
2.174271	0.0315619
2.177604	0.03159349
2.180938	0.03162508
2.184271	0.03162508
2.187604	0.03162508
2.190938	0.03162508
2.194271	0.03162508
2.197604	0.03159349
2.200938	0.03159349
2.204271	0.03162508
2.207604	0.03165668
2.210938	0.03168827
2.214271	0.03171986
2.217604	0.03175146
2.220937	0.03175146
2.224271	0.03175146
2.227604	0.03171986
2.230937	0.03162508
2.234271	0.03146712
2.237604	0.03127755
2.240937	0.03108799
2.244271	0.03089843
2.247604	0.03070887
2.250937	0.0305825
2.254271	0.03048772
2.257604	0.03045612
2.260937	0.03051931
2.264271	0.03064569
2.267604	0.03080365
2.270937	0.03099321
2.274271	0.03118277
2.277604	0.03134074
2.280937	0.03146712
2.284271	0.0315303
2.287604	0.0315303
2.290937	0.03149871
2.294271	0.03140393
2.297604	0.03130915
2.300937	0.03118277
2.304271	0.03108799
2.307604	0.03102481
2.310937	0.03099321
2.314271	0.03102481
2.317604	0.03108799
2.320937	0.03121437
2.324271	0.03137234
2.327604	0.0315619
2.330937	0.03175146
2.334271	0.03197261
2.337604	0.03222536
2.340938	0.03244651
2.344271	0.03269926
2.347604	0.03292042
2.350938	0.03314157
2.354271	0.03333113
2.357604	0.03345751
2.360938	0.03358388
2.364271	0.03361547
2.367604	0.03358388
2.370938	0.03352069
2.374271	0.03339432
2.377604	0.03323635
2.380938	0.03307838
2.384271	0.03292042
2.387604	0.03279404
2.390938	0.03273086
2.394271	0.03269926
2.397604	0.03269926
2.400938	0.03273086
2.404271	0.03279404
2.407604	0.03288882
2.410938	0.03295201
2.414271	0.0330152
2.417604	0.03307838
2.420938	0.03310998
2.424271	0.03310998
2.427604	0.03314157
2.430938	0.03317316
2.434271	0.03317316
2.437604	0.03323635
2.440938	0.03326794
2.444271	0.03329954
2.447604	0.03329954
2.450938	0.03326794
2.454271	0.03317316
2.457604	0.0330152
2.460938	0.03282564
2.464271	0.03257289
2.467604	0.03225695
2.470937	0.03194102
2.474271	0.03162508
2.477604	0.03134074
2.480937	0.03115118
2.484271	0.03102481
2.487604	0.03099321
2.490937	0.0310564
2.494271	0.03121437
2.497604	0.03140393
2.500937	0.03165668
2.504271	0.03190942
2.507604	0.03219377
2.510937	0.03247811
2.514271	0.03269926
2.517604	0.03288882
2.520937	0.0330152
2.524271	0.03307838
2.527604	0.03307838
2.530937	0.0329836
2.534271	0.03282564
2.537604	0.03263607
2.540937	0.03238333
2.544271	0.03213058
2.547604	0.03187783
2.550937	0.03162508
2.554271	0.03140393
2.557604	0.03121437
2.560937	0.0310564
2.564271	0.03093003
2.567604	0.03083525
2.570937	0.03077206
2.574271	0.03074047
2.577604	0.03074047
2.580937	0.03077206
2.584271	0.03083525
2.587604	0.03089843
2.590938	0.03099321
2.594271	0.03111959
2.597604	0.03121437
2.600938	0.03134074
2.604271	0.03143552
2.607604	0.03149871
2.610938	0.0315303
2.614271	0.0315303
2.617604	0.03149871
2.620938	0.03140393
2.624271	0.03127755
2.627604	0.03111959
2.630938	0.03089843
2.634271	0.03061409
2.637604	0.03029816
2.640938	0.02995063
2.644271	0.0296031
2.647604	0.02925557
2.650938	0.02890804
2.654271	0.0286237
2.657604	0.02837095
2.660938	0.02818139
2.664271	0.02805502
2.667604	0.02799183
2.670938	0.02796024
2.674271	0.02799183
2.677604	0.02805502
2.680938	0.02811821
2.684271	0.02821299
2.687604	0.02827617
2.690938	0.02837095
2.694271	0.02846573
2.697604	0.02856051
2.700938	0.0286237
2.704271	0.02868689
2.707604	0.02871848
2.710938	0.02871848
2.714271	0.02871848
2.717604	0.02871848
2.720937	0.02868689
2.724271	0.0286553
2.727604	0.0286553
2.730937	0.0286237
2.734271	0.0286553
2.737604	0.0286553
2.740937	0.0286553
2.744271	0.02868689
2.747604	0.0286553
2.750937	0.02859211
2.754271	0.02846573
2.757604	0.02830777
2.760937	0.02808661
2.764271	0.02786546
2.767604	0.02761271
2.770937	0.02732837
2.774271	0.02710721
2.777604	0.02691765
2.780937	0.02675969
2.784271	0.0266965
2.787604	0.02666491
2.790937	0.02666491
2.794271	0.0266965
2.797604	0.02675969
2.800937	0.02682287
2.804271	0.02685447
2.807604	0.02688606
2.810937	0.02694925
2.814271	0.02698084
2.817604	0.02701243
2.820937	0.02707562
2.824271	0.02713881
2.827604	0.02723359
2.830937	0.02735996
2.834271	0.02748634
2.837604	0.02761271
2.840938	0.02773908
2.844271	0.02783386
2.847604	0.02789705
2.850938	0.02792865
2.854271	0.02792865
2.857604	0.02786546
2.860938	0.02780227
2.864271	0.02773908
2.867604	0.0276759
2.870938	0.0276443
2.874271	0.0276759
2.877604	0.02773908
2.880938	0.02786546
2.884271	0.02802343
2.887604	0.02821299
2.890938	0.02843414
2.894271	0.02868689
2.897604	0.02890804
2.900938	0.0291292
2.904271	0.02928717
2.907604	0.02938195
2.910938	0.02944513
2.914271	0.02947673
2.917604	0.02944513
2.920938	0.02941354
2.924271	0.02935035
2.927604	0.02931876
2.930938	0.02925557
2.934271	0.02922398
2.937604	0.02919238
2.940938	0.0291292
2.944271	0.0290976
2.947604	0.02900282
2.950938	0.02893964
2.954271	0.02887645
2.957604	0.02881326
2.960938	0.02881326
2.964271	0.02887645
2.967604	0.02903442
2.970937	0.02925557
2.974271	0.02957151
2.977604	0.02995063
2.980937	0.03039294
2.984271	0.03083525
2.987604	0.03127755
2.990937	0.03168827
2.994271	0.03206739
2.997604	0.03238333
3.000937	0.03266767
3.004271	0.03295201
3.007604	0.03320476
3.010937	0.0334891
3.014271	0.03377344
3.017604	0.03415256
3.020937	0.03456328
3.024271	0.03503718
3.027604	0.03557427
3.030937	0.03620614
3.034271	0.0368696
3.037604	0.03753307
3.040937	0.03822812
3.044271	0.03889159
3.047604	0.03952346
3.050937	0.04015533
3.054271	0.0407872
3.057604	0.04138747
3.060937	0.04201934
3.064271	0.0426828
3.067604	0.04340946
3.070937	0.04419929
3.074271	0.04505232
3.077604	0.04603172
3.080937	0.0470743
3.084271	0.04818007
3.087604	0.04928584
3.090938	0.05039162
3.094271	0.0514658
3.097604	0.05250838
3.100938	0.05351937
3.104271	0.05449877
3.107604	0.05541498
3.110938	0.05633119
3.114271	0.0572474
3.117604	0.05819521
3.120938	0.0592062
3.124271	0.06024879
3.127604	0.06138615
3.130938	0.06255511
3.134271	0.06378726
3.137604	0.06511418
3.140938	0.0665043
3.144271	0.0679576
3.147604	0.06950568
3.150938	0.07111695
3.154271	0.0727914
3.157604	0.07459223
3.160938	0.07648784
3.164271	0.07847823
3.167604	0.08053181
3.170938	0.08268016
3.174271	0.08489171
3.177604	0.08716644
3.180938	0.08950435
3.184271	0.09190546
3.187604	0.09436975
3.190938	0.09696042
3.194271	0.09964587
3.197604	0.1024577
3.200938	0.1054275
3.204271	0.1085236
3.207604	0.1117778
3.210938	0.1151583
3.214271	0.1186651
3.217604	0.1222984
3.220937	0.126058
3.224271	0.1298808
3.227604	0.13383
3.230937	0.1379056
3.234271	0.1421075
3.237604	0.1464674
3.240937	0.1509537
3.244271	0.1556295
3.247604	0.1604633
3.250937	0.1654235
3.254271	0.1704785
3.257604	0.1756598
3.260937	0.1808411
3.264271	0.1860541
3.267604	0.1912038
3.270937	0.1962588
3.274271	0.2012189
3.277604	0.2059895
3.280937	0.2105706
3.284271	0.2148989
3.287604	0.2189745
3.290937	0.2227025
3.294271	0.2261146
3.297604	0.2291476
3.300937	0.2318014
3.304271	0.234013
3.307604	0.2358138
3.310937	0.2371091
3.314271	0.2379622
3.317604	0.2382781
3.320937	0.2380885
3.324271	0.2373619
3.327604	0.2361297
3.330937	0.2343921
3.334271	0.2321174
3.337604	0.2294319
3.340938	0.2262726
3.344271	0.2227341
3.347604	0.2188481
3.350938	0.2147093
3.354271	0.2102863
3.357604	0.2056736
3.360938	0.200903
3.364271	0.1960376
3.367604	0.1911406
3.370938	0.1862436
3.374271	0.1814098
3.377604	0.1766392
3.380938	0.1720266
3.384271	0.1675087
3.387604	0.1631488
3.390938	0.1589153
3.394271	0.1548397
3.397604	0.1508905
3.400938	0.1470677
3.404271	0.1433397
3.407604	0.139738
3.410938	0.1362627
3.414271	0.1329138
3.417604	0.1297229
3.420938	0.1266899
3.424271	0.1238149
3.427604	0.1211294
3.430938	0.1185704
3.434271	0.1162324
3.437604	0.1140525
3.440938	0.1120305
3.444271	0.1101665
3.447604	0.1084605
3.450938	0.1068492
3.454271	0.1053959
3.457604	0.104069
3.460938	0.1028368
3.464271	0.101731
3.467604	0.1007516
3.470937	0.09986702
3.474271	0.09907719
3.477604	0.09841372
3.480937	0.09778185
3.484271	0.09724476
3.487604	0.09670767
3.490937	0.09620218
3.494271	0.09566509
3.497604	0.095128
3.500937	0.09455931
3.504271	0.09395904
3.507604	0.09332717
3.510937	0.09272689
3.514271	0.0921898
3.517604	0.09168431
3.520937	0.09127359
3.524271	0.09098925
3.527604	0.09076809
3.530937	0.09067331
3.534271	0.09064172
3.537604	0.09064172
3.540937	0.09067331
3.544271	0.09067331
3.547604	0.09067331
3.550937	0.09064172
3.554271	0.09054694
3.557604	0.09045216
3.560937	0.09035738
3.564271	0.09023101
3.567604	0.09010463
3.570937	0.09000985
3.574271	0.08991507
3.577604	0.08985188
3.580937	0.08982029
3.584271	0.0897887
3.587604	0.0897887
3.590938	0.08982029
3.594271	0.08988348
3.597604	0.08997826
3.600938	0.09007304
3.604271	0.09019941
3.607604	0.09032579
3.610938	0.09042057
3.614271	0.09045216
3.617604	0.09045216
3.620938	0.09042057
3.624271	0.09035738
3.627604	0.0902626
3.630938	0.09016782
3.634271	0.09010463
3.637604	0.09007304
3.640938	0.09016782
3.644271	0.09032579
3.647604	0.09054694
3.650938	0.09083128
3.654271	0.09111562
3.657604	0.09136837
3.660938	0.09155793
3.664271	0.09168431
3.667604	0.0917159
3.670938	0.09165271
3.674271	0.09149474
3.677604	0.09127359
3.680938	0.09105244
3.684271	0.09079969
3.687604	0.09054694
3.690938	0.09032579
3.694271	0.09010463
3.697604	0.08988348
3.700938	0.08963073
3.704271	0.08934639
3.707604	0.08903045
3.710938	0.08868292
3.714271	0.08827221
3.717604	0.0878615
3.720937	0.08745078
3.724271	0.08707166
3.727604	0.08675572
3.730937	0.08650298
3.734271	0.08631341
3.737604	0.08621863
3.740937	0.08615545
3.744271	0.08612385
3.747604	0.08615545
3.750937	0.08618704
3.754271	0.08618704
3.757604	0.08618704
3.760937	0.08615545
3.764271	0.08609226
3.767604	0.08599748
3.770937	0.08587111
3.774271	0.08571314
3.777604	0.08555517
3.780937	0.0853972
3.784271	0.08523924
3.787604	0.08508127
3.790937	0.0849233
3.794271	0.08476533
3.797604	0.08457577
3.800937	0.08435462
3.804271	0.08407028
3.807604	0.08375434
3.810937	0.08337522
3.814271	0.08293291
3.817604	0.0824906
3.820937	0.08198511
3.824271	0.0815112
3.827604	0.0810373
3.830937	0.08059499
3.834271	0.08018428
3.837604	0.07977356
3.840938	0.07942603
3.844271	0.07907851
3.847604	0.07873098
3.850938	0.07838345
3.854271	0.07800433
3.857604	0.0776568
3.860938	0.07727768
3.864271	0.07689856
3.867604	0.07651943
3.870938	0.0762035
3.874271	0.07588756
3.877604	0.07560322
3.880938	0.07538207
3.884271	0.0751925
3.887604	0.07503454
3.890938	0.07487657
3.894271	0.0747186
3.897604	0.07452904
3.900938	0.07433948
3.904271	0.07408673
3.907604	0.07383398
3.910938	0.07354964
3.914271	0.0732969
3.917604	0.07304415
3.920938	0.0727914
3.924271	0.07260184
3.927604	0.07241228
3.930938	0.0722859
3.934271	0.07219112
3.937604	0.07212794
3.940938	0.07206475
3.944271	0.07200156
3.947604	0.07193838
3.950938	0.071812
3.954271	0.07168563
3.957604	0.07152766
3.960938	0.0713381
3.964271	0.07111695
3.967604	0.0708642
3.970937	0.07064304
3.974271	0.07042189
3.977604	0.07023233
3.980937	0.07007436
3.984271	0.06997958
3.987604	0.06991639
3.990937	0.0698848
3.994271	0.0698848
3.997604	0.0698848
4.000937	0.0698848
4.004271	0.06985321
4.007604	0.06975843
4.010938	0.06963205
4.014271	0.06947408
4.017604	0.06931612
4.020937	0.06912656
4.024271	0.068937
4.027604	0.06877903
4.030938	0.06862106
4.034271	0.06852628
4.037604	0.06846309
4.040937	0.0684315
4.044271	0.0684315
4.047604	0.0684315
4.050938	0.06846309
4.054271	0.06849469
4.057604	0.06849469
4.060937	0.06852628
4.064271	0.06852628
4.067604	0.06852628
4.070938	0.06849469
4.074271	0.0684315
4.077604	0.06839991
4.080937	0.06833672
4.084271	0.06830513
4.087604	0.06830513
4.090938	0.06833672
4.094271	0.06839991
4.097604	0.06855787
4.100937	0.06871584
4.104271	0.06896859
4.107604	0.06922134
4.110938	0.06950568
4.114271	0.06982161
4.117604	0.07010595
4.120937	0.07042189
4.124271	0.07070623
4.127604	0.07105376
4.130938	0.07140129
4.134271	0.071812
4.137604	0.0723175
4.140937	0.07285459
4.144271	0.07345486
4.147604	0.07411833
4.150938	0.07484498
4.154271	0.07557163
4.157604	0.07629828
4.160937	0.07705652
4.164271	0.07778317
4.167604	0.07854142
4.170938	0.07929966
4.174271	0.08012109
4.177604	0.08100571
4.180937	0.08195351
4.184271	0.0829645
4.187604	0.08407028
4.190938	0.08527083
4.194271	0.08653457
4.197604	0.0878615
4.200937	0.08925161
4.204271	0.09067331
4.207604	0.09215821
4.210938	0.09370629
4.214271	0.09525437
4.217604	0.09686564
4.220938	0.0985085
4.224271	0.100183
4.227604	0.1019206
4.230937	0.1036898
4.234271	0.1054591
4.237604	0.1072283
4.240938	0.1090607
4.244271	0.1108932
4.247604	0.1127572
4.250937	0.1146212
4.254271	0.1165484
4.257604	0.1184756
4.260938	0.1204344
4.264271	0.1224248
4.267604	0.1244152
4.270937	0.1264055
4.274271	0.1283959
4.277604	0.1303863
4.280938	0.1323451
4.284271	0.1342723
4.287604	0.1361995
4.290937	0.1380636
4.294271	0.139896
4.297604	0.1417284
4.300938	0.1434976
4.304271	0.1452353
4.307604	0.1469097
4.310937	0.148521
4.314271	0.1500691
4.317604	0.1515224
4.320938	0.1528493
4.324271	0.1540815
4.327604	0.1552504
4.330937	0.156293
4.334271	0.157304
4.337604	0.1582518
4.340938	0.159168
4.344271	0.1600526
4.347604	0.1610004
4.350937	0.1619166
4.354271	0.1628644
4.357604	0.1638122
4.360938	0.1647916
4.364271	0.1657394
4.367604	0.1666873
4.370937	0.1676035
4.374271	0.1684881
4.377604	0.1693727
4.380938	0.1701941
4.384271	0.1710472
4.387604	0.1719002
4.390937	0.1728164
4.394271	0.173859
4.397604	0.1749963
4.400938	0.1763549
4.404271	0.1779345
4.407604	0.179767
4.410937	0.1819153
4.414271	0.1843164
4.417604	0.187065
4.420938	0.190098
4.424271	0.1934785
4.427604	0.197175
4.430937	0.2011873
4.434271	0.2055788
4.437604	0.210381
4.440938	0.215594
4.444271	0.2213124
4.447604	0.2275679
4.450937	0.2344553
4.454271	0.2420377
4.457604	0.2503784
4.460938	0.2595089
4.464271	0.2694925
4.467604	0.2802974
4.470938	0.2920186
4.474271	0.3046876
4.477604	0.3182728
4.480937	0.3328058
4.484271	0.3483814
4.487604	0.3650312
4.490938	0.3827867
4.494271	0.4017112
4.497604	0.4219311
4.500937	0.4434778
4.504271	0.4663831
4.507604	0.4907101
4.510938	0.5164904
4.514271	0.5437871
4.517604	0.5726004
4.520937	0.6029301
4.524271	0.6347764
4.527604	0.6682023
4.530938	0.7031447
4.534271	0.7396984
4.537604	0.7778317
4.540937	0.8176079
4.544271	0.8589954
4.547604	0.9020257
4.550938	0.9466989
4.554271	0.9929834
4.557604	1.040879
4.560937	1.090355
4.564271	1.141346
4.567604	1.193855
4.570938	1.247785
4.574271	1.303105
4.577604	1.359752
4.580937	1.417695
4.584271	1.476775
4.587604	1.536897
4.590938	1.597904
4.594271	1.659638
4.597604	1.721972
4.600937	1.784685
4.604271	1.847587
4.607604	1.91049
4.610938	1.973235
4.614271	2.035663
4.617604	2.097618
4.620937	2.158909
4.624271	2.219379
4.627604	2.278901
4.630938	2.337286
4.634271	2.394312
4.637604	2.449854
4.640937	2.503721
4.644271	2.55566
4.647604	2.605515
4.650938	2.653126
4.654271	2.698274
4.657604	2.740799
4.660937	2.780575
4.664271	2.817476
4.667604	2.851344
4.670938	2.882085
4.674271	2.909571
4.677604	2.933803
4.680937	2.954623
4.684271	2.972063
4.687604	2.986027
4.690938	2.996579
4.694271	3.003688
4.697604	3.007384
4.700937	3.007669
4.704271	3.004636
4.707604	2.998349
4.710938	2.988871
4.714271	2.976265
4.717604	2.960658
4.720938	2.942112
4.724271	2.920787
4.727604	2.896744
4.730937	2.870111
4.734271	2.841013
4.737604	2.809609
4.740938	2.776025
4.744271	2.740419
4.747604	2.702886
4.750937	2.663616
4.754271	2.622733
4.757604	2.580398
4.760938	2.536768
4.764271	2.492
4.767604	2.446189
4.770937	2.399557
4.774271	2.352198
4.777604	2.304271
4.780938	2.255933
4.784271	2.207342
4.787604	2.158593
4.790937	2.109813
4.794271	2.061128
4.797604	2.012695
4.800938	1.964515
4.804271	1.916777
4.807604	1.869482
4.810937	1.822755
4.814271	1.776692
4.817604	1.731292
4.820938	1.686713
4.824271	1.642988
4.827604	1.60021
4.830937	1.558444
4.834271	1.517783
4.837604	1.478323
4.840938	1.440031
4.844271	1.403035
4.847604	1.367303
4.850937	1.332866
4.854271	1.299756
4.857604	1.267941
4.860938	1.237422
4.864271	1.20823
4.867604	1.180301
4.870937	1.153668
4.874271	1.12833
4.877604	1.104287
4.880938	1.08154
4.884271	1.06012
4.887604	1.039963
4.890937	1.021102
4.894271	1.003504
4.897604	0.9871386
4.900938	0.9720053
4.904271	0.9581042
4.907604	0.945372
4.910937	0.9338404
4.914271	0.9234777
4.917604	0.9143156
4.920938	0.9062909
4.924271	0.8994983
4.927604	0.8939062
4.930937	0.8895463
4.934271	0.8864186
4.937604	0.8845861
4.940938	0.884049
4.944271	0.8848705
4.947604	0.8871136
4.950937	0.89081
4.954271	0.8960862
4.957604	0.9029419
4.960938	0.9115038
4.964271	0.921898
4.967604	0.9341879
4.970938	0.9485314
4.974271	0.9650547
4.977604	0.9839477
4.980937	1.005305
4.984271	1.029379
4.987604	1.05636
4.990938	1.0865
4.994271	1.120116
4.997604	1.157585
5.000937	1.199226
5.004271	1.24551
5.007604	1.296913
5.010938	1.353971
5.014271	1.417284
5.017604	1.487422
5.020937	1.565078
5.024271	1.651013
5.027604	1.746077
5.030938	1.851126
5.034271	1.967232
5.037604	2.095533
5.040937	2.237324
5.044271	2.393997
5.047604	2.567129
5.050938	2.758364
5.054271	2.969504
5.057604	3.202411
5.060937	3.45914
5.064271	3.741807
5.067604	4.052655
5.070938	4.394117
5.074271	4.768816
5.077604	5.179563
5.080937	5.629328
5.084271	6.121239
5.087604	6.658644
5.090938	7.244893
5.094271	7.883429
5.097604	8.577758
5.100937	9.331263
5.104271	10.14726
5.107604	11.0291
5.110938	11.97997
5.114271	13.00309
5.117604	14.10163
5.120937	15.27867
5.124271	16.53711
5.127604	17.87967
5.130938	19.30874
5.134271	20.8263
5.137604	22.43372
5.140937	24.13183
5.144271	25.92072
5.147604	27.79978
5.150938	29.76777
5.154271	31.82286
5.157604	33.96259
5.160937	36.18399
5.164271	38.48336
5.167604	40.85638
5.170938	43.29799
5.174271	45.80225
5.177604	48.36227
5.180937	50.97022
5.184271	53.61734
5.187604	56.29394
5.190938	58.98953
5.194271	61.69318
5.197604	64.39338
5.200937	67.07841
5.204271	69.73634
5.207604	72.35515
5.210938	74.92269
5.214271	77.42679
5.217604	79.85529
5.220938	82.19602
5.224271	84.43686
5.227604	86.56591
5.230937	88.57162
5.234271	90.44297
5.237604	92.16968
5.240938	93.74231
5.244271	95.15236
5.247604	96.3925
5.250937	97.45641
5.254271	98.33916
5.257604	99.0369
5.260938	99.54711
5.264271	99.86826
5.267604	100
5.270937	99.94304
5.274271	99.6992
5.277604	99.27123
5.280938	98.66303
5.284271	97.87941
5.287604	96.92624
5.290937	95.81032
5.294271	94.53944
5.297604	93.12229
5.300938	91.5683
5.304271	89.88768
5.307604	88.09096
5.310937	86.18913
5.314271	84.19311
5.317604	82.114
5.320938	79.96271
5.324271	77.75006
5.327604	75.4866
5.330937	73.18278
5.334271	70.84878
5.337604	68.49456
5.340938	66.12994
5.344271	63.76432
5.347604	61.40675
5.350937	59.06564
5.354271	56.7487
5.357604	54.46294
5.360938	52.21453
5.364271	50.00896
5.367604	47.85096
5.370937	45.74459
5.374271	43.69339
5.377604	41.70037
5.380938	39.76811
5.384271	37.89882
5.387604	36.09423
5.390937	34.35558
5.394271	32.68356
5.397604	31.07845
5.400938	29.53994
5.404271	28.06744
5.407604	26.65982
5.410937	25.3158
5.414271	24.03383
5.417604	22.81224
5.420938	21.64931
5.424271	20.54332
5.427604	19.49236
5.430937	18.49464
5.434271	17.54813
5.437604	16.65087
5.440938	15.80073
5.444271	14.99557
5.447604	14.23331
5.450937	13.51181
5.454271	12.82901
5.457604	12.18302
5.460938	11.57197
5.464271	10.99416
5.467604	10.4479
5.470938	9.931666
5.474271	9.443957
5.477604	8.983324
5.480937	8.548313
5.484271	8.137535
5.487604	7.749694
5.490938	7.383525
5.494271	7.037829
5.497604	6.7115
5.500937	6.403495
5.504271	6.112961
5.507604	5.838951
5.510938	5.580674
5.514271	5.33731
5.517604	5.108098
5.520937	4.892315
5.524271	4.6892
5.527604	4.498091
5.530938	4.318293
5.534271	4.149141
5.537604	3.990068
5.540937	3.840505
5.544271	3.699914
5.547604	3.567853
5.550938	3.443785
5.554271	3.3273
5.557604	3.217923
5.560937	3.115276
5.564271	3.018948
5.567604	2.928527
5.570938	2.84373
5.574271	2.764178
5.577604	2.689554
5.580937	2.619606
5.584271	2.554018
5.587604	2.492568
5.590938	2.434942
5.594271	2.380948
5.597604	2.330241
5.600937	2.282661
5.604271	2.237893
5.607604	2.195747
5.610938	2.156003
5.614271	2.118438
5.617604	2.082896
5.620937	2.049185
5.624271	2.017086
5.627604	1.986504
5.630938	1.957248
5.634271	1.929162
5.637604	1.902149
5.640937	1.876053
5.644271	1.850747
5.647604	1.826167
5.650938	1.802219
5.654271	1.778808
5.657604	1.755871
5.660937	1.733377
5.664271	1.711198
5.667604	1.689304
5.670938	1.667599
5.674271	1.646052
5.677604	1.624632
5.680937	1.603243
5.684271	1.581854
5.687604	1.560497
5.690938	1.539108
5.694271	1.51772
5.697604	1.496299
5.700937	1.474911
5.704271	1.45349
5.707604	1.43207
5.710938	1.410649
5.714271	1.389229
5.717604	1.36784
5.720938	1.346451
5.724271	1.325094
5.727604	1.303832
5.730937	1.282632
5.734271	1.261591
5.737604	1.240708
5.740938	1.220046
5.744271	1.199605
5.747604	1.179416
5.750937	1.159449
5.754271	1.139767
5.757604	1.120337
5.760938	1.101191
5.764271	1.082298
5.767604	1.06369
5.770937	1.045429
5.774271	1.027452
5.777604	1.009917
5.780938	0.9927622
5.784271	0.9760809
5.787604	0.9598418
5.790937	0.9441083
5.794271	0.9288486
5.797604	0.9140629
5.800938	0.8997194
5.804271	0.8858183
5.807604	0.8722963
5.810937	0.8591534
5.814271	0.8463264
5.817604	0.833847
5.820938	0.8216519
5.824271	0.8097412
5.827604	0.7981148
5.830937	0.7867727
5.834271	0.775715
5.837604	0.76491
5.840938	0.7543578
5.844271	0.7440583
5.847604	0.7340116
5.850937	0.724186
5.854271	0.7146132
5.857604	0.7052931
5.860938	0.6961941
5.864271	0.6873479
5.867604	0.6787545
5.870937	0.6703822
5.874271	0.6622627
5.877604	0.6543011
5.880938	0.6465607
5.884271	0.6389467
5.887604	0.6314906
5.890937	0.6241294
5.894271	0.6168313
5.897604	0.6096279
5.900938	0.6024562
5.904271	0.5953793
5.907604	0.5883971
5.910937	0.5815097
5.914271	0.5746855
5.917604	0.5680194
5.920938	0.5614479
5.924271	0.5550344
5.927604	0.5487473
5.930937	0.5426182
5.934271	0.5365838
5.937604	0.530739
5.940938	0.5250206
5.944271	0.5194286
5.947604	0.5139945
5.950937	0.5086552
5.954271	0.5034423
5.957604	0.4982925
5.960938	0.493206
5.964271	0.4882142
5.967604	0.483254
5.970938	0.478357
5.974271	0.4735548
5.977604	0.4688158
5.980937	0.4642032
5.984271	0.4596853
5.987604	0.4552938
5.990938	0.4509971
5.994271	0.4468267
5.997604	0.4427196
6.000937	0.4387072
6.004271	0.4347264
6.007604	0.4307772
6.010938	0.4268912
6.014271	0.4230052
6.017604	0.419214
6.020937	0.415486
6.024271	0.4118211
6.027604	0.4082827
6.030938	0.404839
6.034271	0.4015217
6.037604	0.3983307
6.040937	0.3952662
6.044271	0.3922964
6.047604	0.3894214
6.050938	0.3866411
6.054271	0.3839241
6.057604	0.3812387
6.060937	0.3786164
6.064271	0.3759941
6.067604	0.3734034
6.070938	0.3708444
6.074271	0.3682537
6.077604	0.3656314
6.080937	0.3630408
6.084271	0.3604185
6.087604	0.3577647
6.090938	0.3551424
6.094271	0.3525201
6.097604	0.3499295
6.100937	0.3474336
6.104271	0.3450325
6.107604	0.3427578
6.110938	0.3405778
6.114271	0.3385242
6.117604	0.3366286
6.120937	0.3348278
6.124271	0.3331217
6.127604	0.3314789
6.130938	0.3298044
6.134271	0.32813
6.137604	0.3264555
6.140937	0.3247495
6.144271	0.3229802
6.147604	0.321211
6.150938	0.3194418
6.154271	0.3176725
6.157604	0.3159665
6.160937	0.3143236
6.164271	0.3128071
6.167604	0.3113854
6.170938	0.3100585
6.174271	0.3087948
6.177604	0.3076258
6.180937	0.30652
6.184271	0.3054459
6.187604	0.3043717
6.190938	0.3032975
6.194271	0.3021917
6.197604	0.3010544
6.200937	0.2998854
6.204271	0.298748
6.207604	0.2976107
6.210938	0.2965049
6.214271	0.2954307
6.217604	0.2943881
6.220938	0.2933771
6.224271	0.2924293
6.227604	0.2915131
6.230937	0.2906601
6.234271	0.2898071
6.237604	0.2889857
6.240938	0.2881958
6.244271	0.2874376
6.247604	0.2867109
6.250937	0.2860159
6.254271	0.2853524
6.257604	0.2846889
6.260938	0.2840571
6.264271	0.2833936
6.267604	0.2826985
6.270937	0.2820035
6.274271	0.2812452
6.277604	0.280487
6.280938	0.2796656
6.284271	0.2788441
6.287604	0.2780227
6.290937	0.2772329
6.294271	0.2765378
6.297604	0.2759059
6.300938	0.2753373
6.304271	0.2748318
6.307604	0.2743579
6.310937	0.273884
6.314271	0.2734417
6.317604	0.2729362
6.320938	0.2723675
6.324271	0.271704
6.327604	0.2709774
6.330937	0.2701875
6.334271	0.2693029
6.337604	0.2683867
6.340938	0.2674389
6.344271	0.2664595
6.347604	0.2654169
6.350937	0.2643743
6.354271	0.2633001
6.357604	0.262226
6.360938	0.2611202
6.364271	0.260046
6.367604	0.2589402
6.370937	0.2578345
6.374271	0.2567287
6.377604	0.2556545
6.380938	0.2546119
6.384271	0.2536009
6.387604	0.2526215
6.390937	0.2516106
6.394271	0.2506312
6.397604	0.2496518
6.400938	0.2486724
6.404271	0.247693
6.407604	0.2467136
6.410937	0.2457026
6.414271	0.2446916
6.417604	0.243649
6.420938	0.2426064
6.424271	0.2415638
6.427604	0.2404896
6.430937	0.2393839
6.434271	0.2382465
6.437604	0.2370776
6.440938	0.235877
6.444271	0.2346764
6.447604	0.2334443
6.450937	0.2322122
6.454271	0.2309484
6.457604	0.2296847
6.460938	0.2284209
6.464271	0.2271572
6.467604	0.2258935
6.470938	0.2245981
6.474271	0.2233028
6.477604	0.2219443
6.480937	0.2205858
6.484271	0.2191956
6.487604	0.2178055
6.490938	0.2164154
6.494271	0.2150569
6.497604	0.2137615
6.500937	0.2124978
6.504271	0.2113288
6.507604	0.2102231
6.510938	0.2091805
6.514271	0.2081695
6.517604	0.2071269
6.520937	0.2060527
6.524271	0.204947
6.527604	0.2037464
6.530938	0.2025143
6.534271	0.2012189
6.537604	0.199892
6.540937	0.1985651
6.544271	0.1972381
6.547604	0.1959744
6.550938	0.1947739
6.554271	0.1936365
6.557604	0.1925307
6.560937	0.1914565
6.564271	0.190414
6.567604	0.1893082
6.570938	0.1882024
6.574271	0.1870335
6.577604	0.1858329
6.580937	0.1846008
6.584271	0.1833686
6.587604	0.1821365
6.590938	0.1809359
6.594271	0.1797986
6.597604	0.1786928
6.600937	0.1776502
6.604271	0.1766708
6.607604	0.175723
6.610938	0.1748068
6.614271	0.1738906
6.617604	0.173006
6.620937	0.1720897
6.624271	0.1712051
6.627604	0.1703521
6.630938	0.1694991
6.634271	0.168646
6.637604	0.1678246
6.640937	0.1670348
6.644271	0.1662449
6.647604	0.1654867
6.650938	0.1647601
6.654271	0.1640966
6.657604	0.1634331
6.660937	0.1627697
6.664271	0.1621378
6.667604	0.1615059
6.670938	0.1608741
6.674271	0.1602422
6.677604	0.1596103
6.680937	0.1589784
6.684271	0.1583466
6.687604	0.1577147
6.690938	0.1571144
6.694271	0.1565142
6.697604	0.1559771
6.700937	0.1554716
6.704271	0.1549661
6.707604	0.154429
6.710938	0.1538603
6.714271	0.15326
6.717604	0.1526597
6.720938	0.1519963
6.724271	0.1513328
6.727604	0.1506378
6.730937	0.1499427
6.734271	0.1492792
6.737604	0.148679
6.740938	0.1481419
6.744271	0.147668
6.747604	0.1471941
6.750937	0.1468149
6.754271	0.1464358
6.757604	0.1460567
6.760938	0.1457092
6.764271	0.1453616
6.767604	0.1450141
6.770937	0.144635
6.774271	0.1442243
6.777604	0.143782
6.780938	0.1433713
6.784271	0.1428974
6.787604	0.142455
6.790937	0.1419811
6.794271	0.1415072
6.797604	0.1410333
6.800938	0.1405594
6.804271	0.1401171
6.807604	0.1396748
6.810937	0.1392641
6.814271	0.138885
6.817604	0.1385375
6.820938	0.1382215
6.824271	0.1379372
6.827604	0.1376528
6.830937	0.1374001
6.834271	0.1371473
6.837604	0.136863
6.840938	0.1365787
6.844271	0.1362627
6.847604	0.1359152
6.850937	0.1355361
6.854271	0.1351254
6.857604	0.1347146
6.860938	0.1342723
6.864271	0.13383
6.867604	0.1333877
6.870937	0.1329454
6.874271	0.1324715
6.877604	0.1320292
6.880938	0.1315553
6.884271	0.131113
6.887604	0.1306391
6.890937	0.1301968
6.894271	0.1297229
6.897604	0.1292174
6.900938	0.1287435
6.904271	0.128238
6.907604	0.1277009
6.910937	0.1271638
6.914271	0.1266267
6.917604	0.126058
6.920938	0.1254893
6.924271	0.1248891
6.927604	0.1243204
6.930937	0.1237517
6.934271	0.123183
6.937604	0.1226143
6.940938	0.1220772
6.944271	0.1215717
6.947604	0.1210662
6.950937	0.1205608
6.954271	0.1200553
6.957604	0.1195498
6.960938	0.1190443
6.964271	0.1185072
6.967604	0.1180017
6.970938	0.1174646
6.974271	0.1169591
6.977604	0.1165168
6.980937	0.1160745
6.984271	0.1156954
6.987604	0.1153794
6.990938	0.1150635
6.994271	0.1147791
6.997604	0.1144948
7.000937	0.1141789
7.004271	0.1138629
7.007604	0.1134838
7.010938	0.1130415
7.014271	0.1125676
7.017604	0.1120305
7.020937	0.1114618
7.024271	0.1108616
7.027604	0.1102297
7.030938	0.1095662
7.034271	0.1088712
7.037604	0.1081129
7.040937	0.1073231
7.044271	0.1065332
7.047604	0.1056802
7.050938	0.1048272
7.054271	0.1039742
7.057604	0.1030896
7.060937	0.1022049
7.064271	0.1012887
7.067604	0.1003409
7.070938	0.09936153
7.074271	0.09831894
7.077604	0.09724476
7.080937	0.09610739
7.084271	0.09493843
7.087604	0.09373788
7.090938	0.09253733
7.094271	0.09130518
7.097604	0.09010463
7.100937	0.08890408
7.104271	0.08770353
7.107604	0.08653457
7.110938	0.08536561
7.114271	0.08425984
7.117604	0.08324885
7.120937	0.08242742
7.124271	0.08182714
7.127604	0.0815428
7.130938	0.08170077
7.134271	0.08236423
7.137604	0.08362797
7.140937	0.08561836
7.144271	0.08843018
7.147604	0.09212661
7.150938	0.09680245
7.154271	0.1025209
7.157604	0.1093767
7.160937	0.1174646
7.164271	0.1268163
7.167604	0.1374949
7.170938	0.1495952
7.174271	0.1631488
7.177604	0.1781873
7.180937	0.1948054
7.184271	0.2130665
7.187604	0.2329704
7.190938	0.2546119
7.194271	0.2779595
7.197604	0.3030448
7.200937	0.3298044
7.204271	0.3581438
7.207604	0.3879365
7.210938	0.4190245
7.214271	0.4511866
7.217604	0.484107
7.220938	0.5175014
7.224271	0.5510852
7.227604	0.5844795
7.230937	0.6173684
7.234271	0.6494357
7.237604	0.6803974
7.240938	0.7099689
7.244271	0.7379608
7.247604	0.7641833
7.250937	0.7884787
7.254271	0.8107837
7.257604	0.8310036
7.260938	0.8490435
7.264271	0.8649034
7.267604	0.8785518
7.270937	0.8898938
7.274271	0.898898
7.277604	0.905501
7.280938	0.909703
7.284271	0.9114406
7.287604	0.9107139
7.290937	0.907523
7.294271	0.9018994
7.297604	0.8939062
7.300938	0.8836067
7.304271	0.8711589
7.307604	0.8566575
7.310937	0.8402605
7.314271	0.8221574
7.317604	0.8025378
7.320938	0.7815914
7.324271	0.7595707
7.327604	0.7366338
7.330937	0.7130335
7.334271	0.6889592
7.337604	0.664569
7.340938	0.6400525
7.344271	0.6155359
7.347604	0.5911458
7.350937	0.56704
7.354271	0.5432501
7.357604	0.5199025
7.360938	0.4970288
7.364271	0.4747238
7.367604	0.4530507
7.370937	0.432041
7.374271	0.4117896
7.377604	0.3922964
7.380938	0.373593
7.384271	0.3557743
7.387604	0.3388086
7.390937	0.3226643
7.394271	0.3074047
7.397604	0.292998
7.400938	0.2793812
7.404271	0.2665859
7.407604	0.2545172
7.410937	0.2432067
7.414271	0.2325597
7.417604	0.2225445
7.420938	0.2131929
7.424271	0.2044415
7.427604	0.1962903
7.430937	0.1887079
7.434271	0.1816626
7.437604	0.1752175
7.440938	0.1692779
7.444271	0.1638438
7.447604	0.1589468
7.450937	0.1544606
7.454271	0.1504166
7.457604	0.1467202
7.460938	0.1433713
7.464271	0.1402751
7.467604	0.1374317
7.470938	0.1347778
7.474271	0.1323135
7.477604	0.1300388
7.480937	0.1278904
7.484271	0.1259001
7.487604	0.124036
7.490938	0.1222984
7.494271	0.1206871
7.497604	0.1192022
7.500937	0.1178121
7.504271	0.1164852
7.507604	0.1152531
7.510938	0.1140841
7.514271	0.1130099
7.517604	0.1119673
7.520937	0.1109563
7.524271	0.1100085
7.527604	0.1090607
7.530938	0.1081445
7.534271	0.1072283
7.537604	0.1063437
7.540937	0.1054275
7.544271	0.1045113
7.547604	0.1035951
7.550938	0.1026472
7.554271	0.101731
7.557604	0.100878
7.560937	0.100025
7.564271	0.09923515
7.567604	0.0985401
7.570938	0.09784504
7.574271	0.09724476
7.577604	0.09664449
7.580937	0.0960758
7.584271	0.09550712
7.587604	0.09487525
7.590938	0.09424338
7.594271	0.09357991
7.597604	0.09285326
7.600937	0.09209502
7.604271	0.09133678
7.607604	0.09057853
7.610938	0.08982029
7.614271	0.08906205
7.617604	0.0883038
7.620937	0.08757715
7.624271	0.0868505
7.627604	0.08612385
7.630938	0.0854288
7.634271	0.08473374
7.637604	0.08403868
7.640937	0.08340681
7.644271	0.08283813
7.647604	0.08230104
7.650938	0.08182714
7.654271	0.08141642
7.657604	0.0810373
7.660937	0.08075296
7.664271	0.08050021
7.667604	0.08024746
7.670938	0.08002631
7.674271	0.07983675
7.677604	0.079584
7.680937	0.07933125
7.684271	0.07901532
7.687604	0.07866779
7.690938	0.07828867
7.694271	0.07784636
7.697604	0.07740405
7.700937	0.07693015
7.704271	0.07648784
7.707604	0.07607712
7.710938	0.075698
7.714271	0.07541366
7.717604	0.07516091
7.720938	0.07497135
7.724271	0.07481338
7.727604	0.07468701
7.730937	0.07456064
7.734271	0.07443426
7.737604	0.0742447
7.740938	0.07402355
7.744271	0.0737708
7.747604	0.07348646
7.750937	0.07317052
7.754271	0.07282299
7.757604	0.07244387
7.760938	0.07209634
7.764271	0.07171722
7.767604	0.07136969
7.770937	0.07105376
7.774271	0.07070623
7.777604	0.07032711
7.780938	0.06991639
7.784271	0.06950568
7.787604	0.06906337
7.790937	0.06862106
7.794271	0.06814716
7.797604	0.06767326
7.800938	0.06716776
7.804271	0.06672545
7.807604	0.06631474
7.810937	0.06593561
7.814271	0.06561968
7.817604	0.06533534
7.820938	0.065051
7.824271	0.06482984
7.827604	0.06460869
7.830937	0.06441913
7.834271	0.06426116
7.837604	0.06410319
7.840938	0.06394522
7.844271	0.06378726
7.847604	0.0635977
7.850937	0.06340813
7.854271	0.06325017
7.857604	0.0630922
7.860938	0.06293423
7.864271	0.06280786
7.867604	0.06268148
7.870937	0.06255511
7.874271	0.06242874
7.877604	0.06227077
7.880938	0.06208121
7.884271	0.06186005
7.887604	0.06160731
7.890937	0.06132296
7.894271	0.06107022
7.897604	0.06088066
7.900938	0.06072269
7.904271	0.0606595
7.907604	0.0606595
7.910937	0.06075428
7.914271	0.06088066
7.917604	0.06103862
7.920938	0.06122818
7.924271	0.06141774
7.927604	0.06157571
7.930937	0.06173368
7.934271	0.06182846
7.937604	0.06192324
7.940938	0.06198643
7.944271	0.06201802
7.947604	0.06204961
7.950937	0.06204961
7.954271	0.06198643
7.957604	0.06189165
7.960938	0.06179687
7.964271	0.0616389
7.967604	0.06148093
7.970938	0.06132296
7.974271	0.0611334
7.977604	0.06091225
7.980937	0.06072269
7.984271	0.06053313
7.987604	0.06034357
7.990938	0.060154
7.994271	0.05996444
7.997604	0.05974329
8.000937	0.05955373
8.004271	0.05933257
8.007605	0.05911142
8.010938	0.05889027
8.014271	0.05863752
8.017604	0.05838477
8.020938	0.05813202
8.024271	0.05784768
8.027604	0.05759493
8.030937	0.05731059
8.034271	0.05708944
8.037604	0.05683669
8.040937	0.05664713
8.044271	0.05642597
8.047605	0.05623641
8.050938	0.05604685
8.054271	0.0558257
8.057604	0.05560454
8.060938	0.0553202
8.064271	0.05503586
8.067604	0.05471992
8.070937	0.0543724
8.074271	0.05402487
8.077604	0.05364575
8.080937	0.05323503
8.08427	0.05285591
8.087605	0.05250838
8.090938	0.05212926
8.094271	0.05181332
8.097604	0.05152898
8.100938	0.05127623
8.104271	0.05108667
8.107604	0.0509603
8.110937	0.05089711
8.114271	0.05086552
8.117604	0.05086552
8.120937	0.05089711
8.12427	0.05089711
8.127604	0.05086552
8.130938	0.05080233
8.134271	0.05067596
8.137604	0.0504864
8.140938	0.05023365
8.144271	0.04991771
8.147604	0.04957019
8.150937	0.04919106
8.154271	0.04881194
8.157604	0.04846441
8.160937	0.04814848
8.16427	0.04783254
8.167604	0.0475482
8.170938	0.04726386
8.174271	0.04701111
8.177604	0.04672677
8.180938	0.04647402
8.184271	0.04618968
8.187604	0.04590534
8.190937	0.045621
8.194271	0.04533666
8.197604	0.04505232
8.200937	0.04476798
8.20427	0.04445204
8.207604	0.04413611
8.210938	0.04382017
8.214271	0.04347264
8.217605	0.04312511
8.220938	0.04274599
8.224271	0.04236687
8.227604	0.04195615
8.230938	0.04154544
8.234271	0.04113472
8.237604	0.04072401
8.240937	0.04034489
8.244271	0.03996577
8.247604	0.03964983
8.250937	0.03939708
8.254271	0.03917593
8.257605	0.03904955
8.260938	0.03895477
8.264271	0.03892318
8.267604	0.03895477
8.270938	0.03898637
8.274271	0.03901796
8.277604	0.03901796
8.280937	0.03898637
8.284271	0.03889159
8.287604	0.03873362
8.290937	0.03854406
8.294271	0.0383545
8.297605	0.03816494
8.300938	0.03800697
8.304271	0.0378806
8.307604	0.037849
8.310938	0.037849
8.314271	0.03794378
8.317604	0.03810175
8.320937	0.03825972
8.324271	0.03841769
8.327604	0.03854406
8.330937	0.03863884
8.33427	0.03867043
8.337605	0.03867043
8.340938	0.03857565
8.344271	0.03841769
8.347604	0.03819653
8.350938	0.03791219
8.354271	0.03759625
8.357604	0.03724873
8.360937	0.0369012
8.364271	0.03661686
8.367604	0.03636411
8.370937	0.03617455
8.37427	0.03604817
8.377604	0.03601658
8.380938	0.03601658
8.384271	0.03604817
8.387604	0.03607977
8.390938	0.03607977
8.394271	0.03604817
8.397604	0.0359218
8.400937	0.03576383
8.404271	0.03551108
8.407604	0.03522674
8.410937	0.0349424
8.41427	0.03465806
8.417604	0.03437372
8.420938	0.03415256
8.424271	0.03399459
8.427604	0.03389981
8.430938	0.03383663
8.434271	0.03380503
8.437604	0.03383663
8.440937	0.03386822
8.444271	0.03389981
8.447604	0.03393141
8.450937	0.033963
8.45427	0.033963
8.457604	0.03393141
8.460938	0.03389981
8.464271	0.03383663
8.467605	0.03377344
8.470938	0.03371025
8.474271	0.03364707
8.477604	0.03358388
8.480938	0.03352069
8.484271	0.03342591
8.487604	0.03333113
8.490937	0.03320476
8.494271	0.03307838
8.497604	0.03292042
8.500937	0.03279404
8.504271	0.03269926
8.507605	0.03257289
8.510938	0.03247811
8.514271	0.03241492
8.517604	0.03232014
8.520938	0.03222536
8.524271	0.03209899
8.527604	0.03200421
8.530937	0.03184624
8.534271	0.03171986
8.537604	0.0315619
8.540937	0.03143552
8.544271	0.03130915
8.547605	0.03124596
8.550938	0.03118277
8.554271	0.03115118
8.557604	0.03108799
8.560938	0.03099321
8.564271	0.03089843
8.567604	0.03074047
8.570937	0.0305825
8.574271	0.03042453
8.577604	0.03026656
8.580937	0.0301086
8.58427	0.02998222
8.587605	0.02988744
8.590938	0.02982425
8.594271	0.02979266
8.597604	0.02976107
8.600938	0.02969788
8.604271	0.02966629
8.607604	0.02957151
8.610937	0.02944513
8.614271	0.02931876
8.617604	0.02916079
8.620937	0.02897123
8.62427	0.02878167
8.627604	0.02856051
8.630938	0.02840255
8.634271	0.02827617
8.637604	0.02818139
8.640938	0.0281498
8.644271	0.02818139
8.647604	0.02827617
8.650937	0.02840255
8.654271	0.02859211
8.657604	0.02878167
8.660937	0.02897123
8.66427	0.0291292
8.667604	0.02928717
8.670938	0.02938195
8.674271	0.02947673
8.677604	0.02950832
8.680938	0.02953991
8.684271	0.02953991
8.687604	0.02953991
8.690937	0.02950832
8.694271	0.02947673
8.697604	0.02941354
8.700937	0.02931876
8.70427	0.02919238
8.707604	0.02903442
8.710938	0.02884486
8.714271	0.0286237
8.717605	0.02840255
8.720938	0.02821299
8.724271	0.02799183
8.727604	0.02783386
8.730938	0.0276759
8.734271	0.02754952
8.737604	0.02745474
8.740937	0.02735996
8.744271	0.02723359
8.747604	0.02710721
8.750937	0.02701243
8.754271	0.02688606
8.757605	0.02679128
8.760938	0.02672809
8.764271	0.02672809
8.767604	0.02675969
8.770938	0.02682287
8.774271	0.02691765
8.777604	0.02707562
8.780937	0.02720199
8.784271	0.02732837
8.787604	0.02742315
8.790937	0.02745474
8.794271	0.02742315
8.797605	0.02735996
8.800938	0.02723359
8.804271	0.02707562
8.807604	0.02691765
8.810938	0.02672809
8.814271	0.02653853
8.817604	0.02638056
8.820937	0.0262226
8.824271	0.02609622
8.827604	0.02593826
8.830937	0.0257171
8.83427	0.02549595
8.837605	0.02518001
8.840938	0.02486408
8.844271	0.02448496
8.847604	0.02407424
8.850938	0.02372671
8.854271	0.02341078
8.857604	0.02315803
8.860937	0.02303166
8.864271	0.02300006
8.867604	0.02306325
8.870937	0.02322122
8.87427	0.02344237
8.877604	0.02363193
8.880938	0.02382149
8.884271	0.02394787
8.887604	0.02401105
8.890938	0.02397946
8.894271	0.02385309
8.897604	0.02366352
8.900937	0.02344237
8.904271	0.02322122
8.907604	0.02296847
8.910937	0.02271572
8.91427	0.02249457
8.917604	0.02227341
8.920938	0.02208385
8.924271	0.02195748
8.927604	0.0218311
8.930938	0.02173632
8.934271	0.02167314
8.937604	0.02164154
8.940937	0.02160995
8.944271	0.02164154
8.947604	0.02167314
8.950937	0.02167314
8.95427	0.02164154
8.957604	0.02157836
8.960938	0.02148358
8.964271	0.02132561
8.967605	0.02110445
8.970938	0.0208833
8.974271	0.02063055
8.977604	0.0203778
8.980938	0.02015665
8.984271	0.01993549
8.987604	0.01977753
8.990937	0.01965115
8.994271	0.01952478
8.997604	0.01946159
9.000937	0.01939841
9.004271	0.01939841
9.007605	0.01943
9.010938	0.01949319
9.014271	0.01961956
9.017604	0.01977753
9.020938	0.01996709
9.024271	0.02018824
9.027604	0.02044099
9.030937	0.02063055
9.034271	0.02082011
9.037604	0.02094649
9.040937	0.02097808
9.044271	0.02097808
9.047605	0.02091489
9.050938	0.02078852
9.054271	0.02059896
9.057604	0.02034621
9.060938	0.02009346
9.064271	0.01980912
9.067604	0.01949319
9.070937	0.01920884
9.074271	0.01886132
9.077604	0.01854538
9.080937	0.01822945
9.08427	0.01791351
9.087605	0.01759758
9.090938	0.01731324
9.094271	0.01709208
9.097604	0.01690252
9.100938	0.01677615
9.104271	0.01671296
9.107604	0.01668137
9.110937	0.01671296
9.114271	0.01677615
9.117604	0.01687093
9.120937	0.01693411
9.12427	0.0169973
9.127604	0.0169973
9.130938	0.01696571
9.134271	0.01690252
9.137604	0.01674455
9.140938	0.01655499
9.144271	0.01636543
9.147604	0.01614428
9.150937	0.01589153
9.154271	0.01567037
9.157604	0.01548081
9.160937	0.01529125
9.16427	0.01516488
9.167604	0.0150701
9.170938	0.01500691
9.174271	0.01500691
9.177604	0.01500691
9.180938	0.0150385
9.184271	0.0150701
9.187604	0.01513328
9.190937	0.01525966
9.194271	0.01541763
9.197604	0.01560719
9.200937	0.01582834
9.20427	0.01608109
9.207604	0.01636543
9.210938	0.01668137
9.214271	0.01696571
9.217605	0.01721845
9.220938	0.01734483
9.224271	0.01737642
9.227604	0.01728164
9.230938	0.01702889
9.234271	0.01668137
9.237604	0.01623906
9.240937	0.01576515
9.244271	0.01525966
9.247604	0.01475416
9.250937	0.01431185
9.254271	0.01393273
9.257605	0.01361679
9.260938	0.01342723
9.264271	0.01326926
9.267604	0.01317448
9.270938	0.01314289
9.274271	0.01314289
9.277604	0.01314289
9.280937	0.01317448
9.284271	0.01320608
9.287604	0.01320608
9.290937	0.01320608
9.294271	0.01317448
9.297605	0.0131113
9.300938	0.01301652
9.304271	0.01289014
9.307604	0.01270058
9.310938	0.01251102
9.314271	0.01228987
9.317604	0.01206871
9.320937	0.01184756
9.324271	0.011658
9.327604	0.01146844
9.330937	0.01134206
9.33427	0.01124728
9.337605	0.01118409
9.340938	0.01112091
9.344271	0.01112091
9.347604	0.01108931
9.350938	0.01108931
9.354271	0.01105772
9.357604	0.01099453
9.360937	0.01093135
9.364271	0.01086816
9.367604	0.01077338
9.370937	0.01064701
9.37427	0.01052063
9.377604	0.01036266
9.380938	0.0102047
9.384271	0.01004673
9.387604	0.009825575
9.390938	0.00960442
9.394271	0.009351672
9.397604	0.009098925
9.400937	0.008846177
9.404271	0.008625022
9.407604	0.008435461
9.410937	0.008277494
9.41427	0.008182713
9.417604	0.00815112
9.420938	0.008182713
9.424271	0.008277494
9.427604	0.008403868
9.430938	0.008530242
9.434271	0.008656616
9.437604	0.00878299
9.440937	0.00887777
9.444271	0.008940957
9.447604	0.008940957
9.450937	0.00887777
9.45427	0.008719803
9.457604	0.008530242
9.460938	0.008277494
9.464271	0.008024746
9.467605	0.007771998
9.470938	0.00751925
9.474271	0.007329689
9.477604	0.007203315
9.480938	0.007108535
9.484271	0.007108535
9.487604	0.007171722
9.490937	0.007266502
9.494271	0.007392876
9.497604	0.00751925
9.500937	0.007677218
9.504271	0.007803592
9.507605	0.007898372
9.510938	0.007993152
9.514271	0.008056339
9.517604	0.008087933
9.520938	0.008087933
9.524271	0.008056339
9.527604	0.007961559
9.530937	0.007866778
9.534271	0.007708811
9.537604	0.00751925
9.540937	0.007329689
9.544271	0.007140128
9.547605	0.006950567
9.550938	0.006824193
9.554271	0.006761006
9.557604	0.006729413
9.560938	0.006761006
9.564271	0.006855787
9.567604	0.006982161
9.570937	0.007140128
9.574271	0.007329689
9.577604	0.00751925
9.580937	0.007677218
9.58427	0.007803592
9.587605	0.007866778
9.590938	0.007898372
9.594271	0.007803592
9.597604	0.007677218
9.600938	0.007456063
9.604271	0.007203315
9.607604	0.006918974
9.610937	0.006634632
9.614271	0.006381885
9.617604	0.00616073
9.620937	0.006002763
9.62427	0.005939576
9.627604	0.005939576
9.630938	0.006002763
9.634271	0.006097543
9.637604	0.006223917
9.640938	0.006350291
9.644271	0.006476665
9.647604	0.006571445
9.650937	0.006603039
9.654271	0.006603039
9.657604	0.006539852
9.660937	0.006445072
9.66427	0.006287104
9.667604	0.006129137
9.670938	0.005939576
9.674271	0.005750015
9.677604	0.005592047
9.680938	0.00543408
9.684271	0.005339299
9.687604	0.005276112
9.690937	0.005244519
9.694271	0.005244519
9.697604	0.005276112
9.700937	0.005339299
9.70427	0.005402486
9.707604	0.005465673
9.710938	0.00552886
9.714271	0.005560454
9.717605	0.005560454
9.720938	0.00552886
9.724271	0.00543408
9.727604	0.005307706
9.730938	0.005118145
9.734271	0.004928584
9.737604	0.004739023
9.740937	0.004517869
9.744271	0.004328308
9.747604	0.00417034
9.750937	0.004012373
9.754271	0.003917592
9.757605	0.003885999
9.760938	0.003885999
9.764271	0.003980779
9.767604	0.004138747
9.770938	0.004359901
9.774271	0.004581056
9.777604	0.004833804
9.780937	0.005054958
9.784271	0.005244519
9.787604	0.005402486
9.790937	0.005497267
9.794271	0.00552886
9.797605	0.00552886
9.800938	0.005465673
9.804271	0.005370893
9.807604	0.005276112
9.810938	0.005212925
9.814271	0.005149739
9.817604	0.005149739
9.820937	0.005118145
9.824271	0.005149739
9.827604	0.005149739
9.830937	0.005149739
9.83427	0.005149739
9.837605	0.005086552
9.840938	0.004991771
9.844271	0.004833804
9.847604	0.004644243
9.850938	0.004454682
9.854271	0.004233527
9.857604	0.004012373
9.860937	0.003791219
9.864271	0.003570064
9.867604	0.00334891
9.870937	0.003159349
9.87427	0.003001381
9.877604	0.00281182
9.880938	0.002590666
9.884271	0.002401105
9.887604	0.002179951
9.890938	0.001958796
9.894271	0.001769235
9.897604	0.001642861
9.900937	0.001516487
9.904271	0.0014533
9.907604	0.0014533
9.910937	0.001484894
9.91427	0.001548081
9.917604	0.001611268
9.920938	0.001674455
9.924271	0.001706048
9.927604	0.001737642
9.930938	0.001706048
9.934271	0.001674455
9.937604	0.001611268
9.940937	0.001548081
9.944271	0.001484894
9.947604	0.001421707
9.950937	0.001390113
9.95427	0.00135852
9.957604	0.001326926
9.960938	0.001295333
9.964271	0.00126374
9.967605	0.001168959
9.970938	0.001042585
9.974271	0.0008846177
9.977604	0.0006950567
9.980938	0.0005054958
9.984271	0.0003159349
9.987604	0.0001579674
9.990937	6.318698e-05
9.994271	0
9.997604	3.159349e-05
}
[PEAK]
{
Peak ID	1
Peak Ref	1
Time	3.318006
Peak	2.964271	4.094271
Intensity	-5.036593e-05	0.0001612306
Height	0.0003755512
AreaAbs	109.5377
Area %BP	0.004605087
Area %Total	0.004417
Width	1.13
}
[PEAK]
{
Peak ID	2
Peak Ref	2
Time	4.699592
Peak	4.094271	4.940938
Intensity	-5.036593e-05	0.0001612306
Height	0.005524553
AreaAbs	1491.604
Area %BP	0.06270866
Area %Total	0.06014743
Width	0.8466668
}
[PEAK]
{
Peak ID	3
Peak Ref	3
Time	5.268275
Peak	4.940938	6.220938
Intensity	-5.036593e-05	0.0001612306
Height	0.1884865
AreaAbs	39643.74
Area %BP	1.666667
Area %Total	1.598594
Width	1.28
}
[PEAK]
{
Peak ID	4
Peak Ref	4
Time	6.220938
Peak	6.220938	6.797604
Intensity	-5.036593e-05	0.0001612306
Height	0.0003192451
AreaAbs	86.98916
Area %BP	0.00365712
Area %Total	0.003507751
Width	0.5766664
}
}
}
}
