[SAMPLE]
{
Sample	1
Well	6
FileName	
SampleID	ASD-E-2602034-004
SampleDescription	Aquired with Galaxy
Date	12-Feb-2026
Time	22:38:45 PRC
JobCode	
TaskCode	
UserName	Congcong_Liu2
LabName	Aquired with Galaxy
Instrument	BAD_L_17_186
Conditions	
Submitter	Siyu_Zhang
SampleType	
Plate	
Method	
Process	Galaxy
MSTune	
MSMethod	
InletMethod	
PreRunMethod	
PostRunMethod	
SwitchMethod	
FractionMethod	
AcquisitionProcess	
AcquisitionProcessParameters	
AcquisitionProcessOptions	
InjectionVolume	25
ReportScheme	
SampleReportEnable	0
SampleReportFormat	
AnalysisTime	0
[COMPOUND]
{
;Mono Mass	Formula
}
[FUNCTION]
{
Function	1
IonMode	ES+
Type	MS
Description	(0:0)
[SPECTRUM]
{
ProcDesc	0.00:Combine
State	OK
Peak ID	0
Peak Ref	0
Time	0
TIC	0
BPI	0
BPM	0
Continuum	FALSE
Saved	FALSE
[MASSES]
{
;Mass	Exp. Mass	Obs. Mass	% BPI	Int. Abs
}
[RESULTS]
{
;Mass	Found	% BPI	% Purity
}
[MS]
{
;Mass	% BPI
0	0
}
}
[CHROMATOGRAM]
{
TraceNumber	1
Description	scroll down chrom view to see 2D LC chrom
ProcDesc	
MaxIntensity	0
[TRACE]
{
0	0
}
[PEAK]
{
Peak ID	0
Peak Ref	0
Time	0
Peak	0
Intensity	0	0
Height	0
AreaAbs	0
Area %BP	0
Area %Total	0
}
}
}
[FUNCTION]
{
Function	0
Description	ANALOG
[CHROMATOGRAM]
{
TraceNumber	2
Description	LC
ProcDesc	Result Id:2610, VWD: Signal A, 280 nm
MaxIntensity	0.2122579
[TRACE]
{
;Time	Int. %Max
0.002395833	0.0013479
0.005729167	0.001319819
0.0090625	0.001235575
0.01239583	0.001151332
0.01572917	0.001010926
0.0190625	0.0008705185
0.02239583	0.0007301123
0.02572917	0.0005616248
0.0290625	0.0003931374
0.03239583	0.0002527312
0.03572917	0.0001404062
0.0390625	5.616248e-05
0.04239583	0
0.04572917	0
0.0490625	5.616248e-05
0.05239583	0.0001684874
0.05572917	0.0003088936
0.0590625	0.0004773811
0.06239583	0.0006458685
0.06572916	0.0008424372
0.0690625	0.001039007
0.07239583	0.001207494
0.07572917	0.001404063
0.0790625	0.001544469
0.08239584	0.001712957
0.08572917	0.001853363
0.0890625	0.001965688
0.09239583	0.002078013
0.09572916	0.002162256
0.0990625	0.0022465
0.1023958	0.002302663
0.1057292	0.002358825
0.1090625	0.002358825
0.1123958	0.002358825
0.1157292	0.002330744
0.1190625	0.002274581
0.1223958	0.002190338
0.1257292	0.002106094
0.1290625	0.001993769
0.1323958	0.001909525
0.1357292	0.0017972
0.1390625	0.001684875
0.1423958	0.001600632
0.1457292	0.001488307
0.1490625	0.001432144
0.1523958	0.0013479
0.1557292	0.001291738
0.1590625	0.001235575
0.1623958	0.001179413
0.1657292	0.001151332
0.1690625	0.001151332
0.1723958	0.001151332
0.1757292	0.001179413
0.1790625	0.001235575
0.1823958	0.0013479
0.1857292	0.001516388
0.1890625	0.001712957
0.1923958	0.001909525
0.1957292	0.002134175
0.1990625	0.002330744
0.2023958	0.002499231
0.2057292	0.002667719
0.2090625	0.002780043
0.2123958	0.002864287
0.2157292	0.002920449
0.2190625	0.002976612
0.2223958	0.003004693
0.2257292	0.003032774
0.2290625	0.003088937
0.2323958	0.003117018
0.2357292	0.003117018
0.2390625	0.003117018
0.2423958	0.003060856
0.2457292	0.002976612
0.2490625	0.002836206
0.2523958	0.002639637
0.2557292	0.002414988
0.2590625	0.002134175
0.2623958	0.001853363
0.2657292	0.00157255
0.2690625	0.001291738
0.2723958	0.001039007
0.2757292	0.0008424372
0.2790625	0.000702031
0.2823958	0.0006177873
0.2857292	0.000589706
0.2890625	0.0006177873
0.2923958	0.000702031
0.2957292	0.000814356
0.2990625	0.000954763
0.3023958	0.001095169
0.3057292	0.001207494
0.3090625	0.001291738
0.3123958	0.0013479
0.3157292	0.001319819
0.3190625	0.001263657
0.3223958	0.001151332
0.3257292	0.001010926
0.3290625	0.0008424372
0.3323958	0.0006458685
0.3357292	0.0004492998
0.3390625	0.0002808124
0.3423958	0.0001684874
0.3457292	8.424372e-05
0.3490625	5.616248e-05
0.3523958	8.424372e-05
0.3557292	0.0001684874
0.3590625	0.0002527312
0.3623958	0.0003931374
0.3657292	0.0005616248
0.3690625	0.0007301123
0.3723958	0.0008985997
0.3757292	0.001095169
0.3790625	0.001291738
0.3823958	0.001460225
0.3857292	0.001628713
0.3890625	0.001769119
0.3923958	0.001881444
0.3957292	0.001965688
0.3990625	0.001965688
0.4023958	0.001909525
0.4057292	0.001825281
0.4090625	0.001656794
0.4123958	0.001488307
0.4157292	0.001291738
0.4190625	0.00112325
0.4223958	0.0009266818
0.4257292	0.0007581935
0.4290625	0.0006458685
0.4323958	0.0005335436
0.4357292	0.0004773811
0.4390625	0.0004212186
0.4423958	0.0004212186
0.4457292	0.0004492998
0.4490625	0.0004773811
0.4523958	0.000589706
0.4557292	0.000702031
0.4590625	0.0008985997
0.4623958	0.00112325
0.4657292	0.001375982
0.4690625	0.001656794
0.4723958	0.001937606
0.4757292	0.002218419
0.4790625	0.002443069
0.4823958	0.002667719
0.4857292	0.002808124
0.4890625	0.002892368
0.4923958	0.002892368
0.4957292	0.002808124
0.4990625	0.002667719
0.5023958	0.00247115
0.5057291	0.0022465
0.5090625	0.00202185
0.5123959	0.001853363
0.5157292	0.001712957
0.5190625	0.001628713
0.5223958	0.001600632
0.5257292	0.001600632
0.5290625	0.001684875
0.5323958	0.001769119
0.5357292	0.001853363
0.5390625	0.001937606
0.5423958	0.001965688
0.5457292	0.001993769
0.5490625	0.001993769
0.5523958	0.00202185
0.5557292	0.00202185
0.5590625	0.002049931
0.5623958	0.002078013
0.5657291	0.002134175
0.5690625	0.002190338
0.5723959	0.002274581
0.5757292	0.002358825
0.5790625	0.002443069
0.5823959	0.002527312
0.5857292	0.002583475
0.5890625	0.002639637
0.5923958	0.002667719
0.5957292	0.002667719
0.5990625	0.0026958
0.6023958	0.0026958
0.6057292	0.0026958
0.6090625	0.002667719
0.6123958	0.002611556
0.6157292	0.002555394
0.6190625	0.00247115
0.6223958	0.002358825
0.6257291	0.002274581
0.6290625	0.002134175
0.6323958	0.00202185
0.6357292	0.001909525
0.6390625	0.0017972
0.6423959	0.001712957
0.6457292	0.001684875
0.6490625	0.001712957
0.6523958	0.0017972
0.6557292	0.001909525
0.6590625	0.002078013
0.6623958	0.002302663
0.6657292	0.002555394
0.6690625	0.002808124
0.6723958	0.003032774
0.6757292	0.003257424
0.6790625	0.003397831
0.6823958	0.003510155
0.6857291	0.003538237
0.6890625	0.003482074
0.6923958	0.003369749
0.6957292	0.003173181
0.6990625	0.002920449
0.7023959	0.002583475
0.7057292	0.0022465
0.7090625	0.001881444
0.7123958	0.001516388
0.7157292	0.001207494
0.7190625	0.000954763
0.7223958	0.000814356
0.7257292	0.0007581935
0.7290625	0.000814356
0.7323958	0.000954763
0.7357292	0.001151332
0.7390625	0.001404063
0.7423958	0.001628713
0.7457291	0.001853363
0.7490625	0.001993769
0.7523958	0.002078013
0.7557291	0.002078013
0.7590625	0.00202185
0.7623959	0.001937606
0.7657292	0.001825281
0.7690625	0.001741038
0.7723958	0.001656794
0.7757292	0.001600632
0.7790625	0.001544469
0.7823958	0.001516388
0.7857292	0.001488307
0.7890625	0.001460225
0.7923958	0.001375982
0.7957292	0.001291738
0.7990625	0.001151332
0.8023958	0.0009828443
0.8057292	0.000814356
0.8090625	0.0006739498
0.8123958	0.0005616248
0.8157291	0.0004773811
0.8190625	0.0004492998
0.8223959	0.0004492998
0.8257292	0.0005054623
0.8290625	0.000589706
0.8323959	0.0006739498
0.8357292	0.0007862747
0.8390625	0.0008705185
0.8423958	0.000954763
0.8457292	0.001039007
0.8490625	0.001067088
0.8523958	0.00112325
0.8557292	0.001151332
0.8590625	0.001179413
0.8623958	0.001207494
0.8657292	0.001263657
0.8690625	0.001319819
0.8723958	0.001375982
0.8757291	0.001432144
0.8790625	0.001460225
0.8823958	0.001516388
0.8857292	0.001516388
0.8890625	0.001516388
0.8923959	0.001488307
0.8957292	0.001460225
0.8990625	0.001404063
0.9023958	0.0013479
0.9057292	0.001291738
0.9090625	0.001207494
0.9123958	0.00112325
0.9157292	0.001010926
0.9190625	0.0009266818
0.9223958	0.0008424372
0.9257292	0.0007581935
0.9290625	0.0007301123
0.9323958	0.000702031
0.9357291	0.000702031
0.9390625	0.0007581935
0.9423958	0.0008424372
0.9457292	0.000954763
0.9490625	0.001095169
0.9523959	0.001235575
0.9557292	0.0013479
0.9590625	0.001488307
0.9623958	0.001600632
0.9657292	0.001712957
0.9690625	0.001853363
0.9723958	0.001965688
0.9757292	0.002106094
0.9790625	0.0022465
0.9823958	0.002414988
0.9857292	0.002555394
0.9890625	0.002723881
0.9923958	0.002864287
0.9957291	0.003004693
0.9990625	0.003088937
1.002396	0.003145099
1.005729	0.003117018
1.009063	0.003032774
1.012396	0.002892368
1.015729	0.002667719
1.019063	0.002386906
1.022396	0.002078013
1.025729	0.001741038
1.029063	0.001404063
1.032396	0.001095169
1.035729	0.000814356
1.039063	0.000589706
1.042396	0.0004492998
1.045729	0.0003369749
1.049062	0.0002808124
1.052396	0.0002808124
1.055729	0.0003369749
1.059062	0.0004212186
1.062396	0.0005616248
1.065729	0.000702031
1.069062	0.0008705185
1.072396	0.001039007
1.075729	0.001179413
1.079062	0.001291738
1.082396	0.001375982
1.085729	0.001432144
1.089062	0.001460225
1.092396	0.001488307
1.095729	0.001488307
1.099062	0.001516388
1.102396	0.00157255
1.105729	0.001628713
1.109063	0.001741038
1.112396	0.001853363
1.115729	0.001937606
1.119063	0.002049931
1.122396	0.002134175
1.125729	0.002162256
1.129063	0.002190338
1.132396	0.002134175
1.135729	0.002049931
1.139063	0.001909525
1.142396	0.001741038
1.145729	0.001544469
1.149063	0.001319819
1.152396	0.001095169
1.155729	0.0008705185
1.159063	0.0006739498
1.162396	0.0005335436
1.165729	0.0004492998
1.169062	0.0004212186
1.172396	0.0004773811
1.175729	0.0005616248
1.179062	0.000702031
1.182396	0.0008705185
1.185729	0.001039007
1.189062	0.001207494
1.192396	0.0013479
1.195729	0.001460225
1.199062	0.00157255
1.202396	0.001656794
1.205729	0.001741038
1.209062	0.001825281
1.212396	0.001909525
1.215729	0.001993769
1.219062	0.002049931
1.222396	0.002134175
1.225729	0.002162256
1.229063	0.002162256
1.232396	0.002134175
1.235729	0.002078013
1.239063	0.00202185
1.242396	0.001965688
1.245729	0.001909525
1.249063	0.001881444
1.252396	0.001881444
1.255729	0.001909525
1.259063	0.00202185
1.262396	0.002134175
1.265729	0.002302663
1.269063	0.002499231
1.272396	0.0026958
1.275729	0.002892368
1.279063	0.003060856
1.282396	0.003229343
1.285729	0.003397831
1.289063	0.003538237
1.292396	0.003650562
1.295729	0.003762887
1.299062	0.00384713
1.302396	0.003903293
1.305729	0.003931374
1.309062	0.003959455
1.312396	0.003931374
1.315729	0.003903293
1.319062	0.003819049
1.322396	0.003734805
1.325729	0.00362248
1.329062	0.003510155
1.332396	0.003397831
1.335729	0.003285506
1.339062	0.003201262
1.342396	0.003173181
1.345729	0.003173181
1.349062	0.003173181
1.352396	0.003229343
1.355729	0.003285506
1.359063	0.003313587
1.362396	0.003341668
1.365729	0.003341668
1.369063	0.003285506
1.372396	0.003201262
1.375729	0.003032774
1.379063	0.002864287
1.382396	0.002639637
1.385729	0.002443069
1.389063	0.0022465
1.392396	0.002078013
1.395729	0.001993769
1.399063	0.001909525
1.402396	0.001909525
1.405729	0.001937606
1.409063	0.001993769
1.412396	0.002078013
1.415729	0.002190338
1.419062	0.002302663
1.422396	0.002386906
1.425729	0.00247115
1.429062	0.002527312
1.432396	0.002527312
1.435729	0.002527312
1.439062	0.002499231
1.442396	0.002414988
1.445729	0.002330744
1.449062	0.0022465
1.452396	0.002162256
1.455729	0.002134175
1.459062	0.002162256
1.462396	0.002190338
1.465729	0.002274581
1.469062	0.002386906
1.472396	0.00247115
1.475729	0.002583475
1.479063	0.002639637
1.482396	0.002667719
1.485729	0.002639637
1.489063	0.002527312
1.492396	0.002414988
1.495729	0.002274581
1.499063	0.002134175
1.502396	0.00202185
1.505729	0.001909525
1.509063	0.0017972
1.512396	0.001741038
1.515729	0.001684875
1.519063	0.001684875
1.522396	0.001684875
1.525729	0.001741038
1.529063	0.0017972
1.532396	0.001853363
1.535729	0.001965688
1.539063	0.002078013
1.542396	0.002218419
1.545729	0.002358825
1.549062	0.002499231
1.552396	0.002611556
1.555729	0.0026958
1.559062	0.002751962
1.562396	0.002780043
1.565729	0.002751962
1.569062	0.002751962
1.572396	0.002723881
1.575729	0.0026958
1.579062	0.002667719
1.582396	0.002667719
1.585729	0.002639637
1.589062	0.002639637
1.592396	0.002583475
1.595729	0.002527312
1.599062	0.002443069
1.602396	0.002330744
1.605729	0.002190338
1.609063	0.002049931
1.612396	0.001937606
1.615729	0.001853363
1.619063	0.001825281
1.622396	0.001825281
1.625729	0.001881444
1.629063	0.00202185
1.632396	0.002162256
1.635729	0.002330744
1.639063	0.002499231
1.642396	0.002639637
1.645729	0.002723881
1.649063	0.002780043
1.652396	0.002780043
1.655729	0.002723881
1.659063	0.002611556
1.662396	0.00247115
1.665729	0.002274581
1.669062	0.002106094
1.672396	0.001909525
1.675729	0.001712957
1.679062	0.001544469
1.682396	0.001404063
1.685729	0.001263657
1.689062	0.001151332
1.692396	0.001095169
1.695729	0.001095169
1.699062	0.00112325
1.702396	0.001179413
1.705729	0.001291738
1.709062	0.001432144
1.712396	0.001600632
1.715729	0.001769119
1.719062	0.001881444
1.722396	0.001993769
1.725729	0.002049931
1.729063	0.002049931
1.732396	0.00202185
1.735729	0.001965688
1.739063	0.001881444
1.742396	0.001769119
1.745729	0.001656794
1.749063	0.00157255
1.752396	0.001544469
1.755729	0.001516388
1.759063	0.001544469
1.762396	0.001628713
1.765729	0.001712957
1.769063	0.001825281
1.772396	0.001937606
1.775729	0.002078013
1.779063	0.002190338
1.782396	0.002302663
1.785729	0.002414988
1.789063	0.002527312
1.792396	0.002611556
1.795729	0.0026958
1.799062	0.002780043
1.802396	0.002836206
1.805729	0.002892368
1.809062	0.002920449
1.812396	0.002948531
1.815729	0.002948531
1.819062	0.002948531
1.822396	0.002976612
1.825729	0.002976612
1.829062	0.003004693
1.832396	0.003032774
1.835729	0.003060856
1.839062	0.003117018
1.842396	0.003145099
1.845729	0.003117018
1.849062	0.003088937
1.852396	0.002976612
1.855729	0.002864287
1.859063	0.0026958
1.862396	0.002499231
1.865729	0.002330744
1.869063	0.002190338
1.872396	0.002078013
1.875729	0.002049931
1.879063	0.002078013
1.882396	0.002134175
1.885729	0.002274581
1.889063	0.002386906
1.892396	0.002499231
1.895729	0.002583475
1.899063	0.002611556
1.902396	0.002611556
1.905729	0.002555394
1.909063	0.00247115
1.912396	0.002414988
1.915729	0.002386906
1.919062	0.002414988
1.922396	0.002499231
1.925729	0.002639637
1.929062	0.002808124
1.932396	0.003004693
1.935729	0.003201262
1.939062	0.003341668
1.942396	0.003482074
1.945729	0.003594399
1.949062	0.003678643
1.952396	0.003706724
1.955729	0.003734805
1.959062	0.003734805
1.962396	0.003734805
1.965729	0.003678643
1.969062	0.003594399
1.972396	0.003482074
1.975729	0.003285506
1.979063	0.003060856
1.982396	0.002808124
1.985729	0.002555394
1.989063	0.002330744
1.992396	0.002134175
1.995729	0.00202185
1.999063	0.001993769
2.002396	0.002049931
2.005729	0.002162256
2.009063	0.002386906
2.012396	0.002639637
2.015729	0.002948531
2.019063	0.003257424
2.022396	0.003566318
2.025729	0.003819049
2.029063	0.004043699
2.032396	0.004240268
2.035729	0.004380674
2.039063	0.004464918
2.042396	0.00452108
2.045729	0.004549161
2.049062	0.004577243
2.052396	0.004605324
2.055729	0.004689568
2.059062	0.004801893
2.062396	0.004914218
2.065729	0.005026542
2.069062	0.005138867
2.072396	0.00519503
2.075729	0.00519503
2.079062	0.005138867
2.082396	0.005026542
2.085729	0.004858055
2.089062	0.004633405
2.092396	0.004436836
2.095729	0.004268349
2.099062	0.004184105
2.102396	0.004184105
2.105729	0.004240268
2.109062	0.004380674
2.112396	0.004492999
2.115729	0.004661486
2.119062	0.004801893
2.122396	0.00497038
2.125729	0.005110786
2.129062	0.005223111
2.132396	0.005363517
2.135729	0.005475843
2.139062	0.005616249
2.142396	0.005784736
2.145729	0.005953224
2.149062	0.006149793
2.152396	0.006290199
2.155729	0.006346361
2.159062	0.006346361
2.162396	0.006262117
2.165729	0.00609363
2.169063	0.005812818
2.172396	0.005475843
2.175729	0.005110786
2.179063	0.004689568
2.182396	0.004268349
2.185729	0.003903293
2.189063	0.003594399
2.192396	0.003369749
2.195729	0.003257424
2.199063	0.003229343
2.202396	0.003313587
2.205729	0.003482074
2.209063	0.003734805
2.212396	0.004015618
2.215729	0.004352593
2.219063	0.004633405
2.222396	0.004914218
2.225729	0.005110786
2.229063	0.005279274
2.232396	0.005335436
2.235729	0.005363517
2.239063	0.005363517
2.242396	0.005335436
2.245729	0.005279274
2.249063	0.00519503
2.252396	0.005110786
2.255729	0.005026542
2.259063	0.004942299
2.262396	0.004829974
2.265729	0.004717649
2.269063	0.004549161
2.272396	0.004380674
2.275729	0.004212186
2.279063	0.00407178
2.282396	0.003931374
2.285729	0.003819049
2.289063	0.003734805
2.292396	0.003678643
2.295729	0.003650562
2.299062	0.00362248
2.302396	0.003594399
2.305729	0.003594399
2.309062	0.003594399
2.312396	0.00362248
2.315729	0.003678643
2.319062	0.003762887
2.322396	0.00384713
2.325729	0.003987537
2.329062	0.004127943
2.332396	0.004268349
2.335729	0.004380674
2.339062	0.004436836
2.342396	0.004436836
2.345729	0.004380674
2.349062	0.004268349
2.352396	0.004156024
2.355729	0.004015618
2.359062	0.003875212
2.362396	0.003762887
2.365729	0.003706724
2.369062	0.003706724
2.372396	0.003734805
2.375729	0.00384713
2.379062	0.003959455
2.382396	0.00407178
2.385729	0.004184105
2.389062	0.004268349
2.392396	0.004324511
2.395729	0.004352593
2.399062	0.004324511
2.402396	0.004268349
2.405729	0.004156024
2.409062	0.003987537
2.412396	0.003819049
2.415729	0.003594399
2.419063	0.003341668
2.422396	0.003117018
2.425729	0.002892368
2.429063	0.0026958
2.432396	0.002583475
2.435729	0.002499231
2.439063	0.002499231
2.442396	0.002555394
2.445729	0.002639637
2.449063	0.002751962
2.452396	0.002892368
2.455729	0.003032774
2.459063	0.003145099
2.462396	0.003229343
2.465729	0.003285506
2.469063	0.003313587
2.472396	0.003341668
2.475729	0.003341668
2.479063	0.003369749
2.482396	0.003397831
2.485729	0.003425912
2.489063	0.003453993
2.492396	0.003453993
2.495729	0.003482074
2.499063	0.003482074
2.502396	0.003453993
2.505729	0.003369749
2.509063	0.003285506
2.512396	0.003145099
2.515729	0.002976612
2.519063	0.002808124
2.522396	0.002639637
2.525729	0.002499231
2.529063	0.002414988
2.532396	0.002330744
2.535729	0.002302663
2.539063	0.002330744
2.542396	0.002386906
2.545729	0.00247115
2.549062	0.002555394
2.552396	0.002639637
2.555729	0.0026958
2.559062	0.0026958
2.562396	0.002667719
2.565729	0.002583475
2.569062	0.002499231
2.572396	0.002414988
2.575729	0.002330744
2.579062	0.002302663
2.582396	0.002330744
2.585729	0.002386906
2.589062	0.002499231
2.592396	0.002667719
2.595729	0.002836206
2.599062	0.002976612
2.602396	0.003060856
2.605729	0.003117018
2.609062	0.003145099
2.612396	0.003117018
2.615729	0.003060856
2.619062	0.003004693
2.622396	0.002920449
2.625729	0.002836206
2.629062	0.002751962
2.632396	0.002639637
2.635729	0.002527312
2.639062	0.002358825
2.642396	0.002190338
2.645729	0.001965688
2.649062	0.001741038
2.652396	0.001516388
2.655729	0.001291738
2.659062	0.00112325
2.662396	0.0009828443
2.665729	0.0008985997
2.669063	0.0008424372
2.672396	0.0008424372
2.675729	0.0008424372
2.679063	0.0008985997
2.682396	0.0009266818
2.685729	0.001010926
2.689063	0.001095169
2.692396	0.001207494
2.695729	0.0013479
2.699063	0.001544469
2.702396	0.001769119
2.705729	0.00202185
2.709063	0.002274581
2.712396	0.002555394
2.715729	0.002780043
2.719063	0.002976612
2.722396	0.003088937
2.725729	0.003117018
2.729063	0.003088937
2.732396	0.002976612
2.735729	0.002808124
2.739063	0.002639637
2.742396	0.002443069
2.745729	0.002274581
2.749063	0.002106094
2.752396	0.001993769
2.755729	0.001937606
2.759063	0.001881444
2.762396	0.001881444
2.765729	0.001881444
2.769063	0.001909525
2.772396	0.001937606
2.775729	0.001937606
2.779063	0.001937606
2.782396	0.001909525
2.785729	0.001825281
2.789063	0.001741038
2.792396	0.001628713
2.795729	0.001488307
2.799062	0.001291738
2.802396	0.001095169
2.805729	0.0008705185
2.809062	0.0006739498
2.812396	0.0005054623
2.815729	0.0003650561
2.819062	0.0002808124
2.822396	0.0002808124
2.825729	0.0003088936
2.829062	0.0004212186
2.832396	0.000589706
2.835729	0.000814356
2.839062	0.001067088
2.842396	0.001319819
2.845729	0.00157255
2.849062	0.0017972
2.852396	0.001965688
2.855729	0.002134175
2.859062	0.0022465
2.862396	0.002358825
2.865729	0.00247115
2.869062	0.002555394
2.872396	0.002639637
2.875729	0.002723881
2.879062	0.002864287
2.882396	0.003032774
2.885729	0.003229343
2.889062	0.003453993
2.892396	0.003678643
2.895729	0.003903293
2.899062	0.004099862
2.902396	0.00429643
2.905729	0.004436836
2.909062	0.00452108
2.912396	0.004577243
2.915729	0.004549161
2.919063	0.004492999
2.922396	0.004408755
2.925729	0.004324511
2.929063	0.004212186
2.932396	0.004156024
2.935729	0.004099862
2.939063	0.004099862
2.942396	0.004099862
2.945729	0.004156024
2.949063	0.004212186
2.952396	0.004268349
2.955729	0.004324511
2.959063	0.004380674
2.962396	0.004436836
2.965729	0.00452108
2.969063	0.004605324
2.972396	0.00474573
2.975729	0.004886136
2.979063	0.005054624
2.982396	0.005279274
2.985729	0.005475843
2.989063	0.005700493
2.992396	0.005897061
2.995729	0.006037468
2.999063	0.006149793
3.002396	0.006205955
3.005729	0.006205955
3.009063	0.006149793
3.012396	0.00609363
3.015729	0.006037468
3.019063	0.005953224
3.022396	0.005897061
3.025729	0.00586898
3.029063	0.00586898
3.032396	0.005897061
3.035729	0.005953224
3.039063	0.006037468
3.042396	0.00609363
3.045729	0.006149793
3.049062	0.006205955
3.052396	0.006205955
3.055729	0.006205955
3.059062	0.006177874
3.062396	0.006121711
3.065729	0.006065549
3.069062	0.005953224
3.072396	0.005812818
3.075729	0.005672411
3.079062	0.005503924
3.082396	0.005335436
3.085729	0.005138867
3.089062	0.004942299
3.092396	0.00474573
3.095729	0.004577243
3.099062	0.004464918
3.102396	0.004408755
3.105729	0.004436836
3.109062	0.00452108
3.112396	0.004661486
3.115729	0.004886136
3.119062	0.005166949
3.122396	0.005447762
3.125729	0.005728574
3.129062	0.005981305
3.132396	0.006205955
3.135729	0.006374442
3.139062	0.006486767
3.142396	0.006486767
3.145729	0.006402523
3.149062	0.006262117
3.152396	0.006037468
3.155729	0.005728574
3.159062	0.00541968
3.162396	0.005054624
3.165729	0.004689568
3.169063	0.004380674
3.172396	0.004127943
3.175729	0.003959455
3.179063	0.00384713
3.182396	0.003819049
3.185729	0.00384713
3.189063	0.003931374
3.192396	0.004043699
3.195729	0.004156024
3.199063	0.004268349
3.202396	0.004324511
3.205729	0.004352593
3.209063	0.004352593
3.212396	0.004324511
3.215729	0.004324511
3.219063	0.004324511
3.222396	0.004352593
3.225729	0.004436836
3.229063	0.004549161
3.232396	0.004689568
3.235729	0.004886136
3.239063	0.005110786
3.242396	0.005335436
3.245729	0.005560086
3.249063	0.005784736
3.252396	0.006009386
3.255729	0.006262117
3.259063	0.00654293
3.262396	0.006879905
3.265729	0.007244961
3.269063	0.007666179
3.272396	0.008171642
3.275729	0.008761348
3.279063	0.009435298
3.282396	0.01022157
3.285729	0.01103593
3.289063	0.01193453
3.292396	0.01286121
3.295729	0.01381597
3.299062	0.0148269
3.302396	0.01583782
3.305729	0.01690491
3.309062	0.01802816
3.312396	0.01917949
3.315729	0.02038698
3.319062	0.02165064
3.322396	0.02297046
3.325729	0.02437452
3.329062	0.02583474
3.332396	0.02735113
3.335729	0.02892368
3.339062	0.03055239
3.342396	0.03226535
3.345729	0.03409063
3.349062	0.03602823
3.352396	0.03807816
3.355729	0.04021234
3.359062	0.04245884
3.362396	0.04481766
3.365729	0.04720457
3.369062	0.04967572
3.372396	0.05217495
3.375729	0.05467418
3.379062	0.05720149
3.382396	0.0597288
3.385729	0.06231228
3.389062	0.06489575
3.392396	0.0675073
3.395729	0.07014694
3.399062	0.07278658
3.402396	0.07545429
3.405729	0.07815009
3.409062	0.08084589
3.412396	0.08359786
3.415729	0.08643407
3.419063	0.08932643
3.422396	0.09235921
3.425729	0.09553239
3.429063	0.09884597
3.432396	0.1023561
3.435729	0.1060348
3.439063	0.1098819
3.442396	0.1138975
3.445729	0.1180255
3.449063	0.1222657
3.452396	0.1266464
3.455729	0.1311113
3.459063	0.1357166
3.462396	0.1404343
3.465729	0.1452643
3.469063	0.1502346
3.472396	0.1552893
3.475729	0.1604562
3.479063	0.1657636
3.482396	0.1711833
3.485729	0.1766591
3.489063	0.1822473
3.492396	0.1878635
3.495729	0.1935359
3.499063	0.1992645
3.502396	0.2050492
3.505729	0.2108901
3.509063	0.2168434
3.512396	0.2228527
3.515729	0.2290025
3.519063	0.2353208
3.522396	0.2417795
3.525729	0.2484347
3.529063	0.2552866
3.532396	0.2622788
3.535729	0.2694395
3.539063	0.2766845
3.542396	0.2840137
3.545729	0.291371
3.549062	0.2987844
3.552396	0.3061698
3.555729	0.3135552
3.559062	0.3209405
3.562396	0.3283259
3.565729	0.3357393
3.569062	0.343237
3.572396	0.3507909
3.575729	0.3584571
3.579062	0.3662356
3.582396	0.3741545
3.585729	0.3822419
3.589062	0.3904697
3.592396	0.398866
3.595729	0.4074027
3.599062	0.4160798
3.602396	0.4248973
3.605729	0.4338271
3.609062	0.4428974
3.612396	0.452108
3.615729	0.4614591
3.619062	0.4709786
3.622396	0.4806947
3.625729	0.4906635
3.629062	0.5009132
3.632396	0.5114717
3.635729	0.5223672
3.639062	0.5336559
3.642396	0.5453096
3.645729	0.5573845
3.649062	0.5698245
3.652396	0.5826857
3.655729	0.5959121
3.659062	0.6095034
3.662396	0.6234317
3.665729	0.6376969
3.669063	0.652243
3.672396	0.6670418
3.675729	0.6821215
3.679063	0.6973977
3.682396	0.7128423
3.685729	0.7283994
3.689063	0.7440125
3.692396	0.7595976
3.695729	0.7751265
3.699063	0.7905151
3.702396	0.805707
3.705729	0.8206743
3.709063	0.8353327
3.712396	0.8496541
3.715729	0.8635824
3.719063	0.8770895
3.722396	0.8901473
3.725729	0.9027277
3.729063	0.9147745
3.732396	0.9262036
3.735729	0.9370148
3.739063	0.9471522
3.742396	0.9565594
3.745729	0.9652084
3.749063	0.9730711
3.752396	0.9801757
3.755729	0.9865221
3.759063	0.9921102
3.762396	0.9970244
3.765729	1.001321
3.769063	1.005056
3.772396	1.008341
3.775729	1.011234
3.779063	1.013845
3.782396	1.016288
3.785729	1.018675
3.789063	1.021062
3.792396	1.023589
3.795729	1.026397
3.799062	1.029571
3.802396	1.033249
3.805729	1.037602
3.809062	1.042797
3.812396	1.049003
3.815729	1.056416
3.819062	1.065234
3.822396	1.075652
3.825729	1.087867
3.829062	1.102076
3.832396	1.118476
3.835729	1.137234
3.839062	1.15852
3.842396	1.182501
3.845729	1.209263
3.849062	1.238944
3.852396	1.271631
3.855729	1.307378
3.859062	1.346271
3.862396	1.388309
3.865729	1.433435
3.869062	1.481651
3.872396	1.532843
3.875729	1.586899
3.879062	1.643679
3.882396	1.702987
3.885729	1.764597
3.889062	1.828229
3.892396	1.89363
3.895729	1.96052
3.899062	2.028533
3.902396	2.097332
3.905729	2.166496
3.909062	2.23566
3.912396	2.304347
3.915729	2.372163
3.919063	2.438687
3.922396	2.503415
3.925729	2.565952
3.929063	2.625905
3.932396	2.682882
3.935729	2.736489
3.939063	2.786417
3.942396	2.832358
3.945729	2.874087
3.949063	2.911351
3.952396	2.943925
3.955729	2.971669
3.959063	2.994443
3.962396	3.012134
3.965729	3.024715
3.969063	3.032156
3.972396	3.034431
3.975729	3.031567
3.979063	3.023704
3.982396	3.010899
3.985729	2.99332
3.989063	2.971136
3.992396	2.944599
3.995729	2.913878
3.999063	2.879282
4.002396	2.841092
4.005729	2.799616
4.009062	2.755107
4.012396	2.70793
4.015729	2.658339
4.019063	2.606698
4.022396	2.553231
4.025729	2.498248
4.029062	2.442085
4.032396	2.384968
4.035729	2.327233
4.039063	2.269105
4.042396	2.210892
4.045729	2.152848
4.049063	2.095198
4.052396	2.038193
4.055729	1.982058
4.059062	1.926907
4.062396	1.872963
4.065729	1.82031
4.069063	1.769146
4.072396	1.719499
4.075729	1.671508
4.079062	1.62523
4.082396	1.580749
4.085729	1.538122
4.089063	1.497376
4.092396	1.458624
4.095729	1.421894
4.099062	1.387241
4.102396	1.354723
4.105729	1.324452
4.109063	1.296511
4.112396	1.271013
4.115729	1.248099
4.119062	1.227909
4.122396	1.210667
4.125729	1.196486
4.129063	1.185618
4.132396	1.178261
4.135729	1.174666
4.139062	1.175088
4.142396	1.179833
4.145729	1.189269
4.149063	1.203843
4.152396	1.224089
4.155729	1.25057
4.159062	1.283931
4.162396	1.324957
4.165729	1.37438
4.169063	1.433126
4.172396	1.502066
4.175729	1.582153
4.179062	1.674372
4.182396	1.779677
4.185729	1.899078
4.189063	2.033531
4.192396	2.184103
4.195729	2.351692
4.199062	2.537281
4.202396	2.74174
4.205729	2.965913
4.209063	3.210528
4.212396	3.476149
4.215729	3.763279
4.219062	4.072117
4.222396	4.402717
4.225729	4.754941
4.229063	5.128309
4.232396	5.52212
4.235729	5.935448
4.239062	6.367029
4.242396	6.815458
4.245729	7.279023
4.249063	7.755758
4.252396	8.243501
4.255729	8.739809
4.259062	9.242042
4.262396	9.747336
4.265729	10.25266
4.269063	10.75484
4.272396	11.25053
4.275729	11.73633
4.279062	12.20888
4.282396	12.66484
4.285729	13.10094
4.289063	13.5141
4.292396	13.90134
4.295729	14.25999
4.299063	14.5875
4.302396	14.88171
4.305729	15.14062
4.309062	15.36263
4.312396	15.54648
4.315729	15.69115
4.319063	15.79609
4.322396	15.86101
4.325729	15.88609
4.329062	15.8718
4.332396	15.81895
4.335729	15.7287
4.339063	15.60244
4.342396	15.4419
4.345729	15.24901
4.349062	15.02588
4.352396	14.77483
4.355729	14.49829
4.359063	14.19877
4.362396	13.87887
4.365729	13.54117
4.369062	13.1883
4.372396	12.82282
4.375729	12.44724
4.379063	12.06404
4.382396	11.67553
4.385729	11.28397
4.389062	10.89148
4.392396	10.5
4.395729	10.11138
4.399063	9.727258
4.402396	9.349144
4.405729	8.978247
4.409062	8.615746
4.412396	8.262512
4.415729	7.919331
4.419063	7.586793
4.422396	7.265432
4.425729	6.955527
4.429062	6.657332
4.432396	6.370932
4.435729	6.096382
4.439063	5.833625
4.442396	5.582467
4.445729	5.342737
4.449062	5.114156
4.452396	4.896414
4.455729	4.68909
4.459063	4.491875
4.462396	4.304377
4.465729	4.126117
4.469062	3.956759
4.472396	3.795826
4.475729	3.64298
4.479063	3.497743
4.482396	3.359752
4.485729	3.228613
4.489062	3.103988
4.492396	2.985513
4.495729	2.872823
4.499063	2.765609
4.502396	2.663618
4.505729	2.566513
4.509062	2.474042
4.512396	2.385951
4.515729	2.302016
4.519063	2.222012
4.522396	2.145744
4.525729	2.073069
4.529062	2.003765
4.532396	1.937718
4.535729	1.87476
4.539063	1.81475
4.542396	1.757549
4.545729	1.703015
4.549063	1.651009
4.552396	1.601389
4.555729	1.554016
4.559062	1.508777
4.562396	1.46556
4.565729	1.424281
4.569063	1.384855
4.572396	1.347226
4.575729	1.311338
4.579062	1.277191
4.582396	1.244701
4.585729	1.21384
4.589063	1.184579
4.592396	1.156835
4.595729	1.130579
4.599062	1.105699
4.602396	1.082195
4.605729	1.059926
4.609063	1.038865
4.612396	1.018956
4.615729	1.000141
4.619062	0.982366
4.622396	0.9656296
4.625729	0.9499322
4.629063	0.9352176
4.632396	0.921514
4.635729	0.9088213
4.639062	0.8971395
4.642396	0.8864687
4.645729	0.876893
4.649063	0.8683843
4.652396	0.8610551
4.655729	0.8549615
4.659062	0.8501315
4.662396	0.8467337
4.665729	0.8448242
4.669063	0.8445714
4.672396	0.8460878
4.675729	0.8495418
4.679062	0.8550177
4.682396	0.86274
4.685729	0.8728493
4.689063	0.8855139
4.692396	0.9009586
4.695729	0.9194079
4.699062	0.9410304
4.702396	0.966107
4.705729	0.9948903
4.709063	1.027605
4.712396	1.064504
4.715729	1.105923
4.719062	1.152061
4.722396	1.203253
4.725729	1.259696
4.729063	1.3217
4.732396	1.389432
4.735729	1.463117
4.739062	1.542924
4.742396	1.628993
4.745729	1.721408
4.749063	1.820254
4.752396	1.925503
4.755729	2.037126
4.759062	2.155095
4.762396	2.27927
4.765729	2.409539
4.769063	2.545705
4.772396	2.687571
4.775729	2.834914
4.779062	2.987423
4.782396	3.144818
4.785729	3.306763
4.789063	3.47292
4.792396	3.642923
4.795729	3.816465
4.799063	3.993265
4.802396	4.173097
4.805729	4.355822
4.809062	4.541382
4.812396	4.72992
4.815729	4.921687
4.819063	5.117133
4.822396	5.316931
4.825729	5.522008
4.829062	5.733628
4.832396	5.953392
4.835729	6.183209
4.839063	6.425466
4.842396	6.682999
4.845729	6.959009
4.849062	7.257316
4.852396	7.582131
4.855729	7.938202
4.859063	8.330805
4.862396	8.765672
4.865729	9.249091
4.869062	9.787773
4.872396	10.38894
4.875729	11.06019
4.879063	11.80937
4.882396	12.64467
4.885729	13.57422
4.889062	14.60626
4.892396	15.74872
4.895729	17.00931
4.899063	18.39509
4.902396	19.91258
4.905729	21.56741
4.909062	23.36418
4.912396	25.30645
4.915729	27.39634
4.919063	29.63439
4.922396	32.01941
4.925729	34.54838
4.929062	37.21616
4.932396	40.01543
4.935729	42.93673
4.939063	45.96832
4.942396	49.09632
4.945729	52.3048
4.949062	55.57592
4.952396	58.89016
4.955729	62.2264
4.959063	65.56217
4.962396	68.8739
4.965729	72.13717
4.969062	75.32698
4.972396	78.41816
4.975729	81.38562
4.979063	84.20481
4.982396	86.85203
4.985729	89.30492
4.989062	91.54289
4.992396	93.54727
4.995729	95.30173
4.999063	96.79242
5.002396	98.00825
5.005729	98.94092
5.009062	99.58496
5.012396	99.93786
5.015729	100
5.019063	99.77451
5.022396	99.26722
5.025729	98.48653
5.029062	97.4432
5.032396	96.15006
5.035729	94.62199
5.039063	92.87551
5.042396	90.92855
5.045729	88.80016
5.049063	86.51028
5.052396	84.07937
5.055729	81.52824
5.059062	78.8776
5.062396	76.14788
5.065729	73.35887
5.069063	70.5296
5.072396	67.67806
5.075729	64.82113
5.079062	61.97454
5.082396	59.15268
5.085729	56.36868
5.089063	53.63436
5.092396	50.96024
5.095729	48.35548
5.099062	45.82803
5.102396	43.3844
5.105729	41.02987
5.109063	38.7684
5.112396	36.60275
5.115729	34.53467
5.119062	32.56483
5.122396	30.6931
5.125729	28.91862
5.129063	27.2399
5.132396	25.65485
5.135729	24.1611
5.139062	22.75583
5.142396	21.43587
5.145729	20.19791
5.149063	19.03824
5.152396	17.95318
5.155729	16.9388
5.159062	15.9912
5.162396	15.10653
5.165729	14.28088
5.169063	13.51059
5.172396	12.79204
5.175729	12.1218
5.179062	11.49663
5.182396	10.91338
5.185729	10.36914
5.189063	9.861094
5.192396	9.386605
5.195729	8.943229
5.199062	8.52861
5.202396	8.140611
5.205729	7.777212
5.209063	7.436502
5.212396	7.116798
5.215729	6.816525
5.219062	6.534224
5.222396	6.268604
5.225729	6.0184
5.229063	5.782546
5.232396	5.56003
5.235729	5.349926
5.239062	5.151392
5.242396	4.963669
5.245729	4.786083
5.249063	4.61796
5.252396	4.458767
5.255729	4.307971
5.259062	4.165094
5.262396	4.02977
5.265729	3.901551
5.269063	3.780156
5.272396	3.665248
5.275729	3.556574
5.279062	3.453824
5.282396	3.356747
5.285729	3.265146
5.289063	3.17874
5.292396	3.097333
5.295729	3.020699
5.299063	2.948671
5.302396	2.881051
5.305729	2.817672
5.309062	2.758336
5.312396	2.702904
5.315729	2.651178
5.319063	2.602991
5.322396	2.558145
5.325729	2.516473
5.329062	2.477777
5.332396	2.441804
5.335729	2.408388
5.339063	2.37733
5.342396	2.348434
5.345729	2.321476
5.349062	2.296343
5.352396	2.272811
5.355729	2.250711
5.359063	2.229847
5.362396	2.210078
5.365729	2.191207
5.369062	2.173039
5.372396	2.155404
5.375729	2.138106
5.379063	2.121004
5.382396	2.103959
5.385729	2.086829
5.389062	2.069531
5.392396	2.051952
5.395729	2.034065
5.399063	2.015784
5.402396	1.997082
5.405729	1.977874
5.409062	1.958133
5.412396	1.93783
5.415729	1.91691
5.419063	1.895343
5.422396	1.873075
5.425729	1.850133
5.429062	1.82646
5.432396	1.802114
5.435729	1.777065
5.439063	1.751371
5.442396	1.725059
5.445729	1.698157
5.449062	1.67075
5.452396	1.642893
5.455729	1.614671
5.459063	1.586113
5.462396	1.557273
5.465729	1.528265
5.469062	1.499145
5.472396	1.469913
5.475729	1.44068
5.479063	1.411476
5.482396	1.382327
5.485729	1.353319
5.489062	1.324452
5.492396	1.295781
5.495729	1.267335
5.499063	1.239169
5.502396	1.211284
5.505729	1.183737
5.509062	1.156526
5.512396	1.129652
5.515729	1.103143
5.519063	1.077056
5.522396	1.051418
5.525729	1.026229
5.529062	1.001546
5.532396	0.9773957
5.535729	0.9538074
5.539063	0.930837
5.542396	0.9084563
5.545729	0.8866933
5.549063	0.865492
5.552396	0.8448803
5.555729	0.8247742
5.559062	0.8051454
5.562396	0.7860221
5.565729	0.76732
5.569063	0.7490671
5.572396	0.7312075
5.575729	0.713769
5.579062	0.696808
5.582396	0.6802681
5.585729	0.6642056
5.589063	0.6485925
5.592396	0.6334286
5.595729	0.6186859
5.599062	0.6043645
5.602396	0.5904362
5.605729	0.5768448
5.609063	0.5636186
5.612396	0.5507012
5.615729	0.5380646
5.619062	0.525737
5.622396	0.5137182
5.625729	0.5020083
5.629063	0.4906074
5.632396	0.4794872
5.635729	0.4686759
5.639062	0.4581735
5.642396	0.4479239
5.645729	0.4379551
5.649063	0.4282109
5.652396	0.4187194
5.655729	0.4094526
5.659062	0.4004104
5.662396	0.3915929
5.665729	0.3830281
5.669063	0.3747161
5.672396	0.3666568
5.675729	0.3588502
5.679062	0.3513244
5.682396	0.3440233
5.685729	0.3369188
5.689063	0.3300108
5.692396	0.3232713
5.695729	0.3167283
5.699062	0.3103258
5.702396	0.3041199
5.705729	0.2980824
5.709063	0.2922696
5.712396	0.2866814
5.715729	0.2813459
5.719062	0.2762632
5.722396	0.2714052
5.725729	0.2667718
5.729063	0.2622788
5.732396	0.2579543
5.735729	0.253714
5.739062	0.2495861
5.742396	0.2454862
5.745729	0.2414425
5.749063	0.237455
5.752396	0.2335236
5.755729	0.2296484
5.759062	0.2258855
5.762396	0.2222069
5.765729	0.2186686
5.769063	0.2152708
5.772396	0.2120134
5.775729	0.2088964
5.779062	0.2059198
5.782396	0.2030835
5.785729	0.2003877
5.789063	0.1977762
5.792396	0.195277
5.795729	0.1928339
5.799063	0.190447
5.802396	0.1881162
5.805729	0.1858417
5.809062	0.1836232
5.812396	0.181461
5.815729	0.1793549
5.819063	0.177305
5.822396	0.1752831
5.825729	0.1733455
5.829062	0.1714921
5.832396	0.169695
5.835729	0.1679539
5.839063	0.1663252
5.842396	0.1647527
5.845729	0.1632643
5.849062	0.1618322
5.852396	0.1604843
5.855729	0.1591645
5.859063	0.1579008
5.862396	0.1566372
5.865729	0.1554016
5.869062	0.154166
5.872396	0.1529866
5.875729	0.1517791
5.879063	0.1506278
5.882396	0.1494764
5.885729	0.1483532
5.889062	0.1472861
5.892396	0.146219
5.895729	0.1452081
5.899063	0.1442253
5.902396	0.1432986
5.905729	0.1424561
5.909062	0.1416699
5.912396	0.1409959
5.915729	0.1403781
5.919063	0.1398727
5.922396	0.1394514
5.925729	0.1390583
5.929062	0.1386932
5.932396	0.1383844
5.935729	0.1380474
5.939063	0.1376823
5.942396	0.1373173
5.945729	0.1369522
5.949062	0.1365591
5.952396	0.136194
5.955729	0.135829
5.959063	0.1355201
5.962396	0.1352393
5.965729	0.1349865
5.969062	0.1347619
5.972396	0.1345372
5.975729	0.1343407
5.979063	0.134116
5.982396	0.1338914
5.985729	0.1336386
5.989062	0.1333578
5.992396	0.133077
5.995729	0.1327681
5.999063	0.1324592
6.002396	0.1321503
6.005729	0.1318695
6.009062	0.1315606
6.012396	0.1312517
6.015729	0.1309428
6.019063	0.1305778
6.022396	0.1301566
6.025729	0.1297073
6.029062	0.1292299
6.032396	0.1286963
6.035729	0.1281628
6.039063	0.1276012
6.042396	0.1270676
6.045729	0.1265902
6.049063	0.1261409
6.052396	0.1257197
6.055729	0.1253827
6.059062	0.1250458
6.062396	0.1247369
6.065729	0.1243999
6.069063	0.1240348
6.072396	0.1236136
6.075729	0.1231643
6.079062	0.1226308
6.082396	0.1220411
6.085729	0.1214233
6.089063	0.1207774
6.092396	0.1201316
6.095729	0.1195138
6.099062	0.1189521
6.102396	0.1184748
6.105729	0.1181097
6.109063	0.1178289
6.112396	0.1176323
6.115729	0.11752
6.119062	0.1174358
6.122396	0.1174077
6.125729	0.1173796
6.129063	0.1173515
6.132396	0.1172953
6.135729	0.117183
6.139062	0.1170426
6.142396	0.1168741
6.145729	0.1166776
6.149063	0.1164529
6.152396	0.1162002
6.155729	0.1159194
6.159062	0.1156386
6.162396	0.1153297
6.165729	0.1150208
6.169063	0.1146557
6.172396	0.1142626
6.175729	0.1137852
6.179062	0.1132517
6.182396	0.1126058
6.185729	0.1118757
6.189063	0.1110052
6.192396	0.1100504
6.195729	0.1090114
6.199062	0.1078881
6.202396	0.1067368
6.205729	0.1055574
6.209063	0.104378
6.212396	0.1031986
6.215729	0.1020192
6.219062	0.1008959
6.222396	0.09977265
6.225729	0.09867749
6.229063	0.09758232
6.232396	0.09651523
6.235729	0.09547623
6.239062	0.0944653
6.242396	0.09348246
6.245729	0.09249961
6.249063	0.09157293
6.252396	0.09067433
6.255729	0.08977573
6.259062	0.08890521
6.262396	0.08800662
6.265729	0.08707993
6.269063	0.08609709
6.272396	0.08508617
6.275729	0.08396292
6.279062	0.08281159
6.282396	0.081576
6.285729	0.08031235
6.289063	0.07904869
6.292396	0.07781312
6.295729	0.07660562
6.299063	0.07548238
6.302396	0.07444337
6.305729	0.07348861
6.309062	0.07259001
6.312396	0.07180373
6.315729	0.07104554
6.319063	0.07031543
6.322396	0.06955723
6.325729	0.06879904
6.329062	0.06801277
6.332396	0.06722649
6.335729	0.06641214
6.339063	0.06559778
6.342396	0.06478343
6.345729	0.06399715
6.349062	0.06326704
6.352396	0.06256501
6.355729	0.0619753
6.359063	0.06141368
6.362396	0.06090821
6.365729	0.06043083
6.369062	0.06000962
6.372396	0.05961648
6.375729	0.05922334
6.379063	0.0588302
6.382396	0.05846515
6.385729	0.05810009
6.389062	0.05776312
6.392396	0.05742614
6.395729	0.05714533
6.399063	0.0568926
6.402396	0.05663987
6.405729	0.05638714
6.409062	0.0561344
6.412396	0.05585359
6.415729	0.05557278
6.419063	0.05532005
6.422396	0.05506732
6.425729	0.05484267
6.429062	0.05470226
6.432396	0.05461802
6.435729	0.0546461
6.439063	0.0547865
6.442396	0.05501115
6.445729	0.05532005
6.449062	0.0556851
6.452396	0.0561344
6.455729	0.05661178
6.459063	0.05717341
6.462396	0.0577912
6.465729	0.05849323
6.469062	0.05930758
6.472396	0.06023427
6.475729	0.06130135
6.479063	0.06253693
6.482396	0.06394099
6.485729	0.06554162
6.489062	0.06731074
6.492396	0.06927642
6.495729	0.07143868
6.499063	0.07382558
6.502396	0.07643714
6.505729	0.07927334
6.509062	0.08230612
6.512396	0.08550738
6.515729	0.08887713
6.519063	0.09233113
6.522396	0.09584128
6.525729	0.09932336
6.529062	0.1027493
6.532396	0.1060629
6.535729	0.109208
6.539063	0.1121565
6.542396	0.1148804
6.545729	0.1173234
6.549063	0.1194576
6.552396	0.1212829
6.555729	0.1227712
6.559062	0.1239225
6.562396	0.1246807
6.565729	0.1250458
6.569063	0.1250458
6.572396	0.1246807
6.575729	0.1239506
6.579062	0.1229116
6.582396	0.1215637
6.585729	0.119935
6.589063	0.1180816
6.592396	0.1160317
6.595729	0.1138694
6.599062	0.1115668
6.602396	0.1091799
6.605729	0.1067649
6.609063	0.1043499
6.612396	0.101963
6.615729	0.09963225
6.619062	0.09735767
6.622396	0.09513925
6.625729	0.09297699
6.629063	0.09089898
6.632396	0.08884905
6.635729	0.08679912
6.639062	0.08480535
6.642396	0.08281159
6.645729	0.08081781
6.649063	0.07888021
6.652396	0.07699876
6.655729	0.07517348
6.659062	0.07346053
6.662396	0.07188798
6.665729	0.07045583
6.669063	0.06910793
6.672396	0.06787236
6.675729	0.06672103
6.679062	0.0655697
6.682396	0.06439029
6.685729	0.0631828
6.689063	0.06189106
6.692396	0.06054316
6.695729	0.05911102
6.699062	0.05767887
6.702396	0.05624673
6.705729	0.05484267
6.709063	0.05352285
6.712396	0.05228727
6.715729	0.05119211
6.719062	0.05018118
6.722396	0.04933874
6.725729	0.04858055
6.729063	0.04796276
6.732396	0.04742922
6.735729	0.04697992
6.739062	0.04667103
6.742396	0.04641829
6.745729	0.04627789
6.749063	0.04619364
6.752396	0.04619364
6.755729	0.04627789
6.759062	0.04644638
6.762396	0.04669911
6.765729	0.04703608
6.769063	0.04742922
6.772396	0.0479066
6.775729	0.04844014
6.779062	0.04905793
6.782396	0.04973188
6.785729	0.05043391
6.789063	0.05113594
6.792396	0.05183797
6.795729	0.05254001
6.799063	0.05318587
6.802396	0.05380366
6.805729	0.0543372
6.809062	0.05481459
6.812396	0.05517964
6.815729	0.05543237
6.819063	0.05560086
6.822396	0.05562894
6.825729	0.05551662
6.829062	0.05526389
6.832396	0.05484267
6.835729	0.05430912
6.839063	0.05360709
6.842396	0.05276466
6.845729	0.05175373
6.849062	0.05063048
6.852396	0.04936682
6.855729	0.04796276
6.859063	0.04644638
6.862396	0.0447615
6.865729	0.04299238
6.869062	0.04105477
6.872396	0.03900484
6.875729	0.03684259
6.879063	0.03456801
6.882396	0.03223727
6.885729	0.02982228
6.889062	0.02737921
6.892396	0.02493614
6.895729	0.02252116
6.899063	0.02013425
6.902396	0.01785967
6.905729	0.01566933
6.909062	0.01359132
6.912396	0.01165372
6.915729	0.009912679
6.919063	0.008340129
6.922396	0.007020311
6.925729	0.005981305
6.929062	0.005223111
6.932396	0.004773811
6.935729	0.004661486
6.939063	0.004858055
6.942396	0.005363517
6.945729	0.006177874
6.949062	0.007273042
6.952396	0.00859286
6.955729	0.01010925
6.959063	0.01179412
6.962396	0.0136194
6.965729	0.01552893
6.969062	0.01752269
6.972396	0.01960071
6.975729	0.02173488
6.979063	0.02392522
6.982396	0.02617172
6.985729	0.02850246
6.989062	0.03088937
6.992396	0.03330435
6.995729	0.0357755
6.999063	0.03824665
7.002396	0.0407178
7.005729	0.04318895
7.009062	0.04560394
7.012396	0.04796276
7.015729	0.05026542
7.019063	0.05254001
7.022396	0.05470226
7.025729	0.05680835
7.029062	0.05880212
7.032396	0.06068356
7.035729	0.06245268
7.039063	0.06402523
7.042396	0.06542929
7.045729	0.06660871
7.049063	0.06759155
7.052396	0.06829358
7.055729	0.06879904
7.059062	0.06905177
7.062396	0.06905177
7.065729	0.06888328
7.069063	0.06846207
7.072396	0.06784428
7.075729	0.06700184
7.079062	0.06596284
7.082396	0.06472726
7.085729	0.06326704
7.089063	0.06163833
7.092396	0.05984113
7.095729	0.05790352
7.099062	0.05585359
7.102396	0.0537475
7.105729	0.05155716
7.109063	0.04939491
7.112396	0.04723265
7.115729	0.04507039
7.119062	0.04293622
7.122396	0.04085821
7.125729	0.03883636
7.129063	0.03689875
7.132396	0.03504539
7.135729	0.03333243
7.139062	0.03170372
7.142396	0.0302435
7.145729	0.02892368
7.149063	0.02777235
7.152396	0.02681759
7.155729	0.02603131
7.159062	0.0254416
7.162396	0.02504847
7.165729	0.02482382
7.169063	0.02479574
7.172396	0.02493614
7.175729	0.02524504
7.179062	0.0257505
7.182396	0.02639637
7.185729	0.02721072
7.189063	0.02808124
7.192396	0.02906409
7.195729	0.03007501
7.199062	0.03111402
7.202396	0.03212494
7.205729	0.03313587
7.209063	0.03409063
7.212396	0.03504539
7.215729	0.03594399
7.219062	0.03687067
7.222396	0.03782543
7.225729	0.03880828
7.229063	0.03979112
7.232396	0.04083012
7.235729	0.04186913
7.239062	0.04288005
7.242396	0.04389098
7.245729	0.04484574
7.249063	0.04571626
7.252396	0.04653062
7.255729	0.04728881
7.259062	0.04796276
7.262396	0.04858055
7.265729	0.04919834
7.269063	0.04978804
7.272396	0.05034967
7.275729	0.05093937
7.279062	0.051501
7.282396	0.05203454
7.285729	0.05256809
7.289063	0.05307355
7.292396	0.05352285
7.295729	0.0538879
7.299063	0.05422488
7.302396	0.05453377
7.305729	0.0547865
7.309062	0.05503924
7.312396	0.0552358
7.315729	0.05546045
7.319063	0.0556851
7.322396	0.05590975
7.325729	0.0561344
7.329062	0.05635905
7.332396	0.0565837
7.335729	0.05675219
7.339063	0.05686452
7.342396	0.0568926
7.345729	0.05683643
7.349062	0.05669603
7.352396	0.05638714
7.355729	0.055994
7.359063	0.05546045
7.362396	0.0547865
7.365729	0.05405639
7.369062	0.05321395
7.372396	0.05231536
7.375729	0.05138867
7.379063	0.05043391
7.382396	0.04945107
7.385729	0.04846823
7.389062	0.04751346
7.392396	0.04653062
7.395729	0.04557585
7.399063	0.04464917
7.402396	0.04375057
7.405729	0.04288005
7.409062	0.04209378
7.412396	0.04133559
7.415729	0.04063356
7.419063	0.03998769
7.422396	0.03939798
7.425729	0.03883636
7.429062	0.03830281
7.432396	0.03774119
7.435729	0.03720765
7.439063	0.03664602
7.442396	0.03611248
7.445729	0.03557893
7.449062	0.03507347
7.452396	0.03459609
7.455729	0.03417487
7.459063	0.03380982
7.462396	0.033529
7.465729	0.03327627
7.469062	0.03310779
7.472396	0.03296738
7.475729	0.03285505
7.479063	0.03277081
7.482396	0.03265849
7.485729	0.03254616
7.489062	0.03237767
7.492396	0.0321811
7.495729	0.03195645
7.499063	0.0317318
7.502396	0.03145099
7.505729	0.03119826
7.509062	0.03094553
7.512396	0.03074896
7.515729	0.03058047
7.519063	0.03046815
7.522396	0.03041199
7.525729	0.03041199
7.529062	0.03044007
7.532396	0.03052431
7.535729	0.03063664
7.539063	0.03080512
7.542396	0.03097361
7.545729	0.03117018
7.549063	0.03139483
7.552396	0.0315914
7.555729	0.03181605
7.559062	0.03198454
7.562396	0.03215302
7.565729	0.03226535
7.569063	0.03229343
7.572396	0.03229343
7.575729	0.03220919
7.579062	0.03212494
7.582396	0.03198454
7.585729	0.03181605
7.589063	0.03161948
7.592396	0.03142291
7.595729	0.03119826
7.599062	0.03100169
7.602396	0.03080512
7.605729	0.03058047
7.609063	0.03032774
7.612396	0.03007501
7.615729	0.0297942
7.619062	0.02951339
7.622396	0.02923257
7.625729	0.02895176
7.629063	0.02867095
7.632396	0.02839014
7.635729	0.02816549
7.639062	0.02796892
7.642396	0.02782851
7.645729	0.02771619
7.649063	0.02763194
7.652396	0.0275477
7.655729	0.02749154
7.659062	0.02740729
7.662396	0.02732305
7.665729	0.02721072
7.669063	0.0270984
7.672396	0.02698607
7.675729	0.02690183
7.679062	0.02687375
7.682396	0.02687375
7.685729	0.02695799
7.689063	0.0270984
7.692396	0.02726689
7.695729	0.02749154
7.699062	0.0276881
7.702396	0.02785659
7.705729	0.02796892
7.709063	0.027997
7.712396	0.02791275
7.715729	0.02780043
7.719062	0.02763194
7.722396	0.02743537
7.725729	0.02726689
7.729063	0.02715456
7.732396	0.0270984
7.735729	0.02715456
7.739062	0.0272388
7.742396	0.02740729
7.745729	0.0275477
7.749063	0.0276881
7.752396	0.02777235
7.755729	0.02777235
7.759062	0.0276881
7.762396	0.0275477
7.765729	0.02732305
7.769063	0.02704224
7.772396	0.02676142
7.775729	0.02650869
7.779062	0.02625596
7.782396	0.02608747
7.785729	0.02597515
7.789063	0.0258909
7.792396	0.0258909
7.795729	0.02591899
7.799063	0.02597515
7.802396	0.02605939
7.805729	0.02611555
7.809062	0.02617172
7.812396	0.0261998
7.815729	0.0261998
7.819063	0.02611555
7.822396	0.02600323
7.825729	0.02583474
7.829062	0.02558201
7.832396	0.02532928
7.835729	0.02502039
7.839063	0.02471149
7.842396	0.02437452
7.845729	0.02406562
7.849062	0.02375673
7.852396	0.023504
7.855729	0.02330743
7.859063	0.02316703
7.862396	0.02302662
7.865729	0.02294238
7.869062	0.02285813
7.872396	0.02277389
7.875729	0.02268964
7.879063	0.02263348
7.882396	0.02257732
7.885729	0.02252116
7.889062	0.02246499
7.892396	0.02240883
7.895729	0.02238075
7.899063	0.02235267
7.902396	0.02238075
7.905729	0.02240883
7.909062	0.02246499
7.912396	0.02252116
7.915729	0.02257732
7.919063	0.02263348
7.922396	0.02271773
7.925729	0.02274581
7.929062	0.02280197
7.932396	0.02280197
7.935729	0.02280197
7.939063	0.02280197
7.942396	0.02277389
7.945729	0.02277389
7.949062	0.02271773
7.952396	0.02266156
7.955729	0.02254924
7.959063	0.02243691
7.962396	0.02224034
7.965729	0.02204378
7.969062	0.02184721
7.972396	0.02162256
7.975729	0.02139791
7.979063	0.02122942
7.982396	0.02106093
7.985729	0.02094861
7.989062	0.02086436
7.992396	0.0208082
7.995729	0.02078012
7.999063	0.02072396
8.002396	0.02069588
8.005729	0.02066779
8.009063	0.02063971
8.012396	0.02063971
8.015729	0.02063971
8.019062	0.02069588
8.022396	0.02078012
8.025729	0.02086436
8.029062	0.02097669
8.032395	0.02106093
8.035729	0.02111709
8.039063	0.02111709
8.042396	0.02111709
8.04573	0.02106093
8.049063	0.02097669
8.052396	0.02089244
8.055729	0.0208082
8.059063	0.02072396
8.062396	0.02069588
8.065729	0.02069588
8.069062	0.02075204
8.072396	0.02083628
8.075729	0.02094861
8.079062	0.02106093
8.082396	0.02122942
8.08573	0.02139791
8.089063	0.02159448
8.092396	0.02179104
8.095729	0.02201569
8.099063	0.02224034
8.102396	0.02243691
8.105729	0.02266156
8.109062	0.02288621
8.112396	0.02308278
8.115729	0.02327935
8.119062	0.02347592
8.122396	0.02361632
8.12573	0.02378481
8.129063	0.02392522
8.132396	0.02403754
8.135729	0.02414987
8.139063	0.02426219
8.142396	0.02434644
8.145729	0.02443068
8.149062	0.02445876
8.152396	0.02448684
8.155729	0.02448684
8.159062	0.02445876
8.162395	0.02443068
8.16573	0.02443068
8.169063	0.02443068
8.172396	0.02443068
8.175729	0.02445876
8.179063	0.02448684
8.182396	0.024543
8.185729	0.02457109
8.189062	0.02459917
8.192396	0.02457109
8.195729	0.02448684
8.199062	0.02437452
8.202395	0.02420603
8.205729	0.02400946
8.209063	0.02375673
8.212396	0.023504
8.215729	0.02322319
8.219063	0.02297046
8.222396	0.02271773
8.225729	0.02249308
8.229062	0.02229651
8.232396	0.02212802
8.235729	0.02198761
8.239062	0.02190337
8.242395	0.02181913
8.245729	0.02173488
8.249063	0.0217068
8.252396	0.02165064
8.255729	0.02162256
8.259063	0.02162256
8.262396	0.02162256
8.265729	0.02165064
8.269062	0.02167872
8.272396	0.0217068
8.275729	0.02173488
8.279062	0.02176296
8.282395	0.02176296
8.285729	0.0217068
8.289063	0.02162256
8.292396	0.02148215
8.29573	0.02134174
8.299063	0.02117326
8.302396	0.02100477
8.305729	0.02086436
8.309063	0.02078012
8.312396	0.02072396
8.315729	0.02069588
8.319062	0.02072396
8.322396	0.02078012
8.325729	0.02083628
8.329062	0.02086436
8.332396	0.02086436
8.33573	0.0208082
8.339063	0.02075204
8.342396	0.02066779
8.345729	0.02055547
8.349063	0.02047123
8.352396	0.0203589
8.355729	0.02027466
8.359062	0.02016233
8.362396	0.02007809
8.365729	0.01999384
8.369062	0.01993768
8.372396	0.01988152
8.37573	0.01982536
8.379063	0.01982536
8.382396	0.01985344
8.385729	0.0199096
8.389063	0.01999384
8.392396	0.02013425
8.395729	0.02021849
8.399062	0.02033082
8.402396	0.0203589
8.405729	0.0203589
8.409062	0.02027466
8.412395	0.02013425
8.41573	0.01993768
8.419063	0.01968495
8.422396	0.01943222
8.425729	0.01917949
8.429063	0.01892676
8.432396	0.01875827
8.435729	0.01864594
8.439062	0.01861786
8.442396	0.01867403
8.445729	0.01881443
8.449062	0.019011
8.452395	0.01929181
8.455729	0.01962879
8.459063	0.02002193
8.462396	0.02044314
8.465729	0.02092053
8.469063	0.02145407
8.472396	0.02201569
8.475729	0.02257732
8.479062	0.02322319
8.482396	0.02386906
8.485729	0.024543
8.489062	0.02524504
8.492395	0.02600323
8.495729	0.0267895
8.499063	0.02763194
8.502396	0.02853054
8.505729	0.02948531
8.509063	0.03052431
8.512396	0.03161948
8.515729	0.03279889
8.519062	0.03395022
8.522396	0.03512963
8.525729	0.03628097
8.529062	0.03737613
8.532395	0.03841514
8.535729	0.03939798
8.539063	0.04029658
8.542396	0.04113902
8.54573	0.04192529
8.549063	0.04265541
8.552396	0.04330127
8.555729	0.04389098
8.559063	0.04439644
8.562396	0.04478958
8.565729	0.04509847
8.569062	0.04526696
8.572396	0.04532312
8.575729	0.04526696
8.579062	0.04512655
8.582396	0.0449019
8.58573	0.04459301
8.589063	0.04422795
8.592396	0.04377865
8.595729	0.04324511
8.599063	0.04262732
8.602396	0.04189721
8.605729	0.04111094
8.609062	0.04021234
8.612396	0.03928566
8.615729	0.03830281
8.619062	0.03729189
8.622396	0.03630905
8.62573	0.03535428
8.629063	0.0344276
8.632396	0.033529
8.635729	0.0326304
8.639063	0.03175989
8.642396	0.03086129
8.645729	0.02999077
8.649062	0.02906409
8.652396	0.02816549
8.655729	0.02729497
8.659062	0.02645253
8.662395	0.02566625
8.66573	0.02490806
8.669063	0.02426219
8.672396	0.02364441
8.675729	0.02311086
8.679063	0.02263348
8.682396	0.02221226
8.685729	0.02179104
8.689062	0.02139791
8.692396	0.02100477
8.695729	0.02058355
8.699062	0.02016233
8.702395	0.01971303
8.705729	0.01923565
8.709063	0.01878635
8.712396	0.01836513
8.715729	0.01794391
8.719063	0.01760694
8.722396	0.01729804
8.725729	0.01704531
8.729062	0.01687683
8.732396	0.01673642
8.735729	0.01665218
8.739062	0.01656793
8.742395	0.01651177
8.745729	0.01642753
8.749063	0.01634328
8.752396	0.01623096
8.755729	0.01611863
8.759063	0.01595015
8.762396	0.01580974
8.765729	0.01564125
8.769062	0.01547276
8.772396	0.01530428
8.775729	0.01516387
8.779062	0.01507963
8.782395	0.01499538
8.785729	0.01493922
8.789063	0.01491114
8.792396	0.01488306
8.79573	0.01488306
8.799063	0.01491114
8.802396	0.01488306
8.805729	0.01485498
8.809063	0.01479881
8.812396	0.01468649
8.815729	0.01457417
8.819062	0.01440568
8.822396	0.01423719
8.825729	0.0140687
8.829062	0.01387213
8.832396	0.01373173
8.83573	0.01359132
8.839063	0.01350708
8.842396	0.01345092
8.845729	0.01345092
8.849063	0.01345092
8.852396	0.01353516
8.855729	0.0136194
8.859062	0.01370365
8.862396	0.01381597
8.865729	0.0139283
8.869062	0.01404062
8.872396	0.01415295
8.87573	0.01420911
8.879063	0.01429335
8.882396	0.01432143
8.885729	0.0143776
8.889063	0.01440568
8.892396	0.01440568
8.895729	0.0143776
8.899062	0.01432143
8.902396	0.01426527
8.905729	0.01418103
8.909062	0.0140687
8.912395	0.01395638
8.91573	0.01387213
8.919063	0.01378789
8.922396	0.01373173
8.925729	0.01373173
8.929063	0.01375981
8.932396	0.01381597
8.935729	0.01387213
8.939062	0.01395638
8.942396	0.01401254
8.945729	0.01404062
8.949062	0.01404062
8.952395	0.01398446
8.955729	0.01387213
8.959063	0.01373173
8.962396	0.01353516
8.965729	0.01333859
8.969063	0.01308586
8.972396	0.01286121
8.975729	0.01263656
8.979062	0.01243999
8.982396	0.0122715
8.985729	0.01210302
8.989062	0.01199069
8.992395	0.01190645
8.995729	0.01185028
8.999063	0.0118222
9.002396	0.0118222
9.005729	0.0118222
9.009063	0.01185028
9.012396	0.01187837
9.015729	0.01190645
9.019062	0.01193453
9.022396	0.01196261
9.025729	0.01199069
9.029062	0.01201877
9.032395	0.01201877
9.035729	0.01201877
9.039063	0.01199069
9.042396	0.01193453
9.04573	0.01187837
9.049063	0.0118222
9.052396	0.01179412
9.055729	0.01173796
9.059063	0.0116818
9.062396	0.01165372
9.065729	0.01165372
9.069062	0.01165372
9.072396	0.0116818
9.075729	0.01176604
9.079062	0.0118222
9.082396	0.01193453
9.08573	0.01204685
9.089063	0.01215918
9.092396	0.01229958
9.095729	0.01238383
9.099063	0.01246807
9.102396	0.01246807
9.105729	0.01243999
9.109062	0.01235575
9.112396	0.01224342
9.115729	0.01210302
9.119062	0.01193453
9.122396	0.0118222
9.12573	0.01170988
9.129063	0.0116818
9.132396	0.01170988
9.135729	0.0118222
9.139063	0.01196261
9.142396	0.0121311
9.145729	0.01232767
9.149062	0.01252423
9.152396	0.01266464
9.155729	0.01277697
9.159062	0.01283313
9.162395	0.01283313
9.16573	0.01280505
9.169063	0.01274888
9.172396	0.01266464
9.175729	0.01255232
9.179063	0.01241191
9.182396	0.01229958
9.185729	0.01218726
9.189062	0.01207493
9.192396	0.01196261
9.195729	0.0118222
9.199062	0.01173796
9.202395	0.01165372
9.205729	0.01159755
9.209063	0.01159755
9.212396	0.01162563
9.215729	0.0116818
9.219063	0.01176604
9.222396	0.01190645
9.225729	0.01207493
9.229062	0.0122715
9.232396	0.01246807
9.235729	0.01263656
9.239062	0.01277697
9.242395	0.01288929
9.245729	0.01291737
9.249063	0.01288929
9.252396	0.01283313
9.255729	0.01269272
9.259063	0.01255232
9.262396	0.01235575
9.265729	0.01215918
9.269062	0.01199069
9.272396	0.0118222
9.275729	0.0116818
9.279062	0.01159755
9.282395	0.01151331
9.285729	0.01148523
9.289063	0.01151331
9.292396	0.01154139
9.29573	0.01165372
9.299063	0.01179412
9.302396	0.01199069
9.305729	0.01221534
9.309063	0.01241191
9.312396	0.01263656
9.315729	0.01280505
9.319062	0.01294545
9.322396	0.01305778
9.325729	0.01314202
9.329062	0.01314202
9.332396	0.01308586
9.33573	0.01300162
9.339063	0.01288929
9.342396	0.01274888
9.345729	0.01260848
9.349063	0.01246807
9.352396	0.01232767
9.355729	0.01218726
9.359062	0.01210302
9.362396	0.01204685
9.365729	0.01204685
9.369062	0.01207493
9.372396	0.01215918
9.37573	0.0122715
9.379063	0.01243999
9.382396	0.01260848
9.385729	0.01274888
9.389063	0.01288929
9.392396	0.01300162
9.395729	0.01305778
9.399062	0.01305778
9.402396	0.01300162
9.405729	0.01291737
9.409062	0.01280505
9.412395	0.01266464
9.41573	0.01252423
9.419063	0.01241191
9.422396	0.0122715
9.425729	0.01215918
9.429063	0.01207493
9.432396	0.01196261
9.435729	0.01185028
9.439062	0.01173796
9.442396	0.01162563
9.445729	0.01151331
9.449062	0.01142907
9.452395	0.01140098
9.455729	0.01140098
9.459063	0.01142907
9.462396	0.01151331
9.465729	0.01159755
9.469063	0.0116818
9.472396	0.01173796
9.475729	0.01173796
9.479062	0.0116818
9.482396	0.01159755
9.485729	0.01145715
9.489062	0.01131674
9.492395	0.01114825
9.495729	0.01106401
9.499063	0.01100785
9.502396	0.01100785
9.505729	0.01106401
9.509063	0.01114825
9.512396	0.0112325
9.515729	0.01128866
9.519062	0.01128866
9.522396	0.0112325
9.525729	0.01109209
9.529062	0.0109236
9.532395	0.01069895
9.535729	0.01044622
9.539063	0.01022157
9.542396	0.009996922
9.54573	0.009856516
9.549063	0.009744191
9.552396	0.00971611
9.555729	0.009744191
9.559063	0.009800354
9.562396	0.009884597
9.565729	0.010025
9.569062	0.01013733
9.572396	0.01027773
9.575729	0.01041814
9.579062	0.01053047
9.582396	0.01064279
9.58573	0.01072703
9.589063	0.0107832
9.592396	0.01081128
9.595729	0.01081128
9.599063	0.01081128
9.602396	0.01081128
9.605729	0.01075512
9.609062	0.01069895
9.612396	0.01064279
9.615729	0.01058663
9.619062	0.01055855
9.622396	0.01053047
9.62573	0.01050238
9.629063	0.0104743
9.632396	0.01044622
9.635729	0.01039006
9.639063	0.0103339
9.642396	0.01024965
9.645729	0.01016541
9.649062	0.01008117
9.652396	0.010025
9.655729	0.009996922
9.659062	0.009996922
9.662395	0.01005308
9.66573	0.01019349
9.669063	0.01036198
9.672396	0.01055855
9.675729	0.0107832
9.679063	0.01103593
9.682396	0.0112325
9.685729	0.01142907
9.689062	0.01154139
9.692396	0.01162563
9.695729	0.01165372
9.699062	0.01162563
9.702395	0.01156947
9.705729	0.01145715
9.709063	0.01134482
9.712396	0.01120442
9.715729	0.01103593
9.719063	0.01086744
9.722396	0.01069895
9.725729	0.01053047
9.729062	0.0103339
9.732396	0.01013733
9.735729	0.00994076
9.739062	0.009772273
9.742395	0.009603785
9.745729	0.00949146
9.749063	0.009407216
9.752396	0.009351054
9.755729	0.009407216
9.759063	0.00949146
9.762396	0.009631866
9.765729	0.009800354
9.769062	0.009996922
9.772396	0.01019349
9.775729	0.01039006
9.779062	0.01053047
9.782395	0.01067087
9.785729	0.01072703
9.789063	0.0107832
9.792396	0.01075512
9.79573	0.01069895
9.799063	0.01064279
9.802396	0.01058663
9.805729	0.01053047
9.809063	0.01050238
9.812396	0.01050238
9.815729	0.01053047
9.819062	0.01061471
9.822396	0.01072703
9.825729	0.01083936
9.829062	0.01097977
9.832396	0.01106401
9.83573	0.01114825
9.839063	0.01114825
9.842396	0.01112017
9.845729	0.01106401
9.849063	0.01095168
9.852396	0.01086744
9.855729	0.0107832
9.859062	0.01075512
9.862396	0.0107832
9.865729	0.01083936
9.869062	0.0109236
9.872396	0.01103593
9.87573	0.01114825
9.879063	0.0112325
9.882396	0.01128866
9.885729	0.01128866
9.889063	0.01120442
9.892396	0.01109209
9.895729	0.01095168
9.899062	0.01075512
9.902396	0.01058663
9.905729	0.01044622
9.909062	0.01030582
9.912395	0.01022157
9.91573	0.01019349
9.919063	0.01022157
9.922396	0.01030582
9.925729	0.01044622
9.929063	0.01061471
9.932396	0.01081128
9.935729	0.01097977
9.939062	0.01114825
9.942396	0.01126058
9.945729	0.01134482
9.949062	0.0113729
9.952395	0.01131674
9.955729	0.01126058
9.959063	0.01112017
9.962396	0.01097977
9.965729	0.01081128
9.969063	0.01067087
9.972396	0.01053047
9.975729	0.01039006
9.979062	0.01024965
9.982396	0.01008117
9.985729	0.009912679
9.989062	0.009744191
9.992395	0.009547623
9.995729	0.009351054
9.999063	0.009154485
}
[PEAK]
{
Peak ID	1
Peak Ref	1
Time	3.972191
Peak	3.222396	4.135729
Intensity	-1.186133e-05	9.500981e-05
Height	0.006406584
AreaAbs	1817.409
Area %BP	0.07887449
Area %Total	0.06472487
Width	0.9133334
}
[PEAK]
{
Peak ID	2
Peak Ref	2
Time	4.326204
Peak	4.135729	4.669063
Intensity	-1.186133e-05	9.500981e-05
Height	0.03367426
AreaAbs	6553.249
Area %BP	0.2844073
Area %Total	0.2333863
Width	0.5333333
}
[PEAK]
{
Peak ID	3
Peak Ref	3
Time	5.0148
Peak	4.669063	6.099062
Intensity	-1.186133e-05	9.500981e-05
Height	0.212212
AreaAbs	38402.96
Area %BP	1.666667
Area %Total	1.367676
Width	1.43
}
[PEAK]
{
Peak ID	4
Peak Ref	4
Time	6.183321
Peak	6.099062	6.429062
Intensity	-1.186133e-05	9.500981e-05
Height	0.0001306799
AreaAbs	24.68521
Area %BP	0.001071324
Area %Total	0.0008791347
Width	0.3299999
}
}
}
}
