[SAMPLE]
{
Sample	1
Well	1:B,10
FileName	
SampleID	ASD-E-2601294-005
SampleDescription	Aquired with Galaxy
Date	05-Mar-2026
Time	18:01:57 PRC
JobCode	
TaskCode	
UserName	Congcong_Liu2
LabName	Aquired with Galaxy
Instrument	MS_L_19_062
Conditions	
Submitter	Siyu_Zhang
SampleType	
Plate	
Method	
Process	Galaxy
MSTune	
MSMethod	
InletMethod	
PreRunMethod	
PostRunMethod	
SwitchMethod	
FractionMethod	
AcquisitionProcess	
AcquisitionProcessParameters	
AcquisitionProcessOptions	
InjectionVolume	25
ReportScheme	
SampleReportEnable	0
SampleReportFormat	
AnalysisTime	0
[COMPOUND]
{
;Mono Mass	Formula
}
[FUNCTION]
{
Function	1
IonMode	ES+
Type	MS
Description	(0:0)
[SPECTRUM]
{
ProcDesc	0.00:Combine
State	OK
Peak ID	0
Peak Ref	0
Time	0
TIC	0
BPI	0
BPM	0
Continuum	FALSE
Saved	FALSE
[MASSES]
{
;Mass	Exp. Mass	Obs. Mass	% BPI	Int. Abs
}
[RESULTS]
{
;Mass	Found	% BPI	% Purity
}
[MS]
{
;Mass	% BPI
0	0
}
}
[CHROMATOGRAM]
{
TraceNumber	1
Description	scroll down chrom view to see 2D LC chrom
ProcDesc	
MaxIntensity	0
[TRACE]
{
0	0
}
[PEAK]
{
Peak ID	0
Peak Ref	0
Time	0
Peak	0
Intensity	0	0
Height	0
AreaAbs	0
Area %BP	0
Area %Total	0
}
}
}
[FUNCTION]
{
Function	0
Description	ANALOG
[CHROMATOGRAM]
{
TraceNumber	2
Description	LC
ProcDesc	Result Id:2854, VWD: Signal A, 280 nm
MaxIntensity	0.1922246
[TRACE]
{
;Time	Int. %Max
0.001354167	0.01798453
0.0046875	0.01810856
0.008020833	0.01823259
0.01135417	0.01832562
0.0146875	0.01838763
0.01802083	0.01841864
0.02135417	0.01838763
0.0246875	0.01829461
0.02802083	0.01817058
0.03135417	0.01801554
0.0346875	0.0178605
0.03802083	0.01773647
0.04135417	0.01764344
0.0446875	0.01761244
0.04802083	0.01764344
0.05135417	0.01770546
0.0546875	0.01782949
0.05802083	0.01798453
0.06135417	0.01810856
0.0646875	0.01823259
0.06802084	0.01829461
0.07135417	0.01835662
0.0746875	0.01838763
0.07802083	0.01838763
0.08135416	0.01841864
0.0846875	0.01844965
0.08802083	0.01851166
0.09135417	0.01860469
0.0946875	0.01872872
0.09802084	0.01885275
0.1013542	0.01900779
0.1046875	0.01913182
0.1080208	0.01922484
0.1113542	0.01925585
0.1146875	0.01925585
0.1180208	0.01916283
0.1213542	0.0190388
0.1246875	0.01882174
0.1280208	0.01860469
0.1313542	0.01832562
0.1346875	0.01804655
0.1380208	0.01779848
0.1413542	0.01758143
0.1446875	0.01739538
0.1480208	0.01727135
0.1513542	0.01717833
0.1546875	0.01717833
0.1580208	0.01720933
0.1613542	0.01730236
0.1646875	0.01739538
0.1680208	0.01751941
0.1713542	0.01767445
0.1746875	0.01776748
0.1780208	0.01789151
0.1813542	0.01798453
0.1846875	0.01807755
0.1880208	0.01813957
0.1913542	0.01817058
0.1946875	0.01817058
0.1980208	0.01813957
0.2013542	0.01810856
0.2046875	0.01804655
0.2080208	0.01798453
0.2113542	0.01792251
0.2146875	0.0178605
0.2180208	0.01779848
0.2213542	0.01776748
0.2246875	0.01776748
0.2280208	0.01776748
0.2313542	0.01776748
0.2346875	0.01779848
0.2380208	0.01782949
0.2413542	0.0178605
0.2446875	0.0178605
0.2480208	0.01789151
0.2513542	0.01789151
0.2546875	0.01789151
0.2580208	0.0178605
0.2613542	0.01782949
0.2646875	0.01779848
0.2680208	0.01773647
0.2713542	0.01767445
0.2746875	0.01758143
0.2780208	0.0174574
0.2813542	0.01733337
0.2846875	0.01720933
0.2880208	0.0170853
0.2913542	0.01699228
0.2946875	0.01693026
0.2980208	0.01696127
0.3013542	0.01702329
0.3046875	0.01711631
0.3080208	0.01727135
0.3113542	0.0174574
0.3146875	0.01761244
0.3180208	0.01776748
0.3213542	0.01789151
0.3246875	0.01795352
0.3280208	0.01798453
0.3313542	0.01795352
0.3346875	0.0178605
0.3380208	0.01770546
0.3413542	0.01755042
0.3446875	0.01736437
0.3480208	0.01714732
0.3513542	0.01693026
0.3546875	0.0166822
0.3580208	0.01646515
0.3613542	0.01624809
0.3646875	0.01606205
0.3680208	0.01590701
0.3713542	0.01578297
0.3746875	0.01572096
0.3780208	0.01568995
0.3813542	0.01565894
0.3846875	0.01565894
0.3880208	0.01568995
0.3913542	0.01572096
0.3946875	0.01572096
0.3980208	0.01575197
0.4013542	0.01578297
0.4046875	0.01581398
0.4080208	0.015876
0.4113542	0.01596902
0.4146875	0.01609305
0.4180208	0.01621709
0.4213542	0.01637212
0.4246875	0.01652716
0.4280208	0.01665119
0.4313542	0.01677523
0.4346875	0.01689926
0.4380208	0.01696127
0.4413542	0.01702329
0.4446875	0.0170543
0.4480208	0.0170853
0.4513542	0.0170853
0.4546875	0.01711631
0.4580208	0.01711631
0.4613542	0.0170853
0.4646875	0.0170543
0.4680208	0.01696127
0.4713542	0.01686825
0.4746875	0.01674422
0.4780208	0.01658918
0.4813542	0.01646515
0.4846875	0.01634112
0.4880208	0.01624809
0.4913542	0.01618608
0.4946875	0.01615507
0.4980208	0.01615507
0.5013542	0.01618608
0.5046875	0.01624809
0.5080208	0.0162791
0.5113541	0.01634112
0.5146875	0.01640313
0.5180208	0.01646515
0.5213541	0.01655817
0.5246875	0.01662019
0.5280209	0.01671321
0.5313542	0.01674422
0.5346875	0.01677523
0.5380208	0.01674422
0.5413542	0.01671321
0.5446875	0.01665119
0.5480208	0.01652716
0.5513542	0.01643414
0.5546875	0.01631011
0.5580208	0.01621709
0.5613542	0.01612406
0.5646875	0.01609305
0.5680208	0.01609305
0.5713542	0.01615507
0.5746875	0.01624809
0.5780208	0.01634112
0.5813541	0.01649616
0.5846875	0.01665119
0.5880209	0.01680623
0.5913542	0.01693026
0.5946875	0.0170543
0.5980209	0.01714732
0.6013542	0.01717833
0.6046875	0.01714732
0.6080208	0.0170543
0.6113542	0.01689926
0.6146875	0.0166822
0.6180208	0.01646515
0.6213542	0.01621709
0.6246875	0.01600003
0.6280208	0.01581398
0.6313542	0.01565894
0.6346875	0.01553491
0.6380208	0.0155039
0.6413541	0.0155039
0.6446875	0.01556592
0.6480208	0.01562794
0.6513542	0.01572096
0.6546875	0.01581398
0.6580209	0.01590701
0.6613542	0.01596902
0.6646875	0.01603104
0.6680208	0.01600003
0.6713542	0.01596902
0.6746875	0.01590701
0.6780208	0.01581398
0.6813542	0.01572096
0.6846875	0.01562794
0.6880208	0.01556592
0.6913542	0.0155039
0.6946875	0.01544189
0.6980208	0.01541088
0.7013541	0.01541088
0.7046875	0.01537987
0.7080208	0.01537987
0.7113542	0.01534887
0.7146875	0.01534887
0.7180209	0.01531786
0.7213542	0.01528685
0.7246875	0.01528685
0.7280208	0.01528685
0.7313542	0.01531786
0.7346875	0.01534887
0.7380208	0.01541088
0.7413542	0.0154729
0.7446875	0.01553491
0.7480208	0.01559693
0.7513542	0.01562794
0.7546875	0.01565894
0.7580208	0.01565894
0.7613541	0.01565894
0.7646875	0.01568995
0.7680208	0.01572096
0.7713541	0.01578297
0.7746875	0.015876
0.7780209	0.01596902
0.7813542	0.01609305
0.7846875	0.01624809
0.7880208	0.01640313
0.7913542	0.01652716
0.7946875	0.01665119
0.7980208	0.01674422
0.8013542	0.01674422
0.8046875	0.01674422
0.8080208	0.01665119
0.8113542	0.01655817
0.8146875	0.01637212
0.8180208	0.01618608
0.8213542	0.01600003
0.8246875	0.01581398
0.8280208	0.01565894
0.8313541	0.01556592
0.8346875	0.01553491
0.8380209	0.01556592
0.8413542	0.01559693
0.8446875	0.01568995
0.8480209	0.01581398
0.8513542	0.01593801
0.8546875	0.01603104
0.8580208	0.01609305
0.8613542	0.01609305
0.8646875	0.01606205
0.8680208	0.01596902
0.8713542	0.01584499
0.8746875	0.01568995
0.8780208	0.01553491
0.8813542	0.01537987
0.8846875	0.01525584
0.8880208	0.01516282
0.8913541	0.01513181
0.8946875	0.01513181
0.8980208	0.01516282
0.9013542	0.01519383
0.9046875	0.01525584
0.9080209	0.01528685
0.9113542	0.01531786
0.9146875	0.01531786
0.9180208	0.01525584
0.9213542	0.01519383
0.9246875	0.01513181
0.9280208	0.01503879
0.9313542	0.01494576
0.9346875	0.01488375
0.9380208	0.01482173
0.9413542	0.01472871
0.9446875	0.01466669
0.9480208	0.01460468
0.9513541	0.01454266
0.9546875	0.01448065
0.9580208	0.01441863
0.9613542	0.01438762
0.9646875	0.01435662
0.9680209	0.01435662
0.9713542	0.01432561
0.9746875	0.01432561
0.9780208	0.01432561
0.9813542	0.01426359
0.9846875	0.01420158
0.9880208	0.01410855
0.9913542	0.01398452
0.9946875	0.01379848
0.9980208	0.01364344
1.001354	0.0134884
1.004688	0.01339537
1.008021	0.01333336
1.011354	0.01333336
1.014688	0.01339537
1.018021	0.0134884
1.021354	0.01361243
1.024688	0.01379848
1.028021	0.01395351
1.031354	0.01413956
1.034688	0.0142946
1.038021	0.01444964
1.041354	0.01460468
1.044688	0.01472871
1.048021	0.01485274
1.051354	0.01497677
1.054688	0.0151008
1.058021	0.01516282
1.061354	0.01519383
1.064687	0.01516282
1.068021	0.0151008
1.071354	0.01497677
1.074687	0.01482173
1.078021	0.01466669
1.081354	0.01448065
1.084687	0.01435662
1.088021	0.01426359
1.091354	0.01423258
1.094687	0.01426359
1.098021	0.0142946
1.101354	0.01438762
1.104687	0.01451165
1.108021	0.01460468
1.111354	0.0146977
1.114687	0.01472871
1.118021	0.01475972
1.121354	0.01475972
1.124688	0.01475972
1.128021	0.01475972
1.131354	0.01472871
1.134688	0.01472871
1.138021	0.01472871
1.141354	0.01472871
1.144688	0.01472871
1.148021	0.01472871
1.151354	0.01472871
1.154688	0.01475972
1.158021	0.01475972
1.161354	0.01479072
1.164688	0.01482173
1.168021	0.01485274
1.171354	0.01491476
1.174688	0.01497677
1.178021	0.0150698
1.181354	0.01513181
1.184687	0.01516282
1.188021	0.01516282
1.191354	0.01513181
1.194687	0.0150698
1.198021	0.01494576
1.201354	0.01479072
1.204687	0.01460468
1.208021	0.01441863
1.211354	0.01426359
1.214687	0.01417057
1.218021	0.01410855
1.221354	0.01417057
1.224687	0.0142946
1.228021	0.01448065
1.231354	0.01475972
1.234687	0.01503879
1.238021	0.01531786
1.241354	0.01553491
1.244688	0.01572096
1.248021	0.01581398
1.251354	0.01581398
1.254688	0.01578297
1.258021	0.01568995
1.261354	0.01556592
1.264688	0.0155039
1.268021	0.01544189
1.271354	0.0154729
1.274688	0.01553491
1.278021	0.01565894
1.281354	0.01581398
1.284688	0.01600003
1.288021	0.01612406
1.291354	0.01621709
1.294688	0.01624809
1.298021	0.01618608
1.301354	0.01609305
1.304688	0.01590701
1.308021	0.01568995
1.311354	0.0154729
1.314687	0.01525584
1.318021	0.0151008
1.321354	0.01497677
1.324687	0.01491476
1.328021	0.01488375
1.331354	0.01488375
1.334687	0.01491476
1.338021	0.01497677
1.341354	0.01503879
1.344687	0.0150698
1.348021	0.0151008
1.351354	0.01516282
1.354687	0.01522483
1.358021	0.01531786
1.361354	0.01544189
1.364687	0.01559693
1.368021	0.01575197
1.371354	0.01590701
1.374688	0.01603104
1.378021	0.01609305
1.381354	0.01612406
1.384688	0.01606205
1.388021	0.01590701
1.391354	0.01568995
1.394688	0.01544189
1.398021	0.01513181
1.401354	0.01485274
1.404688	0.01457367
1.408021	0.01435662
1.411354	0.01417057
1.414688	0.01407755
1.418021	0.01401553
1.421354	0.01404654
1.424688	0.01407755
1.428021	0.01417057
1.431354	0.01426359
1.434687	0.01435662
1.438021	0.01438762
1.441354	0.01441863
1.444687	0.01441863
1.448021	0.01441863
1.451354	0.01435662
1.454687	0.01432561
1.458021	0.01426359
1.461354	0.01420158
1.464687	0.01417057
1.468021	0.01413956
1.471354	0.01413956
1.474687	0.01420158
1.478021	0.01423258
1.481354	0.0142946
1.484687	0.01438762
1.488021	0.01444964
1.491354	0.01454266
1.494688	0.01457367
1.498021	0.01463569
1.501354	0.01466669
1.504688	0.0146977
1.508021	0.0146977
1.511354	0.0146977
1.514688	0.01466669
1.518021	0.01463569
1.521354	0.01460468
1.524688	0.01454266
1.528021	0.01448065
1.531354	0.01441863
1.534688	0.01432561
1.538021	0.01426359
1.541354	0.01420158
1.544688	0.01413956
1.548021	0.01413956
1.551354	0.01417057
1.554688	0.01423258
1.558021	0.0142946
1.561354	0.01438762
1.564687	0.01448065
1.568021	0.01457367
1.571354	0.0146977
1.574687	0.01479072
1.578021	0.01488375
1.581354	0.01494576
1.584687	0.01497677
1.588021	0.01500778
1.591354	0.01497677
1.594687	0.01491476
1.598021	0.01482173
1.601354	0.01466669
1.604687	0.01448065
1.608021	0.01426359
1.611354	0.01404654
1.614687	0.01386049
1.618021	0.01370545
1.621354	0.01361243
1.624688	0.01355041
1.628021	0.01358142
1.631354	0.01370545
1.634688	0.01382948
1.638021	0.01404654
1.641354	0.01423258
1.644688	0.01441863
1.648021	0.01457367
1.651354	0.0146977
1.654688	0.01475972
1.658021	0.01479072
1.661354	0.01475972
1.664688	0.0146977
1.668021	0.01460468
1.671354	0.01448065
1.674688	0.01435662
1.678021	0.01423258
1.681354	0.01410855
1.684687	0.01401553
1.688021	0.0138915
1.691354	0.01382948
1.694687	0.01379848
1.698021	0.01376747
1.701354	0.01379848
1.704687	0.01382948
1.708021	0.01386049
1.711354	0.01392251
1.714687	0.01401553
1.718021	0.01407755
1.721354	0.01417057
1.724687	0.01420158
1.728021	0.01420158
1.731354	0.01420158
1.734687	0.01420158
1.738021	0.01420158
1.741354	0.01417057
1.744688	0.01417057
1.748021	0.01420158
1.751354	0.01423258
1.754688	0.01426359
1.758021	0.01432561
1.761354	0.01435662
1.764688	0.01438762
1.768021	0.01441863
1.771354	0.01438762
1.774688	0.01435662
1.778021	0.01432561
1.781354	0.01426359
1.784688	0.01423258
1.788021	0.01420158
1.791354	0.01420158
1.794688	0.01423258
1.798021	0.01426359
1.801354	0.0142946
1.804688	0.01432561
1.808021	0.01432561
1.811354	0.01432561
1.814687	0.0142946
1.818021	0.01426359
1.821354	0.01423258
1.824687	0.01423258
1.828021	0.01426359
1.831354	0.01432561
1.834687	0.01438762
1.838021	0.01448065
1.841354	0.01457367
1.844687	0.01463569
1.848021	0.01466669
1.851354	0.01466669
1.854687	0.01463569
1.858021	0.01457367
1.861354	0.01451165
1.864687	0.01444964
1.868021	0.01435662
1.871354	0.01432561
1.874688	0.01426359
1.878021	0.01423258
1.881354	0.01417057
1.884688	0.01407755
1.888021	0.01398452
1.891354	0.0138915
1.894688	0.01379848
1.898021	0.01373646
1.901354	0.01367444
1.904688	0.01367444
1.908021	0.01370545
1.911354	0.01379848
1.914688	0.01395351
1.918021	0.01413956
1.921354	0.01438762
1.924688	0.01463569
1.928021	0.01494576
1.931354	0.01522483
1.934687	0.01553491
1.938021	0.01581398
1.941354	0.01603104
1.944687	0.01618608
1.948021	0.0162791
1.951354	0.01624809
1.954687	0.01612406
1.958021	0.01590701
1.961354	0.01559693
1.964687	0.01522483
1.968021	0.01479072
1.971354	0.01441863
1.974687	0.01404654
1.978021	0.01373646
1.981354	0.0135194
1.984687	0.01339537
1.988021	0.01336437
1.991354	0.01342638
1.994688	0.01355041
1.998021	0.01370545
2.001354	0.0138915
2.004688	0.01407755
2.008021	0.01420158
2.011354	0.01432561
2.014688	0.01441863
2.018021	0.01444964
2.021354	0.01448065
2.024688	0.01444964
2.028021	0.01441863
2.031354	0.01438762
2.034688	0.01435662
2.038021	0.0142946
2.041354	0.01426359
2.044688	0.01420158
2.048021	0.01413956
2.051354	0.01407755
2.054688	0.01407755
2.058021	0.01407755
2.061354	0.01413956
2.064687	0.01426359
2.068021	0.01441863
2.071354	0.01460468
2.074687	0.01482173
2.078021	0.0150698
2.081354	0.01528685
2.084687	0.0154729
2.088021	0.01562794
2.091354	0.01572096
2.094687	0.01575197
2.098021	0.01572096
2.101354	0.01568995
2.104687	0.01559693
2.108021	0.0154729
2.111354	0.01534887
2.114687	0.01519383
2.118021	0.0150698
2.121354	0.01494576
2.124687	0.01482173
2.128021	0.01472871
2.131354	0.01463569
2.134687	0.01454266
2.138021	0.01448065
2.141354	0.01441863
2.144687	0.01435662
2.148021	0.0142946
2.151354	0.01426359
2.154687	0.01420158
2.158021	0.01417057
2.161354	0.01413956
2.164687	0.01417057
2.168021	0.01420158
2.171354	0.01426359
2.174687	0.01435662
2.178021	0.01448065
2.181354	0.01466669
2.184688	0.01482173
2.188021	0.01500778
2.191354	0.01516282
2.194688	0.01531786
2.198021	0.0154729
2.201354	0.01559693
2.204688	0.01568995
2.208021	0.01578297
2.211354	0.015876
2.214688	0.01596902
2.218021	0.01606205
2.221354	0.01612406
2.224688	0.01621709
2.228021	0.0162791
2.231354	0.01637212
2.234688	0.01646515
2.238021	0.01655817
2.241354	0.01662019
2.244688	0.01671321
2.248021	0.01677523
2.251354	0.01689926
2.254688	0.01699228
2.258021	0.0170853
2.261354	0.01720933
2.264688	0.01727135
2.268021	0.01733337
2.271354	0.01733337
2.274688	0.01727135
2.278021	0.01714732
2.281354	0.01699228
2.284688	0.01674422
2.288021	0.01649616
2.291354	0.01621709
2.294688	0.01593801
2.298021	0.01568995
2.301354	0.0154729
2.304688	0.01531786
2.308021	0.01522483
2.311354	0.01513181
2.314687	0.0151008
2.318021	0.0151008
2.321354	0.0150698
2.324687	0.0151008
2.328021	0.0151008
2.331354	0.01513181
2.334687	0.01513181
2.338021	0.01519383
2.341354	0.01525584
2.344687	0.01531786
2.348021	0.01541088
2.351354	0.0155039
2.354687	0.01556592
2.358021	0.01559693
2.361354	0.01562794
2.364687	0.01565894
2.368021	0.01565894
2.371354	0.01565894
2.374687	0.01568995
2.378021	0.01572096
2.381354	0.01578297
2.384687	0.015876
2.388021	0.01596902
2.391354	0.01606205
2.394687	0.01615507
2.398021	0.01621709
2.401354	0.01621709
2.404687	0.01618608
2.408021	0.01612406
2.411354	0.01603104
2.414687	0.015876
2.418021	0.01572096
2.421354	0.01556592
2.424687	0.01544189
2.428021	0.01528685
2.431354	0.01516282
2.434688	0.0150698
2.438021	0.01497677
2.441354	0.01491476
2.444688	0.01485274
2.448021	0.01482173
2.451354	0.01479072
2.454688	0.01475972
2.458021	0.01475972
2.461354	0.01479072
2.464688	0.01482173
2.468021	0.01488375
2.471354	0.01494576
2.474688	0.01500778
2.478021	0.0151008
2.481354	0.01516282
2.484688	0.01519383
2.488021	0.01522483
2.491354	0.01522483
2.494688	0.01519383
2.498021	0.01516282
2.501354	0.0150698
2.504688	0.01500778
2.508021	0.01491476
2.511354	0.01485274
2.514688	0.01479072
2.518021	0.01475972
2.521354	0.01472871
2.524688	0.0146977
2.528021	0.0146977
2.531354	0.01466669
2.534688	0.01460468
2.538021	0.01457367
2.541354	0.01451165
2.544688	0.01444964
2.548021	0.01438762
2.551354	0.01432561
2.554688	0.0142946
2.558021	0.0142946
2.561354	0.01432561
2.564687	0.01441863
2.568021	0.01451165
2.571354	0.01460468
2.574687	0.01466669
2.578021	0.01466669
2.581354	0.01463569
2.584687	0.01454266
2.588021	0.01438762
2.591354	0.01420158
2.594687	0.01398452
2.598021	0.01376747
2.601354	0.01358142
2.604687	0.01345739
2.608021	0.01336437
2.611354	0.01330235
2.614687	0.01330235
2.618021	0.01330235
2.621354	0.01330235
2.624687	0.01333336
2.628021	0.01333336
2.631354	0.01333336
2.634687	0.01333336
2.638021	0.01333336
2.641354	0.01336437
2.644687	0.01342638
2.648021	0.0134884
2.651354	0.01358142
2.654687	0.01367444
2.658021	0.01376747
2.661354	0.01386049
2.664687	0.0138915
2.668021	0.01392251
2.671354	0.01392251
2.674687	0.0138915
2.678021	0.01386049
2.681354	0.01386049
2.684688	0.0138915
2.688021	0.01395351
2.691354	0.01404654
2.694688	0.01413956
2.698021	0.0142946
2.701354	0.01441863
2.704688	0.01457367
2.708021	0.0146977
2.711354	0.01479072
2.714688	0.01485274
2.718021	0.01485274
2.721354	0.01485274
2.724688	0.01482173
2.728021	0.01479072
2.731354	0.01472871
2.734688	0.0146977
2.738021	0.0146977
2.741354	0.0146977
2.744688	0.01472871
2.748021	0.01479072
2.751354	0.01485274
2.754688	0.01491476
2.758021	0.01500778
2.761354	0.0150698
2.764688	0.01516282
2.768021	0.01519383
2.771354	0.01522483
2.774688	0.01522483
2.778021	0.01522483
2.781354	0.01516282
2.784688	0.0151008
2.788021	0.01503879
2.791354	0.01497677
2.794688	0.01488375
2.798021	0.01479072
2.801354	0.0146977
2.804688	0.01460468
2.808021	0.01451165
2.811354	0.01444964
2.814687	0.01435662
2.818021	0.0142946
2.821354	0.01426359
2.824687	0.01423258
2.828021	0.01426359
2.831354	0.01432561
2.834687	0.01441863
2.838021	0.01454266
2.841354	0.0146977
2.844687	0.01482173
2.848021	0.01494576
2.851354	0.01503879
2.854687	0.0150698
2.858021	0.0150698
2.861354	0.01500778
2.864687	0.01491476
2.868021	0.01475972
2.871354	0.01457367
2.874687	0.01438762
2.878021	0.01423258
2.881354	0.01404654
2.884687	0.01392251
2.888021	0.01379848
2.891354	0.01373646
2.894687	0.01373646
2.898021	0.01379848
2.901354	0.01386049
2.904687	0.01398452
2.908021	0.01410855
2.911354	0.01423258
2.914687	0.01432561
2.918021	0.01438762
2.921354	0.01444964
2.924687	0.01444964
2.928021	0.01441863
2.931354	0.01435662
2.934688	0.0142946
2.938021	0.01423258
2.941354	0.01423258
2.944688	0.01423258
2.948021	0.01426359
2.951354	0.01435662
2.954688	0.01441863
2.958021	0.01451165
2.961354	0.01460468
2.964688	0.01466669
2.968021	0.0146977
2.971354	0.01472871
2.974688	0.0146977
2.978021	0.01466669
2.981354	0.01460468
2.984688	0.01454266
2.988021	0.01448065
2.991354	0.01441863
2.994688	0.01435662
2.998021	0.01432561
3.001354	0.0142946
3.004688	0.0142946
3.008021	0.01432561
3.011354	0.01435662
3.014688	0.01441863
3.018021	0.01454266
3.021354	0.01466669
3.024688	0.01485274
3.028021	0.01500778
3.031354	0.01519383
3.034688	0.01534887
3.038021	0.0154729
3.041354	0.01556592
3.044688	0.01559693
3.048021	0.01556592
3.051354	0.0155039
3.054688	0.01544189
3.058021	0.01534887
3.061354	0.01525584
3.064687	0.01519383
3.068021	0.01513181
3.071354	0.0151008
3.074687	0.0150698
3.078021	0.0150698
3.081354	0.01503879
3.084687	0.01500778
3.088021	0.01494576
3.091354	0.01485274
3.094687	0.01479072
3.098021	0.0146977
3.101354	0.01460468
3.104687	0.01454266
3.108021	0.01448065
3.111354	0.01441863
3.114687	0.01435662
3.118021	0.01426359
3.121354	0.01420158
3.124687	0.01410855
3.128021	0.01401553
3.131354	0.01392251
3.134687	0.01386049
3.138021	0.01382948
3.141354	0.01386049
3.144687	0.01395351
3.148021	0.01407755
3.151354	0.01426359
3.154687	0.01444964
3.158021	0.01463569
3.161354	0.01479072
3.164687	0.01491476
3.168021	0.01500778
3.171354	0.01503879
3.174687	0.01500778
3.178021	0.01494576
3.181354	0.01485274
3.184688	0.01475972
3.188021	0.0146977
3.191354	0.01463569
3.194688	0.01463569
3.198021	0.01463569
3.201354	0.01466669
3.204688	0.01472871
3.208021	0.01479072
3.211354	0.01482173
3.214688	0.01488375
3.218021	0.01497677
3.221354	0.0150698
3.224688	0.01519383
3.228021	0.01537987
3.231354	0.01559693
3.234688	0.01590701
3.238021	0.01631011
3.241354	0.01677523
3.244688	0.01730236
3.248021	0.0178605
3.251354	0.01844965
3.254688	0.0190698
3.258021	0.01968996
3.261354	0.02040314
3.264688	0.02114733
3.268021	0.02195353
3.271354	0.02285276
3.274688	0.02390702
3.278021	0.02511633
3.281354	0.02648067
3.284688	0.02800005
3.288021	0.02973649
3.291354	0.03162797
3.294688	0.03364347
3.298021	0.03578301
3.301354	0.03804658
3.304688	0.04037217
3.308021	0.04279078
3.311354	0.04520938
3.314687	0.04769001
3.318021	0.05017064
3.321354	0.05271328
3.324687	0.05528692
3.328021	0.05792259
3.331354	0.06058926
3.334687	0.06328694
3.338021	0.06604664
3.341354	0.06886835
3.344687	0.07172106
3.348021	0.07457378
3.351354	0.07748852
3.354687	0.08043426
3.358021	0.08341101
3.361354	0.08644977
3.364687	0.08955055
3.368021	0.09271335
3.371354	0.09593816
3.374687	0.09919398
3.378021	0.1024808
3.381354	0.1057986
3.384687	0.1091165
3.388021	0.1124963
3.391354	0.1159072
3.394687	0.1193801
3.398021	0.122915
3.401354	0.1265739
3.404687	0.1303568
3.408021	0.1342948
3.411354	0.1383568
3.414687	0.1425739
3.418021	0.146884
3.421354	0.1512871
3.424687	0.1557522
3.428021	0.1602483
3.431354	0.1647755
3.434688	0.1693646
3.438021	0.1739538
3.441354	0.178636
3.444688	0.1833802
3.448021	0.1882174
3.451354	0.1931787
3.454688	0.1982949
3.458021	0.2035663
3.461354	0.2089926
3.464688	0.214574
3.468021	0.2202795
3.471354	0.22614
3.474688	0.2320935
3.478021	0.238202
3.481354	0.2443725
3.484688	0.2506051
3.488021	0.2569617
3.491354	0.2633493
3.494688	0.269861
3.498021	0.2764346
3.501354	0.2831013
3.504688	0.289861
3.508021	0.2967137
3.511354	0.3036595
3.514688	0.3106672
3.518021	0.317768
3.521354	0.3249308
3.524688	0.3321866
3.528021	0.3395355
3.531354	0.3469774
3.534688	0.3545743
3.538021	0.3622953
3.541354	0.3701712
3.544688	0.3782333
3.548021	0.3864503
3.551354	0.3949155
3.554688	0.4035356
3.558021	0.4123729
3.561354	0.4213961
3.564687	0.4306055
3.568021	0.4400628
3.571354	0.4497063
3.574687	0.4596288
3.578021	0.4697993
3.581354	0.480249
3.584687	0.4909777
3.588021	0.5019854
3.591354	0.5132723
3.594687	0.5249002
3.598021	0.5368072
3.601354	0.5490242
3.604687	0.5615514
3.608021	0.5743886
3.611354	0.5875049
3.614687	0.6009003
3.618021	0.6145437
3.621354	0.6284352
3.624687	0.6425438
3.628021	0.6568384
3.631354	0.6712261
3.634687	0.6857687
3.638021	0.7003424
3.641354	0.7149781
3.644687	0.7295828
3.648021	0.7441564
3.651354	0.7586061
3.654687	0.7729007
3.658021	0.7869782
3.661354	0.8008077
3.664687	0.8143271
3.668021	0.8275054
3.671354	0.8403116
3.674687	0.8527148
3.678021	0.8646838
3.681354	0.8762187
3.684688	0.8872885
3.688021	0.8978931
3.691354	0.9080017
3.694688	0.9176451
3.698021	0.9267924
3.701354	0.9354746
3.704688	0.9436607
3.708021	0.9514126
3.711354	0.9586994
3.714688	0.9656452
3.718021	0.9722499
3.721354	0.9786065
3.724688	0.984808
3.728021	0.9909166
3.731354	0.9970871
3.734688	1.003382
3.738021	1.009924
3.741354	1.01687
3.744688	1.02425
3.748021	1.032219
3.751354	1.040901
3.754688	1.050358
3.758021	1.060777
3.761354	1.072188
3.764688	1.084808
3.768021	1.098731
3.771354	1.114142
3.774688	1.131165
3.778021	1.149987
3.781354	1.170731
3.784688	1.193584
3.788021	1.218638
3.791354	1.245987
3.794688	1.275785
3.798021	1.308033
3.801354	1.342824
3.804688	1.380127
3.808021	1.419941
3.811354	1.462297
3.814687	1.507104
3.818021	1.554328
3.821354	1.60391
3.824687	1.655755
3.828021	1.709709
3.831354	1.765678
3.834687	1.823445
3.838021	1.882856
3.841354	1.943663
3.844687	2.005616
3.848021	2.068407
3.851354	2.131818
3.854687	2.195477
3.858021	2.259074
3.861354	2.322268
3.864687	2.384779
3.868021	2.446206
3.871354	2.506237
3.874687	2.564501
3.878021	2.620687
3.881354	2.674455
3.884687	2.725493
3.888021	2.773494
3.891354	2.818145
3.894687	2.859199
3.898021	2.896409
3.901354	2.929587
3.904687	2.958548
3.908021	2.983137
3.911354	3.00323
3.914687	3.018765
3.918021	3.02968
3.921354	3.035913
3.924687	3.037494
3.928021	3.034486
3.931354	3.026889
3.934688	3.014827
3.938021	2.998393
3.941354	2.977742
3.944688	2.95306
3.948021	2.924533
3.951354	2.892315
3.954688	2.856719
3.958021	2.817928
3.961354	2.776191
3.964688	2.73185
3.968021	2.68509
3.971354	2.636253
3.974688	2.585555
3.978021	2.533276
3.981354	2.479756
3.984688	2.425214
3.988021	2.369896
3.991354	2.314113
3.994688	2.258082
3.998021	2.20205
4.001354	2.146298
4.004687	2.091011
4.008021	2.036407
4.011354	1.982763
4.014688	1.930205
4.018021	1.87898
4.021354	1.829244
4.024687	1.781213
4.028021	1.73498
4.031354	1.690763
4.034688	1.648654
4.038021	1.608871
4.041354	1.571569
4.044687	1.536871
4.048021	1.505026
4.051354	1.476127
4.054688	1.450452
4.058021	1.428127
4.061354	1.409429
4.064688	1.394576
4.068021	1.383755
4.071354	1.377243
4.074687	1.375351
4.078021	1.378328
4.081354	1.386545
4.084688	1.400344
4.088021	1.420158
4.091354	1.446359
4.094687	1.479445
4.098021	1.519848
4.101354	1.568158
4.104688	1.62484
4.108021	1.690484
4.111354	1.76574
4.114687	1.851228
4.118021	1.9476
4.121354	2.05557
4.124688	2.175849
4.128021	2.309151
4.131354	2.456159
4.134687	2.617586
4.138021	2.794052
4.141354	2.986176
4.144688	3.194487
4.148021	3.419417
4.151354	3.66134
4.154687	3.920565
4.158021	4.197279
4.161354	4.491543
4.164688	4.803357
4.168021	5.132537
4.171354	5.478863
4.174687	5.84184
4.178021	6.220849
4.181354	6.615113
4.184688	7.023641
4.188021	7.445223
4.191354	7.878495
4.194687	8.321906
4.198021	8.773659
4.201354	9.231923
4.204688	9.694684
4.208021	10.15974
4.211354	10.62492
4.214687	11.0879
4.218021	11.54619
4.221354	11.99736
4.224688	12.43884
4.228021	12.86809
4.231354	13.28254
4.234687	13.67972
4.238021	14.05714
4.241354	14.41252
4.244688	14.74369
4.248021	15.04868
4.251354	15.32564
4.254687	15.57302
4.258021	15.78949
4.261354	15.97386
4.264688	16.12524
4.268021	16.24301
4.271354	16.32666
4.274687	16.37606
4.278021	16.39122
4.281354	16.37246
4.284688	16.32025
4.288021	16.23529
4.291354	16.1186
4.294687	15.97129
4.298021	15.79479
4.301354	15.5906
4.304688	15.36049
4.308021	15.10623
4.311354	14.82983
4.314688	14.53327
4.318021	14.21866
4.321354	13.88809
4.324687	13.54359
4.328021	13.18722
4.331354	12.82092
4.334688	12.44669
4.338021	12.06641
4.341354	11.68191
4.344687	11.295
4.348021	10.90737
4.351354	10.52064
4.354688	10.13633
4.358021	9.7558
4.361354	9.380327
4.364687	9.011055
4.368021	8.648853
4.371354	8.29465
4.374688	7.9491
4.378021	7.612789
4.381354	7.286277
4.384687	6.969966
4.388021	6.664167
4.391354	6.369221
4.394688	6.085283
4.398021	5.812507
4.401354	5.550925
4.404687	5.300444
4.408021	5.060939
4.411354	4.832257
4.414688	4.614117
4.418021	4.40624
4.421354	4.208318
4.424687	4.019976
4.428021	3.840937
4.431354	3.670828
4.434688	3.50934
4.438021	3.35613
4.441354	3.21089
4.444687	3.073277
4.448021	2.942858
4.451354	2.819385
4.454688	2.702455
4.458021	2.591695
4.461354	2.486795
4.464687	2.387384
4.468021	2.293182
4.471354	2.203911
4.474688	2.11926
4.478021	2.039043
4.481354	1.962949
4.484687	1.890794
4.488021	1.82236
4.491354	1.75743
4.494688	1.695786
4.498021	1.637243
4.501354	1.581646
4.504687	1.528809
4.508021	1.478607
4.511354	1.430917
4.514688	1.385584
4.518021	1.342576
4.521354	1.301708
4.524687	1.262917
4.528021	1.22608
4.531354	1.191072
4.534688	1.157801
4.538021	1.126173
4.541354	1.096064
4.544687	1.067413
4.548021	1.040188
4.551354	1.014327
4.554688	0.9897693
4.558021	0.9665444
4.561354	0.9446219
4.564688	0.9239707
4.568021	0.9046218
4.571354	0.8865753
4.574687	0.869738
4.578021	0.8542031
4.581354	0.8398775
4.584688	0.8267922
4.588021	0.8149162
4.591354	0.8043116
4.594687	0.7949782
4.598021	0.7868852
4.601354	0.7801255
4.604688	0.7747301
4.608021	0.7706991
4.611354	0.7681255
4.614687	0.7670402
4.618021	0.7675053
4.621354	0.7695828
4.624688	0.7733968
4.628021	0.7789782
4.631354	0.7864201
4.634687	0.7958464
4.638021	0.8073503
4.641354	0.8210248
4.644688	0.8369628
4.648021	0.8552574
4.651354	0.8760326
4.654687	0.8994125
4.658021	0.9254901
4.661354	0.9544204
4.664688	0.9863584
4.668021	1.021459
4.671354	1.059909
4.674687	1.101862
4.678021	1.147537
4.681354	1.197149
4.684688	1.250855
4.688021	1.308933
4.691354	1.371537
4.694687	1.438855
4.698021	1.511104
4.701354	1.588468
4.704688	1.671197
4.708021	1.759445
4.711354	1.853523
4.714687	1.953709
4.718021	2.060345
4.721354	2.173771
4.724688	2.294423
4.728021	2.422702
4.731354	2.559198
4.734687	2.704377
4.738021	2.85892
4.741354	3.023447
4.744688	3.198735
4.748021	3.385619
4.751354	3.58503
4.754687	3.798116
4.758021	4.026054
4.761354	4.27024
4.764688	4.532194
4.768021	4.813621
4.771354	5.116381
4.774687	5.442522
4.778021	5.794305
4.781354	6.174151
4.784688	6.584694
4.788021	7.028912
4.791354	7.509874
4.794687	8.031023
4.798021	8.595984
4.801354	9.208575
4.804688	9.872824
4.808021	10.59286
4.811354	11.37295
4.814688	12.21739
4.818021	13.13051
4.821354	14.11665
4.824687	15.18012
4.828021	16.32518
4.831354	17.55606
4.834688	18.87687
4.838021	20.29142
4.841354	21.80323
4.844687	23.41533
4.848021	25.13003
4.851354	26.94907
4.854688	28.8732
4.858021	30.90232
4.861354	33.03528
4.864687	35.26989
4.868021	37.60301
4.871354	40.03049
4.874688	42.54715
4.878021	45.14675
4.881354	47.82186
4.884687	50.56388
4.888021	53.36283
4.891354	56.20755
4.894688	59.08554
4.898021	61.98303
4.901354	64.88524
4.904687	67.77637
4.908021	70.63997
4.911354	73.45923
4.914688	76.21719
4.918021	78.89682
4.921354	81.48129
4.924687	83.95414
4.928021	86.29929
4.931354	88.50137
4.934688	90.54578
4.938021	92.41872
4.941354	94.10743
4.944687	95.6004
4.948021	96.8875
4.951354	97.96021
4.954688	98.81178
4.958021	99.43724
4.961354	99.83367
4.964687	100
4.968021	99.93718
4.971354	99.64797
4.974688	99.13702
4.978021	98.41054
4.981354	97.47631
4.984687	96.34334
4.988021	95.02176
4.991354	93.52272
4.994688	91.85809
4.998021	90.0406
5.001354	88.08364
5.004687	86.001
5.008021	83.80695
5.011354	81.51608
5.014688	79.14315
5.018021	76.70283
5.021354	74.20971
5.024687	71.67783
5.028021	69.12062
5.031354	66.55075
5.034688	63.98006
5.038021	61.41943
5.041354	58.87896
5.044687	56.36789
5.048021	53.89458
5.051354	51.46664
5.054688	49.09101
5.058021	46.77385
5.061354	44.52064
5.064688	42.33596
5.068021	40.22364
5.071354	38.18658
5.074687	36.22689
5.078021	34.34589
5.081354	32.54431
5.084688	30.8222
5.088021	29.17912
5.091354	27.61425
5.094687	26.1265
5.098021	24.7144
5.101354	23.37635
5.104688	22.11043
5.108021	20.91455
5.111354	19.78633
5.114687	18.72323
5.118021	17.72248
5.121354	16.78136
5.124688	15.89696
5.128021	15.06638
5.131354	14.28679
5.134687	13.5554
5.138021	12.86957
5.141354	12.22672
5.144688	11.62433
5.148021	11.06005
5.151354	10.53152
5.154687	10.03651
5.158021	9.572885
5.161354	9.138559
5.164688	8.73155
5.168021	8.349999
5.171354	7.992139
5.174687	7.656324
5.178021	7.341037
5.181354	7.044881
5.184688	6.766493
5.188021	6.504663
5.191354	6.258244
5.194687	6.02612
5.198021	5.807267
5.201354	5.600755
5.204688	5.405685
5.208021	5.221219
5.211354	5.046614
5.214687	4.881187
5.218021	4.724225
5.221354	4.575202
5.224688	4.433558
5.228021	4.298798
5.231354	4.170426
5.234687	4.048069
5.238021	3.931263
5.241354	3.819697
5.244688	3.712937
5.248021	3.610735
5.251354	3.512751
5.254687	3.418735
5.258021	3.328409
5.261354	3.241587
5.264688	3.158052
5.268021	3.077649
5.271354	3.000192
5.274687	2.925525
5.278021	2.853525
5.281354	2.784036
5.284688	2.716935
5.288021	2.652067
5.291354	2.589338
5.294687	2.528594
5.298021	2.469772
5.301354	2.412779
5.304688	2.357493
5.308021	2.30388
5.311354	2.251849
5.314688	2.201399
5.318021	2.152407
5.321354	2.104841
5.324687	2.05867
5.328021	2.013802
5.331354	1.970205
5.334688	1.927818
5.338021	1.886639
5.341354	1.846546
5.344687	1.807538
5.348021	1.769554
5.351354	1.732468
5.354688	1.696313
5.358021	1.660964
5.361354	1.626391
5.364687	1.592561
5.368021	1.559414
5.371354	1.526949
5.374688	1.495166
5.378021	1.464034
5.381354	1.433553
5.384687	1.403693
5.388021	1.374483
5.391354	1.345832
5.394688	1.317801
5.398021	1.290328
5.401354	1.263382
5.404687	1.236994
5.408021	1.211134
5.411354	1.18577
5.414688	1.160963
5.418021	1.136653
5.421354	1.11287
5.424687	1.089583
5.428021	1.066824
5.431354	1.044498
5.434688	1.022669
5.438021	1.001304
5.441354	0.9803429
5.444687	0.9598157
5.448021	0.9397537
5.451354	0.9200947
5.454688	0.9008699
5.458021	0.8821102
5.461354	0.8637845
5.464687	0.845893
5.468021	0.8284977
5.471354	0.8115364
5.474688	0.7950712
5.478021	0.7790402
5.481354	0.7634743
5.484687	0.7483735
5.488021	0.7337378
5.491354	0.7195672
5.494688	0.7058308
5.498021	0.6925284
5.501354	0.6796602
5.504687	0.667164
5.508021	0.6550709
5.511354	0.643288
5.514688	0.6318461
5.518021	0.6207143
5.521354	0.6098305
5.524687	0.5992569
5.528021	0.5889623
5.531354	0.5789468
5.534688	0.5692103
5.538021	0.5597839
5.541354	0.5506366
5.544687	0.5417994
5.548021	0.5332103
5.551354	0.5248692
5.554688	0.5167451
5.558021	0.5088071
5.561354	0.5010552
5.564688	0.4934583
5.568021	0.4860164
5.571354	0.4787916
5.574687	0.4716908
5.578021	0.4648381
5.581354	0.4581404
5.584688	0.4516598
5.588021	0.4453652
5.591354	0.4391946
5.594687	0.4331481
5.598021	0.4271946
5.601354	0.4213341
5.604688	0.4155046
5.608021	0.4097682
5.611354	0.4040938
5.614687	0.3984814
5.618021	0.392993
5.621354	0.3876286
5.624688	0.3823883
5.628021	0.377303
5.631354	0.3723108
5.634687	0.3674425
5.638021	0.3626363
5.641354	0.3579232
5.644688	0.353272
5.648021	0.3486518
5.651354	0.3440936
5.654687	0.3395665
5.658021	0.3350704
5.661354	0.3306052
5.664688	0.3261711
5.668021	0.321768
5.671354	0.3173959
5.674687	0.3130548
5.678021	0.3087447
5.681354	0.3044657
5.684688	0.3002486
5.688021	0.2960625
5.691354	0.2919385
5.694687	0.2879075
5.698021	0.2839385
5.701354	0.2800625
5.704688	0.2762796
5.708021	0.2726207
5.711354	0.2690548
5.714687	0.2655819
5.718021	0.262171
5.721354	0.2588532
5.724688	0.2555664
5.728021	0.2522795
5.731354	0.2490237
5.734687	0.2457369
5.738021	0.2424501
5.741354	0.2391632
5.744688	0.2358764
5.748021	0.2325896
5.751354	0.2293648
5.754687	0.226171
5.758021	0.2230702
5.761354	0.2200624
5.764688	0.2171477
5.768021	0.214326
5.771354	0.2115973
5.774687	0.2089616
5.778021	0.20645
5.781354	0.2040314
5.784688	0.2017368
5.788021	0.1995353
5.791354	0.1974577
5.794687	0.1954732
5.798021	0.1935818
5.801354	0.1917833
5.804688	0.1899849
5.808021	0.1881864
5.811354	0.186419
5.814688	0.1845895
5.818021	0.18276
5.821354	0.1808995
5.824687	0.1790081
5.828021	0.1771476
5.831354	0.1753181
5.834688	0.1735507
5.838021	0.1718763
5.841354	0.1702639
5.844687	0.1687755
5.848021	0.1673181
5.851354	0.1659538
5.854688	0.1646205
5.858021	0.1633181
5.861354	0.1620158
5.864687	0.1607135
5.868021	0.1594111
5.871354	0.1581088
5.874688	0.1567755
5.878021	0.1554731
5.881354	0.1541708
5.884687	0.1528995
5.888021	0.1516282
5.891354	0.1503569
5.894688	0.1491166
5.898021	0.1479072
5.901354	0.1466979
5.904687	0.1455196
5.908021	0.1443724
5.911354	0.1432561
5.914688	0.1421708
5.918021	0.1410855
5.921354	0.1400313
5.924687	0.138977
5.928021	0.1379227
5.931354	0.1368375
5.934688	0.1357522
5.938021	0.1346359
5.941354	0.1335506
5.944687	0.1324654
5.948021	0.1314111
5.951354	0.1303878
5.954688	0.1293646
5.958021	0.1284033
5.961354	0.1274111
5.964687	0.1264498
5.968021	0.1254576
5.971354	0.1244343
5.974688	0.1233801
5.978021	0.1222948
5.981354	0.1211475
5.984687	0.1200312
5.988021	0.118915
5.991354	0.1178297
5.994688	0.1167754
5.998021	0.1157832
6.001354	0.1148529
6.004687	0.1139847
6.008021	0.1131475
6.011354	0.1123413
6.014688	0.1115661
6.018021	0.1108219
6.021354	0.1100777
6.024687	0.1093645
6.028021	0.1086204
6.031354	0.1079072
6.034688	0.107225
6.038021	0.1065428
6.041354	0.1058296
6.044687	0.1051475
6.048021	0.1044963
6.051354	0.1038141
6.054688	0.103194
6.058021	0.1025428
6.061354	0.1019537
6.064688	0.1013335
6.068021	0.1007134
6.071354	0.1001242
6.074687	0.09953506
6.078021	0.09894591
6.081354	0.09832576
6.084688	0.0977056
6.088021	0.09708545
6.091354	0.09643428
6.094687	0.09578312
6.098021	0.09510095
6.101354	0.09444978
6.104688	0.09376761
6.108021	0.09305443
6.111354	0.09234125
6.114687	0.09159706
6.118021	0.09088388
6.121354	0.0901397
6.124688	0.08942652
6.128021	0.08874435
6.131354	0.08806218
6.134687	0.08747303
6.138021	0.08691489
6.141354	0.08641876
6.144688	0.08598466
6.148021	0.08561256
6.151354	0.08530248
6.154687	0.08502341
6.158021	0.08474434
6.161354	0.08449628
6.164688	0.08424822
6.168021	0.08396915
6.171354	0.08362806
6.174687	0.08325597
6.178021	0.08285287
6.181354	0.08241876
6.184688	0.08195364
6.188021	0.08142651
6.191354	0.08089937
6.194687	0.08034123
6.198021	0.07978309
6.201354	0.07919395
6.204688	0.0786048
6.208021	0.07801565
6.211354	0.0774265
6.214687	0.07686836
6.218021	0.07627921
6.221354	0.07575208
6.224688	0.07522495
6.228021	0.07472882
6.231354	0.07429471
6.234687	0.07382959
6.238021	0.07339549
6.241354	0.07296138
6.244688	0.07249626
6.248021	0.07200013
6.251354	0.071473
6.254687	0.07091486
6.258021	0.07035672
6.261354	0.06976757
6.264688	0.06917842
6.268021	0.06858928
6.271354	0.06800013
6.274687	0.06744199
6.278021	0.06694586
6.281354	0.06648074
6.284688	0.06601562
6.288021	0.06561252
6.291354	0.06520942
6.294687	0.06483733
6.298021	0.06446523
6.301354	0.06406213
6.304688	0.06362802
6.308021	0.06319391
6.311354	0.06269779
6.314688	0.06223267
6.318021	0.06176755
6.321354	0.06127143
6.324687	0.06083732
6.328021	0.06043422
6.331354	0.06006212
6.334688	0.05972104
6.338021	0.05944197
6.341354	0.0591629
6.344687	0.05891484
6.348021	0.05869778
6.351354	0.05848073
6.354688	0.05826367
6.358021	0.05801561
6.361354	0.05776755
6.364687	0.05751949
6.368021	0.05724042
6.371354	0.05696135
6.374688	0.05662026
6.378021	0.05624817
6.381354	0.05587607
6.384687	0.05547297
6.388021	0.05506987
6.391354	0.05469778
6.394688	0.05435669
6.398021	0.05404661
6.401354	0.05376754
6.404687	0.05355049
6.408021	0.05336444
6.411354	0.0532094
6.414688	0.05302335
6.418021	0.05286832
6.421354	0.05268227
6.424687	0.05246521
6.428021	0.05224816
6.431354	0.05206211
6.434688	0.05187607
6.438021	0.05172103
6.441354	0.051597
6.444687	0.05153498
6.448021	0.05150397
6.451354	0.05147296
6.454688	0.05144196
6.458021	0.05144196
6.461354	0.05137994
6.464687	0.05131792
6.468021	0.0512249
6.471354	0.05110087
6.474688	0.05094583
6.478021	0.0508218
6.481354	0.05069777
6.484687	0.05063575
6.488021	0.05060475
6.491354	0.05060475
6.494688	0.05063575
6.498021	0.05066676
6.501354	0.05072878
6.504687	0.05079079
6.508021	0.05085281
6.511354	0.05088382
6.514688	0.05088382
6.518021	0.05088382
6.521354	0.05088382
6.524687	0.05085281
6.528021	0.0508218
6.531354	0.05079079
6.534688	0.05072878
6.538021	0.05066676
6.541354	0.05057374
6.544687	0.0504187
6.548021	0.05023265
6.551354	0.0500466
6.554688	0.04979854
6.558021	0.04951947
6.561354	0.04927141
6.564688	0.04899234
6.568021	0.04871327
6.571354	0.0484342
6.574687	0.04812412
6.578021	0.04784505
6.581354	0.04753497
6.584688	0.04719389
6.588021	0.04682179
6.591354	0.04648071
6.594687	0.04610861
6.598021	0.04573652
6.601354	0.04536442
6.604688	0.04499233
6.608021	0.04462024
6.611354	0.04424814
6.614687	0.04384504
6.618021	0.04344194
6.621354	0.04297682
6.624688	0.0424807
6.628021	0.04198457
6.631354	0.04142643
6.634687	0.0408993
6.638021	0.04034116
6.641354	0.03981403
6.644688	0.0393179
6.648021	0.03885279
6.651354	0.03841868
6.654687	0.03801557
6.658021	0.03764348
6.661354	0.03727139
6.664688	0.03686829
6.668021	0.03646518
6.671354	0.03600007
6.674687	0.03547293
6.678021	0.03485278
6.681354	0.03417061
6.684688	0.03342642
6.688021	0.03265122
6.691354	0.03184502
6.694687	0.03106982
6.698021	0.03032564
6.701354	0.02967447
6.704688	0.02908533
6.708021	0.02862021
6.711354	0.02824811
6.714687	0.02793804
6.718021	0.02768997
6.721354	0.02744191
6.724688	0.02719385
6.728021	0.02694579
6.731354	0.02666672
6.734687	0.02635664
6.738021	0.02604656
6.741354	0.02570547
6.744688	0.0253954
6.748021	0.02511633
6.751354	0.02486826
6.754687	0.02465121
6.758021	0.02449617
6.761354	0.02437214
6.764688	0.02431012
6.768021	0.02431012
6.771354	0.02434113
6.774687	0.02437214
6.778021	0.02443415
6.781354	0.02449617
6.784688	0.02455819
6.788021	0.0246202
6.791354	0.02468222
6.794687	0.02477524
6.798021	0.02483726
6.801354	0.02486826
6.804688	0.02496129
6.808021	0.0250233
6.811354	0.02511633
6.814688	0.02517834
6.818021	0.02524036
6.821354	0.02527136
6.824687	0.02524036
6.828021	0.02514733
6.831354	0.02496129
6.834688	0.02471322
6.838021	0.02437214
6.841354	0.02390702
6.844687	0.02334888
6.848021	0.02269772
6.851354	0.02192252
6.854688	0.02108531
6.858021	0.02015508
6.861354	0.01913182
6.864687	0.01807755
6.868021	0.01696127
6.871354	0.01581398
6.874688	0.01466669
6.878021	0.0134884
6.881354	0.01234111
6.884687	0.01116281
6.888021	0.009984516
6.891354	0.008806219
6.894688	0.007627922
6.898021	0.006480634
6.901354	0.005395358
6.904687	0.004341093
6.908021	0.003348843
6.911354	0.002480625
6.914688	0.001736437
6.918021	0.001116281
6.921354	0.000651164
6.924687	0.0002790703
6.928021	6.201561e-05
6.931354	0
6.934688	3.100781e-05
6.938021	0.0001860468
6.941354	0.0004341093
6.944687	0.0007751952
6.948021	0.001209304
6.951354	0.001767445
6.954688	0.002387601
6.958021	0.003069773
6.961354	0.00381396
6.964687	0.004620163
6.968021	0.005488382
6.971354	0.00638761
6.974688	0.007317844
6.978021	0.008310094
6.981354	0.009395367
6.984687	0.01051165
6.988021	0.01172095
6.991354	0.01299227
6.994688	0.01435662
6.998021	0.01581398
7.001354	0.01730236
7.004687	0.01888376
7.008021	0.02052717
7.011354	0.0222326
7.014688	0.02393803
7.018021	0.02564346
7.021354	0.02734889
7.024687	0.02902331
7.028021	0.03063572
7.031354	0.03218611
7.034688	0.03367448
7.038021	0.03506983
7.041354	0.03634115
7.044687	0.03758147
7.048021	0.03872875
7.051354	0.03981403
7.054688	0.04080628
7.058021	0.04173651
7.061354	0.04260473
7.064688	0.04337992
7.068021	0.04403109
7.071354	0.04458923
7.074687	0.04505435
7.078021	0.04539543
7.081354	0.04564349
7.084688	0.04573652
7.088021	0.04573652
7.091354	0.04561249
7.094687	0.04539543
7.098021	0.04508535
7.101354	0.04468225
7.104688	0.04418613
7.108021	0.04362799
7.111354	0.04306985
7.114687	0.04244969
7.118021	0.04186054
7.121354	0.04127139
7.124688	0.04068225
7.128021	0.0400931
7.131354	0.03953496
7.134687	0.03894581
7.138021	0.03832565
7.141354	0.0377055
7.144688	0.03705433
7.148021	0.03637216
7.151354	0.03568999
7.154687	0.03500782
7.158021	0.03435665
7.161354	0.0337675
7.164688	0.03320936
7.168021	0.03277525
7.171354	0.03237215
7.174687	0.03206208
7.178021	0.03184502
7.181354	0.03165897
7.184688	0.03156595
7.188021	0.03147293
7.191354	0.03144192
7.194687	0.03144192
7.198021	0.03144192
7.201354	0.03147293
7.204688	0.03156595
7.208021	0.03165897
7.211354	0.03181401
7.214687	0.03200006
7.218021	0.03221711
7.221354	0.03252719
7.224688	0.03286828
7.228021	0.03327138
7.231354	0.0337365
7.234687	0.03420161
7.238021	0.03469774
7.241354	0.03519386
7.244688	0.03568999
7.248021	0.03615511
7.251354	0.03658922
7.254687	0.03696131
7.258021	0.0373334
7.261354	0.03767449
7.264688	0.03795356
7.268021	0.03820162
7.271354	0.03844968
7.274687	0.03863573
7.278021	0.03882178
7.281354	0.03894581
7.284688	0.03906984
7.288021	0.03916286
7.291354	0.03919387
7.294687	0.03922488
7.298021	0.03922488
7.301354	0.03919387
7.304688	0.03913186
7.308021	0.03906984
7.311354	0.03897682
7.314688	0.03888379
7.318021	0.03882178
7.321354	0.03872875
7.324687	0.03866674
7.328021	0.03854271
7.331354	0.03844968
7.334688	0.03829464
7.338021	0.0381086
7.341354	0.03792255
7.344687	0.03767449
7.348021	0.03739542
7.351354	0.03711635
7.354688	0.03683728
7.358021	0.03655821
7.361354	0.03631015
7.364687	0.03606208
7.368021	0.03584503
7.371354	0.03562797
7.374688	0.03544193
7.378021	0.03525588
7.381354	0.03506983
7.384687	0.03488379
7.388021	0.03469774
7.391354	0.03448068
7.394688	0.03429464
7.398021	0.03407758
7.401354	0.03386053
7.404687	0.03367448
7.408021	0.03351944
7.411354	0.0333644
7.414688	0.03324037
7.418021	0.03311634
7.421354	0.03305432
7.424687	0.0329613
7.428021	0.03289929
7.431354	0.03283727
7.434688	0.03274425
7.438021	0.03258921
7.441354	0.03240316
7.444687	0.0321551
7.448021	0.03187603
7.451354	0.03159696
7.454688	0.0313489
7.458021	0.03110083
7.461354	0.03091479
7.464687	0.03079075
7.468021	0.03075975
7.471354	0.03075975
7.474688	0.03079075
7.478021	0.03082176
7.481354	0.03079075
7.484687	0.03072874
7.488021	0.0305737
7.491354	0.03035665
7.494688	0.03004657
7.498021	0.02973649
7.501354	0.0293644
7.504687	0.02902331
7.508021	0.02871323
7.511354	0.02846517
7.514688	0.02824811
7.518021	0.02809308
7.521354	0.02796904
7.524687	0.02787602
7.528021	0.027783
7.531354	0.02765897
7.534688	0.02753493
7.538021	0.0274109
7.541354	0.02725586
7.544687	0.02706982
7.548021	0.02688377
7.551354	0.02669772
7.554688	0.02648067
7.558021	0.02629462
7.561354	0.02607757
7.564688	0.02592253
7.568021	0.02573648
7.571354	0.02561245
7.574687	0.02555044
7.578021	0.02551943
7.581354	0.02555044
7.584688	0.02561245
7.588021	0.02576749
7.591354	0.02595354
7.594687	0.02617059
7.598021	0.02635664
7.601354	0.02651168
7.604688	0.0266047
7.608021	0.02663571
7.611354	0.02663571
7.614687	0.02657369
7.618021	0.02648067
7.621354	0.02638765
7.624688	0.02632563
7.628021	0.02629462
7.631354	0.02632563
7.634687	0.02641865
7.638021	0.02654268
7.641354	0.02669772
7.644688	0.02685276
7.648021	0.02697679
7.651354	0.02703881
7.654687	0.02706982
7.658021	0.0270078
7.661354	0.02691478
7.664688	0.02672873
7.668021	0.02651168
7.671354	0.02626361
7.674687	0.02598454
7.678021	0.02573648
7.681354	0.02548842
7.684688	0.02527136
7.688021	0.02508532
7.691354	0.02493028
7.694687	0.02483726
7.698021	0.02477524
7.701354	0.02477524
7.704688	0.02483726
7.708021	0.02493028
7.711354	0.0250233
7.714687	0.02514733
7.718021	0.02527136
7.721354	0.02536439
7.724688	0.02545741
7.728021	0.02548842
7.731354	0.02545741
7.734687	0.0253954
7.738021	0.02527136
7.741354	0.02508532
7.744688	0.02489927
7.748021	0.02468222
7.751354	0.02446516
7.754687	0.02427911
7.758021	0.02412408
7.761354	0.02406206
7.764688	0.02403105
7.768021	0.02403105
7.771354	0.02406206
7.774687	0.02409307
7.778021	0.02412408
7.781354	0.02409307
7.784688	0.02406206
7.788021	0.02393803
7.791354	0.023814
7.794687	0.02365896
7.798021	0.02350392
7.801354	0.02334888
7.804688	0.02319384
7.808021	0.02310082
7.811354	0.02300779
7.814688	0.02297679
7.818021	0.02294578
7.821354	0.02294578
7.824687	0.02291477
7.828021	0.02288376
7.831354	0.02285276
7.834688	0.02279074
7.838021	0.02269772
7.841354	0.02260469
7.844687	0.02251167
7.848021	0.02244965
7.851354	0.02238764
7.854688	0.02238764
7.858021	0.02241865
7.861354	0.02248066
7.864687	0.02257369
7.868021	0.02266671
7.871354	0.02282175
7.874688	0.02294578
7.878021	0.02310082
7.881354	0.02322485
7.884687	0.02334888
7.888021	0.02347291
7.891354	0.02359694
7.894688	0.02372097
7.898021	0.02384501
7.901354	0.02396904
7.904687	0.02406206
7.908021	0.02418609
7.911354	0.02427911
7.914688	0.02434113
7.918021	0.02440315
7.921354	0.02443415
7.924687	0.02440315
7.928021	0.02434113
7.931354	0.02424811
7.934688	0.02409307
7.938021	0.02393803
7.941354	0.02378299
7.944687	0.02362795
7.948021	0.02347291
7.951354	0.02334888
7.954688	0.02322485
7.958021	0.02313183
7.961354	0.02306981
7.964687	0.02300779
7.968021	0.02294578
7.971354	0.02291477
7.974688	0.02285276
7.978021	0.02285276
7.981354	0.02282175
7.984687	0.02282175
7.988021	0.02285276
7.991354	0.02288376
7.994688	0.02291477
7.998021	0.02294578
8.001354	0.02294578
8.004687	0.02294578
8.00802	0.02291477
8.011354	0.02288376
8.014688	0.02282175
8.018021	0.02279074
8.021354	0.02279074
8.024688	0.02275973
8.028021	0.02275973
8.031354	0.02279074
8.034687	0.02279074
8.038021	0.02282175
8.041354	0.02282175
8.044687	0.02282175
8.04802	0.02285276
8.051354	0.02288376
8.054688	0.02294578
8.058021	0.0230388
8.061355	0.02316283
8.064688	0.02331787
8.068021	0.02347291
8.071354	0.02365896
8.074688	0.023814
8.078021	0.02393803
8.081354	0.02400004
8.084687	0.02403105
8.088021	0.02400004
8.091354	0.02396904
8.094687	0.02387601
8.098021	0.023814
8.101355	0.02372097
8.104688	0.02365896
8.108021	0.02362795
8.111354	0.02356594
8.114688	0.02353493
8.118021	0.02350392
8.121354	0.02350392
8.124687	0.02353493
8.128021	0.02359694
8.131354	0.02368997
8.134687	0.02378299
8.138021	0.02393803
8.141355	0.02409307
8.144688	0.02424811
8.148021	0.02437214
8.151354	0.02446516
8.154688	0.02446516
8.158021	0.02440315
8.161354	0.02427911
8.164687	0.02412408
8.168021	0.02396904
8.171354	0.023814
8.174687	0.02365896
8.17802	0.02353493
8.181355	0.0234419
8.184688	0.02337989
8.188021	0.02328686
8.191354	0.02322485
8.194688	0.02310082
8.198021	0.02297679
8.201354	0.02285276
8.204687	0.02269772
8.208021	0.02257369
8.211354	0.02248066
8.214687	0.02241865
8.21802	0.02241865
8.221354	0.02241865
8.224688	0.02248066
8.228021	0.02254268
8.231354	0.02257369
8.234688	0.02260469
8.238021	0.02254268
8.241354	0.02244965
8.244687	0.02229462
8.248021	0.02210857
8.251354	0.02192252
8.254687	0.02170547
8.25802	0.02148841
8.261354	0.02133337
8.264688	0.02124035
8.268021	0.02120934
8.271354	0.02124035
8.274688	0.02133337
8.278021	0.02148841
8.281354	0.02167446
8.284687	0.02189151
8.288021	0.02213958
8.291354	0.02238764
8.294687	0.02266671
8.29802	0.02288376
8.301354	0.02310082
8.304688	0.02328686
8.308021	0.0234109
8.311355	0.02350392
8.314688	0.02353493
8.318021	0.02350392
8.321354	0.0234109
8.324688	0.02331787
8.328021	0.02316283
8.331354	0.02300779
8.334687	0.02285276
8.338021	0.02272872
8.341354	0.02257369
8.344687	0.02244965
8.348021	0.02232562
8.351355	0.0222326
8.354688	0.02213958
8.358021	0.02207756
8.361354	0.02201555
8.364688	0.02198454
8.368021	0.02195353
8.371354	0.02192252
8.374687	0.02192252
8.378021	0.02192252
8.381354	0.02195353
8.384687	0.02198454
8.388021	0.02201555
8.391355	0.02204655
8.394688	0.02204655
8.398021	0.02207756
8.401354	0.02207756
8.404688	0.02207756
8.408021	0.02204655
8.411354	0.02198454
8.414687	0.02186051
8.418021	0.02173647
8.421354	0.02161244
8.424687	0.0214574
8.42802	0.02130237
8.431355	0.02114733
8.434688	0.02099229
8.438021	0.02086826
8.441354	0.02074422
8.444688	0.0206512
8.448021	0.02058919
8.451354	0.02055818
8.454687	0.02055818
8.458021	0.02058919
8.461354	0.0206512
8.464687	0.02074422
8.46802	0.02086826
8.471354	0.02102329
8.474688	0.02120934
8.478021	0.02136438
8.481354	0.02151942
8.484688	0.02167446
8.488021	0.02179849
8.491354	0.02189151
8.494687	0.02198454
8.498021	0.02201555
8.501354	0.02204655
8.504687	0.02204655
8.50802	0.02204655
8.511354	0.02201555
8.514688	0.02198454
8.518021	0.02192252
8.521354	0.02189151
8.524688	0.02186051
8.528021	0.02186051
8.531354	0.02189151
8.534687	0.02195353
8.538021	0.02204655
8.541354	0.02213958
8.544687	0.02226361
8.54802	0.02235663
8.551354	0.02241865
8.554688	0.02244965
8.558021	0.02241865
8.561355	0.02235663
8.564688	0.02226361
8.568021	0.02210857
8.571354	0.02195353
8.574688	0.02176748
8.578021	0.02161244
8.581354	0.02148841
8.584687	0.0214264
8.588021	0.02139539
8.591354	0.02139539
8.594687	0.0214264
8.598021	0.02151942
8.601355	0.02158144
8.604688	0.02167446
8.608021	0.02176748
8.611354	0.0218295
8.614688	0.02186051
8.618021	0.02189151
8.621354	0.02189151
8.624687	0.02186051
8.628021	0.02186051
8.631354	0.02179849
8.634687	0.02173647
8.638021	0.02167446
8.641355	0.02155043
8.644688	0.0214574
8.648021	0.02133337
8.651354	0.02124035
8.654688	0.02117833
8.658021	0.02117833
8.661354	0.02120934
8.664687	0.02127136
8.668021	0.02139539
8.671354	0.02155043
8.674687	0.02170547
8.67802	0.0218295
8.681355	0.02189151
8.684688	0.02192252
8.688021	0.02186051
8.691354	0.02176748
8.694688	0.02164345
8.698021	0.02148841
8.701354	0.02136438
8.704687	0.02124035
8.708021	0.02117833
8.711354	0.02117833
8.714687	0.02120934
8.71802	0.02127136
8.721354	0.02136438
8.724688	0.0214574
8.728021	0.02155043
8.731354	0.02155043
8.734688	0.02155043
8.738021	0.02148841
8.741354	0.02139539
8.744687	0.02127136
8.748021	0.02111632
8.751354	0.02099229
8.754687	0.02089926
8.75802	0.02083725
8.761354	0.02083725
8.764688	0.02083725
8.768021	0.02089926
8.771354	0.02096128
8.774688	0.0210543
8.778021	0.02111632
8.781354	0.02117833
8.784687	0.02120934
8.788021	0.02117833
8.791354	0.02108531
8.794687	0.02093027
8.79802	0.02074422
8.801354	0.02052717
8.804688	0.02027911
8.808021	0.02000004
8.811355	0.01972097
8.814688	0.0194729
8.818021	0.01925585
8.821354	0.0190698
8.824688	0.01891476
8.828021	0.01882174
8.831354	0.01879073
8.834687	0.01879073
8.838021	0.01882174
8.841354	0.01885275
8.844687	0.01891476
8.848021	0.01897678
8.851355	0.01900779
8.854688	0.01900779
8.858021	0.01900779
8.861354	0.01894577
8.864688	0.01888376
8.868021	0.01875972
8.871354	0.01863569
8.874687	0.01848065
8.878021	0.01832562
8.881354	0.01813957
8.884687	0.01798453
8.888021	0.01782949
8.891355	0.01770546
8.894688	0.01758143
8.898021	0.01748841
8.901354	0.01742639
8.904688	0.01739538
8.908021	0.01739538
8.911354	0.01739538
8.914687	0.0174574
8.918021	0.01751941
8.921354	0.01761244
8.924687	0.01770546
8.92802	0.01779848
8.931355	0.01789151
8.934688	0.01795352
8.938021	0.01804655
8.941354	0.01807755
8.944688	0.01807755
8.948021	0.01804655
8.951354	0.01798453
8.954687	0.0178605
8.958021	0.01770546
8.961354	0.01751941
8.964687	0.01727135
8.96802	0.0170543
8.971354	0.01683724
8.974688	0.01665119
8.978021	0.01649616
8.981354	0.01640313
8.984688	0.01634112
8.988021	0.01637212
8.991354	0.01643414
8.994687	0.01652716
8.998021	0.01665119
9.001354	0.01674422
9.004687	0.01686825
9.00802	0.01696127
9.011354	0.0170543
9.014688	0.01711631
9.018021	0.01711631
9.021354	0.0170853
9.024688	0.01702329
9.028021	0.01689926
9.031354	0.01674422
9.034687	0.01655817
9.038021	0.01631011
9.041354	0.01609305
9.044687	0.015876
9.04802	0.01568995
9.051354	0.01556592
9.054688	0.0155039
9.058021	0.0154729
9.061355	0.0155039
9.064688	0.01556592
9.068021	0.01568995
9.071354	0.01581398
9.074688	0.01596902
9.078021	0.01606205
9.081354	0.01615507
9.084687	0.01618608
9.088021	0.01621709
9.091354	0.01618608
9.094687	0.01615507
9.098021	0.01612406
9.101355	0.01609305
9.104688	0.01609305
9.108021	0.01612406
9.111354	0.01621709
9.114688	0.01634112
9.118021	0.01652716
9.121354	0.0166822
9.124687	0.01683724
9.128021	0.01696127
9.131354	0.0170543
9.134687	0.0170853
9.138021	0.0170853
9.141355	0.01702329
9.144688	0.01699228
9.148021	0.01693026
9.151354	0.01693026
9.154688	0.01696127
9.158021	0.0170543
9.161354	0.01717833
9.164687	0.01730236
9.168021	0.0174574
9.171354	0.01758143
9.174687	0.01770546
9.17802	0.01779848
9.181355	0.0178605
9.184688	0.01792251
9.188021	0.01798453
9.191354	0.01801554
9.194688	0.01801554
9.198021	0.01798453
9.201354	0.01789151
9.204687	0.01776748
9.208021	0.01761244
9.211354	0.01739538
9.214687	0.01714732
9.21802	0.01689926
9.221354	0.01665119
9.224688	0.01643414
9.228021	0.0162791
9.231354	0.01615507
9.234688	0.01606205
9.238021	0.01600003
9.241354	0.01596902
9.244687	0.01593801
9.248021	0.01593801
9.251354	0.01593801
9.254687	0.01593801
9.25802	0.01596902
9.261354	0.01596902
9.264688	0.01603104
9.268021	0.01612406
9.271354	0.01624809
9.274688	0.01637212
9.278021	0.01652716
9.281354	0.01671321
9.284687	0.01686825
9.288021	0.01702329
9.291354	0.01717833
9.294687	0.01727135
9.29802	0.01733337
9.301354	0.01736437
9.304688	0.01733337
9.308021	0.01730236
9.311355	0.01724034
9.314688	0.01717833
9.318021	0.01711631
9.321354	0.0170543
9.324688	0.01702329
9.328021	0.01702329
9.331354	0.01699228
9.334687	0.01699228
9.338021	0.01699228
9.341354	0.01696127
9.344687	0.01686825
9.348021	0.01677523
9.351355	0.01662019
9.354688	0.01646515
9.358021	0.0162791
9.361354	0.01612406
9.364688	0.01596902
9.368021	0.01584499
9.371354	0.01575197
9.374687	0.01572096
9.378021	0.01572096
9.381354	0.01575197
9.384687	0.01581398
9.388021	0.01590701
9.391355	0.01596902
9.394688	0.01606205
9.398021	0.01612406
9.401354	0.01615507
9.404688	0.01615507
9.408021	0.01615507
9.411354	0.01615507
9.414687	0.01615507
9.418021	0.01615507
9.421354	0.01618608
9.424687	0.01624809
9.42802	0.01631011
9.431355	0.01640313
9.434688	0.01649616
9.438021	0.01658918
9.441354	0.0166822
9.444688	0.01674422
9.448021	0.01680623
9.451354	0.01686825
9.454687	0.01689926
9.458021	0.01696127
9.461354	0.01699228
9.464687	0.01702329
9.46802	0.0170543
9.471354	0.0170853
9.474688	0.0170543
9.478021	0.01702329
9.481354	0.01696127
9.484688	0.01689926
9.488021	0.01683724
9.491354	0.01677523
9.494687	0.01674422
9.498021	0.01674422
9.501354	0.01674422
9.504687	0.01674422
9.50802	0.01677523
9.511354	0.01680623
9.514688	0.01680623
9.518021	0.01683724
9.521354	0.01683724
9.524688	0.01683724
9.528021	0.01686825
9.531354	0.01689926
9.534687	0.01693026
9.538021	0.01702329
9.541354	0.0170853
9.544687	0.01717833
9.54802	0.01727135
9.551354	0.01733337
9.554688	0.01736437
9.558021	0.01739538
9.561355	0.01736437
9.564688	0.01730236
9.568021	0.01717833
9.571354	0.0170543
9.574688	0.01693026
9.578021	0.01677523
9.581354	0.0166822
9.584687	0.01655817
9.588021	0.01649616
9.591354	0.01643414
9.594687	0.01640313
9.598021	0.01634112
9.601355	0.01631011
9.604688	0.0162791
9.608021	0.01624809
9.611354	0.01624809
9.614688	0.0162791
9.618021	0.01631011
9.621354	0.01637212
9.624687	0.01646515
9.628021	0.01658918
9.631354	0.0166822
9.634687	0.01680623
9.638021	0.01689926
9.641355	0.01696127
9.644688	0.01699228
9.648021	0.01696127
9.651354	0.01689926
9.654688	0.01683724
9.658021	0.01674422
9.661354	0.0166822
9.664687	0.01665119
9.668021	0.01665119
9.671354	0.01665119
9.674687	0.0166822
9.67802	0.01674422
9.681355	0.01680623
9.684688	0.01689926
9.688021	0.01699228
9.691354	0.0170543
9.694688	0.01711631
9.698021	0.01711631
9.701354	0.01711631
9.704687	0.0170853
9.708021	0.0170543
9.711354	0.01696127
9.714687	0.01686825
9.71802	0.01674422
9.721354	0.01662019
9.724688	0.01649616
9.728021	0.01640313
9.731354	0.01637212
9.734688	0.01634112
9.738021	0.01640313
9.741354	0.01646515
9.744687	0.01658918
9.748021	0.01671321
9.751354	0.01686825
9.754687	0.01696127
9.75802	0.01702329
9.761354	0.0170543
9.764688	0.01702329
9.768021	0.01689926
9.771354	0.01674422
9.774688	0.01655817
9.778021	0.01634112
9.781354	0.01612406
9.784687	0.01590701
9.788021	0.01575197
9.791354	0.01562794
9.794687	0.01553491
9.79802	0.01553491
9.801354	0.01556592
9.804688	0.01565894
9.808021	0.01575197
9.811355	0.015876
9.814688	0.01600003
9.818021	0.01612406
9.821354	0.01618608
9.824688	0.01624809
9.828021	0.0162791
9.831354	0.0162791
9.834687	0.01624809
9.838021	0.01621709
9.841354	0.01618608
9.844687	0.01615507
9.848021	0.01609305
9.851355	0.01603104
9.854688	0.01593801
9.858021	0.015876
9.861354	0.01581398
9.864688	0.01575197
9.868021	0.01572096
9.871354	0.01575197
9.874687	0.01581398
9.878021	0.01590701
9.881354	0.01606205
9.884687	0.01624809
9.888021	0.01643414
9.891355	0.01662019
9.894688	0.01677523
9.898021	0.01683724
9.901354	0.01683724
9.904688	0.01677523
9.908021	0.01662019
9.911354	0.01643414
9.914687	0.01621709
9.918021	0.01596902
9.921354	0.01578297
9.924687	0.01559693
9.92802	0.0155039
9.931355	0.01544189
9.934688	0.01544189
9.938021	0.0155039
9.941354	0.01553491
9.944688	0.01559693
9.948021	0.01562794
9.951354	0.01565894
9.954687	0.01562794
9.958021	0.01562794
9.961354	0.01556592
9.964687	0.0155039
9.96802	0.0154729
9.971354	0.01544189
9.974688	0.01541088
9.978021	0.01544189
9.981354	0.0154729
9.984688	0.01553491
9.988021	0.01559693
9.991354	0.01568995
9.994687	0.01572096
9.998021	0.01575197
}
[PEAK]
{
Peak ID	1
Peak Ref	1
Time	3.924173
Peak	3.138021	4.074687
Intensity	-2.372265e-05	-3.576279e-06
Height	0.005807978
AreaAbs	1636.881
Area %BP	0.07143791
Area %Total	0.05892733
Width	0.9366667
}
[PEAK]
{
Peak ID	2
Peak Ref	2
Time	4.277858
Peak	4.074687	4.614687
Intensity	-2.372265e-05	-3.576279e-06
Height	0.03147511
AreaAbs	6470.826
Area %BP	0.2824043
Area %Total	0.2329481
Width	0.54
}
[PEAK]
{
Peak ID	3
Peak Ref	3
Time	4.965453
Peak	4.614687	6.768021
Intensity	-2.372265e-05	-3.576279e-06
Height	0.1921992
AreaAbs	38188.9
Area %BP	1.666667
Area %Total	1.374791
Width	2.153333
}
}
}
}
