[SAMPLE]
{
Sample	1
Well	5
FileName	
SampleID	ASD-E-2602034-003
SampleDescription	Aquired with Galaxy
Date	12-Feb-2026
Time	22:27:13 PRC
JobCode	
TaskCode	
UserName	Congcong_Liu2
LabName	Aquired with Galaxy
Instrument	BAD_L_17_186
Conditions	
Submitter	Siyu_Zhang
SampleType	
Plate	
Method	
Process	Galaxy
MSTune	
MSMethod	
InletMethod	
PreRunMethod	
PostRunMethod	
SwitchMethod	
FractionMethod	
AcquisitionProcess	
AcquisitionProcessParameters	
AcquisitionProcessOptions	
InjectionVolume	25
ReportScheme	
SampleReportEnable	0
SampleReportFormat	
AnalysisTime	0
[COMPOUND]
{
;Mono Mass	Formula
}
[FUNCTION]
{
Function	1
IonMode	ES+
Type	MS
Description	(0:0)
[SPECTRUM]
{
ProcDesc	0.00:Combine
State	OK
Peak ID	0
Peak Ref	0
Time	0
TIC	0
BPI	0
BPM	0
Continuum	FALSE
Saved	FALSE
[MASSES]
{
;Mass	Exp. Mass	Obs. Mass	% BPI	Int. Abs
}
[RESULTS]
{
;Mass	Found	% BPI	% Purity
}
[MS]
{
;Mass	% BPI
0	0
}
}
[CHROMATOGRAM]
{
TraceNumber	1
Description	scroll down chrom view to see 2D LC chrom
ProcDesc	
MaxIntensity	0
[TRACE]
{
0	0
}
[PEAK]
{
Peak ID	0
Peak Ref	0
Time	0
Peak	0
Intensity	0	0
Height	0
AreaAbs	0
Area %BP	0
Area %Total	0
}
}
}
[FUNCTION]
{
Function	0
Description	ANALOG
[CHROMATOGRAM]
{
TraceNumber	2
Description	LC
ProcDesc	Result Id:2609, VWD: Signal A, 280 nm
MaxIntensity	0.2187848
[TRACE]
{
;Time	Int. %Max
0.002395833	0.01520187
0.005729167	0.01520187
0.0090625	0.01520187
0.01239583	0.01522912
0.01572917	0.01522912
0.0190625	0.01522912
0.02239583	0.01520187
0.02572917	0.01520187
0.0290625	0.01517463
0.03239583	0.01512014
0.03572917	0.01501117
0.0390625	0.01487495
0.04239583	0.01471149
0.04572917	0.01454803
0.0490625	0.01438457
0.05239583	0.01422111
0.05572917	0.01408489
0.0590625	0.01397592
0.06239583	0.01386694
0.06572916	0.01381246
0.0690625	0.01375797
0.07239583	0.01373073
0.07572917	0.01370348
0.0790625	0.01370348
0.08239584	0.01370348
0.08572917	0.01375797
0.0890625	0.01381246
0.09239583	0.01386694
0.09572916	0.01392143
0.0990625	0.01397592
0.1023958	0.01397592
0.1057292	0.01392143
0.1090625	0.0138397
0.1123958	0.01373073
0.1157292	0.01354002
0.1190625	0.01332207
0.1223958	0.01310412
0.1257292	0.01291342
0.1290625	0.01272272
0.1323958	0.01261374
0.1357292	0.01253201
0.1390625	0.01250477
0.1423958	0.01255925
0.1457292	0.01266823
0.1490625	0.01280445
0.1523958	0.01299515
0.1557292	0.01324034
0.1590625	0.01348553
0.1623958	0.01375797
0.1657292	0.01400316
0.1690625	0.01422111
0.1723958	0.01441181
0.1757292	0.01452079
0.1790625	0.01460252
0.1823958	0.01457527
0.1857292	0.01452079
0.1890625	0.01441181
0.1923958	0.01427559
0.1957292	0.01413938
0.1990625	0.01397592
0.2023958	0.0138397
0.2057292	0.01370348
0.2090625	0.01356726
0.2123958	0.0134038
0.2157292	0.01326759
0.2190625	0.01310412
0.2223958	0.01296791
0.2257292	0.01280445
0.2290625	0.01266823
0.2323958	0.01253201
0.2357292	0.01242304
0.2390625	0.01234131
0.2423958	0.01228682
0.2457292	0.01225958
0.2490625	0.01223233
0.2523958	0.01220509
0.2557292	0.01220509
0.2590625	0.01220509
0.2623958	0.01220509
0.2657292	0.01223233
0.2690625	0.01223233
0.2723958	0.01225958
0.2757292	0.01231406
0.2790625	0.01236855
0.2823958	0.01245028
0.2857292	0.01255925
0.2890625	0.01269547
0.2923958	0.01283169
0.2957292	0.01302239
0.2990625	0.0132131
0.3023958	0.01343105
0.3057292	0.01362175
0.3090625	0.0138397
0.3123958	0.0140304
0.3157292	0.01422111
0.3190625	0.01438457
0.3223958	0.01452079
0.3257292	0.01462976
0.3290625	0.01471149
0.3323958	0.01473873
0.3357292	0.01473873
0.3390625	0.01468425
0.3423958	0.01462976
0.3457292	0.01452079
0.3490625	0.01435732
0.3523958	0.01419386
0.3557292	0.01397592
0.3590625	0.01375797
0.3623958	0.01351278
0.3657292	0.01324034
0.3690625	0.01296791
0.3723958	0.01269547
0.3757292	0.01242304
0.3790625	0.01217785
0.3823958	0.01193265
0.3857292	0.01174195
0.3890625	0.01160573
0.3923958	0.011524
0.3957292	0.011524
0.3990625	0.01157849
0.4023958	0.01171471
0.4057292	0.01190541
0.4090625	0.0121506
0.4123958	0.01242304
0.4157292	0.01272272
0.4190625	0.01302239
0.4223958	0.01329483
0.4257292	0.01354002
0.4290625	0.01370348
0.4323958	0.0138397
0.4357292	0.01389419
0.4390625	0.01394867
0.4423958	0.01394867
0.4457292	0.01394867
0.4490625	0.01394867
0.4523958	0.01394867
0.4557292	0.01392143
0.4590625	0.01389419
0.4623958	0.01381246
0.4657292	0.01373073
0.4690625	0.01362175
0.4723958	0.01348553
0.4757292	0.01332207
0.4790625	0.01315861
0.4823958	0.01304964
0.4857292	0.01296791
0.4890625	0.01294066
0.4923958	0.01299515
0.4957292	0.01307688
0.4990625	0.01318586
0.5023958	0.01329483
0.5057291	0.01343105
0.5090625	0.01351278
0.5123959	0.01356726
0.5157292	0.01356726
0.5190625	0.01351278
0.5223958	0.0134038
0.5257292	0.01329483
0.5290625	0.01318586
0.5323958	0.01307688
0.5357292	0.01302239
0.5390625	0.01299515
0.5423958	0.01299515
0.5457292	0.01307688
0.5490625	0.01315861
0.5523958	0.01329483
0.5557292	0.01345829
0.5590625	0.01359451
0.5623958	0.01375797
0.5657291	0.01389419
0.5690625	0.01400316
0.5723959	0.01408489
0.5757292	0.01408489
0.5790625	0.01405765
0.5823959	0.01394867
0.5857292	0.01378521
0.5890625	0.01359451
0.5923958	0.01337656
0.5957292	0.01313137
0.5990625	0.01294066
0.6023958	0.0127772
0.6057292	0.01269547
0.6090625	0.01264099
0.6123958	0.01266823
0.6157292	0.01274996
0.6190625	0.01285893
0.6223958	0.01294066
0.6257291	0.01304964
0.6290625	0.01310412
0.6323958	0.01313137
0.6357292	0.01315861
0.6390625	0.01315861
0.6423959	0.01315861
0.6457292	0.01315861
0.6490625	0.0132131
0.6523958	0.01326759
0.6557292	0.01334932
0.6590625	0.01348553
0.6623958	0.01362175
0.6657292	0.01378521
0.6690625	0.01392143
0.6723958	0.01405765
0.6757292	0.01419386
0.6790625	0.01427559
0.6823958	0.01435732
0.6857291	0.01438457
0.6890625	0.01441181
0.6923958	0.01441181
0.6957292	0.01438457
0.6990625	0.01433008
0.7023959	0.01424835
0.7057292	0.01413938
0.7090625	0.01400316
0.7123958	0.01381246
0.7157292	0.01359451
0.7190625	0.01334932
0.7223958	0.01307688
0.7257292	0.01283169
0.7290625	0.01261374
0.7323958	0.01242304
0.7357292	0.01231406
0.7390625	0.01225958
0.7423958	0.01225958
0.7457291	0.01236855
0.7490625	0.01253201
0.7523958	0.01272272
0.7557291	0.01294066
0.7590625	0.01315861
0.7623959	0.01337656
0.7657292	0.01354002
0.7690625	0.01367624
0.7723958	0.01378521
0.7757292	0.01386694
0.7790625	0.01386694
0.7823958	0.0138397
0.7857292	0.01378521
0.7890625	0.01370348
0.7923958	0.01362175
0.7957292	0.01354002
0.7990625	0.01343105
0.8023958	0.01332207
0.8057292	0.0132131
0.8090625	0.01307688
0.8123958	0.01299515
0.8157291	0.01291342
0.8190625	0.01285893
0.8223959	0.01285893
0.8257292	0.01288618
0.8290625	0.01291342
0.8323959	0.01302239
0.8357292	0.01313137
0.8390625	0.01326759
0.8423958	0.01343105
0.8457292	0.01356726
0.8490625	0.01367624
0.8523958	0.01378521
0.8557292	0.01389419
0.8590625	0.01397592
0.8623958	0.0140304
0.8657292	0.01408489
0.8690625	0.01411213
0.8723958	0.01413938
0.8757291	0.01413938
0.8790625	0.01411213
0.8823958	0.01405765
0.8857292	0.01394867
0.8890625	0.0138397
0.8923959	0.01370348
0.8957292	0.01356726
0.8990625	0.01343105
0.9023958	0.01329483
0.9057292	0.0132131
0.9090625	0.01313137
0.9123958	0.01307688
0.9157292	0.01304964
0.9190625	0.01299515
0.9223958	0.01296791
0.9257292	0.01288618
0.9290625	0.0127772
0.9323958	0.01261374
0.9357291	0.01245028
0.9390625	0.01223233
0.9423958	0.01204163
0.9457292	0.01187817
0.9490625	0.01174195
0.9523959	0.01166022
0.9557292	0.01163298
0.9590625	0.01168746
0.9623958	0.01179644
0.9657292	0.01193265
0.9690625	0.01206887
0.9723958	0.01217785
0.9757292	0.01225958
0.9790625	0.01228682
0.9823958	0.01228682
0.9857292	0.01223233
0.9890625	0.01212336
0.9923958	0.01201438
0.9957291	0.01187817
0.9990625	0.01176919
1.002396	0.01166022
1.005729	0.01157849
1.009063	0.01155125
1.012396	0.011524
1.015729	0.011524
1.019063	0.011524
1.022396	0.01155125
1.025729	0.01157849
1.029063	0.01160573
1.032396	0.01163298
1.035729	0.01166022
1.039063	0.01168746
1.042396	0.01168746
1.045729	0.01168746
1.049062	0.01171471
1.052396	0.01174195
1.055729	0.01176919
1.059062	0.01182368
1.062396	0.01187817
1.065729	0.01190541
1.069062	0.0119599
1.072396	0.0119599
1.075729	0.0119599
1.079062	0.01193265
1.082396	0.01185092
1.085729	0.01176919
1.089062	0.01168746
1.092396	0.01157849
1.095729	0.011524
1.099062	0.01146951
1.102396	0.01146951
1.105729	0.01149676
1.109063	0.01155125
1.112396	0.01163298
1.115729	0.01174195
1.119063	0.01185092
1.122396	0.01193265
1.125729	0.01201438
1.129063	0.01204163
1.132396	0.01206887
1.135729	0.01204163
1.139063	0.01204163
1.142396	0.01201438
1.145729	0.01201438
1.149063	0.01198714
1.152396	0.0119599
1.155729	0.01193265
1.159063	0.01193265
1.162396	0.01190541
1.165729	0.01187817
1.169062	0.01185092
1.172396	0.01176919
1.175729	0.01168746
1.179062	0.01160573
1.182396	0.01149676
1.185729	0.01138778
1.189062	0.01125157
1.192396	0.01114259
1.195729	0.01100638
1.199062	0.01092464
1.202396	0.01084291
1.205729	0.01076118
1.209062	0.01073394
1.212396	0.0107067
1.215729	0.0107067
1.219062	0.01076118
1.222396	0.01078843
1.225729	0.01084291
1.229063	0.01092464
1.232396	0.01103362
1.235729	0.01116984
1.239063	0.0113333
1.242396	0.01157849
1.245729	0.01185092
1.249063	0.01217785
1.252396	0.01253201
1.255729	0.01291342
1.259063	0.01329483
1.262396	0.01364899
1.265729	0.01394867
1.269063	0.01419386
1.272396	0.01435732
1.275729	0.01441181
1.279063	0.01441181
1.282396	0.01430284
1.285729	0.01413938
1.289063	0.01394867
1.292396	0.01370348
1.295729	0.01348553
1.299062	0.01326759
1.302396	0.01310412
1.305729	0.01296791
1.309062	0.01288618
1.312396	0.01285893
1.315729	0.01288618
1.319062	0.01294066
1.322396	0.01304964
1.325729	0.01315861
1.329062	0.01326759
1.332396	0.01332207
1.335729	0.01334932
1.339062	0.01329483
1.342396	0.01315861
1.345729	0.01296791
1.349062	0.01272272
1.352396	0.01245028
1.355729	0.0121506
1.359063	0.01190541
1.362396	0.01168746
1.365729	0.01155125
1.369063	0.01149676
1.372396	0.011524
1.375729	0.01163298
1.379063	0.01179644
1.382396	0.01201438
1.385729	0.01225958
1.389063	0.01250477
1.392396	0.01269547
1.395729	0.01283169
1.399063	0.01294066
1.402396	0.01299515
1.405729	0.01302239
1.409063	0.01302239
1.412396	0.01302239
1.415729	0.01299515
1.419062	0.01299515
1.422396	0.01299515
1.425729	0.01302239
1.429062	0.01304964
1.432396	0.01307688
1.435729	0.01307688
1.439062	0.01304964
1.442396	0.01302239
1.445729	0.01296791
1.449062	0.01288618
1.452396	0.01280445
1.455729	0.01269547
1.459062	0.0125865
1.462396	0.01247752
1.465729	0.01236855
1.469062	0.01223233
1.472396	0.01206887
1.475729	0.01190541
1.479063	0.01168746
1.482396	0.01149676
1.485729	0.01127881
1.489063	0.01111535
1.492396	0.01097913
1.495729	0.01092464
1.499063	0.01095189
1.502396	0.01106086
1.505729	0.01130605
1.509063	0.01157849
1.512396	0.01193265
1.515729	0.01225958
1.519063	0.0125865
1.522396	0.01280445
1.525729	0.01296791
1.529063	0.01302239
1.532396	0.01296791
1.535729	0.01280445
1.539063	0.0125865
1.542396	0.01234131
1.545729	0.01209612
1.549062	0.01187817
1.552396	0.01171471
1.555729	0.01163298
1.559062	0.01160573
1.562396	0.01163298
1.565729	0.01174195
1.569062	0.01190541
1.572396	0.01209612
1.575729	0.01228682
1.579062	0.01247752
1.582396	0.01264099
1.585729	0.0127772
1.589062	0.01285893
1.592396	0.01288618
1.595729	0.01285893
1.599062	0.01283169
1.602396	0.0127772
1.605729	0.01272272
1.609063	0.01269547
1.612396	0.01266823
1.615729	0.01264099
1.619063	0.01264099
1.622396	0.01264099
1.625729	0.01264099
1.629063	0.01264099
1.632396	0.01261374
1.635729	0.01255925
1.639063	0.01250477
1.642396	0.01245028
1.645729	0.01236855
1.649063	0.01231406
1.652396	0.01223233
1.655729	0.01220509
1.659063	0.01217785
1.662396	0.0121506
1.665729	0.01212336
1.669062	0.01209612
1.672396	0.01206887
1.675729	0.01201438
1.679062	0.01198714
1.682396	0.01193265
1.685729	0.01187817
1.689062	0.01185092
1.692396	0.01187817
1.695729	0.01193265
1.699062	0.01201438
1.702396	0.01212336
1.705729	0.01228682
1.709062	0.01245028
1.712396	0.0125865
1.715729	0.01269547
1.719062	0.0127772
1.722396	0.01274996
1.725729	0.01266823
1.729063	0.01255925
1.732396	0.01236855
1.735729	0.0121506
1.739063	0.01193265
1.742396	0.01174195
1.745729	0.01157849
1.749063	0.01149676
1.752396	0.01146951
1.755729	0.01149676
1.759063	0.01155125
1.762396	0.01166022
1.765729	0.01176919
1.769063	0.01185092
1.772396	0.01193265
1.775729	0.01201438
1.779063	0.01204163
1.782396	0.01204163
1.785729	0.01206887
1.789063	0.01206887
1.792396	0.01212336
1.795729	0.01220509
1.799062	0.01228682
1.802396	0.01239579
1.805729	0.01250477
1.809062	0.0125865
1.812396	0.01264099
1.815729	0.01264099
1.819062	0.01261374
1.822396	0.01255925
1.825729	0.01245028
1.829062	0.01231406
1.832396	0.01220509
1.835729	0.0121506
1.839062	0.01212336
1.842396	0.0121506
1.845729	0.01223233
1.849062	0.01234131
1.852396	0.01247752
1.855729	0.01261374
1.859063	0.01269547
1.862396	0.01272272
1.865729	0.01269547
1.869063	0.01261374
1.872396	0.01250477
1.875729	0.01236855
1.879063	0.01223233
1.882396	0.01212336
1.885729	0.01201438
1.889063	0.0119599
1.892396	0.0119599
1.895729	0.0119599
1.899063	0.0119599
1.902396	0.0119599
1.905729	0.01190541
1.909063	0.01182368
1.912396	0.01171471
1.915729	0.01160573
1.919062	0.01146951
1.922396	0.0113333
1.925729	0.01122432
1.929062	0.01111535
1.932396	0.01103362
1.935729	0.01100638
1.939062	0.01103362
1.942396	0.01111535
1.945729	0.01125157
1.949062	0.01144227
1.952396	0.01166022
1.955729	0.01193265
1.959062	0.01220509
1.962396	0.01247752
1.965729	0.01272272
1.969062	0.01288618
1.972396	0.01296791
1.975729	0.01294066
1.979063	0.01283169
1.982396	0.01266823
1.985729	0.01242304
1.989063	0.0121506
1.992396	0.01187817
1.995729	0.01163298
1.999063	0.01138778
2.002396	0.01122432
2.005729	0.01111535
2.009063	0.01108811
2.012396	0.01111535
2.015729	0.01119708
2.019063	0.01136054
2.022396	0.01155125
2.025729	0.01179644
2.029063	0.01204163
2.032396	0.01225958
2.035729	0.01245028
2.039063	0.0125865
2.042396	0.01264099
2.045729	0.01264099
2.049062	0.0125865
2.052396	0.01245028
2.055729	0.01228682
2.059062	0.01212336
2.062396	0.01198714
2.065729	0.01190541
2.069062	0.01187817
2.072396	0.01193265
2.075729	0.01204163
2.079062	0.01223233
2.082396	0.01242304
2.085729	0.01264099
2.089062	0.01283169
2.092396	0.01299515
2.095729	0.01310412
2.099062	0.01318586
2.102396	0.0132131
2.105729	0.0132131
2.109062	0.0132131
2.112396	0.01324034
2.115729	0.01332207
2.119062	0.01345829
2.122396	0.01362175
2.125729	0.01386694
2.129062	0.01411213
2.132396	0.01435732
2.135729	0.01457527
2.139062	0.01476598
2.142396	0.01487495
2.145729	0.01490219
2.149062	0.01484771
2.152396	0.01471149
2.155729	0.01454803
2.159062	0.01435732
2.162396	0.01416662
2.165729	0.01400316
2.169063	0.01386694
2.172396	0.01378521
2.175729	0.01373073
2.179063	0.01375797
2.182396	0.01381246
2.185729	0.01392143
2.189063	0.01405765
2.192396	0.01422111
2.195729	0.01438457
2.199063	0.01454803
2.202396	0.01471149
2.205729	0.01484771
2.209063	0.01495668
2.212396	0.01503841
2.215729	0.0150929
2.219063	0.01514739
2.222396	0.01514739
2.225729	0.01512014
2.229063	0.0150929
2.232396	0.01503841
2.235729	0.01498393
2.239063	0.01490219
2.242396	0.01479322
2.245729	0.01468425
2.249063	0.01454803
2.252396	0.01443906
2.255729	0.01430284
2.259063	0.01416662
2.262396	0.01405765
2.265729	0.01397592
2.269063	0.01394867
2.272396	0.01392143
2.275729	0.01394867
2.279063	0.01400316
2.282396	0.01405765
2.285729	0.01413938
2.289063	0.01424835
2.292396	0.01438457
2.295729	0.01449354
2.299062	0.01460252
2.302396	0.01471149
2.305729	0.01479322
2.309062	0.01484771
2.312396	0.01487495
2.315729	0.01490219
2.319062	0.01490219
2.322396	0.01487495
2.325729	0.01484771
2.329062	0.01479322
2.332396	0.01476598
2.335729	0.01473873
2.339062	0.01471149
2.342396	0.014657
2.345729	0.01454803
2.349062	0.01441181
2.352396	0.01422111
2.355729	0.01397592
2.359062	0.01364899
2.362396	0.01332207
2.365729	0.01296791
2.369062	0.01261374
2.372396	0.01231406
2.375729	0.01206887
2.379062	0.01190541
2.382396	0.01182368
2.385729	0.01179644
2.389062	0.01182368
2.392396	0.01187817
2.395729	0.01193265
2.399062	0.01198714
2.402396	0.01198714
2.405729	0.01193265
2.409062	0.01185092
2.412396	0.01171471
2.415729	0.011524
2.419063	0.01136054
2.422396	0.01119708
2.425729	0.01103362
2.429063	0.01092464
2.432396	0.01087016
2.435729	0.01087016
2.439063	0.0108974
2.442396	0.01097913
2.445729	0.01108811
2.449063	0.01119708
2.452396	0.0113333
2.455729	0.01141503
2.459063	0.01144227
2.462396	0.01146951
2.465729	0.01144227
2.469063	0.01136054
2.472396	0.01127881
2.475729	0.01119708
2.479063	0.01114259
2.482396	0.01108811
2.485729	0.01111535
2.489063	0.01114259
2.492396	0.01122432
2.495729	0.0113333
2.499063	0.01144227
2.502396	0.01155125
2.505729	0.01166022
2.509063	0.01174195
2.512396	0.01179644
2.515729	0.01185092
2.519063	0.01187817
2.522396	0.01190541
2.525729	0.01190541
2.529063	0.01190541
2.532396	0.01190541
2.535729	0.01187817
2.539063	0.01185092
2.542396	0.01176919
2.545729	0.01168746
2.549062	0.01157849
2.552396	0.01146951
2.555729	0.0113333
2.559062	0.01122432
2.562396	0.01108811
2.565729	0.01097913
2.569062	0.0108974
2.572396	0.01081567
2.575729	0.01076118
2.579062	0.01076118
2.582396	0.01078843
2.585729	0.01081567
2.589062	0.0108974
2.592396	0.01097913
2.595729	0.01108811
2.599062	0.01122432
2.602396	0.01130605
2.605729	0.01138778
2.609062	0.01144227
2.612396	0.01146951
2.615729	0.01146951
2.619062	0.01141503
2.622396	0.0113333
2.625729	0.01125157
2.629062	0.01116984
2.632396	0.01106086
2.635729	0.01097913
2.639062	0.01092464
2.642396	0.0108974
2.645729	0.01087016
2.649062	0.0108974
2.652396	0.0108974
2.655729	0.0108974
2.659062	0.01087016
2.662396	0.01081567
2.665729	0.01076118
2.669063	0.01067945
2.672396	0.01057048
2.675729	0.01046151
2.679063	0.01032529
2.682396	0.01021631
2.685729	0.0100801
2.689063	0.009998366
2.692396	0.009916635
2.695729	0.009862148
2.699063	0.009834905
2.702396	0.009862148
2.705729	0.009889392
2.709063	0.009998366
2.712396	0.01013458
2.715729	0.01029804
2.719063	0.01048875
2.722396	0.01067945
2.725729	0.01087016
2.729063	0.01103362
2.732396	0.01116984
2.735729	0.01125157
2.739063	0.01130605
2.742396	0.0113333
2.745729	0.0113333
2.749063	0.0113333
2.752396	0.01136054
2.755729	0.01141503
2.759063	0.011524
2.762396	0.01163298
2.765729	0.01179644
2.769063	0.0119599
2.772396	0.01209612
2.775729	0.01223233
2.779063	0.01234131
2.782396	0.01242304
2.785729	0.01245028
2.789063	0.01247752
2.792396	0.01250477
2.795729	0.01253201
2.799062	0.01255925
2.802396	0.01255925
2.805729	0.0125865
2.809062	0.01261374
2.812396	0.01261374
2.815729	0.01261374
2.819062	0.01255925
2.822396	0.01245028
2.825729	0.01228682
2.829062	0.01209612
2.832396	0.01187817
2.835729	0.01160573
2.839062	0.0113333
2.842396	0.01106086
2.845729	0.01078843
2.849062	0.01054324
2.852396	0.01032529
2.855729	0.01013458
2.859062	0.01002561
2.862396	0.009971122
2.865729	0.009943879
2.869062	0.009998366
2.872396	0.0100801
2.875729	0.01018907
2.879062	0.01032529
2.882396	0.01048875
2.885729	0.01062497
2.889062	0.0107067
2.892396	0.01076118
2.895729	0.01076118
2.899062	0.0107067
2.902396	0.01062497
2.905729	0.01054324
2.909062	0.01048875
2.912396	0.01046151
2.915729	0.01051599
2.919063	0.01065221
2.922396	0.01084291
2.925729	0.01111535
2.929063	0.01144227
2.932396	0.01174195
2.935729	0.01201438
2.939063	0.01223233
2.942396	0.01234131
2.945729	0.01242304
2.949063	0.01239579
2.952396	0.01234131
2.955729	0.01225958
2.959063	0.01217785
2.962396	0.01212336
2.965729	0.0121506
2.969063	0.01223233
2.972396	0.01239579
2.975729	0.01261374
2.979063	0.01288618
2.982396	0.01318586
2.985729	0.01345829
2.989063	0.01375797
2.992396	0.01400316
2.995729	0.01419386
2.999063	0.01438457
3.002396	0.01452079
3.005729	0.01462976
3.009063	0.01473873
3.012396	0.01484771
3.015729	0.01495668
3.019063	0.01506566
3.022396	0.01514739
3.025729	0.01520187
3.029063	0.01522912
3.032396	0.01520187
3.035729	0.01517463
3.039063	0.01512014
3.042396	0.01503841
3.045729	0.01495668
3.049062	0.01487495
3.052396	0.01476598
3.055729	0.014657
3.059062	0.01457527
3.062396	0.01449354
3.065729	0.01441181
3.069062	0.01433008
3.072396	0.01424835
3.075729	0.01419386
3.079062	0.01416662
3.082396	0.01416662
3.085729	0.01416662
3.089062	0.01422111
3.092396	0.01424835
3.095729	0.01427559
3.099062	0.01427559
3.102396	0.01427559
3.105729	0.01427559
3.109062	0.01422111
3.112396	0.01416662
3.115729	0.01408489
3.119062	0.01400316
3.122396	0.01394867
3.125729	0.01392143
3.129062	0.01392143
3.132396	0.01394867
3.135729	0.01397592
3.139062	0.01405765
3.142396	0.01413938
3.145729	0.01424835
3.149062	0.01435732
3.152396	0.01443906
3.155729	0.0144663
3.159062	0.01443906
3.162396	0.01435732
3.165729	0.01427559
3.169063	0.01419386
3.172396	0.01408489
3.175729	0.01397592
3.179063	0.01389419
3.182396	0.01386694
3.185729	0.01389419
3.189063	0.01394867
3.192396	0.0140304
3.195729	0.01411213
3.199063	0.01416662
3.202396	0.01422111
3.205729	0.01427559
3.209063	0.01433008
3.212396	0.01438457
3.215729	0.0144663
3.219063	0.01452079
3.222396	0.01462976
3.225729	0.01476598
3.229063	0.01492944
3.232396	0.01512014
3.235729	0.01531085
3.239063	0.01550155
3.242396	0.01566501
3.245729	0.01582847
3.249063	0.01599193
3.252396	0.0161554
3.255729	0.0163461
3.259063	0.01659129
3.262396	0.01689097
3.265729	0.01729962
3.269063	0.01779001
3.272396	0.01836212
3.275729	0.01904321
3.279063	0.01980603
3.282396	0.02062333
3.285729	0.02149512
3.289063	0.02239416
3.292396	0.02334768
3.295729	0.02432845
3.299062	0.02533646
3.302396	0.02637171
3.305729	0.02746145
3.309062	0.02863292
3.312396	0.02988612
3.315729	0.03119381
3.319062	0.03261047
3.322396	0.03408162
3.325729	0.0356345
3.329062	0.03724187
3.332396	0.03890372
3.335729	0.04064731
3.339062	0.04241813
3.342396	0.0442162
3.345729	0.04609601
3.349062	0.04803029
3.352396	0.05004631
3.355729	0.05214406
3.359062	0.05432354
3.362396	0.05658475
3.365729	0.05890045
3.369062	0.06132512
3.372396	0.06380428
3.375729	0.06636517
3.379062	0.06900779
3.382396	0.0717049
3.385729	0.07445649
3.389062	0.07726257
3.392396	0.08015039
3.395729	0.08309268
3.399062	0.08608947
3.402396	0.08914074
3.405729	0.09221926
3.409062	0.09535226
3.412396	0.09848526
3.415729	0.1016728
3.419063	0.104833
3.422396	0.1080205
3.425729	0.1112352
3.429063	0.1144772
3.432396	0.1177737
3.435729	0.1211246
3.439063	0.1245573
3.442396	0.1280717
3.445729	0.1317223
3.449063	0.1355092
3.452396	0.139405
3.455729	0.143437
3.459063	0.1476053
3.462396	0.1518825
3.465729	0.1562687
3.469063	0.1607639
3.472396	0.1653136
3.475729	0.1699995
3.479063	0.1747671
3.482396	0.1796709
3.485729	0.1847109
3.489063	0.1898872
3.492396	0.1951997
3.495729	0.2006484
3.499063	0.2062061
3.502396	0.2118727
3.505729	0.2175939
3.509063	0.2233695
3.512396	0.2291723
3.515729	0.2349479
3.519063	0.2407508
3.522396	0.2465809
3.525729	0.2524383
3.529063	0.2583501
3.532396	0.2643164
3.535729	0.270419
3.539063	0.2766033
3.542396	0.2829238
3.545729	0.2893532
3.549062	0.2959189
3.552396	0.3025936
3.555729	0.30935
3.559062	0.3161881
3.562396	0.3231079
3.565729	0.330055
3.569062	0.3370566
3.572396	0.3440854
3.575729	0.3511415
3.579062	0.3582521
3.582396	0.3653626
3.585729	0.3725277
3.589062	0.3797472
3.592396	0.3870212
3.595729	0.3944042
3.599062	0.4018961
3.602396	0.4095516
3.605729	0.4173705
3.609062	0.4254073
3.612396	0.4336893
3.615729	0.4422165
3.619062	0.4510434
3.622396	0.4601427
3.625729	0.469569
3.629062	0.4792677
3.632396	0.489266
3.635729	0.4995641
3.639062	0.5101618
3.642396	0.5210319
3.645729	0.5321745
3.649062	0.5435896
3.652396	0.5552225
3.655729	0.5670735
3.659062	0.5791424
3.662396	0.591402
3.665729	0.603825
3.669063	0.6164115
3.672396	0.6291615
3.675729	0.6420204
3.679063	0.6549883
3.682396	0.6681197
3.685729	0.6813328
3.689063	0.6946276
3.692396	0.7080041
3.695729	0.7213535
3.699063	0.7347028
3.702396	0.7479431
3.705729	0.7610472
3.709063	0.7739879
3.712396	0.7866289
3.715729	0.7989702
3.719063	0.8109028
3.722396	0.8223996
3.725729	0.8333515
3.729063	0.8437858
3.732396	0.8535934
3.735729	0.8627472
3.739063	0.87122
3.742396	0.8790116
3.745729	0.8861222
3.749063	0.8926061
3.752396	0.8984634
3.755729	0.9038031
3.759063	0.9086525
3.762396	0.9130659
3.765729	0.917098
3.769063	0.9208303
3.772396	0.9243175
3.775729	0.9275322
3.779063	0.9306107
3.782396	0.933553
3.785729	0.9364136
3.789063	0.9393287
3.792396	0.9423254
3.795729	0.9455402
3.799062	0.9491091
3.802396	0.9531684
3.805729	0.9578542
3.809062	0.9633302
3.812396	0.9697596
3.815729	0.9772244
3.819062	0.9859695
3.822396	0.9960769
3.825729	1.007764
3.829062	1.021168
3.832396	1.036424
3.835729	1.053724
3.839062	1.073203
3.842396	1.094998
3.845729	1.119245
3.849062	1.14608
3.852396	1.175557
3.855729	1.207732
3.859062	1.242631
3.862396	1.280254
3.865729	1.320602
3.869062	1.363592
3.872396	1.40917
3.875729	1.457228
3.879062	1.507601
3.882396	1.560154
3.885729	1.614668
3.889062	1.670953
3.892396	1.728736
3.895729	1.787746
3.899062	1.847709
3.902396	1.908271
3.905729	1.96916
3.909062	2.029995
3.912396	2.090448
3.915729	2.150193
3.919063	2.208821
3.922396	2.266006
3.925729	2.321364
3.929063	2.374544
3.932396	2.425217
3.935729	2.472974
3.939063	2.517572
3.942396	2.558655
3.945729	2.595979
3.949063	2.629325
3.952396	2.658475
3.955729	2.683267
3.959063	2.703591
3.962396	2.719365
3.965729	2.730507
3.969063	2.736991
3.972396	2.738871
3.975729	2.736201
3.979063	2.729063
3.982396	2.717567
3.985729	2.70182
3.989063	2.682014
3.992396	2.658339
3.995729	2.63096
3.999063	2.60012
4.002396	2.566038
4.005729	2.52896
4.009062	2.48913
4.012396	2.446875
4.015729	2.402414
4.019063	2.356127
4.022396	2.308233
4.025729	2.259086
4.029062	2.208903
4.032396	2.158012
4.035729	2.106604
4.039063	2.054923
4.042396	2.003215
4.045729	1.951643
4.049063	1.900398
4.052396	1.849725
4.055729	1.79976
4.059062	1.750695
4.062396	1.702692
4.065729	1.655915
4.069063	1.6105
4.072396	1.566556
4.075729	1.524192
4.079062	1.48349
4.082396	1.444505
4.085729	1.407318
4.089063	1.371983
4.092396	1.338528
4.095729	1.307034
4.099062	1.277557
4.102396	1.250123
4.105729	1.224841
4.109063	1.201765
4.112396	1.181006
4.115729	1.162644
4.119062	1.146843
4.122396	1.133711
4.125729	1.123413
4.129063	1.116112
4.132396	1.112025
4.135729	1.111317
4.139062	1.114314
4.142396	1.121261
4.145729	1.132512
4.149063	1.148504
4.152396	1.1697
4.155729	1.196616
4.159062	1.229799
4.162396	1.269929
4.165729	1.317686
4.169063	1.373808
4.172396	1.439056
4.175729	1.514276
4.179062	1.600311
4.182396	1.698087
4.185729	1.808505
4.189063	1.932545
4.192396	2.071105
4.195729	2.225167
4.199062	2.395548
4.202396	2.583093
4.205729	2.788509
4.209063	3.012369
4.212396	3.25519
4.215729	3.517272
4.219062	3.798834
4.222396	4.099902
4.225729	4.420394
4.229063	4.75993
4.232396	5.117964
4.235729	5.493789
4.239062	5.886313
4.242396	6.294312
4.245729	6.716204
4.249063	7.150166
4.252396	7.59418
4.255729	8.045959
4.259062	8.503023
4.262396	8.962786
4.265729	9.422438
4.269063	9.879148
4.272396	10.33003
4.275729	10.77205
4.279062	11.20226
4.282396	11.61769
4.285729	12.01547
4.289063	12.39272
4.292396	12.7468
4.295729	13.07514
4.299063	13.37547
4.302396	13.64573
4.305729	13.88408
4.309062	14.08906
4.312396	14.25949
4.315729	14.39448
4.319063	14.49354
4.322396	14.55645
4.325729	14.58331
4.329062	14.57456
4.332396	14.53089
4.335729	14.4533
4.339063	14.34299
4.342396	14.20149
4.345729	14.0304
4.349062	13.83161
4.352396	13.60712
4.355729	13.35907
4.359063	13.08974
4.362396	12.80145
4.365729	12.49654
4.369062	12.17746
4.372396	11.84654
4.375729	11.5061
4.379063	11.15842
4.382396	10.80559
4.385729	10.44968
4.389062	10.0926
4.392396	9.736065
4.395729	9.381709
4.399063	9.031031
4.402396	8.685337
4.405729	8.345828
4.409062	8.013539
4.412396	7.689342
4.415729	7.373998
4.419063	7.068109
4.422396	6.772135
4.425729	6.486433
4.429062	6.211219
4.432396	5.946603
4.435729	5.692666
4.439063	5.449327
4.442396	5.216504
4.445729	4.994034
4.449062	4.781698
4.452396	4.579224
4.455729	4.386394
4.459063	4.202855
4.462396	4.028278
4.465729	3.862284
4.469062	3.704544
4.472396	3.55465
4.475729	3.412167
4.479063	3.276767
4.482396	3.148041
4.485729	3.025636
4.489062	2.909252
4.492396	2.798507
4.495729	2.693184
4.499063	2.592955
4.502396	2.497603
4.505729	2.406882
4.509062	2.32052
4.512396	2.238326
4.515729	2.160055
4.519063	2.085463
4.522396	2.014357
4.525729	1.946575
4.529062	1.881927
4.532396	1.82022
4.535729	1.761347
4.539063	1.705171
4.542396	1.651583
4.545729	1.60042
4.549063	1.551654
4.552396	1.505095
4.555729	1.460715
4.559062	1.418406
4.562396	1.378058
4.565729	1.339645
4.569063	1.303029
4.572396	1.268185
4.575729	1.23503
4.579062	1.203509
4.582396	1.173514
4.585729	1.14499
4.589063	1.117883
4.592396	1.092137
4.595729	1.067646
4.599062	1.04438
4.602396	1.022312
4.605729	1.001335
4.609063	0.9814744
4.612396	0.9626763
4.615729	0.9448863
4.619062	0.9281043
4.622396	0.9122759
4.625729	0.8973737
4.629063	0.8833978
4.632396	0.8703209
4.635729	0.8580886
4.639062	0.8467008
4.642396	0.8361576
4.645729	0.8264316
4.649063	0.8175503
4.652396	0.8095134
4.655729	0.8023756
4.659062	0.7961641
4.662396	0.7909606
4.665729	0.7868468
4.669063	0.7838773
4.672396	0.782161
4.675729	0.7817795
4.679062	0.7828148
4.682396	0.7853484
4.685729	0.7895167
4.689063	0.7954285
4.692396	0.8031657
4.695729	0.8128916
4.699062	0.8247698
4.702396	0.8389637
4.705729	0.8556367
4.709063	0.875034
4.712396	0.8973464
4.715729	0.9228191
4.719062	0.9516972
4.722396	0.9841987
4.725729	1.020569
4.729063	1.06108
4.732396	1.106004
4.735729	1.155533
4.739062	1.209966
4.742396	1.26952
4.745729	1.334414
4.749063	1.404838
4.752396	1.481039
4.755729	1.56315
4.759062	1.651365
4.762396	1.745736
4.765729	1.846428
4.769063	1.953468
4.772396	2.066883
4.775729	2.1867
4.779062	2.312919
4.782396	2.445486
4.785729	2.584373
4.789063	2.729472
4.792396	2.880755
4.795729	3.038195
4.799063	3.201765
4.802396	3.371492
4.805729	3.547431
4.809062	3.729717
4.812396	3.918623
4.815729	4.114559
4.819063	4.31804
4.822396	4.529832
4.825729	4.750858
4.829062	4.982374
4.832396	5.225876
4.835729	5.483164
4.839063	5.756443
4.842396	6.048276
4.845729	6.361712
4.849062	6.700212
4.852396	7.0677
4.855729	7.468697
4.859063	7.908162
4.862396	8.391598
4.865729	8.924944
4.869062	9.51463
4.872396	10.16749
4.875729	10.89067
4.879063	11.6916
4.882396	12.57794
4.885729	13.55748
4.889062	14.63796
4.892396	15.82706
4.895729	17.13218
4.899063	18.56032
4.902396	20.11769
4.905729	21.80984
4.909062	23.64115
4.912396	25.6148
4.915729	27.73255
4.919063	29.99458
4.922396	32.39933
4.925729	34.94349
4.929062	37.62183
4.932396	40.42715
4.935729	43.35022
4.939063	46.37969
4.942396	49.50215
4.945729	52.70206
4.949062	55.96197
4.952396	59.26243
4.955729	62.58241
4.959063	65.89947
4.962396	69.18996
4.965729	72.4296
4.969062	75.59364
4.972396	78.65733
4.975729	81.59623
4.979063	84.3865
4.982396	87.00531
4.985729	89.4311
4.989062	91.64393
4.992396	93.62565
4.995729	95.36024
4.999063	96.83406
5.002396	98.03602
5.005729	98.95769
5.009062	99.59355
5.012396	99.94091
5.015729	100
5.019063	99.77388
5.022396	99.26832
5.025729	98.49169
5.029062	97.45475
5.032396	96.17041
5.035729	94.65354
5.039063	92.92064
5.042396	90.98946
5.045729	88.87879
5.049063	86.6081
5.052396	84.19733
5.055729	81.66657
5.059062	79.03594
5.062396	76.32518
5.065729	73.55378
5.069063	70.74042
5.072396	67.90314
5.075729	65.05895
5.079062	62.22383
5.082396	59.41244
5.085729	56.6381
5.089063	53.91266
5.092396	51.2465
5.095729	48.64861
5.099062	46.12655
5.102396	43.68654
5.105729	41.33365
5.109063	39.07179
5.112396	36.90386
5.115729	34.8318
5.119062	32.85659
5.122396	30.9785
5.125729	29.19689
5.129063	27.51046
5.132396	25.91732
5.135729	24.415
5.139062	23.0006
5.142396	21.67093
5.145729	20.42255
5.149063	19.25189
5.152396	18.15523
5.155729	17.12889
5.159062	16.16915
5.162396	15.2723
5.165729	14.43467
5.169063	13.65267
5.172396	12.92268
5.175729	12.24135
5.179062	11.60527
5.182396	11.01131
5.185729	10.45647
5.189063	9.937912
5.192396	9.452978
5.195729	8.99921
5.199062	8.57432
5.202396	8.176183
5.205729	7.802838
5.209063	7.452432
5.212396	7.123304
5.215729	6.813791
5.219062	6.522503
5.222396	6.248052
5.225729	5.989212
5.229063	5.744865
5.232396	5.513976
5.235729	5.295647
5.239062	5.089005
5.242396	4.893287
5.245729	4.707786
5.249063	4.53193
5.252396	4.36509
5.255729	4.206832
5.259062	4.056666
5.262396	3.914128
5.265729	3.778891
5.269063	3.650602
5.272396	3.52896
5.275729	3.413665
5.279062	3.304501
5.282396	3.201193
5.285729	3.103525
5.289063	3.011252
5.292396	2.924209
5.295729	2.842151
5.299063	2.764916
5.302396	2.692312
5.305729	2.624121
5.309062	2.560208
5.312396	2.500409
5.315729	2.444587
5.319063	2.392524
5.322396	2.344113
5.325729	2.299134
5.329062	2.257478
5.332396	2.218901
5.335729	2.183267
5.339063	2.150302
5.342396	2.119817
5.345729	2.09162
5.349062	2.065439
5.352396	2.041056
5.355729	2.018335
5.359063	1.996976
5.362396	1.97687
5.365729	1.957772
5.369062	1.939547
5.372396	1.922002
5.375729	1.905002
5.379063	1.888383
5.382396	1.87201
5.385729	1.855746
5.389062	1.839481
5.392396	1.823108
5.395729	1.806544
5.399063	1.78968
5.402396	1.772435
5.405729	1.754754
5.409062	1.736583
5.412396	1.717894
5.415729	1.698632
5.419063	1.678799
5.422396	1.658366
5.425729	1.637334
5.429062	1.615703
5.432396	1.5935
5.435729	1.570779
5.439063	1.54754
5.442396	1.523838
5.445729	1.4997
5.449062	1.475154
5.452396	1.450308
5.455729	1.425162
5.459063	1.399771
5.462396	1.37419
5.465729	1.348444
5.469062	1.322618
5.472396	1.296709
5.475729	1.2708
5.479063	1.244946
5.482396	1.219147
5.485729	1.193429
5.489062	1.167874
5.492396	1.142511
5.495729	1.117338
5.499063	1.092437
5.502396	1.067836
5.505729	1.043535
5.509062	1.019615
5.512396	0.9961041
5.515729	0.9730289
5.519063	0.9504168
5.522396	0.9282678
5.525729	0.9066365
5.529062	0.8854956
5.532396	0.864845
5.535729	0.8447393
5.539063	0.825124
5.542396	0.8060263
5.545729	0.7873917
5.549063	0.7692748
5.552396	0.751621
5.555729	0.7344576
5.559062	0.7177301
5.562396	0.7014385
5.565729	0.68561
5.569063	0.6701902
5.572396	0.6551518
5.575729	0.6405492
5.579062	0.6263554
5.582396	0.6125429
5.585729	0.5991391
5.589063	0.586144
5.592396	0.573503
5.595729	0.5612434
5.599062	0.5493652
5.602396	0.5378412
5.605729	0.5266986
5.609063	0.5158829
5.612396	0.5053669
5.615729	0.4951779
5.619062	0.4852612
5.622396	0.475617
5.625729	0.4661908
5.629063	0.4570097
5.632396	0.4480466
5.635729	0.4393015
5.639062	0.4307743
5.642396	0.4224922
5.645729	0.4144282
5.649063	0.4065548
5.652396	0.3988994
5.655729	0.3914346
5.659062	0.3841606
5.662396	0.3771046
5.665729	0.370212
5.669063	0.3635101
5.672396	0.3569171
5.675729	0.3504877
5.679062	0.3442217
5.682396	0.3380646
5.685729	0.3320711
5.689063	0.3261592
5.692396	0.3204108
5.695729	0.3147442
5.699062	0.3092138
5.702396	0.3038195
5.705729	0.2985888
5.709063	0.2935215
5.712396	0.2886177
5.715729	0.2838773
5.719062	0.2793276
5.722396	0.2749142
5.725729	0.2706369
5.729063	0.2664687
5.732396	0.2623822
5.735729	0.2583774
5.739062	0.2544543
5.742396	0.2505857
5.745729	0.2468261
5.749063	0.243121
5.752396	0.2395521
5.755729	0.2361194
5.759062	0.2327957
5.762396	0.229581
5.765729	0.2265025
5.769063	0.2235057
5.772396	0.2205906
5.775729	0.2177573
5.779062	0.2149512
5.782396	0.2121996
5.785729	0.2095025
5.789063	0.2068327
5.792396	0.2042173
5.795729	0.2016836
5.799063	0.1992317
5.802396	0.1968888
5.805729	0.1946003
5.809062	0.1924209
5.812396	0.1902959
5.815729	0.1882526
5.819063	0.1862911
5.822396	0.1843568
5.825729	0.1825042
5.829062	0.1807062
5.832396	0.1789353
5.835729	0.177219
5.839063	0.1755844
5.842396	0.1740043
5.845729	0.1725331
5.849062	0.1711709
5.852396	0.1698905
5.855729	0.168719
5.859063	0.1675748
5.862396	0.1665123
5.865729	0.165477
5.869062	0.1644963
5.872396	0.163461
5.875729	0.1624258
5.879063	0.1613633
5.882396	0.1602463
5.885729	0.1591293
5.889062	0.1580123
5.892396	0.1568953
5.895729	0.1558056
5.899063	0.1547703
5.902396	0.1537623
5.905729	0.1528088
5.909062	0.151937
5.912396	0.1511197
5.915729	0.1503296
5.919063	0.1495941
5.922396	0.148913
5.925729	0.1482591
5.929062	0.1476325
5.932396	0.1470059
5.935729	0.1464066
5.939063	0.1458072
5.942396	0.1452079
5.945729	0.1446085
5.949062	0.1440364
5.952396	0.1434643
5.955729	0.1429194
5.959063	0.1424018
5.962396	0.1419114
5.965729	0.1414755
5.969062	0.1410669
5.972396	0.1407127
5.975729	0.1403858
5.979063	0.1400588
5.982396	0.1397592
5.985729	0.1394322
5.989062	0.1391053
5.992396	0.1387511
5.995729	0.1383697
5.999063	0.1379611
6.002396	0.1375524
6.005729	0.1371438
6.009062	0.1367351
6.012396	0.1363265
6.015729	0.1359178
6.019063	0.1355092
6.022396	0.1350733
6.025729	0.1346374
6.029062	0.1341742
6.032396	0.1337111
6.035729	0.133248
6.039063	0.1327848
6.042396	0.1323489
6.045729	0.1318858
6.049063	0.1314226
6.052396	0.1309323
6.055729	0.1304419
6.059062	0.1298698
6.062396	0.1292432
6.065729	0.1285893
6.069063	0.127881
6.072396	0.1271454
6.075729	0.1264098
6.079062	0.1257015
6.082396	0.1250204
6.085729	0.1244483
6.089063	0.1239307
6.092396	0.123522
6.095729	0.1231951
6.099062	0.1229499
6.102396	0.1227865
6.105729	0.1226502
6.109063	0.1225413
6.112396	0.1224595
6.115729	0.1223506
6.119062	0.1222416
6.122396	0.1221054
6.125729	0.1219419
6.129063	0.1217512
6.132396	0.1215605
6.135729	0.1213698
6.139062	0.1211791
6.142396	0.1210156
6.145729	0.1208522
6.149063	0.120716
6.152396	0.1205797
6.155729	0.1204435
6.159062	0.1202801
6.162396	0.1200621
6.165729	0.1197352
6.169063	0.1193538
6.172396	0.1188361
6.175729	0.118264
6.179062	0.1175557
6.182396	0.1167929
6.185729	0.1159211
6.189063	0.1150493
6.192396	0.114123
6.195729	0.113224
6.199062	0.112325
6.202396	0.1113987
6.205729	0.1104996
6.209063	0.1095734
6.212396	0.1086471
6.215729	0.1077208
6.219062	0.1067673
6.222396	0.1057865
6.225729	0.1047785
6.229063	0.1037705
6.232396	0.102708
6.235729	0.1016455
6.239062	0.100583
6.242396	0.09946603
6.245729	0.09834904
6.249063	0.09723206
6.252396	0.09614232
6.255729	0.09505258
6.259062	0.09401733
6.262396	0.09303656
6.265729	0.0920558
6.269063	0.09112952
6.272396	0.09023048
6.275729	0.08933145
6.279062	0.08840517
6.282396	0.08750613
6.285729	0.08657985
6.289063	0.08565357
6.292396	0.08475454
6.295729	0.08388274
6.299063	0.0830382
6.302396	0.08222089
6.305729	0.08145807
6.309062	0.0807225
6.312396	0.08001417
6.315729	0.07933308
6.319063	0.07859751
6.322396	0.07783469
6.325729	0.07704463
6.329062	0.07622732
6.332396	0.07538277
6.335729	0.07453822
6.339063	0.07369368
6.342396	0.07287637
6.345729	0.07205907
6.349062	0.07135073
6.352396	0.07069689
6.355729	0.07015202
6.359063	0.06968887
6.362396	0.06930747
6.365729	0.06898054
6.369062	0.06873535
6.372396	0.0685174
6.375729	0.0683267
6.379063	0.06810875
6.382396	0.06786356
6.385729	0.06759112
6.389062	0.06723696
6.392396	0.06685555
6.395729	0.06641965
6.399063	0.06598376
6.402396	0.06554786
6.405729	0.06511197
6.409062	0.06473056
6.412396	0.06440364
6.415729	0.06410396
6.419063	0.06385877
6.422396	0.06364082
6.425729	0.06347736
6.429062	0.06328665
6.432396	0.06312319
6.435729	0.06293249
6.439063	0.06276903
6.442396	0.06263281
6.445729	0.06252383
6.449062	0.06246935
6.452396	0.06246935
6.455729	0.06255108
6.459063	0.06266005
6.462396	0.06285076
6.465729	0.06309595
6.469062	0.06336838
6.472396	0.06364082
6.475729	0.0639405
6.479063	0.06429466
6.482396	0.06467607
6.485729	0.06511197
6.489062	0.06565684
6.492396	0.06628344
6.495729	0.06704625
6.499063	0.06786356
6.502396	0.06878984
6.505729	0.06971612
6.509062	0.07066965
6.512396	0.07159593
6.515729	0.07249496
6.519063	0.07333951
6.522396	0.07415682
6.525729	0.07497412
6.529062	0.07579143
6.532396	0.07666322
6.535729	0.07756225
6.539063	0.07848853
6.542396	0.07944205
6.545729	0.08039558
6.549063	0.08126737
6.552396	0.08203019
6.555729	0.08265679
6.559062	0.08309268
6.562396	0.08333787
6.565729	0.08339236
6.569063	0.0832289
6.572396	0.08292922
6.575729	0.08249333
6.579062	0.08194846
6.582396	0.08137634
6.585729	0.08074974
6.589063	0.08015039
6.592396	0.07952378
6.595729	0.07892443
6.599062	0.07832507
6.602396	0.07769847
6.605729	0.07704463
6.609063	0.07636354
6.612396	0.07560072
6.615729	0.07481066
6.619062	0.07399335
6.622396	0.07312156
6.625729	0.07222253
6.629063	0.07135073
6.632396	0.0704517
6.635729	0.0695799
6.639062	0.06870811
6.642396	0.06786356
6.645729	0.06704625
6.649063	0.06622895
6.652396	0.06541164
6.655729	0.06462158
6.659062	0.06385877
6.662396	0.06312319
6.665729	0.06241486
6.669063	0.06170653
6.672396	0.06105268
6.675729	0.06039884
6.679062	0.059745
6.682396	0.05906391
6.685729	0.05835558
6.689063	0.05759276
6.692396	0.05677546
6.695729	0.05587642
6.699062	0.05495014
6.702396	0.05394213
6.705729	0.05296137
6.709063	0.05195336
6.712396	0.05097259
6.715729	0.05004631
6.719062	0.04920177
6.722396	0.04846619
6.725729	0.04783959
6.729063	0.04732196
6.732396	0.04688607
6.735729	0.04658639
6.739062	0.04636844
6.742396	0.04628671
6.745729	0.04628671
6.749063	0.04636844
6.752396	0.04655915
6.755729	0.04683158
6.759062	0.04718575
6.762396	0.04762164
6.765729	0.04811203
6.769063	0.04862965
6.772396	0.04917452
6.775729	0.04971939
6.779062	0.05029151
6.782396	0.05083638
6.785729	0.05138125
6.789063	0.05187163
6.792396	0.05233477
6.795729	0.05277066
6.799063	0.05315207
6.802396	0.05347899
6.805729	0.05372419
6.809062	0.05391489
6.812396	0.05402386
6.815729	0.05405111
6.819063	0.05402386
6.822396	0.05391489
6.825729	0.05375143
6.829062	0.05356073
6.832396	0.05328829
6.835729	0.05298861
6.839063	0.0526072
6.842396	0.05217131
6.845729	0.05159919
6.849062	0.05094535
6.852396	0.05015529
6.855729	0.04920177
6.859063	0.04805754
6.862396	0.04677709
6.865729	0.04530594
6.869062	0.04367133
6.872396	0.04192775
6.875729	0.04007519
6.879063	0.0381409
6.882396	0.03617937
6.885729	0.03419059
6.889062	0.03222906
6.892396	0.03032202
6.895729	0.0284967
6.899063	0.02675312
6.902396	0.02511851
6.905729	0.02362012
6.909062	0.0222307
6.912396	0.0209775
6.915729	0.01986051
6.919063	0.01887975
6.922396	0.0180352
6.925729	0.01732687
6.929062	0.016782
6.932396	0.01640059
6.935729	0.0161554
6.939063	0.01612815
6.942396	0.01626437
6.945729	0.01664578
6.949062	0.01721789
6.952396	0.01798071
6.955729	0.01893423
6.959063	0.02007846
6.962396	0.02138615
6.965729	0.02283006
6.969062	0.02441018
6.972396	0.02609928
6.975729	0.02789734
6.979063	0.0297499
6.982396	0.03165695
6.985729	0.03367297
6.989062	0.03571623
6.992396	0.03781398
6.995729	0.03991173
6.999063	0.04200948
7.002396	0.04410723
7.005729	0.04615049
7.009062	0.04819376
7.012396	0.05015529
7.015729	0.05206233
7.019063	0.05391489
7.022396	0.05568572
7.025729	0.0574293
7.029062	0.05906391
7.032396	0.06064403
7.035729	0.06214242
7.039063	0.06353184
7.042396	0.06481229
7.045729	0.06592927
7.049063	0.06685555
7.052396	0.06759112
7.055729	0.06810875
7.059062	0.06840843
7.062396	0.06849016
7.065729	0.0683267
7.069063	0.06794529
7.072396	0.06734593
7.075729	0.06658312
7.079062	0.06562959
7.082396	0.06453985
7.085729	0.0633139
7.089063	0.06192448
7.092396	0.06042608
7.095729	0.05881872
7.099062	0.05710238
7.102396	0.05530431
7.105729	0.05347899
7.109063	0.05157195
7.112396	0.0496649
7.115729	0.04775786
7.119062	0.04585081
7.122396	0.04397101
7.125729	0.0421457
7.129063	0.04042936
7.132396	0.0387675
7.135729	0.03718738
7.139062	0.03574348
7.142396	0.03440854
7.145729	0.03320983
7.149063	0.03214733
7.152396	0.0312483
7.155729	0.03051272
7.159062	0.02994061
7.162396	0.02953195
7.165729	0.02928676
7.169063	0.02917779
7.172396	0.02923228
7.175729	0.02936849
7.179062	0.02961369
7.182396	0.02991336
7.185729	0.03024029
7.189063	0.03062169
7.192396	0.03103035
7.195729	0.03149349
7.199062	0.03195663
7.202396	0.03244701
7.205729	0.03299188
7.209063	0.03356399
7.212396	0.03413611
7.215729	0.03476271
7.219062	0.03536207
7.222396	0.03598867
7.225729	0.03656078
7.229063	0.03713289
7.232396	0.03762328
7.235729	0.03808642
7.239062	0.03849507
7.242396	0.03882199
7.245729	0.03909443
7.249063	0.03933962
7.252396	0.03955757
7.255729	0.03980276
7.259062	0.04004795
7.262396	0.04029314
7.265729	0.04062006
7.269063	0.04097423
7.272396	0.04138288
7.275729	0.04179153
7.279062	0.04225467
7.282396	0.04269057
7.285729	0.04309922
7.289063	0.04348063
7.292396	0.04388928
7.295729	0.04427069
7.299063	0.0446521
7.302396	0.04503351
7.305729	0.04544216
7.309062	0.04585081
7.312396	0.04625947
7.315729	0.04664088
7.319063	0.04702229
7.322396	0.04740369
7.325729	0.04773062
7.329062	0.04803029
7.332396	0.04832997
7.335729	0.04860241
7.339063	0.0488476
7.342396	0.04909279
7.345729	0.04933798
7.349062	0.04952869
7.352396	0.0496649
7.355729	0.04971939
7.359063	0.04971939
7.362396	0.04961042
7.365729	0.04941971
7.369062	0.04917452
7.372396	0.0488476
7.375729	0.04852068
7.379063	0.04816651
7.382396	0.04783959
7.385729	0.04751267
7.389062	0.04721299
7.392396	0.04694055
7.395729	0.04669536
7.399063	0.04642293
7.402396	0.04612325
7.405729	0.04579633
7.409062	0.04541492
7.412396	0.04500627
7.415729	0.04454313
7.419063	0.04405274
7.422396	0.04353512
7.425729	0.042963
7.429062	0.04239089
7.432396	0.04179153
7.435729	0.04124666
7.439063	0.04072904
7.442396	0.04021141
7.445729	0.03972103
7.449062	0.03928513
7.452396	0.03890372
7.455729	0.03854956
7.459063	0.03824988
7.462396	0.03797744
7.465729	0.0377595
7.469062	0.03759603
7.472396	0.03748706
7.475729	0.03745982
7.479063	0.0375143
7.482396	0.03762328
7.485729	0.03778674
7.489062	0.03797744
7.492396	0.03822263
7.495729	0.03841334
7.499063	0.03860404
7.502396	0.03871302
7.505729	0.0387675
7.509062	0.0387675
7.512396	0.03868577
7.515729	0.0385768
7.519063	0.0383861
7.522396	0.03819539
7.525729	0.03803193
7.529062	0.03784123
7.532396	0.03770501
7.535729	0.03754155
7.539063	0.03743257
7.542396	0.03729636
7.545729	0.03718738
7.549063	0.03707841
7.552396	0.03694219
7.555729	0.03683322
7.559062	0.03666976
7.562396	0.03653354
7.565729	0.03639732
7.569063	0.0362611
7.572396	0.03617937
7.575729	0.03612489
7.579062	0.0360704
7.582396	0.03604315
7.585729	0.03604315
7.589063	0.0360704
7.592396	0.03609764
7.595729	0.03612489
7.599062	0.03612489
7.602396	0.03609764
7.605729	0.03609764
7.609063	0.0360704
7.612396	0.03609764
7.615729	0.03612489
7.619062	0.03617937
7.622396	0.0362611
7.625729	0.03637008
7.629063	0.03647905
7.632396	0.03656078
7.635729	0.03661527
7.639062	0.03661527
7.642396	0.03656078
7.645729	0.03642456
7.649063	0.03620662
7.652396	0.03596142
7.655729	0.03571623
7.659062	0.03547104
7.662396	0.03525309
7.665729	0.03511688
7.669063	0.0350079
7.672396	0.03492617
7.675729	0.03489892
7.679062	0.03487168
7.682396	0.03487168
7.685729	0.03484444
7.689063	0.03484444
7.692396	0.03481719
7.695729	0.03484444
7.699062	0.03487168
7.702396	0.03495341
7.705729	0.03508963
7.709063	0.03522585
7.712396	0.03536207
7.715729	0.03549828
7.719062	0.03560726
7.722396	0.03568899
7.725729	0.03571623
7.729063	0.03571623
7.732396	0.0356345
7.735729	0.03552553
7.739062	0.03536207
7.742396	0.03519861
7.745729	0.0350079
7.749063	0.03481719
7.752396	0.03465373
7.755729	0.03449027
7.759062	0.03435405
7.762396	0.03424508
7.765729	0.03419059
7.769063	0.03413611
7.772396	0.03413611
7.775729	0.03410886
7.779062	0.03410886
7.782396	0.03408162
7.785729	0.03399989
7.789063	0.03389091
7.792396	0.03372745
7.795729	0.03353675
7.799063	0.03334604
7.802396	0.0331281
7.805729	0.03288291
7.809062	0.03266496
7.812396	0.03244701
7.815729	0.03222906
7.819063	0.03201111
7.822396	0.03179317
7.825729	0.03154797
7.829062	0.03133003
7.832396	0.03108483
7.835729	0.03083964
7.839063	0.03062169
7.842396	0.03043099
7.845729	0.03024029
7.849062	0.03007682
7.852396	0.02994061
7.855729	0.02980439
7.859063	0.02966817
7.862396	0.02953195
7.865729	0.02939574
7.869062	0.02925952
7.872396	0.02909606
7.875729	0.0289326
7.879063	0.02879638
7.882396	0.02866016
7.885729	0.02852395
7.889062	0.02841497
7.892396	0.02833324
7.895729	0.02827875
7.899063	0.02822427
7.902396	0.02819702
7.905729	0.02819702
7.909062	0.02822427
7.912396	0.02827875
7.915729	0.02836048
7.919063	0.02846946
7.922396	0.02860568
7.925729	0.02876914
7.929062	0.02895984
7.932396	0.02915055
7.935729	0.02931401
7.939063	0.02945022
7.942396	0.0295592
7.945729	0.02961369
7.949062	0.02961369
7.952396	0.0295592
7.955729	0.02947747
7.959063	0.02936849
7.962396	0.02925952
7.965729	0.02915055
7.969062	0.02906882
7.972396	0.02898708
7.975729	0.02895984
7.979063	0.0289326
7.982396	0.02890535
7.985729	0.02887811
7.989062	0.02879638
7.992396	0.02868741
7.995729	0.02855119
7.999063	0.02838773
8.002396	0.02822427
8.005729	0.02806081
8.009063	0.02792459
8.012396	0.02784286
8.015729	0.02776113
8.019062	0.02773389
8.022396	0.02776113
8.025729	0.02778837
8.029062	0.02781562
8.032395	0.02784286
8.035729	0.02784286
8.039063	0.02784286
8.042396	0.02778837
8.04573	0.02773389
8.049063	0.02770664
8.052396	0.02765215
8.055729	0.02762491
8.059063	0.02759767
8.062396	0.02759767
8.065729	0.02762491
8.069062	0.0276794
8.072396	0.02776113
8.075729	0.0278701
8.079062	0.02803356
8.082396	0.02825151
8.08573	0.0284967
8.089063	0.02876914
8.092396	0.02906882
8.095729	0.02939574
8.099063	0.02972266
8.102396	0.03002234
8.105729	0.03032202
8.109062	0.03059445
8.112396	0.03083964
8.115729	0.03105759
8.119062	0.0312483
8.122396	0.031439
8.12573	0.03160246
8.129063	0.03176592
8.132396	0.03192938
8.135729	0.0320656
8.139063	0.03220182
8.142396	0.03231079
8.145729	0.03244701
8.149062	0.03255598
8.152396	0.03266496
8.155729	0.03277393
8.159062	0.03288291
8.162395	0.03301912
8.16573	0.03318258
8.169063	0.03334604
8.172396	0.03356399
8.175729	0.03378194
8.179063	0.03402713
8.182396	0.03429957
8.185729	0.03454476
8.189062	0.03481719
8.192396	0.03506239
8.195729	0.03528034
8.199062	0.03549828
8.202395	0.03568899
8.205729	0.03587969
8.209063	0.03604315
8.212396	0.03620662
8.215729	0.03634283
8.219063	0.03645181
8.222396	0.03650629
8.225729	0.03653354
8.229062	0.03650629
8.232396	0.03639732
8.235729	0.03620662
8.239062	0.03598867
8.242395	0.03571623
8.245729	0.03541655
8.249063	0.03511688
8.252396	0.03484444
8.255729	0.03459925
8.259063	0.03435405
8.262396	0.03416335
8.265729	0.03397265
8.269062	0.03378194
8.272396	0.03361848
8.275729	0.03342778
8.279062	0.03326431
8.282395	0.03310085
8.285729	0.03293739
8.289063	0.03280117
8.292396	0.03266496
8.29573	0.03252874
8.299063	0.03239252
8.302396	0.03228355
8.305729	0.03217457
8.309063	0.03203836
8.312396	0.03192938
8.315729	0.03179317
8.319062	0.0316297
8.322396	0.03149349
8.325729	0.03138451
8.329062	0.0312483
8.332396	0.03113932
8.33573	0.03103035
8.339063	0.03092137
8.342396	0.03078516
8.345729	0.03067618
8.349063	0.03053996
8.352396	0.0303765
8.355729	0.0301858
8.359062	0.02996785
8.362396	0.02969542
8.365729	0.02942298
8.369062	0.02909606
8.372396	0.02879638
8.37573	0.02844221
8.379063	0.02811529
8.382396	0.02776113
8.385729	0.02746145
8.389063	0.02713453
8.392396	0.02686209
8.395729	0.0266169
8.399062	0.0264262
8.402396	0.02626274
8.405729	0.02618101
8.409062	0.02612652
8.412395	0.02615376
8.41573	0.02623549
8.419063	0.02637171
8.422396	0.02650793
8.425729	0.02667139
8.429063	0.02680761
8.432396	0.02691658
8.435729	0.02702555
8.439062	0.02710728
8.442396	0.02716177
8.445729	0.02721626
8.449062	0.0272435
8.452395	0.02729799
8.455729	0.02732523
8.459063	0.02732523
8.462396	0.02729799
8.465729	0.02721626
8.469063	0.02710728
8.472396	0.02694382
8.475729	0.02675312
8.479062	0.02656241
8.482396	0.0264262
8.485729	0.02634447
8.489062	0.02634447
8.492395	0.02648068
8.495729	0.02669863
8.499063	0.02699831
8.502396	0.02735248
8.505729	0.02776113
8.509063	0.02816978
8.512396	0.02855119
8.515729	0.02885087
8.519062	0.02909606
8.522396	0.02925952
8.525729	0.02939574
8.529062	0.02950471
8.532395	0.02961369
8.535729	0.02972266
8.539063	0.02988612
8.542396	0.03007682
8.54573	0.03029477
8.549063	0.03051272
8.552396	0.03075791
8.555729	0.0310031
8.559063	0.03122105
8.562396	0.031439
8.565729	0.0316297
8.569062	0.03182041
8.572396	0.03195663
8.575729	0.03212009
8.579062	0.0322563
8.582396	0.03239252
8.58573	0.0325015
8.589063	0.03261047
8.592396	0.03271944
8.595729	0.03280117
8.599063	0.03282842
8.602396	0.03282842
8.605729	0.03277393
8.609062	0.03263771
8.612396	0.03239252
8.615729	0.03209284
8.619062	0.03168419
8.622396	0.0312483
8.62573	0.03075791
8.629063	0.03029477
8.632396	0.02985888
8.635729	0.02945022
8.639063	0.0291233
8.642396	0.02887811
8.645729	0.02866016
8.649062	0.0284967
8.652396	0.02833324
8.655729	0.02816978
8.659062	0.02795183
8.662395	0.02770664
8.66573	0.02743421
8.669063	0.02713453
8.672396	0.02680761
8.675729	0.02648068
8.679063	0.02618101
8.682396	0.02588133
8.685729	0.02560889
8.689062	0.02539094
8.692396	0.02520024
8.695729	0.02503678
8.699062	0.02490056
8.702395	0.02479159
8.705729	0.02470986
8.709063	0.02465537
8.712396	0.02462813
8.715729	0.02462813
8.719063	0.02465537
8.722396	0.02468261
8.725729	0.02470986
8.729062	0.0247371
8.732396	0.02470986
8.735729	0.02468261
8.739062	0.02460088
8.742395	0.02443742
8.745729	0.02427396
8.749063	0.02405601
8.752396	0.02381082
8.755729	0.02353839
8.759063	0.02326595
8.762396	0.02299352
8.765729	0.02272108
8.769062	0.02244865
8.772396	0.02220345
8.775729	0.02198551
8.779062	0.02182205
8.782395	0.02165858
8.785729	0.02152237
8.789063	0.02141339
8.792396	0.02135891
8.79573	0.02133166
8.799063	0.02133166
8.802396	0.02138615
8.805729	0.02144064
8.809063	0.02154961
8.812396	0.02165858
8.815729	0.02176756
8.819062	0.02193102
8.822396	0.02206724
8.825729	0.02217621
8.829062	0.02228519
8.832396	0.02236692
8.83573	0.0224214
8.839063	0.02244865
8.842396	0.02247589
8.845729	0.02250313
8.849063	0.02255762
8.852396	0.02263935
8.855729	0.02280281
8.859062	0.02299352
8.862396	0.02323871
8.865729	0.02351114
8.869062	0.02381082
8.872396	0.02405601
8.87573	0.02427396
8.879063	0.02441018
8.882396	0.02446467
8.885729	0.02443742
8.889063	0.02432845
8.892396	0.02413774
8.895729	0.0239198
8.899062	0.02370185
8.902396	0.02345666
8.905729	0.02326595
8.909062	0.02310249
8.912395	0.02296627
8.91573	0.02291179
8.919063	0.02288454
8.922396	0.02288454
8.925729	0.02291179
8.929063	0.02296627
8.932396	0.02299352
8.935729	0.02299352
8.939062	0.02296627
8.942396	0.02288454
8.945729	0.02277557
8.949062	0.02266659
8.952395	0.02253038
8.955729	0.0224214
8.959063	0.02231243
8.962396	0.02225794
8.965729	0.02225794
8.969063	0.02231243
8.972396	0.0224214
8.975729	0.02255762
8.979062	0.02266659
8.982396	0.02274832
8.985729	0.02277557
8.989062	0.02274832
8.992395	0.02269384
8.995729	0.02258486
8.999063	0.02244865
9.002396	0.02225794
9.005729	0.02209448
9.009063	0.02190378
9.012396	0.02176756
9.015729	0.02163134
9.019062	0.02152237
9.022396	0.02141339
9.025729	0.02130442
9.029062	0.02119545
9.032395	0.02105923
9.035729	0.02092301
9.039063	0.02075955
9.042396	0.02059609
9.04573	0.02045987
9.049063	0.02037814
9.052396	0.02032365
9.055729	0.02032365
9.059063	0.02037814
9.062396	0.02048711
9.065729	0.02062333
9.069062	0.02078679
9.072396	0.02095025
9.075729	0.02111371
9.079062	0.02124993
9.082396	0.02133166
9.08573	0.02141339
9.089063	0.02146788
9.092396	0.02149512
9.095729	0.02149512
9.099063	0.02149512
9.102396	0.02146788
9.105729	0.02141339
9.109062	0.02138615
9.112396	0.02133166
9.115729	0.02130442
9.119062	0.02127718
9.122396	0.02127718
9.12573	0.02133166
9.129063	0.02138615
9.132396	0.02146788
9.135729	0.02157685
9.139063	0.02165858
9.142396	0.02174032
9.145729	0.02176756
9.149062	0.02174032
9.152396	0.02168583
9.155729	0.02154961
9.159062	0.02141339
9.162395	0.02122269
9.16573	0.02103198
9.169063	0.02089577
9.172396	0.02078679
9.175729	0.02078679
9.179063	0.02084128
9.182396	0.02095025
9.185729	0.02114096
9.189062	0.02135891
9.192396	0.02163134
9.195729	0.02187653
9.199062	0.02209448
9.202395	0.02225794
9.205729	0.02233967
9.209063	0.02239416
9.212396	0.02236692
9.215729	0.02231243
9.219063	0.02225794
9.222396	0.02214897
9.225729	0.02209448
9.229062	0.02203999
9.232396	0.02203999
9.235729	0.02209448
9.239062	0.02217621
9.242395	0.02228519
9.245729	0.0224214
9.249063	0.02255762
9.252396	0.02263935
9.255729	0.02266659
9.259063	0.02261211
9.262396	0.02247589
9.265729	0.02225794
9.269062	0.02198551
9.272396	0.02168583
9.275729	0.02138615
9.279062	0.02105923
9.282395	0.02081404
9.285729	0.02059609
9.289063	0.02045987
9.292396	0.02037814
9.29573	0.0203509
9.299063	0.0203509
9.302396	0.02037814
9.305729	0.02043263
9.309063	0.02048711
9.312396	0.02056884
9.315729	0.02065058
9.319062	0.02070506
9.322396	0.02078679
9.325729	0.02089577
9.329062	0.0209775
9.332396	0.02108647
9.33573	0.0211682
9.339063	0.02124993
9.342396	0.02130442
9.345729	0.02133166
9.349063	0.02135891
9.352396	0.02135891
9.355729	0.02133166
9.359062	0.02133166
9.362396	0.02133166
9.365729	0.02135891
9.369062	0.02138615
9.372396	0.02144064
9.37573	0.02149512
9.379063	0.02152237
9.382396	0.02152237
9.385729	0.02146788
9.389063	0.02138615
9.392396	0.02124993
9.395729	0.02108647
9.399062	0.02089577
9.402396	0.02067782
9.405729	0.02048711
9.409062	0.0203509
9.412395	0.02024192
9.41573	0.02018744
9.419063	0.02018744
9.422396	0.02024192
9.425729	0.0203509
9.429063	0.02048711
9.432396	0.02065058
9.435729	0.02078679
9.439062	0.02092301
9.442396	0.02103198
9.445729	0.02111371
9.449062	0.0211682
9.452395	0.02119545
9.455729	0.02119545
9.459063	0.02114096
9.462396	0.02108647
9.465729	0.0209775
9.469063	0.02086852
9.472396	0.02073231
9.475729	0.02056884
9.479062	0.02037814
9.482396	0.02018744
9.485729	0.01996949
9.489062	0.01977878
9.492395	0.01958808
9.495729	0.01945186
9.499063	0.01934289
9.502396	0.01926116
9.505729	0.01920667
9.509063	0.01920667
9.512396	0.01920667
9.515729	0.01923391
9.519062	0.0192884
9.522396	0.01934289
9.525729	0.01939737
9.529062	0.01942462
9.532395	0.01945186
9.535729	0.01945186
9.539063	0.01939737
9.542396	0.01926116
9.54573	0.01907045
9.549063	0.01879802
9.552396	0.0184711
9.555729	0.01811693
9.559063	0.01779001
9.562396	0.01749033
9.565729	0.01724514
9.569062	0.01708167
9.572396	0.01705443
9.575729	0.01713616
9.579062	0.01729962
9.582396	0.01751757
9.58573	0.01779001
9.589063	0.01806244
9.592396	0.01836212
9.595729	0.01863456
9.599063	0.01890699
9.602396	0.01915218
9.605729	0.01937013
9.609062	0.01953359
9.612396	0.01966981
9.615729	0.01977878
9.619062	0.01986051
9.622396	0.01988776
9.62573	0.01986051
9.629063	0.01977878
9.632396	0.01964257
9.635729	0.0194791
9.639063	0.01926116
9.642396	0.01904321
9.645729	0.01879802
9.649062	0.01852558
9.652396	0.01825315
9.655729	0.01795347
9.659062	0.01765379
9.662395	0.01735411
9.66573	0.01708167
9.669063	0.01683648
9.672396	0.01667302
9.675729	0.01656405
9.679063	0.0165368
9.682396	0.01659129
9.685729	0.016782
9.689062	0.01702719
9.692396	0.01735411
9.695729	0.01773552
9.699062	0.01808969
9.702395	0.01838936
9.705729	0.01863456
9.709063	0.01879802
9.712396	0.01887975
9.715729	0.0188525
9.719063	0.01879802
9.722396	0.01868904
9.725729	0.01855283
9.729062	0.01844385
9.732396	0.01836212
9.735729	0.01833488
9.739062	0.01836212
9.742395	0.01841661
9.745729	0.0184711
9.749063	0.01855283
9.752396	0.01863456
9.755729	0.01868904
9.759063	0.01871629
9.762396	0.01871629
9.765729	0.01871629
9.769062	0.0186618
9.772396	0.01863456
9.775729	0.01858007
9.779062	0.01852558
9.782395	0.01849834
9.785729	0.0184711
9.789063	0.0184711
9.792396	0.0184711
9.79573	0.01849834
9.799063	0.01855283
9.802396	0.01860731
9.805729	0.01868904
9.809063	0.01877077
9.812396	0.01882526
9.815729	0.01887975
9.819062	0.01893423
9.822396	0.01890699
9.825729	0.01887975
9.829062	0.01882526
9.832396	0.01871629
9.83573	0.01863456
9.839063	0.01852558
9.842396	0.01844385
9.845729	0.01838936
9.849063	0.01836212
9.852396	0.01833488
9.855729	0.01833488
9.859062	0.01833488
9.862396	0.01830763
9.865729	0.01828039
9.869062	0.01819866
9.872396	0.01811693
9.87573	0.01800796
9.879063	0.01789898
9.882396	0.01776276
9.885729	0.01765379
9.889063	0.01757206
9.892396	0.01751757
9.895729	0.01749033
9.899062	0.01749033
9.902396	0.01749033
9.905729	0.01754482
9.909062	0.0175993
9.912395	0.01768103
9.91573	0.01776276
9.919063	0.01784449
9.922396	0.01792623
9.925729	0.01800796
9.929063	0.01806244
9.932396	0.01814417
9.935729	0.01817142
9.939062	0.0182259
9.942396	0.01825315
9.945729	0.01830763
9.949062	0.01833488
9.952395	0.01841661
9.955729	0.0184711
9.959063	0.01858007
9.962396	0.0186618
9.965729	0.01874353
9.969063	0.01879802
9.972396	0.01879802
9.975729	0.01871629
9.979062	0.01855283
9.982396	0.01833488
9.985729	0.01808969
9.989062	0.01784449
9.992395	0.0175993
9.995729	0.01743584
9.999063	0.01732687
}
[PEAK]
{
Peak ID	1
Peak Ref	1
Time	3.97209
Peak	3.202396	4.135729
Intensity	3.111362e-05	0.0001366735
Height	0.005936122
AreaAbs	1706.569
Area %BP	0.07228551
Area %Total	0.06009425
Width	0.9333334
}
[PEAK]
{
Peak ID	2
Peak Ref	2
Time	4.326595
Peak	4.135729	4.675729
Intensity	3.111362e-05	0.0001366735
Height	0.03184101
AreaAbs	6251.276
Area %BP	0.2647866
Area %Total	0.2201292
Width	0.54
}
[PEAK]
{
Peak ID	3
Peak Ref	3
Time	5.01477
Peak	4.675729	6.099062
Intensity	3.111362e-05	0.0001366735
Height	0.21872
AreaAbs	39347.89
Area %BP	1.666667
Area %Total	1.385576
Width	1.423333
}
[PEAK]
{
Peak ID	4
Peak Ref	4
Time	6.183256
Peak	6.099062	6.449062
Intensity	3.111362e-05	0.0001366735
Height	0.0001270293
AreaAbs	24.62254
Area %BP	0.001042942
Area %Total	0.0008670452
Width	0.3499999
}
}
}
}
