[SAMPLE]
{
Sample	1
Well	3
FileName	
SampleID	ASD-C-2603015-001
SampleDescription	Aquired with Galaxy
Date	23-Mar-2026
Time	18:51:38 PRC
JobCode	
TaskCode	
UserName	Congcong_Liu2
LabName	Aquired with Galaxy
Instrument	BAD_L_15_101
Conditions	
Submitter	Jinxue_Shen
SampleType	
Plate	
Method	
Process	Galaxy
MSTune	
MSMethod	
InletMethod	
PreRunMethod	
PostRunMethod	
SwitchMethod	
FractionMethod	
AcquisitionProcess	
AcquisitionProcessParameters	
AcquisitionProcessOptions	
InjectionVolume	25
ReportScheme	
SampleReportEnable	0
SampleReportFormat	
AnalysisTime	0
[COMPOUND]
{
;Mono Mass	Formula
}
[FUNCTION]
{
Function	1
IonMode	ES+
Type	MS
Description	(0:0)
[SPECTRUM]
{
ProcDesc	0.00:Combine
State	OK
Peak ID	0
Peak Ref	0
Time	0
TIC	0
BPI	0
BPM	0
Continuum	FALSE
Saved	FALSE
[MASSES]
{
;Mass	Exp. Mass	Obs. Mass	% BPI	Int. Abs
}
[RESULTS]
{
;Mass	Found	% BPI	% Purity
}
[MS]
{
;Mass	% BPI
0	0
}
}
[CHROMATOGRAM]
{
TraceNumber	1
Description	scroll down chrom view to see 2D LC chrom
ProcDesc	
MaxIntensity	0
[TRACE]
{
0	0
}
[PEAK]
{
Peak ID	0
Peak Ref	0
Time	0
Peak	0
Intensity	0	0
Height	0
AreaAbs	0
Area %BP	0
Area %Total	0
}
}
}
[FUNCTION]
{
Function	0
Description	ANALOG
[CHROMATOGRAM]
{
TraceNumber	2
Description	LC
ProcDesc	Result Id:3287, VWD: Signal A, 280 nm
MaxIntensity	0.2797178
[TRACE]
{
;Time	Int. %Max
0.003229167	0.01027087
0.0065625	0.01018563
0.009895833	0.01010039
0.01322917	0.00999385
0.0165625	0.009887306
0.01989583	0.009780762
0.02322917	0.009674217
0.0265625	0.009567673
0.02989583	0.009461129
0.03322917	0.009375893
0.0365625	0.009311967
0.03989583	0.00924804
0.04322917	0.009205423
0.0465625	0.009184114
0.04989583	0.009162805
0.05322917	0.009162805
0.0565625	0.009184114
0.05989583	0.009184114
0.06322917	0.009162805
0.0665625	0.009162805
0.06989583	0.009141496
0.07322916	0.009120187
0.0765625	0.009120187
0.07989583	0.009141496
0.08322917	0.009184114
0.0865625	0.00924804
0.08989584	0.009333276
0.09322917	0.009418511
0.0965625	0.009503747
0.09989583	0.009567673
0.1032292	0.0096316
0.1065625	0.009652909
0.1098958	0.009674217
0.1132292	0.009674217
0.1165625	0.009652909
0.1198958	0.009674217
0.1232292	0.009716835
0.1265625	0.009823379
0.1298958	0.009972541
0.1332292	0.01020694
0.1365625	0.01050526
0.1398958	0.01086751
0.1432292	0.01129369
0.1465625	0.0118051
0.1498958	0.01238044
0.1532292	0.0129984
0.1565625	0.01368028
0.1598958	0.01436216
0.1632292	0.01506536
0.1665625	0.01574724
0.1698958	0.01642912
0.1732292	0.01704708
0.1765625	0.01762242
0.1798958	0.01813383
0.1832292	0.01858132
0.1865625	0.01894357
0.1898958	0.0192632
0.1932292	0.01954022
0.1965625	0.01977461
0.1998958	0.01996639
0.2032292	0.02011555
0.2065625	0.02024341
0.2098958	0.02030733
0.2132292	0.02034995
0.2165625	0.02034995
0.2198958	0.02030733
0.2232292	0.02020079
0.2265625	0.02007294
0.2298958	0.01992377
0.2332292	0.01973199
0.2365625	0.01954022
0.2398958	0.01932713
0.2432292	0.01913535
0.2465625	0.01892226
0.2498958	0.01873048
0.2532292	0.0185387
0.2565625	0.01832561
0.2598958	0.01811252
0.2632292	0.01789943
0.2665625	0.01766504
0.2698958	0.01740933
0.2732292	0.01713231
0.2765625	0.0168553
0.2798958	0.01657828
0.2832292	0.01632258
0.2865625	0.01608818
0.2898958	0.0158964
0.2932292	0.01574724
0.2965625	0.0156407
0.2998958	0.01555546
0.3032292	0.01551284
0.3065625	0.01549153
0.3098958	0.01544892
0.3132292	0.01542761
0.3165625	0.0154063
0.3198958	0.01536368
0.3232292	0.01529975
0.3265625	0.01523583
0.3298958	0.0151719
0.3332292	0.01510797
0.3365625	0.01504405
0.3398958	0.01498012
0.3432292	0.01491619
0.3465625	0.01485227
0.3498958	0.01478834
0.3532292	0.01470311
0.3565625	0.01461787
0.3598958	0.01451133
0.3632292	0.01440478
0.3665625	0.01429824
0.3698958	0.01419169
0.3732292	0.01410646
0.3765625	0.01402122
0.3798958	0.0139573
0.3832292	0.01387206
0.3865625	0.01380813
0.3898958	0.0137229
0.3932292	0.01361635
0.3965625	0.01350981
0.3998958	0.01338196
0.4032292	0.0132328
0.4065625	0.01306232
0.4098958	0.01289185
0.4132292	0.01270007
0.4165625	0.0125296
0.4198958	0.01233782
0.4232292	0.01216735
0.4265625	0.01199688
0.4298958	0.01186903
0.4332292	0.01176248
0.4365625	0.01167725
0.4398958	0.01161332
0.4432292	0.0115494
0.4465625	0.01152809
0.4498958	0.01150678
0.4532292	0.01148547
0.4565625	0.01144285
0.4598958	0.01142154
0.4632292	0.01140023
0.4665625	0.01137893
0.4698958	0.01135762
0.4732292	0.01133631
0.4765625	0.011315
0.4798958	0.011315
0.4832292	0.01129369
0.4865625	0.01129369
0.4898958	0.01129369
0.4932292	0.01129369
0.4965625	0.01127238
0.4998958	0.01125107
0.5032291	0.01122976
0.5065625	0.01118715
0.5098959	0.01118715
0.5132292	0.01116584
0.5165625	0.01118715
0.5198959	0.01120845
0.5232292	0.01125107
0.5265625	0.01129369
0.5298958	0.01133631
0.5332292	0.01135762
0.5365625	0.01137893
0.5398958	0.01137893
0.5432292	0.01135762
0.5465625	0.011315
0.5498958	0.01122976
0.5532292	0.01114453
0.5565625	0.01103798
0.5598958	0.01093144
0.5632291	0.0108249
0.5665625	0.01071835
0.5698958	0.01063312
0.5732292	0.01056919
0.5765625	0.01052657
0.5798959	0.01050526
0.5832292	0.01050526
0.5865625	0.01052657
0.5898958	0.01056919
0.5932292	0.01061181
0.5965625	0.01063312
0.5998958	0.01065442
0.6032292	0.01067573
0.6065625	0.01065442
0.6098958	0.01061181
0.6132292	0.01056919
0.6165625	0.01050526
0.6198958	0.01044134
0.6232291	0.01037741
0.6265625	0.01029217
0.6298958	0.01022825
0.6332292	0.01016432
0.6365625	0.0101217
0.6398959	0.01005778
0.6432292	0.01001516
0.6465625	0.00999385
0.6498958	0.009972541
0.6532292	0.009951233
0.6565625	0.009951233
0.6598958	0.009951233
0.6632292	0.009972541
0.6665625	0.00999385
0.6698958	0.01001516
0.6732292	0.01003647
0.6765625	0.01005778
0.6798958	0.01005778
0.6832291	0.01007909
0.6865625	0.01010039
0.6898958	0.01010039
0.6932291	0.0101217
0.6965625	0.0101217
0.6998959	0.0101217
0.7032292	0.01010039
0.7065625	0.01007909
0.7098958	0.01003647
0.7132292	0.00999385
0.7165625	0.009908615
0.7198958	0.009823379
0.7232292	0.009695526
0.7265625	0.009546364
0.7298958	0.009397202
0.7332292	0.00924804
0.7365625	0.00907757
0.7398958	0.008907099
0.7432292	0.008757937
0.7465625	0.008608775
0.7498958	0.008480922
0.7532291	0.008374378
0.7565625	0.008267833
0.7598959	0.008161289
0.7632292	0.008076054
0.7665625	0.007990818
0.7698959	0.007905583
0.7732292	0.007841656
0.7765625	0.00777773
0.7798958	0.007735112
0.7832292	0.007713803
0.7865625	0.007692494
0.7898958	0.007671185
0.7932292	0.007671185
0.7965625	0.007671185
0.7998958	0.007671185
0.8032292	0.007692494
0.8065625	0.007713803
0.8098958	0.007735112
0.8132291	0.00777773
0.8165625	0.007841656
0.8198958	0.007926892
0.8232292	0.008012127
0.8265625	0.00813998
0.8298959	0.008246525
0.8332292	0.00833176
0.8365625	0.008416995
0.8398958	0.008459613
0.8432292	0.008502231
0.8465625	0.00852354
0.8498958	0.008502231
0.8532292	0.008502231
0.8565625	0.008502231
0.8598958	0.008502231
0.8632292	0.008544849
0.8665625	0.008608775
0.8698958	0.008672702
0.8732291	0.008757937
0.8765625	0.008843172
0.8798958	0.008928408
0.8832292	0.008992334
0.8865625	0.009056261
0.8898959	0.00907757
0.8932292	0.009098878
0.8965625	0.009120187
0.8998958	0.009120187
0.9032292	0.009098878
0.9065625	0.009098878
0.9098958	0.009098878
0.9132292	0.00907757
0.9165625	0.00907757
0.9198958	0.00907757
0.9232292	0.009098878
0.9265625	0.009120187
0.9298958	0.009141496
0.9332291	0.009184114
0.9365625	0.009226732
0.9398958	0.00924804
0.9432291	0.009290658
0.9465625	0.009290658
0.9498959	0.009290658
0.9532292	0.00924804
0.9565625	0.009162805
0.9598958	0.00907757
0.9632292	0.008971025
0.9665625	0.008864481
0.9698958	0.008757937
0.9732292	0.00869401
0.9765625	0.008672702
0.9798958	0.008672702
0.9832292	0.008715319
0.9865625	0.008800555
0.9898958	0.00888579
0.9932292	0.008992334
0.9965625	0.009120187
0.9998958	0.009205423
1.003229	0.009290658
1.006562	0.009354585
1.009896	0.009397202
1.013229	0.009397202
1.016562	0.009397202
1.019896	0.009375893
1.023229	0.009354585
1.026562	0.009333276
1.029896	0.009311967
1.033229	0.009311967
1.036562	0.009311967
1.039896	0.009333276
1.043229	0.009354585
1.046563	0.009375893
1.049896	0.009375893
1.053229	0.009375893
1.056563	0.009375893
1.059896	0.009354585
1.063229	0.009333276
1.066563	0.009333276
1.069896	0.009333276
1.073229	0.009333276
1.076563	0.009354585
1.079896	0.009354585
1.083229	0.009333276
1.086563	0.009290658
1.089896	0.009205423
1.093229	0.00907757
1.096563	0.008907099
1.099896	0.00869401
1.103229	0.008438304
1.106562	0.008203907
1.109896	0.007969509
1.113229	0.00777773
1.116562	0.007607259
1.119896	0.007522023
1.123229	0.007479406
1.126562	0.007479406
1.129896	0.007522023
1.133229	0.007628568
1.136562	0.007735112
1.139896	0.007862965
1.143229	0.007990818
1.146562	0.008076054
1.149896	0.00813998
1.153229	0.008182598
1.156562	0.008161289
1.159896	0.008097362
1.163229	0.007969509
1.166563	0.007820347
1.169896	0.007628568
1.173229	0.007415479
1.176563	0.0072237
1.179896	0.00703192
1.183229	0.006882758
1.186563	0.006776214
1.189896	0.006712287
1.193229	0.006690978
1.196563	0.006712287
1.199896	0.006776214
1.203229	0.006882758
1.206563	0.006989302
1.209896	0.007095846
1.213229	0.0072237
1.216563	0.007330244
1.219896	0.007436788
1.223229	0.007500715
1.226563	0.007522023
1.229896	0.007543332
1.233229	0.007543332
1.236562	0.007522023
1.239896	0.007500715
1.243229	0.007458097
1.246562	0.007436788
1.249896	0.007415479
1.253229	0.007415479
1.256562	0.007436788
1.259896	0.007436788
1.263229	0.007458097
1.266562	0.007479406
1.269896	0.007479406
1.273229	0.007458097
1.276562	0.007458097
1.279896	0.007415479
1.283229	0.007372861
1.286562	0.007330244
1.289896	0.007266317
1.293229	0.007202391
1.296563	0.007117155
1.299896	0.007074538
1.303229	0.007010611
1.306563	0.006967993
1.309896	0.006946685
1.313229	0.006946685
1.316563	0.006946685
1.319896	0.006946685
1.323229	0.006967993
1.326563	0.006967993
1.329896	0.006946685
1.333229	0.006904067
1.336563	0.006861449
1.339896	0.006797523
1.343229	0.006712287
1.346563	0.006648361
1.349896	0.006605743
1.353229	0.006563125
1.356562	0.006563125
1.359896	0.006563125
1.363229	0.006605743
1.366562	0.006648361
1.369896	0.006712287
1.373229	0.006776214
1.376562	0.00684014
1.379896	0.006882758
1.383229	0.006925376
1.386562	0.006946685
1.389896	0.006967993
1.393229	0.006989302
1.396562	0.006989302
1.399896	0.007010611
1.403229	0.007010611
1.406562	0.00703192
1.409896	0.007074538
1.413229	0.007117155
1.416563	0.007181082
1.419896	0.007245008
1.423229	0.007308935
1.426563	0.007372861
1.429896	0.007436788
1.433229	0.007500715
1.436563	0.007543332
1.439896	0.007564641
1.443229	0.00758595
1.446563	0.007607259
1.449896	0.007628568
1.453229	0.007671185
1.456563	0.007692494
1.459896	0.007756421
1.463229	0.007820347
1.466563	0.007905583
1.469896	0.008012127
1.473229	0.008118671
1.476563	0.008225216
1.479896	0.008353069
1.483229	0.008502231
1.486562	0.008630084
1.489896	0.008757937
1.493229	0.008907099
1.496562	0.009056261
1.499896	0.009205423
1.503229	0.009354585
1.506562	0.009503747
1.509896	0.009652909
1.513229	0.00980207
1.516562	0.009951233
1.519896	0.01007909
1.523229	0.01020694
1.526562	0.01031348
1.529896	0.01039872
1.533229	0.01046264
1.536562	0.01048395
1.539896	0.01050526
1.543229	0.01048395
1.546563	0.01046264
1.549896	0.01039872
1.553229	0.01029217
1.556563	0.01018563
1.559896	0.01005778
1.563229	0.009908615
1.566563	0.009759453
1.569896	0.0096316
1.573229	0.009525055
1.576563	0.009461129
1.579896	0.00943982
1.583229	0.009461129
1.586563	0.009546364
1.589896	0.009652909
1.593229	0.009780762
1.596563	0.009929924
1.599896	0.01005778
1.603229	0.01016432
1.606562	0.01022825
1.609896	0.01024956
1.613229	0.01020694
1.616562	0.01014301
1.619896	0.01003647
1.623229	0.009908615
1.626562	0.009780762
1.629896	0.009674217
1.633229	0.009567673
1.636562	0.009503747
1.639896	0.009461129
1.643229	0.00943982
1.646562	0.009461129
1.649896	0.009482438
1.653229	0.009503747
1.656562	0.009525055
1.659896	0.009525055
1.663229	0.009503747
1.666563	0.009461129
1.669896	0.009397202
1.673229	0.009311967
1.676563	0.009226732
1.679896	0.009141496
1.683229	0.009056261
1.686563	0.008992334
1.689896	0.008949716
1.693229	0.008949716
1.696563	0.008949716
1.699896	0.009013643
1.703229	0.00907757
1.706563	0.009141496
1.709896	0.009226732
1.713229	0.009290658
1.716563	0.009333276
1.719896	0.009354585
1.723229	0.009354585
1.726563	0.009354585
1.729896	0.009311967
1.733229	0.009290658
1.736562	0.009269349
1.739896	0.00924804
1.743229	0.009226732
1.746562	0.00924804
1.749896	0.00924804
1.753229	0.009269349
1.756562	0.009311967
1.759896	0.009333276
1.763229	0.009375893
1.766562	0.009418511
1.769896	0.009482438
1.773229	0.009567673
1.776562	0.009652909
1.779896	0.009759453
1.783229	0.009823379
1.786562	0.009887306
1.789896	0.009908615
1.793229	0.009887306
1.796563	0.009823379
1.799896	0.009716835
1.803229	0.009546364
1.806563	0.009375893
1.809896	0.009205423
1.813229	0.009034952
1.816563	0.008907099
1.819896	0.008779246
1.823229	0.008672702
1.826563	0.008608775
1.829896	0.008544849
1.833229	0.008480922
1.836563	0.008395687
1.839896	0.008310451
1.843229	0.008203907
1.846563	0.008097362
1.849896	0.007990818
1.853229	0.007926892
1.856562	0.007862965
1.859896	0.007862965
1.863229	0.007862965
1.866562	0.007905583
1.869896	0.007969509
1.873229	0.008033436
1.876562	0.008118671
1.879896	0.008182598
1.883229	0.008246525
1.886562	0.008289142
1.889896	0.008310451
1.893229	0.00833176
1.896562	0.00833176
1.899896	0.008310451
1.903229	0.008289142
1.906562	0.008246525
1.909896	0.008182598
1.913229	0.008097362
1.916563	0.007990818
1.919896	0.007862965
1.923229	0.007713803
1.926563	0.007564641
1.929896	0.007415479
1.933229	0.007266317
1.936563	0.007138464
1.939896	0.007010611
1.943229	0.006904067
1.946563	0.006818831
1.949896	0.006733596
1.953229	0.006669669
1.956563	0.006605743
1.959896	0.006541816
1.963229	0.006456581
1.966563	0.006350037
1.969896	0.006243492
1.973229	0.006136949
1.976563	0.006030404
1.979896	0.00592386
1.983229	0.005817316
1.986562	0.00573208
1.989896	0.005668154
1.993229	0.005582918
1.996562	0.005518992
1.999896	0.005476374
2.003229	0.005433757
2.006562	0.005412448
2.009896	0.005412448
2.013229	0.005412448
2.016562	0.005476374
2.019896	0.005540301
2.023229	0.005625536
2.026562	0.00573208
2.029896	0.005838625
2.033229	0.00592386
2.036562	0.005987787
2.039896	0.006030404
2.043229	0.006030404
2.046562	0.006009095
2.049896	0.005966478
2.053229	0.00592386
2.056562	0.005881242
2.059896	0.005838625
2.063229	0.005817316
2.066562	0.005838625
2.069896	0.005881242
2.073229	0.005945169
2.076562	0.006030404
2.079896	0.006136949
2.083229	0.006243492
2.086562	0.006350037
2.089896	0.006435272
2.093229	0.006520508
2.096562	0.006563125
2.099896	0.006563125
2.103229	0.006563125
2.106563	0.006499199
2.109896	0.006435272
2.113229	0.006371346
2.116563	0.00628611
2.119896	0.006222184
2.123229	0.006179566
2.126563	0.006158257
2.129896	0.006158257
2.133229	0.006200875
2.136563	0.006243492
2.139896	0.00628611
2.143229	0.006328728
2.146563	0.006350037
2.149896	0.006350037
2.153229	0.006328728
2.156563	0.006264801
2.159896	0.006179566
2.163229	0.006094331
2.166563	0.005987787
2.169896	0.005881242
2.173229	0.005796007
2.176563	0.005753389
2.179896	0.005710772
2.183229	0.005710772
2.186563	0.005710772
2.189896	0.00573208
2.193229	0.005753389
2.196563	0.005774698
2.199896	0.005774698
2.203229	0.005753389
2.206563	0.005710772
2.209896	0.005646845
2.213229	0.00556161
2.216563	0.005497683
2.219896	0.005412448
2.223229	0.005327212
2.226563	0.005263286
2.229896	0.005199359
2.233229	0.005135433
2.236562	0.005092815
2.239896	0.005071506
2.243229	0.005028888
2.246562	0.00500758
2.249896	0.004986271
2.253229	0.004986271
2.256562	0.00500758
2.259896	0.005028888
2.263229	0.005071506
2.266562	0.005135433
2.269896	0.005220668
2.273229	0.005305903
2.276562	0.005391139
2.279896	0.005476374
2.283229	0.005582918
2.286562	0.005668154
2.289896	0.00573208
2.293229	0.005796007
2.296562	0.005859934
2.299896	0.00592386
2.303229	0.005987787
2.306562	0.006051713
2.309896	0.00611564
2.313229	0.006158257
2.316562	0.006179566
2.319896	0.006200875
2.323229	0.006179566
2.326562	0.006136949
2.329896	0.006073022
2.333229	0.005987787
2.336562	0.005902551
2.339896	0.005796007
2.343229	0.005710772
2.346562	0.005646845
2.349896	0.005582918
2.353229	0.005540301
2.356563	0.005518992
2.359896	0.005497683
2.363229	0.005476374
2.366563	0.005433757
2.369896	0.00536983
2.373229	0.005284595
2.376563	0.005199359
2.379896	0.005092815
2.383229	0.004964962
2.386563	0.004858418
2.389896	0.004773182
2.393229	0.004709255
2.396563	0.004666637
2.399896	0.004687946
2.403229	0.004709255
2.406563	0.004794491
2.409896	0.004879726
2.413229	0.00500758
2.416563	0.005114124
2.419896	0.005241977
2.423229	0.005348521
2.426563	0.005433757
2.429896	0.005476374
2.433229	0.005497683
2.436563	0.005455065
2.439896	0.005391139
2.443229	0.005284595
2.446563	0.005135433
2.449896	0.004986271
2.453229	0.0048158
2.456563	0.004666637
2.459896	0.004517475
2.463229	0.004410931
2.466563	0.004347005
2.469896	0.004325696
2.473229	0.004368313
2.476563	0.00443224
2.479896	0.004517475
2.483229	0.004645328
2.486562	0.004773182
2.489896	0.004922344
2.493229	0.005050197
2.496562	0.005156742
2.499896	0.005241977
2.503229	0.005284595
2.506562	0.005305903
2.509896	0.005305903
2.513229	0.005263286
2.516562	0.005199359
2.519896	0.005114124
2.523229	0.005028888
2.526562	0.004922344
2.529896	0.004837109
2.533229	0.004751873
2.536562	0.004687946
2.539896	0.00462402
2.543229	0.004602711
2.546562	0.004581402
2.549896	0.004581402
2.553229	0.004581402
2.556562	0.004602711
2.559896	0.00462402
2.563229	0.004666637
2.566562	0.004687946
2.569896	0.004709255
2.573229	0.004709255
2.576562	0.004687946
2.579896	0.004645328
2.583229	0.004602711
2.586562	0.004538784
2.589896	0.004474858
2.593229	0.004410931
2.596562	0.004325696
2.599896	0.004261769
2.603229	0.004176534
2.606563	0.004112607
2.609896	0.004027372
2.613229	0.003942136
2.616563	0.003856901
2.619896	0.003750357
2.623229	0.003665121
2.626563	0.003579886
2.629896	0.003494651
2.633229	0.003430724
2.636563	0.003366798
2.639896	0.003302871
2.643229	0.003260253
2.646563	0.003238944
2.649896	0.003196327
2.653229	0.003175018
2.656563	0.003175018
2.659896	0.003153709
2.663229	0.003153709
2.666563	0.003153709
2.669896	0.003153709
2.673229	0.003153709
2.676563	0.003153709
2.679896	0.003153709
2.683229	0.003153709
2.686563	0.003153709
2.689896	0.003153709
2.693229	0.003153709
2.696563	0.003175018
2.699896	0.003175018
2.703229	0.003153709
2.706563	0.0031324
2.709896	0.003089782
2.713229	0.003025856
2.716563	0.002919312
2.719896	0.002791459
2.723229	0.002663605
2.726563	0.002514444
2.729896	0.002407899
2.733229	0.002322664
2.736562	0.002280046
2.739896	0.002280046
2.743229	0.002343973
2.746562	0.002471826
2.749896	0.002642297
2.753229	0.002834076
2.756562	0.003047165
2.759896	0.003260253
2.763229	0.003473342
2.766562	0.003643813
2.769896	0.003814283
2.773229	0.003942136
2.776562	0.00406999
2.779896	0.004176534
2.783229	0.004261769
2.786562	0.004347005
2.789896	0.00443224
2.793229	0.004517475
2.796562	0.004581402
2.799896	0.004645328
2.803229	0.004687946
2.806562	0.004751873
2.809896	0.004773182
2.813229	0.004794491
2.816562	0.0048158
2.819896	0.004794491
2.823229	0.004794491
2.826562	0.004773182
2.829896	0.004751873
2.833229	0.004730564
2.836562	0.004730564
2.839896	0.004751873
2.843229	0.004751873
2.846562	0.004794491
2.849896	0.004837109
2.853229	0.004901035
2.856563	0.004964962
2.859896	0.00500758
2.863229	0.005050197
2.866563	0.005071506
2.869896	0.005071506
2.873229	0.005071506
2.876563	0.005050197
2.879896	0.005028888
2.883229	0.004986271
2.886563	0.004943653
2.889896	0.004879726
2.893229	0.0048158
2.896563	0.004751873
2.899896	0.004687946
2.903229	0.00462402
2.906563	0.004560093
2.909896	0.004496167
2.913229	0.004453549
2.916563	0.004389622
2.919896	0.004368313
2.923229	0.004347005
2.926563	0.004325696
2.929896	0.004325696
2.933229	0.004347005
2.936563	0.004347005
2.939896	0.004368313
2.943229	0.004389622
2.946563	0.004389622
2.949896	0.004389622
2.953229	0.004389622
2.956563	0.004389622
2.959896	0.004389622
2.963229	0.004389622
2.966563	0.004389622
2.969896	0.004368313
2.973229	0.004368313
2.976563	0.004368313
2.979896	0.004347005
2.983229	0.004325696
2.986562	0.004304387
2.989896	0.004261769
2.993229	0.00424046
2.996562	0.004197843
2.999896	0.004176534
3.003229	0.004176534
3.006562	0.004176534
3.009896	0.004219151
3.013229	0.004283078
3.016562	0.004368313
3.019896	0.004474858
3.023229	0.004581402
3.026562	0.004687946
3.029896	0.0048158
3.033229	0.004922344
3.036562	0.005028888
3.039896	0.005114124
3.043229	0.00517805
3.046562	0.005241977
3.049896	0.005263286
3.053229	0.005284595
3.056562	0.005263286
3.059896	0.005199359
3.063229	0.005114124
3.066562	0.004986271
3.069896	0.004837109
3.073229	0.004666637
3.076562	0.004474858
3.079896	0.004325696
3.083229	0.004176534
3.086562	0.00406999
3.089896	0.004006063
3.093229	0.003963445
3.096562	0.003984754
3.099896	0.004006063
3.103229	0.00406999
3.106563	0.004133916
3.109896	0.004176534
3.113229	0.004219151
3.116563	0.00424046
3.119896	0.004261769
3.123229	0.004261769
3.126563	0.004261769
3.129896	0.004283078
3.133229	0.004283078
3.136563	0.004325696
3.139896	0.004347005
3.143229	0.004389622
3.146563	0.004453549
3.149896	0.004496167
3.153229	0.004538784
3.156563	0.004560093
3.159896	0.004538784
3.163229	0.004474858
3.166563	0.004389622
3.169896	0.004261769
3.173229	0.004091298
3.176563	0.003920828
3.179896	0.003707739
3.183229	0.003494651
3.186563	0.003302871
3.189896	0.0031324
3.193229	0.002983238
3.196563	0.002898003
3.199896	0.002812767
3.203229	0.002748841
3.206563	0.002706223
3.209896	0.002663605
3.213229	0.002620988
3.216563	0.002557061
3.219896	0.002493135
3.223229	0.00238659
3.226563	0.002301355
3.229896	0.002194811
3.233229	0.002109575
3.236562	0.002066958
3.239896	0.00202434
3.243229	0.002045649
3.246562	0.002066958
3.249896	0.002130884
3.253229	0.002194811
3.256562	0.002258737
3.259896	0.002301355
3.263229	0.002365282
3.266562	0.00238659
3.269896	0.002407899
3.273229	0.00238659
3.276562	0.002343973
3.279896	0.002301355
3.283229	0.002237429
3.286562	0.002173502
3.289896	0.002109575
3.293229	0.002045649
3.296562	0.001981722
3.299896	0.001939105
3.303229	0.001917796
3.306562	0.001896487
3.309896	0.001917796
3.313229	0.001939105
3.316562	0.001981722
3.319896	0.00202434
3.323229	0.002066958
3.326562	0.002088267
3.329896	0.002130884
3.333229	0.002152193
3.336562	0.002173502
3.339896	0.002173502
3.343229	0.002173502
3.346562	0.002152193
3.349896	0.002130884
3.353229	0.002088267
3.356563	0.002066958
3.359896	0.002045649
3.363229	0.00202434
3.366563	0.00202434
3.369896	0.002045649
3.373229	0.002066958
3.376563	0.002088267
3.379896	0.002109575
3.383229	0.002109575
3.386563	0.002109575
3.389896	0.002066958
3.393229	0.001981722
3.396563	0.001875178
3.399896	0.001747325
3.403229	0.001598163
3.406563	0.001427692
3.409896	0.001299839
3.413229	0.001150677
3.416563	0.001065442
3.419896	0.0009802064
3.423229	0.0009588976
3.426563	0.0009802064
3.429896	0.001022824
3.433229	0.00110806
3.436563	0.001214604
3.439896	0.001342457
3.443229	0.001449001
3.446563	0.001555545
3.449896	0.001640781
3.453229	0.00166209
3.456563	0.001640781
3.459896	0.001576854
3.463229	0.001449001
3.466563	0.00127853
3.469896	0.00110806
3.473229	0.0009162799
3.476563	0.0007671179
3.479896	0.0006392655
3.483229	0.0005540301
3.486562	0.0005327212
3.489896	0.0005540301
3.493229	0.0005966478
3.496562	0.0006818832
3.499896	0.0007884268
3.503229	0.0008736622
3.506562	0.0009375887
3.509896	0.001001515
3.513229	0.001022824
3.516562	0.001022824
3.519896	0.001001515
3.523229	0.0009588976
3.526562	0.000894971
3.529896	0.0008310445
3.533229	0.0007884268
3.536562	0.0007458091
3.539896	0.0007245009
3.543229	0.000703192
3.546562	0.0007245009
3.549896	0.0007458091
3.553229	0.0007671179
3.556562	0.0008097356
3.559896	0.0008310445
3.563229	0.0008523533
3.566562	0.0008736622
3.569896	0.000894971
3.573229	0.0009162799
3.576562	0.0009375887
3.579896	0.0009802064
3.583229	0.001022824
3.586562	0.001065442
3.589896	0.00110806
3.593229	0.001129368
3.596562	0.001171986
3.599896	0.001171986
3.603229	0.001150677
3.606563	0.00110806
3.609896	0.001065442
3.613229	0.001001515
3.616563	0.0009162799
3.619896	0.0008523533
3.623229	0.0008097356
3.626563	0.0007884268
3.629896	0.0007671179
3.633229	0.0007884268
3.636563	0.0008097356
3.639896	0.0008310445
3.643229	0.0008523533
3.646563	0.0008523533
3.649896	0.0008310445
3.653229	0.0007884268
3.656563	0.000703192
3.659896	0.0006179566
3.663229	0.0005114124
3.666563	0.0004048681
3.669896	0.0002983239
3.673229	0.0002130885
3.676563	0.0001278531
3.679896	6.392655e-05
3.683229	2.130885e-05
3.686563	0
3.689896	0
3.693229	0
3.696563	2.130885e-05
3.699896	6.392655e-05
3.703229	0.0001065442
3.706563	0.0001491619
3.709896	0.0001917796
3.713229	0.0002343973
3.716563	0.0002983239
3.719896	0.0003409416
3.723229	0.0003835593
3.726563	0.000426177
3.729896	0.0004474858
3.733229	0.0004687947
3.736562	0.0004687947
3.739896	0.0004687947
3.743229	0.0004474858
3.746562	0.0004474858
3.749896	0.000426177
3.753229	0.000426177
3.756562	0.000426177
3.759896	0.0004474858
3.763229	0.0004687947
3.766562	0.0005114124
3.769896	0.0005753389
3.773229	0.0006605743
3.776562	0.0007245009
3.779896	0.0008097356
3.783229	0.000894971
3.786562	0.0009588976
3.789896	0.001001515
3.793229	0.001044133
3.796562	0.001044133
3.799896	0.001022824
3.803229	0.0009802064
3.806562	0.0009162799
3.809896	0.0008523533
3.813229	0.0007884268
3.816562	0.0007245009
3.819896	0.000703192
3.823229	0.000703192
3.826562	0.000703192
3.829896	0.0007458091
3.833229	0.0008097356
3.836562	0.0008736622
3.839896	0.0009375887
3.843229	0.001001515
3.846562	0.001044133
3.849896	0.001086751
3.853229	0.001129368
3.856563	0.001171986
3.859896	0.001193295
3.863229	0.001235913
3.866563	0.001257221
3.869896	0.00127853
3.873229	0.001299839
3.876563	0.001342457
3.879896	0.001342457
3.883229	0.001363766
3.886563	0.001385075
3.889896	0.001406383
3.893229	0.001449001
3.896563	0.00147031
3.899896	0.001512928
3.903229	0.001555545
3.906563	0.001619472
3.909896	0.001704707
3.913229	0.001811252
3.916563	0.001939105
3.919896	0.002088267
3.923229	0.00221612
3.926563	0.00238659
3.929896	0.002535752
3.933229	0.002684914
3.936563	0.002812767
3.939896	0.002940621
3.943229	0.003025856
3.946563	0.003111091
3.949896	0.003175018
3.953229	0.003217636
3.956563	0.003238944
3.959896	0.003260253
3.963229	0.003260253
3.966563	0.003238944
3.969896	0.003238944
3.973229	0.003238944
3.976563	0.003238944
3.979896	0.003281562
3.983229	0.003345489
3.986562	0.003452033
3.989896	0.003579886
3.993229	0.003750357
3.996562	0.003920828
3.999896	0.004112607
4.003229	0.004325696
4.006563	0.004517475
4.009896	0.004709255
4.013229	0.004879726
4.016562	0.005071506
4.019896	0.005241977
4.023229	0.005391139
4.026563	0.005540301
4.029896	0.005689463
4.033229	0.005838625
4.036562	0.005987787
4.039896	0.00611564
4.043229	0.00628611
4.046563	0.006456581
4.049896	0.006627052
4.053229	0.00684014
4.056562	0.007053229
4.059896	0.007287626
4.063229	0.007522023
4.066563	0.007756421
4.069896	0.007969509
4.073229	0.008203907
4.076562	0.008459613
4.079896	0.008715319
4.083229	0.008992334
4.086563	0.009311967
4.089896	0.009695526
4.093229	0.0101217
4.096562	0.01061181
4.099896	0.01112322
4.103229	0.01167725
4.106563	0.0122739
4.109896	0.01287054
4.113229	0.01346719
4.116562	0.01408515
4.119896	0.0146818
4.123229	0.01529975
4.126563	0.01593902
4.129896	0.01659959
4.133229	0.01728148
4.136562	0.01800598
4.139896	0.0187731
4.143229	0.01958283
4.146563	0.02043519
4.149896	0.02133016
4.153229	0.02226775
4.156562	0.02326926
4.159896	0.0243134
4.163229	0.02544277
4.166563	0.02663606
4.169896	0.02791459
4.173229	0.02927836
4.176562	0.03074867
4.179896	0.03234683
4.183229	0.03407285
4.186563	0.03592672
4.189896	0.03792975
4.193229	0.04006064
4.196562	0.04231938
4.199896	0.04474859
4.203229	0.04730565
4.206563	0.04999056
4.209896	0.05280333
4.213229	0.05576526
4.216562	0.05885504
4.219896	0.06207268
4.223229	0.06546078
4.226563	0.06897675
4.229896	0.07268449
4.233229	0.07654139
4.236563	0.08059007
4.239896	0.08480922
4.243229	0.08922016
4.246562	0.09380156
4.249896	0.09855343
4.253229	0.1034545
4.256563	0.1084834
4.259896	0.1136401
4.263229	0.1188821
4.266562	0.1242093
4.269896	0.1295791
4.273229	0.1350129
4.276563	0.1404679
4.279896	0.1459443
4.283229	0.1514633
4.286562	0.1569823
4.289896	0.1625226
4.293229	0.1680416
4.296563	0.1735606
4.299896	0.179037
4.303229	0.1844707
4.306562	0.1898192
4.309896	0.1950612
4.313229	0.2001753
4.316563	0.2051403
4.319896	0.2099348
4.323229	0.2145375
4.326562	0.2189058
4.329896	0.223061
4.333229	0.2269606
4.336563	0.2306044
4.339896	0.2339499
4.343229	0.236997
4.346562	0.2397246
4.349896	0.2421112
4.353229	0.2441781
4.356563	0.2458615
4.359896	0.2472253
4.363229	0.2482268
4.366562	0.2488874
4.369896	0.249207
4.373229	0.249207
4.376563	0.2488874
4.379896	0.2482481
4.383229	0.2472679
4.386562	0.2459894
4.389896	0.2443912
4.393229	0.2424521
4.396563	0.240236
4.399896	0.2377002
4.403229	0.2348875
4.406562	0.231819
4.409896	0.2285587
4.413229	0.2250854
4.416563	0.2214842
4.419896	0.2177338
4.423229	0.2138769
4.426562	0.2099135
4.429896	0.2058861
4.433229	0.2017948
4.436563	0.1976396
4.439896	0.1934844
4.443229	0.1893078
4.446562	0.1851313
4.449896	0.1810187
4.453229	0.1769274
4.456563	0.1729213
4.459896	0.1689792
4.463229	0.1651436
4.466562	0.1613719
4.469896	0.1577068
4.473229	0.1541269
4.476563	0.150611
4.479896	0.1472228
4.483229	0.14392
4.486563	0.1407237
4.489896	0.1376552
4.493229	0.1346932
4.496562	0.1318592
4.499896	0.1291529
4.503229	0.1265959
4.506563	0.1241667
4.509896	0.1218866
4.513229	0.1197344
4.516562	0.1177314
4.519896	0.1158775
4.523229	0.1141728
4.526563	0.1126173
4.529896	0.1112109
4.533229	0.1099537
4.536562	0.1088243
4.539896	0.1078441
4.543229	0.1069917
4.546563	0.1062459
4.549896	0.1056067
4.553229	0.1050526
4.556562	0.1045625
4.559896	0.1041577
4.563229	0.1037954
4.566563	0.1034758
4.569896	0.1032201
4.573229	0.1029857
4.576562	0.1028152
4.579896	0.1026873
4.583229	0.1026234
4.586563	0.1026021
4.589896	0.1026021
4.593229	0.1026447
4.596562	0.1027087
4.599896	0.1027726
4.603229	0.1028578
4.606563	0.1029217
4.609896	0.1029857
4.613229	0.1030496
4.616562	0.1030709
4.619896	0.1030922
4.623229	0.1030922
4.626563	0.1030922
4.629896	0.1030922
4.633229	0.1030922
4.636562	0.1030709
4.639896	0.1030496
4.643229	0.1029857
4.646563	0.1029004
4.649896	0.1027939
4.653229	0.1026234
4.656562	0.1024529
4.659896	0.1022399
4.663229	0.1020268
4.666563	0.1018137
4.669896	0.1016006
4.673229	0.1014088
4.676562	0.1012383
4.679896	0.1010892
4.683229	0.10094
4.686563	0.1008122
4.689896	0.1007056
4.693229	0.1005778
4.696562	0.1004499
4.699896	0.1003221
4.703229	0.1001942
4.706563	0.1000664
4.709896	0.09998112
4.713229	0.0999385
4.716562	0.0999385
4.719896	0.1000237
4.723229	0.1001942
4.726563	0.1004712
4.729896	0.1008548
4.733229	0.1013875
4.736563	0.1020694
4.739896	0.1029004
4.743229	0.1039233
4.746562	0.1051379
4.749896	0.1065442
4.753229	0.108185
4.756563	0.1100389
4.759896	0.1121272
4.763229	0.1144711
4.766562	0.1170708
4.769896	0.1199688
4.773229	0.1231652
4.776563	0.1266811
4.779896	0.1305806
4.783229	0.1348637
4.786562	0.1395517
4.789896	0.1446871
4.793229	0.1502913
4.796563	0.1563857
4.799896	0.1629914
4.803229	0.1701299
4.806562	0.1778224
4.809896	0.1860902
4.813229	0.1949334
4.816563	0.2044158
4.819896	0.2145375
4.823229	0.2253198
4.826562	0.2368266
4.829896	0.2490792
4.833229	0.2621628
4.836563	0.2761201
4.839896	0.2910363
4.843229	0.3070179
4.846562	0.3241929
4.849896	0.3426676
4.853229	0.3626553
4.856563	0.3843264
4.859896	0.4079792
4.863229	0.4339121
4.866562	0.4625086
4.869896	0.4942162
4.873229	0.5296315
4.876563	0.5693938
4.879896	0.6143342
4.883229	0.6653902
4.886562	0.7236911
4.889896	0.790537
4.893229	0.8674833
4.896563	0.9562773
4.899896	1.059007
4.903229	1.177996
4.906562	1.315992
4.909896	1.476043
4.913229	1.661621
4.916563	1.876607
4.919896	2.125366
4.923229	2.412631
4.926562	2.743621
4.929896	3.124048
4.933229	3.559963
4.936563	4.057908
4.939896	4.624745
4.943229	5.267697
4.946562	5.994265
4.949896	6.812141
4.953229	7.729146
4.956563	8.753143
4.959896	9.891845
4.963229	11.15278
4.966562	12.54299
4.969896	14.06902
4.973229	15.73661
4.976563	17.5505
4.979896	19.51439
4.983229	21.63053
4.986563	23.89975
4.989896	26.32122
4.993229	28.89233
4.996562	31.60857
4.999896	34.46347
5.003229	37.44849
5.006563	40.55307
5.009896	43.76444
5.013229	47.06788
5.016562	50.44661
5.019896	53.88196
5.023229	57.35354
5.026563	60.83939
5.029896	64.31629
5.033229	67.76006
5.036562	71.1458
5.039896	74.44835
5.043229	77.64257
5.046563	80.70369
5.049896	83.60777
5.053229	86.33189
5.056562	88.85462
5.059896	91.15625
5.063229	93.21906
5.066563	95.02758
5.069896	96.56883
5.073229	97.83242
5.076562	98.81073
5.079896	99.49894
5.083229	99.8951
5.086563	100
5.089896	99.81728
5.093229	99.35319
5.096562	98.61642
5.099896	97.61801
5.103229	96.37115
5.106563	94.89078
5.109896	93.19355
5.113229	91.29744
5.116562	89.22141
5.119896	86.98524
5.123229	84.60907
5.126563	82.11327
5.129896	79.51809
5.133229	76.84336
5.136562	74.10845
5.139896	71.33187
5.143229	68.53131
5.146563	65.72338
5.149896	62.92359
5.153229	60.14626
5.156562	57.40443
5.159896	54.70985
5.163229	52.07292
5.166563	49.50267
5.169896	47.00683
5.173229	44.59175
5.176562	42.2625
5.179896	40.02303
5.183229	37.87608
5.186563	35.82337
5.189896	33.86579
5.193229	32.00327
5.196562	30.23515
5.199896	28.56006
5.203229	26.97611
5.206563	25.48099
5.209896	24.07197
5.213229	22.74594
5.216562	21.49965
5.219896	20.32954
5.223229	19.23198
5.226563	18.20321
5.229896	17.23946
5.233229	16.33696
5.236563	15.49202
5.239896	14.70102
5.243229	13.96043
5.246562	13.26689
5.249896	12.61718
5.253229	12.00822
5.256563	11.4371
5.259896	10.90105
5.263229	10.39748
5.266562	9.923958
5.269896	9.478177
5.273229	9.058073
5.276563	8.661622
5.279896	8.287076
5.283229	7.932731
5.286562	7.597117
5.289896	7.278805
5.293229	6.976581
5.296563	6.689274
5.299896	6.41586
5.303229	6.155381
5.306562	5.906962
5.309896	5.669816
5.313229	5.443218
5.316563	5.226507
5.319896	5.019108
5.323229	4.820446
5.326562	4.630051
5.329896	4.447477
5.333229	4.272318
5.336563	4.104234
5.339896	3.942905
5.343229	3.788032
5.346562	3.639317
5.349896	3.496526
5.353229	3.359383
5.356563	3.227715
5.359896	3.10129
5.363229	2.979893
5.366562	2.863355
5.369896	2.751505
5.373229	2.644194
5.376563	2.54123
5.379896	2.442484
5.383229	2.347852
5.386562	2.257161
5.389896	2.170285
5.393229	2.087095
5.396563	2.007464
5.399896	1.931242
5.403229	1.858345
5.406562	1.788644
5.409896	1.721989
5.413229	1.658297
5.416563	1.597418
5.419896	1.539266
5.423229	1.483735
5.426562	1.43074
5.429896	1.380174
5.433229	1.331952
5.436563	1.285968
5.439896	1.242178
5.443229	1.200455
5.446562	1.160714
5.449896	1.122913
5.453229	1.086943
5.456563	1.0527
5.459896	1.020119
5.463229	0.9890716
5.466562	0.9595163
5.469896	0.9313246
5.473229	0.9044542
5.476563	0.8787982
5.479896	0.8543144
5.483229	0.8309173
5.486563	0.8085643
5.489896	0.7871702
5.493229	0.7667137
5.496562	0.7471096
5.499896	0.7283152
5.503229	0.7102879
5.506563	0.6929638
5.509896	0.6763003
5.513229	0.6602547
5.516562	0.6448058
5.519896	0.6299109
5.523229	0.6155275
5.526563	0.6016341
5.529896	0.5882095
5.533229	0.5752324
5.536562	0.5626602
5.539896	0.5504929
5.543229	0.5386877
5.546563	0.5272662
5.549896	0.5161856
5.553229	0.5054459
5.556562	0.4950046
5.559896	0.4848616
5.563229	0.4749743
5.566563	0.4653427
5.569896	0.4559242
5.573229	0.4466974
5.576562	0.4376411
5.579896	0.4287554
5.583229	0.4200613
5.586563	0.4115165
5.589896	0.4031634
5.593229	0.3949808
5.596562	0.38699
5.599896	0.379191
5.603229	0.3715837
5.606563	0.3641256
5.609896	0.3568167
5.613229	0.3496569
5.616562	0.342625
5.619896	0.3356996
5.623229	0.3288808
5.626563	0.3222111
5.629896	0.315648
5.633229	0.3092127
5.636562	0.3029266
5.639896	0.2967897
5.643229	0.2908019
5.646563	0.2849633
5.649896	0.2792738
5.653229	0.2737122
5.656562	0.2682784
5.659896	0.2629512
5.663229	0.2577306
5.666563	0.2525951
5.669896	0.2475662
5.673229	0.2426226
5.676562	0.2377855
5.679896	0.2330336
5.683229	0.2283669
5.686563	0.2237855
5.689896	0.2193107
5.693229	0.2149424
5.696562	0.2106593
5.699896	0.2065041
5.703229	0.2024341
5.706563	0.1984706
5.709896	0.1945924
5.713229	0.1908207
5.716562	0.1871343
5.719896	0.1835544
5.723229	0.1800598
5.726563	0.1766504
5.729896	0.1733475
5.733229	0.1701512
5.736563	0.1670614
5.739896	0.1640568
5.743229	0.1611588
5.746562	0.1583461
5.749896	0.1556185
5.753229	0.1529762
5.756563	0.1503979
5.759896	0.1478621
5.763229	0.1453903
5.766562	0.1429611
5.769896	0.1405745
5.773229	0.1382305
5.776563	0.1359292
5.779896	0.1336917
5.783229	0.1314969
5.786562	0.1293447
5.789896	0.1272778
5.793229	0.1252534
5.796563	0.123293
5.799896	0.1213752
5.803229	0.1195426
5.806562	0.1177314
5.809896	0.1159841
5.813229	0.114258
5.816563	0.1125747
5.819896	0.1109126
5.823229	0.1092931
5.826562	0.1076949
5.829896	0.1061181
5.833229	0.1045625
5.836563	0.1030283
5.839896	0.101558
5.843229	0.1000877
5.846562	0.09868129
5.849896	0.09731752
5.853229	0.09597506
5.856563	0.09469653
5.859896	0.09343931
5.863229	0.0922247
5.866562	0.09105272
5.869896	0.08988073
5.873229	0.08873005
5.876563	0.08757938
5.879896	0.0864287
5.883229	0.08527802
5.886562	0.08412734
5.889896	0.08295536
5.893229	0.08180468
5.896563	0.080654
5.899896	0.07952463
5.903229	0.07841657
5.906562	0.07735113
5.909896	0.07630699
5.913229	0.07530548
5.916563	0.07434658
5.919896	0.07340899
5.923229	0.07251402
5.926562	0.07164036
5.929896	0.070788
5.933229	0.06993565
5.936563	0.0691046
5.939896	0.06829487
5.943229	0.06750644
5.946562	0.06676063
5.949896	0.06605743
5.953229	0.06537555
5.956563	0.06475759
5.959896	0.06418225
5.963229	0.06364953
5.966562	0.06313812
5.969896	0.06264802
5.973229	0.06215791
5.976563	0.06166781
5.979896	0.0611564
5.983229	0.06066629
5.986563	0.06015488
5.989896	0.05966478
5.993229	0.05919598
5.996562	0.0587485
5.999896	0.05832232
6.003229	0.05793876
6.006563	0.05757651
6.009896	0.05725688
6.013229	0.05697986
6.016562	0.05674547
6.019896	0.05655369
6.023229	0.05638321
6.026563	0.05625536
6.029896	0.05614882
6.033229	0.05606358
6.036562	0.05595704
6.039896	0.05585049
6.043229	0.05572264
6.046563	0.05555217
6.049896	0.05533908
6.053229	0.05508338
6.056562	0.05480636
6.059896	0.05448673
6.063229	0.05412448
6.066563	0.05374092
6.069896	0.05333605
6.073229	0.05288857
6.076562	0.05246239
6.079896	0.05199359
6.083229	0.05154611
6.086563	0.05109862
6.089896	0.05065114
6.093229	0.05020365
6.096562	0.04973486
6.099896	0.04928737
6.103229	0.04881858
6.106563	0.04834978
6.109896	0.04785968
6.113229	0.04732696
6.116562	0.04677293
6.119896	0.0462189
6.123229	0.04564356
6.126563	0.04504691
6.129896	0.04447157
6.133229	0.04389623
6.136562	0.04332089
6.139896	0.04276686
6.143229	0.04223414
6.146563	0.04170142
6.149896	0.04119001
6.153229	0.04072121
6.156562	0.04027373
6.159896	0.03982624
6.163229	0.03944268
6.166563	0.03905912
6.169896	0.03871818
6.173229	0.03837724
6.176562	0.03807891
6.179896	0.03778059
6.183229	0.03748227
6.186563	0.03718394
6.189896	0.03688562
6.193229	0.03658729
6.196562	0.03626766
6.199896	0.03596934
6.203229	0.03567101
6.206563	0.035394
6.209896	0.03509567
6.213229	0.03479735
6.216562	0.03452034
6.219896	0.03422201
6.223229	0.03392369
6.226563	0.03362536
6.229896	0.03328442
6.233229	0.03292217
6.236563	0.03255992
6.239896	0.03217636
6.243229	0.0317928
6.246562	0.03140924
6.249896	0.03102569
6.253229	0.03066344
6.256563	0.0303438
6.259896	0.03004548
6.263229	0.02974715
6.266562	0.02949145
6.269896	0.02923574
6.273229	0.02895873
6.276563	0.0286604
6.279896	0.02834077
6.283229	0.02795721
6.286562	0.02753103
6.289896	0.02706224
6.293229	0.02655083
6.296563	0.02601811
6.299896	0.02546408
6.303229	0.02491004
6.306562	0.02435601
6.309896	0.0238446
6.313229	0.02333319
6.316563	0.0228644
6.319896	0.02243822
6.323229	0.02201204
6.326562	0.02164979
6.329896	0.02128754
6.333229	0.02096791
6.336563	0.02066958
6.339896	0.02037126
6.343229	0.02011555
6.346562	0.01983854
6.349896	0.01958283
6.353229	0.01932713
6.356563	0.01905011
6.359896	0.01879441
6.363229	0.01856001
6.366562	0.0183043
6.369896	0.01809121
6.373229	0.01787812
6.376563	0.01768634
6.379896	0.01751587
6.383229	0.01736671
6.386562	0.01719624
6.389896	0.01702577
6.393229	0.01683399
6.396563	0.01666352
6.399896	0.01645043
6.403229	0.01623734
6.406562	0.01600295
6.409896	0.01581117
6.413229	0.01568331
6.416563	0.01572593
6.419896	0.01602425
6.423229	0.01670614
6.426562	0.01783551
6.429896	0.0194976
6.433229	0.02171372
6.436563	0.02446256
6.439896	0.02765889
6.443229	0.03121747
6.446562	0.03494651
6.449896	0.03869687
6.453229	0.04227676
6.456563	0.04553701
6.459896	0.04843502
6.463229	0.05099208
6.466562	0.05322951
6.469896	0.05527515
6.473229	0.05723557
6.476563	0.05917467
6.479896	0.06119901
6.483229	0.06337252
6.486563	0.06567387
6.489896	0.06808178
6.493229	0.07046837
6.496562	0.07274842
6.499896	0.07477276
6.503229	0.07649877
6.506563	0.07794778
6.509896	0.07922631
6.513229	0.08052615
6.516562	0.08216693
6.519896	0.08446828
6.523229	0.0878777
6.526563	0.09284266
6.529896	0.09974672
6.533229	0.1089735
6.536562	0.1207572
6.539896	0.1351833
6.543229	0.1522517
6.546563	0.1718346
6.549896	0.1937187
6.553229	0.217606
6.556562	0.2432192
6.559896	0.2703028
6.563229	0.2986009
6.566563	0.3279645
6.569896	0.3583296
6.573229	0.3896962
6.576562	0.4220857
6.579896	0.4555406
6.583229	0.490061
6.586563	0.5255828
6.589896	0.5619783
6.593229	0.599077
6.596562	0.6366019
6.599896	0.6742333
6.603229	0.7116516
6.606563	0.7484946
6.609896	0.7845066
6.613229	0.8194531
6.616562	0.8532916
6.619896	0.8860006
6.623229	0.917687
6.626563	0.9485422
6.629896	0.9787155
6.633229	1.008463
6.636562	1.037954
6.639896	1.067382
6.643229	1.096852
6.646563	1.126471
6.649896	1.156261
6.653229	1.186328
6.656562	1.216714
6.659896	1.247548
6.663229	1.278957
6.666563	1.311134
6.669896	1.344226
6.673229	1.378427
6.676562	1.413863
6.679896	1.450643
6.683229	1.488785
6.686563	1.528271
6.689896	1.569077
6.693229	1.611056
6.696562	1.654078
6.699896	1.698038
6.703229	1.742744
6.706563	1.788068
6.709896	1.833904
6.713229	1.880101
6.716562	1.926555
6.719896	1.9732
6.723229	2.019951
6.726563	2.066724
6.729896	2.113476
6.733229	2.160185
6.736563	2.206766
6.739896	2.253198
6.743229	2.299502
6.746562	2.345636
6.749896	2.391641
6.753229	2.437541
6.756563	2.483376
6.759896	2.529211
6.763229	2.575047
6.766562	2.620903
6.769896	2.666824
6.773229	2.712787
6.776563	2.758772
6.779896	2.804713
6.783229	2.850613
6.786562	2.896405
6.789896	2.942091
6.793229	2.98765
6.796563	3.033144
6.799896	3.078596
6.803229	3.124069
6.806562	3.169606
6.809896	3.21525
6.813229	3.261042
6.816563	3.306963
6.819896	3.353054
6.823229	3.399252
6.826562	3.445598
6.829896	3.492052
6.833229	3.538633
6.836563	3.585342
6.839896	3.6322
6.843229	3.679208
6.846562	3.726407
6.849896	3.773776
6.853229	3.821338
6.856563	3.869091
6.859896	3.916972
6.863229	3.965002
6.866562	4.01316
6.869896	4.061382
6.873229	4.109689
6.876563	4.158081
6.879896	4.206516
6.883229	4.254994
6.886562	4.303536
6.889896	4.352098
6.893229	4.400683
6.896563	4.449288
6.899896	4.497851
6.903229	4.546414
6.906562	4.594934
6.909896	4.643433
6.913229	4.691889
6.916563	4.740282
6.919896	4.788653
6.923229	4.83696
6.926562	4.885224
6.929896	4.933446
6.933229	4.981583
6.936563	5.029656
6.939896	5.077601
6.943229	5.12546
6.946562	5.173214
6.949896	5.22086
6.953229	5.268443
6.956563	5.31594
6.959896	5.363395
6.963229	5.410786
6.966562	5.458134
6.969896	5.50544
6.973229	5.552682
6.976563	5.599859
6.979896	5.646973
6.983229	5.69398
6.986563	5.740902
6.989896	5.787718
6.993229	5.834491
6.996562	5.881221
6.999896	5.927951
7.003229	5.974703
7.006563	6.021519
7.009896	6.068398
7.013229	6.115363
7.016562	6.162413
7.019896	6.209548
7.023229	6.256704
7.026563	6.303882
7.029896	6.351039
7.033229	6.398174
7.036562	6.445224
7.039896	6.492231
7.043229	6.53911
7.046563	6.585862
7.049896	6.632486
7.053229	6.678918
7.056562	6.725158
7.059896	6.771121
7.063229	6.816786
7.066563	6.862089
7.069896	6.906965
7.073229	6.951373
7.076562	6.99529
7.079896	7.038676
7.083229	7.081528
7.086563	7.123826
7.089896	7.16557
7.093229	7.206717
7.096562	7.247311
7.099896	7.287329
7.103229	7.326708
7.106563	7.365468
7.109896	7.403569
7.113229	7.440987
7.116562	7.477723
7.119896	7.513799
7.123229	7.549193
7.126563	7.583969
7.129896	7.618106
7.133229	7.651667
7.136562	7.684654
7.139896	7.717107
7.143229	7.749006
7.146563	7.780373
7.149896	7.811207
7.153229	7.841465
7.156562	7.871191
7.159896	7.900384
7.163229	7.929066
7.166563	7.957279
7.169896	7.985023
7.173229	8.012384
7.176562	8.039361
7.179896	8.065954
7.183229	8.092207
7.186563	8.118097
7.189896	8.143625
7.193229	8.168748
7.196562	8.193466
7.199896	8.217758
7.203229	8.241646
7.206563	8.265171
7.209896	8.288397
7.213229	8.311347
7.216562	8.334105
7.219896	8.356735
7.223229	8.379258
7.226563	8.401718
7.229896	8.424113
7.233229	8.446445
7.236563	8.468649
7.239896	8.490703
7.243229	8.512545
7.246562	8.534152
7.249896	8.555525
7.253229	8.576642
7.256563	8.597525
7.259896	8.618152
7.263229	8.638544
7.266562	8.658702
7.269896	8.678605
7.273229	8.69823
7.276563	8.717579
7.279896	8.736565
7.283229	8.755146
7.286562	8.773301
7.289896	8.79103
7.293229	8.808333
7.296563	8.82521
7.299896	8.841681
7.303229	8.857791
7.306562	8.873538
7.309896	8.888966
7.313229	8.904031
7.316563	8.918734
7.319896	8.933032
7.323229	8.946905
7.326562	8.960287
7.329896	8.9732
7.333229	8.985623
7.336563	8.997598
7.339896	9.009148
7.343229	9.020292
7.346562	9.031117
7.349896	9.041622
7.353229	9.051851
7.356563	9.061759
7.359896	9.071348
7.363229	9.080575
7.366562	9.089397
7.369896	9.09775
7.373229	9.105634
7.376563	9.113028
7.379896	9.119954
7.383229	9.126453
7.386562	9.132569
7.389896	9.138343
7.393229	9.143862
7.396563	9.149147
7.399896	9.154218
7.403229	9.159077
7.406562	9.163722
7.409896	9.168154
7.413229	9.172331
7.416563	9.17623
7.419896	9.179896
7.423229	9.183326
7.426562	9.186586
7.429896	9.189676
7.433229	9.19266
7.436563	9.195558
7.439896	9.19837
7.443229	9.20114
7.446562	9.203783
7.449896	9.206318
7.453229	9.208684
7.456563	9.210857
7.459896	9.212839
7.463229	9.214608
7.466562	9.216206
7.469896	9.217676
7.473229	9.21904
7.476563	9.22034
7.479896	9.22164
7.483229	9.222918
7.486563	9.224197
7.489896	9.225496
7.493229	9.226754
7.496562	9.227947
7.499896	9.229034
7.503229	9.230035
7.506563	9.230909
7.509896	9.231655
7.513229	9.232315
7.516562	9.232912
7.519896	9.233402
7.523229	9.233871
7.526563	9.234276
7.529896	9.234659
7.533229	9.235
7.536562	9.235277
7.539896	9.235448
7.543229	9.235512
7.546563	9.235426
7.549896	9.235235
7.553229	9.234936
7.556562	9.234553
7.559896	9.234127
7.563229	9.233722
7.566563	9.233338
7.569896	9.233018
7.573229	9.232763
7.576562	9.232571
7.579896	9.232401
7.583229	9.232209
7.586563	9.231953
7.589896	9.231548
7.593229	9.231015
7.596562	9.230291
7.599896	9.229417
7.603229	9.228394
7.606563	9.227222
7.609896	9.225965
7.613229	9.224644
7.616562	9.223259
7.619896	9.221831
7.623229	9.220361
7.626563	9.218848
7.629896	9.217229
7.633229	9.215503
7.636562	9.21367
7.639896	9.211731
7.643229	9.209685
7.646563	9.207554
7.649896	9.20536
7.653229	9.203101
7.656562	9.200799
7.659896	9.198434
7.663229	9.196048
7.666563	9.193554
7.669896	9.190976
7.673229	9.188291
7.676562	9.1855
7.679896	9.18258
7.683229	9.179576
7.686563	9.176529
7.689896	9.17346
7.693229	9.17037
7.696562	9.167345
7.699896	9.16434
7.703229	9.161378
7.706563	9.15848
7.709896	9.155561
7.713229	9.15262
7.716562	9.149637
7.719896	9.146568
7.723229	9.143436
7.726563	9.14024
7.729896	9.136979
7.733229	9.133719
7.736563	9.130416
7.739896	9.127156
7.743229	9.123896
7.746562	9.120636
7.749896	9.117375
7.753229	9.114094
7.756563	9.11077
7.759896	9.107381
7.763229	9.103929
7.766562	9.100435
7.769896	9.096919
7.773229	9.093424
7.776563	9.089972
7.779896	9.086605
7.783229	9.083324
7.786562	9.080149
7.789896	9.077016
7.793229	9.073948
7.796563	9.070901
7.799896	9.06779
7.803229	9.064636
7.806562	9.061418
7.809896	9.058137
7.813229	9.054813
7.816563	9.05151
7.819896	9.048228
7.823229	9.044989
7.826562	9.041835
7.829896	9.038746
7.833229	9.035699
7.836563	9.032673
7.839896	9.029647
7.843229	9.026578
7.846562	9.023425
7.849896	9.020207
7.853229	9.016947
7.856563	9.013665
7.859896	9.010384
7.863229	9.007123
7.866562	9.003906
7.869896	9.000731
7.873229	8.997598
7.876563	8.994487
7.879896	8.991334
7.883229	8.988137
7.886562	8.984834
7.889896	8.981425
7.893229	8.977888
7.896563	8.974265
7.899896	8.970579
7.903229	8.966871
7.906562	8.963142
7.909896	8.959434
7.913229	8.955769
7.916563	8.952168
7.919896	8.948567
7.923229	8.944987
7.926562	8.941343
7.929896	8.937635
7.933229	8.933821
7.936563	8.9299
7.939896	8.92583
7.943229	8.921675
7.946562	8.917413
7.949896	8.91313
7.953229	8.908804
7.956563	8.904479
7.959896	8.900174
7.963229	8.895912
7.966562	8.891693
7.969896	8.887453
7.973229	8.883234
7.976563	8.878993
7.979896	8.874753
7.983229	8.870491
7.986563	8.866229
7.989896	8.861989
7.993229	8.857748
7.996562	8.85355
7.999896	8.849395
8.003229	8.845261
8.006562	8.841127
8.009896	8.836972
8.013229	8.832753
8.016562	8.82847
8.019896	8.82408
8.02323	8.819605
8.026563	8.815067
8.029896	8.810464
8.033229	8.805819
8.036563	8.801195
8.039896	8.796613
8.043229	8.792096
8.046562	8.787642
8.049896	8.783231
8.053229	8.778884
8.056562	8.774516
8.059896	8.770148
8.06323	8.765715
8.066563	8.761198
8.069896	8.756638
8.073229	8.751993
8.076563	8.747326
8.079896	8.742617
8.083229	8.737929
8.086562	8.733241
8.089896	8.728574
8.093229	8.723907
8.096562	8.719241
8.099895	8.714553
8.10323	8.709801
8.106563	8.704964
8.109896	8.700042
8.113229	8.695034
8.116563	8.689962
8.119896	8.684848
8.123229	8.67967
8.126562	8.674471
8.129896	8.66925
8.133229	8.664008
8.136562	8.658766
8.139895	8.65346
8.143229	8.648091
8.146563	8.642678
8.149896	8.63718
8.153229	8.63164
8.156563	8.626079
8.159896	8.620538
8.163229	8.615019
8.166562	8.609564
8.169896	8.604194
8.173229	8.59891
8.176562	8.593689
8.179895	8.588532
8.183229	8.583376
8.186563	8.578198
8.189896	8.572956
8.193229	8.567671
8.196563	8.562301
8.199896	8.556931
8.203229	8.55154
8.206562	8.546192
8.209896	8.540907
8.213229	8.535708
8.216562	8.530615
8.219895	8.525607
8.223229	8.520706
8.226563	8.515848
8.229896	8.511011
8.23323	8.506195
8.236563	8.501379
8.239896	8.496606
8.243229	8.491897
8.246563	8.487251
8.249896	8.482734
8.253229	8.478366
8.256562	8.474146
8.259896	8.470098
8.263229	8.466177
8.266562	8.462363
8.269896	8.458634
8.27323	8.454947
8.276563	8.451261
8.279896	8.447574
8.283229	8.443867
8.286563	8.44018
8.289896	8.436515
8.293229	8.432892
8.296562	8.429355
8.299896	8.425882
8.303229	8.422515
8.306562	8.419234
8.309896	8.416037
8.31323	8.412905
8.316563	8.409815
8.319896	8.406725
8.323229	8.403657
8.326563	8.400631
8.329896	8.397626
8.333229	8.394664
8.336562	8.391788
8.339896	8.388975
8.343229	8.38629
8.346562	8.383669
8.349895	8.381176
8.35323	8.378747
8.356563	8.37636
8.359896	8.374037
8.363229	8.371736
8.366563	8.369435
8.369896	8.367133
8.373229	8.364853
8.376562	8.362616
8.379896	8.3604
8.383229	8.358226
8.386562	8.356095
8.389895	8.354007
8.393229	8.35194
8.396563	8.349831
8.399896	8.3477
8.403229	8.345462
8.406563	8.34314
8.409896	8.340668
8.413229	8.338089
8.416562	8.335426
8.419896	8.332677
8.423229	8.329928
8.426562	8.327179
8.429895	8.32443
8.433229	8.321724
8.436563	8.319039
8.439896	8.316333
8.443229	8.313584
8.446563	8.31075
8.449896	8.307767
8.453229	8.304635
8.456562	8.301353
8.459896	8.297965
8.463229	8.29447
8.466562	8.290912
8.469895	8.287353
8.473229	8.283773
8.476563	8.280236
8.479896	8.27672
8.48323	8.273204
8.486563	8.269667
8.489896	8.266066
8.493229	8.2624
8.496563	8.258671
8.499896	8.254857
8.503229	8.251
8.506562	8.247143
8.509896	8.243286
8.513229	8.239472
8.516562	8.235722
8.519896	8.232035
8.52323	8.228391
8.526563	8.224812
8.529896	8.221232
8.533229	8.217652
8.536563	8.214029
8.539896	8.210364
8.543229	8.206699
8.546562	8.203034
8.549896	8.199411
8.553229	8.19581
8.556562	8.192294
8.559896	8.188864
8.56323	8.185518
8.566563	8.182258
8.569896	8.179061
8.573229	8.175886
8.576563	8.172711
8.579896	8.169558
8.583229	8.166425
8.586562	8.163314
8.589896	8.160267
8.593229	8.157305
8.596562	8.154428
8.599895	8.15168
8.60323	8.149037
8.606563	8.14648
8.609896	8.143987
8.613229	8.141515
8.616563	8.139022
8.619896	8.136486
8.623229	8.133887
8.626562	8.131244
8.629896	8.128623
8.633229	8.126045
8.636562	8.123552
8.639895	8.121187
8.643229	8.118971
8.646563	8.116882
8.649896	8.114943
8.653229	8.113068
8.656563	8.111235
8.659896	8.10936
8.663229	8.1074
8.666562	8.105333
8.669896	8.103117
8.673229	8.100751
8.676562	8.098301
8.679895	8.095765
8.683229	8.093187
8.686563	8.090587
8.689896	8.087966
8.693229	8.085366
8.696563	8.082767
8.699896	8.080146
8.703229	8.077504
8.706562	8.074776
8.709896	8.071985
8.713229	8.069108
8.716562	8.066167
8.719895	8.063141
8.723229	8.060094
8.726563	8.057004
8.729896	8.053893
8.73323	8.050782
8.736563	8.047692
8.739896	8.04456
8.743229	8.041406
8.746563	8.038189
8.749896	8.034886
8.753229	8.031519
8.756562	8.028088
8.759896	8.024615
8.763229	8.021099
8.766562	8.017604
8.769896	8.01411
8.77323	8.010658
8.776563	8.00727
8.779896	8.003903
8.783229	8.000536
8.786563	7.997148
8.789896	7.993717
8.793229	7.990201
8.796562	7.9866
8.799896	7.982914
8.803229	7.979163
8.806562	7.975413
8.809896	7.971662
8.81323	7.967933
8.816563	7.964268
8.819896	7.960624
8.823229	7.957045
8.826563	7.953443
8.829896	7.9498
8.833229	7.946092
8.836562	7.942256
8.839896	7.938314
8.843229	7.934244
8.846562	7.93011
8.849895	7.925934
8.85323	7.921715
8.856563	7.917517
8.859896	7.91334
8.863229	7.909206
8.866563	7.905072
8.869896	7.900917
8.873229	7.896719
8.876562	7.892415
8.879896	7.888025
8.883229	7.883486
8.886562	7.878841
8.889895	7.874111
8.893229	7.869316
8.896563	7.864436
8.899896	7.859535
8.903229	7.854613
8.906563	7.849648
8.909896	7.844619
8.913229	7.839526
8.916562	7.834284
8.919896	7.828914
8.923229	7.823374
8.926562	7.817642
8.929895	7.811803
8.933229	7.805816
8.936563	7.799743
8.939896	7.793606
8.943229	7.787447
8.946563	7.781289
8.949896	7.77511
8.953229	7.768887
8.956562	7.762601
8.959896	7.756209
8.963229	7.749688
8.966562	7.742997
8.969895	7.736114
8.973229	7.729083
8.976563	7.72188
8.979896	7.71455
8.98323	7.707134
8.986563	7.699676
8.989896	7.692154
8.993229	7.684611
8.996563	7.677025
8.999896	7.669396
9.003229	7.661683
9.006562	7.653841
9.009896	7.64585
9.013229	7.637731
9.016562	7.629464
9.019896	7.621068
9.02323	7.612544
9.026563	7.603936
9.029896	7.59522
9.033229	7.58642
9.036563	7.577513
9.039896	7.568478
9.043229	7.559315
9.046562	7.549918
9.049896	7.540307
9.053229	7.53042
9.056562	7.520234
9.059896	7.509772
9.06323	7.499053
9.066563	7.488058
9.069896	7.476807
9.073229	7.4653
9.076563	7.45358
9.079896	7.441647
9.083229	7.429459
9.086562	7.417036
9.089896	7.404314
9.093229	7.391295
9.096562	7.377934
9.099895	7.364232
9.10323	7.350169
9.106563	7.335764
9.109896	7.320975
9.113229	7.305846
9.116563	7.290355
9.119896	7.274522
9.123229	7.258306
9.126562	7.241707
9.129896	7.224702
9.133229	7.207271
9.136562	7.189351
9.139895	7.170919
9.143229	7.151996
9.146563	7.132541
9.149896	7.112575
9.153229	7.092097
9.156563	7.071129
9.159896	7.049671
9.163229	7.027766
9.166562	7.005412
9.169896	6.982633
9.173229	6.959449
9.176562	6.935817
9.179895	6.911717
9.183229	6.887127
9.186563	6.862025
9.189896	6.836326
9.193229	6.810031
9.196563	6.783075
9.199896	6.755353
9.203229	6.726863
9.206562	6.697542
9.209896	6.667368
9.213229	6.636321
9.216562	6.604379
9.219895	6.571564
9.223229	6.537875
9.226563	6.503269
9.229896	6.467768
9.23323	6.431373
9.236563	6.394082
9.239896	6.355833
9.243229	6.316667
9.246563	6.276522
9.249896	6.235395
9.253229	6.19331
9.256562	6.150203
9.259896	6.106115
9.263229	6.061068
9.266562	6.015041
9.269896	5.968055
9.27323	5.920131
9.276563	5.87127
9.279896	5.82145
9.283229	5.770692
9.286563	5.718997
9.289896	5.666385
9.293229	5.612815
9.296562	5.55835
9.299896	5.502968
9.303229	5.446734
9.306562	5.38969
9.309896	5.331879
9.31323	5.273365
9.316563	5.21419
9.319896	5.154398
9.323229	5.09403
9.326563	5.033065
9.329896	4.971568
9.333229	4.909517
9.336562	4.846932
9.339896	4.783837
9.343229	4.720251
9.346562	4.656197
9.349895	4.591738
9.35323	4.526916
9.356563	4.461796
9.359896	4.396421
9.363229	4.330853
9.366563	4.265137
9.369896	4.199314
9.373229	4.133448
9.376562	4.06754
9.379896	4.001632
9.383229	3.935766
9.386562	3.869986
9.389895	3.804312
9.393229	3.73883
9.396563	3.673561
9.399896	3.608547
9.403229	3.543875
9.406563	3.479586
9.409896	3.415702
9.413229	3.352308
9.416562	3.289404
9.419896	3.227055
9.423229	3.16528
9.426562	3.104145
9.429895	3.043628
9.433229	2.983793
9.436563	2.924661
9.439896	2.866232
9.443229	2.80857
9.446563	2.751633
9.449896	2.695463
9.453229	2.64006
9.456562	2.585403
9.459896	2.531534
9.463229	2.478454
9.466562	2.426204
9.469895	2.374744
9.473229	2.324156
9.476563	2.2744
9.479896	2.225539
9.48323	2.177551
9.486563	2.130459
9.489896	2.08424
9.493229	2.038895
9.496563	1.994402
9.499896	1.950804
9.503229	1.908058
9.506562	1.86625
9.509896	1.825337
9.513229	1.785362
9.516562	1.746367
9.519896	1.708352
9.52323	1.671317
9.526563	1.635262
9.529896	1.600188
9.533229	1.566051
9.536563	1.532809
9.539896	1.500463
9.543229	1.468968
9.546562	1.438305
9.549896	1.408472
9.553229	1.379428
9.556562	1.351194
9.559896	1.323727
9.56323	1.297048
9.566563	1.271158
9.569896	1.246014
9.573229	1.221594
9.576563	1.197898
9.579896	1.174906
9.583229	1.152596
9.586562	1.130946
9.589896	1.109935
9.593229	1.089564
9.596562	1.069811
9.599895	1.050654
9.60323	1.032094
9.606563	1.014131
9.609896	0.9967641
9.613229	0.9799727
9.616563	0.9637354
9.619896	0.9480734
9.623229	0.9329441
9.626562	0.9183689
9.629896	0.9043263
9.633229	0.8907739
9.636562	0.8777115
9.639895	0.865118
9.643229	0.8529932
9.646563	0.8412947
9.649896	0.8300436
9.653229	0.8191974
9.656563	0.8087348
9.659896	0.7986557
9.663229	0.7888962
9.666562	0.779499
9.669896	0.7703788
9.673229	0.761557
9.676562	0.7529695
9.679895	0.744659
9.683229	0.736583
9.686563	0.72872
9.689896	0.7211128
9.693229	0.7137399
9.696563	0.7066015
9.699896	0.6997187
9.703229	0.6930704
9.706562	0.6866777
9.709896	0.6804981
9.713229	0.6745743
9.716562	0.6688422
9.719895	0.6633019
9.723229	0.6579534
9.726563	0.6527753
9.729896	0.6477677
9.73323	0.6429093
9.736563	0.6382001
9.739896	0.6336187
9.743229	0.6291651
9.746563	0.6248394
9.749896	0.6206203
9.753229	0.6164864
9.756562	0.6124803
9.759896	0.6085382
9.763229	0.6046813
9.766562	0.6008883
9.769896	0.5971805
9.77323	0.593558
9.776563	0.5900208
9.779896	0.5865474
9.783229	0.583138
9.786563	0.5798138
9.789896	0.5765323
9.793229	0.5733359
9.796562	0.5701822
9.799896	0.5670924
9.803229	0.5640666
9.806562	0.5611047
9.809896	0.5582067
9.81323	0.5553726
9.816563	0.5526237
9.819896	0.5499175
9.823229	0.5472539
9.826563	0.5446329
9.829896	0.5420332
9.833229	0.5394336
9.836562	0.5368552
9.839896	0.5342768
9.843229	0.5316984
9.846562	0.5291201
9.849895	0.526563
9.85323	0.5240273
9.856563	0.5215341
9.859896	0.5190836
9.863229	0.516697
9.866563	0.514353
9.869896	0.512073
9.873229	0.5098143
9.876562	0.5076194
9.879896	0.5054459
9.883229	0.5032938
9.886562	0.5011629
9.889895	0.499032
9.893229	0.4969437
9.896563	0.4948981
9.899896	0.4928524
9.903229	0.4908707
9.906563	0.4889103
9.909896	0.4870138
9.913229	0.4851386
9.916562	0.4832847
9.919896	0.4814735
9.923229	0.4796835
9.926562	0.4778936
9.929895	0.476125
9.933229	0.4743563
9.936563	0.472609
9.939896	0.470883
9.943229	0.4691783
9.946563	0.4674949
9.949896	0.4658328
9.953229	0.464192
9.956562	0.4625938
9.959896	0.4610383
9.963229	0.4594828
9.966562	0.4579698
9.969895	0.4564782
9.973229	0.4549866
9.976563	0.4535163
9.979896	0.4520673
9.98323	0.4506183
9.986563	0.4491692
9.989896	0.4477415
9.993229	0.4462925
9.996563	0.4448648
9.999896	0.4434158
}
[PEAK]
{
Peak ID	1
Peak Ref	1
Time	4.371362
Peak	3.836562	4.716562
Intensity	-3.010035e-05	1.454353e-05
Height	0.0006854129
AreaAbs	208.6693
Area %BP	0.007235961
Area %Total	0.007201316
Width	0.8799999
}
[PEAK]
{
Peak ID	2
Peak Ref	2
Time	5.086133
Peak	4.716562	6.009896
Intensity	-3.010035e-05	1.454353e-05
Height	0.2796996
AreaAbs	48063.02
Area %BP	1.666667
Area %Total	1.658687
Width	1.293334
}
[PEAK]
{
Peak ID	3
Peak Ref	3
Time	6.080941
Peak	6.009896	6.393229
Intensity	-3.010035e-05	1.454353e-05
Height	0.0001033936
AreaAbs	22.55953
Area %BP	0.00078229
Area %Total	0.0007785445
Width	0.3833332
}
}
}
}
