[SAMPLE]
{
Sample	1
Well	1:B,5
FileName	
SampleID	ASD-E-2601292-003
SampleDescription	Aquired with Galaxy
Date	05-Mar-2026
Time	17:04:44 PRC
JobCode	
TaskCode	
UserName	Congcong_Liu2
LabName	Aquired with Galaxy
Instrument	MS_L_19_062
Conditions	
Submitter	Siyu_Zhang
SampleType	
Plate	
Method	
Process	Galaxy
MSTune	
MSMethod	
InletMethod	
PreRunMethod	
PostRunMethod	
SwitchMethod	
FractionMethod	
AcquisitionProcess	
AcquisitionProcessParameters	
AcquisitionProcessOptions	
InjectionVolume	25
ReportScheme	
SampleReportEnable	0
SampleReportFormat	
AnalysisTime	0
[COMPOUND]
{
;Mono Mass	Formula
}
[FUNCTION]
{
Function	1
IonMode	ES+
Type	MS
Description	(0:0)
[SPECTRUM]
{
ProcDesc	0.00:Combine
State	OK
Peak ID	0
Peak Ref	0
Time	0
TIC	0
BPI	0
BPM	0
Continuum	FALSE
Saved	FALSE
[MASSES]
{
;Mass	Exp. Mass	Obs. Mass	% BPI	Int. Abs
}
[RESULTS]
{
;Mass	Found	% BPI	% Purity
}
[MS]
{
;Mass	% BPI
0	0
}
}
[CHROMATOGRAM]
{
TraceNumber	1
Description	scroll down chrom view to see 2D LC chrom
ProcDesc	
MaxIntensity	0
[TRACE]
{
0	0
}
[PEAK]
{
Peak ID	0
Peak Ref	0
Time	0
Peak	0
Intensity	0	0
Height	0
AreaAbs	0
Area %BP	0
Area %Total	0
}
}
}
[FUNCTION]
{
Function	0
Description	ANALOG
[CHROMATOGRAM]
{
TraceNumber	2
Description	LC
ProcDesc	Result Id:2849, VWD: Signal A, 280 nm
MaxIntensity	0.2054611
[TRACE]
{
;Time	Int. %Max
0.0028125	0.00304607
0.006145834	0.002930029
0.009479167	0.002784978
0.0128125	0.002697947
0.01614583	0.002581907
0.01947917	0.002523886
0.0228125	0.002465866
0.02614583	0.002465866
0.02947917	0.002465866
0.0328125	0.002465866
0.03614583	0.002494876
0.03947917	0.002494876
0.0428125	0.002523886
0.04614583	0.002523886
0.04947917	0.002523886
0.0528125	0.002523886
0.05614583	0.002523886
0.05947917	0.002552896
0.0628125	0.002581907
0.06614583	0.002610917
0.06947917	0.002639927
0.0728125	0.002668937
0.07614584	0.002697947
0.07947917	0.002726958
0.0828125	0.002726958
0.08614583	0.002726958
0.08947916	0.002726958
0.0928125	0.002726958
0.09614583	0.002755968
0.09947917	0.002784978
0.1028125	0.002842998
0.1061458	0.002930029
0.1094792	0.00304607
0.1128125	0.0031331
0.1161458	0.003249141
0.1194792	0.003365182
0.1228125	0.003452212
0.1261458	0.003481222
0.1294792	0.003510233
0.1328125	0.003510233
0.1361458	0.003481222
0.1394792	0.003452212
0.1428125	0.003394192
0.1461458	0.003336171
0.1494792	0.003307161
0.1528125	0.003249141
0.1561458	0.003220131
0.1594792	0.003191121
0.1628125	0.00316211
0.1661458	0.00316211
0.1694792	0.0031331
0.1728125	0.0031331
0.1761458	0.00316211
0.1794792	0.003191121
0.1828125	0.003220131
0.1861458	0.003278151
0.1894792	0.003336171
0.1928125	0.003365182
0.1961458	0.003365182
0.1994792	0.003336171
0.2028125	0.003249141
0.2061458	0.00316211
0.2094792	0.00304607
0.2128125	0.002901019
0.2161458	0.002813988
0.2194792	0.002726958
0.2228125	0.002697947
0.2261458	0.002755968
0.2294792	0.002842998
0.2328125	0.002988049
0.2361458	0.0031331
0.2394792	0.003307161
0.2428125	0.003481222
0.2461458	0.003597263
0.2494792	0.003655284
0.2528125	0.003655284
0.2561458	0.003597263
0.2594792	0.003452212
0.2628125	0.003278151
0.2661458	0.00304607
0.2694792	0.002842998
0.2728125	0.002610917
0.2761458	0.002436856
0.2794792	0.002320815
0.2828125	0.002262795
0.2861458	0.002233784
0.2894792	0.002233784
0.2928125	0.002233784
0.2961458	0.002262795
0.2994792	0.002262795
0.3028125	0.002291805
0.3061458	0.002291805
0.3094792	0.002291805
0.3128125	0.002291805
0.3161458	0.002291805
0.3194792	0.002349825
0.3228125	0.002436856
0.3261458	0.002552896
0.3294792	0.002697947
0.3328125	0.002842998
0.3361458	0.002930029
0.3394792	0.002988049
0.3428125	0.002988049
0.3461458	0.002901019
0.3494792	0.002784978
0.3528125	0.002610917
0.3561458	0.002407846
0.3594792	0.002175764
0.3628125	0.001972693
0.3661458	0.001798632
0.3694792	0.001682591
0.3728125	0.00162457
0.3761458	0.00159556
0.3794792	0.00159556
0.3828125	0.00162457
0.3861458	0.001682591
0.3894792	0.001740611
0.3928125	0.001798632
0.3961458	0.001856652
0.3994792	0.001885662
0.4028125	0.001885662
0.4061458	0.001856652
0.4094792	0.001798632
0.4128125	0.001711601
0.4161458	0.00162457
0.4194792	0.00153754
0.4228125	0.00147952
0.4261458	0.001450509
0.4294792	0.00147952
0.4328125	0.00153754
0.4361458	0.00162457
0.4394792	0.001769621
0.4428125	0.001914672
0.4461458	0.002030713
0.4494792	0.002146754
0.4528125	0.002233784
0.4561458	0.002291805
0.4594792	0.002349825
0.4628125	0.002378835
0.4661458	0.002378835
0.4694792	0.002378835
0.4728125	0.002378835
0.4761458	0.002378835
0.4794792	0.002378835
0.4828125	0.002378835
0.4861458	0.002378835
0.4894792	0.002349825
0.4928125	0.002320815
0.4961458	0.002291805
0.4994792	0.002233784
0.5028125	0.002175764
0.5061458	0.002117744
0.5094792	0.002059723
0.5128125	0.002001703
0.5161458	0.001972693
0.5194792	0.001943683
0.5228125	0.001914672
0.5261458	0.001943683
0.5294791	0.002001703
0.5328125	0.002059723
0.5361458	0.002146754
0.5394792	0.002204774
0.5428125	0.002291805
0.5461459	0.002320815
0.5494792	0.002378835
0.5528125	0.002378835
0.5561458	0.002378835
0.5594792	0.002378835
0.5628125	0.002349825
0.5661458	0.002320815
0.5694792	0.002291805
0.5728125	0.002291805
0.5761458	0.002262795
0.5794792	0.002233784
0.5828125	0.002204774
0.5861458	0.002175764
0.5894791	0.002146754
0.5928125	0.002088734
0.5961458	0.002030713
0.5994791	0.001972693
0.6028125	0.001914672
0.6061459	0.001856652
0.6094792	0.001769621
0.6128125	0.001711601
0.6161458	0.00159556
0.6194792	0.00150853
0.6228125	0.001363479
0.6261458	0.001247438
0.6294792	0.001131397
0.6328125	0.0009863465
0.6361458	0.0008703058
0.6394792	0.000754265
0.6428125	0.0006382241
0.6461458	0.0005802037
0.6494792	0.0005511935
0.6528125	0.0005511935
0.6561458	0.0006092139
0.6594791	0.0007252548
0.6628125	0.0008703058
0.6661459	0.001044367
0.6694792	0.001276448
0.6728125	0.00153754
0.6761459	0.001769621
0.6794792	0.002030713
0.6828125	0.002262795
0.6861458	0.002436856
0.6894792	0.002610917
0.6928125	0.002697947
0.6961458	0.002755968
0.6994792	0.002755968
0.7028125	0.002726958
0.7061458	0.002639927
0.7094792	0.002523886
0.7128125	0.002407846
0.7161458	0.002291805
0.7194791	0.002175764
0.7228125	0.002059723
0.7261458	0.001972693
0.7294792	0.001885662
0.7328125	0.001856652
0.7361459	0.001827642
0.7394792	0.001856652
0.7428125	0.001885662
0.7461458	0.001914672
0.7494792	0.001943683
0.7528125	0.001972693
0.7561458	0.001972693
0.7594792	0.001972693
0.7628125	0.001943683
0.7661458	0.001914672
0.7694792	0.001827642
0.7728125	0.001769621
0.7761458	0.001682591
0.7794791	0.00162457
0.7828125	0.00153754
0.7861458	0.00147952
0.7894792	0.001392489
0.7928125	0.001305458
0.7961459	0.001218428
0.7994792	0.001131397
0.8028125	0.001044367
0.8061458	0.0009573363
0.8094792	0.0008703058
0.8128125	0.0008412956
0.8161458	0.0008122854
0.8194792	0.0008122854
0.8228125	0.0008703058
0.8261458	0.0009863465
0.8294792	0.001102387
0.8328125	0.001247438
0.8361458	0.001392489
0.8394791	0.00150853
0.8428125	0.00159556
0.8461458	0.001682591
0.8494791	0.001711601
0.8528125	0.001711601
0.8561459	0.001653581
0.8594792	0.00159556
0.8628125	0.00153754
0.8661458	0.001450509
0.8694792	0.001392489
0.8728125	0.001363479
0.8761458	0.001334469
0.8794792	0.001305458
0.8828125	0.001305458
0.8861458	0.001305458
0.8894792	0.001334469
0.8928125	0.001334469
0.8961458	0.001305458
0.8994792	0.001276448
0.9028125	0.001218428
0.9061458	0.001102387
0.9094791	0.0009863465
0.9128125	0.0008412956
0.9161459	0.0006962444
0.9194792	0.0005802037
0.9228125	0.0004931731
0.9261459	0.0004061426
0.9294792	0.0004061426
0.9328125	0.0004351528
0.9361458	0.0004931731
0.9394792	0.0005802037
0.9428125	0.0006672343
0.9461458	0.000754265
0.9494792	0.0008412956
0.9528125	0.000899316
0.9561458	0.000899316
0.9594792	0.000899316
0.9628125	0.0008703058
0.9661458	0.0008412956
0.9694791	0.0008122854
0.9728125	0.0008122854
0.9761458	0.0007832752
0.9794792	0.000754265
0.9828125	0.0007252548
0.9861459	0.0006962444
0.9894792	0.0006962444
0.9928125	0.0006672343
0.9961458	0.0006962444
0.9994792	0.0007252548
1.002813	0.0008122854
1.006146	0.0009573363
1.009479	0.001160408
1.012812	0.001392489
1.016146	0.00162457
1.019479	0.001827642
1.022812	0.002030713
1.026146	0.002146754
1.029479	0.002233784
1.032812	0.002233784
1.036146	0.002175764
1.039479	0.002088734
1.042812	0.001972693
1.046146	0.001827642
1.049479	0.001740611
1.052812	0.001653581
1.056146	0.00159556
1.059479	0.00159556
1.062812	0.00159556
1.066146	0.00162457
1.069479	0.001682591
1.072813	0.001711601
1.076146	0.001769621
1.079479	0.001769621
1.082813	0.001798632
1.086146	0.001798632
1.089479	0.001798632
1.092813	0.001798632
1.096146	0.001769621
1.099479	0.001740611
1.102813	0.001711601
1.106146	0.001682591
1.109479	0.001653581
1.112813	0.00159556
1.116146	0.00153754
1.119479	0.00147952
1.122813	0.001421499
1.126146	0.001363479
1.129479	0.001334469
1.132813	0.001305458
1.136146	0.001305458
1.139479	0.001305458
1.142812	0.001334469
1.146146	0.001392489
1.149479	0.00147952
1.152812	0.00156655
1.156146	0.001653581
1.159479	0.001740611
1.162812	0.001827642
1.166146	0.001885662
1.169479	0.001943683
1.172812	0.002030713
1.176146	0.002088734
1.179479	0.002175764
1.182812	0.002262795
1.186146	0.002378835
1.189479	0.002523886
1.192812	0.002697947
1.196146	0.002872009
1.199479	0.003017059
1.202813	0.00316211
1.206146	0.003249141
1.209479	0.003278151
1.212813	0.003249141
1.216146	0.00316211
1.219479	0.003017059
1.222813	0.002842998
1.226146	0.002639927
1.229479	0.002407846
1.232813	0.002233784
1.236146	0.002059723
1.239479	0.001972693
1.242813	0.001914672
1.246146	0.001914672
1.249479	0.001943683
1.252813	0.002001703
1.256146	0.002059723
1.259479	0.002117744
1.262812	0.002175764
1.266146	0.002175764
1.269479	0.002146754
1.272812	0.002088734
1.276146	0.002030713
1.279479	0.001943683
1.282812	0.001885662
1.286146	0.001856652
1.289479	0.001827642
1.292812	0.001827642
1.296146	0.001827642
1.299479	0.001856652
1.302812	0.001885662
1.306146	0.001943683
1.309479	0.001972693
1.312812	0.002001703
1.316146	0.002030713
1.319479	0.002030713
1.322813	0.002001703
1.326146	0.001972693
1.329479	0.001885662
1.332813	0.001798632
1.336146	0.001682591
1.339479	0.00153754
1.342813	0.001392489
1.346146	0.001276448
1.349479	0.001189418
1.352813	0.001160408
1.356146	0.001131397
1.359479	0.001160408
1.362813	0.001218428
1.366146	0.001276448
1.369479	0.001305458
1.372813	0.001305458
1.376146	0.001276448
1.379479	0.001189418
1.382813	0.001102387
1.386146	0.0009863465
1.389479	0.0008703058
1.392812	0.0007832752
1.396146	0.0007252548
1.399479	0.0006962444
1.402812	0.0007252548
1.406146	0.000754265
1.409479	0.0008412956
1.412812	0.0009573363
1.416146	0.001044367
1.419479	0.001160408
1.422812	0.001247438
1.426146	0.001305458
1.429479	0.001334469
1.432812	0.001334469
1.436146	0.001305458
1.439479	0.001247438
1.442812	0.001131397
1.446146	0.001015357
1.449479	0.0008703058
1.452813	0.000754265
1.456146	0.0006672343
1.459479	0.0006092139
1.462813	0.0006382241
1.466146	0.0006962444
1.469479	0.0007832752
1.472813	0.0009573363
1.476146	0.001160408
1.479479	0.001392489
1.482813	0.00162457
1.486146	0.001827642
1.489479	0.002030713
1.492813	0.002175764
1.496146	0.002291805
1.499479	0.002320815
1.502813	0.002320815
1.506146	0.002262795
1.509479	0.002146754
1.512812	0.001972693
1.516146	0.001798632
1.519479	0.00159556
1.522812	0.001450509
1.526146	0.001334469
1.529479	0.001305458
1.532812	0.001305458
1.536146	0.001392489
1.539479	0.00153754
1.542812	0.001711601
1.546146	0.001914672
1.549479	0.002117744
1.552812	0.002262795
1.556146	0.002349825
1.559479	0.002378835
1.562812	0.002349825
1.566146	0.002291805
1.569479	0.002175764
1.572813	0.002088734
1.576146	0.002001703
1.579479	0.001943683
1.582813	0.001914672
1.586146	0.001943683
1.589479	0.002001703
1.592813	0.002117744
1.596146	0.002204774
1.599479	0.002320815
1.602813	0.002378835
1.606146	0.002436856
1.609479	0.002465866
1.612813	0.002465866
1.616146	0.002436856
1.619479	0.002378835
1.622813	0.002320815
1.626146	0.002262795
1.629479	0.002233784
1.632813	0.002204774
1.636146	0.002204774
1.639479	0.002204774
1.642812	0.002233784
1.646146	0.002262795
1.649479	0.002291805
1.652812	0.002349825
1.656146	0.002378835
1.659479	0.002407846
1.662812	0.002436856
1.666146	0.002494876
1.669479	0.002523886
1.672812	0.002581907
1.676146	0.002668937
1.679479	0.002726958
1.682812	0.002813988
1.686146	0.002901019
1.689479	0.002959039
1.692812	0.003017059
1.696146	0.00307508
1.699479	0.00307508
1.702813	0.00310409
1.706146	0.00310409
1.709479	0.00307508
1.712813	0.00304607
1.716146	0.002988049
1.719479	0.002959039
1.722813	0.002930029
1.726146	0.002901019
1.729479	0.002901019
1.732813	0.002930029
1.736146	0.002988049
1.739479	0.00304607
1.742813	0.00316211
1.746146	0.003307161
1.749479	0.003423202
1.752813	0.003539243
1.756146	0.003626273
1.759479	0.003684294
1.762812	0.003684294
1.766146	0.003684294
1.769479	0.003626273
1.772812	0.003539243
1.776146	0.003423202
1.779479	0.003307161
1.782812	0.003191121
1.786146	0.00307508
1.789479	0.002959039
1.792812	0.002842998
1.796146	0.002726958
1.799479	0.002610917
1.802812	0.002494876
1.806146	0.002407846
1.809479	0.002320815
1.812812	0.002233784
1.816146	0.002175764
1.819479	0.002117744
1.822813	0.002088734
1.826146	0.002088734
1.829479	0.002117744
1.832813	0.002146754
1.836146	0.002175764
1.839479	0.002262795
1.842813	0.002349825
1.846146	0.002465866
1.849479	0.002581907
1.852813	0.002726958
1.856146	0.002813988
1.859479	0.002901019
1.862813	0.002930029
1.866146	0.002930029
1.869479	0.002842998
1.872813	0.002726958
1.876146	0.002552896
1.879479	0.002349825
1.882813	0.002117744
1.886146	0.001914672
1.889479	0.001740611
1.892812	0.00159556
1.896146	0.00150853
1.899479	0.00147952
1.902812	0.00147952
1.906146	0.00153754
1.909479	0.00162457
1.912812	0.001740611
1.916146	0.001885662
1.919479	0.002059723
1.922812	0.002233784
1.926146	0.002436856
1.929479	0.002610917
1.932812	0.002784978
1.936146	0.002901019
1.939479	0.003017059
1.942812	0.00310409
1.946146	0.00316211
1.949479	0.00316211
1.952813	0.0031331
1.956146	0.00307508
1.959479	0.003017059
1.962813	0.002930029
1.966146	0.002901019
1.969479	0.002872009
1.972813	0.002872009
1.976146	0.002901019
1.979479	0.002959039
1.982813	0.00307508
1.986146	0.003191121
1.989479	0.003336171
1.992813	0.003481222
1.996146	0.003568253
1.999479	0.003626273
2.002812	0.003655284
2.006146	0.003626273
2.009479	0.003568253
2.012813	0.003481222
2.016146	0.003394192
2.019479	0.003307161
2.022813	0.003249141
2.026146	0.003191121
2.029479	0.003191121
2.032813	0.003220131
2.036146	0.003278151
2.039479	0.003336171
2.042813	0.003365182
2.046146	0.003365182
2.049479	0.003336171
2.052813	0.003249141
2.056146	0.00310409
2.059479	0.002959039
2.062813	0.002755968
2.066146	0.002581907
2.069479	0.002436856
2.072813	0.002291805
2.076146	0.002204774
2.079479	0.002146754
2.082813	0.002146754
2.086146	0.002175764
2.089479	0.002204774
2.092813	0.002262795
2.096146	0.002320815
2.099479	0.002349825
2.102813	0.002378835
2.106146	0.002407846
2.109479	0.002407846
2.112813	0.002407846
2.116146	0.002407846
2.119479	0.002407846
2.122813	0.002436856
2.126146	0.002465866
2.129479	0.002523886
2.132813	0.002610917
2.136146	0.002697947
2.139479	0.002784978
2.142812	0.002872009
2.146146	0.002930029
2.149479	0.002959039
2.152812	0.002959039
2.156146	0.002901019
2.159479	0.002784978
2.162812	0.002668937
2.166146	0.002494876
2.169479	0.002320815
2.172812	0.002146754
2.176146	0.002001703
2.179479	0.001914672
2.182812	0.001885662
2.186146	0.001914672
2.189479	0.002001703
2.192812	0.002117744
2.196146	0.002262795
2.199479	0.002436856
2.202812	0.002610917
2.206146	0.002755968
2.209479	0.002813988
2.212812	0.002813988
2.216146	0.002755968
2.219479	0.002639927
2.222812	0.002465866
2.226146	0.002262795
2.229479	0.002059723
2.232812	0.001856652
2.236146	0.001711601
2.239479	0.00162457
2.242812	0.00162457
2.246146	0.001682591
2.249479	0.001827642
2.252812	0.002030713
2.256146	0.002233784
2.259479	0.002407846
2.262813	0.002581907
2.266146	0.002668937
2.269479	0.002668937
2.272813	0.002581907
2.276146	0.002407846
2.279479	0.002175764
2.282813	0.001914672
2.286146	0.00162457
2.289479	0.001363479
2.292813	0.001131397
2.296146	0.0009573363
2.299479	0.0008412956
2.302813	0.0007832752
2.306146	0.000754265
2.309479	0.0007832752
2.312813	0.0008122854
2.316146	0.0008412956
2.319479	0.000899316
2.322813	0.0009283261
2.326146	0.0009573363
2.329479	0.001015357
2.332813	0.001044367
2.336146	0.001102387
2.339479	0.001189418
2.342813	0.001276448
2.346146	0.001363479
2.349479	0.001450509
2.352813	0.00150853
2.356146	0.00156655
2.359479	0.00156655
2.362813	0.00150853
2.366146	0.001450509
2.369479	0.001334469
2.372813	0.001189418
2.376146	0.001073377
2.379479	0.0009573363
2.382813	0.0008703058
2.386146	0.0008122854
2.389479	0.0008122854
2.392812	0.0008703058
2.396146	0.0009283261
2.399479	0.001044367
2.402812	0.001131397
2.406146	0.001247438
2.409479	0.001305458
2.412812	0.001334469
2.416146	0.001334469
2.419479	0.001305458
2.422812	0.001218428
2.426146	0.001131397
2.429479	0.001015357
2.432812	0.000899316
2.436146	0.0007832752
2.439479	0.0006962444
2.442812	0.0006092139
2.446146	0.0005802037
2.449479	0.0006092139
2.452812	0.0006382241
2.456146	0.0007252548
2.459479	0.0008122854
2.462812	0.000899316
2.466146	0.001015357
2.469479	0.001102387
2.472812	0.001160408
2.476146	0.001189418
2.479479	0.001189418
2.482812	0.001160408
2.486146	0.001102387
2.489479	0.001015357
2.492812	0.0009283261
2.496146	0.0008412956
2.499479	0.0007252548
2.502812	0.0006092139
2.506146	0.0005511935
2.509479	0.0004931731
2.512813	0.000464163
2.516146	0.0004931731
2.519479	0.0005511935
2.522813	0.0006382241
2.526146	0.000754265
2.529479	0.000899316
2.532813	0.001044367
2.536146	0.001189418
2.539479	0.001305458
2.542813	0.001392489
2.546146	0.001450509
2.549479	0.001450509
2.552813	0.001450509
2.556146	0.001421499
2.559479	0.001363479
2.562813	0.001305458
2.566146	0.001276448
2.569479	0.001247438
2.572813	0.001276448
2.576146	0.001305458
2.579479	0.001363479
2.582813	0.001450509
2.586146	0.00153754
2.589479	0.00162457
2.592813	0.001740611
2.596146	0.001856652
2.599479	0.001943683
2.602813	0.002030713
2.606146	0.002146754
2.609479	0.002233784
2.612813	0.002320815
2.616146	0.002436856
2.619479	0.002494876
2.622813	0.002581907
2.626146	0.002639927
2.629479	0.002668937
2.632813	0.002697947
2.636146	0.002697947
2.639479	0.002668937
2.642812	0.002610917
2.646146	0.002523886
2.649479	0.002378835
2.652812	0.002175764
2.656146	0.001943683
2.659479	0.00162457
2.662812	0.001305458
2.666146	0.0009573363
2.669479	0.0006382241
2.672812	0.0003771324
2.676146	0.0001450509
2.679479	2.901018e-05
2.682812	0
2.686146	5.802037e-05
2.689479	0.0002030713
2.692812	0.0003771324
2.696146	0.0005802037
2.699479	0.0008122854
2.702812	0.001015357
2.706146	0.001218428
2.709479	0.001363479
2.712812	0.00150853
2.716146	0.001653581
2.719479	0.001798632
2.722812	0.001943683
2.726146	0.002088734
2.729479	0.002233784
2.732812	0.002378835
2.736146	0.002523886
2.739479	0.002610917
2.742812	0.002668937
2.746146	0.002668937
2.749479	0.002610917
2.752812	0.002465866
2.756146	0.002291805
2.759479	0.002059723
2.762813	0.001827642
2.766146	0.00159556
2.769479	0.001363479
2.772813	0.001160408
2.776146	0.001015357
2.779479	0.000899316
2.782813	0.0008412956
2.786146	0.0008122854
2.789479	0.0007832752
2.792813	0.0008122854
2.796146	0.0008122854
2.799479	0.0008412956
2.802813	0.0008703058
2.806146	0.000899316
2.809479	0.0009283261
2.812813	0.0009863465
2.816146	0.001015357
2.819479	0.001073377
2.822813	0.001102387
2.826146	0.001131397
2.829479	0.001160408
2.832813	0.001189418
2.836146	0.001189418
2.839479	0.001160408
2.842813	0.001160408
2.846146	0.001131397
2.849479	0.001160408
2.852813	0.001189418
2.856146	0.001276448
2.859479	0.001363479
2.862813	0.00147952
2.866146	0.00159556
2.869479	0.001740611
2.872813	0.001827642
2.876146	0.001914672
2.879479	0.001972693
2.882813	0.001972693
2.886146	0.001943683
2.889479	0.001914672
2.892812	0.001856652
2.896146	0.001827642
2.899479	0.001798632
2.902812	0.001769621
2.906146	0.001798632
2.909479	0.001827642
2.912812	0.001856652
2.916146	0.001885662
2.919479	0.001914672
2.922812	0.001943683
2.926146	0.001914672
2.929479	0.001914672
2.932812	0.001885662
2.936146	0.001856652
2.939479	0.001798632
2.942812	0.001769621
2.946146	0.001740611
2.949479	0.001740611
2.952812	0.001740611
2.956146	0.001740611
2.959479	0.001740611
2.962812	0.001769621
2.966146	0.001827642
2.969479	0.001885662
2.972812	0.001943683
2.976146	0.002030713
2.979479	0.002088734
2.982812	0.002117744
2.986146	0.002146754
2.989479	0.002146754
2.992812	0.002117744
2.996146	0.002030713
2.999479	0.001914672
3.002812	0.001798632
3.006146	0.001682591
3.009479	0.00156655
3.012813	0.00147952
3.016146	0.001392489
3.019479	0.001363479
3.022813	0.001334469
3.026146	0.001305458
3.029479	0.001305458
3.032813	0.001247438
3.036146	0.001189418
3.039479	0.001102387
3.042813	0.0009863465
3.046146	0.000899316
3.049479	0.0008122854
3.052813	0.0007832752
3.056146	0.0007832752
3.059479	0.0008703058
3.062813	0.001044367
3.066146	0.001276448
3.069479	0.00156655
3.072813	0.001856652
3.076146	0.002204774
3.079479	0.002523886
3.082813	0.002813988
3.086146	0.00307508
3.089479	0.003278151
3.092813	0.003423202
3.096146	0.003539243
3.099479	0.003568253
3.102813	0.003597263
3.106146	0.003539243
3.109479	0.003452212
3.112813	0.003365182
3.116146	0.003220131
3.119479	0.00307508
3.122813	0.002930029
3.126146	0.002784978
3.129479	0.002668937
3.132813	0.002581907
3.136146	0.002494876
3.139479	0.002407846
3.142812	0.002349825
3.146146	0.002320815
3.149479	0.002262795
3.152812	0.002204774
3.156146	0.002117744
3.159479	0.002059723
3.162812	0.001943683
3.166146	0.001856652
3.169479	0.001740611
3.172812	0.00162457
3.176146	0.00153754
3.179479	0.001450509
3.182812	0.001421499
3.186146	0.001421499
3.189479	0.00147952
3.192812	0.00153754
3.196146	0.001653581
3.199479	0.001798632
3.202812	0.001914672
3.206146	0.002030713
3.209479	0.002117744
3.212812	0.002175764
3.216146	0.002175764
3.219479	0.002117744
3.222812	0.002059723
3.226146	0.002001703
3.229479	0.001914672
3.232812	0.001856652
3.236146	0.001827642
3.239479	0.001827642
3.242812	0.001856652
3.246146	0.001914672
3.249479	0.002001703
3.252812	0.002117744
3.256146	0.002233784
3.259479	0.002320815
3.262813	0.002407846
3.266146	0.002465866
3.269479	0.002494876
3.272813	0.002436856
3.276146	0.002349825
3.279479	0.002175764
3.282813	0.001972693
3.286146	0.001711601
3.289479	0.001421499
3.292813	0.001131397
3.296146	0.0008412956
3.299479	0.0005802037
3.302813	0.0003771324
3.306146	0.0002610917
3.309479	0.0002030713
3.312813	0.0001740611
3.316146	0.0002320815
3.319479	0.0002901018
3.322813	0.0004351528
3.326146	0.0005802037
3.329479	0.0007252548
3.332813	0.000899316
3.336146	0.001073377
3.339479	0.001247438
3.342813	0.001421499
3.346146	0.00162457
3.349479	0.001798632
3.352813	0.001972693
3.356146	0.002146754
3.359479	0.002291805
3.362813	0.002407846
3.366146	0.002494876
3.369479	0.002581907
3.372813	0.002639927
3.376146	0.002668937
3.379479	0.002668937
3.382813	0.002668937
3.386146	0.002639927
3.389479	0.002610917
3.392812	0.002581907
3.396146	0.002552896
3.399479	0.002494876
3.402812	0.002436856
3.406146	0.002349825
3.409479	0.002291805
3.412812	0.002233784
3.416146	0.002146754
3.419479	0.002117744
3.422812	0.002059723
3.426146	0.002059723
3.429479	0.002059723
3.432812	0.002088734
3.436146	0.002117744
3.439479	0.002146754
3.442812	0.002204774
3.446146	0.002262795
3.449479	0.002320815
3.452812	0.002378835
3.456146	0.002436856
3.459479	0.002494876
3.462812	0.002523886
3.466146	0.002581907
3.469479	0.002610917
3.472812	0.002639927
3.476146	0.002668937
3.479479	0.002697947
3.482812	0.002697947
3.486146	0.002668937
3.489479	0.002610917
3.492812	0.002552896
3.496146	0.002465866
3.499479	0.002349825
3.502812	0.002204774
3.506146	0.002088734
3.509479	0.001943683
3.512813	0.001856652
3.516146	0.001827642
3.519479	0.001827642
3.522813	0.001856652
3.526146	0.001972693
3.529479	0.002088734
3.532813	0.002262795
3.536146	0.002407846
3.539479	0.002552896
3.542813	0.002668937
3.546146	0.002726958
3.549479	0.002755968
3.552813	0.002755968
3.556146	0.002697947
3.559479	0.002639927
3.562813	0.002523886
3.566146	0.002436856
3.569479	0.002320815
3.572813	0.002233784
3.576146	0.002146754
3.579479	0.002088734
3.582813	0.002030713
3.586146	0.002001703
3.589479	0.001972693
3.592813	0.002001703
3.596146	0.002030713
3.599479	0.002117744
3.602813	0.002204774
3.606146	0.002320815
3.609479	0.002436856
3.612813	0.002581907
3.616146	0.002726958
3.619479	0.002872009
3.622813	0.002988049
3.626146	0.00307508
3.629479	0.00310409
3.632813	0.0031331
3.636146	0.00316211
3.639479	0.0031331
3.642812	0.00307508
3.646146	0.003017059
3.649479	0.002930029
3.652812	0.002872009
3.656146	0.002784978
3.659479	0.002697947
3.662812	0.002668937
3.666146	0.002639927
3.669479	0.002639927
3.672812	0.002697947
3.676146	0.002784978
3.679479	0.002901019
3.682812	0.00307508
3.686146	0.003249141
3.689479	0.003394192
3.692812	0.003539243
3.696146	0.003626273
3.699479	0.003655284
3.702812	0.003626273
3.706146	0.003568253
3.709479	0.003452212
3.712812	0.003336171
3.716146	0.003191121
3.719479	0.00307508
3.722812	0.002959039
3.726146	0.002901019
3.729479	0.002872009
3.732812	0.002872009
3.736146	0.002901019
3.739479	0.002959039
3.742812	0.003017059
3.746146	0.00310409
3.749479	0.00316211
3.752812	0.003220131
3.756146	0.003249141
3.759479	0.003249141
3.762813	0.003249141
3.766146	0.003191121
3.769479	0.0031331
3.772813	0.00307508
3.776146	0.003017059
3.779479	0.002959039
3.782813	0.002959039
3.786146	0.003017059
3.789479	0.00307508
3.792813	0.003191121
3.796146	0.003336171
3.799479	0.003539243
3.802813	0.003800334
3.806146	0.004090436
3.809479	0.004409548
3.812813	0.004786681
3.816146	0.005192823
3.819479	0.005598966
3.822813	0.006063129
3.826146	0.006527292
3.829479	0.006991455
3.832813	0.007426608
3.836146	0.007890771
3.839479	0.008296914
3.842813	0.008732066
3.846146	0.009167219
3.849479	0.009660392
3.852813	0.01018258
3.856146	0.01079179
3.859479	0.01145902
3.862813	0.0122423
3.866146	0.0131126
3.869479	0.01406994
3.872813	0.01514332
3.876146	0.01627471
3.879479	0.01749314
3.882813	0.01876959
3.886146	0.02013307
3.889479	0.02152556
3.892812	0.02297607
3.896146	0.02451361
3.899479	0.02608016
3.902812	0.02773374
3.906146	0.02938732
3.909479	0.03109892
3.912812	0.03283953
3.916146	0.03460915
3.919479	0.03637877
3.922812	0.0381774
3.926146	0.03997603
3.929479	0.04180368
3.932812	0.04366033
3.936146	0.04554599
3.939479	0.04748968
3.942812	0.04949138
3.946146	0.05152209
3.949479	0.05363984
3.952812	0.05575758
3.956146	0.05793334
3.959479	0.06010911
3.962812	0.06228487
3.966146	0.06443162
3.969479	0.06657837
3.972812	0.06872513
3.976146	0.07084287
3.979479	0.07296062
3.982812	0.07513638
3.986146	0.07734115
3.989479	0.07963296
3.992812	0.08206982
3.996146	0.08465173
3.999479	0.08737868
4.002812	0.09033772
4.006146	0.09347082
4.009479	0.09680699
4.012813	0.1003462
4.016146	0.1040595
4.019479	0.1079469
4.022812	0.1120083
4.026146	0.1162148
4.029479	0.1206244
4.032813	0.1251789
4.036146	0.1299076
4.039479	0.1348393
4.042812	0.1399741
4.046146	0.145312
4.049479	0.150853
4.052813	0.156597
4.056146	0.1624861
4.059479	0.1685202
4.062812	0.1746413
4.066146	0.1808205
4.069479	0.1870287
4.072813	0.1931788
4.076146	0.199242
4.079479	0.20516
4.082812	0.210875
4.086146	0.216387
4.089479	0.2216088
4.092813	0.2265696
4.096146	0.2311532
4.099479	0.2354467
4.102812	0.239363
4.106146	0.2429603
4.109479	0.2461804
4.112813	0.2490814
4.116146	0.2516634
4.119479	0.2538681
4.122812	0.2557248
4.126146	0.2571753
4.129479	0.2582487
4.132813	0.2588579
4.136146	0.2590029
4.139479	0.2586258
4.142813	0.2577555
4.146146	0.256363
4.149479	0.2544483
4.152812	0.2520115
4.156146	0.2491105
4.159479	0.2457453
4.162813	0.242003
4.166146	0.2378835
4.169479	0.233416
4.172812	0.2286873
4.176146	0.2236975
4.179479	0.2184757
4.182813	0.2130798
4.186146	0.2075679
4.189479	0.2019399
4.192812	0.1962249
4.196146	0.1905099
4.199479	0.1847659
4.202813	0.1790509
4.206146	0.1733649
4.209479	0.1677079
4.212812	0.1621379
4.216146	0.156597
4.219479	0.1511141
4.222813	0.1456891
4.226146	0.1403223
4.229479	0.1350714
4.232812	0.1299366
4.236146	0.1249759
4.239479	0.1201892
4.242813	0.1156346
4.246146	0.1113411
4.249479	0.1072507
4.252812	0.1034213
4.256146	0.09985306
4.259479	0.09645887
4.262813	0.09326775
4.266146	0.09025069
4.269479	0.08740769
4.272812	0.08468074
4.276146	0.08212784
4.279479	0.07974901
4.282813	0.07751521
4.286146	0.07545549
4.289479	0.07356983
4.292812	0.07185823
4.296146	0.0703497
4.299479	0.06904424
4.302813	0.06788383
4.306146	0.06686848
4.309479	0.06596916
4.312812	0.06518589
4.316146	0.06451865
4.319479	0.06390944
4.322813	0.06335824
4.326146	0.06286507
4.329479	0.06245893
4.332812	0.0620818
4.336146	0.06182071
4.339479	0.06164665
4.342813	0.06153061
4.346146	0.0615016
4.349479	0.06153061
4.352812	0.06161764
4.356146	0.06167566
4.359479	0.06173368
4.362813	0.06176269
4.366146	0.06170467
4.369479	0.06161764
4.372812	0.06144358
4.376146	0.06121149
4.379479	0.06097941
4.382813	0.06071832
4.386146	0.06045723
4.389479	0.06022515
4.392813	0.05999307
4.396146	0.05978999
4.399479	0.05955791
4.402812	0.05929682
4.406146	0.05900672
4.409479	0.0586586
4.412813	0.05822344
4.416146	0.05775928
4.419479	0.0572371
4.422812	0.0566859
4.426146	0.0561057
4.429479	0.0555255
4.432813	0.05494529
4.436146	0.0543941
4.439479	0.05387192
4.442812	0.05334973
4.446146	0.05285656
4.449479	0.05236339
4.452813	0.05187021
4.456146	0.05137704
4.459479	0.05094189
4.462812	0.05053575
4.466146	0.05015861
4.469479	0.04986851
4.472813	0.04963643
4.476146	0.04946237
4.479479	0.04937534
4.482812	0.04934633
4.486146	0.04943336
4.489479	0.04960742
4.492813	0.04989752
4.496146	0.05027465
4.499479	0.05082585
4.502812	0.0515511
4.506146	0.05247943
4.509479	0.05361083
4.512813	0.0549743
4.516146	0.05656986
4.519479	0.05842652
4.522812	0.06057327
4.526146	0.06303913
4.529479	0.06585312
4.532813	0.06904424
4.536146	0.07269952
4.539479	0.07684798
4.542812	0.08160566
4.546146	0.08705957
4.549479	0.09329676
4.552813	0.1004913
4.556146	0.1087882
4.559479	0.1183616
4.562812	0.1294725
4.566146	0.142324
4.569479	0.1572352
4.572813	0.1745253
4.576146	0.1946003
4.579479	0.2178955
4.582812	0.244875
4.586146	0.2761189
4.589479	0.3122657
4.592813	0.3540693
4.596146	0.4023713
4.599479	0.4581289
4.602812	0.5224154
4.606146	0.5964784
4.609479	0.6816524
4.612813	0.7794457
4.616146	0.8915411
4.619479	1.019737
4.622812	1.166006
4.626146	1.332496
4.629479	1.521526
4.632813	1.73565
4.636146	1.977566
4.639479	2.250233
4.642813	2.556842
4.646146	2.900845
4.649479	3.285839
4.652812	3.715712
4.656146	4.194467
4.659479	4.726252
4.662813	5.315363
4.666146	5.966177
4.669479	6.683193
4.672812	7.470848
4.676146	8.333727
4.679479	9.276442
4.682813	10.30358
4.686146	11.41966
4.689479	12.62912
4.692812	13.9362
4.696146	15.34471
4.699479	16.85802
4.702813	18.47902
4.706146	20.20986
4.709479	22.05204
4.712812	24.00616
4.716146	26.07206
4.719479	28.2487
4.722813	30.53421
4.726146	32.92589
4.729479	35.41996
4.732812	38.01155
4.736146	40.69468
4.739479	43.46193
4.742813	46.30464
4.746146	49.21279
4.749479	52.17494
4.752812	55.1783
4.756146	58.20897
4.759479	61.25205
4.762813	64.29182
4.766146	67.31204
4.769479	70.296
4.772812	73.22664
4.776146	76.08664
4.779479	78.85862
4.782813	81.52533
4.786146	84.0697
4.789479	86.47499
4.792812	88.7251
4.796146	90.80467
4.799479	92.69935
4.802813	94.39619
4.806146	95.88372
4.809479	97.15216
4.812812	98.19365
4.816146	99.00219
4.819479	99.57378
4.822813	99.90638
4.826146	100
4.829479	99.85649
4.832812	99.47953
4.836146	98.87449
4.839479	98.04831
4.842813	97.00928
4.846146	95.76715
4.849479	94.33286
4.852812	92.7185
4.856146	90.93725
4.859479	89.00305
4.862813	86.93065
4.866146	84.7353
4.869479	82.43268
4.872812	80.03853
4.876146	77.56848
4.879479	75.0378
4.882813	72.46118
4.886146	69.85258
4.889479	67.22533
4.892813	64.59193
4.896146	61.96419
4.899479	59.35299
4.902812	56.76855
4.906146	54.2203
4.909479	51.71687
4.912813	49.26609
4.916146	46.87492
4.919479	44.54923
4.922812	42.29401
4.926146	40.11314
4.929479	38.00964
4.932813	35.98568
4.936146	34.04273
4.939479	32.18155
4.942812	30.40236
4.946146	28.70485
4.949479	27.08841
4.952813	25.55206
4.956146	24.09441
4.959479	22.71379
4.962812	21.40813
4.966146	20.17513
4.969479	19.0122
4.972813	17.9166
4.976146	16.88544
4.979479	15.91577
4.982812	15.00459
4.986146	14.14896
4.989479	13.34596
4.992813	12.59283
4.996146	11.88678
4.999479	11.22517
5.002812	10.6054
5.006146	10.02496
5.009479	9.481399
5.012813	8.972357
5.016146	8.495633
5.019479	8.049079
5.022812	7.630665
5.026146	7.238535
5.029479	6.870889
5.032813	6.526103
5.036146	6.202668
5.039479	5.899135
5.042812	5.614196
5.046146	5.346607
5.049479	5.095175
5.052813	4.8588
5.056146	4.636524
5.059479	4.427389
5.062812	4.230497
5.066146	4.045093
5.069479	3.870394
5.072813	3.70579
5.076146	3.550644
5.079479	3.404345
5.082812	3.266431
5.086146	3.136349
5.089479	3.013636
5.092813	2.897857
5.096146	2.788575
5.099479	2.685415
5.102812	2.587999
5.106146	2.496008
5.109479	2.409093
5.112813	2.327052
5.116146	2.249595
5.119479	2.17646
5.122812	2.107474
5.126146	2.042375
5.129479	1.980989
5.132813	1.923143
5.136146	1.868604
5.139479	1.817198
5.142813	1.768809
5.146146	1.723205
5.149479	1.680328
5.152812	1.640033
5.156146	1.602204
5.159479	1.566753
5.162813	1.533537
5.166146	1.502496
5.169479	1.473514
5.172812	1.446535
5.176146	1.42147
5.179479	1.398204
5.182813	1.376649
5.186146	1.356719
5.189479	1.338327
5.192812	1.321414
5.196146	1.305865
5.199479	1.291592
5.202813	1.278566
5.206146	1.266643
5.209479	1.255793
5.212812	1.245959
5.216146	1.237023
5.219479	1.22893
5.222813	1.22159
5.226146	1.214918
5.229479	1.208855
5.232812	1.203256
5.236146	1.198121
5.239479	1.193334
5.242813	1.188808
5.246146	1.184515
5.249479	1.180395
5.252812	1.176392
5.256146	1.172447
5.259479	1.168501
5.262813	1.164527
5.266146	1.160465
5.269479	1.156288
5.272812	1.151907
5.276146	1.147324
5.279479	1.14245
5.282813	1.137315
5.286146	1.131861
5.289479	1.126059
5.292812	1.119938
5.296146	1.113469
5.299479	1.106681
5.302813	1.099544
5.306146	1.092117
5.309479	1.084372
5.312812	1.076307
5.316146	1.067981
5.319479	1.059394
5.322813	1.050488
5.326146	1.04135
5.329479	1.031921
5.332812	1.022232
5.336146	1.012281
5.339479	1.002128
5.342813	0.9917132
5.346146	0.9810664
5.349479	0.9702456
5.352812	0.9592218
5.356146	0.9480529
5.359479	0.9367389
5.362813	0.9253089
5.366146	0.9137629
5.369479	0.9021588
5.372812	0.8905257
5.376146	0.8788346
5.379479	0.8671435
5.382813	0.8554524
5.386146	0.8437903
5.389479	0.8321862
5.392813	0.8206402
5.396146	0.8091521
5.399479	0.7977511
5.402812	0.7864372
5.406146	0.7752102
5.409479	0.7640703
5.412813	0.7529884
5.416146	0.7420226
5.419479	0.7311437
5.422812	0.720381
5.426146	0.7097052
5.429479	0.6991455
5.432813	0.6887018
5.436146	0.6783742
5.439479	0.6681626
5.442812	0.6580381
5.446146	0.6480006
5.449479	0.6380501
5.452813	0.6281576
5.456146	0.6182651
5.459479	0.6084307
5.462812	0.5985962
5.466146	0.5888197
5.469479	0.5791013
5.472813	0.5694699
5.476146	0.5599256
5.479479	0.5504973
5.482812	0.541214
5.486146	0.5321048
5.489479	0.5231407
5.492813	0.5143216
5.496146	0.5056475
5.499479	0.4970895
5.502812	0.4886185
5.506146	0.4802636
5.509479	0.4720247
5.512813	0.4638729
5.516146	0.4558371
5.519479	0.4479173
5.522812	0.4400555
5.526146	0.4322808
5.529479	0.4245641
5.532813	0.4169054
5.536146	0.4093047
5.539479	0.4017331
5.542812	0.3942194
5.546146	0.3867638
5.549479	0.3793952
5.552813	0.3721137
5.556146	0.3649772
5.559479	0.3580147
5.562812	0.3511683
5.566146	0.344496
5.569479	0.3379397
5.572813	0.3315284
5.576146	0.3252332
5.579479	0.318996
5.582812	0.3128459
5.586146	0.3067537
5.589479	0.3007196
5.592813	0.2947435
5.596146	0.2888254
5.599479	0.2829653
5.602812	0.2771923
5.606146	0.2714773
5.609479	0.2658783
5.612813	0.2603374
5.616146	0.2548835
5.619479	0.2495166
5.622812	0.2442658
5.626146	0.239102
5.629479	0.2340252
5.632813	0.2290354
5.636146	0.2241907
5.639479	0.2194621
5.642813	0.2148494
5.646146	0.2103529
5.649479	0.2059723
5.652812	0.2016788
5.656146	0.1974433
5.659479	0.1932949
5.662813	0.1891754
5.666146	0.185143
5.669479	0.1811686
5.672812	0.1772232
5.676146	0.1733649
5.679479	0.1695645
5.682813	0.1658512
5.686146	0.162283
5.689479	0.1587728
5.692812	0.1553786
5.696146	0.1520714
5.699479	0.1488803
5.702813	0.1457472
5.706146	0.1427301
5.709479	0.1397711
5.712812	0.1368701
5.716146	0.1340561
5.719479	0.1312711
5.722813	0.1285151
5.726146	0.1258462
5.729479	0.1232353
5.732812	0.1206824
5.736146	0.1181875
5.739479	0.1157506
5.742813	0.1134298
5.746146	0.111167
5.749479	0.1089913
5.752812	0.1068735
5.756146	0.1048138
5.759479	0.1028121
5.762813	0.1008394
5.766146	0.09889573
5.769479	0.09701007
5.772812	0.0951244
5.776146	0.09326775
5.779479	0.09144011
5.782813	0.08964148
5.786146	0.08790087
5.789479	0.08618927
5.792812	0.08453569
5.796146	0.08294013
5.799479	0.08137358
5.802813	0.07989406
5.806146	0.07844355
5.809479	0.07705105
5.812812	0.07574559
5.816146	0.07449815
5.819479	0.07330874
5.822813	0.07217734
5.826146	0.07110396
5.829479	0.0700596
5.832812	0.06907325
5.836146	0.06814492
5.839479	0.06724561
5.842813	0.06634629
5.846146	0.06547599
5.849479	0.06463469
5.852812	0.0637934
5.856146	0.06298111
5.859479	0.06216883
5.862813	0.06135654
5.866146	0.06054426
5.869479	0.05973197
5.872812	0.05891969
5.876146	0.0581074
5.879479	0.05729512
5.882813	0.05648283
5.886146	0.05567055
5.889479	0.05482925
5.892813	0.05401697
5.896146	0.05323369
5.899479	0.05247943
5.902812	0.05178318
5.906146	0.05111595
5.909479	0.05050674
5.912813	0.04992653
5.916146	0.04937534
5.919479	0.04885316
5.922812	0.04830196
5.926146	0.04775077
5.929479	0.04717056
5.932813	0.04656135
5.936146	0.04592313
5.939479	0.0452849
5.942812	0.04464668
5.946146	0.04403746
5.949479	0.04345726
5.952813	0.04290607
5.956146	0.04241289
5.959479	0.04191972
5.962812	0.04145556
5.966146	0.04104942
5.969479	0.04064327
5.972813	0.04026614
5.976146	0.03991801
5.979479	0.03962791
5.982812	0.03933781
5.986146	0.03907672
5.989479	0.03881563
5.992813	0.03858355
5.996146	0.03835146
5.999479	0.03811938
6.002812	0.03782928
6.006146	0.03751017
6.009479	0.03716205
6.012813	0.03678491
6.016146	0.03637877
6.019479	0.03597263
6.022812	0.03556649
6.026146	0.03518935
6.029479	0.03481222
6.032813	0.0344641
6.036146	0.03414499
6.039479	0.03382588
6.042812	0.03353577
6.046146	0.03327468
6.049479	0.03301359
6.052813	0.0327525
6.056146	0.03249141
6.059479	0.03220131
6.062812	0.03194022
6.066146	0.03170813
6.069479	0.03147605
6.072813	0.03130199
6.076146	0.03112793
6.079479	0.03098288
6.082812	0.03083783
6.086146	0.03069278
6.089479	0.03054773
6.092813	0.03037367
6.096146	0.03022861
6.099479	0.03005455
6.102812	0.02988049
6.106146	0.02964841
6.109479	0.02944534
6.112813	0.02924227
6.116146	0.0290392
6.119479	0.02883613
6.122812	0.02863305
6.126146	0.02842998
6.129479	0.02822691
6.132813	0.02802384
6.136146	0.02782077
6.139479	0.0276177
6.142813	0.02744364
6.146146	0.02726958
6.149479	0.0270665
6.152812	0.02689244
6.156146	0.02674739
6.159479	0.02657333
6.162813	0.02642828
6.166146	0.02628323
6.169479	0.02616719
6.172812	0.02605115
6.176146	0.02593511
6.179479	0.02581907
6.182813	0.02573204
6.186146	0.025616
6.189479	0.02552896
6.192812	0.02538391
6.196146	0.02526787
6.199479	0.02509381
6.202813	0.02491975
6.206146	0.02471668
6.209479	0.0244846
6.212812	0.02428153
6.216146	0.02407846
6.219479	0.02387538
6.222813	0.02370132
6.226146	0.02355627
6.229479	0.02346924
6.232812	0.02338221
6.236146	0.0233532
6.239479	0.0233532
6.242813	0.0233532
6.246146	0.02332419
6.249479	0.02332419
6.252812	0.02329518
6.256146	0.02326617
6.259479	0.02323716
6.262813	0.02317914
6.266146	0.02312112
6.269479	0.02312112
6.272812	0.02312112
6.276146	0.02317914
6.279479	0.02323716
6.282813	0.02329518
6.286146	0.0233532
6.289479	0.02344023
6.292812	0.02349825
6.296146	0.02349825
6.299479	0.02349825
6.302813	0.02344023
6.306146	0.02338221
6.309479	0.02329518
6.312812	0.02320815
6.316146	0.02315013
6.319479	0.0230631
6.322813	0.02303409
6.326146	0.02300508
6.329479	0.02300508
6.332812	0.02303409
6.336146	0.02312112
6.339479	0.02320815
6.342813	0.0233532
6.346146	0.02352726
6.349479	0.02373033
6.352812	0.0239334
6.356146	0.02413648
6.359479	0.02431054
6.362813	0.0244846
6.366146	0.02460064
6.369479	0.02471668
6.372812	0.0247747
6.376146	0.02483272
6.379479	0.02483272
6.382813	0.02486173
6.386146	0.02489074
6.389479	0.02491975
6.392813	0.02497777
6.396146	0.0250648
6.399479	0.02515183
6.402812	0.02526787
6.406146	0.02541292
6.409479	0.02558699
6.412813	0.02579006
6.416146	0.02605115
6.419479	0.02631224
6.422812	0.02663135
6.426146	0.02697947
6.429479	0.0273276
6.432813	0.02767572
6.436146	0.02802384
6.439479	0.02834295
6.442812	0.02866206
6.446146	0.02892316
6.449479	0.02921326
6.452813	0.02944534
6.456146	0.02967742
6.459479	0.0299095
6.462812	0.03014158
6.466146	0.03037367
6.469479	0.03063476
6.472813	0.03092486
6.476146	0.03124397
6.479479	0.03156308
6.482812	0.03191121
6.486146	0.03228834
6.489479	0.03269448
6.492813	0.03312963
6.496146	0.0336228
6.499479	0.03408697
6.502812	0.03458014
6.506146	0.03507331
6.509479	0.03553748
6.512813	0.03600164
6.516146	0.03643679
6.519479	0.03684293
6.522812	0.03722007
6.526146	0.03756819
6.529479	0.03791631
6.532813	0.03829344
6.536146	0.03864157
6.539479	0.0390187
6.542812	0.03942484
6.546146	0.03983098
6.549479	0.04023713
6.552813	0.04064327
6.556146	0.04102041
6.559479	0.04136853
6.562812	0.04171665
6.566146	0.04203576
6.569479	0.04232586
6.572813	0.04261597
6.576146	0.04290607
6.579479	0.04316716
6.582812	0.04345726
6.586146	0.04374736
6.589479	0.04403746
6.592813	0.04432757
6.596146	0.04455965
6.599479	0.04479173
6.602812	0.04496579
6.606146	0.04513985
6.609479	0.0452849
6.612813	0.04542995
6.616146	0.045575
6.619479	0.04572006
6.622812	0.04589412
6.626146	0.04606818
6.629479	0.04627125
6.632813	0.04650333
6.636146	0.0467064
6.639479	0.04690947
6.642813	0.04708353
6.646146	0.04725759
6.649479	0.04737364
6.652812	0.04748968
6.656146	0.0475477
6.659479	0.0475477
6.662813	0.04751869
6.666146	0.04748968
6.669479	0.04740265
6.672812	0.04728661
6.676146	0.04717056
6.679479	0.04705452
6.682813	0.04693848
6.686146	0.04685145
6.689479	0.04679343
6.692812	0.04673541
6.696146	0.0467064
6.699479	0.04667739
6.702813	0.04664838
6.706146	0.04664838
6.709479	0.04659036
6.712812	0.04650333
6.716146	0.04638729
6.719479	0.04624224
6.722813	0.04606818
6.726146	0.04589412
6.729479	0.04569104
6.732812	0.04554599
6.736146	0.04542995
6.739479	0.04540094
6.742813	0.04542995
6.746146	0.04551698
6.749479	0.04566203
6.752812	0.04586511
6.756146	0.04606818
6.759479	0.04630026
6.762813	0.04653234
6.766146	0.0467064
6.769479	0.04688046
6.772812	0.0469965
6.776146	0.04711254
6.779479	0.04717056
6.782813	0.04722858
6.786146	0.04728661
6.789479	0.04734463
6.792812	0.04743166
6.796146	0.04751869
6.799479	0.04763473
6.802813	0.04775077
6.806146	0.04786681
6.809479	0.04801186
6.812812	0.04818592
6.816146	0.04833097
6.819479	0.04850503
6.822813	0.04862107
6.826146	0.04873711
6.829479	0.04879513
6.832812	0.04876612
6.836146	0.04865008
6.839479	0.04847602
6.842813	0.04815691
6.846146	0.04777978
6.849479	0.04728661
6.852812	0.04673541
6.856146	0.0461262
6.859479	0.04545896
6.862813	0.04479173
6.866146	0.04412449
6.869479	0.04342825
6.872812	0.04273201
6.876146	0.04203576
6.879479	0.04136853
6.882813	0.04067228
6.886146	0.04000505
6.889479	0.03933781
6.892813	0.03867058
6.896146	0.03803235
6.899479	0.03742314
6.902812	0.03681392
6.906146	0.03623372
6.909479	0.03568253
6.912813	0.03518935
6.916146	0.03469618
6.919479	0.03423202
6.922812	0.03376786
6.926146	0.0333327
6.929479	0.03292656
6.932813	0.03257844
6.936146	0.03225933
6.939479	0.03199824
6.942812	0.03182417
6.946146	0.03167912
6.949479	0.03165011
6.952813	0.03167912
6.956146	0.03179516
6.959479	0.03196923
6.962812	0.03220131
6.966146	0.0324624
6.969479	0.0327525
6.972813	0.0330426
6.976146	0.03336171
6.979479	0.03370983
6.982812	0.03402895
6.986146	0.03437707
6.989479	0.03469618
6.992813	0.0350443
6.996146	0.03539243
6.999479	0.03574055
7.002812	0.03608867
7.006146	0.03640778
7.009479	0.03672689
7.012813	0.03704601
7.016146	0.03736512
7.019479	0.03768423
7.022812	0.03806136
7.026146	0.0384385
7.029479	0.03887365
7.032813	0.03933781
7.036146	0.03983098
7.039479	0.04035317
7.042812	0.04084634
7.046146	0.04131051
7.049479	0.04168764
7.052813	0.04194873
7.056146	0.04212279
7.059479	0.04218081
7.062812	0.04212279
7.066146	0.04197774
7.069479	0.04180368
7.072813	0.0415716
7.076146	0.04133952
7.079479	0.04113645
7.082812	0.04096238
7.086146	0.04084634
7.089479	0.0407303
7.092813	0.04067228
7.096146	0.04061426
7.099479	0.04055624
7.102812	0.04046921
7.106146	0.04041119
7.109479	0.04032416
7.112813	0.04023713
7.116146	0.04012109
7.119479	0.04000505
7.122812	0.03991801
7.126146	0.03980197
7.129479	0.03971494
7.132813	0.03962791
7.136146	0.03954088
7.139479	0.03945385
7.142813	0.03933781
7.146146	0.03919276
7.149479	0.03904771
7.152812	0.03887365
7.156146	0.03867058
7.159479	0.0384385
7.162813	0.03820641
7.166146	0.03797433
7.169479	0.03771324
7.172812	0.03745215
7.176146	0.03716205
7.179479	0.03692997
7.182813	0.03669788
7.186146	0.0364658
7.189479	0.03629174
7.192812	0.03614669
7.196146	0.03605966
7.199479	0.03600164
7.202813	0.03597263
7.206146	0.03597263
7.209479	0.03597263
7.212812	0.03597263
7.216146	0.03594362
7.219479	0.03591461
7.222813	0.03582758
7.226146	0.03574055
7.229479	0.03565352
7.232812	0.03553748
7.236146	0.03542144
7.239479	0.03533441
7.242813	0.03524737
7.246146	0.03516034
7.249479	0.03510232
7.252812	0.03498628
7.256146	0.03489925
7.259479	0.0347542
7.262813	0.03460915
7.266146	0.03443509
7.269479	0.03426103
7.272812	0.03411598
7.276146	0.03394192
7.279479	0.03382588
7.282813	0.03370983
7.286146	0.03365181
7.289479	0.0336228
7.292812	0.03359379
7.296146	0.03359379
7.299479	0.03353577
7.302813	0.03350676
7.306146	0.03341973
7.309479	0.0333327
7.312812	0.03321666
7.316146	0.03310062
7.319479	0.03298458
7.322813	0.03286854
7.326146	0.0327525
7.329479	0.03266547
7.332812	0.03260745
7.336146	0.03257844
7.339479	0.03257844
7.342813	0.03257844
7.346146	0.03257844
7.349479	0.03257844
7.352812	0.03257844
7.356146	0.03260745
7.359479	0.03260745
7.362813	0.03263646
7.366146	0.03266547
7.369479	0.03269448
7.372812	0.0327525
7.376146	0.03281052
7.379479	0.03286854
7.382813	0.03295557
7.386146	0.03301359
7.389479	0.03310062
7.392813	0.03315864
7.396146	0.03324567
7.399479	0.0333327
7.402812	0.03341973
7.406146	0.03353577
7.409479	0.0336228
7.412813	0.03370983
7.416146	0.03379687
7.419479	0.0338839
7.422812	0.03391291
7.426146	0.03394192
7.429479	0.03397093
7.432813	0.03394192
7.436146	0.03394192
7.439479	0.03391291
7.442812	0.03391291
7.446146	0.0338839
7.449479	0.03385489
7.452813	0.03379687
7.456146	0.03373885
7.459479	0.0336228
7.462812	0.03347775
7.466146	0.03327468
7.469479	0.03301359
7.472813	0.03272349
7.476146	0.03237537
7.479479	0.03199824
7.482812	0.03159209
7.486146	0.03115694
7.489479	0.03072179
7.492813	0.03025762
7.496146	0.02982247
7.499479	0.02935831
7.502812	0.02889415
7.506146	0.02842998
7.509479	0.02796582
7.512813	0.02753067
7.516146	0.02712452
7.519479	0.02671838
7.522812	0.02634125
7.526146	0.02602214
7.529479	0.02570303
7.532813	0.02544193
7.536146	0.02520985
7.539479	0.02503579
7.542812	0.02489074
7.546146	0.02474569
7.549479	0.02462965
7.552813	0.0244846
7.556146	0.02433955
7.559479	0.0241945
7.562812	0.02402044
7.566146	0.02384637
7.569479	0.0236433
7.572813	0.02344023
7.576146	0.02323716
7.579479	0.02303409
7.582812	0.02283102
7.586146	0.02265696
7.589479	0.02245389
7.592813	0.02225081
7.596146	0.02204774
7.599479	0.02184467
7.602812	0.02161259
7.606146	0.0213515
7.609479	0.0210904
7.612813	0.02082931
7.616146	0.02056822
7.619479	0.02030713
7.622812	0.02007505
7.626146	0.01990099
7.629479	0.01975594
7.632813	0.0196399
7.636146	0.01958187
7.639479	0.01958187
7.642813	0.01961089
7.646146	0.01966891
7.649479	0.01975594
7.652812	0.01981396
7.656146	0.01984297
7.659479	0.01987198
7.662813	0.01987198
7.666146	0.01984297
7.669479	0.01978495
7.672812	0.01969792
7.676146	0.01961089
7.679479	0.01952385
7.682813	0.01943682
7.686146	0.0193788
7.689479	0.01934979
7.692812	0.01934979
7.696146	0.0193788
7.699479	0.01946583
7.702813	0.01958187
7.706146	0.01972693
7.709479	0.01984297
7.712812	0.01998802
7.716146	0.02010406
7.719479	0.02019109
7.722813	0.02024911
7.726146	0.02030713
7.729479	0.02036515
7.732812	0.02045218
7.736146	0.02053921
7.739479	0.02065525
7.742813	0.02082931
7.746146	0.02106139
7.749479	0.0213515
7.752812	0.02167061
7.756146	0.02204774
7.759479	0.02245389
7.762813	0.02288904
7.766146	0.02332419
7.769479	0.02373033
7.772812	0.02416549
7.776146	0.02454262
7.779479	0.02486173
7.782813	0.02515183
7.786146	0.02541292
7.789479	0.02564501
7.792812	0.02587709
7.796146	0.02610917
7.799479	0.02637026
7.802813	0.02663135
7.806146	0.02689244
7.809479	0.02718255
7.812812	0.02747265
7.816146	0.02770473
7.819479	0.02793681
7.822813	0.02808186
7.826146	0.02816889
7.829479	0.0281979
7.832812	0.0281979
7.836146	0.02811087
7.839479	0.02802384
7.842813	0.02787879
7.846146	0.02776275
7.849479	0.0276177
7.852812	0.02747265
7.856146	0.0273276
7.859479	0.02718255
7.862813	0.02703749
7.866146	0.02686343
7.869479	0.02666036
7.872812	0.02642828
7.876146	0.02613818
7.879479	0.02581907
7.882813	0.02544193
7.886146	0.02503579
7.889479	0.02460064
7.892813	0.02416549
7.896146	0.02370132
7.899479	0.02326617
7.902812	0.02286003
7.906146	0.0224829
7.909479	0.02210576
7.912813	0.02175764
7.916146	0.02138051
7.919479	0.02103238
7.922812	0.02062624
7.926146	0.02019109
7.929479	0.01972693
7.932813	0.01923375
7.936146	0.01874058
7.939479	0.0182184
7.942812	0.01772522
7.946146	0.01726106
7.949479	0.01688393
7.952813	0.01656482
7.956146	0.01633274
7.959479	0.01615867
7.962812	0.01601362
7.966146	0.01592659
7.969479	0.01581055
7.972813	0.01569451
7.976146	0.01554946
7.979479	0.0153754
7.982812	0.01514332
7.986146	0.01488223
7.989479	0.01462113
7.992813	0.01433103
7.996146	0.01409895
7.999479	0.01386687
8.002812	0.01363479
8.006145	0.01343172
8.00948	0.01322865
8.012813	0.01305458
8.016146	0.01285151
8.019479	0.01267745
8.022813	0.01247438
8.026146	0.01227131
8.029479	0.01209725
8.032812	0.01192319
8.036146	0.01180715
8.039479	0.0116911
8.042812	0.01163308
8.046145	0.01160407
8.049479	0.01157506
8.052813	0.01160407
8.056146	0.01163308
8.059479	0.01166209
8.062813	0.0116911
8.066146	0.01174913
8.069479	0.01174913
8.072812	0.01174913
8.076146	0.01172011
8.079479	0.01166209
8.082812	0.01157506
8.086145	0.01145902
8.089479	0.01134298
8.092813	0.01122694
8.096146	0.0111109
8.099479	0.01102387
8.102813	0.01093684
8.106146	0.01090783
8.109479	0.01084981
8.112812	0.01084981
8.116146	0.01087882
8.119479	0.01090783
8.122812	0.01093684
8.126145	0.01099486
8.129479	0.01102387
8.132813	0.01105288
8.136146	0.01105288
8.13948	0.01099486
8.142813	0.01090783
8.146146	0.01076278
8.149479	0.01055971
8.152813	0.01032763
8.156146	0.01006653
8.159479	0.009834453
8.162812	0.009602372
8.166146	0.009399301
8.169479	0.00928326
8.172812	0.009225239
8.176146	0.00925425
8.17948	0.00931227
8.182813	0.009457321
8.186146	0.009602372
8.189479	0.009718413
8.192813	0.009834453
8.196146	0.009921484
8.199479	0.009979504
8.202812	0.01000851
8.206146	0.01000851
8.209479	0.009979504
8.212812	0.01000851
8.216146	0.01006653
8.21948	0.01015357
8.222813	0.01026961
8.226146	0.01041466
8.229479	0.01058872
8.232813	0.01073377
8.236146	0.01087882
8.239479	0.01099486
8.242812	0.01105288
8.246146	0.01108189
8.249479	0.01108189
8.252812	0.01108189
8.256145	0.01108189
8.25948	0.01108189
8.262813	0.01113991
8.266146	0.01119793
8.269479	0.01125595
8.272813	0.01134298
8.276146	0.01143001
8.279479	0.01145902
8.282812	0.01148803
8.286146	0.01148803
8.289479	0.01145902
8.292812	0.01143001
8.296145	0.01137199
8.299479	0.01131397
8.302813	0.01125595
8.306146	0.01119793
8.309479	0.01113991
8.312813	0.01108189
8.316146	0.01105288
8.319479	0.01099486
8.322812	0.01096585
8.326146	0.01090783
8.329479	0.01087882
8.332812	0.01087882
8.336145	0.01090783
8.339479	0.01093684
8.342813	0.01096585
8.346146	0.01102387
8.349479	0.01105288
8.352813	0.01108189
8.356146	0.0111109
8.359479	0.0111109
8.362812	0.01105288
8.366146	0.01099486
8.369479	0.01093684
8.372812	0.01084981
8.376145	0.0108208
8.379479	0.01079179
8.382813	0.01079179
8.386146	0.0108208
8.38948	0.01090783
8.392813	0.01099486
8.396146	0.01108189
8.399479	0.01116892
8.402813	0.01122694
8.406146	0.01125595
8.409479	0.01122694
8.412812	0.0111109
8.416146	0.01093684
8.419479	0.01073377
8.422812	0.01050169
8.426146	0.0102406
8.42948	0.009950494
8.432813	0.009689402
8.436146	0.009399301
8.439479	0.009138209
8.442813	0.008906127
8.446146	0.008674046
8.449479	0.008470975
8.452812	0.008296914
8.456146	0.008122852
8.459479	0.007948791
8.462812	0.007832751
8.466146	0.00774572
8.46948	0.007687699
8.472813	0.007658689
8.476146	0.007629679
8.479479	0.007658689
8.482813	0.007687699
8.486146	0.00771671
8.489479	0.00777473
8.492812	0.00780374
8.496146	0.007832751
8.499479	0.007832751
8.502812	0.00780374
8.506145	0.00777473
8.50948	0.00774572
8.512813	0.007687699
8.516146	0.007629679
8.519479	0.007571658
8.522813	0.007484628
8.526146	0.007426608
8.529479	0.007339577
8.532812	0.007252546
8.536146	0.007165516
8.539479	0.007107496
8.542812	0.007049475
8.546145	0.007020465
8.549479	0.007020465
8.552813	0.007049475
8.556146	0.007078485
8.559479	0.007136506
8.562813	0.007194526
8.566146	0.007252546
8.569479	0.007252546
8.572812	0.007252546
8.576146	0.007223536
8.579479	0.007194526
8.582812	0.007107496
8.586145	0.007049475
8.589479	0.006962445
8.592813	0.006904424
8.596146	0.006846404
8.599479	0.006788383
8.602813	0.006788383
8.606146	0.006788383
8.609479	0.006817394
8.612812	0.006904424
8.616146	0.006991455
8.619479	0.007136506
8.622812	0.007339577
8.626145	0.007542648
8.629479	0.00777473
8.632813	0.008006812
8.636146	0.008209883
8.63948	0.008412954
8.642813	0.008587015
8.646146	0.008703056
8.649479	0.008761076
8.652813	0.008790087
8.656146	0.008761076
8.659479	0.008703056
8.662812	0.008587015
8.666146	0.008470975
8.669479	0.008296914
8.672812	0.008122852
8.676146	0.007948791
8.67948	0.00780374
8.682813	0.007658689
8.686146	0.007571658
8.689479	0.007484628
8.692813	0.007426608
8.696146	0.007426608
8.699479	0.007426608
8.702812	0.007455618
8.706146	0.007484628
8.709479	0.007484628
8.712812	0.007455618
8.716146	0.007368587
8.71948	0.007281557
8.722813	0.007136506
8.726146	0.006991455
8.729479	0.006846404
8.732813	0.006672343
8.736146	0.006527292
8.739479	0.006411251
8.742812	0.006324221
8.746146	0.00623719
8.749479	0.00617917
8.752812	0.00615016
8.756145	0.006092139
8.75948	0.006063129
8.762813	0.006034119
8.766146	0.005976099
8.769479	0.005947088
8.772813	0.005918078
8.776146	0.005889068
8.779479	0.005860058
8.782812	0.005889068
8.786146	0.005918078
8.789479	0.005976099
8.792812	0.006092139
8.796145	0.00620818
8.799479	0.006353231
8.802813	0.006498282
8.806146	0.006643333
8.809479	0.006759373
8.812813	0.006875414
8.816146	0.006933434
8.819479	0.006962445
8.822812	0.006962445
8.826146	0.006933434
8.829479	0.006875414
8.832812	0.006788383
8.836145	0.006701353
8.839479	0.006614323
8.842813	0.006527292
8.846146	0.006469272
8.849479	0.006411251
8.852813	0.006382241
8.856146	0.006353231
8.859479	0.006295211
8.862812	0.00623719
8.866146	0.006121149
8.869479	0.005976099
8.872812	0.005802037
8.876145	0.005598966
8.879479	0.005395895
8.882813	0.005163813
8.886146	0.004989752
8.88948	0.004844701
8.892813	0.004757671
8.896146	0.00472866
8.899479	0.00472866
8.902813	0.004757671
8.906146	0.004815691
8.909479	0.004873711
8.912812	0.004902721
8.916146	0.004902721
8.919479	0.004931732
8.922812	0.004902721
8.926146	0.004931732
8.92948	0.004931732
8.932813	0.004989752
8.936146	0.005076783
8.939479	0.005163813
8.942813	0.005279854
8.946146	0.005395895
8.949479	0.005482925
8.952812	0.005569956
8.956146	0.005598966
8.959479	0.005598966
8.962812	0.005569956
8.966146	0.005540946
8.96948	0.005482925
8.972813	0.005395895
8.976146	0.005337874
8.979479	0.005250844
8.982813	0.005192823
8.986146	0.005105793
8.989479	0.005047772
8.992812	0.004989752
8.996146	0.004931732
8.999479	0.004931732
9.002812	0.004931732
9.006145	0.005018762
9.00948	0.005134803
9.012813	0.005279854
9.016146	0.005511936
9.019479	0.005744017
9.022813	0.005947088
9.026146	0.00615016
9.029479	0.006295211
9.032812	0.006382241
9.036146	0.006353231
9.039479	0.0062662
9.042812	0.006121149
9.046145	0.005918078
9.049479	0.005685997
9.052813	0.005482925
9.056146	0.005337874
9.059479	0.005192823
9.062813	0.005105793
9.066146	0.005047772
9.069479	0.005018762
9.072812	0.004989752
9.076146	0.004960742
9.079479	0.004873711
9.082812	0.004786681
9.086145	0.00467064
9.089479	0.004554599
9.092813	0.004409548
9.096146	0.004264498
9.099479	0.004148457
9.102813	0.004032416
9.106146	0.003974396
9.109479	0.003916375
9.112812	0.003887365
9.116146	0.003858355
9.119479	0.003887365
9.122812	0.003916375
9.126145	0.003974396
9.129479	0.004032416
9.132813	0.004148457
9.136146	0.004235487
9.13948	0.004380538
9.142813	0.004525589
9.146146	0.00469965
9.149479	0.004902721
9.152813	0.005076783
9.156146	0.005221833
9.159479	0.005337874
9.162812	0.005424905
9.166146	0.005482925
9.169479	0.005482925
9.172812	0.005453915
9.176146	0.005395895
9.17948	0.005250844
9.182813	0.005076783
9.186146	0.004902721
9.189479	0.00469965
9.192813	0.004467569
9.196146	0.004235487
9.199479	0.004032416
9.202812	0.003829345
9.206146	0.003684294
9.209479	0.003597263
9.212812	0.003568253
9.216146	0.003597263
9.21948	0.003713304
9.222813	0.003858355
9.226146	0.004061426
9.229479	0.004264498
9.232813	0.004467569
9.236146	0.00464163
9.239479	0.004815691
9.242812	0.004931732
9.246146	0.004989752
9.249479	0.005018762
9.252812	0.004989752
9.256145	0.004931732
9.25948	0.004844701
9.262813	0.004757671
9.266146	0.00464163
9.269479	0.004496579
9.272813	0.004380538
9.276146	0.004206477
9.279479	0.004032416
9.282812	0.003858355
9.286146	0.003655284
9.289479	0.003452212
9.292812	0.003278151
9.296145	0.003191121
9.299479	0.0031331
9.302813	0.003191121
9.306146	0.003336171
9.309479	0.003568253
9.312813	0.003858355
9.316146	0.004148457
9.319479	0.004438559
9.322812	0.00469965
9.326146	0.004873711
9.329479	0.004989752
9.332812	0.004989752
9.336145	0.004960742
9.339479	0.004873711
9.342813	0.00472866
9.346146	0.00461262
9.349479	0.004525589
9.352813	0.004438559
9.356146	0.004380538
9.359479	0.004351528
9.362812	0.004322518
9.366146	0.004293508
9.369479	0.004264498
9.372812	0.004206477
9.376145	0.004148457
9.379479	0.004061426
9.382813	0.004003406
9.386146	0.003916375
9.38948	0.003887365
9.392813	0.003887365
9.396146	0.003916375
9.399479	0.003974396
9.402813	0.004061426
9.406146	0.004148457
9.409479	0.004235487
9.412812	0.004322518
9.416146	0.004322518
9.419479	0.004293508
9.422812	0.004206477
9.426146	0.004061426
9.42948	0.003887365
9.432813	0.003684294
9.436146	0.003452212
9.439479	0.003278151
9.442813	0.0031331
9.446146	0.00307508
9.449479	0.00310409
9.452812	0.003220131
9.456146	0.003452212
9.459479	0.003713304
9.462812	0.004061426
9.466146	0.004438559
9.46948	0.004844701
9.472813	0.005221833
9.476146	0.005569956
9.479479	0.005831048
9.482813	0.006063129
9.486146	0.00620818
9.489479	0.006295211
9.492812	0.006324221
9.496146	0.006295211
9.499479	0.00620818
9.502812	0.006063129
9.506145	0.005918078
9.50948	0.005715007
9.512813	0.005511936
9.516146	0.005279854
9.519479	0.005076783
9.522813	0.004844701
9.526146	0.00467064
9.529479	0.004525589
9.532812	0.004409548
9.536146	0.004351528
9.539479	0.004380538
9.542812	0.004438559
9.546145	0.004554599
9.549479	0.00472866
9.552813	0.004873711
9.556146	0.005018762
9.559479	0.005134803
9.562813	0.005221833
9.566146	0.005279854
9.569479	0.005279854
9.572812	0.005250844
9.576146	0.005163813
9.579479	0.005076783
9.582812	0.004931732
9.586145	0.004786681
9.589479	0.00464163
9.592813	0.004467569
9.596146	0.004293508
9.599479	0.004119446
9.602813	0.003945385
9.606146	0.003800334
9.609479	0.003655284
9.612812	0.003568253
9.616146	0.003510233
9.619479	0.003481222
9.622812	0.003510233
9.626145	0.003539243
9.629479	0.003568253
9.632813	0.003626273
9.636146	0.003713304
9.63948	0.003771324
9.642813	0.003858355
9.646146	0.003916375
9.649479	0.004003406
9.652813	0.004061426
9.656146	0.004119446
9.659479	0.004177467
9.662812	0.004206477
9.666146	0.004235487
9.669479	0.004235487
9.672812	0.004206477
9.676146	0.004177467
9.67948	0.004119446
9.682813	0.004061426
9.686146	0.003974396
9.689479	0.003858355
9.692813	0.003771324
9.696146	0.003655284
9.699479	0.003568253
9.702812	0.003510233
9.706146	0.003510233
9.709479	0.003510233
9.712812	0.003568253
9.716146	0.003655284
9.71948	0.003742314
9.722813	0.003858355
9.726146	0.003945385
9.729479	0.004032416
9.732813	0.004119446
9.736146	0.004148457
9.739479	0.004177467
9.742812	0.004206477
9.746146	0.004235487
9.749479	0.004264498
9.752812	0.004322518
9.756145	0.004380538
9.75948	0.004467569
9.762813	0.004554599
9.766146	0.00461262
9.769479	0.00464163
9.772813	0.00464163
9.776146	0.00458361
9.779479	0.004496579
9.782812	0.004322518
9.786146	0.004119446
9.789479	0.003887365
9.792812	0.003655284
9.796145	0.003394192
9.799479	0.003191121
9.802813	0.003017059
9.806146	0.002901019
9.809479	0.002872009
9.812813	0.002901019
9.816146	0.002988049
9.819479	0.0031331
9.822812	0.003307161
9.826146	0.003481222
9.829479	0.003655284
9.832812	0.003800334
9.836145	0.003916375
9.839479	0.003974396
9.842813	0.004003406
9.846146	0.004003406
9.849479	0.003945385
9.852813	0.003858355
9.856146	0.003771324
9.859479	0.003626273
9.862812	0.003481222
9.866146	0.003336171
9.869479	0.00316211
9.872812	0.003017059
9.876145	0.002842998
9.879479	0.002697947
9.882813	0.002581907
9.886146	0.002494876
9.88948	0.002436856
9.892813	0.002436856
9.896146	0.002465866
9.899479	0.002581907
9.902813	0.002726958
9.906146	0.002901019
9.909479	0.00307508
9.912812	0.003278151
9.916146	0.003423202
9.919479	0.003568253
9.922812	0.003655284
9.926146	0.003684294
9.92948	0.003684294
9.932813	0.003684294
9.936146	0.003626273
9.939479	0.003597263
9.942813	0.003539243
9.946146	0.003481222
9.949479	0.003423202
9.952812	0.003365182
9.956146	0.003278151
9.959479	0.00316211
9.962812	0.00304607
9.966146	0.002930029
9.96948	0.002813988
9.972813	0.002726958
9.976146	0.002668937
9.979479	0.002668937
9.982813	0.002697947
9.986146	0.002813988
9.989479	0.002930029
9.992812	0.00304607
9.996146	0.003191121
9.999479	0.003278151
}
[PEAK]
{
Peak ID	1
Peak Ref	1
Time	4.135153
Peak	3.782813	4.482812
Intensity	-1.788139e-07	4.10676e-05
Height	0.0005203629
AreaAbs	131.9139
Area %BP	0.005714064
Area %Total	0.005694541
Width	0.6999998
}
[PEAK]
{
Peak ID	2
Peak Ref	2
Time	4.825809
Peak	4.482812	6.322813
Intensity	-1.788139e-07	4.10676e-05
Height	0.2054402
AreaAbs	38476.37
Area %BP	1.666667
Area %Total	1.660972
Width	1.84
}
}
}
}
