[SAMPLE]
{
Sample	1
Well	2:B,2
FileName	
SampleID	20251201B-03B-RD01
SampleDescription	Aquired with Galaxy
Date	04-Feb-2026
Time	16:31:50 PRC
JobCode	
TaskCode	
UserName	Congcong_Liu2
LabName	Aquired with Galaxy
Instrument	BAD_L_22_523
Conditions	
Submitter	Mengting_Wang
SampleType	
Plate	
Method	
Process	Galaxy
MSTune	
MSMethod	
InletMethod	
PreRunMethod	
PostRunMethod	
SwitchMethod	
FractionMethod	
AcquisitionProcess	
AcquisitionProcessParameters	
AcquisitionProcessOptions	
InjectionVolume	25
ReportScheme	
SampleReportEnable	0
SampleReportFormat	
AnalysisTime	0
[COMPOUND]
{
;Mono Mass	Formula
}
[FUNCTION]
{
Function	1
IonMode	ES+
Type	MS
Description	(0:0)
[SPECTRUM]
{
ProcDesc	0.00:Combine
State	OK
Peak ID	0
Peak Ref	0
Time	0
TIC	0
BPI	0
BPM	0
Continuum	FALSE
Saved	FALSE
[MASSES]
{
;Mass	Exp. Mass	Obs. Mass	% BPI	Int. Abs
}
[RESULTS]
{
;Mass	Found	% BPI	% Purity
}
[MS]
{
;Mass	% BPI
0	0
}
}
[CHROMATOGRAM]
{
TraceNumber	1
Description	scroll down chrom view to see 2D LC chrom
ProcDesc	
MaxIntensity	0
[TRACE]
{
0	0
}
[PEAK]
{
Peak ID	0
Peak Ref	0
Time	0
Peak	0
Intensity	0	0
Height	0
AreaAbs	0
Area %BP	0
Area %Total	0
}
}
}
[FUNCTION]
{
Function	0
Description	ANALOG
[CHROMATOGRAM]
{
TraceNumber	2
Description	LC
ProcDesc	Result Id:2236, VWD: Signal A, 280 nm
MaxIntensity	0.2888664
[TRACE]
{
;Time	Int. %Max
0.002604167	0.005406104
0.0059375	0.005426738
0.009270833	0.005447372
0.01260417	0.005468006
0.0159375	0.00548864
0.01927083	0.005529908
0.02260417	0.005550542
0.0259375	0.00559181
0.02927083	0.005633078
0.03260417	0.005674346
0.0359375	0.00569498
0.03927083	0.00569498
0.04260417	0.005674346
0.0459375	0.005633078
0.04927083	0.005550542
0.05260416	0.00548864
0.0559375	0.005406104
0.05927083	0.005323568
0.06260417	0.005261666
0.0659375	0.005199764
0.06927083	0.005158496
0.07260416	0.005137862
0.0759375	0.005137862
0.07927083	0.005137862
0.08260417	0.005158496
0.0859375	0.005158496
0.08927083	0.005158496
0.09260417	0.005158496
0.0959375	0.005137862
0.09927084	0.005096594
0.1026042	0.005055326
0.1059375	0.004993424
0.1092708	0.004910888
0.1126042	0.004807718
0.1159375	0.004704548
0.1192708	0.004601379
0.1226042	0.004498209
0.1259375	0.004374405
0.1292708	0.004250601
0.1326042	0.004126797
0.1359375	0.004002993
0.1392708	0.003920457
0.1426042	0.003858555
0.1459375	0.003858555
0.1492708	0.003899823
0.1526042	0.003982359
0.1559375	0.004126797
0.1592708	0.004333137
0.1626042	0.004580745
0.1659375	0.004828352
0.1692708	0.00507596
0.1726042	0.0052823
0.1759375	0.005426738
0.1792708	0.005529908
0.1826042	0.005550542
0.1859375	0.005509274
0.1892708	0.005426738
0.1926042	0.005323568
0.1959375	0.005220398
0.1992708	0.005137862
0.2026042	0.005096594
0.2059375	0.00507596
0.2092708	0.00507596
0.2126042	0.005117228
0.2159375	0.005158496
0.2192708	0.005199764
0.2226042	0.005220398
0.2259375	0.005220398
0.2292708	0.005199764
0.2326042	0.005137862
0.2359375	0.005055326
0.2392708	0.004952156
0.2426042	0.004848986
0.2459375	0.004704548
0.2492708	0.004580745
0.2526042	0.004456941
0.2559375	0.004312503
0.2592708	0.004188699
0.2626042	0.004085529
0.2659375	0.004002993
0.2692708	0.003920457
0.2726042	0.003879189
0.2759375	0.003858555
0.2792708	0.003837921
0.2826042	0.003858555
0.2859375	0.003879189
0.2892708	0.003920457
0.2926042	0.003961725
0.2959375	0.004002993
0.2992708	0.004044261
0.3026042	0.004064895
0.3059375	0.004106163
0.3092708	0.004126797
0.3126042	0.004168065
0.3159375	0.004188699
0.3192708	0.004229967
0.3226042	0.004250601
0.3259375	0.004291869
0.3292708	0.004333137
0.3326042	0.004374405
0.3359375	0.004415673
0.3392708	0.004456941
0.3426042	0.004477575
0.3459375	0.004498209
0.3492708	0.004498209
0.3526042	0.004477575
0.3559375	0.004415673
0.3592708	0.004353771
0.3626042	0.004291869
0.3659375	0.004209333
0.3692708	0.004126797
0.3726042	0.004044261
0.3759375	0.003982359
0.3792708	0.003920457
0.3826042	0.003879189
0.3859375	0.003858555
0.3892708	0.003858555
0.3926042	0.003858555
0.3959375	0.003879189
0.3992708	0.003899823
0.4026042	0.003941091
0.4059375	0.004002993
0.4092708	0.004085529
0.4126042	0.004168065
0.4159375	0.004271235
0.4192708	0.004395039
0.4226042	0.004498209
0.4259375	0.004601379
0.4292708	0.004683915
0.4326042	0.00476645
0.4359375	0.004807718
0.4392708	0.004828352
0.4426042	0.004848986
0.4459375	0.004848986
0.4492708	0.004828352
0.4526042	0.004807718
0.4559375	0.004787084
0.4592708	0.00476645
0.4626042	0.00476645
0.4659375	0.004787084
0.4692708	0.004807718
0.4726042	0.004828352
0.4759375	0.00486962
0.4792708	0.004890254
0.4826042	0.004890254
0.4859375	0.00486962
0.4892708	0.004848986
0.4926042	0.00476645
0.4959375	0.004683915
0.4992708	0.004560111
0.5026042	0.004415673
0.5059375	0.004271235
0.5092708	0.004106163
0.5126042	0.003961725
0.5159375	0.003817287
0.5192708	0.003672849
0.5226042	0.003569679
0.5259375	0.003487144
0.5292708	0.003445876
0.5326042	0.003425242
0.5359375	0.003445876
0.5392708	0.00346651
0.5426041	0.003528411
0.5459375	0.003590313
0.5492708	0.003652215
0.5526041	0.003714117
0.5559375	0.003776019
0.5592709	0.003796653
0.5626042	0.003817287
0.5659375	0.003796653
0.5692708	0.003776019
0.5726042	0.003734751
0.5759375	0.003693483
0.5792708	0.003652215
0.5826042	0.003610947
0.5859375	0.003590313
0.5892708	0.003590313
0.5926042	0.003610947
0.5959375	0.003672849
0.5992708	0.003776019
0.6026042	0.003879189
0.6059375	0.004023627
0.6092708	0.004168065
0.6126041	0.004333137
0.6159375	0.004477575
0.6192709	0.004601379
0.6226042	0.004725182
0.6259375	0.004828352
0.6292709	0.004890254
0.6326042	0.004931522
0.6359375	0.00497279
0.6392708	0.004993424
0.6426042	0.004993424
0.6459375	0.00497279
0.6492708	0.004952156
0.6526042	0.004910888
0.6559375	0.004828352
0.6592708	0.004745816
0.6626042	0.004642647
0.6659375	0.004518843
0.6692708	0.004395039
0.6726041	0.004250601
0.6759375	0.004106163
0.6792708	0.003982359
0.6826042	0.003858555
0.6859375	0.003755385
0.6892709	0.003693483
0.6926042	0.003652215
0.6959375	0.003631581
0.6992708	0.003652215
0.7026042	0.003672849
0.7059375	0.003714117
0.7092708	0.003755385
0.7126042	0.003796653
0.7159375	0.003817287
0.7192708	0.003817287
0.7226042	0.003796653
0.7259375	0.003755385
0.7292708	0.003714117
0.7326041	0.003672849
0.7359375	0.003652215
0.7392708	0.003652215
0.7426042	0.003693483
0.7459375	0.003776019
0.7492709	0.003879189
0.7526042	0.004044261
0.7559375	0.004209333
0.7592708	0.004374405
0.7626042	0.004518843
0.7659375	0.004622013
0.7692708	0.004683915
0.7726042	0.004683915
0.7759375	0.004622013
0.7792708	0.004518843
0.7826042	0.004374405
0.7859375	0.004209333
0.7892708	0.004064895
0.7926041	0.003920457
0.7959375	0.003817287
0.7992708	0.003734751
0.8026041	0.003672849
0.8059375	0.003631581
0.8092709	0.003590313
0.8126042	0.003549045
0.8159375	0.003507777
0.8192708	0.00346651
0.8226042	0.003425242
0.8259375	0.003404608
0.8292708	0.003383974
0.8326042	0.003404608
0.8359375	0.00346651
0.8392708	0.003569679
0.8426042	0.003734751
0.8459375	0.003920457
0.8492708	0.004147431
0.8526042	0.004395039
0.8559375	0.004622013
0.8592708	0.004848986
0.8626041	0.005034692
0.8659375	0.00517913
0.8692709	0.005261666
0.8726042	0.0052823
0.8759375	0.005261666
0.8792709	0.00517913
0.8826042	0.005055326
0.8859375	0.004910888
0.8892708	0.004745816
0.8926042	0.004622013
0.8959375	0.004518843
0.8992708	0.004436307
0.9026042	0.004374405
0.9059375	0.004353771
0.9092708	0.004353771
0.9126042	0.004374405
0.9159375	0.004395039
0.9192708	0.004395039
0.9226041	0.004395039
0.9259375	0.004374405
0.9292708	0.004333137
0.9326042	0.004271235
0.9359375	0.004188699
0.9392709	0.004126797
0.9426042	0.004064895
0.9459375	0.004023627
0.9492708	0.004002993
0.9526042	0.004023627
0.9559375	0.004085529
0.9592708	0.004168065
0.9626042	0.004250601
0.9659375	0.004374405
0.9692708	0.004477575
0.9726042	0.004560111
0.9759375	0.004642647
0.9792708	0.004704548
0.9826041	0.004745816
0.9859375	0.00476645
0.9892708	0.00476645
0.9926042	0.00476645
0.9959375	0.004725182
0.9992709	0.004683915
1.002604	0.004622013
1.005937	0.004560111
1.009271	0.004498209
1.012604	0.004436307
1.015937	0.004374405
1.019271	0.004353771
1.022604	0.004333137
1.025938	0.004353771
1.029271	0.004374405
1.032604	0.004415673
1.035938	0.004436307
1.039271	0.004456941
1.042604	0.004456941
1.045938	0.004436307
1.049271	0.004395039
1.052604	0.004312503
1.055938	0.004209333
1.059271	0.004106163
1.062604	0.003982359
1.065938	0.003899823
1.069271	0.003817287
1.072604	0.003776019
1.075938	0.003755385
1.079271	0.003755385
1.082604	0.003796653
1.085938	0.003837921
1.089271	0.003879189
1.092604	0.003920457
1.095937	0.003961725
1.099271	0.003961725
1.102604	0.003961725
1.105937	0.003941091
1.109271	0.003920457
1.112604	0.003899823
1.115937	0.003879189
1.119271	0.003899823
1.122604	0.003920457
1.125937	0.003961725
1.129271	0.004023627
1.132604	0.004085529
1.135937	0.004147431
1.139271	0.004188699
1.142604	0.004209333
1.145937	0.004229967
1.149271	0.004229967
1.152604	0.004209333
1.155938	0.004188699
1.159271	0.004168065
1.162604	0.004147431
1.165938	0.004126797
1.169271	0.004126797
1.172604	0.004126797
1.175938	0.004147431
1.179271	0.004168065
1.182604	0.004209333
1.185938	0.004271235
1.189271	0.004353771
1.192604	0.004456941
1.195938	0.004560111
1.199271	0.004663281
1.202604	0.004745816
1.205938	0.004807718
1.209271	0.004807718
1.212604	0.004787084
1.215937	0.004725182
1.219271	0.004622013
1.222604	0.004498209
1.225937	0.004395039
1.229271	0.004291869
1.232604	0.004209333
1.235937	0.004168065
1.239271	0.004147431
1.242604	0.004147431
1.245937	0.004188699
1.249271	0.004229967
1.252604	0.004271235
1.255937	0.004291869
1.259271	0.004291869
1.262604	0.004250601
1.265937	0.004209333
1.269271	0.004147431
1.272604	0.004064895
1.275938	0.003961725
1.279271	0.003879189
1.282604	0.003796653
1.285938	0.003714117
1.289271	0.003672849
1.292604	0.003631581
1.295938	0.003631581
1.299271	0.003610947
1.302604	0.003631581
1.305938	0.003631581
1.309271	0.003610947
1.312604	0.003590313
1.315938	0.003569679
1.319271	0.003528411
1.322604	0.00346651
1.325938	0.003404608
1.329271	0.00336334
1.332604	0.003301438
1.335938	0.003280804
1.339271	0.00326017
1.342604	0.00326017
1.345937	0.003280804
1.349271	0.003301438
1.352604	0.003322072
1.355937	0.00336334
1.359271	0.003404608
1.362604	0.003445876
1.365937	0.003487144
1.369271	0.003528411
1.372604	0.003569679
1.375937	0.003631581
1.379271	0.003672849
1.382604	0.003714117
1.385937	0.003776019
1.389271	0.003817287
1.392604	0.003837921
1.395937	0.003879189
1.399271	0.003899823
1.402604	0.003879189
1.405938	0.003858555
1.409271	0.003817287
1.412604	0.003755385
1.415938	0.003693483
1.419271	0.003652215
1.422604	0.003590313
1.425938	0.003569679
1.429271	0.003549045
1.432604	0.003569679
1.435938	0.003590313
1.439271	0.003631581
1.442604	0.003693483
1.445938	0.003755385
1.449271	0.003817287
1.452604	0.003879189
1.455938	0.003961725
1.459271	0.004023627
1.462604	0.004085529
1.465937	0.004168065
1.469271	0.004229967
1.472604	0.004271235
1.475937	0.004291869
1.479271	0.004291869
1.482604	0.004271235
1.485937	0.004209333
1.489271	0.004126797
1.492604	0.004064895
1.495937	0.003982359
1.499271	0.003920457
1.502604	0.003899823
1.505937	0.003899823
1.509271	0.003920457
1.512604	0.003982359
1.515937	0.004044261
1.519271	0.004126797
1.522604	0.004229967
1.525938	0.004333137
1.529271	0.004436307
1.532604	0.004539477
1.535938	0.004642647
1.539271	0.004725182
1.542604	0.004787084
1.545938	0.004828352
1.549271	0.004828352
1.552604	0.004807718
1.555938	0.004745816
1.559271	0.004663281
1.562604	0.004580745
1.565938	0.004477575
1.569271	0.004374405
1.572604	0.004291869
1.575938	0.004229967
1.579271	0.004168065
1.582604	0.004126797
1.585938	0.004126797
1.589271	0.004126797
1.592604	0.004126797
1.595937	0.004126797
1.599271	0.004126797
1.602604	0.004106163
1.605937	0.004064895
1.609271	0.004002993
1.612604	0.003941091
1.615937	0.003858555
1.619271	0.003755385
1.622604	0.003652215
1.625937	0.003569679
1.629271	0.003507777
1.632604	0.00346651
1.635937	0.003445876
1.639271	0.00346651
1.642604	0.003528411
1.645937	0.003590313
1.649271	0.003652215
1.652604	0.003714117
1.655938	0.003734751
1.659271	0.003755385
1.662604	0.003755385
1.665938	0.003734751
1.669271	0.003693483
1.672604	0.003631581
1.675938	0.003569679
1.679271	0.003528411
1.682604	0.00346651
1.685938	0.003425242
1.689271	0.003383974
1.692604	0.003342706
1.695938	0.003322072
1.699271	0.003280804
1.702604	0.00326017
1.705938	0.003239536
1.709271	0.003218902
1.712604	0.003177634
1.715937	0.003177634
1.719271	0.003157
1.722604	0.003177634
1.725937	0.003198268
1.729271	0.003239536
1.732604	0.003301438
1.735937	0.00336334
1.739271	0.003425242
1.742604	0.003487144
1.745937	0.003549045
1.749271	0.003569679
1.752604	0.003590313
1.755937	0.003569679
1.759271	0.003507777
1.762604	0.003445876
1.765937	0.00336334
1.769271	0.003301438
1.772604	0.003218902
1.775938	0.003157
1.779271	0.003115732
1.782604	0.003095098
1.785938	0.003074464
1.789271	0.003074464
1.792604	0.003074464
1.795938	0.003074464
1.799271	0.00305383
1.802604	0.003033196
1.805938	0.002991928
1.809271	0.002971294
1.812604	0.00295066
1.815938	0.00295066
1.819271	0.00295066
1.822604	0.002971294
1.825938	0.003012562
1.829271	0.00305383
1.832604	0.003115732
1.835938	0.003157
1.839271	0.003198268
1.842604	0.003218902
1.845937	0.003239536
1.849271	0.00326017
1.852604	0.003280804
1.855937	0.003280804
1.859271	0.003301438
1.862604	0.003322072
1.865937	0.003342706
1.869271	0.00336334
1.872604	0.003383974
1.875937	0.00336334
1.879271	0.003342706
1.882604	0.003280804
1.885937	0.003198268
1.889271	0.003115732
1.892604	0.003033196
1.895937	0.00295066
1.899271	0.002888758
1.902604	0.002868124
1.905938	0.002868124
1.909271	0.002909392
1.912604	0.002971294
1.915938	0.00305383
1.919271	0.003136366
1.922604	0.003198268
1.925938	0.003239536
1.929271	0.00326017
1.932604	0.003239536
1.935938	0.003198268
1.939271	0.003136366
1.942604	0.003095098
1.945938	0.00305383
1.949271	0.00305383
1.952604	0.003095098
1.955938	0.003177634
1.959271	0.003280804
1.962604	0.003425242
1.965937	0.003590313
1.969271	0.003755385
1.972604	0.003879189
1.975937	0.003961725
1.979271	0.004023627
1.982604	0.004023627
1.985937	0.004002993
1.989271	0.003920457
1.992604	0.003817287
1.995937	0.003714117
1.999271	0.003610947
2.002604	0.003507777
2.005938	0.003445876
2.009271	0.003404608
2.012604	0.003404608
2.015938	0.003425242
2.019271	0.00346651
2.022604	0.003507777
2.025938	0.003569679
2.029271	0.003610947
2.032604	0.003672849
2.035938	0.003693483
2.039271	0.003714117
2.042604	0.003714117
2.045938	0.003693483
2.049271	0.003672849
2.052604	0.003631581
2.055938	0.003590313
2.059271	0.003549045
2.062604	0.003507777
2.065938	0.003487144
2.069271	0.00346651
2.072604	0.003445876
2.075938	0.003445876
2.079271	0.003445876
2.082604	0.00346651
2.085938	0.003487144
2.089271	0.003507777
2.092604	0.003549045
2.095937	0.003569679
2.099271	0.003590313
2.102604	0.003631581
2.105937	0.003652215
2.109271	0.003672849
2.112604	0.003693483
2.115937	0.003693483
2.119271	0.003672849
2.122604	0.003631581
2.125937	0.003549045
2.129271	0.003487144
2.132604	0.003383974
2.135937	0.003280804
2.139271	0.003157
2.142604	0.00305383
2.145937	0.002971294
2.149271	0.002930026
2.152604	0.002930026
2.155937	0.002971294
2.159271	0.00305383
2.162604	0.003177634
2.165937	0.003342706
2.169271	0.003549045
2.172604	0.003755385
2.175937	0.003941091
2.179271	0.004126797
2.182604	0.004271235
2.185937	0.004353771
2.189271	0.004395039
2.192604	0.004374405
2.195937	0.004312503
2.199271	0.004188699
2.202604	0.004064895
2.205937	0.003920457
2.209271	0.003796653
2.212604	0.003693483
2.215938	0.003610947
2.219271	0.003590313
2.222604	0.003569679
2.225938	0.003569679
2.229271	0.003590313
2.232604	0.003569679
2.235938	0.003549045
2.239271	0.003507777
2.242604	0.003425242
2.245938	0.003301438
2.249271	0.003198268
2.252604	0.003074464
2.255938	0.00295066
2.259271	0.002868124
2.262604	0.002785588
2.265938	0.00274432
2.269271	0.00274432
2.272604	0.002764954
2.275938	0.002785588
2.279271	0.002826856
2.282604	0.002868124
2.285938	0.002909392
2.289271	0.002930026
2.292604	0.002971294
2.295938	0.002991928
2.299271	0.003012562
2.302604	0.003033196
2.305938	0.003074464
2.309271	0.003095098
2.312604	0.003136366
2.315938	0.003177634
2.319271	0.003198268
2.322604	0.003177634
2.325938	0.003177634
2.329271	0.003136366
2.332604	0.003074464
2.335938	0.003012562
2.339271	0.00295066
2.342604	0.002930026
2.345937	0.002909392
2.349271	0.00295066
2.352604	0.003012562
2.355937	0.003115732
2.359271	0.003239536
2.362604	0.003383974
2.365937	0.003507777
2.369271	0.003610947
2.372604	0.003672849
2.375937	0.003714117
2.379271	0.003693483
2.382604	0.003652215
2.385937	0.003590313
2.389271	0.003487144
2.392604	0.003383974
2.395937	0.003280804
2.399271	0.003157
2.402604	0.003033196
2.405937	0.002930026
2.409271	0.002826856
2.412604	0.002723686
2.415937	0.00264115
2.419271	0.002599883
2.422604	0.002558615
2.425937	0.002558615
2.429271	0.002599883
2.432604	0.00264115
2.435937	0.002703052
2.439271	0.002785588
2.442604	0.002868124
2.445937	0.002930026
2.449271	0.002991928
2.452604	0.00305383
2.455937	0.003074464
2.459271	0.003095098
2.462604	0.003115732
2.465938	0.003115732
2.469271	0.003095098
2.472604	0.003074464
2.475938	0.00305383
2.479271	0.003033196
2.482604	0.002991928
2.485938	0.00295066
2.489271	0.002888758
2.492604	0.002806222
2.495938	0.002723686
2.499271	0.00264115
2.502604	0.002558615
2.505938	0.002476079
2.509271	0.002393543
2.512604	0.002331641
2.515938	0.002269739
2.519271	0.002249105
2.522604	0.002207837
2.525938	0.002187203
2.529271	0.002166569
2.532604	0.002145935
2.535938	0.0021253
2.539271	0.0021253
2.542604	0.0021253
2.545938	0.0021253
2.549271	0.002166569
2.552604	0.002228471
2.555938	0.002331641
2.559271	0.002476079
2.562604	0.00264115
2.565938	0.002806222
2.569271	0.003012562
2.572604	0.003198268
2.575938	0.00336334
2.579271	0.003487144
2.582604	0.003569679
2.585938	0.003610947
2.589271	0.003590313
2.592604	0.003528411
2.595937	0.003404608
2.599271	0.00326017
2.602604	0.003074464
2.605937	0.002909392
2.609271	0.00274432
2.612604	0.002599883
2.615937	0.002496713
2.619271	0.002434811
2.622604	0.002414177
2.625937	0.002434811
2.629271	0.002496713
2.632604	0.002579249
2.635937	0.002661784
2.639271	0.002764954
2.642604	0.002826856
2.645937	0.002888758
2.649271	0.002909392
2.652604	0.002909392
2.655937	0.002909392
2.659271	0.002868124
2.662604	0.002826856
2.665937	0.002806222
2.669271	0.002785588
2.672604	0.002764954
2.675937	0.002764954
2.679271	0.002764954
2.682604	0.002764954
2.685937	0.002764954
2.689271	0.002764954
2.692604	0.00274432
2.695937	0.002723686
2.699271	0.002682418
2.702604	0.002620517
2.705937	0.002537981
2.709271	0.002476079
2.712604	0.002414177
2.715938	0.002352275
2.719271	0.002311007
2.722604	0.002269739
2.725938	0.002269739
2.729271	0.002290373
2.732604	0.002311007
2.735938	0.002372909
2.739271	0.002434811
2.742604	0.002517347
2.745938	0.002599883
2.749271	0.002661784
2.752604	0.002723686
2.755938	0.002764954
2.759271	0.002806222
2.762604	0.00284749
2.765938	0.002888758
2.769271	0.002909392
2.772604	0.00295066
2.775938	0.003012562
2.779271	0.003074464
2.782604	0.003177634
2.785938	0.00326017
2.789271	0.00336334
2.792604	0.00346651
2.795938	0.003549045
2.799271	0.003631581
2.802604	0.003714117
2.805938	0.003755385
2.809271	0.003776019
2.812604	0.003755385
2.815938	0.003734751
2.819271	0.003714117
2.822604	0.003652215
2.825938	0.003610947
2.829271	0.003549045
2.832604	0.003507777
2.835938	0.003487144
2.839271	0.003507777
2.842604	0.003528411
2.845937	0.003590313
2.849271	0.003652215
2.852604	0.003734751
2.855937	0.003817287
2.859271	0.003879189
2.862604	0.003961725
2.865937	0.004002993
2.869271	0.004023627
2.872604	0.004023627
2.875937	0.004002993
2.879271	0.003982359
2.882604	0.003961725
2.885937	0.003961725
2.889271	0.003961725
2.892604	0.004002993
2.895937	0.004044261
2.899271	0.004106163
2.902604	0.004168065
2.905937	0.004229967
2.909271	0.004291869
2.912604	0.004374405
2.915937	0.004436307
2.919271	0.004477575
2.922604	0.004518843
2.925937	0.004560111
2.929271	0.004580745
2.932604	0.004601379
2.935937	0.004601379
2.939271	0.004601379
2.942604	0.004580745
2.945937	0.004518843
2.949271	0.004477575
2.952604	0.004415673
2.955937	0.004353771
2.959271	0.004333137
2.962604	0.004333137
2.965938	0.004353771
2.969271	0.004395039
2.972604	0.004477575
2.975938	0.004580745
2.979271	0.004704548
2.982604	0.004807718
2.985938	0.004890254
2.989271	0.004931522
2.992604	0.004952156
2.995938	0.004931522
2.999271	0.00486962
3.002604	0.004787084
3.005938	0.004683915
3.009271	0.004560111
3.012604	0.004456941
3.015938	0.004333137
3.019271	0.004209333
3.022604	0.004106163
3.025938	0.004002993
3.029271	0.003920457
3.032604	0.003858555
3.035938	0.003817287
3.039271	0.003817287
3.042604	0.003858555
3.045938	0.003920457
3.049271	0.004002993
3.052604	0.004106163
3.055938	0.004188699
3.059271	0.004271235
3.062604	0.004333137
3.065938	0.004374405
3.069271	0.004395039
3.072604	0.004395039
3.075938	0.004374405
3.079271	0.004374405
3.082604	0.004353771
3.085938	0.004353771
3.089271	0.004353771
3.092604	0.004353771
3.095937	0.004353771
3.099271	0.004353771
3.102604	0.004353771
3.105937	0.004333137
3.109271	0.004333137
3.112604	0.004312503
3.115937	0.004291869
3.119271	0.004250601
3.122604	0.004209333
3.125937	0.004168065
3.129271	0.004106163
3.132604	0.004023627
3.135937	0.003941091
3.139271	0.003837921
3.142604	0.003755385
3.145937	0.003672849
3.149271	0.003610947
3.152604	0.003569679
3.155937	0.003569679
3.159271	0.003590313
3.162604	0.003652215
3.165937	0.003714117
3.169271	0.003796653
3.172604	0.003879189
3.175937	0.003961725
3.179271	0.004023627
3.182604	0.004044261
3.185937	0.004064895
3.189271	0.004085529
3.192604	0.004106163
3.195937	0.004126797
3.199271	0.004168065
3.202604	0.004250601
3.205937	0.004353771
3.209271	0.004456941
3.212604	0.004560111
3.215938	0.004683915
3.219271	0.004787084
3.222604	0.00486962
3.225938	0.004931522
3.229271	0.004931522
3.232604	0.004910888
3.235938	0.00486962
3.239271	0.004807718
3.242604	0.004745816
3.245938	0.004663281
3.249271	0.004601379
3.252604	0.004560111
3.255938	0.004539477
3.259271	0.004518843
3.262604	0.004560111
3.265938	0.004601379
3.269271	0.004663281
3.272604	0.004725182
3.275938	0.004807718
3.279271	0.00486962
3.282604	0.004890254
3.285938	0.004910888
3.289271	0.004890254
3.292604	0.004848986
3.295938	0.00476645
3.299271	0.004683915
3.302604	0.004580745
3.305938	0.004477575
3.309271	0.004415673
3.312604	0.004374405
3.315938	0.004395039
3.319271	0.004436307
3.322604	0.004498209
3.325938	0.004580745
3.329271	0.004663281
3.332604	0.004725182
3.335938	0.004787084
3.339271	0.004828352
3.342604	0.004828352
3.345937	0.004807718
3.349271	0.004807718
3.352604	0.004807718
3.355937	0.004828352
3.359271	0.00486962
3.362604	0.004931522
3.365937	0.005014058
3.369271	0.00507596
3.372604	0.005137862
3.375937	0.005158496
3.379271	0.005158496
3.382604	0.005096594
3.385937	0.005014058
3.389271	0.004910888
3.392604	0.004787084
3.395937	0.004683915
3.399271	0.004580745
3.402604	0.004498209
3.405937	0.004456941
3.409271	0.004415673
3.412604	0.004395039
3.415937	0.004395039
3.419271	0.004374405
3.422604	0.004353771
3.425937	0.004312503
3.429271	0.004271235
3.432604	0.004229967
3.435937	0.004188699
3.439271	0.004168065
3.442604	0.004147431
3.445937	0.004147431
3.449271	0.004168065
3.452604	0.004188699
3.455937	0.004209333
3.459271	0.004229967
3.462604	0.004250601
3.465938	0.004250601
3.469271	0.004229967
3.472604	0.004188699
3.475938	0.004168065
3.479271	0.004147431
3.482604	0.004126797
3.485938	0.004126797
3.489271	0.004126797
3.492604	0.004147431
3.495938	0.004188699
3.499271	0.004229967
3.502604	0.004271235
3.505938	0.004291869
3.509271	0.004312503
3.512604	0.004333137
3.515938	0.004333137
3.519271	0.004353771
3.522604	0.004353771
3.525938	0.004353771
3.529271	0.004333137
3.532604	0.004312503
3.535938	0.004291869
3.539271	0.004229967
3.542604	0.004168065
3.545938	0.004085529
3.549271	0.003982359
3.552604	0.003879189
3.555938	0.003776019
3.559271	0.003672849
3.562604	0.003590313
3.565938	0.003549045
3.569271	0.003549045
3.572604	0.003549045
3.575938	0.003590313
3.579271	0.003631581
3.582604	0.003693483
3.585938	0.003755385
3.589271	0.003817287
3.592604	0.003858555
3.595937	0.003879189
3.599271	0.003899823
3.602604	0.003899823
3.605937	0.003899823
3.609271	0.003899823
3.612604	0.003879189
3.615937	0.003858555
3.619271	0.003817287
3.622604	0.003776019
3.625937	0.003734751
3.629271	0.003672849
3.632604	0.003631581
3.635937	0.003569679
3.639271	0.003528411
3.642604	0.003507777
3.645937	0.003507777
3.649271	0.003528411
3.652604	0.003590313
3.655937	0.003693483
3.659271	0.003817287
3.662604	0.003961725
3.665937	0.004106163
3.669271	0.004250601
3.672604	0.004395039
3.675937	0.004518843
3.679271	0.004601379
3.682604	0.004642647
3.685937	0.004663281
3.689271	0.004642647
3.692604	0.004580745
3.695937	0.004498209
3.699271	0.004395039
3.702604	0.004312503
3.705937	0.004229967
3.709271	0.004147431
3.712604	0.004106163
3.715938	0.004085529
3.719271	0.004085529
3.722604	0.004085529
3.725938	0.004085529
3.729271	0.004106163
3.732604	0.004085529
3.735938	0.004064895
3.739271	0.004023627
3.742604	0.003961725
3.745938	0.003899823
3.749271	0.003817287
3.752604	0.003755385
3.755938	0.003693483
3.759271	0.003672849
3.762604	0.003652215
3.765938	0.003693483
3.769271	0.003734751
3.772604	0.003837921
3.775938	0.003941091
3.779271	0.004085529
3.782604	0.004209333
3.785938	0.004353771
3.789271	0.004456941
3.792604	0.004539477
3.795938	0.004580745
3.799271	0.004601379
3.802604	0.004601379
3.805938	0.004560111
3.809271	0.004539477
3.812604	0.004498209
3.815938	0.004456941
3.819271	0.004436307
3.822604	0.004436307
3.825938	0.004456941
3.829271	0.004498209
3.832604	0.004539477
3.835938	0.004580745
3.839271	0.004642647
3.842604	0.004683915
3.845937	0.00476645
3.849271	0.004848986
3.852604	0.004931522
3.855937	0.005055326
3.859271	0.00517913
3.862604	0.005323568
3.865937	0.00548864
3.869271	0.005653712
3.872604	0.00579815
3.875937	0.005921954
3.879271	0.006025124
3.882604	0.006087026
3.885937	0.006148927
3.889271	0.006210829
3.892604	0.006252097
3.895937	0.006313999
3.899271	0.006375901
3.902604	0.006499705
3.905937	0.006623509
3.909271	0.006809215
3.912604	0.006994921
3.915937	0.007201261
3.919271	0.007386967
3.922604	0.007593306
3.925937	0.007779012
3.929271	0.007944084
3.932604	0.008088522
3.935937	0.00823296
3.939271	0.008377398
3.942604	0.008521836
3.945937	0.008686908
3.949271	0.008872613
3.952604	0.009078953
3.955937	0.009305927
3.959271	0.009532901
3.962604	0.009801143
3.965938	0.01006938
3.969271	0.01033763
3.972604	0.01064714
3.975938	0.01095665
3.979271	0.01130742
3.982604	0.01167884
3.985938	0.01209152
3.989271	0.01254546
3.992604	0.01304068
3.995938	0.01357716
3.999271	0.01415491
4.002604	0.01477393
4.005938	0.01543422
4.009271	0.01611514
4.012604	0.01683733
4.015937	0.01758015
4.019271	0.01834361
4.022604	0.01916897
4.025938	0.02001496
4.029271	0.02094349
4.032604	0.02191329
4.035937	0.02294499
4.039271	0.02405923
4.042604	0.02527663
4.045938	0.02655594
4.049271	0.02793842
4.052604	0.02940343
4.055937	0.03095098
4.059271	0.03260169
4.062604	0.03433495
4.065938	0.03617138
4.069271	0.03811097
4.072604	0.04017437
4.075937	0.04236157
4.079271	0.04471384
4.082604	0.04723119
4.085938	0.04991361
4.089271	0.05274046
4.092604	0.05575302
4.095938	0.05891002
4.099271	0.0622321
4.102604	0.06565734
4.105937	0.06920639
4.109271	0.07283797
4.112604	0.07655208
4.115938	0.08034874
4.119271	0.08418666
4.122604	0.08806585
4.125937	0.09200694
4.129271	0.09600992
4.132604	0.1000129
4.135938	0.1040778
4.139271	0.1081427
4.142604	0.1122076
4.145937	0.1162725
4.149271	0.1202961
4.152604	0.1242579
4.155938	0.1281989
4.159271	0.1320575
4.162604	0.1358335
4.165937	0.1395683
4.169271	0.1431999
4.172604	0.1467489
4.175938	0.1502154
4.179271	0.1535581
4.182604	0.1567976
4.185937	0.1598927
4.189271	0.1628021
4.192604	0.1655258
4.195938	0.1680019
4.199271	0.1702097
4.202604	0.17217
4.205937	0.1738207
4.209271	0.1751619
4.212604	0.1762349
4.215938	0.1769983
4.219271	0.1774729
4.222604	0.1776999
4.225937	0.1776586
4.229271	0.1773491
4.232604	0.1768126
4.235938	0.1760285
4.239271	0.1750381
4.242604	0.1738001
4.245937	0.1723557
4.249271	0.1707256
4.252604	0.1689098
4.255938	0.1669289
4.259271	0.164783
4.262604	0.1625339
4.265937	0.160161
4.269271	0.1577055
4.272604	0.1551882
4.275938	0.1525883
4.279271	0.1499265
4.282604	0.1472441
4.285937	0.1445204
4.289271	0.1417761
4.292604	0.1390112
4.295938	0.1362256
4.299271	0.1334606
4.302604	0.1306957
4.305937	0.1279926
4.309271	0.1253308
4.312604	0.1227516
4.315938	0.1202549
4.319271	0.117882
4.322604	0.1156122
4.325937	0.1135075
4.329271	0.1115473
4.332604	0.1097109
4.335938	0.1080395
4.339271	0.1064714
4.342604	0.1050476
4.345938	0.1037064
4.349271	0.1025096
4.352604	0.1013748
4.355937	0.1003637
4.359271	0.09943517
4.362604	0.09858917
4.365938	0.09784635
4.369271	0.09722733
4.372604	0.09669085
4.375937	0.09627817
4.379271	0.09598929
4.382604	0.09582422
4.385938	0.09576232
4.389271	0.09580358
4.392604	0.09594802
4.395937	0.09615436
4.399271	0.09640197
4.402604	0.09667021
4.405938	0.09695909
4.409271	0.0972686
4.412604	0.09757811
4.415937	0.09788762
4.419271	0.09821776
4.422604	0.09856854
4.425938	0.09893995
4.429271	0.0993939
4.432604	0.09986848
4.435937	0.100405
4.439271	0.1009621
4.442604	0.1015192
4.445938	0.1020969
4.449271	0.1026334
4.452604	0.1031493
4.455937	0.1036239
4.459271	0.1040159
4.462604	0.1043461
4.465938	0.1045937
4.469271	0.1047794
4.472604	0.1048619
4.475937	0.1048825
4.479271	0.1048206
4.482604	0.1046762
4.485938	0.1045111
4.489271	0.1042842
4.492604	0.1040572
4.495937	0.1038302
4.499271	0.1035826
4.502604	0.1033556
4.505938	0.103108
4.509271	0.1028604
4.512604	0.1025922
4.515937	0.1023033
4.519271	0.1019731
4.522604	0.101643
4.525938	0.1013129
4.529271	0.1009827
4.532604	0.1006938
4.535937	0.1004462
4.539271	0.1002812
4.542604	0.100178
4.545938	0.100178
4.549271	0.1002812
4.552604	0.1005288
4.555937	0.1009002
4.559271	0.101416
4.562604	0.1021176
4.565938	0.1030048
4.569271	0.1040778
4.572604	0.1053778
4.575937	0.1069047
4.579271	0.1086792
4.582604	0.110722
4.585938	0.113033
4.589271	0.1156535
4.592604	0.1186041
4.595938	0.1219056
4.599271	0.1256403
4.602604	0.1298084
4.605937	0.134451
4.609271	0.1396095
4.612604	0.1453045
4.615938	0.1515979
4.619271	0.1585103
4.622604	0.1660623
4.625937	0.1742953
4.629271	0.1832504
4.632604	0.1929484
4.635938	0.2034304
4.639271	0.2147585
4.642604	0.2269532
4.645937	0.2401177
4.649271	0.2542313
4.652604	0.2693973
4.655938	0.2856569
4.659271	0.303072
4.662604	0.3216838
4.665937	0.341575
4.669271	0.3628073
4.672604	0.3855047
4.675938	0.4097703
4.679271	0.4357485
4.682604	0.4636044
4.685937	0.4935856
4.689271	0.5259396
4.692604	0.5609555
4.695938	0.5990046
4.699271	0.6405201
4.702604	0.6859974
4.705937	0.7360348
4.709271	0.7913545
4.712604	0.8527613
4.715938	0.9212455
4.719271	0.997942
4.722604	1.084171
4.725937	1.181481
4.729271	1.291646
4.732604	1.416667
4.735938	1.558856
4.739271	1.720771
4.742604	1.90528
4.745937	2.115664
4.749271	2.355473
4.752604	2.628646
4.755938	2.939559
4.759271	3.292895
4.762604	3.693752
4.765937	4.147575
4.769271	4.660124
4.772604	5.237421
4.775938	5.885761
4.779271	6.611562
4.782604	7.421405
4.785937	8.321975
4.789271	9.319938
4.792604	10.42181
4.795938	11.63404
4.799271	12.96268
4.802604	14.4134
4.805937	15.99124
4.809271	17.70051
4.812604	19.54457
4.815938	21.52574
4.819271	23.64506
4.822604	25.90229
4.825937	28.29578
4.829271	30.82235
4.832604	33.47728
4.835938	36.25418
4.839271	39.14502
4.842604	42.14002
4.845938	45.22771
4.849271	48.39486
4.852604	51.62651
4.855937	54.90621
4.859271	58.21588
4.862604	61.53634
4.865938	64.84721
4.869271	68.12737
4.872604	71.35506
4.875937	74.50825
4.879271	77.56482
4.882604	80.50289
4.885938	83.30109
4.889271	85.93873
4.892604	88.39621
4.895937	90.65528
4.899271	92.69918
4.902604	94.51303
4.905938	96.08392
4.909271	97.40111
4.912604	98.45614
4.915937	99.243
4.919271	99.75803
4.922604	100
4.925938	99.9701
4.929271	99.6719
4.932604	99.11125
4.935937	98.29621
4.939271	97.23688
4.942604	95.94524
4.945938	94.43489
4.949271	92.72093
4.952604	90.81959
4.955937	88.74802
4.959271	86.52414
4.962604	84.16617
4.965938	81.69271
4.969271	79.12233
4.972604	76.47343
4.975937	73.76408
4.979271	71.01178
4.982604	68.23327
4.985938	65.44444
4.989271	62.66019
4.992604	59.89431
4.995937	57.15938
4.999271	54.46683
5.002604	51.82681
5.005938	49.24832
5.009271	46.73919
5.012604	44.30609
5.015937	41.95454
5.019271	39.68895
5.022604	37.51267
5.025938	35.42797
5.029271	33.43626
5.032604	31.53799
5.035937	29.73285
5.039271	28.01988
5.042604	26.39751
5.045938	24.86376
5.049271	23.41623
5.052604	22.05226
5.055937	20.76887
5.059271	19.5629
5.062604	18.43098
5.065938	17.36963
5.069271	16.37527
5.072604	15.44423
5.075937	14.5729
5.079271	13.75767
5.082604	12.99504
5.085938	12.28164
5.089271	11.61425
5.092604	10.9898
5.095938	10.40545
5.099271	9.858402
5.102604	9.346101
5.105937	8.866052
5.109271	8.415983
5.112604	7.993688
5.115938	7.597124
5.119271	7.224412
5.122604	6.873779
5.125937	6.543614
5.129271	6.232474
5.132604	5.938997
5.135938	5.661986
5.139271	5.400326
5.142604	5.152966
5.145937	4.918997
5.149271	4.697533
5.152604	4.487747
5.155938	4.288918
5.159271	4.100385
5.162604	3.921489
5.165937	3.751692
5.169271	3.590499
5.172604	3.437416
5.175938	3.292028
5.179271	3.153966
5.182604	3.022837
5.185937	2.898291
5.189271	2.780058
5.192604	2.667768
5.195938	2.561193
5.199271	2.460025
5.202604	2.364036
5.205937	2.272998
5.209271	2.186687
5.212604	2.104914
5.215938	2.027475
5.219271	1.954162
5.222604	1.884791
5.225937	1.819175
5.229271	1.757128
5.232604	1.698486
5.235938	1.643084
5.239271	1.590736
5.242604	1.541317
5.245937	1.494643
5.249271	1.45061
5.252604	1.409053
5.255938	1.369849
5.259271	1.332852
5.262604	1.297919
5.265937	1.264905
5.269271	1.233665
5.272604	1.204076
5.275938	1.175993
5.279271	1.149313
5.282604	1.123892
5.285937	1.099647
5.289271	1.076496
5.292604	1.054335
5.295938	1.033082
5.299271	1.012675
5.302604	0.9930312
5.305937	0.9740892
5.309271	0.9557662
5.312604	0.9380003
5.315938	0.920771
5.319271	0.9039543
5.322604	0.8875502
5.325937	0.871497
5.329271	0.8557119
5.332604	0.8401952
5.335938	0.8249054
5.339271	0.8098219
5.342604	0.7948829
5.345938	0.7801296
5.349271	0.7655208
5.352604	0.7510357
5.355937	0.7366951
5.359271	0.7224989
5.362604	0.7084059
5.365938	0.6944367
5.369271	0.6805913
5.372604	0.6668697
5.375937	0.653272
5.379271	0.639798
5.382604	0.6264684
5.385938	0.6133039
5.389271	0.6003045
5.392604	0.5874702
5.395937	0.5748422
5.399271	0.5623999
5.402604	0.5501433
5.405938	0.5380724
5.409271	0.5261872
5.412604	0.5144878
5.415937	0.5029534
5.419271	0.4916047
5.422604	0.4804623
5.425938	0.4694851
5.429271	0.4587348
5.432604	0.4481702
5.435937	0.4378532
5.439271	0.4277631
5.442604	0.4179207
5.445938	0.4083053
5.449271	0.3989581
5.452604	0.3898378
5.455937	0.3809652
5.459271	0.3722783
5.462604	0.3638184
5.465938	0.3555235
5.469271	0.3474144
5.472604	0.3394703
5.475937	0.3316913
5.479271	0.3240774
5.482604	0.3166079
5.485938	0.3093241
5.489271	0.302226
5.492604	0.2953136
5.495937	0.2885869
5.499271	0.2820666
5.502604	0.2757319
5.505938	0.269583
5.509271	0.2636404
5.512604	0.2578629
5.515937	0.2522505
5.519271	0.2468031
5.522604	0.2415002
5.525938	0.236321
5.529271	0.2312657
5.532604	0.2263135
5.535937	0.2214852
5.539271	0.21676
5.542604	0.2120967
5.545938	0.2075572
5.549271	0.2030797
5.552604	0.1987259
5.555937	0.194434
5.559271	0.190266
5.562604	0.1862011
5.565938	0.1822187
5.569271	0.1783602
5.572604	0.1745841
5.575937	0.1709319
5.579271	0.1673829
5.582604	0.1639164
5.585938	0.160553
5.589271	0.1573135
5.592604	0.1541565
5.595938	0.1511233
5.599271	0.1481933
5.602604	0.1453664
5.605937	0.1426427
5.609271	0.1400016
5.612604	0.137443
5.615938	0.1349463
5.619271	0.1325115
5.622604	0.1301179
5.625937	0.127745
5.629271	0.1254134
5.632604	0.1231024
5.635938	0.1207913
5.639271	0.1185216
5.642604	0.1162931
5.645937	0.1141059
5.649271	0.11196
5.652604	0.1098966
5.655938	0.1079157
5.659271	0.1059968
5.662604	0.1041603
5.665937	0.1023858
5.669271	0.1006732
5.672604	0.09902249
5.675938	0.0973924
5.679271	0.09580358
5.682604	0.09425604
5.685937	0.09270849
5.689271	0.09120221
5.692604	0.08971656
5.695938	0.08827219
5.699271	0.08684844
5.702604	0.08546596
5.705937	0.08410412
5.709271	0.08280418
5.712604	0.08152487
5.715938	0.08028683
5.719271	0.0791107
5.722604	0.07795519
5.725937	0.07684096
5.729271	0.07576799
5.732604	0.07473629
5.735938	0.07374586
5.739271	0.07277606
5.742604	0.07184754
5.745937	0.07096027
5.749271	0.07009365
5.752604	0.06926829
5.755938	0.0684842
5.759271	0.06774137
5.762604	0.06699855
5.765937	0.06631763
5.769271	0.06563671
5.772604	0.06497642
5.775938	0.06431613
5.779271	0.06367648
5.782604	0.06301619
5.785937	0.06233527
5.789271	0.06167498
5.792604	0.06099406
5.795938	0.06031313
5.799271	0.05963221
5.802604	0.05899256
5.805937	0.05835291
5.809271	0.05777515
5.812604	0.05721804
5.815938	0.05668155
5.819271	0.05620697
5.822604	0.05573239
5.825937	0.05527844
5.829271	0.05482449
5.832604	0.05439118
5.835938	0.0539785
5.839271	0.05356582
5.842604	0.05317378
5.845938	0.05280236
5.849271	0.05247222
5.852604	0.05214208
5.855937	0.05183257
5.859271	0.05152306
5.862604	0.05121355
5.865938	0.05088341
5.869271	0.05053263
5.872604	0.05014058
5.875937	0.0497279
5.879271	0.04927396
5.882604	0.04884064
5.885938	0.04840733
5.889271	0.04799465
5.892604	0.0476026
5.895937	0.04725182
5.899271	0.04694232
5.902604	0.04669471
5.905938	0.0464471
5.909271	0.04624076
5.912604	0.04601379
5.915937	0.04578681
5.919271	0.04555984
5.922604	0.0452916
5.925938	0.04502335
5.929271	0.04473448
5.932604	0.0444456
5.935937	0.04413609
5.939271	0.04384722
5.942604	0.04355834
5.945938	0.0432901
5.949271	0.04302186
5.952604	0.04275362
5.955937	0.04248537
5.959271	0.04221713
5.962604	0.04192826
5.965938	0.04159811
5.969271	0.04126797
5.972604	0.04091719
5.975937	0.04056641
5.979271	0.04023627
5.982604	0.03990613
5.985938	0.03959662
5.989271	0.03930774
5.992604	0.03906013
5.995937	0.03883316
5.999271	0.03860619
6.002604	0.03839985
6.005938	0.03817287
6.009271	0.0379459
6.012604	0.03769829
6.015937	0.03743005
6.019271	0.03712054
6.022604	0.03683166
6.025938	0.03650152
6.029271	0.03621264
6.032604	0.0359444
6.035937	0.03569679
6.039271	0.03549045
6.042604	0.03534602
6.045938	0.03522221
6.049271	0.03511904
6.052604	0.0350365
6.055937	0.03495397
6.059271	0.03487143
6.062604	0.03474763
6.065938	0.03460319
6.069271	0.03443812
6.072604	0.03423178
6.075937	0.03402544
6.079271	0.0338191
6.082604	0.03359213
6.085938	0.03338579
6.089271	0.03317945
6.092604	0.03297311
6.095938	0.03276677
6.099271	0.03256043
6.102604	0.03237472
6.105937	0.03216838
6.109271	0.03194141
6.112604	0.03173507
6.115938	0.03150809
6.119271	0.03128112
6.122604	0.03103351
6.125937	0.0307859
6.129271	0.03055893
6.132604	0.03031132
6.135938	0.03010498
6.139271	0.02989864
6.142604	0.0296923
6.145937	0.02952723
6.149271	0.02936216
6.152604	0.02919709
6.155938	0.02903202
6.159271	0.02884631
6.162604	0.02861934
6.165937	0.02839236
6.169271	0.02812412
6.172604	0.02785588
6.175938	0.027567
6.179271	0.02727813
6.182604	0.02698925
6.185937	0.02674164
6.189271	0.02651467
6.192604	0.02632896
6.195938	0.02618453
6.199271	0.02604009
6.202604	0.02595755
6.205937	0.02587502
6.209271	0.02579248
6.212604	0.02573058
6.215938	0.02566868
6.219271	0.02560678
6.222604	0.02552424
6.225937	0.0254417
6.229271	0.0253179
6.232604	0.0251941
6.235938	0.02507029
6.239271	0.02492585
6.242604	0.02480205
6.245937	0.02469888
6.249271	0.02459571
6.252604	0.02453381
6.255938	0.02451317
6.259271	0.02449254
6.262604	0.02451317
6.265937	0.02451317
6.269271	0.02455444
6.272604	0.02457508
6.275938	0.02457508
6.279271	0.02457508
6.282604	0.02455444
6.285937	0.02451317
6.289271	0.02443064
6.292604	0.02432747
6.295938	0.02420366
6.299271	0.02405923
6.302604	0.02389415
6.305937	0.02372908
6.309271	0.02354338
6.312604	0.02339894
6.315938	0.0232545
6.319271	0.02317197
6.322604	0.0231307
6.325937	0.0231307
6.329271	0.0231926
6.332604	0.02329577
6.335938	0.02344021
6.339271	0.02360528
6.342604	0.02381162
6.345938	0.02401796
6.349271	0.02424493
6.352604	0.02449254
6.355937	0.02476078
6.359271	0.02502902
6.362604	0.02529727
6.365938	0.02558614
6.369271	0.02587502
6.372604	0.02616389
6.375937	0.02643213
6.379271	0.02672101
6.382604	0.02698925
6.385938	0.02727813
6.389271	0.02760827
6.392604	0.02797968
6.395937	0.028413
6.399271	0.02890821
6.402604	0.02948596
6.405938	0.03014625
6.409271	0.03088907
6.412604	0.03171443
6.415937	0.03258106
6.419271	0.03346832
6.422604	0.03439685
6.425938	0.03532538
6.429271	0.03625391
6.432604	0.03716181
6.435937	0.0380697
6.439271	0.03895696
6.442604	0.03982359
6.445938	0.04066958
6.449271	0.04151558
6.452604	0.0423203
6.455937	0.04308376
6.459271	0.04378532
6.462604	0.04442497
6.465938	0.04500272
6.469271	0.04551857
6.472604	0.04593125
6.475937	0.04626139
6.479271	0.04652964
6.482604	0.04669471
6.485938	0.04677724
6.489271	0.04677724
6.492604	0.04669471
6.495937	0.04652964
6.499271	0.04626139
6.502604	0.04593125
6.505938	0.04549794
6.509271	0.04500272
6.512604	0.0444456
6.515937	0.04382658
6.519271	0.04318693
6.522604	0.04252664
6.525938	0.04184572
6.529271	0.0411648
6.532604	0.04046324
6.535937	0.03974105
6.539271	0.03901887
6.542604	0.03827604
6.545938	0.03751258
6.549271	0.03674913
6.552604	0.03598567
6.555937	0.03526348
6.559271	0.03458256
6.562604	0.03396354
6.565938	0.03342705
6.569271	0.03297311
6.572604	0.03262233
6.575937	0.03233345
6.579271	0.03214775
6.582604	0.03200331
6.585938	0.0318795
6.589271	0.03177633
6.592604	0.03167316
6.595938	0.03152873
6.599271	0.03136366
6.602604	0.03117795
6.605937	0.03095098
6.609271	0.03070337
6.612604	0.03043513
6.615938	0.03016688
6.619271	0.02989864
6.622604	0.02965104
6.625937	0.02940343
6.629271	0.02919709
6.632604	0.02899075
6.635938	0.02880504
6.639271	0.02863997
6.642604	0.0284749
6.645937	0.02833046
6.649271	0.02820666
6.652604	0.02808285
6.655938	0.02795905
6.659271	0.02785588
6.662604	0.02777334
6.665937	0.02771144
6.669271	0.02762891
6.672604	0.02754637
6.675938	0.02746383
6.679271	0.0273813
6.682604	0.02727813
6.685937	0.02717496
6.689271	0.02707179
6.692604	0.02696862
6.695938	0.02686545
6.699271	0.02680355
6.702604	0.02676228
6.705937	0.02674164
6.709271	0.02672101
6.712604	0.02670038
6.715938	0.02667974
6.719271	0.02661784
6.722604	0.02655594
6.725937	0.0264734
6.729271	0.0263496
6.732604	0.02622579
6.735938	0.02610199
6.739271	0.02599882
6.742604	0.02589565
6.745937	0.02583375
6.749271	0.02577185
6.752604	0.02568931
6.755938	0.02562741
6.759271	0.02554487
6.762604	0.02542107
6.765937	0.02529727
6.769271	0.02513219
6.772604	0.02492585
6.775938	0.02469888
6.779271	0.02443064
6.782604	0.02414176
6.785937	0.02383225
6.789271	0.02352274
6.792604	0.0231926
6.795938	0.02284182
6.799271	0.02249104
6.802604	0.02211963
6.805937	0.02174822
6.809271	0.02135617
6.812604	0.02094349
6.815938	0.02053081
6.819271	0.02007687
6.822604	0.01958165
6.825937	0.01904517
6.829271	0.01846742
6.832604	0.0178484
6.835938	0.01720874
6.839271	0.01654846
6.842604	0.0158469
6.845938	0.01516598
6.849271	0.01446442
6.852604	0.0137835
6.855937	0.01312321
6.859271	0.01246293
6.862604	0.01180264
6.865938	0.01116299
6.869271	0.01054397
6.872604	0.009924947
6.875937	0.009347195
6.879271	0.008790077
6.882604	0.008274228
6.885938	0.007840914
6.889271	0.007490136
6.892604	0.007242529
6.895937	0.007098091
6.899271	0.007077457
6.902604	0.007180627
6.905938	0.007428235
6.909271	0.007799646
6.912604	0.008315496
6.915937	0.008934515
6.919271	0.009677339
6.922604	0.01052333
6.925938	0.0114725
6.929271	0.01250419
6.932604	0.0135978
6.935937	0.0147533
6.939271	0.0159707
6.942604	0.01718811
6.945938	0.01842615
6.949271	0.01964355
6.952604	0.02081969
6.955937	0.02197519
6.959271	0.0230688
6.962604	0.02410049
6.965938	0.02504966
6.969271	0.02591628
6.972604	0.02672101
6.975937	0.02742257
6.979271	0.02806222
6.982604	0.0285987
6.985938	0.02903202
6.989271	0.02936216
6.992604	0.02960977
6.995937	0.02977484
6.999271	0.02985738
7.002604	0.02985738
7.005938	0.02981611
7.009271	0.02971294
7.012604	0.0295685
7.015937	0.02940343
7.019271	0.02919709
7.022604	0.02894948
7.025938	0.0286606
7.029271	0.02833046
7.032604	0.02793842
7.035937	0.02748447
7.039271	0.02698925
7.042604	0.02643213
7.045938	0.02587502
7.049271	0.02529727
7.052604	0.02471951
7.055937	0.02414176
7.059271	0.02358464
7.062604	0.0230688
7.065938	0.02255295
7.069271	0.02207836
7.072604	0.02162442
7.075937	0.0211911
7.079271	0.02079906
7.082604	0.02042764
7.085938	0.0200975
7.089271	0.01978799
7.092604	0.01954038
7.095938	0.01933404
7.099271	0.01914834
7.102604	0.01898327
7.105937	0.01885946
7.109271	0.01871502
7.112604	0.01857059
7.115938	0.01840551
7.119271	0.01821981
7.122604	0.0180341
7.125937	0.01782776
7.129271	0.01764206
7.132604	0.01745635
7.135938	0.01729128
7.139271	0.01716748
7.142604	0.01710557
7.145937	0.01708494
7.149271	0.01708494
7.152604	0.01712621
7.155938	0.01718811
7.159271	0.01725001
7.162604	0.01731191
7.165937	0.01737382
7.169271	0.01741508
7.172604	0.01743572
7.175938	0.01743572
7.179271	0.01741508
7.182604	0.01737382
7.185937	0.01735318
7.189271	0.01731191
7.192604	0.01727065
7.195938	0.01722938
7.199271	0.01716748
7.202604	0.01712621
7.205937	0.01706431
7.209271	0.0170024
7.212604	0.01691987
7.215938	0.01685797
7.219271	0.01677543
7.222604	0.01669289
7.225937	0.01661036
7.229271	0.01654846
7.232604	0.01648655
7.235938	0.01640402
7.239271	0.01634212
7.242604	0.01628021
7.245937	0.01619768
7.249271	0.01611514
7.252604	0.01601197
7.255938	0.0159088
7.259271	0.01582627
7.262604	0.01574373
7.265937	0.01566119
7.269271	0.01561993
7.272604	0.01557866
7.275938	0.01555802
7.279271	0.01555802
7.282604	0.01555802
7.285937	0.01557866
7.289271	0.01559929
7.292604	0.01559929
7.295938	0.01559929
7.299271	0.01557866
7.302604	0.01555802
7.305937	0.01553739
7.309271	0.01549612
7.312604	0.01547549
7.315938	0.01543422
7.319271	0.01541359
7.322604	0.01539295
7.325937	0.01539295
7.329271	0.01539295
7.332604	0.01535168
7.335938	0.01531042
7.339271	0.01522788
7.342604	0.01512471
7.345938	0.01498027
7.349271	0.01483583
7.352604	0.0146914
7.355937	0.01456759
7.359271	0.01448506
7.362604	0.01442315
7.365938	0.01442315
7.369271	0.01444379
7.372604	0.01450569
7.375937	0.01458823
7.379271	0.01465013
7.382604	0.0146914
7.385938	0.0146914
7.389271	0.01465013
7.392604	0.01454696
7.395937	0.01438189
7.399271	0.01419618
7.402604	0.01394857
7.405938	0.01370097
7.409271	0.01345336
7.412604	0.01320575
7.415937	0.01297878
7.419271	0.01277244
7.422604	0.01260736
7.425938	0.01246293
7.429271	0.01235976
7.432604	0.01229785
7.435937	0.01223595
7.439271	0.01219469
7.442604	0.01213278
7.445938	0.01205025
7.449271	0.01196771
7.452604	0.01184391
7.455937	0.01169947
7.459271	0.0115344
7.462604	0.01134869
7.465938	0.01116299
7.469271	0.01099791
7.472604	0.01085348
7.475937	0.01070904
7.479271	0.01058523
7.482604	0.01048206
7.485938	0.01039953
7.489271	0.01031699
7.492604	0.01025509
7.495937	0.01019319
7.499271	0.01015192
7.502604	0.01013129
7.505938	0.01011065
7.509271	0.01013129
7.512604	0.01015192
7.515937	0.01021382
7.519271	0.01027572
7.522604	0.01033763
7.525938	0.01037889
7.529271	0.0104408
7.532604	0.01046143
7.535937	0.01046143
7.539271	0.0104408
7.542604	0.01037889
7.545938	0.01027572
7.549271	0.01017255
7.552604	0.01004875
7.555937	0.009904313
7.559271	0.009780509
7.562604	0.009656705
7.565938	0.009574169
7.569271	0.009491633
7.572604	0.009429731
7.575937	0.009388463
7.579271	0.009347195
7.582604	0.009305927
7.585938	0.009264659
7.589271	0.009182123
7.592604	0.009099587
7.595938	0.008996417
7.599271	0.008872613
7.602604	0.00874881
7.605937	0.008625006
7.609271	0.008521836
7.612604	0.008418666
7.615938	0.00833613
7.619271	0.008274228
7.622604	0.008212326
7.625937	0.008171058
7.629271	0.008109156
7.632604	0.008067888
7.635938	0.008005986
7.639271	0.007944084
7.642604	0.007882182
7.645937	0.007840914
7.649271	0.00782028
7.652604	0.00782028
7.655938	0.007861548
7.659271	0.00792345
7.662604	0.008005986
7.665937	0.008109156
7.669271	0.008212326
7.672604	0.00833613
7.675938	0.008480568
7.679271	0.008604372
7.682604	0.00874881
7.685937	0.008872613
7.689271	0.009017051
7.692604	0.009182123
7.695938	0.009347195
7.699271	0.009491633
7.702604	0.009656705
7.705937	0.009780509
7.709271	0.009904313
7.712604	0.01000748
7.715938	0.01009002
7.719271	0.01013129
7.722604	0.01015192
7.725937	0.01015192
7.729271	0.01013129
7.732604	0.01009002
7.735938	0.01004875
7.739271	0.01000748
7.742604	0.009966215
7.745937	0.009945581
7.749271	0.009966215
7.752604	0.009986849
7.755938	0.01002812
7.759271	0.01009002
7.762604	0.01013129
7.765937	0.01017255
7.769271	0.01021382
7.772604	0.01021382
7.775938	0.01019319
7.779271	0.01013129
7.782604	0.01006938
7.785937	0.009966215
7.789271	0.009863045
7.792604	0.009759875
7.795938	0.009615437
7.799271	0.009470999
7.802604	0.009326561
7.805937	0.009140855
7.809271	0.008934515
7.812604	0.008728176
7.815938	0.008521836
7.819271	0.008294862
7.822604	0.008088522
7.825937	0.007902816
7.829271	0.00771711
7.832604	0.007572672
7.835938	0.007448869
7.839271	0.007345699
7.842604	0.007242529
7.845938	0.007139359
7.849271	0.007036189
7.852604	0.006912385
7.855937	0.006809215
7.859271	0.006685411
7.862604	0.006540973
7.865938	0.006417169
7.869271	0.006313999
7.872604	0.006210829
7.875937	0.006128294
7.879271	0.006087026
7.882604	0.006066392
7.885938	0.006066392
7.889271	0.006087026
7.892604	0.006128294
7.895937	0.006210829
7.899271	0.006272731
7.902604	0.006355267
7.905938	0.006437803
7.909271	0.006499705
7.912604	0.006561607
7.915937	0.006561607
7.919271	0.006561607
7.922604	0.006479071
7.925938	0.006375901
7.929271	0.006231463
7.932604	0.006066392
7.935937	0.005880686
7.939271	0.00569498
7.942604	0.005550542
7.945938	0.005426738
7.949271	0.005364836
7.952604	0.005323568
7.955937	0.005344202
7.959271	0.00538547
7.962604	0.005468006
7.965938	0.005529908
7.969271	0.005571176
7.972604	0.00559181
7.975937	0.005571176
7.979271	0.005529908
7.982604	0.005447372
7.985938	0.005323568
7.989271	0.00517913
7.992604	0.005055326
7.995937	0.004910888
7.999271	0.004787084
8.002604	0.004683915
8.005938	0.004601379
8.009271	0.004539477
8.012604	0.004498209
8.015938	0.004498209
8.019271	0.004539477
8.022604	0.004580745
8.025937	0.004663281
8.029271	0.004745816
8.032604	0.004848986
8.035937	0.004952156
8.03927	0.005034692
8.042604	0.005096594
8.045938	0.005117228
8.049271	0.005096594
8.052604	0.005034692
8.055938	0.004910888
8.059271	0.00476645
8.062604	0.004560111
8.065937	0.004353771
8.069271	0.004126797
8.072604	0.003920457
8.075937	0.003755385
8.07927	0.003610947
8.082604	0.003528411
8.085938	0.00346651
8.089271	0.00346651
8.092605	0.003507777
8.095938	0.003549045
8.099271	0.003610947
8.102604	0.003672849
8.105938	0.003734751
8.109271	0.003755385
8.112604	0.003776019
8.115937	0.003776019
8.119271	0.003755385
8.122604	0.003714117
8.125937	0.003672849
8.129271	0.003610947
8.132605	0.003569679
8.135938	0.003549045
8.139271	0.003549045
8.142604	0.003569679
8.145938	0.003590313
8.149271	0.003631581
8.152604	0.003672849
8.155937	0.003714117
8.159271	0.003755385
8.162604	0.003776019
8.165937	0.003776019
8.169271	0.003796653
8.172605	0.003817287
8.175938	0.003858555
8.179271	0.003941091
8.182604	0.004064895
8.185938	0.004209333
8.189271	0.004395039
8.192604	0.004580745
8.195937	0.00476645
8.199271	0.004931522
8.202604	0.005055326
8.205937	0.005117228
8.20927	0.005137862
8.212605	0.005117228
8.215938	0.005034692
8.219271	0.004910888
8.222604	0.004745816
8.225938	0.004539477
8.229271	0.004333137
8.232604	0.004106163
8.235937	0.003899823
8.239271	0.003734751
8.242604	0.003590313
8.245937	0.003487144
8.24927	0.003425242
8.252604	0.003404608
8.255938	0.003445876
8.259271	0.003487144
8.262604	0.003549045
8.265938	0.003610947
8.269271	0.003631581
8.272604	0.003610947
8.275937	0.003569679
8.279271	0.003507777
8.282604	0.003404608
8.285937	0.003322072
8.28927	0.003239536
8.292604	0.003198268
8.295938	0.003177634
8.299271	0.003218902
8.302604	0.003280804
8.305938	0.00336334
8.309271	0.00346651
8.312604	0.003569679
8.315937	0.003652215
8.319271	0.003714117
8.322604	0.003776019
8.325937	0.003796653
8.32927	0.003817287
8.332604	0.003837921
8.335938	0.003837921
8.339271	0.003837921
8.342605	0.003837921
8.345938	0.003817287
8.349271	0.003796653
8.352604	0.003755385
8.355938	0.003693483
8.359271	0.003631581
8.362604	0.003569679
8.365937	0.003487144
8.369271	0.003425242
8.372604	0.003383974
8.375937	0.003342706
8.379271	0.003342706
8.382605	0.003342706
8.385938	0.003342706
8.389271	0.003342706
8.392604	0.003342706
8.395938	0.003342706
8.399271	0.003322072
8.402604	0.003322072
8.405937	0.003342706
8.409271	0.003383974
8.412604	0.003425242
8.415937	0.003507777
8.419271	0.003590313
8.422605	0.003693483
8.425938	0.003796653
8.429271	0.003837921
8.432604	0.003858555
8.435938	0.003817287
8.439271	0.003714117
8.442604	0.003549045
8.445937	0.00336334
8.449271	0.003136366
8.452604	0.002909392
8.455937	0.002682418
8.45927	0.002496713
8.462605	0.002352275
8.465938	0.002249105
8.469271	0.002187203
8.472604	0.002145935
8.475938	0.0021253
8.479271	0.0021253
8.482604	0.002104666
8.485937	0.002104666
8.489271	0.002104666
8.492604	0.0021253
8.495937	0.002145935
8.49927	0.002207837
8.502604	0.002290373
8.505938	0.002393543
8.509271	0.002537981
8.512604	0.002682418
8.515938	0.002806222
8.519271	0.002930026
8.522604	0.003033196
8.525937	0.003074464
8.529271	0.003095098
8.532604	0.003074464
8.535937	0.003033196
8.53927	0.00295066
8.542604	0.00284749
8.545938	0.00274432
8.549271	0.002620517
8.552604	0.002517347
8.555938	0.002414177
8.559271	0.002331641
8.562604	0.002269739
8.565937	0.002228471
8.569271	0.002228471
8.572604	0.002249105
8.575937	0.002311007
8.57927	0.002414177
8.582604	0.002537981
8.585938	0.002661784
8.589271	0.002806222
8.592605	0.002909392
8.595938	0.003012562
8.599271	0.00305383
8.602604	0.003074464
8.605938	0.003033196
8.609271	0.002971294
8.612604	0.002868124
8.615937	0.002764954
8.619271	0.00264115
8.622604	0.002517347
8.625937	0.002414177
8.629271	0.002331641
8.632605	0.002269739
8.635938	0.002228471
8.639271	0.002228471
8.642604	0.002249105
8.645938	0.002269739
8.649271	0.002311007
8.652604	0.002331641
8.655937	0.002372909
8.659271	0.002393543
8.662604	0.002414177
8.665937	0.002414177
8.669271	0.002372909
8.672605	0.002311007
8.675938	0.002228471
8.679271	0.0021253
8.682604	0.00202213
8.685938	0.00191896
8.689271	0.001836425
8.692604	0.001753889
8.695937	0.001712621
8.699271	0.001691987
8.702604	0.001691987
8.705937	0.001712621
8.70927	0.001733255
8.712605	0.001753889
8.715938	0.001753889
8.719271	0.001733255
8.722604	0.001691987
8.725938	0.001630085
8.729271	0.001588817
8.732604	0.001547549
8.735937	0.001506281
8.739271	0.001506281
8.742604	0.001506281
8.745937	0.001547549
8.74927	0.001588817
8.752604	0.001671353
8.755938	0.001774523
8.759271	0.001857058
8.762604	0.001960228
8.765938	0.002063398
8.769271	0.002145935
8.772604	0.002228471
8.775937	0.002290373
8.779271	0.002331641
8.782604	0.002352275
8.785937	0.002352275
8.78927	0.002352275
8.792604	0.002331641
8.795938	0.002290373
8.799271	0.002269739
8.802604	0.002228471
8.805938	0.002207837
8.809271	0.002166569
8.812604	0.0021253
8.815937	0.002084032
8.819271	0.00202213
8.822604	0.001939594
8.825937	0.001836425
8.82927	0.001733255
8.832604	0.001609451
8.835938	0.001506281
8.839271	0.001423745
8.842605	0.001361843
8.845938	0.001320575
8.849271	0.001320575
8.852604	0.001361843
8.855938	0.001382477
8.859271	0.001423745
8.862604	0.001465013
8.865937	0.001485647
8.869271	0.001506281
8.872604	0.001506281
8.875937	0.001485647
8.879271	0.001485647
8.882605	0.001506281
8.885938	0.001526915
8.889271	0.001568183
8.892604	0.001630085
8.895938	0.001712621
8.899271	0.001815791
8.902604	0.00191896
8.905937	0.00202213
8.909271	0.002104666
8.912604	0.002145935
8.915937	0.002166569
8.919271	0.002145935
8.922605	0.002104666
8.925938	0.002042764
8.929271	0.001939594
8.932604	0.001836425
8.935938	0.001753889
8.939271	0.001671353
8.942604	0.001588817
8.945937	0.001526915
8.949271	0.001485647
8.952604	0.001465013
8.955937	0.001423745
8.95927	0.001423745
8.962605	0.001403111
8.965938	0.001382477
8.969271	0.001361843
8.972604	0.001341209
8.975938	0.001320575
8.979271	0.001320575
8.982604	0.001299941
8.985937	0.001258673
8.989271	0.001217405
8.992604	0.001155503
8.995937	0.001093601
8.99927	0.001011065
9.002604	0.0009285292
9.005938	0.0008666273
9.009271	0.0008047253
9.012604	0.0007634574
9.015938	0.0007428234
9.019271	0.0007840914
9.022604	0.0008459933
9.025937	0.0009491632
9.029271	0.001052333
9.032604	0.001155503
9.035937	0.001238039
9.03927	0.001299941
9.042604	0.001320575
9.045938	0.001320575
9.049271	0.001299941
9.052604	0.001258673
9.055938	0.001217405
9.059271	0.001176137
9.062604	0.001176137
9.065937	0.001196771
9.069271	0.001238039
9.072604	0.001299941
9.075937	0.001361843
9.07927	0.001423745
9.082604	0.001485647
9.085938	0.001547549
9.089271	0.001568183
9.092605	0.001588817
9.095938	0.001609451
9.099271	0.001609451
9.102604	0.001609451
9.105938	0.001609451
9.109271	0.001609451
9.112604	0.001609451
9.115937	0.001609451
9.119271	0.001630085
9.122604	0.001630085
9.125937	0.001630085
9.129271	0.001630085
9.132605	0.001630085
9.135938	0.001630085
9.139271	0.001630085
9.142604	0.001609451
9.145938	0.001588817
9.149271	0.001547549
9.152604	0.001506281
9.155937	0.001444379
9.159271	0.001382477
9.162604	0.001341209
9.165937	0.001299941
9.169271	0.001299941
9.172605	0.001341209
9.175938	0.001423745
9.179271	0.001568183
9.182604	0.001712621
9.185938	0.001898326
9.189271	0.002084032
9.192604	0.002249105
9.195937	0.002372909
9.199271	0.002455445
9.202604	0.002476079
9.205937	0.002455445
9.20927	0.002414177
9.212605	0.002331641
9.215938	0.002269739
9.219271	0.002207837
9.222604	0.002145935
9.225938	0.002104666
9.229271	0.002063398
9.232604	0.00202213
9.235937	0.001980862
9.239271	0.00191896
9.242604	0.001836425
9.245937	0.001753889
9.24927	0.001650719
9.252604	0.001547549
9.255938	0.001465013
9.259271	0.001382477
9.262604	0.001299941
9.265938	0.001238039
9.269271	0.001176137
9.272604	0.001134869
9.275937	0.001093601
9.279271	0.001072967
9.282604	0.001052333
9.285937	0.001031699
9.28927	0.001011065
9.292604	0.001031699
9.295938	0.001052333
9.299271	0.001093601
9.302604	0.001155503
9.305938	0.001238039
9.309271	0.001320575
9.312604	0.001403111
9.315937	0.001506281
9.319271	0.001568183
9.322604	0.001630085
9.325937	0.001671353
9.32927	0.001671353
9.332604	0.001671353
9.335938	0.001671353
9.339271	0.001650719
9.342605	0.001630085
9.345938	0.001609451
9.349271	0.001609451
9.352604	0.001588817
9.355938	0.001547549
9.359271	0.001526915
9.362604	0.001485647
9.365937	0.001444379
9.369271	0.001403111
9.372604	0.001361843
9.375937	0.001320575
9.379271	0.001299941
9.382605	0.001279307
9.385938	0.001299941
9.389271	0.001341209
9.392604	0.001403111
9.395938	0.001506281
9.399271	0.001609451
9.402604	0.001733255
9.405937	0.001857058
9.409271	0.001980862
9.412604	0.002104666
9.415937	0.002207837
9.419271	0.002269739
9.422605	0.002290373
9.425938	0.002269739
9.429271	0.002228471
9.432604	0.002166569
9.435938	0.002063398
9.439271	0.001980862
9.442604	0.001898326
9.445937	0.001815791
9.449271	0.001774523
9.452604	0.001753889
9.455937	0.001753889
9.45927	0.001795157
9.462605	0.001836425
9.465938	0.001898326
9.469271	0.00191896
9.472604	0.001939594
9.475938	0.00191896
9.479271	0.001898326
9.482604	0.001836425
9.485937	0.001774523
9.489271	0.001691987
9.492604	0.001630085
9.495937	0.001588817
9.49927	0.001547549
9.502604	0.001526915
9.505938	0.001526915
9.509271	0.001506281
9.512604	0.001485647
9.515938	0.001444379
9.519271	0.001382477
9.522604	0.001279307
9.525937	0.001155503
9.529271	0.001031699
9.532604	0.0008872613
9.535937	0.0007428234
9.53927	0.0006190195
9.542604	0.0005158496
9.545938	0.0004126797
9.549271	0.0003301437
9.552604	0.0002682418
9.555938	0.0002269738
9.559271	0.0001857058
9.562604	0.0001444379
9.565937	0.0001444379
9.569271	0.0001444379
9.572604	0.0001650719
9.575937	0.0002063398
9.57927	0.0002888758
9.582604	0.0003920457
9.585938	0.0005158496
9.589271	0.0006396535
9.592605	0.0007840914
9.595938	0.0008872613
9.599271	0.001011065
9.602604	0.001093601
9.605938	0.001155503
9.609271	0.001176137
9.612604	0.001196771
9.615937	0.001196771
9.619271	0.001196771
9.622604	0.001176137
9.625937	0.001176137
9.629271	0.001155503
9.632605	0.001134869
9.635938	0.001114235
9.639271	0.001114235
9.642604	0.001134869
9.645938	0.001176137
9.649271	0.001238039
9.652604	0.001341209
9.655937	0.001444379
9.659271	0.001547549
9.662604	0.001650719
9.665937	0.001733255
9.669271	0.001774523
9.672605	0.001774523
9.675938	0.001733255
9.679271	0.001671353
9.682604	0.001568183
9.685938	0.001465013
9.689271	0.001361843
9.692604	0.001279307
9.695937	0.001238039
9.699271	0.001238039
9.702604	0.001238039
9.705937	0.001258673
9.70927	0.001279307
9.712605	0.001320575
9.715938	0.001320575
9.719271	0.001320575
9.722604	0.001299941
9.725938	0.001279307
9.729271	0.001238039
9.732604	0.001176137
9.735937	0.001114235
9.739271	0.001052333
9.742604	0.0009491632
9.745937	0.0008666273
9.74927	0.0007428234
9.752604	0.0006396535
9.755938	0.0005158496
9.759271	0.0004126797
9.762604	0.0003301437
9.765938	0.0002682418
9.769271	0.0002476078
9.772604	0.0002476078
9.775937	0.0002682418
9.779271	0.0003095097
9.782604	0.0003507777
9.785937	0.0004126797
9.78927	0.0004539476
9.792604	0.0004952156
9.795938	0.0005364836
9.799271	0.0005571175
9.802604	0.0005777515
9.805938	0.0005983855
9.809271	0.0006190195
9.812604	0.0006396535
9.815937	0.0006396535
9.819271	0.0006396535
9.822604	0.0006190195
9.825937	0.0006190195
9.82927	0.0005983855
9.832604	0.0005983855
9.835938	0.0006190195
9.839271	0.0006396535
9.842605	0.0006809214
9.845938	0.0007428234
9.849271	0.0008047253
9.852604	0.0008872613
9.855938	0.0009697972
9.859271	0.001031699
9.862604	0.001052333
9.865937	0.001072967
9.869271	0.001052333
9.872604	0.001031699
9.875937	0.0009697972
9.879271	0.0009078953
9.882605	0.0008459933
9.885938	0.0008047253
9.889271	0.0007634574
9.892604	0.0007428234
9.895938	0.0007221894
9.899271	0.0007428234
9.902604	0.0007634574
9.905937	0.0007840914
9.909271	0.0008047253
9.912604	0.0008253593
9.915937	0.0008459933
9.919271	0.0008666273
9.922605	0.0008872613
9.925938	0.0009078953
9.929271	0.0009285292
9.932604	0.0009697972
9.935938	0.001011065
9.939271	0.001052333
9.942604	0.001093601
9.945937	0.001155503
9.949271	0.001217405
9.952604	0.001299941
9.955937	0.001361843
9.95927	0.001423745
9.962605	0.001465013
9.965938	0.001485647
9.969271	0.001485647
9.972604	0.001423745
9.975938	0.001320575
9.979271	0.001155503
9.982604	0.0009697972
9.985937	0.0007428234
9.989271	0.0005158496
9.992604	0.0003095097
9.995937	0.0001238039
9.99927	0
}
[PEAK]
{
Peak ID	1
Peak Ref	1
Time	4.223415
Peak	3.829271	4.385938
Intensity	-1.233816e-05	4.148484e-05
Height	0.0004918479
AreaAbs	111.1882
Area %BP	0.003665528
Area %Total	0.003654419
Width	0.5566669
}
[PEAK]
{
Peak ID	2
Peak Ref	2
Time	4.473894
Peak	4.385938	4.545938
Intensity	-1.233816e-05	4.148484e-05
Height	0.0002760621
AreaAbs	42.48937
Area %BP	0.001400742
Area %Total	0.001396497
Width	0.1599998
}
[PEAK]
{
Peak ID	3
Peak Ref	3
Time	4.923919
Peak	4.545938	6.322604
Intensity	-1.233816e-05	4.148484e-05
Height	0.2888901
AreaAbs	50555.8
Area %BP	1.666667
Area %Total	1.661616
Width	1.776667
}
}
}
}
