[SAMPLE]
{
Sample	1
Well	1:B,8
FileName	
SampleID	ASD-E-2601020-006
SampleDescription	Aquired with Galaxy
Date	06-Jan-2026
Time	18:47:36 PRC
JobCode	
TaskCode	
UserName	Congcong_Liu2
LabName	Aquired with Galaxy
Instrument	MS_L_19_062
Conditions	
Submitter	Mengting_Wang
SampleType	
Plate	
Method	
Process	Galaxy
MSTune	
MSMethod	
InletMethod	
PreRunMethod	
PostRunMethod	
SwitchMethod	
FractionMethod	
AcquisitionProcess	
AcquisitionProcessParameters	
AcquisitionProcessOptions	
InjectionVolume	25
ReportScheme	
SampleReportEnable	0
SampleReportFormat	
AnalysisTime	0
[COMPOUND]
{
;Mono Mass	Formula
}
[FUNCTION]
{
Function	1
IonMode	ES+
Type	MS
Description	(0:0)
[SPECTRUM]
{
ProcDesc	0.00:Combine
State	OK
Peak ID	0
Peak Ref	0
Time	0
TIC	0
BPI	0
BPM	0
Continuum	FALSE
Saved	FALSE
[MASSES]
{
;Mass	Exp. Mass	Obs. Mass	% BPI	Int. Abs
}
[RESULTS]
{
;Mass	Found	% BPI	% Purity
}
[MS]
{
;Mass	% BPI
0	0
}
}
[CHROMATOGRAM]
{
TraceNumber	1
Description	scroll down chrom view to see 2D LC chrom
ProcDesc	
MaxIntensity	0
[TRACE]
{
0	0
}
[PEAK]
{
Peak ID	0
Peak Ref	0
Time	0
Peak	0
Intensity	0	0
Height	0
AreaAbs	0
Area %BP	0
Area %Total	0
}
}
}
[FUNCTION]
{
Function	0
Description	ANALOG
[CHROMATOGRAM]
{
TraceNumber	2
Description	LC
ProcDesc	Result Id:1092, VWD: Signal A, 280 nm
MaxIntensity	0.195558
[TRACE]
{
;Time	Int. %Max
0.002604167	0.1683065
0.0059375	0.1682455
0.009270833	0.1681541
0.01260417	0.1680627
0.0159375	0.1679712
0.01927083	0.1679103
0.02260417	0.1678188
0.0259375	0.1677884
0.02927083	0.1677274
0.03260417	0.1676969
0.0359375	0.1676664
0.03927083	0.1676055
0.04260417	0.1675445
0.0459375	0.1674531
0.04927083	0.1673616
0.05260416	0.1672702
0.0559375	0.1671788
0.05927083	0.1670873
0.06260417	0.1670264
0.0659375	0.1669654
0.06927083	0.1669349
0.07260416	0.1669045
0.0759375	0.1669045
0.07927083	0.1669045
0.08260417	0.1669045
0.0859375	0.1669045
0.08927083	0.1669045
0.09260417	0.166874
0.0959375	0.1668435
0.09927084	0.1667521
0.1026042	0.1666606
0.1059375	0.1665387
0.1092708	0.1664168
0.1126042	0.1662949
0.1159375	0.166173
0.1192708	0.1660815
0.1226042	0.1660206
0.1259375	0.166051
0.1292708	0.166112
0.1326042	0.1662034
0.1359375	0.1663254
0.1392708	0.1664473
0.1426042	0.1665082
0.1459375	0.1665692
0.1492708	0.1665692
0.1526042	0.1665387
0.1559375	0.1664777
0.1592708	0.1663863
0.1626042	0.1662949
0.1659375	0.1662034
0.1692708	0.1661425
0.1726042	0.166112
0.1759375	0.1660815
0.1792708	0.166051
0.1826042	0.1660206
0.1859375	0.1659901
0.1892708	0.1659596
0.1926042	0.1659291
0.1959375	0.1658986
0.1992708	0.1658377
0.2026042	0.1658072
0.2059375	0.1657767
0.2092708	0.1657158
0.2126042	0.1656853
0.2159375	0.1656853
0.2192708	0.1656548
0.2226042	0.1656548
0.2259375	0.1656548
0.2292708	0.1656853
0.2326042	0.1657158
0.2359375	0.1657767
0.2392708	0.1658682
0.2426042	0.1659291
0.2459375	0.1659901
0.2492708	0.166051
0.2526042	0.166051
0.2559375	0.1659901
0.2592708	0.1658986
0.2626042	0.1657462
0.2659375	0.1655634
0.2692708	0.1653805
0.2726042	0.1651976
0.2759375	0.1650452
0.2792708	0.1649233
0.2826042	0.1648319
0.2859375	0.1647404
0.2892708	0.16471
0.2926042	0.16471
0.2959375	0.16471
0.2992708	0.16471
0.3026042	0.16471
0.3059375	0.16471
0.3092708	0.1647404
0.3126042	0.1647709
0.3159375	0.1648014
0.3192708	0.1648928
0.3226042	0.1649843
0.3259375	0.1650757
0.3292708	0.1651976
0.3326042	0.1652891
0.3359375	0.165411
0.3392708	0.1654719
0.3426042	0.1655024
0.3459375	0.1655024
0.3492708	0.1654719
0.3526042	0.165411
0.3559375	0.16535
0.3592708	0.1652891
0.3626042	0.1652586
0.3659375	0.1652586
0.3692708	0.1652586
0.3726042	0.1653195
0.3759375	0.165411
0.3792708	0.1654719
0.3826042	0.1655634
0.3859375	0.1655938
0.3892708	0.1655634
0.3926042	0.1655329
0.3959375	0.165411
0.3992708	0.1652891
0.4026042	0.1651062
0.4059375	0.1649233
0.4092708	0.16471
0.4126042	0.1645576
0.4159375	0.1644052
0.4192708	0.1642528
0.4226042	0.1641613
0.4259375	0.1640699
0.4292708	0.1639784
0.4326042	0.163948
0.4359375	0.163948
0.4392708	0.163948
0.4426042	0.1640089
0.4459375	0.1640699
0.4492708	0.1641613
0.4526042	0.1642832
0.4559375	0.1644052
0.4592708	0.1645271
0.4626042	0.164649
0.4659375	0.1647404
0.4692708	0.1648014
0.4726042	0.1648928
0.4759375	0.1649233
0.4792708	0.1649843
0.4826042	0.1650452
0.4859375	0.1651062
0.4892708	0.1651367
0.4926042	0.1651976
0.4959375	0.1652281
0.4992708	0.1652281
0.5026042	0.1652586
0.5059375	0.1652586
0.5092708	0.1652586
0.5126042	0.1652891
0.5159375	0.1653195
0.5192708	0.165411
0.5226042	0.1655329
0.5259375	0.1656853
0.5292708	0.1658377
0.5326042	0.1660206
0.5359375	0.1662034
0.5392708	0.1664168
0.5426041	0.1666301
0.5459375	0.166874
0.5492708	0.1671178
0.5526041	0.1673921
0.5559375	0.1676969
0.5592709	0.1680322
0.5626042	0.1683675
0.5659375	0.1687332
0.5692708	0.169099
0.5726042	0.1694647
0.5759375	0.1698
0.5792708	0.1701353
0.5826042	0.1704401
0.5859375	0.1707448
0.5892708	0.1710496
0.5926042	0.171324
0.5959375	0.1715678
0.5992708	0.1718116
0.6026042	0.172025
0.6059375	0.1721774
0.6092708	0.1723298
0.6126041	0.1724517
0.6159375	0.1725736
0.6192709	0.172665
0.6226042	0.1727565
0.6259375	0.1729089
0.6292709	0.1730613
0.6326042	0.1733051
0.6359375	0.1735489
0.6392708	0.1738537
0.6426042	0.174189
0.6459375	0.1745243
0.6492708	0.17489
0.6526042	0.1752253
0.6559375	0.1755606
0.6592708	0.1758654
0.6626042	0.1761397
0.6659375	0.1763835
0.6692708	0.1766273
0.6726041	0.1768102
0.6759375	0.1769626
0.6792708	0.1770845
0.6826042	0.1771455
0.6859375	0.1771455
0.6892709	0.1770845
0.6926042	0.1769626
0.6959375	0.1768407
0.6992708	0.1766578
0.7026042	0.1765054
0.7059375	0.176353
0.7092708	0.1762311
0.7126042	0.1761397
0.7159375	0.1761092
0.7192708	0.1760482
0.7226042	0.1760178
0.7259375	0.1759568
0.7292708	0.1758349
0.7326041	0.1756215
0.7359375	0.1753472
0.7392708	0.1750119
0.7426042	0.1745548
0.7459375	0.1740671
0.7492709	0.173488
0.7526042	0.1729089
0.7559375	0.1722688
0.7592708	0.1716592
0.7626042	0.1710496
0.7659375	0.1704705
0.7692708	0.1699524
0.7726042	0.1694647
0.7759375	0.1690075
0.7792708	0.1685808
0.7826042	0.1682151
0.7859375	0.1678493
0.7892708	0.1674836
0.7926041	0.1671178
0.7959375	0.1667825
0.7992708	0.1664473
0.8026041	0.1660815
0.8059375	0.1657767
0.8092709	0.1654719
0.8126042	0.1652281
0.8159375	0.1649843
0.8192708	0.1647709
0.8226042	0.164588
0.8259375	0.1644052
0.8292708	0.1642528
0.8326042	0.1641004
0.8359375	0.1639784
0.8392708	0.1638261
0.8426042	0.1637041
0.8459375	0.1635517
0.8492708	0.1633993
0.8526042	0.1632165
0.8559375	0.1630336
0.8592708	0.1628202
0.8626041	0.1626069
0.8659375	0.162363
0.8692709	0.1621192
0.8726042	0.1618754
0.8759375	0.161662
0.8792709	0.1614791
0.8826042	0.1613572
0.8859375	0.1612963
0.8892708	0.1613268
0.8926042	0.1613877
0.8959375	0.1615096
0.8992708	0.161662
0.9026042	0.1618449
0.9059375	0.1620278
0.9092708	0.1621802
0.9126042	0.1622716
0.9159375	0.1623021
0.9192708	0.1622716
0.9226041	0.1621497
0.9259375	0.1619668
0.9292708	0.161723
0.9326042	0.1614487
0.9359375	0.1611744
0.9392709	0.1609305
0.9426042	0.1606867
0.9459375	0.1605038
0.9492708	0.1603819
0.9526042	0.1603209
0.9559375	0.1603209
0.9592708	0.1603514
0.9626042	0.1604124
0.9659375	0.1604733
0.9692708	0.1605343
0.9726042	0.1606257
0.9759375	0.1606867
0.9792708	0.1607172
0.9826041	0.1607172
0.9859375	0.1607172
0.9892708	0.1606562
0.9926042	0.1605953
0.9959375	0.1605038
0.9992709	0.1604124
1.002604	0.16026
1.005937	0.1601381
1.009271	0.1600161
1.012604	0.1599247
1.015937	0.1598333
1.019271	0.1597723
1.022604	0.1597418
1.025938	0.1597114
1.029271	0.1596809
1.032604	0.1596504
1.035938	0.1596504
1.039271	0.1595894
1.042604	0.1595285
1.045938	0.1594066
1.049271	0.1593151
1.052604	0.1591932
1.055938	0.1591018
1.059271	0.1590408
1.062604	0.1589798
1.065938	0.1589189
1.069271	0.1589189
1.072604	0.1589189
1.075938	0.1589189
1.079271	0.1588884
1.082604	0.1588579
1.085938	0.1588275
1.089271	0.1587665
1.092604	0.158736
1.095937	0.1587055
1.099271	0.1587055
1.102604	0.158736
1.105937	0.158797
1.109271	0.1588579
1.112604	0.1588884
1.115937	0.1589189
1.119271	0.1589189
1.122604	0.1588579
1.125937	0.158797
1.129271	0.1587055
1.132604	0.1586446
1.135937	0.1586141
1.139271	0.1586446
1.142604	0.158736
1.145937	0.1589189
1.149271	0.1591018
1.152604	0.1593151
1.155938	0.1595285
1.159271	0.1596809
1.162604	0.1597723
1.165938	0.1598028
1.169271	0.1597418
1.172604	0.1596199
1.175938	0.159437
1.179271	0.1591932
1.182604	0.1589798
1.185938	0.158736
1.189271	0.1585227
1.192604	0.1583093
1.195938	0.1581264
1.199271	0.157974
1.202604	0.1578216
1.205938	0.1576997
1.209271	0.1575778
1.212604	0.1574559
1.215937	0.157334
1.219271	0.1572121
1.222604	0.1571206
1.225937	0.1570292
1.229271	0.1569682
1.232604	0.1569073
1.235937	0.1568768
1.239271	0.1568158
1.242604	0.1567853
1.245937	0.1567549
1.249271	0.1567244
1.252604	0.1566939
1.255937	0.1566025
1.259271	0.156511
1.262604	0.1563891
1.265937	0.1562672
1.269271	0.1561758
1.272604	0.1561453
1.275938	0.1561148
1.279271	0.1561148
1.282604	0.1561453
1.285938	0.1561758
1.289271	0.1562672
1.292604	0.1563282
1.295938	0.1563891
1.299271	0.1564501
1.302604	0.156511
1.305938	0.156572
1.309271	0.1566634
1.312604	0.1567549
1.315938	0.1568463
1.319271	0.1569682
1.322604	0.1571206
1.325938	0.1573035
1.329271	0.1574864
1.332604	0.1576997
1.335938	0.1578826
1.339271	0.158035
1.342604	0.1581264
1.345937	0.1581874
1.349271	0.1581569
1.352604	0.158096
1.355937	0.1579436
1.359271	0.1577607
1.362604	0.1575473
1.365937	0.1573644
1.369271	0.1572121
1.372604	0.1571511
1.375937	0.1571511
1.379271	0.1572425
1.382604	0.1573949
1.385937	0.1575778
1.389271	0.1578216
1.392604	0.158035
1.395937	0.1582483
1.399271	0.1584312
1.402604	0.1585836
1.405938	0.158736
1.409271	0.1588275
1.412604	0.1589494
1.415938	0.1591018
1.419271	0.1592542
1.422604	0.1594675
1.425938	0.1596809
1.429271	0.1599247
1.432604	0.1601685
1.435938	0.1604124
1.439271	0.1606562
1.442604	0.1608391
1.445938	0.1609915
1.449271	0.1610829
1.452604	0.1611439
1.455938	0.1611744
1.459271	0.1611744
1.462604	0.1611439
1.465937	0.1610829
1.469271	0.161022
1.472604	0.160961
1.475937	0.1609305
1.479271	0.1609
1.482604	0.1609
1.485937	0.1609
1.489271	0.1609
1.492604	0.1609305
1.495937	0.1609915
1.499271	0.1610829
1.502604	0.1611744
1.505937	0.1612658
1.509271	0.1613268
1.512604	0.1613877
1.515937	0.1613877
1.519271	0.1613572
1.522604	0.1612658
1.525938	0.1611439
1.529271	0.160961
1.532604	0.1607476
1.535938	0.1605343
1.539271	0.1603209
1.542604	0.1601381
1.545938	0.1599552
1.549271	0.1598333
1.552604	0.1597418
1.555938	0.1596809
1.559271	0.1596504
1.562604	0.1596504
1.565938	0.1596504
1.569271	0.1596809
1.572604	0.1596809
1.575938	0.1597114
1.579271	0.1596809
1.582604	0.1596504
1.585938	0.1595894
1.589271	0.159498
1.592604	0.1593761
1.595937	0.1592237
1.599271	0.1590713
1.602604	0.1589189
1.605937	0.1587665
1.609271	0.1586141
1.612604	0.1584922
1.615937	0.1584007
1.619271	0.1583093
1.622604	0.1582179
1.625937	0.1581264
1.629271	0.1580045
1.632604	0.1578521
1.635937	0.1576692
1.639271	0.1574559
1.642604	0.1572425
1.645937	0.1569987
1.649271	0.1567549
1.652604	0.156572
1.655938	0.1563891
1.659271	0.1562672
1.662604	0.1561758
1.665938	0.1561453
1.669271	0.1561148
1.672604	0.1561148
1.675938	0.1561453
1.679271	0.1561453
1.682604	0.1561453
1.685938	0.1561148
1.689271	0.1560538
1.692604	0.1559929
1.695938	0.155871
1.699271	0.1557186
1.702604	0.1555662
1.705938	0.1553528
1.709271	0.1551395
1.712604	0.1549261
1.715937	0.1546823
1.719271	0.1544689
1.722604	0.1542251
1.725937	0.1539812
1.729271	0.1537679
1.732604	0.153585
1.735937	0.1533717
1.739271	0.1531888
1.742604	0.1530059
1.745937	0.152823
1.749271	0.1526706
1.752604	0.1525487
1.755937	0.1524268
1.759271	0.1523354
1.762604	0.1523354
1.765937	0.1523658
1.769271	0.1524573
1.772604	0.1526097
1.775938	0.152823
1.779271	0.1530364
1.782604	0.1533107
1.785938	0.153585
1.789271	0.1538289
1.792604	0.1540727
1.795938	0.154286
1.799271	0.1544689
1.802604	0.1545908
1.805938	0.1547128
1.809271	0.1548042
1.812604	0.1548956
1.815938	0.1549566
1.819271	0.1549871
1.822604	0.155048
1.825938	0.155048
1.829271	0.1550785
1.832604	0.155048
1.835938	0.1550175
1.839271	0.1549871
1.842604	0.1549261
1.845937	0.1548956
1.849271	0.1548651
1.852604	0.1548347
1.855937	0.1548347
1.859271	0.1548651
1.862604	0.1548956
1.865937	0.1549261
1.869271	0.1549566
1.872604	0.1549566
1.875937	0.1548956
1.879271	0.1548347
1.882604	0.1547737
1.885937	0.1546823
1.889271	0.1546213
1.892604	0.1545604
1.895937	0.1545604
1.899271	0.1545604
1.902604	0.1545908
1.905938	0.1546213
1.909271	0.1546823
1.912604	0.1547128
1.915938	0.1547432
1.919271	0.1547432
1.922604	0.1547737
1.925938	0.1548042
1.929271	0.1548347
1.932604	0.1548956
1.935938	0.1549566
1.939271	0.155048
1.942604	0.155109
1.945938	0.1552004
1.949271	0.1552614
1.952604	0.1553223
1.955938	0.1553528
1.959271	0.1553833
1.962604	0.1554138
1.965937	0.1554443
1.969271	0.1554747
1.972604	0.1554747
1.975937	0.1554747
1.979271	0.1554747
1.982604	0.1554747
1.985937	0.1554443
1.989271	0.1553833
1.992604	0.1553528
1.995937	0.1552919
1.999271	0.1552309
2.002604	0.1551699
2.005938	0.155109
2.009271	0.155048
2.012604	0.1549566
2.015938	0.1548651
2.019271	0.1547432
2.022604	0.1546213
2.025938	0.1544689
2.029271	0.154347
2.032604	0.1542556
2.035938	0.1541641
2.039271	0.1541032
2.042604	0.1541032
2.045938	0.1541032
2.049271	0.1541641
2.052604	0.1542556
2.055938	0.154347
2.059271	0.1544384
2.062604	0.1545299
2.065938	0.1545908
2.069271	0.1546213
2.072604	0.1546213
2.075938	0.1545908
2.079271	0.1545299
2.082604	0.1544384
2.085938	0.1543165
2.089271	0.1541641
2.092604	0.1540422
2.095937	0.1538898
2.099271	0.1537679
2.102604	0.1536765
2.105937	0.153646
2.109271	0.1536155
2.112604	0.1536765
2.115937	0.1537679
2.119271	0.1538898
2.122604	0.1540422
2.125937	0.1542251
2.129271	0.154408
2.132604	0.1545908
2.135937	0.1547432
2.139271	0.1548651
2.142604	0.1549566
2.145937	0.1549566
2.149271	0.1549566
2.152604	0.1548956
2.155937	0.1548651
2.159271	0.1548042
2.162604	0.1547737
2.165937	0.1548042
2.169271	0.1548651
2.172604	0.1549871
2.175937	0.155109
2.179271	0.1552919
2.182604	0.1554138
2.185937	0.1555052
2.189271	0.1555357
2.192604	0.1554443
2.195937	0.1552919
2.199271	0.155048
2.202604	0.1547128
2.205937	0.154347
2.209271	0.1539508
2.212604	0.153585
2.215938	0.1532193
2.219271	0.152945
2.222604	0.1527316
2.225938	0.1525792
2.229271	0.1524878
2.232604	0.1524573
2.235938	0.1524573
2.239271	0.1524573
2.242604	0.1524573
2.245938	0.1524268
2.249271	0.1523963
2.252604	0.1523354
2.255938	0.1522135
2.259271	0.1520306
2.262604	0.1518477
2.265938	0.1516648
2.269271	0.1514819
2.272604	0.1513296
2.275938	0.1512076
2.279271	0.1511162
2.282604	0.1510552
2.285938	0.1510248
2.289271	0.1510248
2.292604	0.1510552
2.295938	0.1510552
2.299271	0.1510248
2.302604	0.1509638
2.305938	0.1508724
2.309271	0.1507809
2.312604	0.150659
2.315938	0.1505066
2.319271	0.1503542
2.322604	0.1502323
2.325938	0.1500799
2.329271	0.149958
2.332604	0.1498665
2.335938	0.1497751
2.339271	0.1496837
2.342604	0.1495922
2.345937	0.1495008
2.349271	0.1494094
2.352604	0.1493484
2.355937	0.1493179
2.359271	0.1493179
2.362604	0.1493179
2.365937	0.1494094
2.369271	0.1495008
2.372604	0.1496532
2.375937	0.1498056
2.379271	0.149958
2.382604	0.1501104
2.385937	0.1502018
2.389271	0.1502628
2.392604	0.1502323
2.395937	0.1501713
2.399271	0.1500189
2.402604	0.1498665
2.405937	0.1496532
2.409271	0.1494094
2.412604	0.1491655
2.415937	0.1489522
2.419271	0.1487083
2.422604	0.148495
2.425937	0.1483121
2.429271	0.1481292
2.432604	0.1479768
2.435937	0.147794
2.439271	0.147672
2.442604	0.1475501
2.445937	0.1474282
2.449271	0.1473368
2.452604	0.1472453
2.455937	0.1471539
2.459271	0.1470625
2.462604	0.146971
2.465938	0.1469101
2.469271	0.1468491
2.472604	0.1467881
2.475938	0.1467272
2.479271	0.1466967
2.482604	0.1466967
2.485938	0.1467272
2.489271	0.1467577
2.492604	0.1468186
2.495938	0.1469101
2.499271	0.1470015
2.502604	0.1471234
2.505938	0.1472149
2.509271	0.1473368
2.512604	0.1474282
2.515938	0.1474587
2.519271	0.1474892
2.522604	0.1474587
2.525938	0.1473672
2.529271	0.1472149
2.532604	0.1470625
2.535938	0.1468491
2.539271	0.1466357
2.542604	0.1464224
2.545938	0.1462395
2.549271	0.1460871
2.552604	0.1459957
2.555938	0.1459042
2.559271	0.1458738
2.562604	0.1458738
2.565938	0.1458738
2.569271	0.1458738
2.572604	0.1459347
2.575938	0.1459652
2.579271	0.1460262
2.582604	0.1460871
2.585938	0.1461786
2.589271	0.1462395
2.592604	0.1463005
2.595937	0.146331
2.599271	0.146331
2.602604	0.146331
2.605937	0.1463005
2.609271	0.1462395
2.612604	0.1461786
2.615937	0.1461176
2.619271	0.1460871
2.622604	0.1460566
2.625937	0.1460566
2.629271	0.1460871
2.632604	0.1461481
2.635937	0.1461481
2.639271	0.1461786
2.642604	0.1461786
2.645937	0.1461481
2.649271	0.1460871
2.652604	0.1459652
2.655937	0.1458433
2.659271	0.1457214
2.662604	0.145569
2.665937	0.1454471
2.669271	0.1453251
2.672604	0.1452337
2.675937	0.1451727
2.679271	0.1451423
2.682604	0.1451727
2.685937	0.1452642
2.689271	0.1453861
2.692604	0.145508
2.695937	0.1456909
2.699271	0.1458433
2.702604	0.1459957
2.705937	0.1461176
2.709271	0.146209
2.712604	0.1462395
2.715938	0.1461786
2.719271	0.1460871
2.722604	0.1459347
2.725938	0.1457518
2.729271	0.145569
2.732604	0.1453861
2.735938	0.1452337
2.739271	0.1451423
2.742604	0.1451118
2.745938	0.1451423
2.749271	0.1452337
2.752604	0.1453556
2.755938	0.1455385
2.759271	0.1457214
2.762604	0.1459347
2.765938	0.1461481
2.769271	0.1463614
2.772604	0.1465748
2.775938	0.1467577
2.779271	0.1469101
2.782604	0.147032
2.785938	0.1471234
2.789271	0.1471539
2.792604	0.1471539
2.795938	0.1470625
2.799271	0.1469405
2.802604	0.1467577
2.805938	0.1465443
2.809271	0.1463005
2.812604	0.1460262
2.815938	0.1458128
2.819271	0.1455995
2.822604	0.1454471
2.825938	0.1453556
2.829271	0.1453251
2.832604	0.1453556
2.835938	0.1454471
2.839271	0.145569
2.842604	0.1457518
2.845937	0.1459042
2.849271	0.1460871
2.852604	0.1462395
2.855937	0.1463614
2.859271	0.1464529
2.862604	0.1465138
2.865937	0.1465138
2.869271	0.1465138
2.872604	0.1465138
2.875937	0.1465138
2.879271	0.1465138
2.882604	0.1465443
2.885937	0.1465748
2.889271	0.1466053
2.892604	0.1466662
2.895937	0.1467577
2.899271	0.1468186
2.902604	0.1468796
2.905937	0.1469101
2.909271	0.146971
2.912604	0.1470015
2.915937	0.147032
2.919271	0.147032
2.922604	0.147032
2.925937	0.1470015
2.929271	0.1469405
2.932604	0.1468796
2.935937	0.1468186
2.939271	0.1467577
2.942604	0.1467272
2.945937	0.1467272
2.949271	0.1467272
2.952604	0.1467577
2.955937	0.1468186
2.959271	0.1468796
2.962604	0.1469405
2.965938	0.146971
2.969271	0.1470015
2.972604	0.1470015
2.975938	0.1470015
2.979271	0.146971
2.982604	0.1469405
2.985938	0.1469405
2.989271	0.1469405
2.992604	0.146971
2.995938	0.147032
2.999271	0.1470625
3.002604	0.1471234
3.005938	0.1471844
3.009271	0.1472453
3.012604	0.1472758
3.015938	0.1472758
3.019271	0.1472453
3.022604	0.1471844
3.025938	0.1470625
3.029271	0.1469405
3.032604	0.1468186
3.035938	0.1466662
3.039271	0.1465443
3.042604	0.1464224
3.045938	0.1463005
3.049271	0.1462395
3.052604	0.1461786
3.055938	0.1461786
3.059271	0.1461786
3.062604	0.1461786
3.065938	0.1461786
3.069271	0.1461481
3.072604	0.1461176
3.075938	0.1460871
3.079271	0.1460262
3.082604	0.1459347
3.085938	0.1458738
3.089271	0.1457518
3.092604	0.1456604
3.095937	0.145569
3.099271	0.1454471
3.102604	0.1453556
3.105937	0.1452337
3.109271	0.1451118
3.112604	0.1449594
3.115937	0.1447765
3.119271	0.1446241
3.122604	0.1444717
3.125937	0.1443498
3.129271	0.1441974
3.132604	0.144045
3.135937	0.1439231
3.139271	0.1438012
3.142604	0.1436793
3.145937	0.1435573
3.149271	0.1434659
3.152604	0.1433745
3.155937	0.143344
3.159271	0.143344
3.162604	0.1433745
3.165937	0.1434354
3.169271	0.1435269
3.172604	0.1436793
3.175937	0.1438012
3.179271	0.1439536
3.182604	0.1440755
3.185937	0.1441669
3.189271	0.1442279
3.192604	0.1442584
3.195937	0.1442279
3.199271	0.1441669
3.202604	0.1440755
3.205937	0.1439536
3.209271	0.1438012
3.212604	0.1436488
3.215938	0.1434354
3.219271	0.1432525
3.222604	0.1430697
3.225938	0.1428868
3.229271	0.1427649
3.232604	0.1426734
3.235938	0.142643
3.239271	0.1426734
3.242604	0.1427954
3.245938	0.1430087
3.249271	0.1432525
3.252604	0.1435269
3.255938	0.1438012
3.259271	0.1440755
3.262604	0.1442584
3.265938	0.1443803
3.269271	0.1444108
3.272604	0.1443803
3.275938	0.1443193
3.279271	0.1441974
3.282604	0.144045
3.285938	0.1439231
3.289271	0.1438012
3.292604	0.1437402
3.295938	0.1437097
3.299271	0.1437402
3.302604	0.1438317
3.305938	0.1439536
3.309271	0.1441669
3.312604	0.1444108
3.315938	0.1447156
3.319271	0.1450508
3.322604	0.1454166
3.325938	0.1458433
3.329271	0.14627
3.332604	0.1467272
3.335938	0.1472453
3.339271	0.147794
3.342604	0.1484035
3.345937	0.1491046
3.349271	0.149897
3.352604	0.1508114
3.355937	0.1518172
3.359271	0.1529145
3.362604	0.1541032
3.365937	0.1553528
3.369271	0.1566329
3.372604	0.1579131
3.375937	0.1592237
3.379271	0.1605343
3.382604	0.1618754
3.385937	0.163186
3.389271	0.1644966
3.392604	0.1658377
3.395937	0.1671788
3.399271	0.1685199
3.402604	0.1698305
3.405937	0.1711716
3.409271	0.1725126
3.412604	0.1738537
3.415937	0.1752253
3.419271	0.1765969
3.422604	0.1779989
3.425937	0.1794314
3.429271	0.180864
3.432604	0.182327
3.435937	0.1838204
3.439271	0.1853444
3.442604	0.1868989
3.445937	0.1884838
3.449271	0.1900992
3.452604	0.1917451
3.455937	0.1934214
3.459271	0.1950978
3.462604	0.1968046
3.465938	0.1985115
3.469271	0.2002488
3.472604	0.2019861
3.475938	0.2037234
3.479271	0.2055217
3.482604	0.2073504
3.485938	0.2092097
3.489271	0.2111299
3.492604	0.213111
3.495938	0.2151227
3.499271	0.2171952
3.502604	0.2193288
3.505938	0.2214928
3.509271	0.2237483
3.512604	0.2260342
3.515938	0.2284116
3.519271	0.23085
3.522604	0.2333797
3.525938	0.23594
3.529271	0.2385917
3.532604	0.2412739
3.535938	0.2439865
3.539271	0.2466992
3.542604	0.2494728
3.545938	0.2523074
3.549271	0.2552334
3.552604	0.2582508
3.555938	0.2614207
3.559271	0.2647124
3.562604	0.2681871
3.565938	0.2718446
3.569271	0.275624
3.572604	0.2795863
3.575938	0.2836096
3.579271	0.2877243
3.582604	0.2918694
3.585938	0.2960451
3.589271	0.3002512
3.592604	0.3045183
3.595937	0.3088464
3.599271	0.3132354
3.602604	0.3177463
3.605937	0.3223487
3.609271	0.327073
3.612604	0.3319192
3.615937	0.3368568
3.619271	0.3419164
3.622604	0.3470369
3.625937	0.3522184
3.629271	0.3574608
3.632604	0.3627642
3.635937	0.368159
3.639271	0.3735844
3.642604	0.3791011
3.645937	0.3847093
3.649271	0.3903784
3.652604	0.396139
3.655937	0.4019605
3.659271	0.407904
3.662604	0.4139694
3.665937	0.4201567
3.669271	0.4264964
3.672604	0.4330494
3.675937	0.4398463
3.679271	0.4469174
3.682604	0.4542934
3.685937	0.4620047
3.689271	0.4700207
3.692604	0.4784025
3.695937	0.4871196
3.699271	0.496172
3.702604	0.5055596
3.705937	0.5152825
3.709271	0.5253406
3.712604	0.535734
3.715938	0.5465237
3.719271	0.5577096
3.722604	0.5692917
3.725938	0.5812396
3.729271	0.5935837
3.732604	0.6062631
3.735938	0.6192472
3.739271	0.6324447
3.742604	0.6458556
3.745938	0.6593275
3.749271	0.6728907
3.752604	0.686454
3.755938	0.6999868
3.759271	0.7133976
3.762604	0.7267171
3.765938	0.7398536
3.769271	0.7528073
3.772604	0.7654867
3.775938	0.7778613
3.779271	0.7899006
3.782604	0.8015437
3.785938	0.8127601
3.789271	0.8234583
3.792604	0.8336384
3.795938	0.8432394
3.799271	0.8522307
3.802604	0.8605516
3.805938	0.8682019
3.809271	0.8751511
3.812604	0.8813994
3.815938	0.8869771
3.819271	0.8918843
3.822604	0.8961514
3.825938	0.8998698
3.829271	0.9030397
3.832604	0.9057828
3.835938	0.9081297
3.839271	0.9102328
3.842604	0.9121225
3.845937	0.9139208
3.849271	0.915719
3.852604	0.9176697
3.855937	0.9198947
3.859271	0.9225464
3.862604	0.9257467
3.865937	0.9296785
3.869271	0.9344638
3.872604	0.9402853
3.875937	0.9472956
3.879271	0.9556164
3.882604	0.9654002
3.885937	0.97683
3.889271	0.990058
3.892604	1.005206
3.895937	1.022549
3.899271	1.042178
3.902604	1.064305
3.905937	1.089116
3.909271	1.11673
3.912604	1.1473
3.915937	1.180889
3.919271	1.217616
3.922604	1.257452
3.925937	1.300428
3.929271	1.346452
3.932604	1.395493
3.935937	1.44743
3.939271	1.502171
3.942604	1.559563
3.945937	1.619424
3.949271	1.681572
3.952604	1.745822
3.955937	1.811901
3.959271	1.879565
3.962604	1.948509
3.965938	2.018367
3.969271	2.088805
3.972604	2.159456
3.975938	2.229893
3.979271	2.299721
3.982604	2.368483
3.985938	2.43575
3.989271	2.501128
3.992604	2.564129
3.995938	2.624386
3.999271	2.681474
4.002604	2.735057
4.005938	2.784769
4.009271	2.830305
4.012604	2.871391
4.015937	2.907813
4.019271	2.939329
4.022604	2.965785
4.025938	2.98709
4.029271	3.003061
4.032604	3.013729
4.035937	3.019032
4.039271	3.019032
4.042604	3.013729
4.045938	3.003244
4.049271	2.987669
4.052604	2.967187
4.055937	2.941981
4.059271	2.912233
4.062604	2.878218
4.065938	2.840119
4.069271	2.79824
4.072604	2.752826
4.075937	2.704212
4.079271	2.652702
4.082604	2.598571
4.085938	2.542184
4.089271	2.483877
4.092604	2.423985
4.095938	2.362874
4.099271	2.300819
4.102604	2.238184
4.105937	2.175275
4.109271	2.112335
4.112604	2.04967
4.115938	1.987492
4.119271	1.926015
4.122604	1.865453
4.125937	1.805988
4.129271	1.747742
4.132604	1.690959
4.135938	1.6357
4.139271	1.582148
4.142604	1.530425
4.145937	1.480622
4.149271	1.432891
4.152604	1.387325
4.155938	1.343983
4.159271	1.302958
4.162604	1.264371
4.165937	1.228253
4.169271	1.194757
4.172604	1.163912
4.175938	1.135901
4.179271	1.110817
4.182604	1.08875
4.185937	1.069853
4.189271	1.054308
4.192604	1.042299
4.195938	1.034009
4.199271	1.029681
4.202604	1.029559
4.205937	1.033979
4.209271	1.043214
4.212604	1.05763
4.215938	1.077686
4.219271	1.103807
4.222604	1.13648
4.225937	1.176286
4.229271	1.223803
4.232604	1.279702
4.235938	1.344715
4.239271	1.419511
4.242604	1.504975
4.245937	1.601868
4.249271	1.711075
4.252604	1.833419
4.255938	1.969783
4.259271	2.120991
4.262604	2.287865
4.265937	2.471228
4.269271	2.671812
4.272604	2.890349
4.275938	3.127386
4.279271	3.383442
4.282604	3.658944
4.285937	3.954136
4.289271	4.269108
4.292604	4.603801
4.295938	4.958001
4.299271	5.33122
4.302604	5.722817
4.305937	6.131971
4.309271	6.557553
4.312604	6.998253
4.315938	7.452516
4.319271	7.918574
4.322604	8.394385
4.325937	8.877725
4.329271	9.366156
4.332604	9.857055
4.335938	10.34765
4.339271	10.83504
4.342604	11.31628
4.345938	11.78834
4.349271	12.24821
4.352604	12.69285
4.355937	13.11928
4.359271	13.52459
4.362604	13.90601
4.365938	14.26091
4.369271	14.58686
4.372604	14.88153
4.375937	15.14301
4.379271	15.36953
4.382604	15.55979
4.385938	15.71264
4.389271	15.82736
4.392604	15.90359
4.395937	15.94123
4.399271	15.94056
4.402604	15.9021
4.405938	15.82669
4.409271	15.71551
4.412604	15.56994
4.415937	15.3916
4.419271	15.18233
4.422604	14.94414
4.425938	14.67915
4.429271	14.38978
4.432604	14.07834
4.435937	13.74737
4.439271	13.39932
4.442604	13.03674
4.445938	12.66212
4.449271	12.27784
4.452604	11.88636
4.455937	11.48989
4.459271	11.09058
4.462604	10.69045
4.465938	10.29142
4.469271	9.895184
4.472604	9.503373
4.475937	9.117414
4.479271	8.738618
4.482604	8.368112
4.485938	8.006903
4.489271	7.655782
4.492604	7.31545
4.495937	6.986457
4.499271	6.669138
4.502604	6.363735
4.505938	6.070403
4.509271	5.789171
4.512604	5.519947
4.515937	5.262611
4.519271	5.017009
4.522604	4.782897
4.525938	4.560003
4.529271	4.348019
4.532604	4.146613
4.535937	3.955416
4.539271	3.774004
4.542604	3.602009
4.545938	3.438975
4.549271	3.284446
4.552604	3.138023
4.555937	2.999251
4.559271	2.867764
4.562604	2.743134
4.565938	2.625027
4.569271	2.513137
4.572604	2.407069
4.575937	2.306579
4.579271	2.211331
4.582604	2.121052
4.585938	2.035497
4.589271	1.95433
4.592604	1.87737
4.595938	1.804312
4.599271	1.734971
4.602604	1.669166
4.605937	1.606714
4.609271	1.547463
4.612604	1.491229
4.615938	1.43792
4.619271	1.387325
4.622604	1.33935
4.625937	1.293875
4.629271	1.250717
4.632604	1.209783
4.635938	1.170952
4.639271	1.134103
4.642604	1.099204
4.645937	1.066104
4.649271	1.034741
4.652604	1.005054
4.655938	0.9770128
4.659271	0.9505264
4.662604	0.9255029
4.665937	0.9019119
4.669271	0.8796621
4.672604	0.8586923
4.675938	0.8389723
4.679271	0.8204104
4.682604	0.8029762
4.685937	0.7866088
4.689271	0.7712778
4.692604	0.7569525
4.695938	0.7436331
4.699271	0.7313194
4.702604	0.7199507
4.705937	0.7095877
4.709271	0.7001696
4.712604	0.6917269
4.715938	0.6842595
4.719271	0.6778283
4.722604	0.6723726
4.725937	0.6679836
4.729271	0.6646308
4.732604	0.6623754
4.735938	0.6612477
4.739271	0.6613086
4.742604	0.6626802
4.745937	0.6654233
4.749271	0.6696294
4.752604	0.6754815
4.755938	0.6830708
4.759271	0.6925803
4.762604	0.7041624
4.765937	0.717939
4.769271	0.7340931
4.772604	0.7528073
4.775938	0.7742342
4.779271	0.7985872
4.782604	0.8260186
4.785937	0.8567722
4.789271	0.8910613
4.792604	0.9290385
4.795938	0.9710084
4.799271	1.017154
4.802604	1.06775
4.805937	1.123039
4.809271	1.183296
4.812604	1.248705
4.815938	1.319569
4.819271	1.396072
4.822604	1.478458
4.825937	1.566878
4.829271	1.661516
4.832604	1.762524
4.835938	1.870025
4.839271	1.984139
4.842604	2.104929
4.845938	2.232515
4.849271	2.366989
4.852604	2.508382
4.855937	2.656816
4.859271	2.812322
4.862604	2.97499
4.865938	3.14482
4.869271	3.321935
4.872604	3.506426
4.875937	3.698384
4.879271	3.897993
4.882604	4.105526
4.885938	4.321258
4.889271	4.545647
4.892604	4.77924
4.895937	5.022739
4.899271	5.276997
4.902604	5.543081
4.905938	5.82221
4.909271	6.115878
4.912604	6.425822
4.915937	6.754083
4.919271	7.102949
4.922604	7.475131
4.925938	7.873587
4.929271	8.301698
4.932604	8.763123
4.935937	9.261916
4.939271	9.802497
4.942604	10.38956
4.945938	11.02822
4.949271	11.72382
4.952604	12.48193
4.955937	13.30847
4.959271	14.2094
4.962604	15.1909
4.965938	16.25913
4.969271	17.42018
4.972604	18.67998
4.975937	20.04405
4.979271	21.51757
4.982604	23.10517
4.985938	24.81073
4.989271	26.63732
4.992604	28.58702
4.995937	30.66083
4.999271	32.85847
5.002604	35.17846
5.005938	37.61784
5.009271	40.17216
5.012604	42.83538
5.015937	45.59969
5.019271	48.45566
5.022604	51.39197
5.025938	54.39564
5.029271	57.45192
5.032604	60.54441
5.035937	63.65521
5.039271	66.76516
5.042604	69.85402
5.045938	72.90085
5.049271	75.88416
5.052604	78.78225
5.055937	81.57349
5.059271	84.23646
5.062604	86.75039
5.065938	89.09522
5.069271	91.25199
5.072604	93.203
5.075937	94.93215
5.079271	96.42506
5.082604	97.66943
5.085938	98.65532
5.089271	99.37521
5.092604	99.8242
5.095938	100
5.099271	99.90298
5.102604	99.53601
5.105937	98.90445
5.109271	98.01595
5.112604	96.8803
5.115938	95.50919
5.119271	93.91603
5.122604	92.11575
5.125937	90.12444
5.129271	87.95947
5.132604	85.6389
5.135938	83.18154
5.139271	80.60644
5.142604	77.93291
5.145937	75.18006
5.149271	72.36679
5.152604	69.51134
5.155938	66.63139
5.159271	63.7436
5.162604	60.86353
5.165937	58.00552
5.169271	55.18274
5.172604	52.40702
5.175938	49.68894
5.179271	47.03771
5.182604	44.46138
5.185937	41.96675
5.189271	39.55952
5.192604	37.24429
5.195938	35.02457
5.199271	32.90291
5.202604	30.88083
5.205937	28.95887
5.209271	27.13673
5.212604	25.4134
5.215938	23.78715
5.219271	22.25575
5.222604	20.81645
5.225937	19.46628
5.229271	18.20188
5.232604	17.01977
5.235938	15.91642
5.239271	14.88808
5.242604	13.93104
5.245937	13.04144
5.249271	12.21542
5.252604	11.44923
5.255938	10.73909
5.259271	10.08135
5.262604	9.472467
5.265937	8.909058
5.269271	8.387924
5.272604	7.906016
5.275938	7.460471
5.279271	7.048665
5.282604	6.66801
5.285937	6.316188
5.289271	5.990943
5.292604	5.690174
5.295938	5.411959
5.299271	5.15444
5.302604	4.91597
5.305937	4.694995
5.309271	4.490114
5.312604	4.300014
5.315938	4.12357
5.319271	3.959683
5.322604	3.807409
5.325937	3.665802
5.329271	3.534101
5.332604	3.411483
5.335938	3.297308
5.339271	3.190935
5.342604	3.091756
5.345938	2.999251
5.349271	2.912964
5.352604	2.832438
5.355937	2.757307
5.359271	2.687204
5.362604	2.621826
5.365938	2.560898
5.369271	2.504146
5.372604	2.451356
5.375937	2.402284
5.379271	2.356748
5.382604	2.314565
5.385938	2.275582
5.389271	2.239586
5.392604	2.206455
5.395937	2.176037
5.399271	2.148209
5.402604	2.122759
5.405938	2.099625
5.409271	2.078625
5.412604	2.059575
5.415937	2.042385
5.419271	2.026841
5.422604	2.01282
5.425938	2.000141
5.429271	1.98865
5.432604	1.978165
5.435937	1.968564
5.439271	1.959695
5.442604	1.951404
5.445938	1.943571
5.449271	1.936073
5.452604	1.928728
5.455937	1.921443
5.459271	1.914067
5.462604	1.906509
5.465938	1.898645
5.469271	1.890385
5.472604	1.881576
5.475937	1.872189
5.479271	1.862131
5.482604	1.851341
5.485938	1.839759
5.489271	1.827384
5.492604	1.814126
5.495937	1.799983
5.499271	1.784957
5.502604	1.769017
5.505938	1.752131
5.509271	1.734331
5.512604	1.715647
5.515937	1.69611
5.519271	1.675689
5.522604	1.654475
5.525938	1.6325
5.529271	1.609793
5.532604	1.586476
5.535937	1.56258
5.539271	1.538136
5.542604	1.513204
5.545938	1.487845
5.549271	1.462151
5.552604	1.436153
5.555937	1.409879
5.559271	1.383454
5.562604	1.356876
5.565938	1.330267
5.569271	1.303629
5.572604	1.277081
5.575937	1.250686
5.579271	1.224474
5.582604	1.198506
5.585938	1.172812
5.589271	1.147422
5.592604	1.122368
5.595938	1.09768
5.599271	1.073358
5.602604	1.049401
5.605937	1.025871
5.609271	1.002798
5.612604	0.9801522
5.615938	0.9580243
5.619271	0.9364145
5.622604	0.9153533
5.625937	0.8948103
5.629271	0.8747854
5.632604	0.8552787
5.635938	0.8362901
5.639271	0.8177892
5.642604	0.7997759
5.645937	0.7822503
5.649271	0.7652124
5.652604	0.7486926
5.655938	0.7327215
5.659271	0.717238
5.662604	0.7023337
5.665937	0.687917
5.669271	0.6740489
5.672604	0.6606076
5.675938	0.6476234
5.679271	0.635066
5.682604	0.6228438
5.685937	0.6109569
5.689271	0.5993747
5.692604	0.5881279
5.695938	0.5771554
5.699271	0.5665486
5.702604	0.5562466
5.705937	0.5463104
5.709271	0.5367399
5.712604	0.5275046
5.715938	0.5186352
5.719271	0.5100705
5.722604	0.5018716
5.725937	0.4939775
5.729271	0.4863576
5.732604	0.4790121
5.735938	0.4719714
5.739271	0.4651745
5.742604	0.458652
5.745937	0.4524037
5.749271	0.4463688
5.752604	0.4406082
5.755938	0.4350915
5.759271	0.4298491
5.762604	0.4248505
5.765937	0.4200652
5.769271	0.4154933
5.772604	0.4111043
5.775938	0.4068982
5.779271	0.4028444
5.782604	0.3989431
5.785937	0.3951637
5.789271	0.3914757
5.792604	0.3879096
5.795938	0.3844959
5.799271	0.3812042
5.802604	0.3780648
5.805937	0.3751083
5.809271	0.3722737
5.812604	0.369622
5.815938	0.3671532
5.819271	0.3648063
5.822604	0.3626118
5.825937	0.3605697
5.829271	0.358619
5.832604	0.3567903
5.835938	0.3550834
5.839271	0.353468
5.842604	0.3519746
5.845938	0.3505725
5.849271	0.3492619
5.852604	0.3480123
5.855937	0.346854
5.859271	0.3457263
5.862604	0.3447205
5.865938	0.3437756
5.869271	0.3428917
5.872604	0.3421298
5.875937	0.3415202
5.879271	0.341002
5.882604	0.3406667
5.885938	0.3404839
5.889271	0.3404534
5.892604	0.3405448
5.895937	0.3407582
5.899271	0.3410935
5.902604	0.3415202
5.905938	0.3420078
5.909271	0.3425869
5.912604	0.3432575
5.915937	0.3440195
5.919271	0.3449338
5.922604	0.3459701
5.925938	0.3472198
5.929271	0.3486523
5.932604	0.3503287
5.935937	0.3521879
5.939271	0.3542605
5.942604	0.3565769
5.945938	0.3591067
5.949271	0.3618498
5.952604	0.3647758
5.955937	0.3679457
5.959271	0.3713289
5.962604	0.3749254
5.965938	0.3787353
5.969271	0.3827586
5.972604	0.3869952
5.975937	0.3913842
5.979271	0.3959866
5.982604	0.4007719
5.985938	0.40574
5.989271	0.4108605
5.992604	0.4161334
5.995937	0.4215892
5.999271	0.4271974
6.002604	0.4329579
6.005938	0.43881
6.009271	0.4447534
6.012604	0.4507578
6.015937	0.4567927
6.019271	0.4627971
6.022604	0.4687406
6.025938	0.4745926
6.029271	0.4803227
6.032604	0.485809
6.035937	0.4910819
6.039271	0.49605
6.042604	0.5006219
6.045938	0.5047671
6.049271	0.5084246
6.052604	0.5115335
6.055937	0.5140023
6.059271	0.5158616
6.062604	0.5170807
6.065938	0.5176598
6.069271	0.5175989
6.072604	0.5169283
6.075937	0.5156482
6.079271	0.5138195
6.082604	0.5114421
6.085938	0.5085465
6.089271	0.5051633
6.092604	0.501323
6.095938	0.4970254
6.099271	0.4922706
6.102604	0.4871196
6.105937	0.4815724
6.109271	0.4756594
6.112604	0.4694111
6.115938	0.4629191
6.119271	0.4561831
6.122604	0.4492948
6.125937	0.4423151
6.129271	0.4353048
6.132604	0.4283251
6.135938	0.4214368
6.139271	0.4146399
6.142604	0.4079954
6.145937	0.4014729
6.149271	0.3951027
6.152604	0.3889459
6.155938	0.382972
6.159271	0.3772419
6.162604	0.3717251
6.165937	0.3664827
6.169271	0.3615146
6.172604	0.3568817
6.175938	0.3525232
6.179271	0.3484999
6.182604	0.3448119
6.185937	0.3414592
6.189271	0.3383808
6.192604	0.3356377
6.195938	0.3331993
6.199271	0.3310048
6.202604	0.3290846
6.205937	0.3274083
6.209271	0.3259453
6.212604	0.3246651
6.215938	0.3235374
6.219271	0.3225011
6.222604	0.3215867
6.225937	0.3207333
6.229271	0.3199408
6.232604	0.3191789
6.235938	0.3184474
6.239271	0.3177159
6.242604	0.3169843
6.245937	0.3162224
6.249271	0.3154299
6.252604	0.3146374
6.255938	0.3137535
6.259271	0.3128696
6.262604	0.3118638
6.265937	0.3108275
6.269271	0.3096693
6.272604	0.3084502
6.275938	0.3071395
6.279271	0.305707
6.282604	0.3041526
6.285937	0.3025067
6.289271	0.3007084
6.292604	0.2988492
6.295938	0.296929
6.299271	0.2949478
6.302604	0.2929667
6.305937	0.2909855
6.309271	0.2890958
6.312604	0.2872671
6.315938	0.2855907
6.319271	0.2840058
6.322604	0.2825428
6.325937	0.2812017
6.329271	0.2799521
6.332604	0.2787938
6.335938	0.2776661
6.339271	0.2765993
6.342604	0.2755326
6.345938	0.2744658
6.349271	0.2733685
6.352604	0.2722713
6.355937	0.2711435
6.359271	0.2700158
6.362604	0.2688881
6.365938	0.2677299
6.369271	0.2665717
6.372604	0.2654439
6.375937	0.2642857
6.379271	0.263097
6.382604	0.2618778
6.385938	0.2605672
6.389271	0.2591957
6.392604	0.2577022
6.395937	0.2561477
6.399271	0.2544409
6.402604	0.2526426
6.405938	0.2507224
6.409271	0.2486803
6.412604	0.2465468
6.415937	0.2442608
6.419271	0.2418225
6.422604	0.2392927
6.425938	0.2366105
6.429271	0.2338064
6.432604	0.2309109
6.435937	0.2278935
6.439271	0.2248455
6.442604	0.2217367
6.445938	0.2186582
6.449271	0.2155798
6.452604	0.2125319
6.455937	0.2095145
6.459271	0.2065275
6.462604	0.203571
6.465938	0.2006145
6.469271	0.197658
6.472604	0.1947015
6.475937	0.1917451
6.479271	0.188819
6.482604	0.1859235
6.485938	0.1831499
6.489271	0.1804677
6.492604	0.1779075
6.495937	0.1755301
6.499271	0.1733356
6.502604	0.171324
6.505938	0.1694952
6.509271	0.1678493
6.512604	0.1663863
6.515937	0.1650757
6.519271	0.1639175
6.522604	0.1629422
6.525938	0.1620583
6.529271	0.1612963
6.532604	0.1605953
6.535937	0.1599552
6.539271	0.1593761
6.542604	0.158797
6.545938	0.1582483
6.549271	0.1576997
6.552604	0.1571816
6.555937	0.1567244
6.559271	0.1563586
6.562604	0.1560843
6.565938	0.1559319
6.569271	0.1559319
6.572604	0.1561148
6.575937	0.1564196
6.579271	0.1568768
6.582604	0.1574864
6.585938	0.1582483
6.589271	0.1591322
6.592604	0.1601685
6.595938	0.1613572
6.599271	0.1626678
6.602604	0.1641918
6.605937	0.1658682
6.609271	0.1676969
6.612604	0.1697085
6.615938	0.1718726
6.619271	0.174128
6.622604	0.1764749
6.625937	0.1788828
6.629271	0.1812907
6.632604	0.183729
6.635938	0.1861064
6.639271	0.1884228
6.642604	0.1907088
6.645937	0.1928728
6.649271	0.1949759
6.652604	0.1969265
6.655938	0.1987858
6.659271	0.2004926
6.662604	0.202047
6.665937	0.2034186
6.669271	0.2046378
6.672604	0.2056436
6.675938	0.206497
6.679271	0.2072285
6.682604	0.2077772
6.685937	0.2082039
6.689271	0.2085087
6.692604	0.2086915
6.695938	0.208783
6.699271	0.208783
6.702604	0.208661
6.705937	0.2083867
6.709271	0.208021
6.712604	0.2075638
6.715938	0.2070152
6.719271	0.2063751
6.722604	0.205735
6.725937	0.205034
6.729271	0.204394
6.732604	0.2038148
6.735938	0.2032967
6.739271	0.2029005
6.742604	0.2025652
6.745937	0.2023214
6.749271	0.202169
6.752604	0.202047
6.755938	0.2019556
6.759271	0.2019251
6.762604	0.2018642
6.765937	0.2018032
6.769271	0.2017118
6.772604	0.2015594
6.775938	0.2013765
6.779271	0.2011022
6.782604	0.2007364
6.785937	0.2002793
6.789271	0.1996697
6.792604	0.1989077
6.795938	0.1980238
6.799271	0.196957
6.802604	0.1957378
6.805937	0.1944272
6.809271	0.1929947
6.812604	0.1915317
6.815938	0.1900382
6.819271	0.1886057
6.822604	0.1872341
6.825937	0.186015
6.829271	0.1849482
6.832604	0.1840948
6.835938	0.1834547
6.839271	0.1830585
6.842604	0.1829061
6.845938	0.183028
6.849271	0.1834242
6.852604	0.1841252
6.855937	0.1851311
6.859271	0.1864112
6.862604	0.1880266
6.865938	0.1899163
6.869271	0.1920803
6.872604	0.1944577
6.875937	0.1970485
6.879271	0.1997916
6.882604	0.2026262
6.885938	0.2055217
6.889271	0.2084172
6.892604	0.2112823
6.895937	0.2140559
6.899271	0.2167076
6.902604	0.2191764
6.905938	0.2214319
6.909271	0.2234435
6.912604	0.2251199
6.915937	0.2264305
6.919271	0.2273448
6.922604	0.2277715
6.925938	0.2277106
6.929271	0.2270705
6.932604	0.2258514
6.935937	0.2239921
6.939271	0.2214928
6.942604	0.218323
6.945938	0.2144521
6.949271	0.2098497
6.952604	0.2044854
6.955937	0.1983591
6.959271	0.1914707
6.962604	0.1837595
6.965938	0.1752253
6.969271	0.1659291
6.972604	0.1558405
6.975937	0.1450813
6.979271	0.1337125
6.982604	0.1218866
6.985938	0.1096949
6.989271	0.09738125
6.992604	0.08509811
6.995937	0.07302832
6.999271	0.06141572
7.002604	0.05038224
7.005938	0.04017168
7.009271	0.03087551
7.012604	0.02264611
7.015937	0.01560538
7.019271	0.009814323
7.022604	0.005333871
7.025938	0.002194507
7.029271	0.0004267097
7.032604	0
7.035937	0.0008838986
7.039271	0.002986968
7.042604	0.006278728
7.045938	0.01060678
7.049271	0.01581874
7.052604	0.02188413
7.055937	0.02858956
7.059271	0.03584363
7.062604	0.04355488
7.065938	0.05160141
7.069271	0.05989176
7.072604	0.06836499
7.075937	0.07696015
7.079271	0.08564674
7.082604	0.09436381
7.085938	0.1030809
7.089271	0.1117675
7.092604	0.1203931
7.095938	0.1289578
7.099271	0.1374005
7.102604	0.1457214
7.105937	0.1539203
7.109271	0.1619668
7.112604	0.1698305
7.115938	0.1774808
7.119271	0.1849177
7.122604	0.1920803
7.125937	0.1989686
7.129271	0.2055522
7.132604	0.2117395
7.135938	0.217561
7.139271	0.2229558
7.142604	0.2279239
7.145937	0.2324349
7.149271	0.2364581
7.152604	0.2399937
7.155938	0.2430417
7.159271	0.245541
7.162604	0.2475526
7.165937	0.2489851
7.169271	0.249869
7.172604	0.2501738
7.175938	0.2498995
7.179271	0.2490766
7.182604	0.247705
7.185937	0.2457848
7.189271	0.2433769
7.192604	0.2405424
7.195938	0.2373116
7.199271	0.2337455
7.202604	0.2299356
7.205937	0.2259123
7.209271	0.2217671
7.212604	0.2175
7.215938	0.2132025
7.219271	0.2089049
7.222604	0.2046378
7.225937	0.2004621
7.229271	0.1963779
7.232604	0.1924156
7.235938	0.1886362
7.239271	0.1850091
7.242604	0.1815955
7.245937	0.1784561
7.249271	0.1755301
7.252604	0.1729089
7.255938	0.1705924
7.259271	0.1685503
7.262604	0.166813
7.265937	0.165411
7.269271	0.1643442
7.272604	0.1635822
7.275938	0.1631555
7.279271	0.1630336
7.282604	0.1632469
7.285937	0.1637956
7.289271	0.1646185
7.292604	0.1658072
7.295938	0.1672702
7.299271	0.169038
7.302604	0.1710801
7.305937	0.173427
7.309271	0.1760178
7.312604	0.1788523
7.315938	0.1819307
7.319271	0.1852225
7.322604	0.1886971
7.325937	0.1923546
7.329271	0.1961341
7.332604	0.2000354
7.335938	0.2040587
7.339271	0.2081429
7.342604	0.2122881
7.345938	0.2164942
7.349271	0.2207613
7.352604	0.2250894
7.355937	0.2294784
7.359271	0.2339588
7.362604	0.2385002
7.365938	0.2431331
7.369271	0.2478574
7.372604	0.2527036
7.375937	0.2576108
7.379271	0.2625789
7.382604	0.2676689
7.385938	0.2727589
7.389271	0.2779099
7.392604	0.2830914
7.395937	0.2883034
7.399271	0.2934848
7.402604	0.2986663
7.405938	0.3037868
7.409271	0.3088159
7.412604	0.3137535
7.415937	0.3185693
7.419271	0.3232326
7.422604	0.3276826
7.425938	0.3319192
7.429271	0.335912
7.432604	0.3396
7.435937	0.3430137
7.439271	0.3460616
7.442604	0.3487133
7.445938	0.3509687
7.449271	0.3527365
7.452604	0.3540471
7.455937	0.3548091
7.459271	0.3550834
7.462604	0.3547786
7.465938	0.3539252
7.469271	0.3525232
7.472604	0.350603
7.475937	0.3481342
7.479271	0.3451777
7.482604	0.3417335
7.485938	0.3378322
7.489271	0.3334431
7.492604	0.3286579
7.495937	0.3235069
7.499271	0.3179902
7.502604	0.3121686
7.505938	0.3061033
7.509271	0.2998245
7.512604	0.2934544
7.515937	0.2869928
7.519271	0.2805616
7.522604	0.2741305
7.525938	0.2677603
7.529271	0.2615121
7.532604	0.2553858
7.535937	0.2493813
7.539271	0.2435903
7.542604	0.2379211
7.545938	0.2324654
7.549271	0.2271924
7.552604	0.2221634
7.555937	0.2173476
7.559271	0.2127757
7.562604	0.2084782
7.565938	0.2044244
7.569271	0.200645
7.572604	0.1971399
7.575937	0.1939091
7.579271	0.1909831
7.582604	0.1883314
7.585938	0.185893
7.589271	0.1836985
7.592604	0.1816869
7.595938	0.1798277
7.599271	0.1780903
7.602604	0.1765054
7.605937	0.1749815
7.609271	0.1735489
7.612604	0.1721774
7.615938	0.1708972
7.619271	0.169739
7.622604	0.1686723
7.625937	0.1677274
7.629271	0.1669349
7.632604	0.1662644
7.635938	0.1657158
7.639271	0.1652891
7.642604	0.1650147
7.645937	0.1648014
7.649271	0.1646795
7.652604	0.164588
7.655938	0.1645271
7.659271	0.1644661
7.662604	0.1643747
7.665937	0.1642832
7.669271	0.1641918
7.672604	0.1640699
7.675938	0.163948
7.679271	0.1638565
7.682604	0.1637651
7.685937	0.1636737
7.689271	0.1635822
7.692604	0.1635213
7.695938	0.1633689
7.699271	0.163186
7.702604	0.1629422
7.705937	0.1625764
7.709271	0.1621192
7.712604	0.1615401
7.715938	0.1608696
7.719271	0.1600771
7.722604	0.1592237
7.725937	0.1582788
7.729271	0.1573035
7.732604	0.1563282
7.735938	0.1553833
7.739271	0.1544689
7.742604	0.1536155
7.745937	0.152823
7.749271	0.152122
7.752604	0.1514819
7.755938	0.1509028
7.759271	0.1503542
7.762604	0.1498056
7.765937	0.149257
7.769271	0.1487083
7.772604	0.1481597
7.775938	0.1476111
7.779271	0.1470929
7.782604	0.1466053
7.785937	0.1461786
7.789271	0.1457823
7.792604	0.1454775
7.795938	0.1452642
7.799271	0.1450813
7.802604	0.1449289
7.805937	0.144807
7.809271	0.1446851
7.812604	0.1445632
7.815938	0.1443803
7.819271	0.1441974
7.822604	0.1439536
7.825937	0.1437402
7.829271	0.1434964
7.832604	0.1433135
7.835938	0.1431611
7.839271	0.1431002
7.842604	0.1431306
7.845938	0.1432525
7.849271	0.1434659
7.852604	0.1437097
7.855937	0.1440145
7.859271	0.1442888
7.862604	0.1445936
7.865938	0.1448375
7.869271	0.1450508
7.872604	0.1452032
7.875937	0.1453556
7.879271	0.1454471
7.882604	0.1455385
7.885938	0.1456299
7.889271	0.1457214
7.892604	0.1458128
7.895937	0.1459042
7.899271	0.1459957
7.902604	0.1460566
7.905938	0.1461176
7.909271	0.1461481
7.912604	0.1461481
7.915937	0.1461786
7.919271	0.1461786
7.922604	0.1461786
7.925938	0.1461786
7.929271	0.1461481
7.932604	0.1460871
7.935937	0.1459652
7.939271	0.1458128
7.942604	0.145569
7.945938	0.1452337
7.949271	0.144868
7.952604	0.1444412
7.955937	0.1439841
7.959271	0.1434964
7.962604	0.1430392
7.965938	0.1426125
7.969271	0.1422467
7.972604	0.1419115
7.975937	0.1416371
7.979271	0.1413933
7.982604	0.1412104
7.985938	0.1410885
7.989271	0.1409666
7.992604	0.1408752
7.995937	0.1407837
7.999271	0.1407228
8.002604	0.1406313
8.005938	0.1405399
8.009271	0.140418
8.012604	0.1402351
8.015938	0.1400522
8.019271	0.1397779
8.022604	0.1395036
8.025937	0.1391683
8.029271	0.1388331
8.032604	0.1384673
8.035937	0.1381016
8.03927	0.1377358
8.042604	0.13737
8.045938	0.1370348
8.049271	0.13673
8.052604	0.1364252
8.055938	0.1361204
8.059271	0.1358156
8.062604	0.1355108
8.065937	0.135206
8.069271	0.1349012
8.072604	0.134566
8.075937	0.1342307
8.07927	0.1338954
8.082604	0.1335297
8.085938	0.1332249
8.089271	0.1329201
8.092605	0.1326458
8.095938	0.1324019
8.099271	0.1322191
8.102604	0.1320667
8.105938	0.1320057
8.109271	0.1320362
8.112604	0.1321276
8.115937	0.13228
8.119271	0.1324629
8.122604	0.1327067
8.125937	0.1329201
8.129271	0.1331639
8.132605	0.1333468
8.135938	0.1334992
8.139271	0.1336211
8.142604	0.1336516
8.145938	0.1336516
8.149271	0.1336211
8.152604	0.1335601
8.155937	0.1334992
8.159271	0.1334077
8.162604	0.1333163
8.165937	0.1331944
8.169271	0.133042
8.172605	0.1328591
8.175938	0.1326458
8.179271	0.1324019
8.182604	0.1320971
8.185938	0.1317619
8.189271	0.1314266
8.192604	0.1310608
8.195937	0.1307256
8.199271	0.1304208
8.202604	0.130116
8.205937	0.1298417
8.20927	0.1295978
8.212605	0.129354
8.215938	0.1291102
8.219271	0.1288663
8.222604	0.128653
8.225938	0.1284396
8.229271	0.1282263
8.232604	0.1280739
8.235937	0.1279215
8.239271	0.12783
8.242604	0.1277996
8.245937	0.1277691
8.24927	0.1277691
8.252604	0.1277386
8.255938	0.1277081
8.259271	0.1276472
8.262604	0.1274948
8.265938	0.1273424
8.269271	0.127129
8.272604	0.1268852
8.275937	0.1266109
8.279271	0.126367
8.282604	0.1261232
8.285937	0.1259403
8.28927	0.1257879
8.292604	0.125727
8.295938	0.125727
8.299271	0.1257879
8.302604	0.1259098
8.305938	0.1260622
8.309271	0.1262756
8.312604	0.126489
8.315937	0.1267328
8.319271	0.1269461
8.322604	0.127129
8.325937	0.1272814
8.32927	0.1273424
8.332604	0.1273729
8.335938	0.1273424
8.339271	0.1272814
8.342605	0.1271595
8.345938	0.1270071
8.349271	0.1268242
8.352604	0.1266413
8.355938	0.1264585
8.359271	0.1262756
8.362604	0.1261537
8.365937	0.1260927
8.369271	0.1260927
8.372604	0.1261537
8.375937	0.1263366
8.379271	0.1266109
8.382605	0.1269461
8.385938	0.1273729
8.389271	0.1277996
8.392604	0.1282567
8.395938	0.128653
8.399271	0.1290492
8.402604	0.1293845
8.405937	0.1296588
8.409271	0.1299331
8.412604	0.1302074
8.415937	0.1305122
8.419271	0.130817
8.422605	0.1312132
8.425938	0.1316399
8.429271	0.1321276
8.432604	0.1326458
8.435938	0.1331639
8.439271	0.1336821
8.442604	0.1341392
8.445937	0.134566
8.449271	0.1349622
8.452604	0.135267
8.455937	0.1355718
8.45927	0.1358156
8.462605	0.1360594
8.465938	0.1363033
8.469271	0.1365471
8.472604	0.1368214
8.475938	0.1371567
8.479271	0.137492
8.482604	0.1378577
8.485937	0.1382235
8.489271	0.1386502
8.492604	0.1390769
8.495937	0.1395341
8.49927	0.1399913
8.502604	0.1404485
8.505938	0.1409056
8.509271	0.1413933
8.512604	0.141881
8.515938	0.1423687
8.519271	0.1428563
8.522604	0.143344
8.525937	0.1438317
8.529271	0.1443498
8.532604	0.144868
8.535937	0.1453861
8.53927	0.1459042
8.542604	0.1464529
8.545938	0.1470015
8.549271	0.1475501
8.552604	0.1480683
8.555938	0.1486169
8.559271	0.149135
8.562604	0.1496532
8.565937	0.1501713
8.569271	0.150659
8.572604	0.1511772
8.575937	0.1517258
8.57927	0.1523049
8.582604	0.1529145
8.585938	0.1536155
8.589271	0.1543775
8.592605	0.1552309
8.595938	0.1561758
8.599271	0.1572425
8.602604	0.1584007
8.605938	0.1596504
8.609271	0.161022
8.612604	0.1624545
8.615937	0.1639784
8.619271	0.1655329
8.622604	0.1671483
8.625937	0.1687942
8.629271	0.1704705
8.632605	0.1721469
8.635938	0.1738842
8.639271	0.1756825
8.642604	0.1775417
8.645938	0.1795229
8.649271	0.1816259
8.652604	0.1839119
8.655937	0.1863807
8.659271	0.1890629
8.662604	0.1918975
8.665937	0.1949454
8.669271	0.1981457
8.672605	0.2014984
8.675938	0.2049426
8.679271	0.2084782
8.682604	0.2120747
8.685938	0.2157322
8.689271	0.2194202
8.692604	0.2230777
8.695937	0.2267353
8.699271	0.2303318
8.702604	0.2338369
8.705937	0.2371896
8.70927	0.24039
8.712605	0.2434074
8.715938	0.2462115
8.719271	0.2487718
8.722604	0.2510577
8.725938	0.2530998
8.729271	0.2548981
8.732604	0.2564525
8.735937	0.2577327
8.739271	0.2587385
8.742604	0.2594395
8.745937	0.2598357
8.74927	0.2598967
8.752604	0.2596224
8.755938	0.2589823
8.759271	0.258007
8.762604	0.2566659
8.765938	0.25502
8.769271	0.2530693
8.772604	0.2508443
8.775937	0.2483755
8.779271	0.2456629
8.782604	0.2427369
8.785937	0.239628
8.78927	0.2363362
8.792604	0.2328616
8.795938	0.229265
8.799271	0.2255466
8.802604	0.2217671
8.805938	0.2179267
8.809271	0.2141168
8.812604	0.2103069
8.815937	0.206558
8.819271	0.2029005
8.822604	0.1993344
8.825937	0.1958293
8.82927	0.1924461
8.832604	0.1891238
8.835938	0.185893
8.839271	0.1827537
8.842605	0.1797057
8.845938	0.1767797
8.849271	0.1739452
8.852604	0.171202
8.855938	0.1685808
8.859271	0.166112
8.862604	0.1637651
8.865937	0.1615401
8.869271	0.1594066
8.872604	0.1574254
8.875937	0.1555357
8.879271	0.1537374
8.882605	0.1520306
8.885938	0.1504152
8.889271	0.1488607
8.892604	0.1473977
8.895938	0.1459957
8.899271	0.1446851
8.902604	0.1434049
8.905937	0.1422163
8.909271	0.141119
8.912604	0.1400522
8.915937	0.1390769
8.919271	0.1381625
8.922605	0.1372786
8.925938	0.1364557
8.929271	0.1356632
8.932604	0.1349317
8.935938	0.1342307
8.939271	0.1335601
8.942604	0.1329201
8.945937	0.1323105
8.949271	0.1317923
8.952604	0.1312742
8.955937	0.1307865
8.95927	0.1303598
8.962605	0.1299331
8.965938	0.1295064
8.969271	0.1290492
8.972604	0.128592
8.975938	0.1280739
8.979271	0.1275557
8.982604	0.1270376
8.985937	0.1265194
8.989271	0.1260318
8.992604	0.1255746
8.995937	0.1251783
8.99927	0.1248431
9.002604	0.1245688
9.005938	0.1243554
9.009271	0.124142
9.012604	0.1239592
9.015938	0.1237458
9.019271	0.123502
9.022604	0.1232581
9.025937	0.1229838
9.029271	0.1227095
9.032604	0.1224047
9.035937	0.1221304
9.03927	0.1218866
9.042604	0.1216427
9.045938	0.1214904
9.049271	0.121338
9.052604	0.1212465
9.055938	0.121216
9.059271	0.1211856
9.062604	0.1211856
9.065937	0.121216
9.069271	0.121216
9.072604	0.1211856
9.075937	0.1210941
9.07927	0.1210027
9.082604	0.1208808
9.085938	0.1206979
9.089271	0.1205455
9.092605	0.1204236
9.095938	0.1203017
9.099271	0.1202102
9.102604	0.1201797
9.105938	0.1201797
9.109271	0.1201797
9.112604	0.1202102
9.115937	0.1202407
9.119271	0.1202407
9.122604	0.1202102
9.125937	0.1201797
9.129271	0.1201493
9.132605	0.1200883
9.135938	0.1200578
9.139271	0.1200578
9.142604	0.1201188
9.145938	0.1201797
9.149271	0.1203017
9.152604	0.1204236
9.155937	0.1206065
9.159271	0.1207893
9.162604	0.1210027
9.165937	0.1211856
9.169271	0.1213684
9.172605	0.1215208
9.175938	0.1216427
9.179271	0.1216732
9.182604	0.1216732
9.185938	0.1216123
9.189271	0.1215208
9.192604	0.1213684
9.195937	0.121216
9.199271	0.1210636
9.202604	0.1209112
9.205937	0.1207893
9.20927	0.1206674
9.212605	0.120576
9.215938	0.1204845
9.219271	0.1203626
9.222604	0.1202712
9.225938	0.1201188
9.229271	0.1199664
9.232604	0.119814
9.235937	0.1196311
9.239271	0.1194787
9.242604	0.1193873
9.245937	0.1192958
9.24927	0.1192654
9.252604	0.1192958
9.255938	0.1193568
9.259271	0.1194482
9.262604	0.1195397
9.265938	0.1196616
9.269271	0.119753
9.272604	0.119814
9.275937	0.119875
9.279271	0.1199359
9.282604	0.1199969
9.285937	0.1200578
9.28927	0.1201493
9.292604	0.1202407
9.295938	0.1203321
9.299271	0.1203931
9.302604	0.1204541
9.305938	0.1204845
9.309271	0.1204845
9.312604	0.1204236
9.315937	0.1203321
9.319271	0.1202102
9.322604	0.1201188
9.325937	0.1199969
9.32927	0.1199664
9.332604	0.1199359
9.335938	0.1199359
9.339271	0.1199664
9.342605	0.1199664
9.345938	0.1199359
9.349271	0.1199054
9.352604	0.119814
9.355938	0.1197226
9.359271	0.1196006
9.362604	0.1194787
9.365937	0.1193568
9.369271	0.1192654
9.372604	0.1192349
9.375937	0.1192349
9.379271	0.1192349
9.382605	0.1192349
9.385938	0.1192349
9.389271	0.1191739
9.392604	0.119113
9.395938	0.119052
9.399271	0.1189606
9.402604	0.1188996
9.405937	0.1188387
9.409271	0.1188082
9.412604	0.1188082
9.415937	0.1188082
9.419271	0.1188082
9.422605	0.1187777
9.425938	0.1186558
9.429271	0.1184729
9.432604	0.1181986
9.435938	0.1178633
9.439271	0.1174366
9.442604	0.1170099
9.445937	0.1165832
9.449271	0.1161565
9.452604	0.1157907
9.455937	0.1154859
9.45927	0.1151811
9.462605	0.1149373
9.465938	0.114724
9.469271	0.1145106
9.472604	0.1142668
9.475938	0.1140534
9.479271	0.1138401
9.482604	0.1136572
9.485937	0.1135048
9.489271	0.1134134
9.492604	0.1134134
9.495937	0.1134743
9.49927	0.1135962
9.502604	0.1137791
9.505938	0.1139925
9.509271	0.1142363
9.512604	0.1144496
9.515938	0.114602
9.519271	0.1146935
9.522604	0.1146935
9.525937	0.1146325
9.529271	0.1145106
9.532604	0.1143277
9.535937	0.1141144
9.53927	0.1139315
9.542604	0.1137791
9.545938	0.1136877
9.549271	0.1136572
9.552604	0.1137181
9.555938	0.1138401
9.559271	0.1140229
9.562604	0.1142668
9.565937	0.1145106
9.569271	0.1147544
9.572604	0.1149678
9.575937	0.1151507
9.57927	0.1152726
9.582604	0.1153945
9.585938	0.115425
9.589271	0.1154555
9.592605	0.115425
9.595938	0.1153945
9.599271	0.1153031
9.602604	0.1152116
9.605938	0.1151202
9.609271	0.1150287
9.612604	0.1149373
9.615937	0.1148764
9.619271	0.1148154
9.622604	0.1148154
9.625937	0.1148764
9.629271	0.1149678
9.632605	0.1150897
9.635938	0.1152116
9.639271	0.1153335
9.642604	0.115425
9.645938	0.1154859
9.649271	0.1154859
9.652604	0.1153945
9.655937	0.1152421
9.659271	0.1150287
9.662604	0.1147849
9.665937	0.1144801
9.669271	0.1142058
9.672605	0.1139315
9.675938	0.1136877
9.679271	0.1134743
9.682604	0.1132914
9.685938	0.113139
9.689271	0.1129866
9.692604	0.1128952
9.695937	0.1128038
9.699271	0.1127123
9.702604	0.1126514
9.705937	0.1125904
9.70927	0.1125295
9.712605	0.1124685
9.715938	0.1124075
9.719271	0.1123161
9.722604	0.1121942
9.725938	0.1120418
9.729271	0.1118894
9.732604	0.1117065
9.735937	0.1115236
9.739271	0.1114017
9.742604	0.1112798
9.745937	0.1112493
9.74927	0.1112493
9.752604	0.1113103
9.755938	0.1113712
9.759271	0.1114322
9.762604	0.1114932
9.765938	0.1114932
9.769271	0.1114322
9.772604	0.1113103
9.775937	0.1111274
9.779271	0.1109141
9.782604	0.1107007
9.785937	0.1104569
9.78927	0.110274
9.792604	0.1101216
9.795938	0.1099997
9.799271	0.1099387
9.802604	0.1099082
9.805938	0.1099387
9.809271	0.1099692
9.812604	0.1099997
9.815937	0.1099997
9.819271	0.1099692
9.822604	0.1099387
9.825937	0.1098168
9.82927	0.1096949
9.832604	0.109512
9.835938	0.1092987
9.839271	0.1090853
9.842605	0.108811
9.845938	0.1085367
9.849271	0.1082624
9.852604	0.107988
9.855938	0.1077442
9.859271	0.1075004
9.862604	0.107287
9.865937	0.1070737
9.869271	0.1068908
9.872604	0.1067384
9.875937	0.106586
9.879271	0.1064946
9.882605	0.1063726
9.885938	0.1063117
9.889271	0.1062507
9.892604	0.1062202
9.895938	0.1062202
9.899271	0.1062507
9.902604	0.1063117
9.905937	0.1064031
9.909271	0.106525
9.912604	0.1066774
9.915937	0.1068603
9.919271	0.1070432
9.922605	0.1072261
9.925938	0.1074089
9.929271	0.1075613
9.932604	0.1076528
9.935938	0.1077137
9.939271	0.1077137
9.942604	0.1076528
9.945937	0.1075309
9.949271	0.1073785
9.952604	0.1071651
9.955937	0.1069517
9.95927	0.1067384
9.962605	0.106586
9.965938	0.1064336
9.969271	0.1063422
9.972604	0.1063117
9.975938	0.1062812
9.979271	0.1063422
9.982604	0.1063726
9.985937	0.1064641
9.989271	0.1065555
9.992604	0.106647
9.995937	0.1067384
9.99927	0.1068298
}
[PEAK]
{
Peak ID	1
Peak Ref	1
Time	4.037598
Peak	3.235938	4.202604
Intensity	-6.80089e-05	-4.118681e-05
Height	0.005619854
AreaAbs	1446.464
Area %BP	0.06799134
Area %Total	0.05607097
Width	0.9666667
}
[PEAK]
{
Peak ID	2
Peak Ref	2
Time	4.397561
Peak	4.202604	4.735938
Intensity	-6.80089e-05	-4.118681e-05
Height	0.03089488
AreaAbs	5865.039
Area %BP	0.2756873
Area %Total	0.2273533
Width	0.5333333
}
[PEAK]
{
Peak ID	3
Peak Ref	3
Time	5.096428
Peak	4.735938	5.889271
Intensity	-6.80089e-05	-4.118681e-05
Height	0.1952694
AreaAbs	35457.08
Area %BP	1.666667
Area %Total	1.374464
Width	1.153333
}
[PEAK]
{
Peak ID	4
Peak Ref	4
Time	6.067265
Peak	5.889271	6.559271
Intensity	-6.80089e-05	-4.118681e-05
Height	0.0007106279
AreaAbs	226.4704
Area %BP	0.01064529
Area %Total	0.008778934
Width	0.6700001
}
}
}
}
