[SAMPLE]
{
Sample	1
Well	1:A,9
FileName	
SampleID	ASD-E-2605233-007
SampleDescription	Aquired with Galaxy
Date	17-Jun-2026
Time	12:42:00 PRC
JobCode	
TaskCode	
UserName	Congcong_Liu2
LabName	Aquired with Galaxy
Instrument	BAD_L_22_523
Conditions	
Submitter	Siyu_Zhang
SampleType	
Plate	
Method	
Process	Galaxy
MSTune	
MSMethod	
InletMethod	
PreRunMethod	
PostRunMethod	
SwitchMethod	
FractionMethod	
AcquisitionProcess	
AcquisitionProcessParameters	
AcquisitionProcessOptions	
InjectionVolume	25
ReportScheme	
SampleReportEnable	0
SampleReportFormat	
AnalysisTime	0
[COMPOUND]
{
;Mono Mass	Formula
}
[FUNCTION]
{
Function	1
IonMode	ES+
Type	MS
Description	(0:0)
[SPECTRUM]
{
ProcDesc	0.00:Combine
State	OK
Peak ID	0
Peak Ref	0
Time	0
TIC	0
BPI	0
BPM	0
Continuum	FALSE
Saved	FALSE
[MASSES]
{
;Mass	Exp. Mass	Obs. Mass	% BPI	Int. Abs
}
[RESULTS]
{
;Mass	Found	% BPI	% Purity
}
[MS]
{
;Mass	% BPI
0	0
}
}
[CHROMATOGRAM]
{
TraceNumber	1
Description	scroll down chrom view to see 2D LC chrom
ProcDesc	
MaxIntensity	0
[TRACE]
{
0	0
}
[PEAK]
{
Peak ID	0
Peak Ref	0
Time	0
Peak	0
Intensity	0	0
Height	0
AreaAbs	0
Area %BP	0
Area %Total	0
}
}
}
[FUNCTION]
{
Function	0
Description	ANALOG
[CHROMATOGRAM]
{
TraceNumber	2
Description	LC
ProcDesc	Result Id:12870, VWD: Signal A, 280 nm
MaxIntensity	0.07561612
[TRACE]
{
;Time	Int. %Max
0.002604167	0.0308207
0.0059375	0.0305054
0.009270833	0.03026892
0.01260417	0.0301901
0.0159375	0.03026892
0.01927083	0.03042657
0.02260417	0.03074187
0.0259375	0.031136
0.02927083	0.03160895
0.03260417	0.0320819
0.0359375	0.03255486
0.03927083	0.03287016
0.04260417	0.03318546
0.0459375	0.03334311
0.04927083	0.03342193
0.05260416	0.03342193
0.0559375	0.03334311
0.05927083	0.03326428
0.06260417	0.03326428
0.0659375	0.03318546
0.06927083	0.03318546
0.07260416	0.03310663
0.0759375	0.03310663
0.07927083	0.03302781
0.08260417	0.03294898
0.0859375	0.03271251
0.08927083	0.03239721
0.09260417	0.0320819
0.0959375	0.03168778
0.09927084	0.03137248
0.1026042	0.03097835
0.1059375	0.03066305
0.1092708	0.03042657
0.1126042	0.03034775
0.1159375	0.03034775
0.1192708	0.03042657
0.1226042	0.0305054
0.1259375	0.03066305
0.1292708	0.03089952
0.1326042	0.031136
0.1359375	0.0314513
0.1392708	0.0317666
0.1426042	0.03216073
0.1459375	0.03255486
0.1492708	0.03294898
0.1526042	0.03326428
0.1559375	0.03365841
0.1592708	0.03405254
0.1626042	0.03436784
0.1659375	0.03452549
0.1692708	0.03468314
0.1726042	0.03468314
0.1759375	0.03452549
0.1792708	0.03436784
0.1826042	0.03397371
0.1859375	0.03357959
0.1892708	0.03302781
0.1926042	0.03247603
0.1959375	0.03184543
0.1992708	0.03129365
0.2026042	0.0308207
0.2059375	0.03042657
0.2092708	0.03011127
0.2126042	0.02995362
0.2159375	0.0298748
0.2192708	0.0298748
0.2226042	0.03003245
0.2259375	0.0301901
0.2292708	0.03042657
0.2326042	0.03066305
0.2359375	0.0308207
0.2392708	0.03097835
0.2426042	0.03097835
0.2459375	0.03097835
0.2492708	0.0308207
0.2526042	0.03058422
0.2559375	0.03026892
0.2592708	0.02995362
0.2626042	0.02963832
0.2659375	0.02940184
0.2692708	0.02916537
0.2726042	0.02908654
0.2759375	0.02908654
0.2792708	0.02916537
0.2826042	0.02932302
0.2859375	0.0295595
0.2892708	0.02979597
0.2926042	0.03011127
0.2959375	0.03034775
0.2992708	0.0305054
0.3026042	0.03066305
0.3059375	0.03074187
0.3092708	0.0308207
0.3126042	0.0308207
0.3159375	0.03074187
0.3192708	0.03066305
0.3226042	0.0305054
0.3259375	0.03034775
0.3292708	0.03011127
0.3326042	0.0298748
0.3359375	0.0295595
0.3392708	0.02924419
0.3426042	0.02892889
0.3459375	0.02861359
0.3492708	0.02837712
0.3526042	0.02814064
0.3559375	0.02798299
0.3592708	0.02798299
0.3626042	0.02798299
0.3659375	0.02798299
0.3692708	0.02798299
0.3726042	0.02782534
0.3759375	0.02766769
0.3792708	0.02735239
0.3826042	0.02703708
0.3859375	0.02656413
0.3892708	0.02609118
0.3926042	0.02561823
0.3959375	0.0252241
0.3992708	0.02498763
0.4026042	0.02498763
0.4059375	0.02506645
0.4092708	0.02538175
0.4126042	0.02569705
0.4159375	0.02617001
0.4192708	0.02672178
0.4226042	0.02727356
0.4259375	0.02774651
0.4292708	0.02814064
0.4326042	0.02845594
0.4359375	0.02861359
0.4392708	0.02861359
0.4426042	0.02853477
0.4459375	0.02829829
0.4492708	0.02806181
0.4526042	0.02774651
0.4559375	0.02751004
0.4592708	0.02735239
0.4626042	0.02735239
0.4659375	0.02743121
0.4692708	0.02766769
0.4726042	0.02806181
0.4759375	0.02845594
0.4792708	0.02877124
0.4826042	0.02900772
0.4859375	0.02900772
0.4892708	0.02885007
0.4926042	0.02845594
0.4959375	0.02790416
0.4992708	0.02711591
0.5026042	0.02632766
0.5059375	0.0255394
0.5092708	0.02475115
0.5126042	0.02419937
0.5159375	0.02380525
0.5192708	0.02356877
0.5226042	0.02348994
0.5259375	0.0236476
0.5292708	0.0239629
0.5326042	0.0242782
0.5359375	0.02475115
0.5392708	0.02514528
0.5426041	0.02546058
0.5459375	0.02569705
0.5492708	0.0258547
0.5526041	0.0258547
0.5559375	0.0258547
0.5592709	0.02569705
0.5626042	0.0255394
0.5659375	0.02538175
0.5692708	0.0252241
0.5726042	0.02514528
0.5759375	0.0252241
0.5792708	0.02530293
0.5826042	0.02538175
0.5859375	0.0255394
0.5892708	0.02561823
0.5926042	0.02569705
0.5959375	0.02569705
0.5992708	0.02561823
0.6026042	0.02546058
0.6059375	0.0252241
0.6092708	0.02482998
0.6126041	0.02451467
0.6159375	0.02412055
0.6192709	0.02380525
0.6226042	0.02348994
0.6259375	0.02325347
0.6292709	0.02309582
0.6326042	0.02309582
0.6359375	0.02317464
0.6392708	0.02333229
0.6426042	0.02356877
0.6459375	0.02380525
0.6492708	0.02404172
0.6526042	0.0242782
0.6559375	0.02451467
0.6592708	0.02467232
0.6626042	0.02475115
0.6659375	0.0249088
0.6692708	0.02498763
0.6726041	0.02514528
0.6759375	0.02530293
0.6792708	0.02561823
0.6826042	0.02593353
0.6859375	0.02632766
0.6892709	0.02680061
0.6926042	0.02735239
0.6959375	0.02790416
0.6992708	0.02853477
0.7026042	0.02916537
0.7059375	0.0298748
0.7092708	0.0305054
0.7126042	0.031136
0.7159375	0.0317666
0.7192708	0.03231838
0.7226042	0.03271251
0.7259375	0.03294898
0.7292708	0.03302781
0.7326041	0.03294898
0.7359375	0.03263368
0.7392708	0.03216073
0.7426042	0.03160895
0.7459375	0.03097835
0.7492709	0.03026892
0.7526042	0.02963832
0.7559375	0.02916537
0.7592708	0.02877124
0.7626042	0.02861359
0.7659375	0.02869242
0.7692708	0.02892889
0.7726042	0.02940184
0.7759375	0.02995362
0.7792708	0.03058422
0.7826042	0.03129365
0.7859375	0.03200308
0.7892708	0.03263368
0.7926041	0.03326428
0.7959375	0.03381606
0.7992708	0.03436784
0.8026041	0.03484079
0.8059375	0.03531374
0.8092709	0.03570787
0.8126042	0.03602317
0.8159375	0.03625965
0.8192708	0.03633847
0.8226042	0.03625965
0.8259375	0.036102
0.8292708	0.03578669
0.8326042	0.03539257
0.8359375	0.03507727
0.8392708	0.03476197
0.8426042	0.03460432
0.8459375	0.03460432
0.8492708	0.03484079
0.8526042	0.03507727
0.8559375	0.03547139
0.8592708	0.03586552
0.8626041	0.03625965
0.8659375	0.0364173
0.8692709	0.03649612
0.8726042	0.0364173
0.8759375	0.03618082
0.8792709	0.03578669
0.8826042	0.03547139
0.8859375	0.03515609
0.8892708	0.03499844
0.8926042	0.03499844
0.8959375	0.03507727
0.8992708	0.03539257
0.9026042	0.03570787
0.9059375	0.036102
0.9092708	0.0364173
0.9126042	0.03665377
0.9159375	0.03665377
0.9192708	0.03657495
0.9226041	0.03633847
0.9259375	0.03594435
0.9292708	0.03555022
0.9326042	0.03515609
0.9359375	0.03476197
0.9392709	0.03436784
0.9426042	0.03413136
0.9459375	0.03405254
0.9492708	0.03405254
0.9526042	0.03413136
0.9559375	0.03428901
0.9592708	0.03452549
0.9626042	0.03476197
0.9659375	0.03499844
0.9692708	0.03523492
0.9726042	0.03539257
0.9759375	0.03539257
0.9792708	0.03531374
0.9826041	0.03507727
0.9859375	0.03468314
0.9892708	0.03413136
0.9926042	0.03350076
0.9959375	0.03287016
0.9992709	0.03216073
1.002604	0.03153013
1.005937	0.03105718
1.009271	0.03074187
1.012604	0.03058422
1.015937	0.03058422
1.019271	0.03066305
1.022604	0.03089952
1.025938	0.031136
1.029271	0.03129365
1.032604	0.0314513
1.035938	0.0314513
1.039271	0.0314513
1.042604	0.03129365
1.045938	0.03105718
1.049271	0.03074187
1.052604	0.03034775
1.055938	0.02995362
1.059271	0.0295595
1.062604	0.02916537
1.065938	0.02869242
1.069271	0.02829829
1.072604	0.02798299
1.075938	0.02766769
1.079271	0.02743121
1.082604	0.02719474
1.085938	0.02695826
1.089271	0.02672178
1.092604	0.02640648
1.095937	0.02601235
1.099271	0.0255394
1.102604	0.02506645
1.105937	0.02451467
1.109271	0.0239629
1.112604	0.02341112
1.115937	0.02301699
1.119271	0.02270169
1.122604	0.02246522
1.125937	0.02230756
1.129271	0.02222874
1.132604	0.02214991
1.135937	0.02207109
1.139271	0.02199226
1.142604	0.02191344
1.145937	0.02175579
1.149271	0.02167696
1.152604	0.02159814
1.155938	0.02159814
1.159271	0.02159814
1.162604	0.02175579
1.165938	0.02191344
1.169271	0.02207109
1.172604	0.02222874
1.175938	0.02230756
1.179271	0.02238639
1.182604	0.02230756
1.185938	0.02214991
1.189271	0.02191344
1.192604	0.02175579
1.195938	0.02167696
1.199271	0.02167696
1.202604	0.02183461
1.205938	0.02207109
1.209271	0.02246522
1.212604	0.02293817
1.215937	0.02341112
1.219271	0.02388407
1.222604	0.02419937
1.225937	0.0242782
1.229271	0.02419937
1.232604	0.02380525
1.235937	0.02333229
1.239271	0.02262287
1.242604	0.02175579
1.245937	0.02096753
1.249271	0.02010046
1.252604	0.01946985
1.255937	0.01891808
1.259271	0.01860278
1.262604	0.01860278
1.265937	0.01876043
1.269271	0.01907573
1.272604	0.01954868
1.275938	0.02010046
1.279271	0.02065223
1.282604	0.02112519
1.285938	0.02159814
1.289271	0.02191344
1.292604	0.02214991
1.295938	0.02222874
1.299271	0.02214991
1.302604	0.02199226
1.305938	0.02175579
1.309271	0.02136166
1.312604	0.02096753
1.315938	0.02041576
1.319271	0.01986398
1.322604	0.01923338
1.325938	0.0186816
1.329271	0.01812982
1.332604	0.01757805
1.335938	0.0171051
1.339271	0.01671097
1.342604	0.01647449
1.345937	0.01631684
1.349271	0.01639567
1.352604	0.01655332
1.355937	0.01694744
1.359271	0.0174204
1.362604	0.01797217
1.365937	0.01852395
1.369271	0.01915455
1.372604	0.01970633
1.375937	0.02017928
1.379271	0.02049458
1.382604	0.02073106
1.385937	0.02088871
1.389271	0.02096753
1.392604	0.02096753
1.395937	0.02096753
1.399271	0.02096753
1.402604	0.02096753
1.405938	0.02096753
1.409271	0.02088871
1.412604	0.02088871
1.415938	0.02080988
1.419271	0.02073106
1.422604	0.02065223
1.425938	0.02057341
1.429271	0.02049458
1.432604	0.02049458
1.435938	0.02049458
1.439271	0.02049458
1.442604	0.02057341
1.445938	0.02065223
1.449271	0.02065223
1.452604	0.02057341
1.455938	0.02041576
1.459271	0.02017928
1.462604	0.01978515
1.465937	0.01939103
1.469271	0.01891808
1.472604	0.01852395
1.475937	0.018051
1.479271	0.0177357
1.482604	0.0174204
1.485937	0.01734157
1.489271	0.01726275
1.492604	0.01726275
1.495937	0.01734157
1.499271	0.0174204
1.502604	0.0174204
1.505937	0.01749922
1.509271	0.0174204
1.512604	0.01734157
1.515937	0.01718392
1.519271	0.01702627
1.522604	0.01686862
1.525938	0.01671097
1.529271	0.01663214
1.532604	0.01655332
1.535938	0.01647449
1.539271	0.01639567
1.542604	0.01631684
1.545938	0.01623802
1.549271	0.01608037
1.552604	0.01592272
1.555938	0.01568624
1.559271	0.01544976
1.562604	0.01529211
1.565938	0.01513446
1.569271	0.01497681
1.572604	0.01497681
1.575938	0.01505564
1.579271	0.01513446
1.582604	0.01521329
1.585938	0.01529211
1.589271	0.01529211
1.592604	0.01529211
1.595937	0.01521329
1.599271	0.01513446
1.602604	0.01497681
1.605937	0.01481916
1.609271	0.01466151
1.612604	0.01458269
1.615937	0.01450386
1.619271	0.01450386
1.622604	0.01458269
1.625937	0.01466151
1.629271	0.01481916
1.632604	0.01489799
1.635937	0.01505564
1.639271	0.01505564
1.642604	0.01497681
1.645937	0.01481916
1.649271	0.01450386
1.652604	0.01410973
1.655938	0.01363678
1.659271	0.013085
1.662604	0.01253322
1.665938	0.01206027
1.669271	0.01174497
1.672604	0.0115085
1.675938	0.0115085
1.679271	0.01166615
1.682604	0.01198145
1.685938	0.0124544
1.689271	0.013085
1.692604	0.0137156
1.695938	0.01426738
1.699271	0.01474034
1.702604	0.01513446
1.705938	0.01537094
1.709271	0.01544976
1.712604	0.01529211
1.715937	0.01505564
1.719271	0.01466151
1.722604	0.01418856
1.725937	0.01379443
1.729271	0.01332148
1.732604	0.01292735
1.735937	0.01269088
1.739271	0.01261205
1.742604	0.01261205
1.745937	0.01284853
1.749271	0.013085
1.752604	0.01347913
1.755937	0.01387326
1.759271	0.01426738
1.762604	0.01466151
1.765937	0.01489799
1.769271	0.01513446
1.772604	0.01521329
1.775938	0.01521329
1.779271	0.01521329
1.782604	0.01513446
1.785938	0.01513446
1.789271	0.01513446
1.792604	0.01513446
1.795938	0.01529211
1.799271	0.01537094
1.802604	0.01544976
1.805938	0.01544976
1.809271	0.01544976
1.812604	0.01529211
1.815938	0.01497681
1.819271	0.01458269
1.822604	0.01410973
1.825938	0.01347913
1.829271	0.01292735
1.832604	0.01237557
1.835938	0.01198145
1.839271	0.01174497
1.842604	0.01158732
1.845937	0.01166615
1.849271	0.0118238
1.852604	0.0121391
1.855937	0.01253322
1.859271	0.01284853
1.862604	0.01316383
1.865937	0.0134003
1.869271	0.01355795
1.872604	0.01363678
1.875937	0.01363678
1.879271	0.01355795
1.882604	0.01347913
1.885937	0.01347913
1.889271	0.01347913
1.892604	0.01347913
1.895937	0.01355795
1.899271	0.0137156
1.902604	0.0137156
1.905938	0.01363678
1.909271	0.01347913
1.912604	0.01316383
1.915938	0.0127697
1.919271	0.01229675
1.922604	0.01174497
1.925938	0.01127202
1.929271	0.01079907
1.932604	0.01048377
1.935938	0.01032612
1.939271	0.01024729
1.942604	0.01032612
1.945938	0.01048377
1.949271	0.01072024
1.952604	0.01095672
1.955938	0.01127202
1.959271	0.0115085
1.962604	0.0118238
1.965937	0.01221792
1.969271	0.01261205
1.972604	0.01300618
1.975937	0.01347913
1.979271	0.01387326
1.982604	0.01434621
1.985937	0.01466151
1.989271	0.01489799
1.992604	0.01505564
1.995937	0.01513446
1.999271	0.01505564
2.002604	0.01497681
2.005938	0.01474034
2.009271	0.01450386
2.012604	0.01418856
2.015938	0.01387326
2.019271	0.01355795
2.022604	0.01324265
2.025938	0.01284853
2.029271	0.0124544
2.032604	0.0121391
2.035938	0.0118238
2.039271	0.01158732
2.042604	0.01142967
2.045938	0.01135085
2.049271	0.01135085
2.052604	0.01142967
2.055938	0.0115085
2.059271	0.01166615
2.062604	0.0118238
2.065938	0.01190262
2.069271	0.01198145
2.072604	0.01198145
2.075938	0.01198145
2.079271	0.01198145
2.082604	0.01198145
2.085938	0.01206027
2.089271	0.01206027
2.092604	0.01221792
2.095937	0.01237557
2.099271	0.01253322
2.102604	0.0127697
2.105937	0.01300618
2.109271	0.01324265
2.112604	0.0134003
2.115937	0.01363678
2.119271	0.01379443
2.122604	0.01395208
2.125937	0.01410973
2.129271	0.01426738
2.132604	0.01442503
2.135937	0.01450386
2.139271	0.01474034
2.142604	0.01513446
2.145937	0.01584389
2.149271	0.0171051
2.152604	0.01876043
2.155937	0.02096753
2.159271	0.02348994
2.162604	0.02624883
2.165937	0.02892889
2.169271	0.03137248
2.172604	0.03318546
2.175937	0.03405254
2.179271	0.03381606
2.182604	0.03247603
2.185937	0.03026892
2.189271	0.02735239
2.192604	0.02419937
2.195937	0.02104636
2.199271	0.018051
2.202604	0.01544976
2.205937	0.01332148
2.209271	0.0118238
2.212604	0.01079907
2.215938	0.01024729
2.219271	0.01001081
2.222604	0.00993199
2.225938	0.01001081
2.229271	0.01016847
2.232604	0.01032612
2.235938	0.01056259
2.239271	0.01087789
2.242604	0.01103554
2.245938	0.01119319
2.249271	0.01135085
2.252604	0.01142967
2.255938	0.01142967
2.259271	0.01135085
2.262604	0.01127202
2.265938	0.01127202
2.269271	0.01127202
2.272604	0.01135085
2.275938	0.01142967
2.279271	0.01158732
2.282604	0.01158732
2.285938	0.01166615
2.289271	0.01158732
2.292604	0.0115085
2.295938	0.01142967
2.299271	0.01119319
2.302604	0.01095672
2.305938	0.01064142
2.309271	0.01032612
2.312604	0.01001081
2.315938	0.009616688
2.319271	0.009301387
2.322604	0.00890726
2.325938	0.008591959
2.329271	0.008197833
2.332604	0.007882531
2.335938	0.00756723
2.339271	0.007251929
2.342604	0.006936628
2.345937	0.006621326
2.349271	0.0062272
2.352604	0.005833073
2.355937	0.005438947
2.359271	0.00504482
2.362604	0.004729519
2.365937	0.004414218
2.369271	0.004256567
2.372604	0.004177742
2.375937	0.004177742
2.379271	0.004335392
2.382604	0.004493043
2.385937	0.004650694
2.389271	0.004808344
2.392604	0.004887169
2.395937	0.004887169
2.399271	0.004887169
2.402604	0.004808344
2.405937	0.004808344
2.409271	0.004808344
2.412604	0.004887169
2.415937	0.00504482
2.419271	0.005202471
2.422604	0.005517772
2.425937	0.005754248
2.429271	0.005990724
2.432604	0.006148374
2.435937	0.0062272
2.439271	0.0062272
2.442604	0.006148374
2.445937	0.005990724
2.449271	0.005911899
2.452604	0.005833073
2.455937	0.005833073
2.459271	0.005990724
2.462604	0.0062272
2.465938	0.006621326
2.469271	0.007094278
2.472604	0.00756723
2.475938	0.008040182
2.479271	0.008355483
2.482604	0.008591959
2.485938	0.008670785
2.489271	0.008513134
2.492604	0.008197833
2.495938	0.007724881
2.499271	0.007173104
2.502604	0.006542501
2.505938	0.005990724
2.509271	0.005438947
2.512604	0.004965995
2.515938	0.004650694
2.519271	0.004493043
2.522604	0.004493043
2.525938	0.004571868
2.529271	0.004650694
2.532604	0.004808344
2.535938	0.004965995
2.539271	0.005123645
2.542604	0.005202471
2.545938	0.005202471
2.549271	0.005202471
2.552604	0.005202471
2.555938	0.005123645
2.559271	0.005123645
2.562604	0.00504482
2.565938	0.004965995
2.569271	0.004887169
2.572604	0.004808344
2.575938	0.004808344
2.579271	0.004808344
2.582604	0.004887169
2.585938	0.00504482
2.589271	0.005202471
2.592604	0.005438947
2.595937	0.005596597
2.599271	0.005754248
2.602604	0.005754248
2.605937	0.005754248
2.609271	0.005596597
2.612604	0.005438947
2.615937	0.005281296
2.619271	0.005202471
2.622604	0.00504482
2.625937	0.00504482
2.629271	0.00504482
2.632604	0.00504482
2.635937	0.00504482
2.639271	0.00504482
2.642604	0.004887169
2.645937	0.004729519
2.649271	0.004493043
2.652604	0.004256567
2.655937	0.004020091
2.659271	0.00386244
2.662604	0.00386244
2.665937	0.00386244
2.669271	0.004020091
2.672604	0.004177742
2.675937	0.004414218
2.679271	0.004650694
2.682604	0.004808344
2.685937	0.004887169
2.689271	0.004965995
2.692604	0.004887169
2.695937	0.004808344
2.699271	0.004729519
2.702604	0.004650694
2.705937	0.004571868
2.709271	0.004493043
2.712604	0.004414218
2.715938	0.004335392
2.719271	0.004256567
2.722604	0.004098916
2.725938	0.003941266
2.729271	0.00370479
2.732604	0.003547139
2.735938	0.003389488
2.739271	0.003310663
2.742604	0.003310663
2.745938	0.003547139
2.749271	0.00386244
2.752604	0.004335392
2.755938	0.004808344
2.759271	0.005281296
2.762604	0.005675423
2.765938	0.005990724
2.769271	0.006148374
2.772604	0.006069549
2.775938	0.005911899
2.779271	0.005596597
2.782604	0.005202471
2.785938	0.004887169
2.789271	0.004650694
2.792604	0.004493043
2.795938	0.004414218
2.799271	0.004414218
2.802604	0.004571868
2.805938	0.004729519
2.809271	0.004965995
2.812604	0.005360121
2.815938	0.005675423
2.819271	0.006069549
2.822604	0.006463676
2.825938	0.006936628
2.829271	0.007251929
2.832604	0.00756723
2.835938	0.007803706
2.839271	0.007803706
2.842604	0.007646055
2.845937	0.007251929
2.849271	0.006778977
2.852604	0.0062272
2.855937	0.005675423
2.859271	0.005123645
2.862604	0.004729519
2.865937	0.004493043
2.869271	0.004414218
2.872604	0.004414218
2.875937	0.004493043
2.879271	0.004571868
2.882604	0.004650694
2.885937	0.004650694
2.889271	0.004493043
2.892604	0.004335392
2.895937	0.004098916
2.899271	0.00386244
2.902604	0.003625964
2.905937	0.003389488
2.909271	0.003231838
2.912604	0.003074187
2.915937	0.003074187
2.919271	0.002995362
2.922604	0.002916537
2.925937	0.002837711
2.929271	0.002680061
2.932604	0.00252241
2.935937	0.002364759
2.939271	0.002128283
2.942604	0.001970633
2.945937	0.001812982
2.949271	0.001655332
2.952604	0.001497681
2.955937	0.00134003
2.959271	0.001261205
2.962604	0.00118238
2.965938	0.001103554
2.969271	0.0009459038
2.972604	0.0008670785
2.975938	0.0007882531
2.979271	0.0007094278
2.982604	0.0007094278
2.985938	0.0007094278
2.989271	0.0007094278
2.992604	0.0007882531
2.995938	0.0008670785
2.999271	0.0008670785
3.002604	0.0009459038
3.005938	0.0009459038
3.009271	0.0009459038
3.012604	0.0009459038
3.015938	0.0008670785
3.019271	0.0008670785
3.022604	0.0007882531
3.025938	0.0007882531
3.029271	0.0007094278
3.032604	0.0007094278
3.035938	0.0007094278
3.039271	0.0007094278
3.042604	0.0007094278
3.045938	0.0007094278
3.049271	0.0007094278
3.052604	0.0007882531
3.055938	0.0007882531
3.059271	0.0008670785
3.062604	0.0009459038
3.065938	0.001103554
3.069271	0.00118238
3.072604	0.00118238
3.075938	0.001261205
3.079271	0.001103554
3.082604	0.0009459038
3.085938	0.0007094278
3.089271	0.0004729519
3.092604	0.0002364759
3.095937	7.882531e-05
3.099271	0
3.102604	0
3.105937	0.0001576506
3.109271	0.0004729519
3.112604	0.0007882531
3.115937	0.00118238
3.119271	0.001576506
3.122604	0.001970633
3.125937	0.002364759
3.129271	0.002837711
3.132604	0.003468314
3.135937	0.004414218
3.139271	0.005833073
3.142604	0.007803706
3.145937	0.01056259
3.149271	0.01418856
3.152604	0.0189969
3.155937	0.02514528
3.159271	0.03287016
3.162604	0.04225037
3.165937	0.05375887
3.169271	0.06763212
3.172604	0.08418544
3.175937	0.1040494
3.179271	0.1274605
3.182604	0.1549706
3.185937	0.1871313
3.189271	0.2244157
3.192604	0.2673755
3.195937	0.3165625
3.199271	0.3724496
3.202604	0.4355099
3.205937	0.5062162
3.209271	0.5849627
3.212604	0.6720647
3.215938	0.7677586
3.219271	0.872281
3.222604	0.9857106
3.225938	1.108205
3.229271	1.239686
3.232604	1.380231
3.235938	1.529684
3.239271	1.687965
3.242604	1.854839
3.245938	2.030225
3.249271	2.21373
3.252604	2.405118
3.255938	2.603837
3.259271	2.809571
3.262604	3.02169
3.265938	3.239642
3.269271	3.462639
3.272604	3.689971
3.275938	3.92085
3.279271	4.154331
3.282604	4.389388
3.285938	4.625076
3.289271	4.86029
3.292604	5.09385
3.295938	5.324571
3.299271	5.551273
3.302604	5.772693
3.305938	5.987728
3.309271	6.195039
3.312604	6.393521
3.315938	6.582151
3.319271	6.760138
3.322604	6.926539
3.325938	7.080957
3.329271	7.222843
3.332604	7.351959
3.335938	7.468068
3.339271	7.571251
3.342604	7.661585
3.345937	7.739149
3.349271	7.80418
3.352604	7.857071
3.355937	7.898139
3.359271	7.927935
3.362604	7.947011
3.365937	7.955997
3.369271	7.955603
3.372604	7.946538
3.375937	7.929433
3.379271	7.904997
3.382604	7.87394
3.385937	7.836813
3.389271	7.794169
3.392604	7.746637
3.395937	7.694691
3.399271	7.638962
3.402604	7.579922
3.405937	7.518123
3.409271	7.454038
3.412604	7.388297
3.415937	7.321138
3.419271	7.253033
3.422604	7.184297
3.425937	7.115246
3.429271	7.046195
3.432604	6.977381
3.435937	6.908961
3.439271	6.841328
3.442604	6.774563
3.445937	6.708823
3.449271	6.644344
3.452604	6.581284
3.455937	6.519721
3.459271	6.459656
3.462604	6.401246
3.465938	6.344413
3.469271	6.289314
3.472604	6.235871
3.475938	6.18424
3.479271	6.134501
3.482604	6.086654
3.485938	6.040699
3.489271	5.996715
3.492604	5.954622
3.495938	5.914421
3.499271	5.875954
3.502604	5.839143
3.505938	5.803987
3.509271	5.770249
3.512604	5.737931
3.515938	5.706953
3.519271	5.677314
3.522604	5.649016
3.525938	5.621979
3.529271	5.596203
3.532604	5.571688
3.535938	5.548356
3.539271	5.526206
3.542604	5.50516
3.545938	5.485138
3.549271	5.46622
3.552604	5.448248
3.555938	5.431379
3.559271	5.415457
3.562604	5.40048
3.565938	5.386449
3.569271	5.373206
3.572604	5.360673
3.575938	5.348692
3.579271	5.337262
3.582604	5.326226
3.585938	5.315506
3.589271	5.30518
3.592604	5.295248
3.595937	5.28571
3.599271	5.276645
3.602604	5.26829
3.605937	5.260407
3.609271	5.253234
3.612604	5.246534
3.615937	5.240465
3.619271	5.234789
3.622604	5.229429
3.625937	5.224384
3.629271	5.219497
3.632604	5.214846
3.635937	5.210274
3.639271	5.20586
3.642604	5.201525
3.645937	5.197269
3.649271	5.193091
3.652604	5.188913
3.655937	5.184893
3.659271	5.180873
3.662604	5.176932
3.665937	5.173069
3.669271	5.169443
3.672604	5.165975
3.675937	5.162822
3.679271	5.159984
3.682604	5.157541
3.685937	5.155255
3.689271	5.153126
3.692604	5.151077
3.695937	5.148949
3.699271	5.146742
3.702604	5.144298
3.705937	5.141618
3.709271	5.138701
3.712604	5.135469
3.715938	5.13208
3.719271	5.128612
3.722604	5.125065
3.725938	5.121517
3.729271	5.11797
3.732604	5.114423
3.735938	5.110876
3.739271	5.10725
3.742604	5.103624
3.745938	5.099998
3.749271	5.096372
3.752604	5.092667
3.755938	5.088963
3.759271	5.085337
3.762604	5.081789
3.765938	5.078321
3.769271	5.074932
3.772604	5.071779
3.775938	5.068626
3.779271	5.06563
3.782604	5.062635
3.785938	5.059718
3.789271	5.056802
3.792604	5.053885
3.795938	5.050969
3.799271	5.048052
3.802604	5.045136
3.805938	5.042219
3.809271	5.039381
3.812604	5.036623
3.815938	5.033864
3.819271	5.031105
3.822604	5.028425
3.825938	5.025745
3.829271	5.022986
3.832604	5.020227
3.835938	5.017547
3.839271	5.014867
3.842604	5.012266
3.845937	5.009822
3.849271	5.007457
3.852604	5.005329
3.855937	5.003437
3.859271	5.001782
3.862604	5.000363
3.865937	4.999259
3.869271	4.998313
3.872604	4.997683
3.875937	4.997289
3.879271	4.997131
3.882604	4.997131
3.885937	4.997289
3.889271	4.997604
3.892604	4.997919
3.895937	4.998313
3.899271	4.998708
3.902604	4.999181
3.905937	4.999811
3.909271	5.000521
3.912604	5.001545
3.915937	5.002885
3.919271	5.004619
3.922604	5.006669
3.925937	5.009113
3.929271	5.011793
3.932604	5.014709
3.935937	5.017626
3.939271	5.020463
3.942604	5.023222
3.945937	5.025902
3.949271	5.028346
3.952604	5.030711
3.955937	5.033075
3.959271	5.035598
3.962604	5.038199
3.965938	5.041037
3.969271	5.04419
3.972604	5.0475
3.975938	5.051048
3.979271	5.054752
3.982604	5.058615
3.985938	5.062477
3.989271	5.066497
3.992604	5.070596
3.995938	5.074774
3.999271	5.078952
4.002604	5.083208
4.005938	5.087465
4.009271	5.091721
4.012604	5.095899
4.015937	5.099998
4.019271	5.104018
4.022604	5.107802
4.025938	5.111507
4.029271	5.115054
4.032604	5.118522
4.035937	5.12199
4.039271	5.125459
4.042604	5.128848
4.045938	5.132238
4.049271	5.135548
4.052604	5.13878
4.055937	5.141776
4.059271	5.144456
4.062604	5.146978
4.065938	5.149106
4.069271	5.150919
4.072604	5.152338
4.075937	5.15352
4.079271	5.154388
4.082604	5.155018
4.085938	5.155333
4.089271	5.155333
4.092604	5.155018
4.095938	5.154388
4.099271	5.153363
4.102604	5.151944
4.105937	5.15021
4.109271	5.148003
4.112604	5.145559
4.115938	5.142721
4.119271	5.13949
4.122604	5.135942
4.125937	5.132001
4.129271	5.127666
4.132604	5.122936
4.135938	5.117655
4.139271	5.111901
4.142604	5.105674
4.145937	5.099052
4.149271	5.092037
4.152604	5.084706
4.155938	5.077139
4.159271	5.069177
4.162604	5.060901
4.165937	5.052309
4.169271	5.043323
4.172604	5.033864
4.175938	5.023853
4.179271	5.013211
4.182604	5.002097
4.185937	4.990352
4.189271	4.978213
4.192604	4.965522
4.195938	4.952358
4.199271	4.938879
4.202604	4.924927
4.205937	4.910502
4.209271	4.895683
4.212604	4.880312
4.215938	4.864468
4.219271	4.848072
4.222604	4.831204
4.225937	4.813862
4.229271	4.796048
4.232604	4.77776
4.235938	4.759079
4.239271	4.740003
4.242604	4.720454
4.245937	4.70059
4.249271	4.680174
4.252604	4.659443
4.255938	4.638161
4.259271	4.616562
4.262604	4.594649
4.265937	4.57242
4.269271	4.549955
4.272604	4.527253
4.275938	4.504473
4.279271	4.481456
4.282604	4.45836
4.285937	4.435028
4.289271	4.411538
4.292604	4.387811
4.295938	4.363848
4.299271	4.339728
4.302604	4.31545
4.305937	4.291014
4.309271	4.266499
4.312604	4.241906
4.315938	4.217391
4.319271	4.192955
4.322604	4.168677
4.325937	4.144478
4.329271	4.120515
4.332604	4.096631
4.335938	4.073062
4.339271	4.04973
4.342604	4.026713
4.345938	4.003932
4.349271	3.981546
4.352604	3.959553
4.355937	3.937955
4.359271	3.916988
4.362604	3.896493
4.365938	3.876708
4.369271	3.857711
4.372604	3.839424
4.375937	3.822082
4.379271	3.805844
4.382604	3.79071
4.385938	3.776915
4.389271	3.764461
4.392604	3.753504
4.395937	3.744124
4.399271	3.736557
4.402604	3.730724
4.405938	3.72694
4.409271	3.725048
4.412604	3.725363
4.415937	3.728044
4.419271	3.733246
4.422604	3.741129
4.425938	3.751849
4.429271	3.765643
4.432604	3.782669
4.435937	3.803085
4.439271	3.827048
4.442604	3.854873
4.445938	3.886561
4.449271	3.922348
4.452604	3.96247
4.455937	4.007164
4.459271	4.056587
4.462604	4.111213
4.465938	4.171121
4.469271	4.236624
4.472604	4.307961
4.475937	4.385368
4.479271	4.468923
4.482604	4.558862
4.485938	4.655345
4.489271	4.758606
4.492604	4.868646
4.495937	4.985859
4.499271	5.110245
4.502604	5.24212
4.505938	5.381641
4.509271	5.528965
4.512604	5.684172
4.515937	5.847498
4.519271	6.019101
4.522604	6.198901
4.525938	6.387215
4.529271	6.583964
4.532604	6.789225
4.535937	7.003236
4.539271	7.226075
4.542604	7.457742
4.545938	7.698317
4.549271	7.947721
4.552604	8.206031
4.555937	8.473091
4.559271	8.748822
4.562604	9.033145
4.565938	9.325823
4.569271	9.626857
4.572604	9.936089
4.575937	10.25352
4.579271	10.57907
4.582604	10.91258
4.585938	11.25405
4.589271	11.60332
4.592604	11.96032
4.595938	12.32489
4.599271	12.69671
4.602604	13.0757
4.605937	13.46163
4.609271	13.85442
4.612604	14.25383
4.615938	14.66001
4.619271	15.07274
4.622604	15.49201
4.625937	15.91783
4.629271	16.35011
4.632604	16.78869
4.635938	17.23366
4.639271	17.68485
4.642604	18.1422
4.645937	18.60585
4.649271	19.07581
4.652604	19.5523
4.655938	20.03558
4.659271	20.52588
4.662604	21.02342
4.665937	21.52861
4.669271	22.04169
4.672604	22.5628
4.675938	23.09235
4.679271	23.63049
4.682604	24.17746
4.685937	24.73365
4.689271	25.29938
4.692604	25.87512
4.695938	26.46142
4.699271	27.05868
4.702604	27.66753
4.705937	28.28828
4.709271	28.92133
4.712604	29.56706
4.715938	30.22573
4.719271	30.89755
4.722604	31.5827
4.725937	32.28133
4.729271	32.99368
4.732604	33.7199
4.735938	34.46022
4.739271	35.21497
4.742604	35.98407
4.745937	36.76775
4.749271	37.56586
4.752604	38.37823
4.755938	39.20472
4.759271	40.04476
4.762604	40.8982
4.765937	41.76449
4.769271	42.64331
4.772604	43.53435
4.775938	44.43738
4.779271	45.35191
4.782604	46.27763
4.785937	47.21392
4.789271	48.16022
4.792604	49.11574
4.795938	50.07969
4.799271	51.05121
4.802604	52.02936
4.805937	53.01334
4.809271	54.00228
4.812604	54.99564
4.815938	55.99254
4.819271	56.99244
4.822604	57.99455
4.825937	58.99807
4.829271	60.00191
4.832604	61.0052
4.835938	62.00668
4.839271	63.00524
4.842604	63.9997
4.845938	64.98895
4.849271	65.97206
4.852604	66.94816
4.855937	67.91637
4.859271	68.87599
4.862604	69.82599
4.865938	70.76551
4.869271	71.69336
4.872604	72.60852
4.875937	73.50973
4.879271	74.39573
4.882604	75.26525
4.885938	76.11727
4.889271	76.95077
4.892604	77.76504
4.895937	78.55928
4.899271	79.33272
4.902604	80.08463
4.905938	80.81424
4.909271	81.52067
4.912604	82.20322
4.915937	82.86093
4.919271	83.49311
4.922604	84.09928
4.925938	84.67896
4.929271	85.23216
4.932604	85.7591
4.935937	86.26004
4.939271	86.73528
4.942604	87.18529
4.945938	87.61047
4.949271	88.01138
4.952604	88.38824
4.955937	88.7417
4.959271	89.07213
4.962604	89.3805
4.965938	89.66766
4.969271	89.93495
4.972604	90.1838
4.975937	90.41563
4.979271	90.63216
4.982604	90.83474
4.985938	91.02495
4.989271	91.20428
4.992604	91.37391
4.995937	91.53519
4.999271	91.68937
5.002604	91.8378
5.005938	91.98197
5.009271	92.12346
5.012604	92.26377
5.015937	92.40455
5.019271	92.54707
5.022604	92.6925
5.025938	92.84164
5.029271	92.99535
5.032604	93.1541
5.035937	93.31829
5.039271	93.48808
5.042604	93.66402
5.045938	93.84634
5.049271	94.0356
5.052604	94.23212
5.055937	94.43612
5.059271	94.6476
5.062604	94.86626
5.065938	95.09178
5.069271	95.32322
5.072604	95.55977
5.075937	95.80019
5.079271	96.0436
5.082604	96.28898
5.085938	96.53547
5.089271	96.78211
5.092604	97.02829
5.095938	97.27288
5.099271	97.51495
5.102604	97.75316
5.105937	97.98617
5.109271	98.21248
5.112604	98.43059
5.115938	98.63892
5.119271	98.83607
5.122604	99.02083
5.125937	99.19243
5.129271	99.34993
5.132604	99.4926
5.135938	99.61975
5.139271	99.73034
5.142604	99.82351
5.145937	99.89816
5.149271	99.95318
5.152604	99.98747
5.155938	100
5.159271	99.98975
5.162604	99.95609
5.165937	99.89871
5.169271	99.8172
5.172604	99.71134
5.175938	99.58096
5.179271	99.42568
5.182604	99.24525
5.185937	99.03912
5.189271	98.8069
5.192604	98.5482
5.195938	98.26261
5.199271	97.94999
5.202604	97.61033
5.205937	97.24403
5.209271	96.85132
5.212604	96.43268
5.215938	95.98834
5.219271	95.51854
5.222604	95.02352
5.225937	94.50327
5.229271	93.9578
5.232604	93.38719
5.235938	92.79158
5.239271	92.17107
5.242604	91.52636
5.245937	90.85792
5.249271	90.16662
5.252604	89.45325
5.255938	88.71836
5.259271	87.96274
5.262604	87.18687
5.265937	86.3912
5.269271	85.57623
5.272604	84.74249
5.275938	83.89047
5.279271	83.02103
5.282604	82.13504
5.285937	81.23359
5.289271	80.3178
5.292604	79.38884
5.295938	78.44751
5.299271	77.49498
5.302604	76.53182
5.305937	75.55896
5.309271	74.57695
5.312604	73.58659
5.315938	72.58874
5.319271	71.58419
5.322604	70.57404
5.325937	69.55948
5.329271	68.54161
5.332604	67.52145
5.335938	66.49988
5.339271	65.47767
5.342604	64.45554
5.345938	63.43405
5.349271	62.41373
5.352604	61.39523
5.355937	60.37917
5.359271	59.36642
5.362604	58.35762
5.365938	57.35385
5.369271	56.35593
5.372604	55.36454
5.375937	54.38041
5.379271	53.40392
5.382604	52.43547
5.385938	51.47545
5.389271	50.52403
5.392604	49.58152
5.395937	48.6483
5.399271	47.72479
5.402604	46.81144
5.405938	45.90881
5.409271	45.01722
5.412604	44.13713
5.415937	43.26871
5.419271	42.41204
5.422604	41.56711
5.425938	40.73385
5.429271	39.91218
5.432604	39.10209
5.435937	38.30359
5.439271	37.51683
5.442604	36.74206
5.445938	35.97934
5.449271	35.22908
5.452604	34.4912
5.455937	33.76585
5.459271	33.05303
5.462604	32.35259
5.465938	31.66437
5.469271	30.98828
5.472604	30.3241
5.475937	29.6719
5.479271	29.03152
5.482604	28.40313
5.485938	27.78671
5.489271	27.1822
5.492604	26.58951
5.495937	26.00857
5.499271	25.43898
5.502604	24.88066
5.505938	24.33337
5.509271	23.79689
5.512604	23.27097
5.515937	22.75569
5.519271	22.25089
5.522604	21.75657
5.525938	21.27282
5.529271	20.79956
5.532604	20.33662
5.535937	19.88384
5.539271	19.441
5.542604	19.00786
5.545938	18.58417
5.549271	18.16979
5.552604	17.76439
5.555937	17.36798
5.559271	16.98039
5.562604	16.60156
5.565938	16.23147
5.569271	15.86998
5.572604	15.51684
5.575937	15.1719
5.579271	14.83493
5.582604	14.50575
5.585938	14.18399
5.589271	13.86955
5.592604	13.56221
5.595938	13.26189
5.599271	12.96858
5.602604	12.68205
5.605937	12.40222
5.609271	12.12909
5.612604	11.86234
5.615938	11.60198
5.619271	11.34777
5.622604	11.09955
5.625937	10.85716
5.629271	10.62053
5.632604	10.38949
5.635938	10.16397
5.639271	9.943893
5.642604	9.729173
5.645937	9.519655
5.649271	9.315182
5.652604	9.115518
5.655938	8.920661
5.659271	8.730298
5.662604	8.544349
5.665937	8.362736
5.669271	8.185379
5.672604	8.012042
5.675938	7.842725
5.679271	7.677429
5.682604	7.515915
5.685937	7.358107
5.689271	7.203846
5.692604	7.053132
5.695938	6.90565
5.699271	6.761321
5.702604	6.620145
5.705937	6.481963
5.709271	6.346857
5.712604	6.214667
5.715938	6.085393
5.719271	5.959194
5.722604	5.835832
5.725937	5.715308
5.729271	5.597622
5.732604	5.482616
5.735938	5.370211
5.739271	5.26025
5.742604	5.152653
5.745937	5.047343
5.749271	4.944318
5.752604	4.843501
5.755938	4.744811
5.759271	4.648329
5.762604	4.553975
5.765937	4.461671
5.769271	4.371416
5.772604	4.283131
5.775938	4.196818
5.779271	4.112396
5.782604	4.029708
5.785937	3.948991
5.789271	3.870008
5.792604	3.792917
5.795938	3.71756
5.799271	3.644016
5.802604	3.572206
5.805937	3.501973
5.809271	3.433473
5.812604	3.366393
5.815938	3.30081
5.819271	3.236646
5.822604	3.17398
5.825937	3.112654
5.829271	3.052904
5.832604	2.994652
5.835938	2.937898
5.839271	2.882642
5.842604	2.828883
5.845938	2.776464
5.849271	2.725306
5.852604	2.67541
5.855937	2.626696
5.859271	2.579007
5.862604	2.532421
5.865938	2.48686
5.869271	2.442481
5.872604	2.399206
5.875937	2.357192
5.879271	2.316361
5.882604	2.276869
5.885938	2.23856
5.889271	2.201512
5.892604	2.165568
5.895937	2.130648
5.899271	2.096753
5.902604	2.063726
5.905938	2.031565
5.909271	2.000192
5.912604	1.969608
5.915937	1.939812
5.919271	1.910726
5.922604	1.882349
5.925938	1.854681
5.929271	1.827723
5.932604	1.801395
5.935937	1.775777
5.939271	1.75071
5.942604	1.726353
5.945938	1.702627
5.949271	1.679452
5.952604	1.657066
5.955937	1.63531
5.959271	1.614185
5.962604	1.593848
5.965938	1.574142
5.969271	1.555066
5.972604	1.536621
5.975937	1.518648
5.979271	1.501149
5.982604	1.484044
5.985938	1.467254
5.989271	1.45078
5.992604	1.434463
5.995937	1.418462
5.999271	1.402618
6.002604	1.387168
6.005938	1.372033
6.009271	1.357372
6.012604	1.343026
6.015937	1.329231
6.019271	1.31591
6.022604	1.302983
6.025938	1.290528
6.029271	1.278389
6.032604	1.266644
6.035937	1.255214
6.039271	1.2441
6.042604	1.233459
6.045938	1.223211
6.049271	1.213437
6.052604	1.204293
6.055937	1.19578
6.059271	1.187976
6.062604	1.180961
6.065938	1.174655
6.069271	1.169058
6.072604	1.164171
6.075937	1.159915
6.079271	1.156289
6.082604	1.153293
6.085938	1.15085
6.089271	1.149116
6.092604	1.147933
6.095938	1.147539
6.099271	1.147933
6.102604	1.149116
6.105937	1.151086
6.109271	1.153845
6.112604	1.15755
6.115938	1.162043
6.119271	1.167403
6.122604	1.173551
6.125937	1.180488
6.129271	1.188134
6.132604	1.19649
6.135938	1.205397
6.139271	1.215013
6.142604	1.225103
6.145937	1.235666
6.149271	1.246544
6.152604	1.257816
6.155938	1.269403
6.159271	1.281227
6.162604	1.293129
6.165937	1.305111
6.169271	1.317171
6.172604	1.329074
6.175938	1.340976
6.179271	1.352642
6.182604	1.364072
6.185937	1.375344
6.189271	1.38638
6.192604	1.3971
6.195938	1.407662
6.199271	1.417989
6.202604	1.427999
6.205937	1.437774
6.209271	1.447312
6.212604	1.456455
6.215938	1.465205
6.219271	1.473403
6.222604	1.48097
6.225937	1.487828
6.229271	1.493976
6.232604	1.499257
6.235938	1.503672
6.239271	1.50714
6.242604	1.509662
6.245937	1.511239
6.249271	1.51187
6.252604	1.511554
6.255938	1.510372
6.259271	1.508322
6.262604	1.505406
6.265937	1.501622
6.269271	1.497129
6.272604	1.491769
6.275938	1.485778
6.279271	1.479157
6.282604	1.471826
6.285937	1.463944
6.289271	1.455352
6.292604	1.446208
6.295938	1.436513
6.299271	1.426186
6.302604	1.415309
6.305937	1.403879
6.309271	1.391897
6.312604	1.379285
6.315938	1.366279
6.319271	1.3528
6.322604	1.338927
6.325937	1.324738
6.329271	1.310392
6.332604	1.295967
6.335938	1.281384
6.339271	1.266881
6.342604	1.252455
6.345938	1.238109
6.349271	1.223842
6.352604	1.209653
6.355937	1.195622
6.359271	1.18167
6.362604	1.167876
6.365938	1.154081
6.369271	1.140287
6.372604	1.12665
6.375937	1.113014
6.379271	1.099456
6.382604	1.085898
6.385938	1.072576
6.389271	1.059333
6.392604	1.046248
6.395937	1.033479
6.399271	1.021024
6.402604	1.008964
6.405938	0.9972979
6.409271	0.9861048
6.412604	0.9754633
6.415937	0.9654525
6.419271	0.9559935
6.422604	0.9472439
6.425938	0.9391249
6.429271	0.9317153
6.432604	0.9250151
6.435937	0.9189456
6.439271	0.9135855
6.442604	0.9087771
6.445938	0.9046782
6.449271	0.9010522
6.452604	0.8981357
6.455937	0.8957709
6.459271	0.893958
6.462604	0.8926968
6.465938	0.8920662
6.469271	0.8919873
6.472604	0.8924603
6.475937	0.893485
6.479271	0.8949827
6.482604	0.8968745
6.485938	0.8991604
6.489271	0.9017617
6.492604	0.9045994
6.495937	0.9077524
6.499271	0.9110631
6.502604	0.9145314
6.505938	0.9181573
6.509271	0.9218621
6.512604	0.9257246
6.515937	0.9296658
6.519271	0.9336071
6.522604	0.937706
6.525938	0.9417261
6.529271	0.9459038
6.532604	0.9500028
6.535937	0.9540229
6.539271	0.9579641
6.542604	0.9616689
6.545938	0.965216
6.549271	0.9683691
6.552604	0.9710491
6.555937	0.9732562
6.559271	0.9749116
6.562604	0.9758575
6.565938	0.9762516
6.569271	0.9760151
6.572604	0.9750692
6.575937	0.9734927
6.579271	0.9712856
6.582604	0.9685267
6.585938	0.9651372
6.589271	0.961196
6.592604	0.9566241
6.595938	0.9514216
6.599271	0.9455097
6.602604	0.9388884
6.605937	0.9316365
6.609271	0.9235963
6.612604	0.9149255
6.615938	0.9056241
6.619271	0.8956921
6.622604	0.8852872
6.625937	0.8744881
6.629271	0.8633737
6.632604	0.8521017
6.635938	0.840672
6.639271	0.8292423
6.642604	0.8177338
6.645937	0.8063041
6.649271	0.7948745
6.652604	0.7836024
6.655938	0.7723304
6.659271	0.7611372
6.662604	0.7501017
6.665937	0.7392238
6.669271	0.7285036
6.672604	0.7180198
6.675938	0.7078513
6.679271	0.6979982
6.682604	0.6884603
6.685937	0.6792378
6.689271	0.6704882
6.692604	0.6622115
6.695938	0.6544078
6.699271	0.6472347
6.702604	0.6406922
6.705937	0.6347803
6.709271	0.629499
6.712604	0.6249271
6.715938	0.6208282
6.719271	0.6173599
6.722604	0.6144434
6.725937	0.611921
6.729271	0.6097927
6.732604	0.6080585
6.735938	0.6067185
6.739271	0.6057726
6.742604	0.605142
6.745937	0.6049843
6.749271	0.605142
6.752604	0.6056938
6.755938	0.6066397
6.759271	0.6079009
6.762604	0.6095562
6.765937	0.6115268
6.769271	0.6138128
6.772604	0.616414
6.775938	0.6193305
6.779271	0.6224835
6.782604	0.6259519
6.785937	0.6295778
6.789271	0.6334403
6.792604	0.6373815
6.795938	0.6414804
6.799271	0.6455794
6.802604	0.6497571
6.805937	0.6539348
6.809271	0.6581914
6.812604	0.662448
6.815938	0.6667834
6.819271	0.6711188
6.822604	0.675533
6.825937	0.6801048
6.829271	0.6847555
6.832604	0.689485
6.835938	0.6943722
6.839271	0.6994958
6.842604	0.7047771
6.845938	0.7101373
6.849271	0.7157339
6.852604	0.7215669
6.855937	0.7274788
6.859271	0.7335484
6.862604	0.7397756
6.865938	0.7460816
6.869271	0.7525453
6.872604	0.7592454
6.875937	0.7661032
6.879271	0.7731975
6.882604	0.7806071
6.885938	0.788332
6.889271	0.7962933
6.892604	0.8046488
6.895937	0.8132408
6.899271	0.822148
6.902604	0.8313706
6.905938	0.8407508
6.909271	0.8503676
6.912604	0.8602207
6.915937	0.8702315
6.919271	0.8805577
6.922604	0.8911203
6.925938	0.902077
6.929271	0.9134278
6.932604	0.9251728
6.935937	0.9373907
6.939271	0.9501604
6.942604	0.9634031
6.945938	0.9771975
6.949271	0.9915437
6.952604	1.006521
6.955937	1.022128
6.959271	1.038524
6.962604	1.055708
6.965938	1.07368
6.969271	1.092598
6.972604	1.112541
6.975937	1.133508
6.979271	1.155579
6.982604	1.178911
6.985938	1.203426
6.989271	1.229281
6.992604	1.256397
6.995937	1.284932
6.999271	1.314727
7.002604	1.345863
7.005938	1.378261
7.009271	1.411919
7.012604	1.44676
7.015937	1.482704
7.019271	1.519752
7.022604	1.557825
7.025938	1.59708
7.029271	1.637281
7.032604	1.678585
7.035937	1.720836
7.039271	1.764111
7.042604	1.808253
7.045938	1.853262
7.049271	1.898981
7.052604	1.94533
7.055937	1.992152
7.059271	2.039369
7.062604	2.0869
7.065938	2.134747
7.069271	2.182752
7.072604	2.231151
7.075937	2.279786
7.079271	2.328736
7.082604	2.37816
7.085938	2.427899
7.089271	2.47811
7.092604	2.528716
7.095938	2.579795
7.099271	2.63111
7.102604	2.682898
7.105937	2.734923
7.109271	2.787263
7.112604	2.83984
7.115938	2.892574
7.119271	2.945465
7.122604	2.998357
7.125937	3.051328
7.129271	3.104141
7.132604	3.156796
7.135938	3.209057
7.139271	3.260846
7.142604	3.312082
7.145937	3.362609
7.149271	3.41219
7.152604	3.460747
7.155938	3.507884
7.159271	3.553367
7.162604	3.596878
7.165937	3.638104
7.169271	3.676649
7.172604	3.712121
7.175938	3.744124
7.179271	3.772265
7.182604	3.796149
7.185937	3.81554
7.189271	3.830122
7.192604	3.83966
7.195938	3.843917
7.199271	3.842892
7.202604	3.836507
7.205937	3.82492
7.209271	3.808209
7.212604	3.786532
7.215938	3.760283
7.219271	3.729699
7.222604	3.695095
7.225937	3.657022
7.229271	3.615717
7.232604	3.571575
7.235938	3.52499
7.239271	3.476275
7.242604	3.425748
7.245937	3.373724
7.249271	3.320438
7.252604	3.266285
7.255938	3.211343
7.259271	3.156008
7.262604	3.100357
7.265937	3.044707
7.269271	2.989214
7.272604	2.934115
7.275938	2.879568
7.279271	2.825809
7.282604	2.772759
7.285937	2.720735
7.289271	2.669656
7.292604	2.619759
7.295938	2.571124
7.299271	2.523671
7.302604	2.47748
7.305937	2.432707
7.309271	2.389195
7.312604	2.347103
7.315938	2.30635
7.319271	2.266937
7.322604	2.228865
7.325937	2.192053
7.329271	2.156503
7.332604	2.122214
7.335938	2.089029
7.339271	2.057026
7.342604	2.026047
7.345938	1.996015
7.349271	1.967086
7.352604	1.939024
7.355937	1.911908
7.359271	1.885738
7.362604	1.860435
7.365938	1.835999
7.369271	1.812431
7.372604	1.789571
7.375937	1.7675
7.379271	1.74606
7.382604	1.725092
7.385938	1.704676
7.389271	1.684576
7.392604	1.66487
7.395937	1.645557
7.399271	1.62656
7.402604	1.607879
7.405938	1.589512
7.409271	1.57154
7.412604	1.553883
7.415937	1.536621
7.419271	1.519594
7.422604	1.502883
7.425938	1.48633
7.429271	1.470013
7.432604	1.453696
7.435937	1.437537
7.439271	1.421299
7.442604	1.40514
7.445938	1.388823
7.449271	1.372506
7.452604	1.356111
7.455937	1.339636
7.459271	1.323004
7.462604	1.306451
7.465938	1.289819
7.469271	1.273265
7.472604	1.25687
7.475937	1.240632
7.479271	1.22463
7.482604	1.208944
7.485938	1.193494
7.489271	1.178439
7.492604	1.163698
7.495937	1.149273
7.499271	1.135242
7.502604	1.121527
7.505938	1.108126
7.509271	1.095041
7.512604	1.082272
7.515937	1.069738
7.519271	1.05752
7.522604	1.045618
7.525938	1.033952
7.529271	1.02268
7.532604	1.011644
7.535937	1.001082
7.539271	0.9907554
7.542604	0.9809023
7.545938	0.9713644
7.549271	0.9622207
7.552604	0.9533134
7.555937	0.9448003
7.559271	0.9366813
7.562604	0.9288776
7.565938	0.921468
7.569271	0.9145314
7.572604	0.90791
7.575937	0.9016828
7.579271	0.8959286
7.582604	0.8904108
7.585938	0.8852084
7.589271	0.8801635
7.592604	0.8751975
7.595938	0.8703104
7.599271	0.865502
7.602604	0.8606149
7.605937	0.8558065
7.609271	0.8509193
7.612604	0.8460321
7.615938	0.8411449
7.619271	0.8363366
7.622604	0.8315282
7.625937	0.8267199
7.629271	0.8219904
7.632604	0.817182
7.635938	0.8124525
7.639271	0.807723
7.642604	0.8029935
7.645937	0.7983428
7.649271	0.7937709
7.652604	0.7892779
7.655938	0.7848637
7.659271	0.7806071
7.662604	0.7763505
7.665937	0.7721728
7.669271	0.7680739
7.672604	0.7639749
7.675938	0.7599549
7.679271	0.7559348
7.682604	0.7519147
7.685937	0.7478946
7.689271	0.7438745
7.692604	0.7398544
7.695938	0.7358343
7.699271	0.7318142
7.702604	0.7277941
7.705937	0.723774
7.709271	0.7198328
7.712604	0.7158915
7.715938	0.7120291
7.719271	0.7082454
7.722604	0.7046195
7.725937	0.7009935
7.729271	0.6975252
7.732604	0.6940569
7.735938	0.6906674
7.739271	0.6873567
7.742604	0.6839673
7.745937	0.6806566
7.749271	0.6774248
7.752604	0.6741929
7.755938	0.6711188
7.759271	0.6680446
7.762604	0.6650492
7.765937	0.6621327
7.769271	0.659295
7.772604	0.6565361
7.775938	0.6536984
7.779271	0.6509395
7.782604	0.6482594
7.785937	0.6456582
7.789271	0.6432146
7.792604	0.6409287
7.795938	0.6388792
7.799271	0.6371451
7.802604	0.6357262
7.805937	0.6345438
7.809271	0.6335979
7.812604	0.6328885
7.815938	0.6324155
7.819271	0.6320214
7.822604	0.6318638
7.825937	0.6318638
7.829271	0.6319426
7.832604	0.6323367
7.835938	0.6329673
7.839271	0.6339132
7.842604	0.6351744
7.845938	0.6368297
7.849271	0.638958
7.852604	0.6414804
7.855937	0.644397
7.859271	0.6477076
7.862604	0.6514124
7.865938	0.6554325
7.869271	0.6597679
7.872604	0.6643398
7.875937	0.669227
7.879271	0.6743506
7.882604	0.6797107
7.885938	0.6853073
7.889271	0.6911404
7.892604	0.6972099
7.895937	0.7034371
7.899271	0.7099796
7.902604	0.7166798
7.905938	0.7236952
7.909271	0.7308683
7.912604	0.7381202
7.915937	0.7456086
7.919271	0.753097
7.922604	0.7605855
7.925938	0.7679162
7.929271	0.7750893
7.932604	0.7819471
7.935937	0.788332
7.939271	0.7943227
7.942604	0.7998405
7.945938	0.8047276
7.949271	0.8091418
7.952604	0.8130043
7.955937	0.816315
7.959271	0.818995
7.962604	0.8212809
7.965938	0.8230151
7.969271	0.8241975
7.972604	0.8249069
7.975937	0.8251434
7.979271	0.8248281
7.982604	0.8238822
7.985938	0.8224633
7.989271	0.8204139
7.992604	0.8178915
7.995937	0.8147384
7.999271	0.8109548
8.002604	0.8066194
8.005938	0.8015746
8.009271	0.7958992
8.012604	0.789672
8.015938	0.782893
8.019271	0.7755623
8.022604	0.7676797
8.025937	0.7593242
8.029271	0.7506535
8.032604	0.7416674
8.035937	0.7324448
8.03927	0.7230646
8.042604	0.7134479
8.045938	0.7037524
8.049271	0.6939781
8.052604	0.6841249
8.055938	0.6741141
8.059271	0.6641821
8.062604	0.6541713
8.065937	0.6443182
8.069271	0.6345438
8.072604	0.6249271
8.075937	0.6155469
8.07927	0.606482
8.082604	0.5975747
8.085938	0.588904
8.089271	0.5804697
8.092605	0.572193
8.095938	0.5639952
8.099271	0.5557973
8.102604	0.5477571
8.105938	0.539717
8.109271	0.5317556
8.112604	0.5238731
8.115937	0.516227
8.119271	0.5088174
8.122604	0.5016443
8.125937	0.4947865
8.129271	0.4883229
8.132605	0.4821745
8.135938	0.4763414
8.139271	0.4709025
8.142604	0.4657
8.145938	0.4608128
8.149271	0.4560833
8.152604	0.4515903
8.155937	0.4472549
8.159271	0.4430771
8.162604	0.4389782
8.165937	0.4349581
8.169271	0.4311745
8.172605	0.4273909
8.175938	0.4238437
8.179271	0.4204542
8.182604	0.4172224
8.185938	0.4141482
8.189271	0.4112317
8.192604	0.4084728
8.195937	0.4058715
8.199271	0.403428
8.202604	0.4010632
8.205937	0.3988561
8.20927	0.3967278
8.212605	0.3945995
8.215938	0.3925501
8.219271	0.3905794
8.222604	0.3886088
8.225938	0.3867958
8.229271	0.3849828
8.232604	0.3833275
8.235937	0.3816722
8.239271	0.3800957
8.242604	0.3785192
8.245937	0.3770215
8.24927	0.375445
8.252604	0.3737896
8.255938	0.3718978
8.259271	0.3699272
8.262604	0.3677201
8.265938	0.3653553
8.269271	0.3628329
8.272604	0.3602317
8.275937	0.3575516
8.279271	0.3548716
8.282604	0.3522703
8.285937	0.3497479
8.28927	0.3473832
8.292604	0.3450972
8.295938	0.3428901
8.299271	0.340683
8.302604	0.3385547
8.305938	0.3364265
8.309271	0.3342982
8.312604	0.3320911
8.315937	0.329884
8.319271	0.3276769
8.322604	0.3253909
8.325937	0.323105
8.32927	0.3208979
8.332604	0.3186908
8.335938	0.3165625
8.339271	0.3144342
8.342605	0.3123847
8.345938	0.3102565
8.349271	0.308207
8.352604	0.3061575
8.355938	0.3040293
8.359271	0.3019798
8.362604	0.2999303
8.365937	0.2979597
8.369271	0.2960679
8.372604	0.2942549
8.375937	0.2925996
8.379271	0.2911019
8.382605	0.2897619
8.385938	0.2884218
8.389271	0.2871606
8.392604	0.2858994
8.395938	0.2844806
8.399271	0.2830617
8.402604	0.281564
8.405937	0.2799875
8.409271	0.278411
8.412604	0.2767557
8.415937	0.2751792
8.419271	0.2736815
8.422605	0.2721838
8.425938	0.2708438
8.429271	0.2695038
8.432604	0.2682426
8.435938	0.2669814
8.439271	0.2657202
8.442604	0.2644589
8.445937	0.2631189
8.449271	0.2617789
8.452604	0.2604389
8.455937	0.2590988
8.45927	0.2578376
8.462605	0.2566552
8.465938	0.2555517
8.469271	0.2546058
8.472604	0.2538175
8.475938	0.2530293
8.479271	0.2523199
8.482604	0.2516104
8.485937	0.2507433
8.489271	0.2496398
8.492604	0.2484574
8.495937	0.2470386
8.49927	0.245462
8.502604	0.2437279
8.505938	0.2419149
8.509271	0.2401807
8.512604	0.2383678
8.515938	0.2367124
8.519271	0.2352147
8.522604	0.2337171
8.525937	0.232377
8.529271	0.2311158
8.532604	0.2299334
8.535937	0.2288299
8.53927	0.2277263
8.542604	0.2267016
8.545938	0.2256769
8.549271	0.224731
8.552604	0.2237851
8.555938	0.222918
8.559271	0.2220509
8.562604	0.2212627
8.565937	0.2204744
8.569271	0.219765
8.572604	0.2192132
8.575937	0.2187402
8.57927	0.2182673
8.582604	0.217952
8.585938	0.2177943
8.589271	0.2175579
8.592605	0.2173214
8.595938	0.2170061
8.599271	0.2165331
8.602604	0.2159814
8.605938	0.2151931
8.609271	0.2142472
8.612604	0.2132225
8.615937	0.2121977
8.619271	0.211173
8.622604	0.2102271
8.625937	0.20936
8.629271	0.2086506
8.632605	0.2080988
8.635938	0.2076259
8.639271	0.2072318
8.642604	0.2068376
8.645938	0.2064435
8.649271	0.2060494
8.652604	0.2055764
8.655937	0.2050246
8.659271	0.2045517
8.662604	0.2039999
8.665937	0.2034481
8.669271	0.2029752
8.672605	0.2025022
8.675938	0.2021081
8.679271	0.201714
8.682604	0.2013987
8.685938	0.2011622
8.689271	0.2009257
8.692604	0.2006104
8.695937	0.200374
8.699271	0.2000587
8.702604	0.1997434
8.705937	0.1994281
8.70927	0.1990339
8.712605	0.1986398
8.715938	0.1982457
8.719271	0.1978515
8.722604	0.1975362
8.725938	0.1972998
8.729271	0.1971421
8.732604	0.1971421
8.735937	0.1972998
8.739271	0.1977727
8.742604	0.1984033
8.745937	0.1991916
8.74927	0.2002163
8.752604	0.2011622
8.755938	0.2021081
8.759271	0.2028964
8.762604	0.2034481
8.765938	0.2036846
8.769271	0.2036058
8.772604	0.203054
8.775937	0.2022658
8.779271	0.201241
8.782604	0.2001375
8.785937	0.1990339
8.78927	0.1980092
8.792604	0.1971421
8.795938	0.1965115
8.799271	0.1960386
8.802604	0.1958021
8.805938	0.1957233
8.809271	0.1958809
8.812604	0.1960386
8.815937	0.1963539
8.819271	0.1965903
8.822604	0.1968268
8.825937	0.1970633
8.82927	0.1971421
8.832604	0.1971421
8.835938	0.1969845
8.839271	0.1966692
8.842605	0.196275
8.845938	0.1957233
8.849271	0.1950927
8.852604	0.1944621
8.855938	0.1937526
8.859271	0.1929644
8.862604	0.1920973
8.865937	0.191309
8.869271	0.190442
8.872604	0.1894961
8.875937	0.1885502
8.879271	0.1875254
8.882605	0.1864219
8.885938	0.1853971
8.889271	0.1842936
8.892604	0.1831112
8.895938	0.1819288
8.899271	0.1807465
8.902604	0.1794853
8.905937	0.1783029
8.909271	0.1771205
8.912604	0.1760169
8.915937	0.1749922
8.919271	0.1740463
8.922605	0.1732581
8.925938	0.1726274
8.929271	0.1719968
8.932604	0.1715239
8.935938	0.1710509
8.939271	0.170578
8.942604	0.170105
8.945937	0.1696321
8.949271	0.1691591
8.952604	0.1686074
8.955937	0.1679768
8.95927	0.1673462
8.962605	0.1665579
8.965938	0.1657696
8.969271	0.1648237
8.972604	0.163799
8.975938	0.1626166
8.979271	0.1613554
8.982604	0.1600942
8.985937	0.1587542
8.989271	0.1574142
8.992604	0.1562318
8.995937	0.1551282
8.99927	0.1542612
9.002604	0.1534729
9.005938	0.1527635
9.009271	0.1522117
9.012604	0.1517387
9.015938	0.1514234
9.019271	0.1510293
9.022604	0.150714
9.025937	0.1503987
9.029271	0.1499258
9.032604	0.1492952
9.035937	0.1485069
9.03927	0.1476398
9.042604	0.1465363
9.045938	0.1454327
9.049271	0.1441715
9.052604	0.1429103
9.055938	0.1416491
9.059271	0.1404667
9.062604	0.1395208
9.065937	0.1386537
9.069271	0.1380231
9.072604	0.1375502
9.075937	0.1372349
9.07927	0.1369984
9.082604	0.1367619
9.085938	0.1366043
9.089271	0.1363678
9.092605	0.1361313
9.095938	0.135816
9.099271	0.1354219
9.102604	0.1349489
9.105938	0.1343972
9.109271	0.1337666
9.112604	0.133136
9.115937	0.1325054
9.119271	0.1319536
9.122604	0.1314018
9.125937	0.1309288
9.129271	0.1306135
9.132605	0.1303771
9.135938	0.1302194
9.139271	0.1301406
9.142604	0.1300618
9.145938	0.1299829
9.149271	0.1297465
9.152604	0.1293523
9.155937	0.1288794
9.159271	0.1282488
9.162604	0.1274605
9.165937	0.1266723
9.169271	0.125884
9.172605	0.1250958
9.175938	0.1243863
9.179271	0.1237557
9.182604	0.123204
9.185938	0.122731
9.189271	0.1222581
9.192604	0.1219428
9.195937	0.1215486
9.199271	0.1210757
9.202604	0.1206816
9.205937	0.1202086
9.20927	0.1197357
9.212605	0.1193415
9.215938	0.1189474
9.219271	0.1185533
9.222604	0.1183168
9.225938	0.1181592
9.229271	0.1181592
9.232604	0.118238
9.235937	0.1183956
9.239271	0.1186321
9.242604	0.1188686
9.245937	0.1191051
9.24927	0.1192627
9.252604	0.1193415
9.255938	0.1193415
9.259271	0.1191051
9.262604	0.1187898
9.265938	0.118238
9.269271	0.1176862
9.272604	0.1169768
9.275937	0.1162673
9.279271	0.1155579
9.282604	0.1149273
9.285937	0.1144544
9.28927	0.1140602
9.292604	0.1138238
9.295938	0.1138238
9.299271	0.1139026
9.302604	0.1141391
9.305938	0.1144544
9.309271	0.1147697
9.312604	0.1151638
9.315937	0.1156367
9.319271	0.1160309
9.322604	0.1163462
9.325937	0.1166615
9.32927	0.1168979
9.332604	0.1169768
9.335938	0.1170556
9.339271	0.1169768
9.342605	0.1169768
9.345938	0.1169768
9.349271	0.1169768
9.352604	0.1169768
9.355938	0.1171344
9.359271	0.1173709
9.362604	0.1176074
9.365937	0.1179227
9.369271	0.1181592
9.372604	0.118238
9.375937	0.1181592
9.379271	0.1179227
9.382605	0.1175285
9.385938	0.1168979
9.389271	0.1161885
9.392604	0.1153214
9.395938	0.1144544
9.399271	0.1136661
9.402604	0.1128779
9.405937	0.1121684
9.409271	0.1116167
9.412604	0.1111437
9.415937	0.1106707
9.419271	0.1103554
9.422605	0.110119
9.425938	0.1098825
9.429271	0.1097248
9.432604	0.109646
9.435938	0.1095672
9.439271	0.1095672
9.442604	0.109646
9.445937	0.1097248
9.449271	0.1098825
9.452604	0.110119
9.455937	0.1102766
9.45927	0.1104343
9.462605	0.1105131
9.465938	0.1105131
9.469271	0.1105131
9.472604	0.1105131
9.475938	0.1103554
9.479271	0.1102766
9.482604	0.1101978
9.485937	0.1100401
9.489271	0.1099613
9.492604	0.1098037
9.495937	0.1097248
9.49927	0.1095672
9.502604	0.1093307
9.505938	0.1091731
9.509271	0.1090154
9.512604	0.1088578
9.515938	0.1087789
9.519271	0.1088578
9.522604	0.1089366
9.525937	0.1090154
9.529271	0.1092519
9.532604	0.1094095
9.535937	0.1095672
9.53927	0.1097248
9.542604	0.1098825
9.545938	0.1099613
9.549271	0.1100401
9.552604	0.110119
9.555938	0.1102766
9.559271	0.1105131
9.562604	0.1109072
9.565937	0.1113014
9.569271	0.1117743
9.572604	0.1123261
9.575937	0.1129567
9.57927	0.1135873
9.582604	0.1142967
9.585938	0.1150061
9.589271	0.1156367
9.592605	0.1163462
9.595938	0.1169768
9.599271	0.1175285
9.602604	0.1180803
9.605938	0.1185533
9.609271	0.1190262
9.612604	0.1194204
9.615937	0.1196568
9.619271	0.1198933
9.622604	0.1199721
9.625937	0.1199721
9.629271	0.1198145
9.632605	0.1196568
9.635938	0.1194204
9.639271	0.1191839
9.642604	0.1190262
9.645938	0.1190262
9.649271	0.1190262
9.652604	0.1191839
9.655937	0.1194204
9.659271	0.1197357
9.662604	0.120051
9.665937	0.1203663
9.669271	0.1205239
9.672605	0.1206027
9.675938	0.1206027
9.679271	0.1204451
9.682604	0.1202874
9.685938	0.1199721
9.689271	0.1196568
9.692604	0.1194204
9.695937	0.1191839
9.699271	0.1189474
9.702604	0.1188686
9.705937	0.1187898
9.70927	0.1187898
9.712605	0.1188686
9.715938	0.1189474
9.719271	0.1191051
9.722604	0.1191839
9.725938	0.1192627
9.729271	0.1193415
9.732604	0.1192627
9.735937	0.1191051
9.739271	0.1188686
9.742604	0.1183956
9.745937	0.1179227
9.74927	0.1172921
9.752604	0.1166615
9.755938	0.115952
9.759271	0.1152426
9.762604	0.1145332
9.765938	0.1139026
9.769271	0.113272
9.772604	0.1125626
9.775937	0.111932
9.779271	0.1113014
9.782604	0.1106707
9.785937	0.1100401
9.78927	0.1093307
9.792604	0.1087789
9.795938	0.1082272
9.799271	0.1077542
9.802604	0.1072813
9.805938	0.1068871
9.809271	0.1064142
9.812604	0.1058624
9.815937	0.1053106
9.819271	0.10468
9.822604	0.1038918
9.825937	0.1031035
9.82927	0.1023153
9.832604	0.101527
9.835938	0.1008176
9.839271	0.100187
9.842605	0.0996352
9.845938	0.09916225
9.849271	0.09876813
9.852604	0.098374
9.855938	0.09790105
9.859271	0.09734927
9.862604	0.09679749
9.865937	0.09616689
9.869271	0.09553629
9.872604	0.09498451
9.875937	0.09451156
9.879271	0.09403861
9.882605	0.09364448
9.885938	0.093408
9.889271	0.09325035
9.892604	0.0930927
9.895938	0.09301388
9.899271	0.09293505
9.902604	0.09285623
9.905937	0.0927774
9.909271	0.09269858
9.912604	0.09261975
9.915937	0.09254093
9.919271	0.09230445
9.922605	0.0921468
9.925938	0.09191032
9.929271	0.09159502
9.932604	0.09135855
9.935938	0.09112207
9.939271	0.09096442
9.942604	0.09080677
9.945937	0.09080677
9.949271	0.09088559
9.952604	0.09104324
9.955937	0.09127972
9.95927	0.0915162
9.962605	0.09175267
9.965938	0.09206797
9.969271	0.09230445
9.972604	0.09254093
9.975938	0.09269858
9.979271	0.09293505
9.982604	0.09317153
9.985937	0.09332918
9.989271	0.09356565
9.992604	0.09372331
9.995937	0.09395978
9.99927	0.09411743
}
[PEAK]
{
Peak ID	1
Peak Ref	1
Time	3.367368
Peak	3.129271	3.902604
Intensity	-2.795458e-05	0.0004279018
Height	0.005984748
AreaAbs	2803.203
Area %BP	0.0971719
Area %Total	0.08831314
Width	0.7733333
}
[PEAK]
{
Peak ID	2
Peak Ref	2
Time	4.081495
Peak	3.902604	4.412604
Intensity	-2.795458e-05	0.0004279018
Height	0.003775946
AreaAbs	1765.311
Area %BP	0.06119378
Area %Total	0.055615
Width	0.5100002
}
[PEAK]
{
Peak ID	3
Peak Ref	3
Time	5.155975
Peak	4.412604	6.099271
Intensity	-2.795458e-05	0.0004279018
Height	0.07535897
AreaAbs	48079.79
Area %BP	1.666667
Area %Total	1.514724
Width	1.686666
}
[PEAK]
{
Peak ID	4
Peak Ref	4
Time	6.247895
Peak	6.099271	6.472604
Intensity	-2.795458e-05	0.0004279018
Height	0.0007485944
AreaAbs	202.3467
Area %BP	0.007014267
Area %Total	0.006374805
Width	0.3733335
}
[PEAK]
{
Peak ID	5
Peak Ref	5
Time	6.56331
Peak	6.472604	6.752604
Intensity	-2.795458e-05	0.0004279018
Height	0.0003038334
AreaAbs	52.0596
Area %BP	0.001804625
Area %Total	0.001640105
Width	0.2799997
}
}
}
}
