[SAMPLE]
{
Sample	1
Well	1:A,4
FileName	
SampleID	ASD-C-2605024-001
SampleDescription	Aquired with Galaxy
Date	09-Jun-2026
Time	15:21:03 PRC
JobCode	
TaskCode	
UserName	Congcong_Liu2
LabName	Aquired with Galaxy
Instrument	BAD_L_17_160
Conditions	
Submitter	Huanhuan_Zhang
SampleType	
Plate	
Method	
Process	Galaxy
MSTune	
MSMethod	
InletMethod	
PreRunMethod	
PostRunMethod	
SwitchMethod	
FractionMethod	
AcquisitionProcess	
AcquisitionProcessParameters	
AcquisitionProcessOptions	
InjectionVolume	25
ReportScheme	
SampleReportEnable	0
SampleReportFormat	
AnalysisTime	0
[COMPOUND]
{
;Mono Mass	Formula
}
[FUNCTION]
{
Function	1
IonMode	ES+
Type	MS
Description	(0:0)
[SPECTRUM]
{
ProcDesc	0.00:Combine
State	OK
Peak ID	0
Peak Ref	0
Time	0
TIC	0
BPI	0
BPM	0
Continuum	FALSE
Saved	FALSE
[MASSES]
{
;Mass	Exp. Mass	Obs. Mass	% BPI	Int. Abs
}
[RESULTS]
{
;Mass	Found	% BPI	% Purity
}
[MS]
{
;Mass	% BPI
0	0
}
}
[CHROMATOGRAM]
{
TraceNumber	1
Description	scroll down chrom view to see 2D LC chrom
ProcDesc	
MaxIntensity	0
[TRACE]
{
0	0
}
[PEAK]
{
Peak ID	0
Peak Ref	0
Time	0
Peak	0
Intensity	0	0
Height	0
AreaAbs	0
Area %BP	0
Area %Total	0
}
}
}
[FUNCTION]
{
Function	0
Description	ANALOG
[CHROMATOGRAM]
{
TraceNumber	2
Description	LC
ProcDesc	Result Id:1609, VWD: Signal A, 280 nm
MaxIntensity	0.2098742
[TRACE]
{
;Time	Int. %Max
0.001145833	0.03481862
0.004479167	0.03464822
0.0078125	0.03447781
0.01114583	0.03430741
0.01447917	0.03419381
0.0178125	0.03410861
0.02114583	0.03410861
0.02447917	0.03413701
0.0278125	0.03422221
0.03114583	0.03436421
0.03447917	0.03450621
0.0378125	0.03464822
0.04114584	0.03476182
0.04447917	0.03484702
0.0478125	0.03484702
0.05114583	0.03481862
0.05447917	0.03473342
0.0578125	0.03464822
0.06114583	0.03459141
0.06447916	0.03453461
0.0678125	0.03456301
0.07114583	0.03467662
0.07447917	0.03484702
0.0778125	0.03510262
0.08114583	0.03538662
0.08447917	0.03569902
0.0878125	0.03598302
0.09114584	0.03623862
0.09447917	0.03640903
0.0978125	0.03652263
0.1011458	0.03655103
0.1044792	0.03649423
0.1078125	0.03638063
0.1111458	0.03623862
0.1144792	0.03609662
0.1178125	0.03598302
0.1211458	0.03589782
0.1244792	0.03586942
0.1278125	0.03589782
0.1311458	0.03598302
0.1344792	0.03609662
0.1378125	0.03623862
0.1411458	0.03638063
0.1444792	0.03643743
0.1478125	0.03646583
0.1511458	0.03643743
0.1544792	0.03632382
0.1578125	0.03618182
0.1611458	0.03598302
0.1644792	0.03578422
0.1678125	0.03558542
0.1711458	0.03538662
0.1744792	0.03524462
0.1778125	0.03515942
0.1811458	0.03510262
0.1844792	0.03510262
0.1878125	0.03513102
0.1911458	0.03515942
0.1944792	0.03521622
0.1978125	0.03524462
0.2011458	0.03524462
0.2044792	0.03524462
0.2078125	0.03518782
0.2111458	0.03513102
0.2144792	0.03504582
0.2178125	0.03496062
0.2211458	0.03487542
0.2244792	0.03476182
0.2278125	0.03464822
0.2311458	0.03453461
0.2344792	0.03439261
0.2378125	0.03430741
0.2411458	0.03419381
0.2444792	0.03413701
0.2478125	0.03408021
0.2511458	0.03405181
0.2544792	0.03399501
0.2578125	0.03396661
0.2611458	0.03388141
0.2644792	0.03376781
0.2678125	0.03362581
0.2711458	0.03345541
0.2744792	0.03322821
0.2778125	0.033001
0.2811458	0.0327738
0.2844792	0.0325466
0.2878125	0.0323762
0.2911458	0.0322342
0.2944792	0.0321206
0.2978125	0.0320638
0.3011458	0.032007
0.3044792	0.0319502
0.3078125	0.031865
0.3111458	0.0318366
0.3144792	0.0317798
0.3178125	0.0317798
0.3211458	0.0318082
0.3244792	0.031865
0.3278125	0.032007
0.3311458	0.0321774
0.3344792	0.0324046
0.3378125	0.0326602
0.3411458	0.0329158
0.3444792	0.0331146
0.3478125	0.03328501
0.3511458	0.03337021
0.3544792	0.03337021
0.3578125	0.03334181
0.3611458	0.03322821
0.3644792	0.0330862
0.3678125	0.0328874
0.3711458	0.032717
0.3744792	0.0325182
0.3778125	0.0323478
0.3811458	0.0321774
0.3844792	0.0320354
0.3878125	0.0319218
0.3911458	0.031865
0.3944792	0.0318082
0.3978125	0.0318366
0.4011458	0.0318934
0.4044792	0.032007
0.4078125	0.0321774
0.4111458	0.0323478
0.4144792	0.0325466
0.4178125	0.032717
0.4211458	0.0328874
0.4244792	0.0329726
0.4278125	0.0330578
0.4311458	0.0330578
0.4344792	0.033001
0.4378125	0.0328874
0.4411458	0.0327454
0.4444792	0.032575
0.4478125	0.0323478
0.4511458	0.0321206
0.4544792	0.0318934
0.4578125	0.0316946
0.4611458	0.0315242
0.4644792	0.03138219
0.4678125	0.03132539
0.4711458	0.03135379
0.4744792	0.03143899
0.4778125	0.0316094
0.4811458	0.0317798
0.4844792	0.032007
0.4878125	0.0321774
0.4911458	0.0323478
0.4944792	0.032433
0.4978125	0.0324614
0.5011458	0.032433
0.5044792	0.0323194
0.5078125	0.0321774
0.5111458	0.0319786
0.5144792	0.0318082
0.5178125	0.0316662
0.5211458	0.0315526
0.5244792	0.03146739
0.5278125	0.03141059
0.5311458	0.03141059
0.5344791	0.03146739
0.5378125	0.0315526
0.5411459	0.0316378
0.5444792	0.0317514
0.5478125	0.031865
0.5511459	0.0319218
0.5544792	0.032007
0.5578125	0.0320354
0.5611458	0.0320638
0.5644792	0.0320354
0.5678125	0.032007
0.5711458	0.0319786
0.5744792	0.0319502
0.5778125	0.0319218
0.5811458	0.0319218
0.5844792	0.0318934
0.5878125	0.0318934
0.5911458	0.0318934
0.5944791	0.031865
0.5978125	0.0318366
0.6011458	0.0318082
0.6044792	0.0317798
0.6078125	0.0316946
0.6111459	0.0316378
0.6144792	0.0315526
0.6178125	0.0314958
0.6211458	0.03143899
0.6244792	0.03138219
0.6278125	0.03135379
0.6311458	0.03132539
0.6344792	0.03132539
0.6378125	0.03132539
0.6411458	0.03132539
0.6444792	0.03132539
0.6478125	0.03129699
0.6511458	0.03124019
0.6544791	0.03112659
0.6578125	0.03095619
0.6611458	0.03075739
0.6644792	0.03050179
0.6678125	0.03021779
0.6711459	0.02996219
0.6744792	0.02967818
0.6778125	0.02947938
0.6811458	0.02930898
0.6844792	0.02919538
0.6878125	0.02913858
0.6911458	0.02913858
0.6944792	0.02919538
0.6978125	0.02925218
0.7011458	0.02933738
0.7044792	0.02939418
0.7078125	0.02945098
0.7111458	0.02945098
0.7144791	0.02942258
0.7178125	0.02936578
0.7211458	0.02928058
0.7244791	0.02916698
0.7278125	0.02902498
0.7311459	0.02888298
0.7344792	0.02874098
0.7378125	0.02862738
0.7411458	0.02854218
0.7444792	0.02851378
0.7478125	0.02854218
0.7511458	0.02862738
0.7544792	0.02879778
0.7578125	0.02902498
0.7611458	0.02928058
0.7644792	0.02953618
0.7678125	0.02979178
0.7711458	0.02999059
0.7744792	0.03013259
0.7778125	0.03018939
0.7811458	0.03013259
0.7844791	0.03004739
0.7878125	0.02987699
0.7911459	0.02967818
0.7944792	0.02947938
0.7978125	0.02928058
0.8011459	0.02908178
0.8044792	0.02891138
0.8078125	0.02876938
0.8111458	0.02865578
0.8144792	0.02857058
0.8178125	0.02848538
0.8211458	0.02842858
0.8244792	0.02840018
0.8278125	0.02837178
0.8311458	0.02837178
0.8344792	0.02840018
0.8378125	0.02842858
0.8411458	0.02851378
0.8444791	0.02859898
0.8478125	0.02871258
0.8511458	0.02879778
0.8544792	0.02891138
0.8578125	0.02899658
0.8611459	0.02905338
0.8644792	0.02908178
0.8678125	0.02905338
0.8711458	0.02902498
0.8744792	0.02896818
0.8778125	0.02891138
0.8811458	0.02888298
0.8844792	0.02888298
0.8878125	0.02893978
0.8911458	0.02902498
0.8944792	0.02913858
0.8978125	0.02925218
0.9011458	0.02936578
0.9044791	0.02939418
0.9078125	0.02936578
0.9111458	0.02925218
0.9144792	0.02908178
0.9178125	0.02885458
0.9211459	0.02862738
0.9244792	0.02837178
0.9278125	0.02817297
0.9311458	0.02800257
0.9344792	0.02791737
0.9378125	0.02788897
0.9411458	0.02794577
0.9444792	0.02800257
0.9478125	0.02808777
0.9511458	0.02817297
0.9544792	0.02822978
0.9578125	0.02828658
0.9611458	0.02831498
0.9644791	0.02831498
0.9678125	0.02831498
0.9711458	0.02825818
0.9744791	0.02822978
0.9778125	0.02817297
0.9811459	0.02811617
0.9844792	0.02803097
0.9878125	0.02797417
0.9911458	0.02788897
0.9944792	0.02777537
0.9978125	0.02766177
1.001146	0.02751977
1.004479	0.02734937
1.007813	0.02720737
1.011146	0.02706537
1.014479	0.02695177
1.017812	0.02683817
1.021146	0.02678137
1.024479	0.02675297
1.027812	0.02678137
1.031146	0.02683817
1.034479	0.02692337
1.037812	0.02703697
1.041146	0.02712217
1.044479	0.02720737
1.047812	0.02729257
1.051146	0.02732097
1.054479	0.02734937
1.057812	0.02732097
1.061146	0.02729257
1.064479	0.02723577
1.067812	0.02717897
1.071146	0.02709377
1.074479	0.02700857
1.077813	0.02695177
1.081146	0.02686657
1.084479	0.02680977
1.087813	0.02675297
1.091146	0.02669617
1.094479	0.02661097
1.097813	0.02658257
1.101146	0.02652577
1.104479	0.02646897
1.107813	0.02641216
1.111146	0.02635536
1.114479	0.02629856
1.117813	0.02624176
1.121146	0.02615656
1.124479	0.02609976
1.127813	0.02607136
1.131146	0.02604296
1.134479	0.02607136
1.137812	0.02609976
1.141146	0.02618496
1.144479	0.02627016
1.147812	0.02638376
1.151146	0.02646897
1.154479	0.02655417
1.157812	0.02661097
1.161146	0.02661097
1.164479	0.02661097
1.167812	0.02661097
1.171146	0.02658257
1.174479	0.02655417
1.177812	0.02652577
1.181146	0.02649737
1.184479	0.02649737
1.187812	0.02646897
1.191146	0.02644056
1.194479	0.02641216
1.197813	0.02635536
1.201146	0.02627016
1.204479	0.02621336
1.207813	0.02612816
1.211146	0.02607136
1.214479	0.02604296
1.217813	0.02604296
1.221146	0.02607136
1.224479	0.02609976
1.227813	0.02618496
1.231146	0.02624176
1.234479	0.02629856
1.237813	0.02632696
1.241146	0.02632696
1.244479	0.02629856
1.247813	0.02624176
1.251146	0.02618496
1.254479	0.02607136
1.257813	0.02598616
1.261146	0.02590096
1.264479	0.02584416
1.267812	0.02578736
1.271146	0.02575896
1.274479	0.02575896
1.277812	0.02575896
1.281146	0.02575896
1.284479	0.02575896
1.287812	0.02575896
1.291146	0.02573056
1.294479	0.02570216
1.297812	0.02567376
1.301146	0.02564536
1.304479	0.02567376
1.307812	0.02573056
1.311146	0.02584416
1.314479	0.02598616
1.317812	0.02615656
1.321146	0.02632696
1.324479	0.02649737
1.327813	0.02661097
1.331146	0.02666777
1.334479	0.02663937
1.337813	0.02655417
1.341146	0.02638376
1.344479	0.02615656
1.347813	0.02590096
1.351146	0.02564536
1.354479	0.02541816
1.357813	0.02521936
1.361146	0.02507736
1.364479	0.02499216
1.367813	0.02493536
1.371146	0.02496376
1.374479	0.02502056
1.377813	0.02510576
1.381146	0.02521936
1.384479	0.02533296
1.387812	0.02544656
1.391146	0.02558856
1.394479	0.02573056
1.397812	0.02587256
1.401146	0.02595776
1.404479	0.02604296
1.407812	0.02607136
1.411146	0.02604296
1.414479	0.02598616
1.417812	0.02587256
1.421146	0.02573056
1.424479	0.02553176
1.427812	0.02530456
1.431146	0.02507736
1.434479	0.02487856
1.437812	0.02467975
1.441146	0.02453775
1.444479	0.02442415
1.447813	0.02436735
1.451146	0.02433895
1.454479	0.02433895
1.457813	0.02433895
1.461146	0.02433895
1.464479	0.02433895
1.467813	0.02433895
1.471146	0.02431055
1.474479	0.02431055
1.477813	0.02431055
1.481146	0.02433895
1.484479	0.02439575
1.487813	0.02448095
1.491146	0.02459455
1.494479	0.02470815
1.497813	0.02485016
1.501146	0.02496376
1.504479	0.02504896
1.507813	0.02507736
1.511146	0.02507736
1.514479	0.02502056
1.517812	0.02493536
1.521146	0.02482176
1.524479	0.02467975
1.527812	0.02453775
1.531146	0.02439575
1.534479	0.02431055
1.537812	0.02422535
1.541146	0.02419695
1.544479	0.02414015
1.547812	0.02411175
1.551146	0.02408335
1.554479	0.02405495
1.557812	0.02402655
1.561146	0.02399815
1.564479	0.02396975
1.567812	0.02391295
1.571146	0.02385615
1.574479	0.02379935
1.577813	0.02371415
1.581146	0.02365735
1.584479	0.02354375
1.587813	0.02345855
1.591146	0.02331654
1.594479	0.02317454
1.597813	0.02303254
1.601146	0.02289054
1.604479	0.02274854
1.607813	0.02263494
1.611146	0.02252134
1.614479	0.02240774
1.617813	0.02232254
1.621146	0.02226574
1.624479	0.02226574
1.627813	0.02229414
1.631146	0.02235094
1.634479	0.02243614
1.637812	0.02254974
1.641146	0.02266334
1.644479	0.02280534
1.647812	0.02291894
1.651146	0.02303254
1.654479	0.02311774
1.657812	0.02314614
1.661146	0.02317454
1.664479	0.02317454
1.667812	0.02314614
1.671146	0.02311774
1.674479	0.02303254
1.677812	0.02294734
1.681146	0.02283374
1.684479	0.02269174
1.687812	0.02254974
1.691146	0.02235094
1.694479	0.02218054
1.697813	0.02195334
1.701146	0.02175453
1.704479	0.02155573
1.707813	0.02138533
1.711146	0.02124333
1.714479	0.02115813
1.717813	0.02112973
1.721146	0.02112973
1.724479	0.02121493
1.727813	0.02130013
1.731146	0.02144213
1.734479	0.02161253
1.737813	0.02175453
1.741146	0.02189654
1.744479	0.02201014
1.747813	0.02206694
1.751146	0.02209534
1.754479	0.02206694
1.757813	0.02201014
1.761146	0.02192494
1.764479	0.02183974
1.767812	0.02172613
1.771146	0.02161253
1.774479	0.02152733
1.777812	0.02144213
1.781146	0.02135693
1.784479	0.02130013
1.787812	0.02121493
1.791146	0.02110133
1.794479	0.02101613
1.797812	0.02093093
1.801146	0.02084573
1.804479	0.02078893
1.807812	0.02073213
1.811146	0.02073213
1.814479	0.02073213
1.817812	0.02078893
1.821146	0.02081733
1.824479	0.02084573
1.827813	0.02087413
1.831146	0.02087413
1.834479	0.02084573
1.837813	0.02078893
1.841146	0.02070373
1.844479	0.02059013
1.847813	0.02044813
1.851146	0.02033453
1.854479	0.02024933
1.857813	0.02019253
1.861146	0.02013572
1.864479	0.02010732
1.867813	0.02013572
1.871146	0.02016412
1.874479	0.02022093
1.877813	0.02030613
1.881146	0.02039133
1.884479	0.02050493
1.887812	0.02059013
1.891146	0.02070373
1.894479	0.02078893
1.897812	0.02084573
1.901146	0.02090253
1.904479	0.02093093
1.907812	0.02093093
1.911146	0.02093093
1.914479	0.02093093
1.917812	0.02093093
1.921146	0.02095933
1.924479	0.02098773
1.927812	0.02101613
1.931146	0.02104453
1.934479	0.02107293
1.937812	0.02104453
1.941146	0.02101613
1.944479	0.02093093
1.947813	0.02078893
1.951146	0.02064693
1.954479	0.02050493
1.957813	0.02033453
1.961146	0.02016412
1.964479	0.02002212
1.967813	0.01990852
1.971146	0.01982332
1.974479	0.01976652
1.977813	0.01973812
1.981146	0.01970972
1.984479	0.01973812
1.987813	0.01973812
1.991146	0.01979492
1.994479	0.01988012
1.997813	0.01996532
2.001146	0.02007892
2.004479	0.02016412
2.007813	0.02027773
2.011146	0.02036293
2.014479	0.02041973
2.017812	0.02047653
2.021146	0.02047653
2.024479	0.02050493
2.027812	0.02050493
2.031146	0.02050493
2.034479	0.02050493
2.037812	0.02053333
2.041146	0.02059013
2.044479	0.02067533
2.047812	0.02073213
2.051146	0.02078893
2.054479	0.02084573
2.057812	0.02084573
2.061146	0.02081733
2.064479	0.02073213
2.067812	0.02061853
2.071146	0.02044813
2.074479	0.02024933
2.077812	0.02002212
2.081146	0.01979492
2.084479	0.01956772
2.087812	0.01942572
2.091146	0.01931212
2.094479	0.01925532
2.097812	0.01925532
2.101146	0.01934052
2.104479	0.01945412
2.107812	0.01959612
2.111146	0.01970972
2.114479	0.01982332
2.117812	0.01988012
2.121146	0.01990852
2.124479	0.01985172
2.127812	0.01976652
2.131146	0.01965292
2.134479	0.01953932
2.137813	0.01939732
2.141146	0.01925532
2.144479	0.01911332
2.147813	0.01902812
2.151146	0.01894292
2.154479	0.01888612
2.157813	0.01885772
2.161146	0.01882932
2.164479	0.01885772
2.167813	0.01888612
2.171146	0.01897132
2.174479	0.01905652
2.177813	0.01917012
2.181146	0.01931212
2.184479	0.01945412
2.187813	0.01959612
2.191146	0.01976652
2.194479	0.01993692
2.197813	0.02010732
2.201146	0.02024933
2.204479	0.02033453
2.207813	0.02036293
2.211146	0.02033453
2.214479	0.02022093
2.217813	0.02005052
2.221146	0.01979492
2.224479	0.01948252
2.227813	0.01911332
2.231146	0.01877252
2.234479	0.01843171
2.237813	0.01811931
2.241146	0.01792051
2.244479	0.01777851
2.247813	0.01775011
2.251146	0.01780691
2.254479	0.01792051
2.257813	0.01809091
2.261146	0.01831811
2.264479	0.01854532
2.267812	0.01874412
2.271146	0.01897132
2.274479	0.01914172
2.277812	0.01931212
2.281146	0.01945412
2.284479	0.01956772
2.287812	0.01968132
2.291146	0.01976652
2.294479	0.01982332
2.297812	0.01985172
2.301146	0.01988012
2.304479	0.01988012
2.307812	0.01988012
2.311146	0.01985172
2.314479	0.01985172
2.317812	0.01982332
2.321146	0.01979492
2.324479	0.01976652
2.327812	0.01973812
2.331146	0.01973812
2.334479	0.01973812
2.337812	0.01976652
2.341146	0.01979492
2.344479	0.01988012
2.347812	0.01999372
2.351146	0.02010732
2.354479	0.02024933
2.357812	0.02036293
2.361146	0.02047653
2.364479	0.02056173
2.367812	0.02064693
2.371146	0.02067533
2.374479	0.02070373
2.377812	0.02067533
2.381146	0.02064693
2.384479	0.02061853
2.387813	0.02059013
2.391146	0.02056173
2.394479	0.02056173
2.397813	0.02059013
2.401146	0.02061853
2.404479	0.02067533
2.407813	0.02076053
2.411146	0.02087413
2.414479	0.02095933
2.417813	0.02104453
2.421146	0.02107293
2.424479	0.02107293
2.427813	0.02101613
2.431146	0.02090253
2.434479	0.02076053
2.437813	0.02059013
2.441146	0.02039133
2.444479	0.02024933
2.447813	0.02010732
2.451146	0.02002212
2.454479	0.01996532
2.457813	0.01993692
2.461146	0.01993692
2.464479	0.01993692
2.467813	0.01993692
2.471146	0.01993692
2.474479	0.01988012
2.477813	0.01982332
2.481146	0.01973812
2.484479	0.01965292
2.487813	0.01956772
2.491146	0.01948252
2.494479	0.01942572
2.497813	0.01939732
2.501146	0.01936892
2.504479	0.01934052
2.507813	0.01934052
2.511146	0.01936892
2.514479	0.01939732
2.517812	0.01942572
2.521146	0.01942572
2.524479	0.01945412
2.527812	0.01945412
2.531146	0.01945412
2.534479	0.01942572
2.537812	0.01942572
2.541146	0.01939732
2.544479	0.01936892
2.547812	0.01936892
2.551146	0.01936892
2.554479	0.01939732
2.557812	0.01939732
2.561146	0.01939732
2.564479	0.01936892
2.567812	0.01928372
2.571146	0.01919852
2.574479	0.01908492
2.577812	0.01891452
2.581146	0.01877252
2.584479	0.01860212
2.587812	0.01840331
2.591146	0.01823291
2.594479	0.01806251
2.597812	0.01792051
2.601146	0.01777851
2.604479	0.01766491
2.607812	0.01755131
2.611146	0.01743771
2.614479	0.01735251
2.617812	0.01729571
2.621146	0.01723891
2.624479	0.01718211
2.627812	0.01712531
2.631146	0.01704011
2.634479	0.01695491
2.637813	0.0168413
2.641146	0.0166993
2.644479	0.0165573
2.647813	0.0164437
2.651146	0.0163017
2.654479	0.0162165
2.657813	0.0161597
2.661146	0.0161029
2.664479	0.0161029
2.667813	0.0161029
2.671146	0.0161029
2.674479	0.0161313
2.677813	0.0161313
2.681146	0.0161313
2.684479	0.0161313
2.687813	0.0161029
2.691146	0.0161029
2.694479	0.0160461
2.697813	0.0160177
2.701146	0.0159609
2.704479	0.0158757
2.707813	0.0157621
2.711146	0.0156485
2.714479	0.0155349
2.717813	0.0153929
2.721146	0.0152793
2.724479	0.01516569
2.727813	0.01510889
2.731146	0.01508049
2.734479	0.01508049
2.737813	0.01513729
2.741146	0.01525089
2.744479	0.0153645
2.747813	0.0155349
2.751146	0.0156769
2.754479	0.0158473
2.757813	0.0159893
2.761146	0.0161029
2.764479	0.0161597
2.767812	0.0161881
2.771146	0.0161313
2.774479	0.0160745
2.777812	0.0159609
2.781146	0.0158189
2.784479	0.0156769
2.787812	0.0155065
2.791146	0.0153361
2.794479	0.01519409
2.797812	0.01508049
2.801146	0.01493849
2.804479	0.01485329
2.807812	0.01476809
2.811146	0.01471129
2.814479	0.01468289
2.817812	0.01471129
2.821146	0.01473969
2.824479	0.01482489
2.827812	0.01493849
2.831146	0.01508049
2.834479	0.01525089
2.837812	0.0154213
2.841146	0.0155633
2.844479	0.0157053
2.847812	0.0158189
2.851146	0.0159041
2.854479	0.0159325
2.857812	0.0159325
2.861146	0.0158757
2.864479	0.0157905
2.867812	0.0156769
2.871146	0.0155349
2.874479	0.0153929
2.877812	0.0152793
2.881146	0.01516569
2.884479	0.01513729
2.887813	0.01516569
2.891146	0.01522249
2.894479	0.0153361
2.897813	0.0154497
2.901146	0.0156201
2.904479	0.0157621
2.907813	0.0159041
2.911146	0.0160177
2.914479	0.0161029
2.917813	0.0161597
2.921146	0.0162165
2.924479	0.0163017
2.927813	0.0163869
2.931146	0.0165005
2.934479	0.0166425
2.937813	0.0167845
2.941146	0.01695491
2.944479	0.01715371
2.947813	0.01732411
2.951146	0.01752291
2.954479	0.01769331
2.957813	0.01783531
2.961146	0.01794891
2.964479	0.01806251
2.967813	0.01817611
2.971146	0.01828971
2.974479	0.01843171
2.977813	0.01860212
2.981146	0.01885772
2.984479	0.01914172
2.987813	0.01951092
2.991146	0.01993692
2.994479	0.02039133
2.997813	0.02090253
3.001146	0.02141373
3.004479	0.02189654
3.007813	0.02237934
3.011146	0.02277694
3.014479	0.02317454
3.017812	0.02351535
3.021146	0.02382775
3.024479	0.02414015
3.027812	0.02442415
3.031146	0.02473655
3.034479	0.02507736
3.037812	0.02547496
3.041146	0.02590096
3.044479	0.02635536
3.047812	0.02686657
3.051146	0.02740617
3.054479	0.02797417
3.057812	0.02857058
3.061146	0.02922378
3.064479	0.02993379
3.067812	0.03064379
3.071146	0.03138219
3.074479	0.032149
3.077812	0.0329726
3.081146	0.03379621
3.084479	0.03467662
3.087812	0.03555702
3.091146	0.03646583
3.094479	0.03743143
3.097812	0.03839704
3.101146	0.03939104
3.104479	0.04038505
3.107812	0.04135066
3.111146	0.04231626
3.114479	0.04328187
3.117812	0.04424747
3.121146	0.04524148
3.124479	0.04623549
3.127812	0.04725789
3.131146	0.0483371
3.134479	0.04944471
3.137813	0.05063751
3.141146	0.05183032
3.144479	0.05305153
3.147813	0.05424434
3.151146	0.05546554
3.154479	0.05662995
3.157813	0.05779436
3.161146	0.05893036
3.164479	0.06006637
3.167813	0.06120238
3.171146	0.06236679
3.174479	0.06358799
3.177813	0.064866
3.181146	0.06622921
3.184479	0.06767762
3.187813	0.06923963
3.191146	0.07085844
3.194479	0.07256245
3.197813	0.07435166
3.201146	0.07616927
3.204479	0.07798688
3.207813	0.07986129
3.211146	0.08173571
3.214479	0.08361012
3.217813	0.08548453
3.221146	0.08738734
3.224479	0.08929015
3.227813	0.09122136
3.231146	0.09320938
3.234479	0.09519739
3.237813	0.0972138
3.241146	0.09925861
3.244479	0.1013034
3.247813	0.1033482
3.251146	0.105393
3.254479	0.1073811
3.257813	0.1093407
3.261146	0.1112435
3.264479	0.1131179
3.267812	0.1149071
3.271146	0.1166679
3.274479	0.1183719
3.277812	0.1199907
3.281146	0.121496
3.284479	0.1229444
3.287812	0.1242508
3.291146	0.1253868
3.294479	0.1263808
3.297812	0.1271476
3.301146	0.1276588
3.304479	0.1279144
3.307812	0.1279428
3.311146	0.1276872
3.314479	0.127176
3.317812	0.1264376
3.321146	0.1254436
3.324479	0.1242508
3.327812	0.1228876
3.331146	0.121354
3.334479	0.1196783
3.337812	0.1178891
3.341146	0.1159579
3.344479	0.1139131
3.347812	0.1117831
3.351146	0.1095679
3.354479	0.1072675
3.357812	0.1049102
3.361146	0.1024962
3.364479	0.1000538
3.367812	0.0976114
3.371146	0.09514059
3.374479	0.09272657
3.377812	0.09036936
3.381146	0.08804054
3.384479	0.08579693
3.387813	0.08363852
3.391146	0.08159371
3.394479	0.07960569
3.397813	0.07770288
3.401146	0.07585687
3.404479	0.07403926
3.407813	0.07230685
3.411146	0.07063124
3.414479	0.06901243
3.417813	0.06747882
3.421146	0.06605881
3.424479	0.064724
3.427813	0.06347439
3.431146	0.06233839
3.434479	0.06128758
3.437813	0.06035037
3.441146	0.05946997
3.444479	0.05864636
3.447813	0.05787956
3.451146	0.05714115
3.454479	0.05648795
3.457813	0.05586315
3.461146	0.05529514
3.464479	0.05475554
3.467813	0.05424434
3.471146	0.05373313
3.474479	0.05322193
3.477813	0.05271073
3.481146	0.05219952
3.484479	0.05165992
3.487813	0.05109192
3.491146	0.05055231
3.494479	0.04998431
3.497813	0.04944471
3.501146	0.0489619
3.504479	0.0485359
3.507813	0.0481667
3.511146	0.0478543
3.514479	0.04759869
3.517812	0.04742829
3.521146	0.04728629
3.524479	0.04717269
3.527812	0.04705909
3.531146	0.04694549
3.534479	0.04683189
3.537812	0.04668989
3.541146	0.04651949
3.544479	0.04634909
3.547812	0.04617869
3.551146	0.04603668
3.554479	0.04589468
3.557812	0.04578108
3.561146	0.04575268
3.564479	0.04572428
3.567812	0.04578108
3.571146	0.04583788
3.574479	0.04592308
3.577812	0.04600828
3.581146	0.04606509
3.584479	0.04609349
3.587812	0.04606509
3.591146	0.04597988
3.594479	0.04583788
3.597812	0.04566748
3.601146	0.04544028
3.604479	0.04518468
3.607812	0.04492908
3.611146	0.04473028
3.614479	0.04458828
3.617812	0.04450308
3.621146	0.04447468
3.624479	0.04453148
3.627812	0.04464508
3.631146	0.04478708
3.634479	0.04495748
3.637813	0.04507108
3.641146	0.04518468
3.644479	0.04524148
3.647813	0.04524148
3.651146	0.04518468
3.654479	0.04507108
3.657813	0.04495748
3.661146	0.04484388
3.664479	0.04473028
3.667813	0.04464508
3.671146	0.04458828
3.674479	0.04455988
3.677813	0.04458828
3.681146	0.04461668
3.684479	0.04470188
3.687813	0.04475868
3.691146	0.04478708
3.694479	0.04478708
3.697813	0.04475868
3.701146	0.04467348
3.704479	0.04458828
3.707813	0.04444627
3.711146	0.04427587
3.714479	0.04410547
3.717813	0.04393507
3.721146	0.04382147
3.724479	0.04370787
3.727813	0.04359427
3.731146	0.04353747
3.734479	0.04348067
3.737813	0.04345227
3.741146	0.04339547
3.744479	0.04333867
3.747813	0.04325347
3.751146	0.04313987
3.754479	0.04302627
3.757813	0.04288427
3.761146	0.04274226
3.764479	0.04260026
3.767812	0.04245826
3.771146	0.04231626
3.774479	0.04220266
3.777812	0.04211746
3.781146	0.04206066
3.784479	0.04197546
3.787812	0.04191866
3.791146	0.04186186
3.794479	0.04180506
3.797812	0.04171986
3.801146	0.04160626
3.804479	0.04146426
3.807812	0.04135066
3.811146	0.04123706
3.814479	0.04109505
3.817812	0.04098145
3.821146	0.04089625
3.824479	0.04078265
3.827812	0.04072585
3.831146	0.04064065
3.834479	0.04058385
3.837812	0.04052705
3.841146	0.04044185
3.844479	0.04038505
3.847812	0.04029985
3.851146	0.04018625
3.854479	0.04010105
3.857812	0.03998745
3.861146	0.03987385
3.864479	0.03976025
3.867812	0.03961825
3.871146	0.03950464
3.874479	0.03941944
3.877812	0.03933424
3.881146	0.03927744
3.884479	0.03924904
3.887813	0.03924904
3.891146	0.03927744
3.894479	0.03930584
3.897813	0.03936264
3.901146	0.03941944
3.904479	0.03944784
3.907813	0.03944784
3.911146	0.03941944
3.914479	0.03933424
3.917813	0.03922064
3.921146	0.03907864
3.924479	0.03885144
3.927813	0.03862424
3.931146	0.03839704
3.934479	0.03814144
3.937813	0.03794263
3.941146	0.03774383
3.944479	0.03757343
3.947813	0.03743143
3.951146	0.03734623
3.954479	0.03731783
3.957813	0.03731783
3.961146	0.03734623
3.964479	0.03737463
3.967813	0.03740303
3.971146	0.03745983
3.974479	0.03745983
3.977813	0.03745983
3.981146	0.03745983
3.984479	0.03743143
3.987813	0.03740303
3.991146	0.03734623
3.994479	0.03731783
3.997813	0.03731783
4.001146	0.03734623
4.004479	0.03743143
4.007813	0.03754503
4.011146	0.03768703
4.014479	0.03782903
4.017813	0.03802784
4.021146	0.03822664
4.024479	0.03842544
4.027812	0.03865264
4.031146	0.03885144
4.034479	0.03905024
4.037813	0.03924904
4.041146	0.03941944
4.044479	0.03958985
4.047812	0.03976025
4.051146	0.03990225
4.054479	0.04001585
4.057813	0.04015785
4.061146	0.04027145
4.064479	0.04038505
4.067812	0.04049865
4.071146	0.04064065
4.074479	0.04083945
4.077813	0.04103825
4.081146	0.04126546
4.084479	0.04154946
4.087812	0.04186186
4.091146	0.04220266
4.094479	0.04260026
4.097813	0.04299787
4.101146	0.04342387
4.104479	0.04390667
4.107812	0.04438947
4.111146	0.04492908
4.114479	0.04549708
4.117813	0.04609349
4.121146	0.04677509
4.124479	0.04748509
4.127812	0.0483087
4.131146	0.0491891
4.134479	0.05012631
4.137813	0.05117712
4.141146	0.05228472
4.144479	0.05347753
4.147812	0.05475554
4.151146	0.05606195
4.154479	0.05739675
4.157813	0.05873156
4.161146	0.06006637
4.164479	0.06134438
4.167812	0.06262239
4.171146	0.0638436
4.174479	0.0650648
4.177813	0.06628601
4.181146	0.06756402
4.184479	0.06892723
4.187812	0.07037564
4.191146	0.07196604
4.194479	0.07369845
4.197813	0.07551606
4.201146	0.07747568
4.204479	0.07949209
4.207812	0.08159371
4.211146	0.08372372
4.214479	0.08588213
4.217813	0.08806894
4.221146	0.09025576
4.224479	0.09247097
4.227812	0.09474299
4.231146	0.0970434
4.234479	0.09940061
4.237813	0.1017862
4.241146	0.1042286
4.244479	0.1066995
4.247812	0.1091987
4.251146	0.1116695
4.254479	0.1141403
4.257813	0.1165827
4.261146	0.1189967
4.264479	0.1213256
4.267813	0.123626
4.271146	0.1258412
4.274479	0.1280564
4.277812	0.1301864
4.281146	0.1323448
4.284479	0.1344748
4.287813	0.1366048
4.291146	0.1387633
4.294479	0.1409217
4.297812	0.1430801
4.301146	0.1452101
4.304479	0.1472833
4.307813	0.1493281
4.311146	0.1512593
4.314479	0.1530769
4.317812	0.1548378
4.321146	0.1564566
4.324479	0.1579902
4.327813	0.159467
4.331146	0.1608302
4.334479	0.1621082
4.337812	0.1633294
4.341146	0.1644938
4.344479	0.165573
4.347813	0.1665386
4.351146	0.1674758
4.354479	0.1682994
4.357812	0.1690946
4.361146	0.1698614
4.364479	0.1706282
4.367813	0.1713667
4.371146	0.1721619
4.374479	0.1729855
4.377812	0.1738659
4.381146	0.1748315
4.384479	0.1759107
4.387813	0.1770751
4.391146	0.1783531
4.394479	0.1797447
4.397812	0.1813067
4.401146	0.1830391
4.404479	0.1849419
4.407813	0.1870719
4.411146	0.1894292
4.414479	0.1920136
4.417812	0.194882
4.421146	0.1980628
4.424479	0.2015844
4.427813	0.2055321
4.431146	0.2099341
4.434479	0.2148189
4.437812	0.2203002
4.441146	0.2264062
4.444479	0.2331654
4.447813	0.2406915
4.451146	0.2489559
4.454479	0.2579872
4.457812	0.2678421
4.461146	0.2785205
4.464479	0.290051
4.467813	0.3024619
4.471146	0.3158099
4.474479	0.3300952
4.477812	0.3454313
4.481146	0.361875
4.484479	0.3794831
4.487813	0.3983125
4.491146	0.418505
4.494479	0.4400891
4.497812	0.4631217
4.501146	0.4876594
4.504479	0.5137591
4.507813	0.5413925
4.511146	0.5706163
4.514479	0.6014589
4.517813	0.6339203
4.521146	0.6680005
4.524479	0.703728
4.527812	0.741131
4.531146	0.780238
4.534479	0.8211059
4.537813	0.8637629
4.541146	0.9082092
4.544479	0.9545015
4.547812	1.00264
4.551146	1.052567
4.554479	1.104284
4.557813	1.157733
4.561146	1.212915
4.564479	1.269743
4.567812	1.328134
4.571146	1.388059
4.574479	1.449403
4.577813	1.512139
4.581146	1.576181
4.584479	1.641388
4.587812	1.707646
4.591146	1.774812
4.594479	1.842745
4.597813	1.911246
4.601146	1.980117
4.604479	2.049186
4.607812	2.118255
4.611146	2.187097
4.614479	2.255542
4.617813	2.323361
4.621146	2.390414
4.624479	2.456445
4.627812	2.521311
4.631146	2.584757
4.634479	2.646612
4.637813	2.706622
4.641146	2.764615
4.644479	2.820365
4.647812	2.873672
4.651146	2.924366
4.654479	2.97222
4.657813	3.017149
4.661146	3.058926
4.664479	3.097494
4.667812	3.132653
4.671146	3.164376
4.674479	3.192492
4.677813	3.216973
4.681146	3.237705
4.684479	3.25466
4.687812	3.267781
4.691146	3.277096
4.694479	3.282577
4.697813	3.284253
4.701146	3.28218
4.704479	3.276386
4.707812	3.266929
4.711146	3.253922
4.714479	3.237421
4.717813	3.217541
4.721146	3.194395
4.724479	3.168068
4.727812	3.138731
4.731146	3.106496
4.734479	3.071536
4.737813	3.034019
4.741146	2.994145
4.744479	2.952085
4.747812	2.908064
4.751146	2.862227
4.754479	2.814741
4.757813	2.76578
4.761146	2.71554
4.764479	2.664164
4.767813	2.611765
4.771146	2.558543
4.774479	2.50464
4.777812	2.450197
4.781146	2.395356
4.784479	2.340316
4.787813	2.285248
4.791146	2.230237
4.794479	2.175425
4.797812	2.120982
4.801146	2.066936
4.804479	2.01343
4.807813	1.960578
4.811146	1.908378
4.814479	1.856974
4.817812	1.806422
4.821146	1.756806
4.824479	1.708185
4.827813	1.660672
4.831146	1.614323
4.834479	1.569167
4.837812	1.525345
4.841146	1.48283
4.844479	1.441707
4.847813	1.401975
4.851146	1.363691
4.854479	1.326885
4.857812	1.291526
4.861146	1.257702
4.864479	1.225354
4.867813	1.194511
4.871146	1.165174
4.874479	1.137342
4.877812	1.111015
4.881146	1.086136
4.884479	1.062706
4.887813	1.040696
4.891146	1.020106
4.894479	1.000907
4.897812	0.9831004
4.901146	0.9666852
4.904479	0.9516331
4.907813	0.9379726
4.911146	0.9256753
4.914479	0.9147412
4.917812	0.905142
4.921146	0.8968491
4.924479	0.8898627
4.927813	0.8841543
4.931146	0.8797806
4.934479	0.876685
4.937812	0.8748958
4.941146	0.8744698
4.944479	0.8754638
4.947813	0.8778778
4.951146	0.8817686
4.954479	0.8872215
4.957812	0.8942931
4.961146	0.9030404
4.964479	0.9135484
4.967813	0.9259025
4.971146	0.9402162
4.974479	0.9566315
4.977812	0.9752904
4.981146	0.9963633
4.984479	1.020077
4.987813	1.046603
4.991146	1.076253
4.994479	1.109311
4.997812	1.146089
5.001146	1.186957
5.004479	1.232255
5.007813	1.282438
5.011146	1.337961
5.014479	1.399277
5.017813	1.466983
5.021146	1.541675
5.024479	1.624036
5.027812	1.714859
5.031146	1.814998
5.034479	1.925418
5.037813	2.047255
5.041146	2.181645
5.044479	2.329922
5.047812	2.493479
5.051146	2.67382
5.054479	2.872564
5.057813	3.091473
5.061146	3.33242
5.064479	3.59745
5.067812	3.888722
5.071146	4.208679
5.074479	4.559818
5.077813	4.944897
5.081146	5.366696
5.084479	5.828256
5.087812	6.332614
5.091146	6.882924
5.094479	7.482339
5.097813	8.134094
5.101146	8.841485
5.104479	9.607836
5.107812	10.43655
5.111146	11.3311
5.114479	12.29492
5.117813	13.33144
5.121146	14.44396
5.124479	15.63555
5.127812	16.90901
5.131146	18.26679
5.134479	19.71083
5.137813	21.24265
5.141146	22.86325
5.144479	24.57317
5.147812	26.37252
5.151146	28.26087
5.154479	30.23738
5.157813	32.30051
5.161146	34.44819
5.164479	36.67749
5.167812	38.98475
5.171146	41.36537
5.174479	43.81366
5.177813	46.3231
5.181146	48.88613
5.184479	51.49449
5.187812	54.13917
5.191146	56.81063
5.194479	59.49874
5.197813	62.19303
5.201146	64.8825
5.204479	67.55586
5.207812	70.20148
5.211146	72.80731
5.214479	75.36106
5.217813	77.85008
5.221146	80.26177
5.224479	82.58342
5.227812	84.80273
5.231146	86.90778
5.234479	88.88724
5.237813	90.7305
5.241146	92.42775
5.244479	93.97016
5.247812	95.34984
5.251146	96.55992
5.254479	97.59451
5.257813	98.44873
5.261146	99.11866
5.264479	99.60152
5.267813	99.89549
5.271146	100
5.274479	99.91551
5.277812	99.64372
5.281146	99.1875
5.284479	98.55097
5.287813	97.73929
5.291146	96.75883
5.294479	95.61692
5.297812	94.32175
5.301146	92.88221
5.304479	91.30773
5.307813	89.60818
5.311146	87.79378
5.314479	85.87489
5.317812	83.86214
5.321146	81.76621
5.324479	79.59797
5.327813	77.36824
5.331146	75.08794
5.334479	72.76789
5.337812	70.4188
5.341146	68.05102
5.344479	65.67444
5.347813	63.29839
5.351146	60.93161
5.354479	58.58209
5.357812	56.2572
5.361146	53.9636
5.364479	51.70735
5.367813	49.49384
5.371146	47.32804
5.374479	45.21433
5.377812	43.15662
5.381146	41.15824
5.384479	39.22195
5.387813	37.34986
5.391146	35.54353
5.394479	33.80393
5.397812	32.13153
5.401146	30.5263
5.404479	28.98786
5.407813	27.51545
5.411146	26.10817
5.414479	24.76484
5.417812	23.48413
5.421146	22.2646
5.424479	21.1046
5.427813	20.00233
5.431146	18.95587
5.434479	17.96317
5.437812	17.0221
5.441146	16.13047
5.444479	15.28608
5.447813	14.48676
5.451146	13.73038
5.454479	13.01492
5.457812	12.33843
5.461146	11.699
5.464479	11.09484
5.467813	10.52417
5.471146	9.985246
5.474479	9.4764
5.477812	8.996067
5.481146	8.542659
5.484479	8.114725
5.487813	7.710818
5.491146	7.329688
5.494479	6.970056
5.497812	6.630845
5.501146	6.310973
5.504479	6.009392
5.507813	5.72522
5.511146	5.457491
5.514479	5.205326
5.517813	4.967901
5.521146	4.74442
5.524479	4.534116
5.527812	4.33628
5.531146	4.150231
5.534479	3.975343
5.537813	3.811019
5.541146	3.656665
5.544479	3.511767
5.547812	3.375815
5.551146	3.248298
5.554479	3.128705
5.557813	3.01661
5.561146	2.911558
5.564479	2.813151
5.567812	2.720992
5.571146	2.634713
5.574479	2.553943
5.577813	2.47837
5.581146	2.407682
5.584479	2.341566
5.587812	2.279739
5.591146	2.221916
5.594479	2.16787
5.597813	2.117261
5.601146	2.06989
5.604479	2.025472
5.607812	1.983809
5.611146	1.944645
5.614479	1.90781
5.617813	1.873134
5.621146	1.840388
5.624479	1.80946
5.627812	1.780151
5.631146	1.752348
5.634479	1.725879
5.637813	1.700603
5.641146	1.676377
5.644479	1.653089
5.647812	1.630596
5.651146	1.608785
5.654479	1.587541
5.657813	1.566752
5.661146	1.54639
5.664479	1.526339
5.667812	1.506544
5.671146	1.486976
5.674479	1.467522
5.677813	1.44821
5.681146	1.428983
5.684479	1.409785
5.687812	1.390615
5.691146	1.371416
5.694479	1.352218
5.697813	1.332962
5.701146	1.313622
5.704479	1.294253
5.707812	1.274827
5.711146	1.255373
5.714479	1.235834
5.717813	1.216294
5.721146	1.196727
5.724479	1.17713
5.727812	1.157563
5.731146	1.138052
5.734479	1.118569
5.737813	1.0992
5.741146	1.079973
5.744479	1.060888
5.747812	1.041974
5.751146	1.023315
5.754479	1.004855
5.757813	0.9866788
5.761146	0.96873
5.764479	0.9510651
5.767813	0.9336842
5.771146	0.9165873
5.774479	0.8997744
5.777812	0.8832739
5.781146	0.8671426
5.784479	0.8513521
5.787813	0.8359308
5.791146	0.8209071
5.794479	0.806281
5.797812	0.7920809
5.801146	0.77825
5.804479	0.7648167
5.807813	0.7517243
5.811146	0.7389726
5.814479	0.7265049
5.817812	0.714378
5.821146	0.7025636
5.824479	0.6910615
5.827813	0.6798718
5.831146	0.6690229
5.834479	0.6585149
5.837812	0.6483476
5.841146	0.6384928
5.844479	0.6289503
5.847813	0.6196918
5.851146	0.6106889
5.854479	0.6019133
5.857812	0.5933648
5.861146	0.5849868
5.864479	0.5768075
5.867813	0.5687987
5.871146	0.5609886
5.874479	0.5533774
5.877812	0.5459649
5.881146	0.5387229
5.884479	0.5316797
5.887813	0.5248068
5.891146	0.518076
5.894479	0.5114871
5.897812	0.5050119
5.901146	0.4986503
5.904479	0.4923738
5.907813	0.4861826
5.911146	0.4800766
5.914479	0.4740273
5.917812	0.4680349
5.921146	0.4621277
5.924479	0.4563056
5.927813	0.4505404
5.931146	0.4448887
5.934479	0.4393223
5.937812	0.4338979
5.941146	0.428587
5.944479	0.4234182
5.947813	0.4183914
5.951146	0.4134782
5.954479	0.4086785
5.957812	0.4040209
5.961146	0.3994485
5.964479	0.3949612
5.967813	0.3905592
5.971146	0.3862424
5.974479	0.3820108
5.977812	0.3778359
5.981146	0.3737463
5.984479	0.3697419
5.987813	0.3657943
5.991146	0.3619602
5.994479	0.3582114
5.997812	0.3545194
6.001146	0.3509126
6.004479	0.347391
6.007813	0.3439545
6.011146	0.3406033
6.014479	0.3373373
6.017813	0.3341564
6.021146	0.3310892
6.024479	0.3281072
6.027812	0.3252672
6.031146	0.3225408
6.034479	0.3198712
6.037813	0.3173151
6.041146	0.3147591
6.044479	0.3122883
6.047812	0.3097891
6.051146	0.3073183
6.054479	0.3048475
6.057813	0.3023767
6.061146	0.2999058
6.064479	0.297435
6.067812	0.295021
6.071146	0.2926638
6.074479	0.2903634
6.077813	0.2881198
6.081146	0.285933
6.084479	0.2838029
6.087812	0.2817297
6.091146	0.2797133
6.094479	0.2777821
6.097813	0.2758793
6.101146	0.2740333
6.104479	0.2722725
6.107812	0.2705401
6.111146	0.2688929
6.114479	0.2672741
6.117813	0.265712
6.121146	0.2642068
6.124479	0.2627016
6.127812	0.2612532
6.131146	0.2598048
6.134479	0.2583848
6.137813	0.2569932
6.141146	0.2556584
6.144479	0.254352
6.147812	0.253074
6.151146	0.2518812
6.154479	0.2507167
6.157813	0.2496091
6.161146	0.2485583
6.164479	0.2475359
6.167812	0.2465135
6.171146	0.2455479
6.174479	0.2445539
6.177813	0.2435883
6.181146	0.2426227
6.184479	0.2416571
6.187812	0.2406915
6.191146	0.2397543
6.194479	0.2388455
6.197813	0.2379935
6.201146	0.2371983
6.204479	0.2364883
6.207812	0.2358635
6.211146	0.2353523
6.214479	0.2348979
6.217813	0.2345002
6.221146	0.234131
6.224479	0.2337618
6.227812	0.2333642
6.231146	0.2329382
6.234479	0.2324838
6.237813	0.232001
6.241146	0.2314614
6.244479	0.230865
6.247812	0.2302686
6.251146	0.2296438
6.254479	0.2290758
6.257813	0.2284794
6.261146	0.2279398
6.264479	0.2274002
6.267813	0.2268606
6.271146	0.2263494
6.274479	0.2258666
6.277812	0.2253838
6.281146	0.224901
6.284479	0.2244182
6.287813	0.223907
6.291146	0.2233958
6.294479	0.2228846
6.297812	0.2223734
6.301146	0.2218906
6.304479	0.2214078
6.307813	0.220925
6.311146	0.2204422
6.314479	0.2199878
6.317812	0.2194766
6.321146	0.218937
6.324479	0.218369
6.327813	0.2177157
6.331146	0.2170057
6.334479	0.2162673
6.337812	0.2155289
6.341146	0.2147905
6.344479	0.2140521
6.347813	0.2133705
6.351146	0.2126889
6.354479	0.2120357
6.357812	0.2114109
6.361146	0.2107861
6.364479	0.2101329
6.367813	0.2094513
6.371146	0.2086845
6.374479	0.2079177
6.377812	0.2070941
6.381146	0.2062705
6.384479	0.2054185
6.387813	0.2045381
6.391146	0.2036293
6.394479	0.2027205
6.397812	0.2017548
6.401146	0.2007892
6.404479	0.1997668
6.407813	0.1987444
6.411146	0.1976652
6.414479	0.1966144
6.417812	0.1955636
6.421146	0.1945412
6.424479	0.1935756
6.427813	0.1926384
6.431146	0.191758
6.434479	0.190906
6.437812	0.190054
6.441146	0.1891736
6.444479	0.1882648
6.447813	0.1872991
6.451146	0.1862483
6.454479	0.1851123
6.457812	0.1838911
6.461146	0.1826131
6.464479	0.1812499
6.467813	0.1799151
6.471146	0.1785519
6.474479	0.1772455
6.477812	0.1759675
6.481146	0.1747747
6.484479	0.1736671
6.487813	0.1726163
6.491146	0.1716223
6.494479	0.1706566
6.497812	0.1696626
6.501146	0.1686686
6.504479	0.1676462
6.507813	0.1666238
6.511146	0.1655446
6.514479	0.164437
6.517813	0.1633294
6.521146	0.1621934
6.524479	0.1610574
6.527812	0.1599782
6.531146	0.158899
6.534479	0.1578482
6.537813	0.1568258
6.541146	0.1558034
6.544479	0.154781
6.547812	0.1537585
6.551146	0.1527361
6.554479	0.1516853
6.557813	0.1506061
6.561146	0.1494985
6.564479	0.1483625
6.567812	0.1471981
6.571146	0.1460337
6.574479	0.1448693
6.577813	0.1437333
6.581146	0.1426257
6.584479	0.1415181
6.587812	0.1404957
6.591146	0.1395017
6.594479	0.1385929
6.597813	0.1377409
6.601146	0.1369172
6.604479	0.1361788
6.607812	0.1354404
6.611146	0.134702
6.614479	0.133992
6.617813	0.133282
6.621146	0.132572
6.624479	0.1318904
6.627812	0.1311804
6.631146	0.1304704
6.634479	0.129732
6.637813	0.129022
6.641146	0.1282552
6.644479	0.1274884
6.647812	0.1266932
6.651146	0.1258696
6.654479	0.125046
6.657813	0.1242508
6.661146	0.1234556
6.664479	0.1227172
6.667812	0.1220072
6.671146	0.1213824
6.674479	0.1208143
6.677813	0.1202747
6.681146	0.1197351
6.684479	0.1192239
6.687812	0.1186843
6.691146	0.1181447
6.694479	0.1176335
6.697813	0.1170939
6.701146	0.1166111
6.704479	0.1161567
6.707812	0.1157307
6.711146	0.1153899
6.714479	0.1151059
6.717813	0.1148503
6.721146	0.1146515
6.724479	0.1144527
6.727812	0.1142255
6.731146	0.1139983
6.734479	0.1137143
6.737813	0.1134019
6.741146	0.1130611
6.744479	0.1126919
6.747812	0.1122659
6.751146	0.1118399
6.754479	0.1113855
6.757813	0.1109027
6.761146	0.1104199
6.764479	0.1099371
6.767813	0.1094259
6.771146	0.1088863
6.774479	0.1083467
6.777812	0.1078071
6.781146	0.1072675
6.784479	0.1067563
6.787813	0.1062735
6.791146	0.105819
6.794479	0.1054498
6.797812	0.105109
6.801146	0.1047966
6.804479	0.1045694
6.807813	0.1043422
6.811146	0.104115
6.814479	0.1038878
6.817812	0.1036322
6.821146	0.1033766
6.824479	0.1030642
6.827813	0.102695
6.831146	0.1022974
6.834479	0.101843
6.837812	0.1013886
6.841146	0.1008774
6.844479	0.1003946
6.847813	0.09988342
6.851146	0.09940061
6.854479	0.09891781
6.857812	0.09843501
6.861146	0.09800901
6.864479	0.097583
6.867813	0.097157
6.871146	0.096731
6.874479	0.096305
6.877812	0.09587899
6.881146	0.09542459
6.884479	0.09497019
6.887813	0.09451578
6.891146	0.09406138
6.894479	0.09363538
6.897812	0.09318098
6.901146	0.09275497
6.904479	0.09235737
6.907813	0.09193137
6.911146	0.09147697
6.914479	0.09102256
6.917812	0.09053976
6.921146	0.09002856
6.924479	0.08948895
6.927813	0.08894935
6.931146	0.08843815
6.934479	0.08795534
6.937812	0.08752934
6.941146	0.08713174
6.944479	0.08679094
6.947813	0.08647854
6.951146	0.08625133
6.954479	0.08605253
6.957812	0.08585373
6.961146	0.08568333
6.964479	0.08545613
6.967813	0.08522893
6.971146	0.08497333
6.974479	0.08463252
6.977812	0.08426332
6.981146	0.08386572
6.984479	0.08341132
6.987813	0.08295691
6.991146	0.08250251
6.994479	0.08207651
6.997812	0.08162211
7.001146	0.0812245
7.004479	0.0808269
7.007813	0.0804293
7.011146	0.0800601
7.014479	0.07969089
7.017813	0.07926489
7.021146	0.07883889
7.024479	0.07838448
7.027812	0.07790168
7.031146	0.07741888
7.034479	0.07690767
7.037813	0.07636807
7.041146	0.07582847
7.044479	0.07526046
7.047812	0.07463566
7.051146	0.07401086
7.054479	0.07330085
7.057813	0.07250565
7.061146	0.07165364
7.064479	0.07071644
7.067812	0.06972243
7.071146	0.06867162
7.074479	0.06756402
7.077813	0.06645641
7.081146	0.0653204
7.084479	0.0641844
7.087812	0.06307679
7.091146	0.06194078
7.094479	0.06083318
7.097813	0.05969717
7.101146	0.05853276
7.104479	0.05736835
7.107812	0.05620395
7.111146	0.05503954
7.114479	0.05393193
7.117813	0.05288113
7.121146	0.05194392
7.124479	0.05114872
7.127812	0.05058071
7.131146	0.05021151
7.134479	0.05012631
7.137813	0.05035351
7.141146	0.05100672
7.144479	0.05208592
7.147812	0.05370473
7.151146	0.05594835
7.154479	0.05893036
7.157813	0.06270759
7.161146	0.06736522
7.164479	0.07298845
7.167812	0.07960569
7.171146	0.08733054
7.174479	0.09610619
7.177813	0.1060463
7.181146	0.1171223
7.184479	0.1293628
7.187812	0.1427961
7.191146	0.157479
7.194479	0.1734399
7.197813	0.1906788
7.201146	0.2091957
7.204479	0.2289054
7.207812	0.2497511
7.211146	0.2716477
7.214479	0.2943678
7.217813	0.3178263
7.221146	0.3417393
7.224479	0.3659363
7.227812	0.3901616
7.231146	0.414245
7.234479	0.4379023
7.237813	0.46102
7.241146	0.483371
7.244479	0.5048131
7.247812	0.525176
7.251146	0.5443745
7.254479	0.562295
7.257813	0.5788523
7.261146	0.5939896
7.264479	0.6076501
7.267813	0.6197486
7.271146	0.6303135
7.274479	0.6392312
7.277812	0.6465016
7.281146	0.6520964
7.284479	0.6559589
7.287813	0.6580889
7.291146	0.6584581
7.294479	0.6570381
7.297812	0.6538857
7.301146	0.6489724
7.304479	0.6423552
7.307813	0.6341475
7.311146	0.6244062
7.314479	0.6132733
7.317812	0.6008625
7.321146	0.5873156
7.324479	0.5727463
7.327813	0.557325
7.331146	0.5412221
7.334479	0.5245228
7.337812	0.5074259
7.341146	0.4899882
7.344479	0.4723233
7.347813	0.4545732
7.351146	0.4368231
7.354479	0.4191298
7.357812	0.4016353
7.361146	0.3843964
7.364479	0.3674415
7.367813	0.3508558
7.371146	0.3347245
7.374479	0.3190476
7.377812	0.3038819
7.381146	0.2892842
7.384479	0.2752545
7.387813	0.2618212
7.391146	0.2490127
7.394479	0.2368291
7.397812	0.2252702
7.401146	0.2143645
7.404479	0.2040837
7.407813	0.1943992
7.411146	0.1853395
7.414479	0.1768195
7.417812	0.1688674
7.421146	0.161455
7.424479	0.1545538
7.427813	0.1481353
7.431146	0.1421429
7.434479	0.1366332
7.437812	0.1314928
7.441146	0.1267784
7.444479	0.1224332
7.447813	0.1184287
7.451146	0.1147651
7.454479	0.1114139
7.457812	0.1083751
7.461146	0.1056202
7.464479	0.103121
7.467813	0.1009058
7.471146	0.09891781
7.474479	0.097157
7.477812	0.09562339
7.481146	0.09426018
7.484479	0.09309578
7.487813	0.09207337
7.491146	0.09116456
7.494479	0.09036936
7.497812	0.08960255
7.501146	0.08889255
7.504479	0.08815415
7.507813	0.08738734
7.511146	0.08659214
7.514479	0.08576853
7.517813	0.08494493
7.521146	0.08412132
7.524479	0.08329772
7.527812	0.08250251
7.531146	0.08173571
7.534479	0.0810541
7.537813	0.0804009
7.541146	0.07977609
7.544479	0.07920809
7.547812	0.07864008
7.551146	0.07810048
7.554479	0.07758928
7.557813	0.07707807
7.561146	0.07656687
7.564479	0.07602727
7.567812	0.07545926
7.571146	0.07486286
7.574479	0.07423806
7.577813	0.07355645
7.581146	0.07281805
7.584479	0.07205124
7.587812	0.07125604
7.591146	0.07046084
7.594479	0.06966563
7.597813	0.06889883
7.601146	0.06816042
7.604479	0.06747882
7.607812	0.06685401
7.611146	0.06625761
7.614479	0.06571801
7.617813	0.0652068
7.621146	0.064724
7.624479	0.0642696
7.627812	0.0638152
7.631146	0.06336079
7.634479	0.06287799
7.637813	0.06239519
7.641146	0.06185558
7.644479	0.06131598
7.647812	0.06074797
7.651146	0.06017997
7.654479	0.05964037
7.657813	0.05912916
7.661146	0.05864636
7.664479	0.05824876
7.667812	0.05787956
7.671146	0.05759556
7.674479	0.05731155
7.677813	0.05708435
7.681146	0.05685715
7.684479	0.05662995
7.687812	0.05640275
7.691146	0.05620395
7.694479	0.05597675
7.697813	0.05574954
7.701146	0.05552234
7.704479	0.05529514
7.707812	0.05506794
7.711146	0.05481234
7.714479	0.05452834
7.717813	0.05424434
7.721146	0.05396033
7.724479	0.05367633
7.727812	0.05344913
7.731146	0.05325033
7.734479	0.05307993
7.737813	0.05296633
7.741146	0.05288113
7.744479	0.05282433
7.747812	0.05279593
7.751146	0.05273913
7.754479	0.05265393
7.757813	0.05251193
7.761146	0.05236992
7.764479	0.05214272
7.767813	0.05188712
7.771146	0.05157472
7.774479	0.05126232
7.777812	0.05089311
7.781146	0.05049551
7.784479	0.05006951
7.787813	0.04961511
7.791146	0.0491323
7.794479	0.0486495
7.797812	0.0481667
7.801146	0.0477123
7.804479	0.04731469
7.807813	0.04694549
7.811146	0.04668989
7.814479	0.04649109
7.817812	0.04634909
7.821146	0.04626389
7.824479	0.04620709
7.827813	0.04617869
7.831146	0.04612189
7.834479	0.04606509
7.837812	0.04600828
7.841146	0.04592308
7.844479	0.04583788
7.847813	0.04578108
7.851146	0.04572428
7.854479	0.04572428
7.857812	0.04569588
7.861146	0.04572428
7.864479	0.04572428
7.867813	0.04572428
7.871146	0.04572428
7.874479	0.04566748
7.877812	0.04555388
7.881146	0.04541188
7.884479	0.04521308
7.887813	0.04498588
7.891146	0.04473028
7.894479	0.04444627
7.897812	0.04416227
7.901146	0.04387827
7.904479	0.04359427
7.907813	0.04333867
7.911146	0.04313987
7.914479	0.04294107
7.917812	0.04279906
7.921146	0.04271386
7.924479	0.04262866
7.927813	0.04257186
7.931146	0.04254346
7.934479	0.04254346
7.937812	0.04251506
7.941146	0.04251506
7.944479	0.04251506
7.947813	0.04248666
7.951146	0.04248666
7.954479	0.04248666
7.957812	0.04251506
7.961146	0.04257186
7.964479	0.04265706
7.967813	0.04274226
7.971146	0.04288427
7.974479	0.04299787
7.977812	0.04313987
7.981146	0.04328187
7.984479	0.04339547
7.987813	0.04348067
7.991146	0.04356587
7.994479	0.04359427
7.997812	0.04359427
8.001145	0.04356587
8.004479	0.04350907
8.007813	0.04339547
8.011146	0.04325347
8.01448	0.04305467
8.017813	0.04285587
8.021146	0.04262866
8.024479	0.04237306
8.027813	0.04211746
8.031146	0.04186186
8.034479	0.04160626
8.037812	0.04135066
8.041146	0.04112345
8.044479	0.04092465
8.047812	0.04072585
8.051146	0.04052705
8.05448	0.04035665
8.057813	0.04021465
8.061146	0.04007265
8.064479	0.03993065
8.067813	0.03978865
8.071146	0.03967505
8.074479	0.03956144
8.077812	0.03944784
8.081146	0.03930584
8.084479	0.03913544
8.087812	0.03893664
8.091146	0.03873784
8.09448	0.03848224
8.097813	0.03819824
8.101146	0.03788583
8.104479	0.03754503
8.107813	0.03720423
8.111146	0.03683503
8.114479	0.03652263
8.117812	0.03621022
8.121146	0.03598302
8.124479	0.03575582
8.127812	0.03558542
8.131145	0.03547182
8.13448	0.03535822
8.137813	0.03524462
8.141146	0.03510262
8.144479	0.03498902
8.147813	0.03481862
8.151146	0.03464822
8.154479	0.03444941
8.157812	0.03425061
8.161146	0.03402341
8.164479	0.03382461
8.167812	0.03365421
8.171145	0.03348381
8.174479	0.03334181
8.177813	0.03322821
8.181146	0.0331146
8.184479	0.0330294
8.187813	0.0329726
8.191146	0.0328874
8.194479	0.0328022
8.197812	0.0326886
8.201146	0.032575
8.204479	0.032433
8.207812	0.0322626
8.211145	0.0320638
8.214479	0.031865
8.217813	0.0316378
8.221146	0.03143899
8.224479	0.03121179
8.227813	0.03098459
8.231146	0.03078579
8.234479	0.03055859
8.237812	0.03033139
8.241146	0.03007579
8.244479	0.02982018
8.247812	0.02953618
8.251145	0.02922378
8.254479	0.02891138
8.257813	0.02862738
8.261146	0.02837178
8.26448	0.02814457
8.267813	0.02797417
8.271146	0.02786057
8.274479	0.02777537
8.277813	0.02771857
8.281146	0.02769017
8.284479	0.02763337
8.287812	0.02757657
8.291146	0.02751977
8.294479	0.02740617
8.297812	0.02726417
8.301146	0.02712217
8.30448	0.02698017
8.307813	0.02686657
8.311146	0.02678137
8.314479	0.02672457
8.317813	0.02666777
8.321146	0.02663937
8.324479	0.02661097
8.327812	0.02655417
8.331146	0.02649737
8.334479	0.02644056
8.337812	0.02632696
8.341146	0.02624176
8.34448	0.02615656
8.347813	0.02609976
8.351146	0.02604296
8.354479	0.02601456
8.357813	0.02598616
8.361146	0.02595776
8.364479	0.02592936
8.367812	0.02584416
8.371146	0.02575896
8.374479	0.02564536
8.377812	0.02553176
8.381145	0.02541816
8.38448	0.02530456
8.387813	0.02519096
8.391146	0.02513416
8.394479	0.02510576
8.397813	0.02510576
8.401146	0.02513416
8.404479	0.02513416
8.407812	0.02516256
8.411146	0.02519096
8.414479	0.02519096
8.417812	0.02519096
8.421145	0.02516256
8.424479	0.02513416
8.427813	0.02507736
8.431146	0.02502056
8.434479	0.02499216
8.437813	0.02496376
8.441146	0.02490696
8.444479	0.02487856
8.447812	0.02482176
8.451146	0.02479335
8.454479	0.02473655
8.457812	0.02467975
8.461145	0.02459455
8.464479	0.02450935
8.467813	0.02439575
8.471146	0.02431055
8.474479	0.02422535
8.477813	0.02414015
8.481146	0.02411175
8.484479	0.02408335
8.487812	0.02408335
8.491146	0.02408335
8.494479	0.02411175
8.497812	0.02414015
8.501145	0.02416855
8.504479	0.02416855
8.507813	0.02414015
8.511146	0.02414015
8.51448	0.02416855
8.517813	0.02419695
8.521146	0.02428215
8.524479	0.02436735
8.527813	0.02445255
8.531146	0.02456615
8.534479	0.02467975
8.537812	0.02479335
8.541146	0.02485016
8.544479	0.02485016
8.547812	0.02482176
8.551146	0.02476495
8.55448	0.02470815
8.557813	0.02459455
8.561146	0.02448095
8.564479	0.02436735
8.567813	0.02425375
8.571146	0.02414015
8.574479	0.02402655
8.577812	0.02388455
8.581146	0.02374255
8.584479	0.02357215
8.587812	0.02340174
8.591146	0.02323134
8.59448	0.02306094
8.597813	0.02291894
8.601146	0.02277694
8.604479	0.02269174
8.607813	0.02260654
8.611146	0.02257814
8.614479	0.02257814
8.617812	0.02263494
8.621146	0.02269174
8.624479	0.02283374
8.627812	0.02297574
8.631145	0.02311774
8.63448	0.02325974
8.637813	0.02340174
8.641146	0.02348695
8.644479	0.02357215
8.647813	0.02360055
8.651146	0.02360055
8.654479	0.02354375
8.657812	0.02345855
8.661146	0.02337334
8.664479	0.02331654
8.667812	0.02325974
8.671145	0.02323134
8.674479	0.02320294
8.677813	0.02320294
8.681146	0.02320294
8.684479	0.02320294
8.687813	0.02317454
8.691146	0.02314614
8.694479	0.02306094
8.697812	0.02297574
8.701146	0.02286214
8.704479	0.02274854
8.707812	0.02263494
8.711145	0.02254974
8.714479	0.02249294
8.717813	0.02246454
8.721146	0.02243614
8.724479	0.02243614
8.727813	0.02243614
8.731146	0.02246454
8.734479	0.02246454
8.737812	0.02243614
8.741146	0.02240774
8.744479	0.02232254
8.747812	0.02220894
8.751145	0.02209534
8.754479	0.02192494
8.757813	0.02175453
8.761146	0.02155573
8.76448	0.02135693
8.767813	0.02115813
8.771146	0.02098773
8.774479	0.02084573
8.777813	0.02076053
8.781146	0.02070373
8.784479	0.02067533
8.787812	0.02067533
8.791146	0.02073213
8.794479	0.02078893
8.797812	0.02087413
8.801146	0.02093093
8.80448	0.02098773
8.807813	0.02101613
8.811146	0.02104453
8.814479	0.02104453
8.817813	0.02101613
8.821146	0.02093093
8.824479	0.02078893
8.827812	0.02059013
8.831146	0.02033453
8.834479	0.02002212
8.837812	0.01965292
8.841146	0.01928372
8.84448	0.01891452
8.847813	0.01854532
8.851146	0.01823291
8.854479	0.01794891
8.857813	0.01775011
8.861146	0.01760811
8.864479	0.01752291
8.867812	0.01749451
8.871146	0.01746611
8.874479	0.01746611
8.877812	0.01743771
8.881145	0.01735251
8.88448	0.01726731
8.887813	0.01709691
8.891146	0.0168981
8.894479	0.0166425
8.897813	0.0163869
8.901146	0.0160745
8.904479	0.0157905
8.907812	0.0155065
8.911146	0.01525089
8.914479	0.01505209
8.917812	0.01485329
8.921145	0.01468289
8.924479	0.01456929
8.927813	0.01445569
8.931146	0.01434209
8.934479	0.01428529
8.937813	0.01422849
8.941146	0.01420009
8.944479	0.01420009
8.947812	0.01422849
8.951146	0.01428529
8.954479	0.01437049
8.957812	0.01445569
8.961145	0.01456929
8.964479	0.01468289
8.967813	0.01476809
8.971146	0.01482489
8.974479	0.01488169
8.977813	0.01488169
8.981146	0.01485329
8.984479	0.01479649
8.987812	0.01471129
8.991146	0.01465449
8.994479	0.01456929
8.997812	0.01451249
9.001145	0.01445569
9.004479	0.01445569
9.007813	0.01448409
9.011146	0.01454089
9.01448	0.01456929
9.017813	0.01459769
9.021146	0.01462609
9.024479	0.01459769
9.027813	0.01454089
9.031146	0.01445569
9.034479	0.01434209
9.037812	0.01420009
9.041146	0.01402969
9.044479	0.01388769
9.047812	0.01380249
9.051146	0.01371729
9.05448	0.01371729
9.057813	0.01374569
9.061146	0.01380249
9.064479	0.01388769
9.067813	0.01400129
9.071146	0.01408649
9.074479	0.01411489
9.077812	0.01411489
9.081146	0.01405809
9.084479	0.01394449
9.087812	0.01377409
9.091146	0.01357528
9.09448	0.01337649
9.097813	0.01314928
9.101146	0.01297888
9.104479	0.01283688
9.107813	0.01275168
9.111146	0.01269488
9.114479	0.01266648
9.117812	0.01263808
9.121146	0.01263808
9.124479	0.01260968
9.127812	0.01258128
9.131145	0.01252448
9.13448	0.01246768
9.137813	0.01238248
9.141146	0.01226888
9.144479	0.01212688
9.147813	0.01201328
9.151146	0.01187128
9.154479	0.01172928
9.157812	0.01158727
9.161146	0.01147367
9.164479	0.01136007
9.167812	0.01130327
9.171145	0.01127487
9.174479	0.01124647
9.177813	0.01127487
9.181146	0.01133167
9.184479	0.01141687
9.187813	0.01150207
9.191146	0.01161567
9.194479	0.01175768
9.197812	0.01189968
9.201146	0.01207008
9.204479	0.01224048
9.207812	0.01241088
9.211145	0.01255288
9.214479	0.01266648
9.217813	0.01275168
9.221146	0.01272328
9.224479	0.01263808
9.227813	0.01246768
9.231146	0.01224048
9.234479	0.01195648
9.237812	0.01164407
9.241146	0.01133167
9.244479	0.01099087
9.247812	0.01067847
9.251145	0.01039447
9.254479	0.01013887
9.257813	0.009911664
9.261146	0.009741263
9.26448	0.009627662
9.267813	0.009514062
9.271146	0.009485661
9.274479	0.009457261
9.277813	0.009457261
9.281146	0.009485661
9.284479	0.009485661
9.287812	0.009457261
9.291146	0.009400461
9.294479	0.00931526
9.297812	0.00917326
9.301146	0.009002858
9.30448	0.008832457
9.307813	0.008662056
9.311146	0.008520056
9.314479	0.008434855
9.317813	0.008378055
9.321146	0.008378055
9.324479	0.008406455
9.327812	0.008491655
9.331146	0.008576856
9.334479	0.008690457
9.337812	0.008804057
9.341146	0.008917658
9.34448	0.009002858
9.347813	0.009088059
9.351146	0.00917326
9.354479	0.00923006
9.357813	0.00928686
9.361146	0.009343661
9.364479	0.009372061
9.367812	0.009428861
9.371146	0.009457261
9.374479	0.009457261
9.377812	0.009457261
9.381145	0.009457261
9.38448	0.009400461
9.387813	0.00931526
9.391146	0.00920166
9.394479	0.009031259
9.397813	0.008775657
9.401146	0.008520056
9.404479	0.008207654
9.407812	0.007866852
9.411146	0.00755445
9.414479	0.007270448
9.417812	0.006986446
9.421145	0.006787645
9.424479	0.006617244
9.427813	0.006475243
9.431146	0.006418443
9.434479	0.006390043
9.437813	0.006390043
9.441146	0.006418443
9.444479	0.006446843
9.447812	0.006475243
9.451146	0.006503643
9.454479	0.006532043
9.457812	0.006532043
9.461145	0.006503643
9.464479	0.006475243
9.467813	0.006446843
9.471146	0.006390043
9.474479	0.006333242
9.477813	0.006248042
9.481146	0.006162841
9.484479	0.006077641
9.487812	0.006020837
9.491146	0.005935636
9.494479	0.005878836
9.497812	0.005793635
9.501145	0.005708435
9.504479	0.005594834
9.507813	0.005509634
9.511146	0.005452833
9.51448	0.005367633
9.517813	0.005282432
9.521146	0.005225632
9.524479	0.005168832
9.527813	0.005140431
9.531146	0.005083631
9.534479	0.005055231
9.537812	0.005026831
9.541146	0.004998431
9.544479	0.00497003
9.547812	0.00497003
9.551146	0.004998431
9.55448	0.005055231
9.557813	0.005168832
9.561146	0.005282432
9.564479	0.005424433
9.567813	0.005566434
9.571146	0.005708435
9.574479	0.005822036
9.577812	0.005850436
9.581146	0.005822036
9.584479	0.005736835
9.587812	0.005566434
9.591146	0.005339233
9.59448	0.005055231
9.597813	0.004742829
9.601146	0.004458827
9.604479	0.004174826
9.607813	0.003947624
9.611146	0.003777223
9.614479	0.003692023
9.617812	0.003663622
9.621146	0.003720423
9.624479	0.003862424
9.627812	0.004004424
9.631145	0.004203226
9.63448	0.004373627
9.637813	0.004515628
9.641146	0.004629228
9.644479	0.004686029
9.647813	0.004742829
9.651146	0.004742829
9.654479	0.004686029
9.657812	0.004629228
9.661146	0.004544028
9.664479	0.004458827
9.667812	0.004345227
9.671145	0.004260026
9.674479	0.004174826
9.677813	0.004146425
9.681146	0.004118025
9.684479	0.004146425
9.687813	0.004231626
9.691146	0.004345227
9.694479	0.004487227
9.697812	0.004629228
9.701146	0.004771229
9.704479	0.00488483
9.707812	0.00497003
9.711145	0.004998431
9.714479	0.00497003
9.717813	0.00488483
9.721146	0.004799629
9.724479	0.004686029
9.727813	0.004572428
9.731146	0.004458827
9.734479	0.004402027
9.737812	0.004345227
9.741146	0.004345227
9.744479	0.004373627
9.747812	0.004430427
9.751145	0.004458827
9.754479	0.004515628
9.757813	0.004515628
9.761146	0.004515628
9.76448	0.004458827
9.767813	0.004402027
9.771146	0.004316826
9.774479	0.004203226
9.777813	0.004089625
9.781146	0.003976024
9.784479	0.003919224
9.787812	0.003862424
9.791146	0.003805623
9.794479	0.003777223
9.797812	0.003777223
9.801146	0.003720423
9.80448	0.003663622
9.807813	0.003578422
9.811146	0.003436421
9.814479	0.00326602
9.817813	0.003067219
9.821146	0.002840017
9.824479	0.002612816
9.827812	0.002414015
9.831146	0.002243614
9.834479	0.002130013
9.837812	0.002073213
9.841146	0.002101613
9.84448	0.002130013
9.847813	0.002215214
9.851146	0.002328814
9.854479	0.002414015
9.857813	0.002470815
9.861146	0.002527615
9.864479	0.002584416
9.867812	0.002612816
9.871146	0.002641216
9.874479	0.002641216
9.877812	0.002669616
9.881145	0.002698016
9.88448	0.002726417
9.887813	0.002726417
9.891146	0.002698016
9.894479	0.002612816
9.897813	0.002470815
9.901146	0.002272014
9.904479	0.002016412
9.907812	0.001760811
9.911146	0.001448409
9.914479	0.001164407
9.917812	0.0009088056
9.921145	0.0007100043
9.924479	0.0005964036
9.927813	0.0005680035
9.931146	0.0005964036
9.934479	0.0007100043
9.937813	0.0008520052
9.941146	0.001022406
9.944479	0.001192807
9.947812	0.001363208
9.951146	0.001505209
9.954479	0.00159041
9.957812	0.00164721
9.961145	0.00159041
9.964479	0.001476809
9.967813	0.001334808
9.971146	0.001136007
9.974479	0.0009088056
9.977813	0.0006816042
9.981146	0.0004544028
9.984479	0.0002556016
9.987812	0.0001136007
9.991146	2.840017e-05
9.994479	0
9.997812	2.840017e-05
}
[PEAK]
{
Peak ID	1
Peak Ref	1
Time	3.306286
Peak	2.891146	4.001146
Intensity	-5.733967e-05	-1.090765e-05
Height	0.0002192385
AreaAbs	61.87638
Area %BP	0.002348616
Area %Total	0.002247562
Width	1.11
}
[PEAK]
{
Peak ID	2
Peak Ref	2
Time	4.697651
Peak	4.001146	4.941146
Intensity	-1.090765e-05	0.000131309
Height	0.006779016
AreaAbs	1828.298
Area %BP	0.06939592
Area %Total	0.06641001
Width	0.9400001
}
[PEAK]
{
Peak ID	3
Peak Ref	3
Time	5.27133
Peak	4.941146	6.221146
Intensity	-1.090765e-05	0.000131309
Height	0.2097316
AreaAbs	43909.82
Area %BP	1.666667
Area %Total	1.594955
Width	1.28
}
[PEAK]
{
Peak ID	4
Peak Ref	4
Time	6.221146
Peak	6.221146	6.797812
Intensity	-1.090765e-05	0.000131309
Height	0.0003001087
AreaAbs	84.08835
Area %BP	0.003191706
Area %Total	0.003054376
Width	0.5766668
}
}
}
}
