[SAMPLE]
{
Sample	1
Well	1:B,11
FileName	
SampleID	ASD-E-2601056-002
SampleDescription	Aquired with Galaxy
Date	07-Jan-2026
Time	18:38:51 PRC
JobCode	
TaskCode	
UserName	Congcong_Liu2
LabName	Aquired with Galaxy
Instrument	MS_L_19_062
Conditions	
Submitter	Mengting_Wang
SampleType	
Plate	
Method	
Process	Galaxy
MSTune	
MSMethod	
InletMethod	
PreRunMethod	
PostRunMethod	
SwitchMethod	
FractionMethod	
AcquisitionProcess	
AcquisitionProcessParameters	
AcquisitionProcessOptions	
InjectionVolume	25
ReportScheme	
SampleReportEnable	0
SampleReportFormat	
AnalysisTime	0
[COMPOUND]
{
;Mono Mass	Formula
}
[FUNCTION]
{
Function	1
IonMode	ES+
Type	MS
Description	(0:0)
[SPECTRUM]
{
ProcDesc	0.00:Combine
State	OK
Peak ID	0
Peak Ref	0
Time	0
TIC	0
BPI	0
BPM	0
Continuum	FALSE
Saved	FALSE
[MASSES]
{
;Mass	Exp. Mass	Obs. Mass	% BPI	Int. Abs
}
[RESULTS]
{
;Mass	Found	% BPI	% Purity
}
[MS]
{
;Mass	% BPI
0	0
}
}
[CHROMATOGRAM]
{
TraceNumber	1
Description	scroll down chrom view to see 2D LC chrom
ProcDesc	
MaxIntensity	0
[TRACE]
{
0	0
}
[PEAK]
{
Peak ID	0
Peak Ref	0
Time	0
Peak	0
Intensity	0	0
Height	0
AreaAbs	0
Area %BP	0
Area %Total	0
}
}
}
[FUNCTION]
{
Function	0
Description	ANALOG
[CHROMATOGRAM]
{
TraceNumber	2
Description	LC
ProcDesc	Result Id:1148, VWD: Signal A, 280 nm
MaxIntensity	0.244001
[TRACE]
{
;Time	Int. %Max
0.001979167	0.3361297
0.0053125	0.3361785
0.008645833	0.3362274
0.01197917	0.3362518
0.0153125	0.3363007
0.01864583	0.3363007
0.02197917	0.3362763
0.0253125	0.3362518
0.02864583	0.336203
0.03197917	0.336203
0.0353125	0.336203
0.03864583	0.3362518
0.04197917	0.3363251
0.0453125	0.3364228
0.04864583	0.3365205
0.05197917	0.3366427
0.0553125	0.3367648
0.05864583	0.3368625
0.06197917	0.3369602
0.0653125	0.3370335
0.06864583	0.3370824
0.07197917	0.3371068
0.0753125	0.3371312
0.07864583	0.3371312
0.08197916	0.3371312
0.0853125	0.3371312
0.08864583	0.3371557
0.09197917	0.3371801
0.0953125	0.337229
0.09864584	0.3373022
0.1019792	0.3373755
0.1053125	0.3374488
0.1086458	0.3374977
0.1119792	0.3375709
0.1153125	0.3376198
0.1186458	0.3376198
0.1219792	0.3375709
0.1253125	0.3374977
0.1286458	0.3374
0.1319792	0.3372534
0.1353125	0.3371068
0.1386458	0.3369358
0.1419792	0.3367893
0.1453125	0.3366183
0.1486458	0.3364473
0.1519792	0.3362763
0.1553125	0.3361053
0.1586458	0.3359343
0.1619792	0.3357388
0.1653125	0.3355923
0.1686458	0.3354457
0.1719792	0.3352991
0.1753125	0.3352014
0.1786458	0.3351037
0.1819792	0.3350304
0.1853125	0.3349571
0.1886458	0.3349083
0.1919792	0.3348839
0.1953125	0.334835
0.1986458	0.3348106
0.2019792	0.3347862
0.2053125	0.3347617
0.2086458	0.3347862
0.2119792	0.3348106
0.2153125	0.334835
0.2186458	0.3348594
0.2219792	0.3349083
0.2253125	0.3349083
0.2286458	0.3349083
0.2319792	0.3348839
0.2353125	0.3348106
0.2386458	0.3347129
0.2419792	0.3345907
0.2453125	0.3344686
0.2486458	0.3343464
0.2519792	0.3342243
0.2553125	0.334151
0.2586458	0.3340777
0.2619792	0.3340777
0.2653125	0.3340777
0.2686458	0.3341266
0.2719792	0.3341755
0.2753125	0.3342487
0.2786458	0.3342976
0.2819792	0.3343464
0.2853125	0.3343709
0.2886458	0.3343709
0.2919792	0.334322
0.2953125	0.3342732
0.2986458	0.3341755
0.3019792	0.3340289
0.3053125	0.3338579
0.3086458	0.3336869
0.3119792	0.333467
0.3153125	0.3332472
0.3186458	0.3330518
0.3219792	0.3328319
0.3253125	0.3326609
0.3286458	0.3324899
0.3319792	0.3323678
0.3353125	0.3322701
0.3386458	0.3322212
0.3419792	0.3321968
0.3453125	0.3321968
0.3486458	0.3322212
0.3519792	0.3322701
0.3553125	0.3323434
0.3586458	0.3324166
0.3619792	0.3325143
0.3653125	0.3326121
0.3686458	0.3327342
0.3719792	0.3328075
0.3753125	0.3328808
0.3786458	0.3329052
0.3819792	0.3329296
0.3853125	0.3329296
0.3886458	0.3329296
0.3919792	0.3329052
0.3953125	0.3329296
0.3986458	0.3329541
0.4019792	0.3330029
0.4053125	0.3330762
0.4086458	0.333125
0.4119792	0.3331983
0.4153125	0.3332228
0.4186458	0.3332228
0.4219792	0.3331983
0.4253125	0.3331006
0.4286458	0.3330029
0.4319792	0.3328563
0.4353125	0.3327098
0.4386458	0.3325632
0.4419792	0.3324166
0.4453125	0.3322701
0.4486458	0.3321479
0.4519792	0.3320258
0.4553125	0.3319036
0.4586458	0.3318059
0.4619792	0.3316838
0.4653125	0.3315861
0.4686458	0.3314884
0.4719792	0.3314151
0.4753125	0.3313907
0.4786458	0.3313418
0.4819792	0.3313418
0.4853125	0.3313418
0.4886458	0.3313418
0.4919792	0.3313418
0.4953125	0.3313418
0.4986458	0.3312929
0.5019792	0.3312441
0.5053125	0.3311464
0.5086458	0.3309998
0.5119792	0.3308532
0.5153125	0.3306822
0.5186458	0.3304868
0.5219792	0.330267
0.5253125	0.3300471
0.5286458	0.3298273
0.5319791	0.3296318
0.5353125	0.3294608
0.5386458	0.3293387
0.5419792	0.329241
0.5453125	0.3292166
0.5486459	0.3292166
0.5519792	0.329241
0.5553125	0.3293387
0.5586458	0.3294364
0.5619792	0.3295341
0.5653125	0.3296318
0.5686458	0.3297295
0.5719792	0.3297784
0.5753125	0.3297784
0.5786458	0.3297784
0.5819792	0.3297295
0.5853125	0.3296563
0.5886458	0.329583
0.5919791	0.3294853
0.5953125	0.3293876
0.5986458	0.3293143
0.6019792	0.3292898
0.6053125	0.3292654
0.6086459	0.3292654
0.6119792	0.3292898
0.6153125	0.3292898
0.6186458	0.3292654
0.6219792	0.3292166
0.6253125	0.3291433
0.6286458	0.3289967
0.6319792	0.3288257
0.6353125	0.3286059
0.6386458	0.3283616
0.6419792	0.3281173
0.6453125	0.3278974
0.6486458	0.3277265
0.6519791	0.3275799
0.6553125	0.3275066
0.6586458	0.3275066
0.6619791	0.3275799
0.6653125	0.3276776
0.6686459	0.3278242
0.6719792	0.3279707
0.6753125	0.3281417
0.6786458	0.3282639
0.6819792	0.3283616
0.6853125	0.328386
0.6886458	0.328386
0.6919792	0.3283372
0.6953125	0.3282394
0.6986458	0.3281173
0.7019792	0.3279463
0.7053125	0.3277509
0.7086458	0.3275555
0.7119792	0.32736
0.7153125	0.3271402
0.7186458	0.3269448
0.7219791	0.3267493
0.7253125	0.3265783
0.7286459	0.3264562
0.7319792	0.3263585
0.7353125	0.3262852
0.7386459	0.3262363
0.7419792	0.3262119
0.7453125	0.3262119
0.7486458	0.3262119
0.7519792	0.3262119
0.7553125	0.3262363
0.7586458	0.3262363
0.7619792	0.3262608
0.7653125	0.3262608
0.7686458	0.3262852
0.7719792	0.3262852
0.7753125	0.3263096
0.7786458	0.3263096
0.7819791	0.3263096
0.7853125	0.3263096
0.7886458	0.3262852
0.7919792	0.3262608
0.7953125	0.3262852
0.7986459	0.3262852
0.8019792	0.3263341
0.8053125	0.3264073
0.8086458	0.3264806
0.8119792	0.3265539
0.8153125	0.3266028
0.8186458	0.3266516
0.8219792	0.3266272
0.8253125	0.3265783
0.8286458	0.3264806
0.8319792	0.3263585
0.8353125	0.3261875
0.8386458	0.3260409
0.8419791	0.3259188
0.8453125	0.3257966
0.8486458	0.3256989
0.8519792	0.3256256
0.8553125	0.3255768
0.8586459	0.3255035
0.8619792	0.3254058
0.8653125	0.3252836
0.8686458	0.3251371
0.8719792	0.3249661
0.8753125	0.3247707
0.8786458	0.3245997
0.8819792	0.3244531
0.8853125	0.3243065
0.8886458	0.3242088
0.8919792	0.32416
0.8953125	0.3241355
0.8986458	0.3241111
0.9019791	0.3241355
0.9053125	0.32416
0.9086458	0.3242088
0.9119791	0.3242332
0.9153125	0.3242821
0.9186459	0.3243065
0.9219792	0.3243554
0.9253125	0.3244042
0.9286458	0.3244775
0.9319792	0.3245264
0.9353125	0.3245997
0.9386458	0.3246485
0.9419792	0.3246729
0.9453125	0.3246729
0.9486458	0.3246729
0.9519792	0.3245997
0.9553125	0.324502
0.9586458	0.3243554
0.9619792	0.3241844
0.9653125	0.3240134
0.9686458	0.323818
0.9719791	0.3236225
0.9753125	0.3234515
0.9786459	0.3232806
0.9819792	0.3231584
0.9853125	0.3230607
0.9886459	0.322963
0.9919792	0.3229141
0.9953125	0.3228653
0.9986458	0.3228164
1.001979	0.3227676
1.005312	0.3227187
1.008646	0.3226698
1.011979	0.3226454
1.015313	0.3225966
1.018646	0.3225477
1.021979	0.3224989
1.025313	0.3224744
1.028646	0.3224744
1.031979	0.3224744
1.035313	0.3224744
1.038646	0.3224989
1.041979	0.3224989
1.045313	0.3224989
1.048646	0.3224989
1.051979	0.3224989
1.055313	0.3224744
1.058646	0.32245
1.061979	0.3224011
1.065313	0.3223523
1.068646	0.3223034
1.071979	0.3222301
1.075312	0.3221813
1.078646	0.322108
1.081979	0.3220591
1.085312	0.3220103
1.088646	0.3219859
1.091979	0.3219859
1.095312	0.3220103
1.098646	0.3220591
1.101979	0.3221324
1.105312	0.3222546
1.108646	0.3223523
1.111979	0.3224744
1.115312	0.3225966
1.118646	0.3226943
1.121979	0.3227431
1.125312	0.322792
1.128646	0.322792
1.131979	0.322792
1.135313	0.3227431
1.138646	0.3227187
1.141979	0.3226698
1.145313	0.322621
1.148646	0.3225721
1.151979	0.3224989
1.155313	0.32245
1.158646	0.3223767
1.161979	0.3223279
1.165313	0.322279
1.168646	0.3222301
1.171979	0.3221813
1.175313	0.3221569
1.178646	0.3221569
1.181979	0.3221569
1.185313	0.3221569
1.188646	0.3221569
1.191979	0.322108
1.195313	0.3220591
1.198646	0.3219614
1.201979	0.3218393
1.205312	0.3216927
1.208646	0.3215217
1.211979	0.3213019
1.215312	0.3211065
1.218646	0.320911
1.221979	0.32074
1.225312	0.3206179
1.228646	0.3204958
1.231979	0.320398
1.235312	0.3203492
1.238646	0.3203003
1.241979	0.3202515
1.245312	0.320227
1.248646	0.3201538
1.251979	0.3200805
1.255312	0.3199828
1.258646	0.3199095
1.261979	0.3198118
1.265313	0.3197385
1.268646	0.3197141
1.271979	0.3197385
1.275313	0.3197873
1.278646	0.3198851
1.281979	0.3200072
1.285313	0.3201293
1.288646	0.320227
1.291979	0.3203003
1.295313	0.3203492
1.298646	0.3203003
1.301979	0.320227
1.305313	0.3201049
1.308646	0.3199583
1.311979	0.3197873
1.315313	0.3196163
1.318646	0.3194698
1.321979	0.3192988
1.325312	0.3191766
1.328646	0.3190545
1.331979	0.3189568
1.335312	0.3188835
1.338646	0.3188347
1.341979	0.3187858
1.345312	0.3187858
1.348646	0.3187858
1.351979	0.3188347
1.355312	0.3188835
1.358646	0.3189568
1.361979	0.3190301
1.365312	0.3191034
1.368646	0.3191522
1.371979	0.3192011
1.375312	0.3192011
1.378646	0.3192011
1.381979	0.3191522
1.385313	0.3190789
1.388646	0.3190056
1.391979	0.3188835
1.395313	0.3187369
1.398646	0.3185904
1.401979	0.3184438
1.405313	0.3182972
1.408646	0.3181751
1.411979	0.318053
1.415313	0.3179797
1.418646	0.3179308
1.421979	0.3179064
1.425313	0.3179064
1.428646	0.3179308
1.431979	0.3179552
1.435313	0.3179552
1.438646	0.3179064
1.441979	0.3178331
1.445313	0.3176865
1.448646	0.3175155
1.451979	0.3173201
1.455312	0.3171003
1.458646	0.3168804
1.461979	0.316685
1.465312	0.3165628
1.468646	0.3164651
1.471979	0.3164651
1.475312	0.3164896
1.478646	0.3165628
1.481979	0.3166606
1.485312	0.3167583
1.488646	0.3168316
1.491979	0.3168804
1.495312	0.3168804
1.498646	0.316856
1.501979	0.3168071
1.505312	0.3167338
1.508646	0.3166361
1.511979	0.3165384
1.515313	0.3164651
1.518646	0.3163918
1.521979	0.3163186
1.525313	0.3162941
1.528646	0.3162941
1.531979	0.3162941
1.535313	0.3162941
1.538646	0.3162941
1.541979	0.3162453
1.545313	0.316172
1.548646	0.3160499
1.551979	0.3159033
1.555313	0.3156834
1.558646	0.3154636
1.561979	0.3151949
1.565313	0.3149506
1.568646	0.3147552
1.571979	0.3145842
1.575312	0.3144865
1.578646	0.3144376
1.581979	0.3144132
1.585312	0.3144376
1.588646	0.3144865
1.591979	0.3145353
1.595312	0.3145842
1.598646	0.3146086
1.601979	0.314633
1.605312	0.3146575
1.608646	0.3146575
1.611979	0.3146575
1.615312	0.314633
1.618646	0.314633
1.621979	0.3146086
1.625312	0.3145842
1.628646	0.3145109
1.631979	0.3144376
1.635313	0.3143643
1.638646	0.3142666
1.641979	0.3141445
1.645313	0.3140468
1.648646	0.3139735
1.651979	0.3139246
1.655313	0.3139002
1.658646	0.3139246
1.661979	0.3139735
1.665313	0.3140468
1.668646	0.3141689
1.671979	0.3142666
1.675313	0.3143399
1.678646	0.3144132
1.681979	0.3144132
1.685313	0.3143887
1.688646	0.3142666
1.691979	0.31412
1.695313	0.3139246
1.698646	0.3137048
1.701979	0.3134849
1.705312	0.3133139
1.708646	0.3131429
1.711979	0.3130452
1.715312	0.3129963
1.718646	0.3130208
1.721979	0.3130941
1.725312	0.3132162
1.728646	0.3133383
1.731979	0.3134605
1.735312	0.3135582
1.738646	0.3136315
1.741979	0.3136803
1.745312	0.3136803
1.748646	0.3136803
1.751979	0.3136559
1.755312	0.313607
1.758646	0.3135826
1.761979	0.3135582
1.765313	0.3135338
1.768646	0.3135338
1.771979	0.3134849
1.775313	0.3134605
1.778646	0.3133872
1.781979	0.3132895
1.785313	0.3131673
1.788646	0.3130452
1.791979	0.3128986
1.795313	0.3127521
1.798646	0.3126299
1.801979	0.3125078
1.805313	0.3123856
1.808646	0.3122879
1.811979	0.3122147
1.815313	0.3121169
1.818646	0.3120437
1.821979	0.3119459
1.825312	0.3118482
1.828646	0.3117261
1.831979	0.311604
1.835312	0.3114818
1.838646	0.3113841
1.841979	0.3112864
1.845312	0.3112131
1.848646	0.3111642
1.851979	0.3111398
1.855312	0.3111642
1.858646	0.3112375
1.861979	0.3113108
1.865312	0.311433
1.868646	0.3115307
1.871979	0.3116528
1.875312	0.3117261
1.878646	0.3117994
1.881979	0.3118482
1.885313	0.3118482
1.888646	0.3117994
1.891979	0.3117261
1.895313	0.3116284
1.898646	0.3115062
1.901979	0.3113841
1.905313	0.3112375
1.908646	0.3111154
1.911979	0.3109688
1.915313	0.3108467
1.918646	0.310749
1.921979	0.3106513
1.925313	0.310578
1.928646	0.3105291
1.931979	0.3105047
1.935313	0.3105291
1.938646	0.310578
1.941979	0.3106757
1.945313	0.3108223
1.948646	0.3109688
1.951979	0.3111642
1.955312	0.3113352
1.958646	0.3114818
1.961979	0.3116284
1.965312	0.3117261
1.968646	0.3117505
1.971979	0.3117261
1.975312	0.3116284
1.978646	0.3114574
1.981979	0.311262
1.985312	0.3110177
1.988646	0.3107734
1.991979	0.3105291
1.995312	0.3102848
1.998646	0.3100894
2.001979	0.3099428
2.005312	0.3098207
2.008646	0.3097474
2.011979	0.309723
2.015312	0.3096986
2.018646	0.309723
2.021979	0.309723
2.025312	0.309723
2.028646	0.3096986
2.031979	0.3096741
2.035312	0.3096253
2.038646	0.309552
2.041979	0.3094787
2.045312	0.309381
2.048646	0.3092833
2.051979	0.3091856
2.055312	0.3091123
2.058646	0.309039
2.061979	0.3089902
2.065312	0.3089413
2.068646	0.3089169
2.071979	0.3088924
2.075313	0.308868
2.078646	0.3088436
2.081979	0.3088192
2.085313	0.3087703
2.088646	0.3087214
2.091979	0.3086482
2.095313	0.3085504
2.098646	0.3084527
2.101979	0.308355
2.105313	0.3082817
2.108646	0.3082329
2.111979	0.308184
2.115313	0.308184
2.118646	0.3082329
2.121979	0.3083306
2.125313	0.3084283
2.128646	0.3085749
2.131979	0.308697
2.135313	0.3088436
2.138646	0.3089413
2.141979	0.3090146
2.145313	0.3090879
2.148646	0.3090879
2.151979	0.3090879
2.155313	0.3090634
2.158646	0.3090146
2.161979	0.3089902
2.165313	0.3089413
2.168646	0.3088924
2.171979	0.308868
2.175313	0.3088436
2.178646	0.3088192
2.181979	0.3087947
2.185313	0.3087703
2.188646	0.3087459
2.191979	0.3087459
2.195313	0.3087703
2.198646	0.3087703
2.201979	0.3087703
2.205312	0.3087459
2.208646	0.3087214
2.211979	0.3086482
2.215312	0.3085504
2.218646	0.3084283
2.221979	0.3082817
2.225312	0.3081596
2.228646	0.3080375
2.231979	0.3079397
2.235312	0.3078665
2.238646	0.3078176
2.241979	0.3077688
2.245312	0.3077688
2.248646	0.3077199
2.251979	0.3076955
2.255312	0.3076466
2.258646	0.3075733
2.261979	0.3075
2.265312	0.3074268
2.268646	0.3073779
2.271979	0.307329
2.275312	0.3073046
2.278646	0.3073046
2.281979	0.307329
2.285312	0.3073535
2.288646	0.3073779
2.291979	0.3073779
2.295312	0.3073779
2.298646	0.3073535
2.301979	0.3073046
2.305312	0.3072313
2.308646	0.3070848
2.311979	0.3069138
2.315312	0.3066939
2.318646	0.3064496
2.321979	0.3062054
2.325313	0.3059611
2.328646	0.3057657
2.331979	0.3056191
2.335313	0.3055702
2.338646	0.3055947
2.341979	0.3056924
2.345313	0.3058634
2.348646	0.3060832
2.351979	0.3063031
2.355313	0.3065229
2.358646	0.3067183
2.361979	0.3068405
2.365313	0.3069382
2.368646	0.3069626
2.371979	0.3069138
2.375313	0.3068649
2.378646	0.3067428
2.381979	0.3065473
2.385313	0.3063275
2.388646	0.3060588
2.391979	0.3057657
2.395313	0.3054481
2.398646	0.3051305
2.401979	0.304813
2.405313	0.3044954
2.408646	0.3042023
2.411979	0.3039336
2.415313	0.3037137
2.418646	0.3035183
2.421979	0.3033473
2.425313	0.3032251
2.428646	0.3031519
2.431979	0.3030786
2.435313	0.3030786
2.438646	0.303103
2.441979	0.3031519
2.445313	0.3032251
2.448646	0.3032984
2.451979	0.3033961
2.455312	0.3034694
2.458646	0.3035183
2.461979	0.3035671
2.465312	0.3035671
2.468646	0.3035671
2.471979	0.3035427
2.475312	0.3034938
2.478646	0.303445
2.481979	0.3034206
2.485312	0.3033717
2.488646	0.3033228
2.491979	0.303274
2.495312	0.3032007
2.498646	0.303103
2.501979	0.3030053
2.505312	0.3028587
2.508646	0.3027121
2.511979	0.3025412
2.515312	0.3023702
2.518646	0.3021992
2.521979	0.3020282
2.525312	0.3018816
2.528646	0.3017839
2.531979	0.3017106
2.535312	0.3016617
2.538646	0.3016373
2.541979	0.3016373
2.545312	0.3016373
2.548646	0.3016129
2.551979	0.3016129
2.555312	0.3015885
2.558646	0.301564
2.561979	0.3015152
2.565312	0.3014419
2.568646	0.3013686
2.571979	0.3012709
2.575313	0.3011488
2.578646	0.3010022
2.581979	0.30088
2.585313	0.3007335
2.588646	0.3006113
2.591979	0.3005381
2.595313	0.3004892
2.598646	0.3005136
2.601979	0.3005869
2.605313	0.3007335
2.608646	0.3009045
2.611979	0.3011243
2.615313	0.3013686
2.618646	0.3015885
2.621979	0.3017839
2.625313	0.3019549
2.628646	0.302077
2.631979	0.3021747
2.635313	0.3021992
2.638646	0.3021992
2.641979	0.3021747
2.645313	0.3021259
2.648646	0.3020282
2.651979	0.301906
2.655313	0.3017595
2.658646	0.301564
2.661979	0.3013686
2.665313	0.3011732
2.668646	0.3009533
2.671979	0.3007091
2.675313	0.3004892
2.678646	0.3002938
2.681979	0.3000739
2.685313	0.2999029
2.688646	0.2997564
2.691979	0.2996098
2.695313	0.2995121
2.698646	0.2994388
2.701979	0.2993899
2.705312	0.2993655
2.708646	0.2993655
2.711979	0.2994144
2.715312	0.2994632
2.718646	0.2995365
2.721979	0.2996098
2.725312	0.2996831
2.728646	0.2997319
2.731979	0.2997808
2.735312	0.2997808
2.738646	0.2997564
2.741979	0.2997075
2.745312	0.2996586
2.748646	0.2995854
2.751979	0.2995121
2.755312	0.2994388
2.758646	0.2993899
2.761979	0.2993655
2.765312	0.2993655
2.768646	0.2994144
2.771979	0.2994632
2.775312	0.2995365
2.778646	0.2996098
2.781979	0.2996831
2.785312	0.2997319
2.788646	0.2998052
2.791979	0.2998541
2.795312	0.2998541
2.798646	0.2998785
2.801979	0.2998541
2.805312	0.2998296
2.808646	0.2997808
2.811979	0.2997564
2.815312	0.2997075
2.818646	0.2996831
2.821979	0.2996586
2.825313	0.2996831
2.828646	0.2997319
2.831979	0.2998052
2.835313	0.2999029
2.838646	0.3000495
2.841979	0.3002205
2.845313	0.3004159
2.848646	0.3006113
2.851979	0.3008068
2.855313	0.3010022
2.858646	0.3011976
2.861979	0.3013686
2.865313	0.3015152
2.868646	0.3016617
2.871979	0.3017839
2.875313	0.301906
2.878646	0.3020526
2.881979	0.3022236
2.885313	0.3024434
2.888646	0.3027121
2.891979	0.3030297
2.895313	0.3033961
2.898646	0.3038114
2.901979	0.3042267
2.905313	0.304642
2.908646	0.3050084
2.911979	0.3053504
2.915313	0.3056191
2.918646	0.3058389
2.921979	0.3059855
2.925313	0.3061076
2.928646	0.3062298
2.931979	0.3063275
2.935313	0.3064252
2.938646	0.3065718
2.941979	0.3067183
2.945313	0.3068893
2.948646	0.3070603
2.951979	0.3072313
2.955312	0.3074023
2.958646	0.3075245
2.961979	0.3076466
2.965312	0.3077688
2.968646	0.3079153
2.971979	0.3081107
2.975312	0.3083795
2.978646	0.3087459
2.981979	0.30921
2.985312	0.309723
2.988646	0.3102848
2.991979	0.3108711
2.995312	0.3113841
2.998646	0.3117994
3.001979	0.3120681
3.005312	0.3121414
3.008646	0.3120192
3.011979	0.3117261
3.015312	0.3113352
3.018646	0.3108711
3.021979	0.3103581
3.025312	0.309894
3.028646	0.3094543
3.031979	0.3090879
3.035312	0.3088192
3.038646	0.3085993
3.041979	0.3084772
3.045312	0.308355
3.048646	0.3082573
3.051979	0.3081352
3.055312	0.308013
3.058646	0.307842
3.061979	0.307671
3.065312	0.3074756
3.068646	0.3072558
3.071979	0.3070115
3.075313	0.3067672
3.078646	0.3065229
3.081979	0.3063031
3.085313	0.3060832
3.088646	0.3059122
3.091979	0.3057657
3.095313	0.3056191
3.098646	0.3054969
3.101979	0.3053748
3.105313	0.3052527
3.108646	0.3051305
3.111979	0.3049595
3.115313	0.3047641
3.118646	0.3045443
3.121979	0.3042511
3.125313	0.3039336
3.128646	0.3035671
3.131979	0.3031763
3.135313	0.302761
3.138646	0.3023946
3.141979	0.3020282
3.145313	0.301735
3.148646	0.3014663
3.151979	0.3012709
3.155313	0.3011488
3.158646	0.301051
3.161979	0.3009778
3.165313	0.3009045
3.168646	0.3008556
3.171979	0.3007579
3.175313	0.3006602
3.178646	0.3005381
3.181979	0.3003671
3.185313	0.3002205
3.188646	0.3000495
3.191979	0.2998785
3.195313	0.2997075
3.198646	0.2995365
3.201979	0.2993899
3.205312	0.2992678
3.208646	0.2991457
3.211979	0.2990479
3.215312	0.2989747
3.218646	0.2989014
3.221979	0.2988281
3.225312	0.2987792
3.228646	0.298706
3.231979	0.2986327
3.235312	0.298535
3.238646	0.2984128
3.241979	0.2982418
3.245312	0.2980708
3.248646	0.2978998
3.251979	0.2977044
3.255312	0.297509
3.258646	0.2973136
3.261979	0.297167
3.265312	0.2970204
3.268646	0.2968983
3.271979	0.296825
3.275312	0.2967761
3.278646	0.2967761
3.281979	0.2967761
3.285312	0.2968006
3.288646	0.296825
3.291979	0.296825
3.295312	0.296825
3.298646	0.2968006
3.301979	0.2967761
3.305312	0.2967517
3.308646	0.2967517
3.311979	0.2967761
3.315312	0.2968494
3.318646	0.2969227
3.321979	0.2970448
3.325313	0.2971914
3.328646	0.2973136
3.331979	0.2974113
3.335313	0.297509
3.338646	0.2975334
3.341979	0.2974846
3.345313	0.2974113
3.348646	0.2972647
3.351979	0.2970937
3.355313	0.2969227
3.358646	0.2967273
3.361979	0.2965563
3.365313	0.2963853
3.368646	0.2962387
3.371979	0.296141
3.375313	0.2960677
3.378646	0.2960189
3.381979	0.2959944
3.385313	0.2959944
3.388646	0.2960189
3.391979	0.2960433
3.395313	0.2960677
3.398646	0.2960677
3.401979	0.2960677
3.405313	0.2960433
3.408646	0.2960189
3.411979	0.2959456
3.415313	0.2958967
3.418646	0.2958234
3.421979	0.2957502
3.425313	0.2957257
3.428646	0.2957013
3.431979	0.2957013
3.435313	0.2957257
3.438646	0.2957746
3.441979	0.2958723
3.445313	0.2959456
3.448646	0.2960433
3.451979	0.296141
3.455312	0.2962143
3.458646	0.2962876
3.461979	0.296312
3.465312	0.2963364
3.468646	0.2963364
3.471979	0.296312
3.475312	0.2962876
3.478646	0.2962143
3.481979	0.2961654
3.485312	0.2960922
3.488646	0.2960189
3.491979	0.2959212
3.495312	0.2958234
3.498646	0.2957257
3.501979	0.2956525
3.505312	0.2955792
3.508646	0.2955059
3.511979	0.295457
3.515312	0.2954082
3.518646	0.2953837
3.521979	0.2953349
3.525312	0.2953105
3.528646	0.295286
3.531979	0.2952616
3.535312	0.2952372
3.538646	0.2952372
3.541979	0.2952616
3.545312	0.2953105
3.548646	0.2953837
3.551979	0.2955059
3.555312	0.295628
3.558646	0.2957502
3.561979	0.2958723
3.565312	0.2959944
3.568646	0.2960677
3.571979	0.296141
3.575313	0.2962143
3.578646	0.2962387
3.581979	0.2962632
3.585313	0.296312
3.588646	0.2963364
3.591979	0.2963853
3.595313	0.2964097
3.598646	0.2964341
3.601979	0.2964586
3.605313	0.2965074
3.608646	0.2965319
3.611979	0.2965807
3.615313	0.2966296
3.618646	0.2967273
3.621979	0.296825
3.625313	0.2969471
3.628646	0.2971181
3.631979	0.297338
3.635313	0.2975578
3.638646	0.2978265
3.641979	0.2980708
3.645313	0.2983395
3.648646	0.2985838
3.651979	0.2988281
3.655313	0.2990479
3.658646	0.2992434
3.661979	0.2994144
3.665313	0.2995609
3.668646	0.2997075
3.671979	0.2998296
3.675313	0.2999762
3.678646	0.3001716
3.681979	0.3003671
3.685313	0.3005869
3.688646	0.3008556
3.691979	0.3011243
3.695313	0.3014175
3.698646	0.301735
3.701979	0.3020282
3.705312	0.3023702
3.708646	0.3027121
3.711979	0.3030541
3.715312	0.303445
3.718646	0.3038847
3.721979	0.3043488
3.725312	0.3048862
3.728646	0.3054481
3.731979	0.3060588
3.735312	0.3066695
3.738646	0.3073046
3.741979	0.3079397
3.745312	0.3085749
3.748646	0.3091856
3.751979	0.3097963
3.755312	0.310407
3.758646	0.3109688
3.761979	0.3115551
3.765312	0.3121169
3.768646	0.3127032
3.771979	0.3132651
3.775312	0.3138513
3.778646	0.3144376
3.781979	0.3149994
3.785312	0.3155857
3.788646	0.3161476
3.791979	0.3167338
3.795312	0.3173201
3.798646	0.3179308
3.801979	0.3185415
3.805312	0.3191766
3.808646	0.3198362
3.811979	0.3204958
3.815312	0.3211797
3.818646	0.3218637
3.821979	0.3225477
3.825313	0.3232317
3.828646	0.3239157
3.831979	0.3245997
3.835313	0.3252592
3.838646	0.3259432
3.841979	0.3266028
3.845313	0.3272867
3.848646	0.3279952
3.851979	0.3287036
3.855313	0.3294364
3.858646	0.3301937
3.861979	0.3309754
3.865313	0.3317815
3.868646	0.3326121
3.871979	0.333467
3.875313	0.3343953
3.878646	0.335348
3.881979	0.3363984
3.885313	0.3375465
3.888646	0.3388168
3.891979	0.3402092
3.895313	0.3417726
3.898646	0.3434825
3.901979	0.3453879
3.905313	0.3474643
3.908646	0.3497361
3.911979	0.3522033
3.915313	0.354866
3.918646	0.3577241
3.921979	0.3608264
3.925313	0.3641486
3.928646	0.3676907
3.931979	0.3715015
3.935313	0.375581
3.938646	0.3799292
3.941979	0.384546
3.945313	0.3894561
3.948646	0.3946593
3.951979	0.4001311
3.955312	0.4058961
3.958646	0.4119054
3.961979	0.418159
3.965312	0.4246569
3.968646	0.4313746
3.971979	0.4382633
3.975312	0.4453474
3.978646	0.4525781
3.981979	0.4599309
3.985312	0.4674059
3.988646	0.4749542
3.991979	0.4825513
3.995312	0.490124
3.998646	0.4976967
4.001979	0.5051472
4.005312	0.5125001
4.008646	0.5196331
4.011979	0.5265462
4.015313	0.5331662
4.018646	0.539493
4.021979	0.5454291
4.025312	0.5509742
4.028646	0.5561285
4.031979	0.5608187
4.035313	0.5650447
4.038646	0.5688067
4.041979	0.5720556
4.045312	0.5747915
4.048646	0.5770389
4.051979	0.5787489
4.055313	0.5799458
4.058646	0.5806298
4.061979	0.5808008
4.065312	0.5804833
4.068646	0.5796771
4.071979	0.5783825
4.075313	0.5766236
4.078646	0.5744495
4.081979	0.5718357
4.085312	0.5688311
4.088646	0.56546
4.091979	0.5617958
4.095313	0.5578629
4.098646	0.5537101
4.101979	0.549362
4.105312	0.5448916
4.108646	0.5403236
4.111979	0.5356823
4.115313	0.5310165
4.118646	0.5263019
4.121979	0.5216117
4.125312	0.5169215
4.128646	0.5123046
4.131979	0.5077366
4.135313	0.5032663
4.138646	0.4989181
4.141979	0.4946676
4.145312	0.4905881
4.148646	0.4866552
4.151979	0.4829177
4.155313	0.4793757
4.158646	0.4760535
4.161979	0.4729755
4.165312	0.4701663
4.168646	0.4676502
4.171979	0.4654517
4.175313	0.4635951
4.178646	0.4621295
4.181979	0.4610791
4.185312	0.4604684
4.188646	0.4603462
4.191979	0.4607859
4.195313	0.4618119
4.198646	0.4634486
4.201979	0.4657448
4.205313	0.4687739
4.208646	0.4726091
4.211979	0.4772993
4.215312	0.4829177
4.218646	0.4895622
4.221979	0.4973303
4.225313	0.5063442
4.228646	0.5167261
4.231979	0.528647
4.235312	0.5422778
4.238646	0.5577896
4.241979	0.5753778
4.245313	0.5952378
4.248646	0.6176383
4.251979	0.642848
4.255312	0.6711113
4.258646	0.7027456
4.261979	0.7380441
4.265313	0.7773243
4.268646	0.8209528
4.271979	0.8692715
4.275312	0.9225978
4.278646	0.9813717
4.281979	1.045886
4.285313	1.116508
4.288646	1.193578
4.291979	1.277366
4.295312	1.368214
4.298646	1.466341
4.301979	1.571944
4.305313	1.685192
4.308646	1.806135
4.311979	1.934822
4.315312	2.071155
4.318646	2.215036
4.321979	2.366221
4.325313	2.524393
4.328646	2.68916
4.331979	2.860058
4.335312	3.036477
4.338646	3.217758
4.341979	3.403191
4.345313	3.591946
4.348646	3.783071
4.351979	3.975564
4.355312	4.16835
4.358646	4.360281
4.361979	4.550112
4.365313	4.73662
4.368646	4.918511
4.371979	5.094515
4.375312	5.263361
4.378646	5.423853
4.381979	5.574843
4.385313	5.71528
4.388646	5.844089
4.391979	5.960439
4.395312	6.063452
4.398646	6.152492
4.401979	6.226925
4.405313	6.286309
4.408646	6.330329
4.411979	6.358787
4.415312	6.371612
4.418646	6.3689
4.421979	6.350848
4.425313	6.317846
4.428646	6.270358
4.431979	6.208946
4.435312	6.134318
4.438646	6.047232
4.441979	5.948567
4.445313	5.839227
4.448646	5.720214
4.451979	5.592529
4.455313	5.457222
4.458646	5.31532
4.461979	5.167896
4.465312	5.015954
4.468646	4.860518
4.471979	4.702591
4.475313	4.543101
4.478646	4.382951
4.481979	4.222971
4.485312	4.063969
4.488646	3.906628
4.491979	3.751632
4.495313	3.599519
4.498646	3.450801
4.501979	3.30587
4.505312	3.165115
4.508646	3.028758
4.511979	2.897067
4.515313	2.770212
4.518646	2.648316
4.521979	2.531477
4.525312	2.419719
4.528646	2.313066
4.531979	2.211494
4.535313	2.114954
4.538646	2.023349
4.541979	1.936556
4.545312	1.854454
4.548646	1.776846
4.551979	1.703586
4.555313	1.634528
4.558646	1.569428
4.561979	1.508162
4.565312	1.450512
4.568646	1.396282
4.571979	1.3453
4.575313	1.297348
4.578646	1.252254
4.581979	1.209847
4.585312	1.169956
4.588646	1.132386
4.591979	1.097014
4.595313	1.063719
4.598646	1.032377
4.601979	1.002893
4.605312	0.9751914
4.608646	0.9491511
4.611979	0.9246987
4.615313	0.9017363
4.618646	0.8801908
4.621979	0.85994
4.625312	0.8409105
4.628646	0.8230292
4.631979	0.8061982
4.635313	0.79032
4.638646	0.7753945
4.641979	0.761324
4.645312	0.748084
4.648646	0.7356257
4.651979	0.7239491
4.655313	0.7130053
4.658646	0.7027456
4.661979	0.6931698
4.665312	0.6841803
4.668646	0.675777
4.671979	0.6679112
4.675313	0.6605339
4.678646	0.6535719
4.681979	0.6470252
4.685312	0.6408694
4.688646	0.6351044
4.691979	0.6297058
4.695313	0.624698
4.698646	0.6200811
4.701979	0.6159039
4.705313	0.6121909
4.708646	0.6089664
4.711979	0.6062549
4.715312	0.6040808
4.718646	0.6024685
4.721979	0.601467
4.725313	0.6010761
4.728646	0.6013448
4.731979	0.6022975
4.735312	0.6039586
4.738646	0.6064014
4.741979	0.6096748
4.745313	0.6138764
4.748646	0.619104
4.751979	0.6254309
4.755312	0.6330035
4.758646	0.6419931
4.761979	0.6525215
4.765313	0.66476
4.768646	0.6788794
4.771979	0.6950507
4.775312	0.7134695
4.778646	0.734331
4.781979	0.7577819
4.785313	0.7840665
4.788646	0.8134045
4.791979	0.8459671
4.795312	0.8820229
4.798646	0.9218162
4.801979	0.9655667
4.805313	1.013592
4.808646	1.066113
4.811979	1.123421
4.815312	1.18581
4.818646	1.2535
4.821979	1.32676
4.825313	1.405809
4.828646	1.490892
4.831979	1.58213
4.835312	1.67972
4.838646	1.783784
4.841979	1.894443
4.845313	2.011746
4.848646	2.135791
4.851979	2.266603
4.855312	2.404231
4.858646	2.548601
4.861979	2.699737
4.865313	2.857493
4.868646	3.021821
4.871979	3.192573
4.875312	3.369602
4.878646	3.552788
4.881979	3.742056
4.885313	3.937285
4.888646	4.138499
4.891979	4.345771
4.895312	4.559272
4.898646	4.779246
4.901979	5.006061
4.905313	5.240301
4.908646	5.482627
4.911979	5.733943
4.915312	5.995347
4.918646	6.268208
4.921979	6.554211
4.925313	6.855311
4.928646	7.173828
4.931979	7.512498
4.935312	7.874399
4.938646	8.262976
4.941979	8.682137
4.945313	9.136108
4.948646	9.62953
4.951979	10.16739
4.955313	10.7551
4.958646	11.39831
4.961979	12.10309
4.965312	12.87575
4.968646	13.72281
4.971979	14.65093
4.975313	15.66682
4.978646	16.77712
4.981979	17.98826
4.985312	19.3064
4.988646	20.73722
4.991979	22.28584
4.995313	23.95669
4.998646	25.75335
5.001979	27.67845
5.005312	29.73365
5.008646	31.91925
5.011979	34.2343
5.015313	36.67612
5.018646	39.24043
5.021979	41.92116
5.025312	44.71028
5.028646	47.59787
5.031979	50.57213
5.035313	53.61928
5.038646	56.72396
5.041979	59.86921
5.045312	63.03663
5.048646	66.20663
5.051979	69.35851
5.055313	72.47059
5.058646	75.5205
5.061979	78.48538
5.065312	81.34224
5.068646	84.06809
5.071979	86.64043
5.075313	89.03758
5.078646	91.23911
5.081979	93.22613
5.085312	94.98173
5.088646	96.49113
5.091979	97.74195
5.095313	98.72422
5.098646	99.43068
5.101979	99.85663
5.105312	100
5.108646	99.86144
5.111979	99.44407
5.115313	98.75361
5.118646	97.79811
5.121979	96.58794
5.125312	95.13552
5.128646	93.45529
5.131979	91.56332
5.135313	89.47716
5.138646	87.21552
5.141979	84.79805
5.145312	82.24498
5.148646	79.57687
5.151979	76.81428
5.155313	73.97755
5.158646	71.08645
5.161979	68.15985
5.165312	65.21581
5.168646	62.27117
5.171979	59.34169
5.175313	56.44191
5.178646	53.58508
5.181979	50.78319
5.185312	48.04693
5.188646	45.38579
5.191979	42.80788
5.195313	40.31998
5.198646	37.92755
5.201979	35.63466
5.205313	33.44407
5.208646	31.35745
5.211979	29.37539
5.215312	27.49758
5.218646	25.72291
5.221979	24.04971
5.225313	22.47574
5.228646	20.99838
5.231979	19.61461
5.235312	18.32114
5.238646	17.11435
5.241979	15.99032
5.245313	14.94499
5.248646	13.97415
5.251979	13.07352
5.255312	12.23888
5.258646	11.46608
5.261979	10.75107
5.265313	10.08997
5.268646	9.479175
5.271979	8.915156
5.275312	8.394644
5.278646	7.914413
5.281979	7.471459
5.285313	7.0629
5.288646	6.686049
5.291979	6.338292
5.295312	6.017283
5.298646	5.720825
5.301979	5.446889
5.305313	5.193619
5.308646	4.959354
5.311979	4.742556
5.315312	4.54183
5.318646	4.355884
5.321979	4.183446
5.325313	4.023394
5.328646	3.874725
5.331979	3.736438
5.335312	3.607702
5.338646	3.487712
5.341979	3.375807
5.345313	3.271377
5.348646	3.173885
5.351979	3.082817
5.355312	2.997759
5.358646	2.918295
5.361979	2.844058
5.365313	2.774682
5.368646	2.709801
5.371979	2.649195
5.375312	2.592522
5.378646	2.539611
5.381979	2.490218
5.385313	2.444195
5.388646	2.401349
5.391979	2.361555
5.395312	2.324669
5.398646	2.290543
5.401979	2.259031
5.405313	2.229986
5.408646	2.203237
5.411979	2.178638
5.415312	2.156042
5.418646	2.135303
5.421979	2.116298
5.425313	2.098856
5.428646	2.082856
5.431979	2.068199
5.435312	2.054715
5.438646	2.04233
5.441979	2.030873
5.445313	2.020222
5.448646	2.010207
5.451979	2.000729
5.455313	1.991568
5.458646	1.982628
5.461979	1.973785
5.465312	1.964868
5.468646	1.955757
5.471979	1.946401
5.475313	1.936679
5.478646	1.926541
5.481979	1.915915
5.485312	1.904751
5.488646	1.893001
5.491979	1.880616
5.495313	1.867572
5.498646	1.853794
5.501979	1.83926
5.505312	1.823943
5.508646	1.807845
5.511979	1.790917
5.515313	1.773182
5.518646	1.754617
5.521979	1.73527
5.525312	1.715165
5.528646	1.694328
5.531979	1.672807
5.535313	1.650626
5.538646	1.627884
5.541979	1.604604
5.545312	1.58086
5.548646	1.556725
5.551979	1.532273
5.555313	1.507527
5.558646	1.482586
5.561979	1.457474
5.565312	1.43224
5.568646	1.406957
5.571979	1.381649
5.575313	1.356366
5.578646	1.331132
5.581979	1.30602
5.585312	1.281055
5.588646	1.256285
5.591979	1.231759
5.595313	1.207502
5.598646	1.183562
5.601979	1.159965
5.605312	1.136758
5.608646	1.113967
5.611979	1.091615
5.615313	1.069752
5.618646	1.048378
5.621979	1.027492
5.625312	1.007119
5.628646	0.9872588
5.631979	0.967863
5.635313	0.9489557
5.638646	0.9305125
5.641979	0.9125579
5.645312	0.895043
5.648646	0.8779678
5.651979	0.8613812
5.655313	0.8452098
5.658646	0.8295514
5.661979	0.8143328
5.665312	0.7996027
5.668646	0.7853367
5.671979	0.7715593
5.675313	0.7582216
5.678646	0.7453481
5.681979	0.7329142
5.685312	0.7208712
5.688646	0.709219
5.691979	0.6979332
5.695313	0.6869895
5.698646	0.6763633
5.701979	0.6661035
5.705313	0.6561613
5.708646	0.6465611
5.711979	0.6373273
5.715312	0.6284355
5.718646	0.6198857
5.721979	0.6117023
5.725313	0.6038365
5.728646	0.5962882
5.731979	0.5890575
5.735312	0.5820955
5.738646	0.5753534
5.741979	0.5688555
5.745313	0.5625775
5.748646	0.5564949
5.751979	0.5506322
5.755312	0.5449405
5.758646	0.5394686
5.761979	0.5342166
5.765313	0.5291356
5.768646	0.5242744
5.771979	0.5195842
5.775312	0.5150406
5.778646	0.5106435
5.781979	0.5063442
5.785313	0.502167
5.788646	0.498112
5.791979	0.4941546
5.795312	0.490295
5.798646	0.4865819
5.801979	0.482991
5.805313	0.4795711
5.808646	0.4763222
5.811979	0.4732198
5.815312	0.4703129
5.818646	0.4675281
5.821979	0.4648898
5.825313	0.4623737
5.828646	0.4599554
5.831979	0.4576347
5.835312	0.4553629
5.838646	0.4531644
5.841979	0.4509903
5.845313	0.448865
5.848646	0.4467642
5.851979	0.4446879
5.855312	0.4426603
5.858646	0.4406572
5.861979	0.438703
5.865313	0.4367976
5.868646	0.4349411
5.871979	0.4331823
5.875312	0.4314967
5.878646	0.4299089
5.881979	0.4283944
5.885313	0.4269775
5.888646	0.425634
5.891979	0.4244126
5.895312	0.42324
5.898646	0.4221652
5.901979	0.4211392
5.905313	0.4201865
5.908646	0.4192827
5.911979	0.4184522
5.915312	0.417646
5.918646	0.4169376
5.921979	0.4162781
5.925313	0.4157162
5.928646	0.4152521
5.931979	0.4149101
5.935312	0.4146658
5.938646	0.4145437
5.941979	0.4145437
5.945313	0.4146414
5.948646	0.4148612
5.951979	0.4151299
5.955313	0.4154964
5.958646	0.4159605
5.961979	0.4164735
5.965312	0.4170842
5.968646	0.4177926
5.971979	0.4185987
5.975313	0.419527
5.978646	0.4205774
5.981979	0.4217499
5.985312	0.4230202
5.988646	0.4244126
5.991979	0.4258783
5.995313	0.4274172
5.998646	0.4290051
6.001979	0.4306417
6.005312	0.4323273
6.008646	0.4340372
6.011979	0.4357716
6.015313	0.4375549
6.018646	0.4393381
6.021979	0.4411458
6.025312	0.442929
6.028646	0.4446879
6.031979	0.4463978
6.035313	0.4480101
6.038646	0.4495246
6.041979	0.450917
6.045312	0.4521384
6.048646	0.4531888
6.051979	0.4540682
6.055313	0.4547766
6.058646	0.455314
6.061979	0.455656
6.065312	0.455827
6.068646	0.4558026
6.071979	0.4556316
6.075313	0.4552896
6.078646	0.4548011
6.081979	0.4541659
6.085312	0.4533598
6.088646	0.452456
6.091979	0.4513811
6.095313	0.4502086
6.098646	0.4489139
6.101979	0.4474971
6.105312	0.446007
6.108646	0.4444192
6.111979	0.4427092
6.115313	0.4409504
6.118646	0.4390938
6.121979	0.4372373
6.125312	0.4353319
6.128646	0.4334265
6.131979	0.4315212
6.135313	0.4296646
6.138646	0.4278569
6.141979	0.4260981
6.145312	0.424437
6.148646	0.4228492
6.151979	0.4213591
6.155313	0.4199667
6.158646	0.418672
6.161979	0.417475
6.165312	0.4163758
6.168646	0.4154231
6.171979	0.4145681
6.175313	0.4138108
6.178646	0.4131757
6.181979	0.4126139
6.185312	0.4121497
6.188646	0.4117589
6.191979	0.4114413
6.195313	0.4112215
6.198646	0.4110749
6.201979	0.4110016
6.205313	0.4109772
6.208646	0.4110016
6.211979	0.4110993
6.215312	0.411197
6.218646	0.4112947
6.221979	0.4113925
6.225313	0.4114657
6.228646	0.4114902
6.231979	0.4114413
6.235312	0.4113436
6.238646	0.4111482
6.241979	0.410855
6.245313	0.4104642
6.248646	0.4099512
6.251979	0.4093161
6.255312	0.4085099
6.258646	0.4075572
6.261979	0.4064336
6.265313	0.4051877
6.268646	0.4037953
6.271979	0.4022564
6.275312	0.4005708
6.278646	0.3987143
6.281979	0.3967356
6.285313	0.394586
6.288646	0.3922897
6.291979	0.3898225
6.295312	0.3872087
6.298646	0.3844728
6.301979	0.3815903
6.305313	0.37861
6.308646	0.3755565
6.311979	0.3724297
6.315312	0.369303
6.318646	0.3661517
6.321979	0.3630005
6.325313	0.3598737
6.328646	0.3567714
6.331979	0.3537423
6.335312	0.3507621
6.338646	0.3478551
6.341979	0.3450459
6.345313	0.34231
6.348646	0.3396718
6.351979	0.3370824
6.355312	0.3345907
6.358646	0.3321479
6.361979	0.329754
6.365313	0.3274089
6.368646	0.3250882
6.371979	0.3228653
6.375312	0.3206912
6.378646	0.3186392
6.381979	0.3167094
6.385313	0.3149017
6.388646	0.3132651
6.391979	0.3117505
6.395312	0.3103825
6.398646	0.3091367
6.401979	0.3079642
6.405313	0.3068649
6.408646	0.3057901
6.411979	0.3047152
6.415312	0.303616
6.418646	0.3025167
6.421979	0.301393
6.425313	0.3002449
6.428646	0.2990968
6.431979	0.2979487
6.435312	0.2968006
6.438646	0.2957013
6.441979	0.2946265
6.445313	0.2936249
6.448646	0.2926722
6.451979	0.2917928
6.455313	0.2909623
6.458646	0.290205
6.461979	0.2894966
6.465312	0.2888615
6.468646	0.2882752
6.471979	0.2877378
6.475313	0.2872004
6.478646	0.2867118
6.481979	0.2862232
6.485312	0.2857347
6.488646	0.2852705
6.491979	0.2848064
6.495313	0.2843178
6.498646	0.2838537
6.501979	0.2833651
6.505312	0.282901
6.508646	0.2824369
6.511979	0.2819727
6.515313	0.281533
6.518646	0.2811178
6.521979	0.2806781
6.525312	0.2802872
6.528646	0.2798964
6.531979	0.2795544
6.535313	0.2792124
6.538646	0.2789192
6.541979	0.2786505
6.545312	0.2784307
6.548646	0.2782108
6.551979	0.2780398
6.555313	0.2778933
6.558646	0.2777956
6.561979	0.2776978
6.565312	0.2776246
6.568646	0.2775757
6.571979	0.2775513
6.575313	0.2775757
6.578646	0.2776246
6.581979	0.2776734
6.585312	0.2777711
6.588646	0.2778933
6.591979	0.2780398
6.595313	0.2782108
6.598646	0.2784063
6.601979	0.2786261
6.605312	0.2789192
6.608646	0.2792368
6.611979	0.2796277
6.615313	0.2800674
6.618646	0.2805559
6.621979	0.2810933
6.625312	0.2816552
6.628646	0.2822659
6.631979	0.2828766
6.635313	0.2835117
6.638646	0.2841469
6.641979	0.2848308
6.645312	0.2855148
6.648646	0.2861988
6.651979	0.2869072
6.655313	0.2875912
6.658646	0.2882752
6.661979	0.2889347
6.665312	0.2895454
6.668646	0.2901073
6.671979	0.2905714
6.675313	0.2909867
6.678646	0.2913043
6.681979	0.2915241
6.685312	0.2916707
6.688646	0.2917195
6.691979	0.2917195
6.695313	0.2916707
6.698646	0.2915485
6.701979	0.2913775
6.705313	0.2911821
6.708646	0.2909378
6.711979	0.2906203
6.715312	0.2902783
6.718646	0.289863
6.721979	0.2893744
6.725313	0.2888126
6.728646	0.2882019
6.731979	0.2875423
6.735312	0.2868584
6.738646	0.2861499
6.741979	0.2854415
6.745313	0.2847331
6.748646	0.2840491
6.751979	0.2833896
6.755312	0.28273
6.758646	0.2820705
6.761979	0.2813865
6.765313	0.2806292
6.768646	0.2798231
6.771979	0.2789437
6.775312	0.2779421
6.778646	0.2768184
6.781979	0.2755482
6.785313	0.2741802
6.788646	0.2726412
6.791979	0.2709801
6.795312	0.269148
6.798646	0.2671449
6.801979	0.2649953
6.805313	0.2626746
6.808646	0.2602074
6.811979	0.2575936
6.815312	0.2548576
6.818646	0.252024
6.821979	0.2491415
6.825313	0.246259
6.828646	0.2434498
6.831979	0.2407382
6.835312	0.2381977
6.838646	0.2359015
6.841979	0.233874
6.845313	0.2321884
6.848646	0.2308449
6.851979	0.2298678
6.855312	0.2293059
6.858646	0.2291838
6.861979	0.2295014
6.865313	0.2302586
6.868646	0.2315044
6.871979	0.2332388
6.875312	0.2354618
6.878646	0.2381733
6.881979	0.2413734
6.885313	0.2450376
6.888646	0.2491415
6.891979	0.2536118
6.895312	0.2584241
6.898646	0.2635052
6.901979	0.268806
6.905313	0.2742291
6.908646	0.2797009
6.911979	0.2851728
6.915312	0.2906203
6.918646	0.2959456
6.921979	0.3010755
6.925313	0.3060099
6.928646	0.3106268
6.931979	0.3148773
6.935312	0.3186637
6.938646	0.3219126
6.941979	0.3244287
6.945313	0.3261386
6.948646	0.3268226
6.951979	0.3263585
6.955313	0.3245264
6.958646	0.3211797
6.961979	0.3161476
6.965312	0.3092589
6.968646	0.3004403
6.971979	0.2895943
6.975313	0.2766963
6.978646	0.2618196
6.981979	0.2450864
6.985312	0.2266921
6.988646	0.2069543
6.991979	0.186166
6.995313	0.1647671
6.998646	0.1431727
7.001979	0.1218959
7.005312	0.1013763
7.008646	0.08202932
7.011979	0.06427014
7.015313	0.04834307
7.018646	0.03456566
7.021979	0.02303563
7.025312	0.01387512
7.028646	0.007084128
7.031979	0.002589371
7.035313	0.0002931363
7.038646	0
7.041979	0.001563394
7.045312	0.004812322
7.048646	0.009502503
7.051979	0.01546294
7.055313	0.02254707
7.058646	0.03055946
7.061979	0.03937798
7.065312	0.04888048
7.068646	0.05896926
7.071979	0.06957102
7.075313	0.08058807
7.078646	0.09197153
7.081979	0.1036481
7.085312	0.115569
7.088646	0.1276853
7.091979	0.1399726
7.095313	0.1523576
7.098646	0.1647915
7.101979	0.1772498
7.105312	0.1896837
7.108646	0.2020198
7.111979	0.2142094
7.115313	0.226228
7.118646	0.2380267
7.121979	0.2495323
7.125312	0.2607448
7.128646	0.2716153
7.131979	0.2821437
7.135313	0.2923302
7.138646	0.3021259
7.141979	0.3115307
7.145312	0.3204958
7.148646	0.3289479
7.151979	0.3368625
7.155313	0.3441421
7.158646	0.3506888
7.161979	0.3564294
7.165312	0.361315
7.168646	0.3652479
7.171979	0.3682037
7.175313	0.3701579
7.178646	0.3711351
7.181979	0.3711106
7.185312	0.3701335
7.188646	0.3682281
7.191979	0.3654922
7.195313	0.3619745
7.198646	0.3577485
7.201979	0.3529118
7.205313	0.3475864
7.208646	0.3418459
7.211979	0.3358121
7.215312	0.329583
7.218646	0.3232561
7.221979	0.3169293
7.225313	0.3107001
7.228646	0.3046175
7.231979	0.2987792
7.235312	0.2931852
7.238646	0.2879088
7.241979	0.2829743
7.245313	0.2784063
7.248646	0.2742291
7.251979	0.2704671
7.255312	0.2671449
7.258646	0.2642624
7.261979	0.2618441
7.265313	0.2599142
7.268646	0.2584974
7.271979	0.2575936
7.275312	0.2572027
7.278646	0.2573004
7.281979	0.2579111
7.285313	0.2590104
7.288646	0.2605249
7.291979	0.2624548
7.295312	0.2647021
7.298646	0.2672671
7.301979	0.2700763
7.305313	0.2730809
7.308646	0.2762077
7.311979	0.2794811
7.315312	0.2828033
7.318646	0.2861988
7.321979	0.2896432
7.325313	0.2931364
7.328646	0.2966296
7.331979	0.3000983
7.335312	0.3035427
7.338646	0.3069138
7.341979	0.3101627
7.345313	0.3132651
7.348646	0.3161476
7.351979	0.3187858
7.355312	0.3211309
7.358646	0.3231584
7.361979	0.3248684
7.365313	0.3262608
7.368646	0.3273356
7.371979	0.3280929
7.375312	0.3286059
7.378646	0.3288501
7.381979	0.3288501
7.385313	0.3286547
7.388646	0.3282394
7.391979	0.3276287
7.395312	0.3267982
7.398646	0.3257966
7.401979	0.3245752
7.405313	0.3231584
7.408646	0.3215706
7.411979	0.3198362
7.415312	0.3179308
7.418646	0.3159033
7.421979	0.313778
7.425313	0.3115795
7.428646	0.3093321
7.431979	0.3070603
7.435312	0.3047885
7.438646	0.3025412
7.441979	0.3003182
7.445313	0.2981685
7.448646	0.2960433
7.451979	0.2940158
7.455313	0.2920615
7.458646	0.2901806
7.461979	0.2883729
7.465312	0.2866385
7.468646	0.2850263
7.471979	0.2835117
7.475313	0.2820949
7.478646	0.2808002
7.481979	0.2796032
7.485312	0.2785284
7.488646	0.2775513
7.491979	0.2766474
7.495313	0.2758902
7.498646	0.2752062
7.501979	0.2746199
7.505312	0.2741314
7.508646	0.2737161
7.511979	0.2733985
7.515313	0.2731542
7.518646	0.2729588
7.521979	0.2728367
7.525312	0.272739
7.528646	0.2726901
7.531979	0.2726412
7.535313	0.2726168
7.538646	0.2725924
7.541979	0.2725924
7.545312	0.2725924
7.548646	0.272568
7.551979	0.2725435
7.555313	0.2724947
7.558646	0.272397
7.561979	0.2722748
7.565312	0.2721038
7.568646	0.271884
7.571979	0.2716397
7.575313	0.2713466
7.578646	0.2710046
7.581979	0.2706626
7.585312	0.2703206
7.588646	0.2699786
7.591979	0.2696122
7.595313	0.2692457
7.598646	0.2688549
7.601979	0.2684152
7.605312	0.2679511
7.608646	0.2674625
7.611979	0.2669007
7.615313	0.26629
7.618646	0.2656548
7.621979	0.2650197
7.625312	0.264409
7.628646	0.2637983
7.631979	0.2632365
7.635313	0.2627235
7.638646	0.2622593
7.641979	0.2618685
7.645312	0.2615265
7.648646	0.2612089
7.651979	0.2609158
7.655313	0.2606227
7.658646	0.2603051
7.661979	0.2599875
7.665312	0.2596455
7.668646	0.2592547
7.671979	0.2588638
7.675313	0.2584486
7.678646	0.2580577
7.681979	0.2576669
7.685312	0.2573004
7.688646	0.2569584
7.691979	0.2566653
7.695313	0.2563966
7.698646	0.2561768
7.701979	0.2559569
7.705313	0.2557615
7.708646	0.2555905
7.711979	0.2554439
7.715312	0.2552973
7.718646	0.2551996
7.721979	0.2550775
7.725313	0.2549798
7.728646	0.2548821
7.731979	0.2547844
7.735312	0.2546622
7.738646	0.2545156
7.741979	0.2543202
7.745313	0.2540759
7.748646	0.2538072
7.751979	0.2534897
7.755312	0.2531721
7.758646	0.2528301
7.761979	0.2524881
7.765313	0.252195
7.768646	0.2519263
7.771979	0.2517064
7.775312	0.2515599
7.778646	0.2514621
7.781979	0.2514621
7.785313	0.2514866
7.788646	0.2515599
7.791979	0.2516331
7.795312	0.2517309
7.798646	0.2518041
7.801979	0.251853
7.805313	0.2518774
7.808646	0.251853
7.811979	0.2518041
7.815312	0.2517309
7.818646	0.2516331
7.821979	0.251511
7.825313	0.2513644
7.828646	0.2512423
7.831979	0.2511201
7.835312	0.2510224
7.838646	0.2509247
7.841979	0.2508759
7.845313	0.250827
7.848646	0.250827
7.851979	0.2508514
7.855312	0.2508759
7.858646	0.2509003
7.861979	0.2509003
7.865313	0.2509003
7.868646	0.2508759
7.871979	0.2508514
7.875312	0.2507782
7.878646	0.2506804
7.881979	0.2505827
7.885313	0.250485
7.888646	0.2503873
7.891979	0.2502896
7.895312	0.2501919
7.898646	0.2501186
7.901979	0.2500453
7.905313	0.2500209
7.908646	0.2500209
7.911979	0.2500453
7.915312	0.250143
7.918646	0.2502652
7.921979	0.2504117
7.925313	0.2505583
7.928646	0.2507293
7.931979	0.2509003
7.935312	0.2510469
7.938646	0.2511446
7.941979	0.2512179
7.945313	0.2512179
7.948646	0.2511934
7.951979	0.2510957
7.955313	0.250998
7.958646	0.2508514
7.961979	0.2506804
7.965312	0.250485
7.968646	0.2502896
7.971979	0.2500697
7.975313	0.2498743
7.978646	0.2496545
7.981979	0.2494346
7.985312	0.2492636
7.988646	0.2490926
7.991979	0.2489705
7.995313	0.2488728
7.998646	0.2488483
8.001979	0.2488728
8.005313	0.2489461
8.008646	0.2490682
8.011979	0.2491903
8.015312	0.2493125
8.018646	0.2494346
8.021979	0.2494835
8.025312	0.2495079
8.028646	0.249459
8.03198	0.2493369
8.035313	0.2491659
8.038646	0.2489216
8.041979	0.2486773
8.045313	0.2483842
8.048646	0.2481155
8.051979	0.2478468
8.055312	0.2476025
8.058646	0.2474071
8.061979	0.2472361
8.065312	0.247114
8.068645	0.2470407
8.07198	0.2470162
8.075313	0.2470162
8.078646	0.2470407
8.081979	0.2470651
8.085313	0.2471384
8.088646	0.2471872
8.091979	0.2472117
8.095312	0.2472117
8.098646	0.2471628
8.101979	0.2470895
8.105312	0.2469918
8.108645	0.2468452
8.111979	0.2466498
8.115313	0.2464544
8.118646	0.2462346
8.121979	0.2460147
8.125313	0.2458193
8.128646	0.2456238
8.131979	0.2454773
8.135312	0.2453551
8.138646	0.245233
8.141979	0.2451597
8.145312	0.2450864
8.148645	0.2450376
8.151979	0.2449643
8.155313	0.2449154
8.158646	0.2448422
8.161979	0.2447444
8.165313	0.2446467
8.168646	0.2445246
8.171979	0.2444269
8.175312	0.2443536
8.178646	0.2442803
8.181979	0.244207
8.185312	0.2441337
8.188645	0.2440849
8.191979	0.244036
8.195313	0.2439627
8.198646	0.2438895
8.20198	0.2438162
8.205313	0.2437185
8.208646	0.2436208
8.211979	0.2434986
8.215313	0.2433765
8.218646	0.2432543
8.221979	0.2431566
8.225312	0.2430345
8.228646	0.2429368
8.231979	0.2428391
8.235312	0.2427658
8.238646	0.2426925
8.24198	0.2426192
8.245313	0.2425459
8.248646	0.2424971
8.251979	0.2424238
8.255313	0.2423749
8.258646	0.2423261
8.261979	0.2422772
8.265312	0.2422039
8.268646	0.2421551
8.271979	0.2421062
8.275312	0.2420574
8.278646	0.2420085
8.28198	0.2419596
8.285313	0.2419108
8.288646	0.2418619
8.291979	0.2418375
8.295313	0.2417886
8.298646	0.2417398
8.301979	0.2416909
8.305312	0.2416665
8.308646	0.2416421
8.311979	0.2416177
8.315312	0.2415932
8.318645	0.2415932
8.32198	0.2416177
8.325313	0.2416421
8.328646	0.2416421
8.331979	0.2416421
8.335313	0.2416421
8.338646	0.2415932
8.341979	0.2415444
8.345312	0.2414711
8.348646	0.2413734
8.351979	0.2413001
8.355312	0.2411779
8.358645	0.2410802
8.361979	0.241007
8.365313	0.2409092
8.368646	0.240836
8.371979	0.2407871
8.375313	0.2407627
8.378646	0.2407382
8.381979	0.2407627
8.385312	0.2407627
8.388646	0.2408115
8.391979	0.240836
8.395312	0.2408604
8.398645	0.2408848
8.401979	0.2408604
8.405313	0.2408115
8.408646	0.2407382
8.411979	0.2406405
8.415313	0.2405184
8.418646	0.2404207
8.421979	0.2402985
8.425312	0.2402253
8.428646	0.2401764
8.431979	0.2401764
8.435312	0.2402253
8.438645	0.2402985
8.441979	0.2404207
8.445313	0.2405917
8.448646	0.2407382
8.45198	0.2409092
8.455313	0.2410558
8.458646	0.2411779
8.461979	0.2412512
8.465313	0.2413001
8.468646	0.2413245
8.471979	0.2413001
8.475312	0.2412512
8.478646	0.2411779
8.481979	0.2410802
8.485312	0.2409825
8.488646	0.2408604
8.49198	0.2407382
8.495313	0.2405917
8.498646	0.2404207
8.501979	0.2402497
8.505313	0.2400787
8.508646	0.2399077
8.511979	0.2397611
8.515312	0.2396146
8.518646	0.2394924
8.521979	0.2393947
8.525312	0.239297
8.528646	0.2392481
8.53198	0.2391993
8.535313	0.2391993
8.538646	0.2391993
8.541979	0.2392237
8.545313	0.2392481
8.548646	0.2392726
8.551979	0.239297
8.555312	0.2393214
8.558646	0.2393458
8.561979	0.2393214
8.565312	0.239297
8.568645	0.2392726
8.57198	0.2392481
8.575313	0.2392481
8.578646	0.2392726
8.581979	0.2393458
8.585313	0.239468
8.588646	0.2396146
8.591979	0.23981
8.595312	0.2400298
8.598646	0.2402253
8.601979	0.2404207
8.605312	0.2405672
8.608645	0.2406894
8.611979	0.2407871
8.615313	0.2408848
8.618646	0.241007
8.621979	0.2411779
8.625313	0.2413978
8.628646	0.2417154
8.631979	0.2421062
8.635312	0.2425459
8.638646	0.2430345
8.641979	0.2435719
8.645312	0.2441093
8.648645	0.2446712
8.651979	0.2452086
8.655313	0.245746
8.658646	0.2462834
8.661979	0.2467964
8.665313	0.2473338
8.668646	0.2478468
8.671979	0.2483598
8.675312	0.2488483
8.678646	0.249288
8.681979	0.2497033
8.685312	0.2500697
8.688645	0.2503873
8.691979	0.2506804
8.695313	0.2509247
8.698646	0.2511201
8.70198	0.2513156
8.705313	0.2514866
8.708646	0.2516576
8.711979	0.2518041
8.715313	0.2519263
8.718646	0.2520484
8.721979	0.2521217
8.725312	0.2521706
8.728646	0.2521706
8.731979	0.2521217
8.735312	0.2519751
8.738646	0.2517797
8.74198	0.251511
8.745313	0.2511934
8.748646	0.250827
8.751979	0.2504117
8.755313	0.249972
8.758646	0.2495079
8.761979	0.2490438
8.765312	0.2485796
8.768646	0.2481399
8.771979	0.2477002
8.775312	0.2472361
8.778646	0.246772
8.78198	0.2462834
8.785313	0.2457704
8.788646	0.2452574
8.791979	0.2447444
8.795313	0.244207
8.798646	0.2437185
8.801979	0.2432543
8.805312	0.2428146
8.808646	0.2424482
8.811979	0.2421062
8.815312	0.2417886
8.818645	0.2414955
8.82198	0.2411779
8.825313	0.2408848
8.828646	0.2405428
8.831979	0.240152
8.835313	0.2397611
8.838646	0.2393214
8.841979	0.2388817
8.845312	0.238442
8.848646	0.2380023
8.851979	0.237587
8.855312	0.2371962
8.858645	0.2368298
8.861979	0.2365366
8.865313	0.2362679
8.868646	0.2360236
8.871979	0.2358282
8.875313	0.2356572
8.878646	0.2354862
8.881979	0.2353152
8.885312	0.2351687
8.888646	0.2349732
8.891979	0.2348022
8.895312	0.2346312
8.898645	0.2344602
8.901979	0.2343381
8.905313	0.234216
8.908646	0.2341427
8.911979	0.2340938
8.915313	0.2340938
8.918646	0.2340694
8.921979	0.2340694
8.925312	0.2340205
8.928646	0.2339228
8.931979	0.2337763
8.935312	0.2335808
8.938645	0.2333366
8.941979	0.2330678
8.945313	0.2327991
8.948646	0.2325304
8.95198	0.2322617
8.955313	0.2320663
8.958646	0.2318953
8.961979	0.2317732
8.965313	0.2316754
8.968646	0.2316266
8.971979	0.2316022
8.975312	0.2315777
8.978646	0.2315777
8.981979	0.2315777
8.985312	0.2316022
8.988646	0.2316022
8.99198	0.2316022
8.995313	0.2315777
8.998646	0.2315533
9.001979	0.23148
9.005313	0.2314067
9.008646	0.231309
9.011979	0.2311625
9.015312	0.2309915
9.018646	0.230796
9.021979	0.2305762
9.025312	0.2303808
9.028646	0.2301853
9.03198	0.2300143
9.035313	0.2299166
9.038646	0.2298678
9.041979	0.2298678
9.045313	0.2299411
9.048646	0.2300388
9.051979	0.2301609
9.055312	0.2303075
9.058646	0.2304296
9.061979	0.2305273
9.065312	0.2306006
9.068645	0.2306006
9.07198	0.2305762
9.075313	0.2305273
9.078646	0.2304296
9.081979	0.2303319
9.085313	0.2302098
9.088646	0.2300876
9.091979	0.2299655
9.095312	0.2298922
9.098646	0.2298189
9.101979	0.2297945
9.105312	0.2297945
9.108645	0.2298433
9.111979	0.2299411
9.115313	0.2300876
9.118646	0.230283
9.121979	0.2304785
9.125313	0.2306983
9.128646	0.2308937
9.131979	0.2310892
9.135312	0.2312357
9.138646	0.231309
9.141979	0.2313335
9.145312	0.231309
9.148645	0.2312113
9.151979	0.2310892
9.155313	0.2309426
9.158646	0.2308205
9.161979	0.2306983
9.165313	0.230625
9.168646	0.2305762
9.171979	0.2305762
9.175312	0.230625
9.178646	0.2306495
9.181979	0.2306983
9.185312	0.2307228
9.188645	0.2307228
9.191979	0.2306739
9.195313	0.2306006
9.198646	0.2304785
9.20198	0.2303319
9.205313	0.2301609
9.208646	0.2300143
9.211979	0.2298433
9.215313	0.2297212
9.218646	0.2296235
9.221979	0.2295258
9.225312	0.2294769
9.228646	0.2294281
9.231979	0.2293792
9.235312	0.2293059
9.238646	0.2292326
9.24198	0.2291349
9.245313	0.2290372
9.248646	0.2289395
9.251979	0.2288174
9.255313	0.2287197
9.258646	0.2286464
9.261979	0.2286219
9.265312	0.2285975
9.268646	0.2285975
9.271979	0.2286219
9.275312	0.2286708
9.278646	0.2287197
9.28198	0.2287929
9.285313	0.2288418
9.288646	0.2288906
9.291979	0.2289395
9.295313	0.2289884
9.298646	0.2290372
9.301979	0.2290372
9.305312	0.2290372
9.308646	0.2290128
9.311979	0.2289639
9.315312	0.2288906
9.318645	0.2287929
9.32198	0.2286708
9.325313	0.2285487
9.328646	0.2284021
9.331979	0.2282799
9.335313	0.2281578
9.338646	0.2280601
9.341979	0.2279868
9.345312	0.2279135
9.348646	0.2278647
9.351979	0.2278158
9.355312	0.227767
9.358645	0.2277181
9.361979	0.2276448
9.365313	0.2275715
9.368646	0.2274983
9.371979	0.2274005
9.375313	0.2273273
9.378646	0.227254
9.381979	0.2272051
9.385312	0.2271563
9.388646	0.2271074
9.391979	0.2270585
9.395312	0.2270341
9.398645	0.2269853
9.401979	0.2269364
9.405313	0.2268631
9.408646	0.2267654
9.411979	0.2266921
9.415313	0.2265944
9.418646	0.2264967
9.421979	0.2264234
9.425312	0.2263501
9.428646	0.2262769
9.431979	0.2262036
9.435312	0.2261059
9.438645	0.2260326
9.441979	0.2259349
9.445313	0.2258371
9.448646	0.2257883
9.45198	0.2257394
9.455313	0.225715
9.458646	0.2257394
9.461979	0.2257883
9.465313	0.225886
9.468646	0.2259837
9.471979	0.2261059
9.475312	0.226228
9.478646	0.2263013
9.481979	0.2263501
9.485312	0.2263257
9.488646	0.226228
9.49198	0.2261059
9.495313	0.2259104
9.498646	0.225715
9.501979	0.2254952
9.505313	0.2252997
9.508646	0.2251043
9.511979	0.2249577
9.515312	0.2248356
9.518646	0.2247379
9.521979	0.224689
9.525312	0.2246646
9.528646	0.2246646
9.53198	0.2246646
9.535313	0.2246646
9.538646	0.2246646
9.541979	0.224689
9.545313	0.224689
9.548646	0.2247135
9.551979	0.2247379
9.555312	0.2247867
9.558646	0.2248356
9.561979	0.2249089
9.565312	0.2249822
9.568645	0.2250554
9.57198	0.2251043
9.575313	0.2251532
9.578646	0.2251287
9.581979	0.2251043
9.585313	0.225031
9.588646	0.2249333
9.591979	0.2248356
9.595312	0.224689
9.598646	0.2245425
9.601979	0.2243959
9.605312	0.2242249
9.608645	0.2240783
9.611979	0.2239318
9.615313	0.2237852
9.618646	0.2236386
9.621979	0.2235165
9.625313	0.2234188
9.628646	0.2233211
9.631979	0.2232478
9.635312	0.2231989
9.638646	0.2231501
9.641979	0.2231501
9.645312	0.2231501
9.648645	0.2231745
9.651979	0.2231989
9.655313	0.2232233
9.658646	0.2232233
9.661979	0.2232233
9.665313	0.2231989
9.668646	0.2231745
9.671979	0.2231012
9.675312	0.2230279
9.678646	0.2229546
9.681979	0.2228569
9.685312	0.2227592
9.688645	0.2226615
9.691979	0.2225882
9.695313	0.2225394
9.698646	0.2225394
9.70198	0.2225394
9.705313	0.2225394
9.708646	0.2225638
9.711979	0.2226126
9.715313	0.2226126
9.718646	0.2226126
9.721979	0.2226126
9.725312	0.2225638
9.728646	0.2225149
9.731979	0.2224172
9.735312	0.2223195
9.738646	0.2222218
9.74198	0.2220752
9.745313	0.2219287
9.748646	0.2217821
9.751979	0.2216111
9.755313	0.2214401
9.758646	0.2212691
9.761979	0.2211225
9.765312	0.2209515
9.768646	0.220805
9.771979	0.2206584
9.775312	0.2205363
9.778646	0.2204141
9.78198	0.2203164
9.785313	0.2202187
9.788646	0.220121
9.791979	0.2200233
9.795313	0.2199256
9.798646	0.2198523
9.801979	0.219779
9.805312	0.2197057
9.808646	0.2196568
9.811979	0.2195836
9.815312	0.2195103
9.818645	0.2194614
9.82198	0.2194126
9.825313	0.2193637
9.828646	0.2192904
9.831979	0.2192416
9.835313	0.2191439
9.838646	0.2190461
9.841979	0.218924
9.845312	0.2187774
9.848646	0.2186064
9.851979	0.2183866
9.855312	0.2181423
9.858645	0.2178736
9.861979	0.2176049
9.865313	0.2173606
9.868646	0.2171408
9.871979	0.2169209
9.875313	0.2167743
9.878646	0.2166522
9.881979	0.2165789
9.885312	0.2165545
9.888646	0.2165789
9.891979	0.2166033
9.895312	0.2166766
9.898645	0.2167499
9.901979	0.2168476
9.905313	0.2169453
9.908646	0.217043
9.911979	0.2171408
9.915313	0.217214
9.918646	0.2172629
9.921979	0.2173118
9.925312	0.2173606
9.928646	0.217385
9.931979	0.217385
9.935312	0.217385
9.938645	0.2173606
9.941979	0.2173118
9.945313	0.2172385
9.948646	0.2171408
9.95198	0.217043
9.955313	0.2168965
9.958646	0.2167499
9.961979	0.2165789
9.965313	0.2164079
9.968646	0.2162369
9.971979	0.2160659
9.975312	0.2158949
9.978646	0.2157484
9.981979	0.2156262
9.985312	0.2155041
9.988646	0.2154308
9.99198	0.2153331
9.995313	0.2152598
9.998646	0.2152109
}
[PEAK]
{
Peak ID	1
Peak Ref	1
Time	4.06165
Peak	3.535312	4.188646
Intensity	-0.0001255274	-0.0001686216
Height	0.0007042716
AreaAbs	150.8066
Area %BP	0.005796665
Area %Total	0.005415255
Width	0.6533334
}
[PEAK]
{
Peak ID	2
Peak Ref	2
Time	4.416416
Peak	4.188646	4.725313
Intensity	-0.0001255274	-0.0001686216
Height	0.01484097
AreaAbs	2756.128
Area %BP	0.1059394
Area %Total	0.09896874
Width	0.5366669
}
[PEAK]
{
Peak ID	3
Peak Ref	3
Time	5.10535
Peak	4.725313	5.938646
Intensity	-0.0001255274	-0.0001686216
Height	0.2433025
AreaAbs	43360.15
Area %BP	1.666667
Area %Total	1.557003
Width	1.213333
}
[PEAK]
{
Peak ID	4
Peak Ref	4
Time	6.067177
Peak	5.938646	6.205313
Intensity	-0.0001255274	-0.0001686216
Height	0.0004278356
AreaAbs	98.6983
Area %BP	0.003793741
Area %Total	0.003544119
Width	0.2666669
}
[PEAK]
{
Peak ID	5
Peak Ref	5
Time	6.22905
Peak	6.205313	6.568646
Intensity	-0.0001255274	-0.0001686216
Height	0.0003219132
AreaAbs	48.33785
Area %BP	0.001857998
Area %Total	0.001735745
Width	0.3633332
}
}
}
}
