[SAMPLE]
{
Sample	1
Well	1:A,2
FileName	
SampleID	BWS202503-RM01
SampleDescription	Aquired with Galaxy
Date	09-Jun-2026
Time	15:32:14 PRC
JobCode	
TaskCode	
UserName	Congcong_Liu2
LabName	Aquired with Galaxy
Instrument	BAD_L_17_160
Conditions	
Submitter	Huanhuan_Zhang
SampleType	
Plate	
Method	
Process	Galaxy
MSTune	
MSMethod	
InletMethod	
PreRunMethod	
PostRunMethod	
SwitchMethod	
FractionMethod	
AcquisitionProcess	
AcquisitionProcessParameters	
AcquisitionProcessOptions	
InjectionVolume	25
ReportScheme	
SampleReportEnable	0
SampleReportFormat	
AnalysisTime	0
[COMPOUND]
{
;Mono Mass	Formula
}
[FUNCTION]
{
Function	1
IonMode	ES+
Type	MS
Description	(0:0)
[SPECTRUM]
{
ProcDesc	0.00:Combine
State	OK
Peak ID	0
Peak Ref	0
Time	0
TIC	0
BPI	0
BPM	0
Continuum	FALSE
Saved	FALSE
[MASSES]
{
;Mass	Exp. Mass	Obs. Mass	% BPI	Int. Abs
}
[RESULTS]
{
;Mass	Found	% BPI	% Purity
}
[MS]
{
;Mass	% BPI
0	0
}
}
[CHROMATOGRAM]
{
TraceNumber	1
Description	scroll down chrom view to see 2D LC chrom
ProcDesc	
MaxIntensity	0
[TRACE]
{
0	0
}
[PEAK]
{
Peak ID	0
Peak Ref	0
Time	0
Peak	0
Intensity	0	0
Height	0
AreaAbs	0
Area %BP	0
Area %Total	0
}
}
}
[FUNCTION]
{
Function	0
Description	ANALOG
[CHROMATOGRAM]
{
TraceNumber	2
Description	LC
ProcDesc	Result Id:1610, VWD: Signal A, 280 nm
MaxIntensity	0.1911751
[TRACE]
{
;Time	Int. %Max
0.001354167	0.01933038
0.0046875	0.01917449
0.008020833	0.01898743
0.01135417	0.01883153
0.0146875	0.01870682
0.01802083	0.01858211
0.02135417	0.01851975
0.0246875	0.01848858
0.02802083	0.0184574
0.03135417	0.01848858
0.0346875	0.01848858
0.03802083	0.01851975
0.04135417	0.01851975
0.0446875	0.01848858
0.04802083	0.0184574
0.05135417	0.01839504
0.0546875	0.01830151
0.05802083	0.01823915
0.06135417	0.01820797
0.0646875	0.0181768
0.06802084	0.01820797
0.07135417	0.01827033
0.0746875	0.01839504
0.07802083	0.01855093
0.08135416	0.01876918
0.0846875	0.0190186
0.08802083	0.01929921
0.09135417	0.01961099
0.0946875	0.01992277
0.09802084	0.02026572
0.1013542	0.0205775
0.1046875	0.02085811
0.1080208	0.02110753
0.1113542	0.0212946
0.1146875	0.02141931
0.1180208	0.02145049
0.1213542	0.02138814
0.1246875	0.02123224
0.1280208	0.02098282
0.1313542	0.02063986
0.1346875	0.02026572
0.1380208	0.01986041
0.1413542	0.01948627
0.1446875	0.01917449
0.1480208	0.01889389
0.1513542	0.01867564
0.1546875	0.01855093
0.1580208	0.0184574
0.1613542	0.01836386
0.1646875	0.01833269
0.1680208	0.01827033
0.1713542	0.01820797
0.1746875	0.01814562
0.1780208	0.01805208
0.1813542	0.01795855
0.1846875	0.01786502
0.1880208	0.01777148
0.1913542	0.01770913
0.1946875	0.01770913
0.1980208	0.01770913
0.2013542	0.01777148
0.2046875	0.01783384
0.2080208	0.01789619
0.2113542	0.01798973
0.2146875	0.01811444
0.2180208	0.01820797
0.2213542	0.01827033
0.2246875	0.01830151
0.2280208	0.01827033
0.2313542	0.01823915
0.2346875	0.01814562
0.2380208	0.01802091
0.2413542	0.01786502
0.2446875	0.01770913
0.2480208	0.01749088
0.2513542	0.01730381
0.2546875	0.01711674
0.2580208	0.01692967
0.2613542	0.01677378
0.2646875	0.01661789
0.2680208	0.01649318
0.2713542	0.01636847
0.2746875	0.01627494
0.2780208	0.0161814
0.2813542	0.01611905
0.2846875	0.01605669
0.2880208	0.01602551
0.2913542	0.01596316
0.2946875	0.01593198
0.2980208	0.0159008
0.3013542	0.01586962
0.3046875	0.01586962
0.3080208	0.01586962
0.3113542	0.01586962
0.3146875	0.0159008
0.3180208	0.01593198
0.3213542	0.01599433
0.3246875	0.01602551
0.3280208	0.01602551
0.3313542	0.01602551
0.3346875	0.01602551
0.3380208	0.01602551
0.3413542	0.01599433
0.3446875	0.01599433
0.3480208	0.01599433
0.3513542	0.01599433
0.3546875	0.01599433
0.3580208	0.01599433
0.3613542	0.01602551
0.3646875	0.01599433
0.3680208	0.01596316
0.3713542	0.0159008
0.3746875	0.01580727
0.3780208	0.01565138
0.3813542	0.01549549
0.3846875	0.01530842
0.3880208	0.01512135
0.3913542	0.01493428
0.3946875	0.01477839
0.3980208	0.01468486
0.4013542	0.0146225
0.4046875	0.0146225
0.4080208	0.01465368
0.4113542	0.01474721
0.4146875	0.01487192
0.4180208	0.01502781
0.4213542	0.01515253
0.4246875	0.01527724
0.4280208	0.01537077
0.4313542	0.01540195
0.4346875	0.01540195
0.4380208	0.0153396
0.4413542	0.01524606
0.4446875	0.01512135
0.4480208	0.01499664
0.4513542	0.01487192
0.4546875	0.01474721
0.4580208	0.01465368
0.4613542	0.01456014
0.4646875	0.01452897
0.4680208	0.01446661
0.4713542	0.01443543
0.4746875	0.01437308
0.4780208	0.01431072
0.4813542	0.01421719
0.4846875	0.01412365
0.4880208	0.01399894
0.4913542	0.01387423
0.4946875	0.01374952
0.4980208	0.0136248
0.5013542	0.01356245
0.5046875	0.01356245
0.5080208	0.01359363
0.5113541	0.01365598
0.5146875	0.01374952
0.5180208	0.01387423
0.5213541	0.01403012
0.5246875	0.01415483
0.5280209	0.01424836
0.5313542	0.01431072
0.5346875	0.01437308
0.5380208	0.01440425
0.5413542	0.01440425
0.5446875	0.01440425
0.5480208	0.01440425
0.5513542	0.01440425
0.5546875	0.01440425
0.5580208	0.01443543
0.5613542	0.01443543
0.5646875	0.01440425
0.5680208	0.01440425
0.5713542	0.01437308
0.5746875	0.0143419
0.5780208	0.0143419
0.5813541	0.01431072
0.5846875	0.01431072
0.5880209	0.01427954
0.5913542	0.01427954
0.5946875	0.01427954
0.5980209	0.01421719
0.6013542	0.01415483
0.6046875	0.0140613
0.6080208	0.01390541
0.6113542	0.01374952
0.6146875	0.01356245
0.6180208	0.01340656
0.6213542	0.01325067
0.6246875	0.01312595
0.6280208	0.01309478
0.6313542	0.01309478
0.6346875	0.01318831
0.6380208	0.01331302
0.6413541	0.01350009
0.6446875	0.01368716
0.6480208	0.01384305
0.6513542	0.01399894
0.6546875	0.01409247
0.6580209	0.01415483
0.6613542	0.01412365
0.6646875	0.0140613
0.6680208	0.01393658
0.6713542	0.01378069
0.6746875	0.0136248
0.6780208	0.01343773
0.6813542	0.01331302
0.6846875	0.01321949
0.6880208	0.01318831
0.6913542	0.01318831
0.6946875	0.01328184
0.6980208	0.01337538
0.7013541	0.01346891
0.7046875	0.01356245
0.7080208	0.0136248
0.7113542	0.01365598
0.7146875	0.0136248
0.7180209	0.01353127
0.7213542	0.01340656
0.7246875	0.01328184
0.7280208	0.01312595
0.7313542	0.01297006
0.7346875	0.01284535
0.7380208	0.01275182
0.7413542	0.01262711
0.7446875	0.01253357
0.7480208	0.01244004
0.7513542	0.01237768
0.7546875	0.0123465
0.7580208	0.01231533
0.7613541	0.01231533
0.7646875	0.01231533
0.7680208	0.0123465
0.7713541	0.01240886
0.7746875	0.01247122
0.7780209	0.01250239
0.7813542	0.01253357
0.7846875	0.01253357
0.7880208	0.01250239
0.7913542	0.01244004
0.7946875	0.0123465
0.7980208	0.01225297
0.8013542	0.01219061
0.8046875	0.01212826
0.8080208	0.0120659
0.8113542	0.0120659
0.8146875	0.0120659
0.8180208	0.01209708
0.8213542	0.01209708
0.8246875	0.01212826
0.8280208	0.01215944
0.8313541	0.01219061
0.8346875	0.01219061
0.8380209	0.01222179
0.8413542	0.01222179
0.8446875	0.01225297
0.8480209	0.01228415
0.8513542	0.01231533
0.8546875	0.0123465
0.8580208	0.0123465
0.8613542	0.0123465
0.8646875	0.01231533
0.8680208	0.01225297
0.8713542	0.01219061
0.8746875	0.01209708
0.8780208	0.01200355
0.8813542	0.01187883
0.8846875	0.01175412
0.8880208	0.01166059
0.8913541	0.01153587
0.8946875	0.01144234
0.8980208	0.01137998
0.9013542	0.01131763
0.9046875	0.01128645
0.9080209	0.01125527
0.9113542	0.01125527
0.9146875	0.01131763
0.9180208	0.01137998
0.9213542	0.01144234
0.9246875	0.0115047
0.9280208	0.01159823
0.9313542	0.01162941
0.9346875	0.01166059
0.9380208	0.01166059
0.9413542	0.01159823
0.9446875	0.01153587
0.9480208	0.01141116
0.9513541	0.01128645
0.9546875	0.01113056
0.9580208	0.01100585
0.9613542	0.01091231
0.9646875	0.01084996
0.9680209	0.01081878
0.9713542	0.01081878
0.9746875	0.01084996
0.9780208	0.01094349
0.9813542	0.01103703
0.9846875	0.01116174
0.9880208	0.01131763
0.9913542	0.01144234
0.9946875	0.01159823
0.9980208	0.0117853
1.001354	0.01194119
1.004688	0.01212826
1.008021	0.01225297
1.011354	0.01240886
1.014688	0.01250239
1.018021	0.01256475
1.021354	0.01259593
1.024688	0.01259593
1.028021	0.01256475
1.031354	0.01250239
1.034688	0.01247122
1.038021	0.01240886
1.041354	0.01237768
1.044688	0.01231533
1.048021	0.01222179
1.051354	0.01212826
1.054688	0.01197237
1.058021	0.0117853
1.061354	0.01153587
1.064687	0.01128645
1.068021	0.0110682
1.071354	0.01084996
1.074687	0.01069407
1.078021	0.01063171
1.081354	0.01060053
1.084687	0.01063171
1.088021	0.01069407
1.091354	0.01081878
1.094687	0.01091231
1.098021	0.01100585
1.101354	0.01109938
1.104687	0.01113056
1.108021	0.01116174
1.111354	0.01116174
1.114687	0.01119292
1.118021	0.01119292
1.121354	0.01122409
1.124688	0.01122409
1.128021	0.01125527
1.131354	0.01125527
1.134688	0.01128645
1.138021	0.01128645
1.141354	0.01128645
1.144688	0.01122409
1.148021	0.01116174
1.151354	0.01103703
1.154688	0.01084996
1.158021	0.01066289
1.161354	0.01044464
1.164688	0.0102264
1.168021	0.01000815
1.171354	0.009821083
1.174688	0.009665193
1.178021	0.009540481
1.181354	0.009478124
1.184687	0.009415768
1.188021	0.00938459
1.191354	0.009353414
1.194687	0.009322236
1.198021	0.009291058
1.201354	0.009291058
1.204687	0.009291058
1.208021	0.009322236
1.211354	0.009353414
1.214687	0.009446946
1.218021	0.009540481
1.221354	0.009665193
1.224687	0.009789905
1.228021	0.009883439
1.231354	0.009976973
1.234687	0.01000815
1.238021	0.01000815
1.241354	0.009945795
1.244688	0.009883439
1.248021	0.009821083
1.251354	0.009758727
1.254688	0.009696371
1.258021	0.009665193
1.261354	0.009634015
1.264688	0.009602837
1.268021	0.009571659
1.271354	0.009571659
1.274688	0.009509303
1.278021	0.009446946
1.281354	0.009353414
1.284688	0.009228702
1.288021	0.00910399
1.291354	0.009010456
1.294688	0.008885744
1.298021	0.00879221
1.301354	0.008729854
1.304688	0.008636319
1.308021	0.008573963
1.311354	0.008511607
1.314687	0.008449251
1.318021	0.008355717
1.321354	0.008293361
1.324687	0.008231005
1.328021	0.008199827
1.331354	0.008231005
1.334687	0.008324539
1.338021	0.008449251
1.341354	0.008573963
1.344687	0.008698676
1.348021	0.008823388
1.351354	0.008854566
1.354687	0.008854566
1.358021	0.008761032
1.361354	0.008636319
1.364687	0.008449251
1.368021	0.008231005
1.371354	0.008075115
1.374688	0.007950403
1.378021	0.007856869
1.381354	0.007825691
1.384688	0.007825691
1.388021	0.007825691
1.391354	0.007794512
1.394688	0.007732156
1.398021	0.007576266
1.401354	0.007389198
1.404688	0.007108596
1.408021	0.006796815
1.411354	0.006516213
1.414688	0.006266789
1.418021	0.006079721
1.421354	0.006017365
1.424688	0.006079721
1.428021	0.006204433
1.431354	0.006453857
1.434687	0.006734459
1.438021	0.00704624
1.441354	0.00735802
1.444687	0.007607444
1.448021	0.007794512
1.451354	0.007919225
1.454687	0.007981581
1.458021	0.007981581
1.461354	0.007981581
1.464687	0.007919225
1.468021	0.007856869
1.471354	0.007794512
1.474687	0.007732156
1.478021	0.0076698
1.481354	0.007576266
1.484687	0.007451554
1.488021	0.007295664
1.491354	0.007108596
1.494688	0.006859171
1.498021	0.006609747
1.501354	0.006360323
1.504688	0.006110899
1.508021	0.00592383
1.511354	0.005799118
1.514688	0.00576794
1.518021	0.005830296
1.521354	0.005955008
1.524688	0.006142077
1.528021	0.006391501
1.531354	0.006640925
1.534688	0.006890349
1.538021	0.007108596
1.541354	0.007295664
1.544688	0.007420376
1.548021	0.007482732
1.551354	0.007482732
1.554688	0.007451554
1.558021	0.007389198
1.561354	0.007295664
1.564687	0.00720213
1.568021	0.007077418
1.571354	0.006983884
1.574687	0.006890349
1.578021	0.006796815
1.581354	0.006734459
1.584687	0.006703281
1.588021	0.006703281
1.591354	0.006765637
1.594687	0.006827993
1.598021	0.006921528
1.601354	0.00704624
1.604687	0.007139774
1.608021	0.007295664
1.611354	0.007420376
1.614687	0.007545088
1.618021	0.0076698
1.621354	0.007763334
1.624688	0.007888047
1.628021	0.007950403
1.631354	0.008012759
1.634688	0.008012759
1.638021	0.007981581
1.641354	0.007856869
1.644688	0.007700978
1.648021	0.007482732
1.651354	0.00720213
1.654688	0.006952706
1.658021	0.006640925
1.661354	0.006391501
1.664688	0.006142077
1.668021	0.005955008
1.671354	0.00576794
1.674688	0.005643228
1.678021	0.005518516
1.681354	0.00545616
1.684687	0.005393804
1.688021	0.005362626
1.691354	0.005362626
1.694687	0.005362626
1.698021	0.005424982
1.701354	0.005518516
1.704687	0.005643228
1.708021	0.005830296
1.711354	0.006017365
1.714687	0.006235611
1.718021	0.006453857
1.721354	0.006672103
1.724687	0.006827993
1.728021	0.006952706
1.731354	0.006983884
1.734687	0.006983884
1.738021	0.006890349
1.741354	0.006734459
1.744688	0.006547391
1.748021	0.006329145
1.751354	0.006079721
1.754688	0.005861474
1.758021	0.00561205
1.761354	0.005424982
1.764688	0.005237914
1.768021	0.00514438
1.771354	0.005050845
1.774688	0.005050845
1.778021	0.005113202
1.781354	0.005237914
1.784688	0.005393804
1.788021	0.005549694
1.791354	0.005705584
1.794688	0.005861474
1.798021	0.005955008
1.801354	0.005986186
1.804688	0.005955008
1.808021	0.005861474
1.811354	0.005736762
1.814687	0.005549694
1.818021	0.005393804
1.821354	0.005269092
1.824687	0.005175558
1.828021	0.005113202
1.831354	0.005082023
1.834687	0.005113202
1.838021	0.005175558
1.841354	0.005269092
1.844687	0.005362626
1.848021	0.005424982
1.851354	0.005487338
1.854687	0.005549694
1.858021	0.005549694
1.861354	0.005518516
1.864687	0.00545616
1.868021	0.005362626
1.871354	0.005269092
1.874688	0.00514438
1.878021	0.005050845
1.881354	0.004926133
1.884688	0.004863777
1.888021	0.004801421
1.891354	0.004770243
1.894688	0.004739065
1.898021	0.004739065
1.901354	0.004739065
1.904688	0.004770243
1.908021	0.004801421
1.911354	0.004801421
1.914688	0.004770243
1.918021	0.004739065
1.921354	0.004645531
1.924688	0.004551997
1.928021	0.004489641
1.931354	0.004427285
1.934687	0.004396107
1.938021	0.004427285
1.941354	0.004489641
1.944687	0.004583175
1.948021	0.004739065
1.951354	0.004926133
1.954687	0.005113202
1.958021	0.00530027
1.961354	0.00545616
1.964687	0.005580872
1.968021	0.005705584
1.971354	0.00576794
1.974687	0.005799118
1.978021	0.005799118
1.981354	0.00576794
1.984687	0.005674406
1.988021	0.005518516
1.991354	0.005331448
1.994688	0.005113202
1.998021	0.004863777
2.001354	0.004614353
2.004688	0.004364929
2.008021	0.004146682
2.011354	0.003959614
2.014688	0.003834902
2.018021	0.00371019
2.021354	0.003647834
2.024688	0.003585478
2.028021	0.0035543
2.031354	0.003523122
2.034688	0.003523122
2.038021	0.003523122
2.041354	0.0035543
2.044688	0.003647834
2.048021	0.003772546
2.051354	0.003928436
2.054688	0.004115504
2.058021	0.004333751
2.061354	0.004583175
2.064687	0.004832599
2.068021	0.005050845
2.071354	0.005269092
2.074687	0.005424982
2.078021	0.005549694
2.081354	0.00561205
2.084687	0.005674406
2.088021	0.005674406
2.091354	0.005643228
2.094687	0.005580872
2.098021	0.005487338
2.101354	0.005393804
2.104687	0.00530027
2.108021	0.005206736
2.111354	0.005113202
2.114687	0.005050845
2.118021	0.004988489
2.121354	0.004957311
2.124687	0.004957311
2.128021	0.004957311
2.131354	0.004957311
2.134687	0.004957311
2.138021	0.004926133
2.141354	0.004863777
2.144687	0.004770243
2.148021	0.004614353
2.151354	0.004458463
2.154687	0.004271395
2.158021	0.004053148
2.161354	0.00386608
2.164687	0.003679012
2.168021	0.0035543
2.171354	0.003491944
2.174687	0.003460766
2.178021	0.003460766
2.181354	0.003523122
2.184688	0.003585478
2.188021	0.003679012
2.191354	0.003741368
2.194688	0.003803724
2.198021	0.003834902
2.201354	0.003834902
2.204688	0.003772546
2.208021	0.00371019
2.211354	0.003585478
2.214688	0.003460766
2.218021	0.003367232
2.221354	0.003242519
2.224688	0.003148985
2.228021	0.003117807
2.231354	0.003117807
2.234688	0.003148985
2.238021	0.003211341
2.241354	0.003304875
2.244688	0.00339841
2.248021	0.003491944
2.251354	0.003585478
2.254688	0.003679012
2.258021	0.00371019
2.261354	0.003772546
2.264688	0.003772546
2.268021	0.003772546
2.271354	0.003772546
2.274688	0.00371019
2.278021	0.003647834
2.281354	0.0035543
2.284688	0.003429588
2.288021	0.003273697
2.291354	0.003086629
2.294688	0.002930739
2.298021	0.002743671
2.301354	0.002618959
2.304688	0.002494247
2.308021	0.002431891
2.311354	0.002400712
2.314687	0.002431891
2.318021	0.002463069
2.321354	0.002525425
2.324687	0.002587781
2.328021	0.002618959
2.331354	0.002587781
2.334687	0.002556603
2.338021	0.002463069
2.341354	0.002369534
2.344687	0.002244822
2.348021	0.002151288
2.351354	0.002088932
2.354687	0.002057754
2.358021	0.00212011
2.361354	0.002244822
2.364687	0.002431891
2.368021	0.002650137
2.371354	0.002930739
2.374687	0.003211341
2.378021	0.003491944
2.381354	0.003772546
2.384687	0.00402197
2.388021	0.004240217
2.391354	0.004458463
2.394687	0.004614353
2.398021	0.004739065
2.401354	0.004832599
2.404687	0.004926133
2.408021	0.004988489
2.411354	0.005019667
2.414687	0.005019667
2.418021	0.005019667
2.421354	0.004988489
2.424687	0.004926133
2.428021	0.004894955
2.431354	0.004832599
2.434688	0.004801421
2.438021	0.004739065
2.441354	0.004707887
2.444688	0.004645531
2.448021	0.004614353
2.451354	0.004551997
2.454688	0.004520819
2.458021	0.004458463
2.461354	0.004396107
2.464688	0.004302573
2.468021	0.004240217
2.471354	0.00417786
2.474688	0.004146682
2.478021	0.004146682
2.481354	0.004146682
2.484688	0.00417786
2.488021	0.004209038
2.491354	0.004271395
2.494688	0.004333751
2.498021	0.004396107
2.501354	0.004458463
2.504688	0.004520819
2.508021	0.004520819
2.511354	0.004489641
2.514688	0.004458463
2.518021	0.004364929
2.521354	0.004271395
2.524688	0.004146682
2.528021	0.004053148
2.531354	0.003928436
2.534688	0.003834902
2.538021	0.003772546
2.541354	0.003741368
2.544688	0.00371019
2.548021	0.00371019
2.551354	0.003679012
2.554688	0.003647834
2.558021	0.003616656
2.561354	0.0035543
2.564687	0.003491944
2.568021	0.00339841
2.571354	0.003336054
2.574687	0.003273697
2.578021	0.003211341
2.581354	0.003180163
2.584687	0.003180163
2.588021	0.003148985
2.591354	0.003148985
2.594687	0.003148985
2.598021	0.003148985
2.601354	0.003117807
2.604687	0.003117807
2.608021	0.003117807
2.611354	0.003086629
2.614687	0.003117807
2.618021	0.003117807
2.621354	0.003148985
2.624687	0.003180163
2.628021	0.003211341
2.631354	0.003211341
2.634687	0.003180163
2.638021	0.003148985
2.641354	0.003086629
2.644687	0.002993095
2.648021	0.002868383
2.651354	0.002743671
2.654687	0.002650137
2.658021	0.002556603
2.661354	0.002525425
2.664687	0.002525425
2.668021	0.002556603
2.671354	0.002618959
2.674687	0.002681315
2.678021	0.002743671
2.681354	0.002806027
2.684688	0.002774849
2.688021	0.002712493
2.691354	0.002587781
2.694688	0.002400712
2.698021	0.002182466
2.701354	0.00196422
2.704688	0.001745974
2.708021	0.001590084
2.711354	0.001434193
2.714688	0.001340659
2.718021	0.001278303
2.721354	0.001247125
2.724688	0.001184765
2.728021	0.001122409
2.731354	0.0009976971
2.734688	0.0008418069
2.738021	0.0006859168
2.741354	0.0004676705
2.744688	0.0003117803
2.748021	0.0001558902
2.751354	9.35341e-05
2.754688	6.235607e-05
2.758021	0.0001247121
2.761354	0.0002494243
2.764688	0.0004053145
2.768021	0.0006235607
2.771354	0.000872985
2.774688	0.001091231
2.778021	0.001278303
2.781354	0.001465371
2.784688	0.001590084
2.788021	0.00165244
2.791354	0.001683618
2.794688	0.001683618
2.798021	0.00165244
2.801354	0.001621262
2.804688	0.001558906
2.808021	0.001496549
2.811354	0.001465371
2.814687	0.001403015
2.818021	0.001371837
2.821354	0.001371837
2.824687	0.001340659
2.828021	0.001340659
2.831354	0.001309481
2.834687	0.001247125
2.838021	0.001184765
2.841354	0.001060053
2.844687	0.000935341
2.848021	0.0007794509
2.851354	0.0006235607
2.854687	0.0004676705
2.858021	0.0003429584
2.861354	0.0001870682
2.864687	9.35341e-05
2.868021	3.117803e-05
2.871354	0
2.874687	3.117803e-05
2.878021	6.235607e-05
2.881354	0.0001558902
2.884687	0.0003117803
2.888021	0.0004988486
2.891354	0.0007794509
2.894687	0.001060053
2.898021	0.001371837
2.901354	0.001714796
2.904687	0.002026576
2.908021	0.002338356
2.911354	0.002587781
2.914687	0.002837205
2.918021	0.003055451
2.921354	0.003273697
2.924687	0.003429588
2.928021	0.003616656
2.931354	0.003803724
2.934688	0.003990792
2.938021	0.004209038
2.941354	0.004427285
2.944688	0.004645531
2.948021	0.004863777
2.951354	0.005113202
2.954688	0.005393804
2.958021	0.005674406
2.961354	0.006048543
2.964688	0.006453857
2.968021	0.006983884
2.971354	0.007545088
2.974688	0.008199827
2.978021	0.008916922
2.981354	0.009696371
2.984688	0.01044464
2.988021	0.01122409
2.991354	0.01197237
2.994688	0.01265828
2.998021	0.01331302
3.001354	0.01390541
3.004688	0.01449779
3.008021	0.01502781
3.011354	0.01558902
3.014688	0.0161814
3.018021	0.01683614
3.021354	0.01758441
3.024688	0.01842622
3.028021	0.01936156
3.031354	0.02042161
3.034688	0.0215752
3.038021	0.02279115
3.041354	0.02406945
3.044688	0.02537892
3.048021	0.02665722
3.051354	0.02793552
3.054688	0.02918264
3.058021	0.03036741
3.061354	0.03158335
3.064687	0.03276812
3.068021	0.03401524
3.071354	0.03526236
3.074687	0.03660302
3.078021	0.03797485
3.081354	0.03944022
3.084687	0.04096794
3.088021	0.04255802
3.091354	0.04417928
3.094687	0.04583171
3.098021	0.04748415
3.101354	0.04916777
3.104687	0.05085138
3.108021	0.05253499
3.111354	0.05424979
3.114687	0.05599576
3.118021	0.05780408
3.121354	0.05967476
3.124687	0.06157662
3.128021	0.0636032
3.131354	0.06569212
3.134687	0.06787459
3.138021	0.07018176
3.141354	0.07258247
3.144687	0.07504553
3.148021	0.07763331
3.151354	0.08025227
3.154687	0.08296476
3.158021	0.08570843
3.161354	0.08848327
3.164687	0.09132047
3.168021	0.09415767
3.171354	0.09702605
3.174687	0.09998797
3.178021	0.1030122
3.181354	0.10613
3.184688	0.1093725
3.188021	0.1127398
3.191354	0.1162629
3.194688	0.1199419
3.198021	0.1237456
3.201354	0.1277052
3.204688	0.1317896
3.208021	0.1360298
3.211354	0.1403635
3.214688	0.144822
3.218021	0.1494363
3.221354	0.1541754
3.224688	0.1590392
3.228021	0.16409
3.231354	0.1692656
3.234688	0.1746282
3.238021	0.1801467
3.241354	0.1858211
3.244688	0.1916202
3.248021	0.197544
3.251354	0.2035302
3.254688	0.2096099
3.258021	0.2156897
3.261354	0.2217382
3.264688	0.2277244
3.268021	0.2335859
3.271354	0.2392291
3.274688	0.2446541
3.278021	0.2497984
3.281354	0.254631
3.284688	0.2590583
3.288021	0.2631115
3.291354	0.2667593
3.294688	0.2699394
3.298021	0.2726831
3.301354	0.2749279
3.304688	0.2766739
3.308021	0.277921
3.311354	0.2785758
3.314687	0.2786693
3.318021	0.2781704
3.321354	0.2770792
3.324687	0.2753644
3.328021	0.2730572
3.331354	0.27022
3.334687	0.2668216
3.338021	0.2629556
3.341354	0.2585906
3.344687	0.2538516
3.348021	0.2487384
3.351354	0.2433134
3.354687	0.237639
3.358021	0.2317464
3.361354	0.2256978
3.364687	0.2195557
3.368021	0.2133825
3.371354	0.2072404
3.374687	0.2011295
3.378021	0.1951121
3.381354	0.1892507
3.384687	0.1835451
3.388021	0.1779954
3.391354	0.1726328
3.394687	0.1674884
3.398021	0.1625311
3.401354	0.1577609
3.404687	0.1532089
3.408021	0.1488128
3.411354	0.1446037
3.414687	0.1405818
3.418021	0.1367157
3.421354	0.1330055
3.424687	0.1294824
3.428021	0.1261152
3.431354	0.1228726
3.434688	0.1198484
3.438021	0.1169488
3.441354	0.1142051
3.444688	0.1116485
3.448021	0.1092478
3.451354	0.107003
3.454688	0.1049453
3.458021	0.1030122
3.461354	0.1012351
3.464688	0.09964501
3.468021	0.09817964
3.471354	0.09690134
3.474688	0.09574775
3.478021	0.09478123
3.481354	0.09390825
3.484688	0.09319115
3.488021	0.09253641
3.491354	0.09197521
3.494688	0.09147636
3.498021	0.09100869
3.501354	0.09054102
3.504688	0.09013571
3.508021	0.08969921
3.511354	0.08932508
3.514688	0.08898212
3.518021	0.08870152
3.521354	0.08845209
3.524688	0.08826502
3.528021	0.08810913
3.531354	0.08798442
3.534688	0.08785971
3.538021	0.08776618
3.541354	0.08767264
3.544688	0.08754793
3.548021	0.0874544
3.551354	0.08732968
3.554688	0.08720497
3.558021	0.08711144
3.561354	0.0870179
3.564687	0.08695555
3.568021	0.08686201
3.571354	0.0867373
3.574687	0.08661259
3.578021	0.08648788
3.581354	0.08633199
3.584687	0.08614492
3.588021	0.08595785
3.591354	0.08577078
3.594687	0.08561489
3.598021	0.085459
3.601354	0.08536547
3.604687	0.08530311
3.608021	0.08527193
3.611354	0.08527193
3.614687	0.08530311
3.618021	0.08536547
3.621354	0.08542782
3.624687	0.08552136
3.628021	0.08561489
3.631354	0.08570843
3.634687	0.08580196
3.638021	0.08589549
3.641354	0.08602021
3.644687	0.08614492
3.648021	0.08630081
3.651354	0.08648788
3.654687	0.08664377
3.658021	0.08679966
3.661354	0.08692437
3.664687	0.08704908
3.668021	0.08711144
3.671354	0.08714261
3.674687	0.08711144
3.678021	0.0870179
3.681354	0.08689319
3.684688	0.0867373
3.688021	0.08655023
3.691354	0.08636316
3.694688	0.0861761
3.698021	0.08602021
3.701354	0.08583314
3.704688	0.08567725
3.708021	0.08552136
3.711354	0.08539664
3.714688	0.08527193
3.718021	0.08514722
3.721354	0.08505369
3.724688	0.08492897
3.728021	0.08483544
3.731354	0.08471073
3.734688	0.08458602
3.738021	0.0844613
3.741354	0.08427424
3.744688	0.08408717
3.748021	0.08383774
3.751354	0.08358832
3.754688	0.08330772
3.758021	0.08299594
3.761354	0.08271533
3.764688	0.08240355
3.768021	0.08212295
3.771354	0.08184235
3.774688	0.08159292
3.778021	0.0813435
3.781354	0.08112525
3.784688	0.08093818
3.788021	0.08075111
3.791354	0.08056405
3.794688	0.08037698
3.798021	0.08015873
3.801354	0.07990931
3.804688	0.0796287
3.808021	0.07925457
3.811354	0.07884925
3.814687	0.07838158
3.818021	0.07788273
3.821354	0.07735271
3.824687	0.0767915
3.828021	0.0762303
3.831354	0.07573145
3.834687	0.0752326
3.838021	0.07482729
3.841354	0.07445315
3.844687	0.07411019
3.848021	0.07386077
3.851354	0.07361134
3.854687	0.07342428
3.858021	0.07323721
3.861354	0.07308132
3.864687	0.07292543
3.868021	0.07273836
3.871354	0.07255129
3.874687	0.07230187
3.878021	0.07205244
3.881354	0.07177184
3.884687	0.07152242
3.888021	0.07124182
3.891354	0.07096121
3.894687	0.07071179
3.898021	0.07049354
3.901354	0.07030647
3.904687	0.07015058
3.908021	0.06996352
3.911354	0.06980763
3.914687	0.06968291
3.918021	0.06952702
3.921354	0.06937113
3.924687	0.06921524
3.928021	0.06902817
3.931354	0.06887228
3.934688	0.06871639
3.938021	0.06852933
3.941354	0.06834226
3.944688	0.06812401
3.948021	0.06781223
3.951354	0.06746927
3.954688	0.06706396
3.958021	0.06662747
3.961354	0.0661598
3.964688	0.0657233
3.968021	0.06525563
3.971354	0.06485032
3.974688	0.06447618
3.978021	0.0641644
3.981354	0.06391498
3.984688	0.06369673
3.988021	0.06350966
3.991354	0.06332259
3.994688	0.0631667
3.998021	0.06301081
4.001354	0.06291728
4.004687	0.06285492
4.008021	0.06282375
4.011354	0.0628861
4.014688	0.06301081
4.018021	0.0631667
4.021354	0.06338495
4.024687	0.06363437
4.028021	0.0638838
4.031354	0.06410205
4.034688	0.06425794
4.038021	0.06435147
4.041354	0.06438265
4.044687	0.06438265
4.048021	0.06435147
4.051354	0.06428911
4.054688	0.06422676
4.058021	0.0641644
4.061354	0.06413322
4.064688	0.06413322
4.068021	0.0641644
4.071354	0.06425794
4.074687	0.06435147
4.078021	0.064445
4.081354	0.06456972
4.084688	0.06469443
4.088021	0.06485032
4.091354	0.06500621
4.094687	0.0651621
4.098021	0.06531799
4.101354	0.06550506
4.104688	0.06569212
4.108021	0.06591037
4.111354	0.06619097
4.114687	0.06650275
4.118021	0.06687689
4.121354	0.06734456
4.124688	0.06784341
4.128021	0.06846697
4.131354	0.06912171
4.134687	0.06986998
4.138021	0.07061825
4.141354	0.07142888
4.144688	0.07223951
4.148021	0.07308132
4.151354	0.07392312
4.154687	0.07476493
4.158021	0.07563792
4.161354	0.0765109
4.164688	0.07741506
4.168021	0.07835041
4.171354	0.0793481
4.174687	0.08037698
4.178021	0.08146821
4.181354	0.08265298
4.184688	0.0839001
4.188021	0.08527193
4.191354	0.08670612
4.194687	0.08823385
4.198021	0.0898551
4.201354	0.0915699
4.204688	0.09334704
4.208021	0.09518655
4.211354	0.09715076
4.214687	0.09914616
4.218021	0.1012351
4.221354	0.1033552
4.224688	0.1055377
4.228021	0.1077513
4.231354	0.1099649
4.234687	0.1122409
4.238021	0.1145169
4.241354	0.1167929
4.244688	0.1191313
4.248021	0.1214696
4.251354	0.123808
4.254687	0.1262087
4.258021	0.1286406
4.261354	0.1310725
4.264688	0.1335044
4.268021	0.1359362
4.271354	0.1383058
4.274687	0.1406441
4.278021	0.1428889
4.281354	0.1451026
4.284688	0.1472539
4.288021	0.1493428
4.291354	0.1514317
4.294687	0.1534895
4.298021	0.155516
4.301354	0.1575114
4.304688	0.1595068
4.308021	0.1614399
4.311354	0.1633106
4.314688	0.1651189
4.318021	0.1668649
4.321354	0.1684861
4.324687	0.1700138
4.328021	0.1714168
4.331354	0.1727263
4.334688	0.1739111
4.338021	0.1749711
4.341354	0.1759377
4.344687	0.1768106
4.348021	0.1776213
4.351354	0.1783695
4.354688	0.1790866
4.358021	0.1798037
4.361354	0.180552
4.364687	0.1813003
4.368021	0.1820797
4.371354	0.1828904
4.374688	0.1837945
4.378021	0.1847299
4.381354	0.1856964
4.384687	0.1867253
4.388021	0.1878165
4.391354	0.1889389
4.394688	0.1901548
4.398021	0.1914643
4.401354	0.1928673
4.404687	0.1944262
4.408021	0.196141
4.411354	0.1980741
4.414688	0.2002877
4.418021	0.2028131
4.421354	0.2057127
4.424687	0.2089864
4.428021	0.2126966
4.431354	0.2169056
4.434688	0.2216135
4.438021	0.2268514
4.441354	0.2326505
4.444687	0.2390732
4.448021	0.2461506
4.451354	0.2539139
4.454688	0.2624255
4.458021	0.2716854
4.461354	0.2817559
4.464687	0.2926994
4.468021	0.3045159
4.471354	0.3172989
4.474688	0.3310484
4.478021	0.3458579
4.481354	0.3617587
4.484687	0.3788132
4.488021	0.3970835
4.491354	0.4166321
4.494688	0.4375214
4.498021	0.4597513
4.501354	0.4834155
4.504687	0.508545
4.508021	0.535171
4.511354	0.5633871
4.514688	0.5932245
4.518021	0.6246831
4.521354	0.6578877
4.524687	0.6928072
4.528021	0.7294725
4.531354	0.7678839
4.534688	0.8080724
4.538021	0.8499756
4.541354	0.8935937
4.544687	0.9389266
4.548021	0.9859119
4.551354	1.03455
4.554688	1.084871
4.558021	1.136782
4.561354	1.190346
4.564688	1.2455
4.568021	1.302213
4.571354	1.360422
4.574687	1.420097
4.578021	1.481113
4.581354	1.543375
4.584688	1.60676
4.588021	1.671174
4.591354	1.736492
4.594687	1.802527
4.598021	1.869186
4.601354	1.936281
4.604688	2.003625
4.608021	2.071063
4.611354	2.138408
4.614687	2.205409
4.618021	2.271881
4.621354	2.337604
4.624688	2.40233
4.628021	2.465808
4.631354	2.527884
4.634687	2.588369
4.638021	2.647047
4.641354	2.703728
4.644688	2.75829
4.648021	2.810513
4.651354	2.860273
4.654687	2.907414
4.658021	2.951781
4.661354	2.993154
4.664688	3.031441
4.668021	3.066485
4.671354	3.09813
4.674687	3.126315
4.678021	3.150915
4.681354	3.171898
4.684688	3.189201
4.688021	3.202733
4.691354	3.212523
4.694687	3.218509
4.698021	3.220754
4.701354	3.219257
4.704688	3.214081
4.708021	3.205258
4.711354	3.19288
4.714687	3.177073
4.718021	3.157899
4.721354	3.135513
4.724688	3.110072
4.728021	3.0817
4.731354	3.050522
4.734687	3.016756
4.738021	2.980496
4.741354	2.94196
4.744688	2.901303
4.748021	2.858683
4.751354	2.814286
4.754687	2.768204
4.758021	2.720658
4.761354	2.671771
4.764688	2.621668
4.768021	2.570535
4.771354	2.518499
4.774687	2.465746
4.778021	2.412432
4.781354	2.35865
4.784688	2.304649
4.788021	2.250493
4.791354	2.196368
4.794687	2.142399
4.798021	2.088741
4.801354	2.03552
4.804688	1.982798
4.808021	1.930669
4.811354	1.879287
4.814688	1.828717
4.818021	1.77905
4.821354	1.730319
4.824687	1.682647
4.828021	1.636036
4.831354	1.590548
4.834688	1.546244
4.838021	1.503187
4.841354	1.461439
4.844687	1.421001
4.848021	1.381935
4.851354	1.344241
4.854688	1.308012
4.858021	1.273217
4.861354	1.239857
4.864687	1.207993
4.868021	1.177563
4.871354	1.148568
4.874688	1.121037
4.878021	1.094941
4.881354	1.070248
4.884687	1.047021
4.888021	1.025165
4.891354	1.004712
4.894688	0.9856313
4.898021	0.967891
4.901354	0.9515225
4.904687	0.9364947
4.908021	0.9227764
4.911354	0.9104299
4.914688	0.899424
4.918021	0.8897276
4.921354	0.8814031
4.924687	0.874388
4.928021	0.8687448
4.931354	0.8644111
4.934688	0.8614492
4.938021	0.8597967
4.941354	0.8595161
4.944687	0.8606385
4.948021	0.863164
4.951354	0.8671859
4.954688	0.8727356
4.958021	0.8799066
4.961354	0.8887299
4.964687	0.8993305
4.968021	0.9118017
4.971354	0.9262371
4.974688	0.9427927
4.978021	0.9615618
4.981354	0.9827941
4.984687	1.006583
4.988021	1.03324
4.991354	1.062953
4.994688	1.09597
4.998021	1.132636
5.001354	1.173261
5.004687	1.218219
5.008021	1.267917
5.011354	1.32279
5.014688	1.383401
5.018021	1.450278
5.021354	1.524138
5.024687	1.605638
5.028021	1.695649
5.031354	1.795013
5.034688	1.904666
5.038021	2.025668
5.041354	2.159141
5.044687	2.306333
5.048021	2.46849
5.051354	2.64714
5.054688	2.843811
5.058021	3.060311
5.061354	3.298512
5.064688	3.560501
5.068021	3.848461
5.071354	4.164793
5.074687	4.511898
5.078021	4.892457
5.081354	5.30909
5.084688	5.764601
5.088021	6.261891
5.091354	6.803952
5.094687	7.393934
5.098021	8.035079
5.101354	8.730754
5.104688	9.484483
5.108021	10.2997
5.111354	11.17988
5.114687	12.12847
5.118021	13.14868
5.121354	14.2435
5.124688	15.41576
5.128021	16.66787
5.131354	18.0021
5.134687	19.42033
5.138021	20.92433
5.141354	22.51538
5.144688	24.19453
5.148021	25.96236
5.151354	27.81888
5.154687	29.76349
5.158021	31.79483
5.161354	33.91073
5.164688	36.10809
5.168021	38.38297
5.171354	40.73061
5.174687	43.14545
5.178021	45.62129
5.181354	48.15133
5.184688	50.72819
5.188021	53.34381
5.191354	55.98958
5.194687	58.6563
5.198021	61.33396
5.201354	64.01203
5.204688	66.67915
5.208021	69.32352
5.211354	71.93268
5.214687	74.49415
5.218021	76.99515
5.221354	79.42321
5.224688	81.76599
5.228021	84.01153
5.231354	86.14835
5.234687	88.16554
5.238021	90.05274
5.241354	91.80024
5.244688	93.39889
5.248021	94.84025
5.251354	96.11662
5.254687	97.22113
5.258021	98.14796
5.261354	98.89224
5.264688	99.45039
5.268021	99.82001
5.271354	100
5.274687	99.99055
5.278021	99.79316
5.281354	99.41061
5.284688	98.84676
5.288021	98.10653
5.291354	97.19575
5.294687	96.12117
5.298021	94.89017
5.301354	93.51079
5.304688	91.99177
5.308021	90.34239
5.311354	88.57244
5.314688	86.69219
5.318021	84.71235
5.321354	82.64403
5.324687	80.49851
5.328021	78.28727
5.331354	76.02156
5.334688	73.71251
5.338021	71.37079
5.341354	69.00669
5.344687	66.62989
5.348021	64.24964
5.351354	61.87456
5.354688	59.51276
5.358021	57.17191
5.361354	54.85919
5.364687	52.58129
5.368021	50.34436
5.371354	48.15401
5.374688	46.01501
5.378021	43.9316
5.381354	41.90718
5.384687	39.94449
5.388021	38.04565
5.391354	36.21207
5.394688	34.44478
5.398021	32.74429
5.401354	31.11088
5.404687	29.5444
5.408021	28.04458
5.411354	26.61074
5.414688	25.24193
5.418021	23.93694
5.421354	22.69428
5.424687	21.51225
5.428021	20.38891
5.431354	19.32221
5.434688	18.30999
5.438021	17.35008
5.441354	16.44027
5.444687	15.57848
5.448021	14.76258
5.451354	13.99058
5.454688	13.26042
5.458021	12.57014
5.461354	11.91774
5.464687	11.30132
5.468021	10.71901
5.471354	10.16893
5.474688	9.649415
5.478021	9.158797
5.481354	8.695492
5.484687	8.258095
5.488021	7.845267
5.491354	7.45576
5.494688	7.088327
5.498021	6.741845
5.501354	6.415255
5.504687	6.107435
5.508021	5.817416
5.511354	5.544235
5.514688	5.286922
5.518021	5.044637
5.521354	4.81657
5.524687	4.601878
5.528021	4.399907
5.531354	4.209939
5.534688	4.031382
5.538021	3.863551
5.541354	3.705946
5.544687	3.557944
5.548021	3.419015
5.551354	3.288691
5.554688	3.16641
5.558021	3.051769
5.561354	2.944267
5.564688	2.843562
5.568021	2.749186
5.571354	2.660858
5.574687	2.578205
5.578021	2.500915
5.581354	2.428644
5.584688	2.361081
5.588021	2.297946
5.591354	2.238926
5.594687	2.18371
5.598021	2.132079
5.601354	2.083722
5.604688	2.03842
5.608021	1.995924
5.611354	1.955985
5.614687	1.918447
5.618021	1.88306
5.621354	1.849668
5.624688	1.818085
5.628021	1.788123
5.631354	1.759595
5.634687	1.732408
5.638021	1.706405
5.641354	1.681463
5.644688	1.657487
5.648021	1.634384
5.651354	1.61206
5.654687	1.590454
5.658021	1.569471
5.661354	1.549018
5.664688	1.529064
5.668021	1.509485
5.671354	1.490217
5.674687	1.471136
5.678021	1.452211
5.681354	1.433317
5.684688	1.414454
5.688021	1.395529
5.691354	1.376573
5.694687	1.357523
5.698021	1.33838
5.701354	1.319111
5.704688	1.299812
5.708021	1.280388
5.711354	1.260933
5.714687	1.241447
5.718021	1.22193
5.721354	1.202381
5.724688	1.182832
5.728021	1.163315
5.731354	1.14386
5.734687	1.124436
5.738021	1.105137
5.741354	1.0859
5.744688	1.066788
5.748021	1.0478
5.751354	1.028938
5.754687	1.010262
5.758021	0.9917734
5.761354	0.9735342
5.764688	0.9555757
5.768021	0.9378977
5.771354	0.9205315
5.774687	0.9035395
5.778021	0.8869216
5.781354	0.8706779
5.784688	0.8548394
5.788021	0.8394063
5.791354	0.8243473
5.794687	0.8096936
5.798021	0.7954453
5.801354	0.781571
5.804688	0.7681021
5.808021	0.7550074
5.811354	0.7422867
5.814688	0.7299402
5.818021	0.7179367
5.821354	0.7062761
5.824687	0.6949273
5.828021	0.6839214
5.831354	0.6732273
5.834688	0.6628138
5.838021	0.6527122
5.841354	0.6428599
5.844687	0.6332882
5.848021	0.6239348
5.851354	0.614862
5.854688	0.6060386
5.858021	0.5974335
5.861354	0.5890778
5.864687	0.5809403
5.868021	0.5730523
5.871354	0.5654137
5.874688	0.5579309
5.878021	0.5506665
5.881354	0.5435579
5.884687	0.536574
5.888021	0.5297148
5.891354	0.5229492
5.894688	0.5162771
5.898021	0.5096985
5.901354	0.5032135
5.904687	0.496822
5.908021	0.4905241
5.911354	0.4843196
5.914688	0.4782087
5.918021	0.4722537
5.921354	0.4663923
5.924687	0.4606555
5.928021	0.4550746
5.931354	0.4495873
5.934688	0.4442559
5.938021	0.4390179
5.941354	0.4339047
5.944687	0.4288851
5.948021	0.423959
5.951354	0.419064
5.954688	0.4142314
5.958021	0.40943
5.961354	0.4046597
5.964687	0.3999519
5.968021	0.3953375
5.971354	0.3907855
5.974688	0.3863582
5.978021	0.3820557
5.981354	0.3778778
5.984687	0.3738558
5.988021	0.3699586
5.991354	0.3662172
5.994688	0.3625694
5.998021	0.3590151
6.001354	0.3555543
6.004687	0.3521871
6.008021	0.3488822
6.011354	0.3456709
6.014688	0.3424595
6.018021	0.3393417
6.021354	0.3362551
6.024687	0.3331685
6.028021	0.3301442
6.031354	0.3271511
6.034688	0.3241892
6.038021	0.3212897
6.041354	0.3184213
6.044687	0.3156152
6.048021	0.3129028
6.051354	0.3102838
6.054688	0.3077584
6.058021	0.3053577
6.061354	0.3030193
6.064688	0.3007121
6.068021	0.2984985
6.071354	0.2962849
6.074687	0.2940712
6.078021	0.2918576
6.081354	0.289644
6.084688	0.2873991
6.088021	0.2851543
6.091354	0.2829719
6.094687	0.2807894
6.098021	0.2786693
6.101354	0.2766115
6.104688	0.2746473
6.108021	0.2727143
6.111354	0.2708748
6.114687	0.2690976
6.118021	0.267414
6.121354	0.2657928
6.124688	0.2642962
6.128021	0.262862
6.131354	0.2614902
6.134687	0.2601807
6.138021	0.2589648
6.141354	0.25778
6.144688	0.2566264
6.148021	0.255504
6.151354	0.2543816
6.154687	0.253228
6.158021	0.2520744
6.161354	0.250952
6.164688	0.2498608
6.168021	0.2488007
6.171354	0.2477719
6.174687	0.2468053
6.178021	0.2459012
6.181354	0.2450594
6.184688	0.2442799
6.188021	0.2435628
6.191354	0.2428457
6.194687	0.242191
6.198021	0.2415051
6.201354	0.2408815
6.204688	0.240258
6.208021	0.2396968
6.211354	0.2391667
6.214687	0.2386991
6.218021	0.2382626
6.221354	0.2378884
6.224688	0.2375455
6.228021	0.2372337
6.231354	0.2369219
6.234687	0.2366101
6.238021	0.2362983
6.241354	0.2359242
6.244688	0.2355501
6.248021	0.2351448
6.251354	0.2347706
6.254687	0.2343653
6.258021	0.2339912
6.261354	0.2336482
6.264688	0.2333364
6.268021	0.2330558
6.271354	0.2328064
6.274687	0.2326193
6.278021	0.2324011
6.281354	0.232214
6.284688	0.232027
6.288021	0.2318087
6.291354	0.2315905
6.294687	0.2313099
6.298021	0.2309981
6.301354	0.2306239
6.304688	0.2301563
6.308021	0.2296262
6.311354	0.2290027
6.314688	0.2283168
6.318021	0.2275685
6.321354	0.2267579
6.324687	0.2259161
6.328021	0.2251054
6.331354	0.2242948
6.334688	0.2235465
6.338021	0.2228294
6.341354	0.2222059
6.344687	0.2216135
6.348021	0.2210523
6.351354	0.2205223
6.354688	0.2199922
6.358021	0.2194622
6.361354	0.218901
6.364687	0.2183086
6.368021	0.2176539
6.371354	0.2169368
6.374688	0.2161573
6.378021	0.2153155
6.381354	0.2144114
6.384687	0.2134448
6.388021	0.2124471
6.391354	0.2113871
6.394688	0.210327
6.398021	0.209267
6.401354	0.2082069
6.404687	0.2072092
6.408021	0.2062115
6.411354	0.205245
6.414688	0.2043097
6.418021	0.2033743
6.421354	0.202439
6.424687	0.2014725
6.428021	0.2004748
6.431354	0.1994459
6.434688	0.1983858
6.438021	0.1972634
6.441354	0.1961098
6.444687	0.1949251
6.448021	0.1937403
6.451354	0.1925244
6.454688	0.1913396
6.458021	0.1901548
6.461354	0.1890013
6.464687	0.18791
6.468021	0.1868188
6.471354	0.1857587
6.474688	0.184761
6.478021	0.1837633
6.481354	0.1827968
6.484687	0.1817991
6.488021	0.1808014
6.491354	0.1798037
6.494688	0.1787437
6.498021	0.1776524
6.501354	0.17653
6.504687	0.1753453
6.508021	0.1741605
6.511354	0.1729134
6.514688	0.1716663
6.518021	0.170388
6.521354	0.1691097
6.524687	0.1678626
6.528021	0.1665843
6.531354	0.1653683
6.534688	0.1641524
6.538021	0.1629988
6.541354	0.1618452
6.544687	0.160754
6.548021	0.1596939
6.551354	0.158665
6.554688	0.1576673
6.558021	0.1566696
6.561354	0.1557031
6.564688	0.1547366
6.568021	0.1538324
6.571354	0.1529283
6.574687	0.1520553
6.578021	0.1512447
6.581354	0.150434
6.584688	0.1496234
6.588021	0.1488751
6.591354	0.1480957
6.594687	0.1473162
6.598021	0.1465368
6.601354	0.145695
6.604688	0.144822
6.608021	0.1439178
6.611354	0.1430137
6.614687	0.1421095
6.618021	0.1412053
6.621354	0.1403012
6.624688	0.1394594
6.628021	0.1386176
6.631354	0.1378381
6.634687	0.1370587
6.638021	0.1363727
6.641354	0.1356556
6.644688	0.1350009
6.648021	0.1343462
6.651354	0.1336914
6.654687	0.1330679
6.658021	0.1324443
6.661354	0.1317896
6.664688	0.131166
6.668021	0.1305113
6.671354	0.1299189
6.674687	0.1293265
6.678021	0.1287653
6.681354	0.1282353
6.684688	0.1277364
6.688021	0.1272687
6.691354	0.1268634
6.694687	0.1264581
6.698021	0.1260528
6.701354	0.1256475
6.704688	0.1252422
6.708021	0.1248057
6.711354	0.124338
6.714687	0.1238703
6.718021	0.1234027
6.721354	0.122935
6.724688	0.1224673
6.728021	0.1220308
6.731354	0.1216255
6.734687	0.1212514
6.738021	0.1209396
6.741354	0.120659
6.744688	0.1204096
6.748021	0.1201601
6.751354	0.1199731
6.754687	0.1197548
6.758021	0.1195678
6.761354	0.1193807
6.764688	0.1191936
6.768021	0.1189754
6.771354	0.118726
6.774687	0.1184765
6.778021	0.1181959
6.781354	0.1179153
6.784688	0.1176036
6.788021	0.1172918
6.791354	0.1169488
6.794687	0.116637
6.798021	0.1163253
6.801354	0.1160135
6.804688	0.1157017
6.808021	0.1154211
6.811354	0.1151717
6.814688	0.1149222
6.818021	0.114704
6.821354	0.1145169
6.824687	0.1143299
6.828021	0.1141116
6.831354	0.1139245
6.834688	0.1137063
6.838021	0.1134569
6.841354	0.1131763
6.844687	0.1128645
6.848021	0.1124592
6.851354	0.1120539
6.854688	0.1115862
6.858021	0.1111185
6.861354	0.1106508
6.864687	0.1102144
6.868021	0.1097779
6.871354	0.1093725
6.874688	0.1089984
6.878021	0.1086866
6.881354	0.1083749
6.884687	0.1080943
6.888021	0.1078448
6.891354	0.1075642
6.894688	0.1072524
6.898021	0.1069407
6.901354	0.1065977
6.904687	0.1062236
6.908021	0.1058494
6.911354	0.1054753
6.914688	0.1050388
6.918021	0.1046335
6.921354	0.1042282
6.924687	0.103854
6.928021	0.1034487
6.931354	0.1030746
6.934688	0.1027005
6.938021	0.1023263
6.941354	0.101921
6.944687	0.1015157
6.948021	0.1011104
6.951354	0.1006739
6.954688	0.1002374
6.958021	0.0998009
6.961354	0.0993644
6.964687	0.09892791
6.968021	0.0985226
6.971354	0.09814846
6.974688	0.09777432
6.978021	0.09746254
6.981354	0.09711959
6.984687	0.09683898
6.988021	0.09655838
6.991354	0.09630896
6.994688	0.09605953
6.998021	0.09581011
7.001354	0.09552951
7.004687	0.09528008
7.008021	0.0949683
7.011354	0.09462534
7.014688	0.09422003
7.018021	0.09378354
7.021354	0.09331587
7.024687	0.09281702
7.028021	0.09228699
7.031354	0.09172579
7.034688	0.0911334
7.038021	0.0905722
7.041354	0.08997982
7.044687	0.08935626
7.048021	0.08876387
7.051354	0.08814031
7.054688	0.08751675
7.058021	0.08689319
7.061354	0.08623845
7.064688	0.08555253
7.068021	0.08486662
7.071354	0.08414952
7.074687	0.08337007
7.078021	0.08249709
7.081354	0.08159292
7.084688	0.08059522
7.088021	0.07950399
7.091354	0.07838158
7.094687	0.07716564
7.098021	0.07588734
7.101354	0.07457786
7.104688	0.07326839
7.108021	0.07195891
7.111354	0.07071179
7.114687	0.06952702
7.118021	0.06840461
7.121354	0.06743809
7.124688	0.06662747
7.128021	0.06600391
7.131354	0.06562977
7.134687	0.06556741
7.138021	0.06584802
7.141354	0.06650275
7.144688	0.06759399
7.148021	0.06918406
7.151354	0.07133535
7.154687	0.07407901
7.158021	0.0775086
7.161354	0.0816241
7.164688	0.08651905
7.168021	0.09222463
7.171354	0.0988032
7.174687	0.1063171
7.178021	0.1148287
7.181354	0.1243692
7.184688	0.1350321
7.188021	0.1468174
7.191354	0.1597563
7.194687	0.1738799
7.198021	0.1892195
7.201354	0.2057127
7.204688	0.2233906
7.208021	0.2421598
7.211354	0.2619579
7.214687	0.2826913
7.218021	0.3042041
7.221354	0.3263717
7.224688	0.3490069
7.228021	0.3719228
7.231354	0.394901
7.234687	0.4177857
7.238021	0.4402962
7.241354	0.4623391
7.244688	0.4836961
7.248021	0.5042424
7.251354	0.5238534
7.254687	0.5424355
7.258021	0.5598952
7.261354	0.5761701
7.264688	0.5911979
7.268021	0.6048851
7.271354	0.617138
7.274687	0.6279256
7.278021	0.6371543
7.281354	0.6447618
7.284688	0.6506544
7.288021	0.6547699
7.291354	0.6570771
7.294687	0.6575448
7.298021	0.6561417
7.301354	0.6529304
7.304688	0.6479107
7.308021	0.6411451
7.311354	0.6327582
7.314688	0.6227812
7.318021	0.6114013
7.321354	0.598743
7.324687	0.5849623
7.328021	0.5701839
7.331354	0.5546572
7.334688	0.5384759
7.338021	0.5218268
7.341354	0.504866
7.344687	0.487718
7.348021	0.4704454
7.351354	0.4532039
7.354688	0.4360249
7.358021	0.4190016
7.361354	0.4021655
7.364687	0.3855788
7.368021	0.3693039
7.371354	0.3533718
7.374688	0.337814
7.378021	0.3226927
7.381354	0.308039
7.384687	0.2939154
7.388021	0.2803529
7.391354	0.2673517
7.394688	0.2550052
7.398021	0.2432822
7.401354	0.232214
7.404687	0.2218006
7.408021	0.2120418
7.411354	0.2028755
7.414688	0.1943639
7.418021	0.1864447
7.421354	0.1791178
7.424687	0.172321
7.428021	0.1660542
7.431354	0.1602551
7.434688	0.1549548
7.438021	0.1500599
7.441354	0.1456014
7.444687	0.1414859
7.448021	0.1376822
7.451354	0.1341903
7.454688	0.1309166
7.458021	0.1278923
7.461354	0.1250239
7.464687	0.1223738
7.468021	0.1198795
7.471354	0.1175724
7.474688	0.1154523
7.478021	0.1134881
7.481354	0.1117421
7.484687	0.1102144
7.488021	0.1089049
7.491354	0.1077825
7.494688	0.1068471
7.498021	0.1060677
7.501354	0.1054129
7.504687	0.1048517
7.508021	0.1043529
7.511354	0.1039164
7.514688	0.1034487
7.518021	0.1029499
7.521354	0.102451
7.524687	0.1018898
7.528021	0.1012974
7.531354	0.1006427
7.534688	0.09995679
7.538021	0.09923969
7.541354	0.09855378
7.544687	0.09783668
7.548021	0.09715076
7.551354	0.09649603
7.554688	0.09587246
7.558021	0.09531126
7.561354	0.09478123
7.564688	0.09431356
7.568021	0.09390825
7.571354	0.09353411
7.574687	0.09315998
7.578021	0.09281702
7.581354	0.09244288
7.584688	0.09200639
7.588021	0.09150754
7.591354	0.09094634
7.594687	0.0902916
7.598021	0.0895745
7.601354	0.08879505
7.604688	0.0880156
7.608021	0.08723615
7.611354	0.08648788
7.614687	0.08580196
7.618021	0.0851784
7.621354	0.08461719
7.624688	0.08414952
7.628021	0.08368185
7.631354	0.08324536
7.634687	0.08284005
7.638021	0.08246591
7.641354	0.0820606
7.644688	0.08168646
7.648021	0.08128114
7.651354	0.08093818
7.654687	0.08056405
7.658021	0.08025227
7.661354	0.07990931
7.664688	0.07959753
7.668021	0.07925457
7.671354	0.07894279
7.674687	0.07859983
7.678021	0.07828805
7.681354	0.07797627
7.684688	0.07766449
7.688021	0.07744624
7.691354	0.07725917
7.694687	0.07710328
7.698021	0.07700975
7.701354	0.07697857
7.704688	0.07694739
7.708021	0.07688504
7.711354	0.0767915
7.714687	0.07666679
7.718021	0.07644855
7.721354	0.07616794
7.724688	0.07579381
7.728021	0.07535731
7.731354	0.07488964
7.734687	0.07442197
7.738021	0.07392312
7.741354	0.07348663
7.744688	0.07308132
7.748021	0.07273836
7.751354	0.07245776
7.754687	0.07223951
7.758021	0.07208362
7.761354	0.07199009
7.764688	0.07199009
7.768021	0.07202127
7.771354	0.0721148
7.774687	0.07220833
7.778021	0.07227069
7.781354	0.07233305
7.784688	0.07233305
7.788021	0.07230187
7.791354	0.07217716
7.794687	0.07202127
7.798021	0.07177184
7.801354	0.07149124
7.804688	0.07117946
7.808021	0.0708365
7.811354	0.07049354
7.814688	0.07018176
7.818021	0.0698388
7.821354	0.06952702
7.824687	0.06918406
7.828021	0.06887228
7.831354	0.06859168
7.834688	0.06831108
7.838021	0.06806166
7.841354	0.06787459
7.844687	0.06774988
7.848021	0.06765634
7.851354	0.06762516
7.854688	0.06762516
7.858021	0.06768752
7.861354	0.06774988
7.864687	0.06784341
7.868021	0.06790577
7.871354	0.06796812
7.874688	0.0679993
7.878021	0.06803048
7.881354	0.06803048
7.884687	0.0679993
7.888021	0.06793694
7.891354	0.06784341
7.894688	0.0677187
7.898021	0.06759399
7.901354	0.06743809
7.904687	0.06725103
7.908021	0.06706396
7.911354	0.06687689
7.914688	0.06665864
7.918021	0.0664404
7.921354	0.06622215
7.924687	0.06597273
7.928021	0.0657233
7.931354	0.0654427
7.934688	0.06519328
7.938021	0.06494385
7.941354	0.06472561
7.944687	0.06453854
7.948021	0.06441383
7.951354	0.06438265
7.954688	0.06438265
7.958021	0.06447618
7.961354	0.06460089
7.964687	0.06478796
7.968021	0.06497503
7.971354	0.06519328
7.974688	0.0654427
7.978021	0.06566095
7.981354	0.06584802
7.984687	0.06600391
7.988021	0.06609744
7.991354	0.06612862
7.994688	0.06609744
7.998021	0.06597273
8.001354	0.06578566
8.004687	0.06553623
8.00802	0.06525563
8.011354	0.06500621
8.014688	0.06472561
8.018021	0.06453854
8.021354	0.06441383
8.024688	0.06435147
8.028021	0.06438265
8.031354	0.06447618
8.034687	0.06463207
8.038021	0.06478796
8.041354	0.06494385
8.044687	0.06506856
8.04802	0.06509974
8.051354	0.06506856
8.054688	0.06494385
8.058021	0.06469443
8.061355	0.06438265
8.064688	0.06394616
8.068021	0.06347848
8.071354	0.06297964
8.074688	0.06248079
8.078021	0.06198194
8.081354	0.06154545
8.084687	0.06117131
8.088021	0.06089071
8.091354	0.06070364
8.094687	0.06057893
8.098021	0.06054775
8.101355	0.06051657
8.104688	0.06048539
8.108021	0.06045421
8.111354	0.06039186
8.114688	0.06023597
8.118021	0.0600489
8.121354	0.05983065
8.124687	0.05955005
8.128021	0.05926945
8.131354	0.05895767
8.134687	0.05870824
8.138021	0.05849
8.141355	0.05833411
8.144688	0.05820939
8.148021	0.05811586
8.151354	0.05799115
8.154688	0.05789761
8.158021	0.0577729
8.161354	0.05761701
8.164687	0.05742994
8.168021	0.05727405
8.171354	0.05708699
8.174687	0.0569311
8.17802	0.05680638
8.181355	0.05671285
8.184688	0.05665049
8.188021	0.05658814
8.191354	0.05652578
8.194688	0.05643225
8.198021	0.05630754
8.201354	0.05615165
8.204687	0.0559334
8.208021	0.05568397
8.211354	0.05540337
8.214687	0.05515395
8.21802	0.05490452
8.221354	0.0546551
8.224688	0.05440568
8.228021	0.05415625
8.231354	0.053938
8.234688	0.05368858
8.238021	0.05347033
8.241354	0.05328327
8.244687	0.05306502
8.248021	0.05290913
8.251354	0.05275324
8.254687	0.05265971
8.25802	0.05259735
8.261354	0.05256617
8.264688	0.05256617
8.268021	0.05259735
8.271354	0.05256617
8.274688	0.05253499
8.278021	0.05250382
8.281354	0.05241028
8.284687	0.05228557
8.288021	0.05212968
8.291354	0.05197379
8.294687	0.0518179
8.29802	0.05166201
8.301354	0.05156847
8.304688	0.05150612
8.308021	0.05147494
8.311355	0.0515373
8.314688	0.05163083
8.318021	0.05178672
8.321354	0.05197379
8.324688	0.05222321
8.328021	0.05247264
8.331354	0.05272206
8.334687	0.05297149
8.338021	0.05318973
8.341354	0.05340798
8.344687	0.05359505
8.348021	0.05371976
8.351355	0.05384447
8.354688	0.053938
8.358021	0.05400036
8.361354	0.05403154
8.364688	0.05400036
8.368021	0.05396918
8.371354	0.05387565
8.374687	0.05378211
8.378021	0.05368858
8.381354	0.05359505
8.384687	0.05350151
8.388021	0.0533768
8.391355	0.05328327
8.394688	0.05315855
8.398021	0.05300266
8.401354	0.05284677
8.404688	0.05262853
8.408021	0.05241028
8.411354	0.05216086
8.414687	0.05194261
8.418021	0.05172436
8.421354	0.0515373
8.424687	0.05138141
8.42802	0.05128787
8.431355	0.05122551
8.434688	0.05125669
8.438021	0.05128787
8.441354	0.05135023
8.444688	0.05141258
8.448021	0.05144376
8.451354	0.05147494
8.454687	0.05147494
8.458021	0.05141258
8.461354	0.05135023
8.464687	0.05122551
8.46802	0.05106962
8.471354	0.05091373
8.474688	0.05078902
8.478021	0.05066431
8.481354	0.05060195
8.484688	0.05060195
8.488021	0.05063313
8.491354	0.05069549
8.494687	0.05078902
8.498021	0.05091373
8.501354	0.05103845
8.504687	0.05116316
8.50802	0.05122551
8.511354	0.05125669
8.514688	0.05122551
8.518021	0.05119434
8.521354	0.05113198
8.524688	0.05106962
8.528021	0.05100727
8.531354	0.05094491
8.534687	0.05088256
8.538021	0.0508202
8.541354	0.05072667
8.544687	0.05063313
8.54802	0.0505396
8.551354	0.05038371
8.554688	0.050259
8.558021	0.05010311
8.561355	0.05000957
8.564688	0.04991604
8.568021	0.04988486
8.571354	0.04988486
8.574688	0.04991604
8.578021	0.04997839
8.581354	0.05000957
8.584687	0.05004075
8.588021	0.05004075
8.591354	0.05000957
8.594687	0.04991604
8.598021	0.0498225
8.601355	0.04972897
8.604688	0.04966661
8.608021	0.04963544
8.611354	0.04966661
8.614688	0.04972897
8.618021	0.04985368
8.621354	0.04997839
8.624687	0.05010311
8.628021	0.050259
8.631354	0.05035253
8.634687	0.05038371
8.638021	0.05041489
8.641355	0.05035253
8.644688	0.05029017
8.648021	0.05019664
8.651354	0.05010311
8.654688	0.05000957
8.658021	0.04994722
8.661354	0.04991604
8.664687	0.04988486
8.668021	0.04988486
8.671354	0.04991604
8.674687	0.04991604
8.67802	0.04997839
8.681355	0.05000957
8.684688	0.05007193
8.688021	0.05013428
8.691354	0.05022782
8.694688	0.05035253
8.698021	0.0505396
8.701354	0.05075784
8.704687	0.05097609
8.708021	0.05122551
8.711354	0.05144376
8.714687	0.05159965
8.71802	0.05172436
8.721354	0.05178672
8.724688	0.05175554
8.728021	0.05163083
8.731354	0.05147494
8.734688	0.05125669
8.738021	0.05106962
8.741354	0.05091373
8.744687	0.05078902
8.748021	0.05072667
8.751354	0.05069549
8.754687	0.05069549
8.75802	0.05069549
8.761354	0.05066431
8.764688	0.05060195
8.768021	0.05044606
8.771354	0.050259
8.774688	0.04997839
8.778021	0.04969779
8.781354	0.04941719
8.784687	0.04913659
8.788021	0.04894952
8.791354	0.04879363
8.794687	0.04870009
8.79802	0.04863774
8.801354	0.04866892
8.804688	0.04873127
8.808021	0.04882481
8.811355	0.04894952
8.814688	0.04907423
8.818021	0.04913659
8.821354	0.04919894
8.824688	0.04923012
8.828021	0.04916777
8.831354	0.04907423
8.834687	0.04885598
8.838021	0.04857538
8.841354	0.0482636
8.844687	0.04792064
8.848021	0.04754651
8.851355	0.04723473
8.854688	0.04695412
8.858021	0.04673588
8.861354	0.04661117
8.864688	0.04657999
8.868021	0.04661117
8.871354	0.04667352
8.874687	0.04676706
8.878021	0.04689177
8.881354	0.0469853
8.884687	0.04704766
8.888021	0.04707884
8.891355	0.04707884
8.894688	0.04707884
8.898021	0.04704766
8.901354	0.04701648
8.904688	0.04695412
8.908021	0.04686059
8.911354	0.04679823
8.914687	0.0467047
8.918021	0.04661117
8.921354	0.04648645
8.924687	0.04639292
8.92802	0.04629939
8.931355	0.04620585
8.934688	0.0461435
8.938021	0.04611232
8.941354	0.04611232
8.944688	0.04611232
8.948021	0.04611232
8.951354	0.0461435
8.954687	0.04620585
8.958021	0.04626821
8.961354	0.04633056
8.964687	0.04639292
8.96802	0.0464241
8.971354	0.0464241
8.974688	0.0464241
8.978021	0.04636174
8.981354	0.04626821
8.984688	0.04611232
8.988021	0.04595643
8.991354	0.04583171
8.994687	0.045707
8.998021	0.04564465
9.001354	0.04567582
9.004687	0.04573818
9.00802	0.04586289
9.011354	0.04604996
9.014688	0.04626821
9.018021	0.04645528
9.021354	0.04657999
9.024688	0.04664234
9.028021	0.04664234
9.031354	0.04654881
9.034687	0.0464241
9.038021	0.04623703
9.041354	0.04601878
9.044687	0.04580054
9.04802	0.04561347
9.051354	0.04545758
9.054688	0.04533287
9.058021	0.04527051
9.061355	0.04523933
9.064688	0.04520815
9.068021	0.04520815
9.071354	0.04517698
9.074688	0.04517698
9.078021	0.04517698
9.081354	0.0451458
9.084687	0.04511462
9.088021	0.04508344
9.091354	0.04505226
9.094687	0.04498991
9.098021	0.04492755
9.101355	0.04483402
9.104688	0.04474048
9.108021	0.04461577
9.111354	0.04449106
9.114688	0.04436635
9.118021	0.04427281
9.121354	0.04421046
9.124687	0.04417928
9.128021	0.0441481
9.131354	0.0441481
9.134687	0.04417928
9.138021	0.04417928
9.141355	0.0441481
9.144688	0.04405457
9.148021	0.04392986
9.151354	0.04377396
9.154688	0.0435869
9.158021	0.04343101
9.161354	0.04327512
9.164687	0.04318158
9.168021	0.04311923
9.171354	0.0431504
9.174687	0.04321276
9.17802	0.04333747
9.181355	0.04352454
9.184688	0.04368043
9.188021	0.0438675
9.191354	0.04402339
9.194688	0.0441481
9.198021	0.04427281
9.201354	0.04439753
9.204687	0.04445988
9.208021	0.04449106
9.211354	0.04452224
9.214687	0.04449106
9.21802	0.04439753
9.221354	0.04430399
9.224688	0.0441481
9.228021	0.04396103
9.231354	0.04374279
9.234688	0.04349336
9.238021	0.04324394
9.241354	0.04299451
9.244687	0.04283862
9.248021	0.04271391
9.251354	0.04265156
9.254687	0.04265156
9.25802	0.04268273
9.261354	0.04277627
9.264688	0.04290098
9.268021	0.04299451
9.271354	0.04305687
9.274688	0.04305687
9.278021	0.04302569
9.281354	0.04293216
9.284687	0.04280745
9.288021	0.04265156
9.291354	0.04252684
9.294687	0.04237095
9.29802	0.04224624
9.301354	0.04218388
9.304688	0.04212153
9.308021	0.04212153
9.311355	0.04212153
9.314688	0.04215271
9.318021	0.04218388
9.321354	0.04224624
9.324688	0.04233978
9.328021	0.04246449
9.331354	0.04262038
9.334687	0.04283862
9.338021	0.04311923
9.341354	0.04336865
9.344687	0.04364925
9.348021	0.04392986
9.351355	0.04411692
9.354688	0.04427281
9.358021	0.04436635
9.361354	0.04436635
9.364688	0.04433517
9.368021	0.04421046
9.371354	0.04408575
9.374687	0.04396103
9.378021	0.04383632
9.381354	0.04371161
9.384687	0.04364925
9.388021	0.04361807
9.391355	0.04361807
9.394688	0.04364925
9.398021	0.04368043
9.401354	0.04371161
9.404688	0.04374279
9.408021	0.04377396
9.411354	0.04377396
9.414687	0.04374279
9.418021	0.04371161
9.421354	0.04364925
9.424687	0.04361807
9.42802	0.0435869
9.431355	0.0435869
9.434688	0.0435869
9.438021	0.04361807
9.441354	0.04361807
9.444688	0.04364925
9.448021	0.04361807
9.451354	0.0435869
9.454687	0.04352454
9.458021	0.04346218
9.461354	0.04339983
9.464687	0.04333747
9.46802	0.04327512
9.471354	0.04324394
9.474688	0.04324394
9.478021	0.04327512
9.481354	0.04333747
9.484688	0.04343101
9.488021	0.04352454
9.491354	0.04364925
9.494687	0.04374279
9.498021	0.04380514
9.501354	0.0438675
9.504687	0.04389868
9.50802	0.04392986
9.511354	0.04392986
9.514688	0.04392986
9.518021	0.04392986
9.521354	0.04392986
9.524688	0.04392986
9.528021	0.04392986
9.531354	0.04396103
9.534687	0.04396103
9.538021	0.04396103
9.541354	0.04392986
9.544687	0.04389868
9.54802	0.0438675
9.551354	0.04380514
9.554688	0.04374279
9.558021	0.04364925
9.561355	0.04355572
9.564688	0.04343101
9.568021	0.04330629
9.571354	0.04321276
9.574688	0.04308805
9.578021	0.04299451
9.581354	0.04293216
9.584687	0.0428698
9.588021	0.0428698
9.591354	0.04293216
9.594687	0.04302569
9.598021	0.0431504
9.601355	0.04327512
9.604688	0.04343101
9.608021	0.0435869
9.611354	0.04371161
9.614688	0.04380514
9.618021	0.0438675
9.621354	0.04392986
9.624687	0.04396103
9.628021	0.04396103
9.631354	0.04396103
9.634687	0.04402339
9.638021	0.04405457
9.641355	0.0441481
9.644688	0.04421046
9.648021	0.04430399
9.651354	0.04433517
9.654688	0.04436635
9.658021	0.04430399
9.661354	0.04421046
9.664687	0.04405457
9.668021	0.0438675
9.671354	0.04364925
9.674687	0.04343101
9.67802	0.04324394
9.681355	0.04305687
9.684688	0.04293216
9.688021	0.04283862
9.691354	0.04277627
9.694688	0.04274509
9.698021	0.04271391
9.701354	0.04271391
9.704687	0.04271391
9.708021	0.04271391
9.711354	0.04268273
9.714687	0.04268273
9.71802	0.04265156
9.721354	0.04262038
9.724688	0.0425892
9.728021	0.04252684
9.731354	0.04246449
9.734688	0.04240213
9.738021	0.04233978
9.741354	0.0423086
9.744687	0.0423086
9.748021	0.04237095
9.751354	0.04249567
9.754687	0.04268273
9.75802	0.04293216
9.761354	0.04321276
9.764688	0.04352454
9.768021	0.04380514
9.771354	0.04405457
9.774688	0.04424164
9.778021	0.04433517
9.781354	0.04436635
9.784687	0.04430399
9.788021	0.04417928
9.791354	0.04405457
9.794687	0.04392986
9.79802	0.0438675
9.801354	0.04383632
9.804688	0.04389868
9.808021	0.04399221
9.811355	0.04411692
9.814688	0.04427281
9.818021	0.0444287
9.821354	0.04455342
9.824688	0.04461577
9.828021	0.04461577
9.831354	0.04452224
9.834687	0.04439753
9.838021	0.04421046
9.841354	0.04399221
9.844687	0.04374279
9.848021	0.04349336
9.851355	0.04327512
9.854688	0.04305687
9.858021	0.04283862
9.861354	0.04268273
9.864688	0.04252684
9.868021	0.04243331
9.871354	0.04233978
9.874687	0.04227742
9.878021	0.04224624
9.881354	0.04224624
9.884687	0.04224624
9.888021	0.0423086
9.891355	0.04240213
9.894688	0.04249567
9.898021	0.0425892
9.901354	0.04271391
9.904688	0.04280745
9.908021	0.04293216
9.911354	0.04299451
9.914687	0.04305687
9.918021	0.04311923
9.921354	0.04311923
9.924687	0.0431504
9.92802	0.04311923
9.931355	0.04308805
9.934688	0.04302569
9.938021	0.04296334
9.941354	0.04293216
9.944688	0.04290098
9.948021	0.04283862
9.951354	0.04280745
9.954687	0.04280745
9.958021	0.04277627
9.961354	0.04277627
9.964687	0.04277627
9.96802	0.04277627
9.971354	0.04274509
9.974688	0.04268273
9.978021	0.04262038
9.981354	0.04252684
9.984688	0.04240213
9.988021	0.04227742
9.991354	0.04215271
9.994687	0.04202799
9.998021	0.04193446
}
[PEAK]
{
Peak ID	1
Peak Ref	1
Time	3.313508
Peak	2.881354	4.078021
Intensity	-7.861853e-05	0.0001434684
Height	0.0005080064
AreaAbs	172.3282
Area %BP	0.00717065
Area %Total	0.006846884
Width	1.196667
}
[PEAK]
{
Peak ID	2
Peak Ref	2
Time	4.698367
Peak	4.078021	4.941354
Intensity	-7.861853e-05	0.0001434684
Height	0.006053979
AreaAbs	1647.323
Area %BP	0.06854582
Area %Total	0.06545086
Width	0.8633332
}
[PEAK]
{
Peak ID	3
Peak Ref	3
Time	5.272863
Peak	4.941354	6.221354
Intensity	-7.861853e-05	0.0001434684
Height	0.1910761
AreaAbs	40054.06
Area %BP	1.666667
Area %Total	1.591414
Width	1.28
}
[PEAK]
{
Peak ID	4
Peak Ref	4
Time	6.221354
Peak	6.221354	6.798021
Intensity	-7.861853e-05	0.0001434684
Height	0.0002650973
AreaAbs	74.37347
Area %BP	0.003094712
Area %Total	0.002954981
Width	0.5766668
}
}
}
}
