[SAMPLE]
{
Sample	1
Well	2
FileName	
SampleID	CBS202507-RM01
SampleDescription	Aquired with Galaxy
Date	23-Mar-2026
Time	18:27:14 PRC
JobCode	
TaskCode	
UserName	Congcong_Liu2
LabName	Aquired with Galaxy
Instrument	BAD_L_15_101
Conditions	
Submitter	Jinxue_Shen
SampleType	
Plate	
Method	
Process	Galaxy
MSTune	
MSMethod	
InletMethod	
PreRunMethod	
PostRunMethod	
SwitchMethod	
FractionMethod	
AcquisitionProcess	
AcquisitionProcessParameters	
AcquisitionProcessOptions	
InjectionVolume	25
ReportScheme	
SampleReportEnable	0
SampleReportFormat	
AnalysisTime	0
[COMPOUND]
{
;Mono Mass	Formula
}
[FUNCTION]
{
Function	1
IonMode	ES+
Type	MS
Description	(0:0)
[SPECTRUM]
{
ProcDesc	0.00:Combine
State	OK
Peak ID	0
Peak Ref	0
Time	0
TIC	0
BPI	0
BPM	0
Continuum	FALSE
Saved	FALSE
[MASSES]
{
;Mass	Exp. Mass	Obs. Mass	% BPI	Int. Abs
}
[RESULTS]
{
;Mass	Found	% BPI	% Purity
}
[MS]
{
;Mass	% BPI
0	0
}
}
[CHROMATOGRAM]
{
TraceNumber	1
Description	scroll down chrom view to see 2D LC chrom
ProcDesc	
MaxIntensity	0
[TRACE]
{
0	0
}
[PEAK]
{
Peak ID	0
Peak Ref	0
Time	0
Peak	0
Intensity	0	0
Height	0
AreaAbs	0
Area %BP	0
Area %Total	0
}
}
}
[FUNCTION]
{
Function	0
Description	ANALOG
[CHROMATOGRAM]
{
TraceNumber	2
Description	LC
ProcDesc	Result Id:3285, VWD: Signal A, 280 nm
MaxIntensity	0.2992321
[TRACE]
{
;Time	Int. %Max
0.0028125	0.00772865
0.006145834	0.007788408
0.009479167	0.007808327
0.0128125	0.007788408
0.01614583	0.007748569
0.01947917	0.007668893
0.0228125	0.007569297
0.02614583	0.007449781
0.02947917	0.007310347
0.0328125	0.007170913
0.03614583	0.007031478
0.03947917	0.006892044
0.0428125	0.006772529
0.04614583	0.006653013
0.04947917	0.006553417
0.0528125	0.006473741
0.05614583	0.006413983
0.05947917	0.006374144
0.0628125	0.006354225
0.06614583	0.006354225
0.06947917	0.006374144
0.0728125	0.006413983
0.07614584	0.006453821
0.07947917	0.006513579
0.0828125	0.006553417
0.08614583	0.006593256
0.08947916	0.006633094
0.0928125	0.006672933
0.09614583	0.006692852
0.09947917	0.006752609
0.1028125	0.006812367
0.1061458	0.006892044
0.1094792	0.007011559
0.1128125	0.007150993
0.1161458	0.007330266
0.1194792	0.007549377
0.1228125	0.007788408
0.1261458	0.008047357
0.1294792	0.008326226
0.1328125	0.008625014
0.1361458	0.008903883
0.1394792	0.009182752
0.1428125	0.009441701
0.1461458	0.009700651
0.1494792	0.009919762
0.1528125	0.01011895
0.1561458	0.01027831
0.1594792	0.01039782
0.1628125	0.01051734
0.1661458	0.01059701
0.1694792	0.01067669
0.1728125	0.01075637
0.1761458	0.01081613
0.1794792	0.01087588
0.1828125	0.01093564
0.1861458	0.01097548
0.1894792	0.01103524
0.1928125	0.01107508
0.1961458	0.01111491
0.1994792	0.01111491
0.2028125	0.01111491
0.2061458	0.01109499
0.2094792	0.01107508
0.2128125	0.01103524
0.2161458	0.01097548
0.2194792	0.01091572
0.2228125	0.01085596
0.2261458	0.01079621
0.2294792	0.01073645
0.2328125	0.01067669
0.2361458	0.01061693
0.2394792	0.01055718
0.2428125	0.0104775
0.2461458	0.01039782
0.2494792	0.01031815
0.2528125	0.01023847
0.2561458	0.01013887
0.2594792	0.0100592
0.2628125	0.009999439
0.2661458	0.009939681
0.2694792	0.009899843
0.2728125	0.009879924
0.2761458	0.009860004
0.2794792	0.009860004
0.2828125	0.009840085
0.2861458	0.009820166
0.2894792	0.009800247
0.2928125	0.009740489
0.2961458	0.009660812
0.2994792	0.009581136
0.3028125	0.00948154
0.3061458	0.009381944
0.3094792	0.009282348
0.3128125	0.009202671
0.3161458	0.009142913
0.3194792	0.009122994
0.3228125	0.009103075
0.3261458	0.009103075
0.3294792	0.009122994
0.3328125	0.009142913
0.3361458	0.009162832
0.3394792	0.009182752
0.3428125	0.009182752
0.3461458	0.009182752
0.3494792	0.009182752
0.3528125	0.009162832
0.3561458	0.009122994
0.3594792	0.009103075
0.3628125	0.009083156
0.3661458	0.009083156
0.3694792	0.009063236
0.3728125	0.009083156
0.3761458	0.009103075
0.3794792	0.009122994
0.3828125	0.009162832
0.3861458	0.009182752
0.3894792	0.00922259
0.3928125	0.009242509
0.3961458	0.00922259
0.3994792	0.009182752
0.4028125	0.009122994
0.4061458	0.009043317
0.4094792	0.008943721
0.4128125	0.008844125
0.4161458	0.00872461
0.4194792	0.008585176
0.4228125	0.008465661
0.4261458	0.008366065
0.4294792	0.008266469
0.4328125	0.008186792
0.4361458	0.008127034
0.4394792	0.008067277
0.4428125	0.008007519
0.4461458	0.007967681
0.4494792	0.007927842
0.4528125	0.007907923
0.4561458	0.007888004
0.4594792	0.007868085
0.4628125	0.007848165
0.4661458	0.007848165
0.4694792	0.007848165
0.4728125	0.007848165
0.4761458	0.007848165
0.4794792	0.007848165
0.4828125	0.007868085
0.4861458	0.007868085
0.4894792	0.007888004
0.4928125	0.007888004
0.4961458	0.007868085
0.4994792	0.007828246
0.5028125	0.007808327
0.5061458	0.007788408
0.5094792	0.007768489
0.5128125	0.007788408
0.5161458	0.007808327
0.5194792	0.007848165
0.5228125	0.007927842
0.5261458	0.008007519
0.5294791	0.008107115
0.5328125	0.008186792
0.5361458	0.008266469
0.5394792	0.008306307
0.5428125	0.008326226
0.5461459	0.008306307
0.5494792	0.008266469
0.5528125	0.008206711
0.5561458	0.008146953
0.5594792	0.008087196
0.5628125	0.008027438
0.5661458	0.0079876
0.5694792	0.007947761
0.5728125	0.007927842
0.5761458	0.007888004
0.5794792	0.007848165
0.5828125	0.007768489
0.5861458	0.007688812
0.5894791	0.007589216
0.5928125	0.007469701
0.5961458	0.007330266
0.5994791	0.007210751
0.6028125	0.007091236
0.6061459	0.00699164
0.6094792	0.006911963
0.6128125	0.006872125
0.6161458	0.006832286
0.6194792	0.006832286
0.6228125	0.006852205
0.6261458	0.006911963
0.6294792	0.006971721
0.6328125	0.007051397
0.6361458	0.007131074
0.6394792	0.007210751
0.6428125	0.007290428
0.6461458	0.007370105
0.6494792	0.007449781
0.6528125	0.007529458
0.6561458	0.007569297
0.6594791	0.007609135
0.6628125	0.007629054
0.6661459	0.007648973
0.6694792	0.007648973
0.6728125	0.007629054
0.6761459	0.007589216
0.6794792	0.007529458
0.6828125	0.007449781
0.6861458	0.007370105
0.6894792	0.007290428
0.6928125	0.007210751
0.6961458	0.007170913
0.6994792	0.007131074
0.7028125	0.007150993
0.7061458	0.007170913
0.7094792	0.00723067
0.7128125	0.007310347
0.7161458	0.007390024
0.7194791	0.007469701
0.7228125	0.007529458
0.7261458	0.007569297
0.7294792	0.007589216
0.7328125	0.007589216
0.7361459	0.007589216
0.7394792	0.007569297
0.7428125	0.007549377
0.7461458	0.007549377
0.7494792	0.007569297
0.7528125	0.007569297
0.7561458	0.007589216
0.7594792	0.007609135
0.7628125	0.007629054
0.7661458	0.007609135
0.7694792	0.007589216
0.7728125	0.007549377
0.7761458	0.00748962
0.7794791	0.007390024
0.7828125	0.007290428
0.7861458	0.007190832
0.7894792	0.007071317
0.7928125	0.006951801
0.7961459	0.006872125
0.7994792	0.006812367
0.8028125	0.006772529
0.8061458	0.006772529
0.8094792	0.006792448
0.8128125	0.006852205
0.8161458	0.006931882
0.8194792	0.007031478
0.8228125	0.007131074
0.8261458	0.00723067
0.8294792	0.007310347
0.8328125	0.007370105
0.8361458	0.007429862
0.8394791	0.007449781
0.8428125	0.007449781
0.8461458	0.007429862
0.8494791	0.007390024
0.8528125	0.007350185
0.8561459	0.007310347
0.8594792	0.007250589
0.8628125	0.007190832
0.8661458	0.007131074
0.8694792	0.007071317
0.8728125	0.007031478
0.8761458	0.006971721
0.8794792	0.006911963
0.8828125	0.006852205
0.8861458	0.006772529
0.8894792	0.006692852
0.8928125	0.006593256
0.8961458	0.006513579
0.8994792	0.006433902
0.9028125	0.006354225
0.9061458	0.006294467
0.9094791	0.00623471
0.9128125	0.006174952
0.9161459	0.006135114
0.9194792	0.006115194
0.9228125	0.006075356
0.9261459	0.006035518
0.9294792	0.006015598
0.9328125	0.006015598
0.9361458	0.006035518
0.9394792	0.006075356
0.9428125	0.006155033
0.9461458	0.006294467
0.9494792	0.006453821
0.9528125	0.006653013
0.9561458	0.006852205
0.9594792	0.007071317
0.9628125	0.007270509
0.9661458	0.007449781
0.9694791	0.007569297
0.9728125	0.007648973
0.9761458	0.007688812
0.9794792	0.007668893
0.9828125	0.007609135
0.9861459	0.007529458
0.9894792	0.007429862
0.9928125	0.007310347
0.9961458	0.007210751
0.9994792	0.007111155
1.002813	0.007011559
1.006146	0.006931882
1.009479	0.006852205
1.012812	0.006792448
1.016146	0.006712771
1.019479	0.006633094
1.022812	0.006553417
1.026146	0.00649366
1.029479	0.006433902
1.032812	0.006374144
1.036146	0.006334306
1.039479	0.006314386
1.042812	0.006314386
1.046146	0.006314386
1.049479	0.006334306
1.052812	0.006374144
1.056146	0.006413983
1.059479	0.006453821
1.062812	0.006513579
1.066146	0.006573337
1.069479	0.006613175
1.072813	0.006672933
1.076146	0.006712771
1.079479	0.006712771
1.082813	0.006692852
1.086146	0.006633094
1.089479	0.006533498
1.092813	0.006413983
1.096146	0.006254629
1.099479	0.006075356
1.102813	0.005896083
1.106146	0.00573673
1.109479	0.005597295
1.112813	0.005497699
1.116146	0.005437942
1.119479	0.005418022
1.122813	0.005418022
1.126146	0.005418022
1.129479	0.005437942
1.132813	0.005437942
1.136146	0.005457861
1.139479	0.005457861
1.142812	0.00547778
1.146146	0.005497699
1.149479	0.005517618
1.152812	0.005577376
1.156146	0.005617214
1.159479	0.005696891
1.162812	0.005756649
1.166146	0.005836326
1.169479	0.005896083
1.172812	0.005935922
1.176146	0.005955841
1.179479	0.005955841
1.182812	0.005955841
1.186146	0.005916002
1.189479	0.005876164
1.192812	0.005836326
1.196146	0.005796487
1.199479	0.00573673
1.202813	0.005696891
1.206146	0.005657053
1.209479	0.005637134
1.212813	0.005637134
1.216146	0.005657053
1.219479	0.005676972
1.222813	0.00571681
1.226146	0.005776568
1.229479	0.005856245
1.232813	0.005935922
1.236146	0.006015598
1.239479	0.006095275
1.242813	0.006155033
1.246146	0.00621479
1.249479	0.00623471
1.252813	0.006254629
1.256146	0.006274548
1.259479	0.006254629
1.262812	0.006254629
1.266146	0.00623471
1.269479	0.00623471
1.272812	0.00623471
1.276146	0.00621479
1.279479	0.00621479
1.282812	0.006194871
1.286146	0.006174952
1.289479	0.006155033
1.292812	0.006095275
1.296146	0.006055437
1.299479	0.00597576
1.302812	0.005896083
1.306146	0.005836326
1.309479	0.005756649
1.312812	0.00571681
1.316146	0.005676972
1.319479	0.005637134
1.322813	0.005617214
1.326146	0.005597295
1.329479	0.005597295
1.332813	0.005617214
1.336146	0.005637134
1.339479	0.005676972
1.342813	0.00571681
1.346146	0.005756649
1.349479	0.005796487
1.352813	0.005836326
1.356146	0.005876164
1.359479	0.005916002
1.362813	0.005935922
1.366146	0.005955841
1.369479	0.00597576
1.372813	0.005995679
1.376146	0.006015598
1.379479	0.006075356
1.382813	0.006135114
1.386146	0.00623471
1.389479	0.006334306
1.392812	0.006453821
1.396146	0.006593256
1.399479	0.006712771
1.402812	0.006852205
1.406146	0.006971721
1.409479	0.007091236
1.412812	0.007190832
1.416146	0.007270509
1.419479	0.007370105
1.422812	0.007429862
1.426146	0.007509539
1.429479	0.007589216
1.432812	0.007648973
1.436146	0.007748569
1.439479	0.007828246
1.442812	0.007907923
1.446146	0.008007519
1.449479	0.008107115
1.452813	0.008206711
1.456146	0.008306307
1.459479	0.008405903
1.462813	0.00848558
1.466146	0.008565257
1.469479	0.008625014
1.472813	0.008664853
1.476146	0.008704691
1.479479	0.00872461
1.482813	0.00872461
1.486146	0.00872461
1.489479	0.008704691
1.492813	0.008704691
1.496146	0.00872461
1.499479	0.008764449
1.502813	0.008844125
1.506146	0.008943721
1.509479	0.009063236
1.512812	0.009202671
1.516146	0.009362024
1.519479	0.009541297
1.522812	0.00972057
1.526146	0.009919762
1.529479	0.01009903
1.532812	0.01025839
1.536146	0.01041774
1.539479	0.0105771
1.542812	0.01073645
1.546146	0.01087588
1.549479	0.0109954
1.552812	0.01107508
1.556146	0.01113483
1.559479	0.01115475
1.562812	0.01115475
1.566146	0.01113483
1.569479	0.01107508
1.572813	0.01101532
1.576146	0.01097548
1.579479	0.01091572
1.582813	0.01087588
1.586146	0.01085596
1.589479	0.01083604
1.592813	0.01083604
1.596146	0.01083604
1.599479	0.01083604
1.602813	0.01081613
1.606146	0.01077629
1.609479	0.01073645
1.612813	0.01067669
1.616146	0.01061693
1.619479	0.01055718
1.622813	0.0104775
1.626146	0.01041774
1.629479	0.01035798
1.632813	0.01031815
1.636146	0.01027831
1.639479	0.01023847
1.642812	0.01021855
1.646146	0.01019863
1.649479	0.01015879
1.652812	0.01013887
1.656146	0.01009903
1.659479	0.01007912
1.662812	0.01003928
1.666146	0.009999439
1.669479	0.0099596
1.672812	0.009899843
1.676146	0.009820166
1.679479	0.009760408
1.682812	0.009680732
1.686146	0.009581136
1.689479	0.00948154
1.692812	0.009381944
1.696146	0.009302267
1.699479	0.00922259
1.702813	0.009162832
1.706146	0.009142913
1.709479	0.009142913
1.712813	0.009182752
1.716146	0.00922259
1.719479	0.009282348
1.722813	0.009342105
1.726146	0.009401863
1.729479	0.009421782
1.732813	0.009401863
1.736146	0.009342105
1.739479	0.009242509
1.742813	0.009122994
1.746146	0.00896364
1.749479	0.008804287
1.752813	0.008684772
1.756146	0.008565257
1.759479	0.00848558
1.762812	0.008465661
1.766146	0.00848558
1.769479	0.008545337
1.772812	0.008625014
1.776146	0.008704691
1.779479	0.008804287
1.782812	0.008883964
1.786146	0.008943721
1.789479	0.00896364
1.792812	0.00896364
1.796146	0.008943721
1.799479	0.008903883
1.802812	0.008844125
1.806146	0.008764449
1.809479	0.008664853
1.812812	0.008565257
1.816146	0.008445741
1.819479	0.008306307
1.822813	0.008166873
1.826146	0.008047357
1.829479	0.007907923
1.832813	0.007788408
1.836146	0.007668893
1.839479	0.007569297
1.842813	0.007509539
1.846146	0.007449781
1.849479	0.007409943
1.852813	0.007390024
1.856146	0.007370105
1.859479	0.007330266
1.862813	0.007290428
1.866146	0.007250589
1.869479	0.007190832
1.872813	0.007111155
1.876146	0.007031478
1.879479	0.006931882
1.882813	0.006852205
1.886146	0.006752609
1.889479	0.006672933
1.892812	0.006593256
1.896146	0.006533498
1.899479	0.00649366
1.902812	0.006433902
1.906146	0.006413983
1.909479	0.006374144
1.912812	0.006374144
1.916146	0.006374144
1.919479	0.006394063
1.922812	0.006413983
1.926146	0.006453821
1.929479	0.006473741
1.932812	0.006513579
1.936146	0.006513579
1.939479	0.006533498
1.942812	0.006513579
1.946146	0.006513579
1.949479	0.006473741
1.952813	0.006453821
1.956146	0.006413983
1.959479	0.006374144
1.962813	0.006354225
1.966146	0.006314386
1.969479	0.006274548
1.972813	0.00623471
1.976146	0.006194871
1.979479	0.006135114
1.982813	0.006095275
1.986146	0.006055437
1.989479	0.006035518
1.992813	0.006055437
1.996146	0.006095275
1.999479	0.006155033
2.002812	0.00623471
2.006146	0.006334306
2.009479	0.006453821
2.012813	0.006553417
2.016146	0.006653013
2.019479	0.00673269
2.022813	0.006792448
2.026146	0.006812367
2.029479	0.006832286
2.032813	0.006832286
2.036146	0.006792448
2.039479	0.006752609
2.042813	0.006692852
2.046146	0.006593256
2.049479	0.00649366
2.052813	0.006374144
2.056146	0.00621479
2.059479	0.006075356
2.062813	0.005935922
2.066146	0.005796487
2.069479	0.005676972
2.072813	0.005577376
2.076146	0.005517618
2.079479	0.005497699
2.082813	0.005497699
2.086146	0.005497699
2.089479	0.005497699
2.092813	0.005517618
2.096146	0.005497699
2.099479	0.005457861
2.102813	0.005398103
2.106146	0.005318426
2.109479	0.00523875
2.112813	0.005139154
2.116146	0.005079396
2.119479	0.005059477
2.122813	0.005059477
2.126146	0.005079396
2.129479	0.005139154
2.132813	0.005198911
2.136146	0.005258669
2.139479	0.005278588
2.142812	0.005298507
2.146146	0.005278588
2.149479	0.00521883
2.152812	0.005159073
2.156146	0.005059477
2.159479	0.004959881
2.162812	0.004880204
2.166146	0.004800527
2.169479	0.004760689
2.172812	0.004720851
2.176146	0.004720851
2.179479	0.004720851
2.182812	0.00474077
2.186146	0.004780608
2.189479	0.004840366
2.192812	0.004920043
2.196146	0.0049798
2.199479	0.005059477
2.202812	0.005139154
2.206146	0.005198911
2.209479	0.005258669
2.212812	0.005278588
2.216146	0.005278588
2.219479	0.00523875
2.222812	0.005178992
2.226146	0.005099315
2.229479	0.005019639
2.232812	0.004939962
2.236146	0.004880204
2.239479	0.004800527
2.242812	0.004760689
2.246146	0.00474077
2.249479	0.00474077
2.252812	0.004760689
2.256146	0.004800527
2.259479	0.004860285
2.262813	0.004920043
2.266146	0.0049798
2.269479	0.005059477
2.272813	0.005139154
2.276146	0.00521883
2.279479	0.005278588
2.282813	0.005318426
2.286146	0.005318426
2.289479	0.005318426
2.292813	0.005278588
2.296146	0.00521883
2.299479	0.005139154
2.302813	0.005039558
2.306146	0.004920043
2.309479	0.004800527
2.312813	0.004681012
2.316146	0.004581416
2.319479	0.004501739
2.322813	0.004441982
2.326146	0.004402143
2.329479	0.004402143
2.332813	0.004422063
2.336146	0.00448182
2.339479	0.004541578
2.342813	0.004621255
2.346146	0.004700931
2.349479	0.004780608
2.352813	0.004840366
2.356146	0.004880204
2.359479	0.004920043
2.362813	0.004920043
2.366146	0.004920043
2.369479	0.004920043
2.372813	0.004900123
2.376146	0.004900123
2.379479	0.004880204
2.382813	0.004860285
2.386146	0.004860285
2.389479	0.004840366
2.392812	0.004820447
2.396146	0.004820447
2.399479	0.004800527
2.402812	0.004800527
2.406146	0.004820447
2.409479	0.004820447
2.412812	0.004860285
2.416146	0.004880204
2.419479	0.004900123
2.422812	0.004900123
2.426146	0.004900123
2.429479	0.004880204
2.432812	0.004840366
2.436146	0.004780608
2.439479	0.004720851
2.442812	0.004621255
2.446146	0.004521659
2.449479	0.004402143
2.452812	0.004302547
2.456146	0.004202951
2.459479	0.004103355
2.462812	0.004003759
2.466146	0.003924083
2.469479	0.003844406
2.472812	0.003784648
2.476146	0.003764729
2.479479	0.00374481
2.482812	0.00374481
2.486146	0.003764729
2.489479	0.003804567
2.492812	0.003864325
2.496146	0.003924083
2.499479	0.004003759
2.502812	0.004063517
2.506146	0.004123275
2.509479	0.004143194
2.512813	0.004163113
2.516146	0.004163113
2.519479	0.004143194
2.522813	0.004103355
2.526146	0.004083436
2.529479	0.004063517
2.532813	0.004063517
2.536146	0.004103355
2.539479	0.004163113
2.542813	0.004222871
2.546146	0.004322467
2.549479	0.004422063
2.552813	0.004501739
2.556146	0.004581416
2.559479	0.004641174
2.562813	0.004661093
2.566146	0.004681012
2.569479	0.004661093
2.572813	0.004621255
2.576146	0.004561497
2.579479	0.004521659
2.582813	0.004461901
2.586146	0.004382224
2.589479	0.004322467
2.592813	0.00424279
2.596146	0.004183032
2.599479	0.004123275
2.602813	0.004063517
2.606146	0.004023679
2.609479	0.004003759
2.612813	0.00398384
2.616146	0.00398384
2.619479	0.004003759
2.622813	0.004023679
2.626146	0.004063517
2.629479	0.004083436
2.632813	0.004103355
2.636146	0.004123275
2.639479	0.004123275
2.642812	0.004123275
2.646146	0.004123275
2.649479	0.004123275
2.652812	0.004103355
2.656146	0.004103355
2.659479	0.004063517
2.662812	0.004043598
2.666146	0.004003759
2.669479	0.003944002
2.672812	0.003904163
2.676146	0.003864325
2.679479	0.003824487
2.682812	0.003824487
2.686146	0.003824487
2.689479	0.003864325
2.692812	0.003944002
2.696146	0.004023679
2.699479	0.004143194
2.702812	0.00424279
2.706146	0.004342386
2.709479	0.004422063
2.712812	0.004501739
2.716146	0.004541578
2.719479	0.004561497
2.722812	0.004581416
2.726146	0.004561497
2.729479	0.004541578
2.732812	0.004521659
2.736146	0.00448182
2.739479	0.004441982
2.742812	0.004402143
2.746146	0.004362305
2.749479	0.004322467
2.752812	0.004302547
2.756146	0.004282628
2.759479	0.004282628
2.762813	0.004302547
2.766146	0.004382224
2.769479	0.00448182
2.772813	0.004601335
2.776146	0.00474077
2.779479	0.004880204
2.782813	0.005039558
2.786146	0.005159073
2.789479	0.005278588
2.792813	0.005358265
2.796146	0.005398103
2.799479	0.005437942
2.802813	0.005457861
2.806146	0.00547778
2.809479	0.005497699
2.812813	0.005557457
2.816146	0.005617214
2.819479	0.00571681
2.822813	0.005816406
2.826146	0.005935922
2.829479	0.006075356
2.832813	0.006194871
2.836146	0.006314386
2.839479	0.006433902
2.842813	0.006533498
2.846146	0.006633094
2.849479	0.00673269
2.852813	0.006852205
2.856146	0.006971721
2.859479	0.007091236
2.862813	0.00723067
2.866146	0.007370105
2.869479	0.007469701
2.872813	0.007569297
2.876146	0.007629054
2.879479	0.007648973
2.882813	0.007648973
2.886146	0.007609135
2.889479	0.007549377
2.892812	0.00748962
2.896146	0.007429862
2.899479	0.007370105
2.902812	0.007310347
2.906146	0.007270509
2.909479	0.00723067
2.912812	0.007190832
2.916146	0.007150993
2.919479	0.007131074
2.922812	0.007111155
2.926146	0.007091236
2.929479	0.007091236
2.932812	0.007111155
2.936146	0.007150993
2.939479	0.007210751
2.942812	0.007270509
2.946146	0.007330266
2.949479	0.007390024
2.952812	0.007429862
2.956146	0.007449781
2.959479	0.007449781
2.962812	0.007429862
2.966146	0.007390024
2.969479	0.007350185
2.972812	0.007310347
2.976146	0.007270509
2.979479	0.007270509
2.982812	0.007290428
2.986146	0.007330266
2.989479	0.007370105
2.992812	0.007409943
2.996146	0.007429862
2.999479	0.007449781
3.002812	0.007449781
3.006146	0.007409943
3.009479	0.007350185
3.012813	0.007250589
3.016146	0.007170913
3.019479	0.007071317
3.022813	0.00699164
3.026146	0.006911963
3.029479	0.006872125
3.032813	0.006832286
3.036146	0.006832286
3.039479	0.006832286
3.042813	0.006832286
3.046146	0.006852205
3.049479	0.006872125
3.052813	0.006872125
3.056146	0.006872125
3.059479	0.006852205
3.062813	0.006812367
3.066146	0.006772529
3.069479	0.006692852
3.072813	0.006593256
3.076146	0.006513579
3.079479	0.006413983
3.082813	0.006334306
3.086146	0.006274548
3.089479	0.00623471
3.092813	0.00623471
3.096146	0.00623471
3.099479	0.006274548
3.102813	0.006334306
3.106146	0.006413983
3.109479	0.006473741
3.112813	0.006553417
3.116146	0.006613175
3.119479	0.006653013
3.122813	0.006692852
3.126146	0.006712771
3.129479	0.006712771
3.132813	0.006672933
3.136146	0.006633094
3.139479	0.006573337
3.142812	0.006513579
3.146146	0.006453821
3.149479	0.006413983
3.152812	0.006374144
3.156146	0.006354225
3.159479	0.006374144
3.162812	0.006394063
3.166146	0.006453821
3.169479	0.00649366
3.172812	0.006533498
3.176146	0.006553417
3.179479	0.006553417
3.182812	0.006533498
3.186146	0.00649366
3.189479	0.006413983
3.192812	0.006334306
3.196146	0.006254629
3.199479	0.006174952
3.202812	0.006095275
3.206146	0.006035518
3.209479	0.005995679
3.212812	0.005935922
3.216146	0.005876164
3.219479	0.005796487
3.222812	0.00571681
3.226146	0.005637134
3.229479	0.005517618
3.232812	0.005398103
3.236146	0.005258669
3.239479	0.005119234
3.242812	0.0049798
3.246146	0.004840366
3.249479	0.004720851
3.252812	0.004601335
3.256146	0.004521659
3.259479	0.004461901
3.262813	0.004422063
3.266146	0.004422063
3.269479	0.004441982
3.272813	0.00448182
3.276146	0.004561497
3.279479	0.004641174
3.282813	0.004720851
3.286146	0.004800527
3.289479	0.004880204
3.292813	0.004959881
3.296146	0.004999719
3.299479	0.005039558
3.302813	0.005039558
3.306146	0.005039558
3.309479	0.005039558
3.312813	0.005019639
3.316146	0.004999719
3.319479	0.0049798
3.322813	0.0049798
3.326146	0.0049798
3.329479	0.0049798
3.332813	0.0049798
3.336146	0.0049798
3.339479	0.0049798
3.342813	0.004999719
3.346146	0.004999719
3.349479	0.004999719
3.352813	0.005019639
3.356146	0.005039558
3.359479	0.005059477
3.362813	0.005099315
3.366146	0.005119234
3.369479	0.005139154
3.372813	0.005139154
3.376146	0.005099315
3.379479	0.005059477
3.382813	0.004959881
3.386146	0.004860285
3.389479	0.004720851
3.392812	0.004581416
3.396146	0.004422063
3.399479	0.004302547
3.402812	0.004183032
3.406146	0.004103355
3.409479	0.004043598
3.412812	0.004023679
3.416146	0.004023679
3.419479	0.004043598
3.422812	0.004083436
3.426146	0.004123275
3.429479	0.004143194
3.432812	0.004183032
3.436146	0.004202951
3.439479	0.004222871
3.442812	0.00424279
3.446146	0.004262709
3.449479	0.004282628
3.452812	0.004302547
3.456146	0.004342386
3.459479	0.004362305
3.462812	0.004382224
3.466146	0.004382224
3.469479	0.004382224
3.472812	0.004382224
3.476146	0.004382224
3.479479	0.004382224
3.482812	0.004362305
3.486146	0.004342386
3.489479	0.004342386
3.492812	0.004342386
3.496146	0.004342386
3.499479	0.004342386
3.502812	0.004322467
3.506146	0.004282628
3.509479	0.00424279
3.512813	0.004163113
3.516146	0.004083436
3.519479	0.004003759
3.522813	0.003904163
3.526146	0.003804567
3.529479	0.003724891
3.532813	0.003665133
3.536146	0.003625295
3.539479	0.003625295
3.542813	0.003645214
3.546146	0.003685052
3.549479	0.003724891
3.552813	0.003784648
3.556146	0.003824487
3.559479	0.003884244
3.562813	0.003904163
3.566146	0.003924083
3.569479	0.003924083
3.572813	0.003904163
3.576146	0.003884244
3.579479	0.003844406
3.582813	0.003784648
3.586146	0.003724891
3.589479	0.003645214
3.592813	0.003585456
3.596146	0.003525699
3.599479	0.00348586
3.602813	0.003446022
3.606146	0.003426103
3.609479	0.003426103
3.612813	0.003406183
3.616146	0.003406183
3.619479	0.003386264
3.622813	0.003366345
3.626146	0.003366345
3.629479	0.003346426
3.632813	0.003326507
3.636146	0.003306587
3.639479	0.003286668
3.642812	0.003266749
3.646146	0.00324683
3.649479	0.003226911
3.652812	0.003226911
3.656146	0.003206991
3.659479	0.003206991
3.662812	0.003226911
3.666146	0.003226911
3.669479	0.00324683
3.672812	0.003286668
3.676146	0.003326507
3.679479	0.003366345
3.682812	0.003426103
3.686146	0.003446022
3.689479	0.003465941
3.692812	0.003465941
3.696146	0.003465941
3.699479	0.003446022
3.702812	0.003426103
3.706146	0.003386264
3.709479	0.003346426
3.712812	0.003306587
3.716146	0.00324683
3.719479	0.003206991
3.722812	0.003167153
3.726146	0.003107395
3.729479	0.003027718
3.732812	0.002948042
3.736146	0.002848446
3.739479	0.00274885
3.742812	0.002629334
3.746146	0.002509819
3.749479	0.002390304
3.752812	0.002290708
3.756146	0.002211031
3.759479	0.002171193
3.762813	0.002151274
3.766146	0.002151274
3.769479	0.002211031
3.772813	0.002270789
3.776146	0.002350466
3.779479	0.002430143
3.782813	0.002509819
3.786146	0.002569577
3.789479	0.002609415
3.792813	0.002629334
3.796146	0.002629334
3.799479	0.002609415
3.802813	0.002569577
3.806146	0.002549658
3.809479	0.002549658
3.812813	0.002549658
3.816146	0.002589496
3.819479	0.002629334
3.822813	0.002689092
3.826146	0.002768769
3.829479	0.002868365
3.832813	0.002967961
3.836146	0.003087476
3.839479	0.003187072
3.842813	0.003306587
3.846146	0.003426103
3.849479	0.003545618
3.852813	0.003645214
3.856146	0.003764729
3.859479	0.003844406
3.862813	0.003924083
3.866146	0.004003759
3.869479	0.004043598
3.872813	0.004083436
3.876146	0.004083436
3.879479	0.004083436
3.882813	0.004063517
3.886146	0.004043598
3.889479	0.004023679
3.892812	0.004003759
3.896146	0.004003759
3.899479	0.004003759
3.902812	0.004043598
3.906146	0.004103355
3.909479	0.004183032
3.912812	0.004282628
3.916146	0.004382224
3.919479	0.004461901
3.922812	0.004541578
3.926146	0.004561497
3.929479	0.004581416
3.932812	0.004541578
3.936146	0.00448182
3.939479	0.004402143
3.942812	0.004302547
3.946146	0.004222871
3.949479	0.004143194
3.952812	0.004103355
3.956146	0.004083436
3.959479	0.004103355
3.962812	0.004143194
3.966146	0.004202951
3.969479	0.00424279
3.972812	0.004322467
3.976146	0.004382224
3.979479	0.004441982
3.982812	0.004521659
3.986146	0.004621255
3.989479	0.00474077
3.992812	0.004860285
3.996146	0.005019639
3.999479	0.005178992
4.002812	0.005338346
4.006146	0.005497699
4.009479	0.005617214
4.012813	0.005696891
4.016146	0.00571681
4.019479	0.005696891
4.022812	0.005637134
4.026146	0.005537538
4.029479	0.005418022
4.032813	0.005298507
4.036146	0.005178992
4.039479	0.005099315
4.042812	0.005039558
4.046146	0.005039558
4.049479	0.005099315
4.052813	0.00521883
4.056146	0.005378184
4.059479	0.005597295
4.062812	0.005876164
4.066146	0.006174952
4.069479	0.00649366
4.072813	0.006812367
4.076146	0.007150993
4.079479	0.007449781
4.082812	0.007748569
4.086146	0.008027438
4.089479	0.008246549
4.092813	0.008445741
4.096146	0.008605095
4.099479	0.008744529
4.102812	0.008844125
4.106146	0.008943721
4.109479	0.009023398
4.112813	0.009103075
4.116146	0.00922259
4.119479	0.009381944
4.122812	0.009601055
4.126146	0.009879924
4.129479	0.01023847
4.132813	0.01065677
4.136146	0.01113483
4.139479	0.01167265
4.142813	0.01223039
4.146146	0.01280805
4.149479	0.01340562
4.152812	0.01398328
4.156146	0.01454102
4.159479	0.01509875
4.162813	0.01567641
4.166146	0.01625407
4.169479	0.01685164
4.172812	0.01750898
4.176146	0.01822607
4.179479	0.01902284
4.182813	0.01987936
4.186146	0.02083548
4.189479	0.02185136
4.192812	0.02296684
4.196146	0.02414207
4.199479	0.0254169
4.202813	0.02677141
4.206146	0.02824543
4.209479	0.02983896
4.212812	0.03155201
4.216146	0.03338458
4.219479	0.03535658
4.222813	0.0374481
4.226146	0.03967905
4.229479	0.04202951
4.232812	0.04449949
4.236146	0.04708899
4.239479	0.04977808
4.242813	0.05258669
4.246146	0.0554949
4.249479	0.05852261
4.252812	0.06164993
4.256146	0.06489676
4.259479	0.0682631
4.262813	0.07172904
4.266146	0.07529458
4.269479	0.07897963
4.272812	0.08274436
4.276146	0.08660868
4.279479	0.0905726
4.282813	0.0946162
4.286146	0.09875939
4.289479	0.1029823
4.292812	0.1073047
4.296146	0.111687
4.299479	0.1161489
4.302813	0.1206506
4.306146	0.1251922
4.309479	0.1297138
4.312812	0.1342355
4.316146	0.1387173
4.319479	0.1431195
4.322813	0.1474618
4.326146	0.1516847
4.329479	0.1557881
4.332812	0.159752
4.336146	0.1635765
4.339479	0.1672416
4.342813	0.1707275
4.346146	0.1740141
4.349479	0.1771016
4.352812	0.1799301
4.356146	0.1825395
4.359479	0.1849099
4.362813	0.1870413
4.366146	0.1889137
4.369479	0.1905271
4.372812	0.1918817
4.376146	0.1929772
4.379479	0.1938138
4.382813	0.1943915
4.386146	0.1947301
4.389479	0.1947699
4.392813	0.1945707
4.396146	0.1941325
4.399479	0.1934353
4.402812	0.1924991
4.406146	0.1913638
4.409479	0.1899694
4.412813	0.1883958
4.416146	0.1865831
4.419479	0.1845912
4.422812	0.1824001
4.426146	0.1800496
4.429479	0.1775199
4.432813	0.1748507
4.436146	0.172062
4.439479	0.1691538
4.442812	0.166146
4.446146	0.1630785
4.449479	0.1599313
4.452813	0.1567442
4.456146	0.1535372
4.459479	0.1503103
4.462812	0.1471033
4.466146	0.1438963
4.469479	0.1407292
4.472813	0.1375819
4.476146	0.1344944
4.479479	0.1314269
4.482812	0.1284191
4.486146	0.125471
4.489479	0.1225628
4.492813	0.1197144
4.496146	0.1169456
4.499479	0.1142765
4.502812	0.1117069
4.506146	0.1092568
4.509479	0.1069263
4.512813	0.1047352
4.516146	0.1026636
4.519479	0.1007513
4.522812	0.09895858
4.526146	0.09730529
4.529479	0.09579143
4.532813	0.09441701
4.536146	0.0931621
4.539479	0.0920267
4.542812	0.09101082
4.546146	0.09009454
4.549479	0.08925793
4.552813	0.08852092
4.556146	0.08784367
4.559479	0.08722618
4.562812	0.08668836
4.566146	0.0862103
4.569479	0.08577207
4.572813	0.08541353
4.576146	0.08511474
4.579479	0.08487571
4.582812	0.08467652
4.586146	0.08453708
4.589479	0.08443749
4.592813	0.08435781
4.596146	0.08431797
4.599479	0.08429805
4.602812	0.08429805
4.606146	0.08429805
4.609479	0.08429805
4.612813	0.08429805
4.616146	0.08431797
4.619479	0.08431797
4.622812	0.08431797
4.626146	0.08431797
4.629479	0.08431797
4.632813	0.08429805
4.636146	0.08425821
4.639479	0.08419846
4.642813	0.0841387
4.646146	0.0840391
4.649479	0.08391959
4.652812	0.08378015
4.656146	0.08360088
4.659479	0.08342161
4.662813	0.08322242
4.666146	0.08300331
4.669479	0.08280411
4.672812	0.082585
4.676146	0.08238581
4.679479	0.08220654
4.682813	0.08202726
4.686146	0.08184799
4.689479	0.08168864
4.692812	0.08150937
4.696146	0.0813301
4.699479	0.08111099
4.702813	0.08089188
4.706146	0.08067276
4.709479	0.08045365
4.712812	0.08027438
4.716146	0.08011503
4.719479	0.08001543
4.722813	0.07999551
4.726146	0.08003535
4.729479	0.08013495
4.732812	0.08033414
4.736146	0.08057317
4.739479	0.08091179
4.742813	0.08131018
4.746146	0.08180815
4.749479	0.08240573
4.752812	0.08312282
4.756146	0.08397935
4.759479	0.08501514
4.762813	0.08623022
4.766146	0.08764448
4.769479	0.08925793
4.772812	0.09111042
4.776146	0.09322185
4.779479	0.09557232
4.782813	0.09820165
4.786146	0.1010899
4.789479	0.1042969
4.792812	0.1078027
4.796146	0.1116272
4.799479	0.1157704
4.802813	0.1202721
4.806146	0.1251125
4.809479	0.1303313
4.812812	0.1359485
4.816146	0.1419841
4.819479	0.1484777
4.822813	0.1554494
4.826146	0.1629191
4.829479	0.1709665
4.832812	0.1795517
4.836146	0.1887743
4.839479	0.1985944
4.842813	0.2090719
4.846146	0.2202068
4.849479	0.2320587
4.852812	0.2446676
4.856146	0.2580732
4.859479	0.2723353
4.862813	0.2875536
4.866146	0.3038276
4.869479	0.3212569
4.872812	0.3400008
4.876146	0.3602387
4.879479	0.3821897
4.882813	0.4061126
4.886146	0.4323463
4.889479	0.4612689
4.892813	0.4933588
4.896146	0.5291934
4.899479	0.5694501
4.902812	0.6149854
4.906146	0.6667155
4.909479	0.7258158
4.912813	0.7935809
4.916146	0.8716244
4.919479	0.961719
4.922812	1.065976
4.926146	1.186826
4.929479	1.326997
4.932813	1.489637
4.936146	1.678252
4.939479	1.896806
4.942812	2.14968
4.946146	2.441676
4.949479	2.778091
4.952813	3.164623
4.956146	3.607487
4.959479	4.113255
4.962812	4.68892
4.966146	5.341851
4.969479	6.079678
4.972813	6.91023
4.976146	7.841492
4.979479	8.881394
4.982812	10.03776
4.986146	11.31813
4.989479	12.72954
4.992813	14.27848
4.996146	15.9706
4.999479	17.81059
5.002812	19.8021
5.006146	21.94729
5.009479	24.247
5.012813	26.70032
5.016146	29.30451
5.019479	32.0549
5.022812	34.94469
5.026146	37.96502
5.029479	41.10473
5.032813	44.35046
5.036146	47.68674
5.039479	51.09603
5.042812	54.55895
5.046146	58.05435
5.049479	61.55967
5.052813	65.05117
5.056146	68.50412
5.059479	71.89328
5.062812	75.19305
5.066146	78.37797
5.069479	81.42304
5.072813	84.30401
5.076146	86.9978
5.079479	89.48284
5.082812	91.73941
5.086146	93.74991
5.089479	95.49916
5.092813	96.97453
5.096146	98.1662
5.099479	99.06716
5.102812	99.67338
5.106146	99.98375
5.109479	100
5.112813	99.72669
5.116146	99.17104
5.119479	98.34276
5.122812	97.25384
5.126146	95.91828
5.129479	94.35185
5.132813	92.57189
5.136146	90.59684
5.139479	88.44617
5.142813	86.13992
5.146146	83.69853
5.149479	81.14258
5.152812	78.49249
5.156146	75.76836
5.159479	72.98973
5.162813	70.17535
5.166146	67.34305
5.169479	64.50959
5.172812	61.69044
5.176146	58.8998
5.179479	56.15046
5.182813	53.45376
5.186146	50.81962
5.189479	48.25659
5.192812	45.77183
5.196146	43.37121
5.199479	41.05937
5.202813	38.83985
5.206146	36.71509
5.209479	34.6866
5.212812	32.75494
5.216146	30.9199
5.219479	29.18053
5.222813	27.53525
5.226146	25.98191
5.229479	24.51791
5.232812	23.14025
5.236146	21.84565
5.239479	20.63058
5.242813	19.49134
5.246146	18.42419
5.249479	17.42526
5.252812	16.49073
5.256146	15.61675
5.259479	14.79959
5.262813	14.03551
5.266146	13.32097
5.269479	12.65252
5.272812	12.02683
5.276146	11.44081
5.279479	10.89148
5.282813	10.37607
5.286146	9.891995
5.289479	9.436861
5.292812	9.008439
5.296146	8.604677
5.299479	8.223722
5.302813	7.863822
5.306146	7.523403
5.309479	7.20101
5.312812	6.89535
5.316146	6.605167
5.319479	6.329366
5.322813	6.06697
5.326146	5.817024
5.329479	5.578711
5.332812	5.351273
5.336146	5.134035
5.339479	4.926317
5.342813	4.727603
5.346146	4.537355
5.349479	4.355134
5.352812	4.180503
5.356146	4.013082
5.359479	3.852533
5.362813	3.698557
5.366146	3.550857
5.369479	3.409151
5.372812	3.273203
5.376146	3.142772
5.379479	3.017619
5.382813	2.897546
5.386146	2.782354
5.389479	2.671842
5.392813	2.565872
5.396146	2.464264
5.399479	2.366859
5.402812	2.273498
5.406146	2.184061
5.409479	2.098388
5.412813	2.016361
5.416146	1.937859
5.419479	1.862764
5.422812	1.790955
5.426146	1.722334
5.429479	1.6568
5.432813	1.594213
5.436146	1.534515
5.439479	1.477586
5.442812	1.423306
5.446146	1.371596
5.449479	1.322296
5.452813	1.275307
5.456146	1.230548
5.459479	1.187882
5.462812	1.147246
5.466146	1.108543
5.469479	1.071653
5.472813	1.036516
5.476146	1.003051
5.479479	0.9711806
5.482812	0.9408237
5.486146	0.911921
5.489479	0.8844125
5.492813	0.8581989
5.496146	0.8332401
5.499479	0.8094565
5.502812	0.7867885
5.506146	0.765216
5.509479	0.7446195
5.512813	0.7249792
5.516146	0.7062153
5.519479	0.6882482
5.522812	0.6710579
5.526146	0.6545847
5.529479	0.638749
5.532813	0.6235507
5.536146	0.6089101
5.539479	0.5948272
5.542812	0.5812423
5.546146	0.5681753
5.549479	0.5555664
5.552813	0.5433958
5.556146	0.5316634
5.559479	0.5202895
5.562812	0.5092941
5.566146	0.4986374
5.569479	0.4882794
5.572813	0.4782202
5.576146	0.4684399
5.579479	0.4589384
5.582812	0.449676
5.586146	0.4406725
5.589479	0.4318682
5.592813	0.4232631
5.596146	0.4148572
5.599479	0.4066106
5.602812	0.3985234
5.606146	0.3905757
5.609479	0.3827673
5.612813	0.3750985
5.616146	0.3675889
5.619479	0.3602188
5.622812	0.3529881
5.626146	0.3458969
5.629479	0.338965
5.632813	0.3321726
5.636146	0.3255196
5.639479	0.319006
5.642813	0.3126319
5.646146	0.3063772
5.649479	0.300262
5.652812	0.2942664
5.656146	0.2884101
5.659479	0.2826535
5.662813	0.2770362
5.666146	0.2715386
5.669479	0.2661604
5.672812	0.2609017
5.676146	0.2557426
5.679479	0.2506831
5.682813	0.2457432
5.686146	0.2409028
5.689479	0.236182
5.692812	0.2315408
5.696146	0.2269992
5.699479	0.2225572
5.702813	0.2181949
5.706146	0.2139123
5.709479	0.2097094
5.712812	0.2055861
5.716146	0.2015225
5.719479	0.1975188
5.722813	0.1936146
5.726146	0.1897702
5.729479	0.1860055
5.732812	0.1823404
5.736146	0.1787549
5.739479	0.1752491
5.742813	0.1718429
5.746146	0.1685363
5.749479	0.1653294
5.752812	0.162222
5.756146	0.1591943
5.759479	0.1562661
5.762813	0.1533978
5.766146	0.1506091
5.769479	0.1478602
5.772812	0.1451512
5.776146	0.142502
5.779479	0.1398726
5.782813	0.1372831
5.786146	0.1347335
5.789479	0.1322436
5.792812	0.1298334
5.796146	0.127463
5.799479	0.1251723
5.802813	0.1229612
5.806146	0.1208299
5.809479	0.1187583
5.812812	0.1167265
5.816146	0.1147545
5.819479	0.1128024
5.822813	0.1109101
5.826146	0.1090377
5.829479	0.1072051
5.832812	0.1053925
5.836146	0.1036396
5.839479	0.1019265
5.842813	0.1002932
5.846146	0.09869963
5.849479	0.09716586
5.852812	0.09569184
5.856146	0.09425765
5.859479	0.09288323
5.862813	0.09154864
5.866146	0.09025389
5.869479	0.08895915
5.872812	0.0876644
5.876146	0.08638957
5.879479	0.08513466
5.882813	0.08387975
5.886146	0.08264476
5.889479	0.08140977
5.892813	0.08021462
5.896146	0.07905931
5.899479	0.077904
5.902812	0.07680844
5.906146	0.07571288
5.909479	0.07465717
5.912813	0.07360145
5.916146	0.07254573
5.919479	0.07150993
5.922812	0.07047413
5.926146	0.06945825
5.929479	0.06846229
5.932813	0.06746633
5.936146	0.06649029
5.939479	0.06553417
5.942812	0.06463781
5.946146	0.06376136
5.949479	0.06292476
5.952813	0.06212799
5.956146	0.06137106
5.959479	0.06063405
5.962812	0.0599568
5.966146	0.05929946
5.969479	0.05864213
5.972813	0.05802463
5.976146	0.05738722
5.979479	0.05678964
5.982812	0.05619207
5.986146	0.05559449
5.989479	0.05503675
5.992813	0.05449894
5.996146	0.05398104
5.999479	0.05350298
6.002812	0.05306475
6.006146	0.05264645
6.009479	0.05224807
6.012813	0.05188952
6.016146	0.05155089
6.019479	0.05125211
6.022812	0.05097323
6.026146	0.05071428
6.029479	0.05047525
6.032813	0.05027606
6.036146	0.05007687
6.039479	0.04987768
6.042812	0.0496984
6.046146	0.04949921
6.049479	0.0492801
6.052813	0.04904107
6.056146	0.04880204
6.059479	0.04852317
6.062812	0.04826422
6.066146	0.04798535
6.069479	0.04770648
6.072813	0.04744753
6.076146	0.04718858
6.079479	0.04692963
6.082812	0.0466906
6.086146	0.04645157
6.089479	0.04623246
6.092813	0.04599343
6.096146	0.0457544
6.099479	0.04551537
6.102812	0.04527634
6.106146	0.04505723
6.109479	0.04485804
6.112813	0.04463893
6.116146	0.04445965
6.119479	0.04426046
6.122812	0.04404135
6.126146	0.04384216
6.129479	0.04360313
6.132813	0.0433641
6.136146	0.04310515
6.139479	0.0428462
6.142813	0.04256733
6.146146	0.04226854
6.149479	0.04198967
6.152812	0.04169089
6.156146	0.0413921
6.159479	0.04109331
6.162813	0.04075469
6.166146	0.04041606
6.169479	0.04003759
6.172812	0.03963921
6.176146	0.03922091
6.179479	0.0388026
6.182813	0.03836438
6.186146	0.03792616
6.189479	0.03750786
6.192812	0.03710947
6.196146	0.03673101
6.199479	0.03639238
6.202813	0.03607367
6.206146	0.03577489
6.209479	0.0354761
6.212812	0.03519723
6.216146	0.03491836
6.219479	0.03463949
6.222813	0.03436062
6.226146	0.03408175
6.229479	0.03380288
6.232812	0.03352402
6.236146	0.03326507
6.239479	0.03300612
6.242813	0.03276709
6.246146	0.03254797
6.249479	0.03230894
6.252812	0.03208983
6.256146	0.0318508
6.259479	0.03161177
6.262813	0.03135282
6.266146	0.03111379
6.269479	0.03085484
6.272812	0.03057597
6.276146	0.03031702
6.279479	0.03003816
6.282813	0.02975929
6.286146	0.02948042
6.289479	0.02918163
6.292812	0.02890276
6.296146	0.02864381
6.299479	0.02838486
6.302813	0.02814583
6.306146	0.02794664
6.309479	0.02776737
6.312812	0.02758809
6.316146	0.02742874
6.319479	0.02724947
6.322813	0.02707019
6.326146	0.02685108
6.329479	0.02661205
6.332812	0.0263531
6.336146	0.02607423
6.339479	0.02577545
6.342813	0.02549658
6.346146	0.02523763
6.349479	0.02501851
6.352812	0.02483924
6.356146	0.02467989
6.359479	0.02456037
6.362813	0.02446078
6.366146	0.0243811
6.369479	0.0242815
6.372812	0.02416199
6.376146	0.02402255
6.379479	0.02384328
6.382813	0.02362417
6.386146	0.02338514
6.389479	0.02312619
6.392813	0.02284732
6.396146	0.02258837
6.399479	0.02232942
6.402812	0.02209039
6.406146	0.02187128
6.409479	0.02167209
6.412813	0.02149282
6.416146	0.02131354
6.419479	0.02113427
6.422812	0.02097492
6.426146	0.02079564
6.429479	0.02063629
6.432813	0.02045702
6.436146	0.02029767
6.439479	0.02013831
6.442812	0.01997896
6.446146	0.0198196
6.449479	0.01966025
6.452813	0.0195009
6.456146	0.01934154
6.459479	0.01916227
6.462812	0.018983
6.466146	0.01880373
6.469479	0.01862445
6.472813	0.0184651
6.476146	0.01832566
6.479479	0.01820615
6.482812	0.01810655
6.486146	0.01802688
6.489479	0.01798704
6.492813	0.0179472
6.496146	0.01792728
6.499479	0.01788744
6.502812	0.0178476
6.506146	0.01778785
6.509479	0.01768825
6.512813	0.01758865
6.516146	0.01746914
6.519479	0.01732971
6.522812	0.01719027
6.526146	0.01707076
6.529479	0.01695124
6.532813	0.01687156
6.536146	0.01681181
6.539479	0.01677197
6.542812	0.01675205
6.546146	0.01673213
6.549479	0.01671221
6.552813	0.01667237
6.556146	0.01661261
6.559479	0.01655286
6.562812	0.01647318
6.566146	0.0163935
6.569479	0.01629391
6.572813	0.01621423
6.576146	0.01615447
6.579479	0.01609471
6.582812	0.01605488
6.586146	0.01601504
6.589479	0.01599512
6.592813	0.01599512
6.596146	0.01601504
6.599479	0.01609471
6.602812	0.01619431
6.606146	0.01635366
6.609479	0.01659269
6.612813	0.01689148
6.616146	0.01728987
6.619479	0.01778785
6.622812	0.01838542
6.626146	0.01908259
6.629479	0.01989928
6.632813	0.0208554
6.636146	0.02197088
6.639479	0.02320587
6.642813	0.02462013
6.646146	0.02621367
6.649479	0.02792672
6.652812	0.02981904
6.656146	0.03181096
6.659479	0.03394232
6.662813	0.03617327
6.666146	0.0384839
6.669479	0.0408742
6.672812	0.04330434
6.676146	0.04577432
6.679479	0.04826422
6.682813	0.05075412
6.686146	0.05320419
6.689479	0.05561441
6.692812	0.05792504
6.696146	0.06011615
6.699479	0.06216783
6.702813	0.06402031
6.706146	0.06565369
6.709479	0.06704803
6.712812	0.06816351
6.716146	0.06900011
6.719479	0.06953793
6.722813	0.06977696
6.726146	0.0697172
6.729479	0.06935866
6.732812	0.06874116
6.736146	0.06788464
6.739479	0.06682892
6.742813	0.06555409
6.746146	0.06413983
6.749479	0.06260605
6.752812	0.06095276
6.756146	0.05925962
6.759479	0.05750673
6.762813	0.05575384
6.766146	0.05398104
6.769479	0.05220823
6.772812	0.05047525
6.776146	0.0487622
6.779479	0.04708899
6.782813	0.04545561
6.786146	0.043882
6.789479	0.04236814
6.792812	0.04089412
6.796146	0.03947986
6.799479	0.03814527
6.802813	0.03687044
6.806146	0.03565537
6.809479	0.03448014
6.812812	0.03336466
6.816146	0.03230894
6.819479	0.03127315
6.822813	0.03029711
6.826146	0.02938082
6.829479	0.02850438
6.832812	0.02766777
6.836146	0.02689092
6.839479	0.02615391
6.842813	0.02547666
6.846146	0.02485916
6.849479	0.02430142
6.852812	0.02378352
6.856146	0.02330546
6.859479	0.02286724
6.862813	0.02244894
6.866146	0.02205055
6.869479	0.02167209
6.872812	0.02127371
6.876146	0.02087532
6.879479	0.02045702
6.882813	0.02003872
6.886146	0.01962041
6.889479	0.01922203
6.892813	0.01884356
6.896146	0.01848502
6.899479	0.01818623
6.902812	0.01792728
6.906146	0.01770817
6.909479	0.01756874
6.912813	0.01746914
6.916146	0.0174293
6.919479	0.01744922
6.922812	0.01750898
6.926146	0.01762849
6.929479	0.01774801
6.932813	0.01790736
6.936146	0.01808663
6.939479	0.01824599
6.942812	0.01840534
6.946146	0.0185647
6.949479	0.01870413
6.952813	0.01882364
6.956146	0.01892324
6.959479	0.01900292
6.962812	0.01908259
6.966146	0.01914235
6.969479	0.01918219
6.972813	0.01922203
6.976146	0.01926187
6.979479	0.01930171
6.982812	0.01932162
6.986146	0.01938138
6.989479	0.01942122
6.992813	0.0195009
6.996146	0.01956066
6.999479	0.01964033
7.002812	0.01972001
7.006146	0.01977977
7.009479	0.01979969
7.012813	0.01979969
7.016146	0.01977977
7.019479	0.01970009
7.022812	0.01958057
7.026146	0.01942122
7.029479	0.01920211
7.032813	0.01894316
7.036146	0.01862445
7.039479	0.01824599
7.042812	0.01780777
7.046146	0.01730979
7.049479	0.01675205
7.052813	0.01613455
7.056146	0.01547722
7.059479	0.01479997
7.062812	0.01406296
7.066146	0.01332595
7.069479	0.0125491
7.072813	0.01177225
7.076146	0.01097548
7.079479	0.01015879
7.082812	0.009362024
7.086146	0.008545337
7.089479	0.007768489
7.092813	0.007011559
7.096146	0.006294467
7.099479	0.005657053
7.102812	0.005119234
7.106146	0.004661093
7.109479	0.004342386
7.112813	0.004163113
7.116146	0.004143194
7.119479	0.004302547
7.122812	0.004661093
7.126146	0.00521883
7.129479	0.00597576
7.132813	0.006951801
7.136146	0.008107115
7.139479	0.00946162
7.142813	0.01095556
7.146146	0.01256902
7.149479	0.01428207
7.152812	0.01603496
7.156146	0.0178476
7.159479	0.01966025
7.162813	0.0214729
7.166146	0.02330546
7.169479	0.02509819
7.172812	0.026871
7.176146	0.02860397
7.179479	0.03029711
7.182813	0.03193048
7.186146	0.03348418
7.189479	0.03493828
7.192812	0.03627287
7.196146	0.03746802
7.199479	0.03850382
7.202813	0.03940018
7.206146	0.04013719
7.209479	0.04071485
7.212812	0.04113315
7.216146	0.0413921
7.219479	0.04153153
7.222813	0.04153153
7.226146	0.04141202
7.229479	0.04117299
7.232812	0.04083436
7.236146	0.04037622
7.239479	0.0398384
7.242813	0.03920099
7.246146	0.03850382
7.249479	0.03772697
7.252812	0.0369302
7.256146	0.03607367
7.259479	0.03519723
7.262813	0.03432078
7.266146	0.03342442
7.269479	0.03256789
7.272812	0.03173129
7.276146	0.03093452
7.279479	0.03017759
7.282813	0.02948042
7.286146	0.02886292
7.289479	0.02828527
7.292812	0.02774745
7.296146	0.02726939
7.299479	0.02683116
7.302813	0.02643278
7.306146	0.02605432
7.309479	0.02569577
7.312812	0.02537706
7.316146	0.02509819
7.319479	0.02483924
7.322813	0.02462013
7.326146	0.02444086
7.329479	0.02430142
7.332812	0.02418191
7.336146	0.02410223
7.339479	0.02400264
7.342813	0.02392296
7.346146	0.02382336
7.349479	0.02372377
7.352812	0.02360425
7.356146	0.02348474
7.359479	0.0233453
7.362813	0.02318595
7.366146	0.02304651
7.369479	0.02290708
7.372812	0.02274773
7.376146	0.02258837
7.379479	0.02242902
7.382813	0.02226967
7.386146	0.02211031
7.389479	0.02195096
7.392813	0.02181152
7.396146	0.02165217
7.399479	0.02151274
7.402812	0.0213733
7.406146	0.02123387
7.409479	0.02109443
7.412813	0.020955
7.416146	0.02081556
7.419479	0.02065621
7.422812	0.02051678
7.426146	0.02037734
7.429479	0.02021799
7.432813	0.02009847
7.436146	0.01995904
7.439479	0.01983952
7.442812	0.01973993
7.446146	0.01962041
7.449479	0.01952082
7.452813	0.01938138
7.456146	0.01924195
7.459479	0.01908259
7.462812	0.0188834
7.466146	0.01866429
7.469479	0.01842526
7.472813	0.01818623
7.476146	0.01792728
7.479479	0.01768825
7.482812	0.01746914
7.486146	0.01728987
7.489479	0.01713051
7.492813	0.01699108
7.496146	0.0169114
7.499479	0.01683173
7.502812	0.01677197
7.506146	0.01671221
7.509479	0.01665245
7.512813	0.01657278
7.516146	0.0164931
7.519479	0.01637358
7.522812	0.01627399
7.526146	0.01615447
7.529479	0.01603496
7.532813	0.01593536
7.536146	0.01581585
7.539479	0.01569633
7.542812	0.01559673
7.546146	0.01551706
7.549479	0.01543738
7.552813	0.0153577
7.556146	0.01531787
7.559479	0.01527803
7.562812	0.01525811
7.566146	0.01525811
7.569479	0.01529795
7.572813	0.0153577
7.576146	0.01541746
7.579479	0.01549714
7.582812	0.01559673
7.586146	0.01567641
7.589479	0.01575609
7.592813	0.01583577
7.596146	0.01589552
7.599479	0.01595528
7.602812	0.01601504
7.606146	0.01605488
7.609479	0.01611463
7.612813	0.01617439
7.616146	0.01625407
7.619479	0.01633375
7.622812	0.01643334
7.626146	0.01653294
7.629479	0.01663253
7.632813	0.01675205
7.636146	0.01685164
7.639479	0.01695124
7.642813	0.01705084
7.646146	0.01711059
7.649479	0.01715043
7.652812	0.01717035
7.656146	0.01715043
7.659479	0.01709067
7.662813	0.017011
7.666146	0.01687156
7.669479	0.01671221
7.672812	0.01651302
7.676146	0.01629391
7.679479	0.0160748
7.682813	0.01583577
7.686146	0.01561665
7.689479	0.01541746
7.692812	0.01523819
7.696146	0.01509875
7.699479	0.01497924
7.702813	0.01489956
7.706146	0.01481989
7.709479	0.01476013
7.712812	0.01468045
7.716146	0.01458086
7.719479	0.01446134
7.722813	0.01432191
7.726146	0.01412271
7.729479	0.01388368
7.732812	0.01364465
7.736146	0.01336578
7.739479	0.01312675
7.742813	0.01288772
7.746146	0.01268853
7.749479	0.01252918
7.752812	0.01238974
7.756146	0.01229015
7.759479	0.01221047
7.762813	0.01211087
7.766146	0.01201128
7.769479	0.01191168
7.772812	0.01177225
7.776146	0.01163281
7.779479	0.01147346
7.782813	0.01131411
7.786146	0.01117467
7.789479	0.01105516
7.792812	0.01095556
7.796146	0.01091572
7.799479	0.0108958
7.802813	0.01091572
7.806146	0.01091572
7.809479	0.01093564
7.812812	0.01093564
7.816146	0.01093564
7.819479	0.0108958
7.822813	0.01083604
7.826146	0.01073645
7.829479	0.01061693
7.832812	0.01051734
7.836146	0.01039782
7.839479	0.01029823
7.842813	0.01021855
7.846146	0.01013887
7.849479	0.01007912
7.852812	0.01003928
7.856146	0.00997952
7.859479	0.009939681
7.862813	0.009879924
7.866146	0.009840085
7.869479	0.009800247
7.872812	0.009760408
7.876146	0.00972057
7.879479	0.009700651
7.882813	0.009680732
7.886146	0.009680732
7.889479	0.009680732
7.892813	0.009700651
7.896146	0.009700651
7.899479	0.00972057
7.902812	0.00972057
7.906146	0.00972057
7.909479	0.00972057
7.912813	0.00972057
7.916146	0.00972057
7.919479	0.00972057
7.922812	0.009700651
7.926146	0.009700651
7.929479	0.009680732
7.932813	0.009660812
7.936146	0.009640893
7.939479	0.009620974
7.942812	0.009601055
7.946146	0.009581136
7.949479	0.009601055
7.952813	0.009601055
7.956146	0.009640893
7.959479	0.009680732
7.962812	0.009740489
7.966146	0.009800247
7.969479	0.009860004
7.972813	0.009919762
7.976146	0.00997952
7.979479	0.01001936
7.982812	0.01003928
7.986146	0.01003928
7.989479	0.01003928
7.992813	0.009999439
7.996146	0.00997952
7.999479	0.009939681
8.002812	0.009899843
8.006145	0.009860004
8.00948	0.009840085
8.012813	0.009820166
8.016146	0.009800247
8.019479	0.009780328
8.022813	0.009760408
8.026146	0.009740489
8.029479	0.00972057
8.032812	0.009700651
8.036146	0.009660812
8.039479	0.009640893
8.042812	0.009640893
8.046145	0.009640893
8.049479	0.009660812
8.052813	0.009700651
8.056146	0.009740489
8.059479	0.009780328
8.062813	0.009820166
8.066146	0.009860004
8.069479	0.009879924
8.072812	0.009919762
8.076146	0.009939681
8.079479	0.00997952
8.082812	0.01003928
8.086145	0.01013887
8.089479	0.01023847
8.092813	0.01039782
8.096146	0.01055718
8.099479	0.01071653
8.102813	0.01087588
8.106146	0.01101532
8.109479	0.01109499
8.112812	0.01115475
8.116146	0.01115475
8.119479	0.01111491
8.122812	0.01103524
8.126145	0.01091572
8.129479	0.01079621
8.132813	0.01069661
8.136146	0.01059701
8.13948	0.01051734
8.142813	0.01045758
8.146146	0.01043766
8.149479	0.01045758
8.152813	0.01049742
8.156146	0.01055718
8.159479	0.01061693
8.162812	0.01071653
8.166146	0.01079621
8.169479	0.01087588
8.172812	0.01095556
8.176146	0.01101532
8.17948	0.01105516
8.182813	0.01107508
8.186146	0.01107508
8.189479	0.01103524
8.192813	0.01095556
8.196146	0.01087588
8.199479	0.01075637
8.202812	0.01063685
8.206146	0.01049742
8.209479	0.01039782
8.212812	0.01029823
8.216146	0.01025839
8.21948	0.01023847
8.222813	0.01027831
8.226146	0.01033806
8.229479	0.01041774
8.232813	0.01051734
8.236146	0.01061693
8.239479	0.01069661
8.242812	0.01073645
8.246146	0.01075637
8.249479	0.01075637
8.252812	0.01073645
8.256145	0.01069661
8.25948	0.01067669
8.262813	0.01065677
8.266146	0.01065677
8.269479	0.01065677
8.272813	0.01069661
8.276146	0.01075637
8.279479	0.01081613
8.282812	0.01087588
8.286146	0.01093564
8.289479	0.0109954
8.292812	0.01105516
8.296145	0.01111491
8.299479	0.01117467
8.302813	0.01123443
8.306146	0.01129419
8.309479	0.01137386
8.312813	0.01145354
8.316146	0.01155314
8.319479	0.01163281
8.322812	0.01171249
8.326146	0.01179217
8.329479	0.01185192
8.332812	0.01191168
8.336145	0.0119316
8.339479	0.0119316
8.342813	0.0119316
8.346146	0.01191168
8.349479	0.01191168
8.352813	0.01189176
8.356146	0.01187184
8.359479	0.01187184
8.362812	0.01187184
8.366146	0.01189176
8.369479	0.0119316
8.372812	0.01195152
8.376145	0.01199136
8.379479	0.01201128
8.382813	0.01205112
8.386146	0.01205112
8.38948	0.01205112
8.392813	0.01205112
8.396146	0.01205112
8.399479	0.0120312
8.402813	0.0120312
8.406146	0.0120312
8.409479	0.0120312
8.412812	0.01207104
8.416146	0.01211087
8.419479	0.01219055
8.422812	0.01227023
8.426146	0.01236982
8.42948	0.01248934
8.432813	0.01258893
8.436146	0.01266861
8.439479	0.01274829
8.442813	0.01278813
8.446146	0.01278813
8.449479	0.01276821
8.452812	0.01272837
8.456146	0.01266861
8.459479	0.01260885
8.462812	0.0125491
8.466146	0.01250926
8.46948	0.01250926
8.472813	0.01252918
8.476146	0.01258893
8.479479	0.01268853
8.482813	0.01280805
8.486146	0.01294748
8.489479	0.01308692
8.492812	0.01322635
8.496146	0.01334587
8.499479	0.01344546
8.502812	0.01350522
8.506145	0.01354506
8.50948	0.01356498
8.512813	0.01354506
8.516146	0.01354506
8.519479	0.01352514
8.522813	0.01352514
8.526146	0.01352514
8.529479	0.01354506
8.532812	0.0135849
8.536146	0.01362473
8.539479	0.01368449
8.542812	0.01374425
8.546145	0.01380401
8.549479	0.01384385
8.552813	0.0139036
8.556146	0.01394344
8.559479	0.01398328
8.562813	0.01402312
8.566146	0.01406296
8.569479	0.01408288
8.572812	0.01410279
8.576146	0.01412271
8.579479	0.01412271
8.582812	0.01410279
8.586145	0.01406296
8.589479	0.01404304
8.592813	0.0140032
8.596146	0.01394344
8.599479	0.0139036
8.602813	0.01384385
8.606146	0.01378409
8.609479	0.01370441
8.612812	0.01360481
8.616146	0.0134853
8.619479	0.01334587
8.622812	0.01320643
8.626145	0.01302716
8.629479	0.0128678
8.632813	0.01272837
8.636146	0.01260885
8.63948	0.01250926
8.642813	0.01246942
8.646146	0.01246942
8.649479	0.01252918
8.652813	0.01262877
8.656146	0.01274829
8.659479	0.01290764
8.662812	0.013067
8.666146	0.01320643
8.669479	0.01336578
8.672812	0.0134853
8.676146	0.01356498
8.67948	0.01362473
8.682813	0.01364465
8.686146	0.01364465
8.689479	0.01360481
8.692813	0.01352514
8.696146	0.01342554
8.699479	0.01330603
8.702812	0.01316659
8.706146	0.01300724
8.709479	0.01284789
8.712812	0.01266861
8.716146	0.01250926
8.71948	0.01232998
8.722813	0.01217063
8.726146	0.0120312
8.729479	0.01189176
8.732813	0.01179217
8.736146	0.01169257
8.739479	0.01159297
8.742812	0.0115133
8.746146	0.0114137
8.749479	0.01131411
8.752812	0.01119459
8.756145	0.01105516
8.75948	0.0108958
8.762813	0.01073645
8.766146	0.0105771
8.769479	0.01043766
8.772813	0.01033806
8.776146	0.01023847
8.779479	0.01019863
8.782812	0.01019863
8.786146	0.01021855
8.789479	0.01025839
8.792812	0.01031815
8.796145	0.01039782
8.799479	0.01045758
8.802813	0.01049742
8.806146	0.01051734
8.809479	0.01051734
8.812813	0.0104775
8.816146	0.01041774
8.819479	0.01033806
8.822812	0.01023847
8.826146	0.01015879
8.829479	0.0100592
8.832812	0.009999439
8.836145	0.009939681
8.839479	0.009899843
8.842813	0.009879924
8.846146	0.009860004
8.849479	0.009840085
8.852813	0.009800247
8.856146	0.009740489
8.859479	0.009680732
8.862812	0.009601055
8.866146	0.009521378
8.869479	0.009441701
8.872812	0.009401863
8.876145	0.009362024
8.879479	0.009362024
8.882813	0.009381944
8.886146	0.009421782
8.88948	0.009441701
8.892813	0.00946162
8.896146	0.00946162
8.899479	0.009441701
8.902813	0.009381944
8.906146	0.009322186
8.909479	0.009242509
8.912812	0.009162832
8.916146	0.009083156
8.919479	0.009023398
8.922812	0.00898356
8.926146	0.008943721
8.92948	0.008903883
8.932813	0.008864045
8.936146	0.008824206
8.939479	0.008804287
8.942813	0.008804287
8.946146	0.008804287
8.949479	0.008824206
8.952812	0.008883964
8.956146	0.00898356
8.959479	0.009083156
8.962812	0.00922259
8.966146	0.009342105
8.96948	0.00946162
8.972813	0.009561216
8.976146	0.009601055
8.979479	0.009620974
8.982813	0.009601055
8.986146	0.009541297
8.989479	0.00946162
8.992812	0.009381944
8.996146	0.009282348
8.999479	0.009182752
9.002812	0.009063236
9.006145	0.00896364
9.00948	0.008844125
9.012813	0.008704691
9.016146	0.008565257
9.019479	0.008425822
9.022813	0.008266469
9.026146	0.008127034
9.029479	0.0079876
9.032812	0.007907923
9.036146	0.007848165
9.039479	0.007808327
9.042812	0.007808327
9.046145	0.007828246
9.049479	0.007868085
9.052813	0.007888004
9.056146	0.007888004
9.059479	0.007868085
9.062813	0.007828246
9.066146	0.007768489
9.069479	0.007708731
9.072812	0.007668893
9.076146	0.007629054
9.079479	0.007629054
9.082812	0.007668893
9.086145	0.00772865
9.089479	0.007808327
9.092813	0.007927842
9.096146	0.008047357
9.099479	0.008146953
9.102813	0.00822663
9.106146	0.008306307
9.109479	0.008366065
9.112812	0.008385984
9.116146	0.008405903
9.119479	0.008425822
9.122812	0.008425822
9.126145	0.008425822
9.129479	0.008425822
9.132813	0.008445741
9.136146	0.008445741
9.13948	0.008445741
9.142813	0.008445741
9.146146	0.008445741
9.149479	0.008405903
9.152813	0.008385984
9.156146	0.008326226
9.159479	0.008266469
9.162812	0.008186792
9.166146	0.008087196
9.169479	0.008007519
9.172812	0.007927842
9.176146	0.007868085
9.17948	0.007808327
9.182813	0.007748569
9.186146	0.007708731
9.189479	0.007688812
9.192813	0.007688812
9.196146	0.007688812
9.199479	0.007668893
9.202812	0.007668893
9.206146	0.007648973
9.209479	0.007629054
9.212812	0.007569297
9.216146	0.007509539
9.21948	0.007449781
9.222813	0.007390024
9.226146	0.007330266
9.229479	0.007290428
9.232813	0.007270509
9.236146	0.007250589
9.239479	0.007270509
9.242812	0.007290428
9.246146	0.007330266
9.249479	0.007350185
9.252812	0.007370105
9.256145	0.007390024
9.25948	0.007390024
9.262813	0.007390024
9.266146	0.007350185
9.269479	0.007310347
9.272813	0.007250589
9.276146	0.007190832
9.279479	0.007131074
9.282812	0.007071317
9.286146	0.007011559
9.289479	0.006971721
9.292812	0.006931882
9.296145	0.006931882
9.299479	0.006951801
9.302813	0.00699164
9.306146	0.007051397
9.309479	0.007111155
9.312813	0.007190832
9.316146	0.007270509
9.319479	0.007330266
9.322812	0.007370105
9.326146	0.007390024
9.329479	0.007409943
9.332812	0.007370105
9.336145	0.007330266
9.339479	0.007290428
9.342813	0.007210751
9.346146	0.007150993
9.349479	0.007091236
9.352813	0.007051397
9.356146	0.00699164
9.359479	0.006951801
9.362812	0.006911963
9.366146	0.006892044
9.369479	0.006892044
9.372812	0.006892044
9.376145	0.006911963
9.379479	0.006931882
9.382813	0.006971721
9.386146	0.007031478
9.38948	0.007091236
9.392813	0.007190832
9.396146	0.007290428
9.399479	0.007390024
9.402813	0.007469701
9.406146	0.007549377
9.409479	0.007609135
9.412812	0.007648973
9.416146	0.007648973
9.419479	0.007609135
9.422812	0.007549377
9.426146	0.007469701
9.42948	0.007390024
9.432813	0.007330266
9.436146	0.007250589
9.439479	0.007210751
9.442813	0.007190832
9.446146	0.007170913
9.449479	0.007190832
9.452812	0.007210751
9.456146	0.00723067
9.459479	0.007250589
9.462812	0.007270509
9.466146	0.007270509
9.46948	0.007270509
9.472813	0.007270509
9.476146	0.007250589
9.479479	0.007210751
9.482813	0.007170913
9.486146	0.007131074
9.489479	0.007051397
9.492812	0.00699164
9.496146	0.006911963
9.499479	0.006812367
9.502812	0.00673269
9.506145	0.006653013
9.50948	0.006573337
9.512813	0.006533498
9.516146	0.00649366
9.519479	0.006473741
9.522813	0.006473741
9.526146	0.006473741
9.529479	0.006473741
9.532812	0.00649366
9.536146	0.006513579
9.539479	0.006513579
9.542812	0.006513579
9.546145	0.00649366
9.549479	0.00649366
9.552813	0.006473741
9.556146	0.006453821
9.559479	0.006453821
9.562813	0.006453821
9.566146	0.006473741
9.569479	0.006513579
9.572812	0.006573337
9.576146	0.006653013
9.579479	0.006772529
9.582812	0.006852205
9.586145	0.006931882
9.589479	0.00699164
9.592813	0.00699164
9.596146	0.006951801
9.599479	0.006872125
9.602813	0.006752609
9.606146	0.006613175
9.609479	0.006473741
9.612812	0.006334306
9.616146	0.006254629
9.619479	0.00621479
9.622812	0.00621479
9.626145	0.006254629
9.629479	0.006334306
9.632813	0.006413983
9.636146	0.00649366
9.63948	0.006553417
9.642813	0.006593256
9.646146	0.006593256
9.649479	0.006593256
9.652813	0.006553417
9.656146	0.006533498
9.659479	0.00649366
9.662812	0.006473741
9.666146	0.006473741
9.669479	0.006473741
9.672812	0.006453821
9.676146	0.006433902
9.67948	0.006374144
9.682813	0.006314386
9.686146	0.006254629
9.689479	0.006174952
9.692813	0.006115194
9.696146	0.006075356
9.699479	0.006075356
9.702812	0.006095275
9.706146	0.006135114
9.709479	0.00623471
9.712812	0.006334306
9.716146	0.006413983
9.71948	0.006513579
9.722813	0.006553417
9.726146	0.006593256
9.729479	0.006593256
9.732813	0.006573337
9.736146	0.006553417
9.739479	0.006513579
9.742812	0.006513579
9.746146	0.006533498
9.749479	0.006573337
9.752812	0.006672933
9.756145	0.006772529
9.75948	0.006911963
9.762813	0.007031478
9.766146	0.007131074
9.769479	0.00723067
9.772813	0.007290428
9.776146	0.007310347
9.779479	0.007310347
9.782812	0.007310347
9.786146	0.007270509
9.789479	0.00723067
9.792812	0.007170913
9.796145	0.007131074
9.799479	0.007091236
9.802813	0.007051397
9.806146	0.007011559
9.809479	0.00699164
9.812813	0.006971721
9.816146	0.006951801
9.819479	0.006931882
9.822812	0.006911963
9.826146	0.006892044
9.829479	0.006872125
9.832812	0.006852205
9.836145	0.006832286
9.839479	0.006812367
9.842813	0.006792448
9.846146	0.006772529
9.849479	0.006772529
9.852813	0.006772529
9.856146	0.006772529
9.859479	0.006772529
9.862812	0.006772529
9.866146	0.006772529
9.869479	0.006792448
9.872812	0.006792448
9.876145	0.006812367
9.879479	0.006832286
9.882813	0.006852205
9.886146	0.006892044
9.88948	0.006931882
9.892813	0.006951801
9.896146	0.00699164
9.899479	0.00699164
9.902813	0.00699164
9.906146	0.00699164
9.909479	0.006951801
9.912812	0.006911963
9.916146	0.006872125
9.919479	0.006812367
9.922812	0.006752609
9.926146	0.006672933
9.92948	0.006593256
9.932813	0.006513579
9.936146	0.006413983
9.939479	0.006334306
9.942813	0.00623471
9.946146	0.006135114
9.949479	0.006055437
9.952812	0.00597576
9.956146	0.005896083
9.959479	0.005836326
9.962812	0.005776568
9.966146	0.00573673
9.96948	0.005696891
9.972813	0.005676972
9.976146	0.005657053
9.979479	0.005657053
9.982813	0.005657053
9.986146	0.005676972
9.989479	0.00571681
9.992812	0.00573673
9.996146	0.005776568
9.999479	0.005816406
}
[PEAK]
{
Peak ID	1
Peak Ref	1
Time	4.388408
Peak	4.046146	4.722813
Intensity	1.507998e-05	4.816056e-05
Height	0.0005633058
AreaAbs	167.1515
Area %BP	0.005464481
Area %Total	0.005444566
Width	0.6766667
}
[PEAK]
{
Peak ID	2
Peak Ref	2
Time	5.108023
Peak	4.722813	6.086146
Intensity	1.507998e-05	4.816056e-05
Height	0.299285
AreaAbs	50981.21
Area %BP	1.666667
Area %Total	1.660593
Width	1.363333
}
[PEAK]
{
Peak ID	3
Peak Ref	3
Time	6.136131
Peak	6.086146	6.579479
Intensity	1.507998e-05	4.816056e-05
Height	8.661674e-05
AreaAbs	19.32578
Area %BP	0.0006317941
Area %Total	0.0006294916
Width	0.4933333
}
}
}
}
