[SAMPLE]
{
Sample	1
Well	1:B,11
FileName	
SampleID	ASD-E-2601294-006
SampleDescription	Aquired with Galaxy
Date	05-Mar-2026
Time	18:13:23 PRC
JobCode	
TaskCode	
UserName	Congcong_Liu2
LabName	Aquired with Galaxy
Instrument	MS_L_19_062
Conditions	
Submitter	Siyu_Zhang
SampleType	
Plate	
Method	
Process	Galaxy
MSTune	
MSMethod	
InletMethod	
PreRunMethod	
PostRunMethod	
SwitchMethod	
FractionMethod	
AcquisitionProcess	
AcquisitionProcessParameters	
AcquisitionProcessOptions	
InjectionVolume	25
ReportScheme	
SampleReportEnable	0
SampleReportFormat	
AnalysisTime	0
[COMPOUND]
{
;Mono Mass	Formula
}
[FUNCTION]
{
Function	1
IonMode	ES+
Type	MS
Description	(0:0)
[SPECTRUM]
{
ProcDesc	0.00:Combine
State	OK
Peak ID	0
Peak Ref	0
Time	0
TIC	0
BPI	0
BPM	0
Continuum	FALSE
Saved	FALSE
[MASSES]
{
;Mass	Exp. Mass	Obs. Mass	% BPI	Int. Abs
}
[RESULTS]
{
;Mass	Found	% BPI	% Purity
}
[MS]
{
;Mass	% BPI
0	0
}
}
[CHROMATOGRAM]
{
TraceNumber	1
Description	scroll down chrom view to see 2D LC chrom
ProcDesc	
MaxIntensity	0
[TRACE]
{
0	0
}
[PEAK]
{
Peak ID	0
Peak Ref	0
Time	0
Peak	0
Intensity	0	0
Height	0
AreaAbs	0
Area %BP	0
Area %Total	0
}
}
}
[FUNCTION]
{
Function	0
Description	ANALOG
[CHROMATOGRAM]
{
TraceNumber	2
Description	LC
ProcDesc	Result Id:2855, VWD: Signal A, 280 nm
MaxIntensity	0.1936748
[TRACE]
{
;Time	Int. %Max
0.0015625	0.0170497
0.004895833	0.01689583
0.008229166	0.01674195
0.0115625	0.01658807
0.01489583	0.01649574
0.01822917	0.01646497
0.0215625	0.01649574
0.02489583	0.01655729
0.02822917	0.0166804
0.0315625	0.01686505
0.03489583	0.0170497
0.03822917	0.01726513
0.0415625	0.01748056
0.04489583	0.01769599
0.04822917	0.01788065
0.0515625	0.01803452
0.05489583	0.01815763
0.05822917	0.01821918
0.0615625	0.01824995
0.06489583	0.01821918
0.06822917	0.01815763
0.0715625	0.01803452
0.07489584	0.01791142
0.07822917	0.01778832
0.0815625	0.01763444
0.08489583	0.01751134
0.08822916	0.01738824
0.0915625	0.01729591
0.09489583	0.01723436
0.09822917	0.01720358
0.1015625	0.01720358
0.1048958	0.01723436
0.1082292	0.01729591
0.1115625	0.01732668
0.1148958	0.01738824
0.1182292	0.01744979
0.1215625	0.01748056
0.1248958	0.01748056
0.1282292	0.01748056
0.1315625	0.01744979
0.1348958	0.01741901
0.1382292	0.01738824
0.1415625	0.01732668
0.1448958	0.01732668
0.1482292	0.01732668
0.1515625	0.01735746
0.1548958	0.01744979
0.1582292	0.01760367
0.1615625	0.01775754
0.1648958	0.01797297
0.1682292	0.0181884
0.1715625	0.01840383
0.1748958	0.01861926
0.1782292	0.01880392
0.1815625	0.01895779
0.1848958	0.01905012
0.1882292	0.01905012
0.1915625	0.01901935
0.1948958	0.01886547
0.1982292	0.01868081
0.2015625	0.01846538
0.2048958	0.0181884
0.2082292	0.01791142
0.2115625	0.01766522
0.2148958	0.01741901
0.2182292	0.01726513
0.2215625	0.01717281
0.2248958	0.01711126
0.2282292	0.01711126
0.2315625	0.01711126
0.2348958	0.01714203
0.2382292	0.01711126
0.2415625	0.01708048
0.2448958	0.01695738
0.2482292	0.0168035
0.2515625	0.01658807
0.2548958	0.01637264
0.2582292	0.01612643
0.2615625	0.01588023
0.2648958	0.0156648
0.2682292	0.01548015
0.2715625	0.01529549
0.2748958	0.01517239
0.2782292	0.01511084
0.2815625	0.01504929
0.2848958	0.01504929
0.2882292	0.01508006
0.2915625	0.01514161
0.2948958	0.01523394
0.2982292	0.01535704
0.3015625	0.01548015
0.3048958	0.01563402
0.3082292	0.01575713
0.3115625	0.01588023
0.3148958	0.01600333
0.3182292	0.01609566
0.3215625	0.01621876
0.3248958	0.01634186
0.3282292	0.01649574
0.3315625	0.01661885
0.3348958	0.01677272
0.3382292	0.0169266
0.3415625	0.0170497
0.3448958	0.01711126
0.3482292	0.01708048
0.3515625	0.01695738
0.3548958	0.01674195
0.3582292	0.01643419
0.3615625	0.01606488
0.3648958	0.0156648
0.3682292	0.01526472
0.3715625	0.01489541
0.3748958	0.01458765
0.3782292	0.01443377
0.3815625	0.01434145
0.3848958	0.014403
0.3882292	0.0145261
0.3915625	0.01474153
0.3948958	0.01501851
0.3982292	0.01532627
0.4015625	0.01563402
0.4048958	0.01591101
0.4082292	0.01615721
0.4115625	0.01637264
0.4148958	0.01658807
0.4182292	0.01674195
0.4215625	0.01686505
0.4248958	0.01698815
0.4282292	0.0170497
0.4315625	0.01708048
0.4348958	0.01708048
0.4382292	0.0170497
0.4415625	0.01701893
0.4448958	0.01695738
0.4482292	0.0169266
0.4515625	0.01689583
0.4548958	0.01689583
0.4582292	0.01689583
0.4615625	0.01695738
0.4648958	0.01701893
0.4682292	0.0170497
0.4715625	0.01711126
0.4748958	0.01711126
0.4782292	0.01708048
0.4815625	0.01701893
0.4848958	0.0169266
0.4882292	0.01683427
0.4915625	0.01671117
0.4948958	0.01661885
0.4982292	0.01652652
0.5015625	0.01643419
0.5048958	0.01640342
0.5082292	0.01637264
0.5115625	0.01637264
0.5148959	0.01640342
0.5182292	0.01646497
0.5215625	0.01652652
0.5248958	0.01658807
0.5282292	0.01664962
0.5315625	0.01671117
0.5348958	0.01674195
0.5382292	0.01674195
0.5415625	0.01674195
0.5448958	0.01671117
0.5482292	0.0166804
0.5515625	0.01661885
0.5548958	0.01658807
0.5582291	0.01655729
0.5615625	0.01655729
0.5648958	0.01655729
0.5682291	0.01655729
0.5715625	0.01658807
0.5748959	0.01658807
0.5782292	0.01655729
0.5815625	0.01652652
0.5848958	0.01646497
0.5882292	0.01640342
0.5915625	0.01628031
0.5948958	0.01618799
0.5982292	0.01606488
0.6015625	0.01597256
0.6048958	0.01591101
0.6082292	0.01588023
0.6115625	0.01588023
0.6148958	0.01588023
0.6182292	0.01594178
0.6215625	0.01600333
0.6248958	0.01609566
0.6282291	0.01621876
0.6315625	0.01634186
0.6348959	0.01646497
0.6382292	0.01661885
0.6415625	0.01674195
0.6448959	0.01686505
0.6482292	0.01695738
0.6515625	0.0170497
0.6548958	0.01708048
0.6582292	0.0170497
0.6615625	0.01698815
0.6648958	0.01689583
0.6682292	0.01677272
0.6715625	0.01664962
0.6748958	0.01649574
0.6782292	0.01634186
0.6815625	0.01621876
0.6848958	0.01609566
0.6882291	0.01600333
0.6915625	0.01591101
0.6948958	0.01588023
0.6982292	0.01581868
0.7015625	0.01581868
0.7048959	0.01581868
0.7082292	0.01584945
0.7115625	0.01591101
0.7148958	0.01597256
0.7182292	0.01606488
0.7215625	0.01615721
0.7248958	0.01624954
0.7282292	0.01634186
0.7315625	0.01640342
0.7348958	0.01643419
0.7382292	0.01643419
0.7415625	0.01640342
0.7448958	0.01634186
0.7482291	0.01628031
0.7515625	0.01621876
0.7548958	0.01615721
0.7582292	0.01612643
0.7615625	0.01612643
0.7648959	0.01615721
0.7682292	0.01624954
0.7715625	0.01634186
0.7748958	0.01646497
0.7782292	0.01655729
0.7815625	0.0166804
0.7848958	0.01677272
0.7882292	0.01686505
0.7915625	0.01689583
0.7948958	0.01689583
0.7982292	0.01689583
0.8015625	0.01686505
0.8048958	0.01683427
0.8082291	0.01677272
0.8115625	0.01674195
0.8148958	0.0166804
0.8182291	0.01664962
0.8215625	0.01658807
0.8248959	0.01652652
0.8282292	0.01646497
0.8315625	0.01637264
0.8348958	0.01628031
0.8382292	0.01618799
0.8415625	0.01606488
0.8448958	0.01597256
0.8482292	0.01588023
0.8515625	0.01581868
0.8548958	0.0157879
0.8582292	0.01575713
0.8615625	0.01575713
0.8648958	0.01575713
0.8682292	0.0157879
0.8715625	0.0157879
0.8748958	0.0157879
0.8782291	0.0157879
0.8815625	0.0157879
0.8848959	0.0157879
0.8882292	0.0157879
0.8915625	0.0157879
0.8948959	0.0157879
0.8982292	0.0157879
0.9015625	0.0157879
0.9048958	0.01575713
0.9082292	0.01572635
0.9115625	0.0156648
0.9148958	0.01560325
0.9182292	0.0155417
0.9215625	0.01548015
0.9248958	0.01544937
0.9282292	0.01544937
0.9315625	0.01544937
0.9348958	0.01551092
0.9382291	0.01557247
0.9415625	0.0156648
0.9448958	0.01575713
0.9482292	0.01584945
0.9515625	0.01594178
0.9548959	0.01603411
0.9582292	0.01615721
0.9615625	0.01624954
0.9648958	0.01631109
0.9682292	0.01637264
0.9715625	0.01643419
0.9748958	0.01643419
0.9782292	0.01640342
0.9815625	0.01634186
0.9848958	0.01624954
0.9882292	0.01615721
0.9915625	0.01606488
0.9948958	0.01600333
0.9982291	0.01597256
1.001562	0.01600333
1.004896	0.01606488
1.008229	0.01612643
1.011562	0.01624954
1.014896	0.01634186
1.018229	0.01643419
1.021562	0.01649574
1.024896	0.01655729
1.028229	0.01655729
1.031562	0.01652652
1.034896	0.01649574
1.038229	0.01643419
1.041563	0.01634186
1.044896	0.01624954
1.048229	0.01615721
1.051563	0.01606488
1.054896	0.01597256
1.058229	0.01591101
1.061563	0.01584945
1.064896	0.01581868
1.068229	0.01581868
1.071563	0.01588023
1.074896	0.01594178
1.078229	0.01603411
1.081563	0.01612643
1.084896	0.01624954
1.088229	0.01634186
1.091563	0.01646497
1.094896	0.01655729
1.098229	0.01664962
1.101563	0.01671117
1.104896	0.01677272
1.108229	0.01683427
1.111562	0.01689583
1.114896	0.0169266
1.118229	0.01698815
1.121562	0.01701893
1.124896	0.01711126
1.128229	0.01717281
1.131562	0.01723436
1.134896	0.01729591
1.138229	0.01735746
1.141562	0.01738824
1.144896	0.01738824
1.148229	0.01735746
1.151562	0.01729591
1.154896	0.01723436
1.158229	0.01714203
1.161562	0.01701893
1.164896	0.01689583
1.168229	0.0168035
1.171563	0.0166804
1.174896	0.01658807
1.178229	0.01649574
1.181563	0.01640342
1.184896	0.01631109
1.188229	0.01621876
1.191563	0.01615721
1.194896	0.01609566
1.198229	0.01606488
1.201563	0.01603411
1.204896	0.01606488
1.208229	0.01606488
1.211563	0.01609566
1.214896	0.01615721
1.218229	0.01621876
1.221563	0.01628031
1.224896	0.01634186
1.228229	0.01640342
1.231562	0.01646497
1.234896	0.01652652
1.238229	0.01655729
1.241562	0.01655729
1.244896	0.01652652
1.248229	0.01649574
1.251562	0.01643419
1.254896	0.01634186
1.258229	0.01624954
1.261562	0.01612643
1.264896	0.01597256
1.268229	0.01584945
1.271562	0.01575713
1.274896	0.01569558
1.278229	0.0156648
1.281562	0.0156648
1.284896	0.01572635
1.288229	0.0157879
1.291563	0.01588023
1.294896	0.01597256
1.298229	0.01606488
1.301563	0.01615721
1.304896	0.01624954
1.308229	0.01634186
1.311563	0.01646497
1.314896	0.01658807
1.318229	0.01674195
1.321563	0.01689583
1.324896	0.0170497
1.328229	0.01720358
1.331563	0.01735746
1.334896	0.01744979
1.338229	0.01748056
1.341563	0.01748056
1.344896	0.01741901
1.348229	0.01729591
1.351563	0.01711126
1.354896	0.01689583
1.358229	0.01664962
1.361562	0.01637264
1.364896	0.01609566
1.368229	0.01584945
1.371562	0.01560325
1.374896	0.0154186
1.378229	0.01526472
1.381562	0.01517239
1.384896	0.01511084
1.388229	0.01511084
1.391562	0.01517239
1.394896	0.01523394
1.398229	0.01535704
1.401562	0.01544937
1.404896	0.01557247
1.408229	0.01569558
1.411562	0.0157879
1.414896	0.01591101
1.418229	0.01600333
1.421563	0.01612643
1.424896	0.01624954
1.428229	0.01637264
1.431563	0.01652652
1.434896	0.01664962
1.438229	0.0168035
1.441563	0.01695738
1.444896	0.01708048
1.448229	0.01717281
1.451563	0.01720358
1.454896	0.01720358
1.458229	0.01714203
1.461563	0.01701893
1.464896	0.01683427
1.468229	0.01661885
1.471563	0.01637264
1.474896	0.01615721
1.478229	0.01597256
1.481562	0.0157879
1.484896	0.01569558
1.488229	0.0156648
1.491562	0.01569558
1.494896	0.0157879
1.498229	0.01594178
1.501562	0.01612643
1.504896	0.01631109
1.508229	0.01649574
1.511562	0.01664962
1.514896	0.01677272
1.518229	0.01686505
1.521562	0.01689583
1.524896	0.01686505
1.528229	0.01683427
1.531562	0.01677272
1.534896	0.01674195
1.538229	0.01671117
1.541563	0.01674195
1.544896	0.01677272
1.548229	0.01686505
1.551563	0.01695738
1.554896	0.0170497
1.558229	0.01708048
1.561563	0.01708048
1.564896	0.01698815
1.568229	0.01683427
1.571563	0.01664962
1.574896	0.01643419
1.578229	0.01621876
1.581563	0.01600333
1.584896	0.01588023
1.588229	0.01581868
1.591563	0.01581868
1.594896	0.01588023
1.598229	0.01594178
1.601563	0.01603411
1.604896	0.01606488
1.608229	0.01606488
1.611562	0.01600333
1.614896	0.01588023
1.618229	0.01572635
1.621562	0.01557247
1.624896	0.0154186
1.628229	0.01526472
1.631562	0.01517239
1.634896	0.01514161
1.638229	0.01511084
1.641562	0.01514161
1.644896	0.01517239
1.648229	0.01520317
1.651562	0.01523394
1.654896	0.01529549
1.658229	0.01532627
1.661562	0.01538782
1.664896	0.0154186
1.668229	0.01544937
1.671563	0.01548015
1.674896	0.01551092
1.678229	0.01548015
1.681563	0.01544937
1.684896	0.01538782
1.688229	0.01529549
1.691563	0.01526472
1.694896	0.01520317
1.698229	0.01523394
1.701563	0.01526472
1.704896	0.01538782
1.708229	0.0155417
1.711563	0.01569558
1.714896	0.01588023
1.718229	0.01606488
1.721563	0.01618799
1.724896	0.01631109
1.728229	0.01637264
1.731562	0.01640342
1.734896	0.01640342
1.738229	0.01637264
1.741562	0.01631109
1.744896	0.01624954
1.748229	0.01612643
1.751562	0.01603411
1.754896	0.01591101
1.758229	0.0157879
1.761562	0.01569558
1.764896	0.01563402
1.768229	0.01560325
1.771562	0.01563402
1.774896	0.0156648
1.778229	0.01575713
1.781562	0.01588023
1.784896	0.01597256
1.788229	0.01603411
1.791563	0.01609566
1.794896	0.01606488
1.798229	0.01603411
1.801563	0.01597256
1.804896	0.01591101
1.808229	0.01581868
1.811563	0.0157879
1.814896	0.01575713
1.818229	0.01575713
1.821563	0.0157879
1.824896	0.01584945
1.828229	0.01591101
1.831563	0.01597256
1.834896	0.01600333
1.838229	0.01603411
1.841563	0.01603411
1.844896	0.01600333
1.848229	0.01597256
1.851563	0.01597256
1.854896	0.01597256
1.858229	0.01600333
1.861562	0.01603411
1.864896	0.01612643
1.868229	0.01621876
1.871562	0.01628031
1.874896	0.01637264
1.878229	0.01640342
1.881562	0.01643419
1.884896	0.01640342
1.888229	0.01634186
1.891562	0.01624954
1.894896	0.01612643
1.898229	0.01600333
1.901562	0.01591101
1.904896	0.0157879
1.908229	0.01572635
1.911562	0.01569558
1.914896	0.01569558
1.918229	0.01572635
1.921563	0.0157879
1.924896	0.01588023
1.928229	0.01594178
1.931563	0.01600333
1.934896	0.01603411
1.938229	0.01603411
1.941563	0.01600333
1.944896	0.01597256
1.948229	0.01591101
1.951563	0.01584945
1.954896	0.01575713
1.958229	0.01572635
1.961563	0.01569558
1.964896	0.01569558
1.968229	0.01572635
1.971563	0.01575713
1.974896	0.01581868
1.978229	0.01591101
1.981562	0.01600333
1.984896	0.01609566
1.988229	0.01621876
1.991562	0.01628031
1.994896	0.01637264
1.998229	0.01643419
2.001563	0.01649574
2.004896	0.01655729
2.008229	0.01661885
2.011563	0.0166804
2.014896	0.01677272
2.018229	0.01683427
2.021563	0.01689583
2.024896	0.0169266
2.028229	0.0169266
2.031563	0.01689583
2.034896	0.0168035
2.038229	0.01671117
2.041563	0.01655729
2.044896	0.01637264
2.048229	0.01618799
2.051563	0.01600333
2.054896	0.01584945
2.058229	0.01569558
2.061563	0.01557247
2.064896	0.01548015
2.068229	0.0154186
2.071563	0.0154186
2.074896	0.0154186
2.078229	0.01548015
2.081563	0.0155417
2.084896	0.0156648
2.088229	0.0157879
2.091563	0.01591101
2.094896	0.01603411
2.098229	0.01612643
2.101563	0.01621876
2.104896	0.01628031
2.108229	0.01634186
2.111562	0.01637264
2.114896	0.01640342
2.118229	0.01640342
2.121562	0.01643419
2.124896	0.01646497
2.128229	0.01652652
2.131562	0.01658807
2.134896	0.01664962
2.138229	0.01664962
2.141562	0.01664962
2.144896	0.01661885
2.148229	0.01652652
2.151562	0.01643419
2.154896	0.01634186
2.158229	0.01624954
2.161562	0.01621876
2.164896	0.01624954
2.168229	0.01634186
2.171562	0.01649574
2.174896	0.01664962
2.178229	0.0168035
2.181562	0.01695738
2.184896	0.01701893
2.188229	0.0170497
2.191562	0.01695738
2.194896	0.0168035
2.198229	0.01658807
2.201562	0.01637264
2.204896	0.01612643
2.208229	0.01588023
2.211562	0.0156648
2.214896	0.01551092
2.218229	0.01538782
2.221562	0.01529549
2.224896	0.01529549
2.228229	0.01529549
2.231563	0.01532627
2.234896	0.01538782
2.238229	0.01548015
2.241563	0.01560325
2.244896	0.01575713
2.248229	0.01588023
2.251563	0.01600333
2.254896	0.01612643
2.258229	0.01618799
2.261563	0.01618799
2.264896	0.01615721
2.268229	0.01609566
2.271563	0.01597256
2.274896	0.01584945
2.278229	0.01569558
2.281563	0.0155417
2.284896	0.0154186
2.288229	0.01529549
2.291563	0.01520317
2.294896	0.01514161
2.298229	0.01508006
2.301563	0.01504929
2.304896	0.01501851
2.308229	0.01498774
2.311563	0.01492618
2.314896	0.01486463
2.318229	0.01477231
2.321563	0.0146492
2.324896	0.0145261
2.328229	0.01437222
2.331563	0.01421835
2.334896	0.01406447
2.338229	0.01391059
2.341563	0.01384904
2.344896	0.01381826
2.348229	0.01384904
2.351563	0.01394136
2.354896	0.01409524
2.358229	0.01431067
2.361562	0.01458765
2.364896	0.01489541
2.368229	0.01517239
2.371562	0.01544937
2.374896	0.0156648
2.378229	0.01584945
2.381562	0.01594178
2.384896	0.01600333
2.388229	0.01603411
2.391562	0.01597256
2.394896	0.01588023
2.398229	0.01575713
2.401562	0.01563402
2.404896	0.01551092
2.408229	0.01538782
2.411562	0.01526472
2.414896	0.01517239
2.418229	0.01508006
2.421562	0.01498774
2.424896	0.01489541
2.428229	0.01483386
2.431562	0.01477231
2.434896	0.01474153
2.438229	0.01471076
2.441562	0.0146492
2.444896	0.01461843
2.448229	0.01458765
2.451562	0.01458765
2.454896	0.01455688
2.458229	0.0145261
2.461562	0.0145261
2.464896	0.01449533
2.468229	0.01446455
2.471562	0.01446455
2.474896	0.01449533
2.478229	0.0145261
2.481563	0.01455688
2.484896	0.01458765
2.488229	0.01461843
2.491563	0.0146492
2.494896	0.01467998
2.498229	0.01467998
2.501563	0.01467998
2.504896	0.0146492
2.508229	0.01461843
2.511563	0.01458765
2.514896	0.0145261
2.518229	0.01449533
2.521563	0.01443377
2.524896	0.01437222
2.528229	0.01431067
2.531563	0.0142799
2.534896	0.01424912
2.538229	0.01424912
2.541563	0.01424912
2.544896	0.01431067
2.548229	0.01434145
2.551563	0.014403
2.554896	0.01443377
2.558229	0.01443377
2.561563	0.014403
2.564896	0.0142799
2.568229	0.01415679
2.571563	0.01397214
2.574896	0.01375671
2.578229	0.01357206
2.581563	0.01341818
2.584896	0.01332585
2.588229	0.01332585
2.591563	0.01341818
2.594896	0.01360283
2.598229	0.01384904
2.601563	0.01412602
2.604896	0.01446455
2.608229	0.01477231
2.611562	0.01501851
2.614896	0.01526472
2.618229	0.0154186
2.621562	0.01551092
2.624896	0.01557247
2.628229	0.0155417
2.631562	0.01551092
2.634896	0.01544937
2.638229	0.01538782
2.641562	0.01529549
2.644896	0.01523394
2.648229	0.01517239
2.651562	0.01511084
2.654896	0.01504929
2.658229	0.01501851
2.661562	0.01495696
2.664896	0.01489541
2.668229	0.01483386
2.671562	0.01477231
2.674896	0.01467998
2.678229	0.01455688
2.681562	0.01446455
2.684896	0.014403
2.688229	0.01431067
2.691562	0.01424912
2.694896	0.01421835
2.698229	0.01418757
2.701562	0.01418757
2.704896	0.01418757
2.708229	0.01418757
2.711562	0.01421835
2.714896	0.01421835
2.718229	0.01421835
2.721562	0.01424912
2.724896	0.01424912
2.728229	0.01424912
2.731563	0.01424912
2.734896	0.0142799
2.738229	0.0142799
2.741563	0.01431067
2.744896	0.01431067
2.748229	0.01434145
2.751563	0.01437222
2.754896	0.01437222
2.758229	0.01434145
2.761563	0.01431067
2.764896	0.01421835
2.768229	0.01412602
2.771563	0.01397214
2.774896	0.01381826
2.778229	0.01363361
2.781563	0.01347973
2.784896	0.01332585
2.788229	0.01320275
2.791563	0.0131412
2.794896	0.0131412
2.798229	0.01320275
2.801563	0.0132643
2.804896	0.0133874
2.808229	0.01351051
2.811563	0.01363361
2.814896	0.01375671
2.818229	0.01384904
2.821563	0.01391059
2.824896	0.01394136
2.828229	0.01394136
2.831563	0.01387981
2.834896	0.01381826
2.838229	0.01369516
2.841563	0.01357206
2.844896	0.01344895
2.848229	0.01329508
2.851563	0.0131412
2.854896	0.01295654
2.858229	0.01280267
2.861562	0.01261801
2.864896	0.01246413
2.868229	0.01234103
2.871562	0.0122487
2.874896	0.01218715
2.878229	0.01221793
2.881562	0.01227948
2.884896	0.01243336
2.888229	0.01264879
2.891562	0.01289499
2.894896	0.01317197
2.898229	0.01347973
2.901562	0.01378749
2.904896	0.01406447
2.908229	0.0142799
2.911562	0.01443377
2.914896	0.0145261
2.918229	0.0145261
2.921562	0.01446455
2.924896	0.01437222
2.928229	0.0142799
2.931562	0.01415679
2.934896	0.01403369
2.938229	0.01391059
2.941562	0.01381826
2.944896	0.01378749
2.948229	0.01375671
2.951562	0.01372594
2.954896	0.01375671
2.958229	0.01375671
2.961562	0.01381826
2.964896	0.01391059
2.968229	0.01400292
2.971562	0.01415679
2.974896	0.0142799
2.978229	0.01443377
2.981563	0.01458765
2.984896	0.01471076
2.988229	0.01483386
2.991563	0.01492618
2.994896	0.01498774
2.998229	0.01504929
3.001563	0.01511084
3.004896	0.01514161
3.008229	0.01520317
3.011563	0.01526472
3.014896	0.01535704
3.018229	0.0154186
3.021563	0.01544937
3.024896	0.01548015
3.028229	0.01548015
3.031563	0.01544937
3.034896	0.01538782
3.038229	0.01529549
3.041563	0.01514161
3.044896	0.01498774
3.048229	0.01483386
3.051563	0.0146492
3.054896	0.01446455
3.058229	0.01431067
3.061563	0.01415679
3.064896	0.01406447
3.068229	0.01403369
3.071563	0.01403369
3.074896	0.01406447
3.078229	0.01415679
3.081563	0.01424912
3.084896	0.01434145
3.088229	0.01443377
3.091563	0.01449533
3.094896	0.01449533
3.098229	0.01449533
3.101563	0.01443377
3.104896	0.01434145
3.108229	0.01421835
3.111562	0.01409524
3.114896	0.01397214
3.118229	0.01384904
3.121562	0.01369516
3.124896	0.01357206
3.128229	0.01344895
3.131562	0.01335663
3.134896	0.01323352
3.138229	0.0131412
3.141562	0.01311042
3.144896	0.01311042
3.148229	0.01317197
3.151562	0.01329508
3.154896	0.01347973
3.158229	0.01372594
3.161562	0.01400292
3.164896	0.01431067
3.168229	0.01458765
3.171562	0.01483386
3.174896	0.01501851
3.178229	0.01514161
3.181562	0.01520317
3.184896	0.01523394
3.188229	0.01523394
3.191562	0.01517239
3.194896	0.01514161
3.198229	0.01511084
3.201562	0.01511084
3.204896	0.01511084
3.208229	0.01514161
3.211562	0.01523394
3.214896	0.01532627
3.218229	0.01548015
3.221562	0.01563402
3.224896	0.01581868
3.228229	0.01603411
3.231563	0.01624954
3.234896	0.01649574
3.238229	0.01671117
3.241563	0.0169266
3.244896	0.01714203
3.248229	0.01735746
3.251563	0.01757289
3.254896	0.0178191
3.258229	0.01815763
3.261563	0.01852693
3.264896	0.01898857
3.268229	0.01957331
3.271563	0.02028115
3.274896	0.02108131
3.278229	0.02206613
3.281563	0.02314328
3.284896	0.02434353
3.288229	0.02569766
3.291563	0.02717489
3.294896	0.02874445
3.298229	0.03043711
3.301563	0.0322221
3.304896	0.03403786
3.308229	0.03594595
3.311563	0.03788481
3.314896	0.03985445
3.318229	0.04185487
3.321563	0.04385529
3.324896	0.04591726
3.328229	0.04801
3.331563	0.05010274
3.334896	0.05225704
3.338229	0.05444211
3.341563	0.05668873
3.344896	0.05893535
3.348229	0.06121275
3.351563	0.0635517
3.354896	0.06592142
3.358229	0.06832192
3.361562	0.07081475
3.364896	0.07333835
3.368229	0.07595428
3.371562	0.07863176
3.374896	0.08137079
3.378229	0.08420215
3.381562	0.08706428
3.384896	0.08998797
3.388229	0.09291165
3.391562	0.09592767
3.394896	0.09897446
3.398229	0.1021136
3.401562	0.105345
3.404896	0.1086688
3.408229	0.1121157
3.411562	0.1156856
3.414896	0.1193479
3.418229	0.1231641
3.421562	0.1270418
3.424896	0.1310119
3.428229	0.1350127
3.431562	0.1390751
3.434896	0.1431991
3.438229	0.1473538
3.441562	0.1515392
3.444896	0.1557555
3.448229	0.1600333
3.451562	0.1644035
3.454896	0.1688352
3.458229	0.1733284
3.461562	0.1779448
3.464896	0.1826534
3.468229	0.1874852
3.471562	0.1924709
3.474896	0.1976104
3.478229	0.2029038
3.481563	0.2083819
3.484896	0.2140138
3.488229	0.2198304
3.491563	0.2257701
3.494896	0.2318329
3.498229	0.2379573
3.501563	0.2441739
3.504896	0.2503598
3.508229	0.2565765
3.511563	0.2627624
3.514896	0.2689483
3.518229	0.2751958
3.521563	0.281474
3.524896	0.2878138
3.528229	0.2942767
3.531563	0.3008626
3.534896	0.3076333
3.538229	0.3145578
3.541563	0.3216978
3.544896	0.3290224
3.548229	0.3365009
3.551563	0.3441948
3.554896	0.3520733
3.558229	0.3601366
3.561563	0.3684152
3.564896	0.3769093
3.568229	0.3856188
3.571563	0.3945745
3.574896	0.4038072
3.578229	0.4133169
3.581563	0.4231035
3.584896	0.4331979
3.588229	0.4435693
3.591563	0.4542177
3.594896	0.4651738
3.598229	0.4763761
3.601563	0.4878555
3.604896	0.499581
3.608229	0.5115835
3.611562	0.5238322
3.614896	0.5363578
3.618229	0.549099
3.621562	0.5620863
3.624896	0.5753198
3.628229	0.588738
3.631562	0.6023716
3.634896	0.6161283
3.638229	0.6300081
3.641562	0.6439495
3.644896	0.6579525
3.648229	0.6719554
3.651562	0.6858967
3.654896	0.699715
3.658229	0.7134102
3.661562	0.7268899
3.664896	0.7400926
3.668229	0.7530492
3.671562	0.765698
3.674896	0.7779774
3.678229	0.7899492
3.681562	0.8015516
3.684896	0.8127847
3.688229	0.8236177
3.691562	0.8340507
3.694896	0.844022
3.698229	0.8535624
3.701562	0.8626105
3.704896	0.8711353
3.708229	0.8791985
3.711562	0.8868001
3.714896	0.8939401
3.718229	0.9007107
3.721562	0.9071428
3.724896	0.9133287
3.728229	0.9194223
3.731563	0.9254543
3.734896	0.9315479
3.738229	0.9378569
3.741563	0.9444429
3.744896	0.9514597
3.748229	0.9589998
3.751563	0.9671861
3.754896	0.9760802
3.758229	0.9858361
3.761563	0.9965153
3.764896	1.008272
3.768229	1.021259
3.771563	1.035539
3.774896	1.051357
3.778229	1.068807
3.781563	1.088073
3.784896	1.109277
3.788229	1.132544
3.791563	1.158026
3.794896	1.185755
3.798229	1.215853
3.801563	1.248321
3.804896	1.28319
3.808229	1.320521
3.811563	1.360283
3.814896	1.402446
3.818229	1.44704
3.821563	1.493973
3.824896	1.543214
3.828229	1.594671
3.831563	1.64822
3.834896	1.703709
3.838229	1.760982
3.841563	1.819825
3.844896	1.879992
3.848229	1.941174
3.851563	2.003156
3.854896	2.065569
3.858229	2.128166
3.861562	2.19061
3.864896	2.252531
3.868229	2.313682
3.871562	2.373694
3.874896	2.43223
3.878229	2.489011
3.881562	2.543637
3.884896	2.595833
3.888229	2.64529
3.891562	2.691638
3.894896	2.734693
3.898229	2.774147
3.901562	2.809785
3.904896	2.841453
3.908229	2.868967
3.911562	2.892202
3.914896	2.911068
3.918229	2.92544
3.921562	2.935288
3.924896	2.940582
3.928229	2.94129
3.931562	2.937443
3.934896	2.929164
3.938229	2.916484
3.941562	2.899558
3.944896	2.878569
3.948229	2.853702
3.951562	2.825112
3.954896	2.793074
3.958229	2.757774
3.961562	2.719459
3.964896	2.678373
3.968229	2.634764
3.971562	2.588878
3.974896	2.54096
3.978229	2.491288
3.981563	2.440139
3.984896	2.387759
3.988229	2.334425
3.991563	2.280383
3.994896	2.22591
3.998229	2.171252
4.001563	2.116625
4.004896	2.062276
4.008229	2.008388
4.011562	1.955207
4.014896	1.902919
4.018229	1.851678
4.021563	1.801729
4.024896	1.753196
4.028229	1.706263
4.031562	1.661146
4.034896	1.617999
4.038229	1.576944
4.041563	1.538228
4.044896	1.501974
4.048229	1.468337
4.051562	1.437561
4.054896	1.409771
4.058229	1.385181
4.061563	1.363946
4.064896	1.346342
4.068229	1.332555
4.071562	1.32286
4.074896	1.317536
4.078229	1.316859
4.081563	1.321198
4.084896	1.330893
4.088229	1.346311
4.091562	1.367947
4.094896	1.396229
4.098229	1.431714
4.101563	1.474892
4.104896	1.526318
4.108229	1.586577
4.111563	1.656253
4.114896	1.736023
4.118229	1.826504
4.121562	1.928371
4.124896	2.042302
4.128229	2.168944
4.131563	2.309035
4.134896	2.463251
4.138229	2.632302
4.141562	2.816741
4.144896	3.017182
4.148229	3.234151
4.151563	3.468045
4.154896	3.719205
4.158229	3.987877
4.161562	4.274152
4.164896	4.578061
4.168229	4.899451
4.171563	5.238137
4.174896	5.593688
4.178229	5.96555
4.181562	6.352985
4.184896	6.755038
4.188229	7.170663
4.191563	7.598444
4.194896	8.036936
4.198229	8.484382
4.201562	8.939
4.204896	9.398696
4.208229	9.861438
4.211563	10.32501
4.214896	10.78714
4.218229	11.24542
4.221562	11.69742
4.224896	12.14068
4.228229	12.57271
4.231563	12.99101
4.234896	13.39304
4.238229	13.77635
4.241562	14.13861
4.244896	14.4776
4.248229	14.7912
4.251563	15.07757
4.254896	15.33504
4.258229	15.5621
4.261562	15.75762
4.264896	15.92058
4.268229	16.05027
4.271563	16.14622
4.274896	16.20821
4.278229	16.23618
4.281562	16.2304
4.284896	16.19128
4.288229	16.11951
4.291563	16.01592
4.294896	15.88162
4.298229	15.71786
4.301562	15.52613
4.304896	15.30802
4.308229	15.06535
4.311563	14.80004
4.314896	14.51404
4.318229	14.20942
4.321562	13.88825
4.324896	13.55258
4.328229	13.20444
4.331563	12.84588
4.334896	12.47875
4.338229	12.10498
4.341562	11.72644
4.344896	11.34489
4.348229	10.96198
4.351563	10.5794
4.354896	10.19868
4.358229	9.821214
4.361563	9.448306
4.364896	9.081122
4.368229	8.720647
4.371562	8.367773
4.374896	8.02321
4.378229	7.687632
4.381563	7.361533
4.384896	7.045375
4.388229	6.739465
4.391562	6.444142
4.394896	6.159591
4.398229	5.885934
4.401563	5.623233
4.404896	5.371457
4.408229	5.130453
4.411562	4.900128
4.414896	4.680205
4.418229	4.470469
4.421563	4.270582
4.424896	4.080265
4.428229	3.899212
4.431562	3.727115
4.434896	3.563665
4.438229	3.408556
4.441563	3.261418
4.444896	3.121943
4.448229	2.989761
4.451562	2.864504
4.454896	2.745834
4.458229	2.63341
4.461563	2.526865
4.464896	2.42589
4.468229	2.330147
4.471562	2.239359
4.474896	2.153248
4.478229	2.071601
4.481563	1.994108
4.484896	1.920585
4.488229	1.850816
4.491562	1.784587
4.494896	1.721712
4.498229	1.661977
4.501563	1.605257
4.504896	1.551369
4.508229	1.500189
4.511562	1.451502
4.514896	1.405247
4.518229	1.361268
4.521563	1.319475
4.524896	1.279743
4.528229	1.241951
4.531562	1.206036
4.534896	1.171906
4.538229	1.139468
4.541563	1.108662
4.544896	1.079425
4.548229	1.051665
4.551562	1.025383
4.554896	1.000485
4.558229	0.976942
4.561563	0.9546912
4.564896	0.9337022
4.568229	0.9139442
4.571562	0.8953557
4.574896	0.8779059
4.578229	0.8615949
4.581563	0.8463917
4.584896	0.832358
4.588229	0.8194322
4.591562	0.8076759
4.594896	0.7971199
4.598229	0.7877641
4.601563	0.7796393
4.604896	0.7728379
4.608229	0.7673598
4.611563	0.7632667
4.614896	0.7606508
4.618229	0.7595121
4.621562	0.7599737
4.624896	0.7620357
4.628229	0.7658826
4.631563	0.7715453
4.634896	0.7791161
4.638229	0.7887489
4.641562	0.800536
4.644896	0.8146312
4.648229	0.831127
4.651563	0.8502079
4.654896	0.8720278
4.658229	0.8966791
4.661562	0.9243464
4.664896	0.9552143
4.668229	0.9893753
4.671563	1.027014
4.674896	1.068315
4.678229	1.113463
4.681562	1.162611
4.684896	1.215976
4.688229	1.273773
4.691563	1.336186
4.694896	1.403431
4.698229	1.475784
4.701562	1.553431
4.704896	1.636618
4.708229	1.725621
4.711563	1.820687
4.714896	1.922123
4.718229	2.030331
4.721562	2.145616
4.724896	2.268472
4.728229	2.3993
4.731563	2.538621
4.734896	2.686991
4.738229	2.845023
4.741562	3.013397
4.744896	3.192819
4.748229	3.38412
4.751563	3.588317
4.754896	3.806454
4.758229	4.039826
4.761562	4.289847
4.764896	4.558057
4.768229	4.846209
4.771563	5.156151
4.774896	5.490005
4.778229	5.849988
4.781562	6.23853
4.784896	6.658218
4.788229	7.111912
4.791563	7.602599
4.794896	8.133663
4.798229	8.708613
4.801562	9.331205
4.804896	10.00534
4.808229	10.73507
4.811563	11.52449
4.814896	12.37787
4.818229	13.29939
4.821562	14.29325
4.824896	15.36357
4.828229	16.51448
4.831563	17.74997
4.834896	19.07391
4.838229	20.48999
4.841562	22.00154
4.844896	23.61144
4.848229	25.32204
4.851563	27.13494
4.854896	29.05101
4.858229	31.07007
4.861563	33.19113
4.864896	35.41202
4.868229	37.72964
4.871562	40.13987
4.874896	42.63765
4.878229	45.21687
4.881563	47.87031
4.884896	50.58962
4.888229	53.36527
4.891562	56.18644
4.894896	59.04116
4.898229	61.91619
4.901563	64.79712
4.904896	67.66868
4.908229	70.51468
4.911562	73.31856
4.914896	76.0635
4.918229	78.73264
4.921563	81.30934
4.924896	83.77708
4.928229	86.12006
4.931562	88.32292
4.934896	90.37113
4.938229	92.25106
4.941563	93.95006
4.944896	95.45662
4.948229	96.76062
4.951562	97.8534
4.954896	98.72798
4.958229	99.37916
4.961563	99.80365
4.964896	100
4.968229	99.96876
4.971562	99.71228
4.974896	99.2347
4.978229	98.54194
4.981563	97.64139
4.984896	96.54177
4.988229	95.25298
4.991562	93.78594
4.994896	92.1524
4.998229	90.36476
5.001563	88.43618
5.004896	86.38021
5.008229	84.21093
5.011562	81.94258
5.014896	79.58962
5.018229	77.16665
5.021563	74.68798
5.024896	72.16774
5.028229	69.61939
5.031562	67.05572
5.034896	64.48863
5.038229	61.9293
5.041563	59.38785
5.044896	56.87366
5.048229	54.39524
5.051562	51.96024
5.054896	49.57559
5.058229	47.24757
5.061563	44.98171
5.064896	42.78282
5.068229	40.65481
5.071562	38.60087
5.074896	36.62329
5.078229	34.72366
5.081563	32.90279
5.084896	31.16095
5.088229	29.49778
5.091562	27.91252
5.094896	26.40405
5.098229	24.97092
5.101563	23.61156
5.104896	22.3241
5.108229	21.10643
5.111563	19.95634
5.114896	18.87134
5.118229	17.84882
5.121562	16.88601
5.124896	15.98016
5.128229	15.12841
5.131563	14.32788
5.134896	13.57581
5.138229	12.86945
5.141562	12.20623
5.144896	11.58361
5.148229	10.99918
5.151563	10.45064
5.154896	9.935669
5.158229	9.452122
5.161562	8.997904
5.164896	8.571077
5.168229	8.169701
5.171563	7.792023
5.174896	7.436411
5.178229	7.101295
5.181562	6.785321
5.184896	6.487197
5.188229	6.205723
5.191563	5.939822
5.194896	5.688477
5.198229	5.450674
5.201562	5.225581
5.204896	5.012305
5.208229	4.810017
5.211563	4.618039
5.214896	4.435662
5.218229	4.262303
5.221562	4.097407
5.224896	3.940544
5.228229	3.791251
5.231563	3.649191
5.234896	3.513994
5.238229	3.385351
5.241562	3.262926
5.244896	3.14644
5.248229	3.035555
5.251563	2.930057
5.254896	2.829605
5.258229	2.734046
5.261562	2.643104
5.264896	2.556625
5.268229	2.474423
5.271563	2.396345
5.274896	2.322237
5.278229	2.251915
5.281562	2.185224
5.284896	2.12198
5.288229	2.06206
5.291563	2.005248
5.294896	1.951453
5.298229	1.900488
5.301562	1.852232
5.304896	1.806561
5.308229	1.763383
5.311563	1.722574
5.314896	1.683982
5.318229	1.647451
5.321562	1.61289
5.324896	1.580145
5.328229	1.549061
5.331563	1.519517
5.334896	1.491418
5.338229	1.464644
5.341562	1.4391
5.344896	1.414725
5.348229	1.391428
5.351563	1.369147
5.354896	1.347758
5.358229	1.3272
5.361563	1.307349
5.364896	1.288114
5.368229	1.269372
5.371562	1.251091
5.374896	1.233118
5.378229	1.215484
5.381563	1.198065
5.384896	1.180892
5.388229	1.163904
5.391562	1.14707
5.394896	1.130389
5.398229	1.113863
5.401563	1.09749
5.404896	1.08121
5.408229	1.064991
5.411562	1.048895
5.414896	1.03283
5.418229	1.016827
5.421563	1.000855
5.424896	0.9849436
5.428229	0.9690634
5.431562	0.9532447
5.434896	0.9374876
5.438229	0.9218228
5.441563	0.9062195
5.444896	0.8907394
5.448229	0.8753823
5.451562	0.8601176
5.454896	0.8450068
5.458229	0.830019
5.461563	0.815216
5.464896	0.8005668
5.468229	0.7860714
5.471562	0.7717608
5.474896	0.7576347
5.478229	0.7436934
5.481563	0.7299367
5.484896	0.7163646
5.488229	0.7029772
5.491562	0.6897745
5.494896	0.6768179
5.498229	0.6640768
5.501563	0.6515819
5.504896	0.6393947
5.508229	0.6274845
5.511562	0.6158513
5.514896	0.6044951
5.518229	0.5934159
5.521563	0.5826136
5.524896	0.5720576
5.528229	0.5617477
5.531562	0.5516226
5.534896	0.541682
5.538229	0.5319569
5.541563	0.5224165
5.544896	0.5130607
5.548229	0.5038588
5.551562	0.4948723
5.554896	0.4860397
5.558229	0.4773917
5.561563	0.4688977
5.564896	0.460619
5.568229	0.452525
5.571562	0.4446465
5.574896	0.4369833
5.578229	0.4295356
5.581563	0.4223034
5.584896	0.4152865
5.588229	0.4085159
5.591562	0.4019299
5.594896	0.3955593
5.598229	0.3893119
5.601563	0.3831875
5.604896	0.3771863
5.608229	0.3712773
5.611563	0.36543
5.614896	0.3596749
5.618229	0.3539814
5.621562	0.3483495
5.624896	0.3428099
5.628229	0.3373318
5.631563	0.3319768
5.634896	0.3267142
5.638229	0.3215439
5.641562	0.3164351
5.644896	0.3114187
5.648229	0.3065254
5.651563	0.3016936
5.654896	0.2969541
5.658229	0.2923378
5.661562	0.2878138
5.664896	0.2833821
5.668229	0.2790735
5.671563	0.274888
5.674896	0.2707641
5.678229	0.2667325
5.681562	0.2627932
5.684896	0.2588847
5.688229	0.255007
5.691563	0.2511908
5.694896	0.2474054
5.698229	0.2437123
5.701562	0.2400808
5.704896	0.2365108
5.708229	0.2330639
5.711563	0.2297094
5.714896	0.2264779
5.718229	0.2233081
5.721562	0.2202613
5.724896	0.217276
5.728229	0.2143831
5.731563	0.2115518
5.734896	0.2087512
5.738229	0.2060429
5.741562	0.2033347
5.744896	0.2007187
5.748229	0.1981028
5.751563	0.1955177
5.754896	0.1929633
5.758229	0.1904397
5.761562	0.1879468
5.764896	0.1855156
5.768229	0.1831458
5.771563	0.1808377
5.774896	0.178591
5.778229	0.1764368
5.781562	0.174344
5.784896	0.172282
5.788229	0.1703124
5.791563	0.1683735
5.794896	0.1664654
5.798229	0.1645573
5.801562	0.1627108
5.804896	0.160895
5.808229	0.1591101
5.811563	0.1573558
5.814896	0.1556632
5.818229	0.1540013
5.821562	0.152401
5.824896	0.1508622
5.828229	0.1494157
5.831563	0.148
5.834896	0.1466767
5.838229	0.1454457
5.841562	0.1442762
5.844896	0.1431683
5.848229	0.1421219
5.851563	0.1411371
5.854896	0.1402138
5.858229	0.1393213
5.861563	0.1384596
5.864896	0.1376594
5.868229	0.1368901
5.871562	0.1361514
5.874896	0.1354436
5.878229	0.1347665
5.881563	0.1341202
5.884896	0.133474
5.888229	0.1328584
5.891562	0.1322429
5.894896	0.1315659
5.898229	0.1308888
5.901563	0.130181
5.904896	0.1294116
5.908229	0.1285806
5.911562	0.1277189
5.914896	0.1267649
5.918229	0.1258108
5.921563	0.1247952
5.924896	0.1237796
5.928229	0.1227333
5.931562	0.1217177
5.934896	0.1207021
5.938229	0.119748
5.941563	0.1188248
5.944896	0.117963
5.948229	0.1171936
5.951562	0.1164858
5.954896	0.1158087
5.958229	0.1151932
5.961563	0.1146085
5.964896	0.113993
5.968229	0.1133775
5.971562	0.1127004
5.974896	0.1119618
5.978229	0.1111924
5.981563	0.1103614
5.984896	0.1095305
5.988229	0.1086688
5.991562	0.1078378
5.994896	0.1070685
5.998229	0.1062991
6.001563	0.105622
6.004896	0.1049757
6.008229	0.104391
6.011562	0.1038062
6.014896	0.1032523
6.018229	0.1026368
6.021563	0.1020213
6.024896	0.101375
6.028229	0.1006671
6.031562	0.09999006
6.034896	0.09925144
6.038229	0.09851283
6.041563	0.09777421
6.044896	0.0970356
6.048229	0.09623542
6.051562	0.09543526
6.054896	0.09460431
6.058229	0.09380415
6.061563	0.09297321
6.064896	0.09217304
6.068229	0.09143442
6.071562	0.09075736
6.074896	0.09017262
6.078229	0.08964944
6.081563	0.08921858
6.084896	0.08881849
6.088229	0.08841841
6.091562	0.08801833
6.094896	0.08755669
6.098229	0.08703351
6.101563	0.08647955
6.104896	0.08589481
6.108229	0.0852793
6.111563	0.08463301
6.114896	0.0840175
6.118229	0.08340198
6.121562	0.08281725
6.124896	0.08226328
6.128229	0.0817401
6.131563	0.08124769
6.134896	0.08078606
6.138229	0.0803552
6.141562	0.07995511
6.144896	0.07961658
6.148229	0.07930883
6.151563	0.07903185
6.154896	0.07875486
6.158229	0.07847788
6.161562	0.07817013
6.164896	0.0778316
6.168229	0.07743151
6.171563	0.07700065
6.174896	0.07647747
6.178229	0.07592351
6.181562	0.07533877
6.184896	0.07472326
6.188229	0.07416929
6.191563	0.07361533
6.194896	0.07312292
6.198229	0.07269206
6.201562	0.07232276
6.204896	0.072015
6.208229	0.07173802
6.211563	0.07149181
6.214896	0.07124561
6.218229	0.07096863
6.221562	0.07069165
6.224896	0.07038389
6.228229	0.07001458
6.231563	0.0696145
6.234896	0.06921442
6.238229	0.06881433
6.241562	0.06841425
6.244896	0.06801417
6.248229	0.06764486
6.251563	0.06727555
6.254896	0.06693702
6.258229	0.06662926
6.261562	0.06629073
6.264896	0.0659522
6.268229	0.06555212
6.271563	0.06512126
6.274896	0.06459807
6.278229	0.06404411
6.281562	0.06345937
6.284896	0.06281308
6.288229	0.06216679
6.291563	0.06152051
6.294896	0.06087422
6.298229	0.06028948
6.301562	0.0597663
6.304896	0.05927388
6.308229	0.0588738
6.311563	0.05850449
6.314896	0.05816596
6.318229	0.05785821
6.321562	0.05755045
6.324896	0.05724269
6.328229	0.05690416
6.331563	0.05653485
6.334896	0.05616554
6.338229	0.05579623
6.341562	0.05539615
6.344896	0.05496529
6.348229	0.05453443
6.351563	0.05413435
6.354896	0.05370349
6.358229	0.05333418
6.361563	0.05296488
6.364896	0.05262634
6.368229	0.05231859
6.371562	0.05210316
6.374896	0.0519185
6.378229	0.0517954
6.381563	0.05173385
6.384896	0.05170307
6.388229	0.05164152
6.391562	0.05161075
6.394896	0.05157997
6.398229	0.05148764
6.401563	0.05136454
6.404896	0.05117989
6.408229	0.05099523
6.411562	0.0507798
6.414896	0.05056438
6.418229	0.05037972
6.421563	0.05022584
6.424896	0.05013352
6.428229	0.05007196
6.431562	0.05004119
6.434896	0.05004119
6.438229	0.05004119
6.441563	0.05001041
6.444896	0.04997964
6.448229	0.04988731
6.451562	0.04976421
6.454896	0.04964111
6.458229	0.049518
6.461563	0.0493949
6.464896	0.04930258
6.468229	0.04924102
6.471562	0.0492718
6.474896	0.04933335
6.478229	0.04942568
6.481563	0.049518
6.484896	0.04964111
6.488229	0.04973343
6.491562	0.04979498
6.494896	0.04985654
6.498229	0.04988731
6.501563	0.04988731
6.504896	0.04985654
6.508229	0.04988731
6.511562	0.04991809
6.514896	0.04997964
6.518229	0.05010274
6.521563	0.05022584
6.524896	0.0504105
6.528229	0.05062593
6.531562	0.05081058
6.534896	0.05102601
6.538229	0.05121066
6.541563	0.05136454
6.544896	0.05145687
6.548229	0.05148764
6.551562	0.05148764
6.554896	0.05139532
6.558229	0.05124144
6.561563	0.05102601
6.564896	0.0507798
6.568229	0.05047205
6.571562	0.05013352
6.574896	0.04979498
6.578229	0.04945645
6.581563	0.04911792
6.584896	0.04881017
6.588229	0.04853318
6.591562	0.04828698
6.594896	0.04807155
6.598229	0.04785612
6.601563	0.04770224
6.604896	0.04754836
6.608229	0.04736371
6.611563	0.04717906
6.614896	0.04696363
6.618229	0.04671742
6.621562	0.04644044
6.624896	0.04610191
6.628229	0.04570183
6.631563	0.04530174
6.634896	0.04487088
6.638229	0.04440925
6.641562	0.04394761
6.644896	0.0434552
6.648229	0.04296279
6.651563	0.04247038
6.654896	0.0419472
6.658229	0.04142401
6.661562	0.04090083
6.664896	0.04031609
6.668229	0.03973135
6.671563	0.03908506
6.674896	0.03843878
6.678229	0.03770016
6.681562	0.03693077
6.684896	0.03616138
6.688229	0.03533043
6.691563	0.03449949
6.694896	0.03369932
6.698229	0.03292993
6.701562	0.0322221
6.704896	0.03154503
6.708229	0.03089874
6.711563	0.03031401
6.714896	0.0298216
6.718229	0.02935996
6.721562	0.02895988
6.724896	0.02862135
6.728229	0.02837514
6.731563	0.02822126
6.734896	0.02812894
6.738229	0.02812894
6.741562	0.02819049
6.744896	0.02831359
6.748229	0.02846747
6.751563	0.02862135
6.754896	0.02877522
6.758229	0.02889833
6.761562	0.02899065
6.764896	0.02902143
6.768229	0.02902143
6.771563	0.02902143
6.774896	0.02902143
6.778229	0.02899065
6.781562	0.02895988
6.784896	0.02895988
6.788229	0.02899065
6.791563	0.0290522
6.794896	0.02914453
6.798229	0.02923686
6.801562	0.02932919
6.804896	0.02939074
6.808229	0.02942151
6.811563	0.02939074
6.814896	0.02926763
6.818229	0.02908298
6.821562	0.02874445
6.824896	0.02831359
6.828229	0.0277904
6.831563	0.02720567
6.834896	0.0265286
6.838229	0.02582076
6.841562	0.02508215
6.844896	0.02431276
6.848229	0.02351259
6.851563	0.02268165
6.854896	0.02181993
6.858229	0.02089666
6.861563	0.01991184
6.864896	0.01883469
6.868229	0.01769599
6.871562	0.01652652
6.874896	0.01532627
6.878229	0.01409524
6.881563	0.01286422
6.884896	0.01169474
6.888229	0.01055604
6.891562	0.009448121
6.894896	0.008370974
6.898229	0.007324601
6.901563	0.006309005
6.904896	0.005324185
6.908229	0.004400915
6.911562	0.003539198
6.914896	0.002739031
6.918229	0.002031192
6.921563	0.001415679
6.924896	0.0009232692
6.928229	0.0005231859
6.931562	0.0002769808
6.934896	9.232692e-05
6.938229	0
6.941563	0
6.944896	9.232692e-05
6.948229	0.0002769808
6.951562	0.0005231859
6.954896	0.0009232692
6.958229	0.001415679
6.961563	0.002061968
6.964896	0.002862134
6.968229	0.003816178
6.971562	0.004893326
6.974896	0.006124351
6.978229	0.007447704
6.981563	0.008863384
6.984896	0.01037139
6.988229	0.01194095
6.991562	0.01354128
6.994896	0.01523394
6.998229	0.0169266
7.001563	0.01868081
7.004896	0.02049658
7.008229	0.02231234
7.011562	0.02415888
7.014896	0.02603619
7.018229	0.02788273
7.021563	0.02969849
7.024896	0.03151426
7.028229	0.03326847
7.031562	0.03496113
7.034896	0.03662301
7.038229	0.03825412
7.041563	0.03988523
7.044896	0.04148556
7.048229	0.04311667
7.051562	0.04474778
7.054896	0.04637889
7.058229	0.04797922
7.061563	0.04954878
7.064896	0.05108756
7.068229	0.05250324
7.071562	0.05382659
7.074896	0.05499607
7.078229	0.05598089
7.081563	0.05684261
7.084896	0.05751967
7.088229	0.05801208
7.091562	0.05838139
7.094896	0.05856605
7.098229	0.05859682
7.101563	0.05850449
7.104896	0.05825829
7.108229	0.05788898
7.111563	0.05736579
7.114896	0.05675028
7.118229	0.05607321
7.121562	0.05530382
7.124896	0.05450366
7.128229	0.05373427
7.131563	0.05299565
7.134896	0.05231859
7.138229	0.05170307
7.141562	0.05114911
7.144896	0.0506567
7.148229	0.05019507
7.151563	0.04979498
7.154896	0.0493949
7.158229	0.04896404
7.161562	0.04856396
7.164896	0.0481331
7.168229	0.04770224
7.171563	0.04727138
7.174896	0.0468713
7.178229	0.04650199
7.181562	0.04619424
7.184896	0.04594803
7.188229	0.04576338
7.191563	0.0456095
7.194896	0.04554795
7.198229	0.04554795
7.201562	0.0456095
7.204896	0.04570183
7.208229	0.04579415
7.211563	0.04591726
7.214896	0.04604036
7.218229	0.04616346
7.221562	0.04628656
7.224896	0.04644044
7.228229	0.04656354
7.231563	0.0467482
7.234896	0.04693285
7.238229	0.04714828
7.241562	0.04736371
7.244896	0.04764069
7.248229	0.04791767
7.251563	0.04819465
7.254896	0.04850241
7.258229	0.04877939
7.261562	0.04908715
7.264896	0.04933335
7.268229	0.04957955
7.271563	0.04979498
7.274896	0.04997964
7.278229	0.05016429
7.281562	0.05025662
7.284896	0.05034895
7.288229	0.05037972
7.291563	0.05037972
7.294896	0.05031817
7.298229	0.05022584
7.301562	0.05010274
7.304896	0.04994886
7.308229	0.04973343
7.311563	0.049518
7.314896	0.04924102
7.318229	0.04896404
7.321562	0.04868706
7.324896	0.04841008
7.328229	0.0481331
7.331563	0.0478869
7.334896	0.04764069
7.338229	0.04742526
7.341562	0.04717906
7.344896	0.04696363
7.348229	0.0467482
7.351563	0.04647122
7.354896	0.04616346
7.358229	0.04579415
7.361563	0.04539407
7.364896	0.04490166
7.368229	0.04437847
7.371562	0.04382451
7.374896	0.04327055
7.378229	0.04268581
7.381563	0.04213185
7.384896	0.04163944
7.388229	0.04117781
7.391562	0.04074695
7.394896	0.04037764
7.398229	0.04000833
7.401563	0.0396698
7.404896	0.03930049
7.408229	0.03893119
7.411562	0.03859265
7.414896	0.03822335
7.418229	0.03785404
7.421563	0.0375155
7.424896	0.03717697
7.428229	0.03689999
7.431562	0.03668456
7.434896	0.03649991
7.438229	0.03634603
7.441563	0.03622293
7.444896	0.0361306
7.448229	0.0360075
7.451562	0.0358844
7.454896	0.03569974
7.458229	0.03548431
7.461563	0.03523811
7.464896	0.03496113
7.468229	0.03465337
7.471562	0.03434561
7.474896	0.03403786
7.478229	0.03376088
7.481563	0.03354545
7.484896	0.03333002
7.488229	0.03317614
7.491562	0.03305304
7.494896	0.03292993
7.498229	0.03280683
7.501563	0.03265295
7.504896	0.03249908
7.508229	0.03228365
7.511562	0.03206822
7.514896	0.03182201
7.518229	0.03157581
7.521563	0.0313296
7.524896	0.0310834
7.528229	0.03089874
7.531562	0.03071409
7.534896	0.03056021
7.538229	0.03043711
7.541563	0.03034478
7.544896	0.03028323
7.548229	0.03022168
7.551562	0.0301909
7.554896	0.03016013
7.558229	0.03012935
7.561563	0.03009858
7.564896	0.03003702
7.568229	0.03000625
7.571562	0.0299447
7.574896	0.02985237
7.578229	0.02976004
7.581563	0.02966772
7.584896	0.02957539
7.588229	0.02951384
7.591562	0.02945229
7.594896	0.02939074
7.598229	0.02935996
7.601563	0.02932919
7.604896	0.02929841
7.608229	0.02926763
7.611563	0.02923686
7.614896	0.02917531
7.618229	0.02908298
7.621562	0.02895988
7.624896	0.02883677
7.628229	0.0286829
7.631563	0.02855979
7.634896	0.02843669
7.638229	0.02834436
7.641562	0.02828281
7.644896	0.02828281
7.648229	0.02834436
7.651563	0.02840592
7.654896	0.02852902
7.658229	0.02865212
7.661562	0.02877522
7.664896	0.02889833
7.668229	0.02902143
7.671563	0.02911376
7.674896	0.02917531
7.678229	0.02920608
7.681562	0.02926763
7.684896	0.02929841
7.688229	0.02932919
7.691563	0.02935996
7.694896	0.02939074
7.698229	0.02945229
7.701562	0.02951384
7.704896	0.02960617
7.708229	0.02966772
7.711563	0.02972927
7.714896	0.02979082
7.718229	0.0298216
7.721562	0.02985237
7.724896	0.02988315
7.728229	0.02991392
7.731563	0.02997547
7.734896	0.03003702
7.738229	0.03012935
7.741562	0.03028323
7.744896	0.03046788
7.748229	0.03068331
7.751563	0.03096029
7.754896	0.03123727
7.758229	0.03157581
7.761562	0.03194511
7.764896	0.03231442
7.768229	0.03277606
7.771563	0.03326847
7.774896	0.03379165
7.778229	0.03431484
7.781562	0.0348688
7.784896	0.03542276
7.788229	0.03597672
7.791563	0.03649991
7.794896	0.03699232
7.798229	0.03745395
7.801562	0.03791559
7.804896	0.03831567
7.808229	0.03868498
7.811563	0.03905429
7.814896	0.03936204
7.818229	0.0396698
7.821562	0.03994678
7.824896	0.04019299
7.828229	0.04037764
7.831563	0.04050074
7.834896	0.04059307
7.838229	0.04062385
7.841562	0.04059307
7.844896	0.04053152
7.848229	0.04037764
7.851563	0.04022376
7.854896	0.03997756
7.858229	0.03973135
7.861563	0.03948515
7.864896	0.03920817
7.868229	0.03890041
7.871562	0.03859265
7.874896	0.03825412
7.878229	0.03791559
7.881563	0.03754628
7.884896	0.0371462
7.888229	0.03671534
7.891562	0.03622293
7.894896	0.03573052
7.898229	0.03517656
7.901563	0.03465337
7.904896	0.03409941
7.908229	0.033607
7.911562	0.03311459
7.914896	0.03268373
7.918229	0.03225287
7.921563	0.03188356
7.924896	0.03151426
7.928229	0.03117572
7.931562	0.03086797
7.934896	0.03052944
7.938229	0.03022168
7.941563	0.02991392
7.944896	0.02963694
7.948229	0.02935996
7.951562	0.02908298
7.954896	0.02883677
7.958229	0.02859057
7.961563	0.02834436
7.964896	0.02809816
7.968229	0.02782118
7.971562	0.02751342
7.974896	0.02720567
7.978229	0.02689791
7.981563	0.02659015
7.984896	0.0262824
7.988229	0.02597464
7.991562	0.02572843
7.994896	0.02551301
7.998229	0.02529758
8.001562	0.02511292
8.004896	0.02495904
8.008229	0.02483594
8.011562	0.02471284
8.014895	0.02462051
8.018229	0.02452818
8.021563	0.02446663
8.024896	0.02440508
8.028229	0.02437431
8.031563	0.02434353
8.034896	0.02434353
8.038229	0.02431276
8.041562	0.02428198
8.044896	0.02428198
8.048229	0.0242512
8.051562	0.0242512
8.054895	0.0242512
8.058229	0.0242512
8.061563	0.0242512
8.064896	0.02422043
8.068229	0.02418965
8.071563	0.0241281
8.074896	0.02403577
8.078229	0.0238819
8.081562	0.02366647
8.084896	0.02345104
8.088229	0.02320483
8.091562	0.02292785
8.094895	0.02271242
8.098229	0.02249699
8.101563	0.02234311
8.104896	0.02222001
8.10823	0.02215846
8.111563	0.02215846
8.114896	0.02218924
8.118229	0.02228156
8.121563	0.02240467
8.124896	0.02255854
8.128229	0.0227432
8.131562	0.02292785
8.134896	0.02311251
8.138229	0.02329716
8.141562	0.02342026
8.144896	0.02351259
8.14823	0.02357414
8.151563	0.02357414
8.154896	0.02354336
8.158229	0.02354336
8.161563	0.02348181
8.164896	0.02345104
8.168229	0.02338949
8.171562	0.02332793
8.174896	0.02323561
8.178229	0.02314328
8.181562	0.02302018
8.184896	0.02289708
8.18823	0.02271242
8.191563	0.02252777
8.194896	0.02237389
8.198229	0.02225079
8.201563	0.02215846
8.204896	0.02209691
8.208229	0.02209691
8.211562	0.02212768
8.214896	0.02218924
8.218229	0.02222001
8.221562	0.02228156
8.224895	0.02234311
8.22823	0.02237389
8.231563	0.02234311
8.234896	0.02231234
8.238229	0.02228156
8.241563	0.02222001
8.244896	0.02212768
8.248229	0.02206613
8.251562	0.02200458
8.254896	0.02194303
8.258229	0.02188148
8.261562	0.0218507
8.264895	0.02181993
8.268229	0.02181993
8.271563	0.0218507
8.274896	0.02191226
8.278229	0.02197381
8.281563	0.02203536
8.284896	0.02212768
8.288229	0.02222001
8.291562	0.02234311
8.294896	0.02246622
8.298229	0.02262009
8.301562	0.02280475
8.304895	0.02295863
8.308229	0.02314328
8.311563	0.02329716
8.314896	0.02345104
8.318229	0.02354336
8.321563	0.02363569
8.324896	0.02366647
8.328229	0.02363569
8.331562	0.02360492
8.334896	0.02357414
8.338229	0.02354336
8.341562	0.02348181
8.344895	0.02348181
8.348229	0.02348181
8.351563	0.02354336
8.354896	0.02360492
8.35823	0.02369724
8.361563	0.02382035
8.364896	0.02397422
8.368229	0.0241281
8.371563	0.02428198
8.374896	0.02443586
8.378229	0.02455896
8.381562	0.02468206
8.384896	0.02474361
8.388229	0.02480517
8.391562	0.02483594
8.394896	0.02486672
8.39823	0.02489749
8.401563	0.02492827
8.404896	0.02498982
8.408229	0.02498982
8.411563	0.0250206
8.414896	0.02498982
8.418229	0.02495904
8.421562	0.02489749
8.424896	0.02477439
8.428229	0.02462051
8.431562	0.02443586
8.434896	0.0242512
8.43823	0.02406655
8.441563	0.0238819
8.444896	0.02372802
8.448229	0.02357414
8.451563	0.02345104
8.454896	0.02335871
8.458229	0.02326638
8.461562	0.02317406
8.464896	0.02311251
8.468229	0.02308173
8.471562	0.02302018
8.474895	0.0229894
8.47823	0.02295863
8.481563	0.02289708
8.484896	0.02280475
8.488229	0.02271242
8.491563	0.02255854
8.494896	0.02240467
8.498229	0.02218924
8.501562	0.02194303
8.504896	0.02169683
8.508229	0.02145062
8.511562	0.02126597
8.514895	0.02111209
8.518229	0.02105054
8.521563	0.02101976
8.524896	0.02108131
8.528229	0.02120442
8.531563	0.02135829
8.534896	0.02157372
8.538229	0.02178915
8.541562	0.02200458
8.544896	0.02218924
8.548229	0.02231234
8.551562	0.02240467
8.554895	0.02246622
8.558229	0.02249699
8.561563	0.02246622
8.564896	0.02240467
8.568229	0.02231234
8.571563	0.02218924
8.574896	0.02206613
8.578229	0.02191226
8.581562	0.02175838
8.584896	0.0216045
8.588229	0.02141985
8.591562	0.02123519
8.594895	0.02108131
8.598229	0.02098899
8.601563	0.02092743
8.604896	0.02089666
8.60823	0.02092743
8.611563	0.02101976
8.614896	0.02117364
8.618229	0.02132752
8.621563	0.0214814
8.624896	0.02163527
8.628229	0.02175838
8.631562	0.02181993
8.634896	0.0218507
8.638229	0.0218507
8.641562	0.02178915
8.644896	0.0217276
8.64823	0.02163527
8.651563	0.02154295
8.654896	0.02145062
8.658229	0.02138907
8.661563	0.02132752
8.664896	0.02132752
8.668229	0.02129674
8.671562	0.02132752
8.674896	0.02132752
8.678229	0.02138907
8.681562	0.02145062
8.684896	0.02151217
8.68823	0.02154295
8.691563	0.02154295
8.694896	0.02151217
8.698229	0.0214814
8.701563	0.02141985
8.704896	0.02132752
8.708229	0.02120442
8.711562	0.02105054
8.714896	0.02089666
8.718229	0.02074278
8.721562	0.02061968
8.724895	0.0204658
8.72823	0.02031192
8.731563	0.02015804
8.734896	0.02000417
8.738229	0.01985029
8.741563	0.01969641
8.744896	0.01954253
8.748229	0.01941943
8.751562	0.01929633
8.754896	0.019204
8.758229	0.01914245
8.761562	0.0190809
8.764895	0.01901935
8.768229	0.01895779
8.771563	0.01892702
8.774896	0.01889624
8.778229	0.01886547
8.781563	0.01886547
8.784896	0.01886547
8.788229	0.01889624
8.791562	0.01892702
8.794896	0.01895779
8.798229	0.01901935
8.801562	0.01905012
8.804895	0.01905012
8.808229	0.01901935
8.811563	0.01895779
8.814896	0.01889624
8.818229	0.01880392
8.821563	0.01874236
8.824896	0.01868081
8.828229	0.01858849
8.831562	0.01852693
8.834896	0.01849616
8.838229	0.01846538
8.841562	0.01843461
8.844895	0.01837306
8.848229	0.01831151
8.851563	0.01824995
8.854896	0.01815763
8.85823	0.0180653
8.861563	0.01797297
8.864896	0.01784987
8.868229	0.01775754
8.871563	0.01766522
8.874896	0.01754211
8.878229	0.01744979
8.881562	0.01738824
8.884896	0.01735746
8.888229	0.01735746
8.891562	0.01735746
8.894896	0.01738824
8.89823	0.01741901
8.901563	0.01744979
8.904896	0.01748056
8.908229	0.01751134
8.911563	0.01751134
8.914896	0.01751134
8.918229	0.01744979
8.921562	0.01738824
8.924896	0.01729591
8.928229	0.01720358
8.931562	0.01708048
8.934896	0.01695738
8.93823	0.01683427
8.941563	0.01671117
8.944896	0.01661885
8.948229	0.01658807
8.951563	0.01658807
8.954896	0.0166804
8.958229	0.0168035
8.961562	0.01698815
8.964896	0.01714203
8.968229	0.01732668
8.971562	0.01744979
8.974895	0.01754211
8.97823	0.01757289
8.981563	0.01754211
8.984896	0.01748056
8.988229	0.01738824
8.991563	0.01729591
8.994896	0.01720358
8.998229	0.01711126
9.001562	0.0170497
9.004896	0.01701893
9.008229	0.01695738
9.011562	0.01689583
9.014895	0.01683427
9.018229	0.01677272
9.021563	0.0166804
9.024896	0.01655729
9.028229	0.01640342
9.031563	0.01624954
9.034896	0.01609566
9.038229	0.01597256
9.041562	0.01588023
9.044896	0.0157879
9.048229	0.01572635
9.051562	0.01569558
9.054895	0.01569558
9.058229	0.01572635
9.061563	0.01575713
9.064896	0.01581868
9.068229	0.01584945
9.071563	0.01588023
9.074896	0.01588023
9.078229	0.01588023
9.081562	0.01584945
9.084896	0.0157879
9.088229	0.01572635
9.091562	0.0156648
9.094895	0.01560325
9.098229	0.01557247
9.101563	0.01557247
9.104896	0.01557247
9.10823	0.01557247
9.111563	0.01563402
9.114896	0.0156648
9.118229	0.01572635
9.121563	0.01575713
9.124896	0.0157879
9.128229	0.01581868
9.131562	0.01584945
9.134896	0.01584945
9.138229	0.01584945
9.141562	0.01581868
9.144896	0.01575713
9.14823	0.01569558
9.151563	0.01560325
9.154896	0.01551092
9.158229	0.0154186
9.161563	0.01532627
9.164896	0.01523394
9.168229	0.01514161
9.171562	0.01508006
9.174896	0.01504929
9.178229	0.01504929
9.181562	0.01504929
9.184896	0.01508006
9.18823	0.01508006
9.191563	0.01511084
9.194896	0.01511084
9.198229	0.01508006
9.201563	0.01504929
9.204896	0.01501851
9.208229	0.01495696
9.211562	0.01489541
9.214896	0.01483386
9.218229	0.01477231
9.221562	0.01474153
9.224895	0.01467998
9.22823	0.0146492
9.231563	0.0146492
9.234896	0.01461843
9.238229	0.01461843
9.241563	0.01461843
9.244896	0.0146492
9.248229	0.01471076
9.251562	0.01480308
9.254896	0.01492618
9.258229	0.01511084
9.261562	0.01532627
9.264895	0.0155417
9.268229	0.0157879
9.271563	0.01600333
9.274896	0.01621876
9.278229	0.01637264
9.281563	0.01646497
9.284896	0.01652652
9.288229	0.01646497
9.291562	0.01637264
9.294896	0.01621876
9.298229	0.01603411
9.301562	0.01584945
9.304895	0.01563402
9.308229	0.01548015
9.311563	0.01532627
9.314896	0.01523394
9.318229	0.01517239
9.321563	0.01514161
9.324896	0.01511084
9.328229	0.01511084
9.331562	0.01511084
9.334896	0.01511084
9.338229	0.01508006
9.341562	0.01504929
9.344895	0.01501851
9.348229	0.01498774
9.351563	0.01498774
9.354896	0.01501851
9.35823	0.01504929
9.361563	0.01511084
9.364896	0.01514161
9.368229	0.01517239
9.371563	0.01520317
9.374896	0.01520317
9.378229	0.01520317
9.381562	0.01517239
9.384896	0.01511084
9.388229	0.01501851
9.391562	0.01492618
9.394896	0.01480308
9.39823	0.01471076
9.401563	0.01458765
9.404896	0.01443377
9.408229	0.01431067
9.411563	0.01412602
9.414896	0.01397214
9.418229	0.01378749
9.421562	0.01360283
9.424896	0.01344895
9.428229	0.01329508
9.431562	0.01317197
9.434896	0.01307965
9.43823	0.01304887
9.441563	0.01307965
9.444896	0.01317197
9.448229	0.01329508
9.451563	0.01344895
9.454896	0.01360283
9.458229	0.01378749
9.461562	0.01394136
9.464896	0.01406447
9.468229	0.01418757
9.471562	0.0142799
9.474895	0.01434145
9.47823	0.014403
9.481563	0.01446455
9.484896	0.0145261
9.488229	0.01458765
9.491563	0.01461843
9.494896	0.01467998
9.498229	0.01474153
9.501562	0.01480308
9.504896	0.01486463
9.508229	0.01489541
9.511562	0.01495696
9.514895	0.01498774
9.518229	0.01501851
9.521563	0.01508006
9.524896	0.01517239
9.528229	0.01526472
9.531563	0.01535704
9.534896	0.01548015
9.538229	0.01560325
9.541562	0.01572635
9.544896	0.01581868
9.548229	0.01594178
9.551562	0.01600333
9.554895	0.01606488
9.558229	0.01606488
9.561563	0.01603411
9.564896	0.01597256
9.568229	0.01591101
9.571563	0.01581868
9.574896	0.01572635
9.578229	0.01563402
9.581562	0.01557247
9.584896	0.0155417
9.588229	0.01551092
9.591562	0.01551092
9.594895	0.01551092
9.598229	0.01551092
9.601563	0.01551092
9.604896	0.01548015
9.60823	0.0154186
9.611563	0.01535704
9.614896	0.01529549
9.618229	0.01526472
9.621563	0.01523394
9.624896	0.01523394
9.628229	0.01526472
9.631562	0.01529549
9.634896	0.01538782
9.638229	0.01548015
9.641562	0.0155417
9.644896	0.01557247
9.64823	0.0155417
9.651563	0.01548015
9.654896	0.01538782
9.658229	0.01523394
9.661563	0.01511084
9.664896	0.01495696
9.668229	0.01480308
9.671562	0.01471076
9.674896	0.01461843
9.678229	0.01455688
9.681562	0.0145261
9.684896	0.0145261
9.68823	0.01449533
9.691563	0.01449533
9.694896	0.01443377
9.698229	0.014403
9.701563	0.01431067
9.704896	0.01421835
9.708229	0.01409524
9.711562	0.01400292
9.714896	0.01387981
9.718229	0.01375671
9.721562	0.01366438
9.724895	0.01360283
9.72823	0.01354128
9.731563	0.01354128
9.734896	0.01354128
9.738229	0.01360283
9.741563	0.01369516
9.744896	0.01381826
9.748229	0.01394136
9.751562	0.01412602
9.754896	0.0142799
9.758229	0.01443377
9.761562	0.01458765
9.764895	0.01467998
9.768229	0.01474153
9.771563	0.01474153
9.774896	0.01471076
9.778229	0.01461843
9.781563	0.01449533
9.784896	0.01434145
9.788229	0.01421835
9.791562	0.01409524
9.794896	0.01400292
9.798229	0.01394136
9.801562	0.01391059
9.804895	0.01391059
9.808229	0.01391059
9.811563	0.01394136
9.814896	0.01394136
9.818229	0.01397214
9.821563	0.01397214
9.824896	0.01397214
9.828229	0.01397214
9.831562	0.01397214
9.834896	0.01394136
9.838229	0.01397214
9.841562	0.01397214
9.844895	0.01397214
9.848229	0.01400292
9.851563	0.01406447
9.854896	0.01409524
9.85823	0.01409524
9.861563	0.01412602
9.864896	0.01409524
9.868229	0.01406447
9.871563	0.01400292
9.874896	0.01391059
9.878229	0.01381826
9.881562	0.01369516
9.884896	0.01354128
9.888229	0.01344895
9.891562	0.01332585
9.894896	0.0132643
9.89823	0.01323352
9.901563	0.01323352
9.904896	0.01323352
9.908229	0.0132643
9.911563	0.0132643
9.914896	0.01329508
9.918229	0.01329508
9.921562	0.01329508
9.924896	0.0132643
9.928229	0.0132643
9.931562	0.0132643
9.934896	0.01323352
9.93823	0.01323352
9.941563	0.01320275
9.944896	0.01320275
9.948229	0.01317197
9.951563	0.01311042
9.954896	0.01304887
9.958229	0.01295654
9.961562	0.01286422
9.964896	0.01277189
9.968229	0.01271034
9.971562	0.01267956
9.974895	0.01271034
9.97823	0.01274111
9.981563	0.01283344
9.984896	0.01295654
9.988229	0.01311042
9.991563	0.01323352
9.994896	0.0133874
9.998229	0.01347973
}
[PEAK]
{
Peak ID	1
Peak Ref	1
Time	3.92707
Peak	3.144896	4.078229
Intensity	-9.298325e-06	6.073714e-05
Height	0.005655168
AreaAbs	1563.1
Area %BP	0.0680895
Area %Total	0.05630981
Width	0.9333332
}
[PEAK]
{
Peak ID	2
Peak Ref	2
Time	4.279336
Peak	4.078229	4.618229
Intensity	-9.298325e-06	6.073714e-05
Height	0.0313997
AreaAbs	6440.865
Area %BP	0.2805676
Area %Total	0.2320286
Width	0.5400004
}
[PEAK]
{
Peak ID	3
Peak Ref	3
Time	4.966116
Peak	4.618229	6.471562
Intensity	-9.298325e-06	6.073714e-05
Height	0.1936402
AreaAbs	38260.92
Area %BP	1.666667
Area %Total	1.378328
Width	1.853333
}
}
}
}
