[SAMPLE]
{
Sample	1
Well	1:A,5
FileName	
SampleID	ASD-E-2604242-003
SampleDescription	Aquired with Galaxy
Date	23-Apr-2026
Time	16:01:25 PRC
JobCode	
TaskCode	
UserName	Congcong_Liu2
LabName	Aquired with Galaxy
Instrument	BAD_L_17_160
Conditions	
Submitter	Qiuyan_Wu
SampleType	
Plate	
Method	
Process	Galaxy
MSTune	
MSMethod	
InletMethod	
PreRunMethod	
PostRunMethod	
SwitchMethod	
FractionMethod	
AcquisitionProcess	
AcquisitionProcessParameters	
AcquisitionProcessOptions	
InjectionVolume	25
ReportScheme	
SampleReportEnable	0
SampleReportFormat	
AnalysisTime	0
[COMPOUND]
{
;Mono Mass	Formula
}
[FUNCTION]
{
Function	1
IonMode	ES+
Type	MS
Description	(0:0)
[SPECTRUM]
{
ProcDesc	0.00:Combine
State	OK
Peak ID	0
Peak Ref	0
Time	0
TIC	0
BPI	0
BPM	0
Continuum	FALSE
Saved	FALSE
[MASSES]
{
;Mass	Exp. Mass	Obs. Mass	% BPI	Int. Abs
}
[RESULTS]
{
;Mass	Found	% BPI	% Purity
}
[MS]
{
;Mass	% BPI
0	0
}
}
[CHROMATOGRAM]
{
TraceNumber	1
Description	scroll down chrom view to see 2D LC chrom
ProcDesc	
MaxIntensity	0
[TRACE]
{
0	0
}
[PEAK]
{
Peak ID	0
Peak Ref	0
Time	0
Peak	0
Intensity	0	0
Height	0
AreaAbs	0
Area %BP	0
Area %Total	0
}
}
}
[FUNCTION]
{
Function	0
Description	ANALOG
[CHROMATOGRAM]
{
TraceNumber	2
Description	LC
ProcDesc	Result Id:4635, VWD: Signal A, 280 nm
MaxIntensity	0.2216153
[TRACE]
{
;Time	Int. %Max
0.0005208334	0.05892814
0.003854167	0.05887435
0.0071875	0.05882055
0.01052083	0.05876676
0.01385417	0.05876676
0.0171875	0.05876676
0.02052083	0.05876676
0.02385417	0.05876676
0.0271875	0.05879366
0.03052083	0.05876676
0.03385417	0.05873987
0.0371875	0.05868608
0.04052083	0.05860539
0.04385417	0.05849781
0.0471875	0.05839023
0.05052083	0.05830954
0.05385417	0.05822885
0.0571875	0.05820196
0.06052083	0.05820196
0.06385417	0.05820196
0.0671875	0.05822885
0.07052083	0.05828264
0.07385416	0.05836333
0.0771875	0.05847091
0.08052083	0.05857849
0.08385417	0.05873987
0.0871875	0.05890124
0.09052084	0.05906261
0.09385417	0.05925088
0.0971875	0.05943915
0.1005208	0.05960053
0.1038542	0.059735
0.1071875	0.05981569
0.1105208	0.05986948
0.1138542	0.05986948
0.1171875	0.05984259
0.1205208	0.05978879
0.1238542	0.05970811
0.1271875	0.05965432
0.1305208	0.05957363
0.1338542	0.05951984
0.1371875	0.05949294
0.1405208	0.05943915
0.1438542	0.05938536
0.1471875	0.05933157
0.1505208	0.05925088
0.1538542	0.0591433
0.1571875	0.05900882
0.1605208	0.05887435
0.1638542	0.05873987
0.1671875	0.05860539
0.1705208	0.0585247
0.1738542	0.05841712
0.1771875	0.05836333
0.1805208	0.05833644
0.1838542	0.05830954
0.1871875	0.05830954
0.1905208	0.05830954
0.1938542	0.05830954
0.1971875	0.05833644
0.2005208	0.05836333
0.2038542	0.05841712
0.2071875	0.05849781
0.2105208	0.0585516
0.2138542	0.05863229
0.2171875	0.05868608
0.2205208	0.05871297
0.2238542	0.05873987
0.2271875	0.05871297
0.2305208	0.05868608
0.2338542	0.05865918
0.2371875	0.05863229
0.2405208	0.05857849
0.2438542	0.0585516
0.2471875	0.0585516
0.2505208	0.0585516
0.2538542	0.0585516
0.2571875	0.0585247
0.2605208	0.05847091
0.2638542	0.05836333
0.2671875	0.05822885
0.2705208	0.05806748
0.2738542	0.05787921
0.2771875	0.05766405
0.2805208	0.05744888
0.2838542	0.05726061
0.2871875	0.05709924
0.2905208	0.05701855
0.2938542	0.05696476
0.2971875	0.05699166
0.3005208	0.05701855
0.3038542	0.05709924
0.3071875	0.05717993
0.3105208	0.05726061
0.3138542	0.0573413
0.3171875	0.0573682
0.3205208	0.0573413
0.3238542	0.0573144
0.3271875	0.05726061
0.3305208	0.05717993
0.3338542	0.05712614
0.3371875	0.05707234
0.3405208	0.05704545
0.3438542	0.05704545
0.3471875	0.05707234
0.3505208	0.05715303
0.3538542	0.05723372
0.3571875	0.0573144
0.3605208	0.05742199
0.3638542	0.05750267
0.3671875	0.05755646
0.3705208	0.05761026
0.3738542	0.05766405
0.3771875	0.05769094
0.3805208	0.05774473
0.3838542	0.05779852
0.3871875	0.05785232
0.3905208	0.057933
0.3938542	0.05801369
0.3971875	0.05809438
0.4005208	0.05814817
0.4038542	0.05820196
0.4071875	0.05820196
0.4105208	0.05814817
0.4138542	0.05809438
0.4171875	0.05798679
0.4205208	0.05785232
0.4238542	0.05774473
0.4271875	0.05761026
0.4305208	0.05750267
0.4338542	0.05739509
0.4371875	0.0573413
0.4405208	0.05726061
0.4438542	0.05723372
0.4471875	0.05717993
0.4505208	0.05712614
0.4538542	0.05704545
0.4571875	0.05693787
0.4605208	0.05677649
0.4638542	0.05661512
0.4671875	0.05642685
0.4705208	0.05623858
0.4738542	0.05605031
0.4771875	0.05591584
0.4805208	0.05578136
0.4838542	0.05572757
0.4871875	0.05570067
0.4905208	0.05570067
0.4938542	0.05575446
0.4971875	0.05580825
0.5005208	0.05586205
0.5038542	0.05594273
0.5071875	0.05596963
0.5105208	0.05602342
0.5138541	0.05605031
0.5171875	0.05610411
0.5205208	0.056131
0.5238542	0.05618479
0.5271875	0.05623858
0.5305209	0.05631927
0.5338542	0.05639996
0.5371875	0.05650754
0.5405208	0.05661512
0.5438542	0.0567227
0.5471875	0.05683028
0.5505208	0.05693787
0.5538542	0.05704545
0.5571875	0.05712614
0.5605208	0.05717993
0.5638542	0.05723372
0.5671875	0.05726061
0.5705208	0.05726061
0.5738541	0.05728751
0.5771875	0.0573144
0.5805208	0.0573682
0.5838541	0.05742199
0.5871875	0.05752957
0.5905209	0.05766405
0.5938542	0.05779852
0.5971875	0.057933
0.6005208	0.05804058
0.6038542	0.05812127
0.6071875	0.05814817
0.6105208	0.05814817
0.6138542	0.05806748
0.6171875	0.0579599
0.6205208	0.05779852
0.6238542	0.05763715
0.6271875	0.05747578
0.6305208	0.0573144
0.6338542	0.05717993
0.6371875	0.05707234
0.6405208	0.05699166
0.6438541	0.05691097
0.6471875	0.05685718
0.6505209	0.05680339
0.6538542	0.0567496
0.6571875	0.05666891
0.6605209	0.05656133
0.6638542	0.05645375
0.6671875	0.05634616
0.6705208	0.05623858
0.6738542	0.0561579
0.6771875	0.0561579
0.6805208	0.05618479
0.6838542	0.05629237
0.6871875	0.05642685
0.6905208	0.05661512
0.6938542	0.05677649
0.6971875	0.05693787
0.7005208	0.05707234
0.7038541	0.05712614
0.7071875	0.05715303
0.7105208	0.05712614
0.7138542	0.05707234
0.7171875	0.05699166
0.7205209	0.05688408
0.7238542	0.05680339
0.7271875	0.0567227
0.7305208	0.05664202
0.7338542	0.05656133
0.7371875	0.05645375
0.7405208	0.05637306
0.7438542	0.05626548
0.7471875	0.0561579
0.7505208	0.05607721
0.7538542	0.05599652
0.7571875	0.05594273
0.7605208	0.05594273
0.7638541	0.05599652
0.7671875	0.05607721
0.7705208	0.05618479
0.7738542	0.05629237
0.7771875	0.05639996
0.7805209	0.05648064
0.7838542	0.05653443
0.7871875	0.05656133
0.7905208	0.05653443
0.7938542	0.05648064
0.7971875	0.05642685
0.8005208	0.05631927
0.8038542	0.05621169
0.8071875	0.05610411
0.8105208	0.05596963
0.8138542	0.05588894
0.8171875	0.05583515
0.8205208	0.05578136
0.8238541	0.05578136
0.8271875	0.05580825
0.8305208	0.05586205
0.8338541	0.05596963
0.8371875	0.05607721
0.8405209	0.05618479
0.8438542	0.05629237
0.8471875	0.05637306
0.8505208	0.05645375
0.8538542	0.05648064
0.8571875	0.05645375
0.8605208	0.05642685
0.8638542	0.05634616
0.8671875	0.05621169
0.8705208	0.05607721
0.8738542	0.05591584
0.8771875	0.05572757
0.8805208	0.05556619
0.8838542	0.05537792
0.8871875	0.05521655
0.8905208	0.05508207
0.8938541	0.05500139
0.8971875	0.0549476
0.9005209	0.0549476
0.9038542	0.05500139
0.9071875	0.05508207
0.9105209	0.05518966
0.9138542	0.05529724
0.9171875	0.05540482
0.9205208	0.0555393
0.9238542	0.05561998
0.9271875	0.05567378
0.9305208	0.05572757
0.9338542	0.05572757
0.9371875	0.05570067
0.9405208	0.05564688
0.9438542	0.05559309
0.9471875	0.05548551
0.9505208	0.05540482
0.9538541	0.05529724
0.9571875	0.05518966
0.9605208	0.05508207
0.9638542	0.05500139
0.9671875	0.0549476
0.9705209	0.05489381
0.9738542	0.05486691
0.9771875	0.05489381
0.9805208	0.0549476
0.9838542	0.05500139
0.9871875	0.05510897
0.9905208	0.05521655
0.9938542	0.05535103
0.9971875	0.05543172
1.000521	0.0555393
1.003854	0.05559309
1.007187	0.05559309
1.010521	0.05556619
1.013854	0.05548551
1.017187	0.05537792
1.020521	0.05521655
1.023854	0.05508207
1.027187	0.0549207
1.030521	0.05478622
1.033854	0.05467864
1.037187	0.05462485
1.040521	0.05457106
1.043854	0.05454416
1.047187	0.05449037
1.050521	0.05443658
1.053854	0.05435589
1.057188	0.05424831
1.060521	0.05408694
1.063854	0.05389867
1.067188	0.0537373
1.070521	0.05357592
1.073854	0.05344145
1.077188	0.05338765
1.080521	0.05341455
1.083854	0.05346834
1.087188	0.05360282
1.090521	0.0537373
1.093854	0.05389867
1.097188	0.05403315
1.100521	0.05414073
1.103854	0.05419452
1.107188	0.05422142
1.110521	0.05416763
1.113854	0.05411383
1.117188	0.05403315
1.120521	0.05392557
1.123854	0.05387177
1.127187	0.05384488
1.130521	0.05384488
1.133854	0.05387177
1.137187	0.05392557
1.140521	0.05400625
1.143854	0.05408694
1.147187	0.05419452
1.150521	0.0543021
1.153854	0.05440969
1.157187	0.05449037
1.160521	0.05454416
1.163854	0.05457106
1.167187	0.05459795
1.170521	0.05457106
1.173854	0.05454416
1.177187	0.05443658
1.180521	0.054329
1.183854	0.05416763
1.187188	0.05400625
1.190521	0.05384488
1.193854	0.0537104
1.197188	0.05360282
1.200521	0.05352213
1.203854	0.05346834
1.207188	0.05344145
1.210521	0.05341455
1.213854	0.05341455
1.217188	0.05338765
1.220521	0.05333386
1.223854	0.05328007
1.227188	0.05319939
1.230521	0.0531456
1.233854	0.0531187
1.237188	0.0530918
1.240521	0.0531456
1.243854	0.05319939
1.247187	0.05330697
1.250521	0.05341455
1.253854	0.05352213
1.257187	0.05360282
1.260521	0.05362971
1.263854	0.05362971
1.267187	0.05360282
1.270521	0.05352213
1.273854	0.05344145
1.277187	0.05330697
1.280521	0.05319939
1.283854	0.05306491
1.287187	0.05295733
1.290521	0.05284974
1.293854	0.05274216
1.297187	0.05263458
1.300521	0.052527
1.303854	0.05241942
1.307188	0.05233873
1.310521	0.05223115
1.313854	0.05215046
1.317188	0.05204288
1.320521	0.05198909
1.323854	0.0519084
1.327188	0.05185461
1.330521	0.05180082
1.333854	0.05177392
1.337188	0.05174703
1.340521	0.05174703
1.343854	0.05177392
1.347188	0.05182771
1.350521	0.0519084
1.353854	0.05201598
1.357188	0.05215046
1.360521	0.05231183
1.363854	0.0525001
1.367188	0.05266148
1.370521	0.05284974
1.373854	0.05303801
1.377187	0.05317249
1.380521	0.05333386
1.383854	0.05344145
1.387187	0.05354903
1.390521	0.05362971
1.393854	0.05368351
1.397187	0.05368351
1.400521	0.05365661
1.403854	0.05360282
1.407187	0.05352213
1.410521	0.05338765
1.413854	0.05322628
1.417187	0.05306491
1.420521	0.05287664
1.423854	0.05268837
1.427187	0.052527
1.430521	0.05239252
1.433854	0.05228494
1.437188	0.05220425
1.440521	0.05217736
1.443854	0.05215046
1.447188	0.05217736
1.450521	0.05225804
1.453854	0.05233873
1.457188	0.05241942
1.460521	0.05247321
1.463854	0.052527
1.467188	0.052527
1.470521	0.0525001
1.473854	0.05241942
1.477188	0.05225804
1.480521	0.05206977
1.483854	0.05185461
1.487188	0.05161255
1.490521	0.05137049
1.493854	0.05115532
1.497187	0.05096706
1.500521	0.05085947
1.503854	0.05077879
1.507187	0.05077879
1.510521	0.05085947
1.513854	0.05099395
1.517187	0.05118222
1.520521	0.05139738
1.523854	0.05163944
1.527187	0.0518815
1.530521	0.05212356
1.533854	0.05233873
1.537187	0.052527
1.540521	0.05266148
1.543854	0.05276906
1.547187	0.05282285
1.550521	0.05284974
1.553854	0.05287664
1.557188	0.05287664
1.560521	0.05284974
1.563854	0.05279595
1.567188	0.05276906
1.570521	0.05268837
1.573854	0.05260768
1.577188	0.0525001
1.580521	0.05236562
1.583854	0.05223115
1.587188	0.05206977
1.590521	0.0519084
1.593854	0.05177392
1.597188	0.05166634
1.600521	0.05158565
1.603854	0.05155876
1.607188	0.05153186
1.610521	0.05153186
1.613854	0.05155876
1.617188	0.05155876
1.620521	0.05155876
1.623854	0.05155876
1.627187	0.05153186
1.630521	0.05150497
1.633854	0.05145118
1.637187	0.05142428
1.640521	0.05139738
1.643854	0.05137049
1.647187	0.05134359
1.650521	0.0512898
1.653854	0.05126291
1.657187	0.05120912
1.660521	0.05112843
1.663854	0.05107464
1.667187	0.05099395
1.670521	0.05094016
1.673854	0.05091326
1.677187	0.05088637
1.680521	0.05091326
1.683854	0.05096706
1.687188	0.05102085
1.690521	0.05112843
1.693854	0.05123601
1.697188	0.05134359
1.700521	0.05142428
1.703854	0.05150497
1.707188	0.05155876
1.710521	0.05158565
1.713854	0.05158565
1.717188	0.05155876
1.720521	0.05153186
1.723854	0.05150497
1.727188	0.05147807
1.730521	0.05145118
1.733854	0.05145118
1.737188	0.05147807
1.740521	0.05153186
1.743854	0.05158565
1.747187	0.05163944
1.750521	0.05166634
1.753854	0.05166634
1.757187	0.05166634
1.760521	0.05163944
1.763854	0.05163944
1.767187	0.05161255
1.770521	0.05161255
1.773854	0.05161255
1.777187	0.05166634
1.780521	0.05174703
1.783854	0.05185461
1.787187	0.0519353
1.790521	0.05201598
1.793854	0.05204288
1.797187	0.05201598
1.800521	0.0519353
1.803854	0.05182771
1.807188	0.05166634
1.810521	0.05150497
1.813854	0.0513167
1.817188	0.05115532
1.820521	0.05102085
1.823854	0.05094016
1.827188	0.05091326
1.830521	0.05094016
1.833854	0.05096706
1.837188	0.05099395
1.840521	0.05104774
1.843854	0.05107464
1.847188	0.05112843
1.850521	0.05112843
1.853854	0.05112843
1.857188	0.05110153
1.860521	0.05107464
1.863854	0.05102085
1.867188	0.05102085
1.870521	0.05102085
1.873854	0.05104774
1.877187	0.05110153
1.880521	0.05115532
1.883854	0.05120912
1.887187	0.05126291
1.890521	0.0512898
1.893854	0.0512898
1.897187	0.05123601
1.900521	0.05112843
1.903854	0.05099395
1.907187	0.05083258
1.910521	0.05067121
1.913854	0.05050983
1.917187	0.05037535
1.920521	0.05024088
1.923854	0.05013329
1.927187	0.0500795
1.930521	0.04999882
1.933854	0.04994503
1.937188	0.04986434
1.940521	0.04975676
1.943854	0.04967607
1.947188	0.04956849
1.950521	0.04943401
1.953854	0.04935332
1.957188	0.04924574
1.960521	0.04919195
1.963854	0.04913816
1.967188	0.04913816
1.970521	0.04913816
1.973854	0.04916505
1.977188	0.04921885
1.980521	0.04929953
1.983854	0.04935332
1.987188	0.04946091
1.990521	0.04954159
1.993854	0.04964917
1.997187	0.04978365
2.000521	0.04989123
2.003854	0.05002571
2.007188	0.05013329
2.010521	0.05024088
2.013854	0.05034846
2.017188	0.05040225
2.020521	0.05040225
2.023854	0.05040225
2.027188	0.05032156
2.030521	0.05024088
2.033854	0.05016019
2.037188	0.05005261
2.040521	0.04999882
2.043854	0.04994503
2.047188	0.04994503
2.050521	0.04999882
2.053854	0.0501064
2.057188	0.05026777
2.060521	0.05045604
2.063854	0.05067121
2.067188	0.05091326
2.070521	0.05112843
2.073854	0.0513167
2.077188	0.05147807
2.080521	0.05161255
2.083854	0.05169324
2.087188	0.05174703
2.090521	0.05174703
2.093854	0.05174703
2.097188	0.05172013
2.100521	0.05172013
2.103854	0.05172013
2.107188	0.05177392
2.110521	0.05182771
2.113854	0.0518815
2.117188	0.05196219
2.120521	0.05201598
2.123854	0.05206977
2.127187	0.05212356
2.130521	0.05212356
2.133854	0.05209667
2.137187	0.05204288
2.140521	0.0519353
2.143854	0.05182771
2.147187	0.05172013
2.150521	0.05158565
2.153854	0.05142428
2.157187	0.0512898
2.160521	0.05112843
2.163854	0.05096706
2.167187	0.05083258
2.170521	0.0506981
2.173854	0.05056362
2.177187	0.05045604
2.180521	0.05037535
2.183854	0.05032156
2.187187	0.05032156
2.190521	0.05034846
2.193854	0.05042915
2.197187	0.05059052
2.200521	0.05075189
2.203854	0.05096706
2.207187	0.05120912
2.210521	0.05145118
2.213854	0.05169324
2.217187	0.0519084
2.220521	0.05209667
2.223854	0.05223115
2.227187	0.05231183
2.230521	0.05233873
2.233854	0.05228494
2.237187	0.05220425
2.240521	0.05209667
2.243854	0.05198909
2.247188	0.05185461
2.250521	0.05174703
2.253854	0.05169324
2.257188	0.05169324
2.260521	0.05174703
2.263854	0.05185461
2.267188	0.05196219
2.270521	0.05206977
2.273854	0.05215046
2.277188	0.05223115
2.280521	0.05228494
2.283854	0.05231183
2.287188	0.05228494
2.290521	0.05225804
2.293854	0.05220425
2.297188	0.05215046
2.300521	0.05209667
2.303854	0.05209667
2.307188	0.05206977
2.310521	0.05209667
2.313854	0.05212356
2.317188	0.05217736
2.320521	0.05225804
2.323854	0.05236562
2.327188	0.05247321
2.330521	0.05258079
2.333854	0.05268837
2.337188	0.05279595
2.340521	0.05290354
2.343854	0.05298422
2.347188	0.05303801
2.350521	0.0531187
2.353854	0.05317249
2.357188	0.05322628
2.360521	0.05328007
2.363854	0.05338765
2.367188	0.05346834
2.370521	0.05357592
2.373854	0.0537104
2.377187	0.05381798
2.380521	0.05392557
2.383854	0.05400625
2.387187	0.05408694
2.390521	0.05414073
2.393854	0.05419452
2.397187	0.05422142
2.400521	0.0543021
2.403854	0.05438279
2.407187	0.05449037
2.410521	0.05465175
2.413854	0.05481312
2.417187	0.05502828
2.420521	0.05524345
2.423854	0.05543172
2.427187	0.05561998
2.430521	0.05575446
2.433854	0.05586205
2.437187	0.05594273
2.440521	0.05596963
2.443854	0.05596963
2.447187	0.05596963
2.450521	0.05596963
2.453854	0.05596963
2.457187	0.05599652
2.460521	0.05602342
2.463854	0.05602342
2.467187	0.05605031
2.470521	0.05607721
2.473854	0.05607721
2.477187	0.05607721
2.480521	0.05607721
2.483854	0.05607721
2.487187	0.05605031
2.490521	0.05605031
2.493854	0.05605031
2.497188	0.05607721
2.500521	0.056131
2.503854	0.0561579
2.507188	0.05621169
2.510521	0.05626548
2.513854	0.05631927
2.517188	0.05634616
2.520521	0.05637306
2.523854	0.05637306
2.527188	0.05637306
2.530521	0.05631927
2.533854	0.05626548
2.537188	0.05618479
2.540521	0.05607721
2.543854	0.05594273
2.547188	0.05580825
2.550521	0.05564688
2.553854	0.05548551
2.557188	0.05532413
2.560521	0.05518966
2.563854	0.05502828
2.567188	0.05489381
2.570521	0.05478622
2.573854	0.05465175
2.577188	0.05451727
2.580521	0.05438279
2.583854	0.05424831
2.587188	0.05408694
2.590521	0.05395246
2.593854	0.05379109
2.597188	0.05368351
2.600521	0.05357592
2.603854	0.05346834
2.607188	0.05341455
2.610521	0.05336076
2.613854	0.05330697
2.617188	0.05325318
2.620521	0.05319939
2.623854	0.0531187
2.627187	0.05301112
2.630521	0.05284974
2.633854	0.05268837
2.637187	0.0525001
2.640521	0.05231183
2.643854	0.05209667
2.647187	0.0518815
2.650521	0.05163944
2.653854	0.05142428
2.657187	0.05118222
2.660521	0.05096706
2.663854	0.050725
2.667187	0.05050983
2.670521	0.05032156
2.673854	0.05016019
2.677187	0.05002571
2.680521	0.04991813
2.683854	0.04986434
2.687187	0.04986434
2.690521	0.04989123
2.693854	0.04991813
2.697187	0.04999882
2.700521	0.0500795
2.703854	0.05016019
2.707187	0.05024088
2.710521	0.05032156
2.713854	0.05037535
2.717187	0.05042915
2.720521	0.05048294
2.723854	0.05050983
2.727187	0.05050983
2.730521	0.05050983
2.733854	0.05048294
2.737187	0.05045604
2.740521	0.05040225
2.743854	0.05037535
2.747188	0.05034846
2.750521	0.05029467
2.753854	0.05024088
2.757188	0.05018709
2.760521	0.0501064
2.763854	0.04999882
2.767188	0.04986434
2.770521	0.04967607
2.773854	0.0494878
2.777188	0.04929953
2.780521	0.04913816
2.783854	0.04900368
2.787188	0.04892299
2.790521	0.0488961
2.793854	0.04894989
2.797188	0.04905747
2.800521	0.04919195
2.803854	0.04935332
2.807188	0.0495147
2.810521	0.04967607
2.813854	0.04975676
2.817188	0.04981055
2.820521	0.04981055
2.823854	0.04972986
2.827188	0.04962228
2.830521	0.0494878
2.833854	0.04935332
2.837188	0.04921885
2.840521	0.04911126
2.843854	0.04905747
2.847188	0.04905747
2.850521	0.04908437
2.853854	0.04916505
2.857188	0.04927264
2.860521	0.04940711
2.863854	0.04956849
2.867188	0.04972986
2.870521	0.04989123
2.873854	0.05005261
2.877187	0.05021398
2.880521	0.05037535
2.883854	0.05048294
2.887187	0.05059052
2.890521	0.05067121
2.893854	0.050725
2.897187	0.05075189
2.900521	0.05075189
2.903854	0.05075189
2.907187	0.050725
2.910521	0.05067121
2.913854	0.05061741
2.917187	0.05056362
2.920521	0.05050983
2.923854	0.05045604
2.927187	0.05037535
2.930521	0.05032156
2.933854	0.05026777
2.937187	0.05021398
2.940521	0.05016019
2.943854	0.05016019
2.947187	0.05016019
2.950521	0.05021398
2.953854	0.05029467
2.957187	0.05042915
2.960521	0.05064431
2.963854	0.05088637
2.967187	0.05118222
2.970521	0.05150497
2.973854	0.05185461
2.977187	0.05215046
2.980521	0.05241942
2.983854	0.05263458
2.987187	0.05276906
2.990521	0.05284974
2.993854	0.05284974
2.997188	0.05276906
3.000521	0.05266148
3.003854	0.05255389
3.007188	0.05241942
3.010521	0.05231183
3.013854	0.05223115
3.017188	0.05217736
3.020521	0.05215046
3.023854	0.05215046
3.027188	0.05217736
3.030521	0.05223115
3.033854	0.05231183
3.037188	0.05241942
3.040521	0.052527
3.043854	0.05266148
3.047188	0.05279595
3.050521	0.05293043
3.053854	0.05306491
3.057188	0.05319939
3.060521	0.05328007
3.063854	0.05333386
3.067188	0.05336076
3.070521	0.05338765
3.073854	0.05336076
3.077188	0.05330697
3.080521	0.05325318
3.083854	0.05317249
3.087188	0.05306491
3.090521	0.05295733
3.093854	0.05284974
3.097188	0.05268837
3.100521	0.052527
3.103854	0.05233873
3.107188	0.05215046
3.110521	0.05196219
3.113854	0.05174703
3.117188	0.05155876
3.120521	0.05137049
3.123854	0.05118222
3.127187	0.05102085
3.130521	0.05088637
3.133854	0.05075189
3.137187	0.05061741
3.140521	0.05050983
3.143854	0.05037535
3.147187	0.05024088
3.150521	0.0501064
3.153854	0.04999882
3.157187	0.04986434
3.160521	0.04975676
3.163854	0.04967607
3.167187	0.04959538
3.170521	0.04954159
3.173854	0.0494878
3.177187	0.04943401
3.180521	0.04938022
3.183854	0.04927264
3.187187	0.04913816
3.190521	0.04894989
3.193854	0.04873473
3.197187	0.04846577
3.200521	0.04816992
3.203854	0.04787407
3.207187	0.04757822
3.210521	0.04730926
3.213854	0.0470672
3.217187	0.04687893
3.220521	0.04677135
3.223854	0.04669066
3.227187	0.04669066
3.230521	0.04674446
3.233854	0.04685204
3.237187	0.04698652
3.240521	0.04714789
3.243854	0.04733616
3.247188	0.04752443
3.250521	0.0477127
3.253854	0.04787407
3.257188	0.04800855
3.260521	0.04814302
3.263854	0.04822371
3.267188	0.0483044
3.270521	0.04838508
3.273854	0.04843887
3.277188	0.04849267
3.280521	0.04854646
3.283854	0.04860025
3.287188	0.04870783
3.290521	0.04878852
3.293854	0.0488961
3.297188	0.04900368
3.300521	0.04913816
3.303854	0.04929953
3.307188	0.04946091
3.310521	0.04964917
3.313854	0.04983744
3.317188	0.0500795
3.320521	0.05034846
3.323854	0.05064431
3.327188	0.05099395
3.330521	0.05137049
3.333854	0.05180082
3.337188	0.05225804
3.340521	0.05276906
3.343854	0.05330697
3.347188	0.05387177
3.350521	0.05449037
3.353854	0.05508207
3.357188	0.05570067
3.360521	0.05631927
3.363854	0.05691097
3.367188	0.05750267
3.370521	0.05806748
3.373854	0.05857849
3.377187	0.05908951
3.380521	0.05957363
3.383854	0.06005775
3.387187	0.06056877
3.390521	0.06113357
3.393854	0.06169838
3.397187	0.06234387
3.400521	0.06307005
3.403854	0.06382313
3.407187	0.06465689
3.410521	0.06557134
3.413854	0.06653958
3.417187	0.06756161
3.420521	0.06863743
3.423854	0.06979394
3.427187	0.07103113
3.430521	0.07229522
3.433854	0.07364
3.437187	0.07501167
3.440521	0.07641024
3.443854	0.0778626
3.447187	0.07934185
3.450521	0.08082111
3.453854	0.08238105
3.457187	0.08396789
3.460521	0.08563541
3.463854	0.08741052
3.467187	0.08923942
3.470521	0.09120279
3.473854	0.09327375
3.477187	0.09542539
3.480521	0.09768462
3.483854	0.1000245
3.487187	0.1024451
3.490521	0.1049464
3.493854	0.1075553
3.497188	0.1102448
3.500521	0.113042
3.503854	0.1159736
3.507188	0.1190397
3.510521	0.1222134
3.513854	0.1255215
3.517188	0.128991
3.520521	0.1325412
3.523854	0.1362259
3.527188	0.1399913
3.530521	0.1438105
3.533854	0.1477372
3.537188	0.1517178
3.540521	0.155779
3.543854	0.1599747
3.547188	0.1642511
3.550521	0.1686888
3.553854	0.173288
3.557188	0.1780216
3.560521	0.1829435
3.563854	0.1880267
3.567188	0.1932714
3.570521	0.1986236
3.573854	0.2041103
3.577188	0.2097315
3.580521	0.2154871
3.583854	0.2213772
3.587188	0.2274287
3.590521	0.2335878
3.593854	0.2399351
3.597188	0.2463901
3.600521	0.2530333
3.603854	0.259811
3.607188	0.2667231
3.610521	0.2737966
3.613854	0.2810315
3.617188	0.2884547
3.620521	0.296093
3.623854	0.3039465
3.627187	0.312069
3.630521	0.3204604
3.633854	0.3291746
3.637187	0.3381846
3.640521	0.3475442
3.643854	0.3572266
3.647187	0.3672856
3.650521	0.3776941
3.653854	0.3884792
3.657187	0.3996409
3.660521	0.4111791
3.663854	0.4230669
3.667187	0.4353044
3.670521	0.4478377
3.673854	0.4606938
3.677187	0.4737919
3.680521	0.4871052
3.683854	0.5006336
3.687187	0.5143773
3.690521	0.5282554
3.693854	0.5422679
3.697187	0.5564419
3.700521	0.5706696
3.703854	0.584978
3.707187	0.5993134
3.710521	0.613595
3.713854	0.6277958
3.717187	0.6418891
3.720521	0.6557672
3.723854	0.6694301
3.727187	0.6827972
3.730521	0.6958146
3.733854	0.7084555
3.737187	0.720693
3.740521	0.7325002
3.743854	0.7438232
3.747188	0.7546352
3.750521	0.7649093
3.753854	0.7746724
3.757188	0.7838437
3.760521	0.7925041
3.763854	0.8005997
3.767188	0.8082111
3.770521	0.8153384
3.773854	0.8220892
3.777188	0.8284903
3.780521	0.8346494
3.783854	0.840674
3.787188	0.846591
3.790521	0.852535
3.793854	0.8586133
3.797188	0.8648531
3.800521	0.8714156
3.803854	0.8783547
3.807188	0.8858047
3.810521	0.8938734
3.813854	0.9026951
3.817188	0.9124582
3.820521	0.9232702
3.823854	0.9353194
3.827188	0.9487672
3.830521	0.9638018
3.833854	0.9805308
3.837188	0.9991425
3.840521	1.019771
3.843854	1.042471
3.847188	1.067376
3.850521	1.094568
3.853854	1.124072
3.857188	1.155944
3.860521	1.190209
3.863854	1.226894
3.867188	1.266
3.870521	1.307473
3.873854	1.351286
3.877187	1.397412
3.880521	1.44577
3.883854	1.496226
3.887187	1.548645
3.890521	1.602894
3.893854	1.658702
3.897187	1.715882
3.900521	1.774138
3.903854	1.833173
3.907187	1.892639
3.910521	1.952213
3.913854	2.011545
3.917187	2.070231
3.920521	2.127922
3.923854	2.184321
3.927187	2.239027
3.930521	2.291742
3.933854	2.342118
3.937187	2.389857
3.940521	2.434665
3.943854	2.476219
3.947187	2.51433
3.950521	2.548702
3.953854	2.579148
3.957187	2.605479
3.960521	2.627533
3.963854	2.645204
3.967187	2.658383
3.970521	2.66707
3.973854	2.671212
3.977187	2.670808
3.980521	2.66594
3.983854	2.656634
3.987187	2.643025
3.990521	2.625247
3.993854	2.603435
3.997188	2.577777
4.000521	2.548487
4.003854	2.515782
4.007187	2.479877
4.010521	2.441067
4.013854	2.39954
4.017188	2.355619
4.020521	2.309574
4.023854	2.261619
4.027187	2.212105
4.030521	2.161245
4.033854	2.109337
4.037188	2.056648
4.040521	2.003422
4.043854	1.949927
4.047187	1.896405
4.050521	1.843071
4.053854	1.790141
4.057188	1.737802
4.060521	1.686243
4.063854	1.635599
4.067187	1.586084
4.070521	1.537833
4.073854	1.490954
4.077188	1.445636
4.080521	1.401957
4.083854	1.360081
4.087187	1.320114
4.090521	1.282191
4.093854	1.246393
4.097188	1.212855
4.100521	1.181656
4.103854	1.152931
4.107187	1.126762
4.110521	1.103309
4.113854	1.082653
4.117188	1.064983
4.120521	1.050432
4.123854	1.039217
4.127188	1.031552
4.130521	1.027679
4.133854	1.027948
4.137187	1.032627
4.140521	1.042148
4.143854	1.056914
4.147188	1.077382
4.150521	1.104116
4.153854	1.137628
4.157187	1.178563
4.160521	1.227566
4.163854	1.285338
4.167188	1.352604
4.170521	1.430197
4.173854	1.518899
4.177187	1.619515
4.180521	1.732907
4.183854	1.859907
4.187188	2.001351
4.190521	2.158018
4.193854	2.330687
4.197187	2.520032
4.200521	2.726697
4.203854	2.951221
4.207188	3.194034
4.210521	3.455459
4.213854	3.735629
4.217187	4.0346
4.220521	4.35221
4.223854	4.688109
4.227188	5.041704
4.230521	5.412298
4.233854	5.798841
4.237187	6.200149
4.240521	6.614744
4.243854	7.040984
4.247188	7.477015
4.250521	7.920737
4.253854	8.369893
4.257187	8.822088
4.260521	9.274794
4.263854	9.725348
4.267188	10.17098
4.270521	10.60889
4.273854	11.03624
4.277187	11.45016
4.280521	11.84784
4.283854	12.22655
4.287188	12.58362
4.290521	12.91656
4.293854	13.22301
4.297187	13.50092
4.300521	13.74833
4.303854	13.96366
4.307188	14.14555
4.310521	14.29291
4.313854	14.40498
4.317187	14.48126
4.320521	14.52158
4.323854	14.52599
4.327188	14.49495
4.330521	14.42911
4.333854	14.32941
4.337187	14.19703
4.340521	14.03334
4.343854	13.84004
4.347188	13.61894
4.350521	13.37198
4.353854	13.10128
4.357187	12.80906
4.360521	12.49761
4.363854	12.16921
4.367188	11.82624
4.370521	11.47103
4.373854	11.10587
4.377188	10.73304
4.380521	10.35465
4.383854	9.972787
4.387187	9.589445
4.390521	9.206479
4.393854	8.825638
4.397188	8.448508
4.400521	8.07657
4.403854	7.711167
4.407187	7.353483
4.410521	7.004541
4.413854	6.665308
4.417188	6.33651
4.420521	6.018739
4.423854	5.712533
4.427187	5.418188
4.430521	5.136
4.433854	4.86605
4.437188	4.608417
4.440521	4.362995
4.443854	4.129676
4.447187	3.908272
4.450521	3.698487
4.453854	3.500025
4.457188	3.312563
4.460521	3.135725
4.463854	2.96908
4.467187	2.812252
4.470521	2.664811
4.473854	2.526299
4.477188	2.396312
4.480521	2.274449
4.483854	2.16025
4.487187	2.053313
4.490521	1.953262
4.493854	1.859638
4.497188	1.77212
4.500521	1.69025
4.503854	1.613733
4.507187	1.542191
4.510521	1.475248
4.513854	1.412635
4.517188	1.354002
4.520521	1.299135
4.523854	1.247765
4.527187	1.199649
4.530521	1.154626
4.533854	1.112453
4.537188	1.072998
4.540521	1.036097
4.543854	1.001563
4.547187	0.9692885
4.550521	0.9390848
4.553854	0.9108445
4.557188	0.8844062
4.560521	0.8596892
4.563854	0.8365321
4.567187	0.8148543
4.570521	0.7945751
4.573854	0.7755599
4.577188	0.757782
4.580521	0.7411336
4.583854	0.7255611
4.587187	0.7110106
4.590521	0.6973746
4.593854	0.684653
4.597188	0.6727652
4.600521	0.6616573
4.603854	0.6513025
4.607187	0.6416739
4.610521	0.6327177
4.613854	0.6244608
4.617188	0.6168493
4.620521	0.6099103
4.623854	0.6036436
4.627188	0.5980224
4.630521	0.5931005
4.633854	0.5888779
4.637187	0.5854084
4.640521	0.5826919
4.643854	0.5807823
4.647188	0.5797334
4.650521	0.579572
4.653854	0.5804058
4.657187	0.5822616
4.660521	0.585247
4.663854	0.5894696
4.667188	0.595037
4.670521	0.6020567
4.673854	0.6106902
4.677187	0.6210988
4.680521	0.6334977
4.683854	0.6480481
4.687188	0.6650192
4.690521	0.6845723
4.693854	0.7069763
4.697187	0.7324464
4.700521	0.7612515
4.703854	0.7936337
4.707188	0.8298351
4.710521	0.8700977
4.713854	0.9147175
4.717187	0.9639631
4.720521	1.018104
4.723854	1.077409
4.727188	1.142173
4.730521	1.212693
4.733854	1.289211
4.737187	1.371996
4.740521	1.461235
4.743854	1.557171
4.747188	1.659993
4.750521	1.769781
4.753854	1.886722
4.757187	2.010872
4.760521	2.142311
4.763854	2.281119
4.767188	2.427269
4.770521	2.580762
4.773854	2.741544
4.777187	2.90956
4.780521	3.084704
4.783854	3.26684
4.787188	3.455916
4.790521	3.651769
4.793854	3.854346
4.797187	4.063594
4.800521	4.279619
4.803854	4.502502
4.807188	4.73254
4.810521	4.970135
4.813854	5.215853
4.817187	5.470446
4.820521	5.734937
4.823854	6.010562
4.827188	6.298829
4.830521	6.601646
4.833854	6.921165
4.837187	7.259994
4.840521	7.621094
4.843854	8.007879
4.847188	8.424195
4.850521	8.874346
4.853854	9.362985
4.857187	9.895301
4.860521	10.47676
4.863854	11.11329
4.867188	11.81112
4.870521	12.57673
4.873854	13.4169
4.877188	14.33847
4.880521	15.34848
4.883854	16.45381
4.887187	17.66123
4.890521	18.97723
4.893854	20.4078
4.897188	21.95828
4.900521	23.6332
4.903854	25.43619
4.907187	27.36977
4.910521	29.43515
4.913854	31.63236
4.917188	33.95976
4.920521	36.41425
4.923854	38.99109
4.927187	41.68371
4.930521	44.48391
4.933854	47.38148
4.937188	50.36441
4.940521	53.41891
4.943854	56.52937
4.947187	59.67865
4.950521	62.84813
4.953854	66.01796
4.957188	69.16724
4.960521	72.27441
4.963854	75.31729
4.967187	78.27365
4.970521	81.12121
4.973854	83.83809
4.977188	86.40307
4.980521	88.79575
4.983854	90.99701
4.987187	92.98917
4.990521	94.7562
4.993854	96.28411
4.997188	97.56095
5.000521	98.57704
5.003854	99.32503
5.007187	99.80014
5.010521	100
5.013854	99.9248
5.017188	99.57712
5.020521	98.96199
5.023854	98.08665
5.027187	96.96051
5.030521	95.59486
5.033854	94.00281
5.037188	92.19895
5.040521	90.19913
5.043854	88.02027
5.047187	85.68011
5.050521	83.19698
5.053854	80.58962
5.057188	77.87704
5.060521	75.07813
5.063854	72.21163
5.067187	69.29583
5.070521	66.34845
5.073854	63.38645
5.077188	60.42589
5.080521	57.4818
5.083854	54.56807
5.087187	51.69735
5.090521	48.88117
5.093854	46.12973
5.097188	43.45212
5.100521	40.85616
5.103854	38.34853
5.107187	35.93468
5.110521	33.61897
5.113854	31.40471
5.117188	29.29417
5.120521	27.2886
5.123854	25.38837
5.127188	23.59312
5.130521	21.90163
5.133854	20.31216
5.137187	18.82244
5.140521	17.42971
5.143854	16.13079
5.147188	14.92229
5.150521	13.80048
5.153854	12.76145
5.157187	11.80117
5.160521	10.91548
5.163854	10.10022
5.167188	9.351124
5.170521	8.664049
5.173854	8.034936
5.177187	7.459748
5.180521	6.934613
5.183854	6.455845
5.187188	6.019895
5.190521	5.623347
5.193854	5.263028
5.197187	4.935924
5.200521	4.639186
5.203854	4.370176
5.207188	4.126395
5.210521	3.905555
5.213854	3.70548
5.217187	3.524231
5.220521	3.35998
5.223854	3.211059
5.227188	3.07599
5.230521	2.953346
5.233854	2.841864
5.237187	2.740414
5.240521	2.648001
5.243854	2.563683
5.247188	2.486628
5.250521	2.416134
5.253854	2.351531
5.257187	2.292227
5.260521	2.237736
5.263854	2.18763
5.267188	2.141477
5.270521	2.098955
5.273854	2.059741
5.277187	2.023594
5.280521	1.99027
5.283854	1.959582
5.287188	1.931315
5.290521	1.905388
5.293854	1.881639
5.297187	1.859961
5.300521	1.840274
5.303854	1.822469
5.307188	1.806466
5.310521	1.792185
5.313854	1.779517
5.317187	1.768355
5.320521	1.758565
5.323854	1.750093
5.327188	1.742804
5.330521	1.736565
5.333854	1.73132
5.337187	1.726936
5.340521	1.723332
5.343854	1.7204
5.347188	1.718087
5.350521	1.716258
5.353854	1.714833
5.357187	1.713676
5.360521	1.712681
5.363854	1.71174
5.367188	1.710745
5.370521	1.709535
5.373854	1.708055
5.377188	1.706173
5.380521	1.703752
5.383854	1.70074
5.387187	1.697028
5.390521	1.692563
5.393854	1.687238
5.397188	1.681052
5.400521	1.673952
5.403854	1.665883
5.407187	1.656846
5.410521	1.646787
5.413854	1.635706
5.417188	1.623603
5.420521	1.610478
5.423854	1.596277
5.427187	1.581055
5.430521	1.56481
5.433854	1.547597
5.437188	1.529415
5.440521	1.510346
5.443854	1.49047
5.447187	1.469815
5.450521	1.448486
5.453854	1.426486
5.457188	1.403921
5.460521	1.380817
5.463854	1.35723
5.467187	1.333239
5.470521	1.308872
5.473854	1.284208
5.477188	1.25933
5.480521	1.234263
5.483854	1.209062
5.487187	1.183834
5.490521	1.158606
5.493854	1.133405
5.497188	1.108312
5.500521	1.083379
5.503854	1.058582
5.507187	1.034026
5.510521	1.009712
5.513854	0.9857216
5.517188	0.9620536
5.520521	0.9387351
5.523854	0.9158471
5.527187	0.8933893
5.530521	0.8713887
5.533854	0.8498723
5.537188	0.82884
5.540521	0.8083187
5.543854	0.7883084
5.547187	0.768836
5.550521	0.7498747
5.553854	0.7314512
5.557188	0.7135119
5.560521	0.6960567
5.563854	0.6791125
5.567187	0.6626255
5.570521	0.6465689
5.573854	0.6309695
5.577188	0.6158004
5.580521	0.6010616
5.583854	0.5867263
5.587187	0.5727944
5.590521	0.5593197
5.593854	0.5462216
5.597188	0.5335538
5.600521	0.5212894
5.603854	0.5094285
5.607187	0.4979441
5.610521	0.4868362
5.613854	0.4761049
5.617188	0.4656963
5.620521	0.4556374
5.623854	0.4458743
5.627188	0.436434
5.630521	0.4272626
5.633854	0.4183333
5.637187	0.4096729
5.640521	0.4012546
5.643854	0.3930784
5.647188	0.3851442
5.650521	0.3774252
5.653854	0.3699482
5.657187	0.3627133
5.660521	0.3557205
5.663854	0.3489428
5.667188	0.3424072
5.670521	0.3360598
5.673854	0.3298739
5.677187	0.323903
5.680521	0.3180667
5.683854	0.3123917
5.687188	0.3068244
5.690521	0.3014183
5.693854	0.2961468
5.697187	0.2910098
5.700521	0.2860072
5.703854	0.2811391
5.707188	0.2764055
5.710521	0.2718333
5.713854	0.2673686
5.717187	0.2630653
5.720521	0.2588696
5.723854	0.2548353
5.727188	0.2509085
5.730521	0.2470894
5.733854	0.2433778
5.737187	0.2397469
5.740521	0.2362236
5.743854	0.2327809
5.747188	0.2293921
5.750521	0.226057
5.753854	0.2227758
5.757187	0.2195752
5.760521	0.2164553
5.763854	0.2133892
5.767188	0.2104038
5.770521	0.2074722
5.773854	0.2046213
5.777187	0.2018511
5.780521	0.1991615
5.783854	0.1965526
5.787188	0.1939976
5.790521	0.1915501
5.793854	0.1891564
5.797187	0.1868164
5.800521	0.1845572
5.803854	0.1823787
5.807188	0.180227
5.810521	0.1781292
5.813854	0.1760582
5.817187	0.1740142
5.820521	0.1720239
5.823854	0.1700874
5.827188	0.1682047
5.830521	0.1663489
5.833854	0.16452
5.837187	0.1627449
5.840521	0.1609967
5.843854	0.1593023
5.847188	0.1576348
5.850521	0.1559942
5.853854	0.1543804
5.857187	0.1528205
5.860521	0.1513143
5.863854	0.149862
5.867188	0.1484903
5.870521	0.1471993
5.873854	0.1459621
5.877188	0.1448056
5.880521	0.1437298
5.883854	0.1426809
5.887187	0.1417126
5.890521	0.1407444
5.893854	0.1398568
5.897188	0.1390231
5.900521	0.1382162
5.903854	0.13749
5.907187	0.1368445
5.910521	0.1362528
5.913854	0.1357418
5.917188	0.1352846
5.920521	0.1348812
5.923854	0.1345046
5.927187	0.134155
5.930521	0.1338053
5.933854	0.1334826
5.937188	0.1331598
5.940521	0.132864
5.943854	0.1325681
5.947187	0.1323261
5.950521	0.1321109
5.953854	0.1319495
5.957188	0.131842
5.960521	0.1317882
5.963854	0.1317882
5.967187	0.1317882
5.970521	0.1318151
5.973854	0.1318151
5.977188	0.1317882
5.980521	0.1317075
5.983854	0.131573
5.987187	0.1313847
5.990521	0.1311696
5.993854	0.1308737
5.997188	0.1305779
6.000521	0.1302551
6.003854	0.1299324
6.007187	0.1296096
6.010521	0.1292869
6.013854	0.1289641
6.017188	0.1286414
6.020521	0.1283455
6.023854	0.1280766
6.027187	0.1278076
6.030521	0.1275656
6.033854	0.1273504
6.037188	0.1271352
6.040521	0.126947
6.043854	0.1267318
6.047187	0.1265166
6.050521	0.1262746
6.053854	0.1260056
6.057188	0.1256829
6.060521	0.1253332
6.063854	0.1249567
6.067187	0.1245264
6.070521	0.1240691
6.073854	0.123585
6.077188	0.1231009
6.080521	0.1226168
6.083854	0.1221327
6.087187	0.1216485
6.090521	0.1212182
6.093854	0.1208148
6.097188	0.1204382
6.100521	0.1201155
6.103854	0.1198465
6.107187	0.1196314
6.110521	0.11947
6.113854	0.1193624
6.117188	0.1193086
6.120521	0.1193086
6.123854	0.1193355
6.127188	0.1193893
6.130521	0.1194431
6.133854	0.1195507
6.137187	0.1196314
6.140521	0.119739
6.143854	0.1197927
6.147188	0.1198196
6.150521	0.1198196
6.153854	0.119739
6.157187	0.1196314
6.160521	0.1194431
6.163854	0.1192279
6.167188	0.118959
6.170521	0.1186631
6.173854	0.1183404
6.177187	0.1179639
6.180521	0.1175873
6.183854	0.1171839
6.187188	0.1167536
6.190521	0.1162694
6.193854	0.1157315
6.197187	0.1151667
6.200521	0.1145212
6.203854	0.1138219
6.207188	0.113042
6.210521	0.1122082
6.213854	0.1113207
6.217187	0.1104062
6.220521	0.109438
6.223854	0.1084159
6.227188	0.1073401
6.230521	0.1062374
6.233854	0.1051078
6.237187	0.1039513
6.240521	0.1027679
6.243854	0.1015576
6.247188	0.1003473
6.250521	0.09911008
6.253854	0.09792668
6.257187	0.09677017
6.260521	0.09566745
6.263854	0.09459163
6.267188	0.09359649
6.270521	0.09268205
6.273854	0.09182139
6.277187	0.09098763
6.280521	0.09018076
6.283854	0.08937389
6.287188	0.08859392
6.290521	0.08778706
6.293854	0.08698019
6.297187	0.08617332
6.300521	0.08536645
6.303854	0.08458648
6.307188	0.08380651
6.310521	0.08308033
6.313854	0.08238105
6.317187	0.08170866
6.320521	0.08103627
6.323854	0.08039078
6.327188	0.07977218
6.330521	0.07912669
6.333854	0.07850809
6.337187	0.0778895
6.340521	0.077244
6.343854	0.07662541
6.347188	0.0760337
6.350521	0.07541511
6.353854	0.0748503
6.357187	0.0742586
6.360521	0.0736669
6.363854	0.07310209
6.367188	0.07253728
6.370521	0.07202627
6.373854	0.07154215
6.377188	0.07111182
6.380521	0.07076218
6.383854	0.07046633
6.387187	0.07025116
6.390521	0.07011668
6.393854	0.0700091
6.397188	0.06990152
6.400521	0.06982083
6.403854	0.06974015
6.407187	0.06963256
6.410521	0.06952498
6.413854	0.0693905
6.417188	0.06922913
6.420521	0.06909465
6.423854	0.06893328
6.427187	0.0687988
6.430521	0.06866432
6.433854	0.06850295
6.437188	0.06836847
6.440521	0.0682071
6.443854	0.06801883
6.447187	0.06783056
6.450521	0.06766919
6.453854	0.06750781
6.457188	0.06734644
6.460521	0.06723886
6.463854	0.06715817
6.467187	0.06713128
6.470521	0.06710438
6.473854	0.06710438
6.477188	0.06713128
6.480521	0.06715817
6.483854	0.06718507
6.487187	0.06721196
6.490521	0.06723886
6.493854	0.06723886
6.497188	0.06723886
6.500521	0.06723886
6.503854	0.06726575
6.507187	0.06726575
6.510521	0.06731955
6.513854	0.06740023
6.517188	0.06753471
6.520521	0.06769608
6.523854	0.06793814
6.527187	0.06823399
6.530521	0.06858364
6.533854	0.06898707
6.537188	0.0694443
6.540521	0.06995531
6.543854	0.07046633
6.547187	0.07097734
6.550521	0.07151525
6.553854	0.07202627
6.557188	0.07253728
6.560521	0.0730483
6.563854	0.07353242
6.567187	0.07396275
6.570521	0.07436618
6.573854	0.07471582
6.577188	0.07498478
6.580521	0.07522684
6.583854	0.07538821
6.587187	0.075442
6.590521	0.075442
6.593854	0.07533442
6.597188	0.07511925
6.600521	0.0748503
6.603854	0.07447376
6.607187	0.07401654
6.610521	0.07345173
6.613854	0.07286003
6.617188	0.07218764
6.620521	0.07148836
6.623854	0.07076218
6.627188	0.070036
6.630521	0.06930982
6.633854	0.06861053
6.637187	0.06793814
6.640521	0.06729265
6.643854	0.06667405
6.647188	0.06605546
6.650521	0.06546375
6.653854	0.06487205
6.657187	0.06425345
6.660521	0.06360796
6.663854	0.06296247
6.667188	0.06229008
6.670521	0.0615908
6.673854	0.06086462
6.677187	0.06013844
6.680521	0.05938536
6.683854	0.05857849
6.687188	0.05777163
6.690521	0.05693787
6.693854	0.05605031
6.697187	0.05513587
6.700521	0.05416763
6.703854	0.05319939
6.707188	0.05217736
6.710521	0.05112843
6.713854	0.0501064
6.717187	0.04905747
6.720521	0.04803544
6.723854	0.04704031
6.727188	0.04604517
6.730521	0.04507693
6.733854	0.04413559
6.737187	0.04316735
6.740521	0.042226
6.743854	0.04128466
6.747188	0.04037021
6.750521	0.03948266
6.753854	0.03859511
6.757187	0.03773445
6.760521	0.03692758
6.763854	0.03617451
6.767188	0.03550212
6.770521	0.03488352
6.773854	0.03431872
6.777187	0.03386149
6.780521	0.03345806
6.783854	0.03316221
6.787188	0.03300083
6.790521	0.03292015
6.793854	0.03297394
6.797187	0.03310841
6.800521	0.03335047
6.803854	0.03370012
6.807188	0.03410355
6.810521	0.03453388
6.813854	0.0349911
6.817187	0.03547522
6.820521	0.03595934
6.823854	0.03641657
6.827188	0.0368469
6.830521	0.03722343
6.833854	0.03759997
6.837187	0.03794961
6.840521	0.03824546
6.843854	0.03851442
6.847188	0.03872958
6.850521	0.03891785
6.853854	0.03899854
6.857187	0.03902543
6.860521	0.03897164
6.863854	0.03878337
6.867188	0.03851442
6.870521	0.03811099
6.873854	0.03757308
6.877188	0.03690069
6.880521	0.03609382
6.883854	0.03515248
6.887187	0.03410355
6.890521	0.03292015
6.893854	0.03160226
6.897188	0.0301768
6.900521	0.02867065
6.903854	0.02705692
6.907187	0.0253625
6.910521	0.02364119
6.913854	0.02186608
6.917188	0.02006408
6.920521	0.01826208
6.923854	0.01648697
6.927187	0.01473876
6.930521	0.01307123
6.933854	0.01143061
6.937188	0.009870664
6.940521	0.008391409
6.943854	0.006965945
6.947187	0.005648064
6.950521	0.004410869
6.953854	0.003308152
6.957188	0.002339912
6.960521	0.00150615
6.963854	0.0008606574
6.967187	0.0003765376
6.970521	0.0001075822
6.973854	0
6.977188	5.379108e-05
6.980521	0.0003227465
6.983854	0.0007530752
6.987187	0.001398568
6.990521	0.002205434
6.993854	0.00320057
6.997188	0.004383973
7.000521	0.005755646
7.003854	0.007315588
7.007187	0.009036902
7.010521	0.01091959
7.013854	0.01293676
7.017188	0.01503461
7.020521	0.01724005
7.023854	0.01955306
7.027187	0.02191987
7.030521	0.02439426
7.033854	0.02689554
7.037188	0.02945062
7.040521	0.03205949
7.043854	0.03472215
7.047187	0.03735791
7.050521	0.03999367
7.053854	0.04257565
7.057188	0.04507693
7.060521	0.04747064
7.063854	0.04978365
7.067187	0.05201598
7.070521	0.05411383
7.073854	0.056131
7.077188	0.05804058
7.080521	0.05986948
7.083854	0.0615908
7.087187	0.06317763
7.090521	0.06462999
7.093854	0.06592098
7.097188	0.06702369
7.100521	0.06791125
7.103854	0.06858364
7.107187	0.06904086
7.110521	0.06928292
7.113854	0.06930982
7.117188	0.06912155
7.120521	0.0687988
7.123854	0.06831468
7.127188	0.06766919
7.130521	0.06691611
7.133854	0.06605546
7.137187	0.06508722
7.140521	0.06401139
7.143854	0.06282799
7.147188	0.0615639
7.150521	0.06021912
7.153854	0.05876676
7.157187	0.05723372
7.160521	0.05564688
7.163854	0.05397936
7.167188	0.05231183
7.170521	0.05059052
7.173854	0.0488692
7.177187	0.04717478
7.180521	0.04553416
7.183854	0.04392042
7.187188	0.04241427
7.190521	0.04098881
7.193854	0.03969782
7.197187	0.03851442
7.200521	0.03749239
7.203854	0.03657794
7.207188	0.03582487
7.210521	0.03523316
7.213854	0.03474904
7.217187	0.0344263
7.220521	0.03421113
7.223854	0.03407665
7.227188	0.03404976
7.230521	0.03404976
7.233854	0.03413044
7.237187	0.03423803
7.240521	0.03437251
7.243854	0.03450698
7.247188	0.03464146
7.250521	0.03480284
7.253854	0.03496421
7.257187	0.03515248
7.260521	0.03536764
7.263854	0.0356097
7.267188	0.03587866
7.270521	0.03614761
7.273854	0.03647036
7.277187	0.03679311
7.280521	0.03714275
7.283854	0.03746549
7.287188	0.03776134
7.290521	0.03808409
7.293854	0.03835305
7.297187	0.0386489
7.300521	0.03891785
7.303854	0.03915991
7.307188	0.03940197
7.310521	0.03959024
7.313854	0.03977851
7.317187	0.03991299
7.320521	0.04004747
7.323854	0.04012815
7.327188	0.04023573
7.330521	0.04031642
7.333854	0.040424
7.337187	0.04053158
7.340521	0.04069296
7.343854	0.04085433
7.347188	0.0410695
7.350521	0.04131156
7.353854	0.04160741
7.357187	0.04190326
7.360521	0.042226
7.363854	0.04257565
7.367188	0.04295218
7.370521	0.04332872
7.373854	0.04370526
7.377188	0.0440549
7.380521	0.04437765
7.383854	0.0446735
7.387187	0.04491556
7.390521	0.04510383
7.393854	0.04523831
7.397188	0.04534589
7.400521	0.04539968
7.403854	0.04539968
7.407187	0.04542657
7.410521	0.04542657
7.413854	0.04542657
7.417188	0.04545347
7.420521	0.04550726
7.423854	0.04558795
7.427187	0.04569553
7.430521	0.04583001
7.433854	0.04596448
7.437188	0.04609896
7.440521	0.04626034
7.443854	0.04639481
7.447187	0.04652929
7.450521	0.04663687
7.453854	0.04674446
7.457188	0.04685204
7.460521	0.04695962
7.463854	0.04712099
7.467187	0.04728237
7.470521	0.04744374
7.473854	0.04763201
7.477188	0.04782028
7.480521	0.04800855
7.483854	0.04819681
7.487187	0.04835819
7.490521	0.04846577
7.493854	0.04857335
7.497188	0.04862714
7.500521	0.04862714
7.503854	0.04865404
7.507187	0.04862714
7.510521	0.04862714
7.513854	0.04862714
7.517188	0.04862714
7.520521	0.04865404
7.523854	0.04870783
7.527187	0.04878852
7.530521	0.0488692
7.533854	0.04894989
7.537188	0.04900368
7.540521	0.04903058
7.543854	0.04897679
7.547187	0.0488961
7.550521	0.04876162
7.553854	0.04857335
7.557188	0.04835819
7.560521	0.04811613
7.563854	0.04784717
7.567187	0.04763201
7.570521	0.04741684
7.573854	0.04725547
7.577188	0.04714789
7.580521	0.0470941
7.583854	0.0470672
7.587187	0.04712099
7.590521	0.04717478
7.593854	0.04725547
7.597188	0.04733616
7.600521	0.04741684
7.603854	0.04747064
7.607187	0.04749753
7.610521	0.04749753
7.613854	0.04747064
7.617188	0.04741684
7.620521	0.04730926
7.623854	0.04717478
7.627188	0.04698652
7.630521	0.04677135
7.633854	0.04655619
7.637187	0.04631413
7.640521	0.04609896
7.643854	0.0458838
7.647188	0.04572242
7.650521	0.04556105
7.653854	0.04545347
7.657187	0.04537278
7.660521	0.0452921
7.663854	0.04523831
7.667188	0.04515762
7.670521	0.04507693
7.673854	0.04499625
7.677187	0.04491556
7.680521	0.04480798
7.683854	0.04472729
7.687188	0.0446735
7.690521	0.04461971
7.693854	0.04461971
7.697187	0.04459281
7.700521	0.04459281
7.703854	0.04456592
7.707188	0.04453902
7.710521	0.04448523
7.713854	0.04443144
7.717187	0.04435075
7.720521	0.04427007
7.723854	0.04421627
7.727188	0.04416248
7.730521	0.04413559
7.733854	0.04413559
7.737187	0.04413559
7.740521	0.04416248
7.743854	0.04416248
7.747188	0.04413559
7.750521	0.04410869
7.753854	0.0440549
7.757187	0.04400111
7.760521	0.04392042
7.763854	0.04386663
7.767188	0.04378595
7.770521	0.04370526
7.773854	0.04359768
7.777187	0.04351699
7.780521	0.04340941
7.783854	0.04330183
7.787188	0.04319424
7.790521	0.04305977
7.793854	0.04297908
7.797187	0.0428715
7.800521	0.04281771
7.803854	0.04276391
7.807188	0.04271012
7.810521	0.04268323
7.813854	0.04262944
7.817187	0.04257565
7.820521	0.04252185
7.823854	0.04241427
7.827188	0.04230669
7.830521	0.04219911
7.833854	0.04206463
7.837187	0.04195705
7.840521	0.04187636
7.843854	0.04179568
7.847188	0.04176878
7.850521	0.04174188
7.853854	0.04174188
7.857187	0.04176878
7.860521	0.04182257
7.863854	0.04184947
7.867188	0.04190326
7.870521	0.04195705
7.873854	0.04195705
7.877188	0.04198394
7.880521	0.04195705
7.883854	0.04195705
7.887187	0.04193015
7.890521	0.04193015
7.893854	0.04195705
7.897188	0.04198394
7.900521	0.04206463
7.903854	0.04219911
7.907187	0.04236048
7.910521	0.04252185
7.913854	0.04271012
7.917188	0.0428715
7.920521	0.04297908
7.923854	0.04305977
7.927187	0.04305977
7.930521	0.04300598
7.933854	0.04289839
7.937188	0.04271012
7.940521	0.04249496
7.943854	0.0422798
7.947187	0.04206463
7.950521	0.04184947
7.953854	0.04171499
7.957188	0.04158051
7.960521	0.04149982
7.963854	0.04141914
7.967187	0.04139224
7.970521	0.04136535
7.973854	0.04133845
7.977188	0.04133845
7.980521	0.04131156
7.983854	0.04131156
7.987187	0.04133845
7.990521	0.04139224
7.993854	0.04147293
7.997188	0.04160741
8.000521	0.04176878
8.003854	0.04193015
8.007188	0.04211842
8.010521	0.0422798
8.013854	0.04244117
8.017187	0.04257565
8.020521	0.04265633
8.023854	0.04268323
8.027187	0.04268323
8.03052	0.04262944
8.033854	0.04254875
8.037188	0.04244117
8.040521	0.04230669
8.043854	0.04214532
8.047188	0.04198394
8.050521	0.04182257
8.053854	0.0416612
8.057187	0.04147293
8.060521	0.04131156
8.063854	0.04112329
8.067187	0.04096191
8.07052	0.04080054
8.073854	0.04069296
8.077188	0.04061227
8.080521	0.04055848
8.083854	0.04055848
8.087188	0.04058538
8.090521	0.04063917
8.093854	0.04071985
8.097187	0.04080054
8.100521	0.04088123
8.103854	0.04093502
8.107187	0.04098881
8.11052	0.0410157
8.113854	0.04098881
8.117188	0.04098881
8.120521	0.04093502
8.123855	0.04090812
8.127188	0.04085433
8.130521	0.04080054
8.133854	0.04077364
8.137188	0.04074675
8.140521	0.04074675
8.143854	0.04071985
8.147187	0.04071985
8.150521	0.04074675
8.153854	0.04077364
8.157187	0.04080054
8.160521	0.04082744
8.163855	0.04088123
8.167188	0.04093502
8.170521	0.04098881
8.173854	0.0410695
8.177188	0.04112329
8.180521	0.04117708
8.183854	0.04120397
8.187187	0.04120397
8.190521	0.04117708
8.193854	0.04112329
8.197187	0.0410695
8.200521	0.04096191
8.203855	0.04085433
8.207188	0.04071985
8.210521	0.04058538
8.213854	0.0404509
8.217188	0.04028952
8.220521	0.04015505
8.223854	0.04002057
8.227187	0.03988609
8.230521	0.03977851
8.233854	0.03969782
8.237187	0.03961714
8.24052	0.03956335
8.243855	0.03950955
8.247188	0.03948266
8.250521	0.03948266
8.253854	0.03945576
8.257188	0.03942887
8.260521	0.03937508
8.263854	0.03932129
8.267187	0.03926749
8.270521	0.0392406
8.273854	0.03918681
8.277187	0.03915991
8.28052	0.03913302
8.283854	0.03913302
8.287188	0.03913302
8.290521	0.03910612
8.293854	0.03910612
8.297188	0.03907923
8.300521	0.03902543
8.303854	0.03894475
8.307187	0.03886406
8.310521	0.03883717
8.313854	0.03881027
8.317187	0.03883717
8.32052	0.03891785
8.323854	0.03902543
8.327188	0.03918681
8.330521	0.03932129
8.333854	0.03948266
8.337188	0.03959024
8.340521	0.03967093
8.343854	0.03967093
8.347187	0.03959024
8.350521	0.03942887
8.353854	0.0392137
8.357187	0.03894475
8.36052	0.03867579
8.363854	0.03840684
8.367188	0.03816478
8.370521	0.0380303
8.373855	0.03794961
8.377188	0.03797651
8.380521	0.03811099
8.383854	0.03835305
8.387188	0.0386489
8.390521	0.03897164
8.393854	0.03932129
8.397187	0.03961714
8.400521	0.0398592
8.403854	0.04004747
8.407187	0.04015505
8.410521	0.04020884
8.413855	0.04020884
8.417188	0.04015505
8.420521	0.04007436
8.423854	0.03999367
8.427188	0.03991299
8.430521	0.03980541
8.433854	0.03969782
8.437187	0.03959024
8.440521	0.03945576
8.443854	0.03932129
8.447187	0.03915991
8.450521	0.03902543
8.453855	0.03891785
8.457188	0.03881027
8.460521	0.03875648
8.463854	0.03872958
8.467188	0.03875648
8.470521	0.03881027
8.473854	0.03889096
8.477187	0.03897164
8.480521	0.03902543
8.483854	0.03907923
8.487187	0.03910612
8.49052	0.03905233
8.493855	0.03897164
8.497188	0.03883717
8.500521	0.0386489
8.503854	0.03846063
8.507188	0.03827236
8.510521	0.03808409
8.513854	0.03794961
8.517187	0.03784203
8.520521	0.03778824
8.523854	0.03776134
8.527187	0.03778824
8.53052	0.03784203
8.533854	0.03789582
8.537188	0.03794961
8.540521	0.0380034
8.543854	0.0380303
8.547188	0.0380034
8.550521	0.03797651
8.553854	0.03792272
8.557187	0.03786893
8.560521	0.03781514
8.563854	0.03776134
8.567187	0.03770755
8.57052	0.03768066
8.573854	0.03765376
8.577188	0.03762687
8.580521	0.03759997
8.583854	0.03757308
8.587188	0.03754618
8.590521	0.03749239
8.593854	0.03746549
8.597187	0.0374117
8.600521	0.03738481
8.603854	0.03735791
8.607187	0.03735791
8.61052	0.03735791
8.613854	0.0374117
8.617188	0.03749239
8.620521	0.03757308
8.623855	0.03765376
8.627188	0.03773445
8.630521	0.03781514
8.633854	0.03784203
8.637188	0.03786893
8.640521	0.03784203
8.643854	0.03778824
8.647187	0.03768066
8.650521	0.03754618
8.653854	0.03738481
8.657187	0.03719654
8.660521	0.03700827
8.663855	0.03682
8.667188	0.03663173
8.670521	0.03647036
8.673854	0.03630899
8.677188	0.0362014
8.680521	0.03617451
8.683854	0.03617451
8.687187	0.03625519
8.690521	0.03636278
8.693854	0.03652415
8.697187	0.03673931
8.700521	0.03695448
8.703855	0.03716964
8.707188	0.03738481
8.710521	0.03759997
8.713854	0.03776134
8.717188	0.03792272
8.720521	0.0380034
8.723854	0.03805719
8.727187	0.03808409
8.730521	0.03805719
8.733854	0.0380303
8.737187	0.03797651
8.74052	0.03794961
8.743855	0.03792272
8.747188	0.03794961
8.750521	0.0380034
8.753854	0.03808409
8.757188	0.03819167
8.760521	0.03829925
8.763854	0.03843373
8.767187	0.03856821
8.770521	0.03870269
8.773854	0.03883717
8.777187	0.03894475
8.78052	0.03905233
8.783854	0.03915991
8.787188	0.03929439
8.790521	0.03940197
8.793854	0.03956335
8.797188	0.03969782
8.800521	0.0398592
8.803854	0.04002057
8.807187	0.04018194
8.810521	0.04028952
8.813854	0.04039711
8.817187	0.04047779
8.82052	0.04050469
8.823854	0.04050469
8.827188	0.04047779
8.830521	0.040424
8.833854	0.04034332
8.837188	0.04026263
8.840521	0.04018194
8.843854	0.04012815
8.847187	0.04007436
8.850521	0.04007436
8.853854	0.04007436
8.857187	0.04010126
8.86052	0.04015505
8.863854	0.04023573
8.867188	0.04028952
8.870521	0.04037021
8.873855	0.040424
8.877188	0.04047779
8.880521	0.04050469
8.883854	0.04050469
8.887188	0.0404509
8.890521	0.04039711
8.893854	0.04028952
8.897187	0.04015505
8.900521	0.03996678
8.903854	0.03975161
8.907187	0.03948266
8.910521	0.03918681
8.913855	0.03889096
8.917188	0.03856821
8.920521	0.03824546
8.923854	0.03794961
8.927188	0.03770755
8.930521	0.03749239
8.933854	0.03735791
8.937187	0.03727722
8.940521	0.03727722
8.943854	0.03735791
8.947187	0.0374386
8.950521	0.03757308
8.953855	0.03768066
8.957188	0.03773445
8.960521	0.03778824
8.963854	0.03776134
8.967188	0.03768066
8.970521	0.03751928
8.973854	0.03733102
8.977187	0.03711585
8.980521	0.03687379
8.983854	0.03663173
8.987187	0.03638967
8.99052	0.03614761
8.993855	0.03595934
8.997188	0.03579797
9.000521	0.03569039
9.003854	0.0356097
9.007188	0.03555591
9.010521	0.03552901
9.013854	0.03552901
9.017187	0.03550212
9.020521	0.03547522
9.023854	0.03544833
9.027187	0.03536764
9.03052	0.03526006
9.033854	0.03512558
9.037188	0.0349911
9.040521	0.03482973
9.043854	0.03469525
9.047188	0.03458767
9.050521	0.03448009
9.053854	0.0344263
9.057187	0.0343994
9.060521	0.03437251
9.063854	0.03434561
9.067187	0.03431872
9.07052	0.03429182
9.073854	0.03421113
9.077188	0.03413044
9.080521	0.03404976
9.083854	0.03394218
9.087188	0.03383459
9.090521	0.03375391
9.093854	0.03370012
9.097187	0.03367322
9.100521	0.03370012
9.103854	0.03375391
9.107187	0.03386149
9.11052	0.03399597
9.113854	0.03413044
9.117188	0.03429182
9.120521	0.03445319
9.123855	0.03461457
9.127188	0.03472215
9.130521	0.03480284
9.133854	0.03482973
9.137188	0.03480284
9.140521	0.03472215
9.143854	0.03458767
9.147187	0.0344263
9.150521	0.03421113
9.153854	0.03399597
9.157187	0.0337808
9.160521	0.03359253
9.163855	0.03343116
9.167188	0.03335047
9.170521	0.03329668
9.173854	0.03332358
9.177188	0.03335047
9.180521	0.03340427
9.183854	0.03345806
9.187187	0.03351185
9.190521	0.03351185
9.193854	0.03348495
9.197187	0.03340427
9.200521	0.03329668
9.203855	0.0331891
9.207188	0.03305462
9.210521	0.03292015
9.213854	0.03281256
9.217188	0.03270498
9.220521	0.0325974
9.223854	0.03251671
9.227187	0.03243603
9.230521	0.03235534
9.233854	0.03230155
9.237187	0.03227465
9.24052	0.03224776
9.243855	0.03219397
9.247188	0.03216707
9.250521	0.03214017
9.253854	0.03211328
9.257188	0.03203259
9.260521	0.03195191
9.263854	0.03184432
9.267187	0.03173674
9.270521	0.03160226
9.273854	0.03149468
9.277187	0.0313871
9.28052	0.03127952
9.283854	0.03119883
9.287188	0.03111814
9.290521	0.03106435
9.293854	0.03101056
9.297188	0.03098367
9.300521	0.03095677
9.303854	0.03092988
9.307187	0.03092988
9.310521	0.03098367
9.313854	0.03106435
9.317187	0.03117194
9.32052	0.03130641
9.323854	0.03146779
9.327188	0.03165605
9.330521	0.03184432
9.333854	0.0320057
9.337188	0.03216707
9.340521	0.03232844
9.343854	0.03243603
9.347187	0.03251671
9.350521	0.03254361
9.353854	0.03254361
9.357187	0.03251671
9.36052	0.03243603
9.363854	0.03232844
9.367188	0.03219397
9.370521	0.03205949
9.373855	0.03192501
9.377188	0.03181743
9.380521	0.03170985
9.383854	0.03165605
9.387188	0.03165605
9.390521	0.03168295
9.393854	0.03173674
9.397187	0.03179053
9.400521	0.03187122
9.403854	0.03192501
9.407187	0.03195191
9.410521	0.0319788
9.413855	0.03195191
9.417188	0.03187122
9.420521	0.03176364
9.423854	0.03162916
9.427188	0.03146779
9.430521	0.03127952
9.433854	0.03111814
9.437187	0.03098367
9.440521	0.03087608
9.443854	0.03082229
9.447187	0.03084919
9.450521	0.03090298
9.453855	0.03103746
9.457188	0.03119883
9.460521	0.0313871
9.463854	0.03154847
9.467188	0.03168295
9.470521	0.03176364
9.473854	0.03179053
9.477187	0.03176364
9.480521	0.03170985
9.483854	0.03162916
9.487187	0.03149468
9.49052	0.0313602
9.493855	0.03122573
9.497188	0.03109125
9.500521	0.03095677
9.503854	0.03084919
9.507188	0.0307685
9.510521	0.03068782
9.513854	0.03063402
9.517187	0.03060713
9.520521	0.03063402
9.523854	0.03066092
9.527187	0.03071471
9.53052	0.03074161
9.533854	0.0307954
9.537188	0.03082229
9.540521	0.03082229
9.543854	0.0307954
9.547188	0.0307685
9.550521	0.03071471
9.553854	0.03063402
9.557187	0.03060713
9.560521	0.03058023
9.563854	0.03055334
9.567187	0.03058023
9.57052	0.03063402
9.573854	0.03071471
9.577188	0.0307685
9.580521	0.03082229
9.583854	0.03087608
9.587188	0.03090298
9.590521	0.03092988
9.593854	0.03090298
9.597187	0.03087608
9.600521	0.03084919
9.603854	0.03084919
9.607187	0.03084919
9.61052	0.03087608
9.613854	0.03092988
9.617188	0.03103746
9.620521	0.03111814
9.623855	0.03119883
9.627188	0.03125262
9.630521	0.03130641
9.633854	0.03127952
9.637188	0.03122573
9.640521	0.03111814
9.643854	0.03095677
9.647187	0.0307685
9.650521	0.03058023
9.653854	0.03041886
9.657187	0.03025749
9.660521	0.03012301
9.663855	0.03001543
9.667188	0.02996164
9.670521	0.02988095
9.673854	0.02985405
9.677188	0.02980026
9.680521	0.02977337
9.683854	0.02974647
9.687187	0.02971958
9.690521	0.02971958
9.693854	0.02977337
9.697187	0.02982716
9.700521	0.02993474
9.703855	0.03009611
9.707188	0.03028438
9.710521	0.03047265
9.713854	0.03068782
9.717188	0.03090298
9.720521	0.03111814
9.723854	0.03130641
9.727187	0.03144089
9.730521	0.03154847
9.733854	0.03162916
9.737187	0.03168295
9.74052	0.03170985
9.743855	0.03170985
9.747188	0.03170985
9.750521	0.03168295
9.753854	0.03165605
9.757188	0.03162916
9.760521	0.03157537
9.763854	0.03149468
9.767187	0.031414
9.770521	0.03130641
9.773854	0.03122573
9.777187	0.03111814
9.78052	0.03103746
9.783854	0.03098367
9.787188	0.03095677
9.790521	0.03095677
9.793854	0.03095677
9.797188	0.03098367
9.800521	0.03101056
9.803854	0.03103746
9.807187	0.03101056
9.810521	0.03098367
9.813854	0.03092988
9.817187	0.03087608
9.82052	0.0307954
9.823854	0.0307685
9.827188	0.03071471
9.830521	0.03068782
9.833854	0.03066092
9.837188	0.03063402
9.840521	0.03060713
9.843854	0.03055334
9.847187	0.03047265
9.850521	0.03036507
9.853854	0.0302037
9.857187	0.03006922
9.86052	0.02990784
9.863854	0.02977337
9.867188	0.02969268
9.870521	0.02961199
9.873855	0.0295851
9.877188	0.0295851
9.880521	0.02961199
9.883854	0.02966578
9.887188	0.02971958
9.890521	0.02977337
9.893854	0.02980026
9.897187	0.02980026
9.900521	0.02977337
9.903854	0.02969268
9.907187	0.02961199
9.910521	0.02953131
9.913855	0.02942372
9.917188	0.02934304
9.920521	0.02926235
9.923854	0.02923546
9.927188	0.02920856
9.930521	0.02923546
9.933854	0.02926235
9.937187	0.02931614
9.940521	0.02936993
9.943854	0.02939683
9.947187	0.02945062
9.950521	0.02945062
9.953855	0.02945062
9.957188	0.02942372
9.960521	0.02939683
9.963854	0.02934304
9.967188	0.02931614
9.970521	0.02928925
9.973854	0.02928925
9.977187	0.02931614
9.980521	0.02934304
9.983854	0.02936993
9.987187	0.02939683
9.99052	0.02939683
9.993855	0.02934304
9.997188	0.02928925
}
[PEAK]
{
Peak ID	1
Peak Ref	1
Time	3.975228
Peak	3.230521	4.130521
Intensity	-1.060963e-05	3.451109e-05
Height	0.005806717
AreaAbs	1507.67
Area %BP	0.0652994
Area %Total	0.05368386
Width	0.9000001
}
[PEAK]
{
Peak ID	2
Peak Ref	2
Time	4.322619
Peak	4.130521	4.650521
Intensity	-1.060963e-05	3.451109e-05
Height	0.03207836
AreaAbs	5935.719
Area %BP	0.2570847
Area %Total	0.2113542
Width	0.52
}
[PEAK]
{
Peak ID	3
Peak Ref	3
Time	5.011285
Peak	4.650521	5.333854
Intensity	-1.060963e-05	3.451109e-05
Height	0.2215025
AreaAbs	38480.96
Area %BP	1.666667
Area %Total	1.370198
Width	0.6833334
}
[PEAK]
{
Peak ID	4
Peak Ref	4
Time	5.421426
Peak	5.333854	5.967187
Intensity	-1.060963e-05	3.451109e-05
Height	0.003426693
AreaAbs	842.3812
Area %BP	0.03648476
Area %Total	0.02999481
Width	0.6333332
}
[PEAK]
{
Peak ID	5
Peak Ref	5
Time	5.969594
Peak	5.967187	6.120521
Intensity	-1.060963e-05	3.451109e-05
Height	0.0001504134
AreaAbs	20.97168
Area %BP	0.000908314
Area %Total	0.000746742
Width	0.1533337
}
[PEAK]
{
Peak ID	6
Peak Ref	6
Time	6.145749
Peak	6.120521	6.473854
Intensity	-1.060963e-05	3.451109e-05
Height	0.0001213886
AreaAbs	19.35506
Area %BP	0.0008382959
Area %Total	0.0006891788
Width	0.353333
}
}
}
}
