[SAMPLE]
{
Sample	1
Well	1:A,3
FileName	
SampleID	ASD-E-2601204-012
SampleDescription	Aquired with Galaxy
Date	28-Jan-2026
Time	15:51:38 PRC
JobCode	
TaskCode	
UserName	Congcong_Liu2
LabName	Aquired with Galaxy
Instrument	BAD_L_22_523
Conditions	
Submitter	Huanhuan_Zhang
SampleType	
Plate	
Method	
Process	Galaxy
MSTune	
MSMethod	
InletMethod	
PreRunMethod	
PostRunMethod	
SwitchMethod	
FractionMethod	
AcquisitionProcess	
AcquisitionProcessParameters	
AcquisitionProcessOptions	
InjectionVolume	25
ReportScheme	
SampleReportEnable	0
SampleReportFormat	
AnalysisTime	0
[COMPOUND]
{
;Mono Mass	Formula
}
[FUNCTION]
{
Function	1
IonMode	ES+
Type	MS
Description	(0:0)
[SPECTRUM]
{
ProcDesc	0.00:Combine
State	OK
Peak ID	0
Peak Ref	0
Time	0
TIC	0
BPI	0
BPM	0
Continuum	FALSE
Saved	FALSE
[MASSES]
{
;Mass	Exp. Mass	Obs. Mass	% BPI	Int. Abs
}
[RESULTS]
{
;Mass	Found	% BPI	% Purity
}
[MS]
{
;Mass	% BPI
0	0
}
}
[CHROMATOGRAM]
{
TraceNumber	1
Description	scroll down chrom view to see 2D LC chrom
ProcDesc	
MaxIntensity	0
[TRACE]
{
0	0
}
[PEAK]
{
Peak ID	0
Peak Ref	0
Time	0
Peak	0
Intensity	0	0
Height	0
AreaAbs	0
Area %BP	0
Area %Total	0
}
}
}
[FUNCTION]
{
Function	0
Description	ANALOG
[CHROMATOGRAM]
{
TraceNumber	2
Description	LC
ProcDesc	Result Id:2268, VWD: Signal A, 280 nm
MaxIntensity	0.2257326
[TRACE]
{
;Time	Int. %Max
0.0015625	0.05053912
0.004895833	0.05056553
0.008229166	0.05056553
0.0115625	0.05059193
0.01489583	0.05061834
0.01822917	0.05067115
0.0215625	0.05075036
0.02489583	0.05082957
0.02822917	0.05088238
0.0315625	0.0509616
0.03489583	0.05101441
0.03822917	0.05104081
0.0415625	0.05101441
0.04489583	0.0509616
0.04822917	0.05090879
0.0515625	0.05082957
0.05489583	0.05075036
0.05822917	0.05067115
0.0615625	0.05061834
0.06489583	0.05059193
0.06822917	0.05059193
0.0715625	0.05061834
0.07489584	0.05064474
0.07822917	0.05069755
0.0815625	0.05075036
0.08489583	0.05080317
0.08822916	0.05088238
0.0915625	0.0509616
0.09489583	0.05104081
0.09822917	0.05114643
0.1015625	0.05122565
0.1048958	0.05133127
0.1082292	0.05143689
0.1115625	0.05154251
0.1148958	0.05167453
0.1182292	0.05178015
0.1215625	0.05191218
0.1248958	0.0520442
0.1282292	0.05217623
0.1315625	0.05230825
0.1348958	0.05241387
0.1382292	0.05251949
0.1415625	0.05259871
0.1448958	0.05262511
0.1482292	0.05262511
0.1515625	0.05259871
0.1548958	0.05251949
0.1582292	0.05241387
0.1615625	0.05228185
0.1648958	0.05214982
0.1682292	0.0520178
0.1715625	0.05185937
0.1748958	0.05172734
0.1782292	0.05159532
0.1815625	0.05146329
0.1848958	0.05135767
0.1882292	0.05127846
0.1915625	0.05119924
0.1948958	0.05114643
0.1982292	0.05114643
0.2015625	0.05114643
0.2048958	0.05117284
0.2082292	0.05119924
0.2115625	0.05125205
0.2148958	0.05133127
0.2182292	0.05141048
0.2215625	0.0514897
0.2248958	0.05156891
0.2282292	0.05170094
0.2315625	0.05185937
0.2348958	0.05209701
0.2382292	0.05238747
0.2415625	0.05270433
0.2448958	0.053074
0.2482292	0.05344367
0.2515625	0.05378693
0.2548958	0.05405098
0.2582292	0.05420941
0.2615625	0.05426222
0.2648958	0.0541302
0.2682292	0.05389255
0.2715625	0.05354929
0.2748958	0.05315321
0.2782292	0.05275714
0.2815625	0.05238747
0.2848958	0.05207061
0.2882292	0.05185937
0.2915625	0.05172734
0.2948958	0.05164813
0.2982292	0.05162172
0.3015625	0.05156891
0.3048958	0.0514897
0.3082292	0.05133127
0.3115625	0.05114643
0.3148958	0.05088238
0.3182292	0.05056553
0.3215625	0.05027507
0.3248958	0.04998462
0.3282292	0.04974697
0.3315625	0.04958854
0.3348958	0.04950933
0.3382292	0.04950933
0.3415625	0.04956214
0.3448958	0.04966776
0.3482292	0.04982619
0.3515625	0.04998462
0.3548958	0.05016945
0.3582292	0.05032788
0.3615625	0.05045991
0.3648958	0.05053912
0.3682292	0.05061834
0.3715625	0.05067115
0.3748958	0.05067115
0.3782292	0.05067115
0.3815625	0.05064474
0.3848958	0.05061834
0.3882292	0.05059193
0.3915625	0.05053912
0.3948958	0.05051272
0.3982292	0.05045991
0.4015625	0.0504335
0.4048958	0.05038069
0.4082292	0.05032788
0.4115625	0.05027507
0.4148958	0.05019586
0.4182292	0.05011664
0.4215625	0.05003743
0.4248958	0.04995821
0.4282292	0.049879
0.4315625	0.04982619
0.4348958	0.04979978
0.4382292	0.04979978
0.4415625	0.04982619
0.4448958	0.0499054
0.4482292	0.04998462
0.4515625	0.05006383
0.4548958	0.05014305
0.4582292	0.05022226
0.4615625	0.05024867
0.4648958	0.05027507
0.4682292	0.05027507
0.4715625	0.05024867
0.4748958	0.05022226
0.4782292	0.05016945
0.4815625	0.05014305
0.4848958	0.05011664
0.4882292	0.05011664
0.4915625	0.05014305
0.4948958	0.05014305
0.4982292	0.05016945
0.5015625	0.05016945
0.5048958	0.05019586
0.5082292	0.05016945
0.5115625	0.05014305
0.5148959	0.05009024
0.5182292	0.05001102
0.5215625	0.0499054
0.5248958	0.04977338
0.5282292	0.04964135
0.5315625	0.04948292
0.5348958	0.0493509
0.5382292	0.04921887
0.5415625	0.04911325
0.5448958	0.04900763
0.5482292	0.04895482
0.5515625	0.04895482
0.5548958	0.04895482
0.5582291	0.04898123
0.5615625	0.04903404
0.5648958	0.04908685
0.5682291	0.04913966
0.5715625	0.04919247
0.5748959	0.04921887
0.5782292	0.04924528
0.5815625	0.04929809
0.5848958	0.04932449
0.5882292	0.0493773
0.5915625	0.04945652
0.5948958	0.04953573
0.5982292	0.04961495
0.6015625	0.04972057
0.6048958	0.04982619
0.6082292	0.04993181
0.6115625	0.05003743
0.6148958	0.05009024
0.6182292	0.05014305
0.6215625	0.05016945
0.6248958	0.05014305
0.6282291	0.05009024
0.6315625	0.05001102
0.6348959	0.04993181
0.6382292	0.04985259
0.6415625	0.04979978
0.6448959	0.04974697
0.6482292	0.04972057
0.6515625	0.04972057
0.6548958	0.04974697
0.6582292	0.04977338
0.6615625	0.04982619
0.6648958	0.049879
0.6682292	0.0499054
0.6715625	0.0499054
0.6748958	0.049879
0.6782292	0.04982619
0.6815625	0.04974697
0.6848958	0.04966776
0.6882291	0.04958854
0.6915625	0.04950933
0.6948958	0.04943011
0.6982292	0.0493773
0.7015625	0.0493773
0.7048959	0.0493773
0.7082292	0.04943011
0.7115625	0.04948292
0.7148958	0.04956214
0.7182292	0.04964135
0.7215625	0.04969416
0.7248958	0.04974697
0.7282292	0.04974697
0.7315625	0.04972057
0.7348958	0.04964135
0.7382292	0.04950933
0.7415625	0.0493773
0.7448958	0.04921887
0.7482291	0.04906044
0.7515625	0.04890201
0.7548958	0.04874358
0.7582292	0.04863796
0.7615625	0.04855875
0.7648959	0.04847953
0.7682292	0.04840032
0.7715625	0.04834751
0.7748958	0.0482947
0.7782292	0.04818908
0.7815625	0.04810986
0.7848958	0.04797784
0.7882292	0.04787222
0.7915625	0.0477666
0.7948958	0.04768738
0.7982292	0.04763457
0.8015625	0.04760817
0.8048958	0.04760817
0.8082291	0.04766098
0.8115625	0.04771379
0.8148958	0.04781941
0.8182291	0.04789862
0.8215625	0.04797784
0.8248959	0.04805705
0.8282292	0.04813627
0.8315625	0.04818908
0.8348958	0.04826829
0.8382292	0.0483211
0.8415625	0.04840032
0.8448958	0.04850594
0.8482292	0.04858515
0.8515625	0.04869077
0.8548958	0.04879639
0.8582292	0.04887561
0.8615625	0.04892842
0.8648958	0.04892842
0.8682292	0.04892842
0.8715625	0.04887561
0.8748958	0.0488228
0.8782291	0.04874358
0.8815625	0.04866437
0.8848959	0.04855875
0.8882292	0.04847953
0.8915625	0.04840032
0.8948959	0.04834751
0.8982292	0.04826829
0.9015625	0.04821548
0.9048958	0.04816267
0.9082292	0.04813627
0.9115625	0.04808346
0.9148958	0.04805705
0.9182292	0.04803065
0.9215625	0.04803065
0.9248958	0.04803065
0.9282292	0.04805705
0.9315625	0.04808346
0.9348958	0.04810986
0.9382291	0.04813627
0.9415625	0.04818908
0.9448958	0.04821548
0.9482292	0.04824189
0.9515625	0.04826829
0.9548959	0.04824189
0.9582292	0.04816267
0.9615625	0.04808346
0.9648958	0.04795143
0.9682292	0.047793
0.9715625	0.04763457
0.9748958	0.04747614
0.9782292	0.04734412
0.9815625	0.0472385
0.9848958	0.04721209
0.9882292	0.04721209
0.9915625	0.0472649
0.9948958	0.04734412
0.9982291	0.04742333
1.001562	0.04752895
1.004896	0.04760817
1.008229	0.04766098
1.011562	0.04768738
1.014896	0.04771379
1.018229	0.04771379
1.021562	0.04774019
1.024896	0.04774019
1.028229	0.0477666
1.031562	0.04781941
1.034896	0.04787222
1.038229	0.04792503
1.041563	0.04795143
1.044896	0.04795143
1.048229	0.04792503
1.051563	0.04787222
1.054896	0.04781941
1.058229	0.04771379
1.061563	0.04760817
1.064896	0.04750255
1.068229	0.04742333
1.071563	0.04739693
1.074896	0.04737052
1.078229	0.04739693
1.081563	0.04747614
1.084896	0.04758176
1.088229	0.04771379
1.091563	0.04784581
1.094896	0.04800424
1.098229	0.04813627
1.101563	0.04824189
1.104896	0.0483211
1.108229	0.04837391
1.111562	0.04837391
1.114896	0.0483211
1.118229	0.04821548
1.121562	0.04808346
1.124896	0.04792503
1.128229	0.04774019
1.131562	0.04755536
1.134896	0.04737052
1.138229	0.04718569
1.141562	0.04702726
1.144896	0.04686883
1.148229	0.04676321
1.151562	0.0467104
1.154896	0.04665759
1.158229	0.04665759
1.161562	0.04665759
1.164896	0.04665759
1.168229	0.0467104
1.171563	0.04676321
1.174896	0.04684242
1.178229	0.04692164
1.181563	0.04700085
1.184896	0.04705366
1.188229	0.04710647
1.191563	0.04715928
1.194896	0.04718569
1.198229	0.04715928
1.201563	0.04713288
1.204896	0.04705366
1.208229	0.04694804
1.211563	0.04681602
1.214896	0.04668399
1.218229	0.04657837
1.221563	0.04649916
1.224896	0.04644635
1.228229	0.04641994
1.231562	0.04644635
1.234896	0.04652556
1.238229	0.04663118
1.241562	0.04676321
1.244896	0.04689523
1.248229	0.04702726
1.251562	0.04713288
1.254896	0.04721209
1.258229	0.0472649
1.261562	0.04731771
1.264896	0.04731771
1.268229	0.04729131
1.271562	0.0472385
1.274896	0.04715928
1.278229	0.04708007
1.281562	0.04700085
1.284896	0.04692164
1.288229	0.04686883
1.291563	0.04681602
1.294896	0.04681602
1.298229	0.04681602
1.301563	0.04684242
1.304896	0.04686883
1.308229	0.04686883
1.311563	0.04684242
1.314896	0.04676321
1.318229	0.04665759
1.321563	0.04649916
1.324896	0.04634073
1.328229	0.04615589
1.331563	0.04597106
1.334896	0.04581263
1.338229	0.0456806
1.341563	0.04560139
1.344896	0.04554858
1.348229	0.04549577
1.351563	0.04549577
1.354896	0.04549577
1.358229	0.04552217
1.361562	0.04554858
1.364896	0.04557498
1.368229	0.04560139
1.371562	0.04562779
1.374896	0.0456542
1.378229	0.0456806
1.381562	0.04570701
1.384896	0.04573341
1.388229	0.04573341
1.391562	0.04578622
1.394896	0.04581263
1.398229	0.04583903
1.401562	0.04589184
1.404896	0.04597106
1.408229	0.04602387
1.411562	0.04607668
1.414896	0.04612949
1.418229	0.04612949
1.421563	0.04610308
1.424896	0.04605027
1.428229	0.04597106
1.431563	0.04586544
1.434896	0.04573341
1.438229	0.04562779
1.441563	0.04552217
1.444896	0.04544296
1.448229	0.04541655
1.451563	0.04544296
1.454896	0.04546936
1.458229	0.04554858
1.461563	0.04562779
1.464896	0.04573341
1.468229	0.04581263
1.471563	0.04586544
1.474896	0.04591825
1.478229	0.04594465
1.481562	0.04597106
1.484896	0.04597106
1.488229	0.04599746
1.491562	0.04605027
1.494896	0.04610308
1.498229	0.0461823
1.501562	0.04623511
1.504896	0.04626151
1.508229	0.04628792
1.511562	0.04628792
1.514896	0.04623511
1.518229	0.04615589
1.521562	0.04607668
1.524896	0.04594465
1.528229	0.04583903
1.531562	0.04573341
1.534896	0.0456542
1.538229	0.04560139
1.541563	0.04554858
1.544896	0.04554858
1.548229	0.04552217
1.551563	0.04552217
1.554896	0.04554858
1.558229	0.04554858
1.561563	0.04554858
1.564896	0.04557498
1.568229	0.04557498
1.571563	0.04557498
1.574896	0.04560139
1.578229	0.04562779
1.581563	0.0456542
1.584896	0.04570701
1.588229	0.04575982
1.591563	0.04583903
1.594896	0.04591825
1.598229	0.04599746
1.601563	0.04607668
1.604896	0.04615589
1.608229	0.0462087
1.611562	0.04626151
1.614896	0.04631432
1.618229	0.04634073
1.621562	0.04634073
1.624896	0.04634073
1.628229	0.04631432
1.631562	0.04628792
1.634896	0.04626151
1.638229	0.04623511
1.641562	0.04623511
1.644896	0.04626151
1.648229	0.04626151
1.651562	0.04631432
1.654896	0.04634073
1.658229	0.04634073
1.661562	0.04634073
1.664896	0.04634073
1.668229	0.04631432
1.671563	0.04628792
1.674896	0.04623511
1.678229	0.0462087
1.681563	0.0461823
1.684896	0.0461823
1.688229	0.0462087
1.691563	0.04626151
1.694896	0.04631432
1.698229	0.04639354
1.701563	0.04644635
1.704896	0.04647275
1.708229	0.04647275
1.711563	0.04644635
1.714896	0.04639354
1.718229	0.04631432
1.721563	0.0462087
1.724896	0.04612949
1.728229	0.04605027
1.731562	0.04602387
1.734896	0.04602387
1.738229	0.04605027
1.741562	0.04610308
1.744896	0.04615589
1.748229	0.04623511
1.751562	0.04631432
1.754896	0.04639354
1.758229	0.04644635
1.761562	0.04647275
1.764896	0.04649916
1.768229	0.04649916
1.771562	0.04649916
1.774896	0.04649916
1.778229	0.04652556
1.781562	0.04652556
1.784896	0.04655197
1.788229	0.04655197
1.791563	0.04652556
1.794896	0.04649916
1.798229	0.04641994
1.801563	0.04631432
1.804896	0.0461823
1.808229	0.04605027
1.811563	0.04591825
1.814896	0.04583903
1.818229	0.04581263
1.821563	0.04583903
1.824896	0.04591825
1.828229	0.04607668
1.831563	0.04628792
1.834896	0.04655197
1.838229	0.04686883
1.841563	0.04718569
1.844896	0.04750255
1.848229	0.04781941
1.851563	0.04816267
1.854896	0.04847953
1.858229	0.04879639
1.861562	0.04911325
1.864896	0.04940371
1.868229	0.04966776
1.871562	0.0499054
1.874896	0.05011664
1.878229	0.05030148
1.881562	0.0504335
1.884896	0.05056553
1.888229	0.05067115
1.891562	0.05080317
1.894896	0.0509616
1.898229	0.05112003
1.901562	0.05133127
1.904896	0.05154251
1.908229	0.05178015
1.911562	0.0520178
1.914896	0.05222904
1.918229	0.05244028
1.921563	0.0525723
1.924896	0.05270433
1.928229	0.05278354
1.931563	0.05286276
1.934896	0.05291557
1.938229	0.05299478
1.941563	0.0531004
1.944896	0.05323243
1.948229	0.05339086
1.951563	0.05357569
1.954896	0.05376053
1.958229	0.05394536
1.961563	0.05410379
1.964896	0.05420941
1.968229	0.05428863
1.971563	0.05428863
1.974896	0.05423582
1.978229	0.05418301
1.981562	0.05407739
1.984896	0.05399817
1.988229	0.05389255
1.991562	0.05381334
1.994896	0.05376053
1.998229	0.05370772
2.001563	0.05365491
2.004896	0.05357569
2.008229	0.05352288
2.011563	0.05341726
2.014896	0.05331164
2.018229	0.05320602
2.021563	0.053074
2.024896	0.05294197
2.028229	0.05278354
2.031563	0.05262511
2.034896	0.05249309
2.038229	0.05233466
2.041563	0.05220263
2.044896	0.05207061
2.048229	0.05196499
2.051563	0.05185937
2.054896	0.05180656
2.058229	0.05175375
2.061563	0.05172734
2.064896	0.05172734
2.068229	0.05175375
2.071563	0.05178015
2.074896	0.05178015
2.078229	0.05180656
2.081563	0.05178015
2.084896	0.05172734
2.088229	0.05162172
2.091563	0.0515161
2.094896	0.05141048
2.098229	0.05127846
2.101563	0.05114643
2.104896	0.05104081
2.108229	0.0509616
2.111562	0.05088238
2.114896	0.05082957
2.118229	0.05077677
2.121562	0.05072396
2.124896	0.05064474
2.128229	0.05056553
2.131562	0.0504335
2.134896	0.05030148
2.138229	0.05014305
2.141562	0.05001102
2.144896	0.04985259
2.148229	0.04972057
2.151562	0.04961495
2.154896	0.04953573
2.158229	0.04943011
2.161562	0.0493509
2.164896	0.04924528
2.168229	0.04911325
2.171562	0.04898123
2.174896	0.0488492
2.178229	0.04866437
2.181562	0.04850594
2.184896	0.04834751
2.188229	0.04818908
2.191562	0.04803065
2.194896	0.04787222
2.198229	0.04771379
2.201562	0.04755536
2.204896	0.04737052
2.208229	0.04718569
2.211562	0.04700085
2.214896	0.04681602
2.218229	0.04665759
2.221562	0.04649916
2.224896	0.04639354
2.228229	0.04631432
2.231563	0.04626151
2.234896	0.04626151
2.238229	0.04628792
2.241563	0.04634073
2.244896	0.04639354
2.248229	0.04644635
2.251563	0.04649916
2.254896	0.04649916
2.258229	0.04649916
2.261563	0.04644635
2.264896	0.04636713
2.268229	0.0462087
2.271563	0.04605027
2.274896	0.04583903
2.278229	0.04562779
2.281563	0.04544296
2.284896	0.04528453
2.288229	0.04517891
2.291563	0.0451261
2.294896	0.0451261
2.298229	0.04517891
2.301563	0.04528453
2.304896	0.04539015
2.308229	0.04549577
2.311563	0.04560139
2.314896	0.0456806
2.318229	0.04573341
2.321563	0.04575982
2.324896	0.04575982
2.328229	0.04575982
2.331563	0.04573341
2.334896	0.04573341
2.338229	0.04570701
2.341563	0.0456806
2.344896	0.04562779
2.348229	0.04554858
2.351563	0.04544296
2.354896	0.04531093
2.358229	0.04517891
2.361562	0.04502048
2.364896	0.04486205
2.368229	0.04470362
2.371562	0.04457159
2.374896	0.04446597
2.378229	0.04436035
2.381562	0.04430754
2.384896	0.04425473
2.388229	0.04422833
2.391562	0.04422833
2.394896	0.04420192
2.398229	0.04420192
2.401562	0.04417552
2.404896	0.04414911
2.408229	0.0440963
2.411562	0.0440435
2.414896	0.04396428
2.418229	0.04385866
2.421562	0.04377945
2.424896	0.04370023
2.428229	0.04364742
2.431562	0.04362102
2.434896	0.04362102
2.438229	0.04362102
2.441562	0.04367383
2.444896	0.04370023
2.448229	0.04375304
2.451562	0.04377945
2.454896	0.04380585
2.458229	0.04380585
2.461562	0.04377945
2.464896	0.04375304
2.468229	0.04372664
2.471562	0.04367383
2.474896	0.04364742
2.478229	0.04364742
2.481563	0.04362102
2.484896	0.04359461
2.488229	0.04356821
2.491563	0.0435154
2.494896	0.04348899
2.498229	0.04346259
2.501563	0.04346259
2.504896	0.04346259
2.508229	0.04348899
2.511563	0.0435418
2.514896	0.04362102
2.518229	0.04372664
2.521563	0.04385866
2.524896	0.04396428
2.528229	0.0440963
2.531563	0.04420192
2.534896	0.04430754
2.538229	0.04438676
2.541563	0.04446597
2.544896	0.04454519
2.548229	0.044598
2.551563	0.04465081
2.554896	0.04470362
2.558229	0.04470362
2.561563	0.04470362
2.564896	0.04465081
2.568229	0.044598
2.571563	0.04449238
2.574896	0.04438676
2.578229	0.04425473
2.581563	0.04414911
2.584896	0.0440435
2.588229	0.04396428
2.591563	0.04388507
2.594896	0.04383226
2.598229	0.04380585
2.601563	0.04380585
2.604896	0.04377945
2.608229	0.04377945
2.611562	0.04375304
2.614896	0.04372664
2.618229	0.04370023
2.621562	0.04367383
2.624896	0.04364742
2.628229	0.04362102
2.631562	0.04362102
2.634896	0.04364742
2.638229	0.04370023
2.641562	0.04375304
2.644896	0.04383226
2.648229	0.04391147
2.651562	0.04396428
2.654896	0.04399069
2.658229	0.04399069
2.661562	0.04393788
2.664896	0.04388507
2.668229	0.04380585
2.671562	0.04372664
2.674896	0.04367383
2.678229	0.04362102
2.681562	0.04362102
2.684896	0.04364742
2.688229	0.04370023
2.691562	0.04377945
2.694896	0.04388507
2.698229	0.04401709
2.701562	0.04412271
2.704896	0.04422833
2.708229	0.04436035
2.711562	0.04449238
2.714896	0.0446244
2.718229	0.04478283
2.721562	0.04491486
2.724896	0.04504688
2.728229	0.04520531
2.731563	0.04533734
2.734896	0.04546936
2.738229	0.04557498
2.741563	0.0456806
2.744896	0.04573341
2.748229	0.04578622
2.751563	0.04583903
2.754896	0.04589184
2.758229	0.04594465
2.761563	0.04597106
2.764896	0.04602387
2.768229	0.04610308
2.771563	0.0461823
2.774896	0.04628792
2.778229	0.04641994
2.781563	0.04655197
2.784896	0.0467104
2.788229	0.04689523
2.791563	0.04708007
2.794896	0.0472649
2.798229	0.04742333
2.801563	0.04755536
2.804896	0.04766098
2.808229	0.04768738
2.811563	0.04768738
2.814896	0.04763457
2.818229	0.04755536
2.821563	0.04744974
2.824896	0.04731771
2.828229	0.0472385
2.831563	0.04715928
2.834896	0.04710647
2.838229	0.04710647
2.841563	0.04708007
2.844896	0.04710647
2.848229	0.04708007
2.851563	0.04708007
2.854896	0.04705366
2.858229	0.04697445
2.861562	0.04692164
2.864896	0.04684242
2.868229	0.04676321
2.871562	0.0467104
2.874896	0.04665759
2.878229	0.04663118
2.881562	0.04660478
2.884896	0.04655197
2.888229	0.04649916
2.891562	0.04639354
2.894896	0.04628792
2.898229	0.04615589
2.901562	0.04599746
2.904896	0.04583903
2.908229	0.0456806
2.911562	0.04554858
2.914896	0.04544296
2.918229	0.04536374
2.921562	0.04531093
2.924896	0.04525812
2.928229	0.04523172
2.931562	0.04520531
2.934896	0.04523172
2.938229	0.04525812
2.941562	0.04531093
2.944896	0.04536374
2.948229	0.04544296
2.951562	0.04549577
2.954896	0.04554858
2.958229	0.04557498
2.961562	0.04554858
2.964896	0.04549577
2.968229	0.04539015
2.971562	0.04525812
2.974896	0.04509969
2.978229	0.04496767
2.981563	0.04483564
2.984896	0.04473002
2.988229	0.04465081
2.991563	0.0446244
2.994896	0.0446244
2.998229	0.0446244
3.001563	0.0446244
3.004896	0.04465081
3.008229	0.04465081
3.011563	0.0446244
3.014896	0.044598
3.018229	0.04454519
3.021563	0.04449238
3.024896	0.04443957
3.028229	0.04441316
3.031563	0.04436035
3.034896	0.04433395
3.038229	0.04428114
3.041563	0.04420192
3.044896	0.0440963
3.048229	0.04399069
3.051563	0.04385866
3.054896	0.04370023
3.058229	0.04356821
3.061563	0.04340978
3.064896	0.04330416
3.068229	0.04322494
3.071563	0.04319854
3.074896	0.04322494
3.078229	0.04327775
3.081563	0.04338337
3.084896	0.0435154
3.088229	0.04367383
3.091563	0.04385866
3.094896	0.04401709
3.098229	0.04417552
3.101563	0.04433395
3.104896	0.04446597
3.108229	0.04457159
3.111562	0.04467721
3.114896	0.04473002
3.118229	0.04478283
3.121562	0.04480924
3.124896	0.04478283
3.128229	0.04475643
3.131562	0.04467721
3.134896	0.044598
3.138229	0.04449238
3.141562	0.04438676
3.144896	0.04428114
3.148229	0.04417552
3.151562	0.0440963
3.154896	0.04401709
3.158229	0.04396428
3.161562	0.04391147
3.164896	0.04388507
3.168229	0.04385866
3.171562	0.04385866
3.174896	0.04385866
3.178229	0.04385866
3.181562	0.04388507
3.184896	0.04388507
3.188229	0.04388507
3.191562	0.04385866
3.194896	0.04377945
3.198229	0.04370023
3.201562	0.04356821
3.204896	0.04338337
3.208229	0.04319854
3.211562	0.0430137
3.214896	0.04285527
3.218229	0.04274965
3.221562	0.04272325
3.224896	0.04277606
3.228229	0.04293449
3.231563	0.04319854
3.234896	0.0435418
3.238229	0.04391147
3.241563	0.04428114
3.244896	0.04467721
3.248229	0.04502048
3.251563	0.04533734
3.254896	0.04562779
3.258229	0.04586544
3.261563	0.04610308
3.264896	0.04628792
3.268229	0.04647275
3.271563	0.04665759
3.274896	0.04686883
3.278229	0.04708007
3.281563	0.04731771
3.284896	0.04755536
3.288229	0.04781941
3.291563	0.04813627
3.294896	0.04845313
3.298229	0.04876999
3.301563	0.04913966
3.304896	0.04948292
3.308229	0.04985259
3.311563	0.05022226
3.314896	0.05059193
3.318229	0.050988
3.321563	0.05141048
3.324896	0.05185937
3.328229	0.05230825
3.331563	0.05278354
3.334896	0.05328524
3.338229	0.05381334
3.341563	0.05431503
3.344896	0.05484313
3.348229	0.05534482
3.351563	0.05584652
3.354896	0.05634821
3.358229	0.05684991
3.361562	0.0573516
3.364896	0.0578797
3.368229	0.05843421
3.371562	0.05904152
3.374896	0.05970165
3.378229	0.06041458
3.381562	0.06120673
3.384896	0.06205169
3.388229	0.06294946
3.391562	0.06392644
3.394896	0.06492983
3.398229	0.06595963
3.401562	0.06704223
3.404896	0.06812483
3.408229	0.06926025
3.411562	0.07039566
3.414896	0.07155748
3.418229	0.07277211
3.421562	0.07401314
3.424896	0.07533339
3.428229	0.07670645
3.431562	0.07813232
3.434896	0.07966381
3.438229	0.08124811
3.441562	0.08288522
3.444896	0.08460154
3.448229	0.08634427
3.451562	0.0881398
3.454896	0.08990894
3.458229	0.09170448
3.461562	0.09352642
3.464896	0.09534836
3.468229	0.0971703
3.471562	0.09907146
3.474896	0.1010254
3.478229	0.103085
3.481563	0.1052238
3.484896	0.1074947
3.488229	0.1098711
3.491563	0.1123796
3.494896	0.1149673
3.498229	0.1176342
3.501563	0.1203803
3.504896	0.1231792
3.508229	0.1260573
3.511563	0.1289619
3.514896	0.1319193
3.518229	0.134903
3.521563	0.137966
3.524896	0.1411082
3.528229	0.1443296
3.531563	0.1476038
3.534896	0.1509836
3.538229	0.1544427
3.541563	0.157981
3.544896	0.1615984
3.548229	0.1652951
3.551563	0.1690447
3.554896	0.172847
3.558229	0.1767549
3.561563	0.180742
3.564896	0.1848348
3.568229	0.1890068
3.571563	0.1933372
3.574896	0.1978261
3.578229	0.2024998
3.581563	0.2073319
3.584896	0.2123488
3.588229	0.2175506
3.591563	0.2229372
3.594896	0.2285087
3.598229	0.2342121
3.601563	0.2401004
3.604896	0.2461208
3.608229	0.2522995
3.611562	0.2586367
3.614896	0.2651324
3.618229	0.2718128
3.621562	0.2786517
3.624896	0.2857018
3.628229	0.2929368
3.631562	0.3003566
3.634896	0.3079612
3.638229	0.3157243
3.641562	0.3236194
3.644896	0.3316465
3.648229	0.3397264
3.651562	0.3478592
3.654896	0.3559919
3.658229	0.3640718
3.661562	0.3720725
3.664896	0.3800204
3.668229	0.3878099
3.671562	0.3954937
3.674896	0.4030455
3.678229	0.4104389
3.681562	0.4177003
3.684896	0.4248032
3.688229	0.4317478
3.691562	0.438481
3.694896	0.4450031
3.698229	0.4513138
3.701562	0.4573606
3.704896	0.4631961
3.708229	0.4687411
3.711562	0.4740485
3.714896	0.4791183
3.718229	0.4839504
3.721562	0.4885713
3.724896	0.4930337
3.728229	0.4973113
3.731563	0.5014569
3.734896	0.5055232
3.738229	0.5095632
3.741563	0.513656
3.744896	0.5178015
3.748229	0.5221056
3.751563	0.5266472
3.754896	0.5314793
3.758229	0.5367075
3.761563	0.5423846
3.764896	0.5486425
3.768229	0.5555607
3.771563	0.5631917
3.774896	0.5716941
3.778229	0.5811471
3.781563	0.5916034
3.784896	0.6031952
3.788229	0.6160017
3.791563	0.6300491
3.794896	0.6454168
3.798229	0.662184
3.801563	0.6804034
3.804896	0.7001015
3.808229	0.7213311
3.811563	0.7440922
3.814896	0.7684376
3.818229	0.7943409
3.821563	0.8218285
3.824896	0.8508475
3.828229	0.8813453
3.831563	0.9132689
3.834896	0.9465127
3.838229	0.9809976
3.841563	1.016565
3.844896	1.053083
3.848229	1.09042
3.851563	1.12839
3.854896	1.166809
3.858229	1.205466
3.861562	1.24415
3.864896	1.282675
3.868229	1.32083
3.871562	1.358378
3.874896	1.395081
3.878229	1.43078
3.881562	1.465212
3.884896	1.498192
3.888229	1.529535
3.891562	1.559029
3.894896	1.586517
3.898229	1.611839
3.901562	1.634838
3.904896	1.655381
3.908229	1.673363
3.911562	1.688677
3.914896	1.701273
3.918229	1.711069
3.921562	1.718093
3.924896	1.722317
3.928229	1.72377
3.931562	1.722476
3.934896	1.718541
3.938229	1.711993
3.941562	1.702962
3.944896	1.691503
3.948229	1.677746
3.951562	1.661824
3.954896	1.643815
3.958229	1.623906
3.961562	1.602201
3.964896	1.578886
3.968229	1.554091
3.971562	1.528003
3.974896	1.50078
3.978229	1.472606
3.981563	1.443586
3.984896	1.413934
3.988229	1.383779
3.991563	1.353255
3.994896	1.32252
3.998229	1.291679
4.001563	1.260864
4.004896	1.230208
4.008229	1.199842
4.011562	1.169872
4.014896	1.140431
4.018229	1.111649
4.021563	1.083607
4.024896	1.056384
4.028229	1.030137
4.031562	1.004894
4.034896	0.9807599
4.038229	0.9577876
4.041563	0.9360299
4.044896	0.9155661
4.048229	0.8964225
4.051562	0.8786784
4.054896	0.8624129
4.058229	0.8477317
4.061563	0.8347405
4.064896	0.8235448
4.068229	0.8142766
4.071562	0.8070945
4.074896	0.8022096
4.078229	0.7997539
4.081563	0.7999915
4.084896	0.8031337
4.088229	0.8094709
4.091562	0.8192408
4.094896	0.8328393
4.098229	0.8505835
4.101563	0.8729221
4.104896	0.9002776
4.108229	0.9331518
4.111563	0.9720727
4.114896	1.017648
4.118229	1.070405
4.121562	1.131031
4.124896	1.200159
4.128229	1.27845
4.131563	1.366537
4.134896	1.465133
4.138229	1.574872
4.141562	1.696335
4.144896	1.830182
4.148229	1.976914
4.151563	2.137007
4.154896	2.310911
4.158229	2.498888
4.161562	2.701203
4.164896	2.917935
4.168229	3.149057
4.171563	3.394333
4.174896	3.653471
4.178229	3.925918
4.181562	4.211039
4.184896	4.507963
4.188229	4.815687
4.191563	5.133022
4.194896	5.458595
4.198229	5.790928
4.201562	6.128384
4.204896	6.469166
4.208229	6.811348
4.211563	7.152949
4.214896	7.491883
4.218229	7.825985
4.221562	8.153064
4.224896	8.470953
4.228229	8.777489
4.231563	9.070585
4.234896	9.34818
4.238229	9.608428
4.241562	9.849531
4.244896	10.06991
4.248229	10.2681
4.251563	10.4429
4.254896	10.59323
4.258229	10.71828
4.261562	10.81743
4.264896	10.89026
4.268229	10.93662
4.271563	10.95651
4.274896	10.95022
4.278229	10.91825
4.281562	10.86124
4.284896	10.78012
4.288229	10.67595
4.291563	10.54995
4.294896	10.40348
4.298229	10.23805
4.301562	10.05517
4.304896	9.856529
4.308229	9.643731
4.311563	9.418497
4.314896	9.182489
4.318229	8.937398
4.321562	8.684834
4.324896	8.426408
4.328229	8.163705
4.331563	7.898177
4.334896	7.631249
4.338229	7.364215
4.341562	7.098344
4.344896	6.834717
4.348229	6.574364
4.351563	6.318183
4.354896	6.066992
4.358229	5.821479
4.361563	5.582223
4.364896	5.349701
4.368229	5.124361
4.371562	4.906467
4.374896	4.696283
4.378229	4.493942
4.381563	4.299548
4.384896	4.113076
4.388229	3.9345
4.391562	3.763739
4.394896	3.600635
4.398229	3.445057
4.401563	3.296767
4.404896	3.155553
4.408229	3.021178
4.411562	2.893378
4.414896	2.771915
4.418229	2.656499
4.421563	2.546866
4.424896	2.442751
4.428229	2.343864
4.431562	2.249968
4.434896	2.160825
4.438229	2.076144
4.441563	1.995688
4.444896	1.919219
4.448229	1.846553
4.451562	1.777477
4.454896	1.711755
4.458229	1.649202
4.461563	1.589685
4.464896	1.532994
4.468229	1.478996
4.471562	1.427532
4.474896	1.378498
4.478229	1.331761
4.481563	1.287163
4.484896	1.244678
4.488229	1.204146
4.491562	1.165489
4.494896	1.128654
4.498229	1.093562
4.501563	1.060107
4.504896	1.028262
4.508229	0.9979232
4.511562	0.9690361
4.514896	0.9415486
4.518229	0.9153813
4.521563	0.8904814
4.524896	0.8667697
4.528229	0.8442199
4.531562	0.8227526
4.534896	0.8023416
4.538229	0.7829339
4.541563	0.7645033
4.544896	0.7470232
4.548229	0.7304673
4.551562	0.7147827
4.554896	0.6999959
4.558229	0.6860277
4.561563	0.6729308
4.564896	0.6606261
4.568229	0.6491399
4.571562	0.6384195
4.574896	0.6285176
4.578229	0.6194079
4.581563	0.6110904
4.584896	0.6035649
4.588229	0.5968844
4.591562	0.5910225
4.594896	0.5860056
4.598229	0.5819128
4.601563	0.5787442
4.604896	0.5765526
4.608229	0.5753908
4.611563	0.575338
4.614896	0.5764206
4.618229	0.5787706
4.621562	0.5824409
4.624896	0.5875371
4.628229	0.5941383
4.631563	0.6024031
4.634896	0.612437
4.638229	0.6243457
4.641562	0.6383403
4.644896	0.6545265
4.648229	0.6730892
4.651563	0.6941868
4.654896	0.7180041
4.658229	0.7447259
4.661562	0.7745372
4.664896	0.807649
4.668229	0.8441935
4.671563	0.8844347
4.674896	0.9285046
4.678229	0.9766144
4.681562	1.028923
4.684896	1.085641
4.688229	1.1469
4.691563	1.212833
4.694896	1.283599
4.698229	1.359275
4.701562	1.439995
4.704896	1.525812
4.708229	1.616803
4.711563	1.712996
4.714896	1.814418
4.718229	1.921067
4.721562	2.032972
4.724896	2.150131
4.728229	2.272544
4.731563	2.400265
4.734896	2.533373
4.738229	2.671999
4.741562	2.816355
4.744896	2.966731
4.748229	3.12355
4.751563	3.287393
4.754896	3.458973
4.758229	3.63916
4.761562	3.82917
4.764896	4.03035
4.768229	4.244362
4.771563	4.473267
4.774896	4.719388
4.778229	4.985497
4.781562	5.274737
4.784896	5.590726
4.788229	5.937502
4.791563	6.319556
4.794896	6.741877
4.798229	7.209905
4.801562	7.729528
4.804896	8.307031
4.808229	8.949148
4.811563	9.662954
4.814896	10.45584
4.818229	11.33537
4.821562	12.30926
4.824896	13.38516
4.828229	14.57066
4.831563	15.87295
4.834896	17.29877
4.838229	18.85416
4.841562	20.54437
4.844896	22.37357
4.848229	24.34481
4.851563	26.4599
4.854896	28.71905
4.858229	31.12103
4.861563	33.6627
4.864896	36.33916
4.868229	39.1435
4.871562	42.06685
4.874896	45.09811
4.878229	48.22417
4.881563	51.42982
4.884896	54.69785
4.888229	58.00935
4.891562	61.34382
4.894896	64.67946
4.898229	67.99331
4.901563	71.2617
4.904896	74.46045
4.908229	77.56525
4.911562	80.55202
4.914896	83.39713
4.918229	86.07777
4.921563	88.57219
4.924896	90.86024
4.928229	92.92341
4.931562	94.74528
4.934896	96.31173
4.938229	97.61109
4.941563	98.63441
4.944896	99.37544
4.948229	99.83082
4.951562	100
4.954896	99.88527
4.958229	99.49155
4.961563	98.82638
4.964896	97.89959
4.968229	96.72314
4.971562	95.3109
4.974896	93.67841
4.978229	91.84253
4.981563	89.8213
4.984896	87.63363
4.988229	85.29895
4.991562	82.83714
4.994896	80.2682
4.998229	77.61194
5.001563	74.88795
5.004896	72.11508
5.008229	69.31145
5.011562	66.49422
5.014896	63.67937
5.018229	60.88171
5.021563	58.11473
5.024896	55.39059
5.028229	52.7201
5.031562	50.11271
5.034896	47.57659
5.038229	45.11871
5.041563	42.74474
5.044896	40.45926
5.048229	38.2657
5.051562	36.16637
5.054896	34.1627
5.058229	32.25515
5.061563	30.44343
5.064896	28.72645
5.068229	27.10252
5.071562	25.56944
5.074896	24.12454
5.078229	22.76484
5.081563	21.48708
5.084896	20.28779
5.088229	19.16339
5.091562	18.11017
5.094896	17.12434
5.098229	16.2022
5.101563	15.34002
5.104896	14.53409
5.108229	13.78084
5.111563	13.07675
5.114896	12.41847
5.118229	11.80284
5.121562	11.22679
5.124896	10.68747
5.128229	10.18218
5.131563	9.70845
5.134896	9.263869
5.138229	8.846301
5.141562	8.453658
5.144896	8.084041
5.148229	7.73568
5.151563	7.406912
5.154896	7.096258
5.158229	6.802318
5.161562	6.523798
5.164896	6.259616
5.168229	6.008716
5.171563	5.770147
5.174896	5.543091
5.178229	5.326808
5.181562	5.120559
5.184896	4.923762
5.188229	4.735812
5.191563	4.556179
5.194896	4.384414
5.198229	4.220043
5.201562	4.062722
5.204896	3.912108
5.208229	3.767884
5.211563	3.629786
5.214896	3.497577
5.218229	3.371018
5.221562	3.249951
5.224896	3.134165
5.228229	3.023449
5.231563	2.917671
5.234896	2.816698
5.238229	2.720346
5.241562	2.62851
5.244896	2.541083
5.248229	2.457934
5.251563	2.378956
5.254896	2.304045
5.258229	2.233042
5.261562	2.165868
5.264896	2.102364
5.268229	2.042346
5.271563	1.98568
5.274896	1.93221
5.278229	1.881724
5.281562	1.834116
5.284896	1.789201
5.288229	1.746821
5.291563	1.706818
5.294896	1.669059
5.298229	1.633385
5.301562	1.59964
5.304896	1.567716
5.308229	1.53743
5.311563	1.508648
5.314896	1.481214
5.318229	1.454993
5.321562	1.429829
5.324896	1.405616
5.328229	1.382221
5.331563	1.359513
5.334896	1.337412
5.338229	1.315786
5.341562	1.294583
5.344896	1.273723
5.348229	1.253127
5.351563	1.23269
5.354896	1.212411
5.358229	1.192211
5.361563	1.172064
5.364896	1.151917
5.368229	1.13177
5.371562	1.111623
5.374896	1.091423
5.378229	1.071223
5.381563	1.05105
5.384896	1.030877
5.388229	1.010756
5.391562	0.9906882
5.394896	0.9707261
5.398229	0.9508959
5.401563	0.9311714
5.404896	0.9116318
5.408229	0.8922505
5.411562	0.8731069
5.414896	0.854201
5.418229	0.8355326
5.421563	0.8171284
5.424896	0.799041
5.428229	0.781244
5.431562	0.7637903
5.434896	0.7466535
5.438229	0.7298335
5.441563	0.7133832
5.444896	0.6972762
5.448229	0.6815388
5.451562	0.6661975
5.454896	0.6512523
5.458229	0.6367296
5.461563	0.6226293
5.464896	0.6089252
5.468229	0.5956698
5.471562	0.582837
5.474896	0.5703738
5.478229	0.5583068
5.481563	0.546583
5.484896	0.535176
5.488229	0.5241123
5.491562	0.5133127
5.494896	0.5028299
5.498229	0.4926376
5.501563	0.4827094
5.504896	0.4730715
5.508229	0.4637242
5.511562	0.4546409
5.514896	0.445848
5.518229	0.4373192
5.521563	0.4290544
5.524896	0.4210273
5.528229	0.4132907
5.531562	0.4057917
5.534896	0.3985303
5.538229	0.3915066
5.541563	0.3847205
5.544896	0.3781985
5.548229	0.3718877
5.551562	0.3657617
5.554896	0.359847
5.558229	0.3540907
5.561563	0.3485193
5.564896	0.3430534
5.568229	0.3377196
5.571562	0.3324914
5.574896	0.3273689
5.578229	0.3223519
5.581563	0.3174406
5.584896	0.3126349
5.588229	0.3079612
5.591562	0.3033932
5.594896	0.2989835
5.598229	0.2946795
5.601563	0.2905075
5.604896	0.2864676
5.608229	0.2825332
5.611563	0.2786781
5.614896	0.2748758
5.618229	0.2711527
5.621562	0.267456
5.624896	0.2637857
5.628229	0.2601418
5.631563	0.2564979
5.634896	0.2528804
5.638229	0.2493158
5.641562	0.2458039
5.644896	0.2423713
5.648229	0.2389914
5.651563	0.2356908
5.654896	0.2324958
5.658229	0.2293272
5.661562	0.2262114
5.664896	0.223122
5.668229	0.2200327
5.671563	0.2169433
5.674896	0.2138539
5.678229	0.2107645
5.681562	0.2077015
5.684896	0.204665
5.688229	0.2016548
5.691563	0.198671
5.694896	0.1957401
5.698229	0.1928619
5.701562	0.1899838
5.704896	0.1871321
5.708229	0.1842803
5.711563	0.181455
5.714896	0.1786296
5.718229	0.1758307
5.721562	0.173111
5.724896	0.1704441
5.728229	0.1678828
5.731563	0.1654272
5.734896	0.1631035
5.738229	0.1608591
5.741562	0.1587203
5.744896	0.1566343
5.748229	0.1546011
5.751563	0.1526208
5.754896	0.1506668
5.758229	0.1487656
5.761562	0.1468909
5.764896	0.1450425
5.768229	0.143247
5.771563	0.1415043
5.774896	0.1398143
5.778229	0.1381772
5.781562	0.1365665
5.784896	0.1349822
5.788229	0.1333979
5.791563	0.13184
5.794896	0.1303085
5.798229	0.1288299
5.801562	0.1273512
5.804896	0.1259517
5.808229	0.1246051
5.811563	0.1233112
5.814896	0.122123
5.818229	0.1209876
5.821562	0.119905
5.824896	0.1188752
5.828229	0.1178982
5.831563	0.116974
5.834896	0.1160763
5.838229	0.1151785
5.841562	0.1143071
5.844896	0.1134358
5.848229	0.1125908
5.851563	0.1117194
5.854896	0.1108745
5.858229	0.1100295
5.861563	0.1092374
5.864896	0.1084452
5.868229	0.1076795
5.871562	0.1069666
5.874896	0.1063064
5.878229	0.1056991
5.881563	0.1051446
5.884896	0.1046429
5.888229	0.104194
5.891562	0.1037716
5.894896	0.1034019
5.898229	0.1030058
5.901563	0.1026625
5.904896	0.1022929
5.908229	0.1019232
5.911562	0.1015271
5.914896	0.1011311
5.918229	0.1007086
5.921563	0.1002861
5.924896	0.09983721
5.928229	0.09936192
5.931562	0.09886022
5.934896	0.09835853
5.938229	0.09780402
5.941563	0.09724952
5.944896	0.09666861
5.948229	0.0960613
5.951562	0.09545398
5.954896	0.09482026
5.958229	0.09421295
5.961563	0.09360563
5.964896	0.09305113
5.968229	0.09252303
5.971562	0.09204774
5.974896	0.09159886
5.978229	0.09120278
5.981563	0.09088592
5.984896	0.09056906
5.988229	0.09030501
5.991562	0.09004096
5.994896	0.08977691
5.998229	0.08951286
6.001563	0.089196
6.004896	0.08882633
6.008229	0.08843026
6.011562	0.08795497
6.014896	0.08745328
6.018229	0.08692518
6.021563	0.08637067
6.024896	0.08581617
6.028229	0.08528807
6.031562	0.08481278
6.034896	0.0843903
6.038229	0.08404703
6.041563	0.08378298
6.044896	0.08359815
6.048229	0.08346612
6.051562	0.0833605
6.054896	0.08328129
6.058229	0.08320207
6.061563	0.08309645
6.064896	0.08299083
6.068229	0.08285881
6.071562	0.08267398
6.074896	0.08248914
6.078229	0.08225149
6.081563	0.08204025
6.084896	0.0817762
6.088229	0.08151215
6.091562	0.08124811
6.094896	0.08098406
6.098229	0.08072001
6.101563	0.08042955
6.104896	0.0801655
6.108229	0.07990145
6.111563	0.07966381
6.114896	0.07939976
6.118229	0.07916211
6.121562	0.07892447
6.124896	0.07871323
6.128229	0.07847558
6.131563	0.07823794
6.134896	0.0780267
6.138229	0.07781546
6.141562	0.07760422
6.144896	0.07739298
6.148229	0.07715533
6.151563	0.07691769
6.154896	0.07665364
6.158229	0.07633678
6.161562	0.07601992
6.164896	0.07565025
6.168229	0.07525418
6.171563	0.0748581
6.174896	0.07440922
6.178229	0.07396033
6.181562	0.07351145
6.184896	0.07306256
6.188229	0.07264008
6.191563	0.0721912
6.194896	0.07174231
6.198229	0.07129343
6.201562	0.07084455
6.204896	0.07042207
6.208229	0.07002599
6.211563	0.06962992
6.214896	0.06926025
6.218229	0.06891698
6.221562	0.06860012
6.224896	0.06836248
6.228229	0.06825686
6.231563	0.06830967
6.234896	0.06857372
6.238229	0.06907541
6.241562	0.06981475
6.244896	0.07071252
6.248229	0.0716895
6.251563	0.07266649
6.254896	0.07351145
6.258229	0.07409236
6.261562	0.0743036
6.264896	0.07403955
6.268229	0.07332661
6.271563	0.0722176
6.274896	0.07081814
6.278229	0.06931306
6.281562	0.06778157
6.284896	0.0663557
6.288229	0.06511467
6.291563	0.06413768
6.294896	0.06337194
6.298229	0.06287024
6.301562	0.06252698
6.304896	0.06226293
6.308229	0.06205169
6.311563	0.06184045
6.314896	0.0616028
6.318229	0.06131235
6.321562	0.06099549
6.324896	0.06062582
6.328229	0.06028256
6.331563	0.05993929
6.334896	0.05962243
6.338229	0.05935838
6.341562	0.05912074
6.344896	0.05896231
6.348229	0.05883028
6.351563	0.05875107
6.354896	0.05869826
6.358229	0.05864545
6.361563	0.05856623
6.364896	0.05846061
6.368229	0.05832859
6.371562	0.05817016
6.374896	0.05801173
6.378229	0.05782689
6.381563	0.05764206
6.384896	0.05748363
6.388229	0.0573516
6.391562	0.05727239
6.394896	0.05719317
6.398229	0.05716677
6.401563	0.05716677
6.404896	0.05716677
6.408229	0.05716677
6.411562	0.05714036
6.414896	0.05714036
6.418229	0.05708755
6.421563	0.05706115
6.424896	0.05703474
6.428229	0.05700834
6.431562	0.05703474
6.434896	0.05708755
6.438229	0.05719317
6.441563	0.0573252
6.444896	0.05751003
6.448229	0.05774768
6.451562	0.05803813
6.454896	0.05830218
6.458229	0.05861904
6.461563	0.0589095
6.464896	0.05919995
6.468229	0.059464
6.471562	0.05975446
6.474896	0.06001851
6.478229	0.06028256
6.481563	0.06057301
6.484896	0.06088987
6.488229	0.06118032
6.491562	0.06147078
6.494896	0.06176123
6.498229	0.06205169
6.501563	0.06228933
6.504896	0.06247417
6.508229	0.0626326
6.511562	0.06273822
6.514896	0.06281743
6.518229	0.06287024
6.521563	0.06292305
6.524896	0.06294946
6.528229	0.06297586
6.531562	0.06297586
6.534896	0.06297586
6.538229	0.06294946
6.541563	0.06287024
6.544896	0.06279103
6.548229	0.062659
6.551562	0.06250057
6.554896	0.06234214
6.558229	0.0621309
6.561563	0.06194607
6.564896	0.06176123
6.568229	0.0615764
6.571562	0.06136516
6.574896	0.06112751
6.578229	0.06083706
6.581563	0.0604938
6.584896	0.06009772
6.588229	0.05964884
6.591562	0.05912074
6.594896	0.05853983
6.598229	0.05790611
6.601563	0.05721958
6.604896	0.05648024
6.608229	0.05571449
6.611563	0.05492235
6.614896	0.05405098
6.618229	0.05312681
6.621562	0.05212342
6.624896	0.05104081
6.628229	0.04985259
6.631563	0.04858515
6.634896	0.0472649
6.638229	0.04586544
6.641562	0.04441316
6.644896	0.0429873
6.648229	0.04158783
6.651563	0.04024118
6.654896	0.03897374
6.658229	0.03781192
6.661562	0.03672932
6.664896	0.03580514
6.668229	0.03498659
6.671563	0.03432647
6.674896	0.03382477
6.678229	0.0334551
6.681562	0.03324386
6.684896	0.03319105
6.688229	0.03329667
6.691563	0.03353432
6.694896	0.03393039
6.698229	0.03443209
6.701562	0.0350394
6.704896	0.03572593
6.708229	0.03649167
6.711563	0.03733663
6.714896	0.0382344
6.718229	0.03921138
6.721562	0.04021477
6.724896	0.04129738
6.728229	0.04240639
6.731563	0.0435418
6.734896	0.04470362
6.738229	0.04583903
6.741562	0.04697445
6.744896	0.04808346
6.748229	0.04911325
6.751563	0.05006383
6.754896	0.05093519
6.758229	0.05170094
6.761562	0.05233466
6.764896	0.05283635
6.768229	0.05320602
6.771563	0.05341726
6.774896	0.05349648
6.778229	0.05339086
6.781562	0.05312681
6.784896	0.05267792
6.788229	0.0520442
6.791563	0.05122565
6.794896	0.05014305
6.798229	0.0488492
6.801562	0.0472649
6.804896	0.04541655
6.808229	0.04333056
6.811563	0.04098052
6.814896	0.03841924
6.818229	0.03567312
6.821562	0.03276857
6.824896	0.0297584
6.828229	0.02669543
6.831563	0.02360604
6.834896	0.02054307
6.838229	0.0175593
6.841562	0.01470757
6.844896	0.01201426
6.848229	0.009505791
6.851563	0.007234963
6.854896	0.005228185
6.858229	0.003538267
6.861563	0.002165208
6.864896	0.001109009
6.868229	0.0003960746
6.871562	2.640497e-05
6.874896	0
6.878229	0.0002904547
6.881563	0.0008977691
6.884896	0.001795538
6.888229	0.002957357
6.891562	0.004383226
6.894896	0.006020334
6.898229	0.007895087
6.901563	0.009954675
6.904896	0.01217269
6.908229	0.01457554
6.911562	0.01713682
6.914896	0.01983013
6.918229	0.02268187
6.921563	0.02566563
6.924896	0.02880782
6.928229	0.03205564
6.931562	0.03540907
6.934896	0.03889453
6.938229	0.0424856
6.941563	0.04615589
6.944896	0.049879
6.948229	0.05365491
6.951562	0.05743082
6.954896	0.06118032
6.958229	0.06485062
6.961563	0.06844169
6.964896	0.07187434
6.968229	0.07517496
6.971562	0.07826434
6.974896	0.08116889
6.978229	0.0838886
6.981563	0.08634427
6.984896	0.08858869
6.988229	0.09056906
6.991562	0.09225898
6.994896	0.09363204
6.998229	0.09468824
7.001563	0.09537477
7.004896	0.09566522
7.008229	0.09558601
7.011562	0.09508431
7.014896	0.09421295
7.018229	0.09297191
7.021563	0.09136121
7.024896	0.08948646
7.028229	0.08732125
7.031562	0.0849448
7.034896	0.08238352
7.038229	0.07969021
7.041563	0.07689129
7.044896	0.07401314
7.048229	0.071135
7.051562	0.06828326
7.054896	0.06545793
7.058229	0.06276462
7.061563	0.06015053
7.064896	0.05769487
7.068229	0.05537123
7.071562	0.05320602
7.074896	0.05119924
7.078229	0.0493509
7.081563	0.04763457
7.084896	0.04607668
7.088229	0.04465081
7.091562	0.04335697
7.094896	0.04222155
7.098229	0.04119176
7.101563	0.04032039
7.104896	0.03955465
7.108229	0.03894734
7.111563	0.03847205
7.114896	0.03812878
7.118229	0.03791754
7.121562	0.03781192
7.124896	0.03778552
7.128229	0.03789114
7.131563	0.03804957
7.134896	0.03831362
7.138229	0.03863048
7.141562	0.03900015
7.144896	0.03942262
7.148229	0.03989791
7.151563	0.04039961
7.154896	0.04092771
7.158229	0.04148221
7.161562	0.04203672
7.164896	0.04261763
7.168229	0.04325135
7.171563	0.04388507
7.174896	0.04454519
7.178229	0.04525812
7.181562	0.04599746
7.184896	0.0467368
7.188229	0.04752895
7.191563	0.0482947
7.194896	0.04908685
7.198229	0.04985259
7.201562	0.05059193
7.204896	0.05133127
7.208229	0.05207061
7.211563	0.05280995
7.214896	0.05354929
7.218229	0.05431503
7.221562	0.05508077
7.224896	0.05587292
7.228229	0.05663867
7.231563	0.05740441
7.234896	0.05811735
7.238229	0.05880388
7.241562	0.0594376
7.244896	0.06001851
7.248229	0.0605202
7.251563	0.06096908
7.254896	0.06136516
7.258229	0.06173483
7.261562	0.06202528
7.264896	0.06231574
7.268229	0.06257979
7.271563	0.06281743
7.274896	0.06302867
7.278229	0.06321351
7.281562	0.06339834
7.284896	0.06353037
7.288229	0.06363599
7.291563	0.0637152
7.294896	0.0637152
7.298229	0.0637152
7.301562	0.06363599
7.304896	0.06353037
7.308229	0.06337194
7.311563	0.0631871
7.314896	0.06294946
7.318229	0.06268541
7.321562	0.06239495
7.324896	0.06205169
7.328229	0.06170842
7.331563	0.06133875
7.334896	0.06096908
7.338229	0.06059941
7.341562	0.06022975
7.344896	0.05988648
7.348229	0.05954322
7.351563	0.05925276
7.354896	0.05898871
7.358229	0.05872466
7.361563	0.05851342
7.364896	0.05827578
7.368229	0.05806454
7.371562	0.0578797
7.374896	0.05766846
7.378229	0.05748363
7.381563	0.05729879
7.384896	0.05708755
7.388229	0.05684991
7.391562	0.05658586
7.394896	0.056269
7.398229	0.05592573
7.401563	0.05555606
7.404896	0.05515999
7.408229	0.05476392
7.411562	0.05434144
7.414896	0.05397177
7.418229	0.0536285
7.421563	0.05333805
7.424896	0.0531004
7.428229	0.05291557
7.431562	0.05278354
7.434896	0.05265152
7.438229	0.0525459
7.441563	0.05244028
7.444896	0.05233466
7.448229	0.05220263
7.451562	0.0520442
7.454896	0.05185937
7.458229	0.05164813
7.461563	0.05138408
7.464896	0.05114643
7.468229	0.05085598
7.471562	0.05061834
7.474896	0.05038069
7.478229	0.05016945
7.481563	0.05001102
7.484896	0.0499054
7.488229	0.04982619
7.491562	0.04979978
7.494896	0.04979978
7.498229	0.04985259
7.501563	0.049879
7.504896	0.0499054
7.508229	0.04993181
7.511562	0.04993181
7.514896	0.0499054
7.518229	0.04985259
7.521563	0.04977338
7.524896	0.04969416
7.528229	0.04958854
7.531562	0.04945652
7.534896	0.04932449
7.538229	0.04919247
7.541563	0.04906044
7.544896	0.04892842
7.548229	0.0488228
7.551562	0.04869077
7.554896	0.04858515
7.558229	0.04847953
7.561563	0.04834751
7.564896	0.04824189
7.568229	0.04813627
7.571562	0.04803065
7.574896	0.04792503
7.578229	0.04781941
7.581563	0.04774019
7.584896	0.04766098
7.588229	0.04760817
7.591562	0.04758176
7.594896	0.04755536
7.598229	0.04750255
7.601563	0.04747614
7.604896	0.04739693
7.608229	0.04731771
7.611563	0.04721209
7.614896	0.04710647
7.618229	0.04700085
7.621562	0.04692164
7.624896	0.04684242
7.628229	0.04681602
7.631563	0.04684242
7.634896	0.04689523
7.638229	0.04700085
7.641562	0.04715928
7.644896	0.04734412
7.648229	0.04752895
7.651563	0.04771379
7.654896	0.04787222
7.658229	0.04805705
7.661562	0.04818908
7.664896	0.0482947
7.668229	0.04840032
7.671563	0.04845313
7.674896	0.04850594
7.678229	0.04853234
7.681562	0.04853234
7.684896	0.04855875
7.688229	0.04855875
7.691563	0.04855875
7.694896	0.04861156
7.698229	0.04866437
7.701562	0.04874358
7.704896	0.04887561
7.708229	0.04903404
7.711563	0.04921887
7.714896	0.04943011
7.718229	0.04966776
7.721562	0.0499054
7.724896	0.05019586
7.728229	0.05048631
7.731563	0.05080317
7.734896	0.05109362
7.738229	0.05141048
7.741562	0.05167453
7.744896	0.05191218
7.748229	0.05212342
7.751563	0.05225544
7.754896	0.05233466
7.758229	0.05236106
7.761562	0.05233466
7.764896	0.05225544
7.768229	0.05217623
7.771563	0.0520442
7.774896	0.05193858
7.778229	0.05183296
7.781562	0.05170094
7.784896	0.05159532
7.788229	0.05143689
7.791563	0.05127846
7.794896	0.05109362
7.798229	0.05088238
7.801562	0.05064474
7.804896	0.0504071
7.808229	0.05011664
7.811563	0.04985259
7.814896	0.04958854
7.818229	0.0493509
7.821562	0.04911325
7.824896	0.04892842
7.828229	0.04874358
7.831563	0.04858515
7.834896	0.04845313
7.838229	0.0483211
7.841562	0.04821548
7.844896	0.04810986
7.848229	0.04797784
7.851563	0.04784581
7.854896	0.04768738
7.858229	0.04752895
7.861563	0.04737052
7.864896	0.04718569
7.868229	0.04700085
7.871562	0.04681602
7.874896	0.04660478
7.878229	0.04639354
7.881563	0.0461823
7.884896	0.04597106
7.888229	0.04575982
7.891562	0.04557498
7.894896	0.04539015
7.898229	0.04523172
7.901563	0.0451261
7.904896	0.04502048
7.908229	0.04494126
7.911562	0.04486205
7.914896	0.04475643
7.918229	0.0446244
7.921563	0.04449238
7.924896	0.04428114
7.928229	0.0440435
7.931562	0.04380585
7.934896	0.0435418
7.938229	0.04327775
7.941563	0.04306651
7.944896	0.04288168
7.948229	0.04272325
7.951562	0.04264403
7.954896	0.04261763
7.958229	0.04261763
7.961563	0.04267044
7.964896	0.04272325
7.968229	0.04277606
7.971562	0.04282887
7.974896	0.04288168
7.978229	0.04288168
7.981563	0.04288168
7.984896	0.04285527
7.988229	0.04280246
7.991562	0.04274965
7.994896	0.04269684
7.998229	0.04264403
8.001562	0.04261763
8.004896	0.04259122
8.008229	0.04256482
8.011562	0.04256482
8.014895	0.04256482
8.018229	0.04253841
8.021563	0.04253841
8.024896	0.04251201
8.028229	0.04251201
8.031563	0.04253841
8.034896	0.04256482
8.038229	0.04259122
8.041562	0.04261763
8.044896	0.04261763
8.048229	0.04261763
8.051562	0.04259122
8.054895	0.04253841
8.058229	0.0424856
8.061563	0.04240639
8.064896	0.04230077
8.068229	0.04222155
8.071563	0.04216874
8.074896	0.04211593
8.078229	0.04206312
8.081562	0.04203672
8.084896	0.04198391
8.088229	0.0419311
8.091562	0.04187829
8.094895	0.04179907
8.098229	0.04171986
8.101563	0.04166705
8.104896	0.04161424
8.10823	0.04156143
8.111563	0.04156143
8.114896	0.04156143
8.118229	0.04158783
8.121563	0.04164064
8.124896	0.04169345
8.128229	0.04174626
8.131562	0.04177267
8.134896	0.04182548
8.138229	0.04187829
8.141562	0.0419575
8.144896	0.04201031
8.14823	0.04206312
8.151563	0.04211593
8.154896	0.04214234
8.158229	0.04216874
8.161563	0.04216874
8.164896	0.04214234
8.168229	0.04211593
8.171562	0.04203672
8.174896	0.04198391
8.178229	0.04190469
8.181562	0.04185188
8.184896	0.04177267
8.18823	0.04171986
8.191563	0.04166705
8.194896	0.04164064
8.198229	0.04156143
8.201563	0.04150862
8.204896	0.04145581
8.208229	0.041403
8.211562	0.04135019
8.214896	0.04132378
8.218229	0.04132378
8.221562	0.04137659
8.224895	0.0414294
8.22823	0.04153502
8.231563	0.04169345
8.234896	0.04185188
8.238229	0.04203672
8.241563	0.04224796
8.244896	0.04243279
8.248229	0.04261763
8.251562	0.04277606
8.254896	0.04288168
8.258229	0.04296089
8.261562	0.04296089
8.264895	0.04290808
8.268229	0.04282887
8.271563	0.04267044
8.274896	0.04251201
8.278229	0.04232717
8.281563	0.04211593
8.284896	0.0419311
8.288229	0.04177267
8.291562	0.04164064
8.294896	0.04153502
8.298229	0.04148221
8.301562	0.0414294
8.304895	0.04137659
8.308229	0.04135019
8.311563	0.04129738
8.314896	0.04124457
8.318229	0.04116535
8.321563	0.04105973
8.324896	0.04092771
8.328229	0.04082209
8.331562	0.04071647
8.334896	0.04063725
8.338229	0.04061085
8.341562	0.04063725
8.344895	0.04071647
8.348229	0.04082209
8.351563	0.04095411
8.354896	0.04108614
8.35823	0.04116535
8.361563	0.04121816
8.364896	0.04121816
8.368229	0.04111254
8.371563	0.04095411
8.374896	0.04071647
8.378229	0.04045242
8.381562	0.04016196
8.384896	0.03987151
8.388229	0.03963386
8.391562	0.03942262
8.394896	0.03923779
8.39823	0.03913217
8.401563	0.03905295
8.404896	0.03902655
8.408229	0.03900015
8.411563	0.03900015
8.414896	0.03902655
8.418229	0.03900015
8.421562	0.03900015
8.424896	0.03894734
8.428229	0.03886812
8.431562	0.03878891
8.434896	0.03870969
8.43823	0.03863048
8.441563	0.03860407
8.444896	0.03857767
8.448229	0.03860407
8.451563	0.03868329
8.454896	0.0387625
8.458229	0.03886812
8.461562	0.03897374
8.464896	0.03905295
8.468229	0.03913217
8.471562	0.03918498
8.474895	0.03923779
8.47823	0.03926419
8.481563	0.039317
8.484896	0.03942262
8.488229	0.03952824
8.491563	0.03968667
8.494896	0.03987151
8.498229	0.04013556
8.501562	0.04042601
8.504896	0.04076928
8.508229	0.04113895
8.511562	0.04150862
8.514895	0.04190469
8.518229	0.04227436
8.521563	0.04264403
8.524896	0.0430137
8.528229	0.04335697
8.531563	0.04370023
8.534896	0.04401709
8.538229	0.04430754
8.541562	0.04465081
8.544896	0.04496767
8.548229	0.04531093
8.551562	0.0456806
8.554895	0.04602387
8.558229	0.04636713
8.561563	0.04668399
8.564896	0.04694804
8.568229	0.04718569
8.571563	0.04734412
8.574896	0.04742333
8.578229	0.04747614
8.581562	0.04744974
8.584896	0.04739693
8.588229	0.04731771
8.591562	0.04721209
8.594895	0.04708007
8.598229	0.04694804
8.601563	0.04678961
8.604896	0.04663118
8.60823	0.04644635
8.611563	0.04623511
8.614896	0.04602387
8.618229	0.04573341
8.621563	0.04544296
8.624896	0.04507329
8.628229	0.04467721
8.631562	0.04425473
8.634896	0.04375304
8.638229	0.04325135
8.641562	0.04272325
8.644896	0.04216874
8.64823	0.04164064
8.651563	0.04111254
8.654896	0.04063725
8.658229	0.04018837
8.661563	0.0398187
8.664896	0.03947543
8.668229	0.03921138
8.671562	0.03900015
8.674896	0.03881531
8.678229	0.03865688
8.681562	0.03852486
8.684896	0.03836643
8.68823	0.038208
8.691563	0.03802316
8.694896	0.03781192
8.698229	0.03754787
8.701563	0.03723101
8.704896	0.03691415
8.708229	0.03659729
8.711562	0.03625403
8.714896	0.03593717
8.718229	0.03567312
8.721562	0.03543548
8.724895	0.03522424
8.72823	0.03511862
8.731563	0.0350394
8.734896	0.035013
8.738229	0.035013
8.741563	0.0350394
8.744896	0.03506581
8.748229	0.03511862
8.751562	0.03511862
8.754896	0.03514502
8.758229	0.03511862
8.761562	0.03509221
8.764895	0.0350394
8.768229	0.03496019
8.771563	0.03488097
8.774896	0.03477535
8.778229	0.03466973
8.781563	0.03456411
8.784896	0.03443209
8.788229	0.03430006
8.791562	0.03414163
8.794896	0.03400961
8.798229	0.03387758
8.801562	0.03374556
8.804895	0.03363994
8.808229	0.03356072
8.811563	0.03350791
8.814896	0.03348151
8.818229	0.03350791
8.821563	0.03353432
8.824896	0.03361353
8.828229	0.03369275
8.831562	0.03374556
8.834896	0.03379837
8.838229	0.03385118
8.841562	0.03385118
8.844895	0.03382477
8.848229	0.03377196
8.851563	0.03371915
8.854896	0.03361353
8.85823	0.03350791
8.861563	0.0334287
8.864896	0.03334948
8.868229	0.03327027
8.871563	0.03324386
8.874896	0.03321746
8.878229	0.03324386
8.881562	0.03327027
8.884896	0.03332308
8.888229	0.03337589
8.891562	0.0334287
8.894896	0.03348151
8.89823	0.03350791
8.901563	0.03353432
8.904896	0.03353432
8.908229	0.03353432
8.911563	0.03350791
8.914896	0.03348151
8.918229	0.03348151
8.921562	0.03350791
8.924896	0.03350791
8.928229	0.03353432
8.931562	0.03353432
8.934896	0.03353432
8.93823	0.03350791
8.941563	0.03348151
8.944896	0.0334287
8.948229	0.03337589
8.951563	0.03332308
8.954896	0.03327027
8.958229	0.03324386
8.961562	0.03324386
8.964896	0.03327027
8.968229	0.03332308
8.971562	0.03340229
8.974895	0.03348151
8.97823	0.03353432
8.981563	0.03361353
8.984896	0.03366634
8.988229	0.03369275
8.991563	0.03371915
8.994896	0.03371915
8.998229	0.03369275
9.001562	0.03366634
9.004896	0.03363994
9.008229	0.03361353
9.011562	0.03356072
9.014895	0.03348151
9.018229	0.03340229
9.021563	0.03332308
9.024896	0.03321746
9.028229	0.03311184
9.031563	0.03300622
9.034896	0.032927
9.038229	0.03287419
9.041562	0.03282138
9.044896	0.03282138
9.048229	0.03287419
9.051562	0.03297981
9.054895	0.03308543
9.058229	0.03324386
9.061563	0.03340229
9.064896	0.03356072
9.068229	0.03369275
9.071563	0.03382477
9.074896	0.03393039
9.078229	0.0339832
9.081562	0.0339568
9.084896	0.03393039
9.088229	0.03382477
9.091562	0.03369275
9.094895	0.03350791
9.098229	0.03332308
9.101563	0.03313824
9.104896	0.03295341
9.10823	0.03279498
9.111563	0.03266295
9.114896	0.03261014
9.118229	0.03258374
9.121563	0.03261014
9.124896	0.03268936
9.128229	0.03279498
9.131562	0.03297981
9.134896	0.03316465
9.138229	0.03337589
9.141562	0.03361353
9.144896	0.03385118
9.14823	0.03406242
9.151563	0.03424725
9.154896	0.03440568
9.158229	0.03453771
9.161563	0.03464333
9.164896	0.03469614
9.168229	0.03474895
9.171562	0.03477535
9.174896	0.03480176
9.178229	0.03485457
9.181562	0.03490738
9.184896	0.03498659
9.18823	0.03509221
9.191563	0.03519783
9.194896	0.03527705
9.198229	0.03532986
9.201563	0.03535626
9.204896	0.03535626
9.208229	0.03532986
9.211562	0.03530345
9.214896	0.03525064
9.218229	0.03519783
9.221562	0.03514502
9.224895	0.03511862
9.22823	0.03511862
9.231563	0.03509221
9.234896	0.03506581
9.238229	0.035013
9.241563	0.03490738
9.244896	0.03477535
9.248229	0.03461692
9.251562	0.03443209
9.254896	0.03424725
9.258229	0.03406242
9.261562	0.03393039
9.264895	0.03382477
9.268229	0.03374556
9.271563	0.03374556
9.274896	0.03374556
9.278229	0.03377196
9.281563	0.03382477
9.284896	0.03387758
9.288229	0.03390399
9.291562	0.03390399
9.294896	0.03390399
9.298229	0.03387758
9.301562	0.03385118
9.304895	0.03377196
9.308229	0.03369275
9.311563	0.03356072
9.314896	0.0334287
9.318229	0.03327027
9.321563	0.03311184
9.324896	0.03295341
9.328229	0.03276857
9.331562	0.03261014
9.334896	0.03245171
9.338229	0.03231969
9.341562	0.03218766
9.344895	0.03208204
9.348229	0.03202923
9.351563	0.03195002
9.354896	0.03192361
9.35823	0.03189721
9.361563	0.0318708
9.364896	0.0318444
9.368229	0.03181799
9.371563	0.03179159
9.374896	0.03173878
9.378229	0.03165956
9.381562	0.03158035
9.384896	0.03147473
9.388229	0.0313427
9.391562	0.03123708
9.394896	0.03110506
9.39823	0.03097303
9.401563	0.03089382
9.404896	0.0308146
9.408229	0.03076179
9.411563	0.03073539
9.414896	0.03076179
9.418229	0.0307882
9.421562	0.03084101
9.424896	0.03086741
9.428229	0.03089382
9.431562	0.03089382
9.434896	0.03086741
9.43823	0.0307882
9.441563	0.03068258
9.444896	0.03055055
9.448229	0.03039212
9.451563	0.0302601
9.454896	0.03010167
9.458229	0.02999605
9.461562	0.02991683
9.464896	0.02986402
9.468229	0.02983762
9.471562	0.02986402
9.474895	0.02991683
9.47823	0.02999605
9.481563	0.03007526
9.484896	0.03012807
9.488229	0.03018088
9.491563	0.03023369
9.494896	0.03023369
9.498229	0.03020729
9.501562	0.03015448
9.504896	0.03010167
9.508229	0.02999605
9.511562	0.02991683
9.514895	0.02983762
9.518229	0.0297584
9.521563	0.029732
9.524896	0.02970559
9.528229	0.029732
9.531563	0.02981121
9.534896	0.02991683
9.538229	0.03004886
9.541562	0.03020729
9.544896	0.03033931
9.548229	0.03047134
9.551562	0.03055055
9.554895	0.03060336
9.558229	0.03060336
9.561563	0.03055055
9.564896	0.03047134
9.568229	0.03033931
9.571563	0.03020729
9.574896	0.03004886
9.578229	0.02994324
9.581562	0.02986402
9.584896	0.02981121
9.588229	0.02981121
9.591562	0.02986402
9.594895	0.02994324
9.598229	0.03007526
9.601563	0.03018088
9.604896	0.03033931
9.60823	0.03044493
9.611563	0.03057696
9.614896	0.03068258
9.618229	0.0307882
9.621563	0.03086741
9.624896	0.03094663
9.628229	0.03097303
9.631562	0.03099944
9.634896	0.03102584
9.638229	0.03102584
9.641562	0.03102584
9.644896	0.03099944
9.64823	0.03094663
9.651563	0.03086741
9.654896	0.0307882
9.658229	0.03070898
9.661563	0.03062977
9.664896	0.03052415
9.668229	0.03041853
9.671562	0.03033931
9.674896	0.03023369
9.678229	0.03015448
9.681562	0.03004886
9.684896	0.02996964
9.68823	0.02989043
9.691563	0.02978481
9.694896	0.02970559
9.698229	0.02962638
9.701563	0.02954716
9.704896	0.02949435
9.708229	0.02946795
9.711562	0.02946795
9.714896	0.02949435
9.718229	0.02957357
9.721562	0.02970559
9.724895	0.02983762
9.72823	0.02999605
9.731563	0.03012807
9.734896	0.0302601
9.738229	0.03036572
9.741563	0.03041853
9.744896	0.03041853
9.748229	0.03039212
9.751562	0.03033931
9.754896	0.0302865
9.758229	0.03023369
9.761562	0.03020729
9.764895	0.03020729
9.768229	0.0302865
9.771563	0.03041853
9.774896	0.03057696
9.778229	0.03073539
9.781563	0.03092022
9.784896	0.03105225
9.788229	0.03115787
9.791562	0.03118427
9.794896	0.03113146
9.798229	0.03102584
9.801562	0.0308146
9.804895	0.03055055
9.808229	0.0302865
9.811563	0.03002245
9.814896	0.0297584
9.818229	0.02952076
9.821563	0.02933592
9.824896	0.0292039
9.828229	0.02912468
9.831562	0.02909828
9.834896	0.02907187
9.838229	0.02907187
9.841562	0.02907187
9.844895	0.02907187
9.848229	0.02904547
9.851563	0.02904547
9.854896	0.02901906
9.85823	0.02899266
9.861563	0.02896625
9.864896	0.02893985
9.868229	0.02891344
9.871563	0.02888704
9.874896	0.02886063
9.878229	0.02883423
9.881562	0.02880782
9.884896	0.02875501
9.888229	0.02872861
9.891562	0.0286758
9.894896	0.02864939
9.89823	0.02859658
9.901563	0.02857018
9.904896	0.02857018
9.908229	0.02859658
9.911563	0.0286758
9.914896	0.02875501
9.918229	0.02886063
9.921562	0.02896625
9.924896	0.02909828
9.928229	0.02917749
9.931562	0.02925671
9.934896	0.02930952
9.93823	0.02928311
9.941563	0.0292303
9.944896	0.02915109
9.948229	0.02904547
9.951563	0.02891344
9.954896	0.02878142
9.958229	0.02864939
9.961562	0.02854377
9.964896	0.02843815
9.968229	0.02838534
9.971562	0.02838534
9.974895	0.02841175
9.97823	0.02849096
9.981563	0.02859658
9.984896	0.02872861
9.988229	0.02886063
9.991563	0.02899266
9.994896	0.02909828
9.998229	0.0292039
}
[PEAK]
{
Peak ID	1
Peak Ref	1
Time	3.92834
Peak	3.221562	4.078229
Intensity	-5.13196e-05	-1.889467e-05
Height	0.00378749
AreaAbs	978.955
Area %BP	0.04054179
Area %Total	0.035436
Width	0.8566666
}
[PEAK]
{
Peak ID	2
Peak Ref	2
Time	4.272448
Peak	4.078229	4.611563
Intensity	-5.13196e-05	-1.889467e-05
Height	0.02462737
AreaAbs	4816.98
Area %BP	0.1994872
Area %Total	0.174364
Width	0.5333338
}
[PEAK]
{
Peak ID	3
Peak Ref	3
Time	4.9519
Peak	4.611563	6.228229
Intensity	-5.13196e-05	-1.889467e-05
Height	0.2256214
AreaAbs	40244.69
Area %BP	1.666667
Area %Total	1.456769
Width	1.616666
}
[PEAK]
{
Peak ID	4
Peak Ref	4
Time	6.261126
Peak	6.228229	6.418229
Intensity	-5.13196e-05	-1.889467e-05
Height	4.043426e-05
AreaAbs	2.707247
Area %BP	0.0001121161
Area %Total	9.799634e-05
Width	0.1900001
}
}
}
}
