[SAMPLE]
{
Sample	1
Well	1:A,8
FileName	
SampleID	ASD-E-2601112-003
SampleDescription	Aquired with Galaxy
Date	15-Jan-2026
Time	19:18:15 PRC
JobCode	
TaskCode	
UserName	Congcong_Liu2
LabName	Aquired with Galaxy
Instrument	BAD_L_22_523
Conditions	
Submitter	Huanhuan_Zhang
SampleType	
Plate	
Method	
Process	Galaxy
MSTune	
MSMethod	
InletMethod	
PreRunMethod	
PostRunMethod	
SwitchMethod	
FractionMethod	
AcquisitionProcess	
AcquisitionProcessParameters	
AcquisitionProcessOptions	
InjectionVolume	25
ReportScheme	
SampleReportEnable	0
SampleReportFormat	
AnalysisTime	0
[COMPOUND]
{
;Mono Mass	Formula
}
[FUNCTION]
{
Function	1
IonMode	ES+
Type	MS
Description	(0:0)
[SPECTRUM]
{
ProcDesc	0.00:Combine
State	OK
Peak ID	0
Peak Ref	0
Time	0
TIC	0
BPI	0
BPM	0
Continuum	FALSE
Saved	FALSE
[MASSES]
{
;Mass	Exp. Mass	Obs. Mass	% BPI	Int. Abs
}
[RESULTS]
{
;Mass	Found	% BPI	% Purity
}
[MS]
{
;Mass	% BPI
0	0
}
}
[CHROMATOGRAM]
{
TraceNumber	1
Description	scroll down chrom view to see 2D LC chrom
ProcDesc	
MaxIntensity	0
[TRACE]
{
0	0
}
[PEAK]
{
Peak ID	0
Peak Ref	0
Time	0
Peak	0
Intensity	0	0
Height	0
AreaAbs	0
Area %BP	0
Area %Total	0
}
}
}
[FUNCTION]
{
Function	0
Description	ANALOG
[CHROMATOGRAM]
{
TraceNumber	2
Description	LC
ProcDesc	Result Id:1314, VWD: Signal A, 280 nm
MaxIntensity	0.2168557
[TRACE]
{
;Time	Int. %Max
0.003020833	0.020422
0.006354167	0.02039451
0.0096875	0.02033954
0.01302083	0.02025708
0.01635417	0.02014714
0.0196875	0.02006468
0.02302083	0.01995474
0.02635417	0.01992725
0.0296875	0.01989976
0.03302083	0.01995474
0.03635417	0.02003719
0.0396875	0.02011965
0.04302083	0.02022959
0.04635417	0.02031205
0.0496875	0.02033954
0.05302083	0.02033954
0.05635417	0.02031205
0.0596875	0.02020211
0.06302083	0.02009217
0.06635416	0.01998222
0.0696875	0.01989976
0.07302083	0.01984479
0.07635417	0.01987228
0.0796875	0.01995474
0.08302084	0.02011965
0.08635417	0.02031205
0.0896875	0.02058691
0.09302083	0.02083428
0.09635416	0.02110914
0.0996875	0.021384
0.1030208	0.02163137
0.1063542	0.02185126
0.1096875	0.02204366
0.1130208	0.02220858
0.1163542	0.02234601
0.1196875	0.02245595
0.1230208	0.02253841
0.1263542	0.02262086
0.1296875	0.02264835
0.1330208	0.02267584
0.1363542	0.02270332
0.1396875	0.02267584
0.1430208	0.02267584
0.1463542	0.02264835
0.1496875	0.02259338
0.1530208	0.02253841
0.1563542	0.02245595
0.1596875	0.02234601
0.1630208	0.02223606
0.1663542	0.02209863
0.1696875	0.02193372
0.1730208	0.0217688
0.1763542	0.02160389
0.1796875	0.02143897
0.1830208	0.02127406
0.1863542	0.02113663
0.1896875	0.02102669
0.1930208	0.02094423
0.1963542	0.02086177
0.1996875	0.02083428
0.2030208	0.02083428
0.2063542	0.02083428
0.2096875	0.02083428
0.2130208	0.02086177
0.2163542	0.02091674
0.2196875	0.02094423
0.2230208	0.0209992
0.2263542	0.02105417
0.2296875	0.02108166
0.2330208	0.02110914
0.2363542	0.02113663
0.2396875	0.02113663
0.2430208	0.02110914
0.2463542	0.02110914
0.2496875	0.02108166
0.2530208	0.02105417
0.2563542	0.02105417
0.2596875	0.02105417
0.2630208	0.02105417
0.2663542	0.02108166
0.2696875	0.02108166
0.2730208	0.02108166
0.2763542	0.02102669
0.2796875	0.02097171
0.2830208	0.02086177
0.2863542	0.02075183
0.2896875	0.0206144
0.2930208	0.02044948
0.2963542	0.02033954
0.2996875	0.02022959
0.3030208	0.02014714
0.3063542	0.02011965
0.3096875	0.02009217
0.3130208	0.02009217
0.3163542	0.02011965
0.3196875	0.02011965
0.3230208	0.02014714
0.3263542	0.02014714
0.3296875	0.02014714
0.3330208	0.02014714
0.3363542	0.02014714
0.3396875	0.02014714
0.3430208	0.02020211
0.3463542	0.02025708
0.3496875	0.02031205
0.3530208	0.020422
0.3563542	0.02050445
0.3596875	0.02055943
0.3630208	0.0206144
0.3663542	0.02064188
0.3696875	0.0206144
0.3730208	0.02055943
0.3763542	0.020422
0.3796875	0.02028457
0.3830208	0.02009217
0.3863542	0.01989976
0.3896875	0.01970736
0.3930208	0.01951496
0.3963542	0.01935005
0.3996875	0.0192401
0.4030208	0.01918513
0.4063542	0.01918513
0.4096875	0.0192401
0.4130208	0.01932256
0.4163542	0.01945999
0.4196875	0.01962491
0.4230208	0.01976234
0.4263542	0.01989976
0.4296875	0.02000971
0.4330208	0.02009217
0.4363542	0.02014714
0.4396875	0.02017462
0.4430208	0.02017462
0.4463542	0.02020211
0.4496875	0.02020211
0.4530208	0.02020211
0.4563542	0.02020211
0.4596875	0.02020211
0.4630208	0.02017462
0.4663542	0.02009217
0.4696875	0.01998222
0.4730208	0.01981731
0.4763542	0.01962491
0.4796875	0.0194325
0.4830208	0.01921262
0.4863542	0.01902022
0.4896875	0.0188553
0.4930208	0.01871787
0.4963542	0.01863541
0.4996875	0.01858044
0.5030208	0.01858044
0.5063542	0.01860793
0.5096875	0.01863541
0.5130208	0.01869039
0.5163541	0.01874536
0.5196875	0.01880033
0.5230208	0.0188553
0.5263542	0.0188553
0.5296875	0.0188553
0.5330209	0.01880033
0.5363542	0.01874536
0.5396875	0.01869039
0.5430208	0.01863541
0.5463542	0.01855296
0.5496875	0.01852547
0.5530208	0.01849799
0.5563542	0.0184705
0.5596875	0.01849799
0.5630208	0.01849799
0.5663542	0.01852547
0.5696875	0.01855296
0.5730208	0.01858044
0.5763541	0.01860793
0.5796875	0.01863541
0.5830208	0.01863541
0.5863542	0.0186629
0.5896875	0.01869039
0.5930209	0.01871787
0.5963542	0.01874536
0.5996875	0.01880033
0.6030208	0.01882782
0.6063542	0.0188553
0.6096875	0.01891027
0.6130208	0.01893776
0.6163542	0.01902022
0.6196875	0.01907519
0.6230208	0.01913016
0.6263542	0.01915765
0.6296875	0.01921262
0.6330208	0.01921262
0.6363541	0.01918513
0.6396875	0.01915765
0.6430208	0.01907519
0.6463541	0.01896525
0.6496875	0.01888279
0.6530209	0.01880033
0.6563542	0.01877284
0.6596875	0.01880033
0.6630208	0.0188553
0.6663542	0.01893776
0.6696875	0.0190477
0.6730208	0.01915765
0.6763542	0.01921262
0.6796875	0.01926759
0.6830208	0.01926759
0.6863542	0.01921262
0.6896875	0.01913016
0.6930208	0.01899273
0.6963542	0.01882782
0.6996875	0.0186629
0.7030208	0.0184705
0.7063541	0.01830558
0.7096875	0.01811318
0.7130209	0.01794827
0.7163542	0.01781084
0.7196875	0.0177009
0.7230209	0.01761844
0.7263542	0.01756347
0.7296875	0.01753598
0.7330208	0.01756347
0.7363542	0.01761844
0.7396875	0.01767341
0.7430208	0.01775587
0.7463542	0.01786581
0.7496875	0.01800324
0.7530208	0.01811318
0.7563542	0.01822313
0.7596875	0.01830558
0.7630208	0.01841553
0.7663541	0.0184705
0.7696875	0.01852547
0.7730208	0.01855296
0.7763542	0.01855296
0.7796875	0.01849799
0.7830209	0.01841553
0.7863542	0.01830558
0.7896875	0.01814067
0.7930208	0.01797575
0.7963542	0.01781084
0.7996875	0.01764592
0.8030208	0.01745352
0.8063542	0.01731609
0.8096875	0.01717866
0.8130208	0.01709621
0.8163542	0.01701375
0.8196875	0.01698626
0.8230208	0.01698626
0.8263541	0.01704124
0.8296875	0.01712369
0.8330208	0.01720615
0.8363542	0.01731609
0.8396875	0.01742604
0.8430209	0.01753598
0.8463542	0.01761844
0.8496875	0.0177009
0.8530208	0.01778335
0.8563542	0.01783832
0.8596875	0.0178933
0.8630208	0.01794827
0.8663542	0.01800324
0.8696875	0.01803073
0.8730208	0.01805821
0.8763542	0.01805821
0.8796875	0.01803073
0.8830208	0.01797575
0.8863541	0.0178933
0.8896875	0.01775587
0.8930208	0.01764592
0.8963541	0.01750849
0.8996875	0.01739855
0.9030209	0.01734358
0.9063542	0.01731609
0.9096875	0.01731609
0.9130208	0.01739855
0.9163542	0.01748101
0.9196875	0.01761844
0.9230208	0.01775587
0.9263542	0.0178933
0.9296875	0.01803073
0.9330208	0.01814067
0.9363542	0.01825061
0.9396875	0.01830558
0.9430208	0.01833307
0.9463542	0.01836056
0.9496875	0.01836056
0.9530208	0.01830558
0.9563541	0.01822313
0.9596875	0.01814067
0.9630209	0.01803073
0.9663542	0.01792078
0.9696875	0.01781084
0.9730209	0.0177009
0.9763542	0.01759095
0.9796875	0.01756347
0.9830208	0.01753598
0.9863542	0.01759095
0.9896875	0.01767341
0.9930208	0.01778335
0.9963542	0.01792078
0.9996875	0.01805821
1.003021	0.01819564
1.006354	0.01833307
1.009688	0.01841553
1.013021	0.0184705
1.016354	0.01849799
1.019688	0.01849799
1.023021	0.0184705
1.026354	0.01844301
1.029688	0.01841553
1.033021	0.01841553
1.036354	0.01841553
1.039688	0.01838804
1.043021	0.01838804
1.046354	0.01836056
1.049688	0.01830558
1.053021	0.01825061
1.056354	0.01816816
1.059687	0.01803073
1.063021	0.01792078
1.066354	0.01778335
1.069687	0.01767341
1.073021	0.01761844
1.076354	0.01759095
1.079687	0.01759095
1.083021	0.01761844
1.086354	0.0177009
1.089687	0.01778335
1.093021	0.01786581
1.096354	0.01794827
1.099687	0.01800324
1.103021	0.01805821
1.106354	0.01805821
1.109687	0.01803073
1.113021	0.01800324
1.116354	0.01797575
1.119688	0.01792078
1.123021	0.0178933
1.126354	0.01786581
1.129688	0.01786581
1.133021	0.01786581
1.136354	0.01786581
1.139688	0.0178933
1.143021	0.01792078
1.146354	0.01794827
1.149688	0.01800324
1.153021	0.01803073
1.156354	0.0180857
1.159688	0.01814067
1.163021	0.01816816
1.166354	0.01819564
1.169688	0.01819564
1.173021	0.01819564
1.176354	0.01814067
1.179688	0.0180857
1.183021	0.01803073
1.186354	0.01797575
1.189687	0.0178933
1.193021	0.01786581
1.196354	0.01786581
1.199687	0.01786581
1.203021	0.0178933
1.206354	0.01794827
1.209687	0.01800324
1.213021	0.01805821
1.216354	0.01811318
1.219687	0.01819564
1.223021	0.01825061
1.226354	0.01833307
1.229687	0.01841553
1.233021	0.01852547
1.236354	0.01860793
1.239687	0.01869039
1.243021	0.01874536
1.246354	0.01874536
1.249688	0.01871787
1.253021	0.01863541
1.256354	0.01849799
1.259688	0.01833307
1.263021	0.01811318
1.266354	0.0178933
1.269688	0.0177009
1.273021	0.01750849
1.276354	0.01734358
1.279688	0.01726112
1.283021	0.01720615
1.286354	0.01723364
1.289688	0.01728861
1.293021	0.01739855
1.296354	0.01753598
1.299688	0.01764592
1.303021	0.01775587
1.306354	0.01781084
1.309687	0.01783832
1.313021	0.01778335
1.316354	0.01767341
1.319687	0.01753598
1.323021	0.01737107
1.326354	0.01717866
1.329687	0.01704124
1.333021	0.01690381
1.336354	0.01682135
1.339687	0.01676638
1.343021	0.01673889
1.346354	0.01676638
1.349687	0.01679386
1.353021	0.01682135
1.356354	0.01682135
1.359687	0.01682135
1.363021	0.01682135
1.366354	0.01679386
1.369688	0.01673889
1.373021	0.01668392
1.376354	0.01665643
1.379688	0.01660146
1.383021	0.01657398
1.386354	0.01654649
1.389688	0.01654649
1.393021	0.01657398
1.396354	0.01660146
1.399688	0.01662895
1.403021	0.01668392
1.406354	0.01673889
1.409688	0.01679386
1.413021	0.01684883
1.416354	0.01687632
1.419688	0.01693129
1.423021	0.01698626
1.426354	0.01701375
1.429688	0.01706872
1.433021	0.01715118
1.436354	0.01720615
1.439687	0.01731609
1.443021	0.01748101
1.446354	0.01764592
1.449687	0.0178933
1.453021	0.01816816
1.456354	0.01852547
1.459687	0.01888279
1.463021	0.01929508
1.466354	0.01970736
1.469687	0.02009217
1.473021	0.02044948
1.476354	0.02069685
1.479687	0.02086177
1.483021	0.02088926
1.486354	0.0208068
1.489687	0.02058691
1.493021	0.02022959
1.496354	0.01976234
1.499688	0.0192401
1.503021	0.01869039
1.506354	0.01814067
1.509688	0.01767341
1.513021	0.01726112
1.516354	0.01695878
1.519688	0.01673889
1.523021	0.01665643
1.526354	0.01665643
1.529688	0.01676638
1.533021	0.01690381
1.536354	0.01709621
1.539688	0.01726112
1.543021	0.01742604
1.546354	0.01756347
1.549688	0.01764592
1.553021	0.01767341
1.556354	0.01764592
1.559687	0.01756347
1.563021	0.01742604
1.566354	0.01728861
1.569687	0.01715118
1.573021	0.01701375
1.576354	0.01687632
1.579687	0.01679386
1.583021	0.01673889
1.586354	0.01671141
1.589687	0.01668392
1.593021	0.01668392
1.596354	0.01671141
1.599687	0.01668392
1.603021	0.01668392
1.606354	0.01665643
1.609687	0.01660146
1.613021	0.01657398
1.616354	0.01654649
1.619688	0.01654649
1.623021	0.01654649
1.626354	0.01660146
1.629688	0.01662895
1.633021	0.01668392
1.636354	0.01673889
1.639688	0.01676638
1.643021	0.01676638
1.646354	0.01673889
1.649688	0.01671141
1.653021	0.01665643
1.656354	0.01660146
1.659688	0.01654649
1.663021	0.01649152
1.666354	0.01646403
1.669688	0.01643655
1.673021	0.01640906
1.676354	0.01640906
1.679688	0.01638157
1.683021	0.01635409
1.686354	0.0163266
1.689687	0.01629912
1.693021	0.01627163
1.696354	0.01621666
1.699687	0.01618917
1.703021	0.01616169
1.706354	0.0161342
1.709687	0.0161342
1.713021	0.0161342
1.716354	0.01616169
1.719687	0.01618917
1.723021	0.01621666
1.726354	0.01624415
1.729687	0.01624415
1.733021	0.01621666
1.736354	0.01618917
1.739687	0.0161342
1.743021	0.01605174
1.746354	0.01599677
1.749688	0.0159418
1.753021	0.01588683
1.756354	0.01588683
1.759688	0.01591431
1.763021	0.0159418
1.766354	0.01599677
1.769688	0.01602426
1.773021	0.01607923
1.776354	0.0161342
1.779688	0.01616169
1.783021	0.01618917
1.786354	0.01621666
1.789688	0.01621666
1.793021	0.01621666
1.796354	0.01624415
1.799688	0.01624415
1.803021	0.01627163
1.806354	0.01629912
1.809687	0.01635409
1.813021	0.01638157
1.816354	0.01640906
1.819687	0.01643655
1.823021	0.01643655
1.826354	0.01646403
1.829687	0.01646403
1.833021	0.01643655
1.836354	0.01640906
1.839687	0.01638157
1.843021	0.01635409
1.846354	0.0163266
1.849687	0.0163266
1.853021	0.0163266
1.856354	0.01638157
1.859687	0.01643655
1.863021	0.016519
1.866354	0.01660146
1.869688	0.01665643
1.873021	0.01671141
1.876354	0.01673889
1.879688	0.01671141
1.883021	0.01665643
1.886354	0.01657398
1.889688	0.01646403
1.893021	0.01638157
1.896354	0.01627163
1.899688	0.01618917
1.903021	0.01610672
1.906354	0.01607923
1.909688	0.01607923
1.913021	0.01610672
1.916354	0.0161342
1.919688	0.01616169
1.923021	0.01618917
1.926354	0.01618917
1.929688	0.01616169
1.933021	0.01610672
1.936354	0.01602426
1.939687	0.01591431
1.943021	0.01580437
1.946354	0.01569443
1.949687	0.01558448
1.953021	0.01550203
1.956354	0.01544705
1.959687	0.01541957
1.963021	0.01539208
1.966354	0.01541957
1.969687	0.01547454
1.973021	0.01550203
1.976354	0.015557
1.979687	0.01561197
1.983021	0.01566694
1.986354	0.01569443
1.989687	0.01569443
1.993021	0.01566694
1.996354	0.01558448
1.999688	0.01547454
2.003021	0.0153646
2.006354	0.01519968
2.009687	0.01506225
2.013021	0.01489734
2.016354	0.01478739
2.019687	0.01470494
2.023021	0.01464996
2.026354	0.01467745
2.029687	0.01470494
2.033021	0.01478739
2.036354	0.01489734
2.039687	0.01500728
2.043021	0.01511722
2.046354	0.01519968
2.049687	0.01528214
2.053021	0.0153646
2.056354	0.01541957
2.059688	0.01547454
2.063021	0.01550203
2.066354	0.015557
2.069688	0.01561197
2.073021	0.01566694
2.076354	0.01572191
2.079688	0.01577688
2.083021	0.01580437
2.086354	0.01585934
2.089688	0.01588683
2.093021	0.01591431
2.096354	0.0159418
2.099688	0.01596929
2.103021	0.01599677
2.106354	0.01605174
2.109688	0.01607923
2.113021	0.01610672
2.116354	0.0161342
2.119688	0.0161342
2.123021	0.0161342
2.126354	0.01610672
2.129688	0.01610672
2.133021	0.01607923
2.136354	0.01605174
2.139688	0.01602426
2.143021	0.01599677
2.146354	0.01596929
2.149688	0.0159418
2.153021	0.01588683
2.156354	0.01585934
2.159688	0.01577688
2.163021	0.01572191
2.166354	0.01563946
2.169688	0.015557
2.173021	0.01550203
2.176354	0.01544705
2.179688	0.01544705
2.183021	0.01541957
2.186354	0.01544705
2.189687	0.01544705
2.193021	0.01544705
2.196354	0.01544705
2.199687	0.01544705
2.203021	0.01541957
2.206354	0.01539208
2.209687	0.01533711
2.213021	0.01530963
2.216354	0.01528214
2.219687	0.01528214
2.223021	0.01533711
2.226354	0.01539208
2.229687	0.01550203
2.233021	0.01558448
2.236354	0.01566694
2.239687	0.0157494
2.243021	0.01580437
2.246354	0.01583186
2.249687	0.01583186
2.253021	0.01580437
2.256354	0.01577688
2.259687	0.01572191
2.263021	0.01566694
2.266354	0.01561197
2.269687	0.015557
2.273021	0.01550203
2.276354	0.01541957
2.279687	0.01530963
2.283021	0.01522717
2.286354	0.01514471
2.289687	0.01506225
2.293021	0.01497979
2.296354	0.01495231
2.299687	0.01495231
2.303021	0.01497979
2.306354	0.01500728
2.309688	0.01503477
2.313021	0.01506225
2.316354	0.01506225
2.319688	0.01500728
2.323021	0.01492482
2.326354	0.01484237
2.329688	0.01470494
2.333021	0.01459499
2.336354	0.01451254
2.339688	0.01445756
2.343021	0.01443008
2.346354	0.01440259
2.349688	0.01443008
2.353021	0.01445756
2.356354	0.01448505
2.359688	0.01448505
2.363021	0.01451254
2.366354	0.01454002
2.369688	0.01454002
2.373021	0.01451254
2.376354	0.01451254
2.379688	0.01448505
2.383021	0.01448505
2.386354	0.01445756
2.389688	0.01445756
2.393021	0.01443008
2.396354	0.01445756
2.399688	0.01448505
2.403021	0.01454002
2.406354	0.01462248
2.409688	0.01470494
2.413021	0.01478739
2.416354	0.01489734
2.419688	0.01495231
2.423021	0.01503477
2.426354	0.01506225
2.429688	0.01508974
2.433021	0.01508974
2.436354	0.01508974
2.439687	0.01506225
2.443021	0.01503477
2.446354	0.01500728
2.449687	0.01497979
2.453021	0.01492482
2.456354	0.01484237
2.459687	0.01475991
2.463021	0.01464996
2.466354	0.01454002
2.469687	0.01440259
2.473021	0.01429265
2.476354	0.0141827
2.479687	0.01412773
2.483021	0.01410025
2.486354	0.01410025
2.489687	0.01412773
2.493021	0.01421019
2.496354	0.01432013
2.499687	0.01443008
2.503021	0.01456751
2.506354	0.01473242
2.509687	0.01486985
2.513021	0.01500728
2.516354	0.01514471
2.519687	0.01525465
2.523021	0.01533711
2.526354	0.0153646
2.529687	0.0153646
2.533021	0.01533711
2.536354	0.01525465
2.539687	0.01514471
2.543021	0.01500728
2.546354	0.01484237
2.549687	0.01467745
2.553021	0.01454002
2.556354	0.01443008
2.559688	0.01434762
2.563021	0.01429265
2.566354	0.01429265
2.569688	0.01429265
2.573021	0.01434762
2.576354	0.01440259
2.579688	0.01445756
2.583021	0.01454002
2.586354	0.01462248
2.589688	0.01470494
2.593021	0.01478739
2.596354	0.01486985
2.599688	0.01495231
2.603021	0.01503477
2.606354	0.01508974
2.609688	0.0151722
2.613021	0.01519968
2.616354	0.01522717
2.619688	0.01522717
2.623021	0.01522717
2.626354	0.0151722
2.629688	0.01511722
2.633021	0.01508974
2.636354	0.01503477
2.639688	0.01503477
2.643021	0.01506225
2.646354	0.01511722
2.649688	0.01522717
2.653021	0.0153646
2.656354	0.01550203
2.659688	0.01566694
2.663021	0.01583186
2.666354	0.0159418
2.669688	0.01602426
2.673021	0.01607923
2.676354	0.01607923
2.679688	0.01602426
2.683021	0.0159418
2.686354	0.01583186
2.689687	0.01572191
2.693021	0.01558448
2.696354	0.01544705
2.699687	0.01528214
2.703021	0.01514471
2.706354	0.01500728
2.709687	0.01486985
2.713021	0.01475991
2.716354	0.01464996
2.719687	0.01454002
2.723021	0.01448505
2.726354	0.01440259
2.729687	0.01434762
2.733021	0.01432013
2.736354	0.01429265
2.739687	0.01426516
2.743021	0.01423768
2.746354	0.01423768
2.749687	0.01421019
2.753021	0.01421019
2.756354	0.01421019
2.759687	0.01421019
2.763021	0.0141827
2.766354	0.0141827
2.769687	0.0141827
2.773021	0.0141827
2.776354	0.0141827
2.779687	0.0141827
2.783021	0.01421019
2.786354	0.01421019
2.789687	0.01423768
2.793021	0.01426516
2.796354	0.01432013
2.799687	0.01434762
2.803021	0.01440259
2.806354	0.01445756
2.809688	0.01454002
2.813021	0.01462248
2.816354	0.01470494
2.819688	0.01478739
2.823021	0.01486985
2.826354	0.01495231
2.829688	0.01503477
2.833021	0.01508974
2.836354	0.01511722
2.839688	0.01511722
2.843021	0.01511722
2.846354	0.01508974
2.849688	0.01506225
2.853021	0.01500728
2.856354	0.01497979
2.859688	0.01495231
2.863021	0.01489734
2.866354	0.01484237
2.869688	0.01481488
2.873021	0.01475991
2.876354	0.01470494
2.879688	0.01467745
2.883021	0.01462248
2.886354	0.01459499
2.889688	0.01459499
2.893021	0.01459499
2.896354	0.01462248
2.899688	0.01467745
2.903021	0.01475991
2.906354	0.01481488
2.909688	0.01489734
2.913021	0.01495231
2.916354	0.01497979
2.919688	0.01500728
2.923021	0.01500728
2.926354	0.01500728
2.929688	0.01500728
2.933021	0.01500728
2.936354	0.01503477
2.939687	0.01503477
2.943021	0.01503477
2.946354	0.01503477
2.949687	0.01503477
2.953021	0.01500728
2.956354	0.01495231
2.959687	0.01489734
2.963021	0.01481488
2.966354	0.01473242
2.969687	0.01464996
2.973021	0.01456751
2.976354	0.01451254
2.979687	0.01448505
2.983021	0.01445756
2.986354	0.01448505
2.989687	0.01451254
2.993021	0.01454002
2.996354	0.01459499
2.999687	0.01462248
3.003021	0.01464996
3.006354	0.01464996
3.009687	0.01462248
3.013021	0.01459499
3.016354	0.01454002
3.019687	0.01448505
3.023021	0.01440259
3.026354	0.01434762
3.029687	0.01432013
3.033021	0.01429265
3.036354	0.01429265
3.039687	0.01429265
3.043021	0.01429265
3.046354	0.01426516
3.049687	0.01423768
3.053021	0.0141827
3.056354	0.01407276
3.059688	0.01396282
3.063021	0.01382539
3.066354	0.01366047
3.069688	0.01349556
3.073021	0.01338562
3.076354	0.01330316
3.079688	0.01324819
3.083021	0.01324819
3.086354	0.01330316
3.089688	0.01338562
3.093021	0.01352304
3.096354	0.01366047
3.099688	0.0137979
3.103021	0.01393533
3.106354	0.01401779
3.109688	0.01407276
3.113021	0.01410025
3.116354	0.01407276
3.119688	0.01401779
3.123021	0.01390785
3.126354	0.01377042
3.129688	0.01363299
3.133021	0.01346807
3.136354	0.01333064
3.139688	0.01324819
3.143021	0.01319321
3.146354	0.01316573
3.149688	0.0132207
3.153021	0.01333064
3.156354	0.01349556
3.159688	0.01371545
3.163021	0.01396282
3.166354	0.01421019
3.169688	0.01448505
3.173021	0.01473242
3.176354	0.01495231
3.179688	0.01514471
3.183021	0.01533711
3.186354	0.01547454
3.189687	0.01561197
3.193021	0.0157494
3.196354	0.01588683
3.199687	0.01607923
3.203021	0.01627163
3.206354	0.016519
3.209687	0.01679386
3.213021	0.01706872
3.216354	0.01739855
3.219687	0.01775587
3.223021	0.01814067
3.226354	0.01858044
3.229687	0.01910267
3.233021	0.01967988
3.236354	0.02036702
3.239687	0.02116411
3.243021	0.02207115
3.246354	0.0231431
3.249687	0.02435247
3.253021	0.02572677
3.256354	0.027211
3.259687	0.02886016
3.263021	0.03064674
3.266354	0.03259823
3.269687	0.03468716
3.273021	0.03691351
3.276354	0.03933227
3.279687	0.04191594
3.283021	0.04466453
3.286354	0.04760551
3.289687	0.05071142
3.293021	0.05400972
3.296354	0.05744545
3.299687	0.0610461
3.303021	0.06475669
3.306354	0.06857723
3.309688	0.07250771
3.313021	0.07652064
3.316354	0.08061603
3.319688	0.0847664
3.323021	0.08897173
3.326354	0.09320456
3.329688	0.09746487
3.333021	0.1017527
3.336354	0.1060405
3.339688	0.1103283
3.343021	0.114616
3.346354	0.1188214
3.349688	0.1229992
3.353021	0.1271221
3.356354	0.1311625
3.359688	0.1351755
3.363021	0.1391334
3.366354	0.1430089
3.369688	0.146857
3.373021	0.1506775
3.376354	0.1544431
3.379688	0.1582086
3.383021	0.1619742
3.386354	0.1657123
3.389688	0.1694503
3.393021	0.1732159
3.396354	0.1769815
3.399688	0.180802
3.403021	0.18465
3.406354	0.1885255
3.409688	0.192456
3.413021	0.1964415
3.416354	0.2004819
3.419688	0.2046322
3.423021	0.2088926
3.426354	0.2132903
3.429688	0.217798
3.433021	0.2224706
3.436354	0.2272806
3.439687	0.2322555
3.443021	0.2373679
3.446354	0.2425902
3.449687	0.2479225
3.453021	0.2533647
3.456354	0.2588893
3.459687	0.2644964
3.463021	0.270186
3.466354	0.275958
3.469687	0.28184
3.473021	0.2878319
3.476354	0.2939613
3.479687	0.3002555
3.483021	0.3067147
3.486354	0.3133114
3.489687	0.3201004
3.493021	0.3270268
3.496354	0.3340907
3.499687	0.341292
3.503021	0.3486032
3.506354	0.3560244
3.509687	0.363528
3.513021	0.3711416
3.516354	0.3788376
3.519687	0.3866161
3.523021	0.3944496
3.526354	0.4023655
3.529687	0.4103364
3.533021	0.4183898
3.536354	0.4264981
3.539687	0.4346339
3.543021	0.4428522
3.546354	0.4511529
3.549687	0.4595361
3.553021	0.4680293
3.556354	0.4766048
3.559688	0.4853453
3.563021	0.4942507
3.566354	0.5033211
3.569688	0.5125838
3.573021	0.5220664
3.576354	0.5317689
3.579688	0.5417463
3.583021	0.5519985
3.586354	0.5625256
3.589688	0.5733551
3.593021	0.5845143
3.596354	0.5960035
3.599688	0.6078224
3.603021	0.6200261
3.606354	0.6325597
3.609688	0.645478
3.613021	0.6587537
3.616354	0.6724142
3.619688	0.6864045
3.623021	0.7007246
3.626354	0.7153746
3.629688	0.7302719
3.633021	0.7454716
3.636354	0.7608637
3.639688	0.7764756
3.643021	0.7922525
3.646354	0.8081118
3.649688	0.8240811
3.653021	0.8400504
3.656354	0.8560197
3.659688	0.8719065
3.663021	0.8876559
3.666354	0.9031854
3.669688	0.9184951
3.673021	0.9334748
3.676354	0.9480698
3.679688	0.962225
3.683021	0.9759405
3.686354	0.9891062
3.689687	1.001722
3.693021	1.013706
3.696354	1.025058
3.699687	1.03575
3.703021	1.045755
3.706354	1.055017
3.709687	1.06362
3.713021	1.071509
3.716354	1.078738
3.719687	1.085362
3.723021	1.091409
3.726354	1.096933
3.729687	1.101991
3.733021	1.106663
3.736354	1.111033
3.739687	1.115156
3.743021	1.119142
3.746354	1.1231
3.749687	1.127113
3.753021	1.131373
3.756354	1.135991
3.759687	1.141185
3.763021	1.147067
3.766354	1.153884
3.769687	1.161772
3.773021	1.170925
3.776354	1.181535
3.779687	1.193766
3.783021	1.207811
3.786354	1.223808
3.789687	1.241921
3.793021	1.262343
3.796354	1.285239
3.799687	1.310718
3.803021	1.338946
3.806354	1.37006
3.809688	1.404088
3.813021	1.441139
3.816354	1.481186
3.819688	1.524283
3.823021	1.57035
3.826354	1.619302
3.829688	1.671085
3.833021	1.725535
3.836354	1.782513
3.839688	1.841773
3.843021	1.903121
3.846354	1.966311
3.849688	2.03104
3.853021	2.096979
3.856354	2.163824
3.859688	2.231192
3.863021	2.298725
3.866354	2.366011
3.869688	2.432664
3.873021	2.498273
3.876354	2.562452
3.879688	2.624762
3.883021	2.684819
3.886354	2.742265
3.889688	2.796687
3.893021	2.847728
3.896354	2.895086
3.899688	2.938431
3.903021	2.977489
3.906354	3.011983
3.909688	3.04175
3.913021	3.06657
3.916354	3.086333
3.919688	3.100928
3.923021	3.1103
3.926354	3.114478
3.929688	3.113461
3.933021	3.107359
3.936354	3.096282
3.939687	3.080341
3.943021	3.059754
3.946354	3.034714
3.949687	3.005442
3.953021	2.972156
3.956354	2.935105
3.959687	2.894536
3.963021	2.850779
3.966354	2.804053
3.969687	2.754688
3.973021	2.70296
3.976354	2.649197
3.979687	2.593703
3.983021	2.536808
3.986354	2.478785
3.989687	2.419993
3.993021	2.360678
3.996354	2.301144
3.999687	2.241664
4.003021	2.182487
4.006354	2.123832
4.009687	2.065947
4.013021	2.009024
4.016354	1.953228
4.019688	1.898723
4.023021	1.845703
4.026354	1.794277
4.029687	1.74461
4.033021	1.696785
4.036354	1.650938
4.039688	1.607181
4.043021	1.56565
4.046354	1.526427
4.049687	1.489651
4.053021	1.455431
4.056354	1.423905
4.059688	1.395237
4.063021	1.369566
4.066354	1.347055
4.069687	1.327897
4.073021	1.31234
4.076354	1.300604
4.079688	1.292962
4.083021	1.289719
4.086354	1.291231
4.089687	1.297937
4.093021	1.310251
4.096354	1.328694
4.099688	1.353844
4.103021	1.386277
4.106354	1.426681
4.109687	1.475798
4.113021	1.534398
4.116354	1.603388
4.119688	1.683619
4.123021	1.776026
4.126354	1.881572
4.129687	2.001246
4.133021	2.136009
4.136354	2.286879
4.139688	2.454735
4.143021	2.640512
4.146354	2.845007
4.149687	3.068934
4.153021	3.312953
4.156354	3.57756
4.159688	3.863138
4.163021	4.169852
4.166354	4.497759
4.169687	4.846692
4.173021	5.216267
4.176354	5.605824
4.179688	6.014566
4.183021	6.441339
4.186354	6.884769
4.189688	7.343233
4.193021	7.81489
4.196354	8.297569
4.199687	8.788934
4.203021	9.286429
4.206354	9.787304
4.209688	10.28865
4.213021	10.78746
4.216354	11.28056
4.219687	11.76475
4.223021	12.23682
4.226354	12.69358
4.229688	13.13184
4.233021	13.54861
4.236354	13.94094
4.239687	14.30617
4.243021	14.64175
4.246354	14.94546
4.249688	15.21535
4.253021	15.44972
4.256354	15.64721
4.259687	15.80676
4.263021	15.9277
4.266354	16.00963
4.269688	16.05254
4.273021	16.05666
4.276354	16.02266
4.279687	15.95139
4.283021	15.84403
4.286354	15.70204
4.289688	15.52712
4.293021	15.32117
4.296354	15.08627
4.299687	14.82466
4.303021	14.53873
4.306354	14.23092
4.309688	13.90375
4.313021	13.55977
4.316354	13.20151
4.319687	12.8315
4.323021	12.45214
4.326354	12.0658
4.329688	11.67465
4.333021	11.28086
4.336354	10.88641
4.339687	10.49314
4.343021	10.10276
4.346354	9.716802
4.349688	9.336673
4.353021	8.963606
4.356354	8.598732
4.359687	8.242927
4.363021	7.896963
4.366354	7.561525
4.369688	7.237027
4.373021	6.923909
4.376354	6.622361
4.379687	6.332578
4.383021	6.054586
4.386354	5.788358
4.389688	5.533811
4.393021	5.290781
4.396354	5.05902
4.399687	4.838254
4.403021	4.628152
4.406354	4.428412
4.409688	4.238595
4.413021	4.058342
4.416354	3.887215
4.419687	3.724829
4.423021	3.570771
4.426354	3.424601
4.429688	3.285962
4.433021	3.15447
4.436354	3.029739
4.439688	2.911358
4.443021	2.79905
4.446354	2.692433
4.449687	2.59123
4.453021	2.495112
4.456354	2.403804
4.459688	2.317086
4.463021	2.234683
4.466354	2.156376
4.469687	2.081944
4.473021	2.011195
4.476354	1.943938
4.479688	1.879978
4.483021	1.819124
4.486354	1.761239
4.489687	1.706185
4.493021	1.653797
4.496354	1.603992
4.499688	1.556662
4.503021	1.511667
4.506354	1.468927
4.509687	1.42833
4.513021	1.389795
4.516354	1.353211
4.519688	1.318442
4.523021	1.285376
4.526354	1.253905
4.529687	1.223945
4.533021	1.195443
4.536354	1.168287
4.539688	1.14245
4.543021	1.117877
4.546354	1.094569
4.549687	1.072471
4.553021	1.051554
4.556354	1.031819
4.559688	1.013184
4.563021	0.9956753
4.566354	0.9792388
4.569687	0.9638467
4.573021	0.9494991
4.576354	0.9361409
4.579688	0.9238273
4.583021	0.9125306
4.586354	0.9023059
4.589687	0.8931806
4.593021	0.8852097
4.596354	0.8784482
4.599688	0.8729785
4.603021	0.8689106
4.606354	0.8663269
4.609687	0.8653649
4.613021	0.8661345
4.616354	0.8687457
4.619688	0.8733633
4.623021	0.8801523
4.626354	0.8892501
4.629687	0.9008766
4.633021	0.9152242
4.636354	0.9324853
4.639688	0.9529898
4.643021	0.97693
4.646354	1.004663
4.649687	1.036492
4.653021	1.072691
4.656354	1.11359
4.659688	1.159519
4.663021	1.210752
4.666354	1.267621
4.669687	1.330398
4.673021	1.39936
4.676354	1.474726
4.679688	1.556772
4.683021	1.645716
4.686354	1.741779
4.689688	1.845181
4.693021	1.956031
4.696354	2.074468
4.699687	2.200573
4.703021	2.334347
4.706354	2.475734
4.709688	2.624708
4.713021	2.781047
4.716354	2.944615
4.719687	3.115165
4.723021	3.292449
4.726354	3.476137
4.729688	3.666009
4.733021	3.861708
4.736354	4.062932
4.739687	4.269461
4.743021	4.480992
4.746354	4.697416
4.749688	4.91865
4.753021	5.144749
4.756354	5.375905
4.759687	5.612558
4.763021	5.855286
4.766354	6.104967
4.769688	6.36284
4.773021	6.63036
4.776354	6.909424
4.779687	7.202313
4.783021	7.511666
4.786354	7.840727
4.789688	8.193095
4.793021	8.57295
4.796354	8.985018
4.799687	9.434468
4.803021	9.927069
4.806354	10.46904
4.809688	11.06702
4.813021	11.72814
4.816354	12.45975
4.819687	13.26951
4.823021	14.16528
4.826354	15.15485
4.829688	16.24607
4.833021	17.44654
4.836354	18.7635
4.839687	20.20373
4.843021	21.77326
4.846354	23.47719
4.849688	25.31967
4.853021	27.30347
4.856354	29.42996
4.859687	31.69887
4.863021	34.10817
4.866354	36.65399
4.869688	39.33051
4.873021	42.12986
4.876354	45.04216
4.879687	48.05543
4.883021	51.1557
4.886354	54.32707
4.889688	57.55174
4.893021	60.81024
4.896354	64.08155
4.899687	67.34341
4.903021	70.5725
4.906354	73.74487
4.909688	76.83613
4.913021	79.82197
4.916354	82.67838
4.919687	85.38206
4.923021	87.91065
4.926354	90.24329
4.929688	92.36066
4.933021	94.24548
4.936354	95.88262
4.939688	97.25936
4.943021	98.36555
4.946354	99.19373
4.949687	99.73916
4.953021	100
4.956354	99.97705
4.959688	99.67388
4.963021	99.09662
4.966354	98.25385
4.969687	97.15642
4.973021	95.8172
4.976354	94.25103
4.979688	92.47423
4.983021	90.50446
4.986354	88.36045
4.989687	86.06159
4.993021	83.62774
4.996354	81.07895
4.999688	78.43517
5.003021	75.71599
5.006354	72.9405
5.009687	70.12707
5.013021	67.29322
5.016354	64.45542
5.019688	61.62907
5.023021	58.82835
5.026354	56.06618
5.029687	53.3541
5.033021	50.70226
5.036354	48.11953
5.039688	45.61337
5.043021	43.19002
5.046354	40.85446
5.049687	38.61052
5.053021	36.46093
5.056354	34.40743
5.059688	32.45093
5.063021	30.59143
5.066354	28.82819
5.069687	27.1598
5.073021	25.58434
5.076354	24.09933
5.079688	22.70198
5.083021	21.38909
5.086354	20.15731
5.089687	19.00307
5.093021	17.92268
5.096354	16.91249
5.099688	15.96868
5.103021	15.08751
5.106354	14.26527
5.109687	13.49833
5.113021	12.78312
5.116354	12.11624
5.119688	11.4944
5.123021	10.9145
5.126354	10.3736
5.129687	9.868937
5.133021	9.397884
5.136354	8.958054
5.139688	8.547141
5.143021	8.162998
5.146354	7.803648
5.149687	7.467194
5.153021	7.151931
5.156354	6.856238
5.159688	6.578659
5.163021	6.317845
5.166354	6.072617
5.169687	5.841818
5.173021	5.62446
5.176354	5.419635
5.179688	5.226464
5.183021	5.044206
5.186354	4.872062
5.189688	4.709373
5.193021	4.555534
5.196354	4.409941
5.199687	4.272045
5.203021	4.141432
5.206354	4.017663
5.209688	3.900381
5.213021	3.789228
5.216354	3.68393
5.219687	3.584184
5.223021	3.489715
5.226354	3.400249
5.229688	3.315592
5.233021	3.235498
5.236354	3.15972
5.239687	3.088092
5.243021	3.020366
5.246354	2.956407
5.249688	2.896048
5.253021	2.839125
5.256354	2.785472
5.259687	2.734926
5.263021	2.68732
5.266354	2.642546
5.269688	2.600355
5.273021	2.56061
5.276354	2.523147
5.279687	2.487773
5.283021	2.45435
5.286354	2.422686
5.289688	2.392617
5.293021	2.363977
5.296354	2.336601
5.299687	2.310352
5.303021	2.28501
5.306354	2.260437
5.309688	2.236497
5.313021	2.213024
5.316354	2.189881
5.319687	2.166958
5.323021	2.144117
5.326354	2.121276
5.329688	2.098326
5.333021	2.07521
5.336354	2.05182
5.339687	2.028127
5.343021	2.003994
5.346354	1.979422
5.349688	1.954355
5.353021	1.928765
5.356354	1.902571
5.359687	1.875855
5.363021	1.848534
5.366354	1.820691
5.369688	1.792298
5.373021	1.763438
5.376354	1.734083
5.379687	1.704316
5.383021	1.674136
5.386354	1.643627
5.389688	1.612788
5.393021	1.581701
5.396354	1.550368
5.399687	1.518869
5.403021	1.487288
5.406354	1.455651
5.409688	1.424015
5.413021	1.392489
5.416354	1.3611
5.419687	1.329958
5.423021	1.299064
5.426354	1.2685
5.429688	1.238293
5.433021	1.208526
5.436354	1.179171
5.439688	1.150311
5.443021	1.121918
5.446354	1.094075
5.449687	1.066754
5.453021	1.039983
5.456354	1.013816
5.459688	0.9882541
5.463021	0.963297
5.466354	0.9389995
5.469687	0.9153067
5.473021	0.8922736
5.476354	0.8698726
5.479688	0.8481038
5.483021	0.8269397
5.486354	0.8063528
5.489687	0.786343
5.493021	0.7668831
5.496354	0.7479728
5.499688	0.7296122
5.503021	0.7117464
5.506354	0.6944028
5.509687	0.677554
5.513021	0.6611724
5.516354	0.6452856
5.519688	0.629866
5.523021	0.6148862
5.526354	0.6003737
5.529687	0.5862734
5.533021	0.5726404
5.536354	0.5593922
5.539688	0.5465563
5.543021	0.5340778
5.546354	0.5219565
5.549687	0.5101651
5.553021	0.4986485
5.556354	0.4874068
5.559688	0.4764399
5.563021	0.4657479
5.566354	0.4553308
5.569687	0.445161
5.573021	0.4352661
5.576354	0.4256461
5.579688	0.4163284
5.583021	0.4072855
5.586354	0.398545
5.589687	0.3900794
5.593021	0.3818886
5.596354	0.3739726
5.599688	0.3662766
5.603021	0.3588005
5.606354	0.3515442
5.609687	0.3444803
5.613021	0.3375814
5.616354	0.3308198
5.619688	0.3241958
5.623021	0.3176816
5.626354	0.3113049
5.629687	0.3050656
5.633021	0.2989637
5.636354	0.2929993
5.639688	0.2871998
5.643021	0.2815652
5.646354	0.2760955
5.649687	0.2707907
5.653021	0.2656783
5.656354	0.2607034
5.659688	0.2558934
5.663021	0.2511933
5.666354	0.2466306
5.669687	0.2421779
5.673021	0.2378352
5.676354	0.2336023
5.679688	0.2294795
5.683021	0.2254665
5.686354	0.221591
5.689688	0.217798
5.693021	0.2141149
5.696354	0.2105417
5.699687	0.207051
5.703021	0.2036428
5.706354	0.200317
5.709688	0.1970462
5.713021	0.1938578
5.716354	0.1907244
5.719687	0.1876735
5.723021	0.1846775
5.726354	0.181764
5.729688	0.178933
5.733021	0.1761569
5.736354	0.1734358
5.739687	0.1707972
5.743021	0.1682135
5.746354	0.1657123
5.749688	0.1632935
5.753021	0.1609847
5.756354	0.1587583
5.759687	0.1566419
5.763021	0.1546355
5.766354	0.1527664
5.769688	0.1509798
5.773021	0.1493307
5.776354	0.1477365
5.779687	0.1462248
5.783021	0.1447955
5.786354	0.1433663
5.789688	0.141992
5.793021	0.1406726
5.796354	0.1393808
5.799687	0.1381989
5.803021	0.137127
5.806354	0.136165
5.809688	0.1353954
5.813021	0.1347907
5.816354	0.1344059
5.819687	0.134186
5.823021	0.134186
5.826354	0.1342959
5.829688	0.1345708
5.833021	0.1349006
5.836354	0.1353129
5.839687	0.1357802
5.843021	0.1363299
5.846354	0.1369071
5.849688	0.1375942
5.853021	0.1383363
5.856354	0.1391884
5.859687	0.1401779
5.863021	0.1412498
5.866354	0.1424317
5.869688	0.1436961
5.873021	0.1450154
5.876354	0.1463347
5.879687	0.1476815
5.883021	0.1490009
5.886354	0.1502652
5.889688	0.1514746
5.893021	0.152629
5.896354	0.1537284
5.899687	0.1547454
5.903021	0.1556799
5.906354	0.156532
5.909688	0.1573291
5.913021	0.1580437
5.916354	0.1586759
5.919687	0.1592256
5.923021	0.1596929
5.926354	0.1600227
5.929688	0.1602426
5.933021	0.160325
5.936354	0.1602151
5.939688	0.1599402
5.943021	0.159473
5.946354	0.1588133
5.949687	0.1579887
5.953021	0.1569718
5.956354	0.1558448
5.959688	0.154553
5.963021	0.1531787
5.966354	0.1516945
5.969687	0.1501553
5.973021	0.1485336
5.976354	0.146857
5.979688	0.1451253
5.983021	0.1433663
5.986354	0.1415522
5.989687	0.1397106
5.993021	0.1378691
5.996354	0.1360275
5.999688	0.134186
6.003021	0.1323994
6.006354	0.1306953
6.009687	0.1290461
6.013021	0.1274794
6.016354	0.1260227
6.019688	0.1246759
6.023021	0.1234115
6.026354	0.1222571
6.029687	0.1211852
6.033021	0.1202232
6.036354	0.1193161
6.039688	0.1184641
6.043021	0.117667
6.046354	0.1169523
6.049687	0.1162652
6.053021	0.1156605
6.056354	0.1150833
6.059688	0.1145886
6.063021	0.1141488
6.066354	0.1137915
6.069687	0.1134891
6.073021	0.1132967
6.076354	0.1131868
6.079688	0.1131318
6.083021	0.1131593
6.086354	0.1132418
6.089687	0.1133792
6.093021	0.1135441
6.096354	0.113709
6.099688	0.1139014
6.103021	0.1140938
6.106354	0.1142862
6.109687	0.1144511
6.113021	0.1145886
6.116354	0.114726
6.119688	0.1148084
6.123021	0.1148359
6.126354	0.1148084
6.129687	0.114726
6.133021	0.1145611
6.136354	0.1143412
6.139688	0.1140114
6.143021	0.1135991
6.146354	0.1131043
6.149687	0.1125271
6.153021	0.1118675
6.156354	0.1111253
6.159688	0.1103008
6.163021	0.1093937
6.166354	0.1083768
6.169687	0.1072773
6.173021	0.1060954
6.176354	0.1047761
6.179688	0.1033743
6.183021	0.1018351
6.186354	0.100186
6.189688	0.09842688
6.193021	0.09658532
6.196354	0.09466131
6.199687	0.0927373
6.203021	0.0907858
6.206354	0.08886179
6.209688	0.08699275
6.213021	0.08520617
6.216354	0.08347456
6.219687	0.0818529
6.223021	0.0802862
6.226354	0.07877448
6.229688	0.07731773
6.233021	0.07588847
6.236354	0.0744592
6.239687	0.07302994
6.243021	0.07162816
6.246354	0.07019889
6.249688	0.06876963
6.253021	0.06731288
6.256354	0.06588361
6.259687	0.06442686
6.263021	0.06302508
6.266354	0.0616233
6.269688	0.06024901
6.273021	0.05892969
6.276354	0.05766534
6.279687	0.05642847
6.283021	0.05530155
6.286354	0.05420212
6.289688	0.05321263
6.293021	0.05227811
6.296354	0.05139856
6.299687	0.05057399
6.303021	0.04980438
6.306354	0.04903478
6.309688	0.04832015
6.313021	0.047633
6.316354	0.04691837
6.319687	0.04625871
6.323021	0.04557156
6.326354	0.04496687
6.329688	0.04436218
6.333021	0.04381247
6.336354	0.04331772
6.339687	0.04287795
6.343021	0.04249314
6.346354	0.04213583
6.349688	0.041806
6.353021	0.04153114
6.356354	0.04125628
6.359687	0.04100891
6.363021	0.04076153
6.366354	0.04051416
6.369688	0.04026679
6.373021	0.04001941
6.376354	0.03977204
6.379687	0.03952467
6.383021	0.03924981
6.386354	0.03897495
6.389688	0.03867261
6.393021	0.03839775
6.396354	0.03812289
6.399687	0.03784803
6.403021	0.03762815
6.406354	0.03738077
6.409688	0.03718837
6.413021	0.03699597
6.416354	0.03680357
6.419687	0.03661117
6.423021	0.03641877
6.426354	0.03622637
6.429688	0.03597899
6.433021	0.03573162
6.436354	0.03548425
6.439688	0.03520939
6.443021	0.03493453
6.446354	0.03465967
6.449687	0.03443979
6.453021	0.03424739
6.456354	0.03410996
6.459688	0.03405498
6.463021	0.03408247
6.466354	0.03419241
6.469687	0.0344123
6.473021	0.03468716
6.476354	0.03504447
6.479688	0.03548425
6.483021	0.03595151
6.486354	0.03647374
6.489687	0.03705094
6.493021	0.03765563
6.496354	0.03831529
6.499688	0.03905741
6.503021	0.0398545
6.506354	0.04073405
6.509687	0.04166857
6.513021	0.04268555
6.516354	0.04378498
6.519688	0.0449119
6.523021	0.04609379
6.526354	0.04733066
6.529687	0.04854003
6.533021	0.04974941
6.536354	0.0509313
6.539688	0.05205822
6.543021	0.05310268
6.546354	0.05409218
6.549687	0.05497172
6.553021	0.05571384
6.556354	0.05634602
6.559688	0.05684076
6.563021	0.05725305
6.566354	0.05752791
6.569687	0.05772031
6.573021	0.05780277
6.576354	0.05783025
6.579688	0.05783025
6.583021	0.05777528
6.586354	0.05772031
6.589687	0.05763785
6.593021	0.05752791
6.596354	0.05744545
6.599688	0.05736299
6.603021	0.05728054
6.606354	0.05725305
6.609687	0.05725305
6.613021	0.05728054
6.616354	0.05739048
6.619688	0.05758288
6.623021	0.05788522
6.626354	0.05824254
6.629687	0.0587098
6.633021	0.05923203
6.636354	0.05980923
6.639688	0.06041393
6.643021	0.06101862
6.646354	0.06159582
6.649687	0.06214554
6.653021	0.06264028
6.656354	0.06305257
6.659688	0.0633824
6.663021	0.06360229
6.666354	0.06371223
6.669687	0.06371223
6.673021	0.06362977
6.676354	0.06343737
6.679688	0.06313503
6.683021	0.06272274
6.686354	0.06220051
6.689688	0.0616233
6.693021	0.06099113
6.696354	0.0602765
6.699687	0.05953438
6.703021	0.05873729
6.706354	0.05791271
6.709688	0.05706065
6.713021	0.05626356
6.716354	0.05546647
6.719687	0.05469686
6.723021	0.05398223
6.726354	0.05335006
6.729688	0.05282783
6.733021	0.05241554
6.736354	0.0521132
6.739687	0.05194828
6.743021	0.05192079
6.746354	0.05200325
6.749688	0.05219565
6.753021	0.052498
6.756354	0.05285531
6.759687	0.05332257
6.763021	0.0538448
6.766354	0.05439452
6.769688	0.05502669
6.773021	0.05568636
6.776354	0.05640099
6.779687	0.05717059
6.783021	0.05796768
6.786354	0.05879226
6.789688	0.05967181
6.793021	0.06057884
6.796354	0.06148588
6.799687	0.06242039
6.803021	0.06335491
6.806354	0.06426195
6.809688	0.0651415
6.813021	0.06596607
6.816354	0.06673567
6.819687	0.06742282
6.823021	0.06800002
6.826354	0.06841231
6.829688	0.0686322
6.833021	0.06868717
6.836354	0.06854974
6.839687	0.06813745
6.843021	0.06750528
6.846354	0.06659825
6.849688	0.06544384
6.853021	0.06401457
6.856354	0.06233794
6.859687	0.06035896
6.863021	0.05807763
6.866354	0.05552144
6.869688	0.0526904
6.873021	0.0495845
6.876354	0.04625871
6.879687	0.04274052
6.883021	0.03905741
6.886354	0.03531933
6.889688	0.03158126
6.893021	0.02787066
6.896354	0.0242975
6.899687	0.02086177
6.903021	0.01761844
6.906354	0.01462248
6.909688	0.01187389
6.913021	0.009427652
6.916354	0.007228783
6.919687	0.005304771
6.923021	0.003710591
6.926354	0.00239127
6.929688	0.001374293
6.933021	0.0006596607
6.936354	0.0002198869
6.939688	0
6.943021	2.748586e-05
6.946354	0.0002198869
6.949687	0.0005497172
6.953021	0.0009620051
6.956354	0.001401779
6.959688	0.001869039
6.963021	0.002253841
6.966354	0.002583671
6.969687	0.00285853
6.973021	0.002995959
6.976354	0.003078416
6.979688	0.003050931
6.983021	0.002995959
6.986354	0.00285853
6.989687	0.0027211
6.993021	0.002611157
6.996354	0.002501213
6.999688	0.002473727
7.003021	0.002556185
7.006354	0.002776072
7.009687	0.003160874
7.013021	0.003710591
7.016354	0.004480195
7.019688	0.005469686
7.023021	0.00670655
7.026354	0.008135816
7.029687	0.009784968
7.033021	0.01162652
7.036354	0.0136055
7.039688	0.0157494
7.043021	0.01794827
7.046354	0.02025708
7.049687	0.02259338
7.053021	0.02495716
7.056354	0.02729346
7.059688	0.0295473
7.063021	0.03171869
7.066354	0.03378013
7.069687	0.03567665
7.073021	0.03740826
7.076354	0.03894747
7.079688	0.04029427
7.083021	0.04144868
7.086354	0.0423832
7.089687	0.04312532
7.093021	0.04367504
7.096354	0.04400487
7.099688	0.0441423
7.103021	0.04403235
7.106354	0.04373001
7.109687	0.04320778
7.113021	0.04246566
7.116354	0.04153114
7.119688	0.04045919
7.123021	0.03924981
7.126354	0.03793049
7.129687	0.0365562
7.133021	0.0351819
7.136354	0.03380761
7.139688	0.03248829
7.143021	0.03127891
7.146354	0.03017948
7.149687	0.02918999
7.153021	0.02836541
7.156354	0.02767826
7.159688	0.02715603
7.163021	0.02674374
7.166354	0.02646889
7.169687	0.02630397
7.173021	0.02622151
7.176354	0.02622151
7.179688	0.02630397
7.183021	0.0264414
7.186354	0.02668877
7.189688	0.0270186
7.193021	0.02745838
7.196354	0.02800809
7.199687	0.02866775
7.203021	0.02943736
7.206354	0.03031691
7.209688	0.0313064
7.213021	0.03235086
7.216354	0.03350527
7.219687	0.03468716
7.223021	0.03597899
7.226354	0.0373258
7.229688	0.03878255
7.233021	0.04032176
7.236354	0.04197091
7.239687	0.04375749
7.243021	0.04562653
7.246354	0.047633
7.249688	0.04972193
7.253021	0.05192079
7.256354	0.05420212
7.259687	0.0565659
7.263021	0.05903963
7.266354	0.06165079
7.269688	0.06437189
7.273021	0.06723042
7.276354	0.07025387
7.279687	0.07341474
7.283021	0.07671304
7.286354	0.0800938
7.289688	0.08352953
7.293021	0.08704772
7.296354	0.09053843
7.299687	0.09405662
7.303021	0.09751984
7.306354	0.1009556
7.309688	0.1043363
7.313021	0.1076896
7.316354	0.1109604
7.319687	0.1141488
7.323021	0.1172272
7.326354	0.1201682
7.329688	0.1228893
7.333021	0.1253905
7.336354	0.1276169
7.339687	0.1295409
7.343021	0.1311076
7.346354	0.1322895
7.349688	0.133114
7.353021	0.1335263
7.356354	0.1335538
7.359687	0.133169
7.363021	0.1323994
7.366354	0.1312725
7.369688	0.1297882
7.373021	0.1279467
7.376354	0.1257753
7.379687	0.1233566
7.383021	0.1206629
7.386354	0.1177769
7.389688	0.1146985
7.393021	0.1114827
7.396354	0.1081844
7.399687	0.1048311
7.403021	0.1014503
7.406354	0.09809705
7.409688	0.09477125
7.413021	0.09147295
7.416354	0.0882571
7.419687	0.08512371
7.423021	0.0820453
7.426354	0.07904934
7.429688	0.07613584
7.433021	0.0733048
7.436354	0.07055621
7.439688	0.06791757
7.443021	0.06538887
7.446354	0.0629976
7.449687	0.06074376
7.453021	0.05862734
7.456354	0.05664836
7.459688	0.05480681
7.463021	0.0530752
7.466354	0.05145353
7.469687	0.04994181
7.473021	0.04851255
7.476354	0.04716574
7.479688	0.0458739
7.483021	0.04463704
7.486354	0.04348264
7.489687	0.0423832
7.493021	0.04136622
7.496354	0.0404317
7.499688	0.03957964
7.503021	0.03883752
7.506354	0.03817786
7.509687	0.03762815
7.513021	0.03716089
7.516354	0.0367486
7.519688	0.03641877
7.523021	0.0361714
7.526354	0.03592402
7.529687	0.03575911
7.533021	0.03559419
7.536354	0.03548425
7.539688	0.03537431
7.543021	0.03531933
7.546354	0.03529185
7.549687	0.03529185
7.553021	0.03529185
7.556354	0.03531933
7.559688	0.03534682
7.563021	0.03537431
7.566354	0.03540179
7.569687	0.03540179
7.573021	0.03540179
7.576354	0.03540179
7.579688	0.03537431
7.583021	0.03537431
7.586354	0.03537431
7.589687	0.03540179
7.593021	0.03545676
7.596354	0.03551173
7.599688	0.03556671
7.603021	0.03562168
7.606354	0.03567665
7.609687	0.03567665
7.613021	0.03562168
7.616354	0.03553922
7.619688	0.03537431
7.623021	0.0351819
7.626354	0.03490705
7.629687	0.0346047
7.633021	0.03427487
7.636354	0.03394504
7.639688	0.03358772
7.643021	0.03323041
7.646354	0.03287309
7.649687	0.03254326
7.653021	0.03224092
7.656354	0.03193857
7.659688	0.03163623
7.663021	0.03133388
7.666354	0.03103154
7.669687	0.03075668
7.673021	0.03050931
7.676354	0.03026193
7.679688	0.03004205
7.683021	0.02987713
7.686354	0.0297397
7.689688	0.02962976
7.693021	0.0295473
7.696354	0.02951982
7.699687	0.02946484
7.703021	0.02943736
7.706354	0.02940987
7.709688	0.0293549
7.713021	0.02929993
7.716354	0.02924496
7.719687	0.02921747
7.723021	0.02921747
7.726354	0.02924496
7.729688	0.02929993
7.733021	0.02938239
7.736354	0.02949233
7.739687	0.02960227
7.743021	0.02971222
7.746354	0.02982216
7.749688	0.02990462
7.753021	0.0299321
7.756354	0.0299321
7.759687	0.02987713
7.763021	0.02979468
7.766354	0.02968473
7.769688	0.02951982
7.773021	0.02932742
7.776354	0.02908004
7.779687	0.02883267
7.783021	0.02855781
7.786354	0.02831044
7.789688	0.02806307
7.793021	0.02784318
7.796354	0.02767826
7.799687	0.02759581
7.803021	0.02756832
7.806354	0.02762329
7.809688	0.02773324
7.813021	0.02789815
7.816354	0.02806307
7.819687	0.02825547
7.823021	0.02842038
7.826354	0.02855781
7.829688	0.02866775
7.833021	0.02875021
7.836354	0.02883267
7.839687	0.02886016
7.843021	0.02888764
7.846354	0.02891513
7.849688	0.0289701
7.853021	0.02905256
7.856354	0.02913501
7.859687	0.02924496
7.863021	0.0293549
7.866354	0.02946484
7.869688	0.02957479
7.873021	0.02965725
7.876354	0.02971222
7.879687	0.02971222
7.883021	0.02962976
7.886354	0.02951982
7.889688	0.0293549
7.893021	0.0291625
7.896354	0.02894261
7.899687	0.02872273
7.903021	0.02853033
7.906354	0.02833792
7.909688	0.0282005
7.913021	0.02806307
7.916354	0.02798061
7.919687	0.02789815
7.923021	0.02784318
7.926354	0.02776072
7.929688	0.02770575
7.933021	0.02765078
7.936354	0.02756832
7.939688	0.02748586
7.943021	0.02737592
7.946354	0.02726598
7.949687	0.02715603
7.953021	0.0270186
7.956354	0.02685369
7.959688	0.02668877
7.963021	0.02652386
7.966354	0.02635894
7.969687	0.02619403
7.973021	0.0260566
7.976354	0.02591917
7.979688	0.02575425
7.983021	0.02558934
7.986354	0.02539694
7.989687	0.02520454
7.993021	0.02495716
7.996354	0.02470979
7.999688	0.02446242
8.003021	0.02421504
8.006354	0.02396767
8.009687	0.02377527
8.013021	0.02361036
8.016355	0.02350041
8.019688	0.02341795
8.023021	0.02336298
8.026354	0.02330801
8.029688	0.02328053
8.033021	0.02325304
8.036354	0.02322555
8.039687	0.02322555
8.043021	0.02322555
8.046354	0.02325304
8.049687	0.02330801
8.05302	0.02339047
8.056355	0.02350041
8.059688	0.02363784
8.063021	0.02380276
8.066354	0.02399516
8.069688	0.02421504
8.073021	0.02440745
8.076354	0.02462733
8.079687	0.02479225
8.083021	0.02495716
8.086354	0.02509459
8.089687	0.02517705
8.09302	0.02523202
8.096354	0.02528699
8.099688	0.02528699
8.103021	0.02531448
8.106354	0.02534197
8.109688	0.02539694
8.113021	0.02550688
8.116354	0.02561682
8.119687	0.02575425
8.123021	0.02591917
8.126354	0.02608408
8.129687	0.02622151
8.13302	0.02635894
8.136354	0.0264414
8.139688	0.02655134
8.143021	0.02660631
8.146354	0.02666129
8.149688	0.02671626
8.153021	0.02677123
8.156354	0.0268262
8.159687	0.02685369
8.163021	0.02685369
8.166354	0.0268262
8.169687	0.02679872
8.17302	0.02671626
8.176354	0.02660631
8.179688	0.02649637
8.183021	0.02641391
8.186355	0.02635894
8.189688	0.02633146
8.193021	0.02635894
8.196354	0.02641391
8.199688	0.02652386
8.203021	0.02666129
8.206354	0.02679872
8.209687	0.02693615
8.213021	0.02707357
8.216354	0.02715603
8.219687	0.027211
8.223021	0.02723849
8.226355	0.02723849
8.229688	0.027211
8.233021	0.02718352
8.236354	0.02715603
8.239688	0.02712855
8.243021	0.02710106
8.246354	0.02710106
8.249687	0.02710106
8.253021	0.02712855
8.256354	0.02715603
8.259687	0.02718352
8.263021	0.02723849
8.266355	0.02726598
8.269688	0.02732095
8.273021	0.02732095
8.276354	0.02732095
8.279688	0.02732095
8.283021	0.02729346
8.286354	0.02723849
8.289687	0.027211
8.293021	0.027211
8.296354	0.02718352
8.299687	0.027211
8.30302	0.02726598
8.306355	0.02734843
8.309688	0.02745838
8.313021	0.02759581
8.316354	0.02778821
8.319688	0.02798061
8.323021	0.0282005
8.326354	0.02844787
8.329687	0.02869524
8.333021	0.02894261
8.336354	0.02918999
8.339687	0.0293549
8.34302	0.02949233
8.346354	0.0295473
8.349688	0.02951982
8.353021	0.02940987
8.356354	0.02924496
8.359688	0.02905256
8.363021	0.02880518
8.366354	0.02855781
8.369687	0.02833792
8.373021	0.02811804
8.376354	0.02795312
8.379687	0.02784318
8.38302	0.02773324
8.386354	0.02762329
8.389688	0.02751335
8.393021	0.02740341
8.396354	0.02726598
8.399688	0.02710106
8.403021	0.02688117
8.406354	0.02666129
8.409687	0.02641391
8.413021	0.02611157
8.416354	0.02580922
8.419687	0.02547939
8.42302	0.02512208
8.426354	0.02476476
8.429688	0.02440745
8.433021	0.02405013
8.436355	0.02369281
8.439688	0.02336298
8.443021	0.02306064
8.446354	0.02278578
8.449688	0.02256589
8.453021	0.02240098
8.456354	0.02226355
8.459687	0.02218109
8.463021	0.02215361
8.466354	0.02218109
8.469687	0.02223606
8.473021	0.02234601
8.476355	0.02248344
8.479688	0.02264835
8.483021	0.02281327
8.486354	0.02297818
8.489688	0.02308812
8.493021	0.0231431
8.496354	0.02311561
8.499687	0.02303315
8.503021	0.02289572
8.506354	0.02267584
8.509687	0.02242846
8.513021	0.02215361
8.516355	0.02185126
8.519688	0.0215764
8.523021	0.02132903
8.526354	0.02110914
8.529688	0.02094423
8.533021	0.0208068
8.536354	0.02075183
8.539687	0.02072434
8.543021	0.02075183
8.546354	0.02083428
8.549687	0.02097171
8.55302	0.02116411
8.556355	0.021384
8.559688	0.02163137
8.563021	0.02187875
8.566354	0.02209863
8.569688	0.02234601
8.573021	0.02256589
8.576354	0.02281327
8.579687	0.02311561
8.583021	0.02347293
8.586354	0.0239127
8.589687	0.02451739
8.59302	0.02525951
8.596354	0.02616654
8.599688	0.02726598
8.603021	0.02850284
8.606354	0.02990462
8.609688	0.03141634
8.613021	0.03306549
8.616354	0.0347971
8.619687	0.03663865
8.623021	0.03856267
8.626354	0.04056913
8.629687	0.04265806
8.63302	0.04482944
8.636354	0.0470558
8.639688	0.04936461
8.643021	0.05172839
8.646354	0.05411966
8.649688	0.05653842
8.653021	0.05895717
8.656354	0.06137593
8.659687	0.06373972
8.663021	0.06604853
8.666354	0.06827488
8.669687	0.07039129
8.67302	0.07239776
8.676354	0.07423931
8.679688	0.07594344
8.683021	0.07745516
8.686355	0.078747
8.689688	0.07981894
8.693021	0.08064352
8.696354	0.08122072
8.699688	0.08155055
8.703021	0.08163301
8.706354	0.08149558
8.709687	0.08111078
8.713021	0.08053358
8.716354	0.07979146
8.719687	0.07885694
8.723021	0.07781248
8.726355	0.07663058
8.729688	0.07533875
8.733021	0.07393697
8.736354	0.07239776
8.739688	0.0707761
8.743021	0.06904449
8.746354	0.06723042
8.749687	0.0653339
8.753021	0.0633824
8.756354	0.06137593
8.759687	0.05939695
8.763021	0.05739048
8.766355	0.0554115
8.769688	0.05346
8.773021	0.05153599
8.776354	0.04963947
8.779688	0.04779792
8.783021	0.04601133
8.786354	0.04422475
8.789687	0.04252063
8.793021	0.04084399
8.796354	0.03924981
8.799687	0.0377106
8.80302	0.03625385
8.806355	0.03490705
8.809688	0.03361521
8.813021	0.03240583
8.816354	0.0313064
8.819688	0.03026193
8.823021	0.02927244
8.826354	0.02836541
8.829687	0.02751335
8.833021	0.02668877
8.836354	0.02591917
8.839687	0.02520454
8.84302	0.02454488
8.846354	0.0239127
8.849688	0.0233355
8.853021	0.02281327
8.856354	0.02234601
8.859688	0.02193372
8.863021	0.02154892
8.866354	0.02124657
8.869687	0.02094423
8.873021	0.02066937
8.876354	0.02044948
8.879687	0.02022959
8.88302	0.02003719
8.886354	0.01987228
8.889688	0.01970736
8.893021	0.01954245
8.896354	0.01937753
8.899688	0.0192401
8.903021	0.01910267
8.906354	0.01896525
8.909687	0.01880033
8.913021	0.01863541
8.916354	0.0184705
8.919687	0.01830558
8.92302	0.01811318
8.926354	0.0178933
8.929688	0.0177009
8.933021	0.01750849
8.936355	0.01728861
8.939688	0.01709621
8.943021	0.01693129
8.946354	0.01673889
8.949688	0.01657398
8.953021	0.01640906
8.956354	0.01627163
8.959687	0.01616169
8.963021	0.01605174
8.966354	0.01599677
8.969687	0.01596929
8.973021	0.01596929
8.976355	0.01596929
8.979688	0.01599677
8.983021	0.01599677
8.986354	0.01602426
8.989688	0.01599677
8.993021	0.0159418
8.996354	0.01585934
8.999687	0.0157494
9.003021	0.01558448
9.006354	0.01544705
9.009687	0.01530963
9.013021	0.01522717
9.016355	0.0151722
9.019688	0.01519968
9.023021	0.01528214
9.026354	0.01544705
9.029688	0.01563946
9.033021	0.01585934
9.036354	0.01607923
9.039687	0.01627163
9.043021	0.01638157
9.046354	0.01643655
9.049687	0.01643655
9.05302	0.01635409
9.056355	0.01621666
9.059688	0.01607923
9.063021	0.01591431
9.066354	0.01577688
9.069688	0.01566694
9.073021	0.01558448
9.076354	0.01552951
9.079687	0.01550203
9.083021	0.01550203
9.086354	0.01550203
9.089687	0.01550203
9.09302	0.01550203
9.096354	0.01550203
9.099688	0.01550203
9.103021	0.01552951
9.106354	0.01552951
9.109688	0.01558448
9.113021	0.01561197
9.116354	0.01569443
9.119687	0.01577688
9.123021	0.01588683
9.126354	0.01599677
9.129687	0.0161342
9.13302	0.01627163
9.136354	0.01640906
9.139688	0.01654649
9.143021	0.01668392
9.146354	0.01682135
9.149688	0.01695878
9.153021	0.01706872
9.156354	0.01717866
9.159687	0.01728861
9.163021	0.01737107
9.166354	0.01745352
9.169687	0.01748101
9.17302	0.01753598
9.176354	0.01753598
9.179688	0.01753598
9.183021	0.01750849
9.186355	0.01745352
9.189688	0.01739855
9.193021	0.01734358
9.196354	0.01728861
9.199688	0.01720615
9.203021	0.01712369
9.206354	0.01704124
9.209687	0.01695878
9.213021	0.01690381
9.216354	0.01682135
9.219687	0.01679386
9.223021	0.01673889
9.226355	0.01673889
9.229688	0.01676638
9.233021	0.01679386
9.236354	0.01682135
9.239688	0.01687632
9.243021	0.01690381
9.246354	0.01693129
9.249687	0.01695878
9.253021	0.01695878
9.256354	0.01693129
9.259687	0.01693129
9.263021	0.01690381
9.266355	0.01693129
9.269688	0.01695878
9.273021	0.01701375
9.276354	0.01706872
9.279688	0.01712369
9.283021	0.01717866
9.286354	0.01720615
9.289687	0.01720615
9.293021	0.01715118
9.296354	0.01709621
9.299687	0.01701375
9.30302	0.01693129
9.306355	0.01682135
9.309688	0.01673889
9.313021	0.01665643
9.316354	0.01660146
9.319688	0.016519
9.323021	0.01646403
9.326354	0.01638157
9.329687	0.0163266
9.333021	0.01627163
9.336354	0.01621666
9.339687	0.01616169
9.34302	0.01616169
9.346354	0.0161342
9.349688	0.01616169
9.353021	0.01616169
9.356354	0.01618917
9.359688	0.01621666
9.363021	0.01627163
9.366354	0.01629912
9.369687	0.01635409
9.373021	0.01643655
9.376354	0.01654649
9.379687	0.01665643
9.38302	0.01682135
9.386354	0.01701375
9.389688	0.01720615
9.393021	0.01742604
9.396354	0.01761844
9.399688	0.01775587
9.403021	0.0178933
9.406354	0.01797575
9.409687	0.01800324
9.413021	0.01800324
9.416354	0.01797575
9.419687	0.01792078
9.42302	0.01786581
9.426354	0.01783832
9.429688	0.01781084
9.433021	0.01781084
9.436355	0.01783832
9.439688	0.01783832
9.443021	0.01786581
9.446354	0.01783832
9.449688	0.01781084
9.453021	0.01775587
9.456354	0.01767341
9.459687	0.01756347
9.463021	0.01745352
9.466354	0.01731609
9.469687	0.01717866
9.473021	0.01704124
9.476355	0.01690381
9.479688	0.01679386
9.483021	0.01668392
9.486354	0.01662895
9.489688	0.01657398
9.493021	0.01657398
9.496354	0.01660146
9.499687	0.01662895
9.503021	0.01668392
9.506354	0.01673889
9.509687	0.01676638
9.513021	0.01676638
9.516355	0.01673889
9.519688	0.01665643
9.523021	0.01654649
9.526354	0.01640906
9.529688	0.01627163
9.533021	0.0161342
9.536354	0.01602426
9.539687	0.0159418
9.543021	0.01588683
9.546354	0.01588683
9.549687	0.01585934
9.55302	0.01585934
9.556355	0.01585934
9.559688	0.01585934
9.563021	0.01580437
9.566354	0.01577688
9.569688	0.01572191
9.573021	0.01566694
9.576354	0.01561197
9.579687	0.015557
9.583021	0.01552951
9.586354	0.01550203
9.589687	0.01544705
9.59302	0.01541957
9.596354	0.01539208
9.599688	0.0153646
9.603021	0.01533711
9.606354	0.01530963
9.609688	0.01525465
9.613021	0.01519968
9.616354	0.01514471
9.619687	0.01508974
9.623021	0.01500728
9.626354	0.01492482
9.629687	0.01484237
9.63302	0.01475991
9.636354	0.01464996
9.639688	0.01456751
9.643021	0.01445756
9.646354	0.01437511
9.649688	0.01432013
9.653021	0.01429265
9.656354	0.01432013
9.659687	0.01434762
9.663021	0.01445756
9.666354	0.01456751
9.669687	0.01473242
9.67302	0.01489734
9.676354	0.01506225
9.679688	0.01519968
9.683021	0.01530963
9.686355	0.01541957
9.689688	0.01544705
9.693021	0.01547454
9.696354	0.01547454
9.699688	0.01547454
9.703021	0.01541957
9.706354	0.01539208
9.709687	0.01533711
9.713021	0.01528214
9.716354	0.01525465
9.719687	0.01519968
9.723021	0.01514471
9.726355	0.01506225
9.729688	0.01500728
9.733021	0.01495231
9.736354	0.01492482
9.739688	0.01489734
9.743021	0.01489734
9.746354	0.01486985
9.749687	0.01486985
9.753021	0.01489734
9.756354	0.01492482
9.759687	0.01495231
9.763021	0.01497979
9.766355	0.01500728
9.769688	0.01506225
9.773021	0.01511722
9.776354	0.0151722
9.779688	0.01519968
9.783021	0.01525465
9.786354	0.01525465
9.789687	0.01525465
9.793021	0.01525465
9.796354	0.01522717
9.799687	0.01519968
9.80302	0.01514471
9.806355	0.01508974
9.809688	0.01503477
9.813021	0.01495231
9.816354	0.01484237
9.819688	0.01473242
9.823021	0.01456751
9.826354	0.01440259
9.829687	0.01426516
9.833021	0.01410025
9.836354	0.01396282
9.839687	0.01385287
9.84302	0.01374293
9.846354	0.01366047
9.849688	0.01357802
9.853021	0.01346807
9.856354	0.01338562
9.859688	0.01327567
9.863021	0.01311076
9.866354	0.01294584
9.869687	0.01278093
9.873021	0.01261601
9.876354	0.01247858
9.879687	0.01236864
9.88302	0.01234115
9.886354	0.01234115
9.889688	0.01236864
9.893021	0.01242361
9.896354	0.01253355
9.899688	0.01261601
9.903021	0.01269847
9.906354	0.01272595
9.909687	0.01272595
9.913021	0.01269847
9.916354	0.01261601
9.919687	0.01253355
9.92302	0.01242361
9.926354	0.01231367
9.929688	0.01220372
9.933021	0.01209378
9.936355	0.01201132
9.939688	0.01192886
9.943021	0.01184641
9.946354	0.01179144
9.949688	0.01176395
9.953021	0.01173646
9.956354	0.01173646
9.959687	0.01176395
9.963021	0.01179144
9.966354	0.01184641
9.969687	0.01190138
9.973021	0.01198384
9.976355	0.01209378
9.979688	0.01217624
9.983021	0.01225869
9.986354	0.01234115
9.989688	0.01242361
9.993021	0.01247858
9.996354	0.01250607
9.999687	0.01250607
}
[PEAK]
{
Peak ID	1
Peak Ref	1
Time	3.927375
Peak	3.146354	4.083021
Intensity	-2.533198e-05	2.008677e-05
Height	0.006715173
AreaAbs	1949.405
Area %BP	0.08176031
Area %Total	0.06686323
Width	0.9366665
}
[PEAK]
{
Peak ID	2
Peak Ref	2
Time	4.271737
Peak	4.083021	4.609687
Intensity	-2.533198e-05	2.008677e-05
Height	0.03478186
AreaAbs	6813.319
Area %BP	0.2857585
Area %Total	0.2336921
Width	0.5266666
}
[PEAK]
{
Peak ID	3
Peak Ref	3
Time	4.954432
Peak	4.609687	5.823021
Intensity	-2.533198e-05	2.008677e-05
Height	0.2168568
AreaAbs	39738.21
Area %BP	1.666667
Area %Total	1.362993
Width	1.213334
}
[PEAK]
{
Peak ID	4
Peak Ref	4
Time	5.932225
Peak	5.823021	6.079688
Intensity	-2.533198e-05	2.008677e-05
Height	0.0002808807
AreaAbs	60.44503
Area %BP	0.002535134
Area %Total	0.002073222
Width	0.2566667
}
[PEAK]
{
Peak ID	5
Peak Ref	5
Time	6.121742
Peak	6.079688	6.456354
Intensity	-2.533198e-05	2.008677e-05
Height	0.0001796415
AreaAbs	30.47898
Area %BP	0.001278324
Area %Total	0.001045408
Width	0.3766665
}
}
}
}
