[SAMPLE]
{
Sample	1
Well	1:A,4
FileName	
SampleID	ASD-E-2605233-002
SampleDescription	Aquired with Galaxy
Date	17-Jun-2026
Time	11:43:57 PRC
JobCode	
TaskCode	
UserName	Congcong_Liu2
LabName	Aquired with Galaxy
Instrument	BAD_L_22_523
Conditions	
Submitter	Siyu_Zhang
SampleType	
Plate	
Method	
Process	Galaxy
MSTune	
MSMethod	
InletMethod	
PreRunMethod	
PostRunMethod	
SwitchMethod	
FractionMethod	
AcquisitionProcess	
AcquisitionProcessParameters	
AcquisitionProcessOptions	
InjectionVolume	25
ReportScheme	
SampleReportEnable	0
SampleReportFormat	
AnalysisTime	0
[COMPOUND]
{
;Mono Mass	Formula
}
[FUNCTION]
{
Function	1
IonMode	ES+
Type	MS
Description	(0:0)
[SPECTRUM]
{
ProcDesc	0.00:Combine
State	OK
Peak ID	0
Peak Ref	0
Time	0
TIC	0
BPI	0
BPM	0
Continuum	FALSE
Saved	FALSE
[MASSES]
{
;Mass	Exp. Mass	Obs. Mass	% BPI	Int. Abs
}
[RESULTS]
{
;Mass	Found	% BPI	% Purity
}
[MS]
{
;Mass	% BPI
0	0
}
}
[CHROMATOGRAM]
{
TraceNumber	1
Description	scroll down chrom view to see 2D LC chrom
ProcDesc	
MaxIntensity	0
[TRACE]
{
0	0
}
[PEAK]
{
Peak ID	0
Peak Ref	0
Time	0
Peak	0
Intensity	0	0
Height	0
AreaAbs	0
Area %BP	0
Area %Total	0
}
}
}
[FUNCTION]
{
Function	0
Description	ANALOG
[CHROMATOGRAM]
{
TraceNumber	2
Description	LC
ProcDesc	Result Id:12865, VWD: Signal A, 280 nm
MaxIntensity	0.1620964
[TRACE]
{
;Time	Int. %Max
0.0005208334	0.02254069
0.003854167	0.02261423
0.0071875	0.02265101
0.01052083	0.02257746
0.01385417	0.02243038
0.0171875	0.02220975
0.02052083	0.02191558
0.02385417	0.02162141
0.0271875	0.02132725
0.03052083	0.02110662
0.03385417	0.02095953
0.0371875	0.02092276
0.04052083	0.02099631
0.04385417	0.02114339
0.0471875	0.02136402
0.05052083	0.02162141
0.05385417	0.02187881
0.0571875	0.02206267
0.06052083	0.02220975
0.06385417	0.02232007
0.0671875	0.02235684
0.07052083	0.02232007
0.07385416	0.02228329
0.0771875	0.02220975
0.08052083	0.02217298
0.08385417	0.02213621
0.0871875	0.02213621
0.09052084	0.02213621
0.09385417	0.02209944
0.0971875	0.02209944
0.1005208	0.02206267
0.1038542	0.0220259
0.1071875	0.02195235
0.1105208	0.02191558
0.1138542	0.02187881
0.1171875	0.02184204
0.1205208	0.02184204
0.1238542	0.02180527
0.1271875	0.02180527
0.1305208	0.0217685
0.1338542	0.02169496
0.1371875	0.02158464
0.1405208	0.02147433
0.1438542	0.02132725
0.1471875	0.02121693
0.1505208	0.02114339
0.1538542	0.02110662
0.1571875	0.02114339
0.1605208	0.02129047
0.1638542	0.02147433
0.1671875	0.02173173
0.1705208	0.02198913
0.1738542	0.02220975
0.1771875	0.02239361
0.1805208	0.02243038
0.1838542	0.02239361
0.1871875	0.02224652
0.1905208	0.02195235
0.1938542	0.02154787
0.1971875	0.02110662
0.2005208	0.02062859
0.2038542	0.02018734
0.2071875	0.01978286
0.2105208	0.01945192
0.2138542	0.01923129
0.2171875	0.01908421
0.2205208	0.01897389
0.2238542	0.01893712
0.2271875	0.01893712
0.2305208	0.01897389
0.2338542	0.01901067
0.2371875	0.01904744
0.2405208	0.01908421
0.2438542	0.01919452
0.2471875	0.01930483
0.2505208	0.01948869
0.2538542	0.01970932
0.2571875	0.01996671
0.2605208	0.02022411
0.2638542	0.02040797
0.2671875	0.02055505
0.2705208	0.02062859
0.2738542	0.02059182
0.2771875	0.02048151
0.2805208	0.02029765
0.2838542	0.02007703
0.2871875	0.01981963
0.2905208	0.019599
0.2938542	0.01934161
0.2971875	0.01915775
0.3005208	0.01904744
0.3038542	0.01893712
0.3071875	0.01890035
0.3105208	0.01886358
0.3138542	0.01886358
0.3171875	0.01886358
0.3205208	0.01886358
0.3238542	0.01886358
0.3271875	0.01882681
0.3305208	0.01879004
0.3338542	0.01875327
0.3371875	0.0187165
0.3405208	0.0187165
0.3438542	0.01875327
0.3471875	0.01882681
0.3505208	0.01893712
0.3538542	0.01904744
0.3571875	0.01915775
0.3605208	0.01923129
0.3638542	0.01926806
0.3671875	0.01919452
0.3705208	0.01904744
0.3738542	0.01886358
0.3771875	0.01860618
0.3805208	0.01831201
0.3838542	0.01801785
0.3871875	0.01772368
0.3905208	0.01750305
0.3938542	0.0173192
0.3971875	0.01717211
0.4005208	0.01709857
0.4038542	0.01709857
0.4071875	0.01713534
0.4105208	0.01717211
0.4138542	0.01724565
0.4171875	0.0173192
0.4205208	0.01739274
0.4238542	0.01746628
0.4271875	0.01746628
0.4305208	0.01742951
0.4338542	0.01735597
0.4371875	0.01728242
0.4405208	0.01713534
0.4438542	0.01698826
0.4471875	0.0168044
0.4505208	0.01669409
0.4538542	0.01658377
0.4571875	0.01651023
0.4605208	0.01643669
0.4638542	0.01643669
0.4671875	0.01643669
0.4705208	0.01643669
0.4738542	0.01643669
0.4771875	0.01643669
0.4805208	0.01643669
0.4838542	0.01639992
0.4871875	0.01632638
0.4905208	0.0162896
0.4938542	0.01625283
0.4971875	0.01621606
0.5005208	0.01621606
0.5038542	0.01621606
0.5071875	0.01621606
0.5105208	0.01625283
0.5138541	0.0162896
0.5171875	0.01639992
0.5205208	0.016547
0.5238542	0.01669409
0.5271875	0.01691471
0.5305209	0.01713534
0.5338542	0.01739274
0.5371875	0.01765014
0.5405208	0.01790753
0.5438542	0.01812816
0.5471875	0.01834879
0.5505208	0.01849587
0.5538542	0.01856941
0.5571875	0.01856941
0.5605208	0.01849587
0.5638542	0.01831201
0.5671875	0.01809139
0.5705208	0.01776045
0.5738541	0.01735597
0.5771875	0.01695148
0.5805208	0.01651023
0.5838541	0.01610575
0.5871875	0.01577481
0.5905209	0.01551741
0.5938542	0.01537033
0.5971875	0.01529678
0.6005208	0.01533356
0.6038542	0.0154071
0.6071875	0.01555418
0.6105208	0.0156645
0.6138542	0.01577481
0.6171875	0.01584835
0.6205208	0.01588512
0.6238542	0.01588512
0.6271875	0.01588512
0.6305208	0.01588512
0.6338542	0.01584835
0.6371875	0.01581158
0.6405208	0.01581158
0.6438541	0.01581158
0.6471875	0.01577481
0.6505209	0.01577481
0.6538542	0.01573804
0.6571875	0.01570127
0.6605209	0.01570127
0.6638542	0.01570127
0.6671875	0.01577481
0.6705208	0.01588512
0.6738542	0.01599544
0.6771875	0.01617929
0.6805208	0.01639992
0.6838542	0.01662054
0.6871875	0.0168044
0.6905208	0.01698826
0.6938542	0.01713534
0.6971875	0.01720888
0.7005208	0.01724565
0.7038541	0.01724565
0.7071875	0.01717211
0.7105208	0.01709857
0.7138542	0.01698826
0.7171875	0.01684117
0.7205209	0.01669409
0.7238542	0.01658377
0.7271875	0.01643669
0.7305208	0.01636315
0.7338542	0.0162896
0.7371875	0.01625283
0.7405208	0.01625283
0.7438542	0.0162896
0.7471875	0.01632638
0.7505208	0.01639992
0.7538542	0.01643669
0.7571875	0.01651023
0.7605208	0.01658377
0.7638541	0.01662054
0.7671875	0.01673086
0.7705208	0.01684117
0.7738542	0.01698826
0.7771875	0.01717211
0.7805209	0.01739274
0.7838542	0.01761336
0.7871875	0.01787076
0.7905208	0.01809139
0.7938542	0.01827524
0.7971875	0.01842233
0.8005208	0.01849587
0.8038542	0.01853264
0.8071875	0.01849587
0.8105208	0.0184591
0.8138542	0.01838556
0.8171875	0.01831201
0.8205208	0.01827524
0.8238541	0.01827524
0.8271875	0.01831201
0.8305208	0.01842233
0.8338541	0.01856941
0.8371875	0.01879004
0.8405209	0.01901067
0.8438542	0.01923129
0.8471875	0.01945192
0.8505208	0.01967255
0.8538542	0.01981963
0.8571875	0.01992994
0.8605208	0.02000349
0.8638542	0.02004026
0.8671875	0.02000349
0.8705208	0.01996671
0.8738542	0.01989317
0.8771875	0.01981963
0.8805208	0.01970932
0.8838542	0.01963577
0.8871875	0.01952546
0.8905208	0.01945192
0.8938541	0.01934161
0.8971875	0.01926806
0.9005209	0.01919452
0.9038542	0.01915775
0.9071875	0.01912098
0.9105209	0.01915775
0.9138542	0.01926806
0.9171875	0.01937838
0.9205208	0.01952546
0.9238542	0.01967255
0.9271875	0.01981963
0.9305208	0.01992994
0.9338542	0.02000349
0.9371875	0.02004026
0.9405208	0.02000349
0.9438542	0.01992994
0.9471875	0.01981963
0.9505208	0.01970932
0.9538541	0.019599
0.9571875	0.01948869
0.9605208	0.01937838
0.9638542	0.01926806
0.9671875	0.01919452
0.9705209	0.01912098
0.9738542	0.01904744
0.9771875	0.01897389
0.9805208	0.01893712
0.9838542	0.01886358
0.9871875	0.01879004
0.9905208	0.0187165
0.9938542	0.01860618
0.9971875	0.01853264
1.000521	0.01842233
1.003854	0.01831201
1.007187	0.01823847
1.010521	0.01816493
1.013854	0.01809139
1.017187	0.01805462
1.020521	0.01801785
1.023854	0.01801785
1.027187	0.01798108
1.030521	0.0179443
1.033854	0.01790753
1.037187	0.01783399
1.040521	0.01776045
1.043854	0.01768691
1.047187	0.01761336
1.050521	0.01753982
1.053854	0.01742951
1.057188	0.01735597
1.060521	0.01724565
1.063854	0.01713534
1.067188	0.01695148
1.070521	0.01676763
1.073854	0.01651023
1.077188	0.01621606
1.080521	0.01588512
1.083854	0.01555418
1.087188	0.01522324
1.090521	0.0148923
1.093854	0.01467168
1.097188	0.01448782
1.100521	0.01437751
1.103854	0.01437751
1.107188	0.01448782
1.110521	0.0146349
1.113854	0.01481876
1.117188	0.01503939
1.120521	0.01526001
1.123854	0.0154071
1.127187	0.01548064
1.130521	0.01548064
1.133854	0.01537033
1.137187	0.01518647
1.140521	0.01496584
1.143854	0.01470845
1.147187	0.01441428
1.150521	0.01415688
1.153854	0.01393625
1.157187	0.01378917
1.160521	0.01367886
1.163854	0.01360531
1.167187	0.01356854
1.170521	0.01356854
1.173854	0.01356854
1.177187	0.01356854
1.180521	0.01356854
1.183854	0.01353177
1.187188	0.01342146
1.190521	0.01327437
1.193854	0.01309052
1.197188	0.01286989
1.200521	0.01264926
1.203854	0.01242864
1.207188	0.01224478
1.210521	0.01213447
1.213854	0.0120977
1.217188	0.01213447
1.220521	0.01220801
1.223854	0.01235509
1.227188	0.01253895
1.230521	0.01268603
1.233854	0.01279635
1.237188	0.01290666
1.240521	0.01294343
1.243854	0.01294343
1.247187	0.01290666
1.250521	0.01286989
1.253854	0.01283312
1.257187	0.01279635
1.260521	0.01275958
1.263854	0.01275958
1.267187	0.01279635
1.270521	0.01283312
1.273854	0.01286989
1.277187	0.01294343
1.280521	0.01301697
1.283854	0.01305374
1.287187	0.01312729
1.290521	0.01316406
1.293854	0.01320083
1.297187	0.01320083
1.300521	0.01316406
1.303854	0.01305374
1.307188	0.01294343
1.310521	0.01279635
1.313854	0.01261249
1.317188	0.01246541
1.320521	0.01228155
1.323854	0.0120977
1.327188	0.01195061
1.330521	0.0118403
1.333854	0.01172998
1.337188	0.01161967
1.340521	0.01150936
1.343854	0.01139904
1.347188	0.01128873
1.350521	0.01117842
1.353854	0.01110488
1.357188	0.0110681
1.360521	0.01110488
1.363854	0.01121519
1.367188	0.01136227
1.370521	0.01161967
1.373854	0.01187707
1.377187	0.01220801
1.380521	0.01250218
1.383854	0.01275958
1.387187	0.01294343
1.390521	0.01309052
1.393854	0.01316406
1.397187	0.01320083
1.400521	0.01316406
1.403854	0.01309052
1.407187	0.0129802
1.410521	0.01290666
1.413854	0.01283312
1.417187	0.01279635
1.420521	0.01275958
1.423854	0.0127228
1.427187	0.0127228
1.430521	0.0127228
1.433854	0.0127228
1.437188	0.0127228
1.440521	0.01264926
1.443854	0.01261249
1.447188	0.01250218
1.450521	0.01239186
1.453854	0.01224478
1.457188	0.0120977
1.460521	0.01198738
1.463854	0.01187707
1.467188	0.01176676
1.470521	0.01169321
1.473854	0.01161967
1.477188	0.0115829
1.480521	0.01154613
1.483854	0.01147259
1.487188	0.01139904
1.490521	0.01128873
1.493854	0.01117842
1.497187	0.0110681
1.500521	0.01092102
1.503854	0.01084748
1.507187	0.01077394
1.510521	0.01073716
1.513854	0.01073716
1.517187	0.01081071
1.520521	0.01088425
1.523854	0.01099456
1.527187	0.01114165
1.530521	0.01125196
1.533854	0.01136227
1.537187	0.01139904
1.540521	0.01143582
1.543854	0.01136227
1.547187	0.01125196
1.550521	0.0110681
1.553854	0.01084748
1.557188	0.01059008
1.560521	0.01029591
1.563854	0.01003851
1.567188	0.009817886
1.570521	0.009670802
1.573854	0.009560489
1.577188	0.009523718
1.580521	0.009560489
1.583854	0.009634031
1.587188	0.009744344
1.590521	0.009891429
1.593854	0.01003851
1.597188	0.0101856
1.600521	0.01033268
1.603854	0.01051654
1.607188	0.01062685
1.610521	0.01073716
1.613854	0.01081071
1.617188	0.01088425
1.620521	0.01092102
1.623854	0.01088425
1.627187	0.01088425
1.630521	0.01084748
1.633854	0.01081071
1.637187	0.01081071
1.640521	0.01084748
1.643854	0.01092102
1.647187	0.01099456
1.650521	0.01114165
1.653854	0.01128873
1.657187	0.01147259
1.660521	0.01165644
1.663854	0.0118403
1.667187	0.01198738
1.670521	0.0120977
1.673854	0.01213447
1.677187	0.01213447
1.680521	0.01206092
1.683854	0.01191384
1.687188	0.01172998
1.690521	0.01154613
1.693854	0.01136227
1.697188	0.01121519
1.700521	0.0110681
1.703854	0.01099456
1.707188	0.01095779
1.710521	0.01092102
1.713854	0.01095779
1.717188	0.01095779
1.720521	0.01099456
1.723854	0.01099456
1.727188	0.01099456
1.730521	0.01095779
1.733854	0.01092102
1.737188	0.01092102
1.740521	0.01088425
1.743854	0.01084748
1.747187	0.01081071
1.750521	0.01077394
1.753854	0.01073716
1.757187	0.01070039
1.760521	0.01062685
1.763854	0.01051654
1.767187	0.01040622
1.770521	0.01029591
1.773854	0.0101856
1.777187	0.01007528
1.780521	0.009964971
1.783854	0.009891429
1.787187	0.009817886
1.790521	0.009744344
1.793854	0.009670802
1.797187	0.009634031
1.800521	0.009560489
1.803854	0.009523718
1.807188	0.009486946
1.810521	0.009486946
1.813854	0.009523718
1.817188	0.009634031
1.820521	0.009744344
1.823854	0.0099282
1.827188	0.01014883
1.830521	0.01040622
1.833854	0.01062685
1.837188	0.01077394
1.840521	0.01092102
1.843854	0.01095779
1.847188	0.01092102
1.850521	0.01077394
1.853854	0.01059008
1.857188	0.01036945
1.860521	0.01011206
1.863854	0.009891429
1.867188	0.009707573
1.870521	0.00959726
1.873854	0.009560489
1.877187	0.009560489
1.880521	0.00959726
1.883854	0.009707573
1.887187	0.009781115
1.890521	0.009854658
1.893854	0.009891429
1.897187	0.009891429
1.900521	0.009781115
1.903854	0.009634031
1.907187	0.009450175
1.910521	0.009229549
1.913854	0.009045693
1.917187	0.008898609
1.920521	0.008788295
1.923854	0.008751524
1.927187	0.008788295
1.930521	0.008861838
1.933854	0.009008922
1.937188	0.009192778
1.940521	0.009339862
1.943854	0.009450175
1.947188	0.009486946
1.950521	0.009486946
1.953854	0.009413404
1.957188	0.009303091
1.960521	0.009156006
1.963854	0.008972151
1.967188	0.008825066
1.970521	0.008677982
1.973854	0.008567669
1.977188	0.008494127
1.980521	0.008457355
1.983854	0.008457355
1.987188	0.008494127
1.990521	0.008567669
1.993854	0.008677982
1.997187	0.008788295
2.000521	0.008898609
2.003854	0.009008922
2.007188	0.009119235
2.010521	0.009229549
2.013854	0.009303091
2.017188	0.009376633
2.020521	0.009413404
2.023854	0.009450175
2.027188	0.009450175
2.030521	0.009450175
2.033854	0.009450175
2.037188	0.009450175
2.040521	0.009413404
2.043854	0.009413404
2.047188	0.009413404
2.050521	0.009413404
2.053854	0.009413404
2.057188	0.009413404
2.060521	0.009413404
2.063854	0.009413404
2.067188	0.009450175
2.070521	0.009450175
2.073854	0.009450175
2.077188	0.009413404
2.080521	0.009376633
2.083854	0.009303091
2.087188	0.009156006
2.090521	0.008972151
2.093854	0.008751524
2.097188	0.008494127
2.100521	0.008199958
2.103854	0.00794256
2.107188	0.007721933
2.110521	0.007538078
2.113854	0.007390993
2.117188	0.007354222
2.120521	0.007317451
2.123854	0.007354222
2.127187	0.007464535
2.130521	0.007538078
2.133854	0.007648391
2.137187	0.007758704
2.140521	0.007795475
2.143854	0.007832247
2.147187	0.007832247
2.150521	0.007795475
2.153854	0.007721933
2.157187	0.00761162
2.160521	0.007464535
2.163854	0.007317451
2.167187	0.007170367
2.170521	0.007023282
2.173854	0.00694974
2.177187	0.006876198
2.180521	0.006839427
2.183854	0.006839427
2.187187	0.006876198
2.190521	0.00694974
2.193854	0.007023282
2.197187	0.007133595
2.200521	0.007207138
2.203854	0.00728068
2.207187	0.007354222
2.210521	0.007390993
2.213854	0.007427764
2.217187	0.007464535
2.220521	0.007464535
2.223854	0.007427764
2.227187	0.007390993
2.230521	0.007354222
2.233854	0.00728068
2.237187	0.007170367
2.240521	0.007096824
2.243854	0.006986511
2.247188	0.006876198
2.250521	0.006729113
2.253854	0.0066188
2.257188	0.006471715
2.260521	0.006361402
2.263854	0.006251089
2.267188	0.006177547
2.270521	0.006140775
2.273854	0.006140775
2.277188	0.006140775
2.280521	0.006214318
2.283854	0.006251089
2.287188	0.006324631
2.290521	0.006361402
2.293854	0.006361402
2.297188	0.006324631
2.300521	0.006251089
2.303854	0.006067233
2.307188	0.005883378
2.310521	0.005662751
2.313854	0.005405353
2.317188	0.005184727
2.320521	0.005000871
2.323854	0.004853787
2.327188	0.004743473
2.330521	0.004669931
2.333854	0.004669931
2.337188	0.004706702
2.340521	0.004780244
2.343854	0.004890558
2.347188	0.005000871
2.350521	0.005111184
2.353854	0.005221498
2.357188	0.005331811
2.360521	0.005368582
2.363854	0.005405353
2.367188	0.005368582
2.370521	0.00529504
2.373854	0.005184727
2.377187	0.005037642
2.380521	0.004890558
2.383854	0.004780244
2.387187	0.004706702
2.390521	0.00463316
2.393854	0.004669931
2.397187	0.004706702
2.400521	0.004780244
2.403854	0.004890558
2.407187	0.005037642
2.410521	0.005147955
2.413854	0.005258269
2.417187	0.005331811
2.420521	0.005368582
2.423854	0.005368582
2.427187	0.005368582
2.430521	0.005331811
2.433854	0.005258269
2.437187	0.005221498
2.440521	0.005147955
2.443854	0.005111184
2.447187	0.005074413
2.450521	0.005074413
2.453854	0.005074413
2.457187	0.005111184
2.460521	0.005074413
2.463854	0.005074413
2.467187	0.005037642
2.470521	0.0049641
2.473854	0.004853787
2.477187	0.004743473
2.480521	0.00463316
2.483854	0.004559618
2.487187	0.004486075
2.490521	0.004522847
2.493854	0.004596389
2.497188	0.004706702
2.500521	0.004890558
2.503854	0.005111184
2.507188	0.005368582
2.510521	0.005662751
2.513854	0.005883378
2.517188	0.006104004
2.520521	0.00628786
2.523854	0.006434944
2.527188	0.006545258
2.530521	0.006545258
2.533854	0.006508487
2.537188	0.006434944
2.540521	0.006324631
2.543854	0.006177547
2.547188	0.005993691
2.550521	0.005773064
2.553854	0.005552438
2.557188	0.005405353
2.560521	0.005258269
2.563854	0.005147955
2.567188	0.005111184
2.570521	0.005111184
2.573854	0.005147955
2.577188	0.005258269
2.580521	0.005405353
2.583854	0.005552438
2.587188	0.005662751
2.590521	0.005736293
2.593854	0.005773064
2.597188	0.005809835
2.600521	0.005809835
2.603854	0.005773064
2.607188	0.005773064
2.610521	0.005809835
2.613854	0.005809835
2.617188	0.005846607
2.620521	0.005920149
2.623854	0.005993691
2.627187	0.006030462
2.630521	0.006030462
2.633854	0.005993691
2.637187	0.005883378
2.640521	0.005662751
2.643854	0.005405353
2.647187	0.005074413
2.650521	0.004743473
2.653854	0.004375762
2.657187	0.004008051
2.660521	0.003677111
2.663854	0.003456484
2.667187	0.0033094
2.670521	0.003235858
2.673854	0.003272629
2.677187	0.003382942
2.680521	0.003566798
2.683854	0.003750653
2.687187	0.00397128
2.690521	0.004228678
2.693854	0.004449304
2.697187	0.00463316
2.700521	0.004817015
2.703854	0.0049641
2.707187	0.005074413
2.710521	0.005221498
2.713854	0.005331811
2.717187	0.005442124
2.720521	0.005515667
2.723854	0.00562598
2.727187	0.005699522
2.730521	0.005773064
2.733854	0.005883378
2.737187	0.005993691
2.740521	0.006140775
2.743854	0.00628786
2.747188	0.006434944
2.750521	0.006545258
2.753854	0.0066188
2.757188	0.006655571
2.760521	0.0066188
2.763854	0.006471715
2.767188	0.006251089
2.770521	0.005920149
2.773854	0.005552438
2.777188	0.005184727
2.780521	0.004853787
2.783854	0.004596389
2.787188	0.004412533
2.790521	0.00430222
2.793854	0.00430222
2.797188	0.004375762
2.800521	0.004522847
2.803854	0.00463316
2.807188	0.004780244
2.810521	0.004927329
2.813854	0.005000871
2.817188	0.005074413
2.820521	0.005111184
2.823854	0.005147955
2.827188	0.005184727
2.830521	0.005221498
2.833854	0.005258269
2.837188	0.005258269
2.840521	0.005258269
2.843854	0.005258269
2.847188	0.005221498
2.850521	0.005147955
2.853854	0.005074413
2.857188	0.004927329
2.860521	0.004780244
2.863854	0.00463316
2.867188	0.004486075
2.870521	0.004338991
2.873854	0.004191907
2.877187	0.004081593
2.880521	0.004008051
2.883854	0.003934509
2.887187	0.003934509
2.890521	0.00397128
2.893854	0.004044822
2.897187	0.004118364
2.900521	0.004265449
2.903854	0.004449304
2.907187	0.00463316
2.910521	0.004780244
2.913854	0.0049641
2.917187	0.005111184
2.920521	0.005221498
2.923854	0.005331811
2.927187	0.005368582
2.930521	0.005368582
2.933854	0.005331811
2.937187	0.005221498
2.940521	0.005074413
2.943854	0.004890558
2.947187	0.004706702
2.950521	0.004486075
2.953854	0.004228678
2.957187	0.004008051
2.960521	0.003787424
2.963854	0.003530027
2.967187	0.003346171
2.970521	0.003125544
2.973854	0.00297846
2.977187	0.002831376
2.980521	0.002757833
2.983854	0.002721062
2.987187	0.002721062
2.990521	0.002757833
2.993854	0.002794604
2.997188	0.002904918
3.000521	0.003015231
3.003854	0.003125544
3.007188	0.003199087
3.010521	0.003272629
3.013854	0.0033094
3.017188	0.0033094
3.020521	0.0033094
3.023854	0.0033094
3.027188	0.0033094
3.030521	0.003346171
3.033854	0.003419713
3.037188	0.003493255
3.040521	0.003603569
3.043854	0.003713882
3.047188	0.003787424
3.050521	0.003824195
3.053854	0.003787424
3.057188	0.003677111
3.060521	0.003493255
3.063854	0.003235858
3.067188	0.002941689
3.070521	0.002610749
3.073854	0.00231658
3.077188	0.002095953
3.080521	0.001948869
3.083854	0.001912098
3.087188	0.00198564
3.090521	0.002132724
3.093854	0.002390122
3.097188	0.002684291
3.100521	0.003015231
3.103854	0.003346171
3.107188	0.003603569
3.110521	0.003824195
3.113854	0.004008051
3.117188	0.004118364
3.120521	0.004118364
3.123854	0.004081593
3.127187	0.003934509
3.130521	0.003713882
3.133854	0.003456484
3.137187	0.003162315
3.140521	0.002868147
3.143854	0.002610749
3.147187	0.002353351
3.150521	0.002169496
3.153854	0.002059182
3.157187	0.002022411
3.160521	0.002095953
3.163854	0.002206267
3.167187	0.002353351
3.170521	0.002500436
3.173854	0.00264752
3.177187	0.002757833
3.180521	0.002757833
3.183854	0.002721062
3.187187	0.002610749
3.190521	0.002463664
3.193854	0.002243038
3.197187	0.002059182
3.200521	0.001875327
3.203854	0.001801784
3.207187	0.001765013
3.210521	0.001801784
3.213854	0.00198564
3.217187	0.002206267
3.220521	0.002537207
3.223854	0.002904918
3.227187	0.003272629
3.230521	0.003713882
3.233854	0.004155135
3.237187	0.00463316
3.240521	0.005147955
3.243854	0.005736293
3.247188	0.006434944
3.250521	0.007243909
3.253854	0.0082735
3.257188	0.009486946
3.260521	0.01095779
3.263854	0.01268603
3.267188	0.01467168
3.270521	0.01695148
3.273854	0.01945192
3.277188	0.02224652
3.280521	0.0253353
3.283854	0.0286447
3.287188	0.03221149
3.290521	0.03607246
3.293854	0.04019083
3.297188	0.04464013
3.300521	0.04942038
3.303854	0.0546051
3.307188	0.06019431
3.310521	0.06626155
3.313854	0.07284357
3.317188	0.07997717
3.320521	0.08769911
3.323854	0.09604615
3.327188	0.1049815
3.330521	0.114542
3.333854	0.1246908
3.337188	0.135428
3.340521	0.1467167
3.343854	0.1585203
3.347188	0.170765
3.350521	0.1834879
3.353854	0.1965784
3.357188	0.2100734
3.360521	0.2239361
3.363854	0.2382033
3.367188	0.2528382
3.370521	0.2678408
3.373854	0.2832479
3.377187	0.2990227
3.380521	0.3151284
3.383854	0.3316387
3.387187	0.348443
3.390521	0.3655784
3.393854	0.3830079
3.397187	0.400658
3.400521	0.4185288
3.403854	0.4366202
3.407187	0.4548219
3.410521	0.4731707
3.413854	0.491593
3.417187	0.5100889
3.420521	0.5286215
3.423854	0.5471542
3.427187	0.5656868
3.430521	0.5842194
3.433854	0.6027521
3.437187	0.6213215
3.440521	0.6398909
3.443854	0.6584603
3.447187	0.6770297
3.450521	0.6955991
3.453854	0.7141685
3.457187	0.7327011
3.460521	0.7512338
3.463854	0.7696929
3.467187	0.7881152
3.470521	0.8064641
3.473854	0.8247393
3.477187	0.8429778
3.480521	0.8610692
3.483854	0.879087
3.487187	0.8969578
3.490521	0.9146447
3.493854	0.9321477
3.497188	0.9495037
3.500521	0.966639
3.503854	0.9835537
3.507188	1.000285
3.510521	1.016868
3.513854	1.033268
3.517188	1.049521
3.520521	1.065664
3.523854	1.081622
3.527188	1.097471
3.530521	1.113172
3.533854	1.128726
3.537188	1.144133
3.540521	1.15932
3.543854	1.174322
3.547188	1.189104
3.550521	1.203702
3.553854	1.218006
3.557188	1.232126
3.560521	1.246026
3.563854	1.259741
3.567188	1.27331
3.570521	1.286731
3.573854	1.300079
3.577188	1.313354
3.580521	1.326591
3.583854	1.339829
3.587188	1.35303
3.590521	1.366231
3.593854	1.379431
3.597188	1.392632
3.600521	1.405796
3.603854	1.41896
3.607188	1.432124
3.610521	1.445325
3.613854	1.458526
3.617188	1.471764
3.620521	1.485038
3.623854	1.498386
3.627187	1.511771
3.630521	1.525155
3.633854	1.538577
3.637187	1.551962
3.640521	1.565346
3.643854	1.578657
3.647187	1.591932
3.650521	1.605133
3.653854	1.61826
3.657187	1.631277
3.660521	1.644184
3.663854	1.65698
3.667187	1.669666
3.670521	1.682205
3.673854	1.694597
3.677187	1.706805
3.680521	1.718792
3.683854	1.730522
3.687187	1.741995
3.690521	1.753173
3.693854	1.764021
3.697187	1.7745
3.700521	1.784649
3.703854	1.794357
3.707187	1.803623
3.710521	1.812448
3.713854	1.820722
3.717187	1.82848
3.720521	1.835688
3.723854	1.84227
3.727187	1.848226
3.730521	1.853558
3.733854	1.858228
3.737187	1.862273
3.740521	1.865693
3.743854	1.868487
3.747188	1.87062
3.750521	1.872128
3.753854	1.87301
3.757188	1.873268
3.760521	1.872863
3.763854	1.871834
3.767188	1.870179
3.770521	1.867899
3.773854	1.865031
3.777188	1.861611
3.780521	1.85764
3.783854	1.853191
3.787188	1.848263
3.790521	1.842895
3.793854	1.837195
3.797188	1.831128
3.800521	1.82484
3.803854	1.818295
3.807188	1.811566
3.810521	1.804763
3.813854	1.797924
3.817188	1.791121
3.820521	1.784429
3.823854	1.77792
3.827188	1.771632
3.830521	1.765639
3.833854	1.760013
3.837188	1.754865
3.840521	1.750195
3.843854	1.74615
3.847188	1.742767
3.850521	1.740156
3.853854	1.738391
3.857188	1.737619
3.860521	1.737913
3.863854	1.739347
3.867188	1.742105
3.870521	1.74626
3.873854	1.751923
3.877187	1.759167
3.880521	1.768176
3.883854	1.77895
3.887187	1.791636
3.890521	1.806307
3.893854	1.823075
3.897187	1.842049
3.900521	1.863339
3.903854	1.886983
3.907187	1.913127
3.910521	1.941809
3.913854	1.973138
3.917187	2.007188
3.920521	2.044033
3.923854	2.083745
3.927187	2.126326
3.930521	2.171886
3.933854	2.220424
3.937187	2.271977
3.940521	2.326545
3.943854	2.384092
3.947187	2.444617
3.950521	2.508047
3.953854	2.574309
3.957187	2.643255
3.960521	2.714885
3.963854	2.788978
3.967187	2.865499
3.970521	2.944336
3.973854	3.025343
3.977187	3.108409
3.980521	3.193424
3.983854	3.280241
3.987187	3.368712
3.990521	3.458617
3.993854	3.54981
3.997188	3.642032
4.000521	3.735026
4.003854	3.828572
4.007187	3.922375
4.010521	4.016178
4.013854	4.10976
4.017188	4.202828
4.020521	4.29516
4.023854	4.3865
4.027187	4.476589
4.030521	4.56517
4.033854	4.652061
4.037188	4.736928
4.040521	4.819627
4.043854	4.899861
4.047187	4.977448
4.050521	5.052093
4.053854	5.12365
4.057188	5.19186
4.060521	5.256577
4.063854	5.317544
4.067187	5.374649
4.070521	5.427673
4.073854	5.476505
4.077188	5.520998
4.080521	5.561005
4.083854	5.596416
4.087187	5.627157
4.090521	5.653154
4.093854	5.674334
4.097188	5.690624
4.100521	5.702023
4.103854	5.708494
4.107187	5.710112
4.110521	5.70684
4.113854	5.69875
4.117188	5.68588
4.120521	5.66834
4.123854	5.646241
4.127188	5.619655
4.130521	5.588694
4.133854	5.553467
4.137187	5.514159
4.140521	5.470843
4.143854	5.423702
4.147188	5.372921
4.150521	5.318647
4.153854	5.261027
4.157187	5.200318
4.160521	5.136703
4.163854	5.070405
4.167188	5.00157
4.170521	4.930454
4.173854	4.857243
4.177187	4.78212
4.180521	4.705305
4.183854	4.626909
4.187188	4.547189
4.190521	4.466293
4.193854	4.384404
4.197187	4.301705
4.200521	4.218345
4.203854	4.134507
4.207188	4.050375
4.210521	3.966132
4.213854	3.881853
4.217187	3.797721
4.220521	3.713846
4.223854	3.630375
4.227188	3.54742
4.230521	3.465126
4.233854	3.383531
4.237187	3.302781
4.240521	3.222951
4.243854	3.144077
4.247188	3.066306
4.250521	2.989675
4.253854	2.914258
4.257187	2.840127
4.260521	2.767283
4.263854	2.695874
4.267188	2.625862
4.270521	2.55732
4.273854	2.490323
4.277187	2.424871
4.280521	2.360963
4.283854	2.298636
4.287188	2.23789
4.290521	2.178725
4.293854	2.121105
4.297187	2.065066
4.300521	2.010571
4.303854	1.957547
4.307188	1.906031
4.310521	1.855985
4.313854	1.807447
4.317187	1.760344
4.320521	1.714747
4.323854	1.670622
4.327188	1.628004
4.330521	1.586894
4.333854	1.547255
4.337187	1.50905
4.340521	1.472315
4.343854	1.436941
4.347188	1.402928
4.350521	1.370239
4.353854	1.338763
4.357187	1.308537
4.360521	1.279488
4.363854	1.251615
4.367188	1.224846
4.370521	1.199143
4.373854	1.17458
4.377188	1.151046
4.380521	1.128542
4.383854	1.107068
4.387187	1.086623
4.390521	1.067208
4.393854	1.048786
4.397188	1.031356
4.400521	1.014883
4.403854	0.9994021
4.407187	0.9848775
4.410521	0.971309
4.413854	0.9586597
4.417188	0.9469297
4.420521	0.9360822
4.423854	0.9261173
4.427187	0.9170348
4.430521	0.9088348
4.433854	0.9015174
4.437188	0.8950824
4.440521	0.88953
4.443854	0.8849336
4.447187	0.8812565
4.450521	0.8785722
4.453854	0.876844
4.457188	0.8761453
4.460521	0.8764763
4.463854	0.8778736
4.467187	0.8803372
4.470521	0.8838673
4.473854	0.888574
4.477188	0.8944206
4.480521	0.9015174
4.483854	0.909938
4.487187	0.9197559
4.490521	0.9311181
4.493854	0.9441351
4.497188	0.9589539
4.500521	0.9757215
4.503854	0.9946586
4.507187	1.015876
4.510521	1.03963
4.513854	1.066142
4.517188	1.095669
4.520521	1.128469
4.523854	1.164872
4.527187	1.205247
4.530521	1.249997
4.533854	1.299638
4.537188	1.354611
4.540521	1.415504
4.543854	1.482942
4.547187	1.557661
4.550521	1.640433
4.553854	1.732067
4.557188	1.833555
4.560521	1.945927
4.563854	2.070324
4.567187	2.208069
4.570521	2.360595
4.573854	2.529411
4.577188	2.716208
4.580521	2.922862
4.583854	3.151284
4.587187	3.403571
4.590521	3.682002
4.593854	3.988857
4.597188	4.326673
4.600521	4.698061
4.603854	5.105889
4.607187	5.553173
4.610521	6.043038
4.613854	6.57883
4.617188	7.163895
4.620521	7.801764
4.623854	8.495745
4.627188	9.249332
4.630521	10.06576
4.633854	10.94838
4.637187	11.90031
4.640521	12.92453
4.643854	14.02406
4.647188	15.20177
4.650521	16.46048
4.653854	17.80288
4.657187	19.2314
4.660521	20.74806
4.663854	22.35441
4.667188	24.05143
4.670521	25.83943
4.673854	27.71803
4.677187	29.68609
4.680521	31.74182
4.683854	33.88256
4.687188	36.10508
4.690521	38.40533
4.693854	40.77876
4.697187	43.21995
4.700521	45.72285
4.703854	48.2805
4.707188	50.88523
4.710521	53.52834
4.713854	56.20049
4.717187	58.89155
4.720521	61.59077
4.723854	64.28679
4.727188	66.96799
4.730521	69.62228
4.733854	72.23744
4.737187	74.80119
4.740521	77.30118
4.743854	79.72528
4.747188	82.06139
4.750521	84.29766
4.753854	86.42263
4.757187	88.42522
4.760521	90.29499
4.763854	92.02217
4.767188	93.5977
4.770521	95.01357
4.773854	96.26261
4.777187	97.33887
4.780521	98.23745
4.783854	98.95467
4.787188	99.48811
4.790521	99.83655
4.793854	100
4.797187	99.97959
4.800521	99.77761
4.803854	99.39736
4.807188	98.84322
4.810521	98.12052
4.813854	97.23547
4.817187	96.1951
4.820521	95.00728
4.823854	93.68058
4.827188	92.22434
4.830521	90.64844
4.833854	88.96329
4.837187	87.1796
4.840521	85.30824
4.843854	83.36018
4.847188	81.34637
4.850521	79.27756
4.853854	77.16425
4.857187	75.01667
4.860521	72.84471
4.863854	70.65783
4.867188	68.46524
4.870521	66.27574
4.873854	64.09757
4.877188	61.93848
4.880521	59.8056
4.883854	57.7055
4.887187	55.644
4.890521	53.62622
4.893854	51.65661
4.897188	49.73889
4.900521	47.87617
4.903854	46.07097
4.907187	44.32522
4.910521	42.6404
4.913854	41.01751
4.917188	39.45706
4.920521	37.95911
4.923854	36.52339
4.927187	35.1491
4.930521	33.83531
4.933854	32.58053
4.937188	31.38323
4.940521	30.24148
4.943854	29.15328
4.947187	28.11652
4.950521	27.12892
4.953854	26.18824
4.957188	25.29213
4.960521	24.43827
4.963854	23.62434
4.967187	22.84806
4.970521	22.10712
4.973854	21.39935
4.977188	20.72258
4.980521	20.07482
4.983854	19.45409
4.987187	18.85851
4.990521	18.28638
4.993854	17.73611
4.997188	17.20612
5.000521	16.69511
5.003854	16.20183
5.007187	15.72506
5.010521	15.26387
5.013854	14.81732
5.017188	14.38457
5.020521	13.96486
5.023854	13.55762
5.027187	13.16222
5.030521	12.77811
5.033854	12.40485
5.037188	12.04199
5.040521	11.68917
5.043854	11.34606
5.047187	11.01236
5.050521	10.68782
5.053854	10.37221
5.057188	10.06539
5.060521	9.767216
5.063854	9.47746
5.067187	9.196051
5.070521	8.922841
5.073854	8.657648
5.077188	8.400398
5.080521	8.150979
5.083854	7.909209
5.087187	7.675014
5.090521	7.448283
5.093854	7.228907
5.097188	7.016737
5.100521	6.811628
5.103854	6.613432
5.107187	6.421928
5.110521	6.237006
5.113854	6.058408
5.117188	5.885988
5.120521	5.719526
5.123854	5.558909
5.127188	5.403919
5.130521	5.254445
5.133854	5.110339
5.137187	4.971417
5.140521	4.837571
5.143854	4.708615
5.147188	4.584402
5.150521	4.464675
5.153854	4.349324
5.157187	4.238128
5.160521	4.130904
5.163854	4.027503
5.167188	3.927743
5.170521	3.831476
5.173854	3.738556
5.177187	3.648798
5.180521	3.562091
5.183854	3.478216
5.187188	3.397099
5.190521	3.318519
5.193854	3.242366
5.197187	3.168567
5.200521	3.09701
5.203854	3.027549
5.207188	2.960148
5.210521	2.894732
5.213854	2.831228
5.217187	2.769526
5.220521	2.709626
5.223854	2.651381
5.227188	2.594753
5.230521	2.53967
5.233854	2.486058
5.237187	2.433843
5.240521	2.383025
5.243854	2.333495
5.247188	2.285251
5.250521	2.238221
5.253854	2.192331
5.257187	2.147617
5.260521	2.104006
5.263854	2.061462
5.267188	2.019911
5.270521	1.979315
5.273854	1.939676
5.277187	1.900919
5.280521	1.862972
5.283854	1.825906
5.287188	1.789613
5.290521	1.754166
5.293854	1.719528
5.297187	1.685661
5.300521	1.652678
5.303854	1.620466
5.307188	1.5891
5.310521	1.558507
5.313854	1.528722
5.317187	1.499673
5.320521	1.471359
5.323854	1.443744
5.327188	1.416828
5.330521	1.390536
5.333854	1.36487
5.337187	1.339792
5.340521	1.315303
5.343854	1.291365
5.347188	1.267941
5.350521	1.244996
5.353854	1.222529
5.357187	1.200467
5.360521	1.178882
5.363854	1.157665
5.367188	1.136889
5.370521	1.116555
5.373854	1.096588
5.377188	1.077063
5.380521	1.057942
5.383854	1.039225
5.387187	1.020913
5.390521	1.003042
5.393854	0.9855394
5.397188	0.9684776
5.400521	0.9518203
5.403854	0.9355307
5.407187	0.9196823
5.410521	0.9041649
5.413854	0.8890152
5.417188	0.8741965
5.420521	0.8597086
5.423854	0.8454782
5.427187	0.831542
5.430521	0.8178263
5.433854	0.8044049
5.437188	0.7912775
5.440521	0.7784444
5.443854	0.7659055
5.447187	0.7536975
5.450521	0.7418204
5.453854	0.7302375
5.457188	0.7189855
5.460521	0.707991
5.463854	0.6972538
5.467187	0.686774
5.470521	0.6765517
5.473854	0.6665131
5.477188	0.6567688
5.480521	0.6472451
5.483854	0.6380523
5.487187	0.6291537
5.490521	0.6205493
5.493854	0.6123126
5.497188	0.6044068
5.500521	0.5967952
5.503854	0.5894777
5.507187	0.5824177
5.510521	0.5755782
5.513854	0.5689227
5.517188	0.5624142
5.520521	0.556016
5.523854	0.5497649
5.527187	0.5435874
5.530521	0.5375569
5.533854	0.5316735
5.537188	0.5259005
5.540521	0.5202745
5.543854	0.5147956
5.547187	0.5094638
5.550521	0.5042423
5.553854	0.4991311
5.557188	0.4941302
5.560521	0.4892397
5.563854	0.4844226
5.567187	0.4797159
5.570521	0.475046
5.573854	0.4704496
5.577188	0.4659268
5.580521	0.4614407
5.583854	0.4569914
5.587187	0.4525421
5.590521	0.4481296
5.593854	0.443717
5.597188	0.4393045
5.600521	0.4349655
5.603854	0.4306633
5.607187	0.4263978
5.610521	0.4222427
5.613854	0.4181243
5.617188	0.4140795
5.620521	0.4100714
5.623854	0.4060634
5.627188	0.4020553
5.630521	0.3980105
5.633854	0.3939289
5.637187	0.3897738
5.640521	0.3856186
5.643854	0.3814267
5.647188	0.3772348
5.650521	0.3730429
5.653854	0.3689246
5.657187	0.3648797
5.660521	0.3609452
5.663854	0.3570475
5.667188	0.3532968
5.670521	0.3496197
5.673854	0.3460529
5.677187	0.3425597
5.680521	0.33914
5.683854	0.3357938
5.687188	0.3324844
5.690521	0.3292485
5.693854	0.3260862
5.697187	0.3229239
5.700521	0.3198351
5.703854	0.3168199
5.707188	0.3138782
5.710521	0.3109733
5.713854	0.3081419
5.717187	0.3053841
5.720521	0.302663
5.723854	0.2999787
5.727188	0.297368
5.730521	0.294794
5.733854	0.29222
5.737187	0.2897564
5.740521	0.2872927
5.743854	0.2849394
5.747188	0.2826595
5.750521	0.2804533
5.753854	0.2783573
5.757187	0.2763349
5.760521	0.2744228
5.763854	0.2725475
5.767188	0.2707457
5.770521	0.2689439
5.773854	0.2671789
5.777187	0.2654507
5.780521	0.2636857
5.783854	0.2619574
5.787188	0.2602292
5.790521	0.2585745
5.793854	0.2569565
5.797187	0.2554489
5.800521	0.2540516
5.803854	0.2527646
5.807188	0.251588
5.810521	0.2505216
5.813854	0.2495288
5.817187	0.2485727
5.820521	0.2476902
5.823854	0.2468077
5.827188	0.2458884
5.830521	0.2450059
5.833854	0.2441234
5.837187	0.2432777
5.840521	0.242432
5.843854	0.241623
5.847188	0.2408508
5.850521	0.2400786
5.853854	0.2393799
5.857187	0.2386813
5.860521	0.2379826
5.863854	0.2373208
5.867188	0.2366957
5.870521	0.2360705
5.873854	0.235519
5.877188	0.2350042
5.880521	0.2345262
5.883854	0.2341217
5.887187	0.2337172
5.890521	0.2333863
5.893854	0.2330185
5.897188	0.2326876
5.900521	0.2323199
5.903854	0.2319154
5.907187	0.2315477
5.910521	0.2312168
5.913854	0.2309226
5.917188	0.2307387
5.920521	0.2306652
5.923854	0.230702
5.927187	0.2309226
5.930521	0.2313271
5.933854	0.2318786
5.937188	0.2325405
5.940521	0.2333863
5.943854	0.2343423
5.947187	0.2353719
5.950521	0.2365118
5.953854	0.2377252
5.957188	0.239049
5.960521	0.2404831
5.963854	0.2420275
5.967187	0.2437189
5.970521	0.2455207
5.973854	0.2474328
5.977188	0.2495288
5.980521	0.2517718
5.983854	0.2541987
5.987187	0.2568095
5.990521	0.2596408
5.993854	0.2627296
5.997188	0.2660758
6.000521	0.2696793
6.003854	0.2736139
6.007187	0.277769
6.010521	0.2822551
6.013854	0.2869618
6.017188	0.2919259
6.020521	0.2971106
6.023854	0.3025895
6.027187	0.308289
6.030521	0.3142827
6.033854	0.3205338
6.037188	0.3271158
6.040521	0.333992
6.043854	0.3412359
6.047187	0.348774
6.050521	0.356643
6.053854	0.3648062
6.057188	0.3732635
6.060521	0.3819783
6.063854	0.3909137
6.067187	0.4001065
6.070521	0.4095566
6.073854	0.4192642
6.077188	0.4292292
6.080521	0.4394883
6.083854	0.4501152
6.087187	0.461073
6.090521	0.4724353
6.093854	0.484202
6.097188	0.49641
6.100521	0.5090593
6.103854	0.522113
6.107187	0.5355713
6.110521	0.549434
6.113854	0.5636276
6.117188	0.578189
6.120521	0.5930445
6.123854	0.608231
6.127188	0.6236748
6.130521	0.6393393
6.133854	0.6552612
6.137187	0.6713669
6.140521	0.6876933
6.143854	0.7041668
6.147188	0.7208241
6.150521	0.7375917
6.153854	0.7544696
6.157187	0.7713476
6.160521	0.7882255
6.163854	0.80503
6.167188	0.8216138
6.170521	0.8379401
6.173854	0.8539356
6.177187	0.869453
6.180521	0.8844188
6.183854	0.8987228
6.187188	0.9123281
6.190521	0.9251612
6.193854	0.9370751
6.197187	0.9479961
6.200521	0.9578875
6.203854	0.9667126
6.207188	0.9743242
6.210521	0.9807224
6.213854	0.9859071
6.217187	0.9898048
6.220521	0.9924156
6.223854	0.9937761
6.227188	0.9938496
6.230521	0.992673
6.233854	0.9902461
6.237187	0.9866057
6.240521	0.9817887
6.243854	0.9757215
6.247188	0.9685144
6.250521	0.9601305
6.253854	0.9506436
6.257187	0.9400535
6.260521	0.9283971
6.263854	0.9157478
6.267188	0.9021793
6.270521	0.887765
6.273854	0.8726153
6.277187	0.8567302
6.280521	0.8402567
6.283854	0.8233052
6.287188	0.8058757
6.290521	0.7880784
6.293854	0.7699871
6.297187	0.7517118
6.300521	0.7332527
6.303854	0.7147201
6.307188	0.6961507
6.310521	0.677618
6.313854	0.6591589
6.317187	0.6408837
6.320521	0.6227923
6.323854	0.6049583
6.327188	0.5874553
6.330521	0.5703567
6.333854	0.5536994
6.337187	0.5374834
6.340521	0.5218189
6.343854	0.5066324
6.347188	0.4919975
6.350521	0.4778774
6.353854	0.4642353
6.357187	0.4510712
6.360521	0.4383852
6.363854	0.4261037
6.367188	0.4142633
6.370521	0.4028643
6.373854	0.3919433
6.377188	0.3815003
6.380521	0.3716088
6.383854	0.3622322
6.387187	0.3534071
6.390521	0.3451336
6.393854	0.3374117
6.397188	0.3302046
6.400521	0.3234755
6.403854	0.3172244
6.407187	0.3114146
6.410521	0.3060092
6.413854	0.3010083
6.417188	0.2964487
6.420521	0.2922568
6.423854	0.2884326
6.427187	0.2849761
6.430521	0.2818506
6.433854	0.2789824
6.437188	0.2763717
6.440521	0.2740183
6.443854	0.2718488
6.447187	0.2699
6.450521	0.268135
6.453854	0.2665538
6.457188	0.2651565
6.460521	0.2639798
6.463854	0.2629502
6.467187	0.2621413
6.470521	0.2614794
6.473854	0.2609646
6.477188	0.2605601
6.480521	0.2602659
6.483854	0.2600821
6.487187	0.2599718
6.490521	0.259935
6.493854	0.2599718
6.497188	0.2600821
6.500521	0.2602659
6.503854	0.2604866
6.507187	0.2607807
6.510521	0.2610749
6.513854	0.2613691
6.517188	0.2616632
6.520521	0.2618839
6.523854	0.2620677
6.527187	0.262178
6.530521	0.2622516
6.533854	0.2622884
6.537188	0.2622516
6.540521	0.262178
6.543854	0.262031
6.547187	0.2618471
6.550521	0.2615529
6.553854	0.2611852
6.557188	0.2607072
6.560521	0.2601189
6.563854	0.2594202
6.567187	0.2586112
6.570521	0.257692
6.573854	0.2566624
6.577188	0.2555225
6.580521	0.2542722
6.583854	0.2529485
6.587187	0.2515512
6.590521	0.2501171
6.593854	0.2486095
6.597188	0.2471387
6.600521	0.2456678
6.603854	0.2442337
6.607187	0.2427997
6.610521	0.2414391
6.613854	0.2400786
6.617188	0.2387181
6.620521	0.2373208
6.623854	0.2358867
6.627188	0.2343791
6.630521	0.2328347
6.633854	0.2312168
6.637187	0.2295988
6.640521	0.2279441
6.643854	0.2262894
6.647188	0.2246715
6.650521	0.2230903
6.653854	0.2215827
6.657187	0.2201486
6.660521	0.2187513
6.663854	0.2174643
6.667188	0.2162141
6.670521	0.2150007
6.673854	0.2138608
6.677187	0.2127944
6.680521	0.2116913
6.683854	0.2105882
6.687188	0.209485
6.690521	0.2082716
6.693854	0.2069846
6.697187	0.2056241
6.700521	0.20419
6.703854	0.2026824
6.707188	0.2011747
6.710521	0.1996304
6.713854	0.198086
6.717187	0.1965416
6.720521	0.195034
6.723854	0.1935264
6.727188	0.1920187
6.730521	0.1904376
6.733854	0.1887461
6.737187	0.1870179
6.740521	0.1851426
6.743854	0.1831937
6.747188	0.1811713
6.750521	0.1790385
6.753854	0.1768323
6.757187	0.1745525
6.760521	0.1721991
6.763854	0.169809
6.767188	0.1673453
6.770521	0.1648449
6.773854	0.1622709
6.777187	0.1596969
6.780521	0.157123
6.783854	0.1545858
6.787188	0.1520853
6.790521	0.1496952
6.793854	0.1473786
6.797187	0.1451724
6.800521	0.1430396
6.803854	0.1410172
6.807188	0.1390684
6.810521	0.137193
6.813854	0.1353177
6.817187	0.1334424
6.820521	0.131567
6.823854	0.1296549
6.827188	0.1277061
6.830521	0.1257572
6.833854	0.1237716
6.837187	0.1218227
6.840521	0.1198738
6.843854	0.1180353
6.847188	0.1162335
6.850521	0.1145788
6.853854	0.1129976
6.857187	0.1115636
6.860521	0.110203
6.863854	0.1089896
6.867188	0.1078497
6.870521	0.1068569
6.873854	0.1059376
6.877188	0.1051654
6.880521	0.1044667
6.883854	0.1039152
6.887187	0.1034004
6.890521	0.1029591
6.893854	0.1025546
6.897188	0.1021134
6.900521	0.1016354
6.903854	0.1011206
6.907187	0.1005322
6.910521	0.09987034
6.913854	0.09917169
6.917188	0.09843627
6.920521	0.09773762
6.923854	0.09703897
6.927187	0.09645063
6.930521	0.09593583
6.933854	0.09549458
6.937188	0.09516364
6.940521	0.09494301
6.943854	0.09479593
6.947187	0.09468562
6.950521	0.09461207
6.953854	0.0945753
6.957188	0.09450176
6.960521	0.09435468
6.963854	0.09417082
6.967187	0.09395019
6.970521	0.09365602
6.973854	0.09336186
6.977188	0.09303092
6.980521	0.09269998
6.983854	0.09236904
6.987187	0.09211164
6.990521	0.09185424
6.993854	0.09170716
6.997188	0.09156007
7.000521	0.09148653
7.003854	0.09144976
7.007187	0.09148653
7.010521	0.09156007
7.013854	0.09170716
7.017188	0.09192778
7.020521	0.09222195
7.023854	0.09262643
7.027187	0.09314123
7.030521	0.0936928
7.033854	0.09439145
7.037188	0.09512687
7.040521	0.09589906
7.043854	0.09670803
7.047187	0.09751699
7.050521	0.09832596
7.053854	0.09917169
7.057188	0.09998066
7.060521	0.1008632
7.063854	0.1017824
7.067187	0.102812
7.070521	0.1039519
7.073854	0.1052389
7.077188	0.1067098
7.080521	0.1083277
7.083854	0.1100927
7.087187	0.1120048
7.090521	0.1141008
7.093854	0.116307
7.097188	0.1186971
7.100521	0.1212711
7.103854	0.1239922
7.107187	0.1269706
7.110521	0.1301697
7.113854	0.1336262
7.117188	0.1373033
7.120521	0.1412746
7.123854	0.1454665
7.127188	0.1498791
7.130521	0.154549
7.133854	0.1594395
7.137187	0.1645875
7.140521	0.1699561
7.143854	0.1756188
7.147188	0.1815758
7.150521	0.1879004
7.153854	0.1945192
7.157187	0.2015792
7.160521	0.2089702
7.163854	0.2167657
7.167188	0.2249289
7.170521	0.2333863
7.173854	0.2420642
7.177187	0.2509628
7.180521	0.2599718
7.183854	0.2690175
7.187188	0.2780264
7.190521	0.2868882
7.193854	0.2955662
7.197187	0.3039868
7.200521	0.3120764
7.203854	0.3197984
7.207188	0.3271158
7.210521	0.3339185
7.213854	0.3401695
7.217187	0.3457588
7.220521	0.3506493
7.223854	0.3547309
7.227188	0.3579668
7.230521	0.3603201
7.233854	0.3616806
7.237187	0.3620851
7.240521	0.36146
7.243854	0.3599156
7.247188	0.357452
7.250521	0.3541426
7.253854	0.350061
7.257187	0.3452807
7.260521	0.3399121
7.263854	0.3340288
7.267188	0.3276674
7.270521	0.320975
7.273854	0.313915
7.277187	0.3065975
7.280521	0.2990595
7.283854	0.2913008
7.287188	0.283395
7.290521	0.2754524
7.293854	0.2674731
7.297187	0.2595673
7.300521	0.2518086
7.303854	0.244197
7.307188	0.236806
7.310521	0.2296724
7.313854	0.2227594
7.317187	0.2161038
7.320521	0.2096689
7.323854	0.2034178
7.327188	0.1973873
7.330521	0.1915039
7.333854	0.1858412
7.337187	0.1803991
7.340521	0.1751776
7.343854	0.1701767
7.347188	0.1655068
7.350521	0.1610942
7.353854	0.1569391
7.357187	0.1530781
7.360521	0.1494378
7.363854	0.1459813
7.367188	0.1427087
7.370521	0.1395831
7.373854	0.1365679
7.377188	0.1336998
7.380521	0.1309787
7.383854	0.1283679
7.387187	0.1259043
7.390521	0.1236245
7.393854	0.1215653
7.397188	0.1196532
7.400521	0.1179617
7.403854	0.1164173
7.407187	0.1149833
7.410521	0.1136227
7.413854	0.1123725
7.417188	0.1110855
7.420521	0.1098353
7.423854	0.1085851
7.427187	0.1072613
7.430521	0.1059376
7.433854	0.1046138
7.437188	0.1033268
7.440521	0.1020398
7.443854	0.1008632
7.447187	0.09972326
7.450521	0.0986569
7.453854	0.0976273
7.457188	0.09667126
7.460521	0.09575198
7.463854	0.09486947
7.467187	0.09398696
7.470521	0.09314123
7.473854	0.09233226
7.477188	0.09156007
7.480521	0.09086142
7.483854	0.09019954
7.487187	0.08964797
7.490521	0.08916995
7.493854	0.08876547
7.497188	0.08839776
7.500521	0.08810359
7.503854	0.08777265
7.507187	0.08747848
7.510521	0.08711077
7.513854	0.08677983
7.517188	0.08637535
7.520521	0.08600763
7.523854	0.08563992
7.527187	0.08530898
7.530521	0.08501481
7.533854	0.08475742
7.537188	0.08457356
7.540521	0.08446325
7.543854	0.08435293
7.547187	0.08424262
7.550521	0.08413231
7.553854	0.08391168
7.557188	0.08361751
7.560521	0.08321303
7.563854	0.082735
7.567187	0.08218343
7.570521	0.08163187
7.573854	0.08100676
7.577188	0.08045519
7.580521	0.07990363
7.583854	0.0794256
7.587187	0.07898435
7.590521	0.07857987
7.593854	0.07821215
7.597188	0.07784444
7.600521	0.07743996
7.603854	0.07703548
7.607187	0.07655745
7.610521	0.07600589
7.613854	0.07545432
7.617188	0.07490275
7.620521	0.07431442
7.623854	0.07379962
7.627188	0.07328483
7.630521	0.07284357
7.633854	0.07243909
7.637187	0.07210815
7.640521	0.07185075
7.643854	0.07159336
7.647188	0.0714095
7.650521	0.07126242
7.653854	0.07107856
7.657187	0.07089471
7.660521	0.07067408
7.663854	0.07045345
7.667188	0.07019605
7.670521	0.06993866
7.673854	0.06960772
7.677187	0.06927678
7.680521	0.06894584
7.683854	0.06857813
7.687188	0.06821041
7.690521	0.06787947
7.693854	0.06758531
7.697187	0.06729114
7.700521	0.06699697
7.703854	0.06677634
7.707188	0.06659249
7.710521	0.0664454
7.713854	0.06629832
7.717187	0.066188
7.720521	0.06615123
7.723854	0.06611446
7.727188	0.06611446
7.730521	0.066188
7.733854	0.06626155
7.737187	0.06637186
7.740521	0.06651894
7.743854	0.06662926
7.747188	0.06673957
7.750521	0.06681311
7.753854	0.06684988
7.757187	0.06684988
7.760521	0.06681311
7.763854	0.0667028
7.767188	0.06659249
7.770521	0.0664454
7.773854	0.06626155
7.777187	0.06611446
7.780521	0.06596738
7.783854	0.06585706
7.787188	0.06574675
7.790521	0.06567321
7.793854	0.06559967
7.797187	0.06552612
7.800521	0.06541581
7.803854	0.06534227
7.807188	0.06523195
7.810521	0.06508487
7.813854	0.06493779
7.817187	0.06482747
7.820521	0.06471716
7.823854	0.06460685
7.827188	0.06457007
7.830521	0.06460685
7.833854	0.06468039
7.837187	0.06482747
7.840521	0.06497456
7.843854	0.06515841
7.847188	0.0653055
7.850521	0.06545258
7.853854	0.06552612
7.857187	0.06552612
7.860521	0.06552612
7.863854	0.06545258
7.867188	0.06534227
7.870521	0.06523195
7.873854	0.06515841
7.877188	0.06515841
7.880521	0.06515841
7.883854	0.06523195
7.887187	0.06534227
7.890521	0.06548935
7.893854	0.06567321
7.897188	0.06589383
7.900521	0.06611446
7.903854	0.06637186
7.907187	0.06662926
7.910521	0.06688665
7.913854	0.06718082
7.917188	0.06754853
7.920521	0.06787947
7.923854	0.06828396
7.927187	0.06865167
7.930521	0.06905615
7.933854	0.06942386
7.937188	0.06979157
7.940521	0.07015928
7.943854	0.07049022
7.947187	0.07074762
7.950521	0.07096825
7.953854	0.07118887
7.957188	0.07133596
7.960521	0.07148304
7.963854	0.07159336
7.967187	0.0716669
7.970521	0.07174044
7.973854	0.07177721
7.977188	0.07177721
7.980521	0.07177721
7.983854	0.07174044
7.987187	0.07163013
7.990521	0.07148304
7.993854	0.07129919
7.997188	0.07104179
8.000521	0.07071085
8.003854	0.07030637
8.007188	0.06982834
8.010521	0.06927678
8.013854	0.06868844
8.017187	0.06806333
8.020521	0.06740145
8.023854	0.06673957
8.027187	0.06607769
8.03052	0.06541581
8.033854	0.0647907
8.037188	0.06416559
8.040521	0.06354048
8.043854	0.06291537
8.047188	0.06221672
8.050521	0.06155484
8.053854	0.06081942
8.057187	0.06004723
8.060521	0.05927503
8.063854	0.05846607
8.067187	0.0576571
8.07052	0.05684814
8.073854	0.05603917
8.077188	0.05523021
8.080521	0.05442125
8.083854	0.05364905
8.087188	0.05284009
8.090521	0.0520679
8.093854	0.05133247
8.097187	0.05059705
8.100521	0.04993517
8.103854	0.04927329
8.107187	0.04864818
8.11052	0.04805984
8.113854	0.04750828
8.117188	0.04699348
8.120521	0.04647869
8.123855	0.04600066
8.127188	0.04548587
8.130521	0.04500784
8.133854	0.04452982
8.137188	0.04408856
8.140521	0.04361054
8.143854	0.04313252
8.147187	0.04269126
8.150521	0.04221324
8.153854	0.04169844
8.157187	0.04118365
8.160521	0.04066885
8.163855	0.04015406
8.167188	0.03967603
8.170521	0.03919801
8.173854	0.03875675
8.177188	0.03835227
8.180521	0.03802133
8.183854	0.03772716
8.187187	0.03746976
8.190521	0.03728591
8.193854	0.03710205
8.197187	0.03695497
8.200521	0.03680788
8.203855	0.03662403
8.207188	0.03644017
8.210521	0.03621955
8.213854	0.03599892
8.217188	0.03574152
8.220521	0.03548412
8.223854	0.03522673
8.227187	0.0350061
8.230521	0.03482224
8.233854	0.0347487
8.237187	0.03467516
8.24052	0.03467516
8.243855	0.03467516
8.247188	0.03467516
8.250521	0.03463839
8.253854	0.03460162
8.257188	0.03452807
8.260521	0.03441776
8.263854	0.03427068
8.267187	0.03408682
8.270521	0.03393974
8.273854	0.03375588
8.277187	0.0336088
8.28052	0.03346171
8.283854	0.03331463
8.287188	0.03316754
8.290521	0.03302046
8.293854	0.03279983
8.297188	0.03254243
8.300521	0.03228504
8.303854	0.0319541
8.307187	0.03162316
8.310521	0.03125545
8.313854	0.03092451
8.317187	0.03059357
8.32052	0.0302994
8.323854	0.030042
8.327188	0.02985814
8.330521	0.02967429
8.333854	0.0295272
8.337188	0.02941689
8.340521	0.02930658
8.343854	0.02919626
8.347187	0.02908595
8.350521	0.02897564
8.353854	0.02882855
8.357187	0.02868147
8.36052	0.02849761
8.363854	0.02827699
8.367188	0.02805636
8.370521	0.02779896
8.373855	0.02754156
8.377188	0.0272474
8.380521	0.02691646
8.383854	0.02658552
8.387188	0.02629135
8.390521	0.02599718
8.393854	0.02581332
8.397187	0.02570301
8.400521	0.02566624
8.403854	0.02577655
8.407187	0.02596041
8.410521	0.02625458
8.413855	0.02654874
8.417188	0.02684291
8.420521	0.02710031
8.423854	0.0272474
8.427188	0.0272474
8.430521	0.02717385
8.433854	0.02699
8.437187	0.02669583
8.440521	0.02636489
8.443854	0.02599718
8.447187	0.02566624
8.450521	0.02537207
8.453855	0.02515144
8.457188	0.02496759
8.460521	0.02485727
8.463854	0.02474696
8.467188	0.02463665
8.470521	0.0245631
8.473854	0.02445279
8.477187	0.02434248
8.480521	0.02419539
8.483854	0.02404831
8.487187	0.02393799
8.49052	0.02379091
8.493855	0.02371737
8.497188	0.02364383
8.500521	0.02360705
8.503854	0.02360705
8.507188	0.02357028
8.510521	0.02353351
8.513854	0.02349674
8.517187	0.0234232
8.520521	0.02334966
8.523854	0.02323934
8.527187	0.02312903
8.53052	0.02298195
8.533854	0.0229084
8.537188	0.02283486
8.540521	0.02279809
8.543854	0.02279809
8.547188	0.02287163
8.550521	0.02298195
8.553854	0.02312903
8.557187	0.02327611
8.560521	0.02349674
8.563854	0.0236806
8.567187	0.02386445
8.57052	0.02404831
8.573854	0.02415862
8.577188	0.02426893
8.580521	0.02434248
8.583854	0.02437925
8.587188	0.02437925
8.590521	0.02437925
8.593854	0.02434248
8.597187	0.02426893
8.600521	0.02423216
8.603854	0.02419539
8.607187	0.02419539
8.61052	0.02423216
8.613854	0.02426893
8.617188	0.02430571
8.620521	0.02437925
8.623855	0.02445279
8.627188	0.02448956
8.630521	0.02448956
8.633854	0.02445279
8.637188	0.02437925
8.640521	0.02423216
8.643854	0.02408508
8.647187	0.02393799
8.650521	0.02379091
8.653854	0.0236806
8.657187	0.02357028
8.660521	0.02353351
8.663855	0.02349674
8.667188	0.02345997
8.670521	0.0234232
8.673854	0.02334966
8.677188	0.02327611
8.680521	0.02320257
8.683854	0.02309226
8.687187	0.02298195
8.690521	0.02287163
8.693854	0.02283486
8.697187	0.02279809
8.700521	0.02279809
8.703855	0.02283486
8.707188	0.02287163
8.710521	0.02283486
8.713854	0.02279809
8.717188	0.02272455
8.720521	0.02257746
8.723854	0.02239361
8.727187	0.02220975
8.730521	0.02198913
8.733854	0.0217685
8.737187	0.02158464
8.74052	0.02147433
8.743855	0.02140079
8.747188	0.02140079
8.750521	0.02147433
8.753854	0.02158464
8.757188	0.02173173
8.760521	0.02195235
8.763854	0.02217298
8.767187	0.02239361
8.770521	0.02261423
8.773854	0.02283486
8.777187	0.02298195
8.78052	0.02309226
8.783854	0.0231658
8.787188	0.02320257
8.790521	0.02320257
8.793854	0.0231658
8.797188	0.02312903
8.800521	0.02312903
8.803854	0.0231658
8.807187	0.02327611
8.810521	0.02349674
8.813854	0.02375414
8.817187	0.02404831
8.82052	0.02441602
8.823854	0.02474696
8.827188	0.02511467
8.830521	0.02540884
8.833854	0.02570301
8.837188	0.02592364
8.840521	0.02607072
8.843854	0.02618103
8.847187	0.02625458
8.850521	0.02632812
8.853854	0.02632812
8.857187	0.02636489
8.86052	0.02636489
8.863854	0.02636489
8.867188	0.02636489
8.870521	0.02629135
8.873855	0.02618103
8.877188	0.02603395
8.880521	0.02585009
8.883854	0.0255927
8.887188	0.02529853
8.890521	0.02500436
8.893854	0.02463665
8.897187	0.02430571
8.900521	0.02393799
8.903854	0.02360705
8.907187	0.02327611
8.910521	0.02294517
8.913855	0.02265101
8.917188	0.02235684
8.920521	0.02206267
8.923854	0.02173173
8.927188	0.02143756
8.930521	0.02114339
8.933854	0.02084922
8.937187	0.02059182
8.940521	0.02029765
8.943854	0.02004026
8.947187	0.01981963
8.950521	0.01963577
8.953855	0.01948869
8.957188	0.01937838
8.960521	0.01926806
8.963854	0.01919452
8.967188	0.01908421
8.970521	0.01897389
8.973854	0.01886358
8.977187	0.01867973
8.980521	0.01853264
8.983854	0.01834879
8.987187	0.01816493
8.99052	0.01801785
8.993855	0.01790753
8.997188	0.01779722
9.000521	0.01772368
9.003854	0.01768691
9.007188	0.01761336
9.010521	0.01753982
9.013854	0.01742951
9.017187	0.01724565
9.020521	0.0170618
9.023854	0.01676763
9.027187	0.01647346
9.03052	0.01614252
9.033854	0.01584835
9.037188	0.01555418
9.040521	0.01529678
9.043854	0.01507616
9.047188	0.01492907
9.050521	0.01485553
9.053854	0.01485553
9.057187	0.01485553
9.060521	0.01492907
9.063854	0.01496584
9.067187	0.01500262
9.07052	0.01500262
9.073854	0.01496584
9.077188	0.01485553
9.080521	0.01474522
9.083854	0.0146349
9.087188	0.01452459
9.090521	0.01441428
9.093854	0.01434074
9.097187	0.01426719
9.100521	0.01426719
9.103854	0.01430396
9.107187	0.01437751
9.11052	0.01448782
9.113854	0.01456136
9.117188	0.01467168
9.120521	0.01474522
9.123855	0.01478199
9.127188	0.01474522
9.130521	0.01467168
9.133854	0.01456136
9.137188	0.01434074
9.140521	0.01408334
9.143854	0.0137524
9.147187	0.01342146
9.150521	0.01305374
9.153854	0.0127228
9.157187	0.01239186
9.160521	0.01213447
9.163855	0.01187707
9.167188	0.01169321
9.170521	0.01154613
9.173854	0.01147259
9.177188	0.01139904
9.180521	0.01136227
9.183854	0.0113255
9.187187	0.01128873
9.190521	0.01125196
9.193854	0.01121519
9.197187	0.01117842
9.200521	0.01114165
9.203855	0.01110488
9.207188	0.01103133
9.210521	0.01092102
9.213854	0.01081071
9.217188	0.01070039
9.220521	0.01059008
9.223854	0.010443
9.227187	0.01029591
9.230521	0.01014883
9.233854	0.01007528
9.237187	0.01007528
9.24052	0.01011206
9.243855	0.01022237
9.247188	0.01036945
9.250521	0.01055331
9.253854	0.01077394
9.257188	0.01095779
9.260521	0.01110488
9.263854	0.01117842
9.267187	0.01117842
9.270521	0.01110488
9.273854	0.01092102
9.277187	0.01066362
9.28052	0.01033268
9.283854	0.01003851
9.287188	0.009707573
9.290521	0.009413404
9.293854	0.009156006
9.297188	0.008972151
9.300521	0.008825066
9.303854	0.008751524
9.307187	0.008751524
9.310521	0.008788295
9.313854	0.008861838
9.317187	0.008898609
9.32052	0.00893538
9.323854	0.008898609
9.327188	0.008788295
9.330521	0.00860444
9.333854	0.008347042
9.337188	0.008089644
9.340521	0.007795475
9.343854	0.007501307
9.347187	0.00728068
9.350521	0.007096824
9.353854	0.007023282
9.357187	0.007023282
9.36052	0.007096824
9.363854	0.007243909
9.367188	0.007390993
9.370521	0.007574849
9.373855	0.007795475
9.377188	0.008016102
9.380521	0.008199958
9.383854	0.008383813
9.387188	0.00860444
9.390521	0.008825066
9.393854	0.009082464
9.397187	0.009339862
9.400521	0.00959726
9.403854	0.009854658
9.407187	0.01011206
9.410521	0.01033268
9.413855	0.01051654
9.417188	0.01059008
9.420521	0.01059008
9.423854	0.01051654
9.427188	0.01036945
9.430521	0.0101856
9.433854	0.009964971
9.437187	0.009817886
9.440521	0.009670802
9.443854	0.009560489
9.447187	0.009560489
9.450521	0.00959726
9.453855	0.009707573
9.457188	0.009781115
9.460521	0.009854658
9.463854	0.009891429
9.467188	0.009817886
9.470521	0.009707573
9.473854	0.009523718
9.477187	0.009303091
9.480521	0.009045693
9.483854	0.008751524
9.487187	0.008457355
9.49052	0.008163187
9.493855	0.00794256
9.497188	0.007795475
9.500521	0.007685162
9.503854	0.007648391
9.507188	0.007648391
9.510521	0.007721933
9.513854	0.007832247
9.517187	0.007905789
9.520521	0.007979331
9.523854	0.007979331
9.527187	0.007905789
9.53052	0.007758704
9.533854	0.007538078
9.537188	0.00728068
9.540521	0.00694974
9.543854	0.006582029
9.547188	0.006214318
9.550521	0.005883378
9.553854	0.005552438
9.557187	0.00529504
9.560521	0.005074413
9.563854	0.004890558
9.567187	0.004743473
9.57052	0.00463316
9.573854	0.004559618
9.577188	0.004522847
9.580521	0.004522847
9.583854	0.004596389
9.587188	0.004743473
9.590521	0.004853787
9.593854	0.005037642
9.597187	0.005184727
9.600521	0.005368582
9.603854	0.005478895
9.607187	0.005515667
9.61052	0.005515667
9.613854	0.005442124
9.617188	0.00529504
9.620521	0.005147955
9.623855	0.005000871
9.627188	0.004853787
9.630521	0.004743473
9.633854	0.004669931
9.637188	0.004596389
9.640521	0.004596389
9.643854	0.00463316
9.647187	0.004706702
9.650521	0.004780244
9.653854	0.004853787
9.657187	0.004890558
9.660521	0.004890558
9.663855	0.004853787
9.667188	0.004780244
9.670521	0.004596389
9.673854	0.004375762
9.677188	0.004118364
9.680521	0.003824195
9.683854	0.003530027
9.687187	0.003272629
9.690521	0.003088773
9.693854	0.002941689
9.697187	0.002868147
9.700521	0.002868147
9.703855	0.002904918
9.707188	0.00297846
9.710521	0.003052002
9.713854	0.003125544
9.717188	0.003162315
9.720521	0.003199087
9.723854	0.003199087
9.727187	0.003199087
9.730521	0.003199087
9.733854	0.003235858
9.737187	0.003235858
9.74052	0.003272629
9.743855	0.0033094
9.747188	0.003382942
9.750521	0.003419713
9.753854	0.003456484
9.757188	0.003530027
9.760521	0.003530027
9.763854	0.003566798
9.767187	0.003566798
9.770521	0.003566798
9.773854	0.003566798
9.777187	0.003530027
9.78052	0.003530027
9.783854	0.003493255
9.787188	0.003419713
9.790521	0.003346171
9.793854	0.003235858
9.797188	0.003088773
9.800521	0.002904918
9.803854	0.002757833
9.807187	0.002573978
9.810521	0.002426893
9.813854	0.002243038
9.817187	0.002132724
9.82052	0.002022411
9.823854	0.00198564
9.827188	0.001948869
9.830521	0.001912098
9.833854	0.001875327
9.837188	0.001838556
9.840521	0.001801784
9.843854	0.001728242
9.847187	0.001728242
9.850521	0.001691471
9.853854	0.001691471
9.857187	0.001728242
9.86052	0.001765013
9.863854	0.001801784
9.867188	0.001875327
9.870521	0.001912098
9.873855	0.001912098
9.877188	0.001912098
9.880521	0.001875327
9.883854	0.001838556
9.887188	0.001765013
9.890521	0.001691471
9.893854	0.001617929
9.897187	0.001544387
9.900521	0.001470844
9.903854	0.001397302
9.907187	0.001360531
9.910521	0.001286989
9.913855	0.001176676
9.917188	0.001103133
9.920521	0.001066362
9.923854	0.00099282
9.927188	0.0009560489
9.930521	0.0009560489
9.933854	0.0009560489
9.937187	0.001029591
9.940521	0.001103133
9.943854	0.001176676
9.947187	0.001286989
9.950521	0.001360531
9.953855	0.001397302
9.957188	0.001397302
9.960521	0.001286989
9.963854	0.001176676
9.967188	0.0009560489
9.970521	0.0007354222
9.973854	0.0005147955
9.977187	0.0002941689
9.980521	0.0001103133
9.983854	0
9.987187	0
9.99052	3.677111e-05
9.993855	0.0001838556
9.997188	0.0003677111
}
[PEAK]
{
Peak ID	1
Peak Ref	1
Time	3.756395
Peak	3.210521	3.857188
Intensity	-5.674363e-05	8.863211e-05
Height	0.003012629
AreaAbs	1053.589
Area %BP	0.04724714
Area %Total	0.04212966
Width	0.6466668
}
[PEAK]
{
Peak ID	2
Peak Ref	2
Time	4.106571
Peak	3.857188	4.457188
Intensity	-5.674363e-05	8.863211e-05
Height	0.009218691
AreaAbs	2973.339
Area %BP	0.1333364
Area %Total	0.1188943
Width	0.6000001
}
[PEAK]
{
Peak ID	3
Peak Ref	3
Time	4.795164
Peak	4.457188	5.923854
Intensity	-5.674363e-05	8.863211e-05
Height	0.1620556
AreaAbs	37165.89
Area %BP	1.666667
Area %Total	1.486145
Width	1.466667
}
[PEAK]
{
Peak ID	4
Peak Ref	4
Time	6.225534
Peak	5.923854	6.493854
Intensity	-5.674363e-05	8.863211e-05
Height	0.001492621
AreaAbs	413.6598
Area %BP	0.01855015
Area %Total	0.01654093
Width	0.5699997
}
[PEAK]
{
Peak ID	5
Peak Ref	5
Time	6.528626
Peak	6.493854	7.000521
Intensity	-5.674363e-05	8.863211e-05
Height	0.000294853
AreaAbs	73.94961
Area %BP	0.003316195
Area %Total	0.002957008
Width	0.5066667
}
}
}
}
