[SAMPLE]
{
Sample	1
Well	2:B,4
FileName	
SampleID	ASD-B-2601004-002
SampleDescription	Aquired with Galaxy
Date	04-Feb-2026
Time	16:54:45 PRC
JobCode	
TaskCode	
UserName	Congcong_Liu2
LabName	Aquired with Galaxy
Instrument	BAD_L_22_523
Conditions	
Submitter	Mengting_Wang
SampleType	
Plate	
Method	
Process	Galaxy
MSTune	
MSMethod	
InletMethod	
PreRunMethod	
PostRunMethod	
SwitchMethod	
FractionMethod	
AcquisitionProcess	
AcquisitionProcessParameters	
AcquisitionProcessOptions	
InjectionVolume	25
ReportScheme	
SampleReportEnable	0
SampleReportFormat	
AnalysisTime	0
[COMPOUND]
{
;Mono Mass	Formula
}
[FUNCTION]
{
Function	1
IonMode	ES+
Type	MS
Description	(0:0)
[SPECTRUM]
{
ProcDesc	0.00:Combine
State	OK
Peak ID	0
Peak Ref	0
Time	0
TIC	0
BPI	0
BPM	0
Continuum	FALSE
Saved	FALSE
[MASSES]
{
;Mass	Exp. Mass	Obs. Mass	% BPI	Int. Abs
}
[RESULTS]
{
;Mass	Found	% BPI	% Purity
}
[MS]
{
;Mass	% BPI
0	0
}
}
[CHROMATOGRAM]
{
TraceNumber	1
Description	scroll down chrom view to see 2D LC chrom
ProcDesc	
MaxIntensity	0
[TRACE]
{
0	0
}
[PEAK]
{
Peak ID	0
Peak Ref	0
Time	0
Peak	0
Intensity	0	0
Height	0
AreaAbs	0
Area %BP	0
Area %Total	0
}
}
}
[FUNCTION]
{
Function	0
Description	ANALOG
[CHROMATOGRAM]
{
TraceNumber	2
Description	LC
ProcDesc	Result Id:2238, VWD: Signal A, 280 nm
MaxIntensity	0.2031014
[TRACE]
{
;Time	Int. %Max
0.002604167	0.1503459
0.0059375	0.1503166
0.009270833	0.1503459
0.01260417	0.1503753
0.0159375	0.150434
0.01927083	0.150522
0.02260417	0.1505807
0.0259375	0.1506688
0.02927083	0.1506981
0.03260417	0.1506688
0.0359375	0.1505807
0.03927083	0.1504633
0.04260417	0.1503166
0.0459375	0.1501405
0.04927083	0.1499351
0.05260416	0.149759
0.0559375	0.1496123
0.05927083	0.1494949
0.06260417	0.1494068
0.0659375	0.1493775
0.06927083	0.1493775
0.07260416	0.1494068
0.0759375	0.1494362
0.07927083	0.1495242
0.08260417	0.1495829
0.0859375	0.1496709
0.08927083	0.1497296
0.09260417	0.1497883
0.0959375	0.1498177
0.09927084	0.149847
0.1026042	0.1498764
0.1059375	0.1498764
0.1092708	0.149847
0.1126042	0.1497883
0.1159375	0.1497296
0.1192708	0.1496416
0.1226042	0.1495536
0.1259375	0.1494362
0.1292708	0.1493188
0.1326042	0.1492307
0.1359375	0.1491133
0.1392708	0.1490547
0.1426042	0.148996
0.1459375	0.148996
0.1492708	0.1490547
0.1526042	0.1491427
0.1559375	0.1492894
0.1592708	0.1494949
0.1626042	0.1497003
0.1659375	0.1499057
0.1692708	0.1500818
0.1726042	0.1502285
0.1759375	0.1503166
0.1792708	0.1503459
0.1826042	0.1503166
0.1859375	0.1502285
0.1892708	0.1500818
0.1926042	0.1499351
0.1959375	0.1497883
0.1992708	0.1496709
0.2026042	0.1495829
0.2059375	0.1495242
0.2092708	0.1495242
0.2126042	0.1495536
0.2159375	0.1495829
0.2192708	0.1496416
0.2226042	0.1496709
0.2259375	0.1497003
0.2292708	0.1497003
0.2326042	0.1497003
0.2359375	0.1497003
0.2392708	0.1497003
0.2426042	0.1497296
0.2459375	0.149759
0.2492708	0.1498177
0.2526042	0.1499057
0.2559375	0.1499938
0.2592708	0.1501112
0.2626042	0.1501992
0.2659375	0.1502872
0.2692708	0.1503459
0.2726042	0.1503459
0.2759375	0.1502872
0.2792708	0.1501992
0.2826042	0.1501112
0.2859375	0.1500231
0.2892708	0.1499644
0.2926042	0.1499351
0.2959375	0.1499351
0.2992708	0.1499644
0.3026042	0.1500231
0.3059375	0.1500818
0.3092708	0.1501405
0.3126042	0.1501699
0.3159375	0.1501699
0.3192708	0.1501112
0.3226042	0.1499938
0.3259375	0.1498764
0.3292708	0.1497296
0.3326042	0.1496123
0.3359375	0.1494949
0.3392708	0.1494068
0.3426042	0.1493775
0.3459375	0.1493481
0.3492708	0.1493481
0.3526042	0.1493481
0.3559375	0.1493481
0.3592708	0.1493188
0.3626042	0.1492894
0.3659375	0.1492307
0.3692708	0.149172
0.3726042	0.149084
0.3759375	0.1490547
0.3792708	0.148996
0.3826042	0.1490253
0.3859375	0.1490547
0.3892708	0.1491427
0.3926042	0.1492307
0.3959375	0.1493481
0.3992708	0.1494655
0.4026042	0.1495829
0.4059375	0.1496709
0.4092708	0.1497296
0.4126042	0.149759
0.4159375	0.149759
0.4192708	0.1496709
0.4226042	0.1495829
0.4259375	0.1494362
0.4292708	0.1493188
0.4326042	0.149172
0.4359375	0.1490253
0.4392708	0.1489079
0.4426042	0.1488492
0.4459375	0.1487905
0.4492708	0.1488199
0.4526042	0.1488786
0.4559375	0.1489373
0.4592708	0.1490253
0.4626042	0.1491427
0.4659375	0.1492014
0.4692708	0.1492894
0.4726042	0.1493188
0.4759375	0.1493481
0.4792708	0.1493481
0.4826042	0.1492894
0.4859375	0.1492601
0.4892708	0.1492014
0.4926042	0.1491427
0.4959375	0.1491133
0.4992708	0.149084
0.5026042	0.1490253
0.5059375	0.148996
0.5092708	0.1489373
0.5126042	0.1488492
0.5159375	0.1487612
0.5192708	0.1486438
0.5226042	0.1485264
0.5259375	0.1484384
0.5292708	0.1483503
0.5326042	0.1482623
0.5359375	0.1482329
0.5392708	0.1482329
0.5426041	0.1482329
0.5459375	0.1482916
0.5492708	0.1483503
0.5526041	0.148409
0.5559375	0.1484677
0.5592709	0.1485558
0.5626042	0.1486144
0.5659375	0.1486731
0.5692708	0.1487612
0.5726042	0.1488199
0.5759375	0.1489079
0.5792708	0.1489666
0.5826042	0.148996
0.5859375	0.1490253
0.5892708	0.1490547
0.5926042	0.149084
0.5959375	0.149084
0.5992708	0.1491133
0.6026042	0.1491427
0.6059375	0.1492014
0.6092708	0.1492601
0.6126041	0.1493481
0.6159375	0.1494068
0.6192709	0.1494949
0.6226042	0.1495536
0.6259375	0.1496123
0.6292709	0.1496416
0.6326042	0.1496416
0.6359375	0.1496123
0.6392708	0.1495829
0.6426042	0.1495242
0.6459375	0.1494362
0.6492708	0.1493481
0.6526042	0.1492307
0.6559375	0.1491133
0.6592708	0.1489666
0.6626042	0.1488492
0.6659375	0.1487025
0.6692708	0.1485851
0.6726041	0.1484677
0.6759375	0.1483797
0.6792708	0.1482916
0.6826042	0.1482329
0.6859375	0.1481742
0.6892709	0.1481449
0.6926042	0.1481155
0.6959375	0.1480862
0.6992708	0.1480568
0.7026042	0.1479982
0.7059375	0.1479688
0.7092708	0.1479395
0.7126042	0.1479101
0.7159375	0.1479101
0.7192708	0.1479101
0.7226042	0.1479101
0.7259375	0.1479688
0.7292708	0.1480275
0.7326041	0.1481155
0.7359375	0.1482036
0.7392708	0.148321
0.7426042	0.1484384
0.7459375	0.1485558
0.7492709	0.1486731
0.7526042	0.1487905
0.7559375	0.1488786
0.7592708	0.1489373
0.7626042	0.1489666
0.7659375	0.1489666
0.7692708	0.1489373
0.7726042	0.1488786
0.7759375	0.1487905
0.7792708	0.1487025
0.7826042	0.1486144
0.7859375	0.1485264
0.7892708	0.1484384
0.7926041	0.1483797
0.7959375	0.148321
0.7992708	0.1482916
0.8026041	0.1482623
0.8059375	0.1482329
0.8092709	0.1481742
0.8126042	0.1481449
0.8159375	0.1481155
0.8192708	0.1480568
0.8226042	0.1480275
0.8259375	0.1479688
0.8292708	0.1479688
0.8326042	0.1479395
0.8359375	0.1479395
0.8392708	0.1479688
0.8426042	0.1480275
0.8459375	0.1481155
0.8492708	0.1482036
0.8526042	0.1482916
0.8559375	0.148409
0.8592708	0.1484677
0.8626041	0.1485264
0.8659375	0.1485558
0.8692709	0.1485264
0.8726042	0.1484677
0.8759375	0.1483503
0.8792709	0.1482036
0.8826042	0.1480275
0.8859375	0.1478514
0.8892708	0.1477047
0.8926042	0.1475873
0.8959375	0.1475286
0.8992708	0.1474993
0.9026042	0.1475286
0.9059375	0.1475873
0.9092708	0.147646
0.9126042	0.147734
0.9159375	0.1478221
0.9192708	0.1479101
0.9226041	0.1479395
0.9259375	0.1479982
0.9292708	0.1480275
0.9326042	0.1480568
0.9359375	0.1480568
0.9392709	0.1480862
0.9426042	0.1480862
0.9459375	0.1480862
0.9492708	0.1481155
0.9526042	0.1481449
0.9559375	0.1481742
0.9592708	0.1482036
0.9626042	0.1482623
0.9659375	0.1482916
0.9692708	0.1483503
0.9726042	0.148409
0.9759375	0.1484677
0.9792708	0.1484971
0.9826041	0.1484971
0.9859375	0.1484971
0.9892708	0.1484384
0.9926042	0.1483503
0.9959375	0.1482916
0.9992709	0.1482036
1.002604	0.1480862
1.005937	0.1479982
1.009271	0.1479101
1.012604	0.1477927
1.015937	0.1476753
1.019271	0.1474993
1.022604	0.1473232
1.025938	0.1471177
1.029271	0.146883
1.032604	0.1466482
1.035938	0.1464721
1.039271	0.146296
1.042604	0.1462373
1.045938	0.1462667
1.049271	0.1463547
1.052604	0.1465601
1.055938	0.1468536
1.059271	0.1471764
1.062604	0.1474993
1.065938	0.1478221
1.069271	0.1481155
1.072604	0.1483503
1.075938	0.1485264
1.079271	0.1486144
1.082604	0.1486438
1.085938	0.1486438
1.089271	0.1486144
1.092604	0.1485558
1.095937	0.1484971
1.099271	0.1484677
1.102604	0.1484384
1.105937	0.1484384
1.109271	0.1484384
1.112604	0.1484677
1.115937	0.1484677
1.119271	0.1484677
1.122604	0.1484677
1.125937	0.148409
1.129271	0.148321
1.132604	0.1482329
1.135937	0.1481155
1.139271	0.1479688
1.142604	0.1478514
1.145937	0.1477634
1.149271	0.1477047
1.152604	0.1476753
1.155938	0.147734
1.159271	0.1478514
1.162604	0.1479982
1.165938	0.1481742
1.169271	0.1483503
1.172604	0.1484971
1.175938	0.1486144
1.179271	0.1486731
1.182604	0.1486731
1.185938	0.1486144
1.189271	0.1484677
1.192604	0.1482916
1.195938	0.1480862
1.199271	0.1478808
1.202604	0.1477047
1.205938	0.1475579
1.209271	0.1474112
1.212604	0.1472938
1.215937	0.1472351
1.219271	0.1471764
1.222604	0.1471764
1.225937	0.1471764
1.229271	0.1472058
1.232604	0.1472058
1.235937	0.1472351
1.239271	0.1472645
1.242604	0.1472938
1.245937	0.1472938
1.249271	0.1472645
1.252604	0.1472351
1.255937	0.1472058
1.259271	0.1471764
1.262604	0.1471471
1.265937	0.1471471
1.269271	0.1472058
1.272604	0.1472645
1.275938	0.1473525
1.279271	0.1474699
1.282604	0.1476166
1.285938	0.147734
1.289271	0.1478221
1.292604	0.1478514
1.295938	0.1478514
1.299271	0.1478514
1.302604	0.1477927
1.305938	0.147734
1.309271	0.1476753
1.312604	0.1476166
1.315938	0.1475873
1.319271	0.1475873
1.322604	0.1476166
1.325938	0.1477047
1.329271	0.1477927
1.332604	0.1479101
1.335938	0.1479982
1.339271	0.1481155
1.342604	0.1482036
1.345937	0.1482623
1.349271	0.148321
1.352604	0.148321
1.355937	0.1482916
1.359271	0.1482329
1.362604	0.1481155
1.365937	0.1479688
1.369271	0.1478221
1.372604	0.147646
1.375937	0.1474699
1.379271	0.1473232
1.382604	0.1472351
1.385937	0.1471764
1.389271	0.1471764
1.392604	0.1472645
1.395937	0.1473819
1.399271	0.1475286
1.402604	0.1477047
1.405938	0.1478514
1.409271	0.1479982
1.412604	0.1481155
1.415938	0.1481742
1.419271	0.1481742
1.422604	0.1481449
1.425938	0.1480568
1.429271	0.1479395
1.432604	0.1478221
1.435938	0.1476753
1.439271	0.1475579
1.442604	0.1474406
1.445938	0.1473525
1.449271	0.1472938
1.452604	0.1472351
1.455938	0.1472058
1.459271	0.1472351
1.462604	0.1472645
1.465937	0.1473525
1.469271	0.1474699
1.472604	0.1475873
1.475937	0.1477047
1.479271	0.1477927
1.482604	0.1478808
1.485937	0.1479101
1.489271	0.1478808
1.492604	0.1477927
1.495937	0.147646
1.499271	0.1474406
1.502604	0.1472351
1.505937	0.1470003
1.509271	0.1467949
1.512604	0.1465895
1.515937	0.1464134
1.519271	0.146296
1.522604	0.146208
1.525938	0.1461493
1.529271	0.1460906
1.532604	0.1460612
1.535938	0.1460025
1.539271	0.1459145
1.542604	0.1458265
1.545938	0.1457091
1.549271	0.1455917
1.552604	0.1454743
1.555938	0.1453569
1.559271	0.1452395
1.562604	0.1451515
1.565938	0.1450634
1.569271	0.1450341
1.572604	0.1450341
1.575938	0.1450634
1.579271	0.1451221
1.582604	0.1452395
1.585938	0.1453569
1.589271	0.1455036
1.592604	0.1456504
1.595937	0.1457971
1.599271	0.1459438
1.602604	0.1460612
1.605937	0.1461199
1.609271	0.1461786
1.612604	0.146208
1.615937	0.146208
1.619271	0.146208
1.622604	0.146208
1.625937	0.1461786
1.629271	0.1461199
1.632604	0.1460906
1.635937	0.1460319
1.639271	0.1459438
1.642604	0.1458558
1.645937	0.1457384
1.649271	0.145621
1.652604	0.1455036
1.655938	0.1453863
1.659271	0.1452982
1.662604	0.1452395
1.665938	0.1452102
1.669271	0.1452395
1.672604	0.1452982
1.675938	0.1454156
1.679271	0.145533
1.682604	0.1456797
1.685938	0.1458265
1.689271	0.1459732
1.692604	0.1460906
1.695938	0.1461786
1.699271	0.1462667
1.702604	0.1463254
1.705938	0.1463841
1.709271	0.1464428
1.712604	0.1464721
1.715937	0.1465014
1.719271	0.1465014
1.722604	0.1464721
1.725937	0.1463841
1.729271	0.1462667
1.732604	0.1461199
1.735937	0.1459145
1.739271	0.1457091
1.742604	0.145533
1.745937	0.1453569
1.749271	0.1452395
1.752604	0.1451515
1.755937	0.1451221
1.759271	0.1451221
1.762604	0.1451515
1.765937	0.1452102
1.769271	0.1452982
1.772604	0.1453569
1.775938	0.1453863
1.779271	0.1454156
1.782604	0.1454156
1.785938	0.1454156
1.789271	0.1454156
1.792604	0.1454449
1.795938	0.1455036
1.799271	0.1455917
1.802604	0.1457091
1.805938	0.1458265
1.809271	0.1459438
1.812604	0.1460906
1.815938	0.146208
1.819271	0.146296
1.822604	0.1463254
1.825938	0.1463254
1.829271	0.146296
1.832604	0.146208
1.835938	0.1460612
1.839271	0.1459145
1.842604	0.1457678
1.845937	0.1455917
1.849271	0.1453863
1.852604	0.1452395
1.855937	0.1450928
1.859271	0.1449754
1.862604	0.1448873
1.865937	0.144858
1.869271	0.1448873
1.872604	0.144946
1.875937	0.1450341
1.879271	0.1451515
1.882604	0.1452689
1.885937	0.1453569
1.889271	0.1454449
1.892604	0.1454743
1.895937	0.1454743
1.899271	0.1454449
1.902604	0.1453863
1.905938	0.1453276
1.909271	0.1452395
1.912604	0.1451515
1.915938	0.1450634
1.919271	0.1450047
1.922604	0.144946
1.925938	0.1449167
1.929271	0.1448873
1.932604	0.1448873
1.935938	0.1448873
1.939271	0.1448873
1.942604	0.1448873
1.945938	0.1449167
1.949271	0.144946
1.952604	0.1449754
1.955938	0.1450341
1.959271	0.1450634
1.962604	0.1451221
1.965937	0.1451808
1.969271	0.1452689
1.972604	0.1453276
1.975937	0.1454156
1.979271	0.1455036
1.982604	0.145621
1.985937	0.1457091
1.989271	0.1457678
1.992604	0.1458265
1.995937	0.1458852
1.999271	0.1458852
2.002604	0.1458852
2.005938	0.1458265
2.009271	0.1457678
2.012604	0.1456504
2.015938	0.1455623
2.019271	0.1454743
2.022604	0.1454156
2.025938	0.1454156
2.029271	0.1454156
2.032604	0.1454743
2.035938	0.1455917
2.039271	0.1457678
2.042604	0.1459438
2.045938	0.1461493
2.049271	0.1463547
2.052604	0.1465308
2.055938	0.1466775
2.059271	0.1467949
2.062604	0.146883
2.065938	0.146883
2.069271	0.1468536
2.072604	0.1467656
2.075938	0.1466188
2.079271	0.1464721
2.082604	0.1462667
2.085938	0.1460612
2.089271	0.1458558
2.092604	0.1456797
2.095937	0.145533
2.099271	0.1454449
2.102604	0.1454156
2.105937	0.1454156
2.109271	0.1455036
2.112604	0.145621
2.115937	0.1457678
2.119271	0.1459438
2.122604	0.1461199
2.125937	0.1463547
2.129271	0.1465601
2.132604	0.1467656
2.135937	0.146971
2.139271	0.1471471
2.142604	0.1473232
2.145937	0.1474406
2.149271	0.1475579
2.152604	0.1476166
2.155937	0.147646
2.159271	0.1475873
2.162604	0.1474993
2.165937	0.1473819
2.169271	0.1472351
2.172604	0.1470884
2.175937	0.1469417
2.179271	0.1467949
2.182604	0.1466482
2.185937	0.1465601
2.189271	0.1465014
2.192604	0.1464721
2.195937	0.1464428
2.199271	0.1464134
2.202604	0.1464134
2.205937	0.1463841
2.209271	0.1463547
2.212604	0.1462667
2.215938	0.146208
2.219271	0.1461199
2.222604	0.1460025
2.225938	0.1458852
2.229271	0.1457971
2.232604	0.1457091
2.235938	0.1456504
2.239271	0.1456504
2.242604	0.1456797
2.245938	0.1457384
2.249271	0.1458265
2.252604	0.1459438
2.255938	0.1460906
2.259271	0.1462373
2.262604	0.1463547
2.265938	0.1464428
2.269271	0.1464721
2.272604	0.1464428
2.275938	0.1463547
2.279271	0.1462373
2.282604	0.1461199
2.285938	0.1459732
2.289271	0.1458265
2.292604	0.1457384
2.295938	0.1456504
2.299271	0.1455917
2.302604	0.145533
2.305938	0.1454743
2.309271	0.1453863
2.312604	0.1452689
2.315938	0.1451221
2.319271	0.144946
2.322604	0.14477
2.325938	0.1445939
2.329271	0.1444178
2.332604	0.1443297
2.335938	0.1442711
2.339271	0.1442711
2.342604	0.1443297
2.345937	0.1444178
2.349271	0.1445058
2.352604	0.1445939
2.355937	0.1446526
2.359271	0.1447113
2.362604	0.1447406
2.365937	0.1447406
2.369271	0.14477
2.372604	0.14477
2.375937	0.1448287
2.379271	0.1448873
2.382604	0.1449754
2.385937	0.1450928
2.389271	0.1452395
2.392604	0.1453569
2.395937	0.1454743
2.399271	0.1455917
2.402604	0.1456797
2.405937	0.1457971
2.409271	0.1458852
2.412604	0.1459732
2.415937	0.1460612
2.419271	0.1461199
2.422604	0.1461493
2.425937	0.1461199
2.429271	0.1460319
2.432604	0.1458852
2.435937	0.1457091
2.439271	0.1454743
2.442604	0.1452395
2.445937	0.1450047
2.449271	0.1448287
2.452604	0.1447113
2.455937	0.1446819
2.459271	0.1447406
2.462604	0.1448873
2.465938	0.1450928
2.469271	0.1453276
2.472604	0.1455917
2.475938	0.1458558
2.479271	0.1460612
2.482604	0.1462373
2.485938	0.1463547
2.489271	0.1463841
2.492604	0.1463841
2.495938	0.1463547
2.499271	0.1462373
2.502604	0.1461199
2.505938	0.1459732
2.509271	0.1457971
2.512604	0.145621
2.515938	0.1454743
2.519271	0.1453276
2.522604	0.1451808
2.525938	0.1450634
2.529271	0.1449754
2.532604	0.1448873
2.535938	0.1448287
2.539271	0.1447406
2.542604	0.1446819
2.545938	0.1445939
2.549271	0.1445058
2.552604	0.1443884
2.555938	0.1443004
2.559271	0.1442417
2.562604	0.144183
2.565938	0.1441537
2.569271	0.1441243
2.572604	0.1441243
2.575938	0.1441243
2.579271	0.144183
2.582604	0.1442124
2.585938	0.1443004
2.589271	0.1443591
2.592604	0.1444471
2.595937	0.1445352
2.599271	0.1446232
2.602604	0.1447406
2.605937	0.1448287
2.609271	0.144946
2.612604	0.1450634
2.615937	0.1451808
2.619271	0.1452982
2.622604	0.1454156
2.625937	0.145533
2.629271	0.145621
2.632604	0.1457091
2.635937	0.1457678
2.639271	0.1457678
2.642604	0.1457678
2.645937	0.1457384
2.649271	0.1456504
2.652604	0.1455623
2.655937	0.1454449
2.659271	0.1453276
2.662604	0.1452395
2.665937	0.1451515
2.669271	0.1450928
2.672604	0.1450341
2.675937	0.1450047
2.679271	0.1449754
2.682604	0.1449754
2.685937	0.1449754
2.689271	0.1450047
2.692604	0.1450341
2.695937	0.1450928
2.699271	0.1451515
2.702604	0.1452395
2.705937	0.1453276
2.709271	0.1454449
2.712604	0.145533
2.715938	0.145621
2.719271	0.1457091
2.722604	0.1457971
2.725938	0.1458852
2.729271	0.1459732
2.732604	0.1460612
2.735938	0.1461493
2.739271	0.1462373
2.742604	0.1463547
2.745938	0.1464428
2.749271	0.1465308
2.752604	0.1465895
2.755938	0.1466482
2.759271	0.1466482
2.762604	0.1466775
2.765938	0.1467069
2.769271	0.1467656
2.772604	0.146883
2.775938	0.1470297
2.779271	0.1472645
2.782604	0.1475579
2.785938	0.1479101
2.789271	0.1482623
2.792604	0.1486438
2.795938	0.148996
2.799271	0.1493188
2.802604	0.1496416
2.805938	0.1499057
2.809271	0.1501699
2.812604	0.150434
2.815938	0.1507274
2.819271	0.1510503
2.822604	0.1514318
2.825938	0.1518426
2.829271	0.1523122
2.832604	0.1528111
2.835938	0.1533394
2.839271	0.1538676
2.842604	0.1543665
2.845937	0.1548654
2.849271	0.155335
2.852604	0.1557752
2.855937	0.156186
2.859271	0.1565675
2.862604	0.1569491
2.865937	0.1573306
2.869271	0.1577121
2.872604	0.1581523
2.875937	0.1586219
2.879271	0.1591208
2.882604	0.1596784
2.885937	0.1602653
2.889271	0.1609109
2.892604	0.1615566
2.895937	0.1622609
2.899271	0.1629359
2.902604	0.1635815
2.905937	0.1641978
2.909271	0.1647261
2.912604	0.165225
2.915937	0.1656652
2.919271	0.1660761
2.922604	0.1664282
2.925937	0.166751
2.929271	0.1670739
2.932604	0.1673967
2.935937	0.1677195
2.939271	0.168013
2.942604	0.1683064
2.945937	0.1685412
2.949271	0.1687173
2.952604	0.1688053
2.955937	0.1688347
2.959271	0.168776
2.962604	0.168688
2.965938	0.1685119
2.969271	0.1683358
2.972604	0.1681597
2.975938	0.1680423
2.979271	0.1679249
2.982604	0.1678956
2.985938	0.1678956
2.989271	0.1679249
2.992604	0.1679836
2.995938	0.1680423
2.999271	0.1680717
3.002604	0.1680423
3.005938	0.1679543
3.009271	0.1678075
3.012604	0.1675728
3.015938	0.1672793
3.019271	0.1669565
3.022604	0.1666337
3.025938	0.1663108
3.029271	0.1660174
3.032604	0.1657532
3.035938	0.1655185
3.039271	0.1653717
3.042604	0.165225
3.045938	0.1651076
3.049271	0.1650196
3.052604	0.1649315
3.055938	0.1648141
3.059271	0.1646967
3.062604	0.1645793
3.065938	0.1644326
3.069271	0.1642859
3.072604	0.1640804
3.075938	0.1639044
3.079271	0.1636696
3.082604	0.1634348
3.085938	0.1632
3.089271	0.1629359
3.092604	0.1626718
3.095937	0.1623783
3.099271	0.1620848
3.102604	0.1617914
3.105937	0.1614685
3.109271	0.1611751
3.112604	0.1608816
3.115937	0.1606468
3.119271	0.160412
3.122604	0.1602653
3.125937	0.1601479
3.129271	0.1600892
3.132604	0.1600892
3.135937	0.1601186
3.139271	0.1601479
3.142604	0.1602066
3.145937	0.160236
3.149271	0.160236
3.152604	0.1602066
3.155937	0.1601186
3.159271	0.1600599
3.162604	0.1600012
3.165937	0.1599718
3.169271	0.1600305
3.172604	0.1601479
3.175937	0.1603827
3.179271	0.1607055
3.182604	0.161087
3.185937	0.1615272
3.189271	0.1620261
3.192604	0.1624957
3.195937	0.1629652
3.199271	0.1634055
3.202604	0.163787
3.205937	0.1641391
3.209271	0.1644326
3.212604	0.1647261
3.215938	0.1649902
3.219271	0.165225
3.222604	0.1655185
3.225938	0.1658119
3.229271	0.1661348
3.232604	0.1664869
3.235938	0.1668684
3.239271	0.1672793
3.242604	0.1676902
3.245938	0.1680423
3.249271	0.1683945
3.252604	0.1687173
3.255938	0.1689521
3.259271	0.1691575
3.262604	0.1693043
3.265938	0.1694216
3.269271	0.1694803
3.272604	0.1695097
3.275938	0.1695097
3.279271	0.1695097
3.282604	0.1694803
3.285938	0.1694216
3.289271	0.1693923
3.292604	0.1693336
3.295938	0.1692456
3.299271	0.1691869
3.302604	0.1691575
3.305938	0.1690988
3.309271	0.1690695
3.312604	0.1690401
3.315938	0.1689814
3.319271	0.1689227
3.322604	0.1688347
3.325938	0.1687173
3.329271	0.1685706
3.332604	0.1684238
3.335938	0.1682478
3.339271	0.168101
3.342604	0.168013
3.345937	0.1679543
3.349271	0.1679543
3.352604	0.168013
3.355937	0.1681304
3.359271	0.1683064
3.362604	0.1685412
3.365937	0.168776
3.369271	0.1690695
3.372604	0.1693629
3.375937	0.1696858
3.379271	0.1699792
3.382604	0.1703021
3.385937	0.1706542
3.389271	0.170977
3.392604	0.1713586
3.395937	0.1717694
3.399271	0.1722096
3.402604	0.1727085
3.405937	0.1732661
3.409271	0.1738824
3.412604	0.1745574
3.415937	0.1753204
3.419271	0.1761128
3.422604	0.1769932
3.425937	0.177903
3.429271	0.1788715
3.432604	0.1798693
3.435937	0.1808964
3.439271	0.1819236
3.442604	0.1829507
3.445937	0.1840072
3.449271	0.1850637
3.452604	0.1861789
3.455937	0.1872941
3.459271	0.1884973
3.462604	0.1897886
3.465938	0.1911386
3.469271	0.1926353
3.472604	0.1942201
3.475938	0.1959222
3.479271	0.1977124
3.482604	0.1996493
3.485938	0.2016449
3.489271	0.2037579
3.492604	0.205959
3.495938	0.208248
3.499271	0.2105958
3.502604	0.2130023
3.505938	0.2154968
3.509271	0.21805
3.512604	0.2206619
3.515938	0.2233325
3.519271	0.2260912
3.522604	0.2289085
3.525938	0.2318726
3.529271	0.2349247
3.532604	0.2381529
3.535938	0.2415278
3.539271	0.2450495
3.542604	0.2487472
3.545938	0.2525917
3.549271	0.2565243
3.552604	0.2606035
3.555938	0.2647121
3.559271	0.2689381
3.562604	0.2731935
3.565938	0.2775662
3.569271	0.2819977
3.572604	0.2866052
3.575938	0.2913594
3.579271	0.2962898
3.582604	0.3014549
3.585938	0.3068841
3.589271	0.3125482
3.592604	0.3184763
3.595937	0.3246392
3.599271	0.3310663
3.602604	0.3376987
3.605937	0.3445953
3.609271	0.3516974
3.612604	0.3590048
3.615937	0.3665764
3.619271	0.3743534
3.622604	0.3823946
3.625937	0.3906999
3.629271	0.3992692
3.632604	0.4081615
3.635937	0.4173471
3.639271	0.426885
3.642604	0.4367163
3.645937	0.4468705
3.649271	0.4573768
3.652604	0.4681472
3.655937	0.4791818
3.659271	0.4904511
3.662604	0.5019259
3.665937	0.5135474
3.669271	0.5253157
3.672604	0.537172
3.675937	0.5491163
3.679271	0.5611487
3.682604	0.5732104
3.685937	0.5852721
3.689271	0.5973338
3.692604	0.6093368
3.695937	0.6212812
3.699271	0.6331081
3.702604	0.644847
3.705937	0.6564098
3.709271	0.6678258
3.712604	0.6790365
3.715938	0.6900417
3.719271	0.7008415
3.722604	0.7114358
3.725938	0.7217954
3.729271	0.7319496
3.732604	0.7418983
3.735938	0.7516416
3.739271	0.7612088
3.742604	0.7706586
3.745938	0.7800498
3.749271	0.7894115
3.752604	0.798832
3.755938	0.8083698
3.759271	0.8181425
3.762604	0.8281792
3.765938	0.8385975
3.769271	0.8495147
3.772604	0.8609895
3.775938	0.8731686
3.779271	0.8861107
3.782604	0.8999919
3.785938	0.914871
3.789271	0.9308652
3.792604	0.9481508
3.795938	0.9667863
3.799271	0.9868891
3.802604	1.008547
3.805938	1.031908
3.809271	1.057
3.812604	1.083911
3.815938	1.11273
3.819271	1.143515
3.822604	1.176296
3.825938	1.211102
3.829271	1.247933
3.832604	1.286789
3.835938	1.32764
3.839271	1.370399
3.842604	1.415036
3.845937	1.461434
3.849271	1.509446
3.852604	1.558984
3.855937	1.609843
3.859271	1.661846
3.862604	1.714789
3.865937	1.768465
3.869271	1.822552
3.872604	1.876844
3.875937	1.93099
3.879271	1.984754
3.882604	2.037843
3.885937	2.089905
3.889271	2.140647
3.892604	2.189803
3.895937	2.237111
3.899271	2.282247
3.902604	2.324977
3.905937	2.365094
3.909271	2.402395
3.912604	2.436613
3.915937	2.467633
3.919271	2.495308
3.922604	2.51949
3.925937	2.540062
3.929271	2.556966
3.932604	2.570173
3.935937	2.579623
3.939271	2.585316
3.942604	2.587253
3.945937	2.585522
3.949271	2.580151
3.952604	2.571229
3.955937	2.558903
3.959271	2.543291
3.962604	2.524538
3.965938	2.502821
3.969271	2.478375
3.972604	2.451404
3.975938	2.422116
3.979271	2.390744
3.982604	2.357552
3.985938	2.322717
3.989271	2.286473
3.992604	2.249055
3.995938	2.21064
3.999271	2.171461
4.002604	2.131666
4.005938	2.091461
4.009271	2.05105
4.012604	2.010609
4.015937	1.970345
4.019271	1.930432
4.022604	1.891107
4.025938	1.852515
4.029271	1.814892
4.032604	1.778355
4.035937	1.743109
4.039271	1.709272
4.042604	1.677019
4.045938	1.646498
4.049271	1.617855
4.052604	1.591237
4.055937	1.566849
4.059271	1.544868
4.062604	1.52547
4.065938	1.508889
4.069271	1.495418
4.072604	1.485264
4.075937	1.47872
4.079271	1.476137
4.082604	1.477869
4.085938	1.484266
4.089271	1.495741
4.092604	1.512762
4.095938	1.535829
4.099271	1.565441
4.102604	1.602154
4.105937	1.646586
4.109271	1.699352
4.112604	1.761157
4.115938	1.832735
4.119271	1.91479
4.122604	2.008144
4.125937	2.113588
4.129271	2.231858
4.132604	2.363803
4.135938	2.510099
4.139271	2.671509
4.142604	2.848649
4.145937	3.042077
4.149271	3.25232
4.152604	3.479761
4.155938	3.724693
4.159271	3.987293
4.162604	4.267559
4.165937	4.565404
4.169271	4.880564
4.172604	5.21254
4.175938	5.560716
4.179271	5.924211
4.182604	6.301998
4.185937	6.692786
4.189271	7.095107
4.192604	7.507289
4.195938	7.92757
4.199271	8.353868
4.202604	8.78404
4.205937	9.215797
4.209271	9.646703
4.212604	10.07423
4.215938	10.49584
4.219271	10.90887
4.222604	11.31063
4.225937	11.69857
4.229271	12.07008
4.232604	12.42269
4.235938	12.75411
4.239271	13.06211
4.242604	13.34472
4.245937	13.6001
4.249271	13.82669
4.252604	14.02314
4.255938	14.18837
4.259271	14.32148
4.262604	14.42194
4.265937	14.48947
4.269271	14.52401
4.272604	14.5258
4.275938	14.4954
4.279271	14.43356
4.282604	14.34123
4.285937	14.21965
4.289271	14.07015
4.292604	13.89439
4.295938	13.69398
4.299271	13.47083
4.302604	13.22683
4.305937	12.96403
4.309271	12.68447
4.312604	12.39029
4.315938	12.08358
4.319271	11.7664
4.322604	11.44073
4.325937	11.10858
4.329271	10.77179
4.332604	10.43209
4.335938	10.09126
4.339271	9.750768
4.342604	9.41213
4.345938	9.076632
4.349271	8.745507
4.352604	8.419812
4.355937	8.100543
4.359271	7.788465
4.362604	7.484251
4.365938	7.188549
4.369271	6.901738
4.372604	6.624231
4.375937	6.356232
4.379271	6.097976
4.382604	5.849522
4.385938	5.6109
4.389271	5.38205
4.392604	5.162885
4.395937	4.953257
4.399271	4.752933
4.402604	4.561677
4.405938	4.379254
4.409271	4.205342
4.412604	4.039707
4.415937	3.881995
4.419271	3.731942
4.422604	3.589227
4.425938	3.453496
4.429271	3.324514
4.432604	3.201902
4.435937	3.085364
4.439271	2.974607
4.442604	2.86928
4.445938	2.769147
4.449271	2.673886
4.452604	2.583262
4.455937	2.49701
4.459271	2.414926
4.462604	2.336774
4.465938	2.26235
4.469271	2.191505
4.472604	2.124007
4.475937	2.059736
4.479271	1.998459
4.482604	1.940117
4.485938	1.884475
4.489271	1.831444
4.492604	1.780849
4.495937	1.732603
4.499271	1.686615
4.502604	1.642712
4.505938	1.600804
4.509271	1.560833
4.512604	1.522623
4.515937	1.486144
4.519271	1.451339
4.522604	1.418118
4.525938	1.386452
4.529271	1.356341
4.532604	1.327699
4.535937	1.300523
4.539271	1.274815
4.542604	1.250545
4.545938	1.227654
4.549271	1.206142
4.552604	1.185981
4.555937	1.167169
4.559271	1.149649
4.562604	1.133479
4.565938	1.118629
4.569271	1.105159
4.572604	1.093126
4.575937	1.082502
4.579271	1.073434
4.582604	1.065921
4.585938	1.060052
4.589271	1.055943
4.592604	1.053654
4.595938	1.053273
4.599271	1.054945
4.602604	1.058731
4.605937	1.064747
4.609271	1.07317
4.612604	1.084117
4.615938	1.097675
4.619271	1.113992
4.622604	1.133214
4.625937	1.15546
4.629271	1.180845
4.632604	1.209547
4.635938	1.241652
4.639271	1.277309
4.642604	1.316693
4.645937	1.359893
4.649271	1.407083
4.652604	1.458382
4.655938	1.513878
4.659271	1.573746
4.662604	1.638046
4.665937	1.706865
4.669271	1.780292
4.672604	1.858326
4.675938	1.941027
4.679271	2.028393
4.682604	2.120485
4.685937	2.217243
4.689271	2.318726
4.692604	2.424963
4.695938	2.535954
4.699271	2.651817
4.702604	2.77261
4.705937	2.898539
4.709271	3.02978
4.712604	3.166656
4.715938	3.309489
4.719271	3.458749
4.722604	3.614993
4.725937	3.778957
4.729271	3.95143
4.732604	4.1335
4.735938	4.326312
4.739271	4.531332
4.742604	4.750233
4.745937	4.984982
4.749271	5.237837
4.752604	5.511354
4.755938	5.808377
4.759271	6.132224
4.762604	6.486357
4.765937	6.874768
4.769271	7.301624
4.772604	7.771473
4.775938	8.289216
4.779271	8.859991
4.782604	9.489225
4.785937	10.18261
4.789271	10.94608
4.792604	11.78565
4.795938	12.70742
4.799271	13.71749
4.802604	14.82183
4.805937	16.02618
4.809271	17.33583
4.812604	18.75565
4.815938	20.28989
4.819271	21.94217
4.822604	23.71524
4.825937	25.61108
4.829271	27.63061
4.832604	29.77372
4.835938	32.03912
4.839271	34.4242
4.842604	36.92496
4.845938	39.53596
4.849271	42.25005
4.852604	45.05853
4.855937	47.95111
4.859271	50.91594
4.862604	53.93971
4.865938	57.00773
4.869271	60.10406
4.872604	63.21164
4.875937	66.3125
4.879271	69.38783
4.882604	72.41819
4.885938	75.3837
4.889271	78.2642
4.892604	81.03966
4.895937	83.69018
4.899271	86.19658
4.902604	88.54037
4.905938	90.7042
4.909271	92.67199
4.912604	94.42919
4.915937	95.96288
4.919271	97.26208
4.922604	98.31773
4.925938	99.12293
4.929271	99.67295
4.932604	99.96537
4.935937	100
4.939271	99.77896
4.942604	99.30658
4.945938	98.58922
4.949271	97.63529
4.952604	96.45497
4.955937	95.06007
4.959271	93.46381
4.962604	91.68073
4.965938	89.72641
4.969271	87.61728
4.972604	85.37043
4.975937	83.00334
4.979271	80.53371
4.982604	77.97915
4.985938	75.35708
4.989271	72.68446
4.992604	69.97762
4.995937	67.25217
4.999271	64.52285
5.002604	61.80353
5.005938	59.10702
5.009271	56.44511
5.012604	53.82851
5.015937	51.26664
5.019271	48.76787
5.022604	46.3393
5.025938	43.98685
5.029271	41.71535
5.032604	39.52842
5.035937	37.42883
5.039271	35.41836
5.042604	33.498
5.045938	31.66799
5.049271	29.928
5.052604	28.27704
5.055937	26.71353
5.059271	25.23552
5.062604	23.84059
5.065938	22.52598
5.069271	21.28867
5.072604	20.12543
5.075937	19.03289
5.079271	18.00764
5.082604	17.04626
5.085938	16.1453
5.089271	15.30145
5.092604	14.51136
5.095938	13.7719
5.099271	13.07983
5.102604	12.43214
5.105937	11.82588
5.109271	11.25825
5.112604	10.72648
5.115938	10.22807
5.119271	9.760658
5.122604	9.322063
5.125937	8.910204
5.129271	8.523231
5.132604	8.159443
5.135938	7.817137
5.139271	7.494875
5.142604	7.191219
5.145937	6.904849
5.149271	6.634531
5.152604	6.379093
5.155938	6.137448
5.159271	5.908686
5.162604	5.691898
5.165937	5.486291
5.169271	5.291161
5.172604	5.105892
5.175938	4.929926
5.179271	4.762676
5.182604	4.603672
5.185937	4.452446
5.189271	4.308586
5.192604	4.171622
5.195938	4.041262
5.199271	3.917094
5.202604	3.798825
5.205937	3.68619
5.209271	3.578955
5.212604	3.476856
5.215938	3.379717
5.219271	3.287332
5.222604	3.199466
5.225937	3.115973
5.229271	3.036618
5.232604	2.961254
5.235938	2.889647
5.239271	2.821679
5.242604	2.757144
5.245937	2.695926
5.249271	2.637818
5.252604	2.582704
5.255938	2.530437
5.259271	2.48084
5.262604	2.433796
5.265937	2.38913
5.269271	2.346694
5.272604	2.306341
5.275938	2.267896
5.279271	2.231212
5.282604	2.196172
5.285937	2.162657
5.289271	2.130492
5.292604	2.09959
5.295938	2.069802
5.299271	2.041071
5.302604	2.01328
5.305937	1.98628
5.309271	1.959985
5.312604	1.934306
5.315938	1.909126
5.319271	1.884328
5.322604	1.859882
5.325937	1.83567
5.329271	1.811664
5.332604	1.787775
5.335938	1.763975
5.339271	1.740233
5.342604	1.71652
5.345938	1.692808
5.349271	1.669095
5.352604	1.645324
5.355937	1.621553
5.359271	1.597752
5.362604	1.573893
5.365938	1.550063
5.369271	1.526233
5.372604	1.502403
5.375937	1.478602
5.379271	1.45486
5.382604	1.431148
5.385938	1.407553
5.389271	1.384016
5.392604	1.360567
5.395937	1.337266
5.399271	1.314111
5.402604	1.291161
5.405938	1.268417
5.409271	1.245908
5.412604	1.223692
5.415937	1.201799
5.419271	1.180229
5.422604	1.158981
5.425938	1.138115
5.429271	1.117631
5.432604	1.097528
5.435937	1.077836
5.439271	1.058555
5.442604	1.039714
5.445938	1.021313
5.449271	1.003353
5.452604	0.985862
5.455937	0.9688406
5.459271	0.95223
5.462604	0.9360597
5.465938	0.9202709
5.469271	0.9048929
5.472604	0.8898671
5.475937	0.8752229
5.479271	0.8609308
5.482604	0.8469615
5.485938	0.8333737
5.489271	0.8201381
5.492604	0.807284
5.495937	0.7948114
5.499271	0.7827204
5.502604	0.7709815
5.505938	0.7596241
5.509271	0.7486188
5.512604	0.7379071
5.515937	0.7275475
5.519271	0.717452
5.522604	0.7076207
5.525938	0.6980535
5.529271	0.6887211
5.532604	0.6795941
5.535937	0.6706725
5.539271	0.6619857
5.542604	0.653475
5.545938	0.6451404
5.549271	0.6370112
5.552604	0.6290288
5.555937	0.6212518
5.559271	0.6136215
5.562604	0.6061673
5.565938	0.5989186
5.569271	0.5917872
5.572604	0.5848319
5.575937	0.5780527
5.579271	0.5714202
5.582604	0.5649344
5.585938	0.5586248
5.589271	0.5524619
5.592604	0.5464163
5.595938	0.5405175
5.599271	0.5347361
5.602604	0.5290428
5.605937	0.5234668
5.609271	0.5179789
5.612604	0.5125496
5.615938	0.5071791
5.619271	0.5018966
5.622604	0.4967021
5.625937	0.4915663
5.629271	0.486548
5.632604	0.4816176
5.635938	0.4768047
5.639271	0.4721385
5.642604	0.4675603
5.645937	0.4630995
5.649271	0.4587561
5.652604	0.4545007
5.655938	0.4503334
5.659271	0.4462835
5.662604	0.4422923
5.665937	0.4383891
5.669271	0.4345446
5.672604	0.4307882
5.675938	0.4270904
5.679271	0.4234514
5.682604	0.4199003
5.685937	0.416408
5.689271	0.4130037
5.692604	0.4096875
5.695938	0.4064593
5.699271	0.4032898
5.702604	0.4002377
5.705937	0.3972736
5.709271	0.3943683
5.712604	0.3915803
5.715938	0.388851
5.719271	0.3861804
5.722604	0.3835685
5.725937	0.3810446
5.729271	0.3786088
5.732604	0.3762317
5.735938	0.3739719
5.739271	0.3717709
5.742604	0.3696872
5.745937	0.3676916
5.749271	0.3657841
5.752604	0.3639352
5.755938	0.3622037
5.759271	0.3605015
5.762604	0.3588874
5.765937	0.357332
5.769271	0.3558647
5.772604	0.3544267
5.775938	0.3530767
5.779271	0.3518148
5.782604	0.3505822
5.785937	0.3494376
5.789271	0.3483518
5.792604	0.3472953
5.795938	0.3462975
5.799271	0.3453877
5.802604	0.3445073
5.805937	0.3436856
5.809271	0.3428932
5.812604	0.3421595
5.815938	0.3414845
5.819271	0.3408095
5.822604	0.3401346
5.825937	0.3395183
5.829271	0.3388726
5.832604	0.3382563
5.835938	0.3376694
5.839271	0.3371118
5.842604	0.3365542
5.845938	0.3360553
5.849271	0.3355564
5.852604	0.3350575
5.855937	0.3345586
5.859271	0.334001
5.862604	0.3333847
5.865938	0.332651
5.869271	0.3317706
5.872604	0.3308021
5.875937	0.3297163
5.879271	0.3285131
5.882604	0.3272218
5.885938	0.3258425
5.889271	0.3244631
5.892604	0.3230545
5.895937	0.3216458
5.899271	0.3202958
5.902604	0.3189752
5.905938	0.3176839
5.909271	0.3164513
5.912604	0.3152188
5.915937	0.3140155
5.919271	0.3128416
5.922604	0.3116971
5.925938	0.3105232
5.929271	0.3093787
5.932604	0.3082635
5.935937	0.3071189
5.939271	0.3060037
5.942604	0.3049179
5.945938	0.303832
5.949271	0.3027462
5.952604	0.3016897
5.955937	0.3006038
5.959271	0.299518
5.962604	0.2984028
5.965938	0.2972876
5.969271	0.2961724
5.972604	0.2950278
5.975937	0.2938539
5.979271	0.2926801
5.982604	0.2915062
5.985938	0.2903323
5.989271	0.2891584
5.992604	0.2880432
5.995937	0.2869867
5.999271	0.2859595
6.002604	0.2849617
6.005938	0.2840226
6.009271	0.2831422
6.012604	0.2822911
6.015937	0.2814401
6.019271	0.280589
6.022604	0.2797379
6.025938	0.2788869
6.029271	0.2780064
6.032604	0.2771554
6.035937	0.2763043
6.039271	0.2754826
6.042604	0.2746902
6.045938	0.2739565
6.049271	0.2732522
6.052604	0.2725772
6.055937	0.2719609
6.059271	0.2713446
6.062604	0.270699
6.065938	0.2700827
6.069271	0.2694077
6.072604	0.2687034
6.075937	0.2679697
6.079271	0.2671773
6.082604	0.2663262
6.085938	0.2654458
6.089271	0.2645654
6.092604	0.2636556
6.095938	0.2627459
6.099271	0.2618361
6.102604	0.2609263
6.105937	0.2600459
6.109271	0.2591655
6.112604	0.2583144
6.115938	0.257434
6.119271	0.256583
6.122604	0.2557319
6.125937	0.2548515
6.129271	0.2539417
6.132604	0.2530026
6.135938	0.2520341
6.139271	0.251007
6.142604	0.2499505
6.145937	0.2488646
6.149271	0.2477201
6.152604	0.2465755
6.155938	0.245431
6.159271	0.2442865
6.162604	0.2431713
6.165937	0.2420854
6.169271	0.2410583
6.172604	0.2400898
6.175938	0.2391507
6.179271	0.2382703
6.182604	0.2373899
6.185937	0.2365094
6.189271	0.235629
6.192604	0.234778
6.195938	0.2338975
6.199271	0.2329878
6.202604	0.232078
6.205937	0.2311682
6.209271	0.2302585
6.212604	0.2293194
6.215938	0.2284389
6.219271	0.2275585
6.222604	0.2267368
6.225937	0.2259444
6.229271	0.2251814
6.232604	0.2244771
6.235938	0.2238608
6.239271	0.2232738
6.242604	0.2227162
6.245937	0.2222173
6.249271	0.2217478
6.252604	0.2213076
6.255938	0.2208967
6.259271	0.2205152
6.262604	0.2201337
6.265937	0.2197522
6.269271	0.2193706
6.272604	0.2189598
6.275938	0.2185196
6.279271	0.21805
6.282604	0.2175511
6.285937	0.2170522
6.289271	0.2164946
6.292604	0.215937
6.295938	0.2154088
6.299271	0.2148805
6.302604	0.214411
6.305937	0.2139708
6.309271	0.2135892
6.312604	0.2132371
6.315938	0.2129436
6.319271	0.2126795
6.322604	0.2124447
6.325937	0.2122686
6.329271	0.2120925
6.332604	0.2119458
6.335938	0.2118284
6.339271	0.211711
6.342604	0.211623
6.345938	0.2115056
6.349271	0.2113882
6.352604	0.2112708
6.355937	0.2111534
6.359271	0.2110654
6.362604	0.2109773
6.365938	0.2109186
6.369271	0.210948
6.372604	0.2110067
6.375937	0.2111534
6.379271	0.2113589
6.382604	0.2116523
6.385938	0.2119458
6.389271	0.212298
6.392604	0.2126501
6.395937	0.2130023
6.399271	0.2133545
6.402604	0.2136773
6.405938	0.2139708
6.409271	0.2142936
6.412604	0.2146457
6.415937	0.2149979
6.419271	0.2154381
6.422604	0.2159077
6.425938	0.2164653
6.429271	0.2170816
6.432604	0.2177565
6.435937	0.2184609
6.439271	0.2192239
6.442604	0.2199869
6.445938	0.2207793
6.449271	0.221601
6.452604	0.2224228
6.455937	0.2233032
6.459271	0.2241542
6.462604	0.225064
6.465938	0.2259444
6.469271	0.2268835
6.472604	0.2277933
6.475937	0.2287324
6.479271	0.2296715
6.482604	0.2306106
6.485938	0.2316085
6.489271	0.2326063
6.492604	0.2336334
6.495937	0.2347193
6.499271	0.2358638
6.502604	0.2370377
6.505938	0.2382703
6.509271	0.2395616
6.512604	0.2408822
6.515937	0.2422322
6.519271	0.2435821
6.522604	0.2449028
6.525938	0.2462234
6.529271	0.2475147
6.532604	0.2487766
6.535937	0.2500385
6.539271	0.2512711
6.542604	0.2525037
6.545938	0.2537363
6.549271	0.2549982
6.552604	0.2562601
6.555937	0.2575808
6.559271	0.2589307
6.562604	0.2603101
6.565938	0.2616894
6.569271	0.263098
6.572604	0.2645361
6.575937	0.2660034
6.579271	0.2674708
6.582604	0.2689675
6.585938	0.2704642
6.589271	0.2719903
6.592604	0.273575
6.595938	0.2751891
6.599271	0.2768619
6.602604	0.2785934
6.605937	0.2804129
6.609271	0.2823205
6.612604	0.2843161
6.615938	0.2863704
6.619271	0.2885421
6.622604	0.2907725
6.625937	0.2930909
6.629271	0.2954974
6.632604	0.2979919
6.635938	0.3005745
6.639271	0.3032157
6.642604	0.3059157
6.645937	0.3086743
6.649271	0.3114623
6.652604	0.3142796
6.655938	0.317097
6.659271	0.3199143
6.662604	0.322673
6.665937	0.3253729
6.669271	0.3279848
6.672604	0.330538
6.675938	0.3329738
6.679271	0.3353216
6.682604	0.3375814
6.685937	0.3397237
6.689271	0.341778
6.692604	0.3437443
6.695938	0.3455931
6.699271	0.347354
6.702604	0.3489974
6.705937	0.3505528
6.709271	0.3520202
6.712604	0.3533995
6.715938	0.3547201
6.719271	0.3560114
6.722604	0.357244
6.725937	0.3585059
6.729271	0.3597679
6.732604	0.3610885
6.735938	0.3624091
6.739271	0.3637884
6.742604	0.3651971
6.745937	0.3666351
6.749271	0.3680731
6.752604	0.3694818
6.755938	0.3708024
6.759271	0.3720057
6.762604	0.3730328
6.765937	0.3737665
6.769271	0.3742067
6.772604	0.3742067
6.775938	0.3737372
6.779271	0.3726807
6.782604	0.3709492
6.785937	0.368484
6.789271	0.3651971
6.792604	0.3610298
6.795938	0.3558647
6.799271	0.3496724
6.802604	0.342365
6.805937	0.3339129
6.809271	0.3242577
6.812604	0.3134286
6.815938	0.3014549
6.819271	0.2883367
6.822604	0.2741326
6.825937	0.2589894
6.829271	0.2429952
6.832604	0.2262672
6.835938	0.2090111
6.839271	0.191344
6.842604	0.1734422
6.845938	0.1554817
6.849271	0.1376973
6.852604	0.120265
6.855937	0.1033903
6.859271	0.08724936
6.862604	0.07210618
6.865938	0.0580782
6.869271	0.0453415
6.872604	0.03407216
6.875937	0.02432888
6.879271	0.01619969
6.882604	0.009743299
6.885938	0.004901004
6.889271	0.001672793
6.892604	5.869448e-05
6.895937	0
6.899271	0.001408668
6.902604	0.004255364
6.905938	0.008481367
6.909271	0.0139693
6.912604	0.02068982
6.915937	0.02858423
6.919271	0.03747643
6.922604	0.04736646
6.925938	0.0580782
6.929271	0.06952362
6.932604	0.08158535
6.935937	0.09417531
6.939271	0.1071761
6.942604	0.1205291
6.945938	0.1341169
6.949271	0.1478808
6.952604	0.161762
6.955937	0.1756433
6.959271	0.1894952
6.962604	0.2032297
6.965938	0.2167587
6.969271	0.2299943
6.972604	0.2428191
6.975937	0.2551743
6.979271	0.2669719
6.982604	0.2780651
6.985938	0.2884541
6.989271	0.2980213
6.992604	0.3067374
6.995937	0.3145144
6.999271	0.3213817
7.002604	0.3272805
7.005938	0.3322108
7.009271	0.3361433
7.012604	0.3391074
7.015937	0.341103
7.019271	0.3421302
7.022604	0.3422182
7.025938	0.3413965
7.029271	0.3397237
7.032604	0.3371705
7.035937	0.3338543
7.039271	0.3298043
7.042604	0.3251088
7.045938	0.3197969
7.049271	0.3139275
7.052604	0.3076178
7.055937	0.3008973
7.059271	0.2938833
7.062604	0.2865758
7.065938	0.2790923
7.069271	0.2714914
7.072604	0.2638317
7.075937	0.2561721
7.079271	0.2485712
7.082604	0.2410583
7.085938	0.2336628
7.089271	0.2264727
7.092604	0.2195174
7.095938	0.2127969
7.099271	0.2063992
7.102604	0.2002656
7.105937	0.1945135
7.109271	0.1890843
7.112604	0.1840659
7.115938	0.1794584
7.119271	0.1752911
7.122604	0.1715053
7.125937	0.1681304
7.129271	0.1651663
7.132604	0.1625544
7.135938	0.1602946
7.139271	0.1583871
7.142604	0.1567436
7.145937	0.1553643
7.149271	0.1542198
7.152604	0.15331
7.155938	0.1526057
7.159271	0.1520774
7.162604	0.1517546
7.165937	0.1515785
7.169271	0.1516079
7.172604	0.1517546
7.175938	0.1520774
7.179271	0.152547
7.182604	0.1531633
7.185937	0.153897
7.189271	0.1547187
7.192604	0.1556578
7.195938	0.1566262
7.199271	0.1576241
7.202604	0.1586219
7.205937	0.1596197
7.209271	0.1606175
7.212604	0.1616153
7.215938	0.1625837
7.219271	0.1635522
7.222604	0.16455
7.225937	0.1655772
7.229271	0.1666337
7.232604	0.1677195
7.235938	0.1688053
7.239271	0.1699499
7.242604	0.1710944
7.245937	0.1722683
7.249271	0.1735009
7.252604	0.1747335
7.255938	0.1760248
7.259271	0.1773454
7.262604	0.1787541
7.265937	0.1801921
7.269271	0.1816888
7.272604	0.1832442
7.275938	0.1848583
7.279271	0.1864724
7.282604	0.1881158
7.285937	0.1897886
7.289271	0.1914321
7.292604	0.1930462
7.295938	0.1946016
7.299271	0.1960983
7.302604	0.197507
7.305937	0.1987982
7.309271	0.2000308
7.312604	0.201146
7.315938	0.2021732
7.319271	0.2031123
7.322604	0.2039633
7.325937	0.2047557
7.329271	0.2054894
7.332604	0.2061644
7.335938	0.2067807
7.339271	0.2073676
7.342604	0.2079546
7.345938	0.2084828
7.349271	0.2090111
7.352604	0.2095393
7.355937	0.2100089
7.359271	0.2104784
7.362604	0.2108893
7.365938	0.2112708
7.369271	0.211623
7.372604	0.2118871
7.375937	0.2120925
7.379271	0.2122686
7.382604	0.2124154
7.385938	0.2125034
7.389271	0.2126208
7.392604	0.2127088
7.395937	0.2128262
7.399271	0.2129436
7.402604	0.2131197
7.405938	0.2133545
7.409271	0.2136479
7.412604	0.2140001
7.415937	0.2144403
7.419271	0.2149979
7.422604	0.2156142
7.425938	0.2163185
7.429271	0.2171109
7.432604	0.2179913
7.435937	0.2189304
7.439271	0.2198695
7.442604	0.2208674
7.445938	0.2218652
7.449271	0.2228923
7.452604	0.2239195
7.455937	0.2249466
7.459271	0.2259738
7.462604	0.2270303
7.465938	0.2281455
7.469271	0.2292607
7.472604	0.2304346
7.475937	0.2316378
7.479271	0.2328704
7.482604	0.234103
7.485938	0.2352769
7.489271	0.2364214
7.492604	0.2374779
7.495937	0.238417
7.499271	0.2392387
7.502604	0.2399137
7.505938	0.240442
7.509271	0.2408528
7.512604	0.2410583
7.515937	0.2411463
7.519271	0.2410583
7.522604	0.2408235
7.525938	0.2404713
7.529271	0.2399724
7.532604	0.2393855
7.535937	0.2386811
7.539271	0.2378888
7.542604	0.2370083
7.545938	0.2360399
7.549271	0.2349834
7.552604	0.2338388
7.555937	0.2325769
7.559271	0.2311976
7.562604	0.2297009
7.565938	0.2280868
7.569271	0.2263259
7.572604	0.2244771
7.575937	0.2225401
7.579271	0.2205152
7.582604	0.2184609
7.585938	0.2163772
7.589271	0.2143229
7.592604	0.212298
7.595938	0.2103024
7.599271	0.2083948
7.602604	0.2065753
7.605937	0.2048438
7.609271	0.203171
7.612604	0.2015862
7.615938	0.2000895
7.619271	0.1986808
7.622604	0.1973602
7.625937	0.196157
7.629271	0.1950418
7.632604	0.1940146
7.635938	0.1931049
7.639271	0.1922538
7.642604	0.1914614
7.645937	0.1907277
7.649271	0.1900234
7.652604	0.1893484
7.655938	0.1887321
7.659271	0.1881158
7.662604	0.1875582
7.665937	0.1870593
7.669271	0.1866191
7.672604	0.186267
7.675938	0.1859735
7.679271	0.1857974
7.682604	0.18568
7.685937	0.1856507
7.689271	0.1856507
7.692604	0.1856507
7.695938	0.1856507
7.699271	0.185592
7.702604	0.1854746
7.705937	0.1852985
7.709271	0.1850344
7.712604	0.1847409
7.715938	0.1843594
7.719271	0.1839779
7.722604	0.1835964
7.725937	0.1832148
7.729271	0.1828627
7.732604	0.1825692
7.735938	0.1823344
7.739271	0.182129
7.742604	0.1819529
7.745937	0.1818355
7.749271	0.1817181
7.752604	0.1816301
7.755938	0.1815714
7.759271	0.181454
7.762604	0.181366
7.765937	0.1812192
7.769271	0.1810725
7.772604	0.1808964
7.775938	0.1806616
7.779271	0.1803975
7.782604	0.1801334
7.785937	0.1798106
7.789271	0.1794877
7.792604	0.1791356
7.795938	0.1787834
7.799271	0.1784606
7.802604	0.1781671
7.805937	0.1778736
7.809271	0.1775802
7.812604	0.1773454
7.815938	0.1771106
7.819271	0.1769052
7.822604	0.1766998
7.825937	0.1765237
7.829271	0.1763476
7.832604	0.1762302
7.835938	0.1761422
7.839271	0.1760835
7.842604	0.1760835
7.845938	0.1760835
7.849271	0.1761128
7.852604	0.1761422
7.855937	0.1761128
7.859271	0.1760541
7.862604	0.1759367
7.865938	0.1757606
7.869271	0.1755552
7.872604	0.1753204
7.875937	0.1750563
7.879271	0.1748215
7.882604	0.1746161
7.885938	0.1744107
7.889271	0.1742933
7.892604	0.1741759
7.895937	0.1740879
7.899271	0.1740292
7.902604	0.1739998
7.905938	0.1739411
7.909271	0.1738824
7.912604	0.1737944
7.915937	0.173677
7.919271	0.1735303
7.922604	0.1733542
7.925938	0.1731194
7.929271	0.172914
7.932604	0.1726792
7.935937	0.1724738
7.939271	0.1722977
7.942604	0.1721803
7.945938	0.1720922
7.949271	0.1720335
7.952604	0.1720335
7.955937	0.1720335
7.959271	0.1720335
7.962604	0.1719749
7.965938	0.1719162
7.969271	0.1717694
7.972604	0.1715933
7.975937	0.1713879
7.979271	0.1711531
7.982604	0.1709184
7.985938	0.1706836
7.989271	0.1705075
7.992604	0.1703901
7.995937	0.1703314
7.999271	0.1703021
8.002604	0.1703314
8.005938	0.1703314
8.009271	0.1703314
8.012604	0.1703021
8.015938	0.1702727
8.019271	0.1701847
8.022604	0.1700673
8.025937	0.1699205
8.029271	0.1698032
8.032604	0.1697151
8.035937	0.1696858
8.03927	0.1696858
8.042604	0.1697151
8.045938	0.1697445
8.049271	0.1697738
8.052604	0.1698032
8.055938	0.1697738
8.059271	0.1696858
8.062604	0.169539
8.065937	0.1693629
8.069271	0.1691282
8.072604	0.1688934
8.075937	0.1686293
8.07927	0.1683945
8.082604	0.1682184
8.085938	0.1680423
8.089271	0.1679543
8.092605	0.1679249
8.095938	0.1679543
8.099271	0.168013
8.102604	0.1681304
8.105938	0.1682478
8.109271	0.1683651
8.112604	0.1684825
8.115937	0.1685706
8.119271	0.1686586
8.122604	0.1687467
8.125937	0.1688347
8.129271	0.1688934
8.132605	0.1689814
8.135938	0.1690695
8.139271	0.1691869
8.142604	0.1693629
8.145938	0.169539
8.149271	0.1697445
8.152604	0.1699499
8.155937	0.1701553
8.159271	0.1703608
8.162604	0.1705662
8.165937	0.1707129
8.169271	0.1708303
8.172605	0.1708597
8.175938	0.1708303
8.179271	0.1707716
8.182604	0.1706836
8.185938	0.1705662
8.189271	0.1704488
8.192604	0.1703608
8.195937	0.1703021
8.199271	0.1702727
8.202604	0.1703314
8.205937	0.1704488
8.20927	0.1706249
8.212605	0.1708303
8.215938	0.1710944
8.219271	0.1713292
8.222604	0.1715933
8.225938	0.1717988
8.229271	0.1719749
8.232604	0.1720922
8.235937	0.1721803
8.239271	0.1721803
8.242604	0.1721509
8.245937	0.1720629
8.24927	0.1719455
8.252604	0.1718281
8.255938	0.1717401
8.259271	0.171652
8.262604	0.171564
8.265938	0.1715346
8.269271	0.1715346
8.272604	0.1715346
8.275937	0.171564
8.279271	0.1715933
8.282604	0.1715933
8.285937	0.1716227
8.28927	0.1716227
8.292604	0.1715933
8.295938	0.171564
8.299271	0.1715346
8.302604	0.1714759
8.305938	0.1714466
8.309271	0.1713879
8.312604	0.1713292
8.315937	0.1712412
8.319271	0.1711531
8.322604	0.1710357
8.325937	0.1709184
8.32927	0.1707423
8.332604	0.1705662
8.335938	0.1703901
8.339271	0.1702434
8.342605	0.1700673
8.345938	0.1699205
8.349271	0.1698032
8.352604	0.1697151
8.355938	0.1696564
8.359271	0.1695977
8.362604	0.1695684
8.365937	0.169539
8.369271	0.1695097
8.372604	0.1694803
8.375937	0.169451
8.379271	0.169451
8.382605	0.1694216
8.385938	0.1694216
8.389271	0.1693923
8.392604	0.1693629
8.395938	0.1693336
8.399271	0.1692749
8.402604	0.1691869
8.405937	0.1690695
8.409271	0.1689227
8.412604	0.1687467
8.415937	0.1685119
8.419271	0.1682771
8.422605	0.1680423
8.425938	0.1677782
8.429271	0.1675141
8.432604	0.1672499
8.435938	0.1669858
8.439271	0.1666923
8.442604	0.1664282
8.445937	0.1661641
8.449271	0.1659293
8.452604	0.1657239
8.455937	0.1655478
8.45927	0.1654011
8.462605	0.165313
8.465938	0.165225
8.469271	0.1651663
8.472604	0.1651369
8.475938	0.1650783
8.479271	0.1650196
8.482604	0.1649609
8.485937	0.1648728
8.489271	0.1648141
8.492604	0.1647848
8.495937	0.1647554
8.49927	0.1647554
8.502604	0.1647554
8.505938	0.1648141
8.509271	0.1648728
8.512604	0.1649609
8.515938	0.1650489
8.519271	0.1651369
8.522604	0.165225
8.525937	0.1652837
8.529271	0.1652837
8.532604	0.165313
8.535937	0.1652837
8.53927	0.1652543
8.542604	0.1651956
8.545938	0.1651369
8.549271	0.1651076
8.552604	0.1650783
8.555938	0.1650489
8.559271	0.1650783
8.562604	0.1651076
8.565937	0.1651369
8.569271	0.1651956
8.572604	0.1652543
8.575937	0.165313
8.57927	0.1653424
8.582604	0.1653424
8.585938	0.165313
8.589271	0.1652837
8.592605	0.165225
8.595938	0.1651076
8.599271	0.1649902
8.602604	0.1648435
8.605938	0.1646674
8.609271	0.164462
8.612604	0.1642565
8.615937	0.1640217
8.619271	0.163787
8.622604	0.1635522
8.625937	0.1633174
8.629271	0.163112
8.632605	0.1628772
8.635938	0.1626718
8.639271	0.1624663
8.642604	0.1622609
8.645938	0.1620555
8.649271	0.1618794
8.652604	0.161674
8.655937	0.1614979
8.659271	0.1613218
8.662604	0.1611457
8.665937	0.1609696
8.669271	0.1608229
8.672605	0.1607055
8.675938	0.1606175
8.679271	0.1605294
8.682604	0.1604707
8.685938	0.1604414
8.689271	0.1604414
8.692604	0.1604414
8.695937	0.1604707
8.699271	0.1604707
8.702604	0.1604707
8.705937	0.1604707
8.70927	0.1604707
8.712605	0.1604414
8.715938	0.160412
8.719271	0.160412
8.722604	0.1604414
8.725938	0.1604707
8.729271	0.1605294
8.732604	0.1605881
8.735937	0.1606762
8.739271	0.1607349
8.742604	0.1608229
8.745937	0.1608816
8.74927	0.1609403
8.752604	0.1609403
8.755938	0.1609109
8.759271	0.1608816
8.762604	0.1607936
8.765938	0.1607055
8.769271	0.1605881
8.772604	0.1604414
8.775937	0.160324
8.779271	0.1601773
8.782604	0.1600305
8.785937	0.1599131
8.78927	0.1597957
8.792604	0.1597077
8.795938	0.1596197
8.799271	0.159561
8.802604	0.1595023
8.805938	0.1594436
8.809271	0.1594142
8.812604	0.1593555
8.815937	0.1592968
8.819271	0.1592381
8.822604	0.1592088
8.825937	0.1591501
8.82927	0.1591208
8.832604	0.1590621
8.835938	0.1590327
8.839271	0.158974
8.842605	0.1589447
8.845938	0.158886
8.849271	0.1588566
8.852604	0.1587979
8.855938	0.1587392
8.859271	0.1587099
8.862604	0.1586806
8.865937	0.1586806
8.869271	0.1587099
8.872604	0.1587392
8.875937	0.1588273
8.879271	0.158886
8.882605	0.158974
8.885938	0.1590621
8.889271	0.1591208
8.892604	0.1591795
8.895938	0.1591795
8.899271	0.1591795
8.902604	0.1591208
8.905937	0.1590914
8.909271	0.1590621
8.912604	0.1590327
8.915937	0.1590327
8.919271	0.1590621
8.922605	0.1590914
8.925938	0.1591208
8.929271	0.1591501
8.932604	0.1591795
8.935938	0.1591795
8.939271	0.1591208
8.942604	0.1590914
8.945937	0.1590327
8.949271	0.158974
8.952604	0.1589153
8.955937	0.158886
8.95927	0.1588566
8.962605	0.1588273
8.965938	0.1587979
8.969271	0.1587686
8.972604	0.1586806
8.975938	0.1585925
8.979271	0.1585045
8.982604	0.1583871
8.985937	0.1582697
8.989271	0.1581816
8.992604	0.1581523
8.995937	0.1581523
8.99927	0.158211
9.002604	0.158299
9.005938	0.1584164
9.009271	0.1585338
9.012604	0.1586219
9.015938	0.1586806
9.019271	0.1586512
9.022604	0.1585632
9.025937	0.1583871
9.029271	0.1581523
9.032604	0.1578588
9.035937	0.1575654
9.03927	0.1572425
9.042604	0.1569784
9.045938	0.1567436
9.049271	0.1565969
9.052604	0.1565382
9.055938	0.1565382
9.059271	0.1566556
9.062604	0.1568023
9.065937	0.1570078
9.069271	0.1572132
9.072604	0.1574186
9.075937	0.1576241
9.07927	0.1578001
9.082604	0.1579175
9.085938	0.1580056
9.089271	0.1580643
9.092605	0.158123
9.095938	0.158123
9.099271	0.1581523
9.102604	0.1581523
9.105938	0.1581523
9.109271	0.158123
9.112604	0.1580643
9.115937	0.1580056
9.119271	0.1578882
9.122604	0.1577414
9.125937	0.157536
9.129271	0.1573306
9.132605	0.1571251
9.135938	0.1568904
9.139271	0.1567143
9.142604	0.1565675
9.145938	0.1564502
9.149271	0.1563621
9.152604	0.1563328
9.155937	0.1563621
9.159271	0.1563915
9.162604	0.1564795
9.165937	0.1565675
9.169271	0.1566556
9.172605	0.1568023
9.175938	0.1569491
9.179271	0.1570958
9.182604	0.1572719
9.185938	0.1573893
9.189271	0.1575067
9.192604	0.1575654
9.195937	0.1575947
9.199271	0.1575654
9.202604	0.1574773
9.205937	0.1573306
9.20927	0.1571838
9.212605	0.1570078
9.215938	0.1568904
9.219271	0.156773
9.222604	0.1567143
9.225938	0.1566849
9.229271	0.1567143
9.232604	0.1567436
9.235937	0.1568023
9.239271	0.156861
9.242604	0.1569197
9.245937	0.1569491
9.24927	0.1570078
9.252604	0.1570371
9.255938	0.1570958
9.259271	0.1571251
9.262604	0.1572132
9.265938	0.1572719
9.269271	0.1573306
9.272604	0.1574186
9.275937	0.1574773
9.279271	0.157536
9.282604	0.1575654
9.285937	0.157536
9.28927	0.1574773
9.292604	0.1573893
9.295938	0.1572425
9.299271	0.1570371
9.302604	0.1568317
9.305938	0.1566556
9.309271	0.1564795
9.312604	0.1563328
9.315937	0.1562154
9.319271	0.1561567
9.322604	0.1561567
9.325937	0.1561567
9.32927	0.1562447
9.332604	0.1563034
9.335938	0.1563915
9.339271	0.1564795
9.342605	0.1565969
9.345938	0.1566849
9.349271	0.156773
9.352604	0.1568904
9.355938	0.1569784
9.359271	0.1570958
9.362604	0.1572132
9.365937	0.1573012
9.369271	0.1573599
9.372604	0.1573893
9.375937	0.1573599
9.379271	0.1573306
9.382605	0.1573012
9.385938	0.1572425
9.389271	0.1572132
9.392604	0.1571838
9.395938	0.1571838
9.399271	0.1572425
9.402604	0.1572719
9.405937	0.1573306
9.409271	0.1573893
9.412604	0.1573893
9.415937	0.1573599
9.419271	0.1572719
9.422605	0.1571545
9.425938	0.1569784
9.429271	0.1568023
9.432604	0.1565675
9.435938	0.1563034
9.439271	0.1560393
9.442604	0.1557752
9.445937	0.155511
9.449271	0.1552763
9.452604	0.1550708
9.455937	0.1548948
9.45927	0.1547774
9.462605	0.1546893
9.465938	0.1546306
9.469271	0.15466
9.472604	0.1546893
9.475938	0.1548067
9.479271	0.1549241
9.482604	0.1550708
9.485937	0.1552176
9.489271	0.155335
9.492604	0.1554524
9.495937	0.1555697
9.49927	0.1556578
9.502604	0.1557458
9.505938	0.1558045
9.509271	0.1558632
9.512604	0.1558632
9.515938	0.1558926
9.519271	0.1558926
9.522604	0.1558632
9.525937	0.1558632
9.529271	0.1558045
9.532604	0.1557458
9.535937	0.1556871
9.53927	0.1556284
9.542604	0.1555991
9.545938	0.1555404
9.549271	0.155511
9.552604	0.155511
9.555938	0.1554817
9.559271	0.1554817
9.562604	0.1554524
9.565937	0.155423
9.569271	0.155335
9.572604	0.1552469
9.575937	0.1551002
9.57927	0.1549241
9.582604	0.1547187
9.585938	0.1544839
9.589271	0.1542785
9.592605	0.1541024
9.595938	0.153985
9.599271	0.1538676
9.602604	0.1538383
9.605938	0.1538383
9.609271	0.1538676
9.612604	0.1539263
9.615937	0.153985
9.619271	0.154073
9.622604	0.1541317
9.625937	0.1541904
9.629271	0.1542491
9.632605	0.1542785
9.635938	0.1543078
9.639271	0.1543078
9.642604	0.1542491
9.645938	0.1541904
9.649271	0.1541024
9.652604	0.1540143
9.655937	0.153897
9.659271	0.1537796
9.662604	0.1536915
9.665937	0.1536035
9.669271	0.1535448
9.672605	0.1534861
9.675938	0.1534567
9.679271	0.1534567
9.682604	0.1534567
9.685938	0.1534567
9.689271	0.1534567
9.692604	0.1534567
9.695937	0.1534861
9.699271	0.1535154
9.702604	0.1535448
9.705937	0.1536035
9.70927	0.1536328
9.712605	0.1536328
9.715938	0.1536035
9.719271	0.1535448
9.722604	0.1534274
9.725938	0.1532513
9.729271	0.1530752
9.732604	0.1528991
9.735937	0.1527231
9.739271	0.1526057
9.742604	0.152547
9.745937	0.1525763
9.74927	0.1526644
9.752604	0.1528111
9.755938	0.1529872
9.759271	0.1531633
9.762604	0.1533394
9.765938	0.1534567
9.769271	0.1535448
9.772604	0.1536035
9.775937	0.1536328
9.779271	0.1536035
9.782604	0.1536035
9.785937	0.1535741
9.78927	0.1535448
9.792604	0.1535448
9.795938	0.1535448
9.799271	0.1535154
9.802604	0.1534861
9.805938	0.153398
9.809271	0.15331
9.812604	0.1531633
9.815937	0.1530165
9.819271	0.1528698
9.822604	0.1526937
9.825937	0.152547
9.82927	0.1524589
9.832604	0.1524296
9.835938	0.1524589
9.839271	0.152547
9.842605	0.1526937
9.845938	0.1528991
9.849271	0.1531339
9.852604	0.1533394
9.855938	0.1535448
9.859271	0.1536915
9.862604	0.1537796
9.865937	0.1538089
9.869271	0.1538089
9.872604	0.1537502
9.875937	0.1536328
9.879271	0.1534861
9.882605	0.15331
9.885938	0.1531633
9.889271	0.1529872
9.892604	0.1528404
9.895938	0.1526937
9.899271	0.1525763
9.902604	0.1524883
9.905937	0.1524002
9.909271	0.1523709
9.912604	0.1523709
9.915937	0.1524002
9.919271	0.1524589
9.922605	0.1524883
9.925938	0.1525176
9.929271	0.152547
9.932604	0.152547
9.935938	0.1525176
9.939271	0.1524883
9.942604	0.1524296
9.945937	0.1523415
9.949271	0.1522535
9.952604	0.1521948
9.955937	0.1521068
9.95927	0.1520774
9.962605	0.1520481
9.965938	0.1520774
9.969271	0.1520774
9.972604	0.1521068
9.975938	0.1521655
9.979271	0.1521948
9.982604	0.1522535
9.985937	0.1523122
9.989271	0.1523415
9.992604	0.1523709
9.995937	0.1524002
9.99927	0.1524296
}
[PEAK]
{
Peak ID	1
Peak Ref	1
Time	2.952557
Peak	2.702604	3.169271
Intensity	-1.943112e-05	0.0001139641
Height	3.876936e-05
AreaAbs	9.056791
Area %BP	0.000396083
Area %Total	0.0003331714
Width	0.4666667
}
[PEAK]
{
Peak ID	2
Peak Ref	2
Time	3.268186
Peak	3.169271	3.352604
Intensity	-1.943112e-05	0.0001139641
Height	2.861038e-05
AreaAbs	4.321079
Area %BP	0.0001889749
Area %Total	0.0001589592
Width	0.1833334
}
[PEAK]
{
Peak ID	3
Peak Ref	3
Time	3.942664
Peak	3.352604	4.079271
Intensity	-1.943112e-05	0.0001139641
Height	0.004914621
AreaAbs	1220.992
Area %BP	0.05339795
Area %Total	0.04491652
Width	0.7266667
}
[PEAK]
{
Peak ID	4
Peak Ref	4
Time	4.271141
Peak	4.079271	4.595938
Intensity	-1.943112e-05	0.0001139641
Height	0.02915619
AreaAbs	5894.211
Area %BP	0.2577731
Area %Total	0.2168299
Width	0.5166669
}
[PEAK]
{
Peak ID	5
Peak Ref	5
Time	4.934735
Peak	4.595938	5.815938
Intensity	-1.943112e-05	0.0001139641
Height	0.2027583
AreaAbs	38109.81
Area %BP	1.666667
Area %Total	1.401943
Width	1.22
}
[PEAK]
{
Peak ID	6
Peak Ref	6
Time	5.874061
Peak	5.815938	6.035937
Intensity	-1.943112e-05	0.0001139641
Height	0.000260465
AreaAbs	48.06428
Area %BP	0.002102008
Area %Total	0.001768137
Width	0.2199998
}
[PEAK]
{
Peak ID	7
Peak Ref	7
Time	6.105641
Peak	6.035937	6.365938
Intensity	-1.943112e-05	0.0001139641
Height	0.0001094149
AreaAbs	19.49916
Area %BP	0.0008527622
Area %Total	0.0007173142
Width	0.3300004
}
}
}
}
