[SAMPLE]
{
Sample	1
Well	1:A,2
FileName	
SampleID	BWS202503-RM01
SampleDescription	Aquired with Galaxy
Date	09-Jun-2026
Time	14:58:37 PRC
JobCode	
TaskCode	
UserName	Congcong_Liu2
LabName	Aquired with Galaxy
Instrument	BAD_L_17_160
Conditions	
Submitter	Huanhuan_Zhang
SampleType	
Plate	
Method	
Process	Galaxy
MSTune	
MSMethod	
InletMethod	
PreRunMethod	
PostRunMethod	
SwitchMethod	
FractionMethod	
AcquisitionProcess	
AcquisitionProcessParameters	
AcquisitionProcessOptions	
InjectionVolume	25
ReportScheme	
SampleReportEnable	0
SampleReportFormat	
AnalysisTime	0
[COMPOUND]
{
;Mono Mass	Formula
}
[FUNCTION]
{
Function	1
IonMode	ES+
Type	MS
Description	(0:0)
[SPECTRUM]
{
ProcDesc	0.00:Combine
State	OK
Peak ID	0
Peak Ref	0
Time	0
TIC	0
BPI	0
BPM	0
Continuum	FALSE
Saved	FALSE
[MASSES]
{
;Mass	Exp. Mass	Obs. Mass	% BPI	Int. Abs
}
[RESULTS]
{
;Mass	Found	% BPI	% Purity
}
[MS]
{
;Mass	% BPI
0	0
}
}
[CHROMATOGRAM]
{
TraceNumber	1
Description	scroll down chrom view to see 2D LC chrom
ProcDesc	
MaxIntensity	0
[TRACE]
{
0	0
}
[PEAK]
{
Peak ID	0
Peak Ref	0
Time	0
Peak	0
Intensity	0	0
Height	0
AreaAbs	0
Area %BP	0
Area %Total	0
}
}
}
[FUNCTION]
{
Function	0
Description	ANALOG
[CHROMATOGRAM]
{
TraceNumber	2
Description	LC
ProcDesc	Result Id:1607, VWD: Signal A, 280 nm
MaxIntensity	0.1899747
[TRACE]
{
;Time	Int. %Max
0.0009375	0.04555657
0.004270833	0.0453997
0.007604167	0.04524282
0.0109375	0.0451487
0.01427083	0.04511732
0.01760417	0.0451487
0.0209375	0.04518007
0.02427083	0.0452742
0.02760417	0.04533695
0.0309375	0.0453997
0.03427083	0.0453997
0.03760417	0.04536832
0.0409375	0.0452742
0.04427083	0.04511732
0.04760417	0.04486632
0.0509375	0.04461532
0.05427083	0.04433294
0.05760417	0.04405057
0.0609375	0.04376819
0.06427083	0.04354857
0.06760417	0.04336032
0.0709375	0.04326619
0.07427084	0.04320344
0.07760417	0.04323482
0.0809375	0.04332894
0.08427083	0.04342307
0.08760417	0.04357994
0.0909375	0.04376819
0.09427083	0.04398782
0.09760416	0.04417607
0.1009375	0.04439569
0.1042708	0.04461532
0.1076042	0.04483495
0.1109375	0.0450232
0.1142708	0.04524282
0.1176042	0.04543107
0.1209375	0.04555657
0.1242708	0.04568207
0.1276042	0.04574482
0.1309375	0.04571345
0.1342708	0.0456507
0.1376042	0.04549382
0.1409375	0.04530557
0.1442708	0.04505457
0.1476042	0.04480357
0.1509375	0.0445212
0.1542708	0.04427019
0.1576042	0.04401919
0.1609375	0.04386232
0.1642708	0.04373682
0.1676042	0.04370544
0.1709375	0.04373682
0.1742708	0.04386232
0.1776042	0.04401919
0.1809375	0.04423882
0.1842708	0.04442707
0.1876042	0.0446467
0.1909375	0.04480357
0.1942708	0.0448977
0.1976042	0.04492907
0.2009375	0.04486632
0.2042708	0.0447722
0.2076042	0.04458395
0.2109375	0.04439569
0.2142708	0.04420744
0.2176042	0.04401919
0.2209375	0.04389369
0.2242708	0.04379957
0.2276042	0.04376819
0.2309375	0.04379957
0.2342708	0.04383094
0.2376042	0.04389369
0.2409375	0.04398782
0.2442708	0.04408194
0.2476042	0.04414469
0.2509375	0.04417607
0.2542708	0.04417607
0.2576042	0.04414469
0.2609375	0.04405057
0.2642708	0.04395644
0.2676042	0.04383094
0.2709375	0.04364269
0.2742708	0.04345444
0.2776042	0.04326619
0.2809375	0.04307794
0.2842708	0.04288969
0.2876042	0.04270144
0.2909375	0.04254457
0.2942708	0.04241907
0.2976042	0.04226219
0.3009375	0.04213669
0.3042708	0.04204257
0.3076042	0.04197982
0.3109375	0.04194844
0.3142708	0.04194844
0.3176042	0.04201119
0.3209375	0.04207394
0.3242708	0.04219944
0.3276042	0.04238769
0.3309375	0.04254457
0.3342708	0.04273282
0.3376042	0.04288969
0.3409375	0.04298382
0.3442708	0.04301519
0.3476042	0.04295244
0.3509375	0.04282694
0.3542708	0.04263869
0.3576042	0.04241907
0.3609375	0.04213669
0.3642708	0.04182294
0.3676042	0.04157194
0.3709375	0.04135232
0.3742708	0.04116406
0.3776042	0.04103856
0.3809375	0.04097581
0.3842708	0.04094444
0.3876042	0.04091306
0.3909375	0.04094444
0.3942708	0.04097581
0.3976042	0.04100719
0.4009375	0.04100719
0.4042708	0.04103856
0.4076042	0.04103856
0.4109375	0.04103856
0.4142708	0.04103856
0.4176042	0.04103856
0.4209375	0.04106994
0.4242708	0.04106994
0.4276042	0.04110131
0.4309375	0.04113269
0.4342708	0.04116406
0.4376042	0.04119544
0.4409375	0.04119544
0.4442708	0.04119544
0.4476042	0.04119544
0.4509375	0.04119544
0.4542708	0.04119544
0.4576042	0.04119544
0.4609375	0.04119544
0.4642708	0.04119544
0.4676042	0.04122682
0.4709375	0.04122682
0.4742708	0.04125819
0.4776042	0.04125819
0.4809375	0.04122682
0.4842708	0.04119544
0.4876042	0.04116406
0.4909375	0.04106994
0.4942708	0.04097581
0.4976042	0.04081894
0.5009375	0.04066206
0.5042709	0.04047381
0.5076042	0.04028556
0.5109375	0.04006594
0.5142708	0.03984631
0.5176042	0.03965806
0.5209375	0.03946981
0.5242708	0.03931294
0.5276042	0.03918744
0.5309375	0.03912469
0.5342708	0.03909331
0.5376042	0.03912469
0.5409375	0.03918744
0.5442708	0.03925019
0.5476041	0.03934431
0.5509375	0.03937569
0.5542708	0.03943844
0.5576042	0.03943844
0.5609375	0.03943844
0.5642709	0.03940706
0.5676042	0.03937569
0.5709375	0.03934431
0.5742708	0.03931294
0.5776042	0.03928156
0.5809375	0.03925019
0.5842708	0.03918744
0.5876042	0.03915606
0.5909375	0.03906194
0.5942708	0.03899919
0.5976042	0.03890506
0.6009375	0.03884231
0.6042708	0.03881094
0.6076041	0.03881094
0.6109375	0.03884231
0.6142708	0.03890506
0.6176042	0.03903056
0.6209375	0.03912469
0.6242709	0.03925019
0.6276042	0.03934431
0.6309375	0.03940706
0.6342708	0.03940706
0.6376042	0.03937569
0.6409375	0.03928156
0.6442708	0.03918744
0.6476042	0.03909331
0.6509375	0.03899919
0.6542708	0.03890506
0.6576042	0.03887369
0.6609375	0.03890506
0.6642708	0.03893644
0.6676041	0.03903056
0.6709375	0.03912469
0.6742708	0.03918744
0.6776041	0.03921881
0.6809375	0.03921881
0.6842709	0.03915606
0.6876042	0.03903056
0.6909375	0.03887369
0.6942708	0.03868544
0.6976042	0.03846581
0.7009375	0.03824619
0.7042708	0.03805794
0.7076042	0.03790106
0.7109375	0.03774419
0.7142708	0.03761868
0.7176042	0.03752456
0.7209375	0.03746181
0.7242708	0.03736768
0.7276042	0.03730493
0.7309375	0.03724218
0.7342708	0.03721081
0.7376041	0.03717943
0.7409375	0.03717943
0.7442709	0.03721081
0.7476042	0.03721081
0.7509375	0.03724218
0.7542709	0.03724218
0.7576042	0.03721081
0.7609375	0.03717943
0.7642708	0.03711668
0.7676042	0.03702256
0.7709375	0.03692843
0.7742708	0.03680293
0.7776042	0.03670881
0.7809375	0.03664606
0.7842708	0.03661468
0.7876042	0.03661468
0.7909375	0.03664606
0.7942708	0.03667743
0.7976041	0.03674018
0.8009375	0.03677156
0.8042708	0.03680293
0.8076042	0.03680293
0.8109375	0.03680293
0.8142709	0.03677156
0.8176042	0.03674018
0.8209375	0.03670881
0.8242708	0.03664606
0.8276042	0.03658331
0.8309375	0.03652056
0.8342708	0.03645781
0.8376042	0.03639506
0.8409375	0.03633231
0.8442708	0.03626956
0.8476042	0.03620681
0.8509375	0.03617543
0.8542708	0.03614406
0.8576041	0.03617543
0.8609375	0.03620681
0.8642708	0.03626956
0.8676042	0.03636368
0.8709375	0.03645781
0.8742709	0.03658331
0.8776042	0.03670881
0.8809375	0.03683431
0.8842708	0.03689706
0.8876042	0.03695981
0.8909375	0.03695981
0.8942708	0.03689706
0.8976042	0.03680293
0.9009375	0.03667743
0.9042708	0.03648918
0.9076042	0.03626956
0.9109375	0.03604993
0.9142708	0.03583031
0.9176041	0.03564206
0.9209375	0.03545381
0.9242708	0.03532831
0.9276041	0.03520281
0.9309375	0.03510868
0.9342709	0.03504593
0.9376042	0.03501456
0.9409375	0.03498318
0.9442708	0.03498318
0.9476042	0.03498318
0.9509375	0.03501456
0.9542708	0.03507731
0.9576042	0.03510868
0.9609375	0.03517143
0.9642708	0.03520281
0.9676042	0.03523418
0.9709375	0.03526556
0.9742708	0.03526556
0.9776042	0.03523418
0.9809375	0.03520281
0.9842708	0.03514006
0.9876041	0.03507731
0.9909375	0.03501456
0.9942709	0.0349518
0.9976042	0.03485768
1.000937	0.03479493
1.004271	0.03476355
1.007604	0.03473218
1.010937	0.03476355
1.014271	0.0348263
1.017604	0.03492043
1.020937	0.03507731
1.024271	0.03523418
1.027604	0.03542243
1.030938	0.03557931
1.034271	0.03576756
1.037604	0.03589306
1.040938	0.03598718
1.044271	0.03604993
1.047604	0.03608131
1.050938	0.03604993
1.054271	0.03601856
1.057604	0.03598718
1.060938	0.03592443
1.064271	0.03586168
1.067604	0.03576756
1.070938	0.03564206
1.074271	0.03551656
1.077604	0.03535968
1.080938	0.03520281
1.084271	0.03498318
1.087604	0.03479493
1.090937	0.0345753
1.094271	0.03435568
1.097604	0.0341988
1.100937	0.03404193
1.104271	0.0339478
1.107604	0.03388505
1.110937	0.03385368
1.114271	0.0338223
1.117604	0.03385368
1.120937	0.03385368
1.124271	0.03385368
1.127604	0.03385368
1.130937	0.0338223
1.134271	0.03379093
1.137604	0.03375955
1.140937	0.0336968
1.144271	0.03363405
1.147604	0.0335713
1.150938	0.03350855
1.154271	0.0334458
1.157604	0.03338305
1.160938	0.03338305
1.164271	0.03338305
1.167604	0.03341443
1.170938	0.03350855
1.174271	0.03363405
1.177604	0.03379093
1.180938	0.03397918
1.184271	0.03416743
1.187604	0.0343243
1.190938	0.0344498
1.194271	0.03451255
1.197604	0.03451255
1.200938	0.03448118
1.204271	0.03435568
1.207604	0.03416743
1.210938	0.0339478
1.214271	0.0336968
1.217604	0.03341443
1.220937	0.03313205
1.224271	0.0328183
1.227604	0.03253593
1.230937	0.03228493
1.234271	0.03203393
1.237604	0.0318143
1.240937	0.03165743
1.244271	0.03153192
1.247604	0.03146917
1.250937	0.03146917
1.254271	0.03150055
1.257604	0.0315633
1.260937	0.03165743
1.264271	0.03175155
1.267604	0.03190843
1.270937	0.03200255
1.274271	0.03212805
1.277604	0.03222218
1.280938	0.0323163
1.284271	0.03237905
1.287604	0.03241043
1.290938	0.0324418
1.294271	0.03241043
1.297604	0.03241043
1.300938	0.03234768
1.304271	0.03228493
1.307604	0.0321908
1.310938	0.03209668
1.314271	0.03197118
1.317604	0.0318143
1.320938	0.0316888
1.324271	0.03153192
1.327604	0.0314378
1.330938	0.03134367
1.334271	0.03128092
1.337604	0.03124955
1.340937	0.03124955
1.344271	0.0313123
1.347604	0.03137505
1.350937	0.03146917
1.354271	0.0315633
1.357604	0.03165743
1.360937	0.03175155
1.364271	0.03184568
1.367604	0.0319398
1.370937	0.03203393
1.374271	0.03209668
1.377604	0.0321908
1.380937	0.03222218
1.384271	0.03225355
1.387604	0.03225355
1.390937	0.03222218
1.394271	0.03212805
1.397604	0.03200255
1.400938	0.0318143
1.404271	0.03162605
1.407604	0.03140642
1.410938	0.03121817
1.414271	0.0310613
1.417604	0.0309358
1.420938	0.03090442
1.424271	0.0309358
1.427604	0.0310613
1.430938	0.03124955
1.434271	0.03150055
1.437604	0.03175155
1.440938	0.03200255
1.444271	0.03222218
1.447604	0.03237905
1.450938	0.0324418
1.454271	0.0324418
1.457604	0.03234768
1.460938	0.0321908
1.464271	0.0319398
1.467604	0.0316888
1.470937	0.03140642
1.474271	0.03112405
1.477604	0.03084167
1.480937	0.0305593
1.484271	0.03033967
1.487604	0.03015142
1.490937	0.02999455
1.494271	0.02990042
1.497604	0.02983767
1.500937	0.0298063
1.504271	0.0298063
1.507604	0.02983767
1.510937	0.02990042
1.514271	0.0299318
1.517604	0.02996317
1.520937	0.02996317
1.524271	0.0299318
1.527604	0.02986905
1.530938	0.0298063
1.534271	0.02974355
1.537604	0.0296808
1.540938	0.0296808
1.544271	0.0296808
1.547604	0.02977492
1.550938	0.02990042
1.554271	0.0300573
1.557604	0.03021417
1.560938	0.03037105
1.564271	0.03049655
1.567604	0.0305593
1.570938	0.0305593
1.574271	0.03049655
1.577604	0.03040242
1.580938	0.03027692
1.584271	0.03012005
1.587604	0.02996317
1.590937	0.0298063
1.594271	0.0296808
1.597604	0.02958667
1.600937	0.02949255
1.604271	0.02939842
1.607604	0.02933567
1.610937	0.02924155
1.614271	0.02914742
1.617604	0.02902192
1.620937	0.0289278
1.624271	0.0288023
1.627604	0.02864542
1.630937	0.02848855
1.634271	0.02833167
1.637604	0.02814342
1.640937	0.02795517
1.644271	0.02776692
1.647604	0.02761004
1.650938	0.02745317
1.654271	0.02735904
1.657604	0.02732767
1.660938	0.02739042
1.664271	0.02751592
1.667604	0.02770417
1.670938	0.02798655
1.674271	0.02826892
1.677604	0.02861405
1.680938	0.0289278
1.684271	0.02921017
1.687604	0.0294298
1.690938	0.02961805
1.694271	0.02974355
1.697604	0.0298063
1.700938	0.02983767
1.704271	0.0298063
1.707604	0.02977492
1.710938	0.02971217
1.714271	0.02961805
1.717604	0.02952392
1.720937	0.02939842
1.724271	0.02924155
1.727604	0.02911605
1.730937	0.02899055
1.734271	0.02886505
1.737604	0.02877092
1.740937	0.02873955
1.744271	0.02873955
1.747604	0.0288023
1.750937	0.02889642
1.754271	0.02902192
1.757604	0.0291788
1.760937	0.0293043
1.764271	0.02939842
1.767604	0.02946117
1.770937	0.02946117
1.774271	0.02936705
1.777604	0.02921017
1.780938	0.02899055
1.784271	0.02877092
1.787604	0.02851992
1.790938	0.02833167
1.794271	0.02814342
1.797604	0.0280493
1.800938	0.02801792
1.804271	0.02801792
1.807604	0.02811205
1.810938	0.02820617
1.814271	0.02833167
1.817604	0.02845717
1.820938	0.02858267
1.824271	0.0286768
1.827604	0.02877092
1.830938	0.02883367
1.834271	0.02889642
1.837604	0.02889642
1.840937	0.02889642
1.844271	0.02889642
1.847604	0.02883367
1.850937	0.02873955
1.854271	0.02864542
1.857604	0.02851992
1.860937	0.02839442
1.864271	0.0283003
1.867604	0.02823755
1.870937	0.02820617
1.874271	0.02820617
1.877604	0.02820617
1.880937	0.02823755
1.884271	0.02826892
1.887604	0.0283003
1.890937	0.02833167
1.894271	0.02836305
1.897604	0.02833167
1.900938	0.02833167
1.904271	0.0283003
1.907604	0.02826892
1.910938	0.02823755
1.914271	0.0281748
1.917604	0.02814342
1.920938	0.02808067
1.924271	0.02801792
1.927604	0.02798655
1.930938	0.02795517
1.934271	0.02795517
1.937604	0.02798655
1.940938	0.0280493
1.944271	0.02811205
1.947604	0.02814342
1.950938	0.0281748
1.954271	0.0281748
1.957604	0.02811205
1.960938	0.02801792
1.964271	0.0279238
1.967604	0.0277983
1.970937	0.0276728
1.974271	0.02757867
1.977604	0.02751592
1.980937	0.02751592
1.984271	0.02751592
1.987604	0.02754729
1.990937	0.02757867
1.994271	0.02754729
1.997604	0.02748454
2.000937	0.02735904
2.004271	0.02720217
2.007604	0.02698254
2.010937	0.02676292
2.014271	0.02651192
2.017604	0.02629229
2.020937	0.02607267
2.024271	0.02594717
2.027604	0.02585304
2.030937	0.02582167
2.034271	0.02585304
2.037604	0.02591579
2.040937	0.02600992
2.044271	0.02613542
2.047604	0.02626092
2.050937	0.02638642
2.054271	0.02648054
2.057604	0.02651192
2.060937	0.02651192
2.064271	0.02641779
2.067604	0.02632367
2.070937	0.02616679
2.074271	0.02600992
2.077604	0.02588442
2.080937	0.02572754
2.084271	0.02563342
2.087604	0.02553929
2.090938	0.02550791
2.094271	0.02547654
2.097604	0.02550791
2.100938	0.02553929
2.104271	0.02560204
2.107604	0.02569617
2.110938	0.02582167
2.114271	0.02597854
2.117604	0.02613542
2.120938	0.02629229
2.124271	0.02644917
2.127604	0.02654329
2.130938	0.02660604
2.134271	0.02663742
2.137604	0.02663742
2.140938	0.02657467
2.144271	0.02648054
2.147604	0.02641779
2.150938	0.02632367
2.154271	0.02622954
2.157604	0.02613542
2.160938	0.02604129
2.164271	0.02597854
2.167604	0.02588442
2.170938	0.02575892
2.174271	0.02563342
2.177604	0.02550791
2.180938	0.02535104
2.184271	0.02522554
2.187604	0.02513141
2.190938	0.02510004
2.194271	0.02510004
2.197604	0.02516279
2.200938	0.02525691
2.204271	0.02541379
2.207604	0.02560204
2.210938	0.02582167
2.214271	0.02607267
2.217604	0.02629229
2.220937	0.02651192
2.224271	0.02670017
2.227604	0.02685704
2.230937	0.02698254
2.234271	0.02707667
2.237604	0.02710804
2.240937	0.02710804
2.244271	0.02707667
2.247604	0.02704529
2.250937	0.02698254
2.254271	0.02698254
2.257604	0.02698254
2.260937	0.02701392
2.264271	0.02704529
2.267604	0.02710804
2.270937	0.02717079
2.274271	0.02717079
2.277604	0.02713942
2.280937	0.02707667
2.284271	0.02691979
2.287604	0.02673154
2.290937	0.02648054
2.294271	0.02626092
2.297604	0.02607267
2.300937	0.02591579
2.304271	0.02585304
2.307604	0.02582167
2.310937	0.02582167
2.314271	0.02585304
2.317604	0.02591579
2.320937	0.02594717
2.324271	0.02600992
2.327604	0.02600992
2.330937	0.02600992
2.334271	0.02597854
2.337604	0.02597854
2.340938	0.02600992
2.344271	0.02610404
2.347604	0.02622954
2.350938	0.02638642
2.354271	0.02657467
2.357604	0.02679429
2.360938	0.02704529
2.364271	0.02723354
2.367604	0.02739042
2.370938	0.02751592
2.374271	0.02751592
2.377604	0.02748454
2.380938	0.02735904
2.384271	0.02720217
2.387604	0.02698254
2.390938	0.02679429
2.394271	0.02660604
2.397604	0.02644917
2.400938	0.02635504
2.404271	0.02635504
2.407604	0.02641779
2.410938	0.02657467
2.414271	0.02679429
2.417604	0.02704529
2.420938	0.02729629
2.424271	0.02751592
2.427604	0.02773555
2.430938	0.0279238
2.434271	0.0280493
2.437604	0.0281748
2.440938	0.02823755
2.444271	0.0283003
2.447604	0.02836305
2.450938	0.0284258
2.454271	0.02845717
2.457604	0.02851992
2.460938	0.02851992
2.464271	0.02851992
2.467604	0.02848855
2.470937	0.02839442
2.474271	0.0283003
2.477604	0.02820617
2.480937	0.02808067
2.484271	0.02798655
2.487604	0.02789242
2.490937	0.02782967
2.494271	0.02776692
2.497604	0.02770417
2.500937	0.0276728
2.504271	0.02761004
2.507604	0.02751592
2.510937	0.02739042
2.514271	0.02723354
2.517604	0.02707667
2.520937	0.02688842
2.524271	0.02666879
2.527604	0.02648054
2.530937	0.02629229
2.534271	0.02613542
2.537604	0.02597854
2.540937	0.02585304
2.544271	0.02575892
2.547604	0.02566479
2.550937	0.02553929
2.554271	0.02544516
2.557604	0.02531966
2.560937	0.02519416
2.564271	0.02503729
2.567604	0.02488041
2.570937	0.02472354
2.574271	0.02459804
2.577604	0.02447254
2.580937	0.02437841
2.584271	0.02431566
2.587604	0.02428429
2.590938	0.02428429
2.594271	0.02431566
2.597604	0.02437841
2.600938	0.02447254
2.604271	0.02456666
2.607604	0.02462941
2.610938	0.02469216
2.614271	0.02469216
2.617604	0.02469216
2.620938	0.02459804
2.624271	0.02444116
2.627604	0.02425291
2.630938	0.02400191
2.634271	0.02371954
2.637604	0.02343716
2.640938	0.02315479
2.644271	0.02287241
2.647604	0.02262141
2.650938	0.02243316
2.654271	0.02227629
2.657604	0.02218216
2.660938	0.02211941
2.664271	0.02211941
2.667604	0.02215078
2.670938	0.02218216
2.674271	0.02221353
2.677604	0.02224491
2.680938	0.02227629
2.684271	0.02227629
2.687604	0.02224491
2.690938	0.02218216
2.694271	0.02211941
2.697604	0.02199391
2.700938	0.02186841
2.704271	0.02174291
2.707604	0.02161741
2.710938	0.02149191
2.714271	0.02136641
2.717604	0.02127228
2.720937	0.02120953
2.724271	0.02117816
2.727604	0.02120953
2.730937	0.02127228
2.734271	0.02139778
2.737604	0.02158603
2.740937	0.02180566
2.744271	0.02202528
2.747604	0.02224491
2.750937	0.02243316
2.754271	0.02259004
2.757604	0.02265279
2.760937	0.02265279
2.764271	0.02255866
2.767604	0.02237041
2.770937	0.02215078
2.774271	0.02189978
2.777604	0.02161741
2.780937	0.02136641
2.784271	0.02114678
2.787604	0.02095853
2.790937	0.02086441
2.794271	0.02077028
2.797604	0.02073891
2.800937	0.02070753
2.804271	0.02067616
2.807604	0.02064478
2.810937	0.02058203
2.814271	0.02048791
2.817604	0.02039378
2.820937	0.02026828
2.824271	0.02014278
2.827604	0.02001728
2.830937	0.01992316
2.834271	0.01986041
2.837604	0.01982903
2.840938	0.01982903
2.844271	0.01982903
2.847604	0.01982903
2.850938	0.01982903
2.854271	0.01979766
2.857604	0.01973491
2.860938	0.01960941
2.864271	0.01948391
2.867604	0.01935841
2.870938	0.01920153
2.874271	0.01910741
2.877604	0.01904466
2.880938	0.01904466
2.884271	0.01910741
2.887604	0.01920153
2.890938	0.01932703
2.894271	0.01945253
2.897604	0.01957803
2.900938	0.01970353
2.904271	0.01979766
2.907604	0.01989178
2.910938	0.01995453
2.914271	0.02008003
2.917604	0.02023691
2.920938	0.02045653
2.924271	0.02077028
2.927604	0.02114678
2.930938	0.02161741
2.934271	0.02215078
2.937604	0.02265279
2.940938	0.02318616
2.944271	0.02365679
2.947604	0.02409604
2.950938	0.02444116
2.954271	0.02472354
2.957604	0.02494316
2.960938	0.02510004
2.964271	0.02525691
2.967604	0.02541379
2.970937	0.02557066
2.974271	0.02575892
2.977604	0.02597854
2.980937	0.02622954
2.984271	0.02654329
2.987604	0.02685704
2.990937	0.02723354
2.994271	0.02764142
2.997604	0.02808067
3.000937	0.02851992
3.004271	0.02902192
3.007604	0.02952392
3.010937	0.0300573
3.014271	0.03062205
3.017604	0.03121817
3.020937	0.0318143
3.024271	0.0324418
3.027604	0.03310068
3.030937	0.03375955
3.034271	0.0344498
3.037604	0.03517143
3.040937	0.03589306
3.044271	0.03661468
3.047604	0.03736768
3.050937	0.03812069
3.054271	0.03890506
3.057604	0.03965806
3.060937	0.04044244
3.064271	0.04122682
3.067604	0.04204257
3.070937	0.04292107
3.074271	0.04386232
3.077604	0.04483495
3.080937	0.04593307
3.084271	0.04706257
3.087604	0.0482862
3.090938	0.04957258
3.094271	0.0509217
3.097604	0.05227083
3.100938	0.05368271
3.104271	0.05509459
3.107604	0.05656921
3.110938	0.05804384
3.114271	0.05954984
3.117604	0.06108722
3.120938	0.06271872
3.124271	0.06435022
3.127604	0.06607585
3.130938	0.06783286
3.134271	0.06962123
3.137604	0.07144099
3.140938	0.07326074
3.144271	0.07511187
3.147604	0.076963
3.150938	0.07887687
3.154271	0.08082212
3.157604	0.08283013
3.160938	0.08490088
3.164271	0.08706576
3.167604	0.08935614
3.170938	0.09177202
3.174271	0.0943134
3.177604	0.0969489
3.180938	0.09970991
3.184271	0.102565
3.187604	0.1055457
3.190938	0.108589
3.194271	0.1117579
3.197604	0.1150523
3.200938	0.1184094
3.204271	0.1218921
3.207604	0.1255316
3.210938	0.1292652
3.214271	0.1331557
3.217604	0.1372031
3.220937	0.1414073
3.224271	0.1457371
3.227604	0.1501924
3.230937	0.1548359
3.234271	0.1596676
3.237604	0.1646563
3.240937	0.1698331
3.244271	0.1751041
3.247604	0.180532
3.250937	0.186054
3.254271	0.1916388
3.257604	0.1972549
3.260937	0.2028711
3.264271	0.2084245
3.267604	0.2138837
3.270937	0.2192175
3.274271	0.2244257
3.277604	0.2294771
3.280937	0.2343716
3.284271	0.2390465
3.287604	0.243439
3.290937	0.2475491
3.294271	0.2513141
3.297604	0.2546085
3.300937	0.2574637
3.304271	0.259754
3.307604	0.2614169
3.310937	0.2624837
3.314271	0.2629229
3.317604	0.2627347
3.320937	0.2619503
3.324271	0.2606012
3.327604	0.25875
3.330937	0.2563969
3.334271	0.2536045
3.337604	0.2504043
3.340938	0.2467961
3.344271	0.2428429
3.347604	0.2385445
3.350938	0.2339324
3.354271	0.2290379
3.357604	0.223861
3.360938	0.2184958
3.364271	0.2129425
3.367604	0.2072636
3.370938	0.2015847
3.374271	0.1958744
3.377604	0.1902583
3.380938	0.1847677
3.384271	0.1794025
3.387604	0.1742256
3.390938	0.169237
3.394271	0.1644366
3.397604	0.1598559
3.400938	0.1554947
3.404271	0.1513532
3.407604	0.1474314
3.410938	0.1437291
3.414271	0.1402151
3.417604	0.1369207
3.420938	0.133846
3.424271	0.1308967
3.427604	0.1281357
3.430938	0.1254688
3.434271	0.1228961
3.437604	0.1204488
3.440938	0.1181271
3.444271	0.1158994
3.447604	0.1138287
3.450938	0.1118834
3.454271	0.110095
3.457604	0.1084635
3.460938	0.1069889
3.464271	0.1056712
3.467604	0.1044789
3.470937	0.1034435
3.474271	0.1025023
3.477604	0.1016238
3.480937	0.1008394
3.484271	0.1001492
3.487604	0.09952166
3.490937	0.09892553
3.494271	0.09839215
3.497604	0.09789015
3.500937	0.09738815
3.504271	0.09691753
3.507604	0.09641553
3.510937	0.09591353
3.514271	0.09541152
3.517604	0.09490952
3.520937	0.0944389
3.524271	0.09399965
3.527604	0.09362315
3.530937	0.0933094
3.534271	0.09308977
3.537604	0.0929329
3.540937	0.09287015
3.544271	0.09287015
3.547604	0.09290152
3.550937	0.0929329
3.554271	0.09299565
3.557604	0.0930584
3.560937	0.09308977
3.564271	0.09308977
3.567604	0.09308977
3.570937	0.0930584
3.574271	0.09302702
3.577604	0.09296427
3.580937	0.0929329
3.584271	0.09290152
3.587604	0.09287015
3.590938	0.09287015
3.594271	0.09287015
3.597604	0.09287015
3.600938	0.09287015
3.604271	0.09290152
3.607604	0.09290152
3.610938	0.09290152
3.614271	0.09287015
3.617604	0.09287015
3.620938	0.09283877
3.624271	0.09283877
3.627604	0.09283877
3.630938	0.09290152
3.634271	0.09299565
3.637604	0.09312115
3.640938	0.09327802
3.644271	0.09346627
3.647604	0.09362315
3.650938	0.09374865
3.654271	0.09387415
3.657604	0.09390552
3.660938	0.09387415
3.664271	0.09378002
3.667604	0.09362315
3.670938	0.0934349
3.674271	0.09324665
3.677604	0.09302702
3.680938	0.09283877
3.684271	0.09265052
3.687604	0.09249365
3.690938	0.09233677
3.694271	0.09224265
3.697604	0.09214852
3.700938	0.09208577
3.704271	0.09205439
3.707604	0.09205439
3.710938	0.09208577
3.714271	0.09211714
3.717604	0.09217989
3.720937	0.09224265
3.724271	0.09224265
3.727604	0.09221127
3.730937	0.09211714
3.734271	0.09196027
3.737604	0.09170927
3.740937	0.09139552
3.744271	0.09101902
3.747604	0.09057977
3.750937	0.09014052
3.754271	0.08966989
3.757604	0.08919927
3.760937	0.08872864
3.764271	0.08832076
3.767604	0.08794426
3.770937	0.08763051
3.774271	0.08734814
3.777604	0.08712851
3.780937	0.08697164
3.784271	0.08684614
3.787604	0.08672064
3.790937	0.08662651
3.794271	0.08656376
3.797604	0.08646963
3.800937	0.08634413
3.804271	0.08621863
3.807604	0.08606176
3.810937	0.08584213
3.814271	0.08562251
3.817604	0.08534013
3.820937	0.08502638
3.824271	0.08468125
3.827604	0.08427338
3.830937	0.0838655
3.834271	0.08345763
3.837604	0.08304975
3.840938	0.08264188
3.844271	0.08229675
3.847604	0.08195163
3.850938	0.08163788
3.854271	0.0813555
3.857604	0.08104175
3.860938	0.08069662
3.864271	0.08032012
3.867604	0.07994362
3.870938	0.07953575
3.874271	0.07912787
3.877604	0.07868862
3.880938	0.07828075
3.884271	0.0778415
3.887604	0.07743362
3.890938	0.07702575
3.894271	0.07661787
3.897604	0.07617862
3.900938	0.07570799
3.904271	0.07523737
3.907604	0.07476674
3.910938	0.07435887
3.914271	0.07398237
3.917604	0.07366862
3.920938	0.07341762
3.924271	0.07319799
3.927604	0.07307249
3.930938	0.07291561
3.934271	0.07279011
3.937604	0.07263324
3.940938	0.07241361
3.944271	0.07213124
3.947604	0.07178611
3.950938	0.07144099
3.954271	0.07112724
3.957604	0.07081349
3.960938	0.07056249
3.964271	0.07040561
3.967604	0.07028011
3.970937	0.07021736
3.974271	0.07018599
3.977604	0.07015461
3.980937	0.07012324
3.984271	0.07002911
3.987604	0.06990361
3.990937	0.06974673
3.994271	0.06955848
3.997604	0.06933886
4.000937	0.06915061
4.004271	0.06899373
4.007604	0.06889961
4.010938	0.06883686
4.014271	0.06877411
4.017604	0.06877411
4.020937	0.06877411
4.024271	0.06874273
4.027604	0.06871136
4.030938	0.06864861
4.034271	0.06858586
4.037604	0.06852311
4.040937	0.06849173
4.044271	0.06849173
4.047604	0.06855448
4.050938	0.06864861
4.054271	0.06880548
4.057604	0.06899373
4.060937	0.06921336
4.064271	0.06949573
4.067604	0.06974673
4.070938	0.07002911
4.074271	0.07034286
4.077604	0.07065661
4.080937	0.07100174
4.084271	0.07134686
4.087604	0.07172336
4.090938	0.07209986
4.094271	0.07244499
4.097604	0.07279011
4.100937	0.07310386
4.104271	0.07341762
4.107604	0.07369999
4.110938	0.07395099
4.114271	0.07420199
4.117604	0.07448437
4.120937	0.07476674
4.124271	0.07508049
4.127604	0.07542562
4.130938	0.07583349
4.134271	0.07627274
4.137604	0.07674337
4.140937	0.07727675
4.144271	0.07790425
4.147604	0.07856312
4.150938	0.07931612
4.154271	0.0801005
4.157604	0.08094762
4.160937	0.08182613
4.164271	0.08276738
4.167604	0.08377138
4.170938	0.08483813
4.174271	0.08593626
4.177604	0.08712851
4.180937	0.08838351
4.184271	0.08970127
4.187604	0.09108177
4.190938	0.09252502
4.194271	0.09399965
4.197604	0.09553702
4.200937	0.09704303
4.204271	0.0985804
4.207604	0.1000864
4.210938	0.1015924
4.214271	0.1031298
4.217604	0.1046358
4.220938	0.1062359
4.224271	0.1078674
4.227604	0.1095617
4.230937	0.1113814
4.234271	0.1132953
4.237604	0.1153347
4.240938	0.1174682
4.244271	0.1196644
4.247604	0.1219234
4.250937	0.1241511
4.254271	0.1264101
4.257604	0.1286691
4.260938	0.1308967
4.264271	0.133093
4.267604	0.1352578
4.270937	0.1373913
4.274271	0.1395248
4.277604	0.1416583
4.280938	0.1437919
4.284271	0.145894
4.287604	0.1479647
4.290937	0.1499727
4.294271	0.1519494
4.297604	0.1538946
4.300938	0.1557457
4.304271	0.1575655
4.307604	0.1593225
4.310937	0.1610168
4.314271	0.1626483
4.317604	0.164217
4.320938	0.1657544
4.324271	0.1671976
4.327604	0.1686095
4.330937	0.1698959
4.334271	0.1711195
4.337604	0.172249
4.340938	0.1732844
4.344271	0.174257
4.347604	0.1751669
4.350937	0.1760454
4.354271	0.1768611
4.357604	0.1776769
4.360938	0.1784613
4.364271	0.179277
4.367604	0.1801241
4.370937	0.1809713
4.374271	0.1818184
4.377604	0.1826969
4.380938	0.183544
4.384271	0.1844225
4.387604	0.1852697
4.390937	0.1861795
4.394271	0.1871522
4.397604	0.1882189
4.400938	0.1894425
4.404271	0.1908858
4.407604	0.1925487
4.410937	0.1945567
4.414271	0.1968784
4.417604	0.1995767
4.420938	0.2026828
4.424271	0.2061654
4.427604	0.2100873
4.430937	0.2144171
4.434271	0.2192175
4.437604	0.2245199
4.440938	0.2302929
4.444271	0.236662
4.447604	0.2435959
4.450937	0.2511573
4.454271	0.2594089
4.457604	0.2683822
4.460938	0.2781398
4.464271	0.2887132
4.467604	0.3001337
4.470938	0.3124955
4.474271	0.3257985
4.477604	0.3401055
4.480937	0.3554793
4.484271	0.3719512
4.487604	0.389584
4.490938	0.4084404
4.494271	0.4285204
4.497604	0.4499496
4.500937	0.4727592
4.504271	0.4969808
4.507604	0.5226456
4.510938	0.5498477
4.514271	0.5785872
4.517604	0.6088955
4.520937	0.6408353
4.524271	0.674438
4.527604	0.7097036
4.530938	0.7466948
4.534271	0.7854116
4.537604	0.8258227
4.540937	0.8679907
4.544271	0.911853
4.547604	0.9574096
4.550938	1.004598
4.554271	1.053449
4.557604	1.1039
4.560937	1.155919
4.564271	1.209508
4.567604	1.264603
4.570938	1.321172
4.574271	1.379184
4.577604	1.438546
4.580937	1.499163
4.584271	1.560909
4.587604	1.62369
4.590938	1.687319
4.594271	1.751669
4.597604	1.816584
4.600937	1.881875
4.604271	1.947387
4.607604	2.012898
4.610938	2.07822
4.614271	2.143198
4.617604	2.207611
4.620937	2.271271
4.624271	2.33399
4.627604	2.395516
4.630938	2.455725
4.634271	2.514428
4.637604	2.571467
4.640937	2.626656
4.644271	2.679837
4.647604	2.730853
4.650938	2.779484
4.654271	2.825606
4.657604	2.868997
4.660937	2.909565
4.664271	2.947058
4.667604	2.981414
4.670938	3.012444
4.674271	3.040117
4.677604	3.064307
4.680937	3.084952
4.684271	3.10202
4.687604	3.115511
4.690938	3.125394
4.694271	3.131638
4.697604	3.134273
4.700937	3.133363
4.704271	3.128908
4.707604	3.120939
4.710938	3.109518
4.714271	3.094772
4.717604	3.076794
4.720938	3.055647
4.724271	3.031551
4.727604	3.0046
4.730937	2.974951
4.734271	2.942823
4.737604	2.908342
4.740938	2.871696
4.744271	2.833041
4.747604	2.792568
4.750937	2.7504
4.754271	2.706663
4.757604	2.661483
4.760938	2.615016
4.764271	2.567357
4.767604	2.518663
4.770937	2.469059
4.774271	2.418671
4.777604	2.367718
4.780938	2.316294
4.784271	2.264588
4.787604	2.212788
4.790937	2.161019
4.794271	2.109439
4.797604	2.058172
4.800938	2.007313
4.804271	1.956987
4.807604	1.907226
4.810937	1.858125
4.814271	1.809776
4.817604	1.762242
4.820938	1.715556
4.824271	1.669811
4.827604	1.625071
4.830937	1.581397
4.834271	1.538852
4.837604	1.497531
4.840938	1.457434
4.844271	1.418654
4.847604	1.381161
4.850937	1.345048
4.854271	1.310285
4.857604	1.276902
4.860938	1.244899
4.864271	1.214214
4.867604	1.184879
4.870937	1.156892
4.874271	1.130255
4.877604	1.104998
4.880938	1.08109
4.884271	1.058563
4.887604	1.037385
4.890937	1.017618
4.894271	0.9992012
4.897604	0.9821645
4.900938	0.9664456
4.904271	0.9520759
4.907604	0.9389925
4.910937	0.9271641
4.914271	0.9165907
4.917604	0.9072723
4.920938	0.8991775
4.924271	0.8923064
4.927604	0.8866903
4.930937	0.8823291
4.934271	0.879223
4.937604	0.8774346
4.940938	0.876964
4.944271	0.8778739
4.947604	0.880227
4.950937	0.8840234
4.954271	0.8893885
4.957604	0.8963538
4.960938	0.9050447
4.964271	0.9155553
4.967604	0.9279798
4.970938	0.9424123
4.974271	0.9590411
4.977604	0.9779603
4.980937	0.9993267
4.984271	1.023329
4.987604	1.050186
4.990938	1.080117
4.994271	1.113438
4.997604	1.150429
5.000937	1.191499
5.004271	1.237024
5.007604	1.287444
5.010938	1.343291
5.014271	1.4051
5.017604	1.473498
5.020937	1.549143
5.024271	1.63282
5.027604	1.725345
5.030938	1.827659
5.034271	1.940829
5.037604	2.06589
5.040937	2.204097
5.044271	2.356705
5.047604	2.525095
5.050938	2.710773
5.054271	2.915432
5.057604	3.140831
5.060937	3.388945
5.064271	3.66197
5.067604	3.962198
5.070938	4.292106
5.074271	4.654394
5.077604	5.051759
5.080937	5.487088
5.084271	5.96333
5.087604	6.483466
5.090938	7.050601
5.094271	7.667905
5.097604	8.338734
5.100937	9.06651
5.104271	9.854714
5.107604	10.70699
5.110938	11.62684
5.114271	12.61779
5.117604	13.68319
5.120937	14.82609
5.124271	16.04928
5.127604	17.35511
5.130938	18.74562
5.134271	20.22254
5.137604	21.78721
5.140937	23.44068
5.144271	25.18359
5.147604	27.01618
5.150938	28.93818
5.154271	30.9486
5.157604	33.04583
5.160937	35.22727
5.164271	37.48942
5.167604	39.82777
5.170938	42.23687
5.174271	44.71048
5.177604	47.24151
5.180937	49.82239
5.184271	52.44481
5.187604	55.10001
5.190938	57.77866
5.194271	60.47095
5.197604	63.16641
5.200937	65.854
5.204271	68.52207
5.207604	71.15842
5.210938	73.75037
5.214271	76.28504
5.217604	78.74939
5.220938	81.13066
5.224271	83.41647
5.227604	85.59477
5.230937	87.65426
5.234271	89.58417
5.237604	91.37462
5.240938	93.01635
5.244271	94.50099
5.247604	95.82088
5.250937	96.9692
5.254271	97.94004
5.257604	98.72849
5.260938	99.33071
5.264271	99.74411
5.267604	99.96721
5.270937	100
5.274271	99.8436
5.277604	99.50051
5.280938	98.97451
5.284271	98.27048
5.287604	97.39443
5.290937	96.35318
5.294271	95.15441
5.297604	93.80638
5.300938	92.31785
5.304271	90.69815
5.307604	88.95702
5.310937	87.10448
5.314271	85.15097
5.317604	83.1073
5.320938	80.98445
5.324271	78.79372
5.327604	76.54639
5.330937	74.25369
5.334271	71.9266
5.337604	69.57558
5.340938	67.21065
5.344271	64.84118
5.347604	62.47588
5.350937	60.12288
5.354271	57.78961
5.357604	55.4831
5.360938	53.20976
5.364271	50.97561
5.367604	48.78616
5.370937	46.64642
5.374271	44.56073
5.377604	42.53277
5.380938	40.56558
5.384271	38.66146
5.387604	36.82201
5.390937	35.04834
5.394271	33.34101
5.397604	31.70013
5.400938	30.12557
5.404271	28.61687
5.407604	27.17346
5.410937	25.79449
5.414271	24.47888
5.417604	23.22529
5.420938	22.03216
5.424271	20.8977
5.427604	19.81993
5.430937	18.79676
5.434271	17.82595
5.437604	16.90535
5.440938	16.03271
5.444271	15.20595
5.447604	14.42302
5.450937	13.68197
5.454271	12.98092
5.457604	12.31794
5.460938	11.69122
5.464271	11.09896
5.467604	10.53929
5.470938	10.01055
5.474271	9.511
5.477604	9.039088
5.480937	8.593312
5.484271	8.172322
5.487604	7.774768
5.490938	7.399523
5.494271	7.045424
5.497604	6.711405
5.500937	6.396431
5.504271	6.099435
5.507604	5.819507
5.510938	5.555706
5.514271	5.307121
5.517604	5.072937
5.520937	4.852371
5.524271	4.644699
5.527604	4.449295
5.530938	4.2655
5.534271	4.092718
5.537604	3.930384
5.540937	3.777932
5.544271	3.634768
5.547604	3.500389
5.550938	3.37423
5.554271	3.255757
5.557604	3.144564
5.560937	3.040211
5.564271	2.942258
5.567604	2.850392
5.570938	2.764236
5.574271	2.683539
5.577604	2.607988
5.580937	2.537269
5.584271	2.471161
5.587604	2.40929
5.590938	2.351434
5.594271	2.29725
5.597604	2.246485
5.600937	2.198857
5.604271	2.154117
5.607604	2.11198
5.610938	2.072228
5.614271	2.034672
5.617604	1.999124
5.620937	1.965364
5.624271	1.933299
5.627604	1.902771
5.630938	1.873655
5.634271	1.845794
5.637604	1.819094
5.640937	1.793461
5.644271	1.768768
5.647604	1.744955
5.650938	1.721831
5.654271	1.699335
5.657604	1.677341
5.660937	1.655755
5.664271	1.634515
5.667604	1.613525
5.670938	1.592723
5.674271	1.572047
5.677604	1.551496
5.680937	1.53104
5.684271	1.510677
5.687604	1.490378
5.690938	1.470078
5.694271	1.44981
5.697604	1.42951
5.700937	1.409179
5.704271	1.388785
5.707604	1.368329
5.710938	1.347809
5.714271	1.327227
5.717604	1.306582
5.720938	1.285938
5.724271	1.265293
5.727604	1.244648
5.730937	1.224097
5.734271	1.20361
5.737604	1.183184
5.740938	1.162885
5.744271	1.142773
5.747604	1.122819
5.750937	1.103147
5.754271	1.083694
5.757604	1.064587
5.760938	1.045824
5.764271	1.027439
5.767604	1.009461
5.770937	0.9918594
5.774271	0.9746659
5.777604	0.9578175
5.780938	0.9413456
5.784271	0.9251874
5.787604	0.9094058
5.790937	0.8939379
5.794271	0.8788151
5.797604	0.8640375
5.800938	0.849605
5.804271	0.8355489
5.807604	0.8218694
5.810937	0.8086291
5.814271	0.7957654
5.817604	0.7832781
5.820938	0.7711987
5.824271	0.7594958
5.827604	0.7481381
5.830937	0.7371568
5.834271	0.7264579
5.837604	0.7160414
5.840938	0.7059072
5.844271	0.6959927
5.847604	0.6863292
5.850937	0.6768539
5.854271	0.6675982
5.857604	0.6585309
5.860938	0.6496203
5.864271	0.6408981
5.867604	0.6323641
5.870937	0.6240183
5.874271	0.6158922
5.877604	0.6079229
5.880938	0.6001105
5.884271	0.5925178
5.887604	0.5850819
5.890937	0.5778029
5.894271	0.5706807
5.897604	0.5637155
5.900938	0.5569071
5.904271	0.5502556
5.907604	0.5436982
5.910937	0.5372977
5.914271	0.5309913
5.917604	0.5248418
5.920938	0.5188178
5.924271	0.5129193
5.927604	0.5071149
5.930937	0.501436
5.934271	0.4958199
5.937604	0.4902665
5.940938	0.4848073
5.944271	0.4794107
5.947604	0.4740456
5.950937	0.4687432
5.954271	0.4635036
5.957604	0.4583581
5.960938	0.4533067
5.964271	0.4483495
5.967604	0.4435177
5.970938	0.4388114
5.974271	0.4342621
5.977604	0.4298068
5.980937	0.425477
5.984271	0.4212414
5.987604	0.4170999
5.990938	0.4130211
5.994271	0.4090679
5.997604	0.4051774
6.000937	0.4013496
6.004271	0.3976474
6.007604	0.3940392
6.010938	0.3905252
6.014271	0.3871054
6.017604	0.3837482
6.020937	0.3805166
6.024271	0.3773163
6.027604	0.3741788
6.030938	0.3711041
6.034271	0.3680607
6.037604	0.36508
6.040937	0.3620994
6.044271	0.3592129
6.047604	0.3563264
6.050938	0.3535027
6.054271	0.3507417
6.057604	0.3480434
6.060937	0.3453765
6.064271	0.342741
6.067604	0.3401369
6.070938	0.3375328
6.074271	0.33496
6.077604	0.3323872
6.080937	0.3298145
6.084271	0.3272417
6.087604	0.324669
6.090938	0.3221276
6.094271	0.3196176
6.097604	0.3171704
6.100937	0.3148172
6.104271	0.3125268
6.107604	0.3103306
6.110938	0.3082285
6.114271	0.3062518
6.117604	0.304338
6.120937	0.302581
6.124271	0.3008867
6.127604	0.2992866
6.130938	0.2977492
6.134271	0.296306
6.137604	0.2949255
6.140937	0.293545
6.144271	0.2921958
6.147604	0.2908153
6.150938	0.2894662
6.154271	0.2880857
6.157604	0.2867052
6.160937	0.2853561
6.164271	0.2840069
6.167604	0.2827206
6.170938	0.2814656
6.174271	0.2803047
6.177604	0.2792066
6.180937	0.2782026
6.184271	0.2772613
6.187604	0.2763514
6.190938	0.2755043
6.194271	0.2746886
6.197604	0.2738728
6.200937	0.2730571
6.204271	0.2722413
6.207604	0.2713942
6.210938	0.2705157
6.214271	0.2696058
6.217604	0.2686645
6.220938	0.2677233
6.224271	0.2667507
6.227604	0.2658094
6.230937	0.2648995
6.234271	0.264021
6.237604	0.2632053
6.240938	0.2624523
6.244271	0.2617934
6.247604	0.2611973
6.250937	0.2606639
6.254271	0.2601933
6.257604	0.259754
6.260938	0.2593148
6.264271	0.2589383
6.267604	0.2585304
6.270937	0.2581225
6.274271	0.2577147
6.277604	0.2572754
6.280938	0.2568362
6.284271	0.2563342
6.287604	0.2558635
6.290937	0.2553301
6.294271	0.2547968
6.297604	0.2541693
6.300938	0.2535418
6.304271	0.2528201
6.307604	0.2520671
6.310937	0.2512828
6.314271	0.2504356
6.317604	0.2495571
6.320938	0.2486473
6.324271	0.2477374
6.327604	0.2468589
6.330937	0.2460431
6.334271	0.2452588
6.337604	0.2445685
6.340938	0.2438783
6.344271	0.2432508
6.347604	0.2426233
6.350937	0.2419958
6.354271	0.2413369
6.357604	0.2406153
6.360938	0.2397681
6.364271	0.2388582
6.367604	0.2378542
6.370937	0.2367875
6.374271	0.2356894
6.377604	0.2345599
6.380938	0.2334304
6.384271	0.2323322
6.387604	0.2312341
6.390937	0.2301987
6.394271	0.2291634
6.397604	0.228128
6.400938	0.227124
6.404271	0.2260886
6.407604	0.2250219
6.410937	0.2239551
6.414271	0.222857
6.417604	0.2217902
6.420938	0.2207235
6.424271	0.2196881
6.427604	0.2186841
6.430937	0.2177115
6.434271	0.2167388
6.437604	0.2157976
6.440938	0.2148563
6.444271	0.2138837
6.447604	0.2129111
6.450937	0.2119071
6.454271	0.2108403
6.457604	0.2097422
6.460938	0.2086127
6.464271	0.2074518
6.467604	0.2062909
6.470938	0.2050673
6.474271	0.2038751
6.477604	0.2026514
6.480937	0.2014278
6.484271	0.2001728
6.487604	0.1988864
6.490938	0.1976
6.494271	0.1962823
6.497604	0.1949332
6.500937	0.1935213
6.504271	0.192078
6.507604	0.1906348
6.510938	0.1891288
6.514271	0.1876542
6.517604	0.1861795
6.520937	0.1847363
6.524271	0.1833244
6.527604	0.1819439
6.530938	0.1806575
6.534271	0.1794653
6.537604	0.1783358
6.540937	0.177269
6.544271	0.176265
6.547604	0.1752924
6.550938	0.1743511
6.554271	0.1734413
6.557604	0.1725
6.560937	0.1715901
6.564271	0.1706489
6.567604	0.1697076
6.570938	0.168735
6.574271	0.1677624
6.577604	0.1667584
6.580937	0.1657544
6.584271	0.1647818
6.587604	0.1638091
6.590938	0.1628679
6.594271	0.1619894
6.597604	0.1611109
6.600937	0.1602951
6.604271	0.159448
6.607604	0.1586322
6.610938	0.1577851
6.614271	0.1569066
6.617604	0.1559967
6.620937	0.1550241
6.624271	0.1540515
6.627604	0.1530789
6.630938	0.1520749
6.634271	0.1511336
6.637604	0.1502237
6.640937	0.1493139
6.644271	0.1484667
6.647604	0.147651
6.650938	0.1468352
6.654271	0.1460509
6.657604	0.1452665
6.660937	0.1445135
6.664271	0.1437605
6.667604	0.1430702
6.670938	0.14238
6.674271	0.1417211
6.677604	0.1410936
6.680937	0.1404975
6.684271	0.1399641
6.687604	0.1394307
6.690938	0.1389287
6.694271	0.1384581
6.697604	0.1379875
6.700937	0.1375168
6.704271	0.1370776
6.707604	0.1366697
6.710938	0.1362618
6.714271	0.135854
6.717604	0.1354147
6.720938	0.1349755
6.724271	0.1345362
6.727604	0.134097
6.730937	0.1336577
6.734271	0.1332498
6.737604	0.132842
6.740938	0.1324655
6.744271	0.1321203
6.747604	0.1317752
6.750937	0.1314301
6.754271	0.131085
6.757604	0.1307085
6.760938	0.1303006
6.764271	0.12983
6.767604	0.1292966
6.770937	0.1287632
6.774271	0.1281985
6.777604	0.1276023
6.780938	0.1270062
6.784271	0.1264414
6.787604	0.1259081
6.790937	0.1254061
6.794271	0.1249982
6.797604	0.1246217
6.800938	0.1243079
6.804271	0.1240256
6.807604	0.1237432
6.810937	0.1235236
6.814271	0.1232726
6.817604	0.1230216
6.820938	0.1227078
6.824271	0.1223941
6.827604	0.1220176
6.830937	0.1215783
6.834271	0.1211391
6.837604	0.1206684
6.840938	0.1202292
6.844271	0.1197899
6.847604	0.1193821
6.850937	0.1190056
6.854271	0.1186604
6.857604	0.1183467
6.860938	0.1180329
6.864271	0.1177192
6.867604	0.1173741
6.870937	0.1169976
6.874271	0.1165583
6.877604	0.1161504
6.880938	0.1156798
6.884271	0.1152719
6.887604	0.1148327
6.890937	0.1144562
6.894271	0.1140797
6.897604	0.1137345
6.900938	0.1133894
6.904271	0.113107
6.907604	0.1127619
6.910937	0.1124482
6.914271	0.1120717
6.917604	0.1116638
6.920938	0.1112245
6.924271	0.1107539
6.927604	0.1102519
6.930937	0.1097185
6.934271	0.1091852
6.937604	0.1086518
6.940938	0.1081498
6.944271	0.1076478
6.947604	0.1071458
6.950937	0.1066438
6.954271	0.1061732
6.957604	0.1057025
6.960938	0.1052005
6.964271	0.1046985
6.967604	0.1041965
6.970938	0.1036632
6.974271	0.1031612
6.977604	0.1026592
6.980937	0.1021885
6.984271	0.1017179
6.987604	0.1012473
6.990938	0.100808
6.994271	0.1003688
6.997604	0.09992953
7.000937	0.09949028
7.004271	0.09905103
7.007604	0.0985804
7.010938	0.09810978
7.014271	0.09763915
7.017604	0.0971999
7.020937	0.09676065
7.024271	0.09635278
7.027604	0.0959449
7.030938	0.0955684
7.034271	0.0951919
7.037604	0.0948154
7.040937	0.09440752
7.044271	0.09396827
7.047604	0.09346627
7.050938	0.09290152
7.054271	0.09227402
7.057604	0.09155239
7.060937	0.09079939
7.064271	0.08998364
7.067604	0.08913652
7.070938	0.08819526
7.074271	0.08722264
7.077604	0.08618726
7.080937	0.08508913
7.084271	0.08392825
7.087604	0.08267325
7.090938	0.08138688
7.094271	0.08003775
7.097604	0.07868862
7.100937	0.0773395
7.104271	0.07602174
7.107604	0.07476674
7.110938	0.07360587
7.114271	0.07253911
7.117604	0.07166061
7.120937	0.07090761
7.124271	0.07040561
7.127604	0.07012324
7.130938	0.07018599
7.134271	0.07059386
7.137604	0.07150374
7.140937	0.07291561
7.144271	0.07492362
7.147604	0.07768462
7.150938	0.08119862
7.154271	0.08559113
7.157604	0.09095627
7.160937	0.0973254
7.164271	0.1047927
7.167604	0.1134208
7.170938	0.1232412
7.174271	0.134348
7.177604	0.1467411
7.180937	0.1605461
7.184271	0.1757316
7.187604	0.1923918
7.190938	0.2104952
7.194271	0.230136
7.197604	0.2512828
7.200937	0.2739042
7.204271	0.2980002
7.207604	0.3234454
7.210938	0.3501142
7.214271	0.3778497
7.217604	0.4064324
7.220938	0.4356112
7.224271	0.4651037
7.227604	0.4946904
7.230937	0.5239947
7.234271	0.5528284
7.237604	0.5809404
7.240938	0.6080484
7.244271	0.6339956
7.247604	0.6585936
7.250937	0.6816856
7.254271	0.7031149
7.257604	0.722787
7.260938	0.7406394
7.264271	0.7565466
7.267604	0.7704457
7.270937	0.7823369
7.274271	0.7920945
7.277604	0.79975
7.280938	0.805272
7.284271	0.8086291
7.287604	0.8098214
7.290937	0.8088488
7.294271	0.8057113
7.297604	0.8004716
7.300938	0.7931926
7.304271	0.7839056
7.307604	0.7727361
7.310937	0.7597782
7.314271	0.7451574
7.317604	0.729062
7.320938	0.7115861
7.324271	0.6929493
7.327604	0.6733085
7.330937	0.652852
7.334271	0.6317679
7.337604	0.6102133
7.340938	0.5883763
7.344271	0.5664137
7.347604	0.5444512
7.350937	0.5226456
7.354271	0.5010595
7.357604	0.4798186
7.360938	0.4589856
7.364271	0.4386546
7.367604	0.4188569
7.370937	0.3996554
7.374271	0.3810814
7.377604	0.3631348
7.380938	0.3458785
7.384271	0.3292811
7.387604	0.3134053
7.390937	0.2981885
7.394271	0.2837246
7.397604	0.2699509
7.400938	0.2569303
7.404271	0.2446313
7.407604	0.2330852
7.410937	0.2222609
7.414271	0.2121581
7.417604	0.2027456
7.420938	0.1939605
7.424271	0.185803
7.427604	0.1782103
7.430937	0.1711509
7.434271	0.1646249
7.437604	0.1586009
7.440938	0.1531102
7.444271	0.1480589
7.447604	0.1435095
7.450937	0.139368
7.454271	0.135603
7.457604	0.1322458
7.460938	0.1291711
7.464271	0.1264101
7.467604	0.1238687
7.470938	0.1215156
7.474271	0.1193507
7.477604	0.1173741
7.480937	0.1155229
7.484271	0.1137973
7.487604	0.1121972
7.490938	0.1106912
7.494271	0.1092793
7.497604	0.1079615
7.500937	0.1067065
7.504271	0.1055457
7.507604	0.1044475
7.510938	0.1034122
7.514271	0.1024709
7.517604	0.101561
7.520937	0.1007453
7.524271	0.09999228
7.527604	0.09927066
7.530938	0.0985804
7.534271	0.09789015
7.537604	0.0971999
7.540937	0.09650965
7.544271	0.09575665
7.547604	0.09497227
7.550938	0.0941879
7.554271	0.09334077
7.557604	0.09249365
7.560937	0.09161514
7.564271	0.09070527
7.567604	0.08982677
7.570938	0.08897964
7.574271	0.08813251
7.577604	0.08731676
7.580937	0.08656376
7.584271	0.08587351
7.587604	0.08527738
7.590938	0.08471263
7.594271	0.084242
7.597604	0.08383413
7.600937	0.083489
7.604271	0.08314388
7.607604	0.08279875
7.610938	0.08242225
7.614271	0.08201438
7.617604	0.08151238
7.620937	0.08091625
7.624271	0.08025737
7.627604	0.07953575
7.630938	0.07875137
7.634271	0.077967
7.637604	0.07715125
7.640937	0.07633549
7.644271	0.07555112
7.647604	0.07482949
7.650938	0.07413924
7.654271	0.07351174
7.657604	0.07291561
7.660937	0.07235086
7.664271	0.07181749
7.667604	0.07134686
7.670938	0.07087624
7.674271	0.07046836
7.677604	0.07006049
7.680937	0.06971536
7.684271	0.06940161
7.687604	0.06911923
7.690938	0.06883686
7.694271	0.06855448
7.697604	0.06827211
7.700937	0.06798973
7.704271	0.06770736
7.707604	0.06739361
7.710938	0.06711123
7.714271	0.06682886
7.717604	0.06660923
7.720938	0.06642098
7.724271	0.0662641
7.727604	0.0661386
7.730937	0.0660131
7.734271	0.06585623
7.737604	0.06566798
7.740938	0.06541698
7.744271	0.06510323
7.747604	0.06469535
7.750937	0.06428747
7.754271	0.06384822
7.757604	0.06344035
7.760938	0.06303247
7.764271	0.06271872
7.767604	0.06243635
7.770937	0.06221672
7.774271	0.06202847
7.777604	0.06190297
7.780938	0.06180885
7.784271	0.06171472
7.787604	0.0616206
7.790937	0.06155785
7.794271	0.0614951
7.797604	0.06143235
7.800938	0.06133822
7.804271	0.0612441
7.807604	0.06108722
7.810937	0.06089897
7.814271	0.06064797
7.817604	0.06033422
7.820938	0.05998909
7.824271	0.05958122
7.827604	0.05911059
7.830937	0.05863997
7.834271	0.05816934
7.837604	0.05769872
7.840938	0.05725947
7.844271	0.05682021
7.847604	0.05644371
7.850937	0.05609859
7.854271	0.05581621
7.857604	0.05556521
7.860938	0.05537696
7.864271	0.05522009
7.867604	0.05509459
7.870937	0.05500046
7.874271	0.05490634
7.877604	0.05481221
7.880938	0.05468671
7.884271	0.05452984
7.887604	0.05434158
7.890937	0.05412196
7.894271	0.05390233
7.897604	0.05368271
7.900938	0.05343171
7.904271	0.05321208
7.907604	0.05302383
7.910937	0.05286696
7.914271	0.05274146
7.917604	0.05264733
7.920938	0.05261596
7.924271	0.05258458
7.927604	0.05258458
7.930937	0.05264733
7.934271	0.05267871
7.937604	0.05274146
7.940938	0.05280421
7.944271	0.05280421
7.947604	0.05280421
7.950937	0.05277283
7.954271	0.05274146
7.957604	0.05267871
7.960938	0.05261596
7.964271	0.05258458
7.967604	0.05255321
7.970938	0.05255321
7.974271	0.05258458
7.977604	0.05264733
7.980937	0.05271008
7.984271	0.05280421
7.987604	0.05289833
7.990938	0.05296108
7.994271	0.05308658
7.997604	0.05318071
8.000937	0.05330621
8.004271	0.05343171
8.007605	0.05355721
8.010938	0.05365133
8.014271	0.05368271
8.017604	0.05368271
8.020938	0.05361996
8.024271	0.05349446
8.027604	0.05330621
8.030937	0.05308658
8.034271	0.05283558
8.037604	0.05261596
8.040937	0.05239633
8.044271	0.05220808
8.047605	0.05208258
8.050938	0.05195708
8.054271	0.05183158
8.057604	0.05170608
8.060938	0.05154921
8.064271	0.05136096
8.067604	0.05114133
8.070937	0.05085895
8.074271	0.05048245
8.077604	0.05007458
8.080937	0.04957258
8.08427	0.04907058
8.087605	0.04850583
8.090938	0.04797245
8.094271	0.04743907
8.097604	0.04693707
8.100938	0.04649782
8.104271	0.04612132
8.107604	0.04587032
8.110937	0.04571345
8.114271	0.0456507
8.117604	0.04561932
8.120937	0.04558795
8.12427	0.04558795
8.127604	0.0455252
8.130938	0.04543107
8.134271	0.04524282
8.137604	0.0450232
8.140938	0.04470945
8.144271	0.04436432
8.147604	0.04401919
8.150937	0.04364269
8.154271	0.04326619
8.157604	0.04292107
8.160937	0.04257594
8.16427	0.04226219
8.167604	0.04194844
8.170938	0.04166607
8.174271	0.04138369
8.177604	0.04113269
8.180938	0.04085031
8.184271	0.04056794
8.187604	0.04025419
8.190937	0.03994044
8.194271	0.03959531
8.197604	0.03925019
8.200937	0.03893644
8.20427	0.03859131
8.207604	0.03830894
8.210938	0.03805794
8.214271	0.03790106
8.217605	0.03777556
8.220938	0.03771281
8.224271	0.03771281
8.227604	0.03777556
8.230938	0.03783831
8.234271	0.03790106
8.237604	0.03796381
8.240937	0.03799519
8.244271	0.03799519
8.247604	0.03796381
8.250937	0.03786969
8.254271	0.03774419
8.257605	0.03758731
8.260938	0.03739906
8.264271	0.03717943
8.267604	0.03699118
8.270938	0.03680293
8.274271	0.03661468
8.277604	0.03648918
8.280937	0.03636368
8.284271	0.03630093
8.287604	0.03623818
8.290937	0.03617543
8.294271	0.03611268
8.297605	0.03604993
8.300938	0.03592443
8.304271	0.03579893
8.307604	0.03564206
8.310938	0.03542243
8.314271	0.03520281
8.317604	0.0349518
8.320937	0.0347008
8.324271	0.03448118
8.327604	0.03426155
8.330937	0.03404193
8.33427	0.03385368
8.337605	0.0336968
8.340938	0.03350855
8.344271	0.03335168
8.347604	0.03316343
8.350938	0.03300655
8.354271	0.03284968
8.357604	0.03266143
8.360937	0.03250455
8.364271	0.03234768
8.367604	0.0321908
8.370937	0.0320653
8.37427	0.0319398
8.377604	0.03178293
8.380938	0.0316888
8.384271	0.0315633
8.387604	0.03150055
8.390938	0.0314378
8.394271	0.03137505
8.397604	0.03134367
8.400937	0.0313123
8.404271	0.03128092
8.407604	0.03124955
8.410937	0.0311868
8.41427	0.03112405
8.417604	0.03102992
8.420938	0.03090442
8.424271	0.0308103
8.427604	0.0306848
8.430938	0.03062205
8.434271	0.03052792
8.437604	0.03049655
8.440937	0.0304338
8.444271	0.03040242
8.447604	0.03037105
8.450937	0.03033967
8.45427	0.0303083
8.457604	0.03033967
8.460938	0.03037105
8.464271	0.03040242
8.467605	0.03049655
8.470938	0.03059067
8.474271	0.0306848
8.477604	0.03077892
8.480938	0.03087305
8.484271	0.0309358
8.487604	0.03099855
8.490937	0.03099855
8.494271	0.03096717
8.497604	0.0309358
8.500937	0.03084167
8.504271	0.03071617
8.507605	0.03059067
8.510938	0.03040242
8.514271	0.03021417
8.517604	0.02999455
8.520938	0.0298063
8.524271	0.02961805
8.527604	0.02946117
8.530937	0.02936705
8.534271	0.0293043
8.537604	0.0293043
8.540937	0.0293043
8.544271	0.02933567
8.547605	0.02933567
8.550938	0.02933567
8.554271	0.0293043
8.557604	0.02924155
8.560938	0.02914742
8.564271	0.02902192
8.567604	0.02889642
8.570937	0.02877092
8.574271	0.0286768
8.577604	0.02858267
8.580937	0.02848855
8.58427	0.02839442
8.587605	0.02833167
8.590938	0.02823755
8.594271	0.0281748
8.597604	0.02808067
8.600938	0.02795517
8.604271	0.02782967
8.607604	0.02770417
8.610937	0.02757867
8.614271	0.02751592
8.617604	0.02745317
8.620937	0.02745317
8.62427	0.02748454
8.627604	0.02757867
8.630938	0.02773555
8.634271	0.0279238
8.637604	0.02814342
8.640938	0.02833167
8.644271	0.02851992
8.647604	0.02864542
8.650937	0.02873955
8.654271	0.02873955
8.657604	0.0286768
8.660937	0.02858267
8.66427	0.02845717
8.667604	0.0283003
8.670938	0.02814342
8.674271	0.02801792
8.677604	0.02789242
8.680938	0.0277983
8.684271	0.02776692
8.687604	0.02773555
8.690937	0.02770417
8.694271	0.0276728
8.697604	0.02764142
8.700937	0.02761004
8.70427	0.02761004
8.707604	0.02757867
8.710938	0.02751592
8.714271	0.02748454
8.717605	0.02745317
8.720938	0.02742179
8.724271	0.02742179
8.727604	0.02739042
8.730938	0.02739042
8.734271	0.02742179
8.737604	0.02742179
8.740937	0.02742179
8.744271	0.02742179
8.747604	0.02739042
8.750937	0.02735904
8.754271	0.02726492
8.757605	0.02717079
8.760938	0.02704529
8.764271	0.02691979
8.767604	0.02679429
8.770938	0.02666879
8.774271	0.02654329
8.777604	0.02644917
8.780937	0.02641779
8.784271	0.02635504
8.787604	0.02635504
8.790937	0.02635504
8.794271	0.02632367
8.797605	0.02626092
8.800938	0.02619817
8.804271	0.02610404
8.807604	0.02594717
8.810938	0.02579029
8.814271	0.02560204
8.817604	0.02538241
8.820937	0.02519416
8.824271	0.02497454
8.827604	0.02481766
8.830937	0.02462941
8.83427	0.02447254
8.837605	0.02434704
8.840938	0.02419016
8.844271	0.02403329
8.847604	0.02387641
8.850938	0.02375091
8.854271	0.02359404
8.857604	0.02343716
8.860937	0.02331166
8.864271	0.02318616
8.867604	0.02306066
8.870937	0.02296654
8.87427	0.02287241
8.877604	0.02277829
8.880938	0.02265279
8.884271	0.02252729
8.887604	0.02233904
8.890938	0.02215078
8.894271	0.02196253
8.897604	0.02174291
8.900937	0.02149191
8.904271	0.02127228
8.907604	0.02102128
8.910937	0.02080166
8.91427	0.02055066
8.917604	0.02029966
8.920938	0.02004866
8.924271	0.01979766
8.927604	0.01951528
8.930938	0.01923291
8.934271	0.01898191
8.937604	0.01876228
8.940937	0.01854265
8.944271	0.01838578
8.947604	0.01829165
8.950937	0.0182289
8.95427	0.0182289
8.957604	0.0182289
8.960938	0.01826028
8.964271	0.01826028
8.967605	0.0182289
8.970938	0.0182289
8.974271	0.01816615
8.977604	0.0181034
8.980938	0.01804065
8.984271	0.01794653
8.987604	0.01788378
8.990937	0.01782103
8.994271	0.01775828
8.997604	0.0177269
9.000937	0.01769553
9.004271	0.01766415
9.007605	0.0176014
9.010938	0.01753865
9.014271	0.0174759
9.017604	0.01738178
9.020938	0.01731903
9.024271	0.01725628
9.027604	0.0172249
9.030937	0.0172249
9.034271	0.01728765
9.037604	0.0173504
9.040937	0.01741315
9.044271	0.01750728
9.047605	0.01753865
9.050938	0.01753865
9.054271	0.01744453
9.057604	0.01725628
9.060938	0.01700528
9.064271	0.01669153
9.067604	0.0163464
9.070937	0.01600128
9.074271	0.0157189
9.077604	0.0154679
9.080937	0.01524827
9.08427	0.01512277
9.087605	0.01506002
9.090938	0.01506002
9.094271	0.01502865
9.097604	0.01502865
9.100938	0.01502865
9.104271	0.01502865
9.107604	0.01502865
9.110937	0.01502865
9.114271	0.01502865
9.117604	0.01502865
9.120937	0.01506002
9.12427	0.01506002
9.127604	0.0150914
9.130938	0.01512277
9.134271	0.01512277
9.137604	0.0150914
9.140938	0.01506002
9.144271	0.01499727
9.147604	0.01493452
9.150937	0.0148404
9.154271	0.01474627
9.157604	0.01462077
9.160937	0.0144639
9.16427	0.01427565
9.167604	0.0140874
9.170938	0.01389915
9.174271	0.01367952
9.177604	0.0134599
9.180938	0.01327165
9.184271	0.0130834
9.187604	0.0129579
9.190937	0.01286377
9.194271	0.01280102
9.197604	0.01273827
9.200937	0.01273827
9.20427	0.01273827
9.207604	0.01276965
9.210938	0.01280102
9.214271	0.0128324
9.217605	0.01286377
9.220938	0.0128324
9.224271	0.01280102
9.227604	0.01273827
9.230938	0.0125814
9.234271	0.01242452
9.237604	0.0122049
9.240937	0.01198527
9.244271	0.01176565
9.247604	0.01154602
9.250937	0.01135777
9.254271	0.01123227
9.257605	0.0112009
9.260938	0.0112009
9.264271	0.01126365
9.267604	0.01135777
9.270938	0.01148327
9.274271	0.0115774
9.277604	0.01164015
9.280937	0.01167152
9.284271	0.01167152
9.287604	0.01160877
9.290937	0.01151465
9.294271	0.01138915
9.297605	0.01126365
9.300938	0.01116952
9.304271	0.0110754
9.307604	0.01101265
9.310938	0.0109499
9.314271	0.01091852
9.317604	0.01088715
9.320937	0.01085577
9.324271	0.01082439
9.327604	0.01082439
9.330937	0.01082439
9.33427	0.01082439
9.337605	0.01082439
9.340938	0.01082439
9.344271	0.01082439
9.347604	0.01085577
9.350938	0.01085577
9.354271	0.01088715
9.357604	0.01088715
9.360937	0.01085577
9.364271	0.01079302
9.367604	0.01069889
9.370937	0.01057339
9.37427	0.01038514
9.377604	0.01016552
9.380938	0.009977269
9.384271	0.009757643
9.387604	0.009600768
9.390938	0.009475268
9.394271	0.009443893
9.397604	0.009506643
9.400937	0.009632143
9.404271	0.009789018
9.407604	0.009977269
9.410937	0.01016552
9.41427	0.01032239
9.417604	0.01044789
9.420938	0.01047927
9.424271	0.01044789
9.427604	0.01038514
9.430938	0.01025964
9.434271	0.01013414
9.437604	0.009977269
9.440937	0.009789018
9.444271	0.009632143
9.447604	0.009443893
9.450937	0.009287018
9.45427	0.009130142
9.457604	0.009004642
9.460938	0.008910517
9.464271	0.008847767
9.467605	0.008816392
9.470938	0.008847767
9.474271	0.008910517
9.477604	0.009036017
9.480938	0.009130142
9.484271	0.009255643
9.487604	0.009349768
9.490937	0.009412518
9.494271	0.009443893
9.497604	0.009412518
9.500937	0.009381143
9.504271	0.009287018
9.507605	0.009161517
9.510938	0.009004642
9.514271	0.008847767
9.517604	0.008690892
9.520938	0.008534017
9.524271	0.008345766
9.527604	0.008188891
9.530937	0.008063391
9.534271	0.007906516
9.537604	0.00781239
9.540937	0.00768689
9.544271	0.00762414
9.547605	0.007530015
9.550938	0.00749864
9.554271	0.00743589
9.557604	0.00743589
9.560938	0.007404515
9.564271	0.007404515
9.567604	0.00737314
9.570937	0.00737314
9.574271	0.00737314
9.577604	0.007404515
9.580937	0.007404515
9.58427	0.007404515
9.587605	0.007404515
9.590938	0.007404515
9.594271	0.007404515
9.597604	0.00737314
9.600938	0.007341765
9.604271	0.007279015
9.607604	0.007216265
9.610937	0.007090764
9.614271	0.006965264
9.617604	0.006839764
9.620937	0.006682889
9.62427	0.006526014
9.627604	0.006400513
9.630938	0.006306388
9.634271	0.006243638
9.637604	0.006212263
9.640938	0.006243638
9.644271	0.006275013
9.647604	0.006306388
9.650937	0.006337763
9.654271	0.006337763
9.657604	0.006243638
9.660937	0.006118138
9.66427	0.005961263
9.667604	0.005741634
9.670938	0.005522008
9.674271	0.005333758
9.677604	0.005145508
9.680938	0.005020007
9.684271	0.004957257
9.687604	0.004957257
9.690937	0.005020007
9.694271	0.005082758
9.697604	0.005145508
9.700937	0.005239633
9.70427	0.005333758
9.707604	0.005396508
9.710938	0.005490633
9.714271	0.005584758
9.717605	0.005678883
9.720938	0.005773009
9.724271	0.005835759
9.727604	0.005929888
9.730938	0.005992638
9.734271	0.006024013
9.737604	0.006024013
9.740937	0.005992638
9.744271	0.005898509
9.747604	0.005804384
9.750937	0.005647508
9.754271	0.005522008
9.757605	0.005365133
9.760938	0.005239633
9.764271	0.005114133
9.767604	0.005020007
9.770938	0.004988632
9.774271	0.004957257
9.777604	0.004988632
9.780937	0.005082758
9.784271	0.005176883
9.787604	0.005333758
9.790937	0.005490633
9.794271	0.005647508
9.797605	0.005773009
9.800938	0.005867134
9.804271	0.005898509
9.807604	0.005835759
9.810938	0.005710259
9.814271	0.005522008
9.817604	0.005302383
9.820937	0.005020007
9.824271	0.004737632
9.827604	0.004455257
9.830937	0.004172881
9.83427	0.003890506
9.837605	0.003639505
9.840938	0.00341988
9.844271	0.003200255
9.847604	0.002980629
9.850938	0.002792379
9.854271	0.002666879
9.857604	0.002541379
9.860937	0.002447254
9.864271	0.002415879
9.867604	0.002447254
9.870937	0.002510004
9.87427	0.002635504
9.877604	0.002761004
9.880938	0.002917879
9.884271	0.003074755
9.887604	0.00323163
9.890938	0.00335713
9.894271	0.003451255
9.897604	0.00354538
9.900937	0.003576755
9.904271	0.00360813
9.907604	0.003576755
9.910937	0.00354538
9.91427	0.00348263
9.917604	0.00341988
9.920938	0.003325755
9.924271	0.003200255
9.927604	0.00304338
9.930938	0.002886504
9.934271	0.002729629
9.937604	0.002541379
9.940937	0.002321753
9.944271	0.002102128
9.947604	0.001882503
9.950937	0.001631502
9.95427	0.001411877
9.957604	0.001192252
9.960938	0.001004001
9.964271	0.0007843762
9.967605	0.0005961259
9.970938	0.0004392507
9.974271	0.0002823754
9.977604	0.0001568752
9.980938	6.275009e-05
9.984271	0
9.987604	0
9.990937	6.275009e-05
9.994271	0.0001568752
9.997604	0.0003137505
}
[PEAK]
{
Peak ID	1
Peak Ref	1
Time	3.314981
Peak	2.884271	4.047604
Intensity	-5.155802e-05	0.0001488924
Height	0.0004411473
AreaAbs	139.2092
Area %BP	0.005820957
Area %Total	0.005568698
Width	1.163333
}
[PEAK]
{
Peak ID	2
Peak Ref	2
Time	4.698423
Peak	4.047604	4.940938
Intensity	-5.155802e-05	0.0001488924
Height	0.005825316
AreaAbs	1583.482
Area %BP	0.06621245
Area %Total	0.06334305
Width	0.8933334
}
[PEAK]
{
Peak ID	3
Peak Ref	3
Time	5.269859
Peak	4.940938	6.220938
Intensity	-5.155802e-05	0.0001488924
Height	0.1898347
AreaAbs	39858.61
Area %BP	1.666667
Area %Total	1.59444
Width	1.28
}
[PEAK]
{
Peak ID	4
Peak Ref	4
Time	6.220938
Peak	6.220938	6.797604
Intensity	-5.155802e-05	0.0001488924
Height	0.0003013951
AreaAbs	82.87615
Area %BP	0.003465422
Area %Total	0.003315244
Width	0.5766664
}
}
}
}
