[SAMPLE]
{
Sample	1
Well	2
FileName	
SampleID	CBS202507-RM01
SampleDescription	Aquired with Galaxy
Date	23-Mar-2026
Time	18:39:26 PRC
JobCode	
TaskCode	
UserName	Congcong_Liu2
LabName	Aquired with Galaxy
Instrument	BAD_L_15_101
Conditions	
Submitter	Jinxue_Shen
SampleType	
Plate	
Method	
Process	Galaxy
MSTune	
MSMethod	
InletMethod	
PreRunMethod	
PostRunMethod	
SwitchMethod	
FractionMethod	
AcquisitionProcess	
AcquisitionProcessParameters	
AcquisitionProcessOptions	
InjectionVolume	25
ReportScheme	
SampleReportEnable	0
SampleReportFormat	
AnalysisTime	0
[COMPOUND]
{
;Mono Mass	Formula
}
[FUNCTION]
{
Function	1
IonMode	ES+
Type	MS
Description	(0:0)
[SPECTRUM]
{
ProcDesc	0.00:Combine
State	OK
Peak ID	0
Peak Ref	0
Time	0
TIC	0
BPI	0
BPM	0
Continuum	FALSE
Saved	FALSE
[MASSES]
{
;Mass	Exp. Mass	Obs. Mass	% BPI	Int. Abs
}
[RESULTS]
{
;Mass	Found	% BPI	% Purity
}
[MS]
{
;Mass	% BPI
0	0
}
}
[CHROMATOGRAM]
{
TraceNumber	1
Description	scroll down chrom view to see 2D LC chrom
ProcDesc	
MaxIntensity	0
[TRACE]
{
0	0
}
[PEAK]
{
Peak ID	0
Peak Ref	0
Time	0
Peak	0
Intensity	0	0
Height	0
AreaAbs	0
Area %BP	0
Area %Total	0
}
}
}
[FUNCTION]
{
Function	0
Description	ANALOG
[CHROMATOGRAM]
{
TraceNumber	2
Description	LC
ProcDesc	Result Id:3286, VWD: Signal A, 280 nm
MaxIntensity	0.2984111
[TRACE]
{
;Time	Int. %Max
0.0003125	0.006851084
0.003645833	0.006791162
0.006979167	0.006691292
0.0103125	0.006591422
0.01364583	0.006471578
0.01697917	0.006371708
0.0203125	0.006271838
0.02364583	0.006191942
0.02697917	0.006112046
0.0303125	0.006072098
0.03364583	0.00603215
0.03697916	0.006012176
0.0403125	0.006012176
0.04364583	0.005992202
0.04697917	0.005972228
0.0503125	0.005952254
0.05364583	0.005912306
0.05697917	0.005852384
0.0603125	0.005792462
0.06364583	0.005752514
0.06697917	0.005712566
0.0703125	0.005692592
0.07364583	0.005672618
0.07697917	0.005692592
0.0803125	0.00573254
0.08364584	0.005772488
0.08697917	0.00583241
0.0903125	0.005912306
0.09364583	0.005952254
0.09697916	0.006012176
0.1003125	0.006052124
0.1036458	0.006092072
0.1069792	0.006151994
0.1103125	0.00623189
0.1136458	0.00633176
0.1169792	0.006451604
0.1203125	0.006611396
0.1236458	0.006791162
0.1269792	0.007010876
0.1303125	0.007230591
0.1336458	0.007470279
0.1369792	0.007729941
0.1403125	0.007989603
0.1436458	0.008269239
0.1469792	0.008548875
0.1503125	0.008848485
0.1536458	0.009128121
0.1569792	0.009427731
0.1603125	0.009707367
0.1636458	0.009987004
0.1669792	0.01028661
0.1703125	0.01056625
0.1736458	0.01084589
0.1769792	0.01112552
0.1803125	0.01140516
0.1836458	0.01170477
0.1869792	0.0119844
0.1903125	0.01224407
0.1936458	0.01250373
0.1969792	0.01270347
0.2003125	0.01286326
0.2036458	0.0129831
0.2069792	0.01304303
0.2103125	0.013063
0.2136458	0.013063
0.2169792	0.01304303
0.2203125	0.01302305
0.2236458	0.01302305
0.2269792	0.01304303
0.2303125	0.01310295
0.2336458	0.01320282
0.2369792	0.01330269
0.2403125	0.01342253
0.2436458	0.01354238
0.2469792	0.01364225
0.2503125	0.01372214
0.2536458	0.01374212
0.2569792	0.01374212
0.2603125	0.01370217
0.2636458	0.01366222
0.2669792	0.01358232
0.2703125	0.0135224
0.2736458	0.01346248
0.2769792	0.01340256
0.2803125	0.01334264
0.2836458	0.01328271
0.2869792	0.01322279
0.2903125	0.01316287
0.2936458	0.01310295
0.2969792	0.01304303
0.3003125	0.01300308
0.3036458	0.0129831
0.3069792	0.0129831
0.3103125	0.0129831
0.3136458	0.01300308
0.3169792	0.01300308
0.3203125	0.0129831
0.3236458	0.01294316
0.3269792	0.01286326
0.3303125	0.01276339
0.3336458	0.01262357
0.3369792	0.01248375
0.3403125	0.01232396
0.3436458	0.01216417
0.3469792	0.01204433
0.3503125	0.01192448
0.3536458	0.01184459
0.3569792	0.01176469
0.3603125	0.01172474
0.3636458	0.01166482
0.3669792	0.0116049
0.3703125	0.011525
0.3736458	0.01144511
0.3769792	0.01134524
0.3803125	0.01122539
0.3836458	0.01112552
0.3869792	0.01100568
0.3903125	0.01090581
0.3936458	0.01082591
0.3969792	0.01074602
0.4003125	0.01066612
0.4036458	0.0106062
0.4069792	0.0105263
0.4103125	0.01046638
0.4136458	0.01038648
0.4169792	0.01032656
0.4203125	0.01024667
0.4236458	0.01018674
0.4269792	0.0101468
0.4303125	0.01010685
0.4336458	0.01008687
0.4369792	0.01004693
0.4403125	0.009987004
0.4436458	0.009907108
0.4469792	0.009807237
0.4503125	0.009667419
0.4536458	0.009507627
0.4569792	0.009347835
0.4603125	0.009148095
0.4636458	0.008948355
0.4669792	0.008748615
0.4703125	0.008588823
0.4736458	0.008429031
0.4769792	0.008289213
0.4803125	0.008149395
0.4836458	0.008049525
0.4869792	0.007949655
0.4903125	0.007849785
0.4936458	0.007749915
0.4969792	0.007670019
0.5003125	0.007590123
0.5036458	0.007550175
0.5069792	0.007510227
0.5103125	0.007470279
0.5136458	0.007470279
0.5169792	0.007470279
0.5203125	0.007470279
0.5236458	0.007470279
0.5269791	0.007450305
0.5303125	0.007390383
0.5336458	0.007310487
0.5369791	0.007190642
0.5403125	0.00703085
0.5436459	0.00683111
0.5469792	0.006651344
0.5503125	0.006451604
0.5536458	0.006251864
0.5569792	0.006092072
0.5603125	0.005952254
0.5636458	0.00583241
0.5669792	0.005752514
0.5703125	0.005692592
0.5736458	0.005652644
0.5769792	0.00563267
0.5803125	0.005612696
0.5836458	0.005592722
0.5869792	0.005592722
0.5903125	0.005592722
0.5936458	0.005572748
0.5969791	0.005552774
0.6003125	0.0055328
0.6036459	0.005492852
0.6069792	0.005452904
0.6103125	0.00543293
0.6136459	0.005412956
0.6169792	0.005392982
0.6203125	0.005412956
0.6236458	0.00543293
0.6269792	0.005472878
0.6303125	0.0055328
0.6336458	0.005592722
0.6369792	0.005652644
0.6403125	0.005712566
0.6436458	0.005772488
0.6469792	0.005812436
0.6503125	0.00583241
0.6536458	0.005872358
0.6569791	0.005892332
0.6603125	0.005912306
0.6636458	0.005952254
0.6669792	0.005972228
0.6703125	0.005992202
0.6736459	0.005992202
0.6769792	0.005972228
0.6803125	0.005952254
0.6836458	0.005912306
0.6869792	0.005872358
0.6903125	0.00583241
0.6936458	0.005792462
0.6969792	0.005772488
0.7003125	0.005792462
0.7036458	0.005812436
0.7069792	0.005872358
0.7103125	0.00593228
0.7136458	0.005972228
0.7169791	0.006012176
0.7203125	0.00603215
0.7236458	0.00603215
0.7269792	0.006012176
0.7303125	0.005972228
0.7336459	0.00593228
0.7369792	0.005912306
0.7403125	0.005912306
0.7436458	0.00593228
0.7469792	0.005992202
0.7503125	0.006072098
0.7536458	0.006151994
0.7569792	0.006251864
0.7603125	0.00633176
0.7636458	0.006391682
0.7669792	0.006451604
0.7703125	0.006471578
0.7736458	0.006471578
0.7769791	0.006451604
0.7803125	0.006411656
0.7836458	0.006371708
0.7869791	0.00633176
0.7903125	0.006291812
0.7936459	0.006271838
0.7969792	0.006251864
0.8003125	0.00623189
0.8036458	0.006211916
0.8069792	0.006211916
0.8103125	0.006191942
0.8136458	0.006171968
0.8169792	0.006151994
0.8203125	0.00613202
0.8236458	0.006092072
0.8269792	0.006072098
0.8303125	0.006072098
0.8336458	0.006072098
0.8369792	0.006072098
0.8403125	0.006092072
0.8436458	0.00613202
0.8469791	0.006191942
0.8503125	0.006251864
0.8536459	0.006311786
0.8569792	0.006391682
0.8603125	0.006451604
0.8636459	0.006511526
0.8669792	0.006551474
0.8703125	0.006591422
0.8736458	0.006591422
0.8769792	0.006551474
0.8803125	0.006491552
0.8836458	0.006411656
0.8869792	0.006291812
0.8903125	0.006151994
0.8936458	0.006012176
0.8969792	0.005872358
0.9003125	0.00573254
0.9036458	0.005612696
0.9069791	0.005492852
0.9103125	0.005392982
0.9136458	0.005293112
0.9169792	0.005213216
0.9203125	0.005153294
0.9236459	0.005113346
0.9269792	0.005093372
0.9303125	0.005113346
0.9336458	0.00513332
0.9369792	0.005193242
0.9403125	0.005273138
0.9436458	0.005353034
0.9469792	0.00543293
0.9503125	0.0055328
0.9536458	0.005612696
0.9569792	0.005692592
0.9603125	0.005752514
0.9636458	0.005792462
0.9669791	0.00583241
0.9703125	0.005852384
0.9736458	0.005892332
0.9769792	0.005912306
0.9803125	0.00593228
0.9836459	0.005952254
0.9869792	0.005972228
0.9903125	0.005972228
0.9936458	0.005952254
0.9969792	0.00593228
1.000312	0.005892332
1.003646	0.005852384
1.006979	0.005812436
1.010313	0.005772488
1.013646	0.00573254
1.016979	0.005672618
1.020313	0.005612696
1.023646	0.005552774
1.026979	0.005492852
1.030313	0.005452904
1.033646	0.005392982
1.036979	0.005313086
1.040313	0.005253164
1.043646	0.005213216
1.046979	0.005173268
1.050313	0.005153294
1.053646	0.005173268
1.056979	0.005193242
1.060313	0.005213216
1.063646	0.005273138
1.066979	0.00533306
1.070313	0.005392982
1.073646	0.005452904
1.076979	0.0055328
1.080312	0.005572748
1.083646	0.005612696
1.086979	0.005652644
1.090312	0.005652644
1.093646	0.005652644
1.096979	0.005612696
1.100312	0.005572748
1.103646	0.005492852
1.106979	0.005412956
1.110312	0.005313086
1.113646	0.005213216
1.116979	0.005113346
1.120312	0.005013476
1.123646	0.00493358
1.126979	0.004873658
1.130312	0.004853684
1.133646	0.00483371
1.136979	0.004873658
1.140313	0.004913606
1.143646	0.004973528
1.146979	0.005053424
1.150313	0.005113346
1.153646	0.005173268
1.156979	0.005213216
1.160313	0.00523319
1.163646	0.00523319
1.166979	0.005213216
1.170313	0.005193242
1.173646	0.005173268
1.176979	0.00513332
1.180313	0.005093372
1.183646	0.005073398
1.186979	0.00503345
1.190313	0.004993502
1.193646	0.004953554
1.196979	0.004913606
1.200312	0.004893632
1.203646	0.004853684
1.206979	0.00483371
1.210312	0.00483371
1.213646	0.004813736
1.216979	0.004793762
1.220312	0.004793762
1.223646	0.004773788
1.226979	0.00473384
1.230312	0.004693892
1.233646	0.004653944
1.236979	0.004594022
1.240312	0.004514126
1.243646	0.00443423
1.246979	0.004374308
1.250312	0.004314386
1.253646	0.004254464
1.256979	0.004194542
1.260313	0.004174568
1.263646	0.004154594
1.266979	0.004154594
1.270313	0.004194542
1.273646	0.00423449
1.276979	0.004294412
1.280313	0.004394282
1.283646	0.004474178
1.286979	0.004574048
1.290313	0.004653944
1.293646	0.00473384
1.296979	0.004793762
1.300313	0.004853684
1.303646	0.004893632
1.306979	0.004913606
1.310313	0.00493358
1.313646	0.004953554
1.316979	0.004993502
1.320313	0.00503345
1.323646	0.005053424
1.326979	0.005093372
1.330312	0.00513332
1.333646	0.005173268
1.336979	0.005193242
1.340312	0.005193242
1.343646	0.005173268
1.346979	0.005153294
1.350312	0.005113346
1.353646	0.005053424
1.356979	0.004993502
1.360312	0.00493358
1.363646	0.004913606
1.366979	0.004893632
1.370312	0.004893632
1.373646	0.004913606
1.376979	0.004973528
1.380312	0.00503345
1.383646	0.005093372
1.386979	0.00513332
1.390313	0.005173268
1.393646	0.005173268
1.396979	0.005153294
1.400313	0.005113346
1.403646	0.005073398
1.406979	0.005053424
1.410313	0.00503345
1.413646	0.005073398
1.416979	0.005153294
1.420313	0.005253164
1.423646	0.005412956
1.426979	0.005572748
1.430313	0.005752514
1.433646	0.00593228
1.436979	0.006112046
1.440313	0.006251864
1.443646	0.006371708
1.446979	0.006451604
1.450312	0.006511526
1.453646	0.0065315
1.456979	0.0065315
1.460312	0.0065315
1.463646	0.006511526
1.466979	0.006491552
1.470312	0.006471578
1.473646	0.006471578
1.476979	0.006511526
1.480312	0.006551474
1.483646	0.00663137
1.486979	0.006711266
1.490312	0.006811136
1.493646	0.006911006
1.496979	0.007010876
1.500312	0.00713072
1.503646	0.007250565
1.506979	0.007370409
1.510313	0.007510227
1.513646	0.007670019
1.516979	0.007829811
1.520313	0.007989603
1.523646	0.008149395
1.526979	0.008289213
1.530313	0.008389083
1.533646	0.008449005
1.536979	0.008468979
1.540313	0.008449005
1.543646	0.008369109
1.546979	0.008289213
1.550313	0.008169369
1.553646	0.008049525
1.556979	0.007949655
1.560313	0.007849785
1.563646	0.007789863
1.566979	0.007749915
1.570313	0.007749915
1.573646	0.007789863
1.576979	0.007849785
1.580312	0.007909707
1.583646	0.007989603
1.586979	0.008049525
1.590312	0.008109447
1.593646	0.008149395
1.596979	0.008149395
1.600312	0.008109447
1.603646	0.008029551
1.606979	0.007929681
1.610312	0.007809837
1.613646	0.007689993
1.616979	0.007570149
1.620312	0.007430331
1.623646	0.007330461
1.626979	0.007250565
1.630312	0.007190642
1.633646	0.007150694
1.636979	0.007150694
1.640313	0.007170668
1.643646	0.007190642
1.646979	0.007230591
1.650313	0.007270539
1.653646	0.007290513
1.656979	0.007310487
1.660313	0.007310487
1.663646	0.007290513
1.666979	0.007250565
1.670313	0.007190642
1.673646	0.007150694
1.676979	0.007090772
1.680313	0.007050824
1.683646	0.007010876
1.686979	0.006970928
1.690313	0.006950954
1.693646	0.006911006
1.696979	0.006891032
1.700312	0.006851084
1.703646	0.006811136
1.706979	0.006791162
1.710312	0.006751214
1.713646	0.006751214
1.716979	0.006751214
1.720312	0.006771188
1.723646	0.006811136
1.726979	0.006851084
1.730312	0.006911006
1.733646	0.006970928
1.736979	0.00703085
1.740312	0.007070798
1.743646	0.007070798
1.746979	0.00703085
1.750312	0.006970928
1.753646	0.006891032
1.756979	0.006771188
1.760313	0.006611396
1.763646	0.006451604
1.766979	0.006291812
1.770313	0.00613202
1.773646	0.005992202
1.776979	0.005872358
1.780313	0.005772488
1.783646	0.005712566
1.786979	0.005672618
1.790313	0.005672618
1.793646	0.005692592
1.796979	0.00573254
1.800313	0.005772488
1.803646	0.00583241
1.806979	0.005912306
1.810313	0.005972228
1.813646	0.006052124
1.816979	0.006112046
1.820313	0.006151994
1.823646	0.006171968
1.826979	0.006171968
1.830312	0.006151994
1.833646	0.006112046
1.836979	0.006052124
1.840312	0.005992202
1.843646	0.005912306
1.846979	0.00583241
1.850312	0.005772488
1.853646	0.005712566
1.856979	0.005652644
1.860312	0.005592722
1.863646	0.0055328
1.866979	0.005472878
1.870312	0.005392982
1.873646	0.005293112
1.876979	0.005213216
1.880312	0.005113346
1.883646	0.00503345
1.886979	0.004953554
1.890313	0.004893632
1.893646	0.004813736
1.896979	0.004753814
1.900313	0.004693892
1.903646	0.00463397
1.906979	0.004574048
1.910313	0.004494152
1.913646	0.004394282
1.916979	0.004314386
1.920313	0.00423449
1.923646	0.004174568
1.926979	0.004114646
1.930313	0.004094671
1.933646	0.004094671
1.936979	0.004114646
1.940313	0.004154594
1.943646	0.004174568
1.946979	0.004214516
1.950312	0.00423449
1.953646	0.004254464
1.956979	0.004274438
1.960312	0.004254464
1.963646	0.00423449
1.966979	0.004194542
1.970312	0.004154594
1.973646	0.004094671
1.976979	0.004054723
1.980312	0.004014775
1.983646	0.003974827
1.986979	0.003954853
1.990312	0.003954853
1.993646	0.003954853
1.996979	0.003994801
2.000313	0.004014775
2.003646	0.004074697
2.006979	0.004154594
2.010313	0.004214516
2.013646	0.004314386
2.016979	0.004394282
2.020313	0.004474178
2.023646	0.004554074
2.026979	0.004613996
2.030313	0.004673918
2.033646	0.004693892
2.036979	0.004673918
2.040313	0.00463397
2.043646	0.004574048
2.046979	0.004474178
2.050313	0.004374308
2.053646	0.004254464
2.056979	0.00413462
2.060313	0.004014775
2.063646	0.003894931
2.066979	0.003795061
2.070313	0.003715165
2.073646	0.003635269
2.076979	0.003575347
2.080312	0.003515425
2.083646	0.003455503
2.086979	0.003415555
2.090312	0.003375607
2.093646	0.003375607
2.096979	0.003375607
2.100312	0.003375607
2.103646	0.003395581
2.106979	0.003415555
2.110312	0.003415555
2.113646	0.003415555
2.116979	0.003375607
2.120312	0.003335659
2.123646	0.003255763
2.126979	0.003155893
2.130312	0.003036049
2.133646	0.002916205
2.136979	0.002796361
2.140312	0.002696491
2.143646	0.002616595
2.146979	0.002576647
2.150312	0.002556673
2.153646	0.002556673
2.156979	0.002596621
2.160312	0.002676517
2.163646	0.002756413
2.166979	0.002856283
2.170312	0.002956153
2.173646	0.003056023
2.176979	0.003135919
2.180312	0.003195841
2.183646	0.003235789
2.186979	0.003255763
2.190312	0.003255763
2.193646	0.003255763
2.196979	0.003255763
2.200313	0.003235789
2.203646	0.003215815
2.206979	0.003215815
2.210313	0.003175867
2.213646	0.003155893
2.216979	0.003095971
2.220313	0.003036049
2.223646	0.002976127
2.226979	0.002896231
2.230313	0.002816335
2.233646	0.002736439
2.236979	0.002656543
2.240313	0.002616595
2.243646	0.002576647
2.246979	0.002576647
2.250313	0.002576647
2.253646	0.002576647
2.256979	0.002576647
2.260313	0.002596621
2.263646	0.002596621
2.266979	0.002596621
2.270313	0.002596621
2.273646	0.002596621
2.276979	0.002616595
2.280313	0.002656543
2.283646	0.002696491
2.286979	0.002776387
2.290313	0.002836309
2.293646	0.002896231
2.296979	0.002956153
2.300313	0.002996101
2.303646	0.002996101
2.306979	0.002976127
2.310313	0.002916205
2.313646	0.002816335
2.316979	0.002716465
2.320313	0.002616595
2.323646	0.002536699
2.326979	0.002476777
2.330312	0.002456803
2.333646	0.002456803
2.336979	0.002496751
2.340312	0.002576647
2.343646	0.002636569
2.346979	0.002716465
2.350312	0.002796361
2.353646	0.002836309
2.356979	0.002856283
2.360312	0.002816335
2.363646	0.002776387
2.366979	0.002696491
2.370312	0.002636569
2.373646	0.002556673
2.376979	0.002496751
2.380312	0.002476777
2.383646	0.002456803
2.386979	0.002476777
2.390312	0.002536699
2.393646	0.002616595
2.396979	0.002716465
2.400312	0.002836309
2.403646	0.002936179
2.406979	0.003016075
2.410312	0.003075997
2.413646	0.003095971
2.416979	0.003095971
2.420312	0.003036049
2.423646	0.002956153
2.426979	0.002856283
2.430312	0.002716465
2.433646	0.002556673
2.436979	0.002396881
2.440312	0.002217115
2.443646	0.002077297
2.446979	0.001937479
2.450313	0.001817635
2.453646	0.001737739
2.456979	0.001677817
2.460313	0.001657843
2.463646	0.001677817
2.466979	0.001717765
2.470313	0.001777687
2.473646	0.001837609
2.476979	0.001937479
2.480313	0.002017375
2.483646	0.002117245
2.486979	0.002237089
2.490313	0.002336959
2.493646	0.002436829
2.496979	0.002536699
2.500313	0.002616595
2.503646	0.002676517
2.506979	0.002736439
2.510313	0.002756413
2.513646	0.002756413
2.516979	0.002716465
2.520313	0.002656543
2.523646	0.002576647
2.526979	0.002456803
2.530313	0.002336959
2.533646	0.002217115
2.536979	0.002097271
2.540313	0.001977427
2.543646	0.001877557
2.546979	0.001777687
2.550313	0.001717765
2.553646	0.001677817
2.556979	0.001637869
2.560313	0.001617895
2.563646	0.001617895
2.566979	0.00159792
2.570313	0.00159792
2.573646	0.001577946
2.576979	0.001557972
2.580312	0.001537998
2.583646	0.00149805
2.586979	0.001478076
2.590312	0.001438128
2.593646	0.00139818
2.596979	0.001358232
2.600312	0.001318284
2.603646	0.001278336
2.606979	0.001238388
2.610312	0.00119844
2.613646	0.001178466
2.616979	0.00119844
2.620312	0.001218414
2.623646	0.001278336
2.626979	0.001358232
2.630312	0.001458102
2.633646	0.001557972
2.636979	0.001677817
2.640312	0.001757713
2.643646	0.001817635
2.646979	0.001857583
2.650312	0.001877557
2.653646	0.001857583
2.656979	0.001817635
2.660312	0.001777687
2.663646	0.001757713
2.666979	0.001737739
2.670312	0.001717765
2.673646	0.001737739
2.676979	0.001777687
2.680312	0.001837609
2.683646	0.001897531
2.686979	0.001957453
2.690312	0.002037349
2.693646	0.002097271
2.696979	0.002177167
2.700313	0.002237089
2.703646	0.002316985
2.706979	0.002376907
2.710313	0.002436829
2.713646	0.002496751
2.716979	0.002556673
2.720313	0.002596621
2.723646	0.002616595
2.726979	0.002636569
2.730313	0.002616595
2.733646	0.002596621
2.736979	0.002536699
2.740313	0.002476777
2.743646	0.002396881
2.746979	0.002316985
2.750313	0.002237089
2.753646	0.002157193
2.756979	0.002097271
2.760313	0.002077297
2.763646	0.002097271
2.766979	0.002137219
2.770313	0.002217115
2.773646	0.002336959
2.776979	0.002456803
2.780313	0.002596621
2.783646	0.002716465
2.786979	0.002816335
2.790313	0.002896231
2.793646	0.002956153
2.796979	0.002956153
2.800313	0.002936179
2.803646	0.002896231
2.806979	0.002856283
2.810313	0.002796361
2.813646	0.002756413
2.816979	0.002756413
2.820313	0.002776387
2.823646	0.002816335
2.826979	0.002896231
2.830312	0.002996101
2.833646	0.003115945
2.836979	0.003235789
2.840312	0.003355633
2.843646	0.003455503
2.846979	0.003515425
2.850312	0.003535399
2.853646	0.003535399
2.856979	0.003495451
2.860312	0.003435529
2.863646	0.003355633
2.866979	0.003275737
2.870312	0.003195841
2.873646	0.003155893
2.876979	0.003135919
2.880312	0.003175867
2.883646	0.003255763
2.886979	0.003395581
2.890312	0.003555373
2.893646	0.003735139
2.896979	0.003954853
2.900312	0.004154594
2.903646	0.00433436
2.906979	0.004494152
2.910312	0.004613996
2.913646	0.004673918
2.916979	0.004693892
2.920312	0.004653944
2.923646	0.004554074
2.926979	0.00443423
2.930312	0.004274438
2.933646	0.004094671
2.936979	0.003914905
2.940312	0.003735139
2.943646	0.003615295
2.946979	0.003515425
2.950313	0.003475477
2.953646	0.003495451
2.956979	0.003535399
2.960313	0.003615295
2.963646	0.003735139
2.966979	0.003854983
2.970313	0.003994801
2.973646	0.00413462
2.976979	0.004254464
2.980313	0.004354334
2.983646	0.00443423
2.986979	0.004454204
2.990313	0.004454204
2.993646	0.004414256
2.996979	0.00433436
3.000313	0.00423449
3.003646	0.004074697
3.006979	0.003914905
3.010313	0.003735139
3.013646	0.003575347
3.016979	0.003435529
3.020313	0.003295711
3.023646	0.003195841
3.026979	0.003115945
3.030313	0.003056023
3.033646	0.003016075
3.036979	0.002996101
3.040313	0.002976127
3.043646	0.002976127
3.046979	0.002996101
3.050313	0.002996101
3.053646	0.003016075
3.056979	0.003036049
3.060313	0.003056023
3.063646	0.003095971
3.066979	0.003135919
3.070313	0.003175867
3.073646	0.003215815
3.076979	0.003235789
3.080312	0.003275737
3.083646	0.003295711
3.086979	0.003295711
3.090312	0.003295711
3.093646	0.003275737
3.096979	0.003255763
3.100312	0.003215815
3.103646	0.003175867
3.106979	0.003115945
3.110312	0.003056023
3.113646	0.002996101
3.116979	0.002916205
3.120312	0.002836309
3.123646	0.002756413
3.126979	0.002696491
3.130312	0.002636569
3.133646	0.002596621
3.136979	0.002596621
3.140312	0.002596621
3.143646	0.002616595
3.146979	0.002656543
3.150312	0.002716465
3.153646	0.002796361
3.156979	0.002876257
3.160312	0.002936179
3.163646	0.002996101
3.166979	0.003036049
3.170312	0.003056023
3.173646	0.003056023
3.176979	0.003016075
3.180312	0.002976127
3.183646	0.002916205
3.186979	0.002836309
3.190312	0.002756413
3.193646	0.002696491
3.196979	0.002656543
3.200313	0.002636569
3.203646	0.002616595
3.206979	0.002616595
3.210313	0.002616595
3.213646	0.002616595
3.216979	0.002616595
3.220313	0.002596621
3.223646	0.002576647
3.226979	0.002536699
3.230313	0.002496751
3.233646	0.002416855
3.236979	0.002356933
3.240313	0.002297011
3.243646	0.002217115
3.246979	0.002157193
3.250313	0.002097271
3.253646	0.002057323
3.256979	0.001997401
3.260313	0.001937479
3.263646	0.001897531
3.266979	0.001837609
3.270313	0.001797661
3.273646	0.001737739
3.276979	0.001677817
3.280313	0.001617895
3.283646	0.001577946
3.286979	0.001557972
3.290313	0.001557972
3.293646	0.001577946
3.296979	0.001617895
3.300313	0.001677817
3.303646	0.001717765
3.306979	0.001777687
3.310313	0.001817635
3.313646	0.001837609
3.316979	0.001857583
3.320313	0.001877557
3.323646	0.001857583
3.326979	0.001837609
3.330312	0.001797661
3.333646	0.001737739
3.336979	0.001677817
3.340312	0.001617895
3.343646	0.001537998
3.346979	0.001458102
3.350312	0.001378206
3.353646	0.00129831
3.356979	0.001258362
3.360312	0.001238388
3.363646	0.001238388
3.366979	0.00129831
3.370312	0.001358232
3.373646	0.001438128
3.376979	0.001537998
3.380312	0.001637869
3.383646	0.001717765
3.386979	0.001777687
3.390312	0.001817635
3.393646	0.001817635
3.396979	0.001817635
3.400312	0.001777687
3.403646	0.001737739
3.406979	0.001677817
3.410312	0.00159792
3.413646	0.001537998
3.416979	0.001478076
3.420312	0.001418154
3.423646	0.001358232
3.426979	0.00129831
3.430312	0.001258362
3.433646	0.00119844
3.436979	0.001158492
3.440312	0.001118544
3.443646	0.001078596
3.446979	0.001018674
3.450313	0.0009387783
3.453646	0.0008588823
3.456979	0.0007590122
3.460313	0.0006591422
3.463646	0.0005392981
3.466979	0.0004594021
3.470313	0.0003795061
3.473646	0.0003595321
3.476979	0.0003595321
3.480313	0.0003795061
3.483646	0.0004394281
3.486979	0.0005193241
3.490313	0.0005992202
3.493646	0.0006791162
3.496979	0.0007190642
3.500313	0.0007590122
3.503646	0.0007390382
3.506979	0.0007190642
3.510313	0.0006990902
3.513646	0.0006591422
3.516979	0.0006191942
3.520313	0.0005992202
3.523646	0.0005792461
3.526979	0.0005592721
3.530313	0.0005792461
3.533646	0.0005992202
3.536979	0.0006391682
3.540313	0.0006791162
3.543646	0.0007190642
3.546979	0.0007390382
3.550313	0.0007590122
3.553646	0.0007390382
3.556979	0.0006990902
3.560313	0.0006391682
3.563646	0.0005592721
3.566979	0.0004594021
3.570313	0.0003795061
3.573646	0.0003195841
3.576979	0.000279636
3.580312	0.000279636
3.583646	0.00029961
3.586979	0.0003595321
3.590312	0.0004194541
3.593646	0.0004993501
3.596979	0.0005592721
3.600312	0.0005992202
3.603646	0.0005992202
3.606979	0.0005792461
3.610312	0.0005193241
3.613646	0.0004394281
3.616979	0.0003595321
3.620312	0.000259662
3.623646	0.000159792
3.626979	7.989602e-05
3.630312	3.994801e-05
3.633646	0
3.636979	0
3.640312	1.997401e-05
3.643646	3.994801e-05
3.646979	7.989602e-05
3.650312	0.000139818
3.653646	0.000179766
3.656979	0.000239688
3.660312	0.000279636
3.663646	0.0003195841
3.666979	0.0003595321
3.670312	0.0003994801
3.673646	0.0004194541
3.676979	0.0004594021
3.680312	0.0004793761
3.683646	0.0004993501
3.686979	0.0004993501
3.690312	0.0005193241
3.693646	0.0005392981
3.696979	0.0005392981
3.700313	0.0005792461
3.703646	0.0006191942
3.706979	0.0006791162
3.710313	0.0007390382
3.713646	0.0007989602
3.716979	0.0008588823
3.720313	0.0008788563
3.723646	0.0008988303
3.726979	0.0008588823
3.730313	0.0007989602
3.733646	0.0006990902
3.736979	0.0005792461
3.740313	0.0004594021
3.743646	0.0003595321
3.746979	0.000279636
3.750313	0.000239688
3.753646	0.000239688
3.756979	0.000279636
3.760313	0.0003395581
3.763646	0.0004594021
3.766979	0.0005792461
3.770313	0.0006990902
3.773646	0.0008389082
3.776979	0.0009587523
3.780313	0.001058622
3.783646	0.001158492
3.786979	0.001218414
3.790313	0.001278336
3.793646	0.001318284
3.796979	0.001318284
3.800313	0.001318284
3.803646	0.00129831
3.806979	0.001258362
3.810313	0.001218414
3.813646	0.001178466
3.816979	0.001138518
3.820313	0.001118544
3.823646	0.001078596
3.826979	0.001058622
3.830312	0.001038648
3.833646	0.0009987003
3.836979	0.0009587523
3.840312	0.0009188043
3.843646	0.0008788563
3.846979	0.0008389082
3.850312	0.0007989602
3.853646	0.0007989602
3.856979	0.0007989602
3.860312	0.0008189342
3.863646	0.0008588823
3.866979	0.0008988303
3.870312	0.0009387783
3.873646	0.0009987003
3.876979	0.001018674
3.880312	0.001038648
3.883646	0.001038648
3.886979	0.001018674
3.890312	0.0009787263
3.893646	0.0009188043
3.896979	0.0008389082
3.900312	0.0007590122
3.903646	0.0006791162
3.906979	0.0006191942
3.910312	0.0005992202
3.913646	0.0005992202
3.916979	0.0006191942
3.920312	0.0006990902
3.923646	0.0007989602
3.926979	0.0009188043
3.930312	0.001058622
3.933646	0.00119844
3.936979	0.001318284
3.940312	0.00139818
3.943646	0.001458102
3.946979	0.00149805
3.950313	0.00149805
3.953646	0.001478076
3.956979	0.001458102
3.960313	0.001438128
3.963646	0.001438128
3.966979	0.001438128
3.970313	0.001438128
3.973646	0.001458102
3.976979	0.00149805
3.980313	0.001557972
3.983646	0.00159792
3.986979	0.001677817
3.990313	0.001757713
3.993646	0.001837609
3.996979	0.001937479
4.000312	0.002057323
4.003646	0.002177167
4.006979	0.002297011
4.010313	0.002436829
4.013646	0.002556673
4.016979	0.002676517
4.020312	0.002756413
4.023646	0.002836309
4.026979	0.002876257
4.030313	0.002876257
4.033646	0.002876257
4.036979	0.002836309
4.040312	0.002776387
4.043646	0.002716465
4.046979	0.002656543
4.050313	0.002596621
4.053646	0.002556673
4.056979	0.002536699
4.060312	0.002536699
4.063646	0.002556673
4.066979	0.002596621
4.070313	0.002696491
4.073646	0.002816335
4.076979	0.002976127
4.080313	0.003195841
4.083646	0.003455503
4.086979	0.003755113
4.090312	0.004114646
4.093646	0.004494152
4.096979	0.004913606
4.100313	0.00533306
4.103646	0.00573254
4.106979	0.006112046
4.110312	0.006451604
4.113646	0.00673124
4.116979	0.006990902
4.120313	0.007190642
4.123646	0.007350435
4.126979	0.007510227
4.130312	0.007670019
4.133646	0.007869759
4.136979	0.008089473
4.140313	0.008369109
4.143646	0.008688693
4.146979	0.009048225
4.150312	0.009447705
4.153646	0.009867159
4.156979	0.01030659
4.160313	0.01076599
4.163646	0.01124537
4.166979	0.01172474
4.170312	0.01222409
4.173646	0.01276339
4.176979	0.01336261
4.180313	0.01400178
4.183646	0.01470087
4.186979	0.01545988
4.190312	0.01627882
4.193646	0.0171377
4.196979	0.01809645
4.200313	0.01909515
4.203646	0.02017375
4.206979	0.02133224
4.210312	0.0225906
4.213646	0.02392886
4.216979	0.02538696
4.220313	0.02696491
4.223646	0.02864273
4.226979	0.03044039
4.230312	0.03235789
4.233646	0.03439524
4.236979	0.03655243
4.240313	0.03882947
4.243646	0.04122635
4.246979	0.04376305
4.250312	0.04641959
4.253646	0.04921595
4.256979	0.05213216
4.260313	0.05518818
4.263646	0.05834408
4.266979	0.06161981
4.270312	0.06501539
4.273646	0.06851084
4.276979	0.07214611
4.280313	0.07588125
4.283646	0.07973624
4.286979	0.08371106
4.290312	0.08778576
4.293646	0.0919803
4.296979	0.09625473
4.300313	0.100629
4.303646	0.1050633
4.306979	0.1095375
4.310312	0.1140316
4.313646	0.1185457
4.316979	0.1230599
4.320313	0.127554
4.323646	0.1320282
4.326979	0.1364424
4.330313	0.1408168
4.333646	0.1451112
4.336979	0.1493257
4.340312	0.1534203
4.343646	0.1573952
4.346979	0.1612502
4.350313	0.1649453
4.353646	0.1684807
4.356979	0.1718364
4.360312	0.1750122
4.363646	0.1779484
4.366979	0.1806849
4.370313	0.1831616
4.373646	0.1853987
4.376979	0.1873362
4.380312	0.188994
4.383646	0.1903722
4.386979	0.1914309
4.390313	0.1921899
4.393646	0.1926693
4.396979	0.192849
4.400312	0.1927891
4.403646	0.1924695
4.406979	0.1918903
4.410313	0.1911113
4.413646	0.1900926
4.416979	0.1888542
4.420312	0.1873961
4.423646	0.1857383
4.426979	0.1838607
4.430313	0.1818034
4.433646	0.1795463
4.436979	0.1771295
4.440312	0.1745528
4.443646	0.1718364
4.446979	0.16902
4.450313	0.1661038
4.453646	0.1631077
4.456979	0.1600517
4.460312	0.1569358
4.463646	0.1537999
4.466979	0.150604
4.470313	0.1473882
4.473646	0.1441524
4.476979	0.1409166
4.480312	0.1376808
4.483646	0.134485
4.486979	0.1313091
4.490313	0.1281932
4.493646	0.1251372
4.496979	0.122161
4.500312	0.1192848
4.503646	0.1165084
4.506979	0.1138319
4.510313	0.1112552
4.513646	0.1087984
4.516979	0.1064615
4.520312	0.1042244
4.523646	0.1021071
4.526979	0.1001097
4.530313	0.09823216
4.533646	0.09647445
4.536979	0.09481661
4.540312	0.09327861
4.543646	0.09186045
4.546979	0.09054217
4.550313	0.08932375
4.553646	0.08818524
4.556979	0.08714659
4.560312	0.08622778
4.563646	0.08538887
4.566979	0.08464984
4.570313	0.08399069
4.573646	0.08343142
4.576979	0.08295205
4.580313	0.0825326
4.583646	0.08219304
4.586979	0.08187345
4.590312	0.08159382
4.593646	0.08135413
4.596979	0.08111444
4.600313	0.0809147
4.603646	0.08073494
4.606979	0.08059512
4.610312	0.08047527
4.613646	0.08041535
4.616979	0.08039538
4.620313	0.08043533
4.623646	0.08049525
4.626979	0.08061509
4.630312	0.08075491
4.633646	0.08089473
4.636979	0.08103455
4.640313	0.08117436
4.643646	0.08127423
4.646979	0.08133416
4.650312	0.08133416
4.653646	0.08131418
4.656979	0.08121431
4.660313	0.08109447
4.663646	0.0809147
4.666979	0.08071496
4.670312	0.08047527
4.673646	0.08023559
4.676979	0.0799959
4.680313	0.07975621
4.683646	0.07951652
4.686979	0.07929681
4.690312	0.07909707
4.693646	0.07887735
4.696979	0.07865764
4.700313	0.07843793
4.703646	0.07819824
4.706979	0.07793858
4.710312	0.07767891
4.713646	0.0773793
4.716979	0.07707969
4.720313	0.07680006
4.723646	0.07652042
4.726979	0.07628073
4.730312	0.07610097
4.733646	0.07596115
4.736979	0.0759212
4.740313	0.07596115
4.743646	0.07610097
4.746979	0.07634066
4.750312	0.07672016
4.753646	0.07719954
4.756979	0.07783871
4.760313	0.07859772
4.763646	0.07949655
4.766979	0.08055517
4.770312	0.08173364
4.773646	0.08309186
4.776979	0.08460989
4.780313	0.08632765
4.783646	0.08826513
4.786979	0.09040235
4.790312	0.09277926
4.793646	0.09541583
4.796979	0.09831206
4.800313	0.1015079
4.803646	0.1049834
4.806979	0.1087784
4.810312	0.1128731
4.813646	0.1173273
4.816979	0.1221211
4.820313	0.1272943
4.823646	0.1328671
4.826979	0.1388793
4.830313	0.1453509
4.833646	0.1523418
4.836979	0.159872
4.840312	0.1679814
4.843646	0.1766901
4.846979	0.1860379
4.850313	0.1960249
4.853646	0.206691
4.856979	0.2180762
4.860312	0.2301805
4.863646	0.2430437
4.866979	0.2567259
4.870313	0.271287
4.873646	0.2868068
4.876979	0.3033852
4.880312	0.321182
4.883646	0.3403171
4.886979	0.3610102
4.890313	0.383461
4.893646	0.4079691
4.896979	0.4348741
4.900312	0.4645954
4.903646	0.4976124
4.906979	0.5344845
4.910313	0.5759705
4.913646	0.6228694
4.916979	0.6762
4.920312	0.7371806
4.923646	0.8071496
4.926979	0.8877647
4.930313	0.9809035
4.933646	1.088703
4.936979	1.213681
4.940312	1.358652
4.943646	1.526853
4.946979	1.721899
4.950313	1.947805
4.953646	2.209065
4.956979	2.510613
4.960312	2.857801
4.963646	3.256462
4.966979	3.712828
4.970313	4.233571
4.973646	4.82564
4.976979	5.496427
4.980312	6.253462
4.983646	7.104555
4.986979	8.057594
4.990313	9.120451
4.993646	10.30088
4.996979	11.60632
5.000312	13.04382
5.003646	14.61976
5.006979	16.3397
5.010313	18.20821
5.013646	20.22862
5.016979	22.40286
5.020312	24.73135
5.023646	27.21273
5.026979	29.84376
5.030313	32.61937
5.033646	35.53228
5.036979	38.57322
5.040312	41.73069
5.043646	44.99113
5.046979	48.33883
5.050313	51.75606
5.053646	55.22326
5.056979	58.71909
5.060312	62.22075
5.063646	65.7043
5.066979	69.14482
5.070313	72.51691
5.073646	75.79493
5.076979	78.95343
5.080313	81.96755
5.083646	84.81326
5.086979	87.46785
5.090312	89.91019
5.093646	92.12097
5.096979	94.08314
5.100313	95.78195
5.103646	97.20532
5.106979	98.34384
5.110312	99.19105
5.113646	99.74331
5.116979	100
5.120313	99.96329
5.123646	99.63815
5.126979	99.03226
5.130312	98.15574
5.133646	97.02096
5.136979	95.64233
5.140313	94.03602
5.143646	92.21967
5.146979	90.2121
5.150312	88.03303
5.153646	85.70269
5.156979	83.24167
5.160313	80.67052
5.163646	78.00958
5.166979	75.27878
5.170312	72.49734
5.173646	69.68368
5.176979	66.8553
5.180313	64.02854
5.183646	61.2186
5.186979	58.43943
5.190312	55.70361
5.193646	53.02236
5.196979	50.40552
5.200313	47.86149
5.203646	45.39736
5.206979	43.01882
5.210312	40.7303
5.213646	38.53509
5.216979	36.43535
5.220313	34.43219
5.223646	32.52593
5.226979	30.71603
5.230312	29.00126
5.233646	27.37981
5.236979	25.84938
5.240313	24.40726
5.243646	23.0503
5.246979	21.7752
5.250312	20.57838
5.253646	19.4561
5.256979	18.40457
5.260313	17.41993
5.263646	16.49833
5.266979	15.63595
5.270312	14.8291
5.273646	14.07415
5.276979	13.3676
5.280313	12.7061
5.283646	12.08649
5.286979	11.50575
5.290312	10.961
5.293646	10.44956
5.296979	9.968967
5.300313	9.516835
5.303646	9.09103
5.306979	8.689512
5.310312	8.310445
5.313646	7.952092
5.316979	7.612893
5.320313	7.291432
5.323646	6.986389
5.326979	6.696566
5.330313	6.420864
5.333646	6.158346
5.336979	5.908091
5.340312	5.669302
5.343646	5.441239
5.346979	5.223243
5.350313	5.014714
5.353646	4.815094
5.356979	4.623863
5.360312	4.440581
5.363646	4.26481
5.366979	4.09619
5.370313	3.93434
5.373646	3.778962
5.376979	3.629777
5.380312	3.486503
5.383646	3.348922
5.386979	3.216794
5.390313	3.089939
5.393646	2.968137
5.396979	2.851229
5.400312	2.739015
5.403646	2.631356
5.406979	2.52805
5.410313	2.428959
5.413646	2.333943
5.416979	2.242841
5.420312	2.155535
5.423646	2.071844
5.426979	1.991708
5.430313	1.914948
5.433646	1.841504
5.436979	1.771215
5.440312	1.704023
5.443646	1.639766
5.446979	1.578366
5.450313	1.519722
5.453646	1.463715
5.456979	1.410245
5.460312	1.359211
5.463646	1.310534
5.466979	1.264095
5.470313	1.219793
5.473646	1.177568
5.476979	1.13732
5.480312	1.09895
5.483646	1.062378
5.486979	1.027503
5.490313	0.9942661
5.493646	0.9625874
5.496979	0.9324066
5.500312	0.9036041
5.503646	0.8761798
5.506979	0.8500338
5.510313	0.8251263
5.513646	0.8013771
5.516979	0.7787266
5.520312	0.7571347
5.523646	0.7365015
5.526979	0.7167872
5.530313	0.6979317
5.533646	0.6798353
5.536979	0.6624779
5.540312	0.6458196
5.543646	0.6298004
5.546979	0.6144005
5.550313	0.5995997
5.553646	0.5853583
5.556979	0.5716561
5.560312	0.5584732
5.563646	0.5457498
5.566979	0.5335057
5.570313	0.5216811
5.573646	0.510236
5.576979	0.4991704
5.580313	0.4884244
5.583646	0.477998
5.586979	0.4678512
5.590312	0.457964
5.593646	0.4483166
5.596979	0.4389088
5.600313	0.4297408
5.603646	0.4207924
5.606979	0.4120638
5.610312	0.4035748
5.613646	0.3953055
5.616979	0.387276
5.620313	0.3794462
5.623646	0.3718161
5.626979	0.3643658
5.630312	0.3570953
5.633646	0.3499646
5.636979	0.3429737
5.640313	0.3361026
5.643646	0.3293714
5.646979	0.32276
5.650312	0.3162485
5.653646	0.3098967
5.656979	0.3036648
5.660313	0.2975927
5.663646	0.2916405
5.666979	0.285828
5.670312	0.2801554
5.673646	0.2745827
5.676979	0.2691497
5.680313	0.2637967
5.683646	0.2585835
5.686979	0.2534502
5.690312	0.2484167
5.693646	0.2435031
5.696979	0.2386694
5.700313	0.2339356
5.703646	0.2293216
5.706979	0.2247675
5.710312	0.2203133
5.713646	0.215919
5.716979	0.2116246
5.720313	0.2073701
5.723646	0.2032155
5.726979	0.1991209
5.730312	0.1950861
5.733646	0.1911512
5.736979	0.1872963
5.740313	0.1835411
5.743646	0.1799059
5.746979	0.1763505
5.750312	0.172915
5.753646	0.1695993
5.756979	0.1663635
5.760313	0.1632476
5.763646	0.1601915
5.766979	0.1572354
5.770312	0.1543591
5.773646	0.1515228
5.776979	0.1487265
5.780313	0.14599
5.783646	0.1432935
5.786979	0.140637
5.790312	0.1380204
5.793646	0.1354437
5.796979	0.132947
5.800313	0.1304902
5.803646	0.1281133
5.806979	0.1257963
5.810312	0.1235392
5.813646	0.1213621
5.816979	0.1192249
5.820313	0.1171476
5.823646	0.1151102
5.826979	0.1131328
5.830313	0.1111753
5.833646	0.1092778
5.836979	0.1074002
5.840312	0.1055826
5.843646	0.1038049
5.846979	0.1020672
5.850313	0.1003694
5.853646	0.09869156
5.856979	0.09705369
5.860312	0.0954358
5.863646	0.09383788
5.866979	0.09227991
5.870313	0.09074191
5.873646	0.08926383
5.876979	0.08784568
5.880312	0.08646747
5.883646	0.08516916
5.886979	0.0839108
5.890313	0.08269238
5.893646	0.08151392
5.896979	0.08033546
5.900312	0.07915699
5.903646	0.07797852
5.906979	0.07678008
5.910313	0.07558164
5.913646	0.07436323
5.916979	0.07314481
5.920312	0.0719264
5.923646	0.07074793
5.926979	0.06958944
5.930313	0.06851084
5.933646	0.0674722
5.936979	0.06649347
5.940312	0.06555469
5.943646	0.06467584
5.946979	0.06383693
5.950313	0.06305794
5.953646	0.06227896
5.956979	0.06153992
5.960312	0.0607809
5.963646	0.06004187
5.966979	0.05928285
5.970313	0.05854382
5.973646	0.05780478
5.976979	0.05706574
5.980312	0.0563267
5.983646	0.05558766
5.986979	0.0548686
5.990313	0.05416951
5.993646	0.05347042
5.996979	0.05281128
6.000312	0.05217211
6.003646	0.05153294
6.006979	0.05091374
6.010313	0.05033449
6.013646	0.04977522
6.016979	0.04927587
6.020312	0.0487965
6.023646	0.04837704
6.026979	0.04799754
6.030313	0.04767795
6.033646	0.04739832
6.036979	0.04715863
6.040312	0.04695889
6.043646	0.04675915
6.046979	0.04655941
6.050313	0.04637964
6.053646	0.0461799
6.056979	0.04600014
6.060312	0.04578042
6.063646	0.04558068
6.066979	0.04536097
6.070313	0.04514125
6.073646	0.04494151
6.076979	0.04474177
6.080313	0.04456201
6.083646	0.04438224
6.086979	0.04422245
6.090312	0.04406266
6.093646	0.04390286
6.096979	0.0437231
6.100313	0.04354333
6.103646	0.04332362
6.106979	0.0431039
6.110312	0.04284424
6.113646	0.04254463
6.116979	0.04224502
6.120313	0.04190546
6.123646	0.04158588
6.126979	0.04124632
6.130312	0.04090677
6.133646	0.04054723
6.136979	0.0401877
6.140313	0.0398082
6.143646	0.03942869
6.146979	0.03902921
6.150312	0.03860976
6.153646	0.03817033
6.156979	0.03771093
6.160313	0.03725152
6.163646	0.03677215
6.166979	0.03633272
6.170312	0.03589329
6.173646	0.03549381
6.176979	0.0351143
6.180313	0.0347348
6.183646	0.03439524
6.186979	0.03407566
6.190312	0.03377605
6.193646	0.03347644
6.196979	0.03317683
6.200313	0.03289719
6.203646	0.03259758
6.206979	0.03229797
6.210312	0.03199836
6.213646	0.0316588
6.216979	0.03133922
6.220313	0.03097969
6.223646	0.03062015
6.226979	0.03026062
6.230312	0.02992106
6.233646	0.02958151
6.236979	0.02928189
6.240313	0.02902223
6.243646	0.02882249
6.246979	0.02864273
6.250312	0.02852288
6.253646	0.02842301
6.256979	0.02834312
6.260313	0.02824325
6.263646	0.02810343
6.266979	0.02794364
6.270312	0.0277439
6.273646	0.02750421
6.276979	0.02722457
6.280313	0.02692496
6.283646	0.0265854
6.286979	0.02626582
6.290312	0.02594623
6.293646	0.02562665
6.296979	0.02532704
6.300313	0.0250474
6.303646	0.02476777
6.306979	0.02450811
6.310312	0.02426842
6.313646	0.02402873
6.316979	0.02382899
6.320313	0.02362925
6.323646	0.02344948
6.326979	0.02328969
6.330313	0.02310992
6.333646	0.02295013
6.336979	0.02277037
6.340312	0.0225906
6.343646	0.02239086
6.346979	0.02217115
6.350313	0.02195143
6.353646	0.02171174
6.356979	0.02149203
6.360312	0.02127232
6.363646	0.0210526
6.366979	0.02085286
6.370313	0.0206731
6.373646	0.02051331
6.376979	0.02037349
6.380312	0.02023367
6.383646	0.02009385
6.386979	0.01995403
6.390313	0.01983419
6.393646	0.0196744
6.396979	0.0195146
6.400312	0.01935481
6.403646	0.01919502
6.406979	0.01901525
6.410313	0.01885546
6.413646	0.0186757
6.416979	0.0185159
6.420312	0.01833614
6.423646	0.01815637
6.426979	0.01799658
6.430313	0.01781681
6.433646	0.01763705
6.436979	0.01745728
6.440312	0.01727752
6.443646	0.01711772
6.446979	0.01693796
6.450313	0.01677817
6.453646	0.01661837
6.456979	0.01645858
6.460312	0.01629879
6.463646	0.01615897
6.466979	0.01601915
6.470313	0.01589931
6.473646	0.01579944
6.476979	0.01571954
6.480312	0.01565962
6.483646	0.0155997
6.486979	0.01557973
6.490313	0.01555975
6.493646	0.01553978
6.496979	0.0155198
6.500312	0.01545988
6.503646	0.01537999
6.506979	0.01528012
6.510313	0.0151403
6.513646	0.01498051
6.516979	0.01480074
6.520312	0.014601
6.523646	0.01440126
6.526979	0.01424147
6.530313	0.01410165
6.533646	0.01400178
6.536979	0.01394186
6.540312	0.01390191
6.543646	0.01390191
6.546979	0.01392188
6.550313	0.01396183
6.553646	0.01404173
6.556979	0.01412162
6.560312	0.01424147
6.563646	0.01440126
6.566979	0.01458103
6.570313	0.01480074
6.573646	0.01504043
6.576979	0.01532006
6.580313	0.0155997
6.583646	0.01591928
6.586979	0.01625884
6.590312	0.01665832
6.593646	0.01709775
6.596979	0.01765702
6.600313	0.01831616
6.603646	0.0191351
6.606979	0.0201338
6.610312	0.02137219
6.613646	0.02289021
6.616979	0.02470785
6.620313	0.02688501
6.623646	0.02946166
6.626979	0.03251768
6.630312	0.03607306
6.633646	0.04024762
6.636979	0.04506136
6.640313	0.05061413
6.643646	0.0569459
6.646979	0.06413654
6.650312	0.07222601
6.653646	0.08125426
6.656979	0.09122128
6.660313	0.1021471
6.663646	0.1140116
6.666979	0.126795
6.670312	0.1404372
6.673646	0.1548585
6.676979	0.1699388
6.680313	0.1855385
6.683646	0.2015577
6.686979	0.2177566
6.690312	0.2339755
6.693646	0.2499947
6.696979	0.2656143
6.700313	0.2806148
6.703646	0.2947964
6.706979	0.3079592
6.710312	0.3199237
6.713646	0.3305498
6.716979	0.339658
6.720313	0.3471682
6.723646	0.3529607
6.726979	0.3570354
6.730312	0.3593124
6.733646	0.3598117
6.736979	0.3585933
6.740313	0.3557171
6.743646	0.3513028
6.746979	0.3454704
6.750312	0.3383197
6.753646	0.3300505
6.756979	0.3207826
6.760313	0.3106757
6.763646	0.2998897
6.766979	0.2885845
6.770312	0.2768997
6.773646	0.2649752
6.776979	0.2529508
6.780313	0.2409465
6.783646	0.2290619
6.786979	0.2174171
6.790312	0.2060918
6.793646	0.195146
6.796979	0.1846197
6.800313	0.1745928
6.803646	0.1650452
6.806979	0.156017
6.810312	0.1474881
6.813646	0.1394585
6.816979	0.1319083
6.820313	0.1248176
6.823646	0.1181662
6.826979	0.1119343
6.830313	0.1061019
6.833646	0.100649
6.836979	0.09553567
6.840312	0.09074191
6.843646	0.08626773
6.846979	0.08207319
6.850313	0.07811834
6.853646	0.0743832
6.856979	0.0708478
6.860312	0.06749217
6.863646	0.0643163
6.866979	0.06126028
6.870313	0.05838402
6.873646	0.05562761
6.876979	0.05303099
6.880312	0.05061413
6.883646	0.04835707
6.886979	0.04629975
6.890313	0.04440221
6.893646	0.04270442
6.896979	0.04114645
6.900312	0.03974827
6.903646	0.03848991
6.906979	0.03731145
6.910313	0.03621288
6.913646	0.03515425
6.916979	0.03415555
6.920312	0.03317683
6.923646	0.03225802
6.926979	0.03137917
6.930313	0.03058021
6.933646	0.02986114
6.936979	0.02922197
6.940312	0.02868267
6.943646	0.02824325
6.946979	0.02790369
6.950313	0.02762405
6.953646	0.02740434
6.956979	0.02722457
6.960312	0.02704481
6.963646	0.02688501
6.966979	0.02672522
6.970313	0.02656543
6.973646	0.02640564
6.976979	0.02624584
6.980312	0.02608605
6.983646	0.02596621
6.986979	0.02586634
6.990313	0.02582639
6.993646	0.02580642
6.996979	0.02582639
7.000312	0.02584636
7.003646	0.02588631
7.006979	0.02592626
7.010313	0.02596621
7.013646	0.02596621
7.016979	0.02592626
7.020312	0.02584636
7.023646	0.02570655
7.026979	0.02552678
7.030313	0.02526712
7.033646	0.02496751
7.036979	0.02462795
7.040312	0.02422847
7.043646	0.02378904
7.046979	0.02330966
7.050313	0.02281031
7.053646	0.02227102
7.056979	0.02169177
7.060312	0.02109255
7.063646	0.02045338
7.066979	0.01977427
7.070313	0.01907518
7.073646	0.01833614
7.076979	0.01757713
7.080313	0.01679814
7.083646	0.01599918
7.086979	0.01520022
7.090312	0.01442123
7.093646	0.01366222
7.096979	0.01296313
7.100313	0.01232396
7.103646	0.01176469
7.106979	0.01130529
7.110312	0.01096573
7.113646	0.01076599
7.116979	0.01070607
7.120313	0.01084589
7.123646	0.01116547
7.126979	0.01170477
7.130312	0.01246378
7.133646	0.01344251
7.136979	0.01466092
7.140313	0.01611902
7.143646	0.01775689
7.146979	0.01961447
7.150312	0.02165182
7.153646	0.02384896
7.156979	0.0262059
7.160313	0.02868267
7.163646	0.03125932
7.166979	0.03393584
7.170312	0.03667228
7.173646	0.03946864
7.176979	0.042265
7.180313	0.04506136
7.183646	0.04781777
7.186979	0.05051426
7.190312	0.05309091
7.193646	0.05552774
7.196979	0.05782475
7.200313	0.05996197
7.203646	0.06187947
7.206979	0.06361721
7.210312	0.06511526
7.213646	0.0663936
7.216979	0.06745222
7.220313	0.06827116
7.223646	0.0688504
7.226979	0.06920994
7.230312	0.06932978
7.233646	0.06922991
7.236979	0.06891032
7.240313	0.06837103
7.243646	0.06765196
7.246979	0.06675313
7.250312	0.06569451
7.253646	0.06449607
7.256979	0.06319776
7.260313	0.06179958
7.263646	0.06036145
7.266979	0.0588634
7.270312	0.05734538
7.273646	0.05582735
7.276979	0.0543293
7.280313	0.05283125
7.283646	0.05137314
7.286979	0.04995499
7.290312	0.04857678
7.293646	0.04727847
7.296979	0.04606006
7.300313	0.04492154
7.303646	0.04386292
7.306979	0.04290416
7.310312	0.04202531
7.313646	0.04124632
7.316979	0.04052726
7.320313	0.03988809
7.323646	0.03930885
7.326979	0.03878952
7.330313	0.03833012
7.333646	0.03789069
7.336979	0.03751119
7.340312	0.03715165
7.343646	0.03679212
7.346979	0.03645256
7.350313	0.03609303
7.353646	0.03575347
7.356979	0.03537397
7.360312	0.03499446
7.363646	0.03459498
7.366979	0.03417553
7.370313	0.03375607
7.373646	0.03331664
7.376979	0.03285724
7.380312	0.03241781
7.383646	0.03195841
7.386979	0.03149901
7.390313	0.03105958
7.393646	0.03060018
7.396979	0.03016075
7.400312	0.0297413
7.403646	0.02934182
7.406979	0.02894234
7.410313	0.0285828
7.413646	0.0282033
7.416979	0.02782379
7.420312	0.02744429
7.423646	0.02704481
7.426979	0.02664533
7.430313	0.02618592
7.433646	0.02572652
7.436979	0.02524714
7.440312	0.02476777
7.443646	0.02430837
7.446979	0.02382899
7.450313	0.02336959
7.453646	0.02293016
7.456979	0.02249073
7.460312	0.02207128
7.463646	0.02165182
7.466979	0.02125234
7.470313	0.02087284
7.473646	0.02049333
7.476979	0.0201338
7.480312	0.01981422
7.483646	0.01953458
7.486979	0.01927492
7.490313	0.01901525
7.493646	0.01877557
7.496979	0.01855585
7.500312	0.01831616
7.503646	0.01807648
7.506979	0.01781681
7.510313	0.01755715
7.513646	0.01727752
7.516979	0.01697791
7.520312	0.01669827
7.523646	0.01641863
7.526979	0.01615897
7.530313	0.01587934
7.533646	0.0155997
7.536979	0.01534004
7.540312	0.0150604
7.543646	0.01476079
7.546979	0.01448116
7.550313	0.01420152
7.553646	0.01394186
7.556979	0.0136822
7.560312	0.01344251
7.563646	0.01320282
7.566979	0.01302305
7.570313	0.01284329
7.573646	0.01272344
7.576979	0.01262357
7.580313	0.01254368
7.583646	0.01254368
7.586979	0.01256365
7.590312	0.01264355
7.593646	0.01276339
7.596979	0.01294316
7.600313	0.01312292
7.603646	0.01332266
7.606979	0.0135224
7.610312	0.01370217
7.613646	0.01386196
7.616979	0.01398181
7.620313	0.0140617
7.623646	0.01410165
7.626979	0.01412162
7.630312	0.01412162
7.633646	0.0141416
7.636979	0.0141416
7.640313	0.0141416
7.643646	0.01416157
7.646979	0.01420152
7.650312	0.01422149
7.653646	0.01426144
7.656979	0.01426144
7.660313	0.01426144
7.663646	0.01424147
7.666979	0.01418155
7.670312	0.01410165
7.673646	0.01400178
7.676979	0.01388194
7.680313	0.01374212
7.683646	0.0136023
7.686979	0.01344251
7.690312	0.01328271
7.693646	0.01312292
7.696979	0.0129831
7.700313	0.01288323
7.703646	0.01278336
7.706979	0.01272344
7.710312	0.01268349
7.713646	0.01264355
7.716979	0.0126036
7.720313	0.01256365
7.723646	0.01250373
7.726979	0.01244381
7.730312	0.01232396
7.733646	0.01218414
7.736979	0.01200438
7.740313	0.01178466
7.743646	0.01154498
7.746979	0.01128531
7.750312	0.01100568
7.753646	0.01070607
7.756979	0.01042643
7.760313	0.01016677
7.763646	0.009927082
7.766979	0.009727341
7.770312	0.009567549
7.773646	0.009447705
7.776979	0.009367809
7.780313	0.009307887
7.783646	0.009267939
7.786979	0.009247965
7.790312	0.009208017
7.793646	0.009148095
7.796979	0.009068199
7.800313	0.008948355
7.803646	0.008768589
7.806979	0.008568849
7.810312	0.008349135
7.813646	0.008089473
7.816979	0.007849785
7.820313	0.007590123
7.823646	0.007370409
7.826979	0.007170668
7.830313	0.007010876
7.833646	0.006851084
7.836979	0.00673124
7.840312	0.00663137
7.843646	0.006551474
7.846979	0.006491552
7.850313	0.006451604
7.853646	0.006411656
7.856979	0.006411656
7.860312	0.006451604
7.863646	0.006491552
7.866979	0.006571448
7.870313	0.006651344
7.873646	0.00673124
7.876979	0.00683111
7.880312	0.006911006
7.883646	0.006970928
7.886979	0.007010876
7.890313	0.007050824
7.893646	0.00703085
7.896979	0.007010876
7.900312	0.006970928
7.903646	0.006911006
7.906979	0.006811136
7.910313	0.006711266
7.913646	0.006591422
7.916979	0.006491552
7.920312	0.006371708
7.923646	0.006291812
7.926979	0.006211916
7.930313	0.006191942
7.933646	0.006171968
7.936979	0.006191942
7.940312	0.00623189
7.943646	0.006291812
7.946979	0.006351734
7.950313	0.006411656
7.953646	0.006451604
7.956979	0.006471578
7.960312	0.006471578
7.963646	0.006471578
7.966979	0.006451604
7.970313	0.006411656
7.973646	0.006391682
7.976979	0.006371708
7.980312	0.006371708
7.983646	0.006371708
7.986979	0.006391682
7.990313	0.006411656
7.993646	0.006451604
7.996979	0.006491552
8.000313	0.0065315
8.003646	0.006571448
8.006979	0.006591422
8.010312	0.00663137
8.013646	0.006651344
8.016979	0.006691292
8.020312	0.006711266
8.023645	0.00673124
8.026979	0.006751214
8.030313	0.006771188
8.033646	0.006791162
8.036979	0.006791162
8.040313	0.006811136
8.043646	0.006811136
8.046979	0.00683111
8.050312	0.00683111
8.053646	0.006851084
8.056979	0.006851084
8.060312	0.006851084
8.063645	0.006851084
8.066979	0.006851084
8.070313	0.006851084
8.073646	0.006851084
8.07698	0.006851084
8.080313	0.006851084
8.083646	0.006851084
8.086979	0.006871058
8.090313	0.006871058
8.093646	0.006891032
8.096979	0.006891032
8.100312	0.006891032
8.103646	0.006871058
8.106979	0.006851084
8.110312	0.006811136
8.113646	0.006771188
8.11698	0.00673124
8.120313	0.006691292
8.123646	0.006671318
8.126979	0.00663137
8.130313	0.00663137
8.133646	0.00663137
8.136979	0.00663137
8.140312	0.00663137
8.143646	0.00663137
8.146979	0.00663137
8.150312	0.006611396
8.153646	0.006591422
8.15698	0.006571448
8.160313	0.0065315
8.163646	0.006511526
8.166979	0.006511526
8.170313	0.006511526
8.173646	0.006551474
8.176979	0.006611396
8.180312	0.006691292
8.183646	0.006771188
8.186979	0.006851084
8.190312	0.00693098
8.193645	0.006990902
8.19698	0.007050824
8.200313	0.007070798
8.203646	0.007090772
8.206979	0.007110746
8.210313	0.007110746
8.213646	0.00713072
8.216979	0.00713072
8.220312	0.007110746
8.223646	0.007090772
8.226979	0.007070798
8.230312	0.007010876
8.233645	0.006950954
8.236979	0.006851084
8.240313	0.006751214
8.243646	0.006651344
8.246979	0.006551474
8.250313	0.006471578
8.253646	0.006411656
8.256979	0.006391682
8.260312	0.006391682
8.263646	0.006411656
8.266979	0.006451604
8.270312	0.006491552
8.273645	0.006551474
8.276979	0.006591422
8.280313	0.006651344
8.283646	0.006711266
8.286979	0.006771188
8.290313	0.00683111
8.293646	0.006911006
8.296979	0.006970928
8.300312	0.007070798
8.303646	0.007150694
8.306979	0.007270539
8.310312	0.007370409
8.313645	0.007510227
8.316979	0.007670019
8.320313	0.007829811
8.323646	0.008029551
8.32698	0.008209317
8.330313	0.008409057
8.333646	0.008588823
8.336979	0.008708667
8.340313	0.008808537
8.343646	0.008828511
8.346979	0.008808537
8.350312	0.008688693
8.353646	0.008528901
8.356979	0.008329161
8.360312	0.008089473
8.363646	0.007869759
8.36698	0.007650045
8.370313	0.007450305
8.373646	0.007290513
8.376979	0.007190642
8.380313	0.007110746
8.383646	0.007090772
8.386979	0.007070798
8.390312	0.007090772
8.393646	0.007110746
8.396979	0.007110746
8.400312	0.00713072
8.403646	0.007110746
8.40698	0.007090772
8.410313	0.007050824
8.413646	0.006990902
8.416979	0.00693098
8.420313	0.006871058
8.423646	0.00683111
8.426979	0.006771188
8.430312	0.00673124
8.433646	0.006711266
8.436979	0.006691292
8.440312	0.006671318
8.443645	0.006651344
8.44698	0.00663137
8.450313	0.006611396
8.453646	0.006591422
8.456979	0.006571448
8.460313	0.006571448
8.463646	0.006591422
8.466979	0.006611396
8.470312	0.006651344
8.473646	0.006711266
8.476979	0.006811136
8.480312	0.006911006
8.483645	0.007010876
8.486979	0.00713072
8.490313	0.007230591
8.493646	0.007310487
8.496979	0.007390383
8.500313	0.007450305
8.503646	0.007510227
8.506979	0.007550175
8.510312	0.007610097
8.513646	0.007650045
8.516979	0.007709967
8.520312	0.007769889
8.523645	0.007869759
8.526979	0.007949655
8.530313	0.008049525
8.533646	0.008169369
8.536979	0.008269239
8.540313	0.008369109
8.543646	0.008449005
8.546979	0.008508927
8.550312	0.008548875
8.553646	0.008568849
8.556979	0.008548875
8.560312	0.008508927
8.563645	0.008449005
8.566979	0.008389083
8.570313	0.008309187
8.573646	0.008249265
8.57698	0.008209317
8.580313	0.008189343
8.583646	0.008169369
8.586979	0.008189343
8.590313	0.008209317
8.593646	0.008229291
8.596979	0.008249265
8.600312	0.008269239
8.603646	0.008289213
8.606979	0.008309187
8.610312	0.008309187
8.613646	0.008329161
8.61698	0.008369109
8.620313	0.008389083
8.623646	0.008409057
8.626979	0.008449005
8.630313	0.008468979
8.633646	0.008468979
8.636979	0.008468979
8.640312	0.008468979
8.643646	0.008449005
8.646979	0.008449005
8.650312	0.008449005
8.653646	0.008449005
8.65698	0.008468979
8.660313	0.008488953
8.663646	0.008508927
8.666979	0.008508927
8.670313	0.008488953
8.673646	0.008429031
8.676979	0.008349135
8.680312	0.008229291
8.683646	0.008089473
8.686979	0.007909707
8.690312	0.007729941
8.693645	0.007530201
8.69698	0.007330461
8.700313	0.007170668
8.703646	0.006990902
8.706979	0.006851084
8.710313	0.00673124
8.713646	0.006611396
8.716979	0.006511526
8.720312	0.006411656
8.723646	0.006351734
8.726979	0.006291812
8.730312	0.006251864
8.733645	0.00623189
8.736979	0.006211916
8.740313	0.006211916
8.743646	0.00623189
8.746979	0.00623189
8.750313	0.00623189
8.753646	0.006191942
8.756979	0.00613202
8.760312	0.006052124
8.763646	0.00593228
8.766979	0.005812436
8.770312	0.005672618
8.773645	0.0055328
8.776979	0.005412956
8.780313	0.005313086
8.783646	0.005253164
8.786979	0.005213216
8.790313	0.00523319
8.793646	0.005253164
8.796979	0.005313086
8.800312	0.005353034
8.803646	0.005392982
8.806979	0.005392982
8.810312	0.005373008
8.813645	0.005313086
8.816979	0.005213216
8.820313	0.005073398
8.823646	0.004913606
8.82698	0.00473384
8.830313	0.0045341
8.833646	0.004354334
8.836979	0.004194542
8.840313	0.004054723
8.843646	0.003934879
8.846979	0.003854983
8.850312	0.003835009
8.853646	0.003835009
8.856979	0.003874957
8.860312	0.003934879
8.863646	0.004014775
8.86698	0.004114646
8.870313	0.004174568
8.873646	0.00423449
8.876979	0.004274438
8.880313	0.004274438
8.883646	0.00423449
8.886979	0.004174568
8.890312	0.004114646
8.893646	0.004034749
8.896979	0.003974827
8.900312	0.003934879
8.903646	0.003894931
8.90698	0.003894931
8.910313	0.003914905
8.913646	0.003934879
8.916979	0.003954853
8.920313	0.003994801
8.923646	0.004014775
8.926979	0.004014775
8.930312	0.004014775
8.933646	0.003994801
8.936979	0.003974827
8.940312	0.003974827
8.943645	0.003954853
8.94698	0.003954853
8.950313	0.003974827
8.953646	0.003994801
8.956979	0.004054723
8.960313	0.004094671
8.963646	0.004154594
8.966979	0.00423449
8.970312	0.004294412
8.973646	0.004374308
8.976979	0.004414256
8.980312	0.004454204
8.983645	0.004454204
8.986979	0.00443423
8.990313	0.004374308
8.993646	0.004274438
8.996979	0.004174568
9.000313	0.004054723
9.003646	0.003954853
9.006979	0.003835009
9.010312	0.003755113
9.013646	0.003715165
9.016979	0.003675217
9.020312	0.003675217
9.023645	0.003675217
9.026979	0.003675217
9.030313	0.003695191
9.033646	0.003695191
9.036979	0.003695191
9.040313	0.003675217
9.043646	0.003655243
9.046979	0.003655243
9.050312	0.003635269
9.053646	0.003635269
9.056979	0.003635269
9.060312	0.003635269
9.063645	0.003635269
9.066979	0.003655243
9.070313	0.003655243
9.073646	0.003635269
9.07698	0.003615295
9.080313	0.003595321
9.083646	0.003575347
9.086979	0.003535399
9.090313	0.003515425
9.093646	0.003455503
9.096979	0.003415555
9.100312	0.003355633
9.103646	0.003275737
9.106979	0.003195841
9.110312	0.003095971
9.113646	0.002996101
9.11698	0.002876257
9.120313	0.002776387
9.123646	0.002656543
9.126979	0.002576647
9.130313	0.002496751
9.133646	0.002436829
9.136979	0.002396881
9.140312	0.002356933
9.143646	0.002356933
9.146979	0.002336959
9.150312	0.002336959
9.153646	0.002316985
9.15698	0.002277037
9.160313	0.002237089
9.163646	0.002177167
9.166979	0.002097271
9.170313	0.002037349
9.173646	0.001977427
9.176979	0.001937479
9.180312	0.001897531
9.183646	0.001877557
9.186979	0.001857583
9.190312	0.001857583
9.193645	0.001857583
9.19698	0.001857583
9.200313	0.001877557
9.203646	0.001877557
9.206979	0.001877557
9.210313	0.001897531
9.213646	0.001917505
9.216979	0.001957453
9.220312	0.002017375
9.223646	0.002077297
9.226979	0.002137219
9.230312	0.002217115
9.233645	0.002277037
9.236979	0.002336959
9.240313	0.002376907
9.243646	0.002376907
9.246979	0.002376907
9.250313	0.002376907
9.253646	0.002356933
9.256979	0.002336959
9.260312	0.002316985
9.263646	0.002316985
9.266979	0.002336959
9.270312	0.002376907
9.273645	0.002416855
9.276979	0.002456803
9.280313	0.002516725
9.283646	0.002556673
9.286979	0.002576647
9.290313	0.002576647
9.293646	0.002556673
9.296979	0.002516725
9.300312	0.002456803
9.303646	0.002376907
9.306979	0.002297011
9.310312	0.002197141
9.313645	0.002117245
9.316979	0.002057323
9.320313	0.001997401
9.323646	0.001977427
9.32698	0.001957453
9.330313	0.001957453
9.333646	0.001977427
9.336979	0.001997401
9.340313	0.002037349
9.343646	0.002077297
9.346979	0.002117245
9.350312	0.002177167
9.353646	0.002217115
9.356979	0.002277037
9.360312	0.002316985
9.363646	0.002376907
9.36698	0.002416855
9.370313	0.002436829
9.373646	0.002456803
9.376979	0.002456803
9.380313	0.002436829
9.383646	0.002416855
9.386979	0.002356933
9.390312	0.002297011
9.393646	0.002217115
9.396979	0.002097271
9.400312	0.001997401
9.403646	0.001877557
9.40698	0.001757713
9.410313	0.001657843
9.413646	0.00159792
9.416979	0.001557972
9.420313	0.001557972
9.423646	0.00159792
9.426979	0.001677817
9.430312	0.001777687
9.433646	0.001917505
9.436979	0.002037349
9.440312	0.002157193
9.443645	0.002237089
9.44698	0.002297011
9.450313	0.002297011
9.453646	0.002277037
9.456979	0.002237089
9.460313	0.002157193
9.463646	0.002097271
9.466979	0.002017375
9.470312	0.001977427
9.473646	0.001957453
9.476979	0.001957453
9.480312	0.001957453
9.483645	0.001997401
9.486979	0.002017375
9.490313	0.002037349
9.493646	0.002037349
9.496979	0.001997401
9.500313	0.001937479
9.503646	0.001837609
9.506979	0.001717765
9.510312	0.001577946
9.513646	0.001418154
9.516979	0.001278336
9.520312	0.001138518
9.523645	0.001058622
9.526979	0.0009987003
9.530313	0.0009787263
9.533646	0.001018674
9.536979	0.001058622
9.540313	0.001158492
9.543646	0.001258362
9.546979	0.001358232
9.550312	0.001458102
9.553646	0.001537998
9.556979	0.00159792
9.560312	0.001637869
9.563645	0.001657843
9.566979	0.001637869
9.570313	0.001617895
9.573646	0.001577946
9.57698	0.001518024
9.580313	0.001458102
9.583646	0.00139818
9.586979	0.001358232
9.590313	0.00129831
9.593646	0.001278336
9.596979	0.001258362
9.600312	0.001238388
9.603646	0.001258362
9.606979	0.001278336
9.610312	0.001338258
9.613646	0.00139818
9.61698	0.001478076
9.620313	0.001557972
9.623646	0.001657843
9.626979	0.001737739
9.630313	0.001817635
9.633646	0.001877557
9.636979	0.001917505
9.640312	0.001937479
9.643646	0.001937479
9.646979	0.001897531
9.650312	0.001877557
9.653646	0.001837609
9.65698	0.001797661
9.660313	0.001777687
9.663646	0.001757713
9.666979	0.001717765
9.670313	0.001717765
9.673646	0.001697791
9.676979	0.001677817
9.680312	0.001657843
9.683646	0.001637869
9.686979	0.001617895
9.690312	0.00159792
9.693645	0.001577946
9.69698	0.001557972
9.700313	0.001537998
9.703646	0.001518024
9.706979	0.001478076
9.710313	0.001418154
9.713646	0.001358232
9.716979	0.001278336
9.720312	0.00119844
9.723646	0.001118544
9.726979	0.001058622
9.730312	0.001018674
9.733645	0.0009987003
9.736979	0.0009787263
9.740313	0.0009987003
9.743646	0.001018674
9.746979	0.001038648
9.750313	0.001078596
9.753646	0.00109857
9.756979	0.00109857
9.760312	0.00109857
9.763646	0.001078596
9.766979	0.001038648
9.770312	0.001018674
9.773645	0.0009787263
9.776979	0.0009387783
9.780313	0.0008988303
9.783646	0.0008788563
9.786979	0.0008588823
9.790313	0.0008588823
9.793646	0.0008588823
9.796979	0.0008788563
9.800312	0.0008988303
9.803646	0.0009387783
9.806979	0.0009987003
9.810312	0.001058622
9.813645	0.001138518
9.816979	0.001258362
9.820313	0.001378206
9.823646	0.001518024
9.82698	0.001677817
9.830313	0.001837609
9.833646	0.001977427
9.836979	0.002117245
9.840313	0.002237089
9.843646	0.002316985
9.846979	0.002336959
9.850312	0.002336959
9.853646	0.002316985
9.856979	0.002257063
9.860312	0.002177167
9.863646	0.002077297
9.86698	0.001997401
9.870313	0.001917505
9.873646	0.001857583
9.876979	0.001817635
9.880313	0.001797661
9.883646	0.001797661
9.886979	0.001797661
9.890312	0.001797661
9.893646	0.001797661
9.896979	0.001797661
9.900312	0.001777687
9.903646	0.001757713
9.90698	0.001717765
9.910313	0.001697791
9.913646	0.001657843
9.916979	0.001637869
9.920313	0.001637869
9.923646	0.001637869
9.926979	0.001657843
9.930312	0.001677817
9.933646	0.001697791
9.936979	0.001737739
9.940312	0.001777687
9.943645	0.001797661
9.94698	0.001837609
9.950313	0.001857583
9.953646	0.001877557
9.956979	0.001917505
9.960313	0.001957453
9.963646	0.001997401
9.966979	0.002037349
9.970312	0.002097271
9.973646	0.002137219
9.976979	0.002177167
9.980312	0.002177167
9.983645	0.002177167
9.986979	0.002157193
9.990313	0.002077297
9.993646	0.001997401
9.996979	0.001897531
}
[PEAK]
{
Peak ID	1
Peak Ref	1
Time	4.397648
Peak	4.060312	4.736979
Intensity	5.185605e-06	3.910065e-05
Height	0.0005633514
AreaAbs	166.6472
Area %BP	0.005451025
Area %Total	0.005430938
Width	0.6766667
}
[PEAK]
{
Peak ID	2
Peak Ref	2
Time	5.118248
Peak	4.736979	6.046979
Intensity	5.185605e-06	3.910065e-05
Height	0.2984516
AreaAbs	50952.87
Area %BP	1.666667
Area %Total	1.660525
Width	1.31
}
[PEAK]
{
Peak ID	3
Peak Ref	3
Time	6.125752
Peak	6.046979	6.543646
Intensity	5.185605e-06	3.910065e-05
Height	8.76822e-05
AreaAbs	21.81206
Area %BP	0.0007134719
Area %Total	0.0007108427
Width	0.4966669
}
}
}
}
