[SAMPLE]
{
Sample	1
Well	1:B,2
FileName	
SampleID	HLX49-Ab 251001B-05B PT
SampleDescription	Aquired with Galaxy
Date	07-Jan-2026
Time	18:15:56 PRC
JobCode	
TaskCode	
UserName	Congcong_Liu2
LabName	Aquired with Galaxy
Instrument	MS_L_19_062
Conditions	
Submitter	Mengting_Wang
SampleType	
Plate	
Method	
Process	Galaxy
MSTune	
MSMethod	
InletMethod	
PreRunMethod	
PostRunMethod	
SwitchMethod	
FractionMethod	
AcquisitionProcess	
AcquisitionProcessParameters	
AcquisitionProcessOptions	
InjectionVolume	25
ReportScheme	
SampleReportEnable	0
SampleReportFormat	
AnalysisTime	0
[COMPOUND]
{
;Mono Mass	Formula
}
[FUNCTION]
{
Function	1
IonMode	ES+
Type	MS
Description	(0:0)
[SPECTRUM]
{
ProcDesc	0.00:Combine
State	OK
Peak ID	0
Peak Ref	0
Time	0
TIC	0
BPI	0
BPM	0
Continuum	FALSE
Saved	FALSE
[MASSES]
{
;Mass	Exp. Mass	Obs. Mass	% BPI	Int. Abs
}
[RESULTS]
{
;Mass	Found	% BPI	% Purity
}
[MS]
{
;Mass	% BPI
0	0
}
}
[CHROMATOGRAM]
{
TraceNumber	1
Description	scroll down chrom view to see 2D LC chrom
ProcDesc	
MaxIntensity	0
[TRACE]
{
0	0
}
[PEAK]
{
Peak ID	0
Peak Ref	0
Time	0
Peak	0
Intensity	0	0
Height	0
AreaAbs	0
Area %BP	0
Area %Total	0
}
}
}
[FUNCTION]
{
Function	0
Description	ANALOG
[CHROMATOGRAM]
{
TraceNumber	2
Description	LC
ProcDesc	Result Id:2325, VWD: Signal A, 280 nm
MaxIntensity	0.227262
[TRACE]
{
;Time	Int. %Max
0.0001041667	0.3367845
0.0034375	0.3366271
0.006770833	0.3364435
0.01010417	0.3363124
0.0134375	0.3361813
0.01677083	0.3360764
0.02010417	0.3360239
0.0234375	0.3359715
0.02677083	0.3359452
0.03010417	0.335919
0.0334375	0.3358928
0.03677083	0.3358141
0.04010417	0.3357092
0.0434375	0.335578
0.04677083	0.3353945
0.05010417	0.3352109
0.0534375	0.3350273
0.05677084	0.3348175
0.06010417	0.3346076
0.0634375	0.3344503
0.06677084	0.3342929
0.07010417	0.334188
0.0734375	0.3341093
0.07677083	0.3340831
0.08010416	0.3340831
0.0834375	0.3341093
0.08677083	0.334188
0.09010417	0.3342929
0.0934375	0.334424
0.09677083	0.334529
0.1001042	0.3346339
0.1034375	0.3347125
0.1067708	0.334765
0.1101042	0.334765
0.1134375	0.3347125
0.1167708	0.3346076
0.1201042	0.3344765
0.1234375	0.3343191
0.1267708	0.3341355
0.1301042	0.3339257
0.1334375	0.3336897
0.1367708	0.3334536
0.1401042	0.3332176
0.1434375	0.3330078
0.1467708	0.332798
0.1501042	0.3326144
0.1534375	0.332457
0.1567708	0.3322996
0.1601042	0.3321947
0.1634375	0.332116
0.1667708	0.3320111
0.1701042	0.3319062
0.1734375	0.3317751
0.1767708	0.3316177
0.1801042	0.3314079
0.1834375	0.3311456
0.1867708	0.3308571
0.1901042	0.3305162
0.1934375	0.3301752
0.1967708	0.3298343
0.2001042	0.3295195
0.2034375	0.329231
0.2067708	0.3289688
0.2101042	0.3287589
0.2134375	0.3286016
0.2167708	0.3284442
0.2201042	0.3283393
0.2234375	0.3282344
0.2267708	0.3281557
0.2301042	0.328077
0.2334375	0.3280246
0.2367708	0.3280246
0.2401042	0.3280246
0.2434375	0.3280508
0.2467708	0.3281033
0.2501042	0.3281557
0.2534375	0.3281819
0.2567708	0.3281819
0.2601042	0.3281033
0.2634375	0.3279984
0.2667708	0.327841
0.2701042	0.3276049
0.2734375	0.3273427
0.2767708	0.3270804
0.2801042	0.3267919
0.2834375	0.3265034
0.2867708	0.3262411
0.2901042	0.3259789
0.2934375	0.3257166
0.2967708	0.3254543
0.3001042	0.3251658
0.3034375	0.3248773
0.3067708	0.3245364
0.3101042	0.3242216
0.3134375	0.3238807
0.3167708	0.3235659
0.3201042	0.3232774
0.3234375	0.3230414
0.3267708	0.3228316
0.3301042	0.3226742
0.3334375	0.3225693
0.3367708	0.3224906
0.3401042	0.3224119
0.3434375	0.322307
0.3467708	0.3222021
0.3501042	0.322071
0.3534375	0.3219136
0.3567708	0.32173
0.3601042	0.3215464
0.3634375	0.3213891
0.3667708	0.3212317
0.3701042	0.3211006
0.3734375	0.3210481
0.3767708	0.3210481
0.3801042	0.3211268
0.3834375	0.3212579
0.3867708	0.3214415
0.3901042	0.3216251
0.3934375	0.3218087
0.3967708	0.3219399
0.4001042	0.3220185
0.4034375	0.3219661
0.4067708	0.3218349
0.4101042	0.3215464
0.4134375	0.321153
0.4167708	0.3206547
0.4201042	0.3201039
0.4234375	0.3195532
0.4267708	0.3190024
0.4301042	0.3185041
0.4334375	0.3180582
0.4367708	0.3177435
0.4401042	0.3175074
0.4434375	0.3174025
0.4467708	0.3173501
0.4501042	0.3174025
0.4534375	0.3174812
0.4567708	0.3175599
0.4601042	0.3176648
0.4634375	0.3177435
0.4667708	0.3177959
0.4701042	0.3177959
0.4734375	0.3177435
0.4767708	0.3176386
0.4801042	0.3175337
0.4834375	0.3173501
0.4867708	0.3171927
0.4901042	0.3170091
0.4934375	0.3168255
0.4967708	0.3166419
0.5001042	0.3164584
0.5034375	0.316301
0.5067708	0.3161436
0.5101042	0.3159863
0.5134375	0.3158027
0.5167708	0.3155929
0.5201042	0.3153568
0.5234375	0.3150945
0.5267708	0.314806
0.5301042	0.3145438
0.5334375	0.3142553
0.5367708	0.3139668
0.5401042	0.3137045
0.5434375	0.3134684
0.5467708	0.3132586
0.5501041	0.313075
0.5534375	0.3129439
0.5567709	0.312839
0.5601042	0.3127865
0.5634375	0.3127865
0.5667709	0.3128652
0.5701042	0.3130226
0.5734375	0.3132062
0.5767708	0.313416
0.5801042	0.3135996
0.5834375	0.3137832
0.5867708	0.3138619
0.5901042	0.3138881
0.5934375	0.3137569
0.5967708	0.3135471
0.6001042	0.3132324
0.6034375	0.312839
0.6067708	0.3124456
0.6101041	0.3120522
0.6134375	0.311685
0.6167708	0.311344
0.6201042	0.3110555
0.6234375	0.3107933
0.6267709	0.3105834
0.6301042	0.3103736
0.6334375	0.3101638
0.6367708	0.3099278
0.6401042	0.3096655
0.6434375	0.3094032
0.6467708	0.3091147
0.6501042	0.3088524
0.6534375	0.3085902
0.6567708	0.3083541
0.6601042	0.3081705
0.6634375	0.3079869
0.6667708	0.3078558
0.6701041	0.3077509
0.6734375	0.3076722
0.6767708	0.3075935
0.6801042	0.3075149
0.6834375	0.3074624
0.6867709	0.3074099
0.6901042	0.3073837
0.6934375	0.3073313
0.6967708	0.3072526
0.7001042	0.3072001
0.7034375	0.3070952
0.7067708	0.3069903
0.7101042	0.3068329
0.7134375	0.3066494
0.7167708	0.3064395
0.7201042	0.3062297
0.7234375	0.3060461
0.7267708	0.3058625
0.7301041	0.3056789
0.7334375	0.3055216
0.7367708	0.3053904
0.7401041	0.3052855
0.7434375	0.3052069
0.7467709	0.3051282
0.7501042	0.3050757
0.7534375	0.304997
0.7567708	0.3049446
0.7601042	0.3048921
0.7634375	0.3048659
0.7667708	0.3048134
0.7701042	0.3047872
0.7734375	0.3047348
0.7767708	0.3046823
0.7801042	0.3046299
0.7834375	0.3045512
0.7867708	0.3044725
0.7901042	0.3043938
0.7934375	0.3043151
0.7967708	0.3042102
0.8001041	0.3041315
0.8034375	0.3040791
0.8067709	0.3040266
0.8101042	0.3039742
0.8134375	0.3039479
0.8167709	0.3039217
0.8201042	0.3039217
0.8234375	0.3039217
0.8267708	0.3038955
0.8301042	0.3038955
0.8334375	0.303843
0.8367708	0.3037644
0.8401042	0.3036332
0.8434375	0.3034759
0.8467708	0.3032398
0.8501042	0.3029513
0.8534375	0.3026104
0.8567708	0.3022694
0.8601041	0.3019284
0.8634375	0.3016137
0.8667708	0.301299
0.8701042	0.3010367
0.8734375	0.3008007
0.8767709	0.3005909
0.8801042	0.3004335
0.8834375	0.3002761
0.8867708	0.300145
0.8901042	0.3000401
0.8934375	0.2999352
0.8967708	0.2998303
0.9001042	0.2997516
0.9034375	0.2996467
0.9067708	0.2995418
0.9101042	0.2994369
0.9134375	0.2993057
0.9167708	0.2991746
0.9201041	0.2990172
0.9234375	0.2988336
0.9267708	0.2986238
0.9301042	0.298414
0.9334375	0.2981779
0.9367709	0.2979419
0.9401042	0.2977321
0.9434375	0.297496
0.9467708	0.2972862
0.9501042	0.2971026
0.9534375	0.2969453
0.9567708	0.2968141
0.9601042	0.2967092
0.9634375	0.2966305
0.9667708	0.2966043
0.9701042	0.2965518
0.9734375	0.2965256
0.9767708	0.2964994
0.9801041	0.2964732
0.9834375	0.2964469
0.9867708	0.2963945
0.9901041	0.296342
0.9934375	0.2962896
0.9967709	0.2961847
1.000104	0.296106
1.003438	0.2960011
1.006771	0.2958962
1.010104	0.2957913
1.013438	0.2956601
1.016771	0.295529
1.020104	0.2953716
1.023438	0.2952143
1.026771	0.2950569
1.030104	0.2948995
1.033437	0.2947422
1.036771	0.294611
1.040104	0.2944537
1.043437	0.2943488
1.046771	0.2942438
1.050104	0.2941389
1.053437	0.2940603
1.056771	0.2939816
1.060104	0.2939029
1.063437	0.2938504
1.066771	0.2938242
1.070104	0.293798
1.073437	0.2937718
1.076771	0.2937718
1.080104	0.2937455
1.083437	0.2937193
1.086771	0.2936668
1.090104	0.2935882
1.093438	0.293457
1.096771	0.2932997
1.100104	0.2930636
1.103438	0.2928013
1.106771	0.2925128
1.110104	0.2921719
1.113438	0.2918309
1.116771	0.29149
1.120104	0.2911228
1.123438	0.2907556
1.126771	0.2904147
1.130104	0.2900999
1.133438	0.2898114
1.136771	0.2895754
1.140104	0.2893656
1.143438	0.2892082
1.146771	0.2891033
1.150104	0.2890246
1.153437	0.2889984
1.156771	0.2889722
1.160104	0.2889722
1.163437	0.2889722
1.166771	0.2889722
1.170104	0.2889722
1.173437	0.2889984
1.176771	0.2890246
1.180104	0.2890508
1.183437	0.2891033
1.186771	0.289182
1.190104	0.2892344
1.193437	0.2893131
1.196771	0.2893656
1.200104	0.2893656
1.203437	0.2893131
1.206771	0.289182
1.210104	0.2889984
1.213438	0.2887623
1.216771	0.2884476
1.220104	0.2881067
1.223438	0.2877395
1.226771	0.2873723
1.230104	0.2870576
1.233438	0.2867691
1.236771	0.2865593
1.240104	0.2864019
1.243438	0.286297
1.246771	0.2861921
1.250104	0.2861134
1.253438	0.2859823
1.256771	0.2858511
1.260104	0.2856675
1.263438	0.2854577
1.266771	0.2851692
1.270104	0.2848545
1.273438	0.2845135
1.276771	0.2841988
1.280104	0.2838841
1.283437	0.2835956
1.286771	0.2833595
1.290104	0.2831759
1.293437	0.2830186
1.296771	0.2829399
1.300104	0.2828874
1.303437	0.2828874
1.306771	0.2828874
1.310104	0.2829137
1.313437	0.2829137
1.316771	0.2828874
1.320104	0.2828612
1.323437	0.2828088
1.326771	0.2827563
1.330104	0.2826514
1.333437	0.2825465
1.336771	0.2824416
1.340104	0.2823367
1.343438	0.282258
1.346771	0.2821793
1.350104	0.2821268
1.353438	0.2821006
1.356771	0.2820482
1.360104	0.2819957
1.363438	0.2819433
1.366771	0.2818646
1.370104	0.2817334
1.373438	0.2815761
1.376771	0.2813663
1.380104	0.2811302
1.383438	0.2808679
1.386771	0.2806057
1.390104	0.2803696
1.393438	0.2801336
1.396771	0.2799238
1.400104	0.2797664
1.403437	0.2796353
1.406771	0.2795566
1.410104	0.2794779
1.413437	0.2794517
1.416771	0.2793992
1.420104	0.2793468
1.423437	0.2792681
1.426771	0.2792156
1.430104	0.2791107
1.433437	0.279032
1.436771	0.2789533
1.440104	0.2788747
1.443437	0.278796
1.446771	0.2787173
1.450104	0.2786386
1.453437	0.2785599
1.456771	0.278455
1.460104	0.2783763
1.463438	0.2782977
1.466771	0.278219
1.470104	0.2781403
1.473438	0.2780878
1.476771	0.2780616
1.480104	0.2780354
1.483438	0.2779829
1.486771	0.2779043
1.490104	0.2777731
1.493438	0.2775895
1.496771	0.2773273
1.500104	0.277065
1.503438	0.2767503
1.506771	0.2764093
1.510104	0.2761208
1.513438	0.2758848
1.516771	0.2757012
1.520104	0.2756225
1.523438	0.2755963
1.526771	0.2756225
1.530104	0.2756749
1.533437	0.2757798
1.536771	0.2758585
1.540104	0.275911
1.543437	0.275911
1.546771	0.2758323
1.550104	0.2757012
1.553437	0.2755176
1.556771	0.2752553
1.560104	0.274993
1.563437	0.2746783
1.566771	0.2743898
1.570104	0.2741275
1.573437	0.2739177
1.576771	0.2737603
1.580104	0.2736292
1.583437	0.2735768
1.586771	0.2735505
1.590104	0.2735505
1.593438	0.2735768
1.596771	0.2735505
1.600104	0.2734981
1.603438	0.2734194
1.606771	0.2732883
1.610104	0.2731047
1.613438	0.2728948
1.616771	0.2726588
1.620104	0.2723703
1.623438	0.2720818
1.626771	0.2717671
1.630104	0.2714786
1.633438	0.2711901
1.636771	0.2709016
1.640104	0.2706655
1.643438	0.2704295
1.646771	0.2702459
1.650104	0.2701148
1.653437	0.2700098
1.656771	0.2699312
1.660104	0.2699049
1.663437	0.2699049
1.666771	0.2699312
1.670104	0.2699836
1.673437	0.2700098
1.676771	0.2700623
1.680104	0.2700885
1.683437	0.2700885
1.686771	0.2700885
1.690104	0.2700623
1.693437	0.2700361
1.696771	0.2700098
1.700104	0.2699574
1.703437	0.2698787
1.706771	0.2698
1.710104	0.2697213
1.713438	0.2695902
1.716771	0.2694591
1.720104	0.2692755
1.723438	0.2690657
1.726771	0.2688296
1.730104	0.2685673
1.733438	0.2683051
1.736771	0.268069
1.740104	0.267833
1.743438	0.2676494
1.746771	0.2675183
1.750104	0.2674396
1.753438	0.2674133
1.756771	0.2674396
1.760104	0.267492
1.763438	0.2675445
1.766771	0.2675969
1.770104	0.2675969
1.773438	0.2675707
1.776771	0.2674658
1.780104	0.2673084
1.783437	0.2670724
1.786771	0.2667577
1.790104	0.2663905
1.793437	0.2659971
1.796771	0.2656037
1.800104	0.265184
1.803437	0.2648168
1.806771	0.2644759
1.810104	0.2641874
1.813437	0.2639776
1.816771	0.2638202
1.820104	0.2637415
1.823437	0.2637153
1.826771	0.2637415
1.830104	0.263794
1.833437	0.2638464
1.836771	0.2638727
1.840104	0.2638727
1.843438	0.2638202
1.846771	0.2637415
1.850104	0.2636104
1.853438	0.263453
1.856771	0.2632957
1.860104	0.2631383
1.863438	0.2630334
1.866771	0.2629809
1.870104	0.2629285
1.873438	0.2629547
1.876771	0.2629809
1.880104	0.2630072
1.883438	0.2630334
1.886771	0.2630334
1.890104	0.2629809
1.893438	0.2629022
1.896771	0.2627973
1.900104	0.26264
1.903437	0.2624564
1.906771	0.2622728
1.910104	0.2620892
1.913437	0.2619056
1.916771	0.261722
1.920104	0.2615384
1.923437	0.2613811
1.926771	0.2612499
1.930104	0.261145
1.933437	0.2610401
1.936771	0.2609614
1.940104	0.260909
1.943437	0.2608565
1.946771	0.2608041
1.950104	0.2607778
1.953437	0.2607254
1.956771	0.2606992
1.960104	0.2606467
1.963438	0.2605942
1.966771	0.2605418
1.970104	0.2604631
1.973438	0.2603844
1.976771	0.2602795
1.980104	0.2601746
1.983438	0.2600435
1.986771	0.2599123
1.990104	0.2597812
1.993438	0.2596763
1.996771	0.2595976
2.000104	0.2595452
2.003438	0.2595189
2.006771	0.2595189
2.010104	0.2595189
2.013438	0.2595452
2.016771	0.2595452
2.020104	0.2595189
2.023438	0.2594665
2.026771	0.2593878
2.030104	0.2592829
2.033437	0.259178
2.036771	0.2590993
2.040104	0.2590206
2.043437	0.2589682
2.046771	0.2589419
2.050104	0.2589157
2.053437	0.2589157
2.056771	0.2588895
2.060104	0.2588632
2.063437	0.2587846
2.066771	0.2586797
2.070104	0.2585485
2.073437	0.2583912
2.076771	0.2582076
2.080104	0.2579715
2.083437	0.2577355
2.086771	0.2574732
2.090104	0.2571847
2.093437	0.2569224
2.096771	0.2566339
2.100104	0.2563454
2.103437	0.2560832
2.106771	0.2558471
2.110104	0.2556373
2.113437	0.2554537
2.116771	0.2553488
2.120104	0.2552701
2.123437	0.2552177
2.126771	0.2552177
2.130104	0.2552177
2.133437	0.2552439
2.136771	0.2552701
2.140104	0.2552963
2.143437	0.2552963
2.146771	0.2552963
2.150104	0.2552701
2.153438	0.2552439
2.156771	0.2551914
2.160104	0.255139
2.163438	0.2550603
2.166771	0.2549816
2.170104	0.2549029
2.173438	0.2548243
2.176771	0.2547456
2.180104	0.2546931
2.183438	0.2546407
2.186771	0.2545882
2.190104	0.254562
2.193438	0.2545358
2.196771	0.2545358
2.200104	0.2544833
2.203438	0.2544046
2.206771	0.2542997
2.210104	0.2541423
2.213438	0.2539588
2.216771	0.2537227
2.220104	0.2534604
2.223438	0.2531719
2.226771	0.2528834
2.230104	0.2525949
2.233438	0.2523589
2.236771	0.2521228
2.240104	0.2519393
2.243438	0.2517819
2.246771	0.2516245
2.250104	0.2514934
2.253438	0.2513623
2.256771	0.2512311
2.260104	0.2511
2.263438	0.2509688
2.266771	0.2508377
2.270104	0.2506803
2.273438	0.250523
2.276771	0.2503656
2.280104	0.2502345
2.283437	0.2501033
2.286771	0.2500247
2.290104	0.249946
2.293437	0.2498673
2.296771	0.2498148
2.300104	0.2497624
2.303437	0.2497362
2.306771	0.2496837
2.310104	0.249605
2.313437	0.2495001
2.316771	0.2493428
2.320104	0.2491854
2.323437	0.2489756
2.326771	0.2487395
2.330104	0.2485035
2.333437	0.2482412
2.336771	0.2480052
2.340104	0.2477691
2.343437	0.2475593
2.346771	0.2474019
2.350104	0.2472708
2.353437	0.2471659
2.356771	0.2470872
2.360104	0.2470348
2.363437	0.2470085
2.366771	0.2469823
2.370104	0.2469298
2.373437	0.2468774
2.376771	0.2467987
2.380104	0.2466938
2.383437	0.2465627
2.386771	0.2464053
2.390104	0.2462217
2.393437	0.2460119
2.396771	0.2458021
2.400104	0.2455398
2.403438	0.2453038
2.406771	0.2450153
2.410104	0.244753
2.413438	0.2444907
2.416771	0.2442547
2.420104	0.2440186
2.423438	0.243835
2.426771	0.2436777
2.430104	0.2435728
2.433438	0.2434941
2.436771	0.2434416
2.440104	0.2433892
2.443438	0.2433367
2.446771	0.2432843
2.450104	0.2431793
2.453438	0.2430744
2.456771	0.2429433
2.460104	0.2427859
2.463438	0.2426023
2.466771	0.2423925
2.470104	0.2421565
2.473438	0.2418942
2.476771	0.2416319
2.480104	0.2413434
2.483438	0.2410549
2.486771	0.2407402
2.490104	0.2404255
2.493438	0.2401632
2.496771	0.2399272
2.500104	0.2397173
2.503438	0.23956
2.506771	0.2394288
2.510104	0.2393239
2.513438	0.2392453
2.516771	0.2391403
2.520104	0.2390354
2.523438	0.2389043
2.526771	0.2387732
2.530104	0.2385896
2.533437	0.2384322
2.536771	0.2383011
2.540104	0.2381962
2.543437	0.2381175
2.546771	0.238065
2.550104	0.2380388
2.553437	0.2380388
2.556771	0.238065
2.560104	0.2380913
2.563437	0.2381175
2.566771	0.238065
2.570104	0.2380126
2.573437	0.2378814
2.576771	0.2377241
2.580104	0.2375405
2.583437	0.2373044
2.586771	0.2370946
2.590104	0.2368848
2.593437	0.236675
2.596771	0.2365176
2.600104	0.2363865
2.603437	0.2362816
2.606771	0.2362291
2.610104	0.2362029
2.613437	0.2361504
2.616771	0.2361242
2.620104	0.236098
2.623437	0.2360455
2.626771	0.2359931
2.630104	0.2359144
2.633437	0.2358357
2.636771	0.2357308
2.640104	0.2355997
2.643437	0.2354685
2.646771	0.2352849
2.650104	0.2350751
2.653438	0.2348653
2.656771	0.2346293
2.660104	0.234367
2.663438	0.2341047
2.666771	0.2338162
2.670104	0.2335802
2.673438	0.2333441
2.676771	0.2331343
2.680104	0.2329507
2.683438	0.2327671
2.686771	0.2326098
2.690104	0.2324786
2.693438	0.2323475
2.696771	0.2322426
2.700104	0.2321639
2.703438	0.2321114
2.706771	0.2320852
2.710104	0.2320852
2.713438	0.2320852
2.716771	0.2321377
2.720104	0.2321901
2.723438	0.2322426
2.726771	0.232295
2.730104	0.2323213
2.733438	0.2323213
2.736771	0.232295
2.740104	0.2322163
2.743438	0.2321114
2.746771	0.2319803
2.750104	0.2317967
2.753438	0.2316131
2.756771	0.2314033
2.760104	0.2312197
2.763438	0.2310361
2.766771	0.230905
2.770104	0.2308001
2.773438	0.2307738
2.776771	0.2307738
2.780104	0.2308001
2.783437	0.2308263
2.786771	0.230905
2.790104	0.2309574
2.793437	0.2310361
2.796771	0.2310623
2.800104	0.2310623
2.803437	0.2310361
2.806771	0.2309574
2.810104	0.2308788
2.813437	0.2307738
2.816771	0.2306427
2.820104	0.2305116
2.823437	0.230328
2.826771	0.2301444
2.830104	0.2299346
2.833437	0.2297247
2.836771	0.2295149
2.840104	0.2293051
2.843437	0.2291215
2.846771	0.2289117
2.850104	0.2287281
2.853437	0.2285707
2.856771	0.2284396
2.860104	0.2283085
2.863437	0.2282036
2.866771	0.2281249
2.870104	0.2280462
2.873437	0.2279675
2.876771	0.2279413
2.880104	0.2279151
2.883437	0.2279151
2.886771	0.2279413
2.890104	0.2279413
2.893437	0.2279675
2.896771	0.2279413
2.900104	0.2278888
2.903438	0.2278101
2.906771	0.227679
2.910104	0.2275216
2.913438	0.2273381
2.916771	0.2271545
2.920104	0.2269709
2.923438	0.2267873
2.926771	0.2266299
2.930104	0.2264988
2.933438	0.2263676
2.936771	0.2262627
2.940104	0.2261578
2.943438	0.2260529
2.946771	0.2259218
2.950104	0.2258169
2.953438	0.2257382
2.956771	0.2256333
2.960104	0.2255808
2.963438	0.2255546
2.966771	0.2255546
2.970104	0.2255546
2.973438	0.2256071
2.976771	0.2256333
2.980104	0.2256857
2.983438	0.225712
2.986771	0.225712
2.990104	0.2257382
2.993438	0.2257382
2.996771	0.2257382
3.000104	0.2256857
3.003438	0.2256333
3.006771	0.2255546
3.010104	0.2254497
3.013438	0.2253186
3.016771	0.225135
3.020104	0.2249251
3.023438	0.2246891
3.026771	0.2244268
3.030104	0.2241646
3.033437	0.2239285
3.036771	0.2236925
3.040104	0.2234826
3.043437	0.2232991
3.046771	0.2231155
3.050104	0.2229581
3.053437	0.2228007
3.056771	0.2226696
3.060104	0.2225385
3.063437	0.2224073
3.066771	0.2222762
3.070104	0.2221188
3.073437	0.2219352
3.076771	0.2217516
3.080104	0.2215681
3.083437	0.2213582
3.086771	0.2211222
3.090104	0.2208599
3.093437	0.2206239
3.096771	0.2203878
3.100104	0.220178
3.103437	0.2199944
3.106771	0.2198108
3.110104	0.2196797
3.113437	0.2195486
3.116771	0.2194699
3.120104	0.2193912
3.123437	0.219365
3.126771	0.2193387
3.130104	0.2193125
3.133437	0.2193125
3.136771	0.2193125
3.140104	0.2192863
3.143437	0.2192601
3.146771	0.2192076
3.150104	0.2191289
3.153438	0.219024
3.156771	0.2188929
3.160104	0.2187355
3.163438	0.2185781
3.166771	0.2183683
3.170104	0.2181585
3.173438	0.2179749
3.176771	0.2177913
3.180104	0.217634
3.183438	0.2174766
3.186771	0.2173455
3.190104	0.2171881
3.193438	0.217057
3.196771	0.2169258
3.200104	0.2168209
3.203438	0.2167422
3.206771	0.2166636
3.210104	0.2165849
3.213438	0.2165324
3.216771	0.21648
3.220104	0.2164537
3.223438	0.2164275
3.226771	0.2163488
3.230104	0.2162701
3.233438	0.2161128
3.236771	0.215903
3.240104	0.2156669
3.243438	0.2154046
3.246771	0.2151161
3.250104	0.2148014
3.253438	0.2145129
3.256771	0.2141982
3.260104	0.2138835
3.263438	0.213595
3.266771	0.2133065
3.270104	0.2130442
3.273438	0.2127819
3.276771	0.2125459
3.280104	0.2123361
3.283437	0.2121525
3.286771	0.2120476
3.290104	0.2119426
3.293437	0.2119164
3.296771	0.2118902
3.300104	0.2118902
3.303437	0.211864
3.306771	0.2118377
3.310104	0.2117591
3.313437	0.2116541
3.316771	0.211523
3.320104	0.2113394
3.323437	0.2111821
3.326771	0.2109985
3.330104	0.2108673
3.333437	0.2107362
3.336771	0.2106575
3.340104	0.2106051
3.343437	0.2106051
3.346771	0.2106051
3.350104	0.2106051
3.353437	0.2106313
3.356771	0.2106051
3.360104	0.2106051
3.363437	0.2105526
3.366771	0.2105264
3.370104	0.2104739
3.373437	0.2104215
3.376771	0.210369
3.380104	0.2102903
3.383437	0.2102116
3.386771	0.210133
3.390104	0.2100281
3.393437	0.2098969
3.396771	0.2097658
3.400104	0.2096084
3.403438	0.2094773
3.406771	0.2093199
3.410104	0.209215
3.413438	0.2091101
3.416771	0.2090314
3.420104	0.2089527
3.423438	0.2089003
3.426771	0.2088478
3.430104	0.2087954
3.433438	0.2087429
3.436771	0.2086642
3.440104	0.2085593
3.443438	0.2084544
3.446771	0.2083495
3.450104	0.2082184
3.453438	0.208061
3.456771	0.2078774
3.460104	0.2076676
3.463438	0.2074578
3.466771	0.207248
3.470104	0.2070381
3.473438	0.2068546
3.476771	0.206671
3.480104	0.2065398
3.483438	0.2064611
3.486771	0.2064349
3.490104	0.2064087
3.493438	0.2064349
3.496771	0.2064349
3.500104	0.2064349
3.503438	0.2063825
3.506771	0.2063038
3.510104	0.2061464
3.513438	0.2059628
3.516771	0.2057268
3.520104	0.2054907
3.523438	0.2052285
3.526771	0.2050186
3.530104	0.2048351
3.533437	0.2046777
3.536771	0.2045728
3.540104	0.2044941
3.543437	0.2044154
3.546771	0.2043367
3.550104	0.2042581
3.553437	0.2041531
3.556771	0.204022
3.560104	0.2038646
3.563437	0.2037073
3.566771	0.2035237
3.570104	0.2033663
3.573437	0.2032352
3.576771	0.2031303
3.580104	0.2030516
3.583437	0.2029991
3.586771	0.2029729
3.590104	0.2029467
3.593437	0.2029467
3.596771	0.2029205
3.600104	0.2028942
3.603437	0.202868
3.606771	0.2028156
3.610104	0.2027369
3.613437	0.202632
3.616771	0.2025271
3.620104	0.2023697
3.623437	0.2022123
3.626771	0.2020287
3.630104	0.2018189
3.633437	0.2015829
3.636771	0.2013206
3.640104	0.2010846
3.643437	0.2008223
3.646771	0.2006125
3.650104	0.2004026
3.653438	0.200219
3.656771	0.2000617
3.660104	0.1999568
3.663438	0.1998519
3.666771	0.1997732
3.670104	0.1996945
3.673438	0.1996158
3.676771	0.1995109
3.680104	0.1993798
3.683438	0.1992486
3.686771	0.1990913
3.690104	0.1989601
3.693438	0.1988028
3.696771	0.1986716
3.700104	0.1985667
3.703438	0.198488
3.706771	0.1984094
3.710104	0.1983569
3.713438	0.1983307
3.716771	0.198252
3.720104	0.1981733
3.723438	0.1980946
3.726771	0.1979635
3.730104	0.1978586
3.733438	0.1977012
3.736771	0.1975439
3.740104	0.1974127
3.743438	0.1972816
3.746771	0.1971505
3.750104	0.1970455
3.753438	0.1969669
3.756771	0.1968882
3.760104	0.1968095
3.763438	0.1967308
3.766771	0.1966259
3.770104	0.196521
3.773438	0.1963899
3.776771	0.196285
3.780104	0.1961538
3.783437	0.1960489
3.786771	0.1959702
3.790104	0.1959178
3.793437	0.1959178
3.796771	0.195944
3.800104	0.1959702
3.803437	0.1959965
3.806771	0.1959965
3.810104	0.1959702
3.813437	0.1959178
3.816771	0.1957866
3.820104	0.1956293
3.823437	0.1954195
3.826771	0.1951834
3.830104	0.1949211
3.833437	0.1946589
3.836771	0.1943704
3.840104	0.1940819
3.843437	0.1938196
3.846771	0.1935573
3.850104	0.1933213
3.853437	0.1931377
3.856771	0.1929541
3.860104	0.192823
3.863437	0.192718
3.866771	0.1926394
3.870104	0.1925869
3.873437	0.1925607
3.876771	0.1925345
3.880104	0.1925607
3.883437	0.1925869
3.886771	0.1926131
3.890104	0.1926918
3.893437	0.1927443
3.896771	0.192823
3.900104	0.1928754
3.903438	0.1929541
3.906771	0.1930065
3.910104	0.193059
3.913438	0.1931115
3.916771	0.1931639
3.920104	0.1931901
3.923438	0.1932164
3.926771	0.1932426
3.930104	0.193295
3.933438	0.1933213
3.936771	0.1933737
3.940104	0.1934262
3.943438	0.1934524
3.946771	0.1934786
3.950104	0.1934786
3.953438	0.1934786
3.956771	0.1934524
3.960104	0.1934
3.963438	0.1933213
3.966771	0.1932426
3.970104	0.1931639
3.973438	0.1931115
3.976771	0.1930852
3.980104	0.193059
3.983438	0.1930852
3.986771	0.1931377
3.990104	0.1932164
3.993438	0.1933213
3.996771	0.1934524
4.000104	0.1936098
4.003438	0.1937409
4.006771	0.1939245
4.010104	0.1941081
4.013437	0.1942917
4.016771	0.1944753
4.020104	0.1946589
4.023438	0.1948162
4.026771	0.1949211
4.030104	0.195026
4.033438	0.1950785
4.036771	0.1950785
4.040104	0.1950523
4.043437	0.1949736
4.046771	0.1948687
4.050104	0.1947638
4.053438	0.1946589
4.056771	0.1945802
4.060104	0.1945277
4.063437	0.1945277
4.066771	0.1945802
4.070104	0.1946589
4.073438	0.1948162
4.076771	0.195026
4.080104	0.1952883
4.083437	0.195603
4.086771	0.1959702
4.090104	0.1963636
4.093438	0.1967833
4.096771	0.1972291
4.100104	0.1977275
4.103437	0.1982258
4.106771	0.1987241
4.110104	0.1992749
4.113438	0.1998256
4.116771	0.2004289
4.120104	0.2010321
4.123437	0.2016878
4.126771	0.2023697
4.130104	0.2031041
4.133438	0.2038909
4.136771	0.2047301
4.140104	0.2056219
4.143437	0.2065398
4.146771	0.2075102
4.150104	0.2085331
4.153438	0.2095822
4.156771	0.21071
4.160104	0.2119164
4.163437	0.2132016
4.166771	0.2145916
4.170104	0.2160866
4.173438	0.2176864
4.176771	0.2193912
4.180104	0.2212271
4.183437	0.2231417
4.186771	0.2251612
4.190104	0.2273118
4.193438	0.2295674
4.196771	0.2319803
4.200104	0.2345243
4.203437	0.237252
4.206771	0.2401894
4.210104	0.2433629
4.213438	0.2467987
4.216771	0.2504705
4.220104	0.2544571
4.223437	0.2587059
4.226771	0.2632694
4.230104	0.2681215
4.233438	0.2732883
4.236771	0.2787698
4.240104	0.2845398
4.243437	0.2906245
4.246771	0.2970239
4.250104	0.3037381
4.253438	0.3107408
4.256771	0.3180582
4.260104	0.3257166
4.263437	0.3336635
4.266771	0.341925
4.270104	0.3504751
4.273438	0.3592875
4.276771	0.3683884
4.280104	0.3777253
4.283438	0.3872982
4.286771	0.3970548
4.290104	0.4069949
4.293437	0.4171187
4.296771	0.4273735
4.300104	0.4377333
4.303438	0.448198
4.306771	0.4587413
4.310104	0.4692847
4.313437	0.4798281
4.316771	0.490319
4.320104	0.5006788
4.323438	0.5109074
4.326771	0.5209262
4.330104	0.5306565
4.333437	0.5400984
4.336771	0.5491468
4.340104	0.5578018
4.343438	0.5660109
4.346771	0.5737217
4.350104	0.580908
4.353437	0.5875435
4.356771	0.5935758
4.360104	0.5990048
4.363438	0.6037782
4.366771	0.6078959
4.370104	0.6113054
4.373437	0.6140068
4.376771	0.6160001
4.380104	0.6172065
4.383438	0.6176786
4.386771	0.6173377
4.390104	0.6162361
4.393437	0.614374
4.396771	0.6117513
4.400104	0.6083942
4.403438	0.6043027
4.406771	0.5995556
4.410104	0.594179
4.413437	0.588173
4.416771	0.5816161
4.420104	0.5745348
4.423438	0.5669551
4.426771	0.558982
4.430104	0.5506155
4.433437	0.5419343
4.436771	0.5330432
4.440104	0.5239686
4.443438	0.514789
4.446771	0.505557
4.450104	0.496325
4.453437	0.4871193
4.456771	0.4779922
4.460104	0.4689438
4.463438	0.459974
4.466771	0.451083
4.470104	0.4422968
4.473437	0.4336156
4.476771	0.4250917
4.480104	0.416699
4.483438	0.4084899
4.486771	0.4005168
4.490104	0.3928322
4.493437	0.3854623
4.496771	0.3784859
4.500104	0.3718766
4.503438	0.3656607
4.506771	0.3598383
4.510104	0.3543568
4.513437	0.3492162
4.516771	0.344338
4.520104	0.3396957
4.523438	0.3352371
4.526771	0.3309358
4.530104	0.3267657
4.533438	0.3228054
4.536771	0.3190024
4.540104	0.3154355
4.543437	0.3121046
4.546771	0.3090885
4.550104	0.3063346
4.553438	0.3038955
4.556771	0.3017186
4.560104	0.2997778
4.563437	0.2980468
4.566771	0.2964994
4.570104	0.2950569
4.573438	0.2937193
4.576771	0.2924604
4.580104	0.2912802
4.583437	0.2901524
4.586771	0.2891033
4.590104	0.2881329
4.593438	0.2872149
4.596771	0.2863757
4.600104	0.2855888
4.603437	0.2848283
4.606771	0.2840677
4.610104	0.2833071
4.613438	0.282494
4.616771	0.2816285
4.620104	0.2807106
4.623437	0.2797664
4.626771	0.2787698
4.630104	0.2777469
4.633438	0.2766978
4.636771	0.2756749
4.640104	0.2747045
4.643437	0.2737866
4.646771	0.2729473
4.650104	0.2722129
4.653438	0.2715573
4.656771	0.2710065
4.660104	0.2706655
4.663437	0.2708753
4.666771	0.2723703
4.670104	0.2763306
4.673438	0.2839365
4.676771	0.2960798
4.680104	0.3128914
4.683437	0.3336897
4.686771	0.3571893
4.690104	0.3817381
4.693438	0.4053426
4.696771	0.4255114
4.700104	0.4395954
4.703437	0.4453392
4.706771	0.4416149
4.710104	0.4290258
4.713438	0.4095914
4.716771	0.3859082
4.720104	0.3605726
4.723437	0.3357879
4.726771	0.3133111
4.730104	0.2946373
4.733438	0.2806581
4.736771	0.2715835
4.740104	0.2667314
4.743437	0.264948
4.746771	0.2650529
4.750104	0.2661807
4.753438	0.267833
4.756771	0.2699049
4.760104	0.2723703
4.763437	0.2752028
4.766771	0.278455
4.770104	0.2821006
4.773438	0.2861921
4.776771	0.2906769
4.780104	0.2955814
4.783438	0.3009318
4.786771	0.3067543
4.790104	0.313075
4.793437	0.3199728
4.796771	0.3275
4.800104	0.3357092
4.803438	0.3446265
4.806771	0.3543568
4.810104	0.3649001
4.813437	0.376309
4.816771	0.3886096
4.820104	0.4018019
4.823438	0.415886
4.826771	0.430888
4.830104	0.4467817
4.833437	0.4636196
4.836771	0.4814017
4.840104	0.5002067
4.843438	0.5200345
4.846771	0.5409901
4.850104	0.5631521
4.853437	0.5865993
4.856771	0.6115152
4.860104	0.6379786
4.863438	0.6661467
4.866771	0.6962294
4.870104	0.7284102
4.873437	0.7629516
4.876771	0.800168
4.880104	0.8404531
4.883438	0.8842265
4.886771	0.9320126
4.890104	0.9844934
4.893437	1.042377
4.896771	1.106634
4.900104	1.178261
4.903438	1.258516
4.906771	1.348764
4.910104	1.450631
4.913437	1.565952
4.916771	1.696748
4.920104	1.845378
4.923438	2.014439
4.926771	2.206947
4.930104	2.426102
4.933437	2.675628
4.936771	2.959539
4.940104	3.282239
4.943438	3.648582
4.946771	4.063733
4.950104	4.533254
4.953437	5.063045
4.956771	5.659296
4.960104	6.328511
4.963438	7.077458
4.966771	7.913137
4.970104	8.842632
4.973437	9.873102
4.976771	11.01163
4.980104	12.26508
4.983438	13.64005
4.986771	15.14248
4.990104	16.77777
4.993437	18.55048
4.996771	20.46412
5.000104	22.52126
5.003438	24.72317
5.006771	27.0698
5.010104	29.55961
5.013437	32.18937
5.016771	34.95396
5.020104	37.84636
5.023438	40.85749
5.026771	43.97604
5.030104	47.18862
5.033438	50.47975
5.036771	53.83207
5.040104	57.2265
5.043437	60.64248
5.046771	64.05811
5.050104	67.4505
5.053438	70.79585
5.056771	74.06972
5.060104	77.24742
5.063437	80.30413
5.066771	83.2153
5.070104	85.95708
5.073438	88.50655
5.076771	90.84235
5.080104	92.94486
5.083437	94.7968
5.086771	96.38315
5.090104	97.69168
5.093438	98.71287
5.096771	99.44002
5.100104	99.86936
5.103437	100
5.106771	99.83388
5.110104	99.37569
5.113438	98.63282
5.116771	97.61515
5.120104	96.3349
5.123437	94.80645
5.126771	93.04597
5.130104	91.07132
5.133438	88.90159
5.136771	86.55692
5.140104	84.0582
5.143437	81.42673
5.146771	78.68404
5.150104	75.85158
5.153438	72.95031
5.156771	70.00069
5.160104	67.02208
5.163437	64.03285
5.166771	61.05013
5.170104	58.0897
5.173438	55.16599
5.176771	52.29195
5.180104	49.47931
5.183437	46.73827
5.186771	44.07785
5.190104	41.50572
5.193438	39.02813
5.196771	36.65011
5.200104	34.3752
5.203437	32.20576
5.206771	30.14298
5.210104	28.18695
5.213438	26.33688
5.216771	24.59127
5.220104	22.948
5.223437	21.40445
5.226771	19.9577
5.230104	18.60448
5.233438	17.34124
5.236771	16.16419
5.240104	15.0693
5.243437	14.05234
5.246771	13.10897
5.250104	12.23482
5.253438	11.42547
5.256771	10.67665
5.260104	9.984253
5.263437	9.344334
5.266771	8.753144
5.270104	8.207197
5.273438	7.703187
5.276771	7.237942
5.280104	6.808444
5.283438	6.411809
5.286771	6.045362
5.290104	5.706558
5.293437	5.392984
5.296771	5.102412
5.300104	4.832848
5.303438	4.58243
5.306771	4.349479
5.310104	4.132527
5.313437	3.930131
5.316771	3.741085
5.320104	3.564156
5.323438	3.398269
5.326771	3.242452
5.330104	3.095816
5.333437	2.957493
5.336771	2.826802
5.340104	2.703115
5.343438	2.585852
5.346771	2.474544
5.350104	2.368822
5.353437	2.268292
5.356771	2.172641
5.360104	2.081554
5.363438	1.994768
5.366771	1.911995
5.370104	1.833051
5.373437	1.757674
5.376771	1.685758
5.380104	1.617095
5.383438	1.551606
5.386771	1.489159
5.390104	1.429649
5.393437	1.373024
5.396771	1.319153
5.400104	1.267958
5.403438	1.219359
5.406771	1.173277
5.410104	1.129635
5.413437	1.088353
5.416771	1.049353
5.420104	1.012583
5.423438	0.977989
5.426771	0.9454672
5.430104	0.9149911
5.433437	0.886482
5.436771	0.8598875
5.440104	0.8351028
5.443438	0.812049
5.446771	0.7906738
5.450104	0.7708722
5.453437	0.7525918
5.456771	0.7357539
5.460104	0.7202798
5.463438	0.7060384
5.466771	0.6930034
5.470104	0.6810438
5.473437	0.670107
5.476771	0.6600882
5.480104	0.6509086
5.483438	0.6424897
5.486771	0.6347526
5.490104	0.6276188
5.493437	0.6210357
5.496771	0.6149248
5.500104	0.6092335
5.503438	0.6039093
5.506771	0.5988737
5.510104	0.5940741
5.513437	0.5895105
5.516771	0.5851044
5.520104	0.5808031
5.523438	0.5766067
5.526771	0.5724628
5.530104	0.5683451
5.533438	0.5642275
5.536771	0.5600836
5.540104	0.5558347
5.543437	0.5515072
5.546771	0.5470486
5.550104	0.5424588
5.553438	0.5377379
5.556771	0.5328596
5.560104	0.5278765
5.563437	0.5227621
5.566771	0.5175691
5.570104	0.5123237
5.573438	0.5070258
5.576771	0.5016492
5.580104	0.4962463
5.583437	0.4907911
5.586771	0.4852833
5.590104	0.4796969
5.593438	0.4740056
5.596771	0.4682618
5.600104	0.4624132
5.603437	0.4564858
5.606771	0.450506
5.610104	0.4444737
5.613438	0.4384152
5.616771	0.4323567
5.620104	0.4263244
5.623437	0.4203184
5.626771	0.4143386
5.630104	0.4084112
5.633438	0.4025363
5.636771	0.3967138
5.640104	0.3909438
5.643437	0.3852263
5.646771	0.379535
5.650104	0.3738961
5.653438	0.3683097
5.656771	0.3628282
5.660104	0.3574254
5.663437	0.3521275
5.666771	0.3469607
5.670104	0.341925
5.673438	0.3370468
5.676771	0.3322996
5.680104	0.3277099
5.683437	0.3231988
5.686771	0.3188188
5.690104	0.3144913
5.693438	0.31019
5.696771	0.3059674
5.700104	0.3017711
5.703437	0.2976272
5.706771	0.2935357
5.710104	0.2894967
5.713438	0.2855364
5.716771	0.2816548
5.720104	0.277878
5.723437	0.2742062
5.726771	0.2706131
5.730104	0.2671248
5.733438	0.2637153
5.736771	0.2603844
5.740104	0.2571585
5.743437	0.253985
5.746771	0.2509164
5.750104	0.2479003
5.753438	0.244989
5.756771	0.2421565
5.760104	0.2394288
5.763437	0.2367799
5.766771	0.2342358
5.770104	0.2317705
5.773438	0.2293838
5.776771	0.227102
5.780104	0.2248465
5.783438	0.2226696
5.786771	0.220519
5.790104	0.2184208
5.793437	0.2164013
5.796771	0.214408
5.800104	0.212441
5.803438	0.2105526
5.806771	0.2086905
5.810104	0.2068808
5.813437	0.2050973
5.816771	0.2033139
5.820104	0.2015566
5.823438	0.1997732
5.826771	0.198016
5.830104	0.1962587
5.833437	0.1945277
5.836771	0.192823
5.840104	0.1911969
5.843438	0.1896495
5.846771	0.1881807
5.850104	0.1867907
5.853437	0.1854793
5.856771	0.1842729
5.860104	0.1830926
5.863438	0.1819911
5.866771	0.1809158
5.870104	0.1798405
5.873437	0.1787914
5.876771	0.1777685
5.880104	0.1767719
5.883438	0.1758277
5.886771	0.1749097
5.890104	0.1740705
5.893437	0.1732836
5.896771	0.1725755
5.900104	0.1719198
5.903438	0.1713428
5.906771	0.1708183
5.910104	0.1702675
5.913437	0.169743
5.916771	0.1692446
5.920104	0.168825
5.923438	0.1686676
5.926771	0.1690348
5.930104	0.1701626
5.933437	0.172287
5.936771	0.1754343
5.940104	0.179447
5.943438	0.1840893
5.946771	0.1889675
5.950104	0.1936622
5.953437	0.1976225
5.956771	0.200324
5.960104	0.2012157
5.963438	0.2001404
5.966771	0.1972291
5.970104	0.1929016
5.973437	0.1877349
5.976771	0.1822796
5.980104	0.1770079
5.983438	0.172287
5.986771	0.1684316
5.990104	0.1656253
5.993437	0.1639205
5.996771	0.1631337
6.000104	0.1630288
6.003438	0.1633173
6.006771	0.1638156
6.010104	0.1644188
6.013437	0.1651007
6.016771	0.1658089
6.020104	0.1665957
6.023438	0.167435
6.026771	0.1683529
6.030104	0.1693495
6.033438	0.1703986
6.036771	0.1715526
6.040104	0.1727591
6.043437	0.174018
6.046771	0.1753556
6.050104	0.1767194
6.053438	0.1781095
6.056771	0.179552
6.060104	0.1810207
6.063437	0.1825419
6.066771	0.1841155
6.070104	0.1857154
6.073438	0.1873152
6.076771	0.1889675
6.080104	0.1905674
6.083437	0.1921673
6.086771	0.1936885
6.090104	0.1951572
6.093438	0.1965472
6.096771	0.1978324
6.100104	0.1990388
6.103437	0.2001141
6.106771	0.2010583
6.110104	0.2019238
6.113438	0.202632
6.116771	0.2032352
6.120104	0.2037335
6.123437	0.2041269
6.126771	0.2043892
6.130104	0.2045728
6.133438	0.2046515
6.136771	0.2046252
6.140104	0.2044941
6.143437	0.2042056
6.146771	0.203786
6.150104	0.203209
6.153438	0.2024484
6.156771	0.2015042
6.160104	0.2003764
6.163437	0.199065
6.166771	0.1975963
6.170104	0.1959702
6.173438	0.1942655
6.176771	0.192482
6.180104	0.1906199
6.183437	0.1887315
6.186771	0.1868169
6.190104	0.1848761
6.193438	0.1829353
6.196771	0.1809945
6.200104	0.1790536
6.203437	0.1770866
6.206771	0.1751195
6.210104	0.1731525
6.213438	0.1711592
6.216771	0.1691397
6.220104	0.1671465
6.223437	0.1651532
6.226771	0.1632124
6.230104	0.1612978
6.233438	0.1594094
6.236771	0.157626
6.240104	0.1558687
6.243437	0.1542164
6.246771	0.1526428
6.250104	0.1510954
6.253438	0.1496529
6.256771	0.1482104
6.260104	0.1468466
6.263437	0.1454827
6.266771	0.1441976
6.270104	0.1429649
6.273438	0.1418109
6.276771	0.1407356
6.280104	0.1397127
6.283438	0.1387423
6.286771	0.1378506
6.290104	0.1370113
6.293437	0.1361983
6.296771	0.1353852
6.300104	0.1345722
6.303438	0.1337591
6.306771	0.1329199
6.310104	0.1320806
6.313437	0.1312675
6.316771	0.1304807
6.320104	0.1297464
6.323438	0.1290645
6.326771	0.1284612
6.330104	0.1279367
6.333437	0.1274646
6.336771	0.1270974
6.340104	0.1267565
6.343438	0.126468
6.346771	0.1262319
6.350104	0.1259959
6.353437	0.125786
6.356771	0.12555
6.360104	0.1252877
6.363438	0.1250255
6.366771	0.124737
6.370104	0.1244485
6.373437	0.12416
6.376771	0.1238452
6.380104	0.1235567
6.383438	0.1232682
6.386771	0.123006
6.390104	0.1227699
6.393437	0.1225339
6.396771	0.1223503
6.400104	0.1221667
6.403438	0.1220355
6.406771	0.1219044
6.410104	0.1217995
6.413437	0.1217208
6.416771	0.1216421
6.420104	0.1216159
6.423438	0.1216421
6.426771	0.1217208
6.430104	0.1218782
6.433437	0.1221142
6.436771	0.1224552
6.440104	0.122901
6.443438	0.1234256
6.446771	0.1239764
6.450104	0.1245009
6.453437	0.124973
6.456771	0.1252877
6.460104	0.1254451
6.463438	0.1253926
6.466771	0.1251041
6.470104	0.1246583
6.473437	0.124055
6.476771	0.1233731
6.480104	0.122665
6.483438	0.1219831
6.486771	0.1213799
6.490104	0.1209078
6.493437	0.1205406
6.496771	0.1202783
6.500104	0.1201472
6.503438	0.1200947
6.506771	0.1200947
6.510104	0.1201472
6.513437	0.1201996
6.516771	0.1202521
6.520104	0.1203045
6.523438	0.120357
6.526771	0.1203832
6.530104	0.1204095
6.533438	0.1204619
6.536771	0.1205406
6.540104	0.1206717
6.543437	0.1209078
6.546771	0.1212225
6.550104	0.1216421
6.553438	0.1221929
6.556771	0.1228486
6.560104	0.1236354
6.563437	0.1245271
6.566771	0.12555
6.570104	0.126704
6.573438	0.1279629
6.576771	0.1293792
6.580104	0.1309528
6.583437	0.1327363
6.586771	0.1347558
6.590104	0.1369851
6.593438	0.1395029
6.596771	0.1423092
6.600104	0.1454041
6.603437	0.1487874
6.606771	0.1524854
6.610104	0.1564457
6.613438	0.1606683
6.616771	0.165127
6.620104	0.1697954
6.623437	0.1746212
6.626771	0.179552
6.630104	0.1845876
6.633438	0.1896757
6.636771	0.1947375
6.640104	0.1997732
6.643437	0.2047039
6.646771	0.2095297
6.650104	0.2141457
6.653438	0.2185257
6.656771	0.2226171
6.660104	0.2263414
6.663437	0.2296723
6.666771	0.2325573
6.670104	0.2349702
6.673438	0.2368323
6.676771	0.2381699
6.680104	0.2389568
6.683437	0.2392453
6.686771	0.2390092
6.690104	0.2383273
6.693438	0.2372258
6.696771	0.2357308
6.700104	0.2339211
6.703437	0.2318229
6.706771	0.2295149
6.710104	0.2270233
6.713438	0.2244006
6.716771	0.2217254
6.720104	0.219024
6.723437	0.2162964
6.726771	0.2136212
6.730104	0.2110247
6.733438	0.2085069
6.736771	0.2061726
6.740104	0.2039958
6.743437	0.202055
6.746771	0.2003502
6.750104	0.1989339
6.753438	0.1978061
6.756771	0.1970193
6.760104	0.1965735
6.763437	0.1964685
6.766771	0.1967308
6.770104	0.197334
6.773438	0.1982782
6.776771	0.1995634
6.780104	0.2011632
6.783438	0.2030778
6.786771	0.2053334
6.790104	0.2078774
6.793437	0.21071
6.796771	0.2138048
6.800104	0.2171619
6.803438	0.2207812
6.806771	0.2245842
6.810104	0.2286232
6.813437	0.2327933
6.816771	0.2370946
6.820104	0.2414746
6.823438	0.2458808
6.826771	0.2502607
6.830104	0.254562
6.833437	0.2587059
6.836771	0.26264
6.840104	0.266338
6.843438	0.2697213
6.846771	0.2727637
6.850104	0.2754389
6.853437	0.2777469
6.856771	0.2796615
6.860104	0.2812089
6.863438	0.2823629
6.866771	0.2831759
6.870104	0.2836218
6.873437	0.2837267
6.876771	0.2834907
6.880104	0.2829137
6.883438	0.2820219
6.886771	0.2808155
6.890104	0.2792681
6.893437	0.2773797
6.896771	0.2751504
6.900104	0.2726063
6.903438	0.2696951
6.906771	0.2664692
6.910104	0.2629022
6.913437	0.2590468
6.916771	0.2548767
6.920104	0.2504705
6.923438	0.2457758
6.926771	0.2408189
6.930104	0.2355997
6.933437	0.2301182
6.936771	0.2243744
6.940104	0.2183421
6.943438	0.2120738
6.946771	0.205517
6.950104	0.1987503
6.953437	0.1918001
6.956771	0.184745
6.960104	0.1776111
6.963438	0.1705035
6.966771	0.1634484
6.970104	0.1565244
6.973437	0.1497578
6.976771	0.143201
6.980104	0.136854
6.983438	0.130743
6.986771	0.1248943
6.990104	0.1193079
6.993437	0.1139838
6.996771	0.1089481
7.000104	0.104201
7.003438	0.09976859
7.006771	0.09562468
7.010104	0.0918217
7.013437	0.08830724
7.016771	0.08510752
7.020104	0.08222252
7.023438	0.07959979
7.026771	0.07726556
7.030104	0.07521983
7.033438	0.07343638
7.036771	0.0719152
7.040104	0.07065629
7.043437	0.06963342
7.046771	0.06887283
7.050104	0.06832206
7.053438	0.06795488
7.056771	0.06777129
7.060104	0.0676926
7.063437	0.06771883
7.066771	0.06779751
7.070104	0.06790242
7.073438	0.06800733
7.076771	0.06808601
7.080104	0.06813847
7.083437	0.06813847
7.086771	0.06813847
7.090104	0.06811224
7.093438	0.06811224
7.096771	0.06808601
7.100104	0.06808601
7.103437	0.06808601
7.106771	0.06811224
7.110104	0.06811224
7.113438	0.06813847
7.116771	0.06816469
7.120104	0.06819092
7.123437	0.06821715
7.126771	0.0682696
7.130104	0.06834829
7.133438	0.06847942
7.136771	0.06868924
7.140104	0.06897774
7.143437	0.06934492
7.146771	0.06979079
7.150104	0.07034156
7.153438	0.07097101
7.156771	0.07165292
7.160104	0.07241351
7.163437	0.07322656
7.166771	0.07409206
7.170104	0.07503624
7.173438	0.07603288
7.176771	0.07708197
7.180104	0.07820974
7.183437	0.07938997
7.186771	0.08064888
7.190104	0.08196024
7.193438	0.08329783
7.196771	0.08471411
7.200104	0.08615661
7.203437	0.08759911
7.206771	0.08906783
7.210104	0.09056279
7.213438	0.09203152
7.216771	0.09347402
7.220104	0.09489029
7.223437	0.09628036
7.226771	0.09761795
7.230104	0.09890309
7.233438	0.1001095
7.236771	0.1012373
7.240104	0.1022864
7.243437	0.1031781
7.246771	0.103965
7.250104	0.1046206
7.253438	0.105119
7.256771	0.1054861
7.260104	0.1057222
7.263437	0.1058271
7.266771	0.1058009
7.270104	0.1057222
7.273438	0.1055386
7.276771	0.1052763
7.280104	0.1049616
7.283438	0.1045682
7.286771	0.1040961
7.290104	0.1035715
7.293437	0.1029421
7.296771	0.1022602
7.300104	0.1015258
7.303438	0.100739
7.306771	0.09995218
7.310104	0.09913913
7.313437	0.09832609
7.316771	0.09759173
7.320104	0.09688359
7.323438	0.09625413
7.326771	0.09565091
7.330104	0.09510011
7.333437	0.09457556
7.336771	0.09405102
7.340104	0.0935527
7.343438	0.09302815
7.346771	0.09247738
7.350104	0.09190038
7.353437	0.09129715
7.356771	0.0906677
7.360104	0.09006447
7.363438	0.08946124
7.366771	0.08888424
7.370104	0.0883597
7.373437	0.08788761
7.376771	0.0874942
7.380104	0.08715324
7.383438	0.08689097
7.386771	0.08670738
7.390104	0.08660247
7.393437	0.08652379
7.396771	0.08649756
7.400104	0.08652379
7.403438	0.08655002
7.406771	0.08657624
7.410104	0.0866287
7.413437	0.08668115
7.416771	0.08670738
7.420104	0.08670738
7.423438	0.08670738
7.426771	0.08670738
7.430104	0.08668115
7.433437	0.08665493
7.436771	0.08668115
7.440104	0.08670738
7.443438	0.08678606
7.446771	0.0869172
7.450104	0.08712702
7.453437	0.08744174
7.456771	0.08780893
7.460104	0.08828102
7.463438	0.08880556
7.466771	0.08935633
7.470104	0.08995956
7.473437	0.09058902
7.476771	0.09119224
7.480104	0.0918217
7.483438	0.09242493
7.486771	0.09302815
7.490104	0.09363138
7.493437	0.09426084
7.496771	0.09489029
7.500104	0.09557223
7.503438	0.09622791
7.506771	0.09690982
7.510104	0.0975655
7.513437	0.09816873
7.516771	0.09874573
7.520104	0.09924404
7.523438	0.09963745
7.526771	0.09992595
7.530104	0.1000833
7.533438	0.1001095
7.536771	0.1000046
7.540104	0.09979482
7.543437	0.09950632
7.546771	0.09911291
7.550104	0.09864082
7.553438	0.0981425
7.556771	0.09759173
7.560104	0.0969885
7.563437	0.0964115
7.566771	0.09578204
7.570104	0.09512634
7.573438	0.09447065
7.576771	0.09378874
7.580104	0.09310684
7.583437	0.09242493
7.586771	0.09176924
7.590104	0.09113979
7.593438	0.09053656
7.596771	0.08995956
7.600104	0.08940879
7.603437	0.08885802
7.606771	0.08833347
7.610104	0.08780893
7.613438	0.08725815
7.616771	0.08665493
7.620104	0.0860517
7.623437	0.08539602
7.626771	0.08468788
7.630104	0.08397974
7.633438	0.08327161
7.636771	0.08256347
7.640104	0.08188156
7.643437	0.08119965
7.646771	0.08054397
7.650104	0.07991451
7.653438	0.07936374
7.656771	0.0788392
7.660104	0.07839333
7.663437	0.0779737
7.666771	0.07760651
7.670104	0.07726556
7.673438	0.07692461
7.676771	0.07660988
7.680104	0.07629515
7.683437	0.07598042
7.686771	0.0756657
7.690104	0.07532474
7.693438	0.07501001
7.696771	0.07474774
7.700104	0.07448547
7.703437	0.07424942
7.706771	0.07406583
7.710104	0.07385601
7.713438	0.07367242
7.716771	0.07348883
7.720104	0.07327901
7.723437	0.07304297
7.726771	0.07283315
7.730104	0.07262333
7.733438	0.07241351
7.736771	0.07225615
7.740104	0.07212501
7.743437	0.07204633
7.746771	0.0720201
7.750104	0.07196765
7.753438	0.07194142
7.756771	0.07188897
7.760104	0.07178406
7.763437	0.0716267
7.766771	0.07146933
7.770104	0.07125951
7.773438	0.07104969
7.776771	0.07083988
7.780104	0.07065629
7.783438	0.07047269
7.786771	0.0702891
7.790104	0.07013174
7.793437	0.0700006
7.796771	0.06986947
7.800104	0.0697121
7.803438	0.06958097
7.806771	0.06947606
7.810104	0.06937115
7.813437	0.06929247
7.816771	0.06924001
7.820104	0.06924001
7.823438	0.06929247
7.826771	0.06934492
7.830104	0.06939738
7.833437	0.06950229
7.836771	0.06958097
7.840104	0.06965965
7.843438	0.06973833
7.846771	0.06976456
7.850104	0.06973833
7.853437	0.0697121
7.856771	0.06960719
7.860104	0.06947606
7.863438	0.06934492
7.866771	0.06916133
7.870104	0.06897774
7.873437	0.06879415
7.876771	0.06863679
7.880104	0.06853188
7.883438	0.06845319
7.886771	0.06840074
7.890104	0.06840074
7.893437	0.06840074
7.896771	0.06840074
7.900104	0.06842697
7.903438	0.06842697
7.906771	0.06842697
7.910104	0.06842697
7.913437	0.06840074
7.916771	0.06837451
7.920104	0.06834829
7.923438	0.06829583
7.926771	0.06821715
7.930104	0.06813847
7.933437	0.06803356
7.936771	0.06790242
7.940104	0.06774506
7.943438	0.06756147
7.946771	0.06732542
7.950104	0.06708938
7.953437	0.06680088
7.956771	0.06651238
7.960104	0.06622388
7.963438	0.06590915
7.966771	0.06562065
7.970104	0.06533215
7.973437	0.06506988
7.976771	0.06483383
7.980104	0.06462401
7.983438	0.06444042
7.986771	0.06425683
7.990104	0.06412569
7.993437	0.06399456
7.996771	0.06386342
8.000104	0.06375851
8.003437	0.06362738
8.006771	0.06349624
8.010104	0.0633651
8.013437	0.06320774
8.01677	0.0630766
8.020104	0.06291924
8.023438	0.0627881
8.026771	0.06263074
8.030105	0.0624996
8.033438	0.06236847
8.036771	0.06223733
8.040104	0.06207997
8.043438	0.06189638
8.046771	0.06171278
8.050104	0.06152919
8.053437	0.0613456
8.056771	0.06118824
8.060104	0.06103087
8.063437	0.06092597
8.066771	0.06084728
8.070105	0.06079483
8.073438	0.06079483
8.076771	0.0607686
8.080104	0.06074237
8.083438	0.06068992
8.086771	0.06058501
8.090104	0.06040142
8.093437	0.06016537
8.096771	0.05987687
8.100104	0.05956215
8.103437	0.05919497
8.106771	0.05885401
8.110105	0.05853928
8.113438	0.05825078
8.116771	0.05801474
8.120104	0.05785737
8.123438	0.05775247
8.126771	0.05767378
8.130104	0.05764756
8.133437	0.05767378
8.136771	0.05770001
8.140104	0.05775247
8.143437	0.05777869
8.14677	0.05780492
8.150105	0.05783115
8.153438	0.05783115
8.156771	0.05780492
8.160104	0.05777869
8.163438	0.05775247
8.166771	0.05770001
8.170104	0.05762133
8.173437	0.05751642
8.176771	0.05738528
8.180104	0.05725415
8.183437	0.05707056
8.18677	0.05688697
8.190104	0.05665092
8.193438	0.0564411
8.196771	0.05620506
8.200104	0.05602146
8.203438	0.0558641
8.206771	0.05575919
8.210104	0.05570674
8.213437	0.05568051
8.216771	0.05568051
8.220104	0.05568051
8.223437	0.05570674
8.22677	0.05570674
8.230104	0.05565428
8.233438	0.0555756
8.236771	0.05544446
8.240104	0.05523465
8.243438	0.0549986
8.246771	0.05473633
8.250104	0.05450028
8.253437	0.05423801
8.256771	0.05402819
8.260104	0.0538446
8.263437	0.05371346
8.26677	0.05363478
8.270104	0.05358233
8.273438	0.05358233
8.276771	0.0535561
8.280105	0.05350365
8.283438	0.05345119
8.286771	0.05334628
8.290104	0.05321515
8.293438	0.05305778
8.296771	0.05290042
8.300104	0.05274306
8.303437	0.05255946
8.306771	0.0524021
8.310104	0.05224474
8.313437	0.05208737
8.316771	0.05193001
8.320105	0.05177265
8.323438	0.05161528
8.326771	0.05145792
8.330104	0.05130055
8.333438	0.05114319
8.336771	0.05101205
8.340104	0.05090715
8.343437	0.05080224
8.346771	0.05072355
8.350104	0.05064487
8.353437	0.05059242
8.356771	0.05053996
8.360105	0.05048751
8.363438	0.05046128
8.366771	0.05043505
8.370104	0.0503826
8.373438	0.05035637
8.376771	0.05030392
8.380104	0.05022524
8.383437	0.05014655
8.386771	0.05006787
8.390104	0.04993674
8.393437	0.04983183
8.39677	0.04972692
8.400105	0.04962201
8.403438	0.04954333
8.406771	0.0495171
8.410104	0.0495171
8.413438	0.0495171
8.416771	0.04956955
8.420104	0.04962201
8.423437	0.04967446
8.426771	0.04972692
8.430104	0.04972692
8.433437	0.04970069
8.43677	0.04967446
8.440104	0.04962201
8.443438	0.04954333
8.446771	0.04946465
8.450104	0.04941219
8.453438	0.04933351
8.456771	0.04928105
8.460104	0.04925483
8.463437	0.04920237
8.466771	0.04912369
8.470104	0.04904501
8.473437	0.0489401
8.47677	0.04883519
8.480104	0.04867783
8.483438	0.04852046
8.486771	0.04833687
8.490104	0.04815328
8.493438	0.04799592
8.496771	0.04783855
8.500104	0.04768119
8.503437	0.04752383
8.506771	0.04736646
8.510104	0.0472091
8.513437	0.04702551
8.51677	0.04686815
8.520104	0.04671078
8.523438	0.04652719
8.526771	0.0463436
8.530105	0.04618624
8.533438	0.04602887
8.536771	0.04589774
8.540104	0.0457666
8.543438	0.04566169
8.546771	0.04558301
8.550104	0.04555678
8.553437	0.04553055
8.556771	0.04553055
8.560104	0.04553055
8.563437	0.04555678
8.566771	0.04558301
8.570105	0.04560924
8.573438	0.04560924
8.576771	0.04558301
8.580104	0.04553055
8.583438	0.04542564
8.586771	0.04529451
8.590104	0.04511092
8.593437	0.04492733
8.596771	0.04469128
8.600104	0.04442901
8.603437	0.04416674
8.606771	0.04390446
8.610105	0.04364219
8.613438	0.04340614
8.616771	0.04319633
8.620104	0.04303896
8.623438	0.04290783
8.626771	0.04280292
8.630104	0.04275046
8.633437	0.04272424
8.636771	0.04269801
8.640104	0.04269801
8.643437	0.04267178
8.64677	0.04264555
8.650105	0.0425931
8.653438	0.04251442
8.656771	0.04240951
8.660104	0.04233083
8.663438	0.04225214
8.666771	0.04219969
8.670104	0.04212101
8.673437	0.04209478
8.676771	0.04204233
8.680104	0.0420161
8.683437	0.04198987
8.68677	0.04193742
8.690104	0.04188496
8.693438	0.04180628
8.696771	0.0417276
8.700104	0.04164892
8.703438	0.04157023
8.706771	0.04149155
8.710104	0.04141287
8.713437	0.04130796
8.716771	0.04120305
8.720104	0.04107192
8.723437	0.04088833
8.72677	0.04067851
8.730104	0.04044246
8.733438	0.04018019
8.736771	0.03989169
8.740104	0.03965564
8.743438	0.0394196
8.746771	0.03926223
8.750104	0.03915733
8.753437	0.0391311
8.756771	0.0391311
8.760104	0.03920978
8.763437	0.03928846
8.76677	0.03939337
8.770104	0.03947205
8.773438	0.03952451
8.776771	0.03955073
8.780105	0.03952451
8.783438	0.03947205
8.786771	0.03936714
8.790104	0.03923601
8.793438	0.03907864
8.796771	0.03892128
8.800104	0.03879014
8.803437	0.03865901
8.806771	0.0385541
8.810104	0.03844919
8.813437	0.03837051
8.816771	0.03829183
8.820105	0.03818692
8.823438	0.03808201
8.826771	0.03789842
8.830104	0.0376886
8.833438	0.03745255
8.836771	0.03719028
8.840104	0.03692801
8.843437	0.03666573
8.846771	0.03648214
8.850104	0.03632478
8.853437	0.0362461
8.856771	0.03621987
8.860105	0.0362461
8.863438	0.03629855
8.866771	0.03635101
8.870104	0.03637723
8.873438	0.03637723
8.876771	0.03632478
8.880104	0.03627232
8.883437	0.03616742
8.886771	0.03606251
8.890104	0.03593137
8.893437	0.03577401
8.89677	0.03561664
8.900105	0.03543305
8.903438	0.03524946
8.906771	0.03503964
8.910104	0.03485605
8.913438	0.03467246
8.916771	0.0345151
8.920104	0.03438396
8.923437	0.03425282
8.926771	0.03414792
8.930104	0.03406923
8.933437	0.03399055
8.93677	0.03391187
8.940104	0.03385942
8.943438	0.03383319
8.946771	0.03385942
8.950104	0.03396432
8.953438	0.03409546
8.956771	0.03430528
8.960104	0.03454132
8.963437	0.0348036
8.966771	0.03503964
8.970104	0.03519701
8.973437	0.03524946
8.97677	0.03514455
8.980104	0.03490851
8.983438	0.03454132
8.986771	0.03406923
8.990104	0.03357092
8.993438	0.0330726
8.996771	0.03260051
9.000104	0.03218087
9.003437	0.03183991
9.006771	0.03157764
9.010104	0.0313416
9.013437	0.03118423
9.01677	0.03102687
9.020104	0.03089573
9.023438	0.0307646
9.026771	0.03063346
9.030105	0.03052855
9.033438	0.03044987
9.036771	0.03037119
9.040104	0.03031873
9.043438	0.03029251
9.046771	0.03026628
9.050104	0.03024005
9.053437	0.03021382
9.056771	0.0301876
9.060104	0.0301876
9.063437	0.0301876
9.066771	0.03021382
9.070105	0.03021382
9.073438	0.03024005
9.076771	0.03021382
9.080104	0.0301876
9.083438	0.03008269
9.086771	0.02995155
9.090104	0.02974173
9.093437	0.02947946
9.096771	0.02921719
9.100104	0.02895491
9.103437	0.02869264
9.106771	0.02848282
9.110105	0.02829923
9.113438	0.02814187
9.116771	0.02803696
9.120104	0.02795828
9.123438	0.02790582
9.126771	0.02782714
9.130104	0.02774846
9.133437	0.02766978
9.136771	0.02756487
9.140104	0.02745996
9.143437	0.02735505
9.14677	0.02725014
9.150105	0.02711901
9.153438	0.0270141
9.156771	0.02688296
9.160104	0.02677805
9.163438	0.02664691
9.166771	0.02648955
9.170104	0.02635841
9.173437	0.02620105
9.176771	0.02604369
9.180104	0.0258601
9.183437	0.02570273
9.18677	0.0255716
9.190104	0.02541423
9.193438	0.02525687
9.196771	0.0250995
9.200104	0.02496837
9.203438	0.02483723
9.206771	0.0247061
9.210104	0.02454873
9.213437	0.0244176
9.216771	0.02431269
9.220104	0.02420778
9.223437	0.02410287
9.22677	0.02405041
9.230104	0.02397173
9.233438	0.02389305
9.236771	0.02378814
9.240104	0.023657
9.243438	0.02347341
9.246771	0.0232636
9.250104	0.02300132
9.253437	0.02273905
9.256771	0.02245055
9.260104	0.02218828
9.263437	0.02197846
9.26677	0.02182109
9.270104	0.02174241
9.273438	0.02171619
9.276771	0.02174241
9.280105	0.02176864
9.283438	0.02179487
9.286771	0.02179487
9.290104	0.02179487
9.293438	0.02176864
9.296771	0.02171619
9.300104	0.02168996
9.303437	0.0216375
9.306771	0.0216375
9.310104	0.02166373
9.313437	0.02171619
9.316771	0.02182109
9.320105	0.021926
9.323438	0.02205714
9.326771	0.02216205
9.330104	0.02224073
9.333438	0.02231941
9.336771	0.02231941
9.340104	0.02226696
9.343437	0.02216205
9.346771	0.02197846
9.350104	0.02176864
9.353437	0.02150637
9.356771	0.02119164
9.360105	0.02087691
9.363438	0.02058841
9.366771	0.02027369
9.370104	0.01998519
9.373438	0.01974914
9.376771	0.01951309
9.380104	0.01930328
9.383437	0.01911969
9.386771	0.01896232
9.390104	0.01880496
9.393437	0.01864759
9.39677	0.01851646
9.400105	0.01841155
9.403438	0.01830664
9.406771	0.01822796
9.410104	0.01814928
9.413438	0.01812305
9.416771	0.01809682
9.420104	0.01807059
9.423437	0.01804437
9.426771	0.01804437
9.430104	0.01804437
9.433437	0.01801814
9.43677	0.01799191
9.440104	0.01796569
9.443438	0.01793946
9.446771	0.01791323
9.450104	0.01786078
9.453438	0.01780832
9.456771	0.01775587
9.460104	0.01767719
9.463437	0.0175985
9.466771	0.01749359
9.470104	0.01738869
9.473437	0.01725755
9.47677	0.01710018
9.480104	0.01691659
9.483438	0.01670678
9.486771	0.01649696
9.490104	0.01628714
9.493438	0.01610355
9.496771	0.01591996
9.500104	0.01573637
9.503437	0.01563146
9.506771	0.01555278
9.510104	0.01555278
9.513437	0.015579
9.51677	0.01565768
9.520104	0.01573637
9.523438	0.01584128
9.526771	0.01594618
9.530105	0.01602487
9.533438	0.01607732
9.536771	0.01607732
9.540104	0.01605109
9.543438	0.01597241
9.546771	0.0158675
9.550104	0.01573637
9.553437	0.01560523
9.556771	0.01550032
9.560104	0.01536918
9.563437	0.0152905
9.566771	0.01521182
9.570105	0.01515937
9.573438	0.01510691
9.576771	0.01508068
9.580104	0.01502823
9.583438	0.01497578
9.586771	0.01487087
9.590104	0.01476596
9.593437	0.01460859
9.596771	0.01445123
9.600104	0.01429387
9.603437	0.0141365
9.606771	0.01397914
9.610105	0.013848
9.613438	0.01371687
9.616771	0.01361196
9.620104	0.01350705
9.623438	0.01342837
9.626771	0.01334968
9.630104	0.01324478
9.633437	0.01313987
9.636771	0.01300873
9.640104	0.01290382
9.643437	0.01277268
9.64677	0.01264155
9.650105	0.01253664
9.653438	0.0124055
9.656771	0.01227437
9.660104	0.01216946
9.663438	0.01203832
9.666771	0.01190718
9.670104	0.01177605
9.673437	0.01161868
9.676771	0.01148755
9.680104	0.01135641
9.683437	0.01122527
9.68677	0.01112037
9.690104	0.01101546
9.693438	0.01091055
9.696771	0.01080564
9.700104	0.01070073
9.703438	0.01056959
9.706771	0.01043846
9.710104	0.01028109
9.713437	0.0100975
9.716771	0.009887684
9.720104	0.009651638
9.723437	0.009389365
9.72677	0.009100865
9.730104	0.008838593
9.733438	0.008550092
9.736771	0.00828782
9.740104	0.008078001
9.743438	0.007868183
9.746771	0.007684592
9.750104	0.007553456
9.753437	0.00742232
9.756771	0.00731741
9.760104	0.007212501
9.763437	0.007107592
9.76677	0.007002683
9.770104	0.006871547
9.773438	0.00674041
9.776771	0.006583047
9.780105	0.006425683
9.783438	0.006294547
9.786771	0.00616341
9.790104	0.006032274
9.793438	0.005927365
9.796771	0.005822456
9.800104	0.005743774
9.803437	0.005665092
9.806771	0.005612637
9.810104	0.005560183
9.813437	0.005533956
9.816771	0.005533956
9.820105	0.005533956
9.823438	0.005533956
9.826771	0.005507728
9.830104	0.005455274
9.833438	0.005376592
9.836771	0.005245456
9.840104	0.005088092
9.843437	0.004852046
9.846771	0.004616001
9.850104	0.004353728
9.853437	0.004091455
9.856771	0.003881637
9.860105	0.003671819
9.863438	0.003540682
9.866771	0.003435773
9.870104	0.003383319
9.873438	0.003357092
9.876771	0.003383319
9.880104	0.003409546
9.883437	0.003409546
9.886771	0.003409546
9.890104	0.003383319
9.893437	0.003357092
9.89677	0.00327841
9.900105	0.003173501
9.903438	0.003068591
9.906771	0.002937455
9.910104	0.002806319
9.913438	0.002675182
9.916771	0.002544046
9.920104	0.00241291
9.923437	0.002281773
9.926771	0.002176864
9.930104	0.002098182
9.933437	0.002045728
9.93677	0.001993273
9.940104	0.001967046
9.943438	0.001967046
9.946771	0.001967046
9.950104	0.001967046
9.953438	0.001940819
9.956771	0.001835909
9.960104	0.001704773
9.963437	0.001521182
9.966771	0.001311364
9.970104	0.001049091
9.973437	0.0007868183
9.97677	0.0005245456
9.980104	0.0002885001
9.983438	0.0001311364
9.986771	2.622728e-05
9.990104	0
9.993438	0
9.996771	5.245456e-05
}
[PEAK]
{
Peak ID	1
Peak Ref	1
Time	4.384096
Peak	3.866771	4.660104
Intensity	-0.0003914237	-0.0005518794
Height	0.0009986432
AreaAbs	244.273
Area %BP	0.01092834
Area %Total	0.01083578
Width	0.7933335
}
[PEAK]
{
Peak ID	2
Peak Ref	2
Time	4.703808
Peak	4.660104	4.743437
Intensity	-0.0003914237	-0.0005518794
Height	0.0006270025
AreaAbs	32.74955
Area %BP	0.001465157
Area %Total	0.001452748
Width	0.08333302
}
[PEAK]
{
Peak ID	3
Peak Ref	3
Time	5.103254
Peak	4.743437	5.923438
Intensity	-0.0003914237	-0.0005518794
Height	0.226903
AreaAbs	37253.73
Area %BP	1.666667
Area %Total	1.65255
Width	1.18
}
[PEAK]
{
Peak ID	4
Peak Ref	4
Time	5.960096
Peak	5.923438	6.000104
Intensity	-0.0003914237	-0.0005518794
Height	0.0001518474
AreaAbs	8.175569
Area %BP	0.0003657606
Area %Total	0.0003626627
Width	0.07666636
}
[PEAK]
{
Peak ID	5
Peak Ref	5
Time	6.136871
Peak	6.000104	6.403438
Intensity	-0.0003914237	-0.0005518794
Height	0.0001708375
AreaAbs	33.02725
Area %BP	0.001477581
Area %Total	0.001465066
Width	0.4033337
}
}
}
}
