[SAMPLE]
{
Sample	1
Well	1:B,7
FileName	
SampleID	ASD-E-2601294-002
SampleDescription	Aquired with Galaxy
Date	05-Mar-2026
Time	17:27:38 PRC
JobCode	
TaskCode	
UserName	Congcong_Liu2
LabName	Aquired with Galaxy
Instrument	MS_L_19_062
Conditions	
Submitter	Siyu_Zhang
SampleType	
Plate	
Method	
Process	Galaxy
MSTune	
MSMethod	
InletMethod	
PreRunMethod	
PostRunMethod	
SwitchMethod	
FractionMethod	
AcquisitionProcess	
AcquisitionProcessParameters	
AcquisitionProcessOptions	
InjectionVolume	25
ReportScheme	
SampleReportEnable	0
SampleReportFormat	
AnalysisTime	0
[COMPOUND]
{
;Mono Mass	Formula
}
[FUNCTION]
{
Function	1
IonMode	ES+
Type	MS
Description	(0:0)
[SPECTRUM]
{
ProcDesc	0.00:Combine
State	OK
Peak ID	0
Peak Ref	0
Time	0
TIC	0
BPI	0
BPM	0
Continuum	FALSE
Saved	FALSE
[MASSES]
{
;Mass	Exp. Mass	Obs. Mass	% BPI	Int. Abs
}
[RESULTS]
{
;Mass	Found	% BPI	% Purity
}
[MS]
{
;Mass	% BPI
0	0
}
}
[CHROMATOGRAM]
{
TraceNumber	1
Description	scroll down chrom view to see 2D LC chrom
ProcDesc	
MaxIntensity	0
[TRACE]
{
0	0
}
[PEAK]
{
Peak ID	0
Peak Ref	0
Time	0
Peak	0
Intensity	0	0
Height	0
AreaAbs	0
Area %BP	0
Area %Total	0
}
}
}
[FUNCTION]
{
Function	0
Description	ANALOG
[CHROMATOGRAM]
{
TraceNumber	2
Description	LC
ProcDesc	Result Id:2851, VWD: Signal A, 280 nm
MaxIntensity	0.1858356
[TRACE]
{
;Time	Int. %Max
0.0028125	0.004362045
0.006145834	0.004362045
0.009479167	0.004394118
0.0128125	0.004426192
0.01614583	0.004458266
0.01947917	0.00449034
0.0228125	0.004522414
0.02614583	0.004554488
0.02947917	0.004586561
0.0328125	0.004586561
0.03614583	0.004586561
0.03947917	0.004618635
0.0428125	0.004650709
0.04614583	0.004746931
0.04947917	0.004843152
0.0528125	0.005003522
0.05614583	0.005163891
0.05947917	0.005356334
0.0628125	0.005548777
0.06614583	0.00574122
0.06947917	0.005901589
0.0728125	0.006029885
0.07614584	0.006094033
0.07947917	0.006126107
0.0828125	0.006126107
0.08614583	0.006094033
0.08947916	0.006061959
0.0928125	0.005965737
0.09614583	0.005901589
0.09947917	0.005773294
0.1028125	0.005677072
0.1061458	0.005548777
0.1094792	0.005420482
0.1128125	0.00532426
0.1161458	0.005195965
0.1194792	0.005099743
0.1228125	0.005003522
0.1261458	0.004939374
0.1294792	0.0049073
0.1328125	0.0049073
0.1361458	0.0049073
0.1394792	0.004939374
0.1428125	0.004971448
0.1461458	0.005067669
0.1494792	0.005131817
0.1528125	0.005195965
0.1561458	0.005260113
0.1594792	0.00532426
0.1628125	0.005388408
0.1661458	0.005484629
0.1694792	0.005548777
0.1728125	0.005612925
0.1761458	0.005644999
0.1794792	0.005709146
0.1828125	0.00574122
0.1861458	0.005773294
0.1894792	0.005773294
0.1928125	0.005773294
0.1961458	0.005773294
0.1994792	0.00574122
0.2028125	0.00574122
0.2061458	0.00574122
0.2094792	0.005709146
0.2128125	0.00574122
0.2161458	0.00574122
0.2194792	0.00574122
0.2228125	0.005709146
0.2261458	0.005677072
0.2294792	0.005644999
0.2328125	0.005548777
0.2361458	0.005420482
0.2394792	0.005260113
0.2428125	0.005067669
0.2461458	0.004843152
0.2494792	0.004618635
0.2528125	0.004362045
0.2561458	0.00407338
0.2594792	0.003816789
0.2628125	0.003592272
0.2661458	0.003399829
0.2694792	0.003271533
0.2728125	0.003207386
0.2761458	0.00323946
0.2794792	0.003303607
0.2828125	0.003463977
0.2861458	0.003688494
0.2894792	0.00391301
0.2928125	0.004169601
0.2961458	0.004394118
0.2994792	0.004586561
0.3028125	0.004714857
0.3061458	0.004779005
0.3094792	0.004746931
0.3128125	0.004650709
0.3161458	0.00449034
0.3194792	0.004297897
0.3228125	0.004105454
0.3261458	0.003880937
0.3294792	0.003720567
0.3328125	0.003560198
0.3361458	0.003431903
0.3394792	0.003335681
0.3428125	0.00323946
0.3461458	0.003175312
0.3494792	0.003111164
0.3528125	0.003047016
0.3561458	0.002982869
0.3594792	0.002950795
0.3628125	0.002918721
0.3661458	0.002918721
0.3694792	0.002982869
0.3728125	0.00307909
0.3761458	0.00323946
0.3794792	0.003431903
0.3828125	0.00365642
0.3861458	0.003880937
0.3894792	0.004137528
0.3928125	0.004362045
0.3961458	0.004522414
0.3994792	0.004682783
0.4028125	0.004779005
0.4061458	0.004843152
0.4094792	0.004875226
0.4128125	0.004875226
0.4161458	0.004875226
0.4194792	0.004843152
0.4228125	0.004875226
0.4261458	0.004875226
0.4294792	0.004939374
0.4328125	0.005003522
0.4361458	0.005099743
0.4394792	0.005163891
0.4428125	0.005228039
0.4461458	0.005260113
0.4494792	0.005260113
0.4528125	0.005195965
0.4561458	0.005067669
0.4594792	0.0049073
0.4628125	0.004714857
0.4661458	0.004522414
0.4694792	0.004329971
0.4728125	0.004169601
0.4761458	0.00407338
0.4794792	0.004009232
0.4828125	0.003977158
0.4861458	0.004009232
0.4894792	0.004041306
0.4928125	0.004105454
0.4961458	0.004137528
0.4994792	0.004201675
0.5028125	0.004233749
0.5061458	0.004233749
0.5094792	0.004233749
0.5128125	0.004201675
0.5161458	0.004169601
0.5194792	0.004137528
0.5228125	0.004041306
0.5261458	0.003945084
0.5294791	0.003816789
0.5328125	0.003688494
0.5361458	0.003560198
0.5394792	0.003431903
0.5428125	0.003335681
0.5461459	0.003271533
0.5494792	0.003271533
0.5528125	0.003303607
0.5561458	0.003399829
0.5594792	0.003528124
0.5628125	0.00365642
0.5661458	0.003816789
0.5694792	0.003945084
0.5728125	0.004041306
0.5761458	0.004137528
0.5794792	0.004137528
0.5828125	0.004137528
0.5861458	0.004137528
0.5894791	0.004105454
0.5928125	0.004041306
0.5961458	0.003945084
0.5994791	0.003880937
0.6028125	0.003784715
0.6061459	0.00365642
0.6094792	0.003560198
0.6128125	0.003463977
0.6161458	0.003335681
0.6194792	0.00323946
0.6228125	0.003143238
0.6261458	0.003111164
0.6294792	0.00307909
0.6328125	0.003111164
0.6361458	0.003175312
0.6394792	0.003271533
0.6428125	0.003367755
0.6461458	0.00349605
0.6494792	0.003592272
0.6528125	0.003688494
0.6561458	0.003752641
0.6594791	0.003816789
0.6628125	0.003848863
0.6661459	0.003880937
0.6694792	0.003848863
0.6728125	0.003848863
0.6761459	0.003848863
0.6794792	0.003880937
0.6828125	0.00391301
0.6861458	0.003945084
0.6894792	0.004009232
0.6928125	0.004041306
0.6961458	0.00407338
0.6994792	0.004105454
0.7028125	0.004137528
0.7061458	0.004137528
0.7094792	0.004137528
0.7128125	0.004137528
0.7161458	0.004137528
0.7194791	0.004169601
0.7228125	0.004233749
0.7261458	0.004297897
0.7294792	0.004394118
0.7328125	0.00449034
0.7361459	0.004586561
0.7394792	0.004650709
0.7428125	0.004682783
0.7461458	0.004682783
0.7494792	0.004682783
0.7528125	0.004618635
0.7561458	0.004522414
0.7594792	0.004426192
0.7628125	0.004297897
0.7661458	0.004137528
0.7694792	0.003977158
0.7728125	0.003816789
0.7761458	0.003624346
0.7794791	0.003431903
0.7828125	0.003303607
0.7861458	0.003175312
0.7894792	0.003111164
0.7928125	0.00307909
0.7961459	0.00307909
0.7994792	0.003143238
0.8028125	0.00323946
0.8061458	0.003335681
0.8094792	0.003399829
0.8128125	0.003463977
0.8161458	0.003528124
0.8194792	0.003560198
0.8228125	0.003560198
0.8261458	0.003560198
0.8294792	0.003528124
0.8328125	0.003528124
0.8361458	0.003528124
0.8394791	0.003528124
0.8428125	0.003560198
0.8461458	0.003560198
0.8494791	0.003592272
0.8528125	0.003592272
0.8561459	0.003560198
0.8594792	0.003528124
0.8628125	0.003463977
0.8661458	0.003399829
0.8694792	0.003335681
0.8728125	0.003303607
0.8761458	0.003271533
0.8794792	0.003303607
0.8828125	0.003335681
0.8861458	0.003463977
0.8894792	0.003592272
0.8928125	0.003752641
0.8961458	0.003880937
0.8994792	0.004009232
0.9028125	0.004105454
0.9061458	0.004169601
0.9094791	0.004169601
0.9128125	0.004137528
0.9161459	0.004105454
0.9194792	0.004041306
0.9228125	0.004009232
0.9261459	0.003977158
0.9294792	0.003977158
0.9328125	0.004009232
0.9361458	0.00407338
0.9394792	0.004137528
0.9428125	0.004201675
0.9461458	0.004265823
0.9494792	0.004329971
0.9528125	0.004329971
0.9561458	0.004329971
0.9594792	0.004329971
0.9628125	0.004329971
0.9661458	0.004297897
0.9694791	0.004297897
0.9728125	0.004297897
0.9761458	0.004329971
0.9794792	0.004394118
0.9828125	0.00449034
0.9861459	0.004586561
0.9894792	0.004714857
0.9928125	0.004811079
0.9961458	0.004875226
0.9994792	0.004875226
1.002813	0.004843152
1.006146	0.004746931
1.009479	0.004586561
1.012812	0.004362045
1.016146	0.004105454
1.019479	0.003816789
1.022812	0.003528124
1.026146	0.003271533
1.029479	0.00307909
1.032812	0.002918721
1.036146	0.002822499
1.039479	0.002822499
1.042812	0.002854573
1.046146	0.002950795
1.049479	0.00307909
1.052812	0.003207386
1.056146	0.003335681
1.059479	0.003463977
1.062812	0.003592272
1.066146	0.00365642
1.069479	0.003688494
1.072813	0.003688494
1.076146	0.00365642
1.079479	0.00365642
1.082813	0.003624346
1.086146	0.003624346
1.089479	0.003624346
1.092813	0.003624346
1.096146	0.003624346
1.099479	0.003624346
1.102813	0.003592272
1.106146	0.003560198
1.109479	0.00349605
1.112813	0.003367755
1.116146	0.00323946
1.119479	0.003111164
1.122813	0.002950795
1.126146	0.002822499
1.129479	0.002726278
1.132813	0.00266213
1.136146	0.00266213
1.139479	0.00266213
1.142812	0.002726278
1.146146	0.002854573
1.149479	0.003014943
1.152812	0.003207386
1.156146	0.003399829
1.159479	0.003624346
1.162812	0.003784715
1.166146	0.003945084
1.169479	0.004041306
1.172812	0.00407338
1.176146	0.00407338
1.179479	0.004009232
1.182812	0.003945084
1.186146	0.003848863
1.189479	0.003752641
1.192812	0.00365642
1.196146	0.003624346
1.199479	0.003624346
1.202813	0.003624346
1.206146	0.003688494
1.209479	0.003784715
1.212813	0.003880937
1.216146	0.003977158
1.219479	0.00407338
1.222813	0.004201675
1.226146	0.004297897
1.229479	0.004394118
1.232813	0.00449034
1.236146	0.004522414
1.239479	0.004522414
1.242813	0.00449034
1.246146	0.004458266
1.249479	0.004362045
1.252813	0.004233749
1.256146	0.004105454
1.259479	0.003977158
1.262812	0.003816789
1.266146	0.003688494
1.269479	0.003528124
1.272812	0.003367755
1.276146	0.003207386
1.279479	0.003047016
1.282812	0.002918721
1.286146	0.002822499
1.289479	0.002758352
1.292812	0.002758352
1.296146	0.002822499
1.299479	0.002950795
1.302812	0.003111164
1.306146	0.003335681
1.309479	0.003592272
1.312812	0.003816789
1.316146	0.004041306
1.319479	0.004201675
1.322813	0.004329971
1.326146	0.004362045
1.329479	0.004394118
1.332813	0.004362045
1.336146	0.004329971
1.339479	0.004297897
1.342813	0.004265823
1.346146	0.004265823
1.349479	0.004265823
1.352813	0.004265823
1.356146	0.004265823
1.359479	0.004297897
1.362813	0.004297897
1.366146	0.004265823
1.369479	0.004233749
1.372813	0.004201675
1.376146	0.004169601
1.379479	0.004137528
1.382813	0.004137528
1.386146	0.004169601
1.389479	0.004201675
1.392812	0.004233749
1.396146	0.004265823
1.399479	0.004297897
1.402812	0.004329971
1.406146	0.004362045
1.409479	0.004362045
1.412812	0.004362045
1.416146	0.004362045
1.419479	0.004362045
1.422812	0.004329971
1.426146	0.004329971
1.429479	0.004297897
1.432812	0.004265823
1.436146	0.004233749
1.439479	0.004169601
1.442812	0.00407338
1.446146	0.004009232
1.449479	0.003880937
1.452813	0.003784715
1.456146	0.00365642
1.459479	0.003528124
1.462813	0.003399829
1.466146	0.003271533
1.469479	0.003143238
1.472813	0.003047016
1.476146	0.002982869
1.479479	0.002918721
1.482813	0.002918721
1.486146	0.002950795
1.489479	0.003014943
1.492813	0.003111164
1.496146	0.003207386
1.499479	0.003367755
1.502813	0.00349605
1.506146	0.00365642
1.509479	0.003816789
1.512812	0.003945084
1.516146	0.00407338
1.519479	0.004137528
1.522812	0.004201675
1.526146	0.004233749
1.529479	0.004233749
1.532812	0.004201675
1.536146	0.004137528
1.539479	0.00407338
1.542812	0.003977158
1.546146	0.003848863
1.549479	0.003752641
1.552812	0.00365642
1.556146	0.003560198
1.559479	0.003463977
1.562812	0.003431903
1.566146	0.003399829
1.569479	0.003399829
1.572813	0.003431903
1.576146	0.00349605
1.579479	0.003592272
1.582813	0.003688494
1.586146	0.003752641
1.589479	0.003816789
1.592813	0.003880937
1.596146	0.00391301
1.599479	0.00391301
1.602813	0.00391301
1.606146	0.003880937
1.609479	0.003848863
1.612813	0.003784715
1.616146	0.003720567
1.619479	0.00365642
1.622813	0.003592272
1.626146	0.003560198
1.629479	0.00349605
1.632813	0.00349605
1.636146	0.00349605
1.639479	0.003560198
1.642812	0.003624346
1.646146	0.003752641
1.649479	0.003880937
1.652812	0.004009232
1.656146	0.004105454
1.659479	0.004233749
1.662812	0.004265823
1.666146	0.004297897
1.669479	0.004265823
1.672812	0.004169601
1.676146	0.004041306
1.679479	0.003880937
1.682812	0.00365642
1.686146	0.003431903
1.689479	0.003143238
1.692812	0.002854573
1.696146	0.002565909
1.699479	0.00224517
1.702813	0.001956505
1.706146	0.001667841
1.709479	0.00141125
1.712813	0.001186733
1.716146	0.001026364
1.719479	0.0008980682
1.722813	0.0008659943
1.726146	0.0008980682
1.729479	0.0009942897
1.732813	0.001154659
1.736146	0.001347102
1.739479	0.001571619
1.742813	0.001796136
1.746146	0.001988579
1.749479	0.002181022
1.752813	0.002309318
1.756146	0.002373465
1.759479	0.002437613
1.762812	0.002437613
1.766146	0.002405539
1.769479	0.002405539
1.772812	0.002373465
1.776146	0.002373465
1.779479	0.002405539
1.782812	0.002469687
1.786146	0.002533835
1.789479	0.00266213
1.792812	0.002790426
1.796146	0.002950795
1.799479	0.003111164
1.802812	0.003271533
1.806146	0.003399829
1.809479	0.00349605
1.812812	0.003560198
1.816146	0.003592272
1.819479	0.003528124
1.822813	0.003431903
1.826146	0.003303607
1.829479	0.003111164
1.832813	0.002918721
1.836146	0.002694204
1.839479	0.002437613
1.842813	0.002181022
1.846146	0.001924431
1.849479	0.001667841
1.852813	0.001379176
1.856146	0.001122585
1.859479	0.0008659943
1.862813	0.0006735509
1.866146	0.0005131817
1.869479	0.000449034
1.872813	0.0004169601
1.876146	0.000449034
1.879479	0.0005452555
1.882813	0.0006735509
1.886146	0.0008339205
1.889479	0.0009622159
1.892812	0.001058437
1.896146	0.001122585
1.899479	0.001186733
1.902812	0.001186733
1.906146	0.001186733
1.909479	0.001154659
1.912812	0.001122585
1.916146	0.001090511
1.919479	0.001026364
1.922812	0.0009942897
1.926146	0.000930142
1.929479	0.000930142
1.932812	0.000930142
1.936146	0.0009622159
1.939479	0.001026364
1.942812	0.001154659
1.946146	0.001282954
1.949479	0.001443324
1.952813	0.001603693
1.956146	0.001796136
1.959479	0.001924431
1.962813	0.001988579
1.966146	0.002052727
1.969479	0.002052727
1.972813	0.002020653
1.976146	0.001956505
1.979479	0.001860284
1.982813	0.001796136
1.986146	0.001731988
1.989479	0.001699914
1.992813	0.001699914
1.996146	0.001731988
1.999479	0.001796136
2.002812	0.00182821
2.006146	0.001892358
2.009479	0.001924431
2.012813	0.001988579
2.016146	0.002020653
2.019479	0.002052727
2.022813	0.002116875
2.026146	0.002181022
2.029479	0.00224517
2.032813	0.002309318
2.036146	0.002405539
2.039479	0.002469687
2.042813	0.002533835
2.046146	0.002565909
2.049479	0.002565909
2.052813	0.002565909
2.056146	0.002533835
2.059479	0.002501761
2.062813	0.002501761
2.066146	0.002501761
2.069479	0.002501761
2.072813	0.002533835
2.076146	0.002597982
2.079479	0.00266213
2.082813	0.002726278
2.086146	0.002790426
2.089479	0.002822499
2.092813	0.002822499
2.096146	0.002758352
2.099479	0.002694204
2.102813	0.002597982
2.106146	0.002469687
2.109479	0.002373465
2.112813	0.002309318
2.116146	0.002277244
2.119479	0.002341392
2.122813	0.002437613
2.126146	0.002597982
2.129479	0.002790426
2.132813	0.003014943
2.136146	0.003271533
2.139479	0.00349605
2.142812	0.003720567
2.146146	0.00391301
2.149479	0.00407338
2.152812	0.004201675
2.156146	0.004297897
2.159479	0.004329971
2.162812	0.004329971
2.166146	0.004265823
2.169479	0.004201675
2.172812	0.004105454
2.176146	0.003977158
2.179479	0.003848863
2.182812	0.003720567
2.186146	0.003592272
2.189479	0.003528124
2.192812	0.00349605
2.196146	0.00349605
2.199479	0.003528124
2.202812	0.003592272
2.206146	0.00365642
2.209479	0.003752641
2.212812	0.003784715
2.216146	0.003784715
2.219479	0.003752641
2.222812	0.00365642
2.226146	0.00349605
2.229479	0.003335681
2.232812	0.003143238
2.236146	0.002982869
2.239479	0.002854573
2.242812	0.002758352
2.246146	0.002726278
2.249479	0.002726278
2.252812	0.002790426
2.256146	0.002854573
2.259479	0.002886647
2.262813	0.002918721
2.266146	0.002886647
2.269479	0.002790426
2.272813	0.002630056
2.276146	0.002437613
2.279479	0.002213096
2.282813	0.001956505
2.286146	0.001699914
2.289479	0.001475397
2.292813	0.001282954
2.296146	0.001154659
2.299479	0.001090511
2.302813	0.001090511
2.306146	0.001122585
2.309479	0.001218807
2.312813	0.001347102
2.316146	0.001539545
2.319479	0.001731988
2.322813	0.001892358
2.326146	0.002020653
2.329479	0.002148948
2.332813	0.002213096
2.336146	0.002213096
2.339479	0.002213096
2.342813	0.002181022
2.346146	0.002116875
2.349479	0.002116875
2.352813	0.002148948
2.356146	0.00224517
2.359479	0.002405539
2.362813	0.002630056
2.366146	0.002886647
2.369479	0.003111164
2.372813	0.003335681
2.376146	0.003528124
2.379479	0.003624346
2.382813	0.003624346
2.386146	0.00349605
2.389479	0.00323946
2.392812	0.002950795
2.396146	0.002630056
2.399479	0.002341392
2.402812	0.002052727
2.406146	0.00182821
2.409479	0.001699914
2.412812	0.001635767
2.416146	0.001635767
2.419479	0.001731988
2.422812	0.00182821
2.426146	0.001956505
2.429479	0.002052727
2.432812	0.002084801
2.436146	0.002116875
2.439479	0.002084801
2.442812	0.002020653
2.446146	0.001956505
2.449479	0.001860284
2.452812	0.001731988
2.456146	0.001635767
2.459479	0.001507471
2.462812	0.001379176
2.466146	0.001250881
2.469479	0.001058437
2.472812	0.0008339205
2.476146	0.0006094032
2.479479	0.0004169601
2.482812	0.000224517
2.486146	6.414771e-05
2.489479	0
2.492812	3.207385e-05
2.496146	0.0001282954
2.499479	0.0003207385
2.502812	0.0005773294
2.506146	0.0008659943
2.509479	0.001154659
2.512813	0.001443324
2.516146	0.001731988
2.519479	0.001956505
2.522813	0.002116875
2.526146	0.002277244
2.529479	0.002373465
2.532813	0.002437613
2.536146	0.002469687
2.539479	0.002501761
2.542813	0.002501761
2.546146	0.002501761
2.549479	0.002501761
2.552813	0.002469687
2.556146	0.002437613
2.559479	0.002405539
2.562813	0.002373465
2.566146	0.002373465
2.569479	0.002373465
2.572813	0.002437613
2.576146	0.002469687
2.579479	0.002565909
2.582813	0.00266213
2.586146	0.002758352
2.589479	0.002822499
2.592813	0.002854573
2.596146	0.002854573
2.599479	0.002822499
2.602813	0.002726278
2.606146	0.002597982
2.609479	0.002437613
2.612813	0.002309318
2.616146	0.002213096
2.619479	0.002148948
2.622813	0.002148948
2.626146	0.002213096
2.629479	0.002277244
2.632813	0.002405539
2.636146	0.002533835
2.639479	0.00266213
2.642812	0.002758352
2.646146	0.002854573
2.649479	0.002886647
2.652812	0.002950795
2.656146	0.002982869
2.659479	0.003014943
2.662812	0.003014943
2.666146	0.003047016
2.669479	0.003047016
2.672812	0.003047016
2.676146	0.003047016
2.679479	0.00307909
2.682812	0.00307909
2.686146	0.00307909
2.689479	0.003047016
2.692812	0.003047016
2.696146	0.003014943
2.699479	0.002982869
2.702812	0.002918721
2.706146	0.002822499
2.709479	0.002694204
2.712812	0.002501761
2.716146	0.002309318
2.719479	0.002084801
2.722812	0.00182821
2.726146	0.001603693
2.729479	0.001347102
2.732812	0.001122585
2.736146	0.000930142
2.739479	0.0008018464
2.742812	0.0007376987
2.746146	0.0007056248
2.749479	0.0007376987
2.752812	0.0008018464
2.756146	0.0008980682
2.759479	0.0009942897
2.762813	0.001090511
2.766146	0.001186733
2.769479	0.001250881
2.772813	0.001315028
2.776146	0.001347102
2.779479	0.001347102
2.782813	0.001347102
2.786146	0.001347102
2.789479	0.001347102
2.792813	0.001315028
2.796146	0.001282954
2.799479	0.001282954
2.802813	0.001250881
2.806146	0.001250881
2.809479	0.001218807
2.812813	0.001250881
2.816146	0.001250881
2.819479	0.001282954
2.822813	0.001315028
2.826146	0.001379176
2.829479	0.00141125
2.832813	0.001475397
2.836146	0.001507471
2.839479	0.001571619
2.842813	0.001635767
2.846146	0.001731988
2.849479	0.001796136
2.852813	0.001892358
2.856146	0.002020653
2.859479	0.002148948
2.862813	0.002309318
2.866146	0.002469687
2.869479	0.00266213
2.872813	0.002854573
2.876146	0.003047016
2.879479	0.003207386
2.882813	0.003367755
2.886146	0.00349605
2.889479	0.003592272
2.892812	0.00365642
2.896146	0.003720567
2.899479	0.003720567
2.902812	0.003752641
2.906146	0.003720567
2.909479	0.003688494
2.912812	0.003624346
2.916146	0.003560198
2.919479	0.003463977
2.922812	0.003335681
2.926146	0.003175312
2.929479	0.002982869
2.932812	0.002790426
2.936146	0.002597982
2.939479	0.002405539
2.942812	0.00224517
2.946146	0.002116875
2.949479	0.002020653
2.952812	0.001988579
2.956146	0.001956505
2.959479	0.001988579
2.962812	0.002020653
2.966146	0.002084801
2.969479	0.002116875
2.972812	0.002181022
2.976146	0.002181022
2.979479	0.002181022
2.982812	0.002148948
2.986146	0.002084801
2.989479	0.002020653
2.992812	0.001956505
2.996146	0.001892358
2.999479	0.00182821
3.002812	0.001860284
3.006146	0.001924431
3.009479	0.002052727
3.012813	0.002213096
3.016146	0.002469687
3.019479	0.002726278
3.022813	0.002982869
3.026146	0.003271533
3.029479	0.00349605
3.032813	0.003688494
3.036146	0.003816789
3.039479	0.003880937
3.042813	0.00391301
3.046146	0.00391301
3.049479	0.003848863
3.052813	0.003784715
3.056146	0.003688494
3.059479	0.003624346
3.062813	0.003560198
3.066146	0.003528124
3.069479	0.00349605
3.072813	0.00349605
3.076146	0.00349605
3.079479	0.003463977
3.082813	0.003431903
3.086146	0.003367755
3.089479	0.003303607
3.092813	0.00323946
3.096146	0.003111164
3.099479	0.002982869
3.102813	0.002822499
3.106146	0.002694204
3.109479	0.002597982
3.112813	0.002533835
3.116146	0.002501761
3.119479	0.002533835
3.122813	0.002597982
3.126146	0.002694204
3.129479	0.002822499
3.132813	0.002982869
3.136146	0.003175312
3.139479	0.003335681
3.142812	0.00349605
3.146146	0.003624346
3.149479	0.003752641
3.152812	0.003880937
3.156146	0.004009232
3.159479	0.004137528
3.162812	0.004297897
3.166146	0.004458266
3.169479	0.004682783
3.172812	0.0049073
3.176146	0.005163891
3.179479	0.005420482
3.182812	0.005677072
3.186146	0.005901589
3.189479	0.006126107
3.192812	0.00631855
3.196146	0.006478919
3.199479	0.006671362
3.202812	0.006895879
3.206146	0.007120396
3.209479	0.007441135
3.212812	0.007858095
3.216146	0.008371276
3.219479	0.00898068
3.222812	0.009750453
3.226146	0.01058437
3.229479	0.01151451
3.232812	0.01254088
3.236146	0.01366346
3.239479	0.0148502
3.242812	0.01610108
3.246146	0.01744818
3.249479	0.01892358
3.252812	0.02049519
3.256146	0.02219511
3.259479	0.02402332
3.262813	0.02597982
3.266146	0.0280967
3.269479	0.03034187
3.272813	0.03271533
3.276146	0.03518502
3.279479	0.03771885
3.282813	0.04038098
3.286146	0.04307519
3.289479	0.04589769
3.292813	0.04878434
3.296146	0.05176721
3.299479	0.05481422
3.302813	0.05789331
3.306146	0.06106862
3.309479	0.06427601
3.312813	0.06751547
3.316146	0.07075492
3.319479	0.07405853
3.322813	0.07736214
3.326146	0.08066574
3.329479	0.0840335
3.332813	0.08740126
3.336146	0.09080109
3.339479	0.09423299
3.342813	0.0976649
3.346146	0.1011289
3.349479	0.1045928
3.352813	0.1080248
3.356146	0.1114567
3.359479	0.1148565
3.362813	0.1182563
3.366146	0.1216561
3.369479	0.125056
3.372813	0.1284879
3.376146	0.1319518
3.379479	0.135512
3.382813	0.1391364
3.386146	0.142889
3.389479	0.1467058
3.392812	0.1506509
3.396146	0.1547243
3.399479	0.1588618
3.402812	0.1630956
3.406146	0.1674255
3.409479	0.1718197
3.412812	0.1762458
3.416146	0.1807041
3.419479	0.1852265
3.422812	0.189781
3.426146	0.1943996
3.429479	0.1991145
3.432812	0.2038935
3.436146	0.2087687
3.439479	0.2138043
3.442812	0.2190003
3.446146	0.2243566
3.449479	0.2299375
3.452812	0.2357108
3.456146	0.2416765
3.459479	0.2478347
3.462812	0.2541532
3.466146	0.2606001
3.469479	0.2671752
3.472812	0.2738145
3.476146	0.2805179
3.479479	0.2873176
3.482812	0.2941493
3.486146	0.3010452
3.489479	0.3080052
3.492812	0.3150615
3.496146	0.3222139
3.499479	0.3294306
3.502812	0.3367755
3.506146	0.3442166
3.509479	0.351754
3.512813	0.3593876
3.516146	0.3670853
3.519479	0.3748792
3.522813	0.3827694
3.526146	0.3907558
3.529479	0.3988384
3.532813	0.4070493
3.536146	0.4154206
3.539479	0.4239202
3.542813	0.4325801
3.546146	0.4414325
3.549479	0.4504132
3.552813	0.4595863
3.556146	0.4689198
3.559479	0.4783816
3.562813	0.4880037
3.566146	0.4977542
3.569479	0.507665
3.572813	0.5177683
3.576146	0.528064
3.579479	0.5385842
3.582813	0.5493931
3.586146	0.5604906
3.589479	0.5718768
3.592813	0.5836479
3.596146	0.5957398
3.599479	0.6081844
3.602813	0.6209819
3.606146	0.634068
3.609479	0.6474749
3.612813	0.6611384
3.616146	0.6750264
3.619479	0.6891389
3.622813	0.7034438
3.626146	0.7179091
3.629479	0.7324707
3.632813	0.7471605
3.636146	0.7618824
3.639479	0.7767005
3.642812	0.7915186
3.646146	0.8063368
3.649479	0.8211228
3.652812	0.8358126
3.656146	0.8504062
3.659479	0.8648395
3.662812	0.8790803
3.666146	0.8930645
3.669479	0.9067279
3.672812	0.9200386
3.676146	0.9329964
3.679479	0.9454731
3.682812	0.9575329
3.686146	0.9691116
3.689479	0.9802091
3.692812	0.9908577
3.696146	1.001025
3.699479	1.010743
3.702812	1.020013
3.706146	1.028897
3.709479	1.037397
3.712812	1.045511
3.716146	1.053305
3.719479	1.060843
3.722812	1.068124
3.726146	1.075244
3.729479	1.0823
3.732812	1.089356
3.736146	1.096509
3.739479	1.103886
3.742812	1.111584
3.746146	1.119666
3.749479	1.128294
3.752812	1.137563
3.756146	1.147603
3.759479	1.158572
3.762813	1.170567
3.766146	1.18375
3.769479	1.198279
3.772813	1.214284
3.776146	1.231957
3.779479	1.251426
3.782813	1.272851
3.786146	1.296297
3.789479	1.321892
3.792813	1.349732
3.796146	1.379914
3.799479	1.412501
3.802813	1.447525
3.806146	1.48502
3.809479	1.524984
3.812813	1.567385
3.816146	1.612224
3.819479	1.659373
3.822813	1.708799
3.826146	1.760342
3.829479	1.813873
3.832813	1.869296
3.836146	1.926356
3.839479	1.984923
3.842813	2.044773
3.846146	2.105649
3.849479	2.167327
3.852813	2.22955
3.856146	2.291933
3.859479	2.354253
3.862813	2.416188
3.866146	2.477385
3.869479	2.537587
3.872813	2.596411
3.876146	2.653599
3.879479	2.708798
3.882813	2.761752
3.886146	2.81214
3.889479	2.859673
3.892812	2.904095
3.896146	2.945086
3.899479	2.98242
3.902812	3.015873
3.906146	3.04522
3.909479	3.07027
3.912812	3.090958
3.916146	3.107155
3.919479	3.11883
3.922812	3.125918
3.926146	3.128452
3.929479	3.126463
3.932812	3.120049
3.936146	3.109272
3.939479	3.094229
3.942812	3.075081
3.946146	3.051924
3.949479	3.024982
3.952812	2.994383
3.956146	2.960385
3.959479	2.923179
3.962812	2.883023
3.966146	2.840204
3.969479	2.794916
3.972812	2.747511
3.976146	2.698213
3.979479	2.647344
3.982812	2.595192
3.986146	2.541949
3.989479	2.487937
3.992812	2.433347
3.996146	2.378469
3.999479	2.323494
4.002812	2.268648
4.006146	2.214186
4.009479	2.160302
4.012813	2.107188
4.016146	2.055068
4.019479	2.004167
4.022812	1.954709
4.026146	1.906855
4.029479	1.860829
4.032813	1.816824
4.036146	1.775031
4.039479	1.735645
4.042812	1.698856
4.046146	1.664826
4.049479	1.633746
4.052813	1.605842
4.056146	1.581273
4.059479	1.560297
4.062812	1.543137
4.066146	1.530019
4.069479	1.521231
4.072813	1.517061
4.076146	1.517799
4.079479	1.523733
4.082812	1.535247
4.086146	1.552695
4.089479	1.57643
4.092813	1.606868
4.096146	1.644523
4.099479	1.689843
4.102812	1.743374
4.106146	1.805694
4.109479	1.877379
4.112813	1.959071
4.116146	2.051412
4.119479	2.15501
4.122812	2.27054
4.126146	2.398643
4.129479	2.539961
4.132813	2.69507
4.136146	2.864644
4.139479	3.04923
4.142813	3.249338
4.146146	3.465484
4.149479	3.698052
4.152812	3.947362
4.156146	4.213574
4.159479	4.496819
4.162813	4.797062
4.166146	5.114112
4.169479	5.447648
4.172812	5.797253
4.176146	6.162414
4.179479	6.542361
4.182813	6.936324
4.186146	7.343245
4.189479	7.76197
4.192812	8.19115
4.196146	8.629246
4.199479	9.074559
4.202813	9.525165
4.206146	9.979074
4.209479	10.43407
4.212812	10.88786
4.216146	11.33814
4.219479	11.78252
4.222813	12.21863
4.226146	12.64403
4.229479	13.05637
4.232812	13.45328
4.236146	13.83249
4.239479	14.19182
4.242813	14.52907
4.246146	14.84231
4.249479	15.12962
4.252812	15.38929
4.256146	15.61978
4.259479	15.81982
4.262813	15.98837
4.266146	16.12455
4.269479	16.22783
4.272812	16.29791
4.276146	16.33473
4.279479	16.33852
4.282813	16.30965
4.286146	16.24887
4.289479	16.15695
4.292812	16.03497
4.296146	15.8841
4.299479	15.70567
4.302813	15.50117
4.306146	15.27222
4.309479	15.0206
4.312812	14.74807
4.316146	14.45659
4.319479	14.1481
4.322813	13.8247
4.326146	13.4884
4.329479	13.14117
4.332812	12.78502
4.336146	12.42182
4.339479	12.05336
4.342813	11.6813
4.346146	11.30725
4.349479	10.93282
4.352812	10.55936
4.356146	10.18823
4.359479	9.820726
4.362813	9.458034
4.366146	9.101213
4.369479	8.751255
4.372812	8.408963
4.376146	8.075107
4.379479	7.750198
4.382813	7.434688
4.386146	7.12896
4.389479	6.833239
4.392813	6.547653
4.396146	6.272331
4.399479	6.007305
4.402812	5.752575
4.406146	5.508044
4.409479	5.273679
4.412813	5.049323
4.416146	4.834781
4.419479	4.629893
4.422812	4.434371
4.426146	4.247958
4.429479	4.070365
4.432813	3.901207
4.436146	3.740229
4.439479	3.587012
4.442812	3.4413
4.446146	3.302709
4.449479	3.170918
4.452813	3.045637
4.456146	2.926515
4.459479	2.813262
4.462812	2.705558
4.466146	2.603178
4.469479	2.505834
4.472813	2.413205
4.476146	2.325098
4.479479	2.241257
4.482812	2.161489
4.486146	2.085538
4.489479	2.013308
4.492813	1.944542
4.496146	1.879111
4.499479	1.816824
4.502812	1.757551
4.506146	1.701133
4.509479	1.64741
4.512813	1.596284
4.516146	1.547596
4.519479	1.501249
4.522812	1.457115
4.526146	1.415163
4.529479	1.375263
4.532813	1.337352
4.536146	1.301365
4.539479	1.267238
4.542812	1.234875
4.546146	1.204181
4.549479	1.17509
4.552813	1.14757
4.556146	1.121526
4.559479	1.096926
4.562812	1.073736
4.566146	1.051926
4.569479	1.031495
4.572813	1.012443
4.576146	0.9947707
4.579479	0.9784451
4.582812	0.9634987
4.586146	0.9499314
4.589479	0.9377754
4.592813	0.9269986
4.596146	0.917633
4.599479	0.9097108
4.602812	0.9032319
4.606146	0.8982925
4.609479	0.8948927
4.612813	0.8930645
4.616146	0.8929041
4.619479	0.8944116
4.622812	0.8976831
4.626146	0.9028149
4.629479	0.9098712
4.632813	0.9188839
4.636146	0.9300456
4.639479	0.9433563
4.642813	0.9590083
4.646146	0.9770659
4.649479	0.9976573
4.652812	1.020911
4.656146	1.046987
4.659479	1.076078
4.662813	1.10828
4.666146	1.14385
4.669479	1.182884
4.672812	1.225638
4.676146	1.272242
4.679479	1.322854
4.682813	1.3777
4.686146	1.436877
4.689479	1.500607
4.692812	1.569085
4.696146	1.642502
4.699479	1.721083
4.702813	1.805085
4.706146	1.894795
4.709479	1.990504
4.712812	2.09253
4.716146	2.201229
4.719479	2.316951
4.722813	2.440179
4.726146	2.571329
4.729479	2.711011
4.732812	2.859769
4.736146	3.018278
4.739479	3.187275
4.742813	3.367627
4.746146	3.560166
4.749479	3.76592
4.752812	3.985946
4.756146	4.221497
4.759479	4.473854
4.762813	4.744525
4.766146	5.035146
4.769479	5.347546
4.772812	5.683776
4.776146	6.045954
4.779479	6.436421
4.782813	6.857743
4.786146	7.312583
4.789479	7.803826
4.792812	8.334488
4.796146	8.907775
4.799479	9.527089
4.802813	10.19612
4.806146	10.91861
4.809479	11.69855
4.812812	12.54004
4.816146	13.44722
4.819479	14.42422
4.822813	15.47515
4.826146	16.60396
4.829479	17.8144
4.832812	19.11002
4.836146	20.49401
4.839479	21.96937
4.842813	23.53875
4.846146	25.20437
4.849479	26.96812
4.852812	28.83122
4.856146	30.79424
4.859479	32.85688
4.862813	35.01788
4.866146	37.27498
4.869479	39.62471
4.872812	42.06249
4.876146	44.58234
4.879479	47.17731
4.882813	49.83928
4.886146	52.5592
4.889479	55.32695
4.892813	58.13149
4.896146	60.96079
4.899479	63.80176
4.902812	66.64053
4.906146	69.46228
4.909479	72.25149
4.912813	74.99191
4.916146	77.66687
4.919479	80.25953
4.922812	82.75311
4.926146	85.13127
4.929479	87.37823
4.932813	89.47907
4.936146	91.41976
4.939479	93.18745
4.942812	94.77045
4.946146	96.15851
4.949479	97.34268
4.952813	98.31558
4.956146	99.07121
4.959479	99.60533
4.962812	99.91523
4.966146	100
4.969479	99.86048
4.972813	99.4993
4.976146	98.92091
4.979479	98.13138
4.982812	97.13837
4.986146	95.95116
4.989479	94.58013
4.992813	93.03696
4.996146	91.33409
4.999479	89.48468
5.002812	87.50217
5.006146	85.4004
5.009479	83.1932
5.012813	80.89456
5.016146	78.51846
5.019479	76.07873
5.022812	73.589
5.026146	71.0627
5.029479	68.51283
5.032813	65.95203
5.036146	63.39228
5.039479	60.84472
5.042812	58.31961
5.046146	55.82612
5.049479	53.37257
5.052813	50.96619
5.056146	48.61338
5.059479	46.31965
5.062812	44.08985
5.066146	41.92797
5.069479	39.83752
5.072813	37.82136
5.076146	35.88173
5.079479	34.02016
5.082812	32.23759
5.086146	30.53422
5.089479	28.90971
5.092813	27.36317
5.096146	25.89332
5.099479	24.49846
5.102812	23.1767
5.106146	21.92585
5.109479	20.7437
5.112813	19.62792
5.116146	18.57612
5.119479	17.58581
5.122812	16.65432
5.126146	15.77896
5.129479	14.957
5.132813	14.18563
5.136146	13.46204
5.139479	12.78352
5.142813	12.14733
5.146146	11.55089
5.149479	10.99178
5.152812	10.46762
5.156146	9.976284
5.159479	9.515639
5.162813	9.083733
5.166146	8.678608
5.169479	8.298501
5.172812	7.941647
5.176146	7.606443
5.179479	7.29135
5.182813	6.994955
5.186146	6.715945
5.189479	6.4531
5.192812	6.205297
5.196146	5.971511
5.199479	5.750811
5.202813	5.542298
5.206146	5.345108
5.209479	5.15847
5.212812	4.981583
5.216146	4.813804
5.219479	4.654429
5.222813	4.502945
5.226146	4.358741
5.229479	4.221368
5.232812	4.090411
5.236146	3.965483
5.239479	3.846233
5.242813	3.732371
5.246146	3.623576
5.249479	3.519625
5.252812	3.420196
5.256146	3.325033
5.259479	3.233943
5.262813	3.146638
5.266146	3.062925
5.269479	2.982676
5.272812	2.905635
5.276146	2.831705
5.279479	2.760757
5.282813	2.6926
5.286146	2.627169
5.289479	2.564305
5.292812	2.50391
5.296146	2.445856
5.299479	2.389983
5.302813	2.336227
5.306146	2.28446
5.309479	2.234618
5.312812	2.186539
5.316146	2.140224
5.319479	2.095513
5.322813	2.052342
5.326146	2.010678
5.329479	1.970393
5.332812	1.931456
5.336146	1.893769
5.339479	1.857237
5.342813	1.821795
5.346146	1.787348
5.349479	1.753831
5.352812	1.721179
5.356146	1.68933
5.359479	1.658218
5.362813	1.627812
5.366146	1.598048
5.369479	1.568925
5.372812	1.540379
5.376146	1.512411
5.379479	1.48502
5.382813	1.45811
5.386146	1.431649
5.389479	1.405669
5.392813	1.380074
5.396146	1.354864
5.399479	1.330039
5.402812	1.305502
5.406146	1.281318
5.409479	1.257455
5.412813	1.233881
5.416146	1.21066
5.419479	1.187759
5.422812	1.165179
5.426146	1.14292
5.429479	1.121013
5.432813	1.09946
5.436146	1.078227
5.439479	1.057379
5.442812	1.036852
5.446146	1.016677
5.449479	0.9968875
5.452813	0.9774187
5.456146	0.9583348
5.459479	0.9395716
5.462812	0.9211932
5.466146	0.9031677
5.469479	0.8855271
5.472813	0.8682393
5.476146	0.8513364
5.479479	0.8348183
5.482812	0.8186531
5.486146	0.8029049
5.489479	0.7875094
5.492813	0.7724668
5.496146	0.757809
5.499479	0.7435041
5.502812	0.7296161
5.506146	0.7160489
5.509479	0.7028665
5.512813	0.690037
5.516146	0.6775923
5.519479	0.6654684
5.522812	0.6536972
5.526146	0.6422148
5.529479	0.631021
5.532813	0.6200838
5.536146	0.6094032
5.539479	0.5989472
5.542812	0.5887477
5.546146	0.5787727
5.549479	0.5690543
5.552813	0.5595605
5.556146	0.5503232
5.559479	0.5413104
5.562812	0.5325222
5.566146	0.5239585
5.569479	0.5155552
5.572813	0.5073443
5.576146	0.4992617
5.579479	0.4913394
5.582812	0.4835455
5.586146	0.4758798
5.589479	0.4683745
5.592813	0.4609975
5.596146	0.453813
5.599479	0.4467888
5.602812	0.4399571
5.606146	0.4333178
5.609479	0.4268389
5.612813	0.4205524
5.616146	0.4143942
5.619479	0.4083643
5.622812	0.4024307
5.626146	0.3965612
5.629479	0.3907558
5.632813	0.3849825
5.636146	0.3792734
5.639479	0.3735963
5.642813	0.3679834
5.646146	0.3624987
5.649479	0.3571103
5.652812	0.3518823
5.656146	0.3467505
5.659479	0.341779
5.662813	0.3369359
5.666146	0.3321889
5.669479	0.3275382
5.672812	0.3229516
5.676146	0.3183972
5.679479	0.3139068
5.682813	0.3094806
5.686146	0.3050865
5.689479	0.3007245
5.692812	0.2964266
5.696146	0.2921287
5.699479	0.287927
5.702813	0.2837253
5.706146	0.2795557
5.709479	0.2754503
5.712812	0.271409
5.716146	0.2674318
5.719479	0.2635188
5.722813	0.2597341
5.726146	0.2560456
5.729479	0.2524533
5.732812	0.2489893
5.736146	0.2456216
5.739479	0.2423821
5.742813	0.2392068
5.746146	0.2360957
5.749479	0.2330486
5.752812	0.2300658
5.756146	0.2271471
5.759479	0.2242604
5.762813	0.22147
5.766146	0.2187116
5.769479	0.2160495
5.772812	0.2134194
5.776146	0.2108856
5.779479	0.2083838
5.782813	0.2059783
5.786146	0.2036048
5.789479	0.2012955
5.792812	0.1990504
5.796146	0.1968373
5.799479	0.1946562
5.802813	0.1925394
5.806146	0.1904866
5.809479	0.188466
5.812812	0.1864774
5.816146	0.184553
5.819479	0.1826927
5.822813	0.1808966
5.826146	0.1791646
5.829479	0.1775288
5.832812	0.1759572
5.836146	0.1744497
5.839479	0.1730385
5.842813	0.1716272
5.846146	0.1702801
5.849479	0.1689651
5.852812	0.1676821
5.856146	0.1663992
5.859479	0.1650841
5.862813	0.1638012
5.866146	0.1625182
5.869479	0.1612673
5.872812	0.1600165
5.876146	0.1587656
5.879479	0.1575147
5.882813	0.1562959
5.886146	0.155045
5.889479	0.1538262
5.892813	0.1526395
5.896146	0.1514207
5.899479	0.1502339
5.902812	0.1490472
5.906146	0.1478284
5.909479	0.1466096
5.912813	0.1453266
5.916146	0.1440437
5.919479	0.1426966
5.922812	0.1413174
5.926146	0.1399382
5.929479	0.1385591
5.932813	0.137244
5.936146	0.1359931
5.939479	0.1348064
5.942812	0.1336838
5.946146	0.1326575
5.949479	0.1316953
5.952813	0.130733
5.956146	0.1297387
5.959479	0.1287124
5.962812	0.1275898
5.966146	0.126371
5.969479	0.125088
5.972813	0.1237409
5.976146	0.1223618
5.979479	0.1209826
5.982812	0.1196034
5.986146	0.1182563
5.989479	0.1170054
5.992813	0.1157866
5.996146	0.1146961
5.999479	0.1136697
6.002812	0.1126755
6.006146	0.1117774
6.009479	0.1108793
6.012813	0.1100133
6.016146	0.1091794
6.019479	0.1083776
6.022812	0.1075757
6.026146	0.1067418
6.029479	0.1059079
6.032813	0.1050419
6.036146	0.1041438
6.039479	0.1032457
6.042812	0.1023477
6.046146	0.1014175
6.049479	0.1004874
6.052813	0.09958933
6.056146	0.09869126
6.059479	0.09782526
6.062812	0.09699134
6.066146	0.0961895
6.069479	0.09538765
6.072813	0.09458581
6.076146	0.09378396
6.079479	0.09298211
6.082812	0.09218027
6.086146	0.09137842
6.089479	0.09057657
6.092813	0.08977473
6.096146	0.08900495
6.099479	0.08823518
6.102812	0.08749748
6.106146	0.08679186
6.109479	0.08611831
6.112813	0.08541267
6.116146	0.0847712
6.119479	0.08409765
6.122812	0.08345617
6.126146	0.08281469
6.129479	0.08217322
6.132813	0.08153174
6.136146	0.08089026
6.139479	0.08028086
6.142813	0.07970353
6.146146	0.0791262
6.149479	0.07861302
6.152812	0.07816398
6.156146	0.07774702
6.159479	0.07739421
6.162813	0.07707347
6.166146	0.07675273
6.169479	0.076432
6.172812	0.07607918
6.176146	0.07566222
6.179479	0.07514904
6.182813	0.07460379
6.186146	0.07399438
6.189479	0.07335291
6.192812	0.0727435
6.196146	0.0721341
6.199479	0.07162092
6.202813	0.07113981
6.206146	0.07072285
6.209479	0.07033796
6.212812	0.06998515
6.216146	0.06960026
6.219479	0.06915123
6.222813	0.06867013
6.226146	0.06812487
6.229479	0.06751547
6.232812	0.06690606
6.236146	0.06626459
6.239479	0.06565518
6.242813	0.06504578
6.246146	0.06450053
6.249479	0.06398734
6.252812	0.06350624
6.256146	0.06302513
6.259479	0.06254402
6.262813	0.06203084
6.266146	0.06151766
6.269479	0.0609724
6.272812	0.06039507
6.276146	0.05981774
6.279479	0.05924041
6.282813	0.05866308
6.286146	0.05811783
6.289479	0.05757257
6.292812	0.05705939
6.296146	0.05654621
6.299479	0.05600095
6.302813	0.0554557
6.306146	0.05487837
6.309479	0.05430104
6.312812	0.05369164
6.316146	0.05311431
6.319479	0.05253698
6.322813	0.05199172
6.326146	0.05151061
6.329479	0.05109365
6.332812	0.05074084
6.336146	0.05051633
6.339479	0.05032388
6.342813	0.05016351
6.346146	0.05003522
6.349479	0.04990692
6.352812	0.04971448
6.356146	0.04948996
6.359479	0.0492013
6.362813	0.04884848
6.366146	0.0484636
6.369479	0.04801456
6.372812	0.04753346
6.376146	0.04702027
6.379479	0.04653917
6.382813	0.04605806
6.386146	0.04557695
6.389479	0.04509584
6.392813	0.04461473
6.396146	0.0441657
6.399479	0.04371666
6.402812	0.04326763
6.406146	0.04285067
6.409479	0.04249786
6.412813	0.04214505
6.416146	0.04185638
6.419479	0.04163186
6.422812	0.04143942
6.426146	0.04127905
6.429479	0.0412149
6.432813	0.04115076
6.436146	0.04115076
6.439479	0.04118283
6.442812	0.04124698
6.446146	0.0413432
6.449479	0.04147149
6.452813	0.04163186
6.456146	0.04179223
6.459479	0.0419526
6.462812	0.04214505
6.466146	0.04236956
6.469479	0.04262615
6.472813	0.04294689
6.476146	0.04326763
6.479479	0.04358837
6.482812	0.04397325
6.486146	0.04432607
6.489479	0.04471096
6.492813	0.04506377
6.496146	0.04538451
6.499479	0.04570525
6.502812	0.04596184
6.506146	0.04618635
6.509479	0.0463788
6.512813	0.04653917
6.516146	0.04669954
6.519479	0.04682783
6.522812	0.04692405
6.526146	0.0469882
6.529479	0.04708442
6.532813	0.04714857
6.536146	0.04727687
6.539479	0.04737309
6.542812	0.04746931
6.546146	0.04756553
6.549479	0.0475976
6.552813	0.04762968
6.556146	0.04762968
6.559479	0.04756553
6.562812	0.04740516
6.566146	0.04718064
6.569479	0.04689198
6.572813	0.04653917
6.576146	0.04612221
6.579479	0.04570525
6.582812	0.04525621
6.586146	0.04483925
6.589479	0.04442229
6.592813	0.04400533
6.596146	0.04365252
6.599479	0.04326763
6.602812	0.04291482
6.606146	0.04252993
6.609479	0.04211297
6.612813	0.04166394
6.616146	0.04118283
6.619479	0.04066965
6.622812	0.04012439
6.626146	0.03954706
6.629479	0.03900181
6.632813	0.03845655
6.636146	0.03794337
6.639479	0.03743019
6.642813	0.03698115
6.646146	0.03653212
6.649479	0.03614724
6.652812	0.03573028
6.656146	0.03531332
6.659479	0.03489636
6.662813	0.03444732
6.666146	0.03399829
6.669479	0.03354925
6.672812	0.03310022
6.676146	0.03261911
6.679479	0.03217008
6.682813	0.03172104
6.686146	0.03127201
6.689479	0.03082298
6.692812	0.03034187
6.696146	0.02986076
6.699479	0.02937965
6.702813	0.02886647
6.706146	0.02835329
6.709479	0.02784011
6.712812	0.027359
6.716146	0.02694204
6.719479	0.02655715
6.722813	0.02626849
6.726146	0.02607605
6.729479	0.02594775
6.732812	0.02591568
6.736146	0.02591568
6.739479	0.02597982
6.742813	0.02607605
6.746146	0.02620434
6.749479	0.02630056
6.752812	0.02639678
6.756146	0.02646093
6.759479	0.02646093
6.762813	0.02646093
6.766146	0.02639678
6.769479	0.02626849
6.772812	0.02614019
6.776146	0.02594775
6.779479	0.02572323
6.782813	0.02549872
6.786146	0.0252742
6.789479	0.02504968
6.792812	0.02485724
6.796146	0.02469687
6.799479	0.02460065
6.802813	0.0245365
6.806146	0.0245365
6.809479	0.0245365
6.812812	0.02460065
6.816146	0.0246648
6.819479	0.02472894
6.822813	0.02476102
6.826146	0.02472894
6.829479	0.0246648
6.832812	0.0245365
6.836146	0.02440821
6.839479	0.02421576
6.842813	0.02402332
6.846146	0.02376673
6.849479	0.02351014
6.852812	0.02322147
6.856146	0.02293281
6.859479	0.02257999
6.862813	0.02219511
6.866146	0.02177815
6.869479	0.02129704
6.872812	0.02078386
6.876146	0.02020653
6.879479	0.0196292
6.882813	0.0190198
6.886146	0.01841039
6.889479	0.01780099
6.892813	0.01719159
6.896146	0.01658218
6.899479	0.01597278
6.902812	0.01539545
6.906146	0.01481812
6.909479	0.01430494
6.912813	0.01382383
6.916146	0.01340687
6.919479	0.01308613
6.922812	0.01279747
6.926146	0.0126371
6.929479	0.0125088
6.932813	0.0125088
6.936146	0.01254088
6.939479	0.01266917
6.942812	0.01286162
6.946146	0.01311821
6.949479	0.01340687
6.952813	0.01379176
6.956146	0.01417664
6.959479	0.01465775
6.962812	0.01513886
6.966146	0.01561997
6.969479	0.01613315
6.972813	0.01664633
6.976146	0.01712744
6.979479	0.01757647
6.982812	0.01805758
6.986146	0.01853869
6.989479	0.0190198
6.992813	0.01953298
6.996146	0.02007823
6.999479	0.02065556
7.002812	0.02126497
7.006146	0.02193852
7.009479	0.02261207
7.012813	0.02328562
7.016146	0.02395917
7.019479	0.02460065
7.022812	0.02517798
7.026146	0.02572323
7.029479	0.02620434
7.032813	0.0266213
7.036146	0.02700619
7.039479	0.027359
7.042812	0.02764766
7.046146	0.02790426
7.049479	0.02812877
7.052813	0.02835329
7.056146	0.02854573
7.059479	0.0287061
7.062812	0.02886647
7.066146	0.02899477
7.069479	0.02905891
7.072813	0.02912306
7.076146	0.02909099
7.079479	0.02899477
7.082812	0.02880232
7.086146	0.02851366
7.089479	0.0280967
7.092813	0.02761559
7.096146	0.02700619
7.099479	0.02636471
7.102812	0.02565909
7.106146	0.02492139
7.109479	0.02424784
7.112813	0.02360636
7.116146	0.0230611
7.119479	0.02264414
7.122812	0.02229133
7.126146	0.02203474
7.129479	0.02187437
7.132813	0.021714
7.136146	0.02161778
7.139479	0.02145741
7.142813	0.02129704
7.146146	0.0211046
7.149479	0.02081593
7.152812	0.02052727
7.156146	0.02020653
7.159479	0.01988579
7.162813	0.01956505
7.166146	0.01930846
7.169479	0.01908394
7.172812	0.01892358
7.176146	0.01879528
7.179479	0.01873113
7.182813	0.01873113
7.186146	0.01873113
7.189479	0.01873113
7.192812	0.01876321
7.196146	0.01879528
7.199479	0.01885943
7.202813	0.01892358
7.206146	0.0190198
7.209479	0.01914809
7.212812	0.01927639
7.216146	0.01946883
7.219479	0.01966127
7.222813	0.01988579
7.226146	0.02011031
7.229479	0.02033482
7.232812	0.02052727
7.236146	0.02075178
7.239479	0.02100837
7.242813	0.02126497
7.246146	0.02155363
7.249479	0.02187437
7.252812	0.02222718
7.256146	0.02257999
7.259479	0.02293281
7.262813	0.02328562
7.266146	0.02360636
7.269479	0.02386295
7.272812	0.02405539
7.276146	0.02421576
7.279479	0.02431198
7.282813	0.02437613
7.286146	0.02444028
7.289479	0.02450443
7.292812	0.02456857
7.296146	0.02463272
7.299479	0.02472894
7.302813	0.02482517
7.306146	0.02492139
7.309479	0.02498553
7.312812	0.02504968
7.316146	0.02508176
7.319479	0.02508176
7.322813	0.02511383
7.326146	0.02511383
7.329479	0.0251459
7.332812	0.0251459
7.336146	0.02517798
7.339479	0.02521005
7.342813	0.02524213
7.346146	0.0252742
7.349479	0.02530627
7.352812	0.02537042
7.356146	0.02543457
7.359479	0.02546664
7.362813	0.02556286
7.366146	0.02562701
7.369479	0.02575531
7.372812	0.02585153
7.376146	0.02597982
7.379479	0.02610812
7.382813	0.02623642
7.386146	0.02639678
7.389479	0.02655715
7.392813	0.02671752
7.396146	0.02690997
7.399479	0.02710241
7.402812	0.02729485
7.406146	0.02745522
7.409479	0.02761559
7.412813	0.02771181
7.416146	0.02777596
7.419479	0.02777596
7.422812	0.02774389
7.426146	0.02767974
7.429479	0.02755144
7.432813	0.02745522
7.436146	0.027359
7.439479	0.02726278
7.442812	0.0272307
7.446146	0.02719863
7.449479	0.02716656
7.452813	0.02713448
7.456146	0.02710241
7.459479	0.02700619
7.462812	0.02687789
7.466146	0.02668545
7.469479	0.02639678
7.472813	0.02610812
7.476146	0.02572323
7.479479	0.02533835
7.482812	0.02495346
7.486146	0.02456857
7.489479	0.02418369
7.492813	0.02383087
7.496146	0.02351014
7.499479	0.0231894
7.502812	0.02293281
7.506146	0.02267622
7.509479	0.02248377
7.512813	0.02229133
7.516146	0.02213096
7.519479	0.02197059
7.522812	0.02181022
7.526146	0.02164985
7.529479	0.02148948
7.532813	0.02132911
7.536146	0.02113667
7.539479	0.0209763
7.542812	0.02081593
7.546146	0.02065556
7.549479	0.02055934
7.552813	0.02046312
7.556146	0.02039897
7.559479	0.0203669
7.562812	0.0203669
7.566146	0.02033482
7.569479	0.02030275
7.572813	0.02027068
7.576146	0.02017445
7.579479	0.02004616
7.582812	0.01985372
7.586146	0.01966127
7.589479	0.01943676
7.592813	0.01921224
7.596146	0.01898772
7.599479	0.01879528
7.602812	0.01860284
7.606146	0.01844247
7.609479	0.01831417
7.612813	0.01825002
7.616146	0.01821795
7.619479	0.01825002
7.622812	0.01831417
7.626146	0.01844247
7.629479	0.01863491
7.632813	0.01885943
7.636146	0.01908394
7.639479	0.01930846
7.642813	0.0195009
7.646146	0.0196292
7.649479	0.01972542
7.652812	0.0197575
7.656146	0.01972542
7.659479	0.01966127
7.662813	0.01959713
7.666146	0.01956505
7.669479	0.01956505
7.672812	0.0196292
7.676146	0.01972542
7.679479	0.01988579
7.682813	0.02011031
7.686146	0.0203669
7.689479	0.02065556
7.692812	0.0209763
7.696146	0.02132911
7.699479	0.021714
7.702813	0.02213096
7.706146	0.02254792
7.709479	0.02296488
7.712812	0.02338184
7.716146	0.02383087
7.719479	0.02424784
7.722813	0.0246648
7.726146	0.02504968
7.729479	0.02543457
7.732812	0.02585153
7.736146	0.02623642
7.739479	0.02665338
7.742813	0.02707034
7.746146	0.02751937
7.749479	0.02800048
7.752812	0.02851366
7.756146	0.02909099
7.759479	0.02970039
7.762813	0.03034187
7.766146	0.03104749
7.769479	0.03181727
7.772812	0.03261911
7.776146	0.03345303
7.779479	0.03431903
7.782813	0.03521709
7.786146	0.03611516
7.789479	0.0370453
7.792812	0.03794337
7.796146	0.03884144
7.799479	0.03973951
7.802813	0.04057343
7.806146	0.0413432
7.809479	0.04204882
7.812812	0.0426903
7.816146	0.04323556
7.819479	0.04368459
7.822813	0.0440374
7.826146	0.04435814
7.829479	0.04458266
7.832812	0.04477511
7.836146	0.04493547
7.839479	0.0450317
7.842813	0.0450317
7.846146	0.04496755
7.849479	0.04480718
7.852812	0.04455058
7.856146	0.0441657
7.859479	0.04365252
7.862813	0.04301104
7.866146	0.04227334
7.869479	0.04147149
7.872812	0.04063757
7.876146	0.03977158
7.879479	0.03890559
7.882813	0.03807167
7.886146	0.03723775
7.889479	0.03640383
7.892813	0.03563405
7.896146	0.03489636
7.899479	0.03415866
7.902812	0.03348511
7.906146	0.03277948
7.909479	0.03210593
7.912813	0.03146445
7.916146	0.0307909
7.919479	0.03014943
7.922812	0.02947587
7.926146	0.02880232
7.929479	0.0280967
7.932813	0.02739107
7.936146	0.02668545
7.939479	0.0260119
7.942812	0.02533835
7.946146	0.02469687
7.949479	0.02411954
7.952813	0.02357428
7.956146	0.0230611
7.959479	0.02257999
7.962812	0.02213096
7.966146	0.021714
7.969479	0.02129704
7.972813	0.02084801
7.976146	0.02043105
7.979479	0.01998201
7.982812	0.01956505
7.986146	0.01914809
7.989479	0.01879528
7.992813	0.01844247
7.996146	0.01808966
7.999479	0.01776892
8.002812	0.01748025
8.006145	0.01722366
8.00948	0.01699914
8.012813	0.01677463
8.016146	0.01658218
8.019479	0.01642181
8.022813	0.01626145
8.026146	0.01613315
8.029479	0.01603693
8.032812	0.01594071
8.036146	0.01581241
8.039479	0.01568412
8.042812	0.01552375
8.046145	0.0153313
8.049479	0.01517093
8.052813	0.01497849
8.056146	0.01475397
8.059479	0.01459361
8.062813	0.01440116
8.066146	0.01424079
8.069479	0.01404835
8.072812	0.01388798
8.076146	0.01369554
8.079479	0.01350309
8.082812	0.01331065
8.086145	0.01311821
8.089479	0.01292576
8.092813	0.01276539
8.096146	0.0126371
8.099479	0.01254088
8.102813	0.01247673
8.106146	0.0125088
8.109479	0.01257295
8.112812	0.0126371
8.116146	0.01276539
8.119479	0.01286162
8.122812	0.01298991
8.126145	0.01305406
8.129479	0.01311821
8.132813	0.01315028
8.136146	0.01311821
8.13948	0.01305406
8.142813	0.01295784
8.146146	0.01286162
8.149479	0.01276539
8.152813	0.01270125
8.156146	0.01260503
8.159479	0.01254088
8.162812	0.0125088
8.166146	0.01247673
8.169479	0.01244466
8.172812	0.01241258
8.176146	0.01238051
8.17948	0.01231636
8.182813	0.01225221
8.186146	0.01218806
8.189479	0.01205977
8.192813	0.01196355
8.196146	0.01183525
8.199479	0.01173903
8.202812	0.01164281
8.206146	0.01161074
8.209479	0.01157866
8.212812	0.01161074
8.216146	0.01167488
8.21948	0.01173903
8.222813	0.01183525
8.226146	0.01193147
8.229479	0.0120277
8.232813	0.01205977
8.236146	0.01209184
8.239479	0.01209184
8.242812	0.01209184
8.246146	0.01212392
8.249479	0.01215599
8.252812	0.01222014
8.256145	0.01231636
8.25948	0.01247673
8.262813	0.01260503
8.266146	0.01279747
8.269479	0.01292576
8.272813	0.01305406
8.276146	0.01315028
8.279479	0.01321443
8.282812	0.01327858
8.286146	0.01334272
8.289479	0.01340687
8.292812	0.01347102
8.296145	0.01356724
8.299479	0.01369554
8.302813	0.01382383
8.306146	0.0139842
8.309479	0.0141125
8.312813	0.01420872
8.316146	0.01430494
8.319479	0.01436909
8.322812	0.01440116
8.326146	0.01443324
8.329479	0.01443324
8.332812	0.01446531
8.336145	0.01452946
8.339479	0.01459361
8.342813	0.01465775
8.346146	0.01478605
8.349479	0.01494642
8.352813	0.01507471
8.356146	0.01523508
8.359479	0.01536338
8.362812	0.01552375
8.366146	0.01565204
8.369479	0.01581241
8.372812	0.01594071
8.376145	0.01603693
8.379479	0.01610108
8.382813	0.01616522
8.386146	0.01622937
8.38948	0.01622937
8.392813	0.01622937
8.396146	0.01616522
8.399479	0.01610108
8.402813	0.01597278
8.406146	0.01584449
8.409479	0.01568412
8.412812	0.01555582
8.416146	0.01539545
8.419479	0.01523508
8.422812	0.01510679
8.426146	0.01497849
8.42948	0.01488227
8.432813	0.01478605
8.436146	0.01475397
8.439479	0.0147219
8.442813	0.0147219
8.446146	0.01475397
8.449479	0.01475397
8.452812	0.01475397
8.456146	0.0147219
8.459479	0.01468983
8.462812	0.01459361
8.466146	0.01449738
8.46948	0.01433701
8.472813	0.01417664
8.476146	0.0139842
8.479479	0.01379176
8.482813	0.01359931
8.486146	0.01347102
8.489479	0.01334272
8.492812	0.01331065
8.496146	0.01331065
8.499479	0.01334272
8.502812	0.01343895
8.506145	0.01356724
8.50948	0.01369554
8.512813	0.01385591
8.516146	0.0139842
8.519479	0.01404835
8.522813	0.01408042
8.526146	0.01408042
8.529479	0.01404835
8.532812	0.0139842
8.536146	0.01392005
8.539479	0.01382383
8.542812	0.01379176
8.546145	0.01372761
8.549479	0.01372761
8.552813	0.01372761
8.556146	0.01372761
8.559479	0.01372761
8.562813	0.01375968
8.566146	0.01375968
8.569479	0.01379176
8.572812	0.01382383
8.576146	0.01388798
8.579479	0.0139842
8.582812	0.01404835
8.586145	0.0141125
8.589479	0.01414457
8.592813	0.01417664
8.596146	0.01414457
8.599479	0.0141125
8.602813	0.01401628
8.606146	0.01392005
8.609479	0.01379176
8.612812	0.01366346
8.616146	0.01353517
8.619479	0.01343895
8.622812	0.01334272
8.626145	0.0132465
8.629479	0.01318235
8.632813	0.01311821
8.636146	0.01305406
8.63948	0.01302199
8.642813	0.01298991
8.646146	0.01298991
8.649479	0.01302199
8.652813	0.01305406
8.656146	0.01315028
8.659479	0.01331065
8.662812	0.01347102
8.666146	0.01366346
8.669479	0.01388798
8.672812	0.01408042
8.676146	0.01427287
8.67948	0.01446531
8.682813	0.01462568
8.686146	0.01475397
8.689479	0.01488227
8.692813	0.01494642
8.696146	0.01504264
8.699479	0.01507471
8.702812	0.01510679
8.706146	0.01507471
8.709479	0.01504264
8.712812	0.01494642
8.716146	0.01481812
8.71948	0.01462568
8.722813	0.01440116
8.726146	0.01414457
8.729479	0.01388798
8.732813	0.01363139
8.736146	0.0133748
8.739479	0.01315028
8.742812	0.01292576
8.746146	0.01273332
8.749479	0.0125088
8.752812	0.01228429
8.756145	0.01209184
8.75948	0.01183525
8.762813	0.01157866
8.766146	0.01132207
8.769479	0.01106548
8.772813	0.01080889
8.776146	0.01058437
8.779479	0.01039193
8.782812	0.01026363
8.786146	0.01019949
8.789479	0.01016741
8.792812	0.01019949
8.796145	0.01023156
8.799479	0.01029571
8.802813	0.01035986
8.806146	0.01039193
8.809479	0.01035986
8.812813	0.01026363
8.816146	0.01007119
8.819479	0.009846674
8.822812	0.009590083
8.826146	0.009301419
8.829479	0.009044828
8.832812	0.008788237
8.836145	0.008627868
8.839479	0.008531646
8.842813	0.008531646
8.846146	0.008627868
8.849479	0.008756163
8.852813	0.008916532
8.856146	0.009044828
8.859479	0.009173123
8.862812	0.009269345
8.866146	0.009301419
8.869479	0.009269345
8.872812	0.009173123
8.876145	0.009012754
8.879479	0.008820311
8.882813	0.00856372
8.886146	0.008339202
8.88948	0.008082612
8.892813	0.007826021
8.896146	0.007601504
8.899479	0.007409061
8.902813	0.007248692
8.906146	0.00715247
8.909479	0.007088322
8.912812	0.007088322
8.916146	0.00715247
8.919479	0.007248692
8.922812	0.007376987
8.926146	0.007505282
8.92948	0.007633578
8.932813	0.007761873
8.936146	0.007826021
8.939479	0.007858095
8.942813	0.007858095
8.946146	0.007793947
8.949479	0.007729799
8.952812	0.007601504
8.956146	0.007505282
8.959479	0.007409061
8.962812	0.007344913
8.966146	0.007312839
8.96948	0.007344913
8.972813	0.007409061
8.976146	0.007505282
8.979479	0.007665651
8.982813	0.007793947
8.986146	0.007954316
8.989479	0.008082612
8.992812	0.008178833
8.996146	0.008242981
8.999479	0.008275055
9.002812	0.008275055
9.006145	0.008242981
9.00948	0.008146759
9.012813	0.008050538
9.016146	0.007922242
9.019479	0.007826021
9.022813	0.007761873
9.026146	0.007697725
9.029479	0.007665651
9.032812	0.007697725
9.036146	0.007729799
9.039479	0.007793947
9.042812	0.007858095
9.046145	0.007890168
9.049479	0.007890168
9.052813	0.007858095
9.056146	0.007793947
9.059479	0.007665651
9.062813	0.007537356
9.066146	0.007441135
9.069479	0.007312839
9.072812	0.007248692
9.076146	0.007216618
9.079479	0.007248692
9.082812	0.007280765
9.086145	0.007344913
9.089479	0.007376987
9.092813	0.007376987
9.096146	0.007344913
9.099479	0.007312839
9.102813	0.007216618
9.106146	0.007120396
9.109479	0.006992101
9.112812	0.006831732
9.116146	0.006703436
9.119479	0.006607215
9.122812	0.006510993
9.126145	0.006414771
9.129479	0.00631855
9.132813	0.006222328
9.136146	0.006094033
9.13948	0.005965737
9.142813	0.005837442
9.146146	0.005709146
9.149479	0.005612925
9.152813	0.005516703
9.156146	0.005452556
9.159479	0.005452556
9.162812	0.005484629
9.166146	0.005548777
9.169479	0.005644999
9.172812	0.005805368
9.176146	0.005933663
9.17948	0.006094033
9.182813	0.006222328
9.186146	0.00631855
9.189479	0.006350624
9.192813	0.006382698
9.196146	0.006382698
9.199479	0.00631855
9.202812	0.006254402
9.206146	0.006126107
9.209479	0.006029885
9.212812	0.005901589
9.216146	0.005805368
9.21948	0.00574122
9.222813	0.005709146
9.226146	0.005709146
9.229479	0.005773294
9.232813	0.005869516
9.236146	0.006061959
9.239479	0.006254402
9.242812	0.006478919
9.246146	0.006703436
9.249479	0.006863805
9.252812	0.006992101
9.256145	0.007024175
9.25948	0.006992101
9.262813	0.006863805
9.266146	0.006639288
9.269479	0.006382698
9.272813	0.006061959
9.276146	0.00574122
9.279479	0.005452556
9.282812	0.005228039
9.286146	0.005067669
9.289479	0.004971448
9.292812	0.004971448
9.296145	0.005003522
9.299479	0.005131817
9.302813	0.005292186
9.306146	0.005516703
9.309479	0.00574122
9.312813	0.005933663
9.316146	0.006126107
9.319479	0.006286476
9.322812	0.006382698
9.326146	0.006414771
9.329479	0.006414771
9.332812	0.006350624
9.336145	0.006254402
9.339479	0.006094033
9.342813	0.005933663
9.346146	0.005805368
9.349479	0.005677072
9.352813	0.005612925
9.356146	0.005548777
9.359479	0.005548777
9.362812	0.005612925
9.366146	0.005709146
9.369479	0.005805368
9.372812	0.005965737
9.376145	0.006094033
9.379479	0.006222328
9.382813	0.006350624
9.386146	0.006414771
9.38948	0.006478919
9.392813	0.006510993
9.396146	0.006478919
9.399479	0.006414771
9.402813	0.006286476
9.406146	0.006158181
9.409479	0.006029885
9.412812	0.005901589
9.416146	0.005773294
9.419479	0.005709146
9.422812	0.005644999
9.426146	0.005677072
9.42948	0.00574122
9.432813	0.005869516
9.436146	0.006029885
9.439479	0.006222328
9.442813	0.006414771
9.446146	0.006607215
9.449479	0.006767584
9.452812	0.006927953
9.456146	0.007056248
9.459479	0.007120396
9.462812	0.00715247
9.466146	0.007088322
9.46948	0.006992101
9.472813	0.006831732
9.476146	0.006607215
9.479479	0.006350624
9.482813	0.006061959
9.486146	0.005773294
9.489479	0.005516703
9.492812	0.005292186
9.496146	0.005131817
9.499479	0.005067669
9.502812	0.005035596
9.506145	0.005099743
9.50948	0.005163891
9.512813	0.005292186
9.516146	0.005420482
9.519479	0.005580851
9.522813	0.00574122
9.526146	0.005901589
9.529479	0.006061959
9.532812	0.006222328
9.536146	0.006446845
9.539479	0.006671362
9.542812	0.006927953
9.546145	0.00715247
9.549479	0.007376987
9.552813	0.007537356
9.556146	0.007633578
9.559479	0.007665651
9.562813	0.007633578
9.566146	0.007537356
9.569479	0.007344913
9.572812	0.00715247
9.576146	0.006960027
9.579479	0.006767584
9.582812	0.006607215
9.586145	0.006478919
9.589479	0.006414771
9.592813	0.006350624
9.596146	0.006350624
9.599479	0.006382698
9.602813	0.006382698
9.606146	0.006414771
9.609479	0.006414771
9.612812	0.006446845
9.616146	0.006446845
9.619479	0.006478919
9.622812	0.006510993
9.626145	0.006575141
9.629479	0.006607215
9.632813	0.006703436
9.636146	0.006799658
9.63948	0.006863805
9.642813	0.006960027
9.646146	0.007056248
9.649479	0.007088322
9.652813	0.007120396
9.656146	0.00715247
9.659479	0.007120396
9.662812	0.007088322
9.666146	0.007056248
9.669479	0.006992101
9.672812	0.006927953
9.676146	0.006863805
9.67948	0.006767584
9.682813	0.006703436
9.686146	0.006607215
9.689479	0.006510993
9.692813	0.006414771
9.696146	0.006286476
9.699479	0.006158181
9.702812	0.006029885
9.706146	0.005901589
9.709479	0.00574122
9.712812	0.005612925
9.716146	0.005484629
9.71948	0.005388408
9.722813	0.005292186
9.726146	0.005260113
9.729479	0.005292186
9.732813	0.005356334
9.736146	0.005452556
9.739479	0.005612925
9.742812	0.00574122
9.746146	0.005837442
9.749479	0.005901589
9.752812	0.005933663
9.756145	0.005901589
9.75948	0.005805368
9.762813	0.005677072
9.766146	0.005548777
9.769479	0.005420482
9.772813	0.00532426
9.776146	0.005228039
9.779479	0.005195965
9.782812	0.005163891
9.786146	0.005163891
9.789479	0.005228039
9.792812	0.005292186
9.796145	0.005388408
9.799479	0.005516703
9.802813	0.005709146
9.806146	0.005901589
9.809479	0.006126107
9.812813	0.006382698
9.816146	0.006639288
9.819479	0.006863805
9.822812	0.007024175
9.826146	0.00715247
9.829479	0.007184544
9.832812	0.00715247
9.836145	0.007088322
9.839479	0.006992101
9.842813	0.006831732
9.846146	0.006671362
9.849479	0.006543067
9.852813	0.006382698
9.856146	0.006286476
9.859479	0.006190254
9.862812	0.006158181
9.866146	0.006126107
9.869479	0.006126107
9.872812	0.006158181
9.876145	0.006190254
9.879479	0.006222328
9.882813	0.006222328
9.886146	0.006190254
9.88948	0.006158181
9.892813	0.006061959
9.896146	0.005933663
9.899479	0.005773294
9.902813	0.005612925
9.906146	0.005484629
9.909479	0.005388408
9.912812	0.005356334
9.916146	0.005388408
9.919479	0.005484629
9.922812	0.005644999
9.926146	0.005869516
9.92948	0.006126107
9.932813	0.006414771
9.936146	0.006671362
9.939479	0.006895879
9.942813	0.007056248
9.946146	0.007120396
9.949479	0.007088322
9.952812	0.006992101
9.956146	0.006799658
9.959479	0.006543067
9.962812	0.006254402
9.966146	0.005901589
9.96948	0.005548777
9.972813	0.005260113
9.976146	0.004971448
9.979479	0.004779005
9.982813	0.004618635
9.986146	0.004554488
9.989479	0.004554488
9.992812	0.004618635
9.996146	0.004714857
9.999479	0.004811079
}
[PEAK]
{
Peak ID	1
Peak Ref	1
Time	3.926338
Peak	3.122813	4.072813
Intensity	-1.490116e-06	7.021427e-05
Height	0.005791586
AreaAbs	1697.146
Area %BP	0.0758733
Area %Total	0.06231481
Width	0.95
}
[PEAK]
{
Peak ID	2
Peak Ref	2
Time	4.278214
Peak	4.072813	4.616146
Intensity	-1.490116e-06	7.021427e-05
Height	0.03033725
AreaAbs	6414.317
Area %BP	0.2867611
Area %Total	0.2355172
Width	0.5433331
}
[PEAK]
{
Peak ID	3
Peak Ref	3
Time	4.965748
Peak	4.616146	6.439479
Intensity	-1.490116e-06	7.021427e-05
Height	0.1857936
AreaAbs	37280.26
Area %BP	1.666667
Area %Total	1.368835
Width	1.823334
}
}
}
}
