[SAMPLE]
{
Sample	1
Well	1:A,9
FileName	
SampleID	ASD-E-2601112-004
SampleDescription	Aquired with Galaxy
Date	15-Jan-2026
Time	19:29:43 PRC
JobCode	
TaskCode	
UserName	Congcong_Liu2
LabName	Aquired with Galaxy
Instrument	BAD_L_22_523
Conditions	
Submitter	Huanhuan_Zhang
SampleType	
Plate	
Method	
Process	Galaxy
MSTune	
MSMethod	
InletMethod	
PreRunMethod	
PostRunMethod	
SwitchMethod	
FractionMethod	
AcquisitionProcess	
AcquisitionProcessParameters	
AcquisitionProcessOptions	
InjectionVolume	25
ReportScheme	
SampleReportEnable	0
SampleReportFormat	
AnalysisTime	0
[COMPOUND]
{
;Mono Mass	Formula
}
[FUNCTION]
{
Function	1
IonMode	ES+
Type	MS
Description	(0:0)
[SPECTRUM]
{
ProcDesc	0.00:Combine
State	OK
Peak ID	0
Peak Ref	0
Time	0
TIC	0
BPI	0
BPM	0
Continuum	FALSE
Saved	FALSE
[MASSES]
{
;Mass	Exp. Mass	Obs. Mass	% BPI	Int. Abs
}
[RESULTS]
{
;Mass	Found	% BPI	% Purity
}
[MS]
{
;Mass	% BPI
0	0
}
}
[CHROMATOGRAM]
{
TraceNumber	1
Description	scroll down chrom view to see 2D LC chrom
ProcDesc	
MaxIntensity	0
[TRACE]
{
0	0
}
[PEAK]
{
Peak ID	0
Peak Ref	0
Time	0
Peak	0
Intensity	0	0
Height	0
AreaAbs	0
Area %BP	0
Area %Total	0
}
}
}
[FUNCTION]
{
Function	0
Description	ANALOG
[CHROMATOGRAM]
{
TraceNumber	2
Description	LC
ProcDesc	Result Id:1315, VWD: Signal A, 280 nm
MaxIntensity	0.2077382
[TRACE]
{
;Time	Int. %Max
0.003020833	0.0705254
0.006354167	0.07061148
0.0096875	0.07069756
0.01302083	0.07081233
0.01635417	0.07092709
0.0196875	0.07101317
0.02302083	0.07107056
0.02635417	0.07109925
0.0296875	0.07109925
0.03302083	0.07112794
0.03635417	0.07112794
0.0396875	0.07112794
0.04302083	0.07115663
0.04635417	0.07118532
0.0496875	0.07121402
0.05302083	0.07124271
0.05635417	0.0712714
0.0596875	0.07130009
0.06302083	0.07130009
0.06635416	0.07132879
0.0696875	0.07135748
0.07302083	0.07141486
0.07635417	0.07147225
0.0796875	0.07152963
0.08302084	0.07161571
0.08635417	0.07173048
0.0896875	0.07184525
0.09302083	0.07193132
0.09635416	0.0720174
0.0996875	0.07210348
0.1030208	0.07218955
0.1063542	0.07227563
0.1096875	0.0723617
0.1130208	0.07244778
0.1163542	0.07256255
0.1196875	0.07267732
0.1230208	0.07284947
0.1263542	0.07302162
0.1296875	0.07319378
0.1330208	0.07339462
0.1363542	0.07356678
0.1396875	0.07376762
0.1430208	0.07393978
0.1463542	0.07408324
0.1496875	0.074198
0.1530208	0.07425539
0.1563542	0.07428408
0.1596875	0.07428408
0.1630208	0.0742267
0.1663542	0.07416931
0.1696875	0.07408324
0.1730208	0.07396847
0.1763542	0.0738537
0.1796875	0.07373893
0.1830208	0.07365285
0.1863542	0.07353808
0.1896875	0.07345201
0.1930208	0.07333724
0.1963542	0.07325116
0.1996875	0.07313639
0.2030208	0.07305032
0.2063542	0.07296424
0.2096875	0.07284947
0.2130208	0.0727347
0.2163542	0.07259124
0.2196875	0.07244778
0.2230208	0.07227563
0.2263542	0.07210348
0.2296875	0.07196001
0.2330208	0.07181655
0.2363542	0.07167309
0.2396875	0.07158702
0.2430208	0.07150094
0.2463542	0.07147225
0.2496875	0.07144355
0.2530208	0.07144355
0.2563542	0.07144355
0.2596875	0.07147225
0.2630208	0.07144355
0.2663542	0.07144355
0.2696875	0.07144355
0.2730208	0.07141486
0.2763542	0.07144355
0.2796875	0.07144355
0.2830208	0.07150094
0.2863542	0.07155832
0.2896875	0.0716444
0.2930208	0.07173048
0.2963542	0.07181655
0.2996875	0.07187394
0.3030208	0.07193132
0.3063542	0.07193132
0.3096875	0.07193132
0.3130208	0.07190263
0.3163542	0.07187394
0.3196875	0.07184525
0.3230208	0.07178786
0.3263542	0.07170178
0.3296875	0.07161571
0.3330208	0.07150094
0.3363542	0.07135748
0.3396875	0.07118532
0.3430208	0.07101317
0.3463542	0.07081233
0.3496875	0.07061148
0.3530208	0.07046802
0.3563542	0.07032456
0.3596875	0.07023848
0.3630208	0.0701811
0.3663542	0.07012371
0.3696875	0.07006633
0.3730208	0.07000894
0.3763542	0.06995156
0.3796875	0.06986548
0.3830208	0.06975072
0.3863542	0.06963595
0.3896875	0.06949249
0.3930208	0.06934902
0.3963542	0.06917687
0.3996875	0.06900472
0.4030208	0.06883257
0.4063542	0.06863172
0.4096875	0.06845957
0.4130208	0.06825872
0.4163542	0.06805788
0.4196875	0.06788572
0.4230208	0.06777095
0.4263542	0.06768488
0.4296875	0.06765619
0.4330208	0.06768488
0.4363542	0.06771357
0.4396875	0.06779965
0.4430208	0.06785703
0.4463542	0.06791442
0.4496875	0.06794311
0.4530208	0.06791442
0.4563542	0.06785703
0.4596875	0.06777095
0.4630208	0.06768488
0.4663542	0.06757011
0.4696875	0.06748403
0.4730208	0.06745534
0.4763542	0.06745534
0.4796875	0.06748403
0.4830208	0.06757011
0.4863542	0.06768488
0.4896875	0.06782834
0.4930208	0.0679718
0.4963542	0.06811526
0.4996875	0.06825872
0.5030208	0.06837349
0.5063542	0.06845957
0.5096875	0.06851695
0.5130208	0.06854564
0.5163541	0.06857434
0.5196875	0.06863172
0.5230208	0.0686891
0.5263542	0.06874649
0.5296875	0.06883257
0.5330209	0.06891864
0.5363542	0.06900472
0.5396875	0.0690621
0.5430208	0.06911949
0.5463542	0.06911949
0.5496875	0.0690621
0.5530208	0.06897603
0.5563542	0.06886126
0.5596875	0.0687178
0.5630208	0.06860303
0.5663542	0.06851695
0.5696875	0.06845957
0.5730208	0.06843088
0.5763541	0.06845957
0.5796875	0.06851695
0.5830208	0.06857434
0.5863542	0.06863172
0.5896875	0.06863172
0.5930209	0.06857434
0.5963542	0.06843088
0.5996875	0.06825872
0.6030208	0.06800049
0.6063542	0.06774226
0.6096875	0.06745534
0.6130208	0.06716842
0.6163542	0.06696757
0.6196875	0.06679542
0.6230208	0.06668065
0.6263542	0.06662327
0.6296875	0.06665196
0.6330208	0.06670934
0.6363541	0.06679542
0.6396875	0.06691019
0.6430208	0.06702496
0.6463541	0.06713973
0.6496875	0.0672545
0.6530209	0.06736926
0.6563542	0.06745534
0.6596875	0.06751272
0.6630208	0.06757011
0.6663542	0.06754142
0.6696875	0.06751272
0.6730208	0.06742665
0.6763542	0.06734057
0.6796875	0.0672258
0.6830208	0.06711103
0.6863542	0.06696757
0.6896875	0.0668528
0.6930208	0.06673804
0.6963542	0.06665196
0.6996875	0.06656588
0.7030208	0.06653719
0.7063541	0.0665085
0.7096875	0.06653719
0.7130209	0.06659457
0.7163542	0.06668065
0.7196875	0.0668528
0.7230209	0.06705365
0.7263542	0.0672545
0.7296875	0.06751272
0.7330208	0.06774226
0.7363542	0.0679718
0.7396875	0.06814395
0.7430208	0.06828741
0.7463542	0.06837349
0.7496875	0.06840218
0.7530208	0.06837349
0.7563542	0.06831611
0.7596875	0.06823003
0.7630208	0.06814395
0.7663541	0.06805788
0.7696875	0.06794311
0.7730208	0.06788572
0.7763542	0.06779965
0.7796875	0.06774226
0.7830209	0.06771357
0.7863542	0.06765619
0.7896875	0.06762749
0.7930208	0.0675988
0.7963542	0.0675988
0.7996875	0.06757011
0.8030208	0.06754142
0.8063542	0.06754142
0.8096875	0.06751272
0.8130208	0.06751272
0.8163542	0.06751272
0.8196875	0.06754142
0.8230208	0.06762749
0.8263541	0.06771357
0.8296875	0.06779965
0.8330208	0.06791442
0.8363542	0.06800049
0.8396875	0.06805788
0.8430209	0.06805788
0.8463542	0.06802918
0.8496875	0.06794311
0.8530208	0.06782834
0.8563542	0.06768488
0.8596875	0.06757011
0.8630208	0.06745534
0.8663542	0.06734057
0.8696875	0.06728319
0.8730208	0.0672258
0.8763542	0.0672258
0.8796875	0.06719711
0.8830208	0.06716842
0.8863541	0.06713973
0.8896875	0.06708234
0.8930208	0.06702496
0.8963541	0.06696757
0.8996875	0.06691019
0.9030209	0.0668528
0.9063542	0.06682411
0.9096875	0.06676673
0.9130208	0.06673804
0.9163542	0.06670934
0.9196875	0.06668065
0.9230208	0.06665196
0.9263542	0.06662327
0.9296875	0.06656588
0.9330208	0.06653719
0.9363542	0.06647981
0.9396875	0.06645111
0.9430208	0.06639373
0.9463542	0.06636504
0.9496875	0.06633634
0.9530208	0.06630765
0.9563541	0.06627896
0.9596875	0.06625027
0.9630209	0.06622158
0.9663542	0.06619288
0.9696875	0.06619288
0.9730209	0.06616419
0.9763542	0.06616419
0.9796875	0.06616419
0.9830208	0.06619288
0.9863542	0.06625027
0.9896875	0.06633634
0.9930208	0.06647981
0.9963542	0.06665196
0.9996875	0.06682411
1.003021	0.06702496
1.006354	0.0672258
1.009688	0.06745534
1.013021	0.06765619
1.016354	0.06785703
1.019688	0.06802918
1.023021	0.06814395
1.026354	0.06825872
1.029688	0.0683448
1.033021	0.06840218
1.036354	0.06845957
1.039688	0.06848826
1.043021	0.06854564
1.046354	0.06857434
1.049688	0.06863172
1.053021	0.0686891
1.056354	0.06874649
1.059687	0.06883257
1.063021	0.06888995
1.066354	0.06891864
1.069687	0.06897603
1.073021	0.06897603
1.076354	0.06900472
1.079687	0.06903341
1.083021	0.06903341
1.086354	0.0690621
1.089687	0.06911949
1.093021	0.06917687
1.096354	0.06923426
1.099687	0.06932033
1.103021	0.06940641
1.106354	0.06946379
1.109687	0.06952118
1.113021	0.06960725
1.116354	0.06966464
1.119688	0.06972202
1.123021	0.06977941
1.126354	0.0698081
1.129688	0.06986548
1.133021	0.06992287
1.136354	0.07000894
1.139688	0.07006633
1.143021	0.07012371
1.146354	0.0701811
1.149688	0.07023848
1.153021	0.07026717
1.156354	0.07032456
1.159688	0.07035325
1.163021	0.07041064
1.166354	0.07046802
1.169688	0.0705254
1.173021	0.0705541
1.176354	0.07061148
1.179688	0.07064017
1.183021	0.07064017
1.186354	0.07061148
1.189687	0.0705541
1.193021	0.07049671
1.196354	0.07041064
1.199687	0.07029587
1.203021	0.07020979
1.206354	0.07012371
1.209687	0.07006633
1.213021	0.07000894
1.216354	0.06998025
1.219687	0.06998025
1.223021	0.06995156
1.226354	0.06992287
1.229687	0.06989418
1.233021	0.0698081
1.236354	0.06972202
1.239687	0.06960725
1.243021	0.06946379
1.246354	0.06932033
1.249688	0.06914818
1.253021	0.06897603
1.256354	0.06880387
1.259688	0.06866041
1.263021	0.06854564
1.266354	0.06845957
1.269688	0.06840218
1.273021	0.06840218
1.276354	0.06845957
1.279688	0.06851695
1.283021	0.06860303
1.286354	0.06866041
1.289688	0.0686891
1.293021	0.0686891
1.296354	0.06863172
1.299688	0.06848826
1.303021	0.06831611
1.306354	0.06808657
1.309687	0.06785703
1.313021	0.06762749
1.316354	0.06745534
1.319687	0.06731188
1.323021	0.0672545
1.326354	0.0672258
1.329687	0.0672258
1.333021	0.0672258
1.336354	0.0672258
1.339687	0.06719711
1.343021	0.06713973
1.346354	0.06702496
1.349687	0.0668815
1.353021	0.06670934
1.356354	0.06653719
1.359687	0.06639373
1.363021	0.06627896
1.366354	0.06625027
1.369688	0.06625027
1.373021	0.06630765
1.376354	0.06639373
1.379688	0.0665085
1.383021	0.06665196
1.386354	0.06679542
1.389688	0.06691019
1.393021	0.06702496
1.396354	0.06711103
1.399688	0.06719711
1.403021	0.0672258
1.406354	0.0672545
1.409688	0.0672545
1.413021	0.0672258
1.416354	0.06716842
1.419688	0.06708234
1.423021	0.06699627
1.426354	0.0668815
1.429688	0.06673804
1.433021	0.06656588
1.436354	0.06642242
1.439687	0.06627896
1.443021	0.0661355
1.446354	0.06602073
1.449687	0.06590596
1.453021	0.06584858
1.456354	0.06579119
1.459687	0.06579119
1.463021	0.06579119
1.466354	0.06584858
1.469687	0.06593465
1.473021	0.06604942
1.476354	0.06616419
1.479687	0.06630765
1.483021	0.06645111
1.486354	0.06659457
1.489687	0.06673804
1.493021	0.0668815
1.496354	0.06696757
1.499688	0.06702496
1.503021	0.06705365
1.506354	0.06705365
1.509688	0.06702496
1.513021	0.06696757
1.516354	0.06691019
1.519688	0.0668528
1.523021	0.06682411
1.526354	0.06676673
1.529688	0.06673804
1.533021	0.06673804
1.536354	0.06670934
1.539688	0.06668065
1.543021	0.06665196
1.546354	0.06659457
1.549688	0.06653719
1.553021	0.06647981
1.556354	0.06642242
1.559687	0.06636504
1.563021	0.06633634
1.566354	0.06630765
1.569687	0.06630765
1.573021	0.06630765
1.576354	0.06636504
1.579687	0.06642242
1.583021	0.0665085
1.586354	0.06659457
1.589687	0.06670934
1.593021	0.06679542
1.596354	0.0668815
1.599687	0.06691019
1.603021	0.06693888
1.606354	0.06691019
1.609687	0.0668528
1.613021	0.06676673
1.616354	0.06668065
1.619688	0.06659457
1.623021	0.06653719
1.626354	0.0665085
1.629688	0.0665085
1.633021	0.06653719
1.636354	0.06656588
1.639688	0.06659457
1.643021	0.06662327
1.646354	0.06659457
1.649688	0.06656588
1.653021	0.0665085
1.656354	0.06645111
1.659688	0.06636504
1.663021	0.06627896
1.666354	0.06619288
1.669688	0.06610681
1.673021	0.06604942
1.676354	0.06599204
1.679688	0.06590596
1.683021	0.06584858
1.686354	0.06579119
1.689687	0.06573381
1.693021	0.06570512
1.696354	0.06567642
1.699687	0.06570512
1.703021	0.06573381
1.706354	0.06579119
1.709687	0.06587727
1.713021	0.06593465
1.716354	0.06602073
1.719687	0.06607811
1.723021	0.0661355
1.726354	0.06616419
1.729687	0.06619288
1.733021	0.06619288
1.736354	0.06622158
1.739687	0.06625027
1.743021	0.06630765
1.746354	0.06636504
1.749688	0.06645111
1.753021	0.0665085
1.756354	0.06659457
1.759688	0.06668065
1.763021	0.06670934
1.766354	0.06673804
1.769688	0.06673804
1.773021	0.06668065
1.776354	0.06659457
1.779688	0.0665085
1.783021	0.06636504
1.786354	0.06622158
1.789688	0.06607811
1.793021	0.06593465
1.796354	0.06584858
1.799688	0.06579119
1.803021	0.06579119
1.806354	0.06581989
1.809687	0.06590596
1.813021	0.06602073
1.816354	0.06616419
1.819687	0.06630765
1.823021	0.06645111
1.826354	0.06656588
1.829687	0.06668065
1.833021	0.06676673
1.836354	0.0668528
1.839687	0.06693888
1.843021	0.06699627
1.846354	0.06705365
1.849687	0.06711103
1.853021	0.06711103
1.856354	0.06708234
1.859687	0.06699627
1.863021	0.0668528
1.866354	0.06670934
1.869688	0.0665085
1.873021	0.06630765
1.876354	0.06610681
1.879688	0.06596335
1.883021	0.06587727
1.886354	0.06587727
1.889688	0.06593465
1.893021	0.06604942
1.896354	0.06619288
1.899688	0.06639373
1.903021	0.06656588
1.906354	0.06673804
1.909688	0.06691019
1.913021	0.06705365
1.916354	0.06713973
1.919688	0.0672258
1.923021	0.06731188
1.926354	0.06734057
1.929688	0.06739796
1.933021	0.06742665
1.936354	0.06742665
1.939687	0.06739796
1.943021	0.06736926
1.946354	0.06728319
1.949687	0.06719711
1.953021	0.06708234
1.956354	0.06693888
1.959687	0.06679542
1.963021	0.06665196
1.966354	0.0665085
1.969687	0.06639373
1.973021	0.06630765
1.976354	0.06625027
1.979687	0.06619288
1.983021	0.06616419
1.986354	0.06616419
1.989687	0.06616419
1.993021	0.0661355
1.996354	0.0661355
1.999688	0.06610681
2.003021	0.06604942
2.006354	0.06599204
2.009687	0.06596335
2.013021	0.06590596
2.016354	0.06584858
2.019687	0.06584858
2.023021	0.06584858
2.026354	0.06590596
2.029687	0.06599204
2.033021	0.0661355
2.036354	0.06630765
2.039687	0.06653719
2.043021	0.06676673
2.046354	0.06699627
2.049687	0.0672258
2.053021	0.06742665
2.056354	0.0675988
2.059688	0.06768488
2.063021	0.06774226
2.066354	0.06774226
2.069688	0.06765619
2.073021	0.06754142
2.076354	0.06736926
2.079688	0.06713973
2.083021	0.0668815
2.086354	0.06662327
2.089688	0.06639373
2.093021	0.0661355
2.096354	0.06593465
2.099688	0.06579119
2.103021	0.06567642
2.106354	0.06559035
2.109688	0.06553296
2.113021	0.06553296
2.116354	0.06553296
2.119688	0.06553296
2.123021	0.06553296
2.126354	0.06553296
2.129688	0.06550427
2.133021	0.06544689
2.136354	0.06541819
2.139688	0.06533212
2.143021	0.06527473
2.146354	0.06521735
2.149688	0.06515996
2.153021	0.06510258
2.156354	0.0650452
2.159688	0.0650165
2.163021	0.0650165
2.166354	0.0650165
2.169688	0.0650452
2.173021	0.06510258
2.176354	0.06515996
2.179688	0.06521735
2.183021	0.06530343
2.186354	0.0653895
2.189687	0.06547558
2.193021	0.06556166
2.196354	0.06561904
2.199687	0.06567642
2.203021	0.06573381
2.206354	0.06579119
2.209687	0.06584858
2.213021	0.06590596
2.216354	0.06596335
2.219687	0.06599204
2.223021	0.06602073
2.226354	0.06602073
2.229687	0.06602073
2.233021	0.06599204
2.236354	0.06593465
2.239687	0.06584858
2.243021	0.06573381
2.246354	0.06564773
2.249687	0.06556166
2.253021	0.06547558
2.256354	0.06541819
2.259687	0.0653895
2.263021	0.06536081
2.266354	0.06536081
2.269687	0.06536081
2.273021	0.06533212
2.276354	0.06530343
2.279687	0.06527473
2.283021	0.06521735
2.286354	0.06513127
2.289687	0.06507389
2.293021	0.06498781
2.296354	0.06487304
2.299687	0.06478697
2.303021	0.06464351
2.306354	0.06452874
2.309688	0.06441397
2.313021	0.0642992
2.316354	0.06418443
2.319688	0.06409835
2.323021	0.06401228
2.326354	0.06398359
2.329688	0.06398359
2.333021	0.06404097
2.336354	0.06412705
2.339688	0.06427051
2.343021	0.06444266
2.346354	0.06461481
2.349688	0.06478697
2.353021	0.06495912
2.356354	0.06510258
2.359688	0.06518866
2.363021	0.06518866
2.366354	0.06513127
2.369688	0.0650452
2.373021	0.06490174
2.376354	0.06472958
2.379688	0.06452874
2.383021	0.06435658
2.386354	0.06415574
2.389688	0.06398359
2.393021	0.06384012
2.396354	0.06369666
2.399688	0.06358189
2.403021	0.06343843
2.406354	0.06329497
2.409688	0.06315151
2.413021	0.06300805
2.416354	0.06289328
2.419688	0.06280721
2.423021	0.06274982
2.426354	0.06274982
2.429688	0.06277851
2.433021	0.0628359
2.436354	0.06295067
2.439687	0.06306544
2.443021	0.0631802
2.446354	0.06329497
2.449687	0.06340974
2.453021	0.06349582
2.456354	0.06352451
2.459687	0.0635532
2.463021	0.0635532
2.466354	0.06352451
2.469687	0.06352451
2.473021	0.06349582
2.476354	0.06346713
2.479687	0.06346713
2.483021	0.06349582
2.486354	0.0635532
2.489687	0.06361059
2.493021	0.06366797
2.496354	0.06375405
2.499687	0.06378274
2.503021	0.06381143
2.506354	0.06378274
2.509687	0.06372536
2.513021	0.06361059
2.516354	0.06349582
2.519687	0.06332366
2.523021	0.06315151
2.526354	0.06300805
2.529687	0.06286459
2.533021	0.06277851
2.536354	0.06277851
2.539687	0.06280721
2.543021	0.06295067
2.546354	0.06312282
2.549687	0.06338105
2.553021	0.06366797
2.556354	0.06395489
2.559688	0.06424181
2.563021	0.06447135
2.566354	0.06464351
2.569688	0.06475827
2.573021	0.06481566
2.576354	0.06478697
2.579688	0.06475827
2.583021	0.06470089
2.586354	0.06464351
2.589688	0.06461481
2.593021	0.06464351
2.596354	0.0646722
2.599688	0.06475827
2.603021	0.06484435
2.606354	0.06493043
2.609688	0.06495912
2.613021	0.06495912
2.616354	0.06490174
2.619688	0.06478697
2.623021	0.06464351
2.626354	0.06444266
2.629688	0.06421312
2.633021	0.06398359
2.636354	0.06378274
2.639688	0.06358189
2.643021	0.06343843
2.646354	0.06335236
2.649688	0.06332366
2.653021	0.06332366
2.656354	0.06335236
2.659688	0.06343843
2.663021	0.06352451
2.666354	0.06361059
2.669688	0.06372536
2.673021	0.06384012
2.676354	0.0639262
2.679688	0.06404097
2.683021	0.06415574
2.686354	0.06427051
2.689687	0.06438528
2.693021	0.06447135
2.696354	0.06452874
2.699687	0.06455743
2.703021	0.06455743
2.706354	0.06450004
2.709687	0.06438528
2.713021	0.06427051
2.716354	0.06412705
2.719687	0.06401228
2.723021	0.06386882
2.726354	0.06375405
2.729687	0.06363928
2.733021	0.06352451
2.736354	0.06343843
2.739687	0.06332366
2.743021	0.0631802
2.746354	0.06303674
2.749687	0.06286459
2.753021	0.06269244
2.756354	0.06252028
2.759687	0.06237682
2.763021	0.06223336
2.766354	0.06211859
2.769687	0.06206121
2.773021	0.06206121
2.776354	0.0620899
2.779687	0.06214728
2.783021	0.06226205
2.786354	0.06237682
2.789687	0.06249159
2.793021	0.06263505
2.796354	0.06274982
2.799687	0.06286459
2.803021	0.06297936
2.806354	0.06300805
2.809688	0.06303674
2.813021	0.06297936
2.816354	0.06289328
2.819688	0.06274982
2.823021	0.06254898
2.826354	0.06234813
2.829688	0.06214728
2.833021	0.06197513
2.836354	0.06183167
2.839688	0.06174559
2.843021	0.06174559
2.846354	0.06180298
2.849688	0.06191775
2.853021	0.06203252
2.856354	0.06217598
2.859688	0.06229075
2.863021	0.06240551
2.866354	0.0624629
2.869688	0.06252028
2.873021	0.06252028
2.876354	0.06254898
2.879688	0.06254898
2.883021	0.06257767
2.886354	0.06263505
2.889688	0.06266374
2.893021	0.06272113
2.896354	0.06274982
2.899688	0.06277851
2.903021	0.06277851
2.906354	0.06277851
2.909688	0.06280721
2.913021	0.0628359
2.916354	0.06286459
2.919688	0.06295067
2.923021	0.06306544
2.926354	0.06315151
2.929688	0.06326628
2.933021	0.06332366
2.936354	0.06335236
2.939687	0.06332366
2.943021	0.0632089
2.946354	0.06309413
2.949687	0.06292197
2.953021	0.06277851
2.956354	0.06266374
2.959687	0.06257767
2.963021	0.06252028
2.966354	0.06252028
2.969687	0.06254898
2.973021	0.06260636
2.976354	0.06266374
2.979687	0.06269244
2.983021	0.06269244
2.986354	0.06269244
2.989687	0.06263505
2.993021	0.06257767
2.996354	0.06252028
2.999687	0.06243421
3.003021	0.06237682
3.006354	0.06231944
3.009687	0.06226205
3.013021	0.06220467
3.016354	0.06214728
3.019687	0.0620899
3.023021	0.06200382
3.026354	0.06194644
3.029687	0.06186036
3.033021	0.06177429
3.036354	0.06168821
3.039687	0.06160213
3.043021	0.06154475
3.046354	0.06148736
3.049687	0.06145867
3.053021	0.06148736
3.056354	0.06151606
3.059688	0.06157344
3.063021	0.06165952
3.066354	0.06177429
3.069688	0.06188906
3.073021	0.06200382
3.076354	0.0620899
3.079688	0.06214728
3.083021	0.06220467
3.086354	0.06220467
3.089688	0.06214728
3.093021	0.0620899
3.096354	0.06197513
3.099688	0.06186036
3.103021	0.06174559
3.106354	0.06160213
3.109688	0.06148736
3.113021	0.0613726
3.116354	0.06131521
3.119688	0.06128652
3.123021	0.0613439
3.126354	0.06142998
3.129688	0.06154475
3.133021	0.0617169
3.136354	0.06188906
3.139688	0.06206121
3.143021	0.06220467
3.146354	0.06231944
3.149688	0.06237682
3.153021	0.06237682
3.156354	0.06234813
3.159688	0.06226205
3.163021	0.06217598
3.166354	0.0620899
3.169688	0.06200382
3.173021	0.06197513
3.176354	0.06197513
3.179688	0.06200382
3.183021	0.0620899
3.186354	0.06217598
3.189687	0.06229075
3.193021	0.06240551
3.196354	0.06252028
3.199687	0.06257767
3.203021	0.06263505
3.206354	0.06266374
3.209687	0.06266374
3.213021	0.06266374
3.216354	0.06269244
3.219687	0.06272113
3.223021	0.06277851
3.226354	0.06292197
3.229687	0.06315151
3.233021	0.06346713
3.236354	0.06384012
3.239687	0.06432789
3.243021	0.06490174
3.246354	0.06559035
3.249687	0.06639373
3.253021	0.06728319
3.256354	0.06828741
3.259687	0.06940641
3.263021	0.07064017
3.266354	0.0720174
3.269687	0.07353808
3.273021	0.07520223
3.276354	0.07703853
3.279687	0.0789896
3.283021	0.08114151
3.286354	0.08343689
3.289687	0.08590442
3.293021	0.08851541
3.296354	0.09129855
3.299687	0.09425384
3.303021	0.09732391
3.306354	0.1005374
3.309688	0.1038657
3.313021	0.1073088
3.316354	0.1108666
3.319688	0.1145392
3.323021	0.1182692
3.326354	0.1220853
3.329688	0.1259587
3.333021	0.1299182
3.336354	0.1338778
3.339688	0.1378947
3.343021	0.1419116
3.346354	0.1459285
3.349688	0.1499454
3.353021	0.1539336
3.356354	0.1579218
3.359688	0.1618526
3.363021	0.1657548
3.366354	0.1696569
3.369688	0.1735017
3.373021	0.1773464
3.376354	0.1811912
3.379688	0.1850359
3.383021	0.1888807
3.386354	0.1927541
3.389688	0.1966563
3.393021	0.2005871
3.396354	0.2045179
3.399688	0.2084774
3.403021	0.2124657
3.406354	0.2164252
3.409688	0.2204134
3.413021	0.2244303
3.416354	0.2284759
3.419688	0.2325789
3.423021	0.2367393
3.426354	0.2410431
3.429688	0.2454617
3.433021	0.2500237
3.436354	0.254758
3.439687	0.2596356
3.443021	0.2647141
3.446354	0.2699361
3.449687	0.2753303
3.453021	0.2808678
3.456354	0.2865202
3.459687	0.292316
3.463021	0.2982266
3.466354	0.304252
3.469687	0.3103921
3.473021	0.316647
3.476354	0.3230167
3.479687	0.3294724
3.483021	0.3360142
3.486354	0.3426708
3.489687	0.3494709
3.493021	0.356357
3.496354	0.3633579
3.499687	0.3705309
3.503021	0.3777901
3.506354	0.3852213
3.509687	0.3927961
3.513021	0.4004856
3.516354	0.4082899
3.519687	0.4162089
3.523021	0.4241853
3.526354	0.4322192
3.529687	0.440339
3.533021	0.4484876
3.536354	0.4566649
3.539687	0.4649569
3.543021	0.4732777
3.546354	0.4817132
3.549687	0.4902634
3.553021	0.4989285
3.556354	0.5077083
3.559688	0.5166603
3.563021	0.525727
3.566354	0.5349372
3.569688	0.5443195
3.573021	0.553874
3.576354	0.5636007
3.579688	0.5735281
3.583021	0.5836852
3.586354	0.5940718
3.589688	0.6047453
3.593021	0.6157344
3.596354	0.6270104
3.599688	0.6386307
3.603021	0.6506241
3.606354	0.6629904
3.609688	0.6757585
3.613021	0.6888995
3.616354	0.7024422
3.619688	0.7163292
3.623021	0.7305605
3.626354	0.7451362
3.629688	0.7599987
3.633021	0.7750908
3.636354	0.7904125
3.639688	0.8059062
3.643021	0.8215435
3.646354	0.8372668
3.649688	0.8530762
3.653021	0.8688569
3.656354	0.8846089
3.659688	0.9002748
3.663021	0.9157686
3.666354	0.9310329
3.669688	0.9460389
3.673021	0.9607006
3.676354	0.9749606
3.679688	0.9888189
3.683021	1.002189
3.686354	1.015015
3.689687	1.027295
3.693021	1.038973
3.696354	1.050048
3.699687	1.060435
3.703021	1.070161
3.706354	1.079199
3.709687	1.087549
3.713021	1.095238
3.716354	1.102239
3.719687	1.108637
3.723021	1.114433
3.726354	1.119713
3.729687	1.124562
3.733021	1.12898
3.736354	1.133112
3.739687	1.137043
3.743021	1.14083
3.746354	1.144675
3.749687	1.148634
3.753021	1.152881
3.756354	1.157558
3.759687	1.162837
3.763021	1.168862
3.766354	1.175863
3.769687	1.183954
3.773021	1.193394
3.776354	1.204326
3.779687	1.216922
3.783021	1.231411
3.786354	1.247909
3.789687	1.266617
3.793021	1.287677
3.796354	1.311204
3.799687	1.337314
3.803021	1.366121
3.806354	1.39774
3.809688	1.432228
3.813021	1.469643
3.816354	1.51007
3.819688	1.553453
3.823021	1.599819
3.826354	1.649112
3.829688	1.701246
3.833021	1.756077
3.836354	1.813461
3.839688	1.873141
3.843021	1.934915
3.846354	1.998497
3.849688	2.063571
3.853021	2.129821
3.856354	2.196875
3.859688	2.264387
3.863021	2.331958
3.866354	2.399183
3.869688	2.465721
3.873021	2.531082
3.876354	2.594922
3.879688	2.656811
3.883021	2.716347
3.886354	2.773158
3.889688	2.826869
3.893021	2.877109
3.896354	2.923619
3.899688	2.966026
3.903021	3.004101
3.906354	3.037556
3.909688	3.06622
3.913021	3.089891
3.916354	3.108426
3.919688	3.121768
3.923021	3.12983
3.926354	3.132613
3.929688	3.130146
3.933021	3.122514
3.936354	3.109832
3.939687	3.092272
3.943021	3.070007
3.946354	3.043266
3.949687	3.012278
3.953021	2.977302
3.956354	2.938654
3.959687	2.896591
3.963021	2.85143
3.966354	2.803457
3.969687	2.752958
3.973021	2.700251
3.976354	2.645649
3.979687	2.589441
3.983021	2.531914
3.986354	2.47341
3.989687	2.414161
3.993021	2.354481
3.996354	2.294629
3.999687	2.234863
4.003021	2.175442
4.006354	2.116537
4.009687	2.058435
4.013021	2.001251
4.016354	1.945244
4.019688	1.890586
4.023021	1.837419
4.026354	1.785917
4.029687	1.736222
4.033021	1.688507
4.036354	1.642829
4.039688	1.599389
4.043021	1.558273
4.046354	1.519567
4.049687	1.483386
4.053021	1.449845
4.056354	1.41903
4.059688	1.391083
4.063021	1.36615
4.066354	1.344401
4.069687	1.325952
4.073021	1.311032
4.076354	1.2999
4.079688	1.292813
4.083021	1.290116
4.086354	1.292181
4.089687	1.299412
4.093021	1.312295
4.096354	1.331375
4.099688	1.357227
4.103021	1.390481
4.106354	1.431826
4.109687	1.48198
4.113021	1.541746
4.116354	1.611985
4.119688	1.693528
4.123021	1.787323
4.126354	1.894344
4.129687	2.015598
4.133021	2.152058
4.136354	2.3047
4.139688	2.474558
4.143021	2.662463
4.146354	2.869362
4.149687	3.095973
4.153021	3.342984
4.156354	3.610912
4.159688	3.900186
4.163021	4.211009
4.166354	4.543408
4.169687	4.897212
4.173021	5.272018
4.176354	5.667138
4.179688	6.081683
4.183021	6.514533
4.186354	6.964197
4.189688	7.429039
4.193021	7.907137
4.196354	8.396252
4.199687	8.894062
4.203021	9.397897
4.206354	9.904946
4.209688	10.41225
4.213021	10.91672
4.216354	11.41513
4.219687	11.90425
4.223021	12.38079
4.226354	12.84153
4.229688	13.28328
4.233021	13.70296
4.236354	14.09765
4.239687	14.46462
4.243021	14.80133
4.246354	15.10546
4.249688	15.37502
4.253021	15.60829
4.256354	15.80389
4.259687	15.96072
4.263021	16.0781
4.266354	16.15562
4.269688	16.19327
4.273021	16.19137
4.276354	16.15055
4.279687	16.07176
4.283021	15.95621
4.286354	15.80544
4.289688	15.62112
4.293021	15.40527
4.296354	15.16003
4.299687	14.88772
4.303021	14.59072
4.306354	14.27164
4.309688	13.93301
4.313021	13.57746
4.316354	13.20762
4.319687	12.82601
4.323021	12.43514
4.326354	12.03738
4.329688	11.63508
4.333021	11.23038
4.336354	10.82533
4.339687	10.42178
4.343021	10.02152
4.346354	9.626058
4.349688	9.236876
4.353021	8.855184
4.356354	8.482128
4.359687	8.118655
4.363021	7.765569
4.366354	7.423559
4.369688	7.093111
4.373021	6.774685
4.376354	6.468511
4.379687	6.174731
4.383021	5.893433
4.386354	5.62453
4.389688	5.367907
4.393021	5.123306
4.396354	4.890469
4.399687	4.669108
4.403021	4.458823
4.406354	4.259269
4.409688	4.070044
4.413021	3.890747
4.416354	3.720947
4.419687	3.560213
4.423021	3.408116
4.426354	3.264253
4.429688	3.128166
4.433021	2.999424
4.436354	2.877626
4.439688	2.762369
4.443021	2.653282
4.446354	2.54999
4.449687	2.452178
4.453021	2.359531
4.456354	2.271733
4.459688	2.188554
4.463021	2.109708
4.466354	2.034936
4.469687	1.964066
4.473021	1.896898
4.476354	1.833173
4.479688	1.772776
4.483021	1.715506
4.486354	1.661192
4.489687	1.609718
4.493021	1.560913
4.496354	1.514632
4.499688	1.470762
4.503021	1.429158
4.506354	1.389649
4.509687	1.352177
4.513021	1.316627
4.516354	1.282885
4.519688	1.250865
4.523021	1.220508
4.526354	1.19173
4.529687	1.164444
4.533021	1.138621
4.536354	1.114146
4.539688	1.090992
4.543021	1.069071
4.546354	1.048298
4.549687	1.028644
4.553021	1.010051
4.556354	0.9924628
4.559688	0.9758501
4.563021	0.9601841
4.566354	0.9454937
4.569687	0.9317789
4.573021	0.9189821
4.576354	0.9071897
4.579688	0.8963727
4.583021	0.88656
4.586354	0.8777515
4.589687	0.8699759
4.593021	0.8632906
4.596354	0.857753
4.599688	0.8534205
4.603021	0.8504078
4.606354	0.8487724
4.609687	0.8486576
4.613021	0.850207
4.616354	0.853564
4.619688	0.8589007
4.623021	0.8664181
4.626354	0.8762882
4.629687	0.8887119
4.633021	0.9038901
4.636354	0.9220809
4.639688	0.9434853
4.643021	0.9683901
4.646354	0.9970249
4.649687	1.029734
4.653021	1.066804
4.656354	1.108494
4.659688	1.155176
4.663021	1.207138
4.666354	1.264694
4.669687	1.328161
4.673021	1.397855
4.676354	1.474033
4.679688	1.556982
4.683021	1.646932
4.686354	1.744112
4.689688	1.848724
4.693021	1.960882
4.696354	2.0807
4.699687	2.208294
4.703021	2.343635
4.706354	2.486723
4.709688	2.637472
4.713021	2.795767
4.716354	2.961436
4.719687	3.134249
4.723021	3.313948
4.726354	3.500246
4.729688	3.692857
4.733021	3.891435
4.736354	4.095666
4.739687	4.30532
4.743021	4.520167
4.746354	4.740036
4.749688	4.964925
4.753021	5.194865
4.756354	5.430083
4.759687	5.67104
4.763021	5.918338
4.766354	6.172838
4.769688	6.435716
4.773021	6.708435
4.776354	6.992832
4.779687	7.291231
4.783021	7.606299
4.786354	7.941223
4.789688	8.299703
4.793021	8.6859
4.796354	9.104519
4.799687	9.560812
4.803021	10.06049
4.806354	10.60974
4.809688	11.21517
4.813021	11.88385
4.816354	12.6231
4.819687	13.44057
4.823021	14.34403
4.826354	15.3414
4.829688	16.44039
4.833021	17.64865
4.836354	18.9734
4.839687	20.42124
4.843021	21.99816
4.846354	23.70919
4.849688	25.5582
4.853021	27.54792
4.856354	29.67952
4.859687	31.95274
4.863021	34.36552
4.866354	36.91399
4.869688	39.59235
4.873021	42.39274
4.876354	45.30523
4.879687	48.31788
4.883021	51.41661
4.886354	54.58537
4.889688	57.80624
4.893021	61.05959
4.896354	64.32433
4.899687	67.57814
4.903021	70.79777
4.906354	73.95936
4.909688	77.03867
4.913021	80.01153
4.916354	82.85401
4.919687	85.54304
4.923021	88.05642
4.926354	90.37343
4.929688	92.47487
4.933021	94.34351
4.936354	95.96433
4.939688	97.32463
4.943021	98.41438
4.946354	99.22614
4.949687	99.75531
4.953021	100
4.956354	99.96115
4.959688	99.64241
4.963021	99.05
4.966354	98.19271
4.969687	97.08157
4.973021	95.72968
4.976354	94.15193
4.979688	92.36472
4.983021	90.38576
4.986354	88.23371
4.989687	85.92795
4.993021	83.48822
4.996354	80.93444
4.999688	78.28653
5.003021	75.564
5.006354	72.78597
5.009687	69.97081
5.013021	67.13605
5.016354	64.29822
5.019688	61.47264
5.023021	58.67343
5.026354	55.91342
5.029687	53.20401
5.033021	50.55535
5.036354	47.97615
5.039688	45.47388
5.043021	43.0547
5.046354	40.72357
5.049687	38.48432
5.053021	36.33963
5.056354	34.2913
5.059688	32.34003
5.063021	30.48579
5.066354	28.72777
5.069687	27.06454
5.073021	25.49407
5.076354	24.01396
5.079688	22.6213
5.083021	21.31299
5.086354	20.08565
5.089687	18.93567
5.093021	17.85939
5.096354	16.85305
5.099688	15.91283
5.103021	15.03494
5.106354	14.21569
5.109687	13.45142
5.113021	12.73864
5.116354	12.07396
5.119688	11.45421
5.123021	10.87626
5.126354	10.33722
5.129687	9.834277
5.133021	9.364815
5.136354	8.926369
5.139688	8.516587
5.143021	8.133317
5.146354	7.77455
5.149687	7.43845
5.153021	7.123295
5.156354	6.827593
5.159688	6.549882
5.163021	6.288926
5.166354	6.043522
5.169687	5.812521
5.173021	5.594948
5.176354	5.389799
5.179688	5.196242
5.183021	5.013473
5.186354	4.840746
5.189688	4.677429
5.193021	4.522922
5.196354	4.376764
5.199687	4.238439
5.203021	4.107574
5.206354	3.983796
5.209688	3.866731
5.213021	3.756037
5.216354	3.651368
5.219687	3.552466
5.223021	3.459016
5.226354	3.37073
5.229688	3.28735
5.233021	3.208676
5.236354	3.134478
5.239687	3.064527
5.243021	2.998707
5.246354	2.93676
5.249688	2.878544
5.253021	2.823857
5.256354	2.772526
5.259687	2.72441
5.263021	2.679248
5.266354	2.636956
5.269688	2.597274
5.273021	2.560089
5.276354	2.5252
5.279687	2.492462
5.283021	2.461675
5.286354	2.432696
5.289688	2.405352
5.293021	2.379472
5.296354	2.354854
5.299687	2.331355
5.303021	2.308774
5.306354	2.286968
5.309688	2.265707
5.313021	2.244877
5.316354	2.224304
5.319687	2.203818
5.323021	2.183303
5.326354	2.162645
5.329688	2.141728
5.333021	2.120467
5.336354	2.098776
5.339687	2.076597
5.343021	2.053902
5.346354	2.030604
5.349688	2.006703
5.353021	1.982142
5.356354	1.956951
5.359687	1.931128
5.363021	1.904645
5.366354	1.877531
5.369688	1.849785
5.373021	1.821466
5.376354	1.792602
5.379687	1.763192
5.383021	1.733324
5.386354	1.703025
5.389688	1.672296
5.393021	1.641279
5.396354	1.609947
5.399687	1.578415
5.403021	1.546739
5.406354	1.514948
5.409688	1.483128
5.413021	1.451366
5.416354	1.41969
5.419687	1.388157
5.423021	1.356854
5.426354	1.325837
5.429688	1.295137
5.433021	1.264809
5.436354	1.234912
5.439688	1.205445
5.443021	1.176494
5.446354	1.148061
5.449687	1.1202
5.453021	1.092914
5.456354	1.066259
5.459688	1.040235
5.463021	1.014843
5.466354	0.9900814
5.469687	0.9660086
5.473021	0.9425384
5.476354	0.9197281
5.479688	0.8974917
5.483021	0.8758578
5.486354	0.8547977
5.489687	0.8343115
5.493021	0.8143991
5.496354	0.7950319
5.499688	0.7762098
5.503021	0.7579329
5.506354	0.7402298
5.509687	0.7230432
5.513021	0.706373
5.516354	0.6902193
5.519688	0.6745247
5.523021	0.6593178
5.526354	0.6445413
5.529687	0.6301952
5.533021	0.6162508
5.536354	0.6027368
5.539688	0.5895958
5.543021	0.5768564
5.546354	0.5644901
5.549687	0.5525255
5.553021	0.5408765
5.556354	0.5296291
5.559688	0.5186974
5.563021	0.5080813
5.566354	0.4977808
5.569687	0.4877385
5.573021	0.4779545
5.576354	0.4684574
5.579688	0.4591611
5.583021	0.4501231
5.586354	0.4412859
5.589687	0.4327069
5.593021	0.4243575
5.596354	0.4162089
5.599688	0.4083186
5.603021	0.4006577
5.606354	0.3931978
5.609687	0.38591
5.613021	0.378823
5.616354	0.3719082
5.619688	0.3651655
5.623021	0.3585663
5.626354	0.3521392
5.629687	0.3458556
5.633021	0.3397442
5.636354	0.3338049
5.639688	0.3280665
5.643021	0.3224715
5.646354	0.3170774
5.649687	0.3118267
5.653021	0.3067195
5.656354	0.3017558
5.659688	0.2969068
5.663021	0.2921726
5.666354	0.2875531
5.669687	0.2830485
5.673021	0.2786585
5.676354	0.2743834
5.679688	0.270223
5.683021	0.2661488
5.686354	0.2621892
5.689688	0.2583158
5.693021	0.2545284
5.696354	0.2507984
5.699687	0.2471258
5.703021	0.2434819
5.706354	0.2399241
5.709688	0.2364236
5.713021	0.2330093
5.716354	0.2296523
5.719687	0.2263527
5.723021	0.2231392
5.726354	0.219983
5.729688	0.2169416
5.733021	0.2139577
5.736354	0.2110597
5.739687	0.2082766
5.743021	0.2055508
5.746354	0.2029685
5.749688	0.2004723
5.753021	0.1981196
5.756354	0.1958816
5.759687	0.193787
5.763021	0.1918073
5.766354	0.1899136
5.769688	0.188106
5.773021	0.1863558
5.776354	0.1846916
5.779687	0.1830562
5.783021	0.1814781
5.786354	0.1799574
5.789688	0.1784941
5.793021	0.1771169
5.796354	0.1758257
5.799687	0.1746207
5.803021	0.1735304
5.806354	0.1725261
5.809688	0.1716367
5.813021	0.1708333
5.816354	0.1701734
5.819687	0.1695995
5.823021	0.1691118
5.826354	0.1687388
5.829688	0.1684518
5.833021	0.168251
5.836354	0.1681075
5.839687	0.1680215
5.843021	0.1679928
5.846354	0.1679641
5.849688	0.1679641
5.853021	0.1679928
5.856354	0.1680502
5.859687	0.1681936
5.863021	0.1683945
5.866354	0.1686814
5.869688	0.1691118
5.873021	0.1696569
5.876354	0.1703168
5.879687	0.1710628
5.883021	0.1718949
5.886354	0.1728131
5.889688	0.1737312
5.893021	0.1746494
5.896354	0.1755101
5.899687	0.1763422
5.903021	0.1770595
5.906354	0.1776907
5.909688	0.1782072
5.913021	0.1786089
5.916354	0.1789245
5.919687	0.1791253
5.923021	0.1792114
5.926354	0.1792114
5.929688	0.1791253
5.933021	0.1789532
5.936354	0.178695
5.939688	0.1783507
5.943021	0.1779203
5.946354	0.1773751
5.949687	0.1767152
5.953021	0.1759979
5.956354	0.1751945
5.959688	0.1743051
5.963021	0.1733582
5.966354	0.172354
5.969687	0.1713211
5.973021	0.1702881
5.976354	0.1692552
5.979688	0.1682223
5.983021	0.1671894
5.986354	0.1661565
5.989687	0.1651236
5.993021	0.1640333
5.996354	0.1629429
5.999688	0.1618526
6.003021	0.1607337
6.006354	0.1596147
6.009687	0.1584957
6.013021	0.157434
6.016354	0.1564298
6.019688	0.155483
6.023021	0.1545648
6.026354	0.1537041
6.029687	0.1529007
6.033021	0.152126
6.036354	0.15138
6.039688	0.1506914
6.043021	0.1500602
6.046354	0.1494863
6.049687	0.1489985
6.053021	0.1485968
6.056354	0.1482812
6.059688	0.1480517
6.063021	0.1478795
6.066354	0.1477648
6.069687	0.1476787
6.073021	0.1476213
6.076354	0.1475926
6.079688	0.1475639
6.083021	0.1475352
6.086354	0.1475639
6.089687	0.14765
6.093021	0.1477361
6.096354	0.1478795
6.099688	0.1480804
6.103021	0.1482525
6.106354	0.1484247
6.109687	0.1485682
6.113021	0.1486542
6.116354	0.1486542
6.119688	0.1485682
6.123021	0.1483673
6.126354	0.1480517
6.129687	0.14765
6.133021	0.1471622
6.136354	0.1465884
6.139688	0.1458998
6.143021	0.1451538
6.146354	0.1443217
6.149687	0.1434323
6.153021	0.142428
6.156354	0.1413377
6.159688	0.1401613
6.163021	0.1389276
6.166354	0.1376364
6.169687	0.1362879
6.173021	0.1349107
6.176354	0.1335048
6.179688	0.1321275
6.183021	0.1307503
6.186354	0.1293731
6.189688	0.1279959
6.193021	0.1266186
6.196354	0.1252414
6.199687	0.1238355
6.203021	0.1224009
6.206354	0.1209663
6.209688	0.119503
6.213021	0.1180397
6.216354	0.116519
6.219687	0.115027
6.223021	0.1135637
6.226354	0.1121004
6.229688	0.1106658
6.233021	0.1092886
6.236354	0.10794
6.239687	0.1066776
6.243021	0.1054725
6.246354	0.1043248
6.249688	0.1032919
6.253021	0.1023164
6.256354	0.1013982
6.259687	0.1005948
6.263021	0.09982013
6.266354	0.09907413
6.269688	0.09838552
6.273021	0.09769691
6.276354	0.0970083
6.279687	0.09629099
6.283021	0.09557369
6.286354	0.09482769
6.289688	0.09411038
6.293021	0.09336439
6.296354	0.09267577
6.299687	0.09201585
6.303021	0.09144201
6.306354	0.09092555
6.309688	0.09046648
6.313021	0.09006479
6.316354	0.08972048
6.319687	0.08943356
6.323021	0.08917533
6.326354	0.0889171
6.329688	0.08865887
6.333021	0.08840064
6.336354	0.08814241
6.339687	0.08785549
6.343021	0.08756857
6.346354	0.08725295
6.349688	0.08690864
6.353021	0.08653565
6.356354	0.08616265
6.359687	0.08573227
6.363021	0.08533057
6.366354	0.08490019
6.369688	0.08446981
6.373021	0.08409681
6.376354	0.08369512
6.379687	0.08335081
6.383021	0.08300651
6.386354	0.08271958
6.389688	0.08243266
6.393021	0.08220313
6.396354	0.08197359
6.399687	0.08174405
6.403021	0.08154321
6.406354	0.08137105
6.409688	0.08117021
6.413021	0.08096936
6.416354	0.08073982
6.419687	0.08051029
6.423021	0.08028075
6.426354	0.08002252
6.429688	0.0797356
6.433021	0.07944868
6.436354	0.07913306
6.439688	0.07887483
6.443021	0.0786166
6.446354	0.07838706
6.449687	0.07821491
6.453021	0.07807145
6.456354	0.07795668
6.459688	0.0778993
6.463021	0.0778993
6.466354	0.07792799
6.469687	0.07801407
6.473021	0.07815753
6.476354	0.07835837
6.479688	0.07855922
6.483021	0.07881745
6.486354	0.07910437
6.489687	0.07941998
6.493021	0.07976429
6.496354	0.0801086
6.499688	0.08048159
6.503021	0.08088328
6.506354	0.08131367
6.509687	0.08177274
6.513021	0.08226051
6.516354	0.08283435
6.519688	0.0834082
6.523021	0.08406812
6.526354	0.08472804
6.529687	0.08541665
6.533021	0.08610526
6.536354	0.08679388
6.539688	0.0874538
6.543021	0.08808502
6.546354	0.08868756
6.549687	0.0892614
6.553021	0.08980656
6.556354	0.09029432
6.559688	0.0907534
6.563021	0.09115509
6.566354	0.09149939
6.569687	0.09178632
6.573021	0.09204455
6.576354	0.0922167
6.579688	0.09233147
6.583021	0.09238885
6.586354	0.09241754
6.589687	0.09238885
6.593021	0.09233147
6.596354	0.09224539
6.599688	0.09215931
6.603021	0.09204455
6.606354	0.09190108
6.609687	0.09175762
6.613021	0.09158547
6.616354	0.09135593
6.619688	0.0911264
6.623021	0.09083947
6.626354	0.09055255
6.629687	0.09020825
6.633021	0.08983525
6.636354	0.08946225
6.639688	0.08906056
6.643021	0.08865887
6.646354	0.08825718
6.649687	0.08785549
6.653021	0.0874538
6.656354	0.08699472
6.659688	0.08650695
6.663021	0.0859618
6.666354	0.08535927
6.669687	0.08464196
6.673021	0.08380989
6.676354	0.08289174
6.679688	0.08185882
6.683021	0.08073982
6.686354	0.07953475
6.689688	0.07832968
6.693021	0.07706722
6.696354	0.07580477
6.699687	0.07451362
6.703021	0.07322247
6.706354	0.07193132
6.709688	0.07061148
6.713021	0.06932033
6.716354	0.06800049
6.719687	0.06668065
6.723021	0.0653895
6.726354	0.06415574
6.729688	0.06300805
6.733021	0.06200382
6.736354	0.06117175
6.739687	0.06051183
6.743021	0.06002406
6.746354	0.05973714
6.749688	0.05965107
6.753021	0.05970845
6.756354	0.0598806
6.759687	0.06016752
6.763021	0.06051183
6.766354	0.06091352
6.769688	0.0613726
6.773021	0.06186036
6.776354	0.06234813
6.779687	0.06289328
6.783021	0.06343843
6.786354	0.06398359
6.789688	0.06455743
6.793021	0.06513127
6.796354	0.06567642
6.799687	0.06622158
6.803021	0.06670934
6.806354	0.06713973
6.809688	0.06751272
6.813021	0.06779965
6.816354	0.06794311
6.819687	0.06800049
6.823021	0.06791442
6.826354	0.06765619
6.829688	0.0672545
6.833021	0.06670934
6.836354	0.06599204
6.839687	0.06510258
6.843021	0.06401228
6.846354	0.06274982
6.849688	0.06128652
6.853021	0.05959368
6.856354	0.0576713
6.859687	0.05551939
6.863021	0.05310924
6.866354	0.05046956
6.869688	0.04760034
6.873021	0.04455897
6.876354	0.04134545
6.879687	0.03804584
6.883021	0.03466017
6.886354	0.0312171
6.889688	0.02780273
6.893021	0.02441706
6.896354	0.02111745
6.899687	0.01793262
6.903021	0.01491994
6.906354	0.0121368
6.909688	0.009583198
6.913021	0.007287823
6.916354	0.005308062
6.919687	0.003615223
6.923021	0.00226669
6.926354	0.001233764
6.929688	0.0005164594
6.933021	0.0001147688
6.936354	0
6.939688	0.0001147688
6.943021	0.0004877672
6.946354	0.001032919
6.949687	0.001721531
6.953021	0.00252492
6.956354	0.003385685
6.959688	0.004332527
6.963021	0.005308062
6.966354	0.006283596
6.969687	0.007287823
6.973021	0.008292049
6.976354	0.009267584
6.979688	0.01024312
6.983021	0.01121865
6.986354	0.01219419
6.989687	0.01314103
6.993021	0.01408787
6.996354	0.0150921
6.999688	0.01612502
7.003021	0.01724401
7.006354	0.01844908
7.009687	0.01979761
7.013021	0.02128961
7.016354	0.02298245
7.019688	0.02487613
7.023021	0.02697066
7.026354	0.02926604
7.029687	0.03173356
7.033021	0.03440194
7.036354	0.03721377
7.039688	0.04014038
7.043021	0.04312437
7.046354	0.04613705
7.049687	0.04914972
7.053021	0.05207633
7.056354	0.05491685
7.059688	0.05761392
7.063021	0.06013883
7.066354	0.06240551
7.069687	0.06441397
7.073021	0.06610681
7.076354	0.06748403
7.079688	0.06848826
7.083021	0.06917687
7.086354	0.06949249
7.089687	0.06946379
7.093021	0.06911949
7.096354	0.06848826
7.099688	0.06757011
7.103021	0.06642242
7.106354	0.06507389
7.109687	0.0635532
7.113021	0.06188906
7.116354	0.06013883
7.119688	0.05827384
7.123021	0.05640885
7.126354	0.05451516
7.129687	0.05265017
7.133021	0.05081387
7.136354	0.04903495
7.139688	0.04737081
7.143021	0.04579274
7.146354	0.04432944
7.149687	0.0429809
7.153021	0.04177583
7.156354	0.04074291
7.159688	0.03985346
7.163021	0.03916484
7.166354	0.03864838
7.169687	0.03833277
7.173021	0.03818931
7.176354	0.03824669
7.179688	0.03850492
7.183021	0.03890661
7.186354	0.03942307
7.189688	0.04008299
7.193021	0.04085768
7.196354	0.04168976
7.199687	0.04260791
7.203021	0.04355475
7.206354	0.04453028
7.209688	0.0455632
7.213021	0.04662481
7.216354	0.04771511
7.219687	0.04883411
7.223021	0.0499531
7.226354	0.05110079
7.229688	0.05227717
7.233021	0.05342486
7.236354	0.05460124
7.239687	0.05574893
7.243021	0.05692531
7.246354	0.058073
7.249688	0.05924937
7.253021	0.06042575
7.256354	0.06163083
7.259687	0.06286459
7.263021	0.06412705
7.266354	0.06541819
7.269688	0.06673804
7.273021	0.06808657
7.276354	0.06946379
7.279687	0.07081233
7.283021	0.07218955
7.286354	0.07353808
7.289688	0.07488662
7.293021	0.07623515
7.296354	0.07758368
7.299687	0.07893222
7.303021	0.08030944
7.306354	0.08165797
7.309688	0.0830352
7.313021	0.08438373
7.316354	0.08570357
7.319687	0.08699472
7.323021	0.08819979
7.326354	0.08931879
7.329688	0.09032302
7.333021	0.09124116
7.336354	0.09204455
7.339687	0.09273316
7.343021	0.09336439
7.346354	0.09388085
7.349688	0.09433992
7.353021	0.09471292
7.356354	0.09502853
7.359687	0.09525807
7.363021	0.09540153
7.366354	0.09548761
7.369688	0.09545892
7.373021	0.09537284
7.376354	0.095172
7.379687	0.09488507
7.383021	0.09451208
7.386354	0.09408169
7.389688	0.09353654
7.393021	0.0929627
7.396354	0.09233147
7.399687	0.09164285
7.403021	0.09092555
7.406354	0.09020825
7.409688	0.08943356
7.413021	0.08868756
7.416354	0.08794156
7.419687	0.08719557
7.423021	0.08644957
7.426354	0.08570357
7.429688	0.08498627
7.433021	0.08429765
7.436354	0.08360904
7.439688	0.08292043
7.443021	0.08226051
7.446354	0.08162928
7.449687	0.08096936
7.453021	0.08033813
7.456354	0.0797356
7.459688	0.07910437
7.463021	0.07853053
7.466354	0.07795668
7.469687	0.07738284
7.473021	0.07683769
7.476354	0.07632123
7.479688	0.07583346
7.483021	0.07540308
7.486354	0.07497269
7.489687	0.0745997
7.493021	0.07425539
7.496354	0.07393978
7.499688	0.07365285
7.503021	0.07339462
7.506354	0.07313639
7.509687	0.07290686
7.513021	0.07270601
7.516354	0.07247647
7.519688	0.07230432
7.523021	0.07213217
7.526354	0.07196001
7.529687	0.07181655
7.533021	0.07167309
7.536354	0.07158702
7.539688	0.07147225
7.543021	0.07138617
7.546354	0.07132879
7.549687	0.0712714
7.553021	0.07124271
7.556354	0.07121402
7.559688	0.07121402
7.563021	0.07124271
7.566354	0.0712714
7.569687	0.07132879
7.573021	0.07135748
7.576354	0.07135748
7.579688	0.07138617
7.583021	0.07135748
7.586354	0.07130009
7.589687	0.07124271
7.593021	0.07115663
7.596354	0.07107056
7.599688	0.07098448
7.603021	0.07092709
7.606354	0.0708984
7.609687	0.07092709
7.613021	0.07095579
7.616354	0.07104186
7.619688	0.07115663
7.623021	0.07124271
7.626354	0.07130009
7.629687	0.07132879
7.633021	0.0712714
7.636354	0.07118532
7.639688	0.07104186
7.643021	0.07086971
7.646354	0.07069756
7.649687	0.0705254
7.653021	0.07038194
7.656354	0.07029587
7.659688	0.07029587
7.663021	0.07035325
7.666354	0.07043933
7.669687	0.0705541
7.673021	0.07066887
7.676354	0.07078363
7.679688	0.07086971
7.683021	0.07092709
7.686354	0.07095579
7.689688	0.07095579
7.693021	0.07095579
7.696354	0.07095579
7.699687	0.07095579
7.703021	0.07098448
7.706354	0.07098448
7.709688	0.07101317
7.713021	0.07104186
7.716354	0.07101317
7.719687	0.07098448
7.723021	0.07092709
7.726354	0.07086971
7.729688	0.07081233
7.733021	0.07078363
7.736354	0.07075494
7.739687	0.07075494
7.743021	0.07075494
7.746354	0.07078363
7.749688	0.07078363
7.753021	0.07075494
7.756354	0.07069756
7.759687	0.07058279
7.763021	0.07041064
7.766354	0.0701811
7.769688	0.06989418
7.773021	0.06960725
7.776354	0.06929164
7.779687	0.06900472
7.783021	0.06877518
7.786354	0.06863172
7.789688	0.06857434
7.793021	0.06860303
7.796354	0.0686891
7.799687	0.06886126
7.803021	0.06903341
7.806354	0.06923426
7.809688	0.06940641
7.813021	0.06952118
7.816354	0.06957856
7.819687	0.06957856
7.823021	0.06954987
7.826354	0.06949249
7.829688	0.06940641
7.833021	0.06934902
7.836354	0.06934902
7.839687	0.06937772
7.843021	0.0694351
7.846354	0.06954987
7.849688	0.06966464
7.853021	0.0698081
7.856354	0.06989418
7.859687	0.06992287
7.863021	0.06992287
7.866354	0.06986548
7.869688	0.06972202
7.873021	0.06954987
7.876354	0.06932033
7.879687	0.06909079
7.883021	0.06888995
7.886354	0.0686891
7.889688	0.06857434
7.893021	0.06848826
7.896354	0.06845957
7.899687	0.06848826
7.903021	0.06854564
7.906354	0.06866041
7.909688	0.06874649
7.913021	0.06883257
7.916354	0.06886126
7.919687	0.06886126
7.923021	0.06883257
7.926354	0.06874649
7.929688	0.06866041
7.933021	0.06854564
7.936354	0.06845957
7.939688	0.06837349
7.943021	0.0683448
7.946354	0.06831611
7.949687	0.06831611
7.953021	0.06828741
7.956354	0.06828741
7.959688	0.06823003
7.963021	0.06811526
7.966354	0.0679718
7.969687	0.06779965
7.973021	0.06757011
7.976354	0.06731188
7.979688	0.06702496
7.983021	0.06676673
7.986354	0.06653719
7.989687	0.06633634
7.993021	0.06619288
7.996354	0.06610681
7.999688	0.06604942
8.003021	0.06599204
8.006354	0.06596335
8.009687	0.06593465
8.013021	0.06587727
8.016355	0.06581989
8.019688	0.0657625
8.023021	0.06567642
8.026354	0.06561904
8.029688	0.06553296
8.033021	0.06544689
8.036354	0.0653895
8.039687	0.06533212
8.043021	0.06527473
8.046354	0.06521735
8.049687	0.06515996
8.05302	0.06510258
8.056355	0.0650452
8.059688	0.0650165
8.063021	0.06498781
8.066354	0.06498781
8.069688	0.0650165
8.073021	0.06507389
8.076354	0.06513127
8.079687	0.06518866
8.083021	0.06527473
8.086354	0.06530343
8.089687	0.06536081
8.09302	0.06541819
8.096354	0.06544689
8.099688	0.06547558
8.103021	0.06550427
8.106354	0.06553296
8.109688	0.06556166
8.113021	0.06559035
8.116354	0.06559035
8.119687	0.06559035
8.123021	0.06556166
8.126354	0.06553296
8.129687	0.06544689
8.13302	0.06536081
8.136354	0.06524604
8.139688	0.06510258
8.143021	0.06495912
8.146354	0.06481566
8.149688	0.0646722
8.153021	0.06455743
8.156354	0.06450004
8.159687	0.06447135
8.163021	0.06452874
8.166354	0.06464351
8.169687	0.06478697
8.17302	0.06498781
8.176354	0.06518866
8.179688	0.0653895
8.183021	0.06556166
8.186355	0.06567642
8.189688	0.0657625
8.193021	0.0657625
8.196354	0.06570512
8.199688	0.06561904
8.203021	0.06553296
8.206354	0.06547558
8.209687	0.06541819
8.213021	0.06541819
8.216354	0.06544689
8.219687	0.06550427
8.223021	0.06556166
8.226355	0.06564773
8.229688	0.06570512
8.233021	0.06570512
8.236354	0.06570512
8.239688	0.06564773
8.243021	0.06556166
8.246354	0.06547558
8.249687	0.06541819
8.253021	0.06536081
8.256354	0.06536081
8.259687	0.0653895
8.263021	0.06550427
8.266355	0.06564773
8.269688	0.06584858
8.273021	0.06607811
8.276354	0.06630765
8.279688	0.06653719
8.283021	0.06670934
8.286354	0.0668815
8.289687	0.06699627
8.293021	0.06708234
8.296354	0.06713973
8.299687	0.06716842
8.30302	0.0672258
8.306355	0.0672545
8.309688	0.06734057
8.313021	0.06739796
8.316354	0.06751272
8.319688	0.0675988
8.323021	0.06768488
8.326354	0.06777095
8.329687	0.06779965
8.333021	0.06782834
8.336354	0.06782834
8.339687	0.06779965
8.34302	0.06774226
8.346354	0.06768488
8.349688	0.06762749
8.353021	0.06757011
8.356354	0.06751272
8.359688	0.06745534
8.363021	0.06742665
8.366354	0.06739796
8.369687	0.06734057
8.373021	0.06731188
8.376354	0.0672545
8.379687	0.06719711
8.38302	0.06713973
8.386354	0.06711103
8.389688	0.06705365
8.393021	0.06699627
8.396354	0.06693888
8.399688	0.0668528
8.403021	0.06676673
8.406354	0.06665196
8.409687	0.06647981
8.413021	0.06630765
8.416354	0.06610681
8.419687	0.06584858
8.42302	0.06561904
8.426354	0.06536081
8.429688	0.06510258
8.433021	0.06490174
8.436355	0.06470089
8.439688	0.06452874
8.443021	0.06441397
8.446354	0.06432789
8.449688	0.06424181
8.453021	0.06418443
8.456354	0.06412705
8.459687	0.06404097
8.463021	0.06395489
8.466354	0.06386882
8.469687	0.06375405
8.473021	0.06363928
8.476355	0.06358189
8.479688	0.06352451
8.483021	0.06349582
8.486354	0.06352451
8.489688	0.06358189
8.493021	0.06366797
8.496354	0.06375405
8.499687	0.06384012
8.503021	0.0639262
8.506354	0.06395489
8.509687	0.06395489
8.513021	0.06389751
8.516355	0.06384012
8.519688	0.06372536
8.523021	0.06363928
8.526354	0.06352451
8.529688	0.06346713
8.533021	0.06343843
8.536354	0.06343843
8.539687	0.06346713
8.543021	0.0635532
8.546354	0.06361059
8.549687	0.06369666
8.55302	0.06378274
8.556355	0.06384012
8.559688	0.06386882
8.563021	0.06389751
8.566354	0.06389751
8.569688	0.06386882
8.573021	0.06386882
8.576354	0.06386882
8.579687	0.06389751
8.583021	0.06395489
8.586354	0.06404097
8.589687	0.06415574
8.59302	0.06432789
8.596354	0.06452874
8.599688	0.06478697
8.603021	0.06507389
8.606354	0.0653895
8.609688	0.06573381
8.613021	0.06610681
8.616354	0.06647981
8.619687	0.0668528
8.623021	0.06728319
8.626354	0.06771357
8.629687	0.06817265
8.63302	0.06866041
8.636354	0.06914818
8.639688	0.06966464
8.643021	0.07020979
8.646354	0.07075494
8.649688	0.07130009
8.653021	0.07184525
8.656354	0.0723904
8.659687	0.07293555
8.663021	0.0734807
8.666354	0.07399716
8.669687	0.07448493
8.67302	0.07497269
8.676354	0.07540308
8.679688	0.07583346
8.683021	0.07620646
8.686355	0.07655076
8.689688	0.07683769
8.693021	0.07706722
8.696354	0.07723938
8.699688	0.07735415
8.703021	0.07741153
8.706354	0.07738284
8.709687	0.07726807
8.713021	0.07709592
8.716354	0.07686638
8.719687	0.07657946
8.723021	0.07623515
8.726355	0.07586215
8.729688	0.07546046
8.733021	0.07503008
8.736354	0.074571
8.739688	0.07411193
8.743021	0.07365285
8.746354	0.07316509
8.749687	0.07264863
8.753021	0.07213217
8.756354	0.07158702
8.759687	0.07107056
8.763021	0.0705254
8.766355	0.07003764
8.769688	0.06952118
8.773021	0.0690621
8.776354	0.06860303
8.779688	0.06817265
8.783021	0.06777095
8.786354	0.06739796
8.789687	0.06705365
8.793021	0.06670934
8.796354	0.06639373
8.799687	0.0661355
8.80302	0.06587727
8.806355	0.06564773
8.809688	0.06541819
8.813021	0.06521735
8.816354	0.0650452
8.819688	0.06487304
8.823021	0.06470089
8.826354	0.06452874
8.829687	0.06435658
8.833021	0.06418443
8.836354	0.06401228
8.839687	0.06384012
8.84302	0.06366797
8.846354	0.06349582
8.849688	0.06329497
8.853021	0.06312282
8.856354	0.06295067
8.859688	0.06280721
8.863021	0.06266374
8.866354	0.06254898
8.869687	0.06243421
8.873021	0.06234813
8.876354	0.06226205
8.879687	0.06220467
8.88302	0.06211859
8.886354	0.06203252
8.889688	0.06194644
8.893021	0.06186036
8.896354	0.06177429
8.899688	0.06168821
8.903021	0.06160213
8.906354	0.06151606
8.909687	0.06142998
8.913021	0.06131521
8.916354	0.06120044
8.919687	0.06105698
8.92302	0.06088483
8.926354	0.06074137
8.929688	0.06056922
8.933021	0.06042575
8.936355	0.06033968
8.939688	0.06028229
8.943021	0.06028229
8.946354	0.06031099
8.949688	0.06039706
8.953021	0.06051183
8.956354	0.06065529
8.959687	0.06082745
8.963021	0.0609996
8.966354	0.06117175
8.969687	0.06131521
8.973021	0.06142998
8.976355	0.06154475
8.979688	0.06160213
8.983021	0.06165952
8.986354	0.06168821
8.989688	0.06168821
8.993021	0.06165952
8.996354	0.06163083
8.999687	0.06157344
9.003021	0.06148736
9.006354	0.06142998
9.009687	0.0613439
9.013021	0.06125783
9.016355	0.06117175
9.019688	0.06108567
9.023021	0.0609996
9.026354	0.06091352
9.029688	0.06082745
9.033021	0.06074137
9.036354	0.06068398
9.039687	0.0606266
9.043021	0.06059791
9.046354	0.06059791
9.049687	0.06059791
9.05302	0.06065529
9.056355	0.06074137
9.059688	0.06088483
9.063021	0.06102829
9.066354	0.06122913
9.069688	0.06142998
9.073021	0.06168821
9.076354	0.06191775
9.079687	0.06217598
9.083021	0.06237682
9.086354	0.06252028
9.089687	0.06257767
9.09302	0.06257767
9.096354	0.06252028
9.099688	0.06240551
9.103021	0.06226205
9.106354	0.06206121
9.109688	0.06186036
9.113021	0.0617169
9.116354	0.06160213
9.119687	0.06154475
9.123021	0.06151606
9.126354	0.06151606
9.129687	0.06154475
9.13302	0.06154475
9.136354	0.06151606
9.139688	0.06145867
9.143021	0.0613439
9.146354	0.06122913
9.149688	0.06105698
9.153021	0.06091352
9.156354	0.06079875
9.159687	0.06071268
9.163021	0.06071268
9.166354	0.06077006
9.169687	0.06088483
9.17302	0.06105698
9.176354	0.06125783
9.179688	0.06145867
9.183021	0.06165952
9.186355	0.06180298
9.189688	0.06191775
9.193021	0.06194644
9.196354	0.06194644
9.199688	0.06186036
9.203021	0.06177429
9.206354	0.06163083
9.209687	0.06151606
9.213021	0.0613726
9.216354	0.06125783
9.219687	0.06117175
9.223021	0.06111437
9.226355	0.06105698
9.229688	0.0609996
9.233021	0.06097091
9.236354	0.06094221
9.239688	0.06088483
9.243021	0.06082745
9.246354	0.06071268
9.249687	0.0606266
9.253021	0.06048314
9.256354	0.06036837
9.259687	0.0602536
9.263021	0.06016752
9.266355	0.06008145
9.269688	0.06005276
9.273021	0.06002406
9.276354	0.06005276
9.279688	0.06011014
9.283021	0.06019622
9.286354	0.06031099
9.289687	0.06039706
9.293021	0.06048314
9.296354	0.06054052
9.299687	0.0606266
9.30302	0.06068398
9.306355	0.06071268
9.309688	0.06074137
9.313021	0.06077006
9.316354	0.06079875
9.319688	0.06082745
9.323021	0.06085614
9.326354	0.06088483
9.329687	0.06094221
9.333021	0.06097091
9.336354	0.0609996
9.339687	0.06102829
9.34302	0.06108567
9.346354	0.06117175
9.349688	0.06125783
9.353021	0.0613726
9.356354	0.06148736
9.359688	0.06160213
9.363021	0.0617169
9.366354	0.06183167
9.369687	0.06191775
9.373021	0.06200382
9.376354	0.0620899
9.379687	0.06217598
9.38302	0.06226205
9.386354	0.06237682
9.389688	0.06249159
9.393021	0.06263505
9.396354	0.06277851
9.399688	0.06289328
9.403021	0.06295067
9.406354	0.06295067
9.409687	0.06289328
9.413021	0.06277851
9.416354	0.06260636
9.419687	0.06243421
9.42302	0.06223336
9.426354	0.06203252
9.429688	0.06183167
9.433021	0.06168821
9.436355	0.06157344
9.439688	0.06148736
9.443021	0.06142998
9.446354	0.0613726
9.449688	0.06128652
9.453021	0.06120044
9.456354	0.06111437
9.459687	0.06102829
9.463021	0.06094221
9.466354	0.06085614
9.469687	0.06077006
9.473021	0.06071268
9.476355	0.06065529
9.479688	0.06059791
9.483021	0.06056922
9.486354	0.06056922
9.489688	0.06056922
9.493021	0.06054052
9.496354	0.06054052
9.499687	0.06056922
9.503021	0.06056922
9.506354	0.06059791
9.509687	0.0606266
9.513021	0.06065529
9.516355	0.06065529
9.519688	0.0606266
9.523021	0.06059791
9.526354	0.06051183
9.529688	0.06042575
9.533021	0.06028229
9.536354	0.06016752
9.539687	0.06002406
9.543021	0.0598806
9.546354	0.05976583
9.549687	0.05962237
9.55302	0.05947891
9.556355	0.05936414
9.559688	0.05924937
9.563021	0.05910591
9.566354	0.05899115
9.569688	0.05887638
9.573021	0.05876161
9.576354	0.05867553
9.579687	0.05864684
9.583021	0.05864684
9.586354	0.05867553
9.589687	0.05876161
9.59302	0.05887638
9.596354	0.05901984
9.599688	0.0591633
9.603021	0.05930676
9.606354	0.05945022
9.609688	0.05959368
9.613021	0.05973714
9.616354	0.05985191
9.619687	0.05996668
9.623021	0.06005276
9.626354	0.06013883
9.629687	0.06016752
9.63302	0.06022491
9.636354	0.06022491
9.639688	0.06019622
9.643021	0.06013883
9.646354	0.06005276
9.649688	0.05993799
9.653021	0.05982322
9.656354	0.05973714
9.659687	0.05965107
9.663021	0.05956499
9.666354	0.0595076
9.669687	0.05942153
9.67302	0.05936414
9.676354	0.05930676
9.679688	0.05924937
9.683021	0.05919199
9.686355	0.05919199
9.689688	0.05922068
9.693021	0.05933545
9.696354	0.05947891
9.699688	0.05965107
9.703021	0.0598806
9.706354	0.06011014
9.709687	0.06033968
9.713021	0.06048314
9.716354	0.06054052
9.719687	0.06054052
9.723021	0.06045445
9.726355	0.06028229
9.729688	0.06011014
9.733021	0.05996668
9.736354	0.0599093
9.739688	0.05999537
9.743021	0.06022491
9.746354	0.06059791
9.749687	0.06111437
9.753021	0.06168821
9.756354	0.06223336
9.759687	0.06274982
9.763021	0.06306544
9.766355	0.0631802
9.769688	0.06306544
9.773021	0.06272113
9.776354	0.06220467
9.779688	0.06157344
9.783021	0.06094221
9.786354	0.06036837
9.789687	0.0598806
9.793021	0.0595076
9.796354	0.05927807
9.799687	0.0591633
9.80302	0.05913461
9.806355	0.05913461
9.809688	0.05913461
9.813021	0.05910591
9.816354	0.05904853
9.819688	0.05896245
9.823021	0.05884768
9.826354	0.05873292
9.829687	0.05864684
9.833021	0.05856076
9.836354	0.05850338
9.839687	0.05847469
9.84302	0.05844599
9.846354	0.0584173
9.849688	0.0584173
9.853021	0.05838861
9.856354	0.05835992
9.859688	0.05835992
9.863021	0.05830253
9.866354	0.05827384
9.869687	0.05821646
9.873021	0.05818776
9.876354	0.05813038
9.879687	0.05810169
9.88302	0.058073
9.886354	0.058073
9.889688	0.05810169
9.893021	0.05813038
9.896354	0.05821646
9.899688	0.05833122
9.903021	0.0584173
9.906354	0.05853207
9.909687	0.05861815
9.913021	0.05870422
9.916354	0.05873292
9.919687	0.05873292
9.92302	0.05873292
9.926354	0.05870422
9.929688	0.05864684
9.933021	0.05861815
9.936355	0.05858945
9.939688	0.05858945
9.943021	0.05861815
9.946354	0.05864684
9.949688	0.05870422
9.953021	0.05876161
9.956354	0.05881899
9.959687	0.05890507
9.963021	0.05896245
9.966354	0.05901984
9.969687	0.05907722
9.973021	0.05913461
9.976355	0.0591633
9.979688	0.05922068
9.983021	0.05922068
9.986354	0.05924937
9.989688	0.05922068
9.993021	0.05922068
9.996354	0.05922068
9.999687	0.05919199
}
[PEAK]
{
Peak ID	1
Peak Ref	1
Time	3.926459
Peak	3.176354	4.083021
Intensity	-2.890825e-05	4.172325e-06
Height	0.006371328
AreaAbs	1823.74
Area %BP	0.07992145
Area %Total	0.0655384
Width	0.9066665
}
[PEAK]
{
Peak ID	2
Peak Ref	2
Time	4.271212
Peak	4.083021	4.609687
Intensity	-2.890825e-05	4.172325e-06
Height	0.03350838
AreaAbs	6455.261
Area %BP	0.2828878
Area %Total	0.2319779
Width	0.5266666
}
[PEAK]
{
Peak ID	3
Peak Ref	3
Time	4.954245
Peak	4.609687	5.849688
Intensity	-2.890825e-05	4.172325e-06
Height	0.2076307
AreaAbs	38031.93
Area %BP	1.666667
Area %Total	1.366725
Width	1.24
}
[PEAK]
{
Peak ID	4
Peak Ref	4
Time	5.924174
Peak	5.849688	6.083021
Intensity	-2.890825e-05	4.172325e-06
Height	0.0002158879
AreaAbs	43.58753
Area %BP	0.001910129
Area %Total	0.001566373
Width	0.2333331
}
[PEAK]
{
Peak ID	5
Peak Ref	5
Time	6.113925
Peak	6.083021	6.459688
Intensity	-2.890825e-05	4.172325e-06
Height	0.0001504787
AreaAbs	23.89252
Area %BP	0.001047038
Area %Total	0.0008586077
Width	0.376667
}
}
}
}
