[SAMPLE]
{
Sample	1
Well	1:B,10
FileName	
SampleID	ASD-E-2601056-001
SampleDescription	Aquired with Galaxy
Date	07-Jan-2026
Time	18:27:23 PRC
JobCode	
TaskCode	
UserName	Congcong_Liu2
LabName	Aquired with Galaxy
Instrument	MS_L_19_062
Conditions	
Submitter	Mengting_Wang
SampleType	
Plate	
Method	
Process	Galaxy
MSTune	
MSMethod	
InletMethod	
PreRunMethod	
PostRunMethod	
SwitchMethod	
FractionMethod	
AcquisitionProcess	
AcquisitionProcessParameters	
AcquisitionProcessOptions	
InjectionVolume	25
ReportScheme	
SampleReportEnable	0
SampleReportFormat	
AnalysisTime	0
[COMPOUND]
{
;Mono Mass	Formula
}
[FUNCTION]
{
Function	1
IonMode	ES+
Type	MS
Description	(0:0)
[SPECTRUM]
{
ProcDesc	0.00:Combine
State	OK
Peak ID	0
Peak Ref	0
Time	0
TIC	0
BPI	0
BPM	0
Continuum	FALSE
Saved	FALSE
[MASSES]
{
;Mass	Exp. Mass	Obs. Mass	% BPI	Int. Abs
}
[RESULTS]
{
;Mass	Found	% BPI	% Purity
}
[MS]
{
;Mass	% BPI
0	0
}
}
[CHROMATOGRAM]
{
TraceNumber	1
Description	scroll down chrom view to see 2D LC chrom
ProcDesc	
MaxIntensity	0
[TRACE]
{
0	0
}
[PEAK]
{
Peak ID	0
Peak Ref	0
Time	0
Peak	0
Intensity	0	0
Height	0
AreaAbs	0
Area %BP	0
Area %Total	0
}
}
}
[FUNCTION]
{
Function	0
Description	ANALOG
[CHROMATOGRAM]
{
TraceNumber	2
Description	LC
ProcDesc	Result Id:1147, VWD: Signal A, 280 nm
MaxIntensity	0.2201985
[TRACE]
{
;Time	Int. %Max
0.0001041667	0.2447542
0.0034375	0.2447272
0.006770833	0.2447272
0.01010417	0.2447542
0.0134375	0.2448084
0.01677083	0.2448896
0.02010417	0.2449708
0.0234375	0.245079
0.02677083	0.2451873
0.03010417	0.2452956
0.0334375	0.2454039
0.03677083	0.2455121
0.04010417	0.2455933
0.0434375	0.2456475
0.04677083	0.2456746
0.05010417	0.2456475
0.0534375	0.2455933
0.05677084	0.2455121
0.06010417	0.2453768
0.0634375	0.2452415
0.06677084	0.2451061
0.07010417	0.2449437
0.0734375	0.2447813
0.07677083	0.244646
0.08010416	0.2445106
0.0834375	0.2444023
0.08677083	0.2443482
0.09010417	0.2443211
0.0934375	0.2443482
0.09677083	0.2444023
0.1001042	0.2444565
0.1034375	0.2445647
0.1067708	0.244646
0.1101042	0.2447001
0.1134375	0.2447272
0.1167708	0.244673
0.1201042	0.2445647
0.1234375	0.2444023
0.1267708	0.2441587
0.1301042	0.243861
0.1334375	0.2435632
0.1367708	0.2432925
0.1401042	0.2430489
0.1434375	0.2428324
0.1467708	0.242697
0.1501042	0.2426158
0.1534375	0.2425887
0.1567708	0.2425617
0.1601042	0.2425617
0.1634375	0.2425346
0.1667708	0.2424534
0.1701042	0.2423722
0.1734375	0.2422098
0.1767708	0.2420203
0.1801042	0.2418308
0.1834375	0.2415872
0.1867708	0.2413707
0.1901042	0.2411541
0.1934375	0.2409646
0.1967708	0.2407751
0.2001042	0.2406127
0.2034375	0.2404774
0.2067708	0.2403691
0.2101042	0.2402608
0.2134375	0.2401796
0.2167708	0.2400714
0.2201042	0.2399902
0.2234375	0.2398819
0.2267708	0.2397465
0.2301042	0.2396112
0.2334375	0.2394488
0.2367708	0.2393134
0.2401042	0.239151
0.2434375	0.2389886
0.2467708	0.2388262
0.2501042	0.2386909
0.2534375	0.2385826
0.2567708	0.2384743
0.2601042	0.238366
0.2634375	0.2383119
0.2667708	0.2382578
0.2701042	0.2382307
0.2734375	0.2382036
0.2767708	0.2381766
0.2801042	0.2381766
0.2834375	0.2381495
0.2867708	0.2380953
0.2901042	0.2380141
0.2934375	0.2379059
0.2967708	0.2377705
0.3001042	0.237581
0.3034375	0.2373916
0.3067708	0.2372021
0.3101042	0.2370126
0.3134375	0.2368502
0.3167708	0.2367148
0.3201042	0.2366066
0.3234375	0.2365254
0.3267708	0.2364712
0.3301042	0.23639
0.3334375	0.2362818
0.3367708	0.2361193
0.3401042	0.2359299
0.3434375	0.2356862
0.3467708	0.2354156
0.3501042	0.2351178
0.3534375	0.234793
0.3567708	0.2344682
0.3601042	0.2341704
0.3634375	0.2338456
0.3667708	0.2335749
0.3701042	0.2333583
0.3734375	0.2331689
0.3767708	0.2330065
0.3801042	0.2328982
0.3834375	0.2328711
0.3867708	0.2328982
0.3901042	0.2329523
0.3934375	0.2330877
0.3967708	0.233223
0.4001042	0.2333583
0.4034375	0.2334666
0.4067708	0.2335478
0.4101042	0.2335749
0.4134375	0.2335749
0.4167708	0.2335478
0.4201042	0.2334666
0.4234375	0.2333854
0.4267708	0.2333313
0.4301042	0.2332771
0.4334375	0.2332771
0.4367708	0.2333042
0.4401042	0.2333583
0.4434375	0.2334125
0.4467708	0.2334937
0.4501042	0.2335749
0.4534375	0.233629
0.4567708	0.2336832
0.4601042	0.2336832
0.4634375	0.2336832
0.4667708	0.233629
0.4701042	0.2335749
0.4734375	0.2334937
0.4767708	0.2333854
0.4801042	0.2332501
0.4834375	0.2330877
0.4867708	0.2329252
0.4901042	0.2327087
0.4934375	0.2324921
0.4967708	0.2322215
0.5001042	0.2319508
0.5034375	0.2316801
0.5067708	0.2314094
0.5101042	0.2311929
0.5134375	0.2310034
0.5167708	0.2308951
0.5201042	0.230868
0.5234375	0.2308951
0.5267708	0.2310034
0.5301042	0.2311387
0.5334375	0.2313282
0.5367708	0.2314906
0.5401042	0.231653
0.5434375	0.2317342
0.5467708	0.2317613
0.5501041	0.2317072
0.5534375	0.2315447
0.5567709	0.2313011
0.5601042	0.2309763
0.5634375	0.2306244
0.5667709	0.2302455
0.5701042	0.2298665
0.5734375	0.2295146
0.5767708	0.2291898
0.5801042	0.2289462
0.5834375	0.2287567
0.5867708	0.2286213
0.5901042	0.2285401
0.5934375	0.228486
0.5967708	0.2284589
0.6001042	0.2284589
0.6034375	0.2284319
0.6067708	0.2284048
0.6101041	0.2283507
0.6134375	0.2282694
0.6167708	0.2282153
0.6201042	0.2281341
0.6234375	0.2280258
0.6267709	0.2279446
0.6301042	0.2278634
0.6334375	0.2277551
0.6367708	0.2276739
0.6401042	0.2275657
0.6434375	0.2274574
0.6467708	0.2273491
0.6501042	0.2272138
0.6534375	0.2270784
0.6567708	0.2269431
0.6601042	0.2268077
0.6634375	0.2266453
0.6667708	0.22651
0.6701041	0.2263476
0.6734375	0.2261852
0.6767708	0.2259957
0.6801042	0.2258333
0.6834375	0.2256438
0.6867709	0.2254814
0.6901042	0.225319
0.6934375	0.2251566
0.6967708	0.2250212
0.7001042	0.2249129
0.7034375	0.2248317
0.7067708	0.2247776
0.7101042	0.2247505
0.7134375	0.2247505
0.7167708	0.2247776
0.7201042	0.2248047
0.7234375	0.2248588
0.7267708	0.2249129
0.7301041	0.22494
0.7334375	0.2249129
0.7367708	0.2248859
0.7401041	0.2248317
0.7434375	0.2247235
0.7467709	0.2245881
0.7501042	0.2244528
0.7534375	0.2242904
0.7567708	0.224128
0.7601042	0.2239926
0.7634375	0.2238573
0.7667708	0.2237219
0.7701042	0.2236136
0.7734375	0.2235324
0.7767708	0.2234512
0.7801042	0.2233971
0.7834375	0.22337
0.7867708	0.2232888
0.7901042	0.2232347
0.7934375	0.2231535
0.7967708	0.2230181
0.8001041	0.2228828
0.8034375	0.2227475
0.8067709	0.222558
0.8101042	0.2223414
0.8134375	0.2221519
0.8167709	0.2219354
0.8201042	0.221773
0.8234375	0.2215835
0.8267708	0.2214482
0.8301042	0.2213128
0.8334375	0.2212045
0.8367708	0.2211233
0.8401042	0.2210421
0.8434375	0.220988
0.8467708	0.2209339
0.8501042	0.2209068
0.8534375	0.2208797
0.8567708	0.2208256
0.8601041	0.2207714
0.8634375	0.2207173
0.8667708	0.2206361
0.8701042	0.2205549
0.8734375	0.2204737
0.8767709	0.2203654
0.8801042	0.2202842
0.8834375	0.2202571
0.8867708	0.2202301
0.8901042	0.2202301
0.8934375	0.2202301
0.8967708	0.2202571
0.9001042	0.2202842
0.9034375	0.2202842
0.9067708	0.2202842
0.9101042	0.2203384
0.9134375	0.2204466
0.9167708	0.220609
0.9201041	0.2208527
0.9234375	0.2211775
0.9267708	0.2215835
0.9301042	0.2220166
0.9334375	0.2224497
0.9367709	0.2228016
0.9401042	0.2230181
0.9434375	0.2230723
0.9467708	0.2229099
0.9501042	0.222558
0.9534375	0.2220707
0.9567708	0.2215023
0.9601042	0.2209068
0.9634375	0.2203113
0.9667708	0.2197699
0.9701042	0.2193368
0.9734375	0.2190391
0.9767708	0.2188225
0.9801041	0.2187142
0.9834375	0.2186872
0.9867708	0.2186872
0.9901041	0.2187142
0.9934375	0.2187413
0.9967709	0.2187684
1.000104	0.2187954
1.003438	0.2187954
1.006771	0.2187684
1.010104	0.2187413
1.013438	0.2187142
1.016771	0.218633
1.020104	0.2185518
1.023438	0.2184706
1.026771	0.2183353
1.030104	0.2181999
1.033437	0.2180646
1.036771	0.2178751
1.040104	0.2176856
1.043437	0.2174691
1.046771	0.2172255
1.050104	0.2169818
1.053437	0.2167382
1.056771	0.2164946
1.060104	0.216251
1.063437	0.2160344
1.066771	0.2157908
1.070104	0.2155743
1.073437	0.2153577
1.076771	0.2151412
1.080104	0.2149517
1.083437	0.2147893
1.086771	0.2146269
1.090104	0.2145186
1.093438	0.2144374
1.096771	0.2143833
1.100104	0.2143833
1.103438	0.2143833
1.106771	0.2144374
1.110104	0.2144915
1.113438	0.2145186
1.116771	0.2145727
1.120104	0.2145998
1.123438	0.2145998
1.126771	0.2145457
1.130104	0.2144645
1.133438	0.2143562
1.136771	0.2142209
1.140104	0.2140584
1.143438	0.213869
1.146771	0.2136795
1.150104	0.2135171
1.153437	0.2133547
1.156771	0.2131922
1.160104	0.2130569
1.163437	0.2129486
1.166771	0.2128404
1.170104	0.2127321
1.173437	0.2126779
1.176771	0.2125967
1.180104	0.2125155
1.183437	0.2124614
1.186771	0.2123802
1.190104	0.212299
1.193437	0.2122178
1.196771	0.2121366
1.200104	0.2120283
1.203437	0.2119471
1.206771	0.2118388
1.210104	0.2117305
1.213438	0.2116493
1.216771	0.2115411
1.220104	0.2114328
1.223438	0.2112974
1.226771	0.2111621
1.230104	0.2109997
1.233438	0.2108102
1.236771	0.2106478
1.240104	0.2104583
1.243438	0.210323
1.246771	0.2101876
1.250104	0.2101064
1.253438	0.2100523
1.256771	0.2100252
1.260104	0.2100523
1.263438	0.2100794
1.266771	0.2101064
1.270104	0.2101064
1.273438	0.2101064
1.276771	0.2100794
1.280104	0.2100252
1.283437	0.209944
1.286771	0.2098357
1.290104	0.2097275
1.293437	0.2095651
1.296771	0.2093756
1.300104	0.2091861
1.303437	0.2089695
1.306771	0.208753
1.310104	0.2085094
1.313437	0.2082658
1.316771	0.2080221
1.320104	0.2078056
1.323437	0.207589
1.326771	0.2074266
1.330104	0.2072913
1.333437	0.207183
1.336771	0.2071289
1.340104	0.2070747
1.343438	0.2070747
1.346771	0.2070747
1.350104	0.2070747
1.353438	0.2071018
1.356771	0.2071289
1.360104	0.2071559
1.363438	0.207183
1.366771	0.207183
1.370104	0.2072101
1.373438	0.2072101
1.376771	0.2072101
1.380104	0.207183
1.383438	0.2071559
1.386771	0.2070747
1.390104	0.2069665
1.393438	0.2068041
1.396771	0.2066416
1.400104	0.2064792
1.403437	0.2063168
1.406771	0.2061544
1.410104	0.2060191
1.413437	0.2059649
1.416771	0.2059379
1.420104	0.205992
1.423437	0.2060732
1.426771	0.2062085
1.430104	0.206398
1.433437	0.2065875
1.436771	0.2067499
1.440104	0.2069123
1.443437	0.2070747
1.446771	0.2071559
1.450104	0.2072101
1.453437	0.2072372
1.456771	0.207183
1.460104	0.2071018
1.463438	0.2069935
1.466771	0.2068311
1.470104	0.2066416
1.473438	0.2064522
1.476771	0.2062356
1.480104	0.205992
1.483438	0.2057754
1.486771	0.2055589
1.490104	0.2053694
1.493438	0.205207
1.496771	0.2050446
1.500104	0.2049093
1.503438	0.2047468
1.506771	0.2046115
1.510104	0.2044491
1.513438	0.2042596
1.516771	0.2040701
1.520104	0.2038265
1.523438	0.2035829
1.526771	0.2033122
1.530104	0.2030144
1.533437	0.2026896
1.536771	0.2023919
1.540104	0.2020941
1.543437	0.2017964
1.546771	0.2015798
1.550104	0.2013633
1.553437	0.2012279
1.556771	0.2011467
1.560104	0.2010926
1.563437	0.2010926
1.566771	0.2011467
1.570104	0.2012009
1.573437	0.201255
1.576771	0.2013091
1.580104	0.2013633
1.583437	0.2013903
1.586771	0.2013903
1.590104	0.2013903
1.593438	0.2013903
1.596771	0.2014174
1.600104	0.2014445
1.603438	0.2014715
1.606771	0.2014986
1.610104	0.2015527
1.613438	0.2015527
1.616771	0.2015527
1.620104	0.2014715
1.623438	0.2013633
1.626771	0.2012009
1.630104	0.2010114
1.633438	0.2007407
1.636771	0.20047
1.640104	0.2001452
1.643438	0.1998204
1.646771	0.1995226
1.650104	0.1992519
1.653437	0.1989812
1.656771	0.1987647
1.660104	0.1986023
1.663437	0.1984669
1.666771	0.1984128
1.670104	0.1983857
1.673437	0.1983857
1.676771	0.1984399
1.680104	0.1985211
1.683437	0.1986293
1.686771	0.1987105
1.690104	0.1988188
1.693437	0.1989
1.696771	0.1989542
1.700104	0.1989812
1.703437	0.1989542
1.706771	0.1989
1.710104	0.1988188
1.713438	0.1986835
1.716771	0.1985211
1.720104	0.1983316
1.723438	0.1981692
1.726771	0.1980338
1.730104	0.1979256
1.733438	0.1978443
1.736771	0.1977631
1.740104	0.197709
1.743438	0.1976819
1.746771	0.1976007
1.750104	0.1975466
1.753438	0.1974383
1.756771	0.1973571
1.760104	0.1972488
1.763438	0.1971676
1.766771	0.1971135
1.770104	0.1970864
1.773438	0.1970864
1.776771	0.1970864
1.780104	0.1970864
1.783437	0.1970864
1.786771	0.1970323
1.790104	0.1969782
1.793437	0.196924
1.796771	0.1968157
1.800104	0.1967345
1.803437	0.1966804
1.806771	0.1966263
1.810104	0.1965992
1.813437	0.1965992
1.816771	0.1965992
1.820104	0.1965721
1.823437	0.1965451
1.826771	0.1964909
1.830104	0.1964368
1.833437	0.1963285
1.836771	0.1962473
1.840104	0.196139
1.843438	0.1960307
1.846771	0.1959495
1.850104	0.1958683
1.853438	0.1958413
1.856771	0.1958413
1.860104	0.1958683
1.863438	0.1959225
1.866771	0.1959766
1.870104	0.1960578
1.873438	0.1960849
1.876771	0.196112
1.880104	0.196112
1.883438	0.1960578
1.886771	0.1959495
1.890104	0.1957871
1.893438	0.1955977
1.896771	0.195354
1.900104	0.1950833
1.903437	0.1948127
1.906771	0.194542
1.910104	0.1942713
1.913437	0.1940006
1.916771	0.1937841
1.920104	0.1935675
1.923437	0.1934051
1.926771	0.1932698
1.930104	0.1931885
1.933437	0.1931615
1.936771	0.1931615
1.940104	0.1931885
1.943437	0.1932427
1.946771	0.1932968
1.950104	0.193378
1.953437	0.1934322
1.956771	0.1934863
1.960104	0.1935404
1.963438	0.1935404
1.966771	0.1935404
1.970104	0.1935134
1.973438	0.1934863
1.976771	0.1934322
1.980104	0.193351
1.983438	0.1932427
1.986771	0.1931073
1.990104	0.192972
1.993438	0.1927825
1.996771	0.192593
2.000104	0.1924036
2.003438	0.1922141
2.006771	0.1920246
2.010104	0.1918351
2.013438	0.1916727
2.016771	0.1915644
2.020104	0.1914832
2.023438	0.191402
2.026771	0.191375
2.030104	0.1913479
2.033437	0.1913208
2.036771	0.1912667
2.040104	0.1912125
2.043437	0.1911313
2.046771	0.1910231
2.050104	0.1908877
2.053437	0.1907253
2.056771	0.1905358
2.060104	0.1903734
2.063437	0.1902381
2.066771	0.1901298
2.070104	0.1900215
2.073437	0.1899674
2.076771	0.1899403
2.080104	0.1899132
2.083437	0.1899132
2.086771	0.1899132
2.090104	0.1899132
2.093437	0.1898862
2.096771	0.1898862
2.100104	0.1898591
2.103437	0.189832
2.106771	0.1897779
2.110104	0.1897238
2.113437	0.1896426
2.116771	0.1895614
2.120104	0.1894801
2.123437	0.1893719
2.126771	0.1892907
2.130104	0.1891824
2.133437	0.1891012
2.136771	0.18902
2.140104	0.1889929
2.143437	0.1889658
2.146771	0.1889929
2.150104	0.1890471
2.153438	0.1891012
2.156771	0.1891283
2.160104	0.1891824
2.163438	0.1891824
2.166771	0.1891553
2.170104	0.1890741
2.173438	0.1889929
2.176771	0.1888846
2.180104	0.1887493
2.183438	0.188641
2.186771	0.1885598
2.190104	0.1885057
2.193438	0.1884786
2.196771	0.1884786
2.200104	0.1884786
2.203438	0.1885057
2.206771	0.1885057
2.210104	0.1885057
2.213438	0.1885057
2.216771	0.1884786
2.220104	0.1884245
2.223438	0.1883974
2.226771	0.1883433
2.230104	0.1882891
2.233438	0.1882621
2.236771	0.188235
2.240104	0.1882079
2.243438	0.1881809
2.246771	0.1881809
2.250104	0.1881538
2.253438	0.1881809
2.256771	0.1881809
2.260104	0.1882079
2.263438	0.1882079
2.266771	0.1882079
2.270104	0.1881809
2.273438	0.1880997
2.276771	0.1879643
2.280104	0.1877748
2.283437	0.1875583
2.286771	0.1872605
2.290104	0.1869898
2.293437	0.1866921
2.296771	0.1863943
2.300104	0.1861507
2.303437	0.1859342
2.306771	0.1857718
2.310104	0.1856093
2.313437	0.1855011
2.316771	0.1853657
2.320104	0.1852033
2.323437	0.1850138
2.326771	0.1847973
2.330104	0.1845537
2.333437	0.184283
2.336771	0.1840394
2.340104	0.1837957
2.343437	0.1835792
2.346771	0.1834439
2.350104	0.1833626
2.353437	0.1833356
2.356771	0.1833626
2.360104	0.1834439
2.363437	0.183498
2.366771	0.1835521
2.370104	0.1835521
2.373437	0.183498
2.376771	0.1833897
2.380104	0.1832002
2.383437	0.1829837
2.386771	0.182713
2.390104	0.1824423
2.393437	0.1821716
2.396771	0.1818739
2.400104	0.1816032
2.403438	0.1813325
2.406771	0.1810347
2.410104	0.1807911
2.413438	0.1805204
2.416771	0.1802768
2.420104	0.1800603
2.423438	0.1798708
2.426771	0.1797355
2.430104	0.1796543
2.433438	0.1796543
2.436771	0.1797355
2.440104	0.1798708
2.443438	0.1800332
2.446771	0.1801956
2.450104	0.180331
2.453438	0.1804122
2.456771	0.1804663
2.460104	0.1804392
2.463438	0.180358
2.466771	0.1801956
2.470104	0.179952
2.473438	0.1796543
2.476771	0.1793565
2.480104	0.1790317
2.483438	0.1787339
2.486771	0.1784632
2.490104	0.1782196
2.493438	0.1780572
2.496771	0.1779219
2.500104	0.1778677
2.503438	0.1778677
2.506771	0.1779219
2.510104	0.177976
2.513438	0.1780843
2.516771	0.1781384
2.520104	0.1781925
2.523438	0.1782196
2.526771	0.1781925
2.530104	0.1781384
2.533437	0.1780843
2.536771	0.177976
2.540104	0.1778948
2.543437	0.1778407
2.546771	0.1777865
2.550104	0.1777594
2.553437	0.1777324
2.556771	0.1777053
2.560104	0.1776241
2.563437	0.1775429
2.566771	0.1773805
2.570104	0.1771639
2.573437	0.1768933
2.576771	0.1765684
2.580104	0.1762707
2.583437	0.1759729
2.586771	0.1757022
2.590104	0.1755128
2.593437	0.1753774
2.596771	0.1752962
2.600104	0.1752962
2.603437	0.1753233
2.606771	0.1754045
2.610104	0.1754586
2.613437	0.1754857
2.616771	0.1754857
2.620104	0.1754315
2.623437	0.1753774
2.626771	0.1752962
2.630104	0.1751879
2.633437	0.1751338
2.636771	0.1750797
2.640104	0.1750526
2.643437	0.1750255
2.646771	0.1750255
2.650104	0.1750255
2.653438	0.1749714
2.656771	0.1749172
2.660104	0.174809
2.663438	0.1747007
2.666771	0.1745383
2.670104	0.1744029
2.673438	0.1742676
2.676771	0.1741864
2.680104	0.1741323
2.683438	0.1741323
2.686771	0.1741593
2.690104	0.1742405
2.693438	0.1742947
2.696771	0.1743759
2.700104	0.17443
2.703438	0.1744571
2.706771	0.1744571
2.710104	0.1744029
2.713438	0.1743217
2.716771	0.1742405
2.720104	0.1741052
2.723438	0.1739698
2.726771	0.1738345
2.730104	0.1736721
2.733438	0.1734826
2.736771	0.1732931
2.740104	0.1731037
2.743438	0.1728871
2.746771	0.1726706
2.750104	0.1724269
2.753438	0.1722104
2.756771	0.1719668
2.760104	0.1717502
2.763438	0.1715607
2.766771	0.1713983
2.770104	0.171263
2.773438	0.1711818
2.776771	0.1711276
2.780104	0.1711006
2.783437	0.1711547
2.786771	0.1712359
2.790104	0.1713713
2.793437	0.1715337
2.796771	0.1716961
2.800104	0.1718856
2.803437	0.172048
2.806771	0.1721833
2.810104	0.1723187
2.813437	0.1723728
2.816771	0.1723999
2.820104	0.1723457
2.823437	0.1722645
2.826771	0.1721292
2.830104	0.1719938
2.833437	0.1718314
2.836771	0.1716419
2.840104	0.1714795
2.843437	0.1713442
2.846771	0.1712088
2.850104	0.1711276
2.853437	0.1710735
2.856771	0.1710464
2.860104	0.1710464
2.863437	0.1710735
2.866771	0.1711276
2.870104	0.1711818
2.873437	0.1712088
2.876771	0.1712359
2.880104	0.171263
2.883437	0.1712901
2.886771	0.1712901
2.890104	0.1712901
2.893437	0.1712901
2.896771	0.1713171
2.900104	0.1713713
2.903438	0.1714254
2.906771	0.1715066
2.910104	0.1715878
2.913438	0.171669
2.916771	0.1717232
2.920104	0.1717502
2.923438	0.1717232
2.926771	0.171669
2.930104	0.1715607
2.933438	0.1714254
2.936771	0.1712359
2.940104	0.1709923
2.943438	0.1707487
2.946771	0.1705051
2.950104	0.1702614
2.953438	0.1700449
2.956771	0.1698554
2.960104	0.1697201
2.963438	0.1696659
2.966771	0.1696659
2.970104	0.1697742
2.973438	0.1699637
2.976771	0.1701802
2.980104	0.1704239
2.983438	0.1706945
2.986771	0.1709111
2.990104	0.1710735
2.993438	0.1711818
2.996771	0.1712088
3.000104	0.1711547
3.003438	0.1710464
3.006771	0.170884
3.010104	0.1707216
3.013438	0.1705051
3.016771	0.1702885
3.020104	0.170072
3.023438	0.1698825
3.026771	0.1696659
3.030104	0.1694765
3.033437	0.169287
3.036771	0.1691246
3.040104	0.1689892
3.043437	0.1688539
3.046771	0.1687727
3.050104	0.1686915
3.053437	0.1686103
3.056771	0.1685561
3.060104	0.1684749
3.063437	0.1683666
3.066771	0.1682584
3.070104	0.168123
3.073437	0.1679877
3.076771	0.1678794
3.080104	0.1677982
3.083437	0.167717
3.086771	0.1676899
3.090104	0.1676899
3.093437	0.1676899
3.096771	0.1676899
3.100104	0.1676629
3.103437	0.1676087
3.106771	0.1675005
3.110104	0.1673651
3.113437	0.1671756
3.116771	0.1669591
3.120104	0.1667155
3.123437	0.1664989
3.126771	0.1662824
3.130104	0.1660658
3.133437	0.1659034
3.136771	0.1657681
3.140104	0.1656327
3.143437	0.1655244
3.146771	0.1654162
3.150104	0.1653079
3.153438	0.1651996
3.156771	0.1650643
3.160104	0.1649289
3.163438	0.1647936
3.166771	0.1646582
3.170104	0.16455
3.173438	0.1644146
3.176771	0.1642793
3.180104	0.164171
3.183438	0.1640357
3.186771	0.1639003
3.190104	0.163765
3.193438	0.1636026
3.196771	0.1634131
3.200104	0.1632507
3.203438	0.1630883
3.206771	0.1629259
3.210104	0.1628176
3.213438	0.1626822
3.216771	0.162601
3.220104	0.1625198
3.223438	0.1624928
3.226771	0.1624657
3.230104	0.1624386
3.233438	0.1624116
3.236771	0.1623845
3.240104	0.1623304
3.243438	0.1622762
3.246771	0.1622221
3.250104	0.1621138
3.253438	0.1620055
3.256771	0.1618702
3.260104	0.1617348
3.263438	0.1615724
3.266771	0.1614371
3.270104	0.1613288
3.273438	0.1612476
3.276771	0.1611935
3.280104	0.1612205
3.283437	0.1613018
3.286771	0.1614371
3.290104	0.1616266
3.293437	0.1618702
3.296771	0.1621679
3.300104	0.1624657
3.303437	0.1627634
3.306771	0.1630612
3.310104	0.1633319
3.313437	0.1635755
3.316771	0.1638191
3.320104	0.1640898
3.323437	0.1644146
3.326771	0.1647936
3.330104	0.1652538
3.333437	0.1657951
3.336771	0.1664448
3.340104	0.1671486
3.343437	0.1679606
3.346771	0.1687997
3.350104	0.1696389
3.353437	0.170478
3.356771	0.1713171
3.360104	0.1721562
3.363437	0.1729954
3.366771	0.1738616
3.370104	0.1747548
3.373437	0.1756752
3.376771	0.1766496
3.380104	0.1776512
3.383437	0.1786527
3.386771	0.1796813
3.390104	0.1807099
3.393437	0.1816844
3.396771	0.1826318
3.400104	0.1835251
3.403438	0.1843913
3.406771	0.1852574
3.410104	0.1860966
3.413438	0.1869628
3.416771	0.1878831
3.420104	0.1888305
3.423438	0.1898591
3.426771	0.1909148
3.430104	0.1920517
3.433438	0.1932427
3.436771	0.1944608
3.440104	0.1956789
3.443438	0.196924
3.446771	0.1981692
3.450104	0.1994143
3.453438	0.2006595
3.456771	0.2019046
3.460104	0.2031769
3.463438	0.2044491
3.466771	0.2057754
3.470104	0.2071289
3.473438	0.2085094
3.476771	0.2099711
3.480104	0.2114328
3.483438	0.2129216
3.486771	0.2144103
3.490104	0.2159262
3.493438	0.217442
3.496771	0.2189579
3.500104	0.2205008
3.503438	0.2220707
3.506771	0.2236678
3.510104	0.225319
3.513438	0.2270514
3.516771	0.2288379
3.520104	0.2307056
3.523438	0.2326275
3.526771	0.2346306
3.530104	0.2366878
3.533437	0.2387991
3.536771	0.2409646
3.540104	0.2431572
3.543437	0.2453497
3.546771	0.2475964
3.550104	0.2498161
3.553437	0.2520627
3.556771	0.2542824
3.560104	0.256502
3.563437	0.2587487
3.566771	0.2610224
3.570104	0.2633233
3.573437	0.2656782
3.576771	0.2681144
3.580104	0.2706318
3.583437	0.2732304
3.586771	0.2759102
3.590104	0.2786982
3.593437	0.2815134
3.596771	0.2843826
3.600104	0.2872519
3.603437	0.2901483
3.606771	0.2930175
3.610104	0.2959139
3.613437	0.2987831
3.616771	0.3016253
3.620104	0.3044946
3.623437	0.3073639
3.626771	0.3102602
3.630104	0.3132107
3.633437	0.3162153
3.636771	0.319247
3.640104	0.3223328
3.643437	0.3254457
3.646771	0.3286127
3.650104	0.331861
3.653438	0.3351363
3.656771	0.3384928
3.660104	0.3419034
3.663438	0.3454223
3.666771	0.3490225
3.670104	0.3527579
3.673438	0.3566017
3.676771	0.3605807
3.680104	0.3646952
3.683438	0.3689449
3.686771	0.3733301
3.690104	0.3778505
3.693438	0.3825063
3.696771	0.3872974
3.700104	0.3921969
3.703438	0.3972858
3.706771	0.40251
3.710104	0.4078696
3.713438	0.4134186
3.716771	0.4191301
3.720104	0.4250311
3.723438	0.4310674
3.726771	0.4372661
3.730104	0.4436272
3.733438	0.4501237
3.736771	0.4567555
3.740104	0.4634685
3.743438	0.4702356
3.746771	0.4770569
3.750104	0.4839053
3.753438	0.4907265
3.756771	0.4975208
3.760104	0.5042067
3.763438	0.5108114
3.766771	0.5172808
3.770104	0.5235878
3.773438	0.5297053
3.776771	0.5356333
3.780104	0.5413177
3.783437	0.5467856
3.786771	0.5519828
3.790104	0.5569093
3.793437	0.5615651
3.796771	0.5659231
3.800104	0.5699834
3.803437	0.573773
3.806771	0.5772378
3.810104	0.5804319
3.813437	0.5833282
3.816771	0.5859268
3.820104	0.5882818
3.823437	0.5903931
3.826771	0.5922609
3.830104	0.5939391
3.833437	0.595482
3.836771	0.5968896
3.840104	0.5982159
3.843437	0.5995423
3.846771	0.6008416
3.850104	0.6022221
3.853437	0.6037109
3.856771	0.6053891
3.860104	0.6072839
3.863437	0.6094765
3.866771	0.6120751
3.870104	0.6151068
3.873437	0.6187339
3.876771	0.6229837
3.880104	0.6280185
3.883437	0.6339465
3.886771	0.6408219
3.890104	0.6488072
3.893437	0.6579563
3.896771	0.6683777
3.900104	0.6801526
3.903438	0.6933621
3.906771	0.7080332
3.910104	0.7242473
3.913438	0.7420314
3.916771	0.7613854
3.920104	0.7823636
3.923438	0.8049388
3.926771	0.8291652
3.930104	0.8550428
3.933438	0.8825174
3.936771	0.9116432
3.940104	0.9423119
3.943438	0.9744694
3.946771	1.008062
3.950104	1.042953
3.953438	1.079008
3.956771	1.116065
3.960104	1.153934
3.963438	1.192426
3.966771	1.23135
3.970104	1.270464
3.973438	1.309606
3.976771	1.348503
3.980104	1.386941
3.983438	1.424674
3.986771	1.461515
3.990104	1.497191
3.993438	1.53146
3.996771	1.564159
4.000104	1.595017
4.003438	1.623845
4.006771	1.650535
4.010104	1.674842
4.013437	1.696687
4.016771	1.715878
4.020104	1.732309
4.023438	1.745924
4.026771	1.756589
4.030104	1.764277
4.033438	1.76896
4.036771	1.770611
4.040104	1.769258
4.043437	1.764927
4.046771	1.757726
4.050104	1.747738
4.053438	1.735043
4.056771	1.719749
4.060104	1.701992
4.063437	1.681934
4.066771	1.659738
4.070104	1.635512
4.073438	1.609499
4.076771	1.581835
4.080104	1.552709
4.083437	1.522338
4.086771	1.490884
4.090104	1.458537
4.093438	1.425486
4.096771	1.391921
4.100104	1.358004
4.103437	1.323952
4.106771	1.2899
4.110104	1.256037
4.113438	1.222499
4.116771	1.189448
4.120104	1.156993
4.123437	1.125241
4.126771	1.094248
4.130104	1.064121
4.133438	1.034941
4.136771	1.006762
4.140104	0.9796395
4.143437	0.9536266
4.146771	0.9287506
4.150104	0.9051197
4.153438	0.8827069
4.156771	0.8616205
4.160104	0.8418333
4.163437	0.8233996
4.166771	0.8063734
4.170104	0.7907278
4.173438	0.7765709
4.176771	0.7639569
4.180104	0.75294
4.183437	0.7435472
4.186771	0.7359409
4.190104	0.7301212
4.193438	0.7262504
4.196771	0.7243826
4.200104	0.7246533
4.203437	0.7271436
4.206771	0.732016
4.210104	0.7394598
4.213438	0.7496106
4.216771	0.762793
4.220104	0.7791965
4.223437	0.7991732
4.226771	0.8231018
4.230104	0.8513344
4.233438	0.8843581
4.236771	0.922606
4.240104	0.9665925
4.243437	1.016832
4.246771	1.073892
4.250104	1.138397
4.253438	1.210914
4.256771	1.292146
4.260104	1.382691
4.263437	1.483224
4.266771	1.594421
4.270104	1.716907
4.273438	1.851302
4.276771	1.998231
4.280104	2.158179
4.283438	2.331635
4.286771	2.518949
4.290104	2.720394
4.293437	2.936104
4.296771	3.166105
4.300104	3.410291
4.303438	3.668417
4.306771	3.94005
4.310104	4.224677
4.313437	4.521538
4.316771	4.829795
4.320104	5.148366
4.323438	5.476058
4.326771	5.811384
4.330104	6.152854
4.333437	6.498628
4.336771	6.846866
4.340104	7.195509
4.343438	7.542447
4.346771	7.885433
4.350104	8.222248
4.353437	8.550644
4.356771	8.868402
4.360104	9.173357
4.363438	9.463344
4.366771	9.736385
4.370104	9.990532
4.373437	10.224
4.376771	10.43516
4.380104	10.62247
4.383438	10.7847
4.386771	10.92069
4.390104	11.02964
4.393437	11.1109
4.396771	11.16414
4.400104	11.18926
4.403438	11.18642
4.406771	11.15602
4.410104	11.09875
4.413437	11.0154
4.416771	10.9071
4.420104	10.77501
4.423438	10.62058
4.426771	10.44526
4.430104	10.25066
4.433437	10.0385
4.436771	9.810525
4.440104	9.568559
4.443438	9.314412
4.446771	9.049951
4.450104	8.777019
4.453437	8.497427
4.456771	8.212963
4.460104	7.925359
4.463438	7.63624
4.466771	7.347175
4.470104	7.059544
4.473437	6.774647
4.476771	6.493621
4.480104	6.217494
4.483438	5.947133
4.486771	5.683295
4.490104	5.426658
4.493437	5.177735
4.496771	4.937014
4.500104	4.704901
4.503438	4.481639
4.506771	4.267499
4.510104	4.062536
4.513437	3.86683
4.516771	3.6803
4.520104	3.502812
4.523438	3.334228
4.526771	3.17428
4.530104	3.022723
4.533438	2.879259
4.536771	2.743592
4.540104	2.615449
4.543437	2.494479
4.546771	2.380358
4.550104	2.272787
4.553438	2.171388
4.556771	2.075863
4.560104	1.98586
4.563437	1.901082
4.566771	1.821202
4.570104	1.745951
4.573438	1.675032
4.576771	1.608199
4.580104	1.545238
4.583437	1.485903
4.586771	1.430034
4.590104	1.377358
4.593438	1.327742
4.596771	1.280994
4.600104	1.236954
4.603437	1.19543
4.606771	1.156316
4.610104	1.119449
4.613438	1.084666
4.616771	1.051913
4.620104	1.021054
4.623437	0.9919557
4.626771	0.9645623
4.630104	0.9387118
4.633438	0.9143772
4.636771	0.8913959
4.640104	0.869741
4.643437	0.8493313
4.646771	0.8300855
4.650104	0.8119766
4.653438	0.7948963
4.656771	0.7788446
4.660104	0.7637404
4.663437	0.7495294
4.666771	0.7362116
4.670104	0.7237059
4.673438	0.7120123
4.676771	0.7010766
4.680104	0.6908447
4.683437	0.6813436
4.686771	0.6724922
4.690104	0.6643175
4.693438	0.6567653
4.696771	0.6498087
4.700104	0.6434205
4.703437	0.6376278
4.706771	0.6324036
4.710104	0.6277478
4.713438	0.6236604
4.716771	0.6202227
4.720104	0.6174076
4.723437	0.6152962
4.726771	0.6139428
4.730104	0.6133744
4.733438	0.6136992
4.736771	0.6149173
4.740104	0.6171369
4.743437	0.6203851
4.746771	0.6247973
4.750104	0.6303734
4.753438	0.637303
4.756771	0.6456131
4.760104	0.6554931
4.763437	0.6670243
4.766771	0.6803962
4.770104	0.6957982
4.773438	0.7133657
4.776771	0.7333153
4.780104	0.7558634
4.783438	0.7811996
4.786771	0.8095404
4.790104	0.8411295
4.793437	0.8762375
4.796771	0.915108
4.800104	0.9580117
4.803438	1.005246
4.806771	1.057083
4.810104	1.113764
4.813437	1.175589
4.816771	1.242773
4.820104	1.315615
4.823438	1.394276
4.826771	1.478974
4.830104	1.569924
4.833437	1.667263
4.836771	1.771098
4.840104	1.881619
4.843438	1.998853
4.846771	2.122854
4.850104	2.25365
4.853437	2.391185
4.856771	2.535461
4.860104	2.686315
4.863438	2.843691
4.866771	3.007456
4.870104	3.177501
4.873437	3.353637
4.876771	3.535754
4.880104	3.723773
4.883438	3.917583
4.886771	4.117133
4.890104	4.322475
4.893437	4.533692
4.896771	4.751053
4.900104	4.974883
4.903438	5.205751
4.906771	5.444388
4.910104	5.691741
4.913437	5.949055
4.916771	6.217819
4.920104	6.499819
4.923438	6.797195
4.926771	7.112436
4.930104	7.44833
4.933437	7.808125
4.936771	8.195477
4.940104	8.614445
4.943438	9.069522
4.946771	9.565636
4.950104	10.10814
4.953437	10.70279
4.956771	11.35568
4.960104	12.07322
4.963438	12.86208
4.966771	13.72903
4.970104	14.68106
4.973437	15.72504
4.976771	16.86782
4.980104	18.11606
4.983438	19.4761
4.986771	20.95383
4.990104	22.55445
4.993437	24.2824
4.996771	26.14114
5.000104	28.13293
5.003438	30.25874
5.006771	32.51802
5.010104	34.90869
5.013437	37.42696
5.016771	40.0674
5.020104	42.82279
5.023438	45.68413
5.026771	48.64067
5.030104	51.67969
5.033438	54.78662
5.036771	57.94517
5.040104	61.13721
5.043437	64.34299
5.046771	67.54147
5.050104	70.71031
5.053438	73.82654
5.056771	76.86667
5.060104	79.80718
5.063437	82.62491
5.066771	85.29723
5.070104	87.8024
5.073438	90.11985
5.076771	92.23037
5.080104	94.1164
5.083437	95.76225
5.086771	97.15422
5.090104	98.28104
5.093438	99.1338
5.096771	99.70636
5.100104	99.99529
5.103437	100
5.106771	99.72276
5.110104	99.16851
5.113438	98.34476
5.116771	97.26142
5.120104	95.93062
5.123437	94.36638
5.126771	92.58442
5.130104	90.60189
5.133438	88.43703
5.136771	86.10886
5.140104	83.63695
5.143437	81.04127
5.146771	78.34177
5.150104	75.55841
5.153438	72.71074
5.156771	69.81781
5.160104	66.89803
5.163437	63.96891
5.166771	61.04704
5.170104	58.14781
5.173438	55.28528
5.176771	52.47204
5.180104	49.71922
5.183437	47.0364
5.186771	44.43175
5.190104	41.91212
5.193438	39.48304
5.196771	37.14886
5.200104	34.91291
5.203437	32.77758
5.206771	30.74429
5.210104	28.81371
5.213438	26.98555
5.216771	25.25876
5.220104	23.63156
5.223437	22.10145
5.226771	20.66552
5.230104	19.32037
5.233438	18.06233
5.236771	16.88755
5.240104	15.79217
5.243437	14.7722
5.246771	13.82377
5.250104	12.94301
5.253438	12.12603
5.256771	11.36903
5.260104	10.66819
5.263437	10.01982
5.266771	9.420278
5.270104	8.866074
5.273438	8.353855
5.276771	7.880534
5.280104	7.44316
5.283438	7.038999
5.286771	6.665588
5.290104	6.320517
5.293437	6.001676
5.296771	5.70698
5.300104	5.434535
5.303438	5.182553
5.306771	4.949357
5.310104	4.733431
5.313437	4.53334
5.316771	4.347812
5.320104	4.17571
5.323438	4.015978
5.326771	3.867696
5.330104	3.729998
5.333437	3.602099
5.336771	3.483295
5.340104	3.372855
5.343438	3.270157
5.346771	3.174659
5.350104	3.085793
5.353437	3.003071
5.356771	2.926088
5.360104	2.854438
5.363438	2.787795
5.366771	2.725862
5.370104	2.668368
5.373437	2.61507
5.376771	2.565724
5.380104	2.520086
5.383438	2.477967
5.386771	2.439151
5.390104	2.403448
5.393437	2.370667
5.396771	2.340648
5.400104	2.313228
5.403438	2.288244
5.406771	2.26556
5.410104	2.244988
5.413437	2.226392
5.416771	2.209582
5.420104	2.194451
5.423438	2.180754
5.426771	2.168357
5.430104	2.157096
5.433437	2.14681
5.436771	2.13739
5.440104	2.128674
5.443438	2.120527
5.446771	2.112839
5.450104	2.105476
5.453437	2.098303
5.456771	2.091184
5.460104	2.083957
5.463438	2.07654
5.466771	2.068771
5.470104	2.060543
5.473437	2.051745
5.476771	2.042298
5.480104	2.032094
5.483438	2.021104
5.486771	2.009221
5.490104	1.996417
5.493437	1.982612
5.496771	1.967752
5.500104	1.951835
5.503438	1.934782
5.506771	1.916646
5.510104	1.897373
5.513437	1.877018
5.516771	1.855606
5.520104	1.833221
5.523438	1.809915
5.526771	1.785715
5.530104	1.760731
5.533438	1.734962
5.536771	1.708516
5.540104	1.681393
5.543437	1.653675
5.546771	1.625415
5.550104	1.596695
5.553438	1.567542
5.556771	1.538092
5.560104	1.50837
5.563437	1.478487
5.566771	1.448549
5.570104	1.418584
5.573438	1.388673
5.576771	1.35887
5.580104	1.329203
5.583437	1.299753
5.586771	1.270519
5.590104	1.241528
5.593438	1.21289
5.596771	1.184603
5.600104	1.156722
5.603437	1.129329
5.606771	1.10245
5.610104	1.076112
5.613438	1.050343
5.616771	1.025115
5.620104	1.000455
5.623437	0.9763372
5.626771	0.9527333
5.630104	0.9296709
5.633438	0.9071228
5.636771	0.885116
5.640104	0.8636777
5.643437	0.8428078
5.646771	0.8225334
5.650104	0.8028274
5.653438	0.7837441
5.656771	0.7652291
5.660104	0.7472827
5.663437	0.7299046
5.666771	0.7130409
5.670104	0.6967456
5.673438	0.6809376
5.676771	0.6656709
5.680104	0.6508914
5.683437	0.6366263
5.686771	0.6228484
5.690104	0.6095577
5.693438	0.5967001
5.696771	0.5842756
5.700104	0.5722301
5.703437	0.5605365
5.706771	0.5492218
5.710104	0.5382049
5.713438	0.5274857
5.716771	0.5170913
5.720104	0.5070218
5.723437	0.4972501
5.726771	0.4878302
5.730104	0.4787081
5.733438	0.4699108
5.736771	0.4614383
5.740104	0.4532636
5.743437	0.4453596
5.746771	0.4376992
5.750104	0.4302553
5.753438	0.4230009
5.756771	0.4159631
5.760104	0.4090606
5.763437	0.4023476
5.766771	0.395824
5.770104	0.3894629
5.773438	0.3833184
5.776771	0.3773633
5.780104	0.3716518
5.783438	0.3661298
5.786771	0.3608244
5.790104	0.3557084
5.793437	0.350809
5.796771	0.3460449
5.800104	0.3414703
5.803438	0.3370581
5.806771	0.3327813
5.810104	0.3286939
5.813437	0.3247149
5.816771	0.3208982
5.820104	0.3172169
5.823438	0.3136438
5.826771	0.3102061
5.830104	0.3068766
5.833437	0.3036284
5.836771	0.3004614
5.840104	0.2973485
5.843438	0.2942898
5.846771	0.2912851
5.850104	0.2883347
5.853437	0.2854383
5.856771	0.2825961
5.860104	0.279781
5.863438	0.2770471
5.866771	0.2743402
5.870104	0.2717145
5.873437	0.269143
5.876771	0.2666527
5.880104	0.2642436
5.883438	0.2619428
5.886771	0.2597502
5.890104	0.2576659
5.893437	0.2556899
5.896771	0.2538493
5.900104	0.2520898
5.903438	0.2503845
5.906771	0.2487062
5.910104	0.247028
5.913437	0.2453768
5.916771	0.2436985
5.920104	0.2419932
5.923438	0.2402879
5.926771	0.2386097
5.930104	0.2369585
5.933437	0.2353614
5.936771	0.2338456
5.940104	0.2323839
5.943438	0.2310304
5.946771	0.2297312
5.950104	0.2285401
5.953437	0.2273762
5.956771	0.2262934
5.960104	0.2252378
5.963438	0.2242092
5.966771	0.2232347
5.970104	0.2222873
5.973437	0.2213399
5.976771	0.2204466
5.980104	0.2195804
5.983438	0.2187413
5.986771	0.2179563
5.990104	0.2171984
5.993437	0.2165217
5.996771	0.215872
6.000104	0.2153036
6.003438	0.2148164
6.006771	0.2143833
6.010104	0.2139772
6.013437	0.2136524
6.016771	0.2133276
6.020104	0.2130569
6.023438	0.2127862
6.026771	0.2125155
6.030104	0.2122448
6.033438	0.2119742
6.036771	0.2116764
6.040104	0.2113516
6.043437	0.2109997
6.046771	0.2106207
6.050104	0.2101876
6.053438	0.2097275
6.056771	0.2092132
6.060104	0.2086989
6.063437	0.2081846
6.066771	0.2076703
6.070104	0.207183
6.073438	0.2067499
6.076771	0.2063168
6.080104	0.2059379
6.083437	0.2055589
6.086771	0.2051799
6.090104	0.204801
6.093438	0.204395
6.096771	0.2039619
6.100104	0.2035017
6.103437	0.2029603
6.106771	0.2023919
6.110104	0.2017693
6.113438	0.2010926
6.116771	0.2004159
6.120104	0.199685
6.123437	0.1989812
6.126771	0.1982504
6.130104	0.1975195
6.133438	0.1967887
6.136771	0.1960307
6.140104	0.1952458
6.143437	0.1944337
6.146771	0.1935946
6.150104	0.1927554
6.153438	0.1918622
6.156771	0.190996
6.160104	0.1901298
6.163437	0.1893177
6.166771	0.1885598
6.170104	0.187856
6.173438	0.1872335
6.176771	0.1866921
6.180104	0.1862319
6.183437	0.1858259
6.186771	0.1855011
6.190104	0.1852574
6.193438	0.185068
6.196771	0.1849326
6.200104	0.1848514
6.203437	0.1848514
6.206771	0.1848785
6.210104	0.1849326
6.213438	0.1849597
6.216771	0.1850138
6.220104	0.1850138
6.223437	0.1849868
6.226771	0.1849326
6.230104	0.1848244
6.233438	0.184689
6.236771	0.1845266
6.240104	0.1843371
6.243437	0.1840935
6.246771	0.1838499
6.250104	0.1835521
6.253438	0.1832273
6.256771	0.1828213
6.260104	0.182334
6.263437	0.1817927
6.266771	0.181143
6.270104	0.1804122
6.273438	0.1796001
6.276771	0.1787339
6.280104	0.1777865
6.283438	0.1767579
6.286771	0.1756752
6.290104	0.1745383
6.293437	0.1733743
6.296771	0.1721833
6.300104	0.1709382
6.303438	0.169693
6.306771	0.1683937
6.310104	0.1670944
6.313437	0.165741
6.316771	0.1643876
6.320104	0.1630071
6.323438	0.1615995
6.326771	0.1601378
6.330104	0.1586761
6.333437	0.1571873
6.336771	0.1557256
6.340104	0.1543181
6.343438	0.1529917
6.346771	0.1517195
6.350104	0.1505826
6.353437	0.1495269
6.356771	0.1485795
6.360104	0.1477133
6.363438	0.1469283
6.366771	0.1461433
6.370104	0.1453583
6.373437	0.1445463
6.376771	0.1437072
6.380104	0.142841
6.383438	0.1419477
6.386771	0.1410274
6.390104	0.140107
6.393437	0.1392138
6.396771	0.1383747
6.400104	0.1375626
6.403438	0.1368317
6.406771	0.1361821
6.410104	0.1355595
6.413437	0.134964
6.416771	0.1343956
6.420104	0.1338271
6.423438	0.1332587
6.426771	0.1326902
6.430104	0.1320947
6.433437	0.1315263
6.436771	0.1309308
6.440104	0.1303353
6.443438	0.1297668
6.446771	0.1291984
6.450104	0.128657
6.453437	0.1281427
6.456771	0.1276013
6.460104	0.127087
6.463438	0.1265998
6.466771	0.1260855
6.470104	0.1255712
6.473437	0.1250569
6.476771	0.1245697
6.480104	0.1240824
6.483438	0.1236223
6.486771	0.1232162
6.490104	0.1228373
6.493437	0.1225395
6.496771	0.1222688
6.500104	0.1220793
6.503438	0.121944
6.506771	0.1218899
6.510104	0.1218357
6.513437	0.1217816
6.516771	0.1217275
6.520104	0.1216462
6.523438	0.1215109
6.526771	0.1213485
6.530104	0.1211319
6.533438	0.1208613
6.536771	0.1205635
6.540104	0.1202387
6.543437	0.119968
6.546771	0.1197244
6.550104	0.1195349
6.553438	0.1193996
6.556771	0.1193454
6.560104	0.1193454
6.563437	0.1194266
6.566771	0.1195078
6.570104	0.1196702
6.573438	0.1198327
6.576771	0.1200492
6.580104	0.1202928
6.583437	0.1205635
6.586771	0.1209154
6.590104	0.1213214
6.593438	0.1218087
6.596771	0.1223771
6.600104	0.1230267
6.603437	0.1237847
6.606771	0.1246238
6.610104	0.1255441
6.613438	0.1265457
6.616771	0.1276555
6.620104	0.1288194
6.623437	0.1300646
6.626771	0.1313639
6.630104	0.1326902
6.633438	0.1339895
6.636771	0.1353159
6.640104	0.1365611
6.643437	0.1377791
6.646771	0.138889
6.650104	0.1399717
6.653438	0.1409462
6.656771	0.1418665
6.660104	0.1427056
6.663437	0.1434906
6.666771	0.1441944
6.670104	0.144844
6.673438	0.1453854
6.676771	0.1458185
6.680104	0.1461433
6.683437	0.1463057
6.686771	0.1463057
6.690104	0.1461704
6.693438	0.1458727
6.696771	0.1454396
6.700104	0.1448982
6.703437	0.1442756
6.706771	0.143626
6.710104	0.1429492
6.713438	0.1422725
6.716771	0.1416229
6.720104	0.1410274
6.723437	0.140486
6.726771	0.1399988
6.730104	0.1395657
6.733438	0.1392408
6.736771	0.1390243
6.740104	0.138889
6.743437	0.138889
6.746771	0.1390243
6.750104	0.139295
6.753438	0.1397281
6.756771	0.1403507
6.760104	0.1411356
6.763437	0.142083
6.766771	0.1431929
6.770104	0.1444651
6.773438	0.1458997
6.776771	0.1474968
6.780104	0.1492021
6.783438	0.1510428
6.786771	0.1529917
6.790104	0.1550489
6.793437	0.1572144
6.796771	0.159434
6.800104	0.1617348
6.803438	0.1641169
6.806771	0.166526
6.810104	0.1689622
6.813437	0.1714795
6.816771	0.1740511
6.820104	0.1766767
6.823438	0.1793294
6.826771	0.1820363
6.830104	0.1847702
6.833437	0.1874771
6.836771	0.1901569
6.840104	0.1927554
6.843438	0.1952458
6.846771	0.1976007
6.850104	0.1997662
6.853437	0.2017422
6.856771	0.2035017
6.860104	0.2050446
6.863438	0.2064251
6.866771	0.2076161
6.870104	0.2086177
6.873437	0.2094568
6.876771	0.2101335
6.880104	0.2106478
6.883438	0.2109726
6.886771	0.211108
6.890104	0.2110538
6.893437	0.210729
6.896771	0.2101335
6.900104	0.2092673
6.903438	0.2081033
6.906771	0.2066687
6.910104	0.2049363
6.913437	0.2029062
6.916771	0.2006053
6.920104	0.1980068
6.923438	0.1951104
6.926771	0.1919163
6.930104	0.1883703
6.933437	0.1844995
6.936771	0.1802227
6.940104	0.175594
6.943438	0.1705863
6.946771	0.1651996
6.950104	0.1594611
6.953437	0.1533436
6.956771	0.1469013
6.960104	0.1401612
6.963438	0.1331504
6.966771	0.125896
6.970104	0.1184522
6.973437	0.1108459
6.976771	0.1031584
6.980104	0.09538971
6.983438	0.08764809
6.986771	0.07996061
6.990104	0.07238141
6.993437	0.06493754
6.996771	0.05768316
7.000104	0.05064534
7.003438	0.04390526
7.006771	0.03746293
7.010104	0.0313725
7.013437	0.02571516
7.016771	0.02051799
7.020104	0.01583513
7.023438	0.0117207
7.026771	0.008174715
7.030104	0.005278376
7.033438	0.003004614
7.036771	0.001380498
7.040104	0.0003789603
7.043437	0
7.046771	0.0002165488
7.050104	0.0009474008
7.053438	0.002192556
7.056771	0.003870809
7.060104	0.005982159
7.063437	0.008391264
7.066771	0.01115226
7.070104	0.01415687
7.073438	0.01737804
7.076771	0.02081575
7.080104	0.02441587
7.083437	0.02815134
7.086771	0.03199508
7.090104	0.03586589
7.093438	0.03979083
7.096771	0.04368871
7.100104	0.04753245
7.103437	0.05126792
7.106771	0.05492216
7.110104	0.05846815
7.113438	0.06185172
7.116771	0.06515409
7.120104	0.06829405
7.123437	0.0713528
7.126771	0.07424914
7.130104	0.07706427
7.133438	0.07977113
7.136771	0.08231558
7.140104	0.08477882
7.143437	0.08707965
7.146771	0.08924514
7.150104	0.09132942
7.153438	0.09327836
7.156771	0.09517316
7.160104	0.09693262
7.163437	0.09863794
7.166771	0.1002621
7.170104	0.101805
7.173438	0.1032667
7.176771	0.1046201
7.180104	0.1058653
7.183437	0.1069751
7.186771	0.1079495
7.190104	0.1087616
7.193438	0.1094112
7.196771	0.1098985
7.200104	0.1102233
7.203437	0.1103857
7.206771	0.1104398
7.210104	0.1103586
7.213438	0.1101962
7.216771	0.1099526
7.220104	0.1096549
7.223437	0.10933
7.226771	0.1089511
7.230104	0.1085721
7.233438	0.1081932
7.236771	0.1077601
7.240104	0.1072999
7.243437	0.1068127
7.246771	0.1062713
7.250104	0.1057028
7.253438	0.1050803
7.256771	0.1044577
7.260104	0.103808
7.263437	0.1031584
7.266771	0.1025088
7.270104	0.1018862
7.273438	0.1013177
7.276771	0.1007764
7.280104	0.1003162
7.283438	0.09991017
7.286771	0.09958534
7.290104	0.09931466
7.293437	0.09912518
7.296771	0.09898983
7.300104	0.09890863
7.303438	0.09882742
7.306771	0.09880035
7.310104	0.09877329
7.313437	0.09877329
7.316771	0.09874622
7.320104	0.09874622
7.323438	0.09874622
7.326771	0.09877329
7.330104	0.09882742
7.333437	0.09890863
7.336771	0.09898983
7.340104	0.09907104
7.343438	0.09917931
7.346771	0.09926052
7.350104	0.09931466
7.353437	0.09939586
7.356771	0.09947707
7.360104	0.09955827
7.363438	0.09969362
7.366771	0.09982896
7.370104	0.1000184
7.373437	0.1002621
7.376771	0.1005057
7.380104	0.1007764
7.383438	0.1010741
7.386771	0.1013177
7.390104	0.1015614
7.393437	0.1017238
7.396771	0.1018591
7.400104	0.1019403
7.403438	0.1020215
7.406771	0.1020486
7.410104	0.1020757
7.413437	0.1021027
7.416771	0.1021298
7.420104	0.1021839
7.423438	0.102211
7.426771	0.1022381
7.430104	0.1022381
7.433437	0.1022381
7.436771	0.1021839
7.440104	0.1021298
7.443438	0.1020757
7.446771	0.1020215
7.450104	0.1019674
7.453437	0.1019403
7.456771	0.1019674
7.460104	0.1020486
7.463438	0.1021298
7.466771	0.1022651
7.470104	0.1024005
7.473437	0.1025358
7.476771	0.1026441
7.480104	0.1027253
7.483438	0.1027794
7.486771	0.1027794
7.490104	0.1027794
7.493437	0.1027794
7.496771	0.1027794
7.500104	0.1028065
7.503438	0.1028877
7.506771	0.102996
7.510104	0.1031584
7.513437	0.1033208
7.516771	0.1034832
7.520104	0.1036186
7.523438	0.1037539
7.526771	0.1038351
7.530104	0.1038622
7.533438	0.1038622
7.536771	0.103808
7.540104	0.1037268
7.543437	0.1036456
7.546771	0.1035103
7.550104	0.1033208
7.553438	0.1031313
7.556771	0.1028606
7.560104	0.1025629
7.563437	0.102211
7.566771	0.1017779
7.570104	0.1012907
7.573438	0.1007764
7.576771	0.1002079
7.580104	0.09966655
7.583437	0.09912518
7.586771	0.09863794
7.590104	0.09817778
7.593438	0.09774468
7.596771	0.09739279
7.600104	0.09706796
7.603437	0.09674314
7.606771	0.09641832
7.610104	0.09609349
7.613438	0.09571453
7.616771	0.09530851
7.620104	0.09482127
7.623437	0.09430697
7.626771	0.09373853
7.630104	0.09314302
7.633438	0.09252044
7.636771	0.09192493
7.640104	0.09138356
7.643437	0.09086926
7.646771	0.09043616
7.650104	0.0900572
7.653438	0.08975944
7.656771	0.08951583
7.660104	0.08929928
7.663437	0.08913687
7.666771	0.08897445
7.670104	0.08878497
7.673438	0.08859549
7.676771	0.08837895
7.680104	0.0881624
7.683437	0.08797292
7.686771	0.08778344
7.690104	0.08764809
7.693438	0.08756689
7.696771	0.08748568
7.700104	0.08743154
7.703437	0.08740448
7.706771	0.08737741
7.710104	0.08732327
7.713438	0.087215
7.716771	0.08707965
7.720104	0.08694431
7.723437	0.0867819
7.726771	0.08661949
7.730104	0.08648414
7.733438	0.0863488
7.736771	0.0862676
7.740104	0.08618639
7.743437	0.08610518
7.746771	0.08602398
7.750104	0.08596984
7.753438	0.08586157
7.756771	0.08578036
7.760104	0.08567209
7.763437	0.08553674
7.766771	0.08542847
7.770104	0.08529313
7.773438	0.08518485
7.776771	0.08510365
7.780104	0.08499537
7.783438	0.08494123
7.786771	0.0848871
7.790104	0.08483296
7.793437	0.08477882
7.796771	0.08472469
7.800104	0.08467055
7.803438	0.08456227
7.806771	0.08442693
7.810104	0.08429159
7.813437	0.08415624
7.816771	0.08399383
7.820104	0.08385849
7.823438	0.08372315
7.826771	0.08364194
7.830104	0.0835878
7.833437	0.0835878
7.836771	0.08361487
7.840104	0.08364194
7.843438	0.08364194
7.846771	0.08364194
7.850104	0.08361487
7.853437	0.0835878
7.856771	0.08347953
7.860104	0.08337126
7.863438	0.08320884
7.866771	0.08304643
7.870104	0.08288402
7.873437	0.08272161
7.876771	0.08258627
7.880104	0.08247799
7.883438	0.08245092
7.886771	0.08245092
7.890104	0.08250506
7.893437	0.08261333
7.896771	0.08280282
7.900104	0.0829923
7.903438	0.08318178
7.906771	0.08334419
7.910104	0.08347953
7.913437	0.08356074
7.916771	0.0835878
7.920104	0.08356074
7.923438	0.08345246
7.926771	0.08331712
7.930104	0.08315471
7.933437	0.0829923
7.936771	0.08285695
7.940104	0.08272161
7.943438	0.08258627
7.946771	0.08247799
7.950104	0.08236972
7.953437	0.08223437
7.956771	0.08209903
7.960104	0.08196369
7.963438	0.08177421
7.966771	0.08158473
7.970104	0.08136818
7.973437	0.08112456
7.976771	0.08090801
7.980104	0.08069146
7.983438	0.08047492
7.986771	0.08033957
7.990104	0.0802313
7.993437	0.08017716
7.996771	0.08017716
8.000104	0.08020423
8.003437	0.08025837
8.006771	0.08033957
8.010104	0.08036664
8.013437	0.08039371
8.01677	0.08033957
8.020104	0.0802313
8.023438	0.08009596
8.026771	0.07990648
8.030105	0.07974406
8.033438	0.07958165
8.036771	0.07944631
8.040104	0.0793651
8.043438	0.0793651
8.046771	0.0793651
8.050104	0.07941924
8.053437	0.07950045
8.056771	0.07955458
8.060104	0.07960872
8.063437	0.07960872
8.066771	0.07960872
8.070105	0.07958165
8.073438	0.07952752
8.076771	0.07950045
8.080104	0.07950045
8.083438	0.07955458
8.086771	0.07963579
8.090104	0.0797982
8.093437	0.07996061
8.096771	0.08017716
8.100104	0.08036664
8.103437	0.08052905
8.106771	0.0806644
8.110105	0.0807456
8.113438	0.08071853
8.116771	0.0806644
8.120104	0.08052905
8.123438	0.08036664
8.126771	0.08017716
8.130104	0.07996061
8.133437	0.07974406
8.136771	0.07955458
8.140104	0.0793651
8.143437	0.07920269
8.14677	0.07904028
8.150105	0.07887787
8.153438	0.07871546
8.156771	0.07858011
8.160104	0.07844477
8.163438	0.0783365
8.166771	0.07820115
8.170104	0.07809288
8.173437	0.07798461
8.176771	0.0779034
8.180104	0.07779513
8.183437	0.07771392
8.18677	0.07760565
8.190104	0.07749737
8.193438	0.07736203
8.196771	0.07722668
8.200104	0.07709134
8.203438	0.076956
8.206771	0.07684772
8.210104	0.07673945
8.213437	0.07663118
8.216771	0.07654997
8.220104	0.07649583
8.223437	0.07649583
8.22677	0.07649583
8.230104	0.07654997
8.233438	0.07663118
8.236771	0.07673945
8.240104	0.07687479
8.243438	0.07706427
8.246771	0.07722668
8.250104	0.07741616
8.253437	0.07755151
8.256771	0.07765978
8.260104	0.07771392
8.263437	0.07771392
8.26677	0.07765978
8.270104	0.07755151
8.273438	0.0773891
8.276771	0.07719962
8.280105	0.07698307
8.283438	0.07676652
8.286771	0.07654997
8.290104	0.07636049
8.293438	0.07617101
8.296771	0.07598153
8.300104	0.07584619
8.303437	0.07571084
8.306771	0.07560257
8.310104	0.07552136
8.313437	0.07546723
8.316771	0.07544016
8.320105	0.07544016
8.323438	0.07544016
8.326771	0.07544016
8.330104	0.07541309
8.333438	0.07538602
8.336771	0.07533188
8.340104	0.07522361
8.343437	0.07511533
8.346771	0.07500706
8.350104	0.07489879
8.353437	0.07481758
8.356771	0.07473637
8.360105	0.07468224
8.363438	0.07468224
8.366771	0.07468224
8.370104	0.07473637
8.373438	0.07476344
8.376771	0.07481758
8.380104	0.07487172
8.383437	0.07492585
8.386771	0.07500706
8.390104	0.07508827
8.393437	0.07516947
8.39677	0.07525068
8.400105	0.07533188
8.403438	0.07541309
8.406771	0.07546723
8.410104	0.07549429
8.413438	0.07552136
8.416771	0.07552136
8.420104	0.07549429
8.423437	0.07544016
8.426771	0.07535895
8.430104	0.07527775
8.433437	0.07516947
8.43677	0.0750612
8.440104	0.07495292
8.443438	0.07484465
8.446771	0.07470931
8.450104	0.07457396
8.453438	0.07443862
8.456771	0.07430328
8.460104	0.07416793
8.463437	0.07405966
8.466771	0.07395138
8.470104	0.07387018
8.473437	0.07378897
8.47677	0.07373484
8.480104	0.07365363
8.483438	0.07359949
8.486771	0.07351829
8.490104	0.07346415
8.493438	0.07338294
8.496771	0.07327467
8.500104	0.07319346
8.503437	0.07308519
8.506771	0.07300398
8.510104	0.07292278
8.513437	0.07284157
8.51677	0.0728145
8.520104	0.07278744
8.523438	0.07276037
8.526771	0.07276037
8.530105	0.07276037
8.533438	0.07278744
8.536771	0.07284157
8.540104	0.07286864
8.543438	0.07292278
8.546771	0.07297692
8.550104	0.07300398
8.553437	0.07305812
8.556771	0.07308519
8.560104	0.07308519
8.563437	0.07303105
8.566771	0.07300398
8.570105	0.07292278
8.573438	0.0728145
8.576771	0.0727333
8.580104	0.07262502
8.583438	0.07251675
8.586771	0.07246261
8.590104	0.07240848
8.593437	0.07240848
8.596771	0.07246261
8.600104	0.07257089
8.603437	0.0727333
8.606771	0.07294985
8.610105	0.07322053
8.613438	0.07351829
8.616771	0.07384311
8.620104	0.07414087
8.623438	0.07446569
8.626771	0.07473637
8.630104	0.07497999
8.633437	0.07516947
8.636771	0.07530481
8.640104	0.07541309
8.643437	0.07546723
8.64677	0.07549429
8.650105	0.07549429
8.653438	0.07546723
8.656771	0.07544016
8.660104	0.07541309
8.663438	0.07541309
8.666771	0.07541309
8.670104	0.07541309
8.673437	0.07544016
8.676771	0.07546723
8.680104	0.07552136
8.683437	0.0755755
8.68677	0.07562964
8.690104	0.07571084
8.693438	0.07576498
8.696771	0.07584619
8.700104	0.07592739
8.703438	0.07603567
8.706771	0.07614394
8.710104	0.07627928
8.713437	0.0764417
8.716771	0.07660411
8.720104	0.07676652
8.723437	0.076956
8.72677	0.07709134
8.730104	0.07719962
8.733438	0.07722668
8.736771	0.07719962
8.740104	0.07711841
8.743438	0.076956
8.746771	0.07673945
8.750104	0.07649583
8.753437	0.07622515
8.756771	0.07598153
8.760104	0.07573791
8.763437	0.07554843
8.76677	0.07541309
8.770104	0.07527775
8.773438	0.07519654
8.776771	0.0751424
8.780105	0.07508827
8.783438	0.07500706
8.786771	0.07492585
8.790104	0.07479051
8.793438	0.07465517
8.796771	0.07446569
8.800104	0.07422207
8.803437	0.07397845
8.806771	0.07373484
8.810104	0.07346415
8.813437	0.07322053
8.816771	0.07297692
8.820105	0.07278744
8.823438	0.07259796
8.826771	0.07246261
8.830104	0.07232727
8.833438	0.07224606
8.836771	0.07216486
8.840104	0.07208365
8.843437	0.07202951
8.846771	0.07194831
8.850104	0.0718671
8.853437	0.07175883
8.856771	0.07162349
8.860105	0.07146107
8.863438	0.07129866
8.866771	0.07110918
8.870104	0.07089263
8.873438	0.07067609
8.876771	0.07043247
8.880104	0.07018885
8.883437	0.06991816
8.886771	0.06964748
8.890104	0.06937679
8.893437	0.06907904
8.89677	0.06880835
8.900105	0.06856473
8.903438	0.06832112
8.906771	0.06813164
8.910104	0.06799629
8.913438	0.06791509
8.916771	0.06788802
8.920104	0.06788802
8.923437	0.06796923
8.926771	0.06805043
8.930104	0.06818577
8.933437	0.06829405
8.93677	0.06840232
8.940104	0.0685106
8.943438	0.06856473
8.946771	0.0685918
8.950104	0.06856473
8.953438	0.06853767
8.956771	0.06845646
8.960104	0.06837525
8.963437	0.06826698
8.966771	0.06815871
8.970104	0.0680775
8.973437	0.06796923
8.97677	0.06783388
8.980104	0.06772561
8.983438	0.06759027
8.986771	0.06742785
8.990104	0.06726544
8.993438	0.0671301
8.996771	0.06696769
9.000104	0.06680528
9.003437	0.06664286
9.006771	0.06653459
9.010104	0.06642632
9.013437	0.06631804
9.01677	0.06623684
9.020104	0.06615563
9.023438	0.06607442
9.026771	0.06602029
9.030105	0.06599322
9.033438	0.06599322
9.036771	0.06602029
9.040104	0.06602029
9.043438	0.06607442
9.046771	0.06610149
9.050104	0.06615563
9.053437	0.0661827
9.056771	0.0661827
9.060104	0.0661827
9.063437	0.06615563
9.066771	0.06607442
9.070105	0.06602029
9.073438	0.06591201
9.076771	0.06583081
9.080104	0.0657496
9.083438	0.0656684
9.086771	0.06558719
9.090104	0.06553305
9.093437	0.06550598
9.096771	0.06547892
9.100104	0.06545185
9.103437	0.06542478
9.106771	0.06537064
9.110105	0.0653165
9.113438	0.06520823
9.116771	0.06507289
9.120104	0.06488341
9.123438	0.06466686
9.126771	0.06442324
9.130104	0.06420669
9.133437	0.06399014
9.136771	0.06380066
9.140104	0.06366532
9.143437	0.06361118
9.14677	0.06358411
9.150105	0.06361118
9.153438	0.06363825
9.156771	0.06369239
9.160104	0.06374653
9.163438	0.06377359
9.166771	0.06374653
9.170104	0.06371946
9.173437	0.06366532
9.176771	0.06361118
9.180104	0.06352998
9.183437	0.06347584
9.18677	0.0634217
9.190104	0.0634217
9.193438	0.06344877
9.196771	0.06350291
9.200104	0.06355704
9.203438	0.06366532
9.206771	0.06374653
9.210104	0.06380066
9.213437	0.0638548
9.216771	0.06382773
9.220104	0.06377359
9.223437	0.06369239
9.22677	0.06352998
9.230104	0.0633405
9.233438	0.06312395
9.236771	0.0629074
9.240104	0.06269085
9.243438	0.06250137
9.246771	0.06236603
9.250104	0.06225775
9.253437	0.06220362
9.256771	0.06223068
9.260104	0.06228482
9.263437	0.06236603
9.26677	0.06244723
9.270104	0.06252844
9.273438	0.06255551
9.276771	0.06255551
9.280105	0.06250137
9.283438	0.06242016
9.286771	0.06228482
9.290104	0.06214948
9.293438	0.06201414
9.296771	0.06187879
9.300104	0.06177052
9.303437	0.06168931
9.306771	0.06166224
9.310104	0.06166224
9.313437	0.06168931
9.316771	0.06174345
9.320105	0.06182465
9.323438	0.06190586
9.326771	0.06201414
9.330104	0.06209534
9.333438	0.06212241
9.336771	0.06212241
9.340104	0.06209534
9.343437	0.06198707
9.346771	0.06185172
9.350104	0.06166224
9.353437	0.06147276
9.356771	0.06125621
9.360105	0.06106673
9.363438	0.06090432
9.366771	0.06079605
9.370104	0.06071484
9.373438	0.06066071
9.376771	0.06063364
9.380104	0.06063364
9.383437	0.06063364
9.386771	0.06066071
9.390104	0.06068777
9.393437	0.06071484
9.39677	0.06074191
9.400105	0.06076898
9.403438	0.06076898
9.406771	0.06071484
9.410104	0.06066071
9.413438	0.06055243
9.416771	0.06041709
9.420104	0.06025468
9.423437	0.0600652
9.426771	0.05990278
9.430104	0.05974037
9.433437	0.0596321
9.43677	0.05952382
9.440104	0.05946969
9.443438	0.05946969
9.446771	0.05949676
9.450104	0.05957796
9.453438	0.05965917
9.456771	0.05979451
9.460104	0.05992985
9.463437	0.0600652
9.466771	0.06017347
9.470104	0.06028175
9.473437	0.06036295
9.47677	0.06041709
9.480104	0.06044416
9.483438	0.06041709
9.486771	0.06039002
9.490104	0.06036295
9.493438	0.06030881
9.496771	0.06025468
9.500104	0.06022761
9.503437	0.06020054
9.506771	0.06017347
9.510104	0.06017347
9.513437	0.06017347
9.51677	0.06017347
9.520104	0.06017347
9.523438	0.06017347
9.526771	0.06017347
9.530105	0.0601464
9.533438	0.06009226
9.536771	0.06001106
9.540104	0.05990278
9.543438	0.05974037
9.546771	0.05957796
9.550104	0.05938848
9.553437	0.059199
9.556771	0.05903659
9.560104	0.05890125
9.563437	0.05884711
9.566771	0.05884711
9.570105	0.05892832
9.573438	0.05903659
9.576771	0.05922607
9.580104	0.05941555
9.583438	0.0596321
9.586771	0.05982158
9.590104	0.06001106
9.593437	0.06011933
9.596771	0.06020054
9.600104	0.06025468
9.603437	0.06025468
9.606771	0.06020054
9.610105	0.0601464
9.613438	0.06003813
9.616771	0.05992985
9.620104	0.05979451
9.623438	0.05968624
9.626771	0.05957796
9.630104	0.05952382
9.633437	0.05946969
9.636771	0.05944262
9.640104	0.05946969
9.643437	0.05955089
9.64677	0.05965917
9.650105	0.05982158
9.653438	0.05998399
9.656771	0.0601464
9.660104	0.06030881
9.663438	0.06041709
9.666771	0.06047123
9.670104	0.06047123
9.673437	0.06041709
9.676771	0.06030881
9.680104	0.06020054
9.683437	0.06003813
9.68677	0.05990278
9.690104	0.05979451
9.693438	0.0597133
9.696771	0.0596321
9.700104	0.05957796
9.703438	0.05946969
9.706771	0.05936141
9.710104	0.059199
9.713437	0.05898245
9.716771	0.05871177
9.720104	0.05844108
9.723437	0.05814333
9.72677	0.05787264
9.730104	0.05765609
9.733438	0.05746661
9.736771	0.05735834
9.740104	0.05727713
9.743438	0.05727713
9.746771	0.05727713
9.750104	0.0573042
9.753437	0.0573042
9.756771	0.0573042
9.760104	0.05733127
9.763437	0.05733127
9.76677	0.05733127
9.770104	0.05733127
9.773438	0.05735834
9.776771	0.05738541
9.780105	0.05743954
9.783438	0.05746661
9.786771	0.05749368
9.790104	0.05752075
9.793438	0.05746661
9.796771	0.05741247
9.800104	0.0573042
9.803437	0.05716886
9.806771	0.05700645
9.810104	0.05684403
9.813437	0.05668162
9.816771	0.05654628
9.820105	0.056438
9.823438	0.05632973
9.826771	0.05622146
9.830104	0.05614025
9.833438	0.05603198
9.836771	0.0559237
9.840104	0.05581543
9.843437	0.05568008
9.846771	0.05551767
9.850104	0.05535526
9.853437	0.05519285
9.856771	0.05503044
9.860105	0.05486803
9.863438	0.05473268
9.866771	0.05459734
9.870104	0.05448907
9.873438	0.05438079
9.876771	0.05427252
9.880104	0.05419131
9.883437	0.05411011
9.886771	0.05400183
9.890104	0.05392063
9.893437	0.05383942
9.89677	0.05373115
9.900105	0.05362287
9.903438	0.05348753
9.906771	0.05337925
9.910104	0.05324391
9.913438	0.0531627
9.916771	0.0530815
9.920104	0.05302736
9.923437	0.05302736
9.926771	0.05305443
9.930104	0.05313564
9.933437	0.05321684
9.93677	0.05332512
9.940104	0.05343339
9.943438	0.0535146
9.946771	0.0535958
9.950104	0.05362287
9.953438	0.0535958
9.956771	0.05356873
9.960104	0.0535146
9.963437	0.05343339
9.966771	0.05335219
9.970104	0.05327098
9.973437	0.05318977
9.97677	0.05310857
9.980104	0.05305443
9.983438	0.05300029
9.986771	0.05294616
9.990104	0.05294616
9.993438	0.05294616
9.996771	0.05297322
}
[PEAK]
{
Peak ID	1
Peak Ref	1
Time	4.036995
Peak	3.276771	4.196771
Intensity	-0.0002464652	-0.0003381968
Height	0.003565227
AreaAbs	950.1819
Area %BP	0.04013525
Area %Total	0.03518469
Width	0.9199998
}
[PEAK]
{
Peak ID	2
Peak Ref	2
Time	4.401454
Peak	4.196771	4.730104
Intensity	-0.0002464652	-0.0003381968
Height	0.02432012
AreaAbs	4549.198
Area %BP	0.192156
Area %Total	0.1684542
Width	0.5333333
}
[PEAK]
{
Peak ID	3
Peak Ref	3
Time	5.10184
Peak	4.730104	6.013437
Intensity	-0.0002464652	-0.0003381968
Height	0.2199654
AreaAbs	39457.49
Area %BP	1.666667
Area %Total	1.461089
Width	1.283333
}
[PEAK]
{
Peak ID	4
Peak Ref	4
Time	6.089813
Peak	6.013437	6.200104
Intensity	-0.0002464652	-0.0003381968
Height	0.0001749298
AreaAbs	30.93456
Area %BP	0.001306662
Area %Total	0.001145489
Width	0.186667
}
[PEAK]
{
Peak ID	5
Peak Ref	5
Time	6.223093
Peak	6.200104	6.550104
Intensity	-0.0002464652	-0.0003381968
Height	0.0001349751
AreaAbs	21.43646
Area %BP	0.0009054664
Area %Total	0.00079378
Width	0.3499999
}
}
}
}
