[SAMPLE]
{
Sample	1
Well	2:B,3
FileName	
SampleID	ASD-B-2601004-001
SampleDescription	Aquired with Galaxy
Date	04-Feb-2026
Time	16:43:19 PRC
JobCode	
TaskCode	
UserName	Congcong_Liu2
LabName	Aquired with Galaxy
Instrument	BAD_L_22_523
Conditions	
Submitter	Mengting_Wang
SampleType	
Plate	
Method	
Process	Galaxy
MSTune	
MSMethod	
InletMethod	
PreRunMethod	
PostRunMethod	
SwitchMethod	
FractionMethod	
AcquisitionProcess	
AcquisitionProcessParameters	
AcquisitionProcessOptions	
InjectionVolume	25
ReportScheme	
SampleReportEnable	0
SampleReportFormat	
AnalysisTime	0
[COMPOUND]
{
;Mono Mass	Formula
}
[FUNCTION]
{
Function	1
IonMode	ES+
Type	MS
Description	(0:0)
[SPECTRUM]
{
ProcDesc	0.00:Combine
State	OK
Peak ID	0
Peak Ref	0
Time	0
TIC	0
BPI	0
BPM	0
Continuum	FALSE
Saved	FALSE
[MASSES]
{
;Mass	Exp. Mass	Obs. Mass	% BPI	Int. Abs
}
[RESULTS]
{
;Mass	Found	% BPI	% Purity
}
[MS]
{
;Mass	% BPI
0	0
}
}
[CHROMATOGRAM]
{
TraceNumber	1
Description	scroll down chrom view to see 2D LC chrom
ProcDesc	
MaxIntensity	0
[TRACE]
{
0	0
}
[PEAK]
{
Peak ID	0
Peak Ref	0
Time	0
Peak	0
Intensity	0	0
Height	0
AreaAbs	0
Area %BP	0
Area %Total	0
}
}
}
[FUNCTION]
{
Function	0
Description	ANALOG
[CHROMATOGRAM]
{
TraceNumber	2
Description	LC
ProcDesc	Result Id:2237, VWD: Signal A, 280 nm
MaxIntensity	0.2021366
[TRACE]
{
;Time	Int. %Max
0.002604167	0.06723107
0.0059375	0.06714261
0.009270833	0.06708363
0.01260417	0.06702466
0.0159375	0.06702466
0.01927083	0.06705414
0.02260417	0.06714261
0.0259375	0.06729004
0.02927083	0.06743748
0.03260417	0.06758492
0.0359375	0.06773235
0.03927083	0.0678503
0.04260417	0.06790928
0.0459375	0.06790928
0.04927083	0.06787979
0.05260416	0.06779133
0.0559375	0.06767338
0.05927083	0.06755543
0.06260417	0.06743748
0.0659375	0.06737851
0.06927083	0.06731953
0.07260416	0.06731953
0.0759375	0.06731953
0.07927083	0.06731953
0.08260417	0.06731953
0.0859375	0.06731953
0.08927083	0.06729004
0.09260417	0.06723107
0.0959375	0.06717209
0.09927084	0.06711312
0.1026042	0.06702466
0.1059375	0.0669362
0.1092708	0.06687722
0.1126042	0.06678876
0.1159375	0.06672978
0.1192708	0.06667081
0.1226042	0.06661184
0.1259375	0.06655286
0.1292708	0.06649389
0.1326042	0.06649389
0.1359375	0.06649389
0.1392708	0.06652337
0.1426042	0.06655286
0.1459375	0.06661184
0.1492708	0.06667081
0.1526042	0.06672978
0.1559375	0.06681825
0.1592708	0.06690671
0.1626042	0.06702466
0.1659375	0.06714261
0.1692708	0.06726056
0.1726042	0.06740799
0.1759375	0.06755543
0.1792708	0.06770287
0.1826042	0.06782081
0.1859375	0.06790928
0.1892708	0.06793876
0.1926042	0.06793876
0.1959375	0.06787979
0.1992708	0.06779133
0.2026042	0.06764389
0.2059375	0.06749645
0.2092708	0.06734902
0.2126042	0.06720158
0.2159375	0.06708363
0.2192708	0.06699517
0.2226042	0.06696568
0.2259375	0.06696568
0.2292708	0.06696568
0.2326042	0.06699517
0.2359375	0.06705414
0.2392708	0.06708363
0.2426042	0.06711312
0.2459375	0.06711312
0.2492708	0.06711312
0.2526042	0.06711312
0.2559375	0.06708363
0.2592708	0.06708363
0.2626042	0.06708363
0.2659375	0.06714261
0.2692708	0.06720158
0.2726042	0.06729004
0.2759375	0.06740799
0.2792708	0.06752594
0.2826042	0.06764389
0.2859375	0.06776184
0.2892708	0.0678503
0.2926042	0.06787979
0.2959375	0.06787979
0.2992708	0.0678503
0.3026042	0.06779133
0.3059375	0.06770287
0.3092708	0.06764389
0.3126042	0.06758492
0.3159375	0.06755543
0.3192708	0.06755543
0.3226042	0.06758492
0.3259375	0.06764389
0.3292708	0.06773235
0.3326042	0.06782081
0.3359375	0.06787979
0.3392708	0.06790928
0.3426042	0.06790928
0.3459375	0.06787979
0.3492708	0.06782081
0.3526042	0.06773235
0.3559375	0.06764389
0.3592708	0.06758492
0.3626042	0.06758492
0.3659375	0.0676144
0.3692708	0.06770287
0.3726042	0.06782081
0.3759375	0.06796825
0.3792708	0.06814518
0.3826042	0.0683221
0.3859375	0.06846954
0.3892708	0.06861697
0.3926042	0.06873492
0.3959375	0.06882338
0.3992708	0.06888236
0.4026042	0.06891185
0.4059375	0.06891185
0.4092708	0.06888236
0.4126042	0.06882338
0.4159375	0.06870543
0.4192708	0.06858749
0.4226042	0.06841056
0.4259375	0.06820415
0.4292708	0.06793876
0.4326042	0.06770287
0.4359375	0.06743748
0.4392708	0.06717209
0.4426042	0.06696568
0.4459375	0.06678876
0.4492708	0.06667081
0.4526042	0.06658235
0.4559375	0.06655286
0.4592708	0.06652337
0.4626042	0.06655286
0.4659375	0.06661184
0.4692708	0.06667081
0.4726042	0.06672978
0.4759375	0.06681825
0.4792708	0.06690671
0.4826042	0.06702466
0.4859375	0.06714261
0.4892708	0.06726056
0.4926042	0.06740799
0.4959375	0.06752594
0.4992708	0.06764389
0.5026042	0.06773235
0.5059375	0.06779133
0.5092708	0.0678503
0.5126042	0.0678503
0.5159375	0.06787979
0.5192708	0.06787979
0.5226042	0.06790928
0.5259375	0.06796825
0.5292708	0.06802723
0.5326042	0.0680862
0.5359375	0.06814518
0.5392708	0.06823364
0.5426041	0.06826312
0.5459375	0.06829261
0.5492708	0.0683221
0.5526041	0.06829261
0.5559375	0.06826312
0.5592709	0.06823364
0.5626042	0.06814518
0.5659375	0.0680862
0.5692708	0.06802723
0.5726042	0.06793876
0.5759375	0.0678503
0.5792708	0.06776184
0.5826042	0.06764389
0.5859375	0.06749645
0.5892708	0.06737851
0.5926042	0.06723107
0.5959375	0.06705414
0.5992708	0.06687722
0.6026042	0.0667003
0.6059375	0.06655286
0.6092708	0.06637594
0.6126041	0.06625799
0.6159375	0.06616953
0.6192709	0.06611055
0.6226042	0.06608106
0.6259375	0.06611055
0.6292709	0.06619901
0.6326042	0.06631696
0.6359375	0.0664644
0.6392708	0.06667081
0.6426042	0.06690671
0.6459375	0.06714261
0.6492708	0.06740799
0.6526042	0.06764389
0.6559375	0.0678503
0.6592708	0.06799774
0.6626042	0.0680862
0.6659375	0.06811569
0.6692708	0.06805671
0.6726041	0.06790928
0.6759375	0.06773235
0.6792708	0.06749645
0.6826042	0.06726056
0.6859375	0.06702466
0.6892709	0.06681825
0.6926042	0.06664132
0.6959375	0.06655286
0.6992708	0.06649389
0.7026042	0.06652337
0.7059375	0.06655286
0.7092708	0.06664132
0.7126042	0.06672978
0.7159375	0.06681825
0.7192708	0.06687722
0.7226042	0.06690671
0.7259375	0.06690671
0.7292708	0.06687722
0.7326041	0.06684773
0.7359375	0.06681825
0.7392708	0.06681825
0.7426042	0.06684773
0.7459375	0.06687722
0.7492709	0.0669362
0.7526042	0.06699517
0.7559375	0.06708363
0.7592708	0.06717209
0.7626042	0.06720158
0.7659375	0.06723107
0.7692708	0.06723107
0.7726042	0.06717209
0.7759375	0.06711312
0.7792708	0.06702466
0.7826042	0.0669362
0.7859375	0.06684773
0.7892708	0.06675927
0.7926041	0.06672978
0.7959375	0.06667081
0.7992708	0.06664132
0.8026041	0.06658235
0.8059375	0.06652337
0.8092709	0.0664644
0.8126042	0.06637594
0.8159375	0.06628747
0.8192708	0.06616953
0.8226042	0.06608106
0.8259375	0.06596311
0.8292708	0.06590414
0.8326042	0.06584516
0.8359375	0.06581568
0.8392708	0.06578619
0.8426042	0.0657567
0.8459375	0.0657567
0.8492708	0.06572722
0.8526042	0.06569773
0.8559375	0.06569773
0.8592708	0.06569773
0.8626041	0.06572722
0.8659375	0.0657567
0.8692709	0.06584516
0.8726042	0.06596311
0.8759375	0.06614004
0.8792709	0.06631696
0.8826042	0.06649389
0.8859375	0.06667081
0.8892708	0.06681825
0.8926042	0.0669362
0.8959375	0.06699517
0.8992708	0.06699517
0.9026042	0.0669362
0.9059375	0.06684773
0.9092708	0.0667003
0.9126042	0.06655286
0.9159375	0.06640542
0.9192708	0.06628747
0.9226041	0.06616953
0.9259375	0.06611055
0.9292708	0.06605158
0.9326042	0.06602209
0.9359375	0.0659926
0.9392709	0.06596311
0.9426042	0.06593363
0.9459375	0.06587465
0.9492708	0.06584516
0.9526042	0.06581568
0.9559375	0.06578619
0.9592708	0.0657567
0.9626042	0.0657567
0.9659375	0.06578619
0.9692708	0.06581568
0.9726042	0.06590414
0.9759375	0.0659926
0.9792708	0.06608106
0.9826041	0.06616953
0.9859375	0.06628747
0.9892708	0.06637594
0.9926042	0.06643491
0.9959375	0.06649389
0.9992709	0.06655286
1.002604	0.06655286
1.005937	0.06652337
1.009271	0.06649389
1.012604	0.06643491
1.015937	0.06637594
1.019271	0.06631696
1.022604	0.06625799
1.025938	0.06625799
1.029271	0.06628747
1.032604	0.06634645
1.035938	0.0664644
1.039271	0.06661184
1.042604	0.06678876
1.045938	0.06696568
1.049271	0.06714261
1.052604	0.06726056
1.055938	0.06734902
1.059271	0.06737851
1.062604	0.06737851
1.065938	0.06731953
1.069271	0.06720158
1.072604	0.06708363
1.075938	0.06690671
1.079271	0.06672978
1.082604	0.06652337
1.085938	0.06634645
1.089271	0.06616953
1.092604	0.0659926
1.095937	0.06587465
1.099271	0.06581568
1.102604	0.06578619
1.105937	0.06581568
1.109271	0.06587465
1.112604	0.06596311
1.115937	0.06608106
1.119271	0.06619901
1.122604	0.06628747
1.125937	0.06634645
1.129271	0.06634645
1.132604	0.06634645
1.135937	0.06625799
1.139271	0.06616953
1.142604	0.06602209
1.145937	0.06587465
1.149271	0.06572722
1.152604	0.06557978
1.155938	0.06543234
1.159271	0.06534388
1.162604	0.06531439
1.165938	0.06534388
1.169271	0.06540286
1.172604	0.0655208
1.175938	0.06572722
1.179271	0.06596311
1.182604	0.0662285
1.185938	0.06649389
1.189271	0.06678876
1.192604	0.06702466
1.195938	0.06726056
1.199271	0.06746697
1.202604	0.06758492
1.205938	0.06767338
1.209271	0.06770287
1.212604	0.06764389
1.215937	0.06755543
1.219271	0.06743748
1.222604	0.06729004
1.225937	0.06711312
1.229271	0.0669362
1.232604	0.06675927
1.235937	0.06661184
1.239271	0.06652337
1.242604	0.0664644
1.245937	0.0664644
1.249271	0.06649389
1.252604	0.06652337
1.255937	0.06658235
1.259271	0.06664132
1.262604	0.06667081
1.265937	0.06667081
1.269271	0.06664132
1.272604	0.06655286
1.275938	0.0664644
1.279271	0.06637594
1.282604	0.06625799
1.285938	0.06616953
1.289271	0.06611055
1.292604	0.06605158
1.295938	0.06602209
1.299271	0.0659926
1.302604	0.06596311
1.305938	0.06593363
1.309271	0.06590414
1.312604	0.06584516
1.315938	0.0657567
1.319271	0.06566824
1.322604	0.06557978
1.325938	0.0655208
1.329271	0.06543234
1.332604	0.06540286
1.335938	0.06540286
1.339271	0.06543234
1.342604	0.06549132
1.345937	0.06560927
1.349271	0.0657567
1.352604	0.06596311
1.355937	0.06614004
1.359271	0.06634645
1.362604	0.06652337
1.365937	0.06664132
1.369271	0.06672978
1.372604	0.06675927
1.375937	0.06675927
1.379271	0.0667003
1.382604	0.06661184
1.385937	0.06652337
1.389271	0.06643491
1.392604	0.06637594
1.395937	0.06628747
1.399271	0.0662285
1.402604	0.06616953
1.405938	0.06611055
1.409271	0.06602209
1.412604	0.06596311
1.415938	0.06590414
1.419271	0.06584516
1.422604	0.06578619
1.425938	0.06578619
1.429271	0.06581568
1.432604	0.06584516
1.435938	0.06590414
1.439271	0.06596311
1.442604	0.06602209
1.445938	0.06608106
1.449271	0.06611055
1.452604	0.06611055
1.455938	0.06608106
1.459271	0.06605158
1.462604	0.0659926
1.465937	0.06593363
1.469271	0.06587465
1.472604	0.06584516
1.475937	0.06581568
1.479271	0.06581568
1.482604	0.06584516
1.485937	0.06587465
1.489271	0.06590414
1.492604	0.06593363
1.495937	0.06596311
1.499271	0.0659926
1.502604	0.06602209
1.505937	0.06602209
1.509271	0.06602209
1.512604	0.0659926
1.515937	0.0659926
1.519271	0.06596311
1.522604	0.06593363
1.525938	0.06590414
1.529271	0.06587465
1.532604	0.06584516
1.535938	0.06584516
1.539271	0.06584516
1.542604	0.06590414
1.545938	0.06593363
1.549271	0.06602209
1.552604	0.06608106
1.555938	0.06611055
1.559271	0.06614004
1.562604	0.06614004
1.565938	0.06614004
1.569271	0.06608106
1.572604	0.0659926
1.575938	0.06590414
1.579271	0.06581568
1.582604	0.06572722
1.585938	0.06566824
1.589271	0.06560927
1.592604	0.06555029
1.595937	0.06549132
1.599271	0.06546183
1.602604	0.06540286
1.605937	0.06540286
1.609271	0.06540286
1.612604	0.06543234
1.615937	0.06549132
1.619271	0.06557978
1.622604	0.06566824
1.625937	0.06578619
1.629271	0.06587465
1.632604	0.06596311
1.635937	0.06602209
1.639271	0.06605158
1.642604	0.06602209
1.645937	0.06596311
1.649271	0.06590414
1.652604	0.06581568
1.655938	0.0657567
1.659271	0.06566824
1.662604	0.06560927
1.665938	0.06557978
1.669271	0.06557978
1.672604	0.06557978
1.675938	0.06563875
1.679271	0.06569773
1.682604	0.06578619
1.685938	0.06584516
1.689271	0.06590414
1.692604	0.06593363
1.695938	0.06590414
1.699271	0.06584516
1.702604	0.06572722
1.705938	0.06557978
1.709271	0.06540286
1.712604	0.06519644
1.715937	0.06499003
1.719271	0.0648426
1.722604	0.06475413
1.725937	0.06469516
1.729271	0.06472465
1.732604	0.0648426
1.735937	0.06496055
1.739271	0.06513747
1.742604	0.06534388
1.745937	0.0655208
1.749271	0.06569773
1.752604	0.06581568
1.755937	0.06590414
1.759271	0.06596311
1.762604	0.0659926
1.765937	0.0659926
1.769271	0.0659926
1.772604	0.0659926
1.775938	0.0659926
1.779271	0.06602209
1.782604	0.06602209
1.785938	0.06605158
1.789271	0.06602209
1.792604	0.06602209
1.795938	0.06596311
1.799271	0.06590414
1.802604	0.06581568
1.805938	0.06569773
1.809271	0.06560927
1.812604	0.06549132
1.815938	0.06543234
1.819271	0.06534388
1.822604	0.06531439
1.825938	0.06531439
1.829271	0.06534388
1.832604	0.06540286
1.835938	0.06546183
1.839271	0.06555029
1.842604	0.06563875
1.845937	0.0657567
1.849271	0.06584516
1.852604	0.06596311
1.855937	0.06602209
1.859271	0.06608106
1.862604	0.06614004
1.865937	0.06616953
1.869271	0.06616953
1.872604	0.06616953
1.875937	0.06616953
1.879271	0.06616953
1.882604	0.06616953
1.885937	0.06616953
1.889271	0.06616953
1.892604	0.06619901
1.895937	0.0662285
1.899271	0.0662285
1.902604	0.0662285
1.905938	0.0662285
1.909271	0.06619901
1.912604	0.06614004
1.915938	0.06608106
1.919271	0.0659926
1.922604	0.06590414
1.925938	0.06584516
1.929271	0.06578619
1.932604	0.06572722
1.935938	0.06569773
1.939271	0.06569773
1.942604	0.06572722
1.945938	0.06572722
1.949271	0.0657567
1.952604	0.0657567
1.955938	0.06572722
1.959271	0.06569773
1.962604	0.06563875
1.965937	0.06555029
1.969271	0.06543234
1.972604	0.06534388
1.975937	0.06522593
1.979271	0.06513747
1.982604	0.06504901
1.985937	0.06499003
1.989271	0.06493106
1.992604	0.06493106
1.995937	0.06496055
1.999271	0.06501952
2.002604	0.06510798
2.005938	0.06519644
2.009271	0.06528491
2.012604	0.06537337
2.015938	0.06546183
2.019271	0.06555029
2.022604	0.06563875
2.025938	0.0657567
2.029271	0.06590414
2.032604	0.06608106
2.035938	0.06628747
2.039271	0.06649389
2.042604	0.06672978
2.045938	0.06696568
2.049271	0.06717209
2.052604	0.06731953
2.055938	0.06743748
2.059271	0.06749645
2.062604	0.06746697
2.065938	0.06740799
2.069271	0.06731953
2.072604	0.06714261
2.075938	0.06696568
2.079271	0.06678876
2.082604	0.06661184
2.085938	0.0664644
2.089271	0.06637594
2.092604	0.06631696
2.095937	0.06628747
2.099271	0.06631696
2.102604	0.06634645
2.105937	0.06643491
2.109271	0.06649389
2.112604	0.06655286
2.115937	0.06661184
2.119271	0.06661184
2.122604	0.06661184
2.125937	0.06658235
2.129271	0.06655286
2.132604	0.06652337
2.135937	0.06649389
2.139271	0.0664644
2.142604	0.06649389
2.145937	0.06652337
2.149271	0.06658235
2.152604	0.06667081
2.155937	0.06678876
2.159271	0.06687722
2.162604	0.0669362
2.165937	0.06696568
2.169271	0.06696568
2.172604	0.06690671
2.175937	0.06681825
2.179271	0.06667081
2.182604	0.06655286
2.185937	0.06640542
2.189271	0.06625799
2.192604	0.06614004
2.195937	0.06605158
2.199271	0.06602209
2.202604	0.0659926
2.205937	0.0659926
2.209271	0.0659926
2.212604	0.06596311
2.215938	0.06593363
2.219271	0.06587465
2.222604	0.06581568
2.225938	0.06572722
2.229271	0.06560927
2.232604	0.06549132
2.235938	0.06540286
2.239271	0.06534388
2.242604	0.06531439
2.245938	0.06531439
2.249271	0.06537337
2.252604	0.06546183
2.255938	0.06557978
2.259271	0.06569773
2.262604	0.06581568
2.265938	0.06593363
2.269271	0.06602209
2.272604	0.06605158
2.275938	0.06605158
2.279271	0.06602209
2.282604	0.06593363
2.285938	0.06587465
2.289271	0.06578619
2.292604	0.06572722
2.295938	0.06566824
2.299271	0.06569773
2.302604	0.0657567
2.305938	0.06587465
2.309271	0.06602209
2.312604	0.0662285
2.315938	0.06643491
2.319271	0.06661184
2.322604	0.06678876
2.325938	0.06696568
2.329271	0.06711312
2.332604	0.06723107
2.335938	0.06731953
2.339271	0.06737851
2.342604	0.06743748
2.345937	0.06749645
2.349271	0.06755543
2.352604	0.06758492
2.355937	0.06758492
2.359271	0.06758492
2.362604	0.06752594
2.365937	0.06743748
2.369271	0.06731953
2.372604	0.06714261
2.375937	0.0669362
2.379271	0.06672978
2.382604	0.06652337
2.385937	0.06628747
2.389271	0.06608106
2.392604	0.06590414
2.395937	0.06578619
2.399271	0.06569773
2.402604	0.06569773
2.405937	0.06572722
2.409271	0.06578619
2.412604	0.06593363
2.415937	0.06611055
2.419271	0.06631696
2.422604	0.06649389
2.425937	0.06667081
2.429271	0.06678876
2.432604	0.06684773
2.435937	0.06681825
2.439271	0.06672978
2.442604	0.06652337
2.445937	0.06628747
2.449271	0.0659926
2.452604	0.06569773
2.455937	0.06540286
2.459271	0.06519644
2.462604	0.06507849
2.465938	0.06504901
2.469271	0.06513747
2.472604	0.06531439
2.475938	0.06555029
2.479271	0.06581568
2.482604	0.06608106
2.485938	0.06634645
2.489271	0.06658235
2.492604	0.06675927
2.495938	0.06687722
2.499271	0.06690671
2.502604	0.0669362
2.505938	0.06690671
2.509271	0.06684773
2.512604	0.06681825
2.515938	0.06675927
2.519271	0.0667003
2.522604	0.06661184
2.525938	0.06655286
2.529271	0.06652337
2.532604	0.06649389
2.535938	0.06649389
2.539271	0.06649389
2.542604	0.06655286
2.545938	0.06658235
2.549271	0.06664132
2.552604	0.06667081
2.555938	0.0667003
2.559271	0.06667081
2.562604	0.06661184
2.565938	0.06649389
2.569271	0.06634645
2.572604	0.06614004
2.575938	0.06590414
2.579271	0.06566824
2.582604	0.06543234
2.585938	0.06525542
2.589271	0.06510798
2.592604	0.06501952
2.595937	0.06496055
2.599271	0.06496055
2.602604	0.06499003
2.605937	0.06504901
2.609271	0.06507849
2.612604	0.06510798
2.615937	0.06507849
2.619271	0.06501952
2.622604	0.06490157
2.625937	0.06475413
2.629271	0.06457721
2.632604	0.06440029
2.635937	0.06422336
2.639271	0.06410541
2.642604	0.06401695
2.645937	0.06401695
2.649271	0.06407593
2.652604	0.06422336
2.655937	0.06442977
2.659271	0.06469516
2.662604	0.06499003
2.665937	0.06531439
2.669271	0.06557978
2.672604	0.06581568
2.675937	0.06596311
2.679271	0.06605158
2.682604	0.06605158
2.685937	0.06602209
2.689271	0.06596311
2.692604	0.06590414
2.695937	0.06581568
2.699271	0.06578619
2.702604	0.06578619
2.705937	0.06581568
2.709271	0.06590414
2.712604	0.0659926
2.715938	0.06611055
2.719271	0.0662285
2.722604	0.06631696
2.725938	0.06643491
2.729271	0.06652337
2.732604	0.06661184
2.735938	0.0667003
2.739271	0.06678876
2.742604	0.06687722
2.745938	0.06696568
2.749271	0.06705414
2.752604	0.06714261
2.755938	0.06723107
2.759271	0.06729004
2.762604	0.06737851
2.765938	0.06743748
2.769271	0.06752594
2.772604	0.06758492
2.775938	0.06770287
2.779271	0.06782081
2.782604	0.06799774
2.785938	0.06823364
2.789271	0.06849902
2.792604	0.0687939
2.795938	0.06914774
2.799271	0.06956057
2.802604	0.07000288
2.805938	0.07047467
2.809271	0.07097596
2.812604	0.07147724
2.815938	0.07200801
2.819271	0.07253878
2.822604	0.07306956
2.825938	0.07362981
2.829271	0.07421956
2.832604	0.07480931
2.835938	0.07542854
2.839271	0.07604778
2.842604	0.0766965
2.845937	0.0773747
2.849271	0.0780824
2.852604	0.07884907
2.855937	0.07964523
2.859271	0.08047087
2.862604	0.081326
2.865937	0.08221062
2.869271	0.08312473
2.872604	0.08403884
2.875937	0.08492346
2.879271	0.08580808
2.882604	0.08666321
2.885937	0.08745937
2.889271	0.08825552
2.892604	0.08899271
2.895937	0.0897004
2.899271	0.0904081
2.902604	0.09105682
2.905937	0.09170554
2.909271	0.09229528
2.912604	0.09285554
2.915937	0.09338631
2.919271	0.09382862
2.922604	0.09424145
2.925937	0.09462478
2.929271	0.09494914
2.932604	0.09521453
2.935937	0.09545043
2.939271	0.09568633
2.942604	0.09589274
2.945937	0.09609915
2.949271	0.09630556
2.952604	0.09651197
2.955937	0.09671838
2.959271	0.09695428
2.962604	0.09716069
2.965938	0.0973671
2.969271	0.09754402
2.972604	0.09766197
2.975938	0.09772095
2.979271	0.09766197
2.982604	0.09754402
2.985938	0.09733761
2.989271	0.09704274
2.992604	0.09668889
2.995938	0.09630556
2.999271	0.09592222
3.002604	0.09556838
3.005938	0.09524402
3.009271	0.09494914
3.012604	0.09474273
3.015938	0.09456581
3.019271	0.09444786
3.022604	0.09430042
3.025938	0.09418247
3.029271	0.09403504
3.032604	0.09382862
3.035938	0.09359273
3.039271	0.09329785
3.042604	0.09294401
3.045938	0.0925017
3.049271	0.09205939
3.052604	0.09152861
3.055938	0.09099784
3.059271	0.09043758
3.062604	0.08987733
3.065938	0.08934655
3.069271	0.08884527
3.072604	0.08840296
3.075938	0.08801962
3.079271	0.08772475
3.082604	0.08745937
3.085938	0.08728244
3.089271	0.08716449
3.092604	0.08707603
3.095937	0.08701706
3.099271	0.08692859
3.102604	0.08681064
3.105937	0.0866927
3.109271	0.08648628
3.112604	0.08627987
3.115937	0.08601449
3.119271	0.08571961
3.122604	0.08542474
3.125937	0.08512987
3.129271	0.08486448
3.132604	0.08465807
3.135937	0.08448115
3.139271	0.0843632
3.142604	0.08430422
3.145937	0.08427473
3.149271	0.08430422
3.152604	0.08433371
3.155937	0.08442217
3.159271	0.08451063
3.162604	0.08462858
3.165937	0.08474653
3.169271	0.08489397
3.172604	0.08507089
3.175937	0.0852773
3.179271	0.0855132
3.182604	0.08577859
3.185937	0.08610295
3.189271	0.0864568
3.192604	0.08686962
3.195937	0.08734142
3.199271	0.08787219
3.202604	0.08843245
3.205937	0.08905168
3.209271	0.0897004
3.212604	0.09037861
3.215938	0.0910863
3.219271	0.091794
3.222604	0.0925017
3.225938	0.09315042
3.229271	0.09379914
3.232604	0.09438888
3.235938	0.09494914
3.239271	0.09542094
3.242604	0.09586325
3.245938	0.09624658
3.249271	0.09657094
3.252604	0.09686582
3.255938	0.09710171
3.259271	0.09730813
3.262604	0.09751454
3.265938	0.09772095
3.269271	0.09792736
3.272604	0.09813377
3.275938	0.09831069
3.279271	0.09851711
3.282604	0.09869403
3.285938	0.09881198
3.289271	0.09884147
3.292604	0.09881198
3.295938	0.09869403
3.299271	0.09848762
3.302604	0.09822223
3.305938	0.09789787
3.309271	0.09751454
3.312604	0.09716069
3.315938	0.09683633
3.319271	0.09654146
3.322604	0.09633504
3.325938	0.0962171
3.329271	0.09612863
3.332604	0.09612863
3.335938	0.0962171
3.339271	0.09633504
3.342604	0.09651197
3.345937	0.09674787
3.349271	0.09698377
3.352604	0.09724915
3.355937	0.09751454
3.359271	0.09777992
3.362604	0.0980748
3.365937	0.09836967
3.369271	0.09863505
3.372604	0.09892993
3.375937	0.0992248
3.379271	0.09951967
3.382604	0.09984403
3.385937	0.1001979
3.389271	0.1005517
3.392604	0.1009646
3.395937	0.1013774
3.399271	0.1018197
3.402604	0.1022915
3.405937	0.1027928
3.409271	0.103353
3.412604	0.1039428
3.415937	0.1045915
3.419271	0.1053287
3.422604	0.1061543
3.425937	0.1070389
3.429271	0.1079825
3.432604	0.1090146
3.435937	0.1101056
3.439271	0.1112556
3.442604	0.1124056
3.445937	0.1135851
3.449271	0.1147941
3.452604	0.1160031
3.455937	0.117271
3.459271	0.118539
3.462604	0.1198659
3.465938	0.1212813
3.469271	0.1227852
3.472604	0.124407
3.475938	0.1261762
3.479271	0.1280339
3.482604	0.130039
3.485938	0.1321621
3.489271	0.1344032
3.492604	0.1367327
3.495938	0.1391506
3.499271	0.1416276
3.502604	0.144193
3.505938	0.1468468
3.509271	0.1495891
3.512604	0.1524494
3.515938	0.1553981
3.519271	0.1584943
3.522604	0.1617084
3.525938	0.16507
3.529271	0.16852
3.532604	0.1721469
3.535938	0.1758918
3.539271	0.1797547
3.542604	0.1837354
3.545938	0.1878637
3.549271	0.1921098
3.552604	0.196474
3.555938	0.201015
3.559271	0.2057035
3.562604	0.2105394
3.565938	0.2155522
3.569271	0.2207125
3.572604	0.2260203
3.575938	0.2315344
3.579271	0.2372254
3.582604	0.2430934
3.585938	0.2491973
3.589271	0.2554781
3.592604	0.2620243
3.595937	0.2688063
3.599271	0.2758833
3.602604	0.2832551
3.605937	0.2909218
3.609271	0.2989129
3.612604	0.3071988
3.615937	0.3158386
3.619271	0.3248027
3.622604	0.3340912
3.625937	0.3437336
3.629271	0.3536708
3.632604	0.3639324
3.635937	0.3745479
3.639271	0.3855171
3.642604	0.3968108
3.645937	0.4084583
3.649271	0.4204301
3.652604	0.4327263
3.655937	0.4452879
3.659271	0.4581444
3.662604	0.4712073
3.665937	0.4844765
3.669271	0.4978933
3.672604	0.5114574
3.675937	0.5251101
3.679271	0.5388511
3.682604	0.5526807
3.685937	0.5665692
3.689271	0.5805167
3.692604	0.5944642
3.695937	0.6083822
3.699271	0.6222707
3.702604	0.6360413
3.705937	0.6496644
3.709271	0.6631106
3.712604	0.6763505
3.715938	0.6893544
3.719271	0.7020929
3.722604	0.7145955
3.725938	0.7268328
3.729271	0.7388341
3.732604	0.7506585
3.735938	0.762306
3.739271	0.7737766
3.742604	0.7851587
3.745938	0.7964818
3.749271	0.807746
3.752604	0.8190986
3.755938	0.8305102
3.759271	0.8421282
3.762604	0.8540116
3.765938	0.8662488
3.769271	0.8789873
3.772604	0.8923451
3.775938	0.90644
3.779271	0.9213901
3.782604	0.9373722
3.785938	0.9545043
3.789271	0.9729634
3.792604	0.9928083
3.795938	1.014187
3.799271	1.037246
3.802604	1.062074
3.805938	1.08876
3.809271	1.117422
3.812604	1.148118
3.815938	1.180937
3.819271	1.215998
3.822604	1.253299
3.825938	1.29293
3.829271	1.334891
3.832604	1.379181
3.835938	1.4258
3.839271	1.474631
3.842604	1.525615
3.845937	1.578662
3.849271	1.633568
3.852604	1.690242
3.855937	1.748421
3.859271	1.807867
3.862604	1.868405
3.865937	1.929738
3.869271	1.991603
3.872604	2.053673
3.875937	2.115656
3.879271	2.177225
3.882604	2.238087
3.885937	2.297887
3.889271	2.356302
3.892604	2.413006
3.895937	2.467675
3.899271	2.519956
3.902604	2.569613
3.905937	2.616291
3.909271	2.659785
3.912604	2.699829
3.915937	2.736216
3.919271	2.7688
3.922604	2.797402
3.925937	2.821936
3.929271	2.842312
3.932604	2.858441
3.935937	2.870325
3.939271	2.877962
3.942604	2.881353
3.945937	2.880586
3.949271	2.875721
3.952604	2.866875
3.955937	2.854136
3.959271	2.837653
3.962604	2.817601
3.965938	2.794159
3.969271	2.767502
3.972604	2.737838
3.975938	2.705461
3.979271	2.670519
3.982604	2.633335
3.985938	2.594146
3.989271	2.553189
3.992604	2.510756
3.995938	2.467115
3.999271	2.422471
4.002604	2.37709
4.005938	2.331267
4.009271	2.285149
4.012604	2.23906
4.015937	2.193148
4.019271	2.147649
4.022604	2.10277
4.025938	2.058686
4.029271	2.015546
4.032604	1.973527
4.035937	1.932834
4.039271	1.893616
4.042604	1.85602
4.045938	1.820222
4.049271	1.786459
4.052604	1.754878
4.055937	1.725686
4.059271	1.699147
4.062604	1.675499
4.065938	1.654916
4.069271	1.637755
4.072604	1.62422
4.075937	1.614637
4.079271	1.609388
4.082604	1.608769
4.085938	1.613251
4.089271	1.623218
4.092604	1.63917
4.095938	1.661669
4.099271	1.691274
4.102604	1.728576
4.105937	1.774252
4.109271	1.82901
4.112604	1.893587
4.115938	1.96875
4.119271	2.055325
4.122604	2.154137
4.125937	2.266041
4.129271	2.391893
4.132604	2.532459
4.135938	2.688594
4.139271	2.861036
4.142604	3.050492
4.145937	3.257611
4.149271	3.482923
4.152604	3.726901
4.155938	3.989928
4.159271	4.272181
4.162604	4.573777
4.165937	4.894599
4.169271	5.234411
4.172604	5.592711
4.175938	5.968792
4.179271	6.361681
4.182604	6.770287
4.185937	7.193194
4.189271	7.62884
4.192604	8.075424
4.195938	8.530974
4.199271	8.993276
4.202604	9.46009
4.205937	9.928909
4.209271	10.39714
4.212604	10.86209
4.215938	11.32098
4.219271	11.77092
4.222604	12.20907
4.225937	12.63257
4.229271	13.03864
4.232604	13.42457
4.235938	13.78777
4.239271	14.12584
4.242604	14.43652
4.245937	14.71783
4.249271	14.968
4.252604	15.18552
4.255938	15.36914
4.259271	15.51793
4.262604	15.63128
4.265937	15.70883
4.269271	15.75056
4.272604	15.75666
4.275938	15.72774
4.279271	15.66457
4.282604	15.56821
4.285937	15.43994
4.289271	15.28127
4.292604	15.09391
4.295938	14.87971
4.299271	14.64069
4.302604	14.37893
4.305937	14.09668
4.309271	13.79617
4.312604	13.47965
4.315938	13.14937
4.319271	12.80758
4.322604	12.45644
4.325937	12.09805
4.329271	11.73445
4.332604	11.36757
4.335938	10.99921
4.339271	10.63112
4.342604	10.26486
4.345938	9.901869
4.349271	9.54345
4.352604	9.190752
4.355937	8.844807
4.359271	8.50647
4.362604	8.176477
4.365938	7.855449
4.369271	7.543916
4.372604	7.242261
4.375937	6.950808
4.379271	6.669765
4.382604	6.399248
4.385938	6.139288
4.389271	5.889884
4.392604	5.65086
4.395937	5.422068
4.399271	5.203272
4.402604	4.994178
4.405938	4.794519
4.409271	4.603942
4.412604	4.422124
4.415937	4.248797
4.419271	4.08358
4.422604	3.926177
4.425938	3.776263
4.429271	3.633545
4.432604	3.497638
4.435937	3.368247
4.439271	3.245049
4.442604	3.12769
4.445938	3.015903
4.449271	2.909336
4.452604	2.807782
4.455937	2.710946
4.459271	2.618591
4.462604	2.530513
4.465938	2.446533
4.469271	2.366475
4.472604	2.290132
4.475937	2.217328
4.479271	2.147915
4.482604	2.081745
4.485938	2.018613
4.489271	1.95837
4.492604	1.9009
4.495937	1.846053
4.499271	1.793713
4.502604	1.743762
4.505938	1.696081
4.509271	1.650552
4.512604	1.607147
4.515937	1.565688
4.519271	1.526145
4.522604	1.488431
4.525938	1.452516
4.529271	1.418281
4.532604	1.385727
4.535937	1.354765
4.539271	1.325425
4.542604	1.297648
4.545938	1.271434
4.549271	1.246753
4.552604	1.223576
4.555937	1.201873
4.559271	1.181645
4.562604	1.162862
4.565938	1.145494
4.569271	1.129541
4.572604	1.115033
4.575937	1.102
4.579271	1.0905
4.582604	1.080563
4.585938	1.072306
4.589271	1.06576
4.592604	1.061101
4.595938	1.058329
4.599271	1.057621
4.602604	1.059007
4.605937	1.062605
4.609271	1.068473
4.612604	1.076759
4.615938	1.087522
4.619271	1.100879
4.622604	1.11695
4.625937	1.135822
4.629271	1.157672
4.632604	1.182618
4.635938	1.210778
4.639271	1.2423
4.642604	1.277331
4.645937	1.315989
4.649271	1.358392
4.652604	1.404599
4.655938	1.454786
4.659271	1.508984
4.662604	1.567251
4.665937	1.629646
4.669271	1.696199
4.672604	1.766968
4.675938	1.841925
4.679271	1.921098
4.682604	2.004488
4.685937	2.092095
4.689271	2.183978
4.692604	2.280136
4.695938	2.380629
4.699271	2.485544
4.702604	2.595002
4.705937	2.709176
4.709271	2.828246
4.712604	2.952565
4.715938	3.082427
4.719271	3.218363
4.722604	3.360934
4.725937	3.510848
4.729271	3.668988
4.732604	3.836388
4.735938	4.014344
4.739271	4.20433
4.742604	4.408117
4.745937	4.62768
4.749271	4.865347
4.752604	5.123745
4.755938	5.405791
4.759271	5.714759
4.762604	6.054158
4.765937	6.42791
4.769271	6.840172
4.772604	7.295515
4.775938	7.798774
4.779271	8.355082
4.782604	8.969892
4.785937	9.648926
4.789271	10.39808
4.792604	11.22334
4.795938	12.13087
4.799271	13.12669
4.802604	14.21669
4.805937	15.40644
4.809271	16.70129
4.812604	18.106
4.815938	19.62493
4.819271	21.26171
4.822604	23.0193
4.825937	24.89979
4.829271	26.90434
4.832604	29.03306
4.835938	31.2848
4.839271	33.65717
4.842604	36.14622
4.845938	38.74659
4.849271	41.45126
4.852604	44.25176
4.855937	47.13804
4.859271	50.0985
4.862604	53.12021
4.865938	56.18887
4.869271	59.28887
4.872604	62.40355
4.875937	65.51517
4.879271	68.60512
4.882604	71.65405
4.885938	74.64217
4.889271	77.54933
4.892604	80.35549
4.895937	83.04076
4.899271	85.58581
4.902604	87.97213
4.905938	90.18208
4.909271	92.19943
4.912604	94.00924
4.915937	95.59828
4.919271	96.95514
4.922604	98.07032
4.925938	98.93645
4.929271	99.54834
4.932604	99.90308
4.935937	100
4.939271	99.84068
4.942604	99.42889
4.945938	98.7705
4.949271	97.87329
4.952604	96.74696
4.955937	95.40275
4.959271	93.85358
4.962604	92.11362
4.965938	90.19821
4.969271	88.1236
4.972604	85.90681
4.975937	83.56525
4.979271	81.11653
4.982604	78.57838
4.985938	75.96819
4.989271	73.30307
4.992604	70.59952
4.995937	67.87333
4.999271	65.13959
5.002604	62.41243
5.005938	59.70506
5.009271	57.02949
5.012604	54.39675
5.015937	51.81649
5.019271	49.2973
5.022604	46.84649
5.025938	44.4702
5.029271	42.17346
5.032604	39.9602
5.035937	37.83352
5.039271	35.79556
5.042604	33.8476
5.045938	31.99025
5.049271	30.22337
5.052604	28.54611
5.055937	26.95707
5.059271	25.45433
5.062604	24.03546
5.065938	22.69774
5.069271	21.43813
5.072604	20.25342
5.075937	19.1403
5.079271	18.09536
5.082604	17.1152
5.085938	16.1965
5.089271	15.33588
5.092604	14.53002
5.095938	13.77562
5.099271	13.06951
5.102604	12.40859
5.105937	11.78982
5.109271	11.21037
5.112604	10.66754
5.115938	10.15879
5.119271	9.681775
5.122604	9.234305
5.125937	8.814288
5.129271	8.419866
5.132604	8.049181
5.135938	7.700553
5.139271	7.372388
5.142604	7.063184
5.145937	6.771555
5.149271	6.496232
5.152604	6.236036
5.155938	5.989905
5.159271	5.756897
5.162604	5.536155
5.165937	5.326942
5.169271	5.128522
5.172604	4.940275
5.175938	4.761611
5.179271	4.591941
5.182604	4.430763
5.185937	4.277577
5.189271	4.13188
5.192604	3.99329
5.195938	3.861393
5.199271	3.735866
5.202604	3.616354
5.205937	3.502591
5.209271	3.394285
5.212604	3.291226
5.215938	3.193122
5.219271	3.099824
5.222604	3.011067
5.225937	2.926704
5.229271	2.846558
5.232604	2.770451
5.235938	2.698178
5.239271	2.629649
5.242604	2.564718
5.245937	2.503178
5.249271	2.44494
5.252604	2.38977
5.255938	2.337577
5.259271	2.288127
5.262604	2.241301
5.265937	2.196893
5.269271	2.154726
5.272604	2.114682
5.275938	2.076614
5.279271	2.040374
5.282604	2.005815
5.285937	1.972849
5.289271	1.941327
5.292604	1.911132
5.295938	1.882175
5.299271	1.85431
5.302604	1.827417
5.305937	1.801409
5.309271	1.776139
5.312604	1.751576
5.315938	1.727544
5.319271	1.704013
5.322604	1.680924
5.325937	1.658131
5.329271	1.635632
5.332604	1.613339
5.335938	1.591194
5.339271	1.569197
5.342604	1.547258
5.345938	1.525408
5.349271	1.503588
5.352604	1.481767
5.355937	1.460005
5.359271	1.438244
5.362604	1.416512
5.365938	1.394809
5.369271	1.373047
5.372604	1.351315
5.375937	1.329583
5.379271	1.30788
5.382604	1.286178
5.385938	1.264534
5.389271	1.242979
5.392604	1.221482
5.395937	1.200163
5.399271	1.178962
5.402604	1.157967
5.405938	1.137178
5.409271	1.116596
5.412604	1.09625
5.415937	1.076139
5.419271	1.056324
5.422604	1.036833
5.425938	1.017637
5.429271	0.9987648
5.432604	0.9802762
5.435937	0.9621415
5.439271	0.9444196
5.442604	0.9271106
5.445938	0.9101849
5.449271	0.893672
5.452604	0.8775424
5.455937	0.8618257
5.459271	0.8464923
5.462604	0.8315422
5.465938	0.8169165
5.469271	0.8026741
5.472604	0.7887561
5.475937	0.775192
5.479271	0.7619227
5.482604	0.7490072
5.485938	0.7364162
5.489271	0.7241789
5.492604	0.712266
5.495937	0.7006775
5.499271	0.6894429
5.502604	0.6785031
5.505938	0.6679171
5.509271	0.657626
5.512604	0.6476593
5.515937	0.6379875
5.519271	0.6285515
5.522604	0.6194104
5.525938	0.6104463
5.529271	0.6017181
5.532604	0.5931962
5.535937	0.5848513
5.539271	0.5766833
5.542604	0.5686923
5.545938	0.5608487
5.549271	0.5531819
5.552604	0.5456922
5.555937	0.5383793
5.559271	0.5312729
5.562604	0.5243139
5.565938	0.5175023
5.569271	0.5108677
5.572604	0.50441
5.575937	0.4980702
5.579271	0.4918779
5.582604	0.4858035
5.585938	0.4798175
5.589271	0.4739496
5.592604	0.4681995
5.595938	0.4625085
5.599271	0.4569059
5.602604	0.4513918
5.605937	0.4459366
5.609271	0.4405699
5.612604	0.4352917
5.615938	0.4300725
5.619271	0.4249712
5.622604	0.4199288
5.625937	0.414975
5.629271	0.410139
5.632604	0.4054211
5.635938	0.4007916
5.639271	0.3962505
5.642604	0.3918569
5.645937	0.3875812
5.649271	0.3834235
5.652604	0.3793838
5.655938	0.3754325
5.659271	0.3716286
5.662604	0.3679132
5.665937	0.3643157
5.669271	0.3608067
5.672604	0.3573567
5.675938	0.3539952
5.679271	0.3507221
5.682604	0.347449
5.685937	0.3442644
5.689271	0.3410797
5.692604	0.3379541
5.695938	0.3348579
5.699271	0.3318502
5.702604	0.328872
5.705937	0.3259527
5.709271	0.323122
5.712604	0.3203796
5.715938	0.3177258
5.719271	0.3152194
5.722604	0.3128014
5.725937	0.3105014
5.729271	0.3083488
5.732604	0.3063142
5.735938	0.3043975
5.739271	0.3026578
5.742604	0.3010065
5.745937	0.2994731
5.749271	0.2980283
5.752604	0.2967013
5.755938	0.2954334
5.759271	0.2942244
5.762604	0.2930744
5.765937	0.2919834
5.769271	0.2908923
5.772604	0.2898308
5.775938	0.2887692
5.779271	0.2877372
5.782604	0.2867346
5.785937	0.2857615
5.789271	0.2848474
5.792604	0.2839923
5.795938	0.2832256
5.799271	0.2825474
5.802604	0.2819872
5.805937	0.2814859
5.809271	0.2810731
5.812604	0.2807192
5.815938	0.2804243
5.819271	0.2801
5.822604	0.2797756
5.825937	0.2794218
5.829271	0.2790384
5.832604	0.2786256
5.835938	0.2781538
5.839271	0.2776525
5.842604	0.2771218
5.845938	0.276591
5.849271	0.2760012
5.852604	0.2754115
5.855937	0.2747923
5.859271	0.2741141
5.862604	0.2734064
5.865938	0.2726987
5.869271	0.271932
5.872604	0.2711358
5.875937	0.2703102
5.879271	0.2694551
5.882604	0.2685704
5.885938	0.2676563
5.889271	0.2666833
5.892604	0.2657102
5.895937	0.2646781
5.899271	0.2635576
5.902604	0.2624371
5.905938	0.2612281
5.909271	0.2599601
5.912604	0.2586627
5.915937	0.2573358
5.919271	0.2560088
5.922604	0.2546229
5.925938	0.2532665
5.929271	0.2519101
5.932604	0.2505242
5.935937	0.2491678
5.939271	0.2478114
5.942604	0.246455
5.945938	0.2450396
5.949271	0.2436242
5.952604	0.2421498
5.955937	0.240646
5.959271	0.2391126
5.962604	0.2375498
5.965938	0.2359575
5.969271	0.2343946
5.972604	0.2328023
5.975937	0.231269
5.979271	0.2297651
5.982604	0.2282908
5.985938	0.2268754
5.989271	0.2254895
5.992604	0.2241331
5.995937	0.2227766
5.999271	0.2214792
6.002604	0.2201523
6.005938	0.2188253
6.009271	0.2175279
6.012604	0.216201
6.015937	0.214874
6.019271	0.2136061
6.022604	0.2123381
6.025938	0.2110997
6.029271	0.2098612
6.032604	0.2086817
6.035937	0.2075612
6.039271	0.2064407
6.042604	0.2053496
6.045938	0.2042881
6.049271	0.2032855
6.052604	0.2023124
6.055937	0.2013688
6.059271	0.2004842
6.062604	0.1996291
6.065938	0.1988034
6.069271	0.1980073
6.072604	0.1972111
6.075937	0.1964445
6.079271	0.1956483
6.082604	0.1948227
6.085938	0.1939675
6.089271	0.1931124
6.092604	0.1922278
6.095938	0.1913726
6.099271	0.1905175
6.102604	0.1896919
6.105937	0.1888957
6.109271	0.188129
6.112604	0.1873624
6.115938	0.1865662
6.119271	0.1857701
6.122604	0.1849149
6.125937	0.1840303
6.129271	0.1830867
6.132604	0.1820842
6.135938	0.1810521
6.139271	0.1799906
6.142604	0.178929
6.145937	0.1778675
6.149271	0.1768059
6.152604	0.1757739
6.155938	0.1747418
6.159271	0.1737098
6.162604	0.1726777
6.165937	0.1716751
6.169271	0.1706431
6.172604	0.1696405
6.175938	0.1686379
6.179271	0.1676354
6.182604	0.1666623
6.185937	0.1656892
6.189271	0.1647456
6.192604	0.163802
6.195938	0.1628879
6.199271	0.1619738
6.202604	0.1610597
6.205937	0.1601751
6.209271	0.1593199
6.212604	0.1584648
6.215938	0.1576687
6.219271	0.1569315
6.222604	0.1561943
6.225937	0.1554866
6.229271	0.1548379
6.232604	0.1541892
6.235938	0.1535994
6.239271	0.1530097
6.242604	0.1524199
6.245937	0.1518597
6.249271	0.1512699
6.252604	0.1507097
6.255938	0.1501199
6.259271	0.1495302
6.262604	0.1489404
6.265937	0.1483212
6.269271	0.1477019
6.272604	0.1471122
6.275938	0.1465225
6.279271	0.1459327
6.282604	0.1454019
6.285937	0.1449301
6.289271	0.1444878
6.292604	0.1441045
6.295938	0.1437506
6.299271	0.1434558
6.302604	0.1431609
6.305937	0.142866
6.309271	0.1426006
6.312604	0.1423647
6.315938	0.1420994
6.319271	0.1418635
6.322604	0.1416276
6.325937	0.1413622
6.329271	0.1411263
6.332604	0.1408904
6.335938	0.1406545
6.339271	0.1403891
6.342604	0.1400942
6.345938	0.1397993
6.349271	0.1395045
6.352604	0.1392096
6.355937	0.1389737
6.359271	0.1387673
6.362604	0.1386493
6.365938	0.1386198
6.369271	0.1386788
6.372604	0.1387968
6.375937	0.1390327
6.379271	0.1392981
6.382604	0.1396224
6.385938	0.1399763
6.389271	0.1403596
6.392604	0.1407429
6.395937	0.1411558
6.399271	0.1416276
6.402604	0.1420994
6.405938	0.1426596
6.409271	0.1432494
6.412604	0.1438981
6.415937	0.1445763
6.419271	0.1453135
6.422604	0.1460507
6.425938	0.1468173
6.429271	0.1476135
6.432604	0.1484391
6.435937	0.1493237
6.439271	0.1502968
6.442604	0.1513289
6.445938	0.1524789
6.449271	0.1537468
6.452604	0.1551327
6.455937	0.1566071
6.459271	0.1581994
6.462604	0.1598507
6.465938	0.1615315
6.469271	0.1632712
6.472604	0.1650405
6.475937	0.1668097
6.479271	0.1686085
6.482604	0.1704662
6.485938	0.1723239
6.489271	0.17427
6.492604	0.1762752
6.495937	0.1783393
6.499271	0.1805213
6.502604	0.1827918
6.505938	0.1851803
6.509271	0.1876278
6.512604	0.1901342
6.515937	0.1927291
6.519271	0.1953534
6.522604	0.1980368
6.525938	0.2007496
6.529271	0.2034624
6.532604	0.2062048
6.535937	0.2089766
6.539271	0.2117484
6.542604	0.2145202
6.545938	0.217292
6.549271	0.2200933
6.552604	0.2228651
6.555937	0.2256369
6.559271	0.2284087
6.562604	0.2311805
6.565938	0.2339523
6.569271	0.2367536
6.572604	0.2395549
6.575937	0.2424152
6.579271	0.2453344
6.582604	0.2483127
6.585938	0.2513793
6.589271	0.254564
6.592604	0.2578371
6.595938	0.2611986
6.599271	0.2646781
6.602604	0.2682461
6.605937	0.271932
6.609271	0.2757359
6.612604	0.2796282
6.615938	0.2836385
6.619271	0.2877372
6.622604	0.2919539
6.625937	0.296318
6.629271	0.3008001
6.632604	0.3054001
6.635938	0.3101475
6.639271	0.3149835
6.642604	0.3199078
6.645937	0.3249207
6.649271	0.3299925
6.652604	0.3350938
6.655938	0.3402246
6.659271	0.3452964
6.662604	0.3503387
6.665937	0.3553221
6.669271	0.360217
6.672604	0.3649644
6.675938	0.369594
6.679271	0.3740466
6.682604	0.3783222
6.685937	0.382421
6.689271	0.3863428
6.692604	0.3900877
6.695938	0.3936851
6.699271	0.3971351
6.702604	0.4004672
6.705937	0.4037108
6.709271	0.4068659
6.712604	0.4099326
6.715938	0.4129403
6.719271	0.4158891
6.722604	0.4188083
6.725937	0.4216686
6.729271	0.4245288
6.732604	0.4273891
6.735938	0.4302494
6.739271	0.4331686
6.742604	0.4361174
6.745937	0.4391251
6.749271	0.4422212
6.752604	0.4453174
6.755938	0.4484431
6.759271	0.4515097
6.762604	0.454429
6.765937	0.4571713
6.769271	0.4595598
6.772604	0.4614764
6.775938	0.4628034
6.779271	0.4633341
6.782604	0.4630098
6.785937	0.4616239
6.789271	0.4590585
6.792604	0.4552841
6.795938	0.4501238
6.799271	0.4435482
6.802604	0.4354981
6.805937	0.4259147
6.809271	0.4148275
6.812604	0.4022069
6.815938	0.388053
6.819271	0.3724543
6.822604	0.35544
6.825937	0.3371284
6.829271	0.3176668
6.832604	0.2972026
6.835938	0.2759423
6.839271	0.2540627
6.842604	0.2318293
6.845938	0.2094779
6.849271	0.1872739
6.852604	0.1654533
6.855937	0.1443109
6.859271	0.1240531
6.862604	0.1049159
6.865938	0.08707603
6.869271	0.07071057
6.872604	0.05596691
6.875937	0.04290404
6.879271	0.03158091
6.882604	0.0220565
6.885938	0.01424237
6.889271	0.008197469
6.892604	0.00383335
6.895937	0.001120518
6.899271	0
6.902604	0.0004423097
6.905938	0.002388472
6.909271	0.005750022
6.912604	0.01049748
6.915937	0.01654238
6.919271	0.02376677
6.922604	0.03208219
6.925938	0.04140018
6.929271	0.05157331
6.932604	0.06248361
6.935937	0.07407212
6.939271	0.08616192
6.942604	0.09872352
6.945938	0.1116684
6.949271	0.1248788
6.952604	0.138266
6.955937	0.1518007
6.959271	0.1653943
6.962604	0.178929
6.965938	0.1923162
6.969271	0.2055266
6.972604	0.218383
6.975937	0.2308267
6.979271	0.242769
6.982604	0.2541217
6.985938	0.2647961
6.989271	0.2747038
6.992604	0.2837859
6.995937	0.2920129
6.999271	0.2993257
7.002604	0.305695
7.005938	0.3110911
7.009271	0.3155437
7.012604	0.3190232
7.015937	0.3215591
7.019271	0.3231514
7.022604	0.3238591
7.025938	0.3236527
7.029271	0.3225912
7.032604	0.3206745
7.035937	0.3179617
7.039271	0.3144527
7.042604	0.310177
7.045938	0.3052527
7.049271	0.2996796
7.052604	0.2935167
7.055937	0.2868526
7.059271	0.2797756
7.062604	0.2723448
7.065938	0.2646486
7.069271	0.256746
7.072604	0.248696
7.075937	0.2405575
7.079271	0.232419
7.082604	0.2243395
7.085938	0.2163484
7.089271	0.2085343
7.092604	0.2009265
7.095938	0.1935842
7.099271	0.1865367
7.102604	0.1798136
7.105937	0.1734444
7.109271	0.1674879
7.112604	0.1619148
7.115938	0.1567546
7.119271	0.1520366
7.122604	0.1477314
7.125937	0.1438981
7.129271	0.1404775
7.132604	0.1375288
7.135938	0.1349929
7.139271	0.1328698
7.142604	0.1311301
7.145937	0.1297442
7.149271	0.1287121
7.152604	0.127916
7.155938	0.1273852
7.159271	0.1270608
7.162604	0.1269134
7.165937	0.1269724
7.169271	0.1271788
7.172604	0.1275326
7.175938	0.1280634
7.179271	0.1287121
7.182604	0.1295083
7.185937	0.1304519
7.189271	0.1315134
7.192604	0.1326634
7.195938	0.1338134
7.199271	0.1349929
7.202604	0.1361134
7.205937	0.1371455
7.209271	0.1381186
7.212604	0.1390032
7.215938	0.1397699
7.219271	0.1404481
7.222604	0.1410968
7.225937	0.1416865
7.229271	0.1423058
7.232604	0.142925
7.235938	0.1435442
7.239271	0.144193
7.242604	0.1448712
7.245937	0.1455789
7.249271	0.1462866
7.252604	0.1469943
7.255938	0.1477314
7.259271	0.1484686
7.262604	0.1492353
7.265937	0.150002
7.269271	0.1508571
7.272604	0.1517417
7.275938	0.1527148
7.279271	0.1537468
7.282604	0.1548674
7.285937	0.1560469
7.289271	0.1573148
7.292604	0.1586417
7.295938	0.1600276
7.299271	0.1614135
7.302604	0.1628289
7.305937	0.1642443
7.309271	0.1656302
7.312604	0.1670161
7.315938	0.1683431
7.319271	0.1696405
7.322604	0.1708495
7.325937	0.1719995
7.329271	0.1730021
7.332604	0.1738867
7.335938	0.1746239
7.339271	0.1751841
7.342604	0.1755969
7.345938	0.1758328
7.349271	0.1759213
7.352604	0.1759213
7.355937	0.1758328
7.359271	0.1756854
7.362604	0.1755085
7.365938	0.1753316
7.369271	0.1751546
7.372604	0.1749777
7.375937	0.1748303
7.379271	0.1746828
7.382604	0.1745059
7.385938	0.174329
7.389271	0.1741226
7.392604	0.1739162
7.395937	0.1736803
7.399271	0.1734444
7.402604	0.1732674
7.405938	0.1730905
7.409271	0.1729726
7.412604	0.1729431
7.415937	0.1729726
7.419271	0.173061
7.422604	0.1732674
7.425938	0.1735328
7.429271	0.1738867
7.432604	0.1742995
7.435937	0.1747713
7.439271	0.1752726
7.442604	0.1758328
7.445938	0.1763931
7.449271	0.1769828
7.452604	0.1776021
7.455937	0.1781918
7.459271	0.1787521
7.462604	0.1793123
7.465938	0.1798726
7.469271	0.1803739
7.472604	0.1808752
7.475937	0.1813175
7.479271	0.1817598
7.482604	0.1821431
7.485938	0.182497
7.489271	0.1827918
7.492604	0.1830867
7.495937	0.1832931
7.499271	0.1834995
7.502604	0.1836175
7.505938	0.1837354
7.509271	0.1837649
7.512604	0.183706
7.515937	0.183588
7.519271	0.1833226
7.522604	0.1829393
7.525938	0.1824085
7.529271	0.1817008
7.532604	0.1807867
7.535937	0.1797252
7.539271	0.1784867
7.542604	0.1770713
7.545938	0.1755085
7.549271	0.1738277
7.552604	0.172029
7.555937	0.1701713
7.559271	0.1682546
7.562604	0.1663084
7.565938	0.1643328
7.569271	0.1623277
7.572604	0.1603225
7.575937	0.1583174
7.579271	0.1563122
7.582604	0.1542776
7.585938	0.152243
7.589271	0.1501789
7.592604	0.1480853
7.595938	0.1459622
7.599271	0.1438096
7.602604	0.1416865
7.605937	0.1395634
7.609271	0.1374993
7.612604	0.1354647
7.615938	0.133548
7.619271	0.1317493
7.622604	0.1300685
7.625937	0.1285057
7.629271	0.1270903
7.632604	0.1257929
7.635938	0.1246134
7.639271	0.1235518
7.642604	0.1226082
7.645937	0.1217531
7.649271	0.1209864
7.652604	0.1203377
7.655938	0.119748
7.659271	0.1192762
7.662604	0.1188928
7.665937	0.1185685
7.669271	0.1183326
7.672604	0.1181262
7.675938	0.1179787
7.679271	0.1178018
7.682604	0.1176249
7.685937	0.117448
7.689271	0.1172416
7.692604	0.1170057
7.695938	0.1167403
7.699271	0.1164749
7.702604	0.11618
7.705937	0.1158851
7.709271	0.1155608
7.712604	0.1152659
7.715938	0.114971
7.719271	0.1146762
7.722604	0.1143813
7.725937	0.1140864
7.729271	0.113821
7.732604	0.1135851
7.735938	0.1133787
7.739271	0.1132018
7.742604	0.1130249
7.745937	0.1128774
7.749271	0.11273
7.752604	0.1125826
7.755938	0.1124056
7.759271	0.1122287
7.762604	0.1119928
7.765937	0.1117864
7.769271	0.1115505
7.772604	0.1112851
7.775938	0.1110492
7.779271	0.1108133
7.782604	0.1106069
7.785937	0.110371
7.789271	0.1101056
7.792604	0.1098402
7.795938	0.1095454
7.799271	0.1092505
7.802604	0.1089261
7.805937	0.1086018
7.809271	0.1082774
7.812604	0.107953
7.815938	0.1076877
7.819271	0.1074223
7.822604	0.1071864
7.825937	0.1070095
7.829271	0.1068325
7.832604	0.1066556
7.835938	0.1065082
7.839271	0.1063312
7.842604	0.1061543
7.845938	0.1059774
7.849271	0.105771
7.852604	0.1055056
7.855937	0.1052697
7.859271	0.1049748
7.862604	0.1047094
7.865938	0.1044441
7.869271	0.1041787
7.872604	0.1039428
7.875937	0.1037659
7.879271	0.1036184
7.882604	0.1035594
7.885938	0.1035299
7.889271	0.1035299
7.892604	0.1035889
7.895937	0.1036479
7.899271	0.1037364
7.902604	0.1037953
7.905938	0.1038248
7.909271	0.1038248
7.912604	0.1037953
7.915937	0.1037364
7.919271	0.1036479
7.922604	0.1035889
7.925938	0.1035005
7.929271	0.103471
7.932604	0.103471
7.935937	0.103471
7.939271	0.1035299
7.942604	0.1035889
7.945938	0.1036774
7.949271	0.1037069
7.952604	0.1037069
7.955937	0.1036774
7.959271	0.1035889
7.962604	0.1034415
7.965938	0.1032056
7.969271	0.1029697
7.972604	0.1026453
7.975937	0.1023505
7.979271	0.1019966
7.982604	0.1016722
7.985938	0.1013774
7.989271	0.101112
7.992604	0.1008466
7.995937	0.1006402
7.999271	0.1004633
8.002604	0.1003158
8.005938	0.1001979
8.009271	0.1001094
8.012604	0.1000504
8.015938	0.100021
8.019271	0.09999147
8.022604	0.09996198
8.025937	0.0999325
8.029271	0.09990301
8.032604	0.09987352
8.035937	0.09978506
8.03927	0.0996966
8.042604	0.09960814
8.045938	0.09951967
8.049271	0.09940172
8.052604	0.09931326
8.055938	0.09925429
8.059271	0.09919531
8.062604	0.09916583
8.065937	0.09916583
8.069271	0.09913634
8.072604	0.09910685
8.075937	0.09904788
8.07927	0.0989889
8.082604	0.09890044
8.085938	0.09884147
8.089271	0.098753
8.092605	0.09869403
8.095938	0.09863505
8.099271	0.09860557
8.102604	0.09860557
8.105938	0.09863505
8.109271	0.09869403
8.112604	0.098753
8.115937	0.09884147
8.119271	0.09892993
8.122604	0.09901839
8.125937	0.09913634
8.129271	0.09925429
8.132605	0.09940172
8.135938	0.09954916
8.139271	0.0996966
8.142604	0.09987352
8.145938	0.1000504
8.149271	0.1002274
8.152604	0.1004338
8.155937	0.1006107
8.159271	0.1007876
8.162604	0.1009646
8.165937	0.1011415
8.169271	0.1012889
8.172605	0.1014363
8.175938	0.1015543
8.179271	0.1016722
8.182604	0.1017607
8.185938	0.1018197
8.189271	0.1018787
8.192604	0.1019081
8.195937	0.1019081
8.199271	0.1019081
8.202604	0.1018787
8.205937	0.1018492
8.20927	0.1018197
8.212605	0.1017607
8.215938	0.1017312
8.219271	0.1017017
8.222604	0.1016722
8.225938	0.1016722
8.229271	0.1016722
8.232604	0.1017017
8.235937	0.1017312
8.239271	0.1017902
8.242604	0.1018492
8.245937	0.1018787
8.24927	0.1019376
8.252604	0.1019671
8.255938	0.1019966
8.259271	0.1019966
8.262604	0.1019671
8.265938	0.1019376
8.269271	0.1018492
8.272604	0.1017607
8.275937	0.1016428
8.279271	0.1014658
8.282604	0.1012889
8.285937	0.1010825
8.28927	0.1008466
8.292604	0.1006402
8.295938	0.1004338
8.299271	0.1002863
8.302604	0.1001979
8.305938	0.1001684
8.309271	0.1002274
8.312604	0.1003158
8.315937	0.1004928
8.319271	0.1006697
8.322604	0.1008171
8.325937	0.1009056
8.32927	0.1009351
8.332604	0.1008761
8.335938	0.1006697
8.339271	0.1004043
8.342605	0.1000504
8.345938	0.09963762
8.349271	0.0992248
8.352604	0.09887095
8.355938	0.09854659
8.359271	0.09831069
8.362604	0.09816326
8.365937	0.0980748
8.369271	0.09804531
8.372604	0.09804531
8.375937	0.09801582
8.379271	0.09798633
8.382605	0.09792736
8.385938	0.09780941
8.389271	0.09763249
8.392604	0.09742607
8.395938	0.09719018
8.399271	0.09695428
8.402604	0.09671838
8.405937	0.09648248
8.409271	0.09627607
8.412604	0.09609915
8.415937	0.09595171
8.419271	0.09586325
8.422605	0.09577479
8.425938	0.0957453
8.429271	0.0957453
8.432604	0.0957453
8.435938	0.09577479
8.439271	0.09583376
8.442604	0.09586325
8.445937	0.09592222
8.449271	0.09595171
8.452604	0.09595171
8.455937	0.09595171
8.45927	0.09589274
8.462605	0.09580427
8.465938	0.09571581
8.469271	0.09556838
8.472604	0.09545043
8.475938	0.09530299
8.479271	0.09518504
8.482604	0.09506709
8.485937	0.09500812
8.489271	0.09497863
8.492604	0.09497863
8.495937	0.0950376
8.49927	0.09509658
8.502604	0.09518504
8.505938	0.09530299
8.509271	0.09545043
8.512604	0.09559786
8.515938	0.0957453
8.519271	0.09589274
8.522604	0.0959812
8.525937	0.09606966
8.529271	0.09612863
8.532604	0.09618761
8.535937	0.0962171
8.53927	0.09624658
8.542604	0.0962171
8.545938	0.0962171
8.549271	0.09618761
8.552604	0.09615812
8.555938	0.09615812
8.559271	0.09612863
8.562604	0.09606966
8.565937	0.09601069
8.569271	0.09595171
8.572604	0.09586325
8.575937	0.0957453
8.57927	0.09565684
8.582604	0.09553889
8.585938	0.09542094
8.589271	0.09530299
8.592605	0.09518504
8.595938	0.09506709
8.599271	0.09494914
8.602604	0.09483119
8.605938	0.09468376
8.609271	0.09450683
8.612604	0.09430042
8.615937	0.09406452
8.619271	0.09379914
8.622604	0.09353375
8.625937	0.09323888
8.629271	0.09297349
8.632605	0.09273759
8.635938	0.0925017
8.639271	0.09229528
8.642604	0.09211836
8.645938	0.09197092
8.649271	0.09185297
8.652604	0.09173503
8.655937	0.09164656
8.659271	0.09152861
8.662604	0.09141067
8.665937	0.09129272
8.669271	0.09114528
8.672605	0.09099784
8.675938	0.09079143
8.679271	0.09058502
8.682604	0.09037861
8.685938	0.09014271
8.689271	0.0899363
8.692604	0.08972989
8.695937	0.08955296
8.699271	0.08943502
8.702604	0.08931707
8.705937	0.08925809
8.70927	0.08919912
8.712605	0.08916963
8.715938	0.08916963
8.719271	0.08916963
8.722604	0.08919912
8.725938	0.08919912
8.729271	0.0892286
8.732604	0.0892286
8.735937	0.0892286
8.739271	0.08919912
8.742604	0.08916963
8.745937	0.08914014
8.74927	0.08905168
8.752604	0.08899271
8.755938	0.08887476
8.759271	0.08878629
8.762604	0.08866835
8.765938	0.0885504
8.769271	0.08843245
8.772604	0.08834398
8.775937	0.08825552
8.779271	0.08816706
8.782604	0.0880786
8.785937	0.08801962
8.78927	0.08799014
8.792604	0.08796065
8.795938	0.08796065
8.799271	0.08799014
8.802604	0.08804911
8.805938	0.08813757
8.809271	0.08819655
8.812604	0.08828501
8.815937	0.08834398
8.819271	0.08840296
8.822604	0.08846193
8.825937	0.08849142
8.82927	0.08852091
8.832604	0.08852091
8.835938	0.08852091
8.839271	0.08852091
8.842605	0.08849142
8.845938	0.08849142
8.849271	0.08846193
8.852604	0.08843245
8.855938	0.08840296
8.859271	0.08837347
8.862604	0.08837347
8.865937	0.08837347
8.869271	0.08837347
8.872604	0.08837347
8.875937	0.08840296
8.879271	0.08843245
8.882605	0.08846193
8.885938	0.08849142
8.889271	0.0885504
8.892604	0.08857988
8.895938	0.08860937
8.899271	0.08860937
8.902604	0.08860937
8.905937	0.08860937
8.909271	0.0885504
8.912604	0.08846193
8.915937	0.08834398
8.919271	0.08822604
8.922605	0.08804911
8.925938	0.08790168
8.929271	0.08775424
8.932604	0.08757731
8.935938	0.08745937
8.939271	0.08734142
8.942604	0.08725295
8.945937	0.08719398
8.949271	0.08716449
8.952604	0.08713501
8.955937	0.08713501
8.95927	0.08716449
8.962605	0.08719398
8.965938	0.08725295
8.969271	0.08728244
8.972604	0.0873709
8.975938	0.08742988
8.979271	0.08745937
8.982604	0.08748885
8.985937	0.08748885
8.989271	0.08745937
8.992604	0.08740039
8.995937	0.08731193
8.99927	0.08722347
9.002604	0.08713501
9.005938	0.08704654
9.009271	0.08695808
9.012604	0.08689911
9.015938	0.08686962
9.019271	0.08684013
9.022604	0.08684013
9.025937	0.08681064
9.029271	0.08678116
9.032604	0.08672218
9.035937	0.0866927
9.03927	0.08663372
9.042604	0.08657475
9.045938	0.08654526
9.049271	0.08648628
9.052604	0.0864568
9.055938	0.08642731
9.059271	0.08636834
9.062604	0.08630936
9.065937	0.08619141
9.069271	0.08607346
9.072604	0.08589654
9.075937	0.08571961
9.07927	0.08554269
9.082604	0.08539525
9.085938	0.0852773
9.089271	0.08521833
9.092605	0.08521833
9.095938	0.08530679
9.099271	0.08542474
9.102604	0.08560166
9.105938	0.08577859
9.109271	0.085985
9.112604	0.08616192
9.115937	0.08627987
9.119271	0.08636834
9.122604	0.08636834
9.125937	0.08627987
9.129271	0.08616192
9.132605	0.08595551
9.135938	0.08571961
9.139271	0.08548372
9.142604	0.0852773
9.145938	0.08510038
9.149271	0.08498243
9.152604	0.08495294
9.155937	0.08498243
9.159271	0.08510038
9.162604	0.08524782
9.165937	0.08539525
9.169271	0.08554269
9.172605	0.08563115
9.175938	0.08571961
9.179271	0.08571961
9.182604	0.08569013
9.185938	0.08563115
9.189271	0.08554269
9.192604	0.08545423
9.195937	0.08539525
9.199271	0.08536577
9.202604	0.08533628
9.205937	0.08533628
9.20927	0.08536577
9.212605	0.08536577
9.215938	0.08536577
9.219271	0.08533628
9.222604	0.08524782
9.225938	0.08518884
9.229271	0.08507089
9.232604	0.08498243
9.235937	0.08489397
9.239271	0.08480551
9.242604	0.08474653
9.245937	0.08471704
9.24927	0.08468756
9.252604	0.08465807
9.255938	0.08462858
9.259271	0.08459909
9.262604	0.08454012
9.265938	0.08448115
9.269271	0.08442217
9.272604	0.08433371
9.275937	0.08427473
9.279271	0.08421576
9.282604	0.08418627
9.285937	0.08415678
9.28927	0.0841273
9.292604	0.0841273
9.295938	0.08415678
9.299271	0.08418627
9.302604	0.08424525
9.305938	0.08433371
9.309271	0.08445166
9.312604	0.08459909
9.315937	0.08471704
9.319271	0.08486448
9.322604	0.08498243
9.325937	0.08507089
9.32927	0.08512987
9.332604	0.08507089
9.335938	0.08498243
9.339271	0.08480551
9.342605	0.08459909
9.345938	0.0843632
9.349271	0.08415678
9.352604	0.08397986
9.355938	0.08386191
9.359271	0.08377345
9.362604	0.08377345
9.365937	0.08383242
9.369271	0.08395037
9.372604	0.08406832
9.375937	0.08418627
9.379271	0.08427473
9.382605	0.0843632
9.385938	0.08442217
9.389271	0.08448115
9.392604	0.08451063
9.395938	0.08454012
9.399271	0.08456961
9.402604	0.08454012
9.405937	0.08454012
9.409271	0.08448115
9.412604	0.08439268
9.415937	0.08424525
9.419271	0.08406832
9.422605	0.08386191
9.425938	0.0836555
9.429271	0.0834196
9.432604	0.0831837
9.435938	0.08300678
9.439271	0.08282986
9.442604	0.08274139
9.445937	0.08265293
9.449271	0.08265293
9.452604	0.08268242
9.455937	0.08280037
9.45927	0.08291832
9.462605	0.08306575
9.465938	0.08324268
9.469271	0.08339011
9.472604	0.08353755
9.475938	0.08362601
9.479271	0.0836555
9.482604	0.08362601
9.485937	0.08353755
9.489271	0.08336063
9.492604	0.08315422
9.495937	0.08291832
9.49927	0.08271191
9.502604	0.0825055
9.505938	0.08235806
9.509271	0.08224011
9.512604	0.08221062
9.515938	0.08224011
9.519271	0.08229908
9.522604	0.08235806
9.525937	0.08244652
9.529271	0.08256447
9.532604	0.08262344
9.535937	0.08271191
9.53927	0.08274139
9.542604	0.08277088
9.545938	0.08277088
9.549271	0.08277088
9.552604	0.08274139
9.555938	0.08268242
9.559271	0.08259396
9.562604	0.0825055
9.565937	0.08241703
9.569271	0.08229908
9.572604	0.08218114
9.575937	0.08209267
9.57927	0.08200421
9.582604	0.08194524
9.585938	0.08188626
9.589271	0.08188626
9.592605	0.08188626
9.595938	0.08188626
9.599271	0.08185677
9.602604	0.08185677
9.605938	0.08185677
9.609271	0.08182729
9.612604	0.08182729
9.615937	0.08182729
9.619271	0.08182729
9.622604	0.08182729
9.625937	0.08182729
9.629271	0.0817978
9.632605	0.0817978
9.635938	0.08173883
9.639271	0.08167985
9.642604	0.08159139
9.645938	0.08147344
9.649271	0.081326
9.652604	0.08120805
9.655937	0.08106062
9.659271	0.08097216
9.662604	0.08088369
9.665937	0.08079523
9.669271	0.08070677
9.672605	0.0806478
9.675938	0.08058882
9.679271	0.08050036
9.682604	0.08044138
9.685938	0.0804119
9.689271	0.08035292
9.692604	0.08032344
9.695937	0.08032344
9.699271	0.08032344
9.702604	0.08032344
9.705937	0.08029395
9.70927	0.08026446
9.712605	0.080176
9.715938	0.08008754
9.719271	0.07996959
9.722604	0.07985164
9.725938	0.0797042
9.729271	0.07961574
9.732604	0.07952728
9.735937	0.0794683
9.739271	0.07943882
9.742604	0.07943882
9.745937	0.07943882
9.74927	0.07940933
9.752604	0.07937984
9.755938	0.07932087
9.759271	0.0792324
9.762604	0.07911446
9.765938	0.07899651
9.769271	0.07884907
9.772604	0.07873112
9.775937	0.07858368
9.779271	0.07846573
9.782604	0.07837727
9.785937	0.0783183
9.78927	0.0783183
9.792604	0.07834779
9.795938	0.07840676
9.799271	0.07849522
9.802604	0.07858368
9.805938	0.07870163
9.809271	0.07881958
9.812604	0.07890804
9.815937	0.07896702
9.819271	0.07902599
9.822604	0.07899651
9.825937	0.07893753
9.82927	0.07884907
9.832604	0.07870163
9.835938	0.0785542
9.839271	0.07837727
9.842605	0.07817086
9.845938	0.07802343
9.849271	0.07787599
9.852604	0.07778753
9.855938	0.07775804
9.859271	0.07781701
9.862604	0.07790548
9.865937	0.07805291
9.869271	0.07820035
9.872604	0.07837727
9.875937	0.07852471
9.879271	0.07861317
9.882605	0.07867215
9.885938	0.07864266
9.889271	0.07858368
9.892604	0.07843625
9.895938	0.07825932
9.899271	0.0780824
9.902604	0.07787599
9.905937	0.07769906
9.909271	0.07758112
9.912604	0.07749265
9.915937	0.07746317
9.919271	0.07746317
9.922605	0.07752214
9.925938	0.07764009
9.929271	0.07775804
9.932604	0.07790548
9.935938	0.07802343
9.939271	0.07814137
9.942604	0.07820035
9.945937	0.07825932
9.949271	0.07828881
9.952604	0.07828881
9.955937	0.07825932
9.95927	0.07820035
9.962605	0.07814137
9.965938	0.07805291
9.969271	0.07796445
9.972604	0.0778465
9.975938	0.07775804
9.979271	0.07764009
9.982604	0.07752214
9.985937	0.07743368
9.989271	0.07734522
9.992604	0.07725676
9.995937	0.07716829
9.99927	0.07713881
}
[PEAK]
{
Peak ID	1
Peak Ref	1
Time	2.973064
Peak	2.715938	3.152604
Intensity	5.364418e-07	0.0001471043
Height	5.348205e-05
AreaAbs	12.12162
Area %BP	0.0005346088
Area %Total	0.0004416579
Width	0.4366665
}
[PEAK]
{
Peak ID	2
Peak Ref	2
Time	3.286287
Peak	3.152604	3.332604
Intensity	5.364418e-07	0.0001471043
Height	4.320345e-05
AreaAbs	6.014907
Area %BP	0.0002652799
Area %Total	0.0002191565
Width	0.1800001
}
[PEAK]
{
Peak ID	3
Peak Ref	3
Time	3.943625
Peak	3.332604	4.082604
Intensity	5.364418e-07	0.0001471043
Height	0.005641777
AreaAbs	1415.667
Area %BP	0.06243622
Area %Total	0.05158061
Width	0.7499998
}
[PEAK]
{
Peak ID	4
Peak Ref	4
Time	4.271536
Peak	4.082604	4.599271
Intensity	5.364418e-07	0.0001471043
Height	0.03165743
AreaAbs	6440.367
Area %BP	0.2840443
Area %Total	0.2346583
Width	0.5166669
}
[PEAK]
{
Peak ID	5
Peak Ref	5
Time	4.935544
Peak	4.599271	5.799271
Intensity	5.364418e-07	0.0001471043
Height	0.201917
AreaAbs	37789.68
Area %BP	1.666667
Area %Total	1.376888
Width	1.2
}
[PEAK]
{
Peak ID	6
Peak Ref	6
Time	5.887323
Peak	5.799271	6.365938
Intensity	5.364418e-07	0.0001471043
Height	0.0002792494
AreaAbs	79.01325
Area %BP	0.00348478
Area %Total	0.002878891
Width	0.5666671
}
}
}
}
